====== tleap.out =====================================================
-I: Adding /home/case/amber24/dat/leap/prep to search path.
-I: Adding /home/case/amber24/dat/leap/lib to search path.
-I: Adding /home/case/amber24/dat/leap/parm to search path.
-I: Adding /home/case/amber24/dat/leap/cmd to search path.
-f: Source leap.in.

Welcome to LEaP!
(no leaprc in search path)
Sourcing: ./leap.in
Using Bondi radii
----- Source: /home/case/amber24/dat/leap/cmd/leaprc.gaff2
----- Source of /home/case/amber24/dat/leap/cmd/leaprc.gaff2 done
Log file: ./leap.log
Loading parameters: /home/case/amber24/dat/leap/parm/gaff2.dat
Reading title:
AMBER General Force Field for organic molecules (Version 2.2.20, March 2021)
Loading parameters: ./M5E.frcmod
Reading force field modification type file (frcmod)
Reading title:
Remark line goes here
Loading Mol2 file: ./M5E.mol2
Reading MOLECULE named M5E
Checking Unit.
Building topology.
"order_residues" off: keep input residue order.
Building atom parameters.
Building bond parameters.
Building angle parameters.
Building proper torsion parameters.
Building improper torsion parameters.
 total 6 improper torsions applied
Building H-Bond parameters.
Incorporating Non-Bonded adjustments.
Not Marking per-residue atom chain types.
Marking per-residue atom chain types.
  (Residues lacking connect0/connect1 - 
   these don't have chain types marked:

	res	total affected

	M5E	1
  )
 (no restraints)
	Quit

Exiting LEaP: Errors = 0; Warnings = 0; Notes = 0.
====== min.o =========================================================
Reading parm file (M5E.parm7)
title:
M5E                                                                             
no velocities were found
no velocities were found
	mm_options:  ntpr=5
	mm_options:  gb=1
	mm_options:  kappa=0.10395
	mm_options:  rgbmax=99.
	mm_options:  cut=99.0
	mm_options:  wcons=0.
     bond:      0.505132560
    angle:      3.020655634
 dihedral:      8.112702470
    enb14:      4.980664522
    eel14:     65.745558448
      enb:     -1.332006553
      eel:    -45.934895672
      egb:    -10.853864610
    econs:      0.000000000
    esurf:      0.000000000
    Total:     24.243946798
     frms:      5.941372658
Starting TNCG minimisation
 MIN: Iter =    0  NFunc =     1  E =      24.24395  RMSG = 5.9413727e+00
 MIN: Iter =    1  NFunc =     7  E =      20.66274  RMSG = 2.1054701e+00
 MIN: Iter =    2  NFunc =    18  E =      19.41348  RMSG = 1.2362186e+00
 MIN: Iter =    3  NFunc =    24  E =      19.12565  RMSG = 6.9524044e-01
 MIN: Iter =    4  NFunc =    63  E =      18.69358  RMSG = 1.4983077e+00
 MIN: Iter =    5  NFunc =    70  E =      18.46311  RMSG = 5.6568275e-01
 MIN: Iter =    6  NFunc =    87  E =      18.25150  RMSG = 1.5271811e+00
 MIN: Iter =    7  NFunc =    93  E =      18.05615  RMSG = 4.3520709e-01
 MIN: Iter =    8  NFunc =   111  E =      17.94207  RMSG = 1.2384677e+00
 MIN: Iter =    9  NFunc =   117  E =      17.82036  RMSG = 3.7762397e-01
 MIN: Iter =   10  NFunc =   159  E =      17.64159  RMSG = 9.1397898e-01
 MIN: Iter =   11  NFunc =   165  E =      17.52588  RMSG = 3.5269666e-01
 MIN: Iter =   12  NFunc =   216  E =      17.33945  RMSG = 7.4533920e-01
 MIN: Iter =   13  NFunc =   222  E =      17.18000  RMSG = 7.7222362e-01
 MIN: Iter =   14  NFunc =   228  E =      17.03016  RMSG = 4.4689067e-01
 MIN: Iter =   15  NFunc =   234  E =      16.97403  RMSG = 2.6772351e-01
 MIN: Iter =   16  NFunc =   244  E =      16.92616  RMSG = 2.9953366e-01
 MIN: Iter =   17  NFunc =   267  E =      16.86214  RMSG = 3.1520322e-01
 MIN: Iter =   18  NFunc =   278  E =      16.84366  RMSG = 1.0799850e-01
 MIN: Iter =   19  NFunc =   311  E =      16.81823  RMSG = 1.5424314e-01
 MIN: Iter =   20  NFunc =   326  E =      16.79956  RMSG = 3.0053901e-01
 MIN: Iter =   21  NFunc =   332  E =      16.79133  RMSG = 8.7452337e-02
 MIN: Iter =   22  NFunc =   344  E =      16.78675  RMSG = 6.7733385e-02
 MIN: Iter =   23  NFunc =   356  E =      16.78488  RMSG = 3.2958763e-02
 MIN: Iter =   24  NFunc =   380  E =      16.78233  RMSG = 4.6865736e-02
 MIN: Iter =   25  NFunc =   399  E =      16.78155  RMSG = 1.7057012e-02
 MIN: Iter =   26  NFunc =   411  E =      16.78141  RMSG = 1.0299238e-02
 MIN: Iter =   27  NFunc =   433  E =      16.78135  RMSG = 3.6881614e-03
 MIN: Iter =   28  NFunc =   464  E =      16.78131  RMSG = 3.6278698e-03
 MIN: Iter =   29  NFunc =   476  E =      16.78130  RMSG = 1.6543183e-03
 MIN: Iter =   30  NFunc =   493  E =      16.78130  RMSG = 1.0186356e-03
 MIN: Iter =   31  NFunc =   501  E =      16.78130  RMSG = 5.6901915e-04
 MIN: Iter =   32  NFunc =   520  E =      16.78130  RMSG = 5.5187960e-04
 MIN: Iter =   33  NFunc =   545  E =      16.78130  RMSG = 4.0972603e-04
----------------------------------------------------------------
 END:          :-)  E =      16.78130  RMSG =   0.0004097

     bond:      0.762870662
    angle:      2.437447934
 dihedral:      6.788939648
    enb14:      4.113265093
    eel14:     66.715201632
      enb:     -1.457910666
      eel:    -53.723250534
      egb:     -8.855264721
    econs:      0.000000000
    esurf:      0.000000000
    Total:     16.781299049
     frms:      0.000409726
====== rms.dat  ======================================================
#Frame      all_heavy
       1       0.6664
