====== tleap.out =====================================================
-I: Adding /home/case/amber24/dat/leap/prep to search path.
-I: Adding /home/case/amber24/dat/leap/lib to search path.
-I: Adding /home/case/amber24/dat/leap/parm to search path.
-I: Adding /home/case/amber24/dat/leap/cmd to search path.
-f: Source leap.in.

Welcome to LEaP!
(no leaprc in search path)
Sourcing: ./leap.in
Using Bondi radii
----- Source: /home/case/amber24/dat/leap/cmd/leaprc.gaff2
----- Source of /home/case/amber24/dat/leap/cmd/leaprc.gaff2 done
Log file: ./leap.log
Loading parameters: /home/case/amber24/dat/leap/parm/gaff2.dat
Reading title:
AMBER General Force Field for organic molecules (Version 2.2.20, March 2021)
Loading parameters: ./M7R.frcmod
Reading force field modification type file (frcmod)
Reading title:
Remark line goes here
Loading Mol2 file: ./M7R.mol2
Reading MOLECULE named M7R
Checking Unit.

/home/case/amber24/bin/teLeap: Warning!
The unperturbed charge of the unit (-1.000000) is not zero.

/home/case/amber24/bin/teLeap: Note.
Ignoring the warning from Unit Checking.

Building topology.
"order_residues" off: keep input residue order.
Building atom parameters.
Building bond parameters.
Building angle parameters.
Building proper torsion parameters.
Building improper torsion parameters.
 total 21 improper torsions applied
Building H-Bond parameters.
Incorporating Non-Bonded adjustments.
Not Marking per-residue atom chain types.
Marking per-residue atom chain types.
  (Residues lacking connect0/connect1 - 
   these don't have chain types marked:

	res	total affected

	M7R	1
  )
 (no restraints)
	Quit

Exiting LEaP: Errors = 0; Warnings = 1; Notes = 1.
====== min.o =========================================================
Reading parm file (M7R.parm7)
title:
M7R                                                                             
no velocities were found
no velocities were found
	mm_options:  ntpr=5
	mm_options:  gb=1
	mm_options:  kappa=0.10395
	mm_options:  rgbmax=99.
	mm_options:  cut=99.0
	mm_options:  wcons=0.
     bond:      2.822199323
    angle:      6.781633295
 dihedral:     31.497574703
    enb14:     28.694376854
    eel14:    -38.530988640
      enb:     -8.920403594
      eel:    -15.358752558
      egb:    -81.464441620
    econs:      0.000000000
    esurf:      0.000000000
    Total:    -74.478802238
     frms:      6.362650766
Starting TNCG minimisation
 MIN: Iter =    0  NFunc =     1  E =     -74.47880  RMSG = 6.3626508e+00
 MIN: Iter =    1  NFunc =     7  E =     -82.75232  RMSG = 1.5793911e+00
 MIN: Iter =    2  NFunc =    19  E =     -85.63344  RMSG = 7.0915384e-01
 MIN: Iter =    3  NFunc =    43  E =     -86.53390  RMSG = 7.1155633e-01
 MIN: Iter =    4  NFunc =    55  E =     -87.05951  RMSG = 7.1251800e-01
 MIN: Iter =    5  NFunc =    61  E =     -87.24252  RMSG = 3.1349749e-01
 MIN: Iter =    6  NFunc =   106  E =     -87.72810  RMSG = 5.2059656e-01
 MIN: Iter =    7  NFunc =   130  E =     -88.03934  RMSG = 3.7329247e-01
 MIN: Iter =    8  NFunc =   143  E =     -88.18631  RMSG = 2.4587731e-01
 MIN: Iter =    9  NFunc =   159  E =     -88.28178  RMSG = 2.9503086e-01
 MIN: Iter =   10  NFunc =   191  E =     -88.40143  RMSG = 3.5199940e-01
 MIN: Iter =   11  NFunc =   207  E =     -88.45707  RMSG = 1.1179982e-01
 MIN: Iter =   12  NFunc =   258  E =     -88.54583  RMSG = 2.5953460e-01
 MIN: Iter =   13  NFunc =   265  E =     -88.57136  RMSG = 1.0073786e-01
 MIN: Iter =   14  NFunc =   316  E =     -88.63567  RMSG = 1.7462685e-01
 MIN: Iter =   15  NFunc =   325  E =     -88.65456  RMSG = 8.3409659e-02
 MIN: Iter =   16  NFunc =   346  E =     -88.68275  RMSG = 1.4385339e-01
 MIN: Iter =   17  NFunc =   353  E =     -88.68949  RMSG = 5.2613114e-02
 MIN: Iter =   18  NFunc =   387  E =     -88.70082  RMSG = 6.4621517e-02
 MIN: Iter =   19  NFunc =   438  E =     -88.71318  RMSG = 1.0686762e-01
 MIN: Iter =   20  NFunc =   444  E =     -88.71624  RMSG = 3.6291934e-02
 MIN: Iter =   21  NFunc =   496  E =     -88.72487  RMSG = 4.2565394e-02
 MIN: Iter =   22  NFunc =   522  E =     -88.73161  RMSG = 1.0075782e-01
 MIN: Iter =   23  NFunc =   528  E =     -88.73487  RMSG = 2.9822116e-02
 MIN: Iter =   24  NFunc =   553  E =     -88.73718  RMSG = 7.4481190e-02
 MIN: Iter =   25  NFunc =   559  E =     -88.73885  RMSG = 2.5071549e-02
 MIN: Iter =   26  NFunc =   610  E =     -88.74232  RMSG = 2.6010664e-02
 MIN: Iter =   27  NFunc =   661  E =     -88.74671  RMSG = 3.2657238e-02
 MIN: Iter =   28  NFunc =   674  E =     -88.74789  RMSG = 1.6266192e-02
 MIN: Iter =   29  NFunc =   704  E =     -88.74925  RMSG = 1.5151992e-02
 MIN: Iter =   30  NFunc =   737  E =     -88.75075  RMSG = 1.6993476e-02
 MIN: Iter =   31  NFunc =   788  E =     -88.75185  RMSG = 1.5174129e-02
 MIN: Iter =   32  NFunc =   824  E =     -88.75265  RMSG = 1.0140985e-02
 MIN: Iter =   33  NFunc =   875  E =     -88.75310  RMSG = 6.4236572e-03
 MIN: Iter =   34  NFunc =   926  E =     -88.75340  RMSG = 6.2767397e-03
 MIN: Iter =   35  NFunc =   977  E =     -88.75392  RMSG = 7.8312744e-03
 MIN: Iter =   36  NFunc =  1006  E =     -88.75426  RMSG = 6.6020603e-03
 MIN: Iter =   37  NFunc =  1016  E =     -88.75430  RMSG = 3.5108714e-03
 MIN: Iter =   38  NFunc =  1067  E =     -88.75450  RMSG = 4.8748777e-03
 MIN: Iter =   39  NFunc =  1118  E =     -88.75490  RMSG = 8.2348274e-03
 MIN: Iter =   40  NFunc =  1149  E =     -88.75513  RMSG = 4.3356483e-03
 MIN: Iter =   41  NFunc =  1181  E =     -88.75522  RMSG = 3.1231361e-03
 MIN: Iter =   42  NFunc =  1232  E =     -88.75530  RMSG = 2.8635689e-03
 MIN: Iter =   43  NFunc =  1283  E =     -88.75549  RMSG = 4.6498064e-03
 MIN: Iter =   44  NFunc =  1296  E =     -88.75551  RMSG = 2.3607493e-03
 MIN: Iter =   45  NFunc =  1347  E =     -88.75561  RMSG = 4.4362274e-03
 MIN: Iter =   46  NFunc =  1398  E =     -88.75590  RMSG = 9.6101030e-03
 MIN: Iter =   47  NFunc =  1449  E =     -88.75639  RMSG = 1.9934322e-02
 MIN: Iter =   48  NFunc =  1477  E =     -88.75691  RMSG = 9.9315915e-03
 MIN: Iter =   49  NFunc =  1516  E =     -88.75721  RMSG = 9.2952848e-03
 MIN: Iter =   50  NFunc =  1545  E =     -88.75740  RMSG = 5.4726391e-03
 MIN: Iter =   51  NFunc =  1596  E =     -88.75769  RMSG = 2.0894028e-02
 MIN: Iter =   52  NFunc =  1628  E =     -88.75842  RMSG = 2.6092782e-02
 MIN: Iter =   53  NFunc =  1635  E =     -88.75867  RMSG = 9.0925631e-03
 MIN: Iter =   54  NFunc =  1655  E =     -88.75899  RMSG = 1.2602230e-02
 MIN: Iter =   55  NFunc =  1706  E =     -88.75948  RMSG = 3.7994797e-02
 MIN: Iter =   56  NFunc =  1712  E =     -88.75986  RMSG = 1.2324500e-02
 MIN: Iter =   57  NFunc =  1754  E =     -88.76033  RMSG = 1.6249645e-02
 MIN: Iter =   58  NFunc =  1761  E =     -88.76050  RMSG = 9.0491089e-03
 MIN: Iter =   59  NFunc =  1802  E =     -88.76082  RMSG = 1.1391410e-02
 MIN: Iter =   60  NFunc =  1824  E =     -88.76107  RMSG = 1.6785979e-02
 MIN: Iter =   61  NFunc =  1830  E =     -88.76116  RMSG = 6.3159935e-03
 MIN: Iter =   62  NFunc =  1857  E =     -88.76127  RMSG = 5.3163536e-03
 MIN: Iter =   63  NFunc =  1873  E =     -88.76137  RMSG = 1.1057662e-02
 MIN: Iter =   64  NFunc =  1882  E =     -88.76142  RMSG = 3.4640334e-03
 MIN: Iter =   65  NFunc =  1933  E =     -88.76156  RMSG = 4.0418311e-03
 MIN: Iter =   66  NFunc =  1946  E =     -88.76160  RMSG = 2.9200887e-03
 MIN: Iter =   67  NFunc =  1956  E =     -88.76161  RMSG = 1.9431414e-03
 MIN: Iter =   68  NFunc =  2007  E =     -88.76175  RMSG = 5.9013422e-03
 MIN: Iter =   69  NFunc =  2052  E =     -88.76195  RMSG = 7.8300788e-03
 MIN: Iter =   70  NFunc =  2058  E =     -88.76197  RMSG = 2.8864762e-03
 MIN: Iter =   71  NFunc =  2088  E =     -88.76201  RMSG = 2.5535538e-03
 MIN: Iter =   72  NFunc =  2115  E =     -88.76208  RMSG = 3.3221752e-03
 MIN: Iter =   73  NFunc =  2166  E =     -88.76215  RMSG = 3.2297733e-03
 MIN: Iter =   74  NFunc =  2182  E =     -88.76217  RMSG = 1.9899904e-03
 MIN: Iter =   75  NFunc =  2215  E =     -88.76219  RMSG = 1.2799585e-03
 MIN: Iter =   76  NFunc =  2266  E =     -88.76220  RMSG = 1.2112178e-03
 MIN: Iter =   77  NFunc =  2275  E =     -88.76220  RMSG = 6.7749047e-04
 MIN: Iter =   78  NFunc =  2315  E =     -88.76221  RMSG = 6.4524581e-04
 MIN: Iter =   79  NFunc =  2366  E =     -88.76222  RMSG = 8.2998491e-04
 MIN: Iter =   80  NFunc =  2417  E =     -88.76223  RMSG = 1.2716546e-03
 MIN: Iter =   81  NFunc =  2468  E =     -88.76225  RMSG = 2.6566955e-03
 MIN: Iter =   82  NFunc =  2496  E =     -88.76227  RMSG = 1.3947205e-03
 MIN: Iter =   83  NFunc =  2528  E =     -88.76228  RMSG = 1.4033731e-03
 MIN: Iter =   84  NFunc =  2538  E =     -88.76229  RMSG = 8.9466378e-04
 MIN: Iter =   85  NFunc =  2589  E =     -88.76229  RMSG = 1.5083132e-03
 MIN: Iter =   86  NFunc =  2611  E =     -88.76230  RMSG = 8.9468055e-04
 MIN: Iter =   87  NFunc =  2662  E =     -88.76232  RMSG = 2.0581061e-03
 MIN: Iter =   88  NFunc =  2701  E =     -88.76236  RMSG = 2.9268024e-03
 MIN: Iter =   89  NFunc =  2752  E =     -88.76238  RMSG = 1.6874123e-03
 MIN: Iter =   90  NFunc =  2773  E =     -88.76239  RMSG = 1.0869219e-03
 MIN: Iter =   91  NFunc =  2824  E =     -88.76240  RMSG = 7.8461593e-04
 MIN: Iter =   92  NFunc =  2875  E =     -88.76241  RMSG = 1.0868632e-03
 MIN: Iter =   93  NFunc =  2890  E =     -88.76241  RMSG = 5.4450300e-04
 MIN: Iter =   94  NFunc =  2941  E =     -88.76241  RMSG = 5.2306683e-04
 MIN: Iter =   95  NFunc =  2992  E =     -88.76242  RMSG = 7.7615216e-04
 MIN: Iter =   96  NFunc =  3024  E =     -88.76242  RMSG = 7.0383280e-04
 MIN: Iter =   97  NFunc =  3042  E =     -88.76243  RMSG = 6.0655621e-04
 MIN: Iter =   98  NFunc =  3093  E =     -88.76243  RMSG = 4.2432133e-04
----------------------------------------------------------------
 END:          :-)  E =     -88.76243  RMSG =   0.0004243

     bond:      2.861488286
    angle:      6.382982420
 dihedral:     26.413061019
    enb14:     21.351491755
    eel14:    -38.029588724
      enb:     -9.366124265
      eel:    -13.628346808
      egb:    -84.747390345
    econs:      0.000000000
    esurf:      0.000000000
    Total:    -88.762426661
     frms:      0.000424321
====== rms.dat  ======================================================
#Frame      all_heavy
       1       0.6184
