====== tleap.out =====================================================
-I: Adding /home/case/amber24/dat/leap/prep to search path.
-I: Adding /home/case/amber24/dat/leap/lib to search path.
-I: Adding /home/case/amber24/dat/leap/parm to search path.
-I: Adding /home/case/amber24/dat/leap/cmd to search path.
-f: Source leap.in.

Welcome to LEaP!
(no leaprc in search path)
Sourcing: ./leap.in
Using Bondi radii
----- Source: /home/case/amber24/dat/leap/cmd/leaprc.gaff2
----- Source of /home/case/amber24/dat/leap/cmd/leaprc.gaff2 done
Log file: ./leap.log
Loading parameters: /home/case/amber24/dat/leap/parm/gaff2.dat
Reading title:
AMBER General Force Field for organic molecules (Version 2.2.20, March 2021)
Loading parameters: ./M92.frcmod
Reading force field modification type file (frcmod)
Reading title:
Remark line goes here
Loading Mol2 file: ./M92.mol2
Reading MOLECULE named M92
Checking Unit.
Building topology.
"order_residues" off: keep input residue order.
Building atom parameters.
Building bond parameters.
Building angle parameters.
Building proper torsion parameters.
Building improper torsion parameters.
 total 13 improper torsions applied
Building H-Bond parameters.
Incorporating Non-Bonded adjustments.
Not Marking per-residue atom chain types.
Marking per-residue atom chain types.
  (Residues lacking connect0/connect1 - 
   these don't have chain types marked:

	res	total affected

	M92	1
  )
 (no restraints)
	Quit

Exiting LEaP: Errors = 0; Warnings = 0; Notes = 0.
====== min.o =========================================================
Reading parm file (M92.parm7)
title:
M92                                                                             
no velocities were found
no velocities were found
	mm_options:  ntpr=5
	mm_options:  gb=1
	mm_options:  kappa=0.10395
	mm_options:  rgbmax=99.
	mm_options:  cut=99.0
	mm_options:  wcons=0.
     bond:      3.585109337
    angle:      6.577408129
 dihedral:     11.014215850
    enb14:     22.292951683
    eel14:   -510.038908242
      enb:      1.867375318
      eel:    230.561722161
      egb:    -23.788709730
    econs:      0.000000000
    esurf:      0.000000000
    Total:   -257.928835493
     frms:      9.899377983
Starting TNCG minimisation
 MIN: Iter =    0  NFunc =     1  E =    -257.92884  RMSG = 9.8993780e+00
 MIN: Iter =    1  NFunc =     7  E =    -269.22156  RMSG = 2.5816721e+00
 MIN: Iter =    2  NFunc =    15  E =    -271.70843  RMSG = 1.1056565e+00
 MIN: Iter =    3  NFunc =    24  E =    -272.25812  RMSG = 5.3799702e-01
 MIN: Iter =    4  NFunc =    46  E =    -272.78443  RMSG = 7.3295901e-01
 MIN: Iter =    5  NFunc =    96  E =    -273.07486  RMSG = 6.2627950e-01
 MIN: Iter =    6  NFunc =   112  E =    -273.28737  RMSG = 3.8336527e-01
 MIN: Iter =    7  NFunc =   123  E =    -273.44168  RMSG = 4.9014369e-01
 MIN: Iter =    8  NFunc =   129  E =    -273.55235  RMSG = 2.9001329e-01
 MIN: Iter =    9  NFunc =   135  E =    -273.60172  RMSG = 3.0183533e-01
 MIN: Iter =   10  NFunc =   143  E =    -273.66144  RMSG = 1.9448968e-01
 MIN: Iter =   11  NFunc =   159  E =    -273.72323  RMSG = 6.0380926e-01
 MIN: Iter =   12  NFunc =   165  E =    -273.77475  RMSG = 1.8232339e-01
 MIN: Iter =   13  NFunc =   216  E =    -273.87175  RMSG = 5.5654744e-01
 MIN: Iter =   14  NFunc =   223  E =    -273.97084  RMSG = 2.7349504e-01
 MIN: Iter =   15  NFunc =   246  E =    -274.07409  RMSG = 5.1199438e-01
 MIN: Iter =   16  NFunc =   253  E =    -274.12994  RMSG = 1.8065107e-01
 MIN: Iter =   17  NFunc =   274  E =    -274.18554  RMSG = 4.1659112e-01
 MIN: Iter =   18  NFunc =   280  E =    -274.21242  RMSG = 1.2293571e-01
 MIN: Iter =   19  NFunc =   331  E =    -274.26457  RMSG = 4.0822624e-01
 MIN: Iter =   20  NFunc =   337  E =    -274.29234  RMSG = 1.3156368e-01
 MIN: Iter =   21  NFunc =   375  E =    -274.31503  RMSG = 2.3710152e-01
 MIN: Iter =   22  NFunc =   381  E =    -274.32337  RMSG = 6.5543257e-02
 MIN: Iter =   23  NFunc =   404  E =    -274.32972  RMSG = 3.6416189e-02
 MIN: Iter =   24  NFunc =   455  E =    -274.34146  RMSG = 1.6778722e-01
 MIN: Iter =   25  NFunc =   461  E =    -274.34682  RMSG = 6.8992582e-02
 MIN: Iter =   26  NFunc =   483  E =    -274.35071  RMSG = 2.6794085e-02
 MIN: Iter =   27  NFunc =   494  E =    -274.35143  RMSG = 1.7698956e-02
 MIN: Iter =   28  NFunc =   545  E =    -274.35765  RMSG = 4.7935589e-02
 MIN: Iter =   29  NFunc =   575  E =    -274.36066  RMSG = 2.6472577e-02
 MIN: Iter =   30  NFunc =   599  E =    -274.36225  RMSG = 1.6382322e-02
 MIN: Iter =   31  NFunc =   621  E =    -274.36312  RMSG = 1.3120766e-02
 MIN: Iter =   32  NFunc =   642  E =    -274.36384  RMSG = 1.1318809e-02
 MIN: Iter =   33  NFunc =   670  E =    -274.36453  RMSG = 9.8418739e-03
 MIN: Iter =   34  NFunc =   700  E =    -274.36472  RMSG = 4.0578775e-03
 MIN: Iter =   35  NFunc =   748  E =    -274.36508  RMSG = 7.0679325e-03
 MIN: Iter =   36  NFunc =   756  E =    -274.36510  RMSG = 4.0649496e-03
 MIN: Iter =   37  NFunc =   775  E =    -274.36514  RMSG = 2.9685496e-03
 MIN: Iter =   38  NFunc =   787  E =    -274.36515  RMSG = 2.4497313e-03
 MIN: Iter =   39  NFunc =   807  E =    -274.36516  RMSG = 1.2823346e-03
 MIN: Iter =   40  NFunc =   858  E =    -274.36518  RMSG = 1.4422136e-03
 MIN: Iter =   41  NFunc =   872  E =    -274.36518  RMSG = 7.6488511e-04
 MIN: Iter =   42  NFunc =   890  E =    -274.36518  RMSG = 4.1816717e-04
----------------------------------------------------------------
 END:          :-)  E =    -274.36518  RMSG =   0.0004182

     bond:      2.024900602
    angle:      5.136557134
 dihedral:      9.703319700
    enb14:     16.512438493
    eel14:   -506.460394199
      enb:     -3.153010242
      eel:    227.600863471
      egb:    -25.729856260
    econs:      0.000000000
    esurf:      0.000000000
    Total:   -274.365181301
     frms:      0.000418167
====== rms.dat  ======================================================
#Frame      all_heavy
       1       0.5068
