====== tleap.out =====================================================
-I: Adding /home/case/amber24/dat/leap/prep to search path.
-I: Adding /home/case/amber24/dat/leap/lib to search path.
-I: Adding /home/case/amber24/dat/leap/parm to search path.
-I: Adding /home/case/amber24/dat/leap/cmd to search path.
-f: Source leap.in.

Welcome to LEaP!
(no leaprc in search path)
Sourcing: ./leap.in
Using Bondi radii
----- Source: /home/case/amber24/dat/leap/cmd/leaprc.gaff2
----- Source of /home/case/amber24/dat/leap/cmd/leaprc.gaff2 done
Log file: ./leap.log
Loading parameters: /home/case/amber24/dat/leap/parm/gaff2.dat
Reading title:
AMBER General Force Field for organic molecules (Version 2.2.20, March 2021)
Loading parameters: ./M9R.frcmod
Reading force field modification type file (frcmod)
Reading title:
Remark line goes here
Loading Mol2 file: ./M9R.mol2
Reading MOLECULE named M9R
Checking Unit.

/home/case/amber24/bin/teLeap: Warning!
The unperturbed charge of the unit (-1.000001) is not zero.

/home/case/amber24/bin/teLeap: Note.
Ignoring the warning from Unit Checking.

Building topology.
"order_residues" off: keep input residue order.
Building atom parameters.
Building bond parameters.
Building angle parameters.
Building proper torsion parameters.
Building improper torsion parameters.
 total 23 improper torsions applied
Building H-Bond parameters.
Incorporating Non-Bonded adjustments.
Not Marking per-residue atom chain types.
Marking per-residue atom chain types.
  (Residues lacking connect0/connect1 - 
   these don't have chain types marked:

	res	total affected

	M9R	1
  )
 (no restraints)
	Quit

Exiting LEaP: Errors = 0; Warnings = 1; Notes = 1.
====== min.o =========================================================
Reading parm file (M9R.parm7)
title:
M9R                                                                             
no velocities were found
no velocities were found
	mm_options:  ntpr=5
	mm_options:  gb=1
	mm_options:  kappa=0.10395
	mm_options:  rgbmax=99.
	mm_options:  cut=99.0
	mm_options:  wcons=0.
     bond:      3.558716122
    angle:      6.260248849
 dihedral:     22.941846214
    enb14:     22.215524257
    eel14:    121.966311253
      enb:     -3.856865395
      eel:    -88.167501144
      egb:    -74.721039808
    econs:      0.000000000
    esurf:      0.000000000
    Total:     10.197240348
     frms:      8.691881398
Starting TNCG minimisation
 MIN: Iter =    0  NFunc =     1  E =      10.19724  RMSG = 8.6918814e+00
 MIN: Iter =    1  NFunc =     7  E =      -2.00008  RMSG = 3.0933309e+00
 MIN: Iter =    2  NFunc =    17  E =      -7.18506  RMSG = 1.4334304e+00
 MIN: Iter =    3  NFunc =    23  E =      -7.84622  RMSG = 8.9001289e-01
 MIN: Iter =    4  NFunc =    65  E =      -8.66029  RMSG = 6.5304709e-01
 MIN: Iter =    5  NFunc =    86  E =      -9.26641  RMSG = 6.0059776e-01
 MIN: Iter =    6  NFunc =    92  E =      -9.50633  RMSG = 4.3230938e-01
 MIN: Iter =    7  NFunc =   116  E =      -9.85106  RMSG = 4.7245783e-01
 MIN: Iter =    8  NFunc =   130  E =     -10.08067  RMSG = 3.8994447e-01
 MIN: Iter =    9  NFunc =   138  E =     -10.20737  RMSG = 2.9393266e-01
 MIN: Iter =   10  NFunc =   174  E =     -10.42789  RMSG = 2.8524780e-01
 MIN: Iter =   11  NFunc =   192  E =     -10.57162  RMSG = 2.2883376e-01
 MIN: Iter =   12  NFunc =   201  E =     -10.59324  RMSG = 9.9101231e-02
 MIN: Iter =   13  NFunc =   241  E =     -10.64264  RMSG = 1.6651659e-01
 MIN: Iter =   14  NFunc =   250  E =     -10.65035  RMSG = 5.3847677e-02
 MIN: Iter =   15  NFunc =   267  E =     -10.65366  RMSG = 3.1414011e-02
 MIN: Iter =   16  NFunc =   288  E =     -10.65530  RMSG = 1.6798249e-02
 MIN: Iter =   17  NFunc =   300  E =     -10.65550  RMSG = 8.9969348e-03
 MIN: Iter =   18  NFunc =   325  E =     -10.65569  RMSG = 6.3019474e-03
 MIN: Iter =   19  NFunc =   360  E =     -10.65583  RMSG = 4.6633606e-03
 MIN: Iter =   20  NFunc =   398  E =     -10.65588  RMSG = 3.0446044e-03
 MIN: Iter =   21  NFunc =   426  E =     -10.65592  RMSG = 2.6717644e-03
 MIN: Iter =   22  NFunc =   477  E =     -10.65595  RMSG = 1.8040136e-03
 MIN: Iter =   23  NFunc =   521  E =     -10.65597  RMSG = 1.9084598e-03
 MIN: Iter =   24  NFunc =   556  E =     -10.65598  RMSG = 1.0223625e-03
 MIN: Iter =   25  NFunc =   590  E =     -10.65598  RMSG = 5.2088454e-04
 MIN: Iter =   26  NFunc =   610  E =     -10.65598  RMSG = 3.2261234e-04
----------------------------------------------------------------
 END:          :-)  E =     -10.65598  RMSG =   0.0003226

     bond:      3.401692756
    angle:      7.470366603
 dihedral:     20.104634338
    enb14:     13.460069345
    eel14:    116.166275948
      enb:     -7.815335720
      eel:    -86.711805398
      egb:    -76.731878191
    econs:      0.000000000
    esurf:      0.000000000
    Total:    -10.655980319
     frms:      0.000322612
====== rms.dat  ======================================================
#Frame      all_heavy
       1       0.5157
