====== tleap.out =====================================================
-I: Adding /home/case/amber24/dat/leap/prep to search path.
-I: Adding /home/case/amber24/dat/leap/lib to search path.
-I: Adding /home/case/amber24/dat/leap/parm to search path.
-I: Adding /home/case/amber24/dat/leap/cmd to search path.
-f: Source leap.in.

Welcome to LEaP!
(no leaprc in search path)
Sourcing: ./leap.in
Using Bondi radii
----- Source: /home/case/amber24/dat/leap/cmd/leaprc.gaff2
----- Source of /home/case/amber24/dat/leap/cmd/leaprc.gaff2 done
Log file: ./leap.log
Loading parameters: /home/case/amber24/dat/leap/parm/gaff2.dat
Reading title:
AMBER General Force Field for organic molecules (Version 2.2.20, March 2021)
Loading parameters: ./M9S.frcmod
Reading force field modification type file (frcmod)
Reading title:
Remark line goes here
Loading Mol2 file: ./M9S.mol2
Reading MOLECULE named M9S
Checking Unit.
Building topology.
"order_residues" off: keep input residue order.
Building atom parameters.
Building bond parameters.
Building angle parameters.
Building proper torsion parameters.
Building improper torsion parameters.
 total 12 improper torsions applied
Building H-Bond parameters.
Incorporating Non-Bonded adjustments.
Not Marking per-residue atom chain types.
Marking per-residue atom chain types.
  (Residues lacking connect0/connect1 - 
   these don't have chain types marked:

	res	total affected

	M9S	1
  )
 (no restraints)
	Quit

Exiting LEaP: Errors = 0; Warnings = 0; Notes = 0.
====== min.o =========================================================
Reading parm file (M9S.parm7)
title:
M9S                                                                             
no velocities were found
no velocities were found
	mm_options:  ntpr=5
	mm_options:  gb=1
	mm_options:  kappa=0.10395
	mm_options:  rgbmax=99.
	mm_options:  cut=99.0
	mm_options:  wcons=0.
     bond:      2.784770357
    angle:     29.882822534
 dihedral:     23.600852729
    enb14:     11.509121589
    eel14:    -43.356572469
      enb:     -4.294899565
      eel:     21.992780567
      egb:    -15.165784633
    econs:      0.000000000
    esurf:      0.000000000
    Total:     26.953091109
     frms:      9.459271185
Starting TNCG minimisation
 MIN: Iter =    0  NFunc =     1  E =      26.95309  RMSG = 9.4592712e+00
 MIN: Iter =    1  NFunc =     7  E =      14.70698  RMSG = 2.4031296e+00
 MIN: Iter =    2  NFunc =    14  E =      12.24723  RMSG = 1.1669292e+00
 MIN: Iter =    3  NFunc =    22  E =      11.04042  RMSG = 7.4087241e-01
 MIN: Iter =    4  NFunc =    35  E =      10.51209  RMSG = 4.6562154e-01
 MIN: Iter =    5  NFunc =    66  E =       9.98280  RMSG = 4.2522874e-01
 MIN: Iter =    6  NFunc =    82  E =       9.74051  RMSG = 4.0477651e-01
 MIN: Iter =    7  NFunc =    90  E =       9.61342  RMSG = 2.4583334e-01
 MIN: Iter =    8  NFunc =   103  E =       9.51300  RMSG = 3.3565021e-01
 MIN: Iter =    9  NFunc =   131  E =       9.36664  RMSG = 5.1944940e-01
 MIN: Iter =   10  NFunc =   137  E =       9.32570  RMSG = 1.2270495e-01
 MIN: Iter =   11  NFunc =   188  E =       9.27445  RMSG = 3.9556719e-01
 MIN: Iter =   12  NFunc =   194  E =       9.24631  RMSG = 1.0478001e-01
 MIN: Iter =   13  NFunc =   205  E =       9.22939  RMSG = 2.2592217e-01
 MIN: Iter =   14  NFunc =   214  E =       9.21857  RMSG = 6.1922231e-02
 MIN: Iter =   15  NFunc =   227  E =       9.21034  RMSG = 5.7804524e-02
 MIN: Iter =   16  NFunc =   273  E =       9.19386  RMSG = 8.2853982e-02
 MIN: Iter =   17  NFunc =   280  E =       9.19184  RMSG = 2.9508591e-02
 MIN: Iter =   18  NFunc =   332  E =       9.18071  RMSG = 4.9285621e-02
 MIN: Iter =   19  NFunc =   356  E =       9.17261  RMSG = 1.2523982e-01
 MIN: Iter =   20  NFunc =   362  E =       9.16978  RMSG = 3.2682322e-02
 MIN: Iter =   21  NFunc =   413  E =       9.16697  RMSG = 9.1971757e-02
 MIN: Iter =   22  NFunc =   419  E =       9.16538  RMSG = 2.9605375e-02
 MIN: Iter =   23  NFunc =   470  E =       9.16260  RMSG = 2.8658986e-02
 MIN: Iter =   24  NFunc =   509  E =       9.15951  RMSG = 2.4938612e-02
 MIN: Iter =   25  NFunc =   560  E =       9.15662  RMSG = 3.4064469e-02
 MIN: Iter =   26  NFunc =   577  E =       9.15592  RMSG = 1.1391424e-02
 MIN: Iter =   27  NFunc =   609  E =       9.15485  RMSG = 1.4902464e-02
 MIN: Iter =   28  NFunc =   645  E =       9.15443  RMSG = 6.5004909e-03
 MIN: Iter =   29  NFunc =   679  E =       9.15420  RMSG = 4.7726635e-03
 MIN: Iter =   30  NFunc =   716  E =       9.15397  RMSG = 5.5878989e-03
 MIN: Iter =   31  NFunc =   767  E =       9.15380  RMSG = 5.6659707e-03
 MIN: Iter =   32  NFunc =   790  E =       9.15375  RMSG = 2.6929590e-03
 MIN: Iter =   33  NFunc =   811  E =       9.15373  RMSG = 2.0758086e-03
 MIN: Iter =   34  NFunc =   835  E =       9.15372  RMSG = 8.7306811e-04
 MIN: Iter =   35  NFunc =   868  E =       9.15372  RMSG = 6.7993950e-04
 MIN: Iter =   36  NFunc =   919  E =       9.15371  RMSG = 8.0778017e-04
 MIN: Iter =   37  NFunc =   970  E =       9.15370  RMSG = 7.5554319e-04
 MIN: Iter =   38  NFunc =  1021  E =       9.15370  RMSG = 1.0048786e-03
 MIN: Iter =   39  NFunc =  1033  E =       9.15369  RMSG = 6.1818755e-04
 MIN: Iter =   40  NFunc =  1068  E =       9.15369  RMSG = 2.8347392e-04
----------------------------------------------------------------
 END:          :-)  E =       9.15369  RMSG =   0.0002835

     bond:      3.416826601
    angle:     23.442991718
 dihedral:     18.808395996
    enb14:      7.953363296
    eel14:    -44.451861577
      enb:     -5.503178642
      eel:     22.158094938
      egb:    -16.670938839
    econs:      0.000000000
    esurf:      0.000000000
    Total:      9.153693492
     frms:      0.000283474
====== rms.dat  ======================================================
#Frame      all_heavy
       1       0.2872
