====== tleap.out =====================================================
-I: Adding /home/case/amber24/dat/leap/prep to search path.
-I: Adding /home/case/amber24/dat/leap/lib to search path.
-I: Adding /home/case/amber24/dat/leap/parm to search path.
-I: Adding /home/case/amber24/dat/leap/cmd to search path.
-f: Source leap.in.

Welcome to LEaP!
(no leaprc in search path)
Sourcing: ./leap.in
Using Bondi radii
----- Source: /home/case/amber24/dat/leap/cmd/leaprc.gaff2
----- Source of /home/case/amber24/dat/leap/cmd/leaprc.gaff2 done
Log file: ./leap.log
Loading parameters: /home/case/amber24/dat/leap/parm/gaff2.dat
Reading title:
AMBER General Force Field for organic molecules (Version 2.2.20, March 2021)
Loading parameters: ./MB0.frcmod
Reading force field modification type file (frcmod)
Reading title:
Remark line goes here
Loading Mol2 file: ./MB0.mol2
Reading MOLECULE named MB0
Checking Unit.
Building topology.
"order_residues" off: keep input residue order.
Building atom parameters.
Building bond parameters.
Building angle parameters.
Building proper torsion parameters.
Building improper torsion parameters.
 total 11 improper torsions applied
Building H-Bond parameters.
Incorporating Non-Bonded adjustments.
Not Marking per-residue atom chain types.
Marking per-residue atom chain types.
  (Residues lacking connect0/connect1 - 
   these don't have chain types marked:

	res	total affected

	MB0	1
  )
 (no restraints)
	Quit

Exiting LEaP: Errors = 0; Warnings = 0; Notes = 0.
====== min.o =========================================================
Reading parm file (MB0.parm7)
title:
MB0                                                                             
no velocities were found
no velocities were found
	mm_options:  ntpr=5
	mm_options:  gb=1
	mm_options:  kappa=0.10395
	mm_options:  rgbmax=99.
	mm_options:  cut=99.0
	mm_options:  wcons=0.
     bond:      2.946259953
    angle:     24.002504707
 dihedral:     15.413827866
    enb14:     14.161089837
    eel14:   -107.520972442
      enb:     -3.648209336
      eel:     72.175897082
      egb:    -19.983027900
    econs:      0.000000000
    esurf:      0.000000000
    Total:     -2.452630234
     frms:     10.268216805
Starting TNCG minimisation
 MIN: Iter =    0  NFunc =     1  E =      -2.45263  RMSG = 1.0268217e+01
 MIN: Iter =    1  NFunc =     7  E =     -12.53658  RMSG = 3.4716052e+00
 MIN: Iter =    2  NFunc =    14  E =     -14.82752  RMSG = 1.5023516e+00
 MIN: Iter =    3  NFunc =    23  E =     -15.38996  RMSG = 6.0057270e-01
 MIN: Iter =    4  NFunc =    33  E =     -15.56175  RMSG = 3.6348567e-01
 MIN: Iter =    5  NFunc =    78  E =     -15.57623  RMSG = 3.6585733e-01
 MIN: Iter =    6  NFunc =    92  E =     -15.69102  RMSG = 2.4370366e-01
 MIN: Iter =    7  NFunc =   116  E =     -15.81780  RMSG = 3.6871101e-01
 MIN: Iter =    8  NFunc =   124  E =     -15.84339  RMSG = 1.2768921e-01
 MIN: Iter =    9  NFunc =   139  E =     -15.86016  RMSG = 8.8003976e-02
 MIN: Iter =   10  NFunc =   149  E =     -15.86483  RMSG = 4.9674394e-02
 MIN: Iter =   11  NFunc =   160  E =     -15.86627  RMSG = 2.6611204e-02
 MIN: Iter =   12  NFunc =   170  E =     -15.86665  RMSG = 1.1967592e-02
 MIN: Iter =   13  NFunc =   189  E =     -15.86689  RMSG = 9.1865073e-03
 MIN: Iter =   14  NFunc =   215  E =     -15.86706  RMSG = 6.9627928e-03
 MIN: Iter =   15  NFunc =   225  E =     -15.86710  RMSG = 4.4384758e-03
 MIN: Iter =   16  NFunc =   252  E =     -15.86714  RMSG = 3.0331151e-03
 MIN: Iter =   17  NFunc =   265  E =     -15.86715  RMSG = 1.8484357e-03
 MIN: Iter =   18  NFunc =   297  E =     -15.86716  RMSG = 1.0394916e-03
 MIN: Iter =   19  NFunc =   315  E =     -15.86716  RMSG = 5.0641959e-04
 MIN: Iter =   20  NFunc =   349  E =     -15.86716  RMSG = 2.5891163e-04
----------------------------------------------------------------
 END:          :-)  E =     -15.86716  RMSG =   0.0002589

     bond:      2.527635158
    angle:     19.998962270
 dihedral:     13.880977305
    enb14:      9.208082402
    eel14:   -106.284831405
      enb:     -5.292731361
      eel:     70.842605020
      egb:    -20.747860123
    econs:      0.000000000
    esurf:      0.000000000
    Total:    -15.867160734
     frms:      0.000258912
====== rms.dat  ======================================================
#Frame      all_heavy
       1       0.1369
