====== tleap.out =====================================================
-I: Adding /home/case/amber24/dat/leap/prep to search path.
-I: Adding /home/case/amber24/dat/leap/lib to search path.
-I: Adding /home/case/amber24/dat/leap/parm to search path.
-I: Adding /home/case/amber24/dat/leap/cmd to search path.
-f: Source leap.in.

Welcome to LEaP!
(no leaprc in search path)
Sourcing: ./leap.in
Using Bondi radii
----- Source: /home/case/amber24/dat/leap/cmd/leaprc.gaff2
----- Source of /home/case/amber24/dat/leap/cmd/leaprc.gaff2 done
Log file: ./leap.log
Loading parameters: /home/case/amber24/dat/leap/parm/gaff2.dat
Reading title:
AMBER General Force Field for organic molecules (Version 2.2.20, March 2021)
Loading parameters: ./MIK.frcmod
Reading force field modification type file (frcmod)
Reading title:
Remark line goes here
Loading Mol2 file: ./MIK.mol2
Reading MOLECULE named MIK
Checking Unit.

/home/case/amber24/bin/teLeap: Warning!
The unperturbed charge of the unit (-1.002000) is not zero.

/home/case/amber24/bin/teLeap: Note.
Ignoring the warning from Unit Checking.

Building topology.
"order_residues" off: keep input residue order.
Building atom parameters.
Building bond parameters.
Building angle parameters.
Building proper torsion parameters.
Building improper torsion parameters.
 total 8 improper torsions applied
Building H-Bond parameters.
Incorporating Non-Bonded adjustments.
Not Marking per-residue atom chain types.
Marking per-residue atom chain types.
  (Residues lacking connect0/connect1 - 
   these don't have chain types marked:

	res	total affected

	MIK	1
  )
 (no restraints)
	Quit

Exiting LEaP: Errors = 0; Warnings = 1; Notes = 1.
====== min.o =========================================================
Reading parm file (MIK.parm7)
title:
MIK                                                                             
no velocities were found
no velocities were found
	mm_options:  ntpr=5
	mm_options:  gb=1
	mm_options:  kappa=0.10395
	mm_options:  rgbmax=99.
	mm_options:  cut=99.0
	mm_options:  wcons=0.
     bond:      2.427390869
    angle:      4.684752681
 dihedral:     11.202227972
    enb14:      9.785405393
    eel14:    166.745158319
      enb:     -0.556619788
      eel:   -183.289015684
      egb:    -91.424822057
    econs:      0.000000000
    esurf:      0.000000000
    Total:    -80.425522294
     frms:      8.725143436
Starting TNCG minimisation
 MIN: Iter =    0  NFunc =     1  E =     -80.42552  RMSG = 8.7251434e+00
 MIN: Iter =    1  NFunc =     7  E =     -85.84629  RMSG = 2.2128389e+00
 MIN: Iter =    2  NFunc =    14  E =     -86.78510  RMSG = 9.1066027e-01
 MIN: Iter =    3  NFunc =    25  E =     -87.15543  RMSG = 3.9695449e-01
 MIN: Iter =    4  NFunc =    32  E =     -87.19137  RMSG = 2.1277517e-01
 MIN: Iter =    5  NFunc =    48  E =     -87.23757  RMSG = 2.3041162e-01
 MIN: Iter =    6  NFunc =    70  E =     -87.27905  RMSG = 2.3269650e-01
 MIN: Iter =    7  NFunc =    80  E =     -87.28773  RMSG = 8.1991608e-02
 MIN: Iter =    8  NFunc =    86  E =     -87.28919  RMSG = 3.9637390e-02
 MIN: Iter =    9  NFunc =   133  E =     -87.29880  RMSG = 2.0773358e-01
 MIN: Iter =   10  NFunc =   139  E =     -87.30192  RMSG = 4.4381674e-02
 MIN: Iter =   11  NFunc =   191  E =     -87.31596  RMSG = 1.8660636e-01
 MIN: Iter =   12  NFunc =   199  E =     -87.32738  RMSG = 2.6767675e-01
 MIN: Iter =   13  NFunc =   207  E =     -87.33785  RMSG = 8.0261493e-02
 MIN: Iter =   14  NFunc =   229  E =     -87.34677  RMSG = 1.4188318e-01
 MIN: Iter =   15  NFunc =   255  E =     -87.35560  RMSG = 7.4168449e-02
 MIN: Iter =   16  NFunc =   264  E =     -87.35728  RMSG = 3.3901016e-02
 MIN: Iter =   17  NFunc =   282  E =     -87.36017  RMSG = 5.4985805e-02
 MIN: Iter =   18  NFunc =   316  E =     -87.36578  RMSG = 1.7442849e-01
 MIN: Iter =   19  NFunc =   322  E =     -87.36777  RMSG = 2.6917106e-02
 MIN: Iter =   20  NFunc =   365  E =     -87.36996  RMSG = 3.6879124e-02
 MIN: Iter =   21  NFunc =   396  E =     -87.37093  RMSG = 2.1762547e-02
 MIN: Iter =   22  NFunc =   446  E =     -87.37156  RMSG = 2.1477268e-02
 MIN: Iter =   23  NFunc =   453  E =     -87.37160  RMSG = 6.1380637e-03
 MIN: Iter =   24  NFunc =   484  E =     -87.37177  RMSG = 7.0587891e-03
 MIN: Iter =   25  NFunc =   497  E =     -87.37179  RMSG = 2.6099568e-03
 MIN: Iter =   26  NFunc =   513  E =     -87.37179  RMSG = 1.5189693e-03
 MIN: Iter =   27  NFunc =   556  E =     -87.37180  RMSG = 1.0243375e-03
 MIN: Iter =   28  NFunc =   565  E =     -87.37180  RMSG = 7.9968779e-04
 MIN: Iter =   29  NFunc =   593  E =     -87.37180  RMSG = 4.8675512e-04
----------------------------------------------------------------
 END:          :-)  E =     -87.37180  RMSG =   0.0004868

     bond:      2.535839707
    angle:      6.397458460
 dihedral:     12.112745065
    enb14:      6.801375542
    eel14:    158.824733775
      enb:     -1.822715343
      eel:   -178.966337579
      egb:    -93.254902743
    econs:      0.000000000
    esurf:      0.000000000
    Total:    -87.371803115
     frms:      0.000486755
====== rms.dat  ======================================================
#Frame      all_heavy
       1       0.3247
