====== tleap.out =====================================================
-I: Adding /home/case/amber24/dat/leap/prep to search path.
-I: Adding /home/case/amber24/dat/leap/lib to search path.
-I: Adding /home/case/amber24/dat/leap/parm to search path.
-I: Adding /home/case/amber24/dat/leap/cmd to search path.
-f: Source leap.in.

Welcome to LEaP!
(no leaprc in search path)
Sourcing: ./leap.in
Using Bondi radii
----- Source: /home/case/amber24/dat/leap/cmd/leaprc.gaff2
----- Source of /home/case/amber24/dat/leap/cmd/leaprc.gaff2 done
Log file: ./leap.log
Loading parameters: /home/case/amber24/dat/leap/parm/gaff2.dat
Reading title:
AMBER General Force Field for organic molecules (Version 2.2.20, March 2021)
Loading parameters: ./MIU.frcmod
Reading force field modification type file (frcmod)
Reading title:
Remark line goes here
Loading Mol2 file: ./MIU.mol2
Reading MOLECULE named MIU
Checking Unit.
Building topology.
"order_residues" off: keep input residue order.
Building atom parameters.
Building bond parameters.
Building angle parameters.
Building proper torsion parameters.
Building improper torsion parameters.
 total 11 improper torsions applied
Building H-Bond parameters.
Incorporating Non-Bonded adjustments.
Not Marking per-residue atom chain types.
Marking per-residue atom chain types.
  (Residues lacking connect0/connect1 - 
   these don't have chain types marked:

	res	total affected

	MIU	1
  )
 (no restraints)
	Quit

Exiting LEaP: Errors = 0; Warnings = 0; Notes = 0.
====== min.o =========================================================
Reading parm file (MIU.parm7)
title:
MIU                                                                             
no velocities were found
no velocities were found
	mm_options:  ntpr=5
	mm_options:  gb=1
	mm_options:  kappa=0.10395
	mm_options:  rgbmax=99.
	mm_options:  cut=99.0
	mm_options:  wcons=0.
     bond:      4.070953300
    angle:      9.999430930
 dihedral:     47.660392868
    enb14:     17.398689518
    eel14:   -290.686686807
      enb:     -9.666672032
      eel:    -14.317957242
      egb:    -42.937650436
    econs:      0.000000000
    esurf:      0.000000000
    Total:   -278.479499901
     frms:      9.628736934
Starting TNCG minimisation
 MIN: Iter =    0  NFunc =     1  E =    -278.47950  RMSG = 9.6287369e+00
 MIN: Iter =    1  NFunc =     7  E =    -296.66737  RMSG = 5.3810549e+00
 MIN: Iter =    2  NFunc =    16  E =    -299.97501  RMSG = 5.2617315e+00
 MIN: Iter =    3  NFunc =    33  E =    -301.74664  RMSG = 4.8664298e+00
 MIN: Iter =    4  NFunc =    39  E =    -304.45032  RMSG = 2.8587125e+00
 MIN: Iter =    5  NFunc =    45  E =    -305.68958  RMSG = 9.2348565e-01
 MIN: Iter =    6  NFunc =    78  E =    -306.66744  RMSG = 8.8931833e-01
 MIN: Iter =    7  NFunc =    88  E =    -307.05054  RMSG = 4.6872318e-01
 MIN: Iter =    8  NFunc =    98  E =    -307.20322  RMSG = 2.3224979e-01
 MIN: Iter =    9  NFunc =   149  E =    -307.54216  RMSG = 5.0781631e-01
 MIN: Iter =   10  NFunc =   161  E =    -307.80429  RMSG = 5.2752880e-01
 MIN: Iter =   11  NFunc =   168  E =    -308.03074  RMSG = 5.2527850e-01
 MIN: Iter =   12  NFunc =   174  E =    -308.21343  RMSG = 4.7915919e-01
 MIN: Iter =   13  NFunc =   180  E =    -308.39496  RMSG = 4.5867279e-01
 MIN: Iter =   14  NFunc =   186  E =    -308.56143  RMSG = 4.2482203e-01
 MIN: Iter =   15  NFunc =   198  E =    -308.78349  RMSG = 5.9349298e-01
 MIN: Iter =   16  NFunc =   210  E =    -308.95221  RMSG = 5.0151670e-01
 MIN: Iter =   17  NFunc =   217  E =    -309.02874  RMSG = 2.4545817e-01
 MIN: Iter =   18  NFunc =   226  E =    -309.08374  RMSG = 3.0748501e-01
 MIN: Iter =   19  NFunc =   261  E =    -309.20556  RMSG = 3.6721188e-01
 MIN: Iter =   20  NFunc =   279  E =    -309.26162  RMSG = 1.4534191e-01
 MIN: Iter =   21  NFunc =   293  E =    -309.27947  RMSG = 7.9144842e-02
 MIN: Iter =   22  NFunc =   334  E =    -309.30052  RMSG = 8.2279399e-02
 MIN: Iter =   23  NFunc =   385  E =    -309.31492  RMSG = 1.1406691e-01
 MIN: Iter =   24  NFunc =   407  E =    -309.32590  RMSG = 6.7448701e-02
 MIN: Iter =   25  NFunc =   447  E =    -309.35626  RMSG = 3.3608920e-01
 MIN: Iter =   26  NFunc =   461  E =    -309.44739  RMSG = 7.5772766e-01
 MIN: Iter =   27  NFunc =   473  E =    -309.66384  RMSG = 1.1827758e+00
 MIN: Iter =   28  NFunc =   498  E =    -310.11712  RMSG = 1.4932933e+00
 MIN: Iter =   29  NFunc =   508  E =    -310.64178  RMSG = 4.0043180e-01
 MIN: Iter =   30  NFunc =   525  E =    -311.02174  RMSG = 3.6905153e-01
 MIN: Iter =   31  NFunc =   533  E =    -311.21087  RMSG = 3.3560241e-01
 MIN: Iter =   32  NFunc =   584  E =    -311.42723  RMSG = 3.1809708e-01
 MIN: Iter =   33  NFunc =   614  E =    -311.58916  RMSG = 3.1953096e-01
 MIN: Iter =   34  NFunc =   629  E =    -311.72632  RMSG = 3.6750023e-01
 MIN: Iter =   35  NFunc =   646  E =    -311.81349  RMSG = 2.5537552e-01
 MIN: Iter =   36  NFunc =   664  E =    -311.86028  RMSG = 1.6558404e-01
 MIN: Iter =   37  NFunc =   677  E =    -311.88599  RMSG = 1.4311550e-01
 MIN: Iter =   38  NFunc =   728  E =    -311.93452  RMSG = 2.9017919e-01
 MIN: Iter =   39  NFunc =   734  E =    -311.94801  RMSG = 9.6341706e-02
 MIN: Iter =   40  NFunc =   785  E =    -311.97411  RMSG = 3.9438125e-01
 MIN: Iter =   41  NFunc =   791  E =    -311.99731  RMSG = 8.8440683e-02
 MIN: Iter =   42  NFunc =   814  E =    -312.01435  RMSG = 1.5925642e-01
 MIN: Iter =   43  NFunc =   820  E =    -312.02640  RMSG = 1.0544390e-01
 MIN: Iter =   44  NFunc =   829  E =    -312.03639  RMSG = 2.4265537e-01
 MIN: Iter =   45  NFunc =   835  E =    -312.04625  RMSG = 8.2882973e-02
 MIN: Iter =   46  NFunc =   851  E =    -312.05312  RMSG = 8.5033704e-02
 MIN: Iter =   47  NFunc =   859  E =    -312.05657  RMSG = 3.8880058e-02
 MIN: Iter =   48  NFunc =   882  E =    -312.05975  RMSG = 2.6351195e-02
 MIN: Iter =   49  NFunc =   920  E =    -312.06256  RMSG = 2.3742395e-02
 MIN: Iter =   50  NFunc =   951  E =    -312.06396  RMSG = 1.3706875e-02
 MIN: Iter =   51  NFunc =   970  E =    -312.06429  RMSG = 6.6188020e-03
 MIN: Iter =   52  NFunc =   995  E =    -312.06446  RMSG = 4.9571618e-03
 MIN: Iter =   53  NFunc =  1031  E =    -312.06453  RMSG = 2.3288974e-03
 MIN: Iter =   54  NFunc =  1082  E =    -312.06461  RMSG = 3.4760967e-03
 MIN: Iter =   55  NFunc =  1106  E =    -312.06464  RMSG = 2.2201099e-03
 MIN: Iter =   56  NFunc =  1120  E =    -312.06465  RMSG = 1.4495087e-03
 MIN: Iter =   57  NFunc =  1134  E =    -312.06465  RMSG = 8.9070111e-04
 MIN: Iter =   58  NFunc =  1159  E =    -312.06466  RMSG = 6.3640696e-04
 MIN: Iter =   59  NFunc =  1209  E =    -312.06466  RMSG = 4.8098973e-04
----------------------------------------------------------------
 END:          :-)  E =    -312.06466  RMSG =   0.0004810

     bond:      8.810192944
    angle:     12.014990750
 dihedral:     44.424332475
    enb14:     10.213422687
    eel14:   -335.264043751
      enb:    -10.962269575
      eel:      1.803317755
      egb:    -43.104604117
    econs:      0.000000000
    esurf:      0.000000000
    Total:   -312.064660833
     frms:      0.000480990
====== rms.dat  ======================================================
#Frame      all_heavy
       1       1.1804
