====== tleap.out =====================================================
-I: Adding /home/case/amber24/dat/leap/prep to search path.
-I: Adding /home/case/amber24/dat/leap/lib to search path.
-I: Adding /home/case/amber24/dat/leap/parm to search path.
-I: Adding /home/case/amber24/dat/leap/cmd to search path.
-f: Source leap.in.

Welcome to LEaP!
(no leaprc in search path)
Sourcing: ./leap.in
Using Bondi radii
----- Source: /home/case/amber24/dat/leap/cmd/leaprc.gaff2
----- Source of /home/case/amber24/dat/leap/cmd/leaprc.gaff2 done
Log file: ./leap.log
Loading parameters: /home/case/amber24/dat/leap/parm/gaff2.dat
Reading title:
AMBER General Force Field for organic molecules (Version 2.2.20, March 2021)
Loading parameters: ./MJK.frcmod
Reading force field modification type file (frcmod)
Reading title:
Remark line goes here
Loading Mol2 file: ./MJK.mol2
Reading MOLECULE named MJK
Checking Unit.
Building topology.
"order_residues" off: keep input residue order.
Building atom parameters.
Building bond parameters.
Building angle parameters.
Building proper torsion parameters.
Building improper torsion parameters.
 total 14 improper torsions applied
Building H-Bond parameters.
Incorporating Non-Bonded adjustments.
Not Marking per-residue atom chain types.
Marking per-residue atom chain types.
  (Residues lacking connect0/connect1 - 
   these don't have chain types marked:

	res	total affected

	MJK	1
  )
 (no restraints)
	Quit

Exiting LEaP: Errors = 0; Warnings = 0; Notes = 0.
====== min.o =========================================================
Reading parm file (MJK.parm7)
title:
MJK                                                                             
no velocities were found
no velocities were found
	mm_options:  ntpr=5
	mm_options:  gb=1
	mm_options:  kappa=0.10395
	mm_options:  rgbmax=99.
	mm_options:  cut=99.0
	mm_options:  wcons=0.
     bond:      3.496210172
    angle:      9.335497819
 dihedral:     26.550343652
    enb14:      9.362322992
    eel14:    165.769200829
      enb:     -8.095032276
      eel:   -129.787482004
      egb:    -27.469722741
    econs:      0.000000000
    esurf:      0.000000000
    Total:     49.161338442
     frms:      9.345108769
Starting TNCG minimisation
 MIN: Iter =    0  NFunc =     1  E =      49.16134  RMSG = 9.3451088e+00
 MIN: Iter =    1  NFunc =     9  E =      36.48536  RMSG = 2.6913764e+00
 MIN: Iter =    2  NFunc =    17  E =      34.15601  RMSG = 1.2524330e+00
 MIN: Iter =    3  NFunc =    26  E =      33.52668  RMSG = 6.2310760e-01
 MIN: Iter =    4  NFunc =    52  E =      32.84224  RMSG = 9.9350086e-01
 MIN: Iter =    5  NFunc =    58  E =      32.71636  RMSG = 2.9800488e-01
 MIN: Iter =    6  NFunc =    89  E =      32.52272  RMSG = 3.4943069e-01
 MIN: Iter =    7  NFunc =   109  E =      32.42328  RMSG = 2.1377470e-01
 MIN: Iter =    8  NFunc =   132  E =      32.33994  RMSG = 2.2102832e-01
 MIN: Iter =    9  NFunc =   159  E =      32.26749  RMSG = 2.1166966e-01
 MIN: Iter =   10  NFunc =   174  E =      32.21301  RMSG = 2.1540015e-01
 MIN: Iter =   11  NFunc =   182  E =      32.16589  RMSG = 1.9910089e-01
 MIN: Iter =   12  NFunc =   189  E =      32.13276  RMSG = 1.8777707e-01
 MIN: Iter =   13  NFunc =   195  E =      32.10781  RMSG = 1.5885236e-01
 MIN: Iter =   14  NFunc =   201  E =      32.08954  RMSG = 1.2688085e-01
 MIN: Iter =   15  NFunc =   212  E =      32.07112  RMSG = 1.3179319e-01
 MIN: Iter =   16  NFunc =   220  E =      32.06496  RMSG = 7.1328323e-02
 MIN: Iter =   17  NFunc =   269  E =      32.03215  RMSG = 2.0945828e-01
 MIN: Iter =   18  NFunc =   275  E =      32.02350  RMSG = 6.7139683e-02
 MIN: Iter =   19  NFunc =   293  E =      32.01489  RMSG = 6.5136207e-02
 MIN: Iter =   20  NFunc =   345  E =      32.00427  RMSG = 8.2991765e-02
 MIN: Iter =   21  NFunc =   353  E =      31.99843  RMSG = 7.7219048e-02
 MIN: Iter =   22  NFunc =   375  E =      31.99126  RMSG = 2.1347372e-01
 MIN: Iter =   23  NFunc =   381  E =      31.98400  RMSG = 7.5533536e-02
 MIN: Iter =   24  NFunc =   424  E =      31.97311  RMSG = 1.9031173e-01
 MIN: Iter =   25  NFunc =   430  E =      31.96779  RMSG = 5.4725644e-02
 MIN: Iter =   26  NFunc =   472  E =      31.95655  RMSG = 1.7394324e-01
 MIN: Iter =   27  NFunc =   478  E =      31.95107  RMSG = 6.0432659e-02
 MIN: Iter =   28  NFunc =   510  E =      31.93985  RMSG = 1.8898556e-01
 MIN: Iter =   29  NFunc =   520  E =      31.93064  RMSG = 7.2603870e-02
 MIN: Iter =   30  NFunc =   541  E =      31.91899  RMSG = 1.8801571e-01
 MIN: Iter =   31  NFunc =   564  E =      31.89127  RMSG = 4.2580025e-01
 MIN: Iter =   32  NFunc =   570  E =      31.86775  RMSG = 1.4025118e-01
 MIN: Iter =   33  NFunc =   586  E =      31.85164  RMSG = 1.4983802e-01
 MIN: Iter =   34  NFunc =   595  E =      31.83428  RMSG = 1.6075933e-01
 MIN: Iter =   35  NFunc =   602  E =      31.81561  RMSG = 1.8805879e-01
 MIN: Iter =   36  NFunc =   608  E =      31.79624  RMSG = 4.0609719e-01
 MIN: Iter =   37  NFunc =   614  E =      31.76196  RMSG = 7.1998673e-02
 MIN: Iter =   38  NFunc =   621  E =      31.74586  RMSG = 1.7213511e-01
 MIN: Iter =   39  NFunc =   627  E =      31.72858  RMSG = 3.1596651e-01
 MIN: Iter =   40  NFunc =   633  E =      31.70330  RMSG = 8.9609661e-02
 MIN: Iter =   41  NFunc =   640  E =      31.69048  RMSG = 1.7014531e-01
 MIN: Iter =   42  NFunc =   646  E =      31.67282  RMSG = 2.0829695e-01
 MIN: Iter =   43  NFunc =   652  E =      31.65421  RMSG = 1.1141504e-01
 MIN: Iter =   44  NFunc =   659  E =      31.64130  RMSG = 1.9398347e-01
 MIN: Iter =   45  NFunc =   665  E =      31.61946  RMSG = 2.2075372e-01
 MIN: Iter =   46  NFunc =   671  E =      31.59411  RMSG = 2.1728125e-01
 MIN: Iter =   47  NFunc =   677  E =      31.56732  RMSG = 2.5106657e-01
 MIN: Iter =   48  NFunc =   683  E =      31.54340  RMSG = 1.4664883e-01
 MIN: Iter =   49  NFunc =   699  E =      31.51694  RMSG = 4.4708877e-01
 MIN: Iter =   50  NFunc =   705  E =      31.48215  RMSG = 1.5253578e-01
 MIN: Iter =   51  NFunc =   726  E =      31.46453  RMSG = 1.4799976e-01
 MIN: Iter =   52  NFunc =   732  E =      31.44753  RMSG = 2.9417240e-01
 MIN: Iter =   53  NFunc =   738  E =      31.42708  RMSG = 8.1428069e-02
 MIN: Iter =   54  NFunc =   754  E =      31.41306  RMSG = 1.6124199e-01
 MIN: Iter =   55  NFunc =   760  E =      31.40041  RMSG = 1.0297604e-01
 MIN: Iter =   56  NFunc =   781  E =      31.39110  RMSG = 1.1353970e-01
 MIN: Iter =   57  NFunc =   792  E =      31.38243  RMSG = 1.2853175e-01
 MIN: Iter =   58  NFunc =   800  E =      31.37690  RMSG = 6.4091662e-02
 MIN: Iter =   59  NFunc =   806  E =      31.37364  RMSG = 1.1269104e-01
 MIN: Iter =   60  NFunc =   812  E =      31.37133  RMSG = 3.5421363e-02
 MIN: Iter =   61  NFunc =   818  E =      31.37035  RMSG = 5.5978998e-02
 MIN: Iter =   62  NFunc =   826  E =      31.36954  RMSG = 3.2611449e-02
 MIN: Iter =   63  NFunc =   859  E =      31.36595  RMSG = 7.9397268e-02
 MIN: Iter =   64  NFunc =   865  E =      31.36504  RMSG = 1.9188987e-02
 MIN: Iter =   65  NFunc =   877  E =      31.36472  RMSG = 1.2400320e-02
 MIN: Iter =   66  NFunc =   919  E =      31.36398  RMSG = 7.8562067e-03
 MIN: Iter =   67  NFunc =   951  E =      31.36351  RMSG = 7.8866828e-03
 MIN: Iter =   68  NFunc =   993  E =      31.36315  RMSG = 6.8764023e-03
 MIN: Iter =   69  NFunc =  1024  E =      31.36309  RMSG = 3.5469111e-03
 MIN: Iter =   70  NFunc =  1037  E =      31.36308  RMSG = 2.3165683e-03
 MIN: Iter =   71  NFunc =  1052  E =      31.36307  RMSG = 1.5591391e-03
 MIN: Iter =   72  NFunc =  1082  E =      31.36306  RMSG = 7.4450507e-04
 MIN: Iter =   73  NFunc =  1116  E =      31.36306  RMSG = 9.2476579e-04
 MIN: Iter =   74  NFunc =  1167  E =      31.36305  RMSG = 8.5213650e-04
 MIN: Iter =   75  NFunc =  1182  E =      31.36305  RMSG = 6.8284099e-04
 MIN: Iter =   76  NFunc =  1222  E =      31.36304  RMSG = 8.0165239e-04
 MIN: Iter =   77  NFunc =  1269  E =      31.36304  RMSG = 4.7353863e-04
----------------------------------------------------------------
 END:          :-)  E =      31.36304  RMSG =   0.0004735

     bond:      2.190917851
    angle:      6.242308896
 dihedral:     24.020202749
    enb14:      5.050827004
    eel14:    156.478440035
      enb:     -7.306057539
      eel:   -123.560070932
      egb:    -31.753529189
    econs:      0.000000000
    esurf:      0.000000000
    Total:     31.363038875
     frms:      0.000473539
====== rms.dat  ======================================================
#Frame      all_heavy
       1       1.2944
