====== tleap.out =====================================================
-I: Adding /home/case/amber24/dat/leap/prep to search path.
-I: Adding /home/case/amber24/dat/leap/lib to search path.
-I: Adding /home/case/amber24/dat/leap/parm to search path.
-I: Adding /home/case/amber24/dat/leap/cmd to search path.
-f: Source leap.in.

Welcome to LEaP!
(no leaprc in search path)
Sourcing: ./leap.in
Using Bondi radii
----- Source: /home/case/amber24/dat/leap/cmd/leaprc.gaff2
----- Source of /home/case/amber24/dat/leap/cmd/leaprc.gaff2 done
Log file: ./leap.log
Loading parameters: /home/case/amber24/dat/leap/parm/gaff2.dat
Reading title:
AMBER General Force Field for organic molecules (Version 2.2.20, March 2021)
Loading parameters: ./MKB.frcmod
Reading force field modification type file (frcmod)
Reading title:
Remark line goes here
Loading Mol2 file: ./MKB.mol2
Reading MOLECULE named MKB
Checking Unit.
Building topology.
"order_residues" off: keep input residue order.
Building atom parameters.
Building bond parameters.
Building angle parameters.
Building proper torsion parameters.
Building improper torsion parameters.
 total 19 improper torsions applied
Building H-Bond parameters.
Incorporating Non-Bonded adjustments.
Not Marking per-residue atom chain types.
Marking per-residue atom chain types.
  (Residues lacking connect0/connect1 - 
   these don't have chain types marked:

	res	total affected

	MKB	1
  )
 (no restraints)
	Quit

Exiting LEaP: Errors = 0; Warnings = 0; Notes = 0.
====== min.o =========================================================
Reading parm file (MKB.parm7)
title:
MKB                                                                             
no velocities were found
no velocities were found
	mm_options:  ntpr=5
	mm_options:  gb=1
	mm_options:  kappa=0.10395
	mm_options:  rgbmax=99.
	mm_options:  cut=99.0
	mm_options:  wcons=0.
     bond:      4.026944509
    angle:     52.354951547
 dihedral:     53.672904742
    enb14:     12.797736495
    eel14:     14.379947097
      enb:     -4.376909368
      eel:   -101.671729376
      egb:    -39.494694812
    econs:      0.000000000
    esurf:      0.000000000
    Total:     -8.310849166
     frms:     11.744661385
Starting TNCG minimisation
 MIN: Iter =    0  NFunc =     1  E =      -8.31085  RMSG = 1.1744661e+01
 MIN: Iter =    1  NFunc =     7  E =     -21.88036  RMSG = 2.6005610e+00
 MIN: Iter =    2  NFunc =    18  E =     -24.12474  RMSG = 1.1973793e+00
 MIN: Iter =    3  NFunc =    34  E =     -24.87205  RMSG = 6.4417893e-01
 MIN: Iter =    4  NFunc =    58  E =     -25.16191  RMSG = 5.1140861e-01
 MIN: Iter =    5  NFunc =    64  E =     -25.19250  RMSG = 1.7849451e-01
 MIN: Iter =    6  NFunc =    93  E =     -25.31562  RMSG = 4.7486776e-01
 MIN: Iter =    7  NFunc =    99  E =     -25.33790  RMSG = 9.3193508e-02
 MIN: Iter =    8  NFunc =   136  E =     -25.34686  RMSG = 3.7655689e-02
 MIN: Iter =    9  NFunc =   152  E =     -25.34795  RMSG = 1.5759559e-02
 MIN: Iter =   10  NFunc =   192  E =     -25.34896  RMSG = 1.1026739e-02
 MIN: Iter =   11  NFunc =   202  E =     -25.34902  RMSG = 5.1792074e-03
 MIN: Iter =   12  NFunc =   216  E =     -25.34904  RMSG = 2.9981326e-03
 MIN: Iter =   13  NFunc =   256  E =     -25.34922  RMSG = 5.0708959e-03
 MIN: Iter =   14  NFunc =   267  E =     -25.34923  RMSG = 2.6100901e-03
 MIN: Iter =   15  NFunc =   278  E =     -25.34924  RMSG = 1.3221853e-03
 MIN: Iter =   16  NFunc =   304  E =     -25.34924  RMSG = 9.6165252e-04
 MIN: Iter =   17  NFunc =   310  E =     -25.34924  RMSG = 4.0174511e-04
----------------------------------------------------------------
 END:          :-)  E =     -25.34924  RMSG =   0.0004017

     bond:      3.553931729
    angle:     44.349479996
 dihedral:     50.902204323
    enb14:      9.161049795
    eel14:     11.126303451
      enb:     -4.868960796
      eel:    -98.861969477
      egb:    -40.711279846
    econs:      0.000000000
    esurf:      0.000000000
    Total:    -25.349240825
     frms:      0.000401745
====== rms.dat  ======================================================
#Frame      all_heavy
       1       0.1762
