====== tleap.out =====================================================
-I: Adding /home/case/amber24/dat/leap/prep to search path.
-I: Adding /home/case/amber24/dat/leap/lib to search path.
-I: Adding /home/case/amber24/dat/leap/parm to search path.
-I: Adding /home/case/amber24/dat/leap/cmd to search path.
-f: Source leap.in.

Welcome to LEaP!
(no leaprc in search path)
Sourcing: ./leap.in
Using Bondi radii
----- Source: /home/case/amber24/dat/leap/cmd/leaprc.gaff2
----- Source of /home/case/amber24/dat/leap/cmd/leaprc.gaff2 done
Log file: ./leap.log
Loading parameters: /home/case/amber24/dat/leap/parm/gaff2.dat
Reading title:
AMBER General Force Field for organic molecules (Version 2.2.20, March 2021)
Loading parameters: ./MOE.frcmod
Reading force field modification type file (frcmod)
Reading title:
Remark line goes here
Loading Mol2 file: ./MOE.mol2
Reading MOLECULE named MOE
Checking Unit.

/home/case/amber24/bin/teLeap: Warning!
The unperturbed charge of the unit (-0.998000) is not zero.

/home/case/amber24/bin/teLeap: Note.
Ignoring the warning from Unit Checking.

Building topology.
"order_residues" off: keep input residue order.
Building atom parameters.
Building bond parameters.
Building angle parameters.
Building proper torsion parameters.
Building improper torsion parameters.
 total 0 improper torsions applied
Building H-Bond parameters.
Incorporating Non-Bonded adjustments.
Not Marking per-residue atom chain types.
Marking per-residue atom chain types.
  (Residues lacking connect0/connect1 - 
   these don't have chain types marked:

	res	total affected

	MOE	1
  )
 (no restraints)
	Quit

Exiting LEaP: Errors = 0; Warnings = 1; Notes = 1.
====== min.o =========================================================
Reading parm file (MOE.parm7)
title:
MOE                                                                             
no velocities were found
no velocities were found
	mm_options:  ntpr=5
	mm_options:  gb=1
	mm_options:  kappa=0.10395
	mm_options:  rgbmax=99.
	mm_options:  cut=99.0
	mm_options:  wcons=0.
     bond:      1.309835418
    angle:      2.673182394
 dihedral:      2.356760455
    enb14:      0.662346722
    eel14:     57.057622234
      enb:     -0.261430704
      eel:    -12.979841833
      egb:    -83.082698998
    econs:      0.000000000
    esurf:      0.000000000
    Total:    -32.264224312
     frms:     14.057906028
Starting TNCG minimisation
 MIN: Iter =    0  NFunc =     1  E =     -32.26422  RMSG = 1.4057906e+01
 MIN: Iter =    1  NFunc =     7  E =     -35.46310  RMSG = 2.0438842e+00
 MIN: Iter =    2  NFunc =    13  E =     -35.70167  RMSG = 3.9056531e-01
 MIN: Iter =    3  NFunc =    19  E =     -35.71287  RMSG = 1.7022594e-01
 MIN: Iter =    4  NFunc =    26  E =     -35.71702  RMSG = 8.1161405e-02
 MIN: Iter =    5  NFunc =    37  E =     -35.71972  RMSG = 3.5354389e-02
 MIN: Iter =    6  NFunc =    48  E =     -35.72019  RMSG = 1.0500470e-02
 MIN: Iter =    7  NFunc =    55  E =     -35.72021  RMSG = 6.8736286e-03
 MIN: Iter =    8  NFunc =    67  E =     -35.72024  RMSG = 3.7236540e-03
 MIN: Iter =    9  NFunc =    73  E =     -35.72024  RMSG = 1.2153125e-03
 MIN: Iter =   10  NFunc =    79  E =     -35.72024  RMSG = 6.8633156e-04
 MIN: Iter =   11  NFunc =    85  E =     -35.72024  RMSG = 3.8447447e-04
----------------------------------------------------------------
 END:          :-)  E =     -35.72024  RMSG =   0.0003845

     bond:      0.577207689
    angle:      1.475920918
 dihedral:      2.381916608
    enb14:      0.307517793
    eel14:     55.947999833
      enb:     -0.255291450
      eel:    -12.654446660
      egb:    -83.501066308
    econs:      0.000000000
    esurf:      0.000000000
    Total:    -35.720241576
     frms:      0.000384474
====== rms.dat  ======================================================
#Frame      all_heavy
       1       0.0445
