====== tleap.out =====================================================
-I: Adding /home/case/amber24/dat/leap/prep to search path.
-I: Adding /home/case/amber24/dat/leap/lib to search path.
-I: Adding /home/case/amber24/dat/leap/parm to search path.
-I: Adding /home/case/amber24/dat/leap/cmd to search path.
-f: Source leap.in.

Welcome to LEaP!
(no leaprc in search path)
Sourcing: ./leap.in
Using Bondi radii
----- Source: /home/case/amber24/dat/leap/cmd/leaprc.gaff2
----- Source of /home/case/amber24/dat/leap/cmd/leaprc.gaff2 done
Log file: ./leap.log
Loading parameters: /home/case/amber24/dat/leap/parm/gaff2.dat
Reading title:
AMBER General Force Field for organic molecules (Version 2.2.20, March 2021)
Loading parameters: ./MPK.frcmod
Reading force field modification type file (frcmod)
Reading title:
Remark line goes here
Loading Mol2 file: ./MPK.mol2
Reading MOLECULE named MPK
Checking Unit.
Building topology.
"order_residues" off: keep input residue order.
Building atom parameters.
Building bond parameters.
Building angle parameters.
Building proper torsion parameters.
Building improper torsion parameters.
 total 9 improper torsions applied
Building H-Bond parameters.
Incorporating Non-Bonded adjustments.
Not Marking per-residue atom chain types.
Marking per-residue atom chain types.
  (Residues lacking connect0/connect1 - 
   these don't have chain types marked:

	res	total affected

	MPK	1
  )
 (no restraints)
	Quit

Exiting LEaP: Errors = 0; Warnings = 0; Notes = 0.
====== min.o =========================================================
Reading parm file (MPK.parm7)
title:
MPK                                                                             
no velocities were found
no velocities were found
	mm_options:  ntpr=5
	mm_options:  gb=1
	mm_options:  kappa=0.10395
	mm_options:  rgbmax=99.
	mm_options:  cut=99.0
	mm_options:  wcons=0.
     bond:      1.330532178
    angle:      7.131257159
 dihedral:      5.304467046
    enb14:      3.705960071
    eel14:    -42.589353580
      enb:     -0.358359867
      eel:     26.689060455
      egb:    -12.317696796
    econs:      0.000000000
    esurf:      0.000000000
    Total:    -11.104133335
     frms:      8.249880517
Starting TNCG minimisation
 MIN: Iter =    0  NFunc =     1  E =     -11.10413  RMSG = 8.2498805e+00
 MIN: Iter =    1  NFunc =     7  E =     -14.62591  RMSG = 1.5676488e+00
 MIN: Iter =    2  NFunc =    14  E =     -15.21973  RMSG = 8.5364494e-01
 MIN: Iter =    3  NFunc =    30  E =     -15.66685  RMSG = 8.3121246e-01
 MIN: Iter =    4  NFunc =    39  E =     -15.83190  RMSG = 4.8816755e-01
 MIN: Iter =    5  NFunc =    46  E =     -15.87172  RMSG = 1.9995681e-01
 MIN: Iter =    6  NFunc =    68  E =     -15.92290  RMSG = 2.7833789e-01
 MIN: Iter =    7  NFunc =    92  E =     -15.94169  RMSG = 1.8282315e-01
 MIN: Iter =    8  NFunc =    98  E =     -15.94400  RMSG = 6.3308638e-02
 MIN: Iter =    9  NFunc =   128  E =     -15.95159  RMSG = 1.3587610e-01
 MIN: Iter =   10  NFunc =   162  E =     -15.95941  RMSG = 2.2130685e-01
 MIN: Iter =   11  NFunc =   169  E =     -15.96913  RMSG = 1.7476477e-01
 MIN: Iter =   12  NFunc =   184  E =     -15.97882  RMSG = 2.6318226e-01
 MIN: Iter =   13  NFunc =   190  E =     -15.98931  RMSG = 1.5581490e-01
 MIN: Iter =   14  NFunc =   202  E =     -15.99786  RMSG = 2.3215743e-01
 MIN: Iter =   15  NFunc =   209  E =     -16.00808  RMSG = 2.4248356e-01
 MIN: Iter =   16  NFunc =   215  E =     -16.01673  RMSG = 1.6280887e-01
 MIN: Iter =   17  NFunc =   221  E =     -16.02351  RMSG = 2.9072035e-01
 MIN: Iter =   18  NFunc =   227  E =     -16.03106  RMSG = 8.2696795e-02
 MIN: Iter =   19  NFunc =   234  E =     -16.03456  RMSG = 1.5355303e-01
 MIN: Iter =   20  NFunc =   240  E =     -16.03917  RMSG = 1.3483109e-01
 MIN: Iter =   21  NFunc =   246  E =     -16.04224  RMSG = 9.3318895e-02
 MIN: Iter =   22  NFunc =   252  E =     -16.04430  RMSG = 1.0474136e-01
 MIN: Iter =   23  NFunc =   259  E =     -16.04591  RMSG = 4.9723831e-02
 MIN: Iter =   24  NFunc =   265  E =     -16.04649  RMSG = 4.3714734e-02
 MIN: Iter =   25  NFunc =   284  E =     -16.04745  RMSG = 3.6035400e-02
 MIN: Iter =   26  NFunc =   290  E =     -16.04754  RMSG = 1.0913369e-02
 MIN: Iter =   27  NFunc =   305  E =     -16.04758  RMSG = 5.7634585e-03
 MIN: Iter =   28  NFunc =   316  E =     -16.04760  RMSG = 3.0708281e-03
 MIN: Iter =   29  NFunc =   339  E =     -16.04761  RMSG = 2.1215366e-03
 MIN: Iter =   30  NFunc =   353  E =     -16.04761  RMSG = 1.0547154e-03
 MIN: Iter =   31  NFunc =   363  E =     -16.04761  RMSG = 4.8121677e-04
----------------------------------------------------------------
 END:          :-)  E =     -16.04761  RMSG =   0.0004812

     bond:      0.681862789
    angle:      4.745536730
 dihedral:      5.771451639
    enb14:      2.962555966
    eel14:    -42.079521614
      enb:     -1.580472077
      eel:     26.183753197
      egb:    -12.732778995
    econs:      0.000000000
    esurf:      0.000000000
    Total:    -16.047612365
     frms:      0.000481217
====== rms.dat  ======================================================
#Frame      all_heavy
       1       0.1083
