====== tleap.out =====================================================
-I: Adding /home/case/amber24/dat/leap/prep to search path.
-I: Adding /home/case/amber24/dat/leap/lib to search path.
-I: Adding /home/case/amber24/dat/leap/parm to search path.
-I: Adding /home/case/amber24/dat/leap/cmd to search path.
-f: Source leap.in.

Welcome to LEaP!
(no leaprc in search path)
Sourcing: ./leap.in
Using Bondi radii
----- Source: /home/case/amber24/dat/leap/cmd/leaprc.gaff2
----- Source of /home/case/amber24/dat/leap/cmd/leaprc.gaff2 done
Log file: ./leap.log
Loading parameters: /home/case/amber24/dat/leap/parm/gaff2.dat
Reading title:
AMBER General Force Field for organic molecules (Version 2.2.20, March 2021)
Loading parameters: ./MRA.frcmod
Reading force field modification type file (frcmod)
Reading title:
Remark line goes here
Loading Mol2 file: ./MRA.mol2
Reading MOLECULE named MRA
Checking Unit.
Building topology.
"order_residues" off: keep input residue order.
Building atom parameters.
Building bond parameters.
Building angle parameters.
Building proper torsion parameters.
Building improper torsion parameters.
 total 15 improper torsions applied
Building H-Bond parameters.
Incorporating Non-Bonded adjustments.
Not Marking per-residue atom chain types.
Marking per-residue atom chain types.
  (Residues lacking connect0/connect1 - 
   these don't have chain types marked:

	res	total affected

	MRA	1
  )
 (no restraints)
	Quit

Exiting LEaP: Errors = 0; Warnings = 0; Notes = 0.
====== min.o =========================================================
Reading parm file (MRA.parm7)
title:
MRA                                                                             
no velocities were found
no velocities were found
	mm_options:  ntpr=5
	mm_options:  gb=1
	mm_options:  kappa=0.10395
	mm_options:  rgbmax=99.
	mm_options:  cut=99.0
	mm_options:  wcons=0.
     bond:      2.505677881
    angle:      5.999733651
 dihedral:     13.793961915
    enb14:     11.663743710
    eel14:    -42.824893978
      enb:     -3.453937706
      eel:     41.166981983
      egb:    -30.180609361
    econs:      0.000000000
    esurf:      0.000000000
    Total:     -1.329341905
     frms:     10.329441249
Starting TNCG minimisation
 MIN: Iter =    0  NFunc =     1  E =      -1.32934  RMSG = 1.0329441e+01
 MIN: Iter =    1  NFunc =     7  E =      -9.56926  RMSG = 2.4462299e+00
 MIN: Iter =    2  NFunc =    18  E =     -12.16371  RMSG = 1.0336382e+00
 MIN: Iter =    3  NFunc =    50  E =     -12.24176  RMSG = 1.2044114e+00
 MIN: Iter =    4  NFunc =    77  E =     -13.23677  RMSG = 1.1518558e+00
 MIN: Iter =    5  NFunc =    91  E =     -13.93982  RMSG = 1.1486963e+00
 MIN: Iter =    6  NFunc =    98  E =     -14.42931  RMSG = 9.5736952e-01
 MIN: Iter =    7  NFunc =   149  E =     -14.87090  RMSG = 1.3219883e+00
 MIN: Iter =    8  NFunc =   155  E =     -15.32789  RMSG = 1.0484197e+00
 MIN: Iter =    9  NFunc =   162  E =     -15.56509  RMSG = 4.3839385e-01
 MIN: Iter =   10  NFunc =   187  E =     -15.78325  RMSG = 5.3934185e-01
 MIN: Iter =   11  NFunc =   197  E =     -15.85562  RMSG = 3.5610930e-01
 MIN: Iter =   12  NFunc =   210  E =     -15.90867  RMSG = 4.4896996e-01
 MIN: Iter =   13  NFunc =   227  E =     -15.99134  RMSG = 3.0010826e-01
 MIN: Iter =   14  NFunc =   242  E =     -16.04879  RMSG = 3.7993594e-01
 MIN: Iter =   15  NFunc =   249  E =     -16.08224  RMSG = 2.3512321e-01
 MIN: Iter =   16  NFunc =   265  E =     -16.12227  RMSG = 2.5491774e-01
 MIN: Iter =   17  NFunc =   276  E =     -16.16925  RMSG = 2.9195135e-01
 MIN: Iter =   18  NFunc =   284  E =     -16.21746  RMSG = 3.4234991e-01
 MIN: Iter =   19  NFunc =   290  E =     -16.27237  RMSG = 4.7777003e-01
 MIN: Iter =   20  NFunc =   296  E =     -16.31938  RMSG = 2.3277206e-01
 MIN: Iter =   21  NFunc =   329  E =     -16.43157  RMSG = 7.2088485e-01
 MIN: Iter =   22  NFunc =   335  E =     -16.47305  RMSG = 1.7988683e-01
 MIN: Iter =   23  NFunc =   380  E =     -16.53449  RMSG = 2.7678558e-01
 MIN: Iter =   24  NFunc =   396  E =     -16.61957  RMSG = 5.4220910e-01
 MIN: Iter =   25  NFunc =   404  E =     -16.66474  RMSG = 1.6915221e-01
 MIN: Iter =   26  NFunc =   435  E =     -16.73190  RMSG = 4.8399514e-01
 MIN: Iter =   27  NFunc =   443  E =     -16.76571  RMSG = 1.7546182e-01
 MIN: Iter =   28  NFunc =   456  E =     -16.79333  RMSG = 1.7034352e-01
 MIN: Iter =   29  NFunc =   494  E =     -16.82829  RMSG = 3.7008166e-01
 MIN: Iter =   30  NFunc =   500  E =     -16.84061  RMSG = 9.6222476e-02
 MIN: Iter =   31  NFunc =   513  E =     -16.84405  RMSG = 8.9429810e-02
 MIN: Iter =   32  NFunc =   533  E =     -16.85114  RMSG = 8.2766402e-02
 MIN: Iter =   33  NFunc =   564  E =     -16.85367  RMSG = 8.3229304e-02
 MIN: Iter =   34  NFunc =   572  E =     -16.85458  RMSG = 3.2188011e-02
 MIN: Iter =   35  NFunc =   583  E =     -16.85562  RMSG = 3.2011330e-02
 MIN: Iter =   36  NFunc =   590  E =     -16.85587  RMSG = 1.3807634e-02
 MIN: Iter =   37  NFunc =   622  E =     -16.85647  RMSG = 1.6245074e-02
 MIN: Iter =   38  NFunc =   639  E =     -16.85656  RMSG = 8.0846229e-03
 MIN: Iter =   39  NFunc =   649  E =     -16.85662  RMSG = 8.0495876e-03
 MIN: Iter =   40  NFunc =   656  E =     -16.85664  RMSG = 4.0745276e-03
 MIN: Iter =   41  NFunc =   677  E =     -16.85666  RMSG = 4.8091016e-03
 MIN: Iter =   42  NFunc =   694  E =     -16.85667  RMSG = 2.1168828e-03
 MIN: Iter =   43  NFunc =   718  E =     -16.85668  RMSG = 3.8152397e-03
 MIN: Iter =   44  NFunc =   724  E =     -16.85669  RMSG = 1.3418270e-03
 MIN: Iter =   45  NFunc =   736  E =     -16.85669  RMSG = 6.9282657e-04
 MIN: Iter =   46  NFunc =   759  E =     -16.85669  RMSG = 5.4801573e-04
 MIN: Iter =   47  NFunc =   793  E =     -16.85669  RMSG = 1.0201215e-03
 MIN: Iter =   48  NFunc =   799  E =     -16.85669  RMSG = 4.8284565e-04
----------------------------------------------------------------
 END:          :-)  E =     -16.85669  RMSG =   0.0004828

     bond:      1.619684313
    angle:      4.894781192
 dihedral:      6.556463411
    enb14:      8.242516304
    eel14:    -44.638707270
      enb:     -1.173165832
      eel:     36.577906199
      egb:    -28.936167134
    econs:      0.000000000
    esurf:      0.000000000
    Total:    -16.856688819
     frms:      0.000482846
====== rms.dat  ======================================================
#Frame      all_heavy
       1       0.5973
