====== tleap.out =====================================================
-I: Adding /home/case/amber24/dat/leap/prep to search path.
-I: Adding /home/case/amber24/dat/leap/lib to search path.
-I: Adding /home/case/amber24/dat/leap/parm to search path.
-I: Adding /home/case/amber24/dat/leap/cmd to search path.
-f: Source leap.in.

Welcome to LEaP!
(no leaprc in search path)
Sourcing: ./leap.in
Using Bondi radii
----- Source: /home/case/amber24/dat/leap/cmd/leaprc.gaff2
----- Source of /home/case/amber24/dat/leap/cmd/leaprc.gaff2 done
Log file: ./leap.log
Loading parameters: /home/case/amber24/dat/leap/parm/gaff2.dat
Reading title:
AMBER General Force Field for organic molecules (Version 2.2.20, March 2021)
Loading parameters: ./MSL.frcmod
Reading force field modification type file (frcmod)
Reading title:
Remark line goes here
Loading Mol2 file: ./MSL.mol2
Reading MOLECULE named MSL
Checking Unit.

/home/case/amber24/bin/teLeap: Warning!
The unperturbed charge of the unit (-1.000000) is not zero.

/home/case/amber24/bin/teLeap: Note.
Ignoring the warning from Unit Checking.

Building topology.
"order_residues" off: keep input residue order.
Building atom parameters.
Building bond parameters.
Building angle parameters.
Building proper torsion parameters.
Building improper torsion parameters.
 total 1 improper torsion applied
Building H-Bond parameters.
Incorporating Non-Bonded adjustments.
Not Marking per-residue atom chain types.
Marking per-residue atom chain types.
  (Residues lacking connect0/connect1 - 
   these don't have chain types marked:

	res	total affected

	MSL	1
  )
 (no restraints)
	Quit

Exiting LEaP: Errors = 0; Warnings = 1; Notes = 1.
====== min.o =========================================================
Reading parm file (MSL.parm7)
title:
MSL                                                                             
no velocities were found
no velocities were found
	mm_options:  ntpr=5
	mm_options:  gb=1
	mm_options:  kappa=0.10395
	mm_options:  rgbmax=99.
	mm_options:  cut=99.0
	mm_options:  wcons=0.
     bond:      1.639248101
    angle:      5.898214080
 dihedral:     26.045127207
    enb14:      3.307741194
    eel14:    134.906501324
      enb:     -0.252266668
      eel:   -120.348972780
      egb:    -88.413660023
    econs:      0.000000000
    esurf:      0.000000000
    Total:    -37.218067565
     frms:     10.222534453
Starting TNCG minimisation
 MIN: Iter =    0  NFunc =     1  E =     -37.21807  RMSG = 1.0222534e+01
 MIN: Iter =    1  NFunc =     7  E =     -44.33371  RMSG = 4.3868887e+00
 MIN: Iter =    2  NFunc =    13  E =     -45.66102  RMSG = 1.1507434e+00
 MIN: Iter =    3  NFunc =    20  E =     -45.82014  RMSG = 5.3166131e-01
 MIN: Iter =    4  NFunc =    39  E =     -45.97306  RMSG = 9.1185568e-01
 MIN: Iter =    5  NFunc =    58  E =     -46.12611  RMSG = 1.2530790e+00
 MIN: Iter =    6  NFunc =    64  E =     -46.29989  RMSG = 1.5919268e+00
 MIN: Iter =    7  NFunc =    71  E =     -46.47475  RMSG = 8.8612840e-01
 MIN: Iter =    8  NFunc =    77  E =     -46.55710  RMSG = 6.8764822e-01
 MIN: Iter =    9  NFunc =    83  E =     -46.59096  RMSG = 2.7610504e-01
 MIN: Iter =   10  NFunc =   105  E =     -46.66114  RMSG = 7.5943038e-01
 MIN: Iter =   11  NFunc =   123  E =     -46.71992  RMSG = 7.9347470e-01
 MIN: Iter =   12  NFunc =   131  E =     -46.78960  RMSG = 1.7478009e+00
 MIN: Iter =   13  NFunc =   137  E =     -46.92333  RMSG = 3.8019502e-01
 MIN: Iter =   14  NFunc =   144  E =     -46.98210  RMSG = 7.5977387e-01
 MIN: Iter =   15  NFunc =   150  E =     -47.05090  RMSG = 1.3309177e+00
 MIN: Iter =   16  NFunc =   156  E =     -47.14617  RMSG = 4.6609014e-01
 MIN: Iter =   17  NFunc =   165  E =     -47.21850  RMSG = 8.8281817e-01
 MIN: Iter =   18  NFunc =   171  E =     -47.30653  RMSG = 7.9690542e-01
 MIN: Iter =   19  NFunc =   177  E =     -47.37097  RMSG = 6.1750896e-01
 MIN: Iter =   20  NFunc =   183  E =     -47.41689  RMSG = 5.8167227e-01
 MIN: Iter =   21  NFunc =   190  E =     -47.45039  RMSG = 4.2180822e-01
 MIN: Iter =   22  NFunc =   201  E =     -47.48137  RMSG = 5.0135109e-01
 MIN: Iter =   23  NFunc =   207  E =     -47.49455  RMSG = 1.4173281e-01
 MIN: Iter =   24  NFunc =   213  E =     -47.49990  RMSG = 2.0086630e-01
 MIN: Iter =   25  NFunc =   220  E =     -47.50213  RMSG = 5.6878991e-02
 MIN: Iter =   26  NFunc =   233  E =     -47.50523  RMSG = 7.5077250e-02
 MIN: Iter =   27  NFunc =   241  E =     -47.50583  RMSG = 2.4126661e-02
 MIN: Iter =   28  NFunc =   263  E =     -47.50691  RMSG = 1.7961695e-02
 MIN: Iter =   29  NFunc =   281  E =     -47.50739  RMSG = 1.5615308e-02
 MIN: Iter =   30  NFunc =   297  E =     -47.50752  RMSG = 8.5113857e-03
 MIN: Iter =   31  NFunc =   317  E =     -47.50757  RMSG = 5.8807793e-03
 MIN: Iter =   32  NFunc =   334  E =     -47.50759  RMSG = 1.9522270e-03
 MIN: Iter =   33  NFunc =   353  E =     -47.50759  RMSG = 1.2647185e-03
 MIN: Iter =   34  NFunc =   370  E =     -47.50759  RMSG = 7.3849923e-04
 MIN: Iter =   35  NFunc =   381  E =     -47.50759  RMSG = 6.3046936e-04
 MIN: Iter =   36  NFunc =   389  E =     -47.50759  RMSG = 3.6430878e-04
----------------------------------------------------------------
 END:          :-)  E =     -47.50759  RMSG =   0.0003643

     bond:      2.124330201
    angle:      5.593016401
 dihedral:     23.369178740
    enb14:      0.980923511
    eel14:    115.037717189
      enb:     -0.898459838
      eel:    -99.605964764
      egb:    -94.108332540
    econs:      0.000000000
    esurf:      0.000000000
    Total:    -47.507591099
     frms:      0.000364309
====== rms.dat  ======================================================
#Frame      all_heavy
       1       0.5696
