====== tleap.out =====================================================
-I: Adding /home/case/amber24/dat/leap/prep to search path.
-I: Adding /home/case/amber24/dat/leap/lib to search path.
-I: Adding /home/case/amber24/dat/leap/parm to search path.
-I: Adding /home/case/amber24/dat/leap/cmd to search path.
-f: Source leap.in.

Welcome to LEaP!
(no leaprc in search path)
Sourcing: ./leap.in
Using Bondi radii
----- Source: /home/case/amber24/dat/leap/cmd/leaprc.gaff2
----- Source of /home/case/amber24/dat/leap/cmd/leaprc.gaff2 done
Log file: ./leap.log
Loading parameters: /home/case/amber24/dat/leap/parm/gaff2.dat
Reading title:
AMBER General Force Field for organic molecules (Version 2.2.20, March 2021)
Loading parameters: ./MU8.frcmod
Reading force field modification type file (frcmod)
Reading title:
Remark line goes here
Loading Mol2 file: ./MU8.mol2
Reading MOLECULE named MU8
Checking Unit.
Building topology.
"order_residues" off: keep input residue order.
Building atom parameters.
Building bond parameters.
Building angle parameters.
Building proper torsion parameters.
Building improper torsion parameters.
 total 22 improper torsions applied
Building H-Bond parameters.
Incorporating Non-Bonded adjustments.
Not Marking per-residue atom chain types.
Marking per-residue atom chain types.
  (Residues lacking connect0/connect1 - 
   these don't have chain types marked:

	res	total affected

	MU8	1
  )
 (no restraints)
	Quit

Exiting LEaP: Errors = 0; Warnings = 0; Notes = 0.
====== min.o =========================================================
Reading parm file (MU8.parm7)
title:
MU8                                                                             
no velocities were found
no velocities were found
	mm_options:  ntpr=5
	mm_options:  gb=1
	mm_options:  kappa=0.10395
	mm_options:  rgbmax=99.
	mm_options:  cut=99.0
	mm_options:  wcons=0.
     bond:      2.804737550
    angle:     18.341014349
 dihedral:     35.186999517
    enb14:     14.730318204
    eel14:     70.231375016
      enb:     -2.924997490
      eel:    -71.745892433
      egb:    -29.878716120
    econs:      0.000000000
    esurf:      0.000000000
    Total:     36.744838592
     frms:      9.813928221
Starting TNCG minimisation
 MIN: Iter =    0  NFunc =     1  E =      36.74484  RMSG = 9.8139282e+00
 MIN: Iter =    1  NFunc =     7  E =      25.09065  RMSG = 2.8584793e+00
 MIN: Iter =    2  NFunc =    18  E =      21.56319  RMSG = 1.2339654e+00
 MIN: Iter =    3  NFunc =    38  E =      20.21024  RMSG = 1.1039272e+00
 MIN: Iter =    4  NFunc =    66  E =      19.45179  RMSG = 1.1981088e+00
 MIN: Iter =    5  NFunc =    81  E =      18.86594  RMSG = 7.8367532e-01
 MIN: Iter =    6  NFunc =    92  E =      18.63205  RMSG = 3.6348258e-01
 MIN: Iter =    7  NFunc =    98  E =      18.57113  RMSG = 1.8907336e-01
 MIN: Iter =    8  NFunc =   131  E =      18.41361  RMSG = 6.3790426e-01
 MIN: Iter =    9  NFunc =   137  E =      18.34138  RMSG = 1.7616770e-01
 MIN: Iter =   10  NFunc =   154  E =      18.28578  RMSG = 2.2560179e-01
 MIN: Iter =   11  NFunc =   160  E =      18.27262  RMSG = 9.6767919e-02
 MIN: Iter =   12  NFunc =   174  E =      18.26039  RMSG = 6.2227313e-02
 MIN: Iter =   13  NFunc =   225  E =      18.23138  RMSG = 1.9124324e-01
 MIN: Iter =   14  NFunc =   233  E =      18.22385  RMSG = 7.5087088e-02
 MIN: Iter =   15  NFunc =   250  E =      18.21503  RMSG = 5.1760444e-02
 MIN: Iter =   16  NFunc =   282  E =      18.20622  RMSG = 4.2768212e-02
 MIN: Iter =   17  NFunc =   332  E =      18.19972  RMSG = 5.7420872e-02
 MIN: Iter =   18  NFunc =   338  E =      18.19894  RMSG = 2.0337102e-02
 MIN: Iter =   19  NFunc =   355  E =      18.19784  RMSG = 1.7237925e-02
 MIN: Iter =   20  NFunc =   406  E =      18.19579  RMSG = 4.3602623e-02
 MIN: Iter =   21  NFunc =   419  E =      18.19479  RMSG = 1.8638950e-02
 MIN: Iter =   22  NFunc =   457  E =      18.19351  RMSG = 5.6852144e-02
 MIN: Iter =   23  NFunc =   463  E =      18.19278  RMSG = 1.7698458e-02
 MIN: Iter =   24  NFunc =   493  E =      18.19224  RMSG = 1.5247586e-02
 MIN: Iter =   25  NFunc =   514  E =      18.19195  RMSG = 6.9242806e-03
 MIN: Iter =   26  NFunc =   536  E =      18.19178  RMSG = 5.9703616e-03
 MIN: Iter =   27  NFunc =   584  E =      18.19162  RMSG = 3.9484034e-03
 MIN: Iter =   28  NFunc =   600  E =      18.19158  RMSG = 3.4246471e-03
 MIN: Iter =   29  NFunc =   643  E =      18.19154  RMSG = 1.7816970e-03
 MIN: Iter =   30  NFunc =   684  E =      18.19153  RMSG = 1.0101807e-03
 MIN: Iter =   31  NFunc =   707  E =      18.19153  RMSG = 5.9631797e-04
 MIN: Iter =   32  NFunc =   753  E =      18.19152  RMSG = 5.3225422e-04
 MIN: Iter =   33  NFunc =   778  E =      18.19152  RMSG = 2.9714632e-04
----------------------------------------------------------------
 END:          :-)  E =      18.19152  RMSG =   0.0002971

     bond:      2.741052512
    angle:     10.791746430
 dihedral:     32.935011647
    enb14:     10.457885148
    eel14:     64.462318056
      enb:     -4.606893793
      eel:    -65.290081890
      egb:    -33.299515363
    econs:      0.000000000
    esurf:      0.000000000
    Total:     18.191522748
     frms:      0.000297146
====== rms.dat  ======================================================
#Frame      all_heavy
       1       0.3899
