====== tleap.out =====================================================
-I: Adding /home/case/amber24/dat/leap/prep to search path.
-I: Adding /home/case/amber24/dat/leap/lib to search path.
-I: Adding /home/case/amber24/dat/leap/parm to search path.
-I: Adding /home/case/amber24/dat/leap/cmd to search path.
-f: Source leap.in.

Welcome to LEaP!
(no leaprc in search path)
Sourcing: ./leap.in
Using Bondi radii
----- Source: /home/case/amber24/dat/leap/cmd/leaprc.gaff2
----- Source of /home/case/amber24/dat/leap/cmd/leaprc.gaff2 done
Log file: ./leap.log
Loading parameters: /home/case/amber24/dat/leap/parm/gaff2.dat
Reading title:
AMBER General Force Field for organic molecules (Version 2.2.20, March 2021)
Loading parameters: ./MVO.frcmod
Reading force field modification type file (frcmod)
Reading title:
Remark line goes here
Loading Mol2 file: ./MVO.mol2
Reading MOLECULE named MVO
Checking Unit.
Building topology.
"order_residues" off: keep input residue order.
Building atom parameters.
Building bond parameters.
Building angle parameters.
Building proper torsion parameters.
Building improper torsion parameters.
 total 11 improper torsions applied
Building H-Bond parameters.
Incorporating Non-Bonded adjustments.
Not Marking per-residue atom chain types.
Marking per-residue atom chain types.
  (Residues lacking connect0/connect1 - 
   these don't have chain types marked:

	res	total affected

	MVO	1
  )
 (no restraints)
	Quit

Exiting LEaP: Errors = 0; Warnings = 0; Notes = 0.
====== min.o =========================================================
Reading parm file (MVO.parm7)
title:
MVO                                                                             
no velocities were found
no velocities were found
	mm_options:  ntpr=5
	mm_options:  gb=1
	mm_options:  kappa=0.10395
	mm_options:  rgbmax=99.
	mm_options:  cut=99.0
	mm_options:  wcons=0.
     bond:      3.356630416
    angle:      6.759577356
 dihedral:     55.665829792
    enb14:     17.125478680
    eel14:     48.198224406
      enb:     -2.870083775
      eel:    -73.549127251
      egb:    -29.610014121
    econs:      0.000000000
    esurf:      0.000000000
    Total:     25.076515501
     frms:      8.974553780
Starting TNCG minimisation
 MIN: Iter =    0  NFunc =     1  E =      25.07652  RMSG = 8.9745538e+00
 MIN: Iter =    1  NFunc =     7  E =      12.44927  RMSG = 3.1986341e+00
 MIN: Iter =    2  NFunc =    16  E =       8.63381  RMSG = 1.6485765e+00
 MIN: Iter =    3  NFunc =    25  E =       7.84472  RMSG = 6.0355891e-01
 MIN: Iter =    4  NFunc =    76  E =       6.80231  RMSG = 7.6993481e-01
 MIN: Iter =    5  NFunc =    82  E =       5.89716  RMSG = 9.7208308e-01
 MIN: Iter =    6  NFunc =    88  E =       5.04024  RMSG = 9.1890531e-01
 MIN: Iter =    7  NFunc =    94  E =       4.22473  RMSG = 9.0111227e-01
 MIN: Iter =    8  NFunc =   100  E =       3.52030  RMSG = 6.9243470e-01
 MIN: Iter =    9  NFunc =   106  E =       3.09388  RMSG = 5.5887943e-01
 MIN: Iter =   10  NFunc =   113  E =       2.83051  RMSG = 5.2043873e-01
 MIN: Iter =   11  NFunc =   130  E =       2.48481  RMSG = 4.4649007e-01
 MIN: Iter =   12  NFunc =   145  E =       2.39705  RMSG = 1.4463038e-01
 MIN: Iter =   13  NFunc =   157  E =       2.37394  RMSG = 9.9546004e-02
 MIN: Iter =   14  NFunc =   185  E =       2.34452  RMSG = 1.1643927e-01
 MIN: Iter =   15  NFunc =   205  E =       2.33766  RMSG = 3.3051113e-02
 MIN: Iter =   16  NFunc =   234  E =       2.33485  RMSG = 1.8460276e-02
 MIN: Iter =   17  NFunc =   260  E =       2.33360  RMSG = 1.4105898e-02
 MIN: Iter =   18  NFunc =   296  E =       2.33292  RMSG = 9.9933632e-03
 MIN: Iter =   19  NFunc =   347  E =       2.33245  RMSG = 1.3074455e-02
 MIN: Iter =   20  NFunc =   353  E =       2.33242  RMSG = 4.0035653e-03
 MIN: Iter =   21  NFunc =   365  E =       2.33240  RMSG = 2.9982356e-03
 MIN: Iter =   22  NFunc =   391  E =       2.33238  RMSG = 1.2901821e-03
 MIN: Iter =   23  NFunc =   442  E =       2.33237  RMSG = 1.9455111e-03
 MIN: Iter =   24  NFunc =   454  E =       2.33237  RMSG = 9.1973967e-04
 MIN: Iter =   25  NFunc =   505  E =       2.33236  RMSG = 9.7232543e-04
 MIN: Iter =   26  NFunc =   527  E =       2.33236  RMSG = 4.4702808e-04
----------------------------------------------------------------
 END:          :-)  E =       2.33236  RMSG =   0.0004470

     bond:      3.371264333
    angle:      3.991099842
 dihedral:     52.598941746
    enb14:     10.803593686
    eel14:     43.007852065
      enb:     -9.387616204
      eel:    -69.765444532
      egb:    -32.287329236
    econs:      0.000000000
    esurf:      0.000000000
    Total:      2.332361702
     frms:      0.000447028
====== rms.dat  ======================================================
#Frame      all_heavy
       1       0.4993
