====== tleap.out =====================================================
-I: Adding /home/case/amber24/dat/leap/prep to search path.
-I: Adding /home/case/amber24/dat/leap/lib to search path.
-I: Adding /home/case/amber24/dat/leap/parm to search path.
-I: Adding /home/case/amber24/dat/leap/cmd to search path.
-f: Source leap.in.

Welcome to LEaP!
(no leaprc in search path)
Sourcing: ./leap.in
Using Bondi radii
----- Source: /home/case/amber24/dat/leap/cmd/leaprc.gaff2
----- Source of /home/case/amber24/dat/leap/cmd/leaprc.gaff2 done
Log file: ./leap.log
Loading parameters: /home/case/amber24/dat/leap/parm/gaff2.dat
Reading title:
AMBER General Force Field for organic molecules (Version 2.2.20, March 2021)
Loading parameters: ./MWZ.frcmod
Reading force field modification type file (frcmod)
Reading title:
Remark line goes here
Loading Mol2 file: ./MWZ.mol2
Reading MOLECULE named MWZ
Checking Unit.

/home/case/amber24/bin/teLeap: Warning!
The unperturbed charge of the unit (0.995999) is not zero.

/home/case/amber24/bin/teLeap: Note.
Ignoring the warning from Unit Checking.

Building topology.
"order_residues" off: keep input residue order.
Building atom parameters.
Building bond parameters.
Building angle parameters.
Building proper torsion parameters.
Building improper torsion parameters.
 total 19 improper torsions applied
Building H-Bond parameters.
Incorporating Non-Bonded adjustments.
Not Marking per-residue atom chain types.
Marking per-residue atom chain types.
  (Residues lacking connect0/connect1 - 
   these don't have chain types marked:

	res	total affected

	MWZ	1
  )
 (no restraints)
	Quit

Exiting LEaP: Errors = 0; Warnings = 1; Notes = 1.
====== min.o =========================================================
Reading parm file (MWZ.parm7)
title:
MWZ                                                                             
no velocities were found
no velocities were found
	mm_options:  ntpr=5
	mm_options:  gb=1
	mm_options:  kappa=0.10395
	mm_options:  rgbmax=99.
	mm_options:  cut=99.0
	mm_options:  wcons=0.
     bond:      4.243368434
    angle:     16.577930046
 dihedral:      9.775427833
    enb14:     15.903297911
    eel14:    -51.853205170
      enb:     -2.633207367
      eel:     49.050448698
      egb:    -56.018071928
    econs:      0.000000000
    esurf:      0.000000000
    Total:    -14.954011542
     frms:      9.069361843
Starting TNCG minimisation
 MIN: Iter =    0  NFunc =     1  E =     -14.95401  RMSG = 9.0693618e+00
 MIN: Iter =    1  NFunc =     7  E =     -27.62509  RMSG = 2.2514490e+00
 MIN: Iter =    2  NFunc =    16  E =     -30.62628  RMSG = 9.2660266e-01
 MIN: Iter =    3  NFunc =    25  E =     -31.29601  RMSG = 4.7292480e-01
 MIN: Iter =    4  NFunc =    58  E =     -31.95517  RMSG = 3.7175583e-01
 MIN: Iter =    5  NFunc =    78  E =     -32.25802  RMSG = 3.8886546e-01
 MIN: Iter =    6  NFunc =    94  E =     -32.46602  RMSG = 3.0560377e-01
 MIN: Iter =    7  NFunc =   108  E =     -32.60696  RMSG = 2.6269707e-01
 MIN: Iter =    8  NFunc =   159  E =     -32.82057  RMSG = 2.7795884e-01
 MIN: Iter =    9  NFunc =   186  E =     -32.96194  RMSG = 2.6506748e-01
 MIN: Iter =   10  NFunc =   200  E =     -33.08161  RMSG = 2.4008419e-01
 MIN: Iter =   11  NFunc =   207  E =     -33.16472  RMSG = 2.1971387e-01
 MIN: Iter =   12  NFunc =   220  E =     -33.23857  RMSG = 1.9362352e-01
 MIN: Iter =   13  NFunc =   233  E =     -33.29830  RMSG = 1.9614477e-01
 MIN: Iter =   14  NFunc =   241  E =     -33.34189  RMSG = 1.5859306e-01
 MIN: Iter =   15  NFunc =   291  E =     -33.46230  RMSG = 3.0412301e-01
 MIN: Iter =   16  NFunc =   299  E =     -33.51319  RMSG = 1.5856461e-01
 MIN: Iter =   17  NFunc =   318  E =     -33.56807  RMSG = 3.9764612e-01
 MIN: Iter =   18  NFunc =   324  E =     -33.59393  RMSG = 7.7246869e-02
 MIN: Iter =   19  NFunc =   375  E =     -33.62046  RMSG = 3.3986558e-01
 MIN: Iter =   20  NFunc =   381  E =     -33.64328  RMSG = 9.8842764e-02
 MIN: Iter =   21  NFunc =   432  E =     -33.67950  RMSG = 2.2923111e-01
 MIN: Iter =   22  NFunc =   438  E =     -33.69410  RMSG = 9.0090915e-02
 MIN: Iter =   23  NFunc =   462  E =     -33.72504  RMSG = 2.0679252e-01
 MIN: Iter =   24  NFunc =   470  E =     -33.73882  RMSG = 6.6302416e-02
 MIN: Iter =   25  NFunc =   483  E =     -33.74641  RMSG = 5.3578137e-02
 MIN: Iter =   26  NFunc =   505  E =     -33.75629  RMSG = 7.5355214e-02
 MIN: Iter =   27  NFunc =   529  E =     -33.76626  RMSG = 6.1459536e-02
 MIN: Iter =   28  NFunc =   571  E =     -33.77491  RMSG = 3.4294187e-02
 MIN: Iter =   29  NFunc =   615  E =     -33.78065  RMSG = 5.6567604e-02
 MIN: Iter =   30  NFunc =   621  E =     -33.78131  RMSG = 1.7982598e-02
 MIN: Iter =   31  NFunc =   672  E =     -33.78469  RMSG = 2.6429917e-02
 MIN: Iter =   32  NFunc =   714  E =     -33.78676  RMSG = 1.4903900e-02
 MIN: Iter =   33  NFunc =   748  E =     -33.78786  RMSG = 9.5303246e-03
 MIN: Iter =   34  NFunc =   799  E =     -33.78930  RMSG = 2.2485384e-02
 MIN: Iter =   35  NFunc =   821  E =     -33.79006  RMSG = 1.0270736e-02
 MIN: Iter =   36  NFunc =   872  E =     -33.79125  RMSG = 1.9581033e-02
 MIN: Iter =   37  NFunc =   884  E =     -33.79164  RMSG = 9.0858890e-03
 MIN: Iter =   38  NFunc =   902  E =     -33.79196  RMSG = 8.0063505e-03
 MIN: Iter =   39  NFunc =   951  E =     -33.79223  RMSG = 6.6196015e-03
 MIN: Iter =   40  NFunc =   960  E =     -33.79226  RMSG = 2.9871780e-03
 MIN: Iter =   41  NFunc =  1011  E =     -33.79237  RMSG = 5.1669474e-03
 MIN: Iter =   42  NFunc =  1034  E =     -33.79245  RMSG = 3.2066895e-03
 MIN: Iter =   43  NFunc =  1076  E =     -33.79253  RMSG = 2.6203020e-03
 MIN: Iter =   44  NFunc =  1116  E =     -33.79256  RMSG = 1.1675760e-03
 MIN: Iter =   45  NFunc =  1167  E =     -33.79259  RMSG = 1.5633896e-03
 MIN: Iter =   46  NFunc =  1218  E =     -33.79260  RMSG = 1.3147646e-03
 MIN: Iter =   47  NFunc =  1239  E =     -33.79261  RMSG = 9.4950173e-04
 MIN: Iter =   48  NFunc =  1285  E =     -33.79262  RMSG = 8.8357328e-04
 MIN: Iter =   49  NFunc =  1291  E =     -33.79262  RMSG = 5.7598291e-04
 MIN: Iter =   50  NFunc =  1305  E =     -33.79262  RMSG = 4.2200551e-04
----------------------------------------------------------------
 END:          :-)  E =     -33.79262  RMSG =   0.0004220

     bond:      1.716073092
    angle:      7.440434378
 dihedral:     13.961168571
    enb14:     11.441653808
    eel14:    -52.128732765
      enb:     -8.532798060
      eel:     49.874134825
      egb:    -57.564551333
    econs:      0.000000000
    esurf:      0.000000000
    Total:    -33.792617485
     frms:      0.000422006
====== rms.dat  ======================================================
#Frame      all_heavy
       1       0.8426
