====== tleap.out =====================================================
-I: Adding /home/case/amber24/dat/leap/prep to search path.
-I: Adding /home/case/amber24/dat/leap/lib to search path.
-I: Adding /home/case/amber24/dat/leap/parm to search path.
-I: Adding /home/case/amber24/dat/leap/cmd to search path.
-f: Source leap.in.

Welcome to LEaP!
(no leaprc in search path)
Sourcing: ./leap.in
Using Bondi radii
----- Source: /home/case/amber24/dat/leap/cmd/leaprc.gaff2
----- Source of /home/case/amber24/dat/leap/cmd/leaprc.gaff2 done
Log file: ./leap.log
Loading parameters: /home/case/amber24/dat/leap/parm/gaff2.dat
Reading title:
AMBER General Force Field for organic molecules (Version 2.2.20, March 2021)
Loading parameters: ./MZW.frcmod
Reading force field modification type file (frcmod)
Reading title:
Remark line goes here
Loading Mol2 file: ./MZW.mol2
Reading MOLECULE named MZW
Checking Unit.
Building topology.
"order_residues" off: keep input residue order.
Building atom parameters.
Building bond parameters.
Building angle parameters.
Building proper torsion parameters.
Building improper torsion parameters.
 total 3 improper torsions applied
Building H-Bond parameters.
Incorporating Non-Bonded adjustments.
Not Marking per-residue atom chain types.
Marking per-residue atom chain types.
  (Residues lacking connect0/connect1 - 
   these don't have chain types marked:

	res	total affected

	MZW	1
  )
 (no restraints)
	Quit

Exiting LEaP: Errors = 0; Warnings = 0; Notes = 0.
====== min.o =========================================================
Reading parm file (MZW.parm7)
title:
MZW                                                                             
no velocities were found
no velocities were found
	mm_options:  ntpr=5
	mm_options:  gb=1
	mm_options:  kappa=0.10395
	mm_options:  rgbmax=99.
	mm_options:  cut=99.0
	mm_options:  wcons=0.
     bond:      1.094669712
    angle:      4.902023860
 dihedral:      1.905526831
    enb14:      0.246225395
    eel14:    -74.580391396
      enb:     -0.475418217
      eel:      3.068967818
      egb:    -13.635402526
    econs:      0.000000000
    esurf:      0.000000000
    Total:    -77.473798523
     frms:     14.721459868
Starting TNCG minimisation
 MIN: Iter =    0  NFunc =     1  E =     -77.47380  RMSG = 1.4721460e+01
 MIN: Iter =    1  NFunc =     7  E =     -81.84129  RMSG = 1.1198918e+00
 MIN: Iter =    2  NFunc =    14  E =     -81.90845  RMSG = 3.0983429e-01
 MIN: Iter =    3  NFunc =    24  E =     -81.93651  RMSG = 3.3598004e-01
 MIN: Iter =    4  NFunc =    56  E =     -81.98398  RMSG = 5.2647028e-01
 MIN: Iter =    5  NFunc =    63  E =     -82.01477  RMSG = 4.3057504e-01
 MIN: Iter =    6  NFunc =    72  E =     -82.04791  RMSG = 7.3643619e-01
 MIN: Iter =    7  NFunc =    78  E =     -82.06536  RMSG = 1.9171424e-01
 MIN: Iter =    8  NFunc =    84  E =     -82.07481  RMSG = 3.2734398e-01
 MIN: Iter =    9  NFunc =    90  E =     -82.08023  RMSG = 1.1112039e-01
 MIN: Iter =   10  NFunc =   100  E =     -82.08559  RMSG = 1.2039479e-01
 MIN: Iter =   11  NFunc =   109  E =     -82.08835  RMSG = 5.4953906e-02
 MIN: Iter =   12  NFunc =   119  E =     -82.08917  RMSG = 2.9959554e-02
 MIN: Iter =   13  NFunc =   127  E =     -82.08927  RMSG = 1.2108331e-02
 MIN: Iter =   14  NFunc =   137  E =     -82.08931  RMSG = 6.6610238e-03
 MIN: Iter =   15  NFunc =   149  E =     -82.08933  RMSG = 4.5180816e-03
 MIN: Iter =   16  NFunc =   155  E =     -82.08933  RMSG = 3.5385351e-03
 MIN: Iter =   17  NFunc =   161  E =     -82.08933  RMSG = 2.2931492e-03
 MIN: Iter =   18  NFunc =   170  E =     -82.08933  RMSG = 1.1210339e-03
 MIN: Iter =   19  NFunc =   195  E =     -82.08934  RMSG = 9.8940104e-04
 MIN: Iter =   20  NFunc =   201  E =     -82.08934  RMSG = 5.8875095e-04
 MIN: Iter =   21  NFunc =   211  E =     -82.08934  RMSG = 5.0463970e-04
 MIN: Iter =   22  NFunc =   220  E =     -82.08934  RMSG = 2.4930211e-04
----------------------------------------------------------------
 END:          :-)  E =     -82.08934  RMSG =   0.0002493

     bond:      0.806545921
    angle:      2.091577364
 dihedral:      1.459229455
    enb14:      0.042893804
    eel14:    -76.379422655
      enb:     -0.566151894
      eel:      3.823864805
      egb:    -13.367874102
    econs:      0.000000000
    esurf:      0.000000000
    Total:    -82.089337302
     frms:      0.000249302
====== rms.dat  ======================================================
#Frame      all_heavy
       1       0.1479
