====== tleap.out =====================================================
-I: Adding /home/case/amber24/dat/leap/prep to search path.
-I: Adding /home/case/amber24/dat/leap/lib to search path.
-I: Adding /home/case/amber24/dat/leap/parm to search path.
-I: Adding /home/case/amber24/dat/leap/cmd to search path.
-f: Source leap.in.

Welcome to LEaP!
(no leaprc in search path)
Sourcing: ./leap.in
Using Bondi radii
----- Source: /home/case/amber24/dat/leap/cmd/leaprc.gaff2
----- Source of /home/case/amber24/dat/leap/cmd/leaprc.gaff2 done
Log file: ./leap.log
Loading parameters: /home/case/amber24/dat/leap/parm/gaff2.dat
Reading title:
AMBER General Force Field for organic molecules (Version 2.2.20, March 2021)
Loading parameters: ./B1Y.frcmod
Reading force field modification type file (frcmod)
Reading title:
Remark line goes here
Loading Mol2 file: ./B1Y.mol2
Reading MOLECULE named B1Y
Checking Unit.

/home/case/amber24/bin/teLeap: Warning!
The unperturbed charge of the unit (-0.998000) is not zero.

/home/case/amber24/bin/teLeap: Note.
Ignoring the warning from Unit Checking.

Building topology.
"order_residues" off: keep input residue order.
Building atom parameters.
Building bond parameters.
Building angle parameters.
Building proper torsion parameters.
Building improper torsion parameters.
 total 2 improper torsions applied
Building H-Bond parameters.
Incorporating Non-Bonded adjustments.
Not Marking per-residue atom chain types.
Marking per-residue atom chain types.
  (Residues lacking connect0/connect1 - 
   these don't have chain types marked:

	res	total affected

	B1Y	1
  )
 (no restraints)
	Quit

Exiting LEaP: Errors = 0; Warnings = 1; Notes = 1.
====== min.o =========================================================
Reading parm file (B1Y.parm7)
title:
B1Y                                                                             
no velocities were found
no velocities were found
	mm_options:  ntpr=5
	mm_options:  gb=1
	mm_options:  kappa=0.10395
	mm_options:  rgbmax=99.
	mm_options:  cut=99.0
	mm_options:  wcons=0.
     bond:      1.397095559
    angle:     11.132923491
 dihedral:     26.773689767
    enb14:      3.364636198
    eel14:     53.015379320
      enb:     -0.464816944
      eel:     -9.116038501
      egb:    -81.548377275
    econs:      0.000000000
    esurf:      0.000000000
    Total:      4.554491614
     frms:      9.911889041
Starting TNCG minimisation
 MIN: Iter =    0  NFunc =     1  E =       4.55449  RMSG = 9.9118890e+00
 MIN: Iter =    1  NFunc =     7  E =      -1.60273  RMSG = 3.2808295e+00
 MIN: Iter =    2  NFunc =    15  E =      -3.36653  RMSG = 1.3704066e+00
 MIN: Iter =    3  NFunc =    34  E =      -4.23695  RMSG = 2.3120252e+00
 MIN: Iter =    4  NFunc =    40  E =      -4.49564  RMSG = 7.0289782e-01
 MIN: Iter =    5  NFunc =    64  E =      -4.88880  RMSG = 1.0195941e+00
 MIN: Iter =    6  NFunc =    71  E =      -5.03223  RMSG = 4.9809054e-01
 MIN: Iter =    7  NFunc =    80  E =      -5.16389  RMSG = 9.3738783e-01
 MIN: Iter =    8  NFunc =    98  E =      -5.34470  RMSG = 7.6022352e-01
 MIN: Iter =    9  NFunc =   128  E =      -5.50115  RMSG = 1.2733553e+00
 MIN: Iter =   10  NFunc =   134  E =      -5.59086  RMSG = 2.6544424e-01
 MIN: Iter =   11  NFunc =   178  E =      -5.72308  RMSG = 1.0727860e+00
 MIN: Iter =   12  NFunc =   187  E =      -5.81801  RMSG = 4.2775315e-01
 MIN: Iter =   13  NFunc =   238  E =      -5.96234  RMSG = 1.2058221e+00
 MIN: Iter =   14  NFunc =   244  E =      -6.13267  RMSG = 1.3154379e+00
 MIN: Iter =   15  NFunc =   250  E =      -6.36199  RMSG = 1.3853143e+00
 MIN: Iter =   16  NFunc =   256  E =      -6.63500  RMSG = 1.6187283e+00
 MIN: Iter =   17  NFunc =   263  E =      -7.02284  RMSG = 1.8796034e+00
 MIN: Iter =   18  NFunc =   290  E =      -7.63388  RMSG = 2.4923822e+00
 MIN: Iter =   19  NFunc =   296  E =      -8.36532  RMSG = 2.4662501e+00
 MIN: Iter =   20  NFunc =   302  E =      -9.30432  RMSG = 2.5032850e+00
 MIN: Iter =   21  NFunc =   308  E =     -10.38001  RMSG = 2.3065806e+00
 MIN: Iter =   22  NFunc =   314  E =     -11.35139  RMSG = 1.8421126e+00
 MIN: Iter =   23  NFunc =   320  E =     -11.75181  RMSG = 7.0085212e-01
 MIN: Iter =   24  NFunc =   342  E =     -12.11338  RMSG = 3.2771447e+00
 MIN: Iter =   25  NFunc =   348  E =     -12.52443  RMSG = 5.7854277e-01
 MIN: Iter =   26  NFunc =   356  E =     -12.70627  RMSG = 2.2384718e+00
 MIN: Iter =   27  NFunc =   362  E =     -12.98355  RMSG = 5.4426976e-01
 MIN: Iter =   28  NFunc =   369  E =     -13.09897  RMSG = 6.9880674e-01
 MIN: Iter =   29  NFunc =   375  E =     -13.19085  RMSG = 8.2281758e-01
 MIN: Iter =   30  NFunc =   384  E =     -13.26596  RMSG = 4.1372795e-01
 MIN: Iter =   31  NFunc =   405  E =     -13.32710  RMSG = 1.1173291e+00
 MIN: Iter =   32  NFunc =   411  E =     -13.36878  RMSG = 2.6096792e-01
 MIN: Iter =   33  NFunc =   425  E =     -13.40991  RMSG = 6.5838414e-01
 MIN: Iter =   34  NFunc =   431  E =     -13.43002  RMSG = 1.7871026e-01
 MIN: Iter =   35  NFunc =   449  E =     -13.45810  RMSG = 7.6650601e-01
 MIN: Iter =   36  NFunc =   455  E =     -13.47178  RMSG = 7.5543675e-02
 MIN: Iter =   37  NFunc =   470  E =     -13.47392  RMSG = 2.8050526e-02
 MIN: Iter =   38  NFunc =   489  E =     -13.47506  RMSG = 2.2556920e-02
 MIN: Iter =   39  NFunc =   504  E =     -13.47518  RMSG = 8.0529418e-03
 MIN: Iter =   40  NFunc =   531  E =     -13.47526  RMSG = 6.7132401e-03
 MIN: Iter =   41  NFunc =   552  E =     -13.47529  RMSG = 3.6550929e-03
 MIN: Iter =   42  NFunc =   563  E =     -13.47530  RMSG = 1.9177925e-03
 MIN: Iter =   43  NFunc =   576  E =     -13.47530  RMSG = 8.1632114e-04
 MIN: Iter =   44  NFunc =   587  E =     -13.47530  RMSG = 4.3171146e-04
----------------------------------------------------------------
 END:          :-)  E =     -13.47530  RMSG =   0.0004317

     bond:      1.990319051
    angle:     11.998330029
 dihedral:     25.272131625
    enb14:      1.763825023
    eel14:     86.373664335
      enb:     -1.632779159
      eel:    -64.033442793
      egb:    -75.207350170
    econs:      0.000000000
    esurf:      0.000000000
    Total:    -13.475302060
     frms:      0.000431711
====== rms.dat  ======================================================
#Frame      all_heavy
       1       1.5119
