====== tleap.out =====================================================
-I: Adding /home/case/amber24/dat/leap/prep to search path.
-I: Adding /home/case/amber24/dat/leap/lib to search path.
-I: Adding /home/case/amber24/dat/leap/parm to search path.
-I: Adding /home/case/amber24/dat/leap/cmd to search path.
-f: Source leap.in.

Welcome to LEaP!
(no leaprc in search path)
Sourcing: ./leap.in
Using Bondi radii
----- Source: /home/case/amber24/dat/leap/cmd/leaprc.gaff2
----- Source of /home/case/amber24/dat/leap/cmd/leaprc.gaff2 done
Log file: ./leap.log
Loading parameters: /home/case/amber24/dat/leap/parm/gaff2.dat
Reading title:
AMBER General Force Field for organic molecules (Version 2.2.20, March 2021)
Loading parameters: ./B4S.frcmod
Reading force field modification type file (frcmod)
Reading title:
Remark line goes here
Loading Mol2 file: ./B4S.mol2
Reading MOLECULE named B4S
Checking Unit.
Building topology.
"order_residues" off: keep input residue order.
Building atom parameters.
Building bond parameters.
Building angle parameters.
Building proper torsion parameters.
Building improper torsion parameters.
 total 12 improper torsions applied
Building H-Bond parameters.
Incorporating Non-Bonded adjustments.
Not Marking per-residue atom chain types.
Marking per-residue atom chain types.
  (Residues lacking connect0/connect1 - 
   these don't have chain types marked:

	res	total affected

	B4S	1
  )
 (no restraints)
	Quit

Exiting LEaP: Errors = 0; Warnings = 0; Notes = 0.
====== min.o =========================================================
Reading parm file (B4S.parm7)
title:
B4S                                                                             
no velocities were found
no velocities were found
	mm_options:  ntpr=5
	mm_options:  gb=1
	mm_options:  kappa=0.10395
	mm_options:  rgbmax=99.
	mm_options:  cut=99.0
	mm_options:  wcons=0.
     bond:      1.884715658
    angle:      3.039889098
 dihedral:     28.204556481
    enb14:      9.133342429
    eel14:   -123.504009792
      enb:     -0.362186826
      eel:     -9.494771083
      egb:    -19.140566865
    econs:      0.000000000
    esurf:      0.000000000
    Total:   -110.239030900
     frms:      8.134165813
Starting TNCG minimisation
 MIN: Iter =    0  NFunc =     1  E =    -110.23903  RMSG = 8.1341658e+00
 MIN: Iter =    1  NFunc =     9  E =    -118.99093  RMSG = 5.9116463e+00
 MIN: Iter =    2  NFunc =    15  E =    -121.68939  RMSG = 1.4606670e+00
 MIN: Iter =    3  NFunc =    23  E =    -122.37659  RMSG = 6.2315036e-01
 MIN: Iter =    4  NFunc =    30  E =    -122.44499  RMSG = 3.1189724e-01
 MIN: Iter =    5  NFunc =    46  E =    -122.51374  RMSG = 2.1367752e-01
 MIN: Iter =    6  NFunc =    74  E =    -122.56157  RMSG = 4.8237507e-01
 MIN: Iter =    7  NFunc =    80  E =    -122.57218  RMSG = 7.4796874e-02
 MIN: Iter =    8  NFunc =   101  E =    -122.58642  RMSG = 2.3411023e-01
 MIN: Iter =    9  NFunc =   127  E =    -122.60271  RMSG = 4.3729760e-01
 MIN: Iter =   10  NFunc =   133  E =    -122.62477  RMSG = 1.0533291e+00
 MIN: Iter =   11  NFunc =   139  E =    -122.68022  RMSG = 2.1337953e-01
 MIN: Iter =   12  NFunc =   146  E =    -122.70602  RMSG = 4.7742704e-01
 MIN: Iter =   13  NFunc =   152  E =    -122.73846  RMSG = 8.9640753e-01
 MIN: Iter =   14  NFunc =   158  E =    -122.78129  RMSG = 2.2408674e-01
 MIN: Iter =   15  NFunc =   165  E =    -122.80118  RMSG = 4.0542391e-01
 MIN: Iter =   16  NFunc =   171  E =    -122.82643  RMSG = 4.8548838e-01
 MIN: Iter =   17  NFunc =   177  E =    -122.84639  RMSG = 1.8762323e-01
 MIN: Iter =   18  NFunc =   183  E =    -122.85583  RMSG = 3.4096160e-01
 MIN: Iter =   19  NFunc =   189  E =    -122.86250  RMSG = 7.3042257e-02
 MIN: Iter =   20  NFunc =   197  E =    -122.86560  RMSG = 1.2827766e-01
 MIN: Iter =   21  NFunc =   217  E =    -122.87238  RMSG = 7.5041773e-02
 MIN: Iter =   22  NFunc =   226  E =    -122.87345  RMSG = 3.2758157e-02
 MIN: Iter =   23  NFunc =   253  E =    -122.87485  RMSG = 1.6090357e-02
 MIN: Iter =   24  NFunc =   271  E =    -122.87510  RMSG = 1.0991970e-02
 MIN: Iter =   25  NFunc =   297  E =    -122.87529  RMSG = 6.9757925e-03
 MIN: Iter =   26  NFunc =   318  E =    -122.87538  RMSG = 4.8963976e-03
 MIN: Iter =   27  NFunc =   334  E =    -122.87539  RMSG = 2.6285646e-03
 MIN: Iter =   28  NFunc =   368  E =    -122.87540  RMSG = 8.5109240e-04
 MIN: Iter =   29  NFunc =   390  E =    -122.87540  RMSG = 5.3301925e-04
 MIN: Iter =   30  NFunc =   398  E =    -122.87540  RMSG = 2.9143359e-04
----------------------------------------------------------------
 END:          :-)  E =    -122.87540  RMSG =   0.0002914

     bond:      1.718465533
    angle:      5.208845807
 dihedral:     27.684166417
    enb14:      6.443821257
    eel14:   -137.142839384
      enb:     -0.962695673
      eel:     -8.886068219
      egb:    -16.939093348
    econs:      0.000000000
    esurf:      0.000000000
    Total:   -122.875397610
     frms:      0.000291434
====== rms.dat  ======================================================
#Frame      all_heavy
       1       0.1358
