====== tleap.out =====================================================
-I: Adding /home/case/amber24/dat/leap/prep to search path.
-I: Adding /home/case/amber24/dat/leap/lib to search path.
-I: Adding /home/case/amber24/dat/leap/parm to search path.
-I: Adding /home/case/amber24/dat/leap/cmd to search path.
-f: Source leap.in.

Welcome to LEaP!
(no leaprc in search path)
Sourcing: ./leap.in
Using Bondi radii
----- Source: /home/case/amber24/dat/leap/cmd/leaprc.gaff2
----- Source of /home/case/amber24/dat/leap/cmd/leaprc.gaff2 done
Log file: ./leap.log
Loading parameters: /home/case/amber24/dat/leap/parm/gaff2.dat
Reading title:
AMBER General Force Field for organic molecules (Version 2.2.20, March 2021)
Loading parameters: ./BB1.frcmod
Reading force field modification type file (frcmod)
Reading title:
Remark line goes here
Loading Mol2 file: ./BB1.mol2
Reading MOLECULE named BB1
Checking Unit.
Building topology.
"order_residues" off: keep input residue order.
Building atom parameters.
Building bond parameters.
Building angle parameters.
Building proper torsion parameters.
Building improper torsion parameters.
 total 6 improper torsions applied
Building H-Bond parameters.
Incorporating Non-Bonded adjustments.
Not Marking per-residue atom chain types.
Marking per-residue atom chain types.
  (Residues lacking connect0/connect1 - 
   these don't have chain types marked:

	res	total affected

	BB1	1
  )
 (no restraints)
	Quit

Exiting LEaP: Errors = 0; Warnings = 0; Notes = 0.
====== min.o =========================================================
Reading parm file (BB1.parm7)
title:
BB1                                                                             
no velocities were found
no velocities were found
	mm_options:  ntpr=5
	mm_options:  gb=1
	mm_options:  kappa=0.10395
	mm_options:  rgbmax=99.
	mm_options:  cut=99.0
	mm_options:  wcons=0.
     bond:      3.809359483
    angle:      7.849571775
 dihedral:     32.231684111
    enb14:     11.932712078
    eel14:    115.379461475
      enb:     -3.370568619
      eel:   -129.864793033
      egb:    -24.669898341
    econs:      0.000000000
    esurf:      0.000000000
    Total:     13.297528929
     frms:      9.756865783
Starting TNCG minimisation
 MIN: Iter =    0  NFunc =     1  E =      13.29753  RMSG = 9.7568658e+00
 MIN: Iter =    1  NFunc =     8  E =       2.62657  RMSG = 2.2999345e+00
 MIN: Iter =    2  NFunc =    23  E =       1.73099  RMSG = 2.2667882e+00
 MIN: Iter =    3  NFunc =    30  E =       0.12963  RMSG = 1.3223123e+00
 MIN: Iter =    4  NFunc =    48  E =      -0.50552  RMSG = 2.6064120e+00
 MIN: Iter =    5  NFunc =    54  E =      -1.53841  RMSG = 1.9980489e+00
 MIN: Iter =    6  NFunc =    62  E =      -2.52465  RMSG = 2.7623297e+00
 MIN: Iter =    7  NFunc =    68  E =      -3.35856  RMSG = 1.3604300e+00
 MIN: Iter =    8  NFunc =    74  E =      -3.83236  RMSG = 1.8858836e+00
 MIN: Iter =    9  NFunc =    81  E =      -4.15348  RMSG = 4.5809414e-01
 MIN: Iter =   10  NFunc =   123  E =      -4.43594  RMSG = 8.7772410e-01
 MIN: Iter =   11  NFunc =   132  E =      -4.68832  RMSG = 6.2725794e-01
 MIN: Iter =   12  NFunc =   168  E =      -4.91947  RMSG = 1.1954752e+00
 MIN: Iter =   13  NFunc =   174  E =      -5.11140  RMSG = 3.1752700e-01
 MIN: Iter =   14  NFunc =   207  E =      -5.32348  RMSG = 1.3100179e+00
 MIN: Iter =   15  NFunc =   213  E =      -5.52918  RMSG = 2.9684461e-01
 MIN: Iter =   16  NFunc =   264  E =      -5.78353  RMSG = 1.0567548e+00
 MIN: Iter =   17  NFunc =   270  E =      -6.04022  RMSG = 4.0572003e-01
 MIN: Iter =   18  NFunc =   276  E =      -6.18495  RMSG = 5.7540074e-01
 MIN: Iter =   19  NFunc =   283  E =      -6.28526  RMSG = 2.4787547e-01
 MIN: Iter =   20  NFunc =   292  E =      -6.34894  RMSG = 3.1711520e-01
 MIN: Iter =   21  NFunc =   343  E =      -6.58444  RMSG = 3.2029965e-01
 MIN: Iter =   22  NFunc =   351  E =      -6.69500  RMSG = 3.8140165e-01
 MIN: Iter =   23  NFunc =   374  E =      -6.83804  RMSG = 2.5523583e-01
 MIN: Iter =   24  NFunc =   386  E =      -6.90286  RMSG = 1.7299993e-01
 MIN: Iter =   25  NFunc =   412  E =      -6.93141  RMSG = 1.2416787e-01
 MIN: Iter =   26  NFunc =   430  E =      -6.94085  RMSG = 4.4695526e-02
 MIN: Iter =   27  NFunc =   481  E =      -6.95982  RMSG = 1.8741085e-01
 MIN: Iter =   28  NFunc =   493  E =      -6.96994  RMSG = 6.0090758e-02
 MIN: Iter =   29  NFunc =   511  E =      -6.97678  RMSG = 4.1463913e-02
 MIN: Iter =   30  NFunc =   540  E =      -6.97901  RMSG = 1.8538846e-02
 MIN: Iter =   31  NFunc =   565  E =      -6.98027  RMSG = 1.8125047e-02
 MIN: Iter =   32  NFunc =   588  E =      -6.98105  RMSG = 9.4479647e-03
 MIN: Iter =   33  NFunc =   631  E =      -6.98147  RMSG = 4.9642327e-03
 MIN: Iter =   34  NFunc =   664  E =      -6.98152  RMSG = 2.7019750e-03
 MIN: Iter =   35  NFunc =   688  E =      -6.98155  RMSG = 2.6960935e-03
 MIN: Iter =   36  NFunc =   708  E =      -6.98157  RMSG = 1.4806937e-03
 MIN: Iter =   37  NFunc =   736  E =      -6.98158  RMSG = 1.6237979e-03
 MIN: Iter =   38  NFunc =   776  E =      -6.98160  RMSG = 1.0340807e-03
 MIN: Iter =   39  NFunc =   783  E =      -6.98160  RMSG = 6.9959060e-04
 MIN: Iter =   40  NFunc =   806  E =      -6.98160  RMSG = 4.6013242e-04
----------------------------------------------------------------
 END:          :-)  E =      -6.98160  RMSG =   0.0004601

     bond:      2.533481385
    angle:      5.152229021
 dihedral:     24.486612315
    enb14:      7.198153028
    eel14:    100.792922474
      enb:     -6.456880333
      eel:   -106.470217512
      egb:    -34.217898112
    econs:      0.000000000
    esurf:      0.000000000
    Total:     -6.981597734
     frms:      0.000460132
====== rms.dat  ======================================================
#Frame      all_heavy
       1       0.5472
