====== tleap.out =====================================================
-I: Adding /home/case/amber24/dat/leap/prep to search path.
-I: Adding /home/case/amber24/dat/leap/lib to search path.
-I: Adding /home/case/amber24/dat/leap/parm to search path.
-I: Adding /home/case/amber24/dat/leap/cmd to search path.
-f: Source leap.in.

Welcome to LEaP!
(no leaprc in search path)
Sourcing: ./leap.in
Using Bondi radii
----- Source: /home/case/amber24/dat/leap/cmd/leaprc.gaff2
----- Source of /home/case/amber24/dat/leap/cmd/leaprc.gaff2 done
Log file: ./leap.log
Loading parameters: /home/case/amber24/dat/leap/parm/gaff2.dat
Reading title:
AMBER General Force Field for organic molecules (Version 2.2.20, March 2021)
Loading parameters: ./BBE.frcmod
Reading force field modification type file (frcmod)
Reading title:
Remark line goes here
Loading Mol2 file: ./BBE.mol2
Reading MOLECULE named BBE
Checking Unit.
Building topology.
"order_residues" off: keep input residue order.
Building atom parameters.
Building bond parameters.
Building angle parameters.
Building proper torsion parameters.
Building improper torsion parameters.
 total 20 improper torsions applied
Building H-Bond parameters.
Incorporating Non-Bonded adjustments.
Not Marking per-residue atom chain types.
Marking per-residue atom chain types.
  (Residues lacking connect0/connect1 - 
   these don't have chain types marked:

	res	total affected

	BBE	1
  )
 (no restraints)
	Quit

Exiting LEaP: Errors = 0; Warnings = 0; Notes = 0.
====== min.o =========================================================
Reading parm file (BBE.parm7)
title:
BBE                                                                             
no velocities were found
no velocities were found
	mm_options:  ntpr=5
	mm_options:  gb=1
	mm_options:  kappa=0.10395
	mm_options:  rgbmax=99.
	mm_options:  cut=99.0
	mm_options:  wcons=0.
     bond:      2.978496901
    angle:      5.834142509
 dihedral:     24.898468987
    enb14:     17.304629472
    eel14:   -107.670110888
      enb:     -5.960586601
      eel:    -77.815113085
      egb:    -28.763373823
    econs:      0.000000000
    esurf:      0.000000000
    Total:   -169.193446528
     frms:     10.656448559
Starting TNCG minimisation
 MIN: Iter =    0  NFunc =     1  E =    -169.19345  RMSG = 1.0656449e+01
 MIN: Iter =    1  NFunc =     7  E =    -180.33195  RMSG = 2.2994373e+00
 MIN: Iter =    2  NFunc =    18  E =    -182.23721  RMSG = 1.1943661e+00
 MIN: Iter =    3  NFunc =    24  E =    -182.40782  RMSG = 4.0984643e-01
 MIN: Iter =    4  NFunc =    36  E =    -182.53877  RMSG = 2.7266985e-01
 MIN: Iter =    5  NFunc =    58  E =    -182.63467  RMSG = 7.3106673e-01
 MIN: Iter =    6  NFunc =    64  E =    -182.69407  RMSG = 1.5635037e-01
 MIN: Iter =    7  NFunc =    88  E =    -182.74059  RMSG = 2.0057393e-01
 MIN: Iter =    8  NFunc =   129  E =    -182.86038  RMSG = 3.0814356e-01
 MIN: Iter =    9  NFunc =   135  E =    -182.89921  RMSG = 1.7784590e-01
 MIN: Iter =   10  NFunc =   186  E =    -183.00242  RMSG = 2.7702170e-01
 MIN: Iter =   11  NFunc =   236  E =    -183.13306  RMSG = 4.1850004e-01
 MIN: Iter =   12  NFunc =   287  E =    -183.29288  RMSG = 5.5584947e-01
 MIN: Iter =   13  NFunc =   299  E =    -183.49008  RMSG = 6.6406516e-01
 MIN: Iter =   14  NFunc =   305  E =    -183.72635  RMSG = 6.2223995e-01
 MIN: Iter =   15  NFunc =   311  E =    -183.95985  RMSG = 6.4539073e-01
 MIN: Iter =   16  NFunc =   317  E =    -184.21073  RMSG = 6.3303166e-01
 MIN: Iter =   17  NFunc =   323  E =    -184.46848  RMSG = 6.1401600e-01
 MIN: Iter =   18  NFunc =   329  E =    -184.71382  RMSG = 5.5709137e-01
 MIN: Iter =   19  NFunc =   335  E =    -184.93534  RMSG = 4.6937518e-01
 MIN: Iter =   20  NFunc =   341  E =    -185.11311  RMSG = 3.6134097e-01
 MIN: Iter =   21  NFunc =   347  E =    -185.23186  RMSG = 3.4694061e-01
 MIN: Iter =   22  NFunc =   386  E =    -185.47305  RMSG = 3.4117913e-01
 MIN: Iter =   23  NFunc =   404  E =    -185.63608  RMSG = 3.0287298e-01
 MIN: Iter =   24  NFunc =   415  E =    -185.69678  RMSG = 1.9424157e-01
 MIN: Iter =   25  NFunc =   432  E =    -185.75925  RMSG = 1.9232504e-01
 MIN: Iter =   26  NFunc =   459  E =    -185.82442  RMSG = 2.5106143e-01
 MIN: Iter =   27  NFunc =   481  E =    -185.85574  RMSG = 8.9931309e-02
 MIN: Iter =   28  NFunc =   515  E =    -185.87676  RMSG = 8.2643644e-02
 MIN: Iter =   29  NFunc =   537  E =    -185.88136  RMSG = 3.2125677e-02
 MIN: Iter =   30  NFunc =   576  E =    -185.88673  RMSG = 5.6504701e-02
 MIN: Iter =   31  NFunc =   582  E =    -185.88721  RMSG = 2.2030855e-02
 MIN: Iter =   32  NFunc =   611  E =    -185.88910  RMSG = 3.0046193e-02
 MIN: Iter =   33  NFunc =   638  E =    -185.89005  RMSG = 1.2649297e-02
 MIN: Iter =   34  NFunc =   664  E =    -185.89056  RMSG = 1.3391694e-02
 MIN: Iter =   35  NFunc =   689  E =    -185.89093  RMSG = 1.1127233e-02
 MIN: Iter =   36  NFunc =   723  E =    -185.89113  RMSG = 7.4304047e-03
 MIN: Iter =   37  NFunc =   745  E =    -185.89124  RMSG = 5.4752197e-03
 MIN: Iter =   38  NFunc =   796  E =    -185.89136  RMSG = 1.7265030e-02
 MIN: Iter =   39  NFunc =   802  E =    -185.89139  RMSG = 3.6117825e-03
 MIN: Iter =   40  NFunc =   836  E =    -185.89144  RMSG = 7.1372834e-03
 MIN: Iter =   41  NFunc =   842  E =    -185.89145  RMSG = 2.2813950e-03
 MIN: Iter =   42  NFunc =   887  E =    -185.89148  RMSG = 2.5522368e-03
 MIN: Iter =   43  NFunc =   903  E =    -185.89149  RMSG = 1.4957882e-03
 MIN: Iter =   44  NFunc =   933  E =    -185.89150  RMSG = 1.0848041e-03
 MIN: Iter =   45  NFunc =   946  E =    -185.89150  RMSG = 7.0714733e-04
 MIN: Iter =   46  NFunc =   977  E =    -185.89150  RMSG = 7.7662363e-04
 MIN: Iter =   47  NFunc =  1018  E =    -185.89150  RMSG = 5.2844521e-04
 MIN: Iter =   48  NFunc =  1034  E =    -185.89150  RMSG = 3.4978250e-04
----------------------------------------------------------------
 END:          :-)  E =    -185.89150  RMSG =   0.0003498

     bond:      2.105810612
    angle:      2.608032994
 dihedral:     24.800052319
    enb14:     13.204834541
    eel14:   -117.843580729
      enb:     -8.434381009
      eel:    -74.353636665
      egb:    -27.978634337
    econs:      0.000000000
    esurf:      0.000000000
    Total:   -185.891502274
     frms:      0.000349782
====== rms.dat  ======================================================
#Frame      all_heavy
       1       1.3422
