====== tleap.out =====================================================
-I: Adding /home/case/amber24/dat/leap/prep to search path.
-I: Adding /home/case/amber24/dat/leap/lib to search path.
-I: Adding /home/case/amber24/dat/leap/parm to search path.
-I: Adding /home/case/amber24/dat/leap/cmd to search path.
-f: Source leap.in.

Welcome to LEaP!
(no leaprc in search path)
Sourcing: ./leap.in
Using Bondi radii
----- Source: /home/case/amber24/dat/leap/cmd/leaprc.gaff2
----- Source of /home/case/amber24/dat/leap/cmd/leaprc.gaff2 done
Log file: ./leap.log
Loading parameters: /home/case/amber24/dat/leap/parm/gaff2.dat
Reading title:
AMBER General Force Field for organic molecules (Version 2.2.20, March 2021)
Loading parameters: ./BGL.frcmod
Reading force field modification type file (frcmod)
Reading title:
Remark line goes here
Loading Mol2 file: ./BGL.mol2
Reading MOLECULE named BGL
Checking Unit.
Building topology.
"order_residues" off: keep input residue order.
Building atom parameters.
Building bond parameters.
Building angle parameters.
Building proper torsion parameters.
Building improper torsion parameters.
 total 0 improper torsions applied
Building H-Bond parameters.
Incorporating Non-Bonded adjustments.
Not Marking per-residue atom chain types.
Marking per-residue atom chain types.
  (Residues lacking connect0/connect1 - 
   these don't have chain types marked:

	res	total affected

	BGL	1
  )
 (no restraints)
	Quit

Exiting LEaP: Errors = 0; Warnings = 0; Notes = 0.
====== min.o =========================================================
Reading parm file (BGL.parm7)
title:
BGL                                                                             
no velocities were found
no velocities were found
	mm_options:  ntpr=5
	mm_options:  gb=1
	mm_options:  kappa=0.10395
	mm_options:  rgbmax=99.
	mm_options:  cut=99.0
	mm_options:  wcons=0.
     bond:      2.244272802
    angle:      2.670415824
 dihedral:     31.163602102
    enb14:      8.624885799
    eel14:    124.927175380
      enb:     -3.113662762
      eel:    -82.816802677
      egb:    -28.573523611
    econs:      0.000000000
    esurf:      0.000000000
    Total:     55.126362858
     frms:      8.789476221
Starting TNCG minimisation
 MIN: Iter =    0  NFunc =     1  E =      55.12636  RMSG = 8.7894762e+00
 MIN: Iter =    1  NFunc =     7  E =      45.64224  RMSG = 2.3574952e+00
 MIN: Iter =    2  NFunc =    24  E =      42.78124  RMSG = 3.0831248e+00
 MIN: Iter =    3  NFunc =    32  E =      41.10707  RMSG = 1.5722406e+00
 MIN: Iter =    4  NFunc =    39  E =      40.60191  RMSG = 7.7909779e-01
 MIN: Iter =    5  NFunc =    54  E =      40.04377  RMSG = 2.6192646e+00
 MIN: Iter =    6  NFunc =    60  E =      39.65733  RMSG = 5.1575069e-01
 MIN: Iter =    7  NFunc =    66  E =      39.52898  RMSG = 6.3674448e-01
 MIN: Iter =    8  NFunc =    84  E =      39.39051  RMSG = 1.2342917e+00
 MIN: Iter =    9  NFunc =    90  E =      39.31329  RMSG = 1.8945470e-01
 MIN: Iter =   10  NFunc =   119  E =      39.22913  RMSG = 3.7190184e-01
 MIN: Iter =   11  NFunc =   133  E =      39.14631  RMSG = 5.9342744e-01
 MIN: Iter =   12  NFunc =   142  E =      39.10883  RMSG = 1.8096163e-01
 MIN: Iter =   13  NFunc =   179  E =      39.05017  RMSG = 2.4979431e-01
 MIN: Iter =   14  NFunc =   186  E =      39.04168  RMSG = 6.7781952e-02
 MIN: Iter =   15  NFunc =   204  E =      39.02747  RMSG = 6.5851451e-02
 MIN: Iter =   16  NFunc =   255  E =      39.00839  RMSG = 2.3308732e-01
 MIN: Iter =   17  NFunc =   261  E =      39.00228  RMSG = 5.2577479e-02
 MIN: Iter =   18  NFunc =   282  E =      38.99722  RMSG = 5.0675224e-02
 MIN: Iter =   19  NFunc =   333  E =      38.99300  RMSG = 6.0436240e-02
 MIN: Iter =   20  NFunc =   340  E =      38.99231  RMSG = 1.6321317e-02
 MIN: Iter =   21  NFunc =   387  E =      38.99028  RMSG = 4.4237526e-02
 MIN: Iter =   22  NFunc =   393  E =      38.99001  RMSG = 8.4434037e-03
 MIN: Iter =   23  NFunc =   413  E =      38.98987  RMSG = 5.7500500e-03
 MIN: Iter =   24  NFunc =   424  E =      38.98983  RMSG = 3.3236369e-03
 MIN: Iter =   25  NFunc =   468  E =      38.98977  RMSG = 2.1112300e-03
 MIN: Iter =   26  NFunc =   482  E =      38.98976  RMSG = 1.5384815e-03
 MIN: Iter =   27  NFunc =   510  E =      38.98976  RMSG = 9.3275360e-04
 MIN: Iter =   28  NFunc =   554  E =      38.98975  RMSG = 6.4573918e-04
 MIN: Iter =   29  NFunc =   596  E =      38.98974  RMSG = 6.9027325e-04
 MIN: Iter =   30  NFunc =   606  E =      38.98974  RMSG = 4.3781338e-04
----------------------------------------------------------------
 END:          :-)  E =      38.98974  RMSG =   0.0004378

     bond:      2.143314371
    angle:      4.245319035
 dihedral:     27.634996931
    enb14:      4.890501741
    eel14:    114.391918620
      enb:     -2.834352059
      eel:    -83.389841104
      egb:    -28.092114089
    econs:      0.000000000
    esurf:      0.000000000
    Total:     38.989743445
     frms:      0.000437813
====== rms.dat  ======================================================
#Frame      all_heavy
       1       0.3715
