====== tleap.out =====================================================
-I: Adding /home/case/amber24/dat/leap/prep to search path.
-I: Adding /home/case/amber24/dat/leap/lib to search path.
-I: Adding /home/case/amber24/dat/leap/parm to search path.
-I: Adding /home/case/amber24/dat/leap/cmd to search path.
-f: Source leap.in.

Welcome to LEaP!
(no leaprc in search path)
Sourcing: ./leap.in
Using Bondi radii
----- Source: /home/case/amber24/dat/leap/cmd/leaprc.gaff2
----- Source of /home/case/amber24/dat/leap/cmd/leaprc.gaff2 done
Log file: ./leap.log
Loading parameters: /home/case/amber24/dat/leap/parm/gaff2.dat
Reading title:
AMBER General Force Field for organic molecules (Version 2.2.20, March 2021)
Loading parameters: ./BIA.frcmod
Reading force field modification type file (frcmod)
Reading title:
Remark line goes here
Loading Mol2 file: ./BIA.mol2
Reading MOLECULE named BIA
Checking Unit.
Building topology.
"order_residues" off: keep input residue order.
Building atom parameters.
Building bond parameters.
Building angle parameters.
Building proper torsion parameters.
Building improper torsion parameters.
 total 15 improper torsions applied
Building H-Bond parameters.
Incorporating Non-Bonded adjustments.
Not Marking per-residue atom chain types.
Marking per-residue atom chain types.
  (Residues lacking connect0/connect1 - 
   these don't have chain types marked:

	res	total affected

	BIA	1
  )
 (no restraints)
	Quit

Exiting LEaP: Errors = 0; Warnings = 0; Notes = 0.
====== min.o =========================================================
Reading parm file (BIA.parm7)
title:
BIA                                                                             
no velocities were found
no velocities were found
	mm_options:  ntpr=5
	mm_options:  gb=1
	mm_options:  kappa=0.10395
	mm_options:  rgbmax=99.
	mm_options:  cut=99.0
	mm_options:  wcons=0.
     bond:      3.081543070
    angle:      4.205110529
 dihedral:     19.363974037
    enb14:     20.087351073
    eel14:     24.963639373
      enb:      4.538201555
      eel:    -26.158809451
      egb:    -21.685682684
    econs:      0.000000000
    esurf:      0.000000000
    Total:     28.395327502
     frms:      9.712293325
Starting TNCG minimisation
 MIN: Iter =    0  NFunc =     1  E =      28.39533  RMSG = 9.7122933e+00
 MIN: Iter =    1  NFunc =     7  E =      16.67195  RMSG = 2.4600222e+00
 MIN: Iter =    2  NFunc =    19  E =      12.45824  RMSG = 1.3461654e+00
 MIN: Iter =    3  NFunc =    26  E =      11.79018  RMSG = 7.0684990e-01
 MIN: Iter =    4  NFunc =    35  E =      11.59640  RMSG = 3.3707434e-01
 MIN: Iter =    5  NFunc =    76  E =      11.27233  RMSG = 3.5964749e-01
 MIN: Iter =    6  NFunc =    98  E =      11.08183  RMSG = 3.7546243e-01
 MIN: Iter =    7  NFunc =   108  E =      11.01410  RMSG = 1.9070041e-01
 MIN: Iter =    8  NFunc =   121  E =      10.98157  RMSG = 1.1241707e-01
 MIN: Iter =    9  NFunc =   129  E =      10.97653  RMSG = 5.2706221e-02
 MIN: Iter =   10  NFunc =   165  E =      10.94009  RMSG = 2.6280289e-01
 MIN: Iter =   11  NFunc =   171  E =      10.93350  RMSG = 6.9557896e-02
 MIN: Iter =   12  NFunc =   187  E =      10.92416  RMSG = 5.6506587e-02
 MIN: Iter =   13  NFunc =   210  E =      10.91895  RMSG = 3.8322345e-02
 MIN: Iter =   14  NFunc =   251  E =      10.91530  RMSG = 6.1969314e-02
 MIN: Iter =   15  NFunc =   276  E =      10.91351  RMSG = 2.2788582e-02
 MIN: Iter =   16  NFunc =   327  E =      10.91147  RMSG = 7.6668127e-02
 MIN: Iter =   17  NFunc =   333  E =      10.91084  RMSG = 1.8661817e-02
 MIN: Iter =   18  NFunc =   385  E =      10.90960  RMSG = 4.0743465e-02
 MIN: Iter =   19  NFunc =   391  E =      10.90850  RMSG = 8.0503776e-02
 MIN: Iter =   20  NFunc =   397  E =      10.90692  RMSG = 3.2805540e-02
 MIN: Iter =   21  NFunc =   405  E =      10.90595  RMSG = 4.8520205e-02
 MIN: Iter =   22  NFunc =   414  E =      10.90435  RMSG = 8.9599578e-02
 MIN: Iter =   23  NFunc =   421  E =      10.90273  RMSG = 3.3677947e-02
 MIN: Iter =   24  NFunc =   473  E =      10.90039  RMSG = 6.3562157e-02
 MIN: Iter =   25  NFunc =   479  E =      10.89724  RMSG = 1.8249262e-01
 MIN: Iter =   26  NFunc =   485  E =      10.89184  RMSG = 4.3752390e-02
 MIN: Iter =   27  NFunc =   493  E =      10.88953  RMSG = 6.6035355e-02
 MIN: Iter =   28  NFunc =   499  E =      10.88662  RMSG = 1.0569586e-01
 MIN: Iter =   29  NFunc =   506  E =      10.88395  RMSG = 3.8821737e-02
 MIN: Iter =   30  NFunc =   514  E =      10.88262  RMSG = 7.5754491e-02
 MIN: Iter =   31  NFunc =   520  E =      10.88168  RMSG = 2.6950994e-02
 MIN: Iter =   32  NFunc =   536  E =      10.88054  RMSG = 8.4862143e-02
 MIN: Iter =   33  NFunc =   542  E =      10.87972  RMSG = 1.8470457e-02
 MIN: Iter =   34  NFunc =   575  E =      10.87836  RMSG = 2.3250643e-02
 MIN: Iter =   35  NFunc =   594  E =      10.87720  RMSG = 3.5248406e-02
 MIN: Iter =   36  NFunc =   600  E =      10.87703  RMSG = 8.9929418e-03
 MIN: Iter =   37  NFunc =   626  E =      10.87679  RMSG = 5.7042149e-03
 MIN: Iter =   38  NFunc =   674  E =      10.87634  RMSG = 8.4411518e-03
 MIN: Iter =   39  NFunc =   701  E =      10.87628  RMSG = 2.9442990e-03
 MIN: Iter =   40  NFunc =   715  E =      10.87626  RMSG = 2.3771779e-03
 MIN: Iter =   41  NFunc =   766  E =      10.87623  RMSG = 2.1472025e-03
 MIN: Iter =   42  NFunc =   773  E =      10.87623  RMSG = 1.2135343e-03
 MIN: Iter =   43  NFunc =   811  E =      10.87622  RMSG = 8.1988940e-04
 MIN: Iter =   44  NFunc =   819  E =      10.87622  RMSG = 4.4516615e-04
----------------------------------------------------------------
 END:          :-)  E =      10.87622  RMSG =   0.0004452

     bond:      3.140053217
    angle:      3.407140557
 dihedral:     19.264515177
    enb14:     12.228846086
    eel14:     23.100047103
      enb:     -0.309661960
      eel:    -26.002620730
      egb:    -23.952096840
    econs:      0.000000000
    esurf:      0.000000000
    Total:     10.876222611
     frms:      0.000445166
====== rms.dat  ======================================================
#Frame      all_heavy
       1       0.3907
