====== tleap.out =====================================================
-I: Adding /home/case/amber24/dat/leap/prep to search path.
-I: Adding /home/case/amber24/dat/leap/lib to search path.
-I: Adding /home/case/amber24/dat/leap/parm to search path.
-I: Adding /home/case/amber24/dat/leap/cmd to search path.
-f: Source leap.in.

Welcome to LEaP!
(no leaprc in search path)
Sourcing: ./leap.in
Using Bondi radii
----- Source: /home/case/amber24/dat/leap/cmd/leaprc.gaff2
----- Source of /home/case/amber24/dat/leap/cmd/leaprc.gaff2 done
Log file: ./leap.log
Loading parameters: /home/case/amber24/dat/leap/parm/gaff2.dat
Reading title:
AMBER General Force Field for organic molecules (Version 2.2.20, March 2021)
Loading parameters: ./BKR.frcmod
Reading force field modification type file (frcmod)
Reading title:
Remark line goes here
Loading Mol2 file: ./BKR.mol2
Reading MOLECULE named BKR
Checking Unit.
Building topology.
"order_residues" off: keep input residue order.
Building atom parameters.
Building bond parameters.
Building angle parameters.
Building proper torsion parameters.

/home/case/amber24/bin/teLeap: Note.
1-4: angle 41 43 duplicates bond ('triangular' bond) or angle ('square' bond)


/home/case/amber24/bin/teLeap: Note.
1-4: angle 42 44 duplicates bond ('triangular' bond) or angle ('square' bond)

Building improper torsion parameters.
 total 26 improper torsions applied
Building H-Bond parameters.
Incorporating Non-Bonded adjustments.
Not Marking per-residue atom chain types.
Marking per-residue atom chain types.
  (Residues lacking connect0/connect1 - 
   these don't have chain types marked:

	res	total affected

	BKR	1
  )
 (no restraints)
	Quit

Exiting LEaP: Errors = 0; Warnings = 0; Notes = 2.
====== min.o =========================================================
Reading parm file (BKR.parm7)
title:
BKR                                                                             
no velocities were found
no velocities were found
	mm_options:  ntpr=5
	mm_options:  gb=1
	mm_options:  kappa=0.10395
	mm_options:  rgbmax=99.
	mm_options:  cut=99.0
	mm_options:  wcons=0.
     bond:      5.347848250
    angle:     25.838568721
 dihedral:    125.963272761
    enb14:     46.833864750
    eel14:    147.477814393
      enb:      0.191811752
      eel:   -166.537944831
      egb:    -39.649209972
    econs:      0.000000000
    esurf:      0.000000000
    Total:    145.466025824
     frms:      9.141667117
Starting TNCG minimisation
 MIN: Iter =    0  NFunc =     1  E =     145.46603  RMSG = 9.1416671e+00
 MIN: Iter =    1  NFunc =     7  E =     118.85764  RMSG = 3.0954875e+00
 MIN: Iter =    2  NFunc =    18  E =     108.20667  RMSG = 2.0386928e+00
 MIN: Iter =    3  NFunc =    48  E =     105.60647  RMSG = 1.9223416e+00
 MIN: Iter =    4  NFunc =    61  E =     103.19394  RMSG = 1.7385566e+00
 MIN: Iter =    5  NFunc =    67  E =     101.18957  RMSG = 1.7566243e+00
 MIN: Iter =    6  NFunc =    73  E =     100.23942  RMSG = 6.8913554e-01
 MIN: Iter =    7  NFunc =    86  E =      99.65381  RMSG = 2.4843056e+00
 MIN: Iter =    8  NFunc =    92  E =      99.00076  RMSG = 4.1363201e-01
 MIN: Iter =    9  NFunc =   103  E =      98.63911  RMSG = 1.3902834e+00
 MIN: Iter =   10  NFunc =   109  E =      98.31336  RMSG = 3.9849544e-01
 MIN: Iter =   11  NFunc =   115  E =      98.16537  RMSG = 1.1957981e+00
 MIN: Iter =   12  NFunc =   121  E =      98.00994  RMSG = 1.8299579e-01
 MIN: Iter =   13  NFunc =   172  E =      97.56726  RMSG = 3.6953253e-01
 MIN: Iter =   14  NFunc =   184  E =      97.28308  RMSG = 5.3098950e-01
 MIN: Iter =   15  NFunc =   202  E =      96.93302  RMSG = 3.5186669e-01
 MIN: Iter =   16  NFunc =   215  E =      96.69983  RMSG = 4.1961203e-01
 MIN: Iter =   17  NFunc =   229  E =      96.52217  RMSG = 3.1141508e-01
 MIN: Iter =   18  NFunc =   237  E =      96.39698  RMSG = 2.2774519e-01
 MIN: Iter =   19  NFunc =   243  E =      96.32096  RMSG = 2.9724983e-01
 MIN: Iter =   20  NFunc =   250  E =      96.24698  RMSG = 1.6864564e-01
 MIN: Iter =   21  NFunc =   301  E =      95.92364  RMSG = 4.7962518e-01
 MIN: Iter =   22  NFunc =   308  E =      95.68787  RMSG = 6.0048496e-01
 MIN: Iter =   23  NFunc =   319  E =      95.48565  RMSG = 2.1617581e-01
 MIN: Iter =   24  NFunc =   337  E =      95.36803  RMSG = 2.0850287e-01
 MIN: Iter =   25  NFunc =   387  E =      95.20904  RMSG = 1.6474046e-01
 MIN: Iter =   26  NFunc =   414  E =      95.11501  RMSG = 1.4506154e-01
 MIN: Iter =   27  NFunc =   431  E =      95.07094  RMSG = 9.5080050e-02
 MIN: Iter =   28  NFunc =   482  E =      94.99290  RMSG = 1.2037849e-01
 MIN: Iter =   29  NFunc =   533  E =      94.89489  RMSG = 1.5744652e-01
 MIN: Iter =   30  NFunc =   559  E =      94.81645  RMSG = 1.3794111e-01
 MIN: Iter =   31  NFunc =   585  E =      94.75288  RMSG = 1.2786451e-01
 MIN: Iter =   32  NFunc =   600  E =      94.71207  RMSG = 9.6316389e-02
 MIN: Iter =   33  NFunc =   609  E =      94.69710  RMSG = 6.1866973e-02
 MIN: Iter =   34  NFunc =   645  E =      94.66928  RMSG = 7.6938471e-02
 MIN: Iter =   35  NFunc =   685  E =      94.65245  RMSG = 4.5512080e-02
 MIN: Iter =   36  NFunc =   707  E =      94.64915  RMSG = 1.8969654e-02
 MIN: Iter =   37  NFunc =   758  E =      94.64572  RMSG = 2.7891884e-02
 MIN: Iter =   38  NFunc =   780  E =      94.64362  RMSG = 1.7500071e-02
 MIN: Iter =   39  NFunc =   814  E =      94.64227  RMSG = 1.2406717e-02
 MIN: Iter =   40  NFunc =   865  E =      94.64122  RMSG = 1.0199216e-02
 MIN: Iter =   41  NFunc =   875  E =      94.64107  RMSG = 6.9237929e-03
 MIN: Iter =   42  NFunc =   926  E =      94.64053  RMSG = 7.9638294e-03
 MIN: Iter =   43  NFunc =   977  E =      94.64026  RMSG = 4.4612393e-03
 MIN: Iter =   44  NFunc =  1028  E =      94.64006  RMSG = 3.3747851e-03
 MIN: Iter =   45  NFunc =  1062  E =      94.64001  RMSG = 1.5594592e-03
 MIN: Iter =   46  NFunc =  1113  E =      94.63999  RMSG = 1.6213673e-03
 MIN: Iter =   47  NFunc =  1123  E =      94.63998  RMSG = 9.8893809e-04
 MIN: Iter =   48  NFunc =  1148  E =      94.63998  RMSG = 5.8200084e-04
 MIN: Iter =   49  NFunc =  1199  E =      94.63997  RMSG = 7.0916920e-04
 MIN: Iter =   50  NFunc =  1250  E =      94.63997  RMSG = 5.3821953e-04
 MIN: Iter =   51  NFunc =  1293  E =      94.63997  RMSG = 3.5388908e-04
----------------------------------------------------------------
 END:          :-)  E =      94.63997  RMSG =   0.0003539

     bond:     14.097265303
    angle:     25.497890135
 dihedral:    104.202644388
    enb14:     31.523326009
    eel14:    147.937869121
      enb:    -15.868061096
      eel:   -167.214947730
      egb:    -45.536020292
    econs:      0.000000000
    esurf:      0.000000000
    Total:     94.639965839
     frms:      0.000353889
====== rms.dat  ======================================================
#Frame      all_heavy
       1       0.9305
