====== tleap.out =====================================================
-I: Adding /home/case/amber24/dat/leap/prep to search path.
-I: Adding /home/case/amber24/dat/leap/lib to search path.
-I: Adding /home/case/amber24/dat/leap/parm to search path.
-I: Adding /home/case/amber24/dat/leap/cmd to search path.
-f: Source leap.in.

Welcome to LEaP!
(no leaprc in search path)
Sourcing: ./leap.in
Using Bondi radii
----- Source: /home/case/amber24/dat/leap/cmd/leaprc.gaff2
----- Source of /home/case/amber24/dat/leap/cmd/leaprc.gaff2 done
Log file: ./leap.log
Loading parameters: /home/case/amber24/dat/leap/parm/gaff2.dat
Reading title:
AMBER General Force Field for organic molecules (Version 2.2.20, March 2021)
Loading parameters: ./BL8.frcmod
Reading force field modification type file (frcmod)
Reading title:
Remark line goes here
Loading Mol2 file: ./BL8.mol2
Reading MOLECULE named BL8
Checking Unit.

/home/case/amber24/bin/teLeap: Warning!
The unperturbed charge of the unit (-1.997001) is not zero.

/home/case/amber24/bin/teLeap: Note.
Ignoring the warning from Unit Checking.

Building topology.
"order_residues" off: keep input residue order.
Building atom parameters.
Building bond parameters.
Building angle parameters.
Building proper torsion parameters.
Building improper torsion parameters.
 total 26 improper torsions applied
Building H-Bond parameters.
Incorporating Non-Bonded adjustments.
Not Marking per-residue atom chain types.
Marking per-residue atom chain types.
  (Residues lacking connect0/connect1 - 
   these don't have chain types marked:

	res	total affected

	BL8	1
  )
 (no restraints)
	Quit

Exiting LEaP: Errors = 0; Warnings = 1; Notes = 1.
====== min.o =========================================================
Reading parm file (BL8.parm7)
title:
BL8                                                                             
no velocities were found
no velocities were found
	mm_options:  ntpr=5
	mm_options:  gb=1
	mm_options:  kappa=0.10395
	mm_options:  rgbmax=99.
	mm_options:  cut=99.0
	mm_options:  wcons=0.
     bond:      6.598270096
    angle:     52.276345397
 dihedral:    110.798334584
    enb14:      5.503002074
    eel14:   -120.570344989
      enb:     -7.555735427
      eel:     42.001458885
      egb:   -202.750243454
    econs:      0.000000000
    esurf:      0.000000000
    Total:   -113.698912835
     frms:     11.326313534
Starting TNCG minimisation
 MIN: Iter =    0  NFunc =     1  E =    -113.69891  RMSG = 1.1326314e+01
 MIN: Iter =    1  NFunc =     7  E =    -129.93161  RMSG = 2.5560785e+00
 MIN: Iter =    2  NFunc =    26  E =    -132.55760  RMSG = 2.6339169e+00
 MIN: Iter =    3  NFunc =    44  E =    -135.32866  RMSG = 3.4157243e+00
 MIN: Iter =    4  NFunc =    66  E =    -138.57866  RMSG = 4.7498371e+00
 MIN: Iter =    5  NFunc =    98  E =    -140.85878  RMSG = 4.9799516e+00
 MIN: Iter =    6  NFunc =   112  E =    -147.98157  RMSG = 4.6490164e+00
 MIN: Iter =    7  NFunc =   119  E =    -153.41925  RMSG = 3.3405091e+00
 MIN: Iter =    8  NFunc =   125  E =    -157.09768  RMSG = 2.2716095e+00
 MIN: Iter =    9  NFunc =   131  E =    -159.09065  RMSG = 1.4418787e+00
 MIN: Iter =   10  NFunc =   137  E =    -159.53306  RMSG = 4.2159463e-01
 MIN: Iter =   11  NFunc =   170  E =    -160.28250  RMSG = 1.3026037e+00
 MIN: Iter =   12  NFunc =   176  E =    -160.61065  RMSG = 4.0974582e-01
 MIN: Iter =   13  NFunc =   194  E =    -161.04565  RMSG = 9.5416088e-01
 MIN: Iter =   14  NFunc =   200  E =    -161.28068  RMSG = 3.6070569e-01
 MIN: Iter =   15  NFunc =   218  E =    -161.53394  RMSG = 6.0926108e-01
 MIN: Iter =   16  NFunc =   232  E =    -161.76336  RMSG = 4.7348146e-01
 MIN: Iter =   17  NFunc =   241  E =    -161.90446  RMSG = 3.6650664e-01
 MIN: Iter =   18  NFunc =   292  E =    -162.14068  RMSG = 3.6931013e-01
 MIN: Iter =   19  NFunc =   319  E =    -162.31521  RMSG = 3.7075575e-01
 MIN: Iter =   20  NFunc =   332  E =    -162.47131  RMSG = 3.4959694e-01
 MIN: Iter =   21  NFunc =   338  E =    -162.60582  RMSG = 3.5114557e-01
 MIN: Iter =   22  NFunc =   344  E =    -162.71056  RMSG = 2.8586554e-01
 MIN: Iter =   23  NFunc =   352  E =    -162.80268  RMSG = 2.3642806e-01
 MIN: Iter =   24  NFunc =   360  E =    -162.88676  RMSG = 2.0958190e-01
 MIN: Iter =   25  NFunc =   367  E =    -162.94150  RMSG = 1.8861952e-01
 MIN: Iter =   26  NFunc =   375  E =    -162.98452  RMSG = 1.7127502e-01
 MIN: Iter =   27  NFunc =   408  E =    -163.13195  RMSG = 2.6425474e-01
 MIN: Iter =   28  NFunc =   422  E =    -163.19548  RMSG = 1.8058118e-01
 MIN: Iter =   29  NFunc =   430  E =    -163.22152  RMSG = 1.1474755e-01
 MIN: Iter =   30  NFunc =   481  E =    -163.26166  RMSG = 4.0644290e-01
 MIN: Iter =   31  NFunc =   487  E =    -163.28809  RMSG = 7.7725537e-02
 MIN: Iter =   32  NFunc =   503  E =    -163.29926  RMSG = 6.3322252e-02
 MIN: Iter =   33  NFunc =   545  E =    -163.31068  RMSG = 3.5777217e-02
 MIN: Iter =   34  NFunc =   596  E =    -163.31425  RMSG = 2.1581903e-02
 MIN: Iter =   35  NFunc =   616  E =    -163.31569  RMSG = 1.6934358e-02
 MIN: Iter =   36  NFunc =   667  E =    -163.31787  RMSG = 2.0909640e-02
 MIN: Iter =   37  NFunc =   688  E =    -163.31884  RMSG = 1.4855602e-02
 MIN: Iter =   38  NFunc =   739  E =    -163.31944  RMSG = 7.9203964e-03
 MIN: Iter =   39  NFunc =   754  E =    -163.31954  RMSG = 4.8002926e-03
 MIN: Iter =   40  NFunc =   799  E =    -163.31967  RMSG = 3.4004035e-03
 MIN: Iter =   41  NFunc =   834  E =    -163.31969  RMSG = 1.5530986e-03
 MIN: Iter =   42  NFunc =   885  E =    -163.31971  RMSG = 1.6952453e-03
 MIN: Iter =   43  NFunc =   901  E =    -163.31972  RMSG = 8.8883890e-04
 MIN: Iter =   44  NFunc =   936  E =    -163.31972  RMSG = 6.2901401e-04
 MIN: Iter =   45  NFunc =   973  E =    -163.31972  RMSG = 4.3160316e-04
----------------------------------------------------------------
 END:          :-)  E =    -163.31972  RMSG =   0.0004316

     bond:      1.586500019
    angle:     44.631020501
 dihedral:     81.256609836
    enb14:      3.024057831
    eel14:   -120.466002749
      enb:    -11.773616649
      eel:     47.228918628
      egb:   -208.807209340
    econs:      0.000000000
    esurf:      0.000000000
    Total:   -163.319721922
     frms:      0.000431603
====== rms.dat  ======================================================
#Frame      all_heavy
       1       0.7642
