====== tleap.out =====================================================
-I: Adding /home/case/amber24/dat/leap/prep to search path.
-I: Adding /home/case/amber24/dat/leap/lib to search path.
-I: Adding /home/case/amber24/dat/leap/parm to search path.
-I: Adding /home/case/amber24/dat/leap/cmd to search path.
-f: Source leap.in.

Welcome to LEaP!
(no leaprc in search path)
Sourcing: ./leap.in
Using Bondi radii
----- Source: /home/case/amber24/dat/leap/cmd/leaprc.gaff2
----- Source of /home/case/amber24/dat/leap/cmd/leaprc.gaff2 done
Log file: ./leap.log
Loading parameters: /home/case/amber24/dat/leap/parm/gaff2.dat
Reading title:
AMBER General Force Field for organic molecules (Version 2.2.20, March 2021)
Loading parameters: ./BO1.frcmod
Reading force field modification type file (frcmod)
Reading title:
Remark line goes here
Loading Mol2 file: ./BO1.mol2
Reading MOLECULE named BO1
Checking Unit.
Building topology.
"order_residues" off: keep input residue order.
Building atom parameters.
Building bond parameters.
Building angle parameters.
Building proper torsion parameters.
Building improper torsion parameters.
 total 7 improper torsions applied
Building H-Bond parameters.
Incorporating Non-Bonded adjustments.
Not Marking per-residue atom chain types.
Marking per-residue atom chain types.
  (Residues lacking connect0/connect1 - 
   these don't have chain types marked:

	res	total affected

	BO1	1
  )
 (no restraints)
	Quit

Exiting LEaP: Errors = 0; Warnings = 0; Notes = 0.
====== min.o =========================================================
Reading parm file (BO1.parm7)
title:
BO1                                                                             
no velocities were found
no velocities were found
	mm_options:  ntpr=5
	mm_options:  gb=1
	mm_options:  kappa=0.10395
	mm_options:  rgbmax=99.
	mm_options:  cut=99.0
	mm_options:  wcons=0.
     bond:      3.072341495
    angle:      3.712753314
 dihedral:     42.023715823
    enb14:     10.456791694
    eel14:    -24.332738816
      enb:     -2.733108962
      eel:   -105.187328456
      egb:    -43.994521704
    econs:      0.000000000
    esurf:      0.000000000
    Total:   -116.982095612
     frms:     10.364218849
Starting TNCG minimisation
 MIN: Iter =    0  NFunc =     1  E =    -116.98210  RMSG = 1.0364219e+01
 MIN: Iter =    1  NFunc =     8  E =    -129.77093  RMSG = 9.4309499e+00
 MIN: Iter =    2  NFunc =    14  E =    -135.12965  RMSG = 2.2315749e+00
 MIN: Iter =    3  NFunc =    24  E =    -136.65097  RMSG = 1.4457085e+00
 MIN: Iter =    4  NFunc =    33  E =    -137.08136  RMSG = 8.9579366e-01
 MIN: Iter =    5  NFunc =    46  E =    -137.34964  RMSG = 8.6571716e-01
 MIN: Iter =    6  NFunc =    52  E =    -137.39645  RMSG = 3.1610299e-01
 MIN: Iter =    7  NFunc =    64  E =    -137.46592  RMSG = 4.3251211e-01
 MIN: Iter =    8  NFunc =    83  E =    -137.52862  RMSG = 7.1380131e-01
 MIN: Iter =    9  NFunc =   115  E =    -137.60764  RMSG = 1.1820146e+00
 MIN: Iter =   10  NFunc =   121  E =    -137.68078  RMSG = 2.5401975e-01
 MIN: Iter =   11  NFunc =   132  E =    -137.75819  RMSG = 3.9091907e-01
 MIN: Iter =   12  NFunc =   143  E =    -137.85310  RMSG = 6.4311978e-01
 MIN: Iter =   13  NFunc =   157  E =    -137.99471  RMSG = 9.7629598e-01
 MIN: Iter =   14  NFunc =   163  E =    -138.20623  RMSG = 2.4210261e+00
 MIN: Iter =   15  NFunc =   169  E =    -138.61711  RMSG = 5.3002869e-01
 MIN: Iter =   16  NFunc =   175  E =    -138.77004  RMSG = 2.1465431e+00
 MIN: Iter =   17  NFunc =   181  E =    -139.04055  RMSG = 4.2941641e-01
 MIN: Iter =   18  NFunc =   187  E =    -139.14827  RMSG = 1.4565604e+00
 MIN: Iter =   19  NFunc =   193  E =    -139.26958  RMSG = 3.4553993e-01
 MIN: Iter =   20  NFunc =   199  E =    -139.30444  RMSG = 8.9445084e-01
 MIN: Iter =   21  NFunc =   205  E =    -139.34644  RMSG = 1.4574262e-01
 MIN: Iter =   22  NFunc =   231  E =    -139.41238  RMSG = 3.5945872e-01
 MIN: Iter =   23  NFunc =   264  E =    -139.50558  RMSG = 7.8446030e-01
 MIN: Iter =   24  NFunc =   271  E =    -139.62647  RMSG = 3.1439544e-01
 MIN: Iter =   25  NFunc =   280  E =    -139.72974  RMSG = 6.7841612e-01
 MIN: Iter =   26  NFunc =   286  E =    -139.83807  RMSG = 3.9239945e-01
 MIN: Iter =   27  NFunc =   293  E =    -139.93487  RMSG = 6.6676435e-01
 MIN: Iter =   28  NFunc =   300  E =    -140.04735  RMSG = 3.0540923e-01
 MIN: Iter =   29  NFunc =   306  E =    -140.10959  RMSG = 6.4483322e-01
 MIN: Iter =   30  NFunc =   312  E =    -140.16829  RMSG = 2.1138427e-01
 MIN: Iter =   31  NFunc =   343  E =    -140.28813  RMSG = 1.0856778e+00
 MIN: Iter =   32  NFunc =   349  E =    -140.37395  RMSG = 2.5574599e-01
 MIN: Iter =   33  NFunc =   367  E =    -140.42935  RMSG = 3.0254279e-01
 MIN: Iter =   34  NFunc =   373  E =    -140.48962  RMSG = 5.5736167e-01
 MIN: Iter =   35  NFunc =   379  E =    -140.52732  RMSG = 2.0316558e-01
 MIN: Iter =   36  NFunc =   397  E =    -140.56222  RMSG = 8.0652638e-01
 MIN: Iter =   37  NFunc =   403  E =    -140.60211  RMSG = 2.3240957e-01
 MIN: Iter =   38  NFunc =   442  E =    -140.72224  RMSG = 6.2530955e-01
 MIN: Iter =   39  NFunc =   449  E =    -140.81788  RMSG = 3.6138814e-01
 MIN: Iter =   40  NFunc =   462  E =    -140.91383  RMSG = 3.9245788e-01
 MIN: Iter =   41  NFunc =   471  E =    -140.96486  RMSG = 1.7044116e-01
 MIN: Iter =   42  NFunc =   505  E =    -141.06069  RMSG = 4.1036189e-01
 MIN: Iter =   43  NFunc =   514  E =    -141.09719  RMSG = 1.5758454e-01
 MIN: Iter =   44  NFunc =   529  E =    -141.12539  RMSG = 1.9016023e-01
 MIN: Iter =   45  NFunc =   563  E =    -141.14821  RMSG = 1.8320094e-01
 MIN: Iter =   46  NFunc =   589  E =    -141.16373  RMSG = 1.9447282e-01
 MIN: Iter =   47  NFunc =   595  E =    -141.16693  RMSG = 4.9019833e-02
 MIN: Iter =   48  NFunc =   605  E =    -141.16993  RMSG = 6.5503871e-02
 MIN: Iter =   49  NFunc =   612  E =    -141.17050  RMSG = 2.2141617e-02
 MIN: Iter =   50  NFunc =   635  E =    -141.17191  RMSG = 1.9959180e-02
 MIN: Iter =   51  NFunc =   655  E =    -141.17248  RMSG = 1.3201860e-02
 MIN: Iter =   52  NFunc =   669  E =    -141.17260  RMSG = 6.3079946e-03
 MIN: Iter =   53  NFunc =   716  E =    -141.17282  RMSG = 4.4797260e-03
 MIN: Iter =   54  NFunc =   750  E =    -141.17288  RMSG = 3.4442608e-03
 MIN: Iter =   55  NFunc =   786  E =    -141.17290  RMSG = 1.5448248e-03
 MIN: Iter =   56  NFunc =   802  E =    -141.17291  RMSG = 8.8046700e-04
 MIN: Iter =   57  NFunc =   843  E =    -141.17291  RMSG = 9.3609685e-04
 MIN: Iter =   58  NFunc =   859  E =    -141.17291  RMSG = 5.3377717e-04
 MIN: Iter =   59  NFunc =   878  E =    -141.17291  RMSG = 3.3042583e-04
----------------------------------------------------------------
 END:          :-)  E =    -141.17291  RMSG =   0.0003304

     bond:      2.907132471
    angle:      5.607248887
 dihedral:     40.729435106
    enb14:      6.918196697
    eel14:    -38.929367041
      enb:     -3.475987673
      eel:   -114.151576649
      egb:    -40.777995414
    econs:      0.000000000
    esurf:      0.000000000
    Total:   -141.172913617
     frms:      0.000330426
====== rms.dat  ======================================================
#Frame      all_heavy
       1       0.9173
