====== tleap.out =====================================================
-I: Adding /home/case/amber24/dat/leap/prep to search path.
-I: Adding /home/case/amber24/dat/leap/lib to search path.
-I: Adding /home/case/amber24/dat/leap/parm to search path.
-I: Adding /home/case/amber24/dat/leap/cmd to search path.
-f: Source leap.in.

Welcome to LEaP!
(no leaprc in search path)
Sourcing: ./leap.in
Using Bondi radii
----- Source: /home/case/amber24/dat/leap/cmd/leaprc.gaff2
----- Source of /home/case/amber24/dat/leap/cmd/leaprc.gaff2 done
Log file: ./leap.log
Loading parameters: /home/case/amber24/dat/leap/parm/gaff2.dat
Reading title:
AMBER General Force Field for organic molecules (Version 2.2.20, March 2021)
Loading parameters: ./BOG.frcmod
Reading force field modification type file (frcmod)
Reading title:
Remark line goes here
Loading Mol2 file: ./BOG.mol2
Reading MOLECULE named BOG
Checking Unit.
Building topology.
"order_residues" off: keep input residue order.
Building atom parameters.
Building bond parameters.
Building angle parameters.
Building proper torsion parameters.
Building improper torsion parameters.
 total 0 improper torsions applied
Building H-Bond parameters.
Incorporating Non-Bonded adjustments.
Not Marking per-residue atom chain types.
Marking per-residue atom chain types.
  (Residues lacking connect0/connect1 - 
   these don't have chain types marked:

	res	total affected

	BOG	1
  )
 (no restraints)
	Quit

Exiting LEaP: Errors = 0; Warnings = 0; Notes = 0.
====== min.o =========================================================
Reading parm file (BOG.parm7)
title:
BOG                                                                             
no velocities were found
no velocities were found
	mm_options:  ntpr=5
	mm_options:  gb=1
	mm_options:  kappa=0.10395
	mm_options:  rgbmax=99.
	mm_options:  cut=99.0
	mm_options:  wcons=0.
     bond:      2.257051099
    angle:      3.124437740
 dihedral:     28.771464314
    enb14:      8.549492713
    eel14:    182.083216035
      enb:     -2.957201245
      eel:   -129.421160059
      egb:    -21.887195056
    econs:      0.000000000
    esurf:      0.000000000
    Total:     70.520105540
     frms:      9.019241442
Starting TNCG minimisation
 MIN: Iter =    0  NFunc =     1  E =      70.52011  RMSG = 9.0192414e+00
 MIN: Iter =    1  NFunc =    11  E =      61.39627  RMSG = 5.8115498e+00
 MIN: Iter =    2  NFunc =    17  E =      57.46330  RMSG = 1.5113578e+00
 MIN: Iter =    3  NFunc =    26  E =      56.53776  RMSG = 1.4177852e+00
 MIN: Iter =    4  NFunc =    32  E =      56.23548  RMSG = 6.6011143e-01
 MIN: Iter =    5  NFunc =    41  E =      56.08956  RMSG = 6.1923278e-01
 MIN: Iter =    6  NFunc =    71  E =      55.82584  RMSG = 5.2891142e-01
 MIN: Iter =    7  NFunc =    88  E =      55.72716  RMSG = 2.0387695e-01
 MIN: Iter =    8  NFunc =   139  E =      55.61791  RMSG = 3.6123898e-01
 MIN: Iter =    9  NFunc =   154  E =      55.54446  RMSG = 3.1519073e-01
 MIN: Iter =   10  NFunc =   161  E =      55.50972  RMSG = 1.9716090e-01
 MIN: Iter =   11  NFunc =   178  E =      55.46786  RMSG = 2.9668856e-01
 MIN: Iter =   12  NFunc =   189  E =      55.44943  RMSG = 8.6764597e-02
 MIN: Iter =   13  NFunc =   201  E =      55.44206  RMSG = 6.5929470e-02
 MIN: Iter =   14  NFunc =   247  E =      55.43269  RMSG = 7.9938803e-02
 MIN: Iter =   15  NFunc =   254  E =      55.43161  RMSG = 2.5915348e-02
 MIN: Iter =   16  NFunc =   278  E =      55.42957  RMSG = 2.9788337e-02
 MIN: Iter =   17  NFunc =   293  E =      55.42923  RMSG = 9.4224723e-03
 MIN: Iter =   18  NFunc =   324  E =      55.42896  RMSG = 6.0027741e-03
 MIN: Iter =   19  NFunc =   375  E =      55.42863  RMSG = 9.6590884e-03
 MIN: Iter =   20  NFunc =   398  E =      55.42844  RMSG = 5.3028392e-03
 MIN: Iter =   21  NFunc =   414  E =      55.42838  RMSG = 3.5997755e-03
 MIN: Iter =   22  NFunc =   431  E =      55.42836  RMSG = 2.0262440e-03
 MIN: Iter =   23  NFunc =   482  E =      55.42834  RMSG = 1.3116803e-03
 MIN: Iter =   24  NFunc =   500  E =      55.42833  RMSG = 9.3317943e-04
 MIN: Iter =   25  NFunc =   506  E =      55.42833  RMSG = 5.5683519e-04
 MIN: Iter =   26  NFunc =   518  E =      55.42833  RMSG = 3.2293867e-04
----------------------------------------------------------------
 END:          :-)  E =      55.42833  RMSG =   0.0003229

     bond:      2.242567341
    angle:      2.171977503
 dihedral:     27.456047382
    enb14:      5.419517788
    eel14:    177.726047860
      enb:     -1.610962521
      eel:   -135.787258271
      egb:    -22.189604906
    econs:      0.000000000
    esurf:      0.000000000
    Total:     55.428332176
     frms:      0.000322939
====== rms.dat  ======================================================
#Frame      all_heavy
       1       0.3758
