====== tleap.out =====================================================
-I: Adding /home/case/amber24/dat/leap/prep to search path.
-I: Adding /home/case/amber24/dat/leap/lib to search path.
-I: Adding /home/case/amber24/dat/leap/parm to search path.
-I: Adding /home/case/amber24/dat/leap/cmd to search path.
-f: Source leap.in.

Welcome to LEaP!
(no leaprc in search path)
Sourcing: ./leap.in
Using Bondi radii
----- Source: /home/case/amber24/dat/leap/cmd/leaprc.gaff2
----- Source of /home/case/amber24/dat/leap/cmd/leaprc.gaff2 done
Log file: ./leap.log
Loading parameters: /home/case/amber24/dat/leap/parm/gaff2.dat
Reading title:
AMBER General Force Field for organic molecules (Version 2.2.20, March 2021)
Loading parameters: ./BOY.frcmod
Reading force field modification type file (frcmod)
Reading title:
Remark line goes here
Loading Mol2 file: ./BOY.mol2
Reading MOLECULE named BOY
Checking Unit.

/home/case/amber24/bin/teLeap: Warning!
The unperturbed charge of the unit (-2.000999) is not zero.

/home/case/amber24/bin/teLeap: Note.
Ignoring the warning from Unit Checking.

Building topology.
"order_residues" off: keep input residue order.
Building atom parameters.
Building bond parameters.
Building angle parameters.
Building proper torsion parameters.
Building improper torsion parameters.
 total 6 improper torsions applied
Building H-Bond parameters.
Incorporating Non-Bonded adjustments.
Not Marking per-residue atom chain types.
Marking per-residue atom chain types.
  (Residues lacking connect0/connect1 - 
   these don't have chain types marked:

	res	total affected

	BOY	1
  )
 (no restraints)
	Quit

Exiting LEaP: Errors = 0; Warnings = 1; Notes = 1.
====== min.o =========================================================
Reading parm file (BOY.parm7)
title:
BOY                                                                             
no velocities were found
no velocities were found
	mm_options:  ntpr=5
	mm_options:  gb=1
	mm_options:  kappa=0.10395
	mm_options:  rgbmax=99.
	mm_options:  cut=99.0
	mm_options:  wcons=0.
     bond:      4.944082692
    angle:     10.898477084
 dihedral:      0.983282717
    enb14:      5.581191727
    eel14:    217.380278592
      enb:     -1.248310913
      eel:   -127.866366465
      egb:   -224.970006822
    econs:      0.000000000
    esurf:      0.000000000
    Total:   -114.297371389
     frms:     13.638763082
Starting TNCG minimisation
 MIN: Iter =    0  NFunc =     1  E =    -114.29737  RMSG = 1.3638763e+01
 MIN: Iter =    1  NFunc =     7  E =    -122.18260  RMSG = 2.3220496e+00
 MIN: Iter =    2  NFunc =    15  E =    -123.78532  RMSG = 1.5586113e+00
 MIN: Iter =    3  NFunc =    21  E =    -124.36482  RMSG = 1.2056062e+00
 MIN: Iter =    4  NFunc =    28  E =    -124.55261  RMSG = 4.7829061e-01
 MIN: Iter =    5  NFunc =    58  E =    -124.89092  RMSG = 1.1250941e+00
 MIN: Iter =    6  NFunc =    68  E =    -125.04993  RMSG = 5.1379537e-01
 MIN: Iter =    7  NFunc =    77  E =    -125.14608  RMSG = 1.1489972e+00
 MIN: Iter =    8  NFunc =    83  E =    -125.21482  RMSG = 3.5024079e-01
 MIN: Iter =    9  NFunc =    89  E =    -125.24245  RMSG = 3.9555378e-01
 MIN: Iter =   10  NFunc =    95  E =    -125.25265  RMSG = 1.5402121e-01
 MIN: Iter =   11  NFunc =   115  E =    -125.26606  RMSG = 8.0003818e-02
 MIN: Iter =   12  NFunc =   127  E =    -125.26794  RMSG = 3.9789112e-02
 MIN: Iter =   13  NFunc =   161  E =    -125.27051  RMSG = 7.5530640e-02
 MIN: Iter =   14  NFunc =   169  E =    -125.27111  RMSG = 2.9464124e-02
 MIN: Iter =   15  NFunc =   182  E =    -125.27169  RMSG = 2.5945287e-02
 MIN: Iter =   16  NFunc =   194  E =    -125.27181  RMSG = 1.1831366e-02
 MIN: Iter =   17  NFunc =   236  E =    -125.27225  RMSG = 3.1356740e-02
 MIN: Iter =   18  NFunc =   242  E =    -125.27229  RMSG = 8.9741196e-03
 MIN: Iter =   19  NFunc =   278  E =    -125.27256  RMSG = 2.4468581e-02
 MIN: Iter =   20  NFunc =   285  E =    -125.27270  RMSG = 1.7943410e-02
 MIN: Iter =   21  NFunc =   292  E =    -125.27278  RMSG = 1.7296328e-02
 MIN: Iter =   22  NFunc =   307  E =    -125.27286  RMSG = 1.1753582e-02
 MIN: Iter =   23  NFunc =   313  E =    -125.27288  RMSG = 5.3936219e-03
 MIN: Iter =   24  NFunc =   325  E =    -125.27290  RMSG = 3.5757500e-03
 MIN: Iter =   25  NFunc =   331  E =    -125.27290  RMSG = 1.3639908e-03
 MIN: Iter =   26  NFunc =   337  E =    -125.27290  RMSG = 5.0310443e-04
 MIN: Iter =   27  NFunc =   368  E =    -125.27290  RMSG = 4.0101173e-04
----------------------------------------------------------------
 END:          :-)  E =    -125.27290  RMSG =   0.0004010

     bond:      1.617445908
    angle:      9.545248851
 dihedral:      0.659643312
    enb14:      2.860295237
    eel14:    189.560638620
      enb:     -1.711523978
      eel:    -94.903735273
      egb:   -232.900914668
    econs:      0.000000000
    esurf:      0.000000000
    Total:   -125.272901992
     frms:      0.000401012
====== rms.dat  ======================================================
#Frame      all_heavy
       1       0.2802
