====== tleap.out =====================================================
-I: Adding /home/case/amber24/dat/leap/prep to search path.
-I: Adding /home/case/amber24/dat/leap/lib to search path.
-I: Adding /home/case/amber24/dat/leap/parm to search path.
-I: Adding /home/case/amber24/dat/leap/cmd to search path.
-f: Source leap.in.

Welcome to LEaP!
(no leaprc in search path)
Sourcing: ./leap.in
Using Bondi radii
----- Source: /home/case/amber24/dat/leap/cmd/leaprc.gaff2
----- Source of /home/case/amber24/dat/leap/cmd/leaprc.gaff2 done
Log file: ./leap.log
Loading parameters: /home/case/amber24/dat/leap/parm/gaff2.dat
Reading title:
AMBER General Force Field for organic molecules (Version 2.2.20, March 2021)
Loading parameters: ./BS0.frcmod
Reading force field modification type file (frcmod)
Reading title:
Remark line goes here
Loading Mol2 file: ./BS0.mol2
Reading MOLECULE named BS0
Checking Unit.
Building topology.
"order_residues" off: keep input residue order.
Building atom parameters.
Building bond parameters.
Building angle parameters.
Building proper torsion parameters.
Building improper torsion parameters.
 total 17 improper torsions applied
Building H-Bond parameters.
Incorporating Non-Bonded adjustments.
Not Marking per-residue atom chain types.
Marking per-residue atom chain types.
  (Residues lacking connect0/connect1 - 
   these don't have chain types marked:

	res	total affected

	BS0	1
  )
 (no restraints)
	Quit

Exiting LEaP: Errors = 0; Warnings = 0; Notes = 0.
====== min.o =========================================================
Reading parm file (BS0.parm7)
title:
BS0                                                                             
no velocities were found
no velocities were found
	mm_options:  ntpr=5
	mm_options:  gb=1
	mm_options:  kappa=0.10395
	mm_options:  rgbmax=99.
	mm_options:  cut=99.0
	mm_options:  wcons=0.
     bond:      2.196761175
    angle:      3.571117475
 dihedral:     34.891577381
    enb14:     13.152096142
    eel14:    -30.351246944
      enb:     -1.447049857
      eel:     -4.475008137
      egb:    -15.636896626
    econs:      0.000000000
    esurf:      0.000000000
    Total:      1.901350609
     frms:      7.357379644
Starting TNCG minimisation
 MIN: Iter =    0  NFunc =     1  E =       1.90135  RMSG = 7.3573796e+00
 MIN: Iter =    1  NFunc =     7  E =      -3.57127  RMSG = 1.9495581e+00
 MIN: Iter =    2  NFunc =    19  E =      -5.92253  RMSG = 9.5777035e-01
 MIN: Iter =    3  NFunc =    26  E =      -6.13175  RMSG = 4.3834533e-01
 MIN: Iter =    4  NFunc =    38  E =      -6.31153  RMSG = 2.8011293e-01
 MIN: Iter =    5  NFunc =    50  E =      -6.35991  RMSG = 1.7310357e-01
 MIN: Iter =    6  NFunc =    66  E =      -6.39656  RMSG = 1.1808325e-01
 MIN: Iter =    7  NFunc =    84  E =      -6.40445  RMSG = 4.7656771e-02
 MIN: Iter =    8  NFunc =   110  E =      -6.40659  RMSG = 2.3722336e-02
 MIN: Iter =    9  NFunc =   125  E =      -6.40713  RMSG = 1.3851428e-02
 MIN: Iter =   10  NFunc =   150  E =      -6.40728  RMSG = 6.7095080e-03
 MIN: Iter =   11  NFunc =   186  E =      -6.40772  RMSG = 1.2506822e-02
 MIN: Iter =   12  NFunc =   238  E =      -6.40902  RMSG = 4.1988749e-02
 MIN: Iter =   13  NFunc =   248  E =      -6.41086  RMSG = 7.5082168e-02
 MIN: Iter =   14  NFunc =   254  E =      -6.41372  RMSG = 1.1971396e-01
 MIN: Iter =   15  NFunc =   260  E =      -6.41844  RMSG = 8.2626605e-02
 MIN: Iter =   16  NFunc =   312  E =      -6.42602  RMSG = 1.1684474e-01
 MIN: Iter =   17  NFunc =   318  E =      -6.44064  RMSG = 3.8052866e-01
 MIN: Iter =   18  NFunc =   324  E =      -6.47122  RMSG = 1.1731104e-01
 MIN: Iter =   19  NFunc =   343  E =      -6.49046  RMSG = 4.3027427e-01
 MIN: Iter =   20  NFunc =   349  E =      -6.52643  RMSG = 1.8514817e-01
 MIN: Iter =   21  NFunc =   356  E =      -6.55396  RMSG = 4.0184486e-01
 MIN: Iter =   22  NFunc =   362  E =      -6.59951  RMSG = 1.6133950e-01
 MIN: Iter =   23  NFunc =   368  E =      -6.62105  RMSG = 4.0820301e-01
 MIN: Iter =   24  NFunc =   374  E =      -6.65489  RMSG = 1.2673348e-01
 MIN: Iter =   25  NFunc =   381  E =      -6.66936  RMSG = 3.5872820e-01
 MIN: Iter =   26  NFunc =   389  E =      -6.70662  RMSG = 1.2405853e-01
 MIN: Iter =   27  NFunc =   404  E =      -6.72770  RMSG = 3.3814252e-01
 MIN: Iter =   28  NFunc =   414  E =      -6.76025  RMSG = 1.4458601e-01
 MIN: Iter =   29  NFunc =   422  E =      -6.77896  RMSG = 3.0146628e-01
 MIN: Iter =   30  NFunc =   428  E =      -6.80072  RMSG = 1.2588466e-01
 MIN: Iter =   31  NFunc =   434  E =      -6.81450  RMSG = 2.5383813e-01
 MIN: Iter =   32  NFunc =   440  E =      -6.82967  RMSG = 8.6438927e-02
 MIN: Iter =   33  NFunc =   471  E =      -6.86070  RMSG = 2.6825262e-01
 MIN: Iter =   34  NFunc =   477  E =      -6.87594  RMSG = 1.3622299e-01
 MIN: Iter =   35  NFunc =   491  E =      -6.89920  RMSG = 1.4910631e-01
 MIN: Iter =   36  NFunc =   519  E =      -6.92483  RMSG = 1.4236770e-01
 MIN: Iter =   37  NFunc =   525  E =      -6.92794  RMSG = 3.7827402e-02
 MIN: Iter =   38  NFunc =   547  E =      -6.92929  RMSG = 1.6204733e-02
 MIN: Iter =   39  NFunc =   576  E =      -6.92972  RMSG = 9.7190373e-03
 MIN: Iter =   40  NFunc =   627  E =      -6.93043  RMSG = 2.3378636e-02
 MIN: Iter =   41  NFunc =   633  E =      -6.93052  RMSG = 8.9368168e-03
 MIN: Iter =   42  NFunc =   684  E =      -6.93097  RMSG = 2.8181817e-02
 MIN: Iter =   43  NFunc =   690  E =      -6.93109  RMSG = 1.0036773e-02
 MIN: Iter =   44  NFunc =   711  E =      -6.93118  RMSG = 5.5256246e-03
 MIN: Iter =   45  NFunc =   721  E =      -6.93121  RMSG = 3.2748715e-03
 MIN: Iter =   46  NFunc =   752  E =      -6.93125  RMSG = 2.7273786e-03
 MIN: Iter =   47  NFunc =   768  E =      -6.93125  RMSG = 1.2803290e-03
 MIN: Iter =   48  NFunc =   785  E =      -6.93125  RMSG = 8.2151564e-04
 MIN: Iter =   49  NFunc =   813  E =      -6.93126  RMSG = 5.4556063e-04
 MIN: Iter =   50  NFunc =   841  E =      -6.93126  RMSG = 5.1082327e-04
 MIN: Iter =   51  NFunc =   892  E =      -6.93126  RMSG = 3.7926238e-04
----------------------------------------------------------------
 END:          :-)  E =      -6.93126  RMSG =   0.0003793

     bond:      1.089717814
    angle:      2.873726515
 dihedral:     33.630968936
    enb14:      8.393648983
    eel14:    -28.843671245
      enb:     -1.875974677
      eel:     -4.571674459
      egb:    -17.627999297
    econs:      0.000000000
    esurf:      0.000000000
    Total:     -6.931257429
     frms:      0.000379262
====== rms.dat  ======================================================
#Frame      all_heavy
       1       0.7009
