====== tleap.out =====================================================
-I: Adding /home/case/amber24/dat/leap/prep to search path.
-I: Adding /home/case/amber24/dat/leap/lib to search path.
-I: Adding /home/case/amber24/dat/leap/parm to search path.
-I: Adding /home/case/amber24/dat/leap/cmd to search path.
-f: Source leap.in.

Welcome to LEaP!
(no leaprc in search path)
Sourcing: ./leap.in
Using Bondi radii
----- Source: /home/case/amber24/dat/leap/cmd/leaprc.gaff2
----- Source of /home/case/amber24/dat/leap/cmd/leaprc.gaff2 done
Log file: ./leap.log
Loading parameters: /home/case/amber24/dat/leap/parm/gaff2.dat
Reading title:
AMBER General Force Field for organic molecules (Version 2.2.20, March 2021)
Loading parameters: ./BUQ.frcmod
Reading force field modification type file (frcmod)
Reading title:
Remark line goes here
Loading Mol2 file: ./BUQ.mol2
Reading MOLECULE named BUQ
Checking Unit.
Building topology.
"order_residues" off: keep input residue order.
Building atom parameters.
Building bond parameters.
Building angle parameters.
Building proper torsion parameters.
Building improper torsion parameters.
 total 1 improper torsion applied
Building H-Bond parameters.
Incorporating Non-Bonded adjustments.
Not Marking per-residue atom chain types.
Marking per-residue atom chain types.
  (Residues lacking connect0/connect1 - 
   these don't have chain types marked:

	res	total affected

	BUQ	1
  )
 (no restraints)
	Quit

Exiting LEaP: Errors = 0; Warnings = 0; Notes = 0.
====== min.o =========================================================
Reading parm file (BUQ.parm7)
title:
BUQ                                                                             
no velocities were found
no velocities were found
	mm_options:  ntpr=5
	mm_options:  gb=1
	mm_options:  kappa=0.10395
	mm_options:  rgbmax=99.
	mm_options:  cut=99.0
	mm_options:  wcons=0.
     bond:      0.514469586
    angle:      0.652007763
 dihedral:     38.735536447
    enb14:      1.439852604
    eel14:    -72.107134533
      enb:     -0.271685035
      eel:     38.344279207
      egb:    -11.830096515
    econs:      0.000000000
    esurf:      0.000000000
    Total:     -4.522770477
     frms:      7.227377439
Starting TNCG minimisation
 MIN: Iter =    0  NFunc =     1  E =      -4.52277  RMSG = 7.2273774e+00
 MIN: Iter =    1  NFunc =     7  E =      -6.17272  RMSG = 1.5788595e+00
 MIN: Iter =    2  NFunc =    13  E =      -6.32011  RMSG = 3.1653166e-01
 MIN: Iter =    3  NFunc =    20  E =      -6.32971  RMSG = 1.2031349e-01
 MIN: Iter =    4  NFunc =    33  E =      -6.33281  RMSG = 1.2873876e-01
 MIN: Iter =    5  NFunc =    53  E =      -6.33972  RMSG = 2.7148983e-01
 MIN: Iter =    6  NFunc =    71  E =      -6.35577  RMSG = 9.3176048e-01
 MIN: Iter =    7  NFunc =    77  E =      -6.37971  RMSG = 3.4745564e-01
 MIN: Iter =    8  NFunc =    85  E =      -6.40361  RMSG = 5.8970536e-01
 MIN: Iter =    9  NFunc =    92  E =      -6.44127  RMSG = 2.0368868e+00
 MIN: Iter =   10  NFunc =   112  E =      -6.68994  RMSG = 2.5402124e+00
 MIN: Iter =   11  NFunc =   119  E =      -7.11563  RMSG = 2.5539118e+00
 MIN: Iter =   12  NFunc =   126  E =      -7.68394  RMSG = 1.8907029e+00
 MIN: Iter =   13  NFunc =   132  E =      -7.98324  RMSG = 1.1407929e+00
 MIN: Iter =   14  NFunc =   138  E =      -8.15840  RMSG = 7.9440259e-01
 MIN: Iter =   15  NFunc =   145  E =      -8.22805  RMSG = 5.1076458e-01
 MIN: Iter =   16  NFunc =   152  E =      -8.27117  RMSG = 3.3749368e-01
 MIN: Iter =   17  NFunc =   158  E =      -8.27824  RMSG = 9.3274498e-02
 MIN: Iter =   18  NFunc =   175  E =      -8.29238  RMSG = 6.1235618e-01
 MIN: Iter =   19  NFunc =   181  E =      -8.29694  RMSG = 5.2575799e-02
 MIN: Iter =   20  NFunc =   195  E =      -8.29778  RMSG = 2.5330397e-02
 MIN: Iter =   21  NFunc =   213  E =      -8.29800  RMSG = 1.3561149e-02
 MIN: Iter =   22  NFunc =   219  E =      -8.29801  RMSG = 5.5284302e-03
 MIN: Iter =   23  NFunc =   233  E =      -8.29802  RMSG = 1.7773923e-03
 MIN: Iter =   24  NFunc =   245  E =      -8.29802  RMSG = 5.6266971e-04
 MIN: Iter =   25  NFunc =   257  E =      -8.29802  RMSG = 4.4521043e-04
----------------------------------------------------------------
 END:          :-)  E =      -8.29802  RMSG =   0.0004452

     bond:      0.099441013
    angle:      1.159055230
 dihedral:     35.814681848
    enb14:      0.718565399
    eel14:    -70.841215035
      enb:     -0.434954634
      eel:     38.462499169
      egb:    -13.276096456
    econs:      0.000000000
    esurf:      0.000000000
    Total:     -8.298023466
     frms:      0.000445210
====== rms.dat  ======================================================
#Frame      all_heavy
       1       0.4358
