====== tleap.out =====================================================
-I: Adding /home/case/amber24/dat/leap/prep to search path.
-I: Adding /home/case/amber24/dat/leap/lib to search path.
-I: Adding /home/case/amber24/dat/leap/parm to search path.
-I: Adding /home/case/amber24/dat/leap/cmd to search path.
-f: Source leap.in.

Welcome to LEaP!
(no leaprc in search path)
Sourcing: ./leap.in
Using Bondi radii
----- Source: /home/case/amber24/dat/leap/cmd/leaprc.gaff2
----- Source of /home/case/amber24/dat/leap/cmd/leaprc.gaff2 done
Log file: ./leap.log
Loading parameters: /home/case/amber24/dat/leap/parm/gaff2.dat
Reading title:
AMBER General Force Field for organic molecules (Version 2.2.20, March 2021)
Loading parameters: ./BZ5.frcmod
Reading force field modification type file (frcmod)
Reading title:
Remark line goes here
Loading Mol2 file: ./BZ5.mol2
Reading MOLECULE named BZ5
Checking Unit.

/home/case/amber24/bin/teLeap: Warning!
The unperturbed charge of the unit (-0.999000) is not zero.

/home/case/amber24/bin/teLeap: Note.
Ignoring the warning from Unit Checking.

Building topology.
"order_residues" off: keep input residue order.
Building atom parameters.
Building bond parameters.
Building angle parameters.
Building proper torsion parameters.
Building improper torsion parameters.
 total 10 improper torsions applied
Building H-Bond parameters.
Incorporating Non-Bonded adjustments.
Not Marking per-residue atom chain types.
Marking per-residue atom chain types.
  (Residues lacking connect0/connect1 - 
   these don't have chain types marked:

	res	total affected

	BZ5	1
  )
 (no restraints)
	Quit

Exiting LEaP: Errors = 0; Warnings = 1; Notes = 1.
====== min.o =========================================================
Reading parm file (BZ5.parm7)
title:
BZ5                                                                             
no velocities were found
no velocities were found
	mm_options:  ntpr=5
	mm_options:  gb=1
	mm_options:  kappa=0.10395
	mm_options:  rgbmax=99.
	mm_options:  cut=99.0
	mm_options:  wcons=0.
     bond:      3.184910952
    angle:     11.139801844
 dihedral:     80.846263556
    enb14:     13.120869345
    eel14:    207.475194070
      enb:     -3.997659360
      eel:   -164.209526727
      egb:    -73.854448822
    econs:      0.000000000
    esurf:      0.000000000
    Total:     73.705404859
     frms:     12.413664748
Starting TNCG minimisation
 MIN: Iter =    0  NFunc =     1  E =      73.70540  RMSG = 1.2413665e+01
 MIN: Iter =    1  NFunc =     7  E =      62.85273  RMSG = 3.6796096e+00
 MIN: Iter =    2  NFunc =    13  E =      60.31223  RMSG = 1.5763182e+00
 MIN: Iter =    3  NFunc =    22  E =      59.33098  RMSG = 2.1083220e+00
 MIN: Iter =    4  NFunc =    29  E =      58.84424  RMSG = 1.0275667e+00
 MIN: Iter =    5  NFunc =    35  E =      58.68399  RMSG = 6.0299899e-01
 MIN: Iter =    6  NFunc =    52  E =      58.57359  RMSG = 1.3525330e+00
 MIN: Iter =    7  NFunc =    58  E =      58.50809  RMSG = 1.8437801e-01
 MIN: Iter =    8  NFunc =    68  E =      58.47016  RMSG = 7.0354474e-01
 MIN: Iter =    9  NFunc =    74  E =      58.44683  RMSG = 1.7199833e-01
 MIN: Iter =   10  NFunc =    99  E =      58.40538  RMSG = 9.1169167e-01
 MIN: Iter =   11  NFunc =   105  E =      58.37495  RMSG = 1.0635262e-01
 MIN: Iter =   12  NFunc =   112  E =      58.37112  RMSG = 8.1920311e-02
 MIN: Iter =   13  NFunc =   163  E =      58.34684  RMSG = 5.0124687e-01
 MIN: Iter =   14  NFunc =   169  E =      58.33157  RMSG = 1.3513868e-01
 MIN: Iter =   15  NFunc =   197  E =      58.31787  RMSG = 1.5511468e-01
 MIN: Iter =   16  NFunc =   203  E =      58.31544  RMSG = 3.4497783e-02
 MIN: Iter =   17  NFunc =   233  E =      58.31354  RMSG = 2.0794182e-02
 MIN: Iter =   18  NFunc =   242  E =      58.31335  RMSG = 9.6122192e-03
 MIN: Iter =   19  NFunc =   255  E =      58.31327  RMSG = 5.6446494e-03
 MIN: Iter =   20  NFunc =   275  E =      58.31323  RMSG = 3.5368338e-03
 MIN: Iter =   21  NFunc =   299  E =      58.31321  RMSG = 2.1430032e-03
 MIN: Iter =   22  NFunc =   311  E =      58.31320  RMSG = 9.4481731e-04
 MIN: Iter =   23  NFunc =   336  E =      58.31320  RMSG = 6.3580223e-04
 MIN: Iter =   24  NFunc =   344  E =      58.31320  RMSG = 3.1697423e-04
----------------------------------------------------------------
 END:          :-)  E =      58.31320  RMSG =   0.0003170

     bond:      3.282162046
    angle:      9.162304251
 dihedral:     77.262477332
    enb14:      8.165929358
    eel14:    201.163515592
      enb:     -4.565411035
      eel:   -160.671551443
      egb:    -75.486223059
    econs:      0.000000000
    esurf:      0.000000000
    Total:     58.313203043
     frms:      0.000316974
====== rms.dat  ======================================================
#Frame      all_heavy
       1       0.2477
