====== tleap.out =====================================================
-I: Adding /home/case/amber24/dat/leap/prep to search path.
-I: Adding /home/case/amber24/dat/leap/lib to search path.
-I: Adding /home/case/amber24/dat/leap/parm to search path.
-I: Adding /home/case/amber24/dat/leap/cmd to search path.
-f: Source leap.in.

Welcome to LEaP!
(no leaprc in search path)
Sourcing: ./leap.in
Using Bondi radii
----- Source: /home/case/amber24/dat/leap/cmd/leaprc.gaff2
----- Source of /home/case/amber24/dat/leap/cmd/leaprc.gaff2 done
Log file: ./leap.log
Loading parameters: /home/case/amber24/dat/leap/parm/gaff2.dat
Reading title:
AMBER General Force Field for organic molecules (Version 2.2.20, March 2021)
Loading parameters: ./BZT.frcmod
Reading force field modification type file (frcmod)
Reading title:
Remark line goes here
Loading Mol2 file: ./BZT.mol2
Reading MOLECULE named BZT
Checking Unit.
Building topology.
"order_residues" off: keep input residue order.
Building atom parameters.
Building bond parameters.
Building angle parameters.
Building proper torsion parameters.
Building improper torsion parameters.
 total 20 improper torsions applied
Building H-Bond parameters.
Incorporating Non-Bonded adjustments.
Not Marking per-residue atom chain types.
Marking per-residue atom chain types.
  (Residues lacking connect0/connect1 - 
   these don't have chain types marked:

	res	total affected

	BZT	1
  )
 (no restraints)
	Quit

Exiting LEaP: Errors = 0; Warnings = 0; Notes = 0.
====== min.o =========================================================
Reading parm file (BZT.parm7)
title:
BZT                                                                             
no velocities were found
no velocities were found
	mm_options:  ntpr=5
	mm_options:  gb=1
	mm_options:  kappa=0.10395
	mm_options:  rgbmax=99.
	mm_options:  cut=99.0
	mm_options:  wcons=0.
     bond:      3.197370955
    angle:     16.284549549
 dihedral:     24.613005730
    enb14:     14.161572301
    eel14:    -17.705746670
      enb:     -8.217727417
      eel:      5.371480104
      egb:    -19.474471554
    econs:      0.000000000
    esurf:      0.000000000
    Total:     18.230032998
     frms:      8.337532049
Starting TNCG minimisation
 MIN: Iter =    0  NFunc =     1  E =      18.23003  RMSG = 8.3375320e+00
 MIN: Iter =    1  NFunc =     7  E =       7.69991  RMSG = 1.6975923e+00
 MIN: Iter =    2  NFunc =    19  E =       4.38041  RMSG = 1.0551443e+00
 MIN: Iter =    3  NFunc =    27  E =       3.75569  RMSG = 5.0893462e-01
 MIN: Iter =    4  NFunc =    35  E =       3.57963  RMSG = 2.4407979e-01
 MIN: Iter =    5  NFunc =    59  E =       3.32103  RMSG = 3.5937428e-01
 MIN: Iter =    6  NFunc =    74  E =       3.20161  RMSG = 1.7340507e-01
 MIN: Iter =    7  NFunc =    83  E =       3.17152  RMSG = 1.0969370e-01
 MIN: Iter =    8  NFunc =   123  E =       3.12398  RMSG = 1.5190762e-01
 MIN: Iter =    9  NFunc =   134  E =       3.11532  RMSG = 4.9198027e-02
 MIN: Iter =   10  NFunc =   185  E =       3.10057  RMSG = 2.3134775e-01
 MIN: Iter =   11  NFunc =   191  E =       3.09231  RMSG = 4.9432759e-02
 MIN: Iter =   12  NFunc =   242  E =       3.07617  RMSG = 2.6334508e-01
 MIN: Iter =   13  NFunc =   248  E =       3.06282  RMSG = 7.2406648e-02
 MIN: Iter =   14  NFunc =   299  E =       3.03268  RMSG = 1.7144767e-01
 MIN: Iter =   15  NFunc =   309  E =       3.01576  RMSG = 7.5413312e-02
 MIN: Iter =   16  NFunc =   318  E =       3.00653  RMSG = 7.0243689e-02
 MIN: Iter =   17  NFunc =   360  E =       2.98872  RMSG = 1.4475293e-01
 MIN: Iter =   18  NFunc =   366  E =       2.98356  RMSG = 3.6306786e-02
 MIN: Iter =   19  NFunc =   417  E =       2.97860  RMSG = 5.1306025e-02
 MIN: Iter =   20  NFunc =   423  E =       2.97803  RMSG = 1.2859180e-02
 MIN: Iter =   21  NFunc =   469  E =       2.97669  RMSG = 1.3657835e-02
 MIN: Iter =   22  NFunc =   515  E =       2.97607  RMSG = 7.5558121e-03
 MIN: Iter =   23  NFunc =   566  E =       2.97558  RMSG = 9.8256806e-03
 MIN: Iter =   24  NFunc =   599  E =       2.97529  RMSG = 5.8692152e-03
 MIN: Iter =   25  NFunc =   647  E =       2.97513  RMSG = 3.6948068e-03
 MIN: Iter =   26  NFunc =   690  E =       2.97508  RMSG = 1.8170610e-03
 MIN: Iter =   27  NFunc =   741  E =       2.97504  RMSG = 2.3549625e-03
 MIN: Iter =   28  NFunc =   783  E =       2.97500  RMSG = 1.3315226e-03
 MIN: Iter =   29  NFunc =   834  E =       2.97498  RMSG = 1.7945922e-03
 MIN: Iter =   30  NFunc =   863  E =       2.97497  RMSG = 1.0911041e-03
 MIN: Iter =   31  NFunc =   902  E =       2.97497  RMSG = 5.3103344e-04
 MIN: Iter =   32  NFunc =   918  E =       2.97497  RMSG = 3.7332995e-04
----------------------------------------------------------------
 END:          :-)  E =       2.97497  RMSG =   0.0003733

     bond:      1.701304397
    angle:     11.378925971
 dihedral:     22.054149032
    enb14:     10.490303675
    eel14:    -18.894931013
      enb:     -8.903176581
      eel:      5.571018327
      egb:    -20.422628180
    econs:      0.000000000
    esurf:      0.000000000
    Total:      2.974965630
     frms:      0.000373330
====== rms.dat  ======================================================
#Frame      all_heavy
       1       0.3679
