====== tleap.out =====================================================
-I: Adding /home/case/amber24/dat/leap/prep to search path.
-I: Adding /home/case/amber24/dat/leap/lib to search path.
-I: Adding /home/case/amber24/dat/leap/parm to search path.
-I: Adding /home/case/amber24/dat/leap/cmd to search path.
-f: Source leap.in.

Welcome to LEaP!
(no leaprc in search path)
Sourcing: ./leap.in
Using Bondi radii
----- Source: /home/case/amber24/dat/leap/cmd/leaprc.gaff2
----- Source of /home/case/amber24/dat/leap/cmd/leaprc.gaff2 done
Log file: ./leap.log
Loading parameters: /home/case/amber24/dat/leap/parm/gaff2.dat
Reading title:
AMBER General Force Field for organic molecules (Version 2.2.20, March 2021)
Loading parameters: ./40R.frcmod
Reading force field modification type file (frcmod)
Reading title:
Remark line goes here
Loading Mol2 file: ./40R.mol2
Reading MOLECULE named 40R
Checking Unit.
Building topology.
"order_residues" off: keep input residue order.
Building atom parameters.
Building bond parameters.
Building angle parameters.
Building proper torsion parameters.
Building improper torsion parameters.
 total 3 improper torsions applied
Building H-Bond parameters.
Incorporating Non-Bonded adjustments.
Not Marking per-residue atom chain types.
Marking per-residue atom chain types.
  (Residues lacking connect0/connect1 - 
   these don't have chain types marked:

	res	total affected

	40R	1
  )
 (no restraints)
	Quit

Exiting LEaP: Errors = 0; Warnings = 0; Notes = 0.
====== min.o =========================================================
Reading parm file (40R.parm7)
title:
40R                                                                             
no velocities were found
no velocities were found
	mm_options:  ntpr=5
	mm_options:  gb=1
	mm_options:  kappa=0.10395
	mm_options:  rgbmax=99.
	mm_options:  cut=99.0
	mm_options:  wcons=0.
     bond:      1.293683095
    angle:      1.592229208
 dihedral:      0.046261140
    enb14:      0.976472005
    eel14:      1.303898040
      enb:     -1.006615352
      eel:      0.761655967
      egb:    -11.259101155
    econs:      0.000000000
    esurf:      0.000000000
    Total:     -6.291517052
     frms:      7.564373009
Starting TNCG minimisation
 MIN: Iter =    0  NFunc =     1  E =      -6.29152  RMSG = 7.5643730e+00
 MIN: Iter =    1  NFunc =     7  E =      -8.58681  RMSG = 1.3886926e+00
 MIN: Iter =    2  NFunc =    13  E =      -8.87372  RMSG = 6.2016874e-01
 MIN: Iter =    3  NFunc =    19  E =      -8.93481  RMSG = 3.1327029e-01
 MIN: Iter =    4  NFunc =    40  E =      -9.00564  RMSG = 2.4179558e-01
 MIN: Iter =    5  NFunc =    64  E =      -9.03424  RMSG = 2.3574502e-01
 MIN: Iter =    6  NFunc =    75  E =      -9.05355  RMSG = 2.4545146e-01
 MIN: Iter =    7  NFunc =    81  E =      -9.06034  RMSG = 9.9421061e-02
 MIN: Iter =    8  NFunc =   103  E =      -9.07368  RMSG = 1.4828005e-01
 MIN: Iter =    9  NFunc =   117  E =      -9.08237  RMSG = 1.5071056e-01
 MIN: Iter =   10  NFunc =   127  E =      -9.08668  RMSG = 8.4224196e-02
 MIN: Iter =   11  NFunc =   135  E =      -9.08882  RMSG = 5.4765190e-02
 MIN: Iter =   12  NFunc =   141  E =      -9.08923  RMSG = 2.8010028e-02
 MIN: Iter =   13  NFunc =   155  E =      -9.09000  RMSG = 1.7036874e-02
 MIN: Iter =   14  NFunc =   161  E =      -9.09008  RMSG = 7.8388593e-03
 MIN: Iter =   15  NFunc =   169  E =      -9.09010  RMSG = 4.7522980e-03
 MIN: Iter =   16  NFunc =   186  E =      -9.09011  RMSG = 1.4302406e-03
 MIN: Iter =   17  NFunc =   207  E =      -9.09011  RMSG = 5.7370761e-04
 MIN: Iter =   18  NFunc =   230  E =      -9.09011  RMSG = 3.0454583e-04
----------------------------------------------------------------
 END:          :-)  E =      -9.09011  RMSG =   0.0003045

     bond:      0.233745710
    angle:      1.168160699
 dihedral:      0.013995700
    enb14:      0.458934576
    eel14:      0.599630026
      enb:     -1.080685286
      eel:      1.437369245
      egb:    -11.921259127
    econs:      0.000000000
    esurf:      0.000000000
    Total:     -9.090108458
     frms:      0.000304546
====== rms.dat  ======================================================
#Frame      all_heavy
       1       0.1548
