====== tleap.out =====================================================
-I: Adding /home/case/amber24/dat/leap/prep to search path.
-I: Adding /home/case/amber24/dat/leap/lib to search path.
-I: Adding /home/case/amber24/dat/leap/parm to search path.
-I: Adding /home/case/amber24/dat/leap/cmd to search path.
-f: Source leap.in.

Welcome to LEaP!
(no leaprc in search path)
Sourcing: ./leap.in
Using Bondi radii
----- Source: /home/case/amber24/dat/leap/cmd/leaprc.gaff2
----- Source of /home/case/amber24/dat/leap/cmd/leaprc.gaff2 done
Log file: ./leap.log
Loading parameters: /home/case/amber24/dat/leap/parm/gaff2.dat
Reading title:
AMBER General Force Field for organic molecules (Version 2.2.20, March 2021)
Loading parameters: ./420.frcmod
Reading force field modification type file (frcmod)
Reading title:
Remark line goes here
Loading Mol2 file: ./420.mol2
Reading MOLECULE named 420
Checking Unit.
Building topology.
"order_residues" off: keep input residue order.
Building atom parameters.
Building bond parameters.
Building angle parameters.
Building proper torsion parameters.
Building improper torsion parameters.
 total 13 improper torsions applied
Building H-Bond parameters.
Incorporating Non-Bonded adjustments.
Not Marking per-residue atom chain types.
Marking per-residue atom chain types.
  (Residues lacking connect0/connect1 - 
   these don't have chain types marked:

	res	total affected

	420	1
  )
 (no restraints)
	Quit

Exiting LEaP: Errors = 0; Warnings = 0; Notes = 0.
====== min.o =========================================================
Reading parm file (420.parm7)
title:
420                                                                             
no velocities were found
no velocities were found
	mm_options:  ntpr=5
	mm_options:  gb=1
	mm_options:  kappa=0.10395
	mm_options:  rgbmax=99.
	mm_options:  cut=99.0
	mm_options:  wcons=0.
     bond:      4.983286809
    angle:      7.627389543
 dihedral:     41.229297275
    enb14:     10.681511860
    eel14:    -76.885530213
      enb:      0.164441516
      eel:    -33.201302176
      egb:    -30.973908488
    econs:      0.000000000
    esurf:      0.000000000
    Total:    -76.374813875
     frms:     11.623951945
Starting TNCG minimisation
 MIN: Iter =    0  NFunc =     1  E =     -76.37481  RMSG = 1.1623952e+01
 MIN: Iter =    1  NFunc =    12  E =     -82.95087  RMSG = 1.1992202e+01
 MIN: Iter =    2  NFunc =    18  E =     -92.65295  RMSG = 2.1350915e+00
 MIN: Iter =    3  NFunc =    27  E =     -94.87643  RMSG = 2.4280159e+00
 MIN: Iter =    4  NFunc =    33  E =     -95.36685  RMSG = 8.2880578e-01
 MIN: Iter =    5  NFunc =    48  E =     -96.33678  RMSG = 1.0987096e+00
 MIN: Iter =    6  NFunc =    70  E =     -96.91546  RMSG = 7.7540165e-01
 MIN: Iter =    7  NFunc =    78  E =     -97.07242  RMSG = 3.5581770e-01
 MIN: Iter =    8  NFunc =   100  E =     -97.25794  RMSG = 5.6685850e-01
 MIN: Iter =    9  NFunc =   109  E =     -97.30773  RMSG = 1.7573557e-01
 MIN: Iter =   10  NFunc =   160  E =     -97.43059  RMSG = 5.2197322e-01
 MIN: Iter =   11  NFunc =   166  E =     -97.52281  RMSG = 4.7575179e-01
 MIN: Iter =   12  NFunc =   172  E =     -97.58320  RMSG = 2.5233905e-01
 MIN: Iter =   13  NFunc =   208  E =     -97.66809  RMSG = 3.1846339e-01
 MIN: Iter =   14  NFunc =   259  E =     -97.79764  RMSG = 3.8870813e-01
 MIN: Iter =   15  NFunc =   266  E =     -97.92943  RMSG = 4.8748208e-01
 MIN: Iter =   16  NFunc =   272  E =     -98.06509  RMSG = 4.6955039e-01
 MIN: Iter =   17  NFunc =   278  E =     -98.19906  RMSG = 4.4245204e-01
 MIN: Iter =   18  NFunc =   284  E =     -98.33347  RMSG = 4.2967738e-01
 MIN: Iter =   19  NFunc =   290  E =     -98.47095  RMSG = 3.9542135e-01
 MIN: Iter =   20  NFunc =   297  E =     -98.62390  RMSG = 4.5027314e-01
 MIN: Iter =   21  NFunc =   304  E =     -98.78362  RMSG = 4.9965485e-01
 MIN: Iter =   22  NFunc =   310  E =     -98.92081  RMSG = 4.6679946e-01
 MIN: Iter =   23  NFunc =   316  E =     -99.04821  RMSG = 3.8208578e-01
 MIN: Iter =   24  NFunc =   322  E =     -99.14378  RMSG = 3.7714708e-01
 MIN: Iter =   25  NFunc =   329  E =     -99.22482  RMSG = 3.6587390e-01
 MIN: Iter =   26  NFunc =   369  E =     -99.40382  RMSG = 3.1019657e-01
 MIN: Iter =   27  NFunc =   392  E =     -99.52918  RMSG = 3.0716637e-01
 MIN: Iter =   28  NFunc =   403  E =     -99.62810  RMSG = 2.5613244e-01
 MIN: Iter =   29  NFunc =   412  E =     -99.70078  RMSG = 2.0505354e-01
 MIN: Iter =   30  NFunc =   427  E =     -99.78407  RMSG = 2.1461453e-01
 MIN: Iter =   31  NFunc =   433  E =     -99.83605  RMSG = 2.0249653e-01
 MIN: Iter =   32  NFunc =   461  E =     -99.89708  RMSG = 2.0196051e-01
 MIN: Iter =   33  NFunc =   478  E =     -99.94662  RMSG = 2.1938807e-01
 MIN: Iter =   34  NFunc =   494  E =     -99.98889  RMSG = 2.0566360e-01
 MIN: Iter =   35  NFunc =   502  E =    -100.01626  RMSG = 1.6811612e-01
 MIN: Iter =   36  NFunc =   508  E =    -100.03499  RMSG = 1.6436387e-01
 MIN: Iter =   37  NFunc =   514  E =    -100.04271  RMSG = 1.0355561e-01
 MIN: Iter =   38  NFunc =   550  E =    -100.10741  RMSG = 3.7082903e-01
 MIN: Iter =   39  NFunc =   556  E =    -100.11982  RMSG = 1.1641602e-01
 MIN: Iter =   40  NFunc =   582  E =    -100.13743  RMSG = 6.6707087e-02
 MIN: Iter =   41  NFunc =   609  E =    -100.14317  RMSG = 3.4091486e-02
 MIN: Iter =   42  NFunc =   643  E =    -100.14810  RMSG = 5.0175530e-02
 MIN: Iter =   43  NFunc =   649  E =    -100.14844  RMSG = 2.1142921e-02
 MIN: Iter =   44  NFunc =   670  E =    -100.14907  RMSG = 1.0491882e-02
 MIN: Iter =   45  NFunc =   690  E =    -100.14932  RMSG = 8.4800199e-03
 MIN: Iter =   46  NFunc =   741  E =    -100.15007  RMSG = 1.3269376e-02
 MIN: Iter =   47  NFunc =   763  E =    -100.15020  RMSG = 5.9327484e-03
 MIN: Iter =   48  NFunc =   789  E =    -100.15030  RMSG = 5.1551941e-03
 MIN: Iter =   49  NFunc =   834  E =    -100.15040  RMSG = 3.6999527e-03
 MIN: Iter =   50  NFunc =   850  E =    -100.15041  RMSG = 1.5430191e-03
 MIN: Iter =   51  NFunc =   867  E =    -100.15042  RMSG = 1.8268894e-03
 MIN: Iter =   52  NFunc =   886  E =    -100.15043  RMSG = 1.7510909e-03
 MIN: Iter =   53  NFunc =   900  E =    -100.15044  RMSG = 1.1609963e-03
 MIN: Iter =   54  NFunc =   923  E =    -100.15044  RMSG = 8.0206876e-04
 MIN: Iter =   55  NFunc =   940  E =    -100.15044  RMSG = 4.2614969e-04
----------------------------------------------------------------
 END:          :-)  E =    -100.15044  RMSG =   0.0004261

     bond:      1.810380955
    angle:      3.473443727
 dihedral:     35.959750717
    enb14:      7.628729099
    eel14:    -82.909849897
      enb:     -2.229983497
      eel:    -34.526824720
      egb:    -29.356086473
    econs:      0.000000000
    esurf:      0.000000000
    Total:   -100.150440090
     frms:      0.000426150
====== rms.dat  ======================================================
#Frame      all_heavy
       1       1.2270
