====== tleap.out =====================================================
-I: Adding /home/case/amber24/dat/leap/prep to search path.
-I: Adding /home/case/amber24/dat/leap/lib to search path.
-I: Adding /home/case/amber24/dat/leap/parm to search path.
-I: Adding /home/case/amber24/dat/leap/cmd to search path.
-f: Source leap.in.

Welcome to LEaP!
(no leaprc in search path)
Sourcing: ./leap.in
Using Bondi radii
----- Source: /home/case/amber24/dat/leap/cmd/leaprc.gaff2
----- Source of /home/case/amber24/dat/leap/cmd/leaprc.gaff2 done
Log file: ./leap.log
Loading parameters: /home/case/amber24/dat/leap/parm/gaff2.dat
Reading title:
AMBER General Force Field for organic molecules (Version 2.2.20, March 2021)
Loading parameters: ./49L.frcmod
Reading force field modification type file (frcmod)
Reading title:
Remark line goes here
Loading Mol2 file: ./49L.mol2
Reading MOLECULE named 49L
Checking Unit.
Building topology.
"order_residues" off: keep input residue order.
Building atom parameters.
Building bond parameters.
Building angle parameters.
Building proper torsion parameters.

/home/case/amber24/bin/teLeap: Note.
1-4: angle 21 23 duplicates bond ('triangular' bond) or angle ('square' bond)


/home/case/amber24/bin/teLeap: Note.
1-4: angle 22 24 duplicates bond ('triangular' bond) or angle ('square' bond)

Building improper torsion parameters.
 total 10 improper torsions applied
Building H-Bond parameters.
Incorporating Non-Bonded adjustments.
Not Marking per-residue atom chain types.
Marking per-residue atom chain types.
  (Residues lacking connect0/connect1 - 
   these don't have chain types marked:

	res	total affected

	49L	1
  )
 (no restraints)
	Quit

Exiting LEaP: Errors = 0; Warnings = 0; Notes = 2.
====== min.o =========================================================
Reading parm file (49L.parm7)
title:
49L                                                                             
no velocities were found
no velocities were found
	mm_options:  ntpr=5
	mm_options:  gb=1
	mm_options:  kappa=0.10395
	mm_options:  rgbmax=99.
	mm_options:  cut=99.0
	mm_options:  wcons=0.
     bond:      3.027583280
    angle:     17.971517663
 dihedral:     24.089346572
    enb14:     13.672789265
    eel14:     -0.942615248
      enb:     -2.845749394
      eel:     -3.231032939
      egb:    -23.950427179
    econs:      0.000000000
    esurf:      0.000000000
    Total:     27.791412021
     frms:      9.119343453
Starting TNCG minimisation
 MIN: Iter =    0  NFunc =     1  E =      27.79141  RMSG = 9.1193435e+00
 MIN: Iter =    1  NFunc =     7  E =      14.84095  RMSG = 2.3503013e+00
 MIN: Iter =    2  NFunc =    18  E =      11.06987  RMSG = 1.0799722e+00
 MIN: Iter =    3  NFunc =    41  E =       9.52983  RMSG = 6.4366178e-01
 MIN: Iter =    4  NFunc =    52  E =       8.93243  RMSG = 4.0292742e-01
 MIN: Iter =    5  NFunc =    64  E =       8.80237  RMSG = 2.0178843e-01
 MIN: Iter =    6  NFunc =   115  E =       8.50215  RMSG = 3.6547532e-01
 MIN: Iter =    7  NFunc =   129  E =       8.32505  RMSG = 4.4708378e-01
 MIN: Iter =    8  NFunc =   138  E =       8.17324  RMSG = 4.2839031e-01
 MIN: Iter =    9  NFunc =   145  E =       8.05618  RMSG = 3.6118912e-01
 MIN: Iter =   10  NFunc =   162  E =       7.89961  RMSG = 3.3813170e-01
 MIN: Iter =   11  NFunc =   170  E =       7.84699  RMSG = 1.4604932e-01
 MIN: Iter =   12  NFunc =   198  E =       7.77846  RMSG = 2.6396347e-01
 MIN: Iter =   13  NFunc =   205  E =       7.75898  RMSG = 9.3715436e-02
 MIN: Iter =   14  NFunc =   256  E =       7.69336  RMSG = 5.3913397e-01
 MIN: Iter =   15  NFunc =   262  E =       7.63837  RMSG = 1.3042801e-01
 MIN: Iter =   16  NFunc =   288  E =       7.60538  RMSG = 1.3338015e-01
 MIN: Iter =   17  NFunc =   301  E =       7.57246  RMSG = 3.5953380e-01
 MIN: Iter =   18  NFunc =   308  E =       7.54448  RMSG = 8.3682296e-02
 MIN: Iter =   19  NFunc =   332  E =       7.52843  RMSG = 9.1399040e-02
 MIN: Iter =   20  NFunc =   347  E =       7.51148  RMSG = 1.1431994e-01
 MIN: Iter =   21  NFunc =   354  E =       7.49602  RMSG = 1.3351417e-01
 MIN: Iter =   22  NFunc =   360  E =       7.48832  RMSG = 7.9847504e-02
 MIN: Iter =   23  NFunc =   367  E =       7.48192  RMSG = 1.2724320e-01
 MIN: Iter =   24  NFunc =   378  E =       7.47411  RMSG = 5.1715692e-02
 MIN: Iter =   25  NFunc =   391  E =       7.47036  RMSG = 8.6533178e-02
 MIN: Iter =   26  NFunc =   401  E =       7.46782  RMSG = 2.2634570e-02
 MIN: Iter =   27  NFunc =   445  E =       7.45687  RMSG = 1.8023412e-01
 MIN: Iter =   28  NFunc =   451  E =       7.45219  RMSG = 3.8954530e-02
 MIN: Iter =   29  NFunc =   486  E =       7.44479  RMSG = 3.9037101e-02
 MIN: Iter =   30  NFunc =   537  E =       7.43599  RMSG = 1.1967929e-01
 MIN: Iter =   31  NFunc =   543  E =       7.43379  RMSG = 2.7206266e-02
 MIN: Iter =   32  NFunc =   561  E =       7.43049  RMSG = 2.4856241e-02
 MIN: Iter =   33  NFunc =   596  E =       7.42490  RMSG = 3.7178385e-02
 MIN: Iter =   34  NFunc =   644  E =       7.41987  RMSG = 4.0630230e-02
 MIN: Iter =   35  NFunc =   695  E =       7.41739  RMSG = 2.5396759e-02
 MIN: Iter =   36  NFunc =   746  E =       7.41581  RMSG = 2.5798855e-02
 MIN: Iter =   37  NFunc =   784  E =       7.41491  RMSG = 1.2745357e-02
 MIN: Iter =   38  NFunc =   794  E =       7.41481  RMSG = 5.2800358e-03
 MIN: Iter =   39  NFunc =   845  E =       7.41465  RMSG = 6.9541619e-03
 MIN: Iter =   40  NFunc =   857  E =       7.41460  RMSG = 3.9996069e-03
 MIN: Iter =   41  NFunc =   897  E =       7.41453  RMSG = 2.3715776e-03
 MIN: Iter =   42  NFunc =   948  E =       7.41451  RMSG = 1.5985465e-03
 MIN: Iter =   43  NFunc =   990  E =       7.41449  RMSG = 1.2628556e-03
 MIN: Iter =   44  NFunc =  1020  E =       7.41448  RMSG = 7.6294425e-04
 MIN: Iter =   45  NFunc =  1041  E =       7.41448  RMSG = 4.1792580e-04
----------------------------------------------------------------
 END:          :-)  E =       7.41448  RMSG =   0.0004179

     bond:      2.369183697
    angle:     12.823835897
 dihedral:     17.128679785
    enb14:      9.648372867
    eel14:     -1.061592942
      enb:     -4.171021713
      eel:     -2.948334786
      egb:    -26.374642700
    econs:      0.000000000
    esurf:      0.000000000
    Total:      7.414480104
     frms:      0.000417926
====== rms.dat  ======================================================
#Frame      all_heavy
       1       0.5567
