====== tleap.out =====================================================
-I: Adding /home/case/amber24/dat/leap/prep to search path.
-I: Adding /home/case/amber24/dat/leap/lib to search path.
-I: Adding /home/case/amber24/dat/leap/parm to search path.
-I: Adding /home/case/amber24/dat/leap/cmd to search path.
-f: Source leap.in.

Welcome to LEaP!
(no leaprc in search path)
Sourcing: ./leap.in
Using Bondi radii
----- Source: /home/case/amber24/dat/leap/cmd/leaprc.gaff2
----- Source of /home/case/amber24/dat/leap/cmd/leaprc.gaff2 done
Log file: ./leap.log
Loading parameters: /home/case/amber24/dat/leap/parm/gaff2.dat
Reading title:
AMBER General Force Field for organic molecules (Version 2.2.20, March 2021)
Loading parameters: ./4AF.frcmod
Reading force field modification type file (frcmod)
Reading title:
Remark line goes here
Loading Mol2 file: ./4AF.mol2
Reading MOLECULE named 4AF
Checking Unit.

/home/case/amber24/bin/teLeap: Warning!
The unperturbed charge of the unit (-1.002999) is not zero.

/home/case/amber24/bin/teLeap: Note.
Ignoring the warning from Unit Checking.

Building topology.
"order_residues" off: keep input residue order.
Building atom parameters.
Building bond parameters.
Building angle parameters.
Building proper torsion parameters.
Building improper torsion parameters.
 total 8 improper torsions applied
Building H-Bond parameters.
Incorporating Non-Bonded adjustments.
Not Marking per-residue atom chain types.
Marking per-residue atom chain types.
  (Residues lacking connect0/connect1 - 
   these don't have chain types marked:

	res	total affected

	4AF	1
  )
 (no restraints)
	Quit

Exiting LEaP: Errors = 0; Warnings = 1; Notes = 1.
====== min.o =========================================================
Reading parm file (4AF.parm7)
title:
4AF                                                                             
no velocities were found
no velocities were found
	mm_options:  ntpr=5
	mm_options:  gb=1
	mm_options:  kappa=0.10395
	mm_options:  rgbmax=99.
	mm_options:  cut=99.0
	mm_options:  wcons=0.
     bond:      1.644129918
    angle:      3.783459336
 dihedral:     29.066329558
    enb14:      6.781885274
    eel14:    172.069327412
      enb:     -0.177842168
      eel:   -121.176832518
      egb:    -79.291836425
    econs:      0.000000000
    esurf:      0.000000000
    Total:     12.698620387
     frms:      8.635515113
Starting TNCG minimisation
 MIN: Iter =    0  NFunc =     1  E =      12.69862  RMSG = 8.6355151e+00
 MIN: Iter =    1  NFunc =     7  E =       7.81892  RMSG = 2.5190694e+00
 MIN: Iter =    2  NFunc =    14  E =       6.95572  RMSG = 9.1150565e-01
 MIN: Iter =    3  NFunc =    20  E =       6.75984  RMSG = 4.7324293e-01
 MIN: Iter =    4  NFunc =    30  E =       6.62583  RMSG = 4.8335797e-01
 MIN: Iter =    5  NFunc =    55  E =       6.47408  RMSG = 1.5436150e+00
 MIN: Iter =    6  NFunc =    61  E =       6.33641  RMSG = 4.2627669e-01
 MIN: Iter =    7  NFunc =    71  E =       6.24382  RMSG = 1.5255222e+00
 MIN: Iter =    8  NFunc =    77  E =       6.13986  RMSG = 3.4222683e-01
 MIN: Iter =    9  NFunc =    84  E =       6.09445  RMSG = 5.7912560e-01
 MIN: Iter =   10  NFunc =    90  E =       6.06124  RMSG = 3.0555246e-01
 MIN: Iter =   11  NFunc =    96  E =       6.04280  RMSG = 2.9982111e-01
 MIN: Iter =   12  NFunc =   110  E =       6.02674  RMSG = 1.8126489e-01
 MIN: Iter =   13  NFunc =   122  E =       6.01981  RMSG = 7.4111473e-02
 MIN: Iter =   14  NFunc =   151  E =       6.00946  RMSG = 1.2585179e-01
 MIN: Iter =   15  NFunc =   172  E =       6.00086  RMSG = 2.7737462e-01
 MIN: Iter =   16  NFunc =   178  E =       5.99740  RMSG = 6.1229224e-02
 MIN: Iter =   17  NFunc =   187  E =       5.99532  RMSG = 6.2637673e-02
 MIN: Iter =   18  NFunc =   194  E =       5.99487  RMSG = 2.3664855e-02
 MIN: Iter =   19  NFunc =   217  E =       5.99430  RMSG = 1.3069910e-02
 MIN: Iter =   20  NFunc =   238  E =       5.99403  RMSG = 7.3787638e-03
 MIN: Iter =   21  NFunc =   253  E =       5.99398  RMSG = 5.3755163e-03
 MIN: Iter =   22  NFunc =   275  E =       5.99395  RMSG = 3.2203870e-03
 MIN: Iter =   23  NFunc =   286  E =       5.99395  RMSG = 1.6529159e-03
 MIN: Iter =   24  NFunc =   308  E =       5.99395  RMSG = 9.7256401e-04
 MIN: Iter =   25  NFunc =   328  E =       5.99394  RMSG = 6.2106637e-04
 MIN: Iter =   26  NFunc =   343  E =       5.99394  RMSG = 4.1599918e-04
----------------------------------------------------------------
 END:          :-)  E =       5.99394  RMSG =   0.0004160

     bond:      1.995210099
    angle:      5.101537615
 dihedral:     27.603944591
    enb14:      4.401036564
    eel14:    166.090988235
      enb:     -1.053869823
      eel:   -116.049001943
      egb:    -82.095901972
    econs:      0.000000000
    esurf:      0.000000000
    Total:      5.993943364
     frms:      0.000415999
====== rms.dat  ======================================================
#Frame      all_heavy
       1       0.2654
