====== tleap.out =====================================================
-I: Adding /home/case/amber24/dat/leap/prep to search path.
-I: Adding /home/case/amber24/dat/leap/lib to search path.
-I: Adding /home/case/amber24/dat/leap/parm to search path.
-I: Adding /home/case/amber24/dat/leap/cmd to search path.
-f: Source leap.in.

Welcome to LEaP!
(no leaprc in search path)
Sourcing: ./leap.in
Using Bondi radii
----- Source: /home/case/amber24/dat/leap/cmd/leaprc.gaff2
----- Source of /home/case/amber24/dat/leap/cmd/leaprc.gaff2 done
Log file: ./leap.log
Loading parameters: /home/case/amber24/dat/leap/parm/gaff2.dat
Reading title:
AMBER General Force Field for organic molecules (Version 2.2.20, March 2021)
Loading parameters: ./4AR.frcmod
Reading force field modification type file (frcmod)
Reading title:
Remark line goes here
Loading Mol2 file: ./4AR.mol2
Reading MOLECULE named 4AR
Checking Unit.

/home/case/amber24/bin/teLeap: Warning!
The unperturbed charge of the unit (0.996998) is not zero.

/home/case/amber24/bin/teLeap: Note.
Ignoring the warning from Unit Checking.

Building topology.
"order_residues" off: keep input residue order.
Building atom parameters.
Building bond parameters.
Building angle parameters.
Building proper torsion parameters.
Building improper torsion parameters.
 total 12 improper torsions applied
Building H-Bond parameters.
Incorporating Non-Bonded adjustments.
Not Marking per-residue atom chain types.
Marking per-residue atom chain types.
  (Residues lacking connect0/connect1 - 
   these don't have chain types marked:

	res	total affected

	4AR	1
  )
 (no restraints)
	Quit

Exiting LEaP: Errors = 0; Warnings = 1; Notes = 1.
====== min.o =========================================================
Reading parm file (4AR.parm7)
title:
4AR                                                                             
no velocities were found
no velocities were found
	mm_options:  ntpr=5
	mm_options:  gb=1
	mm_options:  kappa=0.10395
	mm_options:  rgbmax=99.
	mm_options:  cut=99.0
	mm_options:  wcons=0.
     bond:      1.677679503
    angle:      2.248606169
 dihedral:     12.172430827
    enb14:     11.225876650
    eel14:   -163.024048673
      enb:     -2.799452471
      eel:     92.950807060
      egb:    -83.216744416
    econs:      0.000000000
    esurf:      0.000000000
    Total:   -128.764845350
     frms:      7.462204118
Starting TNCG minimisation
 MIN: Iter =    0  NFunc =     1  E =    -128.76485  RMSG = 7.4622041e+00
 MIN: Iter =    1  NFunc =    10  E =    -136.96156  RMSG = 2.4906911e+00
 MIN: Iter =    2  NFunc =    17  E =    -138.81393  RMSG = 1.1882779e+00
 MIN: Iter =    3  NFunc =    29  E =    -139.81060  RMSG = 7.6725082e-01
 MIN: Iter =    4  NFunc =    37  E =    -140.16062  RMSG = 6.0150655e-01
 MIN: Iter =    5  NFunc =    53  E =    -140.30483  RMSG = 2.9763044e-01
 MIN: Iter =    6  NFunc =    82  E =    -140.39437  RMSG = 2.0415739e-01
 MIN: Iter =    7  NFunc =   117  E =    -140.43555  RMSG = 3.5581638e-01
 MIN: Iter =    8  NFunc =   123  E =    -140.44869  RMSG = 7.1771531e-02
 MIN: Iter =    9  NFunc =   160  E =    -140.47877  RMSG = 3.5802343e-01
 MIN: Iter =   10  NFunc =   166  E =    -140.49670  RMSG = 1.3927710e-01
 MIN: Iter =   11  NFunc =   183  E =    -140.51426  RMSG = 3.2065423e-01
 MIN: Iter =   12  NFunc =   189  E =    -140.52647  RMSG = 9.0848817e-02
 MIN: Iter =   13  NFunc =   220  E =    -140.53900  RMSG = 9.9800710e-02
 MIN: Iter =   14  NFunc =   231  E =    -140.54915  RMSG = 1.4664983e-01
 MIN: Iter =   15  NFunc =   240  E =    -140.55544  RMSG = 6.7653582e-02
 MIN: Iter =   16  NFunc =   250  E =    -140.55755  RMSG = 4.5055256e-02
 MIN: Iter =   17  NFunc =   301  E =    -140.56645  RMSG = 1.6332770e-01
 MIN: Iter =   18  NFunc =   313  E =    -140.57207  RMSG = 5.3295552e-02
 MIN: Iter =   19  NFunc =   341  E =    -140.57805  RMSG = 1.3993436e-01
 MIN: Iter =   20  NFunc =   347  E =    -140.58001  RMSG = 4.0767628e-02
 MIN: Iter =   21  NFunc =   398  E =    -140.58434  RMSG = 5.7912887e-02
 MIN: Iter =   22  NFunc =   428  E =    -140.58645  RMSG = 2.2749187e-02
 MIN: Iter =   23  NFunc =   479  E =    -140.58794  RMSG = 1.8721450e-02
 MIN: Iter =   24  NFunc =   508  E =    -140.58851  RMSG = 8.9846437e-03
 MIN: Iter =   25  NFunc =   559  E =    -140.58964  RMSG = 2.7749149e-02
 MIN: Iter =   26  NFunc =   565  E =    -140.58977  RMSG = 1.1668221e-02
 MIN: Iter =   27  NFunc =   590  E =    -140.59016  RMSG = 8.1372287e-03
 MIN: Iter =   28  NFunc =   625  E =    -140.59047  RMSG = 6.7364530e-03
 MIN: Iter =   29  NFunc =   644  E =    -140.59057  RMSG = 4.8433568e-03
 MIN: Iter =   30  NFunc =   653  E =    -140.59058  RMSG = 3.2680307e-03
 MIN: Iter =   31  NFunc =   680  E =    -140.59061  RMSG = 2.1808294e-03
 MIN: Iter =   32  NFunc =   731  E =    -140.59064  RMSG = 1.8681889e-03
 MIN: Iter =   33  NFunc =   753  E =    -140.59065  RMSG = 1.1752742e-03
 MIN: Iter =   34  NFunc =   804  E =    -140.59066  RMSG = 1.4183982e-03
 MIN: Iter =   35  NFunc =   814  E =    -140.59067  RMSG = 8.9730415e-04
 MIN: Iter =   36  NFunc =   834  E =    -140.59067  RMSG = 5.8683291e-04
 MIN: Iter =   37  NFunc =   853  E =    -140.59067  RMSG = 4.9367929e-04
----------------------------------------------------------------
 END:          :-)  E =    -140.59067  RMSG =   0.0004937

     bond:      3.494642514
    angle:      2.299585135
 dihedral:     11.923440636
    enb14:      6.958922734
    eel14:   -174.252566577
      enb:     -3.346270374
      eel:     97.339000370
      egb:    -85.007422920
    econs:      0.000000000
    esurf:      0.000000000
    Total:   -140.590668482
     frms:      0.000493679
====== rms.dat  ======================================================
#Frame      all_heavy
       1       0.3495
