====== tleap.out =====================================================
-I: Adding /home/case/amber24/dat/leap/prep to search path.
-I: Adding /home/case/amber24/dat/leap/lib to search path.
-I: Adding /home/case/amber24/dat/leap/parm to search path.
-I: Adding /home/case/amber24/dat/leap/cmd to search path.
-f: Source leap.in.

Welcome to LEaP!
(no leaprc in search path)
Sourcing: ./leap.in
Using Bondi radii
----- Source: /home/case/amber24/dat/leap/cmd/leaprc.gaff2
----- Source of /home/case/amber24/dat/leap/cmd/leaprc.gaff2 done
Log file: ./leap.log
Loading parameters: /home/case/amber24/dat/leap/parm/gaff2.dat
Reading title:
AMBER General Force Field for organic molecules (Version 2.2.20, March 2021)
Loading parameters: ./4BO.frcmod
Reading force field modification type file (frcmod)
Reading title:
Remark line goes here
Loading Mol2 file: ./4BO.mol2
Reading MOLECULE named 4BO
Checking Unit.

/home/case/amber24/bin/teLeap: Warning!
The unperturbed charge of the unit (-1.002000) is not zero.

/home/case/amber24/bin/teLeap: Note.
Ignoring the warning from Unit Checking.

Building topology.
"order_residues" off: keep input residue order.
Building atom parameters.
Building bond parameters.
Building angle parameters.
Building proper torsion parameters.
Building improper torsion parameters.
 total 15 improper torsions applied
Building H-Bond parameters.
Incorporating Non-Bonded adjustments.
Not Marking per-residue atom chain types.
Marking per-residue atom chain types.
  (Residues lacking connect0/connect1 - 
   these don't have chain types marked:

	res	total affected

	4BO	1
  )
 (no restraints)
	Quit

Exiting LEaP: Errors = 0; Warnings = 1; Notes = 1.
====== min.o =========================================================
Reading parm file (4BO.parm7)
title:
4BO                                                                             
no velocities were found
no velocities were found
	mm_options:  ntpr=5
	mm_options:  gb=1
	mm_options:  kappa=0.10395
	mm_options:  rgbmax=99.
	mm_options:  cut=99.0
	mm_options:  wcons=0.
     bond:      1.886489298
    angle:      5.483660626
 dihedral:     45.668844395
    enb14:     10.975610430
    eel14:     42.752661747
      enb:      0.597809461
      eel:    -24.838868027
      egb:    -83.769601470
    econs:      0.000000000
    esurf:      0.000000000
    Total:     -1.243393541
     frms:      7.856091284
Starting TNCG minimisation
 MIN: Iter =    0  NFunc =     1  E =      -1.24339  RMSG = 7.8560913e+00
 MIN: Iter =    1  NFunc =     7  E =      -8.69576  RMSG = 2.7191435e+00
 MIN: Iter =    2  NFunc =    18  E =     -12.50925  RMSG = 1.9424101e+00
 MIN: Iter =    3  NFunc =    35  E =     -13.91241  RMSG = 3.5363393e+00
 MIN: Iter =    4  NFunc =    42  E =     -16.59696  RMSG = 2.6784736e+00
 MIN: Iter =    5  NFunc =    54  E =     -18.53512  RMSG = 3.5671700e+00
 MIN: Iter =    6  NFunc =    60  E =     -20.60324  RMSG = 3.1560519e+00
 MIN: Iter =    7  NFunc =    66  E =     -22.44024  RMSG = 2.5934509e+00
 MIN: Iter =    8  NFunc =    72  E =     -23.50172  RMSG = 1.3655203e+00
 MIN: Iter =    9  NFunc =    78  E =     -23.93834  RMSG = 8.5373384e-01
 MIN: Iter =   10  NFunc =    98  E =     -24.51088  RMSG = 1.4015487e+00
 MIN: Iter =   11  NFunc =   105  E =     -24.95817  RMSG = 1.2885103e+00
 MIN: Iter =   12  NFunc =   111  E =     -25.25518  RMSG = 8.0072504e-01
 MIN: Iter =   13  NFunc =   119  E =     -25.39829  RMSG = 4.0247436e-01
 MIN: Iter =   14  NFunc =   141  E =     -25.68580  RMSG = 1.3065434e+00
 MIN: Iter =   15  NFunc =   147  E =     -25.83470  RMSG = 4.4083867e-01
 MIN: Iter =   16  NFunc =   167  E =     -25.96005  RMSG = 1.2335353e+00
 MIN: Iter =   17  NFunc =   173  E =     -26.05256  RMSG = 2.3959816e-01
 MIN: Iter =   18  NFunc =   183  E =     -26.08697  RMSG = 6.4044477e-01
 MIN: Iter =   19  NFunc =   189  E =     -26.11216  RMSG = 1.5962821e-01
 MIN: Iter =   20  NFunc =   236  E =     -26.22767  RMSG = 5.0265738e-01
 MIN: Iter =   21  NFunc =   242  E =     -26.26008  RMSG = 1.8138751e-01
 MIN: Iter =   22  NFunc =   265  E =     -26.31228  RMSG = 3.7579175e-01
 MIN: Iter =   23  NFunc =   271  E =     -26.32532  RMSG = 1.0567019e-01
 MIN: Iter =   24  NFunc =   308  E =     -26.34243  RMSG = 1.0350542e-01
 MIN: Iter =   25  NFunc =   326  E =     -26.35503  RMSG = 3.5497533e-01
 MIN: Iter =   26  NFunc =   332  E =     -26.36316  RMSG = 4.6077183e-02
 MIN: Iter =   27  NFunc =   384  E =     -26.37317  RMSG = 1.2720652e-01
 MIN: Iter =   28  NFunc =   393  E =     -26.38279  RMSG = 1.6963527e-01
 MIN: Iter =   29  NFunc =   400  E =     -26.38895  RMSG = 7.7944154e-02
 MIN: Iter =   30  NFunc =   415  E =     -26.39456  RMSG = 1.6844127e-01
 MIN: Iter =   31  NFunc =   442  E =     -26.40980  RMSG = 1.2414838e-01
 MIN: Iter =   32  NFunc =   464  E =     -26.41724  RMSG = 9.1027710e-02
 MIN: Iter =   33  NFunc =   470  E =     -26.41897  RMSG = 4.0814102e-02
 MIN: Iter =   34  NFunc =   515  E =     -26.42237  RMSG = 6.2700201e-02
 MIN: Iter =   35  NFunc =   522  E =     -26.42432  RMSG = 4.5575882e-02
 MIN: Iter =   36  NFunc =   531  E =     -26.42571  RMSG = 8.0956026e-02
 MIN: Iter =   37  NFunc =   537  E =     -26.42649  RMSG = 3.3937966e-02
 MIN: Iter =   38  NFunc =   576  E =     -26.42851  RMSG = 5.0910288e-02
 MIN: Iter =   39  NFunc =   589  E =     -26.43030  RMSG = 6.2733339e-02
 MIN: Iter =   40  NFunc =   596  E =     -26.43116  RMSG = 2.8539223e-02
 MIN: Iter =   41  NFunc =   647  E =     -26.43232  RMSG = 3.6521111e-02
 MIN: Iter =   42  NFunc =   654  E =     -26.43286  RMSG = 3.0551718e-02
 MIN: Iter =   43  NFunc =   675  E =     -26.43379  RMSG = 4.9105334e-02
 MIN: Iter =   44  NFunc =   682  E =     -26.43425  RMSG = 2.0138778e-02
 MIN: Iter =   45  NFunc =   689  E =     -26.43449  RMSG = 1.5896578e-02
 MIN: Iter =   46  NFunc =   705  E =     -26.43485  RMSG = 2.6496006e-02
 MIN: Iter =   47  NFunc =   711  E =     -26.43491  RMSG = 8.7144955e-03
 MIN: Iter =   48  NFunc =   752  E =     -26.43579  RMSG = 1.9545948e-02
 MIN: Iter =   49  NFunc =   793  E =     -26.43679  RMSG = 4.3264939e-02
 MIN: Iter =   50  NFunc =   799  E =     -26.43708  RMSG = 1.1483557e-02
 MIN: Iter =   51  NFunc =   812  E =     -26.43717  RMSG = 7.3038761e-03
 MIN: Iter =   52  NFunc =   854  E =     -26.43739  RMSG = 6.6123844e-03
 MIN: Iter =   53  NFunc =   868  E =     -26.43741  RMSG = 2.0007121e-03
 MIN: Iter =   54  NFunc =   916  E =     -26.43745  RMSG = 2.1732462e-03
 MIN: Iter =   55  NFunc =   931  E =     -26.43746  RMSG = 1.7084000e-03
 MIN: Iter =   56  NFunc =   962  E =     -26.43747  RMSG = 1.1829039e-03
 MIN: Iter =   57  NFunc =   975  E =     -26.43747  RMSG = 6.6372454e-04
 MIN: Iter =   58  NFunc =   995  E =     -26.43747  RMSG = 4.1405609e-04
----------------------------------------------------------------
 END:          :-)  E =     -26.43747  RMSG =   0.0004141

     bond:      1.707370174
    angle:      6.235837210
 dihedral:     32.257106135
    enb14:      7.726734791
    eel14:     32.490783649
      enb:     -1.587356088
      eel:    -20.655911116
      egb:    -84.612035180
    econs:      0.000000000
    esurf:      0.000000000
    Total:    -26.437470424
     frms:      0.000414056
====== rms.dat  ======================================================
#Frame      all_heavy
       1       0.6419
