====== tleap.out =====================================================
-I: Adding /home/case/amber24/dat/leap/prep to search path.
-I: Adding /home/case/amber24/dat/leap/lib to search path.
-I: Adding /home/case/amber24/dat/leap/parm to search path.
-I: Adding /home/case/amber24/dat/leap/cmd to search path.
-f: Source leap.in.

Welcome to LEaP!
(no leaprc in search path)
Sourcing: ./leap.in
Using Bondi radii
----- Source: /home/case/amber24/dat/leap/cmd/leaprc.gaff2
----- Source of /home/case/amber24/dat/leap/cmd/leaprc.gaff2 done
Log file: ./leap.log
Loading parameters: /home/case/amber24/dat/leap/parm/gaff2.dat
Reading title:
AMBER General Force Field for organic molecules (Version 2.2.20, March 2021)
Loading parameters: ./4FI.frcmod
Reading force field modification type file (frcmod)
Reading title:
Remark line goes here
Loading Mol2 file: ./4FI.mol2
Reading MOLECULE named 4FI
Checking Unit.

/home/case/amber24/bin/teLeap: Warning!
The unperturbed charge of the unit (-0.998999) is not zero.

/home/case/amber24/bin/teLeap: Note.
Ignoring the warning from Unit Checking.

Building topology.
"order_residues" off: keep input residue order.
Building atom parameters.
Building bond parameters.
Building angle parameters.
Building proper torsion parameters.
Building improper torsion parameters.
 total 23 improper torsions applied
Building H-Bond parameters.
Incorporating Non-Bonded adjustments.
Not Marking per-residue atom chain types.
Marking per-residue atom chain types.
  (Residues lacking connect0/connect1 - 
   these don't have chain types marked:

	res	total affected

	4FI	1
  )
 (no restraints)
	Quit

Exiting LEaP: Errors = 0; Warnings = 1; Notes = 1.
====== min.o =========================================================
Reading parm file (4FI.parm7)
title:
4FI                                                                             
no velocities were found
no velocities were found
	mm_options:  ntpr=5
	mm_options:  gb=1
	mm_options:  kappa=0.10395
	mm_options:  rgbmax=99.
	mm_options:  cut=99.0
	mm_options:  wcons=0.
     bond:      4.940368695
    angle:     12.508837135
 dihedral:     13.769207706
    enb14:     14.046379739
    eel14:     93.792045184
      enb:     -5.532581125
      eel:   -118.119769403
      egb:    -77.210523595
    econs:      0.000000000
    esurf:      0.000000000
    Total:    -61.806035665
     frms:     11.127011678
Starting TNCG minimisation
 MIN: Iter =    0  NFunc =     1  E =     -61.80604  RMSG = 1.1127012e+01
 MIN: Iter =    1  NFunc =     7  E =     -71.86172  RMSG = 2.9429655e+00
 MIN: Iter =    2  NFunc =    14  E =     -74.04734  RMSG = 1.4340913e+00
 MIN: Iter =    3  NFunc =    31  E =     -75.46852  RMSG = 9.2709645e-01
 MIN: Iter =    4  NFunc =    39  E =     -76.15889  RMSG = 8.2376371e-01
 MIN: Iter =    5  NFunc =    61  E =     -76.60840  RMSG = 1.5499218e+00
 MIN: Iter =    6  NFunc =    67  E =     -76.81911  RMSG = 3.4123288e-01
 MIN: Iter =    7  NFunc =    78  E =     -76.92214  RMSG = 1.0103059e+00
 MIN: Iter =    8  NFunc =    84  E =     -76.99129  RMSG = 2.1856990e-01
 MIN: Iter =    9  NFunc =   111  E =     -77.05453  RMSG = 3.9429224e-01
 MIN: Iter =   10  NFunc =   119  E =     -77.09135  RMSG = 2.7154103e-01
 MIN: Iter =   11  NFunc =   125  E =     -77.10997  RMSG = 1.5295076e-01
 MIN: Iter =   12  NFunc =   176  E =     -77.17015  RMSG = 2.3647323e-01
 MIN: Iter =   13  NFunc =   185  E =     -77.21224  RMSG = 2.1790065e-01
 MIN: Iter =   14  NFunc =   193  E =     -77.23381  RMSG = 1.2142178e-01
 MIN: Iter =   15  NFunc =   207  E =     -77.25178  RMSG = 8.3350836e-02
 MIN: Iter =   16  NFunc =   236  E =     -77.26355  RMSG = 6.0069069e-02
 MIN: Iter =   17  NFunc =   277  E =     -77.27532  RMSG = 1.6492742e-01
 MIN: Iter =   18  NFunc =   283  E =     -77.27949  RMSG = 4.2260735e-02
 MIN: Iter =   19  NFunc =   312  E =     -77.28720  RMSG = 7.8376104e-02
 MIN: Iter =   20  NFunc =   318  E =     -77.28852  RMSG = 2.4738554e-02
 MIN: Iter =   21  NFunc =   355  E =     -77.29212  RMSG = 4.3095581e-02
 MIN: Iter =   22  NFunc =   361  E =     -77.29244  RMSG = 1.5543693e-02
 MIN: Iter =   23  NFunc =   394  E =     -77.29323  RMSG = 1.2981901e-02
 MIN: Iter =   24  NFunc =   435  E =     -77.29608  RMSG = 3.8783759e-02
 MIN: Iter =   25  NFunc =   441  E =     -77.29649  RMSG = 2.1242781e-02
 MIN: Iter =   26  NFunc =   464  E =     -77.29801  RMSG = 1.8447508e-02
 MIN: Iter =   27  NFunc =   497  E =     -77.29860  RMSG = 9.8678179e-03
 MIN: Iter =   28  NFunc =   506  E =     -77.29864  RMSG = 3.7798940e-03
 MIN: Iter =   29  NFunc =   557  E =     -77.29881  RMSG = 7.4859931e-03
 MIN: Iter =   30  NFunc =   583  E =     -77.29894  RMSG = 4.1504602e-03
 MIN: Iter =   31  NFunc =   608  E =     -77.29899  RMSG = 2.9724530e-03
 MIN: Iter =   32  NFunc =   620  E =     -77.29900  RMSG = 1.7629620e-03
 MIN: Iter =   33  NFunc =   671  E =     -77.29903  RMSG = 1.9540206e-03
 MIN: Iter =   34  NFunc =   713  E =     -77.29904  RMSG = 1.0226333e-03
 MIN: Iter =   35  NFunc =   746  E =     -77.29904  RMSG = 6.9055120e-04
 MIN: Iter =   36  NFunc =   756  E =     -77.29904  RMSG = 3.9321798e-04
----------------------------------------------------------------
 END:          :-)  E =     -77.29904  RMSG =   0.0003932

     bond:      1.616012906
    angle:      8.133877390
 dihedral:     10.918960933
    enb14:     10.542375226
    eel14:     90.732387761
      enb:     -6.487564458
      eel:   -111.867604613
      egb:    -80.887487727
    econs:      0.000000000
    esurf:      0.000000000
    Total:    -77.299042582
     frms:      0.000393218
====== rms.dat  ======================================================
#Frame      all_heavy
       1       0.3406
