====== tleap.out =====================================================
-I: Adding /home/case/amber24/dat/leap/prep to search path.
-I: Adding /home/case/amber24/dat/leap/lib to search path.
-I: Adding /home/case/amber24/dat/leap/parm to search path.
-I: Adding /home/case/amber24/dat/leap/cmd to search path.
-f: Source leap.in.

Welcome to LEaP!
(no leaprc in search path)
Sourcing: ./leap.in
Using Bondi radii
----- Source: /home/case/amber24/dat/leap/cmd/leaprc.gaff2
----- Source of /home/case/amber24/dat/leap/cmd/leaprc.gaff2 done
Log file: ./leap.log
Loading parameters: /home/case/amber24/dat/leap/parm/gaff2.dat
Reading title:
AMBER General Force Field for organic molecules (Version 2.2.20, March 2021)
Loading parameters: ./4FJ.frcmod
Reading force field modification type file (frcmod)
Reading title:
Remark line goes here
Loading Mol2 file: ./4FJ.mol2
Reading MOLECULE named 4FJ
Checking Unit.
Building topology.
"order_residues" off: keep input residue order.
Building atom parameters.
Building bond parameters.
Building angle parameters.
Building proper torsion parameters.
Building improper torsion parameters.
 total 21 improper torsions applied
Building H-Bond parameters.
Incorporating Non-Bonded adjustments.
Not Marking per-residue atom chain types.
Marking per-residue atom chain types.
  (Residues lacking connect0/connect1 - 
   these don't have chain types marked:

	res	total affected

	4FJ	1
  )
 (no restraints)
	Quit

Exiting LEaP: Errors = 0; Warnings = 0; Notes = 0.
====== min.o =========================================================
Reading parm file (4FJ.parm7)
title:
4FJ                                                                             
no velocities were found
no velocities were found
	mm_options:  ntpr=5
	mm_options:  gb=1
	mm_options:  kappa=0.10395
	mm_options:  rgbmax=99.
	mm_options:  cut=99.0
	mm_options:  wcons=0.
     bond:      4.461788045
    angle:     14.605343072
 dihedral:     23.759445918
    enb14:     27.864220817
    eel14:     82.316912496
      enb:     -5.398155608
      eel:    -44.123089460
      egb:    -23.349657843
    econs:      0.000000000
    esurf:      0.000000000
    Total:     80.136807438
     frms:     10.494396617
Starting TNCG minimisation
 MIN: Iter =    0  NFunc =     1  E =      80.13681  RMSG = 1.0494397e+01
 MIN: Iter =    1  NFunc =     7  E =      65.28982  RMSG = 2.7025329e+00
 MIN: Iter =    2  NFunc =    16  E =      61.62747  RMSG = 1.0563625e+00
 MIN: Iter =    3  NFunc =    25  E =      60.90392  RMSG = 4.6039800e-01
 MIN: Iter =    4  NFunc =    54  E =      60.46667  RMSG = 3.3134314e-01
 MIN: Iter =    5  NFunc =    98  E =      60.18360  RMSG = 3.6136121e-01
 MIN: Iter =    6  NFunc =   119  E =      59.99126  RMSG = 3.7994629e-01
 MIN: Iter =    7  NFunc =   130  E =      59.84929  RMSG = 2.7842846e-01
 MIN: Iter =    8  NFunc =   141  E =      59.76028  RMSG = 2.8187617e-01
 MIN: Iter =    9  NFunc =   149  E =      59.71717  RMSG = 1.6171422e-01
 MIN: Iter =   10  NFunc =   159  E =      59.69301  RMSG = 1.3809321e-01
 MIN: Iter =   11  NFunc =   167  E =      59.68196  RMSG = 7.3827765e-02
 MIN: Iter =   12  NFunc =   218  E =      59.63527  RMSG = 1.2420175e-01
 MIN: Iter =   13  NFunc =   225  E =      59.63032  RMSG = 5.1966083e-02
 MIN: Iter =   14  NFunc =   246  E =      59.62132  RMSG = 3.4463893e-02
 MIN: Iter =   15  NFunc =   283  E =      59.60696  RMSG = 5.9497003e-02
 MIN: Iter =   16  NFunc =   334  E =      59.59932  RMSG = 3.1371148e-02
 MIN: Iter =   17  NFunc =   385  E =      59.59324  RMSG = 4.0820291e-02
 MIN: Iter =   18  NFunc =   396  E =      59.59246  RMSG = 1.5898922e-02
 MIN: Iter =   19  NFunc =   407  E =      59.59207  RMSG = 1.1707421e-02
 MIN: Iter =   20  NFunc =   426  E =      59.59173  RMSG = 8.6345858e-03
 MIN: Iter =   21  NFunc =   470  E =      59.59108  RMSG = 7.9814686e-03
 MIN: Iter =   22  NFunc =   506  E =      59.59073  RMSG = 5.3099497e-03
 MIN: Iter =   23  NFunc =   543  E =      59.59061  RMSG = 3.4046376e-03
 MIN: Iter =   24  NFunc =   585  E =      59.59056  RMSG = 2.0881789e-03
 MIN: Iter =   25  NFunc =   633  E =      59.59051  RMSG = 1.8209060e-03
 MIN: Iter =   26  NFunc =   657  E =      59.59051  RMSG = 8.6796639e-04
 MIN: Iter =   27  NFunc =   696  E =      59.59051  RMSG = 4.3621219e-04
----------------------------------------------------------------
 END:          :-)  E =      59.59051  RMSG =   0.0004362

     bond:      4.973989458
    angle:     11.009658452
 dihedral:     23.725552054
    enb14:     19.440951264
    eel14:     77.794587575
      enb:     -9.594824633
      eel:    -41.966871338
      egb:    -25.792536705
    econs:      0.000000000
    esurf:      0.000000000
    Total:     59.590506128
     frms:      0.000436212
====== rms.dat  ======================================================
#Frame      all_heavy
       1       0.3979
