====== tleap.out =====================================================
-I: Adding /home/case/amber24/dat/leap/prep to search path.
-I: Adding /home/case/amber24/dat/leap/lib to search path.
-I: Adding /home/case/amber24/dat/leap/parm to search path.
-I: Adding /home/case/amber24/dat/leap/cmd to search path.
-f: Source leap.in.

Welcome to LEaP!
(no leaprc in search path)
Sourcing: ./leap.in
Using Bondi radii
----- Source: /home/case/amber24/dat/leap/cmd/leaprc.gaff2
----- Source of /home/case/amber24/dat/leap/cmd/leaprc.gaff2 done
Log file: ./leap.log
Loading parameters: /home/case/amber24/dat/leap/parm/gaff2.dat
Reading title:
AMBER General Force Field for organic molecules (Version 2.2.20, March 2021)
Loading parameters: ./4G2.frcmod
Reading force field modification type file (frcmod)
Reading title:
Remark line goes here
Loading Mol2 file: ./4G2.mol2
Reading MOLECULE named 4G2
Checking Unit.

/home/case/amber24/bin/teLeap: Warning!
The unperturbed charge of the unit (-0.997000) is not zero.

/home/case/amber24/bin/teLeap: Note.
Ignoring the warning from Unit Checking.

Building topology.
"order_residues" off: keep input residue order.
Building atom parameters.
Building bond parameters.
Building angle parameters.
Building proper torsion parameters.
Building improper torsion parameters.
 total 11 improper torsions applied
Building H-Bond parameters.
Incorporating Non-Bonded adjustments.
Not Marking per-residue atom chain types.
Marking per-residue atom chain types.
  (Residues lacking connect0/connect1 - 
   these don't have chain types marked:

	res	total affected

	4G2	1
  )
 (no restraints)
	Quit

Exiting LEaP: Errors = 0; Warnings = 1; Notes = 1.
====== min.o =========================================================
Reading parm file (4G2.parm7)
title:
4G2                                                                             
no velocities were found
no velocities were found
	mm_options:  ntpr=5
	mm_options:  gb=1
	mm_options:  kappa=0.10395
	mm_options:  rgbmax=99.
	mm_options:  cut=99.0
	mm_options:  wcons=0.
     bond:      2.199962500
    angle:      8.156373140
 dihedral:      3.152567381
    enb14:      4.902531697
    eel14:    106.571277520
      enb:     -0.630207416
      eel:    -45.621231165
      egb:    -85.452949655
    econs:      0.000000000
    esurf:      0.000000000
    Total:     -6.721675999
     frms:      8.588263960
Starting TNCG minimisation
 MIN: Iter =    0  NFunc =     1  E =      -6.72168  RMSG = 8.5882640e+00
 MIN: Iter =    1  NFunc =     7  E =     -11.58531  RMSG = 1.8200653e+00
 MIN: Iter =    2  NFunc =    15  E =     -12.49651  RMSG = 6.7718584e-01
 MIN: Iter =    3  NFunc =    40  E =     -12.65978  RMSG = 7.7013692e-01
 MIN: Iter =    4  NFunc =    46  E =     -12.81048  RMSG = 1.1372672e+00
 MIN: Iter =    5  NFunc =    52  E =     -12.94235  RMSG = 4.8259676e-01
 MIN: Iter =    6  NFunc =    58  E =     -12.99290  RMSG = 4.6780130e-01
 MIN: Iter =    7  NFunc =    67  E =     -13.03187  RMSG = 2.8603055e-01
 MIN: Iter =    8  NFunc =    73  E =     -13.04123  RMSG = 1.3413633e-01
 MIN: Iter =    9  NFunc =    98  E =     -13.05224  RMSG = 2.6786464e-01
 MIN: Iter =   10  NFunc =   104  E =     -13.05576  RMSG = 4.3401186e-02
 MIN: Iter =   11  NFunc =   134  E =     -13.06012  RMSG = 3.9085403e-02
 MIN: Iter =   12  NFunc =   150  E =     -13.06199  RMSG = 2.7351325e-02
 MIN: Iter =   13  NFunc =   174  E =     -13.06242  RMSG = 1.5153573e-02
 MIN: Iter =   14  NFunc =   181  E =     -13.06245  RMSG = 6.0773006e-03
 MIN: Iter =   15  NFunc =   194  E =     -13.06246  RMSG = 3.0263248e-03
 MIN: Iter =   16  NFunc =   203  E =     -13.06246  RMSG = 1.9301099e-03
 MIN: Iter =   17  NFunc =   218  E =     -13.06246  RMSG = 1.7307155e-03
 MIN: Iter =   18  NFunc =   225  E =     -13.06247  RMSG = 1.1459402e-03
 MIN: Iter =   19  NFunc =   241  E =     -13.06247  RMSG = 5.2984924e-04
 MIN: Iter =   20  NFunc =   270  E =     -13.06247  RMSG = 3.8755724e-04
----------------------------------------------------------------
 END:          :-)  E =     -13.06247  RMSG =   0.0003876

     bond:      1.653833431
    angle:      7.462422264
 dihedral:      3.140000283
    enb14:      3.413368285
    eel14:    103.344257163
      enb:     -1.069480423
      eel:    -44.496511145
      egb:    -86.510356656
    econs:      0.000000000
    esurf:      0.000000000
    Total:    -13.062466797
     frms:      0.000387557
====== rms.dat  ======================================================
#Frame      all_heavy
       1       0.0794
