====== tleap.out =====================================================
-I: Adding /home/case/amber24/dat/leap/prep to search path.
-I: Adding /home/case/amber24/dat/leap/lib to search path.
-I: Adding /home/case/amber24/dat/leap/parm to search path.
-I: Adding /home/case/amber24/dat/leap/cmd to search path.
-f: Source leap.in.

Welcome to LEaP!
(no leaprc in search path)
Sourcing: ./leap.in
Using Bondi radii
----- Source: /home/case/amber24/dat/leap/cmd/leaprc.gaff2
----- Source of /home/case/amber24/dat/leap/cmd/leaprc.gaff2 done
Log file: ./leap.log
Loading parameters: /home/case/amber24/dat/leap/parm/gaff2.dat
Reading title:
AMBER General Force Field for organic molecules (Version 2.2.20, March 2021)
Loading parameters: ./4HB.frcmod
Reading force field modification type file (frcmod)
Reading title:
Remark line goes here
Loading Mol2 file: ./4HB.mol2
Reading MOLECULE named 4HB
Checking Unit.
Building topology.
"order_residues" off: keep input residue order.
Building atom parameters.
Building bond parameters.
Building angle parameters.
Building proper torsion parameters.
Building improper torsion parameters.
 total 12 improper torsions applied
Building H-Bond parameters.
Incorporating Non-Bonded adjustments.
Not Marking per-residue atom chain types.
Marking per-residue atom chain types.
  (Residues lacking connect0/connect1 - 
   these don't have chain types marked:

	res	total affected

	4HB	1
  )
 (no restraints)
	Quit

Exiting LEaP: Errors = 0; Warnings = 0; Notes = 0.
====== min.o =========================================================
Reading parm file (4HB.parm7)
title:
4HB                                                                             
no velocities were found
no velocities were found
	mm_options:  ntpr=5
	mm_options:  gb=1
	mm_options:  kappa=0.10395
	mm_options:  rgbmax=99.
	mm_options:  cut=99.0
	mm_options:  wcons=0.
     bond:      0.779167649
    angle:      0.983602363
 dihedral:      2.324837053
    enb14:      7.146786704
    eel14:    -45.452796665
      enb:     -0.860562992
      eel:      9.261242760
      egb:    -16.054590670
    econs:      0.000000000
    esurf:      0.000000000
    Total:    -41.872313797
     frms:      7.192894609
Starting TNCG minimisation
 MIN: Iter =    0  NFunc =     1  E =     -41.87231  RMSG = 7.1928946e+00
 MIN: Iter =    1  NFunc =     7  E =     -44.59215  RMSG = 1.5176416e+00
 MIN: Iter =    2  NFunc =    13  E =     -44.85737  RMSG = 2.6876090e-01
 MIN: Iter =    3  NFunc =    19  E =     -44.88612  RMSG = 1.8535006e-01
 MIN: Iter =    4  NFunc =    25  E =     -44.89286  RMSG = 1.2243162e-01
 MIN: Iter =    5  NFunc =    38  E =     -44.90820  RMSG = 7.4525940e-02
 MIN: Iter =    6  NFunc =    56  E =     -44.91631  RMSG = 1.3080391e-01
 MIN: Iter =    7  NFunc =    70  E =     -44.91811  RMSG = 3.6618036e-02
 MIN: Iter =    8  NFunc =    77  E =     -44.91851  RMSG = 2.3454135e-02
 MIN: Iter =    9  NFunc =    87  E =     -44.91862  RMSG = 7.3609806e-03
 MIN: Iter =   10  NFunc =    95  E =     -44.91863  RMSG = 4.0832233e-03
 MIN: Iter =   11  NFunc =   103  E =     -44.91864  RMSG = 1.6548696e-03
 MIN: Iter =   12  NFunc =   128  E =     -44.91864  RMSG = 6.4478947e-04
 MIN: Iter =   13  NFunc =   137  E =     -44.91864  RMSG = 3.4538080e-04
----------------------------------------------------------------
 END:          :-)  E =     -44.91864  RMSG =   0.0003454

     bond:      0.485145029
    angle:      0.109548026
 dihedral:      2.044983137
    enb14:      5.688356862
    eel14:    -45.763296934
      enb:     -0.784422263
      eel:      9.951377850
      egb:    -16.650331088
    econs:      0.000000000
    esurf:      0.000000000
    Total:    -44.918639380
     frms:      0.000345381
====== rms.dat  ======================================================
#Frame      all_heavy
       1       0.0452
