====== tleap.out =====================================================
-I: Adding /home/case/amber24/dat/leap/prep to search path.
-I: Adding /home/case/amber24/dat/leap/lib to search path.
-I: Adding /home/case/amber24/dat/leap/parm to search path.
-I: Adding /home/case/amber24/dat/leap/cmd to search path.
-f: Source leap.in.

Welcome to LEaP!
(no leaprc in search path)
Sourcing: ./leap.in
Using Bondi radii
----- Source: /home/case/amber24/dat/leap/cmd/leaprc.gaff2
----- Source of /home/case/amber24/dat/leap/cmd/leaprc.gaff2 done
Log file: ./leap.log
Loading parameters: /home/case/amber24/dat/leap/parm/gaff2.dat
Reading title:
AMBER General Force Field for organic molecules (Version 2.2.20, March 2021)
Loading parameters: ./4MH.frcmod
Reading force field modification type file (frcmod)
Reading title:
Remark line goes here
Loading Mol2 file: ./4MH.mol2
Reading MOLECULE named 4MH
Checking Unit.
Building topology.
"order_residues" off: keep input residue order.
Building atom parameters.
Building bond parameters.
Building angle parameters.
Building proper torsion parameters.
Building improper torsion parameters.
 total 14 improper torsions applied
Building H-Bond parameters.
Incorporating Non-Bonded adjustments.
Not Marking per-residue atom chain types.
Marking per-residue atom chain types.
  (Residues lacking connect0/connect1 - 
   these don't have chain types marked:

	res	total affected

	4MH	1
  )
 (no restraints)
	Quit

Exiting LEaP: Errors = 0; Warnings = 0; Notes = 0.
====== min.o =========================================================
Reading parm file (4MH.parm7)
title:
4MH                                                                             
no velocities were found
no velocities were found
	mm_options:  ntpr=5
	mm_options:  gb=1
	mm_options:  kappa=0.10395
	mm_options:  rgbmax=99.
	mm_options:  cut=99.0
	mm_options:  wcons=0.
     bond:      5.062062887
    angle:      5.813398628
 dihedral:     35.368222100
    enb14:     18.883428092
    eel14:   -543.618798391
      enb:     -3.095129068
      eel:    191.004333755
      egb:    -36.358680669
    econs:      0.000000000
    esurf:      0.000000000
    Total:   -326.941162665
     frms:      9.911371989
Starting TNCG minimisation
 MIN: Iter =    0  NFunc =     1  E =    -326.94116  RMSG = 9.9113720e+00
 MIN: Iter =    1  NFunc =     9  E =    -340.49694  RMSG = 5.2787137e+00
 MIN: Iter =    2  NFunc =    15  E =    -343.98748  RMSG = 1.2858176e+00
 MIN: Iter =    3  NFunc =    27  E =    -345.70582  RMSG = 8.2072647e-01
 MIN: Iter =    4  NFunc =    62  E =    -346.47133  RMSG = 7.5636543e-01
 MIN: Iter =    5  NFunc =    80  E =    -346.95123  RMSG = 7.4074161e-01
 MIN: Iter =    6  NFunc =    89  E =    -347.21557  RMSG = 4.8362833e-01
 MIN: Iter =    7  NFunc =   100  E =    -347.33499  RMSG = 2.5436800e-01
 MIN: Iter =    8  NFunc =   141  E =    -347.47146  RMSG = 7.7808068e-01
 MIN: Iter =    9  NFunc =   147  E =    -347.55504  RMSG = 2.0753085e-01
 MIN: Iter =   10  NFunc =   196  E =    -347.59720  RMSG = 3.5091682e-01
 MIN: Iter =   11  NFunc =   214  E =    -347.66296  RMSG = 4.8997185e-01
 MIN: Iter =   12  NFunc =   220  E =    -347.69061  RMSG = 1.6948710e-01
 MIN: Iter =   13  NFunc =   241  E =    -347.73748  RMSG = 3.2937102e-01
 MIN: Iter =   14  NFunc =   263  E =    -347.78884  RMSG = 5.0600232e-01
 MIN: Iter =   15  NFunc =   269  E =    -347.85584  RMSG = 3.6259914e-01
 MIN: Iter =   16  NFunc =   275  E =    -347.90665  RMSG = 9.4876832e-01
 MIN: Iter =   17  NFunc =   281  E =    -347.99322  RMSG = 2.0229313e-01
 MIN: Iter =   18  NFunc =   291  E =    -348.04050  RMSG = 4.0515973e-01
 MIN: Iter =   19  NFunc =   298  E =    -348.10470  RMSG = 5.0735468e-01
 MIN: Iter =   20  NFunc =   304  E =    -348.14329  RMSG = 1.6303029e-01
 MIN: Iter =   21  NFunc =   312  E =    -348.15893  RMSG = 3.3152884e-01
 MIN: Iter =   22  NFunc =   318  E =    -348.17109  RMSG = 7.4552364e-02
 MIN: Iter =   23  NFunc =   324  E =    -348.17475  RMSG = 7.2456541e-02
 MIN: Iter =   24  NFunc =   347  E =    -348.18375  RMSG = 1.7524788e-01
 MIN: Iter =   25  NFunc =   398  E =    -348.20407  RMSG = 1.7144765e-01
 MIN: Iter =   26  NFunc =   404  E =    -348.20939  RMSG = 7.6035904e-02
 MIN: Iter =   27  NFunc =   416  E =    -348.21280  RMSG = 3.3324918e-02
 MIN: Iter =   28  NFunc =   463  E =    -348.22212  RMSG = 1.2650879e-01
 MIN: Iter =   29  NFunc =   469  E =    -348.22404  RMSG = 3.0016835e-02
 MIN: Iter =   30  NFunc =   521  E =    -348.23275  RMSG = 8.9939866e-02
 MIN: Iter =   31  NFunc =   528  E =    -348.23512  RMSG = 4.2166537e-02
 MIN: Iter =   32  NFunc =   552  E =    -348.24114  RMSG = 8.0786740e-02
 MIN: Iter =   33  NFunc =   559  E =    -348.24331  RMSG = 3.2775743e-02
 MIN: Iter =   34  NFunc =   580  E =    -348.24579  RMSG = 9.5224600e-02
 MIN: Iter =   35  NFunc =   586  E =    -348.24708  RMSG = 2.1620373e-02
 MIN: Iter =   36  NFunc =   602  E =    -348.24818  RMSG = 2.7331016e-02
 MIN: Iter =   37  NFunc =   651  E =    -348.25363  RMSG = 4.1659541e-02
 MIN: Iter =   38  NFunc =   695  E =    -348.25718  RMSG = 4.3382216e-02
 MIN: Iter =   39  NFunc =   716  E =    -348.25819  RMSG = 1.3039661e-02
 MIN: Iter =   40  NFunc =   741  E =    -348.25890  RMSG = 1.4793499e-02
 MIN: Iter =   41  NFunc =   792  E =    -348.25973  RMSG = 2.0907626e-02
 MIN: Iter =   42  NFunc =   820  E =    -348.26015  RMSG = 7.7318086e-03
 MIN: Iter =   43  NFunc =   871  E =    -348.26080  RMSG = 1.8604808e-02
 MIN: Iter =   44  NFunc =   893  E =    -348.26105  RMSG = 7.3905850e-03
 MIN: Iter =   45  NFunc =   944  E =    -348.26151  RMSG = 1.7628400e-02
 MIN: Iter =   46  NFunc =   974  E =    -348.26192  RMSG = 1.1841978e-02
 MIN: Iter =   47  NFunc =   995  E =    -348.26205  RMSG = 5.1937841e-03
 MIN: Iter =   48  NFunc =  1011  E =    -348.26208  RMSG = 2.7120640e-03
 MIN: Iter =   49  NFunc =  1062  E =    -348.26216  RMSG = 3.6811892e-03
 MIN: Iter =   50  NFunc =  1113  E =    -348.26220  RMSG = 2.6299247e-03
 MIN: Iter =   51  NFunc =  1137  E =    -348.26222  RMSG = 1.6880597e-03
 MIN: Iter =   52  NFunc =  1188  E =    -348.26224  RMSG = 1.6275140e-03
 MIN: Iter =   53  NFunc =  1221  E =    -348.26225  RMSG = 9.5607043e-04
 MIN: Iter =   54  NFunc =  1272  E =    -348.26226  RMSG = 1.0838609e-03
 MIN: Iter =   55  NFunc =  1295  E =    -348.26226  RMSG = 6.7014874e-04
 MIN: Iter =   56  NFunc =  1346  E =    -348.26227  RMSG = 9.6056324e-04
 MIN: Iter =   57  NFunc =  1365  E =    -348.26227  RMSG = 6.4131597e-04
 MIN: Iter =   58  NFunc =  1393  E =    -348.26227  RMSG = 7.2426714e-04
 MIN: Iter =   59  NFunc =  1440  E =    -348.26227  RMSG = 4.7623985e-04
----------------------------------------------------------------
 END:          :-)  E =    -348.26227  RMSG =   0.0004762

     bond:      1.918319455
    angle:      5.932696880
 dihedral:     32.268215562
    enb14:     14.041564524
    eel14:   -552.028207710
      enb:     -3.773857079
      eel:    192.308718161
      egb:    -38.929722951
    econs:      0.000000000
    esurf:      0.000000000
    Total:   -348.262273157
     frms:      0.000476240
====== rms.dat  ======================================================
#Frame      all_heavy
       1       0.4351
