====== tleap.out =====================================================
-I: Adding /home/case/amber24/dat/leap/prep to search path.
-I: Adding /home/case/amber24/dat/leap/lib to search path.
-I: Adding /home/case/amber24/dat/leap/parm to search path.
-I: Adding /home/case/amber24/dat/leap/cmd to search path.
-f: Source leap.in.

Welcome to LEaP!
(no leaprc in search path)
Sourcing: ./leap.in
Using Bondi radii
----- Source: /home/case/amber24/dat/leap/cmd/leaprc.gaff2
----- Source of /home/case/amber24/dat/leap/cmd/leaprc.gaff2 done
Log file: ./leap.log
Loading parameters: /home/case/amber24/dat/leap/parm/gaff2.dat
Reading title:
AMBER General Force Field for organic molecules (Version 2.2.20, March 2021)
Loading parameters: ./4OG.frcmod
Reading force field modification type file (frcmod)
Reading title:
Remark line goes here
Loading Mol2 file: ./4OG.mol2
Reading MOLECULE named 4OG
Checking Unit.

/home/case/amber24/bin/teLeap: Warning!
The unperturbed charge of the unit (-0.998000) is not zero.

/home/case/amber24/bin/teLeap: Note.
Ignoring the warning from Unit Checking.

Building topology.
"order_residues" off: keep input residue order.
Building atom parameters.
Building bond parameters.
Building angle parameters.
Building proper torsion parameters.
Building improper torsion parameters.
 total 9 improper torsions applied
Building H-Bond parameters.
Incorporating Non-Bonded adjustments.
Not Marking per-residue atom chain types.
Marking per-residue atom chain types.
  (Residues lacking connect0/connect1 - 
   these don't have chain types marked:

	res	total affected

	4OG	1
  )
 (no restraints)
	Quit

Exiting LEaP: Errors = 0; Warnings = 1; Notes = 1.
====== min.o =========================================================
Reading parm file (4OG.parm7)
title:
4OG                                                                             
no velocities were found
no velocities were found
	mm_options:  ntpr=5
	mm_options:  gb=1
	mm_options:  kappa=0.10395
	mm_options:  rgbmax=99.
	mm_options:  cut=99.0
	mm_options:  wcons=0.
     bond:      2.442917768
    angle:      9.185516159
 dihedral:      7.857526391
    enb14:      4.783788440
    eel14:    173.655720877
      enb:     -1.594454081
      eel:   -118.478483599
      egb:    -77.155453223
    econs:      0.000000000
    esurf:      0.000000000
    Total:      0.697078733
     frms:     11.865278848
Starting TNCG minimisation
 MIN: Iter =    0  NFunc =     1  E =       0.69708  RMSG = 1.1865279e+01
 MIN: Iter =    1  NFunc =     7  E =      -5.07112  RMSG = 2.1510334e+00
 MIN: Iter =    2  NFunc =    14  E =      -5.70667  RMSG = 9.0726851e-01
 MIN: Iter =    3  NFunc =    20  E =      -5.82039  RMSG = 4.1142769e-01
 MIN: Iter =    4  NFunc =    44  E =      -5.96328  RMSG = 1.7726971e+00
 MIN: Iter =    5  NFunc =    50  E =      -6.07753  RMSG = 4.2320252e-01
 MIN: Iter =    6  NFunc =    77  E =      -6.16935  RMSG = 5.9572053e-01
 MIN: Iter =    7  NFunc =    84  E =      -6.24569  RMSG = 7.0300374e-01
 MIN: Iter =    8  NFunc =    90  E =      -6.32447  RMSG = 1.6662249e+00
 MIN: Iter =    9  NFunc =    96  E =      -6.44964  RMSG = 2.7511961e-01
 MIN: Iter =   10  NFunc =   103  E =      -6.49261  RMSG = 5.5951269e-01
 MIN: Iter =   11  NFunc =   109  E =      -6.53275  RMSG = 4.2502618e-01
 MIN: Iter =   12  NFunc =   115  E =      -6.55243  RMSG = 2.4800050e-01
 MIN: Iter =   13  NFunc =   122  E =      -6.56318  RMSG = 2.1190307e-01
 MIN: Iter =   14  NFunc =   128  E =      -6.56927  RMSG = 1.2839510e-01
 MIN: Iter =   15  NFunc =   172  E =      -6.60314  RMSG = 2.2223313e-01
 MIN: Iter =   16  NFunc =   179  E =      -6.60924  RMSG = 9.5287125e-02
 MIN: Iter =   17  NFunc =   194  E =      -6.61933  RMSG = 1.2532507e-01
 MIN: Iter =   18  NFunc =   206  E =      -6.62148  RMSG = 3.6763301e-02
 MIN: Iter =   19  NFunc =   238  E =      -6.62311  RMSG = 7.1489473e-02
 MIN: Iter =   20  NFunc =   244  E =      -6.62329  RMSG = 9.3699002e-03
 MIN: Iter =   21  NFunc =   257  E =      -6.62333  RMSG = 5.4426758e-03
 MIN: Iter =   22  NFunc =   271  E =      -6.62334  RMSG = 2.1509720e-03
 MIN: Iter =   23  NFunc =   295  E =      -6.62335  RMSG = 2.0632819e-03
 MIN: Iter =   24  NFunc =   302  E =      -6.62336  RMSG = 1.3930348e-03
 MIN: Iter =   25  NFunc =   320  E =      -6.62336  RMSG = 9.6414611e-04
 MIN: Iter =   26  NFunc =   331  E =      -6.62336  RMSG = 7.2590313e-04
 MIN: Iter =   27  NFunc =   338  E =      -6.62336  RMSG = 2.8286727e-04
----------------------------------------------------------------
 END:          :-)  E =      -6.62336  RMSG =   0.0002829

     bond:      1.983415755
    angle:      7.993734549
 dihedral:      8.031825833
    enb14:      3.115056104
    eel14:    167.770538669
      enb:     -1.905479366
      eel:   -114.209661592
      egb:    -79.402788349
    econs:      0.000000000
    esurf:      0.000000000
    Total:     -6.623358396
     frms:      0.000282867
====== rms.dat  ======================================================
#Frame      all_heavy
       1       0.3515
