====== tleap.out =====================================================
-I: Adding /home/case/amber24/dat/leap/prep to search path.
-I: Adding /home/case/amber24/dat/leap/lib to search path.
-I: Adding /home/case/amber24/dat/leap/parm to search path.
-I: Adding /home/case/amber24/dat/leap/cmd to search path.
-f: Source leap.in.

Welcome to LEaP!
(no leaprc in search path)
Sourcing: ./leap.in
Using Bondi radii
----- Source: /home/case/amber24/dat/leap/cmd/leaprc.gaff2
----- Source of /home/case/amber24/dat/leap/cmd/leaprc.gaff2 done
Log file: ./leap.log
Loading parameters: /home/case/amber24/dat/leap/parm/gaff2.dat
Reading title:
AMBER General Force Field for organic molecules (Version 2.2.20, March 2021)
Loading parameters: ./4QO.frcmod
Reading force field modification type file (frcmod)
Reading title:
Remark line goes here
Loading Mol2 file: ./4QO.mol2
Reading MOLECULE named 4QO
Checking Unit.
Building topology.
"order_residues" off: keep input residue order.
Building atom parameters.
Building bond parameters.
Building angle parameters.
Building proper torsion parameters.
Building improper torsion parameters.
 total 19 improper torsions applied
Building H-Bond parameters.
Incorporating Non-Bonded adjustments.
Not Marking per-residue atom chain types.
Marking per-residue atom chain types.
  (Residues lacking connect0/connect1 - 
   these don't have chain types marked:

	res	total affected

	4QO	1
  )
 (no restraints)
	Quit

Exiting LEaP: Errors = 0; Warnings = 0; Notes = 0.
====== min.o =========================================================
Reading parm file (4QO.parm7)
title:
4QO                                                                             
no velocities were found
no velocities were found
	mm_options:  ntpr=5
	mm_options:  gb=1
	mm_options:  kappa=0.10395
	mm_options:  rgbmax=99.
	mm_options:  cut=99.0
	mm_options:  wcons=0.
     bond:      2.515421417
    angle:      5.228205311
 dihedral:     30.251015835
    enb14:     14.408234962
    eel14:   -102.748257726
      enb:      1.022779501
      eel:     25.713521641
      egb:    -23.718778615
    econs:      0.000000000
    esurf:      0.000000000
    Total:    -47.327857674
     frms:      8.071601804
Starting TNCG minimisation
 MIN: Iter =    0  NFunc =     1  E =     -47.32786  RMSG = 8.0716018e+00
 MIN: Iter =    1  NFunc =     7  E =     -55.24279  RMSG = 2.7170723e+00
 MIN: Iter =    2  NFunc =    16  E =     -57.82577  RMSG = 1.2878329e+00
 MIN: Iter =    3  NFunc =    62  E =     -58.41730  RMSG = 1.8135523e+00
 MIN: Iter =    4  NFunc =    74  E =     -59.41387  RMSG = 6.6686113e-01
 MIN: Iter =    5  NFunc =   100  E =     -60.05639  RMSG = 1.0479311e+00
 MIN: Iter =    6  NFunc =   113  E =     -60.42391  RMSG = 7.5209082e-01
 MIN: Iter =    7  NFunc =   121  E =     -60.55718  RMSG = 2.4690097e-01
 MIN: Iter =    8  NFunc =   141  E =     -60.70909  RMSG = 5.1628913e-01
 MIN: Iter =    9  NFunc =   153  E =     -60.77207  RMSG = 1.4569164e-01
 MIN: Iter =   10  NFunc =   204  E =     -60.88189  RMSG = 3.2941366e-01
 MIN: Iter =   11  NFunc =   212  E =     -60.92431  RMSG = 1.4538964e-01
 MIN: Iter =   12  NFunc =   239  E =     -61.00613  RMSG = 3.2923409e-01
 MIN: Iter =   13  NFunc =   251  E =     -61.05349  RMSG = 1.3754550e-01
 MIN: Iter =   14  NFunc =   262  E =     -61.07835  RMSG = 1.7903536e-01
 MIN: Iter =   15  NFunc =   313  E =     -61.13741  RMSG = 2.4806951e-01
 MIN: Iter =   16  NFunc =   319  E =     -61.14888  RMSG = 1.1166679e-01
 MIN: Iter =   17  NFunc =   354  E =     -61.18151  RMSG = 1.8242586e-01
 MIN: Iter =   18  NFunc =   360  E =     -61.18918  RMSG = 8.4722926e-02
 MIN: Iter =   19  NFunc =   388  E =     -61.20083  RMSG = 1.5257709e-01
 MIN: Iter =   20  NFunc =   394  E =     -61.20463  RMSG = 5.8498091e-02
 MIN: Iter =   21  NFunc =   437  E =     -61.21268  RMSG = 6.2103686e-02
 MIN: Iter =   22  NFunc =   459  E =     -61.21963  RMSG = 1.4021386e-01
 MIN: Iter =   23  NFunc =   465  E =     -61.22253  RMSG = 3.8771293e-02
 MIN: Iter =   24  NFunc =   480  E =     -61.22527  RMSG = 4.3931765e-02
 MIN: Iter =   25  NFunc =   510  E =     -61.22834  RMSG = 5.4499267e-02
 MIN: Iter =   26  NFunc =   537  E =     -61.22991  RMSG = 1.7825201e-02
 MIN: Iter =   27  NFunc =   588  E =     -61.23173  RMSG = 4.8147927e-02
 MIN: Iter =   28  NFunc =   595  E =     -61.23215  RMSG = 1.4764631e-02
 MIN: Iter =   29  NFunc =   632  E =     -61.23321  RMSG = 1.2067991e-02
 MIN: Iter =   30  NFunc =   683  E =     -61.23358  RMSG = 1.1585919e-02
 MIN: Iter =   31  NFunc =   691  E =     -61.23364  RMSG = 4.6924667e-03
 MIN: Iter =   32  NFunc =   742  E =     -61.23386  RMSG = 1.3553585e-02
 MIN: Iter =   33  NFunc =   756  E =     -61.23401  RMSG = 7.1741891e-03
 MIN: Iter =   34  NFunc =   790  E =     -61.23423  RMSG = 1.1130016e-02
 MIN: Iter =   35  NFunc =   841  E =     -61.23446  RMSG = 1.0134487e-02
 MIN: Iter =   36  NFunc =   863  E =     -61.23462  RMSG = 5.8243372e-03
 MIN: Iter =   37  NFunc =   901  E =     -61.23475  RMSG = 5.3878466e-03
 MIN: Iter =   38  NFunc =   921  E =     -61.23478  RMSG = 2.3510432e-03
 MIN: Iter =   39  NFunc =   947  E =     -61.23480  RMSG = 1.8054696e-03
 MIN: Iter =   40  NFunc =   958  E =     -61.23480  RMSG = 1.2375992e-03
 MIN: Iter =   41  NFunc =   996  E =     -61.23481  RMSG = 8.1771828e-04
 MIN: Iter =   42  NFunc =  1038  E =     -61.23481  RMSG = 4.5950576e-04
----------------------------------------------------------------
 END:          :-)  E =     -61.23481  RMSG =   0.0004595

     bond:      1.552193073
    angle:      5.561492513
 dihedral:     24.783506299
    enb14:     10.250224352
    eel14:   -102.108798536
      enb:     -2.346362801
      eel:     24.024198667
      egb:    -22.951264049
    econs:      0.000000000
    esurf:      0.000000000
    Total:    -61.234810482
     frms:      0.000459506
====== rms.dat  ======================================================
#Frame      all_heavy
       1       0.6512
