====== tleap.out =====================================================
-I: Adding /home/case/amber24/dat/leap/prep to search path.
-I: Adding /home/case/amber24/dat/leap/lib to search path.
-I: Adding /home/case/amber24/dat/leap/parm to search path.
-I: Adding /home/case/amber24/dat/leap/cmd to search path.
-f: Source leap.in.

Welcome to LEaP!
(no leaprc in search path)
Sourcing: ./leap.in
Using Bondi radii
----- Source: /home/case/amber24/dat/leap/cmd/leaprc.gaff2
----- Source of /home/case/amber24/dat/leap/cmd/leaprc.gaff2 done
Log file: ./leap.log
Loading parameters: /home/case/amber24/dat/leap/parm/gaff2.dat
Reading title:
AMBER General Force Field for organic molecules (Version 2.2.20, March 2021)
Loading parameters: ./4UI.frcmod
Reading force field modification type file (frcmod)
Reading title:
Remark line goes here
Loading Mol2 file: ./4UI.mol2
Reading MOLECULE named 4UI
Checking Unit.
Building topology.
"order_residues" off: keep input residue order.
Building atom parameters.
Building bond parameters.
Building angle parameters.
Building proper torsion parameters.
Building improper torsion parameters.
 total 21 improper torsions applied
Building H-Bond parameters.
Incorporating Non-Bonded adjustments.
Not Marking per-residue atom chain types.
Marking per-residue atom chain types.
  (Residues lacking connect0/connect1 - 
   these don't have chain types marked:

	res	total affected

	4UI	1
  )
 (no restraints)
	Quit

Exiting LEaP: Errors = 0; Warnings = 0; Notes = 0.
====== min.o =========================================================
Reading parm file (4UI.parm7)
title:
4UI                                                                             
no velocities were found
no velocities were found
	mm_options:  ntpr=5
	mm_options:  gb=1
	mm_options:  kappa=0.10395
	mm_options:  rgbmax=99.
	mm_options:  cut=99.0
	mm_options:  wcons=0.
     bond:      3.003830269
    angle:     44.591710877
 dihedral:     13.876708112
    enb14:      8.557170500
    eel14:     21.428323772
      enb:     -5.545625199
      eel:    -25.237514773
      egb:    -26.065210579
    econs:      0.000000000
    esurf:      0.000000000
    Total:     34.609392979
     frms:     11.061680650
Starting TNCG minimisation
 MIN: Iter =    0  NFunc =     1  E =      34.60939  RMSG = 1.1061681e+01
 MIN: Iter =    1  NFunc =     7  E =      22.15707  RMSG = 3.1666145e+00
 MIN: Iter =    2  NFunc =    17  E =      19.28060  RMSG = 1.7660697e+00
 MIN: Iter =    3  NFunc =    48  E =      18.72449  RMSG = 3.4826068e+00
 MIN: Iter =    4  NFunc =    54  E =      18.04847  RMSG = 7.3081270e-01
 MIN: Iter =    5  NFunc =    68  E =      17.60098  RMSG = 1.8951937e+00
 MIN: Iter =    6  NFunc =    74  E =      17.35177  RMSG = 4.4249177e-01
 MIN: Iter =    7  NFunc =   110  E =      16.97248  RMSG = 4.2318152e-01
 MIN: Iter =    8  NFunc =   132  E =      16.75237  RMSG = 4.5111116e-01
 MIN: Iter =    9  NFunc =   143  E =      16.58634  RMSG = 3.6412232e-01
 MIN: Iter =   10  NFunc =   152  E =      16.47459  RMSG = 3.6534554e-01
 MIN: Iter =   11  NFunc =   159  E =      16.39141  RMSG = 3.2709060e-01
 MIN: Iter =   12  NFunc =   200  E =      16.15835  RMSG = 4.6434242e-01
 MIN: Iter =   13  NFunc =   221  E =      15.91841  RMSG = 5.0913346e-01
 MIN: Iter =   14  NFunc =   232  E =      15.71749  RMSG = 5.0519053e-01
 MIN: Iter =   15  NFunc =   238  E =      15.57745  RMSG = 4.7728207e-01
 MIN: Iter =   16  NFunc =   244  E =      15.46125  RMSG = 3.8938944e-01
 MIN: Iter =   17  NFunc =   250  E =      15.37062  RMSG = 4.9105334e-01
 MIN: Iter =   18  NFunc =   257  E =      15.25923  RMSG = 3.1051265e-01
 MIN: Iter =   19  NFunc =   263  E =      15.18984  RMSG = 6.0859582e-01
 MIN: Iter =   20  NFunc =   269  E =      15.07293  RMSG = 2.4535859e-01
 MIN: Iter =   21  NFunc =   275  E =      15.00453  RMSG = 5.0745600e-01
 MIN: Iter =   22  NFunc =   281  E =      14.89064  RMSG = 2.5545325e-01
 MIN: Iter =   23  NFunc =   287  E =      14.82337  RMSG = 4.6331652e-01
 MIN: Iter =   24  NFunc =   293  E =      14.74046  RMSG = 2.9440526e-01
 MIN: Iter =   25  NFunc =   304  E =      14.66056  RMSG = 4.5352976e-01
 MIN: Iter =   26  NFunc =   312  E =      14.55547  RMSG = 2.9301605e-01
 MIN: Iter =   27  NFunc =   321  E =      14.47445  RMSG = 4.3879741e-01
 MIN: Iter =   28  NFunc =   329  E =      14.37875  RMSG = 2.1684279e-01
 MIN: Iter =   29  NFunc =   335  E =      14.31158  RMSG = 4.8071921e-01
 MIN: Iter =   30  NFunc =   341  E =      14.22281  RMSG = 3.0933313e-01
 MIN: Iter =   31  NFunc =   347  E =      14.15056  RMSG = 4.7447463e-01
 MIN: Iter =   32  NFunc =   353  E =      14.03420  RMSG = 2.4724641e-01
 MIN: Iter =   33  NFunc =   363  E =      13.93802  RMSG = 5.2699805e-01
 MIN: Iter =   34  NFunc =   370  E =      13.81312  RMSG = 4.1561923e-01
 MIN: Iter =   35  NFunc =   379  E =      13.71854  RMSG = 5.1862187e-01
 MIN: Iter =   36  NFunc =   386  E =      13.66549  RMSG = 1.8409623e-01
 MIN: Iter =   37  NFunc =   394  E =      13.63863  RMSG = 2.2129546e-01
 MIN: Iter =   38  NFunc =   411  E =      13.60436  RMSG = 1.1533138e-01
 MIN: Iter =   39  NFunc =   462  E =      13.54586  RMSG = 1.4684779e-01
 MIN: Iter =   40  NFunc =   482  E =      13.51095  RMSG = 1.1817582e-01
 MIN: Iter =   41  NFunc =   523  E =      13.46393  RMSG = 1.8996024e-01
 MIN: Iter =   42  NFunc =   546  E =      13.42976  RMSG = 2.0075100e-01
 MIN: Iter =   43  NFunc =   558  E =      13.40800  RMSG = 1.0450522e-01
 MIN: Iter =   44  NFunc =   571  E =      13.39503  RMSG = 1.0549975e-01
 MIN: Iter =   45  NFunc =   586  E =      13.38722  RMSG = 7.8177076e-02
 MIN: Iter =   46  NFunc =   637  E =      13.37054  RMSG = 1.9575668e-01
 MIN: Iter =   47  NFunc =   646  E =      13.36347  RMSG = 6.2925257e-02
 MIN: Iter =   48  NFunc =   667  E =      13.35788  RMSG = 4.2980343e-02
 MIN: Iter =   49  NFunc =   713  E =      13.35215  RMSG = 6.4462875e-02
 MIN: Iter =   50  NFunc =   719  E =      13.35120  RMSG = 2.8114582e-02
 MIN: Iter =   51  NFunc =   736  E =      13.35018  RMSG = 1.8754468e-02
 MIN: Iter =   52  NFunc =   753  E =      13.34988  RMSG = 9.4283438e-03
 MIN: Iter =   53  NFunc =   765  E =      13.34982  RMSG = 5.7831035e-03
 MIN: Iter =   54  NFunc =   816  E =      13.34916  RMSG = 1.3351479e-02
 MIN: Iter =   55  NFunc =   830  E =      13.34905  RMSG = 5.8444202e-03
 MIN: Iter =   56  NFunc =   881  E =      13.34854  RMSG = 1.2277198e-02
 MIN: Iter =   57  NFunc =   902  E =      13.34840  RMSG = 6.0259503e-03
 MIN: Iter =   58  NFunc =   953  E =      13.34819  RMSG = 6.4625750e-03
 MIN: Iter =   59  NFunc =   987  E =      13.34802  RMSG = 5.5034569e-03
 MIN: Iter =   60  NFunc =  1007  E =      13.34798  RMSG = 2.8007551e-03
 MIN: Iter =   61  NFunc =  1053  E =      13.34793  RMSG = 2.4214086e-03
 MIN: Iter =   62  NFunc =  1069  E =      13.34792  RMSG = 1.2732641e-03
 MIN: Iter =   63  NFunc =  1110  E =      13.34790  RMSG = 1.8116264e-03
 MIN: Iter =   64  NFunc =  1143  E =      13.34789  RMSG = 1.0521141e-03
 MIN: Iter =   65  NFunc =  1155  E =      13.34789  RMSG = 4.6480726e-04
----------------------------------------------------------------
 END:          :-)  E =      13.34789  RMSG =   0.0004648

     bond:      2.569729746
    angle:     28.927916198
 dihedral:     13.867733466
    enb14:      5.905976507
    eel14:     20.293966039
      enb:     -6.443827739
      eel:    -22.227829713
      egb:    -29.545775129
    econs:      0.000000000
    esurf:      0.000000000
    Total:     13.347889375
     frms:      0.000464807
====== rms.dat  ======================================================
#Frame      all_heavy
       1       0.8877
