====== tleap.out =====================================================
-I: Adding /home/case/amber24/dat/leap/prep to search path.
-I: Adding /home/case/amber24/dat/leap/lib to search path.
-I: Adding /home/case/amber24/dat/leap/parm to search path.
-I: Adding /home/case/amber24/dat/leap/cmd to search path.
-f: Source leap.in.

Welcome to LEaP!
(no leaprc in search path)
Sourcing: ./leap.in
Using Bondi radii
----- Source: /home/case/amber24/dat/leap/cmd/leaprc.gaff2
----- Source of /home/case/amber24/dat/leap/cmd/leaprc.gaff2 done
Log file: ./leap.log
Loading parameters: /home/case/amber24/dat/leap/parm/gaff2.dat
Reading title:
AMBER General Force Field for organic molecules (Version 2.2.20, March 2021)
Loading parameters: ./4WG.frcmod
Reading force field modification type file (frcmod)
Reading title:
Remark line goes here
Loading Mol2 file: ./4WG.mol2
Reading MOLECULE named 4WG
Checking Unit.
Building topology.
"order_residues" off: keep input residue order.
Building atom parameters.
Building bond parameters.
Building angle parameters.
Building proper torsion parameters.
Building improper torsion parameters.
 total 21 improper torsions applied
Building H-Bond parameters.
Incorporating Non-Bonded adjustments.
Not Marking per-residue atom chain types.
Marking per-residue atom chain types.
  (Residues lacking connect0/connect1 - 
   these don't have chain types marked:

	res	total affected

	4WG	1
  )
 (no restraints)
	Quit

Exiting LEaP: Errors = 0; Warnings = 0; Notes = 0.
====== min.o =========================================================
Reading parm file (4WG.parm7)
title:
4WG                                                                             
no velocities were found
no velocities were found
	mm_options:  ntpr=5
	mm_options:  gb=1
	mm_options:  kappa=0.10395
	mm_options:  rgbmax=99.
	mm_options:  cut=99.0
	mm_options:  wcons=0.
     bond:      3.635721627
    angle:      9.828207219
 dihedral:     49.811428965
    enb14:     28.914512998
    eel14:   -201.683907365
      enb:      0.883135922
      eel:     58.508220182
      egb:    -25.570908560
    econs:      0.000000000
    esurf:      0.000000000
    Total:    -75.673589012
     frms:     10.525032921
Starting TNCG minimisation
 MIN: Iter =    0  NFunc =     1  E =     -75.67359  RMSG = 1.0525033e+01
 MIN: Iter =    1  NFunc =     7  E =     -90.34822  RMSG = 3.4640587e+00
 MIN: Iter =    2  NFunc =    25  E =     -97.54378  RMSG = 1.9588227e+00
 MIN: Iter =    3  NFunc =    34  E =    -100.48687  RMSG = 1.1197830e+00
 MIN: Iter =    4  NFunc =    40  E =    -101.59051  RMSG = 8.6341622e-01
 MIN: Iter =    5  NFunc =    51  E =    -102.46741  RMSG = 7.0143247e-01
 MIN: Iter =    6  NFunc =    63  E =    -102.89419  RMSG = 3.9829204e-01
 MIN: Iter =    7  NFunc =    97  E =    -103.41697  RMSG = 4.7298902e-01
 MIN: Iter =    8  NFunc =   114  E =    -103.61438  RMSG = 2.9296613e-01
 MIN: Iter =    9  NFunc =   126  E =    -103.66795  RMSG = 1.4955758e-01
 MIN: Iter =   10  NFunc =   149  E =    -103.70271  RMSG = 1.2023975e-01
 MIN: Iter =   11  NFunc =   166  E =    -103.71744  RMSG = 5.8727365e-02
 MIN: Iter =   12  NFunc =   202  E =    -103.72452  RMSG = 2.9765561e-02
 MIN: Iter =   13  NFunc =   253  E =    -103.73058  RMSG = 1.3678783e-01
 MIN: Iter =   14  NFunc =   259  E =    -103.73358  RMSG = 3.3072775e-02
 MIN: Iter =   15  NFunc =   301  E =    -103.74079  RMSG = 7.6364154e-02
 MIN: Iter =   16  NFunc =   307  E =    -103.74181  RMSG = 3.0416492e-02
 MIN: Iter =   17  NFunc =   335  E =    -103.74562  RMSG = 2.2577192e-02
 MIN: Iter =   18  NFunc =   383  E =    -103.74948  RMSG = 3.4675712e-02
 MIN: Iter =   19  NFunc =   408  E =    -103.75049  RMSG = 1.1822104e-02
 MIN: Iter =   20  NFunc =   430  E =    -103.75111  RMSG = 1.0905051e-02
 MIN: Iter =   21  NFunc =   481  E =    -103.75241  RMSG = 4.0042976e-02
 MIN: Iter =   22  NFunc =   487  E =    -103.75269  RMSG = 1.3950079e-02
 MIN: Iter =   23  NFunc =   508  E =    -103.75296  RMSG = 7.2026993e-03
 MIN: Iter =   24  NFunc =   555  E =    -103.75331  RMSG = 5.4417758e-03
 MIN: Iter =   25  NFunc =   577  E =    -103.75341  RMSG = 3.7907267e-03
 MIN: Iter =   26  NFunc =   614  E =    -103.75351  RMSG = 3.1051479e-03
 MIN: Iter =   27  NFunc =   624  E =    -103.75352  RMSG = 1.6730746e-03
 MIN: Iter =   28  NFunc =   675  E =    -103.75354  RMSG = 1.4898013e-03
 MIN: Iter =   29  NFunc =   695  E =    -103.75354  RMSG = 1.0823692e-03
 MIN: Iter =   30  NFunc =   722  E =    -103.75354  RMSG = 5.3559968e-04
 MIN: Iter =   31  NFunc =   746  E =    -103.75355  RMSG = 3.8723138e-04
----------------------------------------------------------------
 END:          :-)  E =    -103.75355  RMSG =   0.0003872

     bond:      2.492698412
    angle:      7.249746405
 dihedral:     43.794263405
    enb14:     18.566613817
    eel14:   -202.152203748
      enb:     -6.539695224
      eel:     59.322852178
      egb:    -26.487821644
    econs:      0.000000000
    esurf:      0.000000000
    Total:   -103.753546400
     frms:      0.000387231
====== rms.dat  ======================================================
#Frame      all_heavy
       1       0.3326
