====== tleap.out =====================================================
-I: Adding /home/case/amber24/dat/leap/prep to search path.
-I: Adding /home/case/amber24/dat/leap/lib to search path.
-I: Adding /home/case/amber24/dat/leap/parm to search path.
-I: Adding /home/case/amber24/dat/leap/cmd to search path.
-f: Source leap.in.

Welcome to LEaP!
(no leaprc in search path)
Sourcing: ./leap.in
Using Bondi radii
----- Source: /home/case/amber24/dat/leap/cmd/leaprc.gaff2
----- Source of /home/case/amber24/dat/leap/cmd/leaprc.gaff2 done
Log file: ./leap.log
Loading parameters: /home/case/amber24/dat/leap/parm/gaff2.dat
Reading title:
AMBER General Force Field for organic molecules (Version 2.2.20, March 2021)
Loading parameters: ./4WU.frcmod
Reading force field modification type file (frcmod)
Reading title:
Remark line goes here
Loading Mol2 file: ./4WU.mol2
Reading MOLECULE named 4WU
Checking Unit.
Building topology.
"order_residues" off: keep input residue order.
Building atom parameters.
Building bond parameters.
Building angle parameters.
Building proper torsion parameters.
Building improper torsion parameters.
 total 7 improper torsions applied
Building H-Bond parameters.
Incorporating Non-Bonded adjustments.
Not Marking per-residue atom chain types.
Marking per-residue atom chain types.
  (Residues lacking connect0/connect1 - 
   these don't have chain types marked:

	res	total affected

	4WU	1
  )
 (no restraints)
	Quit

Exiting LEaP: Errors = 0; Warnings = 0; Notes = 0.
====== min.o =========================================================
Reading parm file (4WU.parm7)
title:
4WU                                                                             
no velocities were found
no velocities were found
	mm_options:  ntpr=5
	mm_options:  gb=1
	mm_options:  kappa=0.10395
	mm_options:  rgbmax=99.
	mm_options:  cut=99.0
	mm_options:  wcons=0.
     bond:      0.647176951
    angle:      1.266355052
 dihedral:      3.518727264
    enb14:      7.483012082
    eel14:    -89.142790742
      enb:     -1.134528944
      eel:     60.225344534
      egb:    -13.734589846
    econs:      0.000000000
    esurf:      0.000000000
    Total:    -30.871293650
     frms:      6.581903603
Starting TNCG minimisation
 MIN: Iter =    0  NFunc =     1  E =     -30.87129  RMSG = 6.5819036e+00
 MIN: Iter =    1  NFunc =     7  E =     -34.45048  RMSG = 2.5004053e+00
 MIN: Iter =    2  NFunc =    13  E =     -35.03384  RMSG = 8.4903219e-01
 MIN: Iter =    3  NFunc =    23  E =     -35.26575  RMSG = 9.2222851e-01
 MIN: Iter =    4  NFunc =    37  E =     -35.39093  RMSG = 4.8151688e-01
 MIN: Iter =    5  NFunc =    44  E =     -35.41364  RMSG = 1.6502253e-01
 MIN: Iter =    6  NFunc =    56  E =     -35.42887  RMSG = 1.1747221e-01
 MIN: Iter =    7  NFunc =    68  E =     -35.43163  RMSG = 3.1169721e-02
 MIN: Iter =    8  NFunc =    75  E =     -35.43185  RMSG = 1.8203524e-02
 MIN: Iter =    9  NFunc =    91  E =     -35.43203  RMSG = 7.1157612e-03
 MIN: Iter =   10  NFunc =   108  E =     -35.43209  RMSG = 4.9600377e-03
 MIN: Iter =   11  NFunc =   114  E =     -35.43209  RMSG = 3.6614318e-03
 MIN: Iter =   12  NFunc =   121  E =     -35.43209  RMSG = 1.3809764e-03
 MIN: Iter =   13  NFunc =   134  E =     -35.43210  RMSG = 5.4214931e-04
 MIN: Iter =   14  NFunc =   151  E =     -35.43210  RMSG = 3.3353103e-04
----------------------------------------------------------------
 END:          :-)  E =     -35.43210  RMSG =   0.0003335

     bond:      0.579813130
    angle:      1.007294233
 dihedral:      0.923920691
    enb14:      5.375646458
    eel14:    -87.357221108
      enb:     -1.246513538
      eel:     58.891317193
      egb:    -13.606352471
    econs:      0.000000000
    esurf:      0.000000000
    Total:    -35.432095414
     frms:      0.000333531
====== rms.dat  ======================================================
#Frame      all_heavy
       1       0.0531
