====== tleap.out =====================================================
-I: Adding /home/case/amber24/dat/leap/prep to search path.
-I: Adding /home/case/amber24/dat/leap/lib to search path.
-I: Adding /home/case/amber24/dat/leap/parm to search path.
-I: Adding /home/case/amber24/dat/leap/cmd to search path.
-f: Source leap.in.

Welcome to LEaP!
(no leaprc in search path)
Sourcing: ./leap.in
Using Bondi radii
----- Source: /home/case/amber24/dat/leap/cmd/leaprc.gaff2
----- Source of /home/case/amber24/dat/leap/cmd/leaprc.gaff2 done
Log file: ./leap.log
Loading parameters: /home/case/amber24/dat/leap/parm/gaff2.dat
Reading title:
AMBER General Force Field for organic molecules (Version 2.2.20, March 2021)
Loading parameters: ./4XH.frcmod
Reading force field modification type file (frcmod)
Reading title:
Remark line goes here
Loading Mol2 file: ./4XH.mol2
Reading MOLECULE named 4XH
Checking Unit.
Building topology.
"order_residues" off: keep input residue order.
Building atom parameters.
Building bond parameters.
Building angle parameters.
Building proper torsion parameters.
Building improper torsion parameters.
 total 9 improper torsions applied
Building H-Bond parameters.
Incorporating Non-Bonded adjustments.
Not Marking per-residue atom chain types.
Marking per-residue atom chain types.
  (Residues lacking connect0/connect1 - 
   these don't have chain types marked:

	res	total affected

	4XH	1
  )
 (no restraints)
	Quit

Exiting LEaP: Errors = 0; Warnings = 0; Notes = 0.
====== min.o =========================================================
Reading parm file (4XH.parm7)
title:
4XH                                                                             
no velocities were found
no velocities were found
	mm_options:  ntpr=5
	mm_options:  gb=1
	mm_options:  kappa=0.10395
	mm_options:  rgbmax=99.
	mm_options:  cut=99.0
	mm_options:  wcons=0.
     bond:      2.364839883
    angle:      1.686898513
 dihedral:      0.000334387
    enb14:      6.931103510
    eel14:     -6.198837326
      enb:     -0.573409517
      eel:     -4.423733832
      egb:     -8.453734865
    econs:      0.000000000
    esurf:      0.000000000
    Total:     -8.666539246
     frms:     14.153227584
Starting TNCG minimisation
 MIN: Iter =    0  NFunc =     1  E =      -8.66654  RMSG = 1.4153228e+01
 MIN: Iter =    1  NFunc =     7  E =     -12.08063  RMSG = 9.3880446e-01
 MIN: Iter =    2  NFunc =    13  E =     -12.17447  RMSG = 3.3819766e-01
 MIN: Iter =    3  NFunc =    19  E =     -12.18260  RMSG = 6.9385717e-02
 MIN: Iter =    4  NFunc =    25  E =     -12.18297  RMSG = 1.3143114e-02
 MIN: Iter =    5  NFunc =    31  E =     -12.18298  RMSG = 2.0389631e-03
 MIN: Iter =    6  NFunc =    39  E =     -12.18298  RMSG = 1.2929139e-03
 MIN: Iter =    7  NFunc =    45  E =     -12.18298  RMSG = 3.0532120e-04
----------------------------------------------------------------
 END:          :-)  E =     -12.18298  RMSG =   0.0003053

     bond:      0.667671893
    angle:      0.921743302
 dihedral:      0.000000016
    enb14:      6.018535655
    eel14:     -6.075326033
      enb:     -0.414153282
      eel:     -4.464143237
      egb:     -8.837310978
    econs:      0.000000000
    esurf:      0.000000000
    Total:    -12.182982663
     frms:      0.000305321
====== rms.dat  ======================================================
#Frame      all_heavy
       1       0.0298
