====== tleap.out =====================================================
-I: Adding /home/case/amber24/dat/leap/prep to search path.
-I: Adding /home/case/amber24/dat/leap/lib to search path.
-I: Adding /home/case/amber24/dat/leap/parm to search path.
-I: Adding /home/case/amber24/dat/leap/cmd to search path.
-f: Source leap.in.

Welcome to LEaP!
(no leaprc in search path)
Sourcing: ./leap.in
Using Bondi radii
----- Source: /home/case/amber24/dat/leap/cmd/leaprc.gaff2
----- Source of /home/case/amber24/dat/leap/cmd/leaprc.gaff2 done
Log file: ./leap.log
Loading parameters: /home/case/amber24/dat/leap/parm/gaff2.dat
Reading title:
AMBER General Force Field for organic molecules (Version 2.2.20, March 2021)
Loading parameters: ./4Y0.frcmod
Reading force field modification type file (frcmod)
Reading title:
Remark line goes here
Loading Mol2 file: ./4Y0.mol2
Reading MOLECULE named 4Y0
Checking Unit.
Building topology.
"order_residues" off: keep input residue order.
Building atom parameters.
Building bond parameters.
Building angle parameters.
Building proper torsion parameters.
Building improper torsion parameters.
 total 18 improper torsions applied
Building H-Bond parameters.
Incorporating Non-Bonded adjustments.
Not Marking per-residue atom chain types.
Marking per-residue atom chain types.
  (Residues lacking connect0/connect1 - 
   these don't have chain types marked:

	res	total affected

	4Y0	1
  )
 (no restraints)
	Quit

Exiting LEaP: Errors = 0; Warnings = 0; Notes = 0.
====== min.o =========================================================
Reading parm file (4Y0.parm7)
title:
4Y0                                                                             
no velocities were found
no velocities were found
	mm_options:  ntpr=5
	mm_options:  gb=1
	mm_options:  kappa=0.10395
	mm_options:  rgbmax=99.
	mm_options:  cut=99.0
	mm_options:  wcons=0.
     bond:      2.449417397
    angle:     17.118786390
 dihedral:      5.404027504
    enb14:     11.549236077
    eel14:    -72.108221458
      enb:      0.528687281
      eel:     10.062446851
      egb:    -25.015662885
    econs:      0.000000000
    esurf:      0.000000000
    Total:    -50.011282841
     frms:     11.699599575
Starting TNCG minimisation
 MIN: Iter =    0  NFunc =     1  E =     -50.01128  RMSG = 1.1699600e+01
 MIN: Iter =    1  NFunc =     7  E =     -60.40908  RMSG = 3.1968458e+00
 MIN: Iter =    2  NFunc =    16  E =     -63.25407  RMSG = 1.0753007e+00
 MIN: Iter =    3  NFunc =    39  E =     -64.60491  RMSG = 8.0114700e-01
 MIN: Iter =    4  NFunc =    50  E =     -65.31855  RMSG = 7.6449135e-01
 MIN: Iter =    5  NFunc =    56  E =     -65.65612  RMSG = 6.4419955e-01
 MIN: Iter =    6  NFunc =    63  E =     -65.77651  RMSG = 2.7733379e-01
 MIN: Iter =    7  NFunc =    78  E =     -65.90699  RMSG = 2.9957336e-01
 MIN: Iter =    8  NFunc =   121  E =     -65.99885  RMSG = 1.9216960e-01
 MIN: Iter =    9  NFunc =   141  E =     -66.01642  RMSG = 7.8109843e-02
 MIN: Iter =   10  NFunc =   191  E =     -66.06121  RMSG = 2.3491700e-01
 MIN: Iter =   11  NFunc =   197  E =     -66.07439  RMSG = 9.3635251e-02
 MIN: Iter =   12  NFunc =   246  E =     -66.10336  RMSG = 2.3088237e-01
 MIN: Iter =   13  NFunc =   252  E =     -66.11247  RMSG = 1.0279537e-01
 MIN: Iter =   14  NFunc =   268  E =     -66.12276  RMSG = 2.1492258e-01
 MIN: Iter =   15  NFunc =   274  E =     -66.12946  RMSG = 6.9665381e-02
 MIN: Iter =   16  NFunc =   282  E =     -66.13190  RMSG = 4.8404513e-02
 MIN: Iter =   17  NFunc =   301  E =     -66.13542  RMSG = 3.3104933e-02
 MIN: Iter =   18  NFunc =   327  E =     -66.13835  RMSG = 3.5327390e-02
 MIN: Iter =   19  NFunc =   333  E =     -66.13857  RMSG = 1.3843466e-02
 MIN: Iter =   20  NFunc =   366  E =     -66.13895  RMSG = 6.2661972e-03
 MIN: Iter =   21  NFunc =   399  E =     -66.13907  RMSG = 4.8690736e-03
 MIN: Iter =   22  NFunc =   416  E =     -66.13914  RMSG = 4.8197646e-03
 MIN: Iter =   23  NFunc =   434  E =     -66.13917  RMSG = 2.9386016e-03
 MIN: Iter =   24  NFunc =   449  E =     -66.13918  RMSG = 1.7758292e-03
 MIN: Iter =   25  NFunc =   461  E =     -66.13918  RMSG = 1.1885297e-03
 MIN: Iter =   26  NFunc =   483  E =     -66.13918  RMSG = 9.0145589e-04
 MIN: Iter =   27  NFunc =   534  E =     -66.13919  RMSG = 5.4325318e-04
 MIN: Iter =   28  NFunc =   571  E =     -66.13919  RMSG = 2.8206354e-04
----------------------------------------------------------------
 END:          :-)  E =     -66.13919  RMSG =   0.0002821

     bond:      2.184193915
    angle:     11.988724173
 dihedral:      0.000467039
    enb14:      7.894810488
    eel14:    -73.204650152
      enb:      0.185809686
      eel:     11.241156928
      egb:    -26.429698449
    econs:      0.000000000
    esurf:      0.000000000
    Total:    -66.139186373
     frms:      0.000282064
====== rms.dat  ======================================================
#Frame      all_heavy
       1       0.3613
