====== tleap.out =====================================================
-I: Adding /home/case/amber24/dat/leap/prep to search path.
-I: Adding /home/case/amber24/dat/leap/lib to search path.
-I: Adding /home/case/amber24/dat/leap/parm to search path.
-I: Adding /home/case/amber24/dat/leap/cmd to search path.
-f: Source leap.in.

Welcome to LEaP!
(no leaprc in search path)
Sourcing: ./leap.in
Using Bondi radii
----- Source: /home/case/amber24/dat/leap/cmd/leaprc.gaff2
----- Source of /home/case/amber24/dat/leap/cmd/leaprc.gaff2 done
Log file: ./leap.log
Loading parameters: /home/case/amber24/dat/leap/parm/gaff2.dat
Reading title:
AMBER General Force Field for organic molecules (Version 2.2.20, March 2021)
Loading parameters: ./4YD.frcmod
Reading force field modification type file (frcmod)
Reading title:
Remark line goes here
Loading Mol2 file: ./4YD.mol2
Reading MOLECULE named 4YD
Checking Unit.

/home/case/amber24/bin/teLeap: Warning!
The unperturbed charge of the unit (0.997999) is not zero.

/home/case/amber24/bin/teLeap: Note.
Ignoring the warning from Unit Checking.

Building topology.
"order_residues" off: keep input residue order.
Building atom parameters.
Building bond parameters.
Building angle parameters.
Building proper torsion parameters.
Building improper torsion parameters.
 total 2 improper torsions applied
Building H-Bond parameters.
Incorporating Non-Bonded adjustments.
Not Marking per-residue atom chain types.
Marking per-residue atom chain types.
  (Residues lacking connect0/connect1 - 
   these don't have chain types marked:

	res	total affected

	4YD	1
  )
 (no restraints)
	Quit

Exiting LEaP: Errors = 0; Warnings = 1; Notes = 1.
====== min.o =========================================================
Reading parm file (4YD.parm7)
title:
4YD                                                                             
no velocities were found
no velocities were found
	mm_options:  ntpr=5
	mm_options:  gb=1
	mm_options:  kappa=0.10395
	mm_options:  rgbmax=99.
	mm_options:  cut=99.0
	mm_options:  wcons=0.
     bond:      3.185176420
    angle:      4.425867128
 dihedral:     12.149838566
    enb14:      6.172650894
    eel14:    131.614993037
      enb:     -2.067018682
      eel:    -14.652740926
      egb:    -66.321912364
    econs:      0.000000000
    esurf:      0.000000000
    Total:     74.506854073
     frms:      8.469635864
Starting TNCG minimisation
 MIN: Iter =    0  NFunc =     1  E =      74.50685  RMSG = 8.4696359e+00
 MIN: Iter =    1  NFunc =     9  E =      64.58553  RMSG = 1.9283309e+00
 MIN: Iter =    2  NFunc =    16  E =      61.87050  RMSG = 1.3443519e+00
 MIN: Iter =    3  NFunc =    23  E =      61.27648  RMSG = 6.4233473e-01
 MIN: Iter =    4  NFunc =    36  E =      61.06089  RMSG = 4.0313432e-01
 MIN: Iter =    5  NFunc =    59  E =      60.89802  RMSG = 3.5981389e-01
 MIN: Iter =    6  NFunc =    78  E =      60.84447  RMSG = 1.3735361e-01
 MIN: Iter =    7  NFunc =   120  E =      60.81055  RMSG = 4.3123212e-01
 MIN: Iter =    8  NFunc =   126  E =      60.79293  RMSG = 8.7450914e-02
 MIN: Iter =    9  NFunc =   134  E =      60.79109  RMSG = 2.7926125e-02
 MIN: Iter =   10  NFunc =   163  E =      60.78898  RMSG = 2.1090678e-02
 MIN: Iter =   11  NFunc =   194  E =      60.78717  RMSG = 2.0894504e-02
 MIN: Iter =   12  NFunc =   206  E =      60.78702  RMSG = 7.1168791e-03
 MIN: Iter =   13  NFunc =   224  E =      60.78697  RMSG = 3.8900408e-03
 MIN: Iter =   14  NFunc =   249  E =      60.78695  RMSG = 2.2544023e-03
 MIN: Iter =   15  NFunc =   262  E =      60.78695  RMSG = 1.4964757e-03
 MIN: Iter =   16  NFunc =   304  E =      60.78694  RMSG = 8.1059279e-04
 MIN: Iter =   17  NFunc =   311  E =      60.78694  RMSG = 5.5782121e-04
 MIN: Iter =   18  NFunc =   358  E =      60.78694  RMSG = 3.2318615e-04
----------------------------------------------------------------
 END:          :-)  E =      60.78694  RMSG =   0.0003232

     bond:      2.091597992
    angle:      4.214475048
 dihedral:     11.192481648
    enb14:      2.155715913
    eel14:    123.760711996
      enb:     -2.632648200
      eel:    -11.679968348
      egb:    -68.315427173
    econs:      0.000000000
    esurf:      0.000000000
    Total:     60.786938877
     frms:      0.000323186
====== rms.dat  ======================================================
#Frame      all_heavy
       1       0.1918
