====== tleap.out =====================================================
-I: Adding /home/case/amber24/dat/leap/prep to search path.
-I: Adding /home/case/amber24/dat/leap/lib to search path.
-I: Adding /home/case/amber24/dat/leap/parm to search path.
-I: Adding /home/case/amber24/dat/leap/cmd to search path.
-f: Source leap.in.

Welcome to LEaP!
(no leaprc in search path)
Sourcing: ./leap.in
Using Bondi radii
----- Source: /home/case/amber24/dat/leap/cmd/leaprc.gaff2
----- Source of /home/case/amber24/dat/leap/cmd/leaprc.gaff2 done
Log file: ./leap.log
Loading parameters: /home/case/amber24/dat/leap/parm/gaff2.dat
Reading title:
AMBER General Force Field for organic molecules (Version 2.2.20, March 2021)
Loading parameters: ./4Z5.frcmod
Reading force field modification type file (frcmod)
Reading title:
Remark line goes here
Loading Mol2 file: ./4Z5.mol2
Reading MOLECULE named 4Z5
Checking Unit.
Building topology.
"order_residues" off: keep input residue order.
Building atom parameters.
Building bond parameters.
Building angle parameters.
Building proper torsion parameters.
Building improper torsion parameters.
 total 17 improper torsions applied
Building H-Bond parameters.
Incorporating Non-Bonded adjustments.
Not Marking per-residue atom chain types.
Marking per-residue atom chain types.
  (Residues lacking connect0/connect1 - 
   these don't have chain types marked:

	res	total affected

	4Z5	1
  )
 (no restraints)
	Quit

Exiting LEaP: Errors = 0; Warnings = 0; Notes = 0.
====== min.o =========================================================
Reading parm file (4Z5.parm7)
title:
4Z5                                                                             
no velocities were found
no velocities were found
	mm_options:  ntpr=5
	mm_options:  gb=1
	mm_options:  kappa=0.10395
	mm_options:  rgbmax=99.
	mm_options:  cut=99.0
	mm_options:  wcons=0.
     bond:      4.174291123
    angle:      7.545386220
 dihedral:     11.517714201
    enb14:     20.349097742
    eel14:   -140.854902597
      enb:     -5.464725759
      eel:     35.033578376
      egb:    -20.311799303
    econs:      0.000000000
    esurf:      0.000000000
    Total:    -88.011359997
     frms:      9.897563032
Starting TNCG minimisation
 MIN: Iter =    0  NFunc =     1  E =     -88.01136  RMSG = 9.8975630e+00
 MIN: Iter =    1  NFunc =     7  E =     -96.95252  RMSG = 2.5301301e+00
 MIN: Iter =    2  NFunc =    17  E =     -99.49543  RMSG = 8.8654871e-01
 MIN: Iter =    3  NFunc =    31  E =    -100.16144  RMSG = 4.1576654e-01
 MIN: Iter =    4  NFunc =    68  E =    -100.53857  RMSG = 6.5013685e-01
 MIN: Iter =    5  NFunc =    87  E =    -100.72826  RMSG = 3.3946610e-01
 MIN: Iter =    6  NFunc =   100  E =    -100.79295  RMSG = 1.5910586e-01
 MIN: Iter =    7  NFunc =   151  E =    -100.89499  RMSG = 3.7312989e-01
 MIN: Iter =    8  NFunc =   157  E =    -100.92006  RMSG = 1.5836795e-01
 MIN: Iter =    9  NFunc =   187  E =    -100.96816  RMSG = 4.2071510e-01
 MIN: Iter =   10  NFunc =   193  E =    -100.99493  RMSG = 1.3640085e-01
 MIN: Iter =   11  NFunc =   208  E =    -101.01035  RMSG = 1.0740756e-01
 MIN: Iter =   12  NFunc =   230  E =    -101.03052  RMSG = 1.5961304e-01
 MIN: Iter =   13  NFunc =   237  E =    -101.03530  RMSG = 4.8324191e-02
 MIN: Iter =   14  NFunc =   289  E =    -101.05526  RMSG = 1.5254633e-01
 MIN: Iter =   15  NFunc =   299  E =    -101.06883  RMSG = 1.3188993e-01
 MIN: Iter =   16  NFunc =   317  E =    -101.08388  RMSG = 3.4309668e-01
 MIN: Iter =   17  NFunc =   323  E =    -101.10048  RMSG = 1.0367669e-01
 MIN: Iter =   18  NFunc =   336  E =    -101.10976  RMSG = 1.3808238e-01
 MIN: Iter =   19  NFunc =   344  E =    -101.11803  RMSG = 9.5684909e-02
 MIN: Iter =   20  NFunc =   350  E =    -101.12367  RMSG = 9.1823395e-02
 MIN: Iter =   21  NFunc =   368  E =    -101.13764  RMSG = 1.3118295e-01
 MIN: Iter =   22  NFunc =   419  E =    -101.16555  RMSG = 3.2421573e-01
 MIN: Iter =   23  NFunc =   425  E =    -101.19218  RMSG = 1.6420071e-01
 MIN: Iter =   24  NFunc =   446  E =    -101.22307  RMSG = 2.8116924e-01
 MIN: Iter =   25  NFunc =   456  E =    -101.26781  RMSG = 1.8230149e-01
 MIN: Iter =   26  NFunc =   462  E =    -101.29449  RMSG = 2.0074183e-01
 MIN: Iter =   27  NFunc =   469  E =    -101.30744  RMSG = 9.0864760e-02
 MIN: Iter =   28  NFunc =   482  E =    -101.32378  RMSG = 1.4583928e-01
 MIN: Iter =   29  NFunc =   491  E =    -101.32897  RMSG = 4.5186861e-02
 MIN: Iter =   30  NFunc =   514  E =    -101.33786  RMSG = 1.0702855e-01
 MIN: Iter =   31  NFunc =   520  E =    -101.33973  RMSG = 3.8118127e-02
 MIN: Iter =   32  NFunc =   571  E =    -101.34424  RMSG = 9.5468438e-02
 MIN: Iter =   33  NFunc =   578  E =    -101.34555  RMSG = 2.6558546e-02
 MIN: Iter =   34  NFunc =   630  E =    -101.34866  RMSG = 3.6764508e-02
 MIN: Iter =   35  NFunc =   656  E =    -101.35272  RMSG = 8.7684035e-02
 MIN: Iter =   36  NFunc =   672  E =    -101.35634  RMSG = 5.7850248e-02
 MIN: Iter =   37  NFunc =   682  E =    -101.35784  RMSG = 3.2258667e-02
 MIN: Iter =   38  NFunc =   717  E =    -101.36214  RMSG = 6.2068050e-02
 MIN: Iter =   39  NFunc =   724  E =    -101.36317  RMSG = 2.4659354e-02
 MIN: Iter =   40  NFunc =   775  E =    -101.36613  RMSG = 1.1800863e-01
 MIN: Iter =   41  NFunc =   781  E =    -101.36839  RMSG = 4.4466353e-02
 MIN: Iter =   42  NFunc =   833  E =    -101.37259  RMSG = 3.9022449e-02
 MIN: Iter =   43  NFunc =   858  E =    -101.37602  RMSG = 7.1084955e-02
 MIN: Iter =   44  NFunc =   865  E =    -101.37717  RMSG = 1.8451953e-02
 MIN: Iter =   45  NFunc =   917  E =    -101.37921  RMSG = 3.8775379e-02
 MIN: Iter =   46  NFunc =   948  E =    -101.38152  RMSG = 5.0837808e-02
 MIN: Iter =   47  NFunc =   963  E =    -101.38417  RMSG = 6.3778197e-02
 MIN: Iter =   48  NFunc =   974  E =    -101.38691  RMSG = 5.4055873e-02
 MIN: Iter =   49  NFunc =   983  E =    -101.38920  RMSG = 8.9974814e-02
 MIN: Iter =   50  NFunc =   990  E =    -101.39136  RMSG = 3.5011174e-02
 MIN: Iter =   51  NFunc =   997  E =    -101.39268  RMSG = 3.9745122e-02
 MIN: Iter =   52  NFunc =  1003  E =    -101.39430  RMSG = 5.9608376e-02
 MIN: Iter =   53  NFunc =  1009  E =    -101.39578  RMSG = 2.7762183e-02
 MIN: Iter =   54  NFunc =  1026  E =    -101.39709  RMSG = 3.1576973e-02
 MIN: Iter =   55  NFunc =  1033  E =    -101.39836  RMSG = 4.1317056e-02
 MIN: Iter =   56  NFunc =  1043  E =    -101.39972  RMSG = 3.6467946e-02
 MIN: Iter =   57  NFunc =  1050  E =    -101.40048  RMSG = 2.4604793e-02
 MIN: Iter =   58  NFunc =  1056  E =    -101.40091  RMSG = 2.3946410e-02
 MIN: Iter =   59  NFunc =  1063  E =    -101.40119  RMSG = 1.4688621e-02
 MIN: Iter =   60  NFunc =  1076  E =    -101.40146  RMSG = 9.8347453e-03
 MIN: Iter =   61  NFunc =  1119  E =    -101.40180  RMSG = 1.1012133e-02
 MIN: Iter =   62  NFunc =  1138  E =    -101.40189  RMSG = 4.0157192e-03
 MIN: Iter =   63  NFunc =  1183  E =    -101.40200  RMSG = 4.8284317e-03
 MIN: Iter =   64  NFunc =  1227  E =    -101.40214  RMSG = 4.1709641e-03
 MIN: Iter =   65  NFunc =  1278  E =    -101.40220  RMSG = 3.3697981e-03
 MIN: Iter =   66  NFunc =  1311  E =    -101.40223  RMSG = 1.8168957e-03
 MIN: Iter =   67  NFunc =  1336  E =    -101.40224  RMSG = 1.3755728e-03
 MIN: Iter =   68  NFunc =  1351  E =    -101.40225  RMSG = 8.1318265e-04
 MIN: Iter =   69  NFunc =  1393  E =    -101.40225  RMSG = 5.9633634e-04
 MIN: Iter =   70  NFunc =  1436  E =    -101.40225  RMSG = 4.2424027e-04
----------------------------------------------------------------
 END:          :-)  E =    -101.40225  RMSG =   0.0004242

     bond:      1.372905928
    angle:      6.129496440
 dihedral:      7.569189166
    enb14:     15.163415018
    eel14:   -139.979801474
      enb:     -5.404249392
      eel:     34.636157657
      egb:    -20.889366773
    econs:      0.000000000
    esurf:      0.000000000
    Total:   -101.402253429
     frms:      0.000424240
====== rms.dat  ======================================================
#Frame      all_heavy
       1       0.6825
