====== tleap.out =====================================================
-I: Adding /home/case/amber24/dat/leap/prep to search path.
-I: Adding /home/case/amber24/dat/leap/lib to search path.
-I: Adding /home/case/amber24/dat/leap/parm to search path.
-I: Adding /home/case/amber24/dat/leap/cmd to search path.
-f: Source leap.in.

Welcome to LEaP!
(no leaprc in search path)
Sourcing: ./leap.in
Using Bondi radii
----- Source: /home/case/amber24/dat/leap/cmd/leaprc.gaff2
----- Source of /home/case/amber24/dat/leap/cmd/leaprc.gaff2 done
Log file: ./leap.log
Loading parameters: /home/case/amber24/dat/leap/parm/gaff2.dat
Reading title:
AMBER General Force Field for organic molecules (Version 2.2.20, March 2021)
Loading parameters: ./A0W.frcmod
Reading force field modification type file (frcmod)
Reading title:
Remark line goes here
Loading Mol2 file: ./A0W.mol2
Reading MOLECULE named A0W
Checking Unit.

/home/case/amber24/bin/teLeap: Warning!
The unperturbed charge of the unit (-1.000000) is not zero.

/home/case/amber24/bin/teLeap: Note.
Ignoring the warning from Unit Checking.

Building topology.
"order_residues" off: keep input residue order.
Building atom parameters.
Building bond parameters.
Building angle parameters.
Building proper torsion parameters.
Building improper torsion parameters.
 total 9 improper torsions applied
Building H-Bond parameters.
Incorporating Non-Bonded adjustments.
Not Marking per-residue atom chain types.
Marking per-residue atom chain types.
  (Residues lacking connect0/connect1 - 
   these don't have chain types marked:

	res	total affected

	A0W	1
  )
 (no restraints)
	Quit

Exiting LEaP: Errors = 0; Warnings = 1; Notes = 1.
====== min.o =========================================================
Reading parm file (A0W.parm7)
title:
A0W                                                                             
no velocities were found
no velocities were found
	mm_options:  ntpr=5
	mm_options:  gb=1
	mm_options:  kappa=0.10395
	mm_options:  rgbmax=99.
	mm_options:  cut=99.0
	mm_options:  wcons=0.
     bond:     10.231144382
    angle:      8.593718721
 dihedral:     28.426952846
    enb14:     21.077434862
    eel14:   -532.277915200
      enb:     14.606648354
      eel:    225.389924774
      egb:    -71.010575980
    econs:      0.000000000
    esurf:      0.000000000
    Total:   -294.962667240
     frms:     14.410789398
Starting TNCG minimisation
 MIN: Iter =    0  NFunc =     1  E =    -294.96267  RMSG = 1.4410789e+01
 MIN: Iter =    1  NFunc =     7  E =    -308.83454  RMSG = 2.6341496e+00
 MIN: Iter =    2  NFunc =    15  E =    -311.77788  RMSG = 1.3479104e+00
 MIN: Iter =    3  NFunc =    22  E =    -312.61609  RMSG = 7.5218206e-01
 MIN: Iter =    4  NFunc =    29  E =    -312.76632  RMSG = 2.3599608e-01
 MIN: Iter =    5  NFunc =    50  E =    -312.84648  RMSG = 1.2859074e-01
 MIN: Iter =    6  NFunc =    63  E =    -312.88346  RMSG = 1.0592529e-01
 MIN: Iter =    7  NFunc =    77  E =    -312.89844  RMSG = 7.0558878e-02
 MIN: Iter =    8  NFunc =    83  E =    -312.89980  RMSG = 2.9301782e-02
 MIN: Iter =    9  NFunc =    94  E =    -312.90016  RMSG = 1.2606629e-02
 MIN: Iter =   10  NFunc =   110  E =    -312.90039  RMSG = 9.1008290e-03
 MIN: Iter =   11  NFunc =   143  E =    -312.90067  RMSG = 5.1579176e-03
 MIN: Iter =   12  NFunc =   173  E =    -312.90085  RMSG = 5.8887026e-03
 MIN: Iter =   13  NFunc =   210  E =    -312.90125  RMSG = 5.0741824e-02
 MIN: Iter =   14  NFunc =   224  E =    -312.90172  RMSG = 1.2263620e-02
 MIN: Iter =   15  NFunc =   261  E =    -312.90300  RMSG = 5.6688541e-02
 MIN: Iter =   16  NFunc =   270  E =    -312.90355  RMSG = 1.9155559e-02
 MIN: Iter =   17  NFunc =   307  E =    -312.90673  RMSG = 7.5750486e-02
 MIN: Iter =   18  NFunc =   313  E =    -312.90730  RMSG = 2.2613432e-02
 MIN: Iter =   19  NFunc =   352  E =    -312.91087  RMSG = 6.2528363e-02
 MIN: Iter =   20  NFunc =   358  E =    -312.91126  RMSG = 1.4887960e-02
 MIN: Iter =   21  NFunc =   410  E =    -312.91454  RMSG = 5.4490133e-02
 MIN: Iter =   22  NFunc =   417  E =    -312.91567  RMSG = 3.4297687e-02
 MIN: Iter =   23  NFunc =   426  E =    -312.91627  RMSG = 2.2149779e-02
 MIN: Iter =   24  NFunc =   441  E =    -312.91707  RMSG = 1.7396406e-02
 MIN: Iter =   25  NFunc =   451  E =    -312.91721  RMSG = 7.3302249e-03
 MIN: Iter =   26  NFunc =   492  E =    -312.91750  RMSG = 8.1314976e-03
 MIN: Iter =   27  NFunc =   523  E =    -312.91759  RMSG = 4.1809345e-03
 MIN: Iter =   28  NFunc =   531  E =    -312.91760  RMSG = 1.9646341e-03
 MIN: Iter =   29  NFunc =   550  E =    -312.91761  RMSG = 9.9283277e-04
 MIN: Iter =   30  NFunc =   586  E =    -312.91761  RMSG = 6.2170106e-04
 MIN: Iter =   31  NFunc =   611  E =    -312.91761  RMSG = 4.1147660e-04
----------------------------------------------------------------
 END:          :-)  E =    -312.91761  RMSG =   0.0004115

     bond:      3.192936216
    angle:     11.293844823
 dihedral:     28.618564701
    enb14:     13.987045798
    eel14:   -537.411718667
      enb:      7.419312240
      eel:    233.686347949
      egb:    -73.703944160
    econs:      0.000000000
    esurf:      0.000000000
    Total:   -312.917611100
     frms:      0.000411477
====== rms.dat  ======================================================
#Frame      all_heavy
       1       0.1241
