====== tleap.out =====================================================
-I: Adding /home/case/AmberClassic/dat/leap/prep to search path.
-I: Adding /home/case/AmberClassic/dat/leap/lib to search path.
-I: Adding /home/case/AmberClassic/dat/leap/parm to search path.
-I: Adding /home/case/AmberClassic/dat/leap/cmd to search path.
-f: Source leap.in.

Welcome to LEaP!
(no leaprc in search path)
Sourcing: ./leap.in
Using Bondi radii
----- Source: /home/case/AmberClassic/dat/leap/cmd/leaprc.gaff2
----- Source of /home/case/AmberClassic/dat/leap/cmd/leaprc.gaff2 done
Log file: ./leap.log
Loading parameters: /home/case/AmberClassic/dat/leap/parm/gaff2.dat
Reading title:
AMBER General Force Field for organic molecules (Version 2.2.20, March 2021)
Loading parameters: ./A1AAR.frcmod
Reading force field modification type file (frcmod)
Reading title:
Remark line goes here
Loading Mol2 file: ./A1AAR.mol2
Reading MOLECULE named A1A
Checking Unit.
Building topology.
"order_residues" off: keep input residue order.
Building atom parameters.
Building bond parameters.
Building angle parameters.
Building proper torsion parameters.
Building improper torsion parameters.
 total 16 improper torsions applied
Building H-Bond parameters.
Incorporating Non-Bonded adjustments.
Not Marking per-residue atom chain types.
Marking per-residue atom chain types.
  (Residues lacking connect0/connect1 - 
   these don't have chain types marked:

	res	total affected

	A1A	1
  )
 (no restraints)
	Quit

Exiting LEaP: Errors = 0; Warnings = 0; Notes = 0.
====== min.o =========================================================
Reading parm file (A1AAR.parm7)
title:
A1A                                                                             
no velocities were found
no velocities were found
	mm_options:  ntpr=5
	mm_options:  gb=1
	mm_options:  kappa=0.10395
	mm_options:  rgbmax=99.
	mm_options:  cut=99.0
	mm_options:  wcons=0.
     bond:      2.785127124
    angle:      3.969863633
 dihedral:     12.813359165
    enb14:     16.018284748
    eel14:    -32.296770957
      enb:     -2.289444995
      eel:    -39.174995532
      egb:    -33.281303744
    econs:      0.000000000
    esurf:      0.000000000
    Total:    -71.455880558
     frms:     10.253936086
Starting TNCG minimisation
 MIN: Iter =    0  NFunc =     1  E =     -71.45588  RMSG = 1.0253936e+01
 MIN: Iter =    1  NFunc =     7  E =     -83.63948  RMSG = 3.0808054e+00
 MIN: Iter =    2  NFunc =    15  E =     -86.58448  RMSG = 1.2871904e+00
 MIN: Iter =    3  NFunc =    21  E =     -87.14849  RMSG = 7.4176877e-01
 MIN: Iter =    4  NFunc =    34  E =     -87.56851  RMSG = 5.7235546e-01
 MIN: Iter =    5  NFunc =    52  E =     -87.93780  RMSG = 5.7977463e-01
 MIN: Iter =    6  NFunc =    61  E =     -88.02375  RMSG = 2.1087174e-01
 MIN: Iter =    7  NFunc =   112  E =     -88.33431  RMSG = 3.5369863e-01
 MIN: Iter =    8  NFunc =   125  E =     -88.49569  RMSG = 3.1899485e-01
 MIN: Iter =    9  NFunc =   140  E =     -88.64317  RMSG = 3.6816915e-01
 MIN: Iter =   10  NFunc =   149  E =     -88.71000  RMSG = 2.5166988e-01
 MIN: Iter =   11  NFunc =   165  E =     -88.76536  RMSG = 1.9750167e-01
 MIN: Iter =   12  NFunc =   178  E =     -88.78683  RMSG = 8.6828154e-02
 MIN: Iter =   13  NFunc =   193  E =     -88.79999  RMSG = 8.5152757e-02
 MIN: Iter =   14  NFunc =   242  E =     -88.81709  RMSG = 8.7749959e-02
 MIN: Iter =   15  NFunc =   252  E =     -88.81961  RMSG = 3.1728754e-02
 MIN: Iter =   16  NFunc =   278  E =     -88.82139  RMSG = 2.0961660e-02
 MIN: Iter =   17  NFunc =   330  E =     -88.82575  RMSG = 5.0684941e-02
 MIN: Iter =   18  NFunc =   351  E =     -88.83008  RMSG = 7.1109898e-02
 MIN: Iter =   19  NFunc =   365  E =     -88.83424  RMSG = 8.0782487e-02
 MIN: Iter =   20  NFunc =   373  E =     -88.83640  RMSG = 3.4427977e-02
 MIN: Iter =   21  NFunc =   382  E =     -88.83769  RMSG = 4.8030507e-02
 MIN: Iter =   22  NFunc =   392  E =     -88.83879  RMSG = 2.3857829e-02
 MIN: Iter =   23  NFunc =   444  E =     -88.84448  RMSG = 5.8706541e-02
 MIN: Iter =   24  NFunc =   457  E =     -88.85001  RMSG = 8.6337138e-02
 MIN: Iter =   25  NFunc =   463  E =     -88.85659  RMSG = 1.5527008e-01
 MIN: Iter =   26  NFunc =   469  E =     -88.86315  RMSG = 7.7115721e-02
 MIN: Iter =   27  NFunc =   477  E =     -88.86765  RMSG = 1.5537160e-01
 MIN: Iter =   28  NFunc =   483  E =     -88.87204  RMSG = 5.0871713e-02
 MIN: Iter =   29  NFunc =   490  E =     -88.87381  RMSG = 8.8987785e-02
 MIN: Iter =   30  NFunc =   531  E =     -88.88621  RMSG = 7.4669919e-02
 MIN: Iter =   31  NFunc =   551  E =     -88.89168  RMSG = 7.8045561e-02
 MIN: Iter =   32  NFunc =   564  E =     -88.89471  RMSG = 3.9949921e-02
 MIN: Iter =   33  NFunc =   581  E =     -88.89631  RMSG = 2.9158847e-02
 MIN: Iter =   34  NFunc =   595  E =     -88.89686  RMSG = 1.4317984e-02
 MIN: Iter =   35  NFunc =   646  E =     -88.89873  RMSG = 2.3786207e-02
 MIN: Iter =   36  NFunc =   657  E =     -88.89911  RMSG = 1.4361664e-02
 MIN: Iter =   37  NFunc =   680  E =     -88.89944  RMSG = 6.0372925e-03
 MIN: Iter =   38  NFunc =   705  E =     -88.89962  RMSG = 6.1576040e-03
 MIN: Iter =   39  NFunc =   748  E =     -88.89974  RMSG = 3.4181736e-03
 MIN: Iter =   40  NFunc =   775  E =     -88.89977  RMSG = 2.2872264e-03
 MIN: Iter =   41  NFunc =   826  E =     -88.89982  RMSG = 3.1477106e-03
 MIN: Iter =   42  NFunc =   837  E =     -88.89982  RMSG = 1.7881865e-03
 MIN: Iter =   43  NFunc =   880  E =     -88.89983  RMSG = 9.8789420e-04
 MIN: Iter =   44  NFunc =   931  E =     -88.89984  RMSG = 1.9397335e-03
 MIN: Iter =   45  NFunc =   982  E =     -88.89986  RMSG = 1.6801360e-03
 MIN: Iter =   46  NFunc =   996  E =     -88.89986  RMSG = 1.0148842e-03
 MIN: Iter =   47  NFunc =  1019  E =     -88.89987  RMSG = 5.3822851e-04
 MIN: Iter =   48  NFunc =  1050  E =     -88.89987  RMSG = 2.9886658e-04
----------------------------------------------------------------
 END:          :-)  E =     -88.89987  RMSG =   0.0002989

     bond:      2.937955203
    angle:      5.265539998
 dihedral:      8.445071107
    enb14:     10.710124278
    eel14:    -41.688964862
      enb:     -4.497271226
      eel:    -35.676249800
      egb:    -34.396070721
    econs:      0.000000000
    esurf:      0.000000000
    Total:    -88.899866021
     frms:      0.000298867
====== rms.dat  ======================================================
#Frame      all_heavy
       1       0.5204
