====== tleap.out =====================================================
-I: Adding /home/case/AmberClassic/dat/leap/prep to search path.
-I: Adding /home/case/AmberClassic/dat/leap/lib to search path.
-I: Adding /home/case/AmberClassic/dat/leap/parm to search path.
-I: Adding /home/case/AmberClassic/dat/leap/cmd to search path.
-f: Source leap.in.

Welcome to LEaP!
(no leaprc in search path)
Sourcing: ./leap.in
Using Bondi radii
----- Source: /home/case/AmberClassic/dat/leap/cmd/leaprc.gaff2
----- Source of /home/case/AmberClassic/dat/leap/cmd/leaprc.gaff2 done
Log file: ./leap.log
Loading parameters: /home/case/AmberClassic/dat/leap/parm/gaff2.dat
Reading title:
AMBER General Force Field for organic molecules (Version 2.2.20, March 2021)
Loading parameters: ./A1ANH.frcmod
Reading force field modification type file (frcmod)
Reading title:
Remark line goes here
Loading Mol2 file: ./A1ANH.mol2
Reading MOLECULE named A1A
Checking Unit.
Building topology.
"order_residues" off: keep input residue order.
Building atom parameters.
Building bond parameters.
Building angle parameters.
Building proper torsion parameters.
Building improper torsion parameters.
 total 3 improper torsions applied
Building H-Bond parameters.
Incorporating Non-Bonded adjustments.
Not Marking per-residue atom chain types.
Marking per-residue atom chain types.
  (Residues lacking connect0/connect1 - 
   these don't have chain types marked:

	res	total affected

	A1A	1
  )
 (no restraints)
	Quit

Exiting LEaP: Errors = 0; Warnings = 0; Notes = 0.
====== min.o =========================================================
Reading parm file (A1ANH.parm7)
title:
A1A                                                                             
no velocities were found
no velocities were found
	mm_options:  ntpr=5
	mm_options:  gb=1
	mm_options:  kappa=0.10395
	mm_options:  rgbmax=99.
	mm_options:  cut=99.0
	mm_options:  wcons=0.
     bond:      1.241556912
    angle:      6.208054776
 dihedral:      0.000509200
    enb14:     -0.233034466
    eel14:     24.551471007
      enb:     -0.128480272
      eel:     -8.909613739
      egb:    -14.139700266
    econs:      0.000000000
    esurf:      0.000000000
    Total:      8.590763152
     frms:     14.906705693
Starting TNCG minimisation
 MIN: Iter =    0  NFunc =     1  E =       8.59076  RMSG = 1.4906706e+01
 MIN: Iter =    1  NFunc =     5  E =       6.16092  RMSG = 5.6796632e+00
 MIN: Iter =    2  NFunc =    11  E =       5.68847  RMSG = 1.2875490e+00
 MIN: Iter =    3  NFunc =    18  E =       5.60998  RMSG = 4.3206370e-01
 MIN: Iter =    4  NFunc =    24  E =       5.60706  RMSG = 4.4829315e-02
 MIN: Iter =    5  NFunc =    30  E =       5.60700  RMSG = 1.6829971e-02
 MIN: Iter =    6  NFunc =    37  E =       5.60689  RMSG = 5.8363354e-02
 MIN: Iter =    7  NFunc =    47  E =       5.60671  RMSG = 6.3099843e-02
 MIN: Iter =    8  NFunc =    62  E =       5.60642  RMSG = 8.3722329e-02
 MIN: Iter =    9  NFunc =    73  E =       5.60592  RMSG = 9.2407745e-02
 MIN: Iter =   10  NFunc =    79  E =       5.60522  RMSG = 9.4929830e-02
 MIN: Iter =   11  NFunc =    85  E =       5.60431  RMSG = 4.9699537e-02
 MIN: Iter =   12  NFunc =    92  E =       5.60378  RMSG = 6.4088358e-02
 MIN: Iter =   13  NFunc =    98  E =       5.60319  RMSG = 9.4159694e-02
 MIN: Iter =   14  NFunc =   104  E =       5.60277  RMSG = 1.7059965e-02
 MIN: Iter =   15  NFunc =   110  E =       5.60267  RMSG = 4.2144885e-02
 MIN: Iter =   16  NFunc =   116  E =       5.60261  RMSG = 2.4994974e-03
 MIN: Iter =   17  NFunc =   122  E =       5.60260  RMSG = 2.0515499e-03
 MIN: Iter =   18  NFunc =   128  E =       5.60260  RMSG = 3.9380244e-04
----------------------------------------------------------------
 END:          :-)  E =       5.60260  RMSG =   0.0003938

     bond:      0.277027165
    angle:      4.900562298
 dihedral:      0.000000003
    enb14:     -0.243809289
    eel14:     24.121266538
      enb:     -0.122042692
      eel:     -8.826006288
      egb:    -14.504393526
    econs:      0.000000000
    esurf:      0.000000000
    Total:      5.602604209
     frms:      0.000393802
====== rms.dat  ======================================================
#Frame      all_heavy
       1       0.0440
