====== tleap.out =====================================================
-I: Adding /home/case/AmberClassic/dat/leap/prep to search path.
-I: Adding /home/case/AmberClassic/dat/leap/lib to search path.
-I: Adding /home/case/AmberClassic/dat/leap/parm to search path.
-I: Adding /home/case/AmberClassic/dat/leap/cmd to search path.
-f: Source leap.in.

Welcome to LEaP!
(no leaprc in search path)
Sourcing: ./leap.in
Using Bondi radii
----- Source: /home/case/AmberClassic/dat/leap/cmd/leaprc.gaff2
----- Source of /home/case/AmberClassic/dat/leap/cmd/leaprc.gaff2 done
Log file: ./leap.log
Loading parameters: /home/case/AmberClassic/dat/leap/parm/gaff2.dat
Reading title:
AMBER General Force Field for organic molecules (Version 2.2.20, March 2021)
Loading parameters: ./A1APP.frcmod
Reading force field modification type file (frcmod)
Reading title:
Remark line goes here
Loading Mol2 file: ./A1APP.mol2
Reading MOLECULE named A1A
Checking Unit.

/home/case/AmberClassic/bin/teLeap: Warning!
The unperturbed charge of the unit (-0.995000) is not zero.

/home/case/AmberClassic/bin/teLeap: Note.
Ignoring the warning from Unit Checking.

Building topology.
"order_residues" off: keep input residue order.
Building atom parameters.
Building bond parameters.
Building angle parameters.
Building proper torsion parameters.

/home/case/AmberClassic/bin/teLeap: Note.
1-4: angle 4 5 duplicates bond ('triangular' bond) or angle ('square' bond)


/home/case/AmberClassic/bin/teLeap: Note.
1-4: angle 8 9 duplicates bond ('triangular' bond) or angle ('square' bond)

Building improper torsion parameters.
 total 13 improper torsions applied
Building H-Bond parameters.
Incorporating Non-Bonded adjustments.
Not Marking per-residue atom chain types.
Marking per-residue atom chain types.
  (Residues lacking connect0/connect1 - 
   these don't have chain types marked:

	res	total affected

	A1A	1
  )
 (no restraints)
	Quit

Exiting LEaP: Errors = 0; Warnings = 1; Notes = 3.
====== min.o =========================================================
Reading parm file (A1APP.parm7)
title:
A1A                                                                             
no velocities were found
no velocities were found
	mm_options:  ntpr=5
	mm_options:  gb=1
	mm_options:  kappa=0.10395
	mm_options:  rgbmax=99.
	mm_options:  cut=99.0
	mm_options:  wcons=0.
     bond:      3.667252272
    angle:     13.529297509
 dihedral:     41.580915458
    enb14:     10.157622364
    eel14:    288.292196904
      enb:     -4.869703099
      eel:   -231.648709234
      egb:    -93.465572909
    econs:      0.000000000
    esurf:      0.000000000
    Total:     27.243299265
     frms:     10.342645766
Starting TNCG minimisation
 MIN: Iter =    0  NFunc =     1  E =      27.24330  RMSG = 1.0342646e+01
 MIN: Iter =    1  NFunc =    15  E =      19.60380  RMSG = 9.6411611e+00
 MIN: Iter =    2  NFunc =    21  E =       9.36992  RMSG = 3.2610818e+00
 MIN: Iter =    3  NFunc =    32  E =       5.57594  RMSG = 2.1845683e+00
 MIN: Iter =    4  NFunc =    39  E =       4.56887  RMSG = 1.0640814e+00
 MIN: Iter =    5  NFunc =    49  E =       3.98956  RMSG = 1.7228367e+00
 MIN: Iter =    6  NFunc =    57  E =       3.58824  RMSG = 6.5949254e-01
 MIN: Iter =    7  NFunc =    87  E =       3.21201  RMSG = 1.0833305e+00
 MIN: Iter =    8  NFunc =    93  E =       2.86727  RMSG = 9.5117905e-01
 MIN: Iter =    9  NFunc =   105  E =       2.48594  RMSG = 1.2564665e+00
 MIN: Iter =   10  NFunc =   111  E =       2.16045  RMSG = 6.5587683e-01
 MIN: Iter =   11  NFunc =   117  E =       1.95791  RMSG = 1.0329036e+00
 MIN: Iter =   12  NFunc =   124  E =       1.76661  RMSG = 5.8870712e-01
 MIN: Iter =   13  NFunc =   131  E =       1.64298  RMSG = 5.4004521e-01
 MIN: Iter =   14  NFunc =   137  E =       1.58979  RMSG = 2.7057673e-01
 MIN: Iter =   15  NFunc =   145  E =       1.55716  RMSG = 1.8311639e-01
 MIN: Iter =   16  NFunc =   195  E =       1.44252  RMSG = 4.3116889e-01
 MIN: Iter =   17  NFunc =   201  E =       1.41021  RMSG = 1.7081425e-01
 MIN: Iter =   18  NFunc =   225  E =       1.35171  RMSG = 3.5371589e-01
 MIN: Iter =   19  NFunc =   231  E =       1.33174  RMSG = 1.2792557e-01
 MIN: Iter =   20  NFunc =   247  E =       1.31120  RMSG = 1.8607076e-01
 MIN: Iter =   21  NFunc =   253  E =       1.30587  RMSG = 8.8542941e-02
 MIN: Iter =   22  NFunc =   260  E =       1.30181  RMSG = 6.6061915e-02
 MIN: Iter =   23  NFunc =   279  E =       1.29447  RMSG = 4.7152767e-02
 MIN: Iter =   24  NFunc =   330  E =       1.28676  RMSG = 1.0705422e-01
 MIN: Iter =   25  NFunc =   352  E =       1.27953  RMSG = 6.8079253e-02
 MIN: Iter =   26  NFunc =   403  E =       1.26910  RMSG = 2.3525269e-01
 MIN: Iter =   27  NFunc =   413  E =       1.26013  RMSG = 6.7437217e-02
 MIN: Iter =   28  NFunc =   465  E =       1.24689  RMSG = 1.8111281e-01
 MIN: Iter =   29  NFunc =   471  E =       1.23604  RMSG = 1.3347891e-01
 MIN: Iter =   30  NFunc =   479  E =       1.22479  RMSG = 1.8256583e-01
 MIN: Iter =   31  NFunc =   488  E =       1.21364  RMSG = 1.2082263e-01
 MIN: Iter =   32  NFunc =   496  E =       1.20552  RMSG = 1.3648289e-01
 MIN: Iter =   33  NFunc =   503  E =       1.19974  RMSG = 7.9393086e-02
 MIN: Iter =   34  NFunc =   510  E =       1.19622  RMSG = 1.1170802e-01
 MIN: Iter =   35  NFunc =   536  E =       1.18646  RMSG = 6.5257717e-02
 MIN: Iter =   36  NFunc =   585  E =       1.17365  RMSG = 1.3511114e-01
 MIN: Iter =   37  NFunc =   609  E =       1.16385  RMSG = 8.9524255e-02
 MIN: Iter =   38  NFunc =   632  E =       1.15998  RMSG = 3.8559387e-02
 MIN: Iter =   39  NFunc =   670  E =       1.15736  RMSG = 4.3669357e-02
 MIN: Iter =   40  NFunc =   676  E =       1.15709  RMSG = 1.3430642e-02
 MIN: Iter =   41  NFunc =   696  E =       1.15685  RMSG = 7.6306411e-03
 MIN: Iter =   42  NFunc =   723  E =       1.15674  RMSG = 5.4637872e-03
 MIN: Iter =   43  NFunc =   774  E =       1.15663  RMSG = 3.5827762e-03
 MIN: Iter =   44  NFunc =   825  E =       1.15648  RMSG = 8.5682709e-03
 MIN: Iter =   45  NFunc =   835  E =       1.15647  RMSG = 2.8334446e-03
 MIN: Iter =   46  NFunc =   886  E =       1.15644  RMSG = 2.1611835e-03
 MIN: Iter =   47  NFunc =   898  E =       1.15644  RMSG = 1.1518510e-03
 MIN: Iter =   48  NFunc =   913  E =       1.15644  RMSG = 4.9461385e-04
----------------------------------------------------------------
 END:          :-)  E =       1.15644  RMSG =   0.0004946

     bond:      3.081372230
    angle:     10.075143251
 dihedral:     32.259236208
    enb14:      6.720666596
    eel14:    271.792728236
      enb:     -5.149792918
      eel:   -221.418413418
      egb:    -96.204499532
    econs:      0.000000000
    esurf:      0.000000000
    Total:      1.156440651
     frms:      0.000494614
====== rms.dat  ======================================================
#Frame      all_heavy
       1       0.6994
