====== tleap.out =====================================================
-I: Adding /home/case/AmberClassic/dat/leap/prep to search path.
-I: Adding /home/case/AmberClassic/dat/leap/lib to search path.
-I: Adding /home/case/AmberClassic/dat/leap/parm to search path.
-I: Adding /home/case/AmberClassic/dat/leap/cmd to search path.
-f: Source leap.in.

Welcome to LEaP!
(no leaprc in search path)
Sourcing: ./leap.in
Using Bondi radii
----- Source: /home/case/AmberClassic/dat/leap/cmd/leaprc.gaff2
----- Source of /home/case/AmberClassic/dat/leap/cmd/leaprc.gaff2 done
Log file: ./leap.log
Loading parameters: /home/case/AmberClassic/dat/leap/parm/gaff2.dat
Reading title:
AMBER General Force Field for organic molecules (Version 2.2.20, March 2021)
Loading parameters: ./A1AQH.frcmod
Reading force field modification type file (frcmod)
Reading title:
Remark line goes here
Loading Mol2 file: ./A1AQH.mol2
Reading MOLECULE named A1A
Checking Unit.
Building topology.
"order_residues" off: keep input residue order.
Building atom parameters.
Building bond parameters.
Building angle parameters.
Building proper torsion parameters.
Building improper torsion parameters.
 total 8 improper torsions applied
Building H-Bond parameters.
Incorporating Non-Bonded adjustments.
Not Marking per-residue atom chain types.
Marking per-residue atom chain types.
  (Residues lacking connect0/connect1 - 
   these don't have chain types marked:

	res	total affected

	A1A	1
  )
 (no restraints)
	Quit

Exiting LEaP: Errors = 0; Warnings = 0; Notes = 0.
====== min.o =========================================================
Reading parm file (A1AQH.parm7)
title:
A1A                                                                             
no velocities were found
no velocities were found
	mm_options:  ntpr=5
	mm_options:  gb=1
	mm_options:  kappa=0.10395
	mm_options:  rgbmax=99.
	mm_options:  cut=99.0
	mm_options:  wcons=0.
     bond:      1.165455345
    angle:     18.881216215
 dihedral:     12.297908464
    enb14:      5.246350149
    eel14:   -131.436637377
      enb:     -1.914098219
      eel:     45.625144645
      egb:    -14.124736829
    econs:      0.000000000
    esurf:      0.000000000
    Total:    -64.259397606
     frms:      8.278976307
Starting TNCG minimisation
 MIN: Iter =    0  NFunc =     1  E =     -64.25940  RMSG = 8.2789763e+00
 MIN: Iter =    1  NFunc =     7  E =     -68.99400  RMSG = 2.3201662e+00
 MIN: Iter =    2  NFunc =    14  E =     -69.87946  RMSG = 8.6866436e-01
 MIN: Iter =    3  NFunc =    22  E =     -70.26974  RMSG = 7.1433673e-01
 MIN: Iter =    4  NFunc =    43  E =     -70.56025  RMSG = 5.9052438e-01
 MIN: Iter =    5  NFunc =    49  E =     -70.59527  RMSG = 2.5721735e-01
 MIN: Iter =    6  NFunc =    59  E =     -70.61329  RMSG = 1.1345486e-01
 MIN: Iter =    7  NFunc =    72  E =     -70.61678  RMSG = 4.2714123e-02
 MIN: Iter =    8  NFunc =    79  E =     -70.61719  RMSG = 2.7342938e-02
 MIN: Iter =    9  NFunc =   112  E =     -70.61931  RMSG = 9.1197872e-02
 MIN: Iter =   10  NFunc =   118  E =     -70.61971  RMSG = 1.6532524e-02
 MIN: Iter =   11  NFunc =   131  E =     -70.61997  RMSG = 1.1781040e-02
 MIN: Iter =   12  NFunc =   160  E =     -70.62019  RMSG = 1.0886784e-02
 MIN: Iter =   13  NFunc =   185  E =     -70.62039  RMSG = 1.5601222e-02
 MIN: Iter =   14  NFunc =   224  E =     -70.62082  RMSG = 6.8712173e-02
 MIN: Iter =   15  NFunc =   230  E =     -70.62104  RMSG = 1.0338372e-02
 MIN: Iter =   16  NFunc =   261  E =     -70.62155  RMSG = 5.8034968e-02
 MIN: Iter =   17  NFunc =   267  E =     -70.62172  RMSG = 1.0794540e-02
 MIN: Iter =   18  NFunc =   296  E =     -70.62250  RMSG = 6.1693095e-02
 MIN: Iter =   19  NFunc =   302  E =     -70.62270  RMSG = 1.7212670e-02
 MIN: Iter =   20  NFunc =   321  E =     -70.62343  RMSG = 6.5631110e-02
 MIN: Iter =   21  NFunc =   327  E =     -70.62368  RMSG = 2.0317913e-02
 MIN: Iter =   22  NFunc =   344  E =     -70.62460  RMSG = 6.8516533e-02
 MIN: Iter =   23  NFunc =   350  E =     -70.62489  RMSG = 2.4799067e-02
 MIN: Iter =   24  NFunc =   367  E =     -70.62585  RMSG = 6.9379366e-02
 MIN: Iter =   25  NFunc =   380  E =     -70.62709  RMSG = 1.5761329e-01
 MIN: Iter =   26  NFunc =   386  E =     -70.62865  RMSG = 3.8108138e-02
 MIN: Iter =   27  NFunc =   394  E =     -70.62950  RMSG = 5.6562685e-02
 MIN: Iter =   28  NFunc =   400  E =     -70.63028  RMSG = 1.4544683e-01
 MIN: Iter =   29  NFunc =   406  E =     -70.63165  RMSG = 2.2808632e-02
 MIN: Iter =   30  NFunc =   413  E =     -70.63212  RMSG = 4.4269210e-02
 MIN: Iter =   31  NFunc =   419  E =     -70.63263  RMSG = 8.0543427e-02
 MIN: Iter =   32  NFunc =   425  E =     -70.63313  RMSG = 1.8310305e-02
 MIN: Iter =   33  NFunc =   432  E =     -70.63335  RMSG = 3.7419825e-02
 MIN: Iter =   34  NFunc =   438  E =     -70.63358  RMSG = 2.4405145e-02
 MIN: Iter =   35  NFunc =   458  E =     -70.63396  RMSG = 5.0843557e-02
 MIN: Iter =   36  NFunc =   467  E =     -70.63422  RMSG = 1.4566689e-02
 MIN: Iter =   37  NFunc =   473  E =     -70.63429  RMSG = 1.4089565e-02
 MIN: Iter =   38  NFunc =   496  E =     -70.63441  RMSG = 3.1701701e-02
 MIN: Iter =   39  NFunc =   502  E =     -70.63446  RMSG = 6.2525055e-03
 MIN: Iter =   40  NFunc =   516  E =     -70.63448  RMSG = 3.6265836e-03
 MIN: Iter =   41  NFunc =   547  E =     -70.63449  RMSG = 2.1211056e-03
 MIN: Iter =   42  NFunc =   562  E =     -70.63449  RMSG = 1.0976018e-03
 MIN: Iter =   43  NFunc =   587  E =     -70.63449  RMSG = 8.3907583e-04
 MIN: Iter =   44  NFunc =   595  E =     -70.63449  RMSG = 3.9820981e-04
----------------------------------------------------------------
 END:          :-)  E =     -70.63449  RMSG =   0.0003982

     bond:      0.417186766
    angle:     15.464373286
 dihedral:     11.185565917
    enb14:      3.950501357
    eel14:   -131.157567611
      enb:     -1.794871184
      eel:     45.838200209
      egb:    -14.537881447
    econs:      0.000000000
    esurf:      0.000000000
    Total:    -70.634492707
     frms:      0.000398210
====== rms.dat  ======================================================
#Frame      all_heavy
       1       0.1049
