====== tleap.out =====================================================
-I: Adding /home/case/AmberClassic/dat/leap/prep to search path.
-I: Adding /home/case/AmberClassic/dat/leap/lib to search path.
-I: Adding /home/case/AmberClassic/dat/leap/parm to search path.
-I: Adding /home/case/AmberClassic/dat/leap/cmd to search path.
-f: Source leap.in.

Welcome to LEaP!
(no leaprc in search path)
Sourcing: ./leap.in
Using Bondi radii
----- Source: /home/case/AmberClassic/dat/leap/cmd/leaprc.gaff2
----- Source of /home/case/AmberClassic/dat/leap/cmd/leaprc.gaff2 done
Log file: ./leap.log
Loading parameters: /home/case/AmberClassic/dat/leap/parm/gaff2.dat
Reading title:
AMBER General Force Field for organic molecules (Version 2.2.20, March 2021)
Loading parameters: ./A1H29.frcmod
Reading force field modification type file (frcmod)
Reading title:
Remark line goes here
Loading Mol2 file: ./A1H29.mol2
Reading MOLECULE named A1H
Checking Unit.
Building topology.
"order_residues" off: keep input residue order.
Building atom parameters.
Building bond parameters.
Building angle parameters.
Building proper torsion parameters.
Building improper torsion parameters.
 total 10 improper torsions applied
Building H-Bond parameters.
Incorporating Non-Bonded adjustments.
Not Marking per-residue atom chain types.
Marking per-residue atom chain types.
  (Residues lacking connect0/connect1 - 
   these don't have chain types marked:

	res	total affected

	A1H	1
  )
 (no restraints)
	Quit

Exiting LEaP: Errors = 0; Warnings = 0; Notes = 0.
====== min.o =========================================================
Reading parm file (A1H29.parm7)
title:
A1H                                                                             
no velocities were found
no velocities were found
	mm_options:  ntpr=5
	mm_options:  gb=1
	mm_options:  kappa=0.10395
	mm_options:  rgbmax=99.
	mm_options:  cut=99.0
	mm_options:  wcons=0.
     bond:      3.847545607
    angle:     22.088653458
 dihedral:     24.976043128
    enb14:      8.670370838
    eel14:     39.592153451
      enb:     -5.297793322
      eel:    -71.725750188
      egb:    -47.721462076
    econs:      0.000000000
    esurf:      0.000000000
    Total:    -25.570239104
     frms:     13.245713722
Starting TNCG minimisation
 MIN: Iter =    0  NFunc =     1  E =     -25.57024  RMSG = 1.3245714e+01
 MIN: Iter =    1  NFunc =     7  E =     -39.23117  RMSG = 2.9798369e+00
 MIN: Iter =    2  NFunc =    17  E =     -41.39836  RMSG = 1.2501174e+00
 MIN: Iter =    3  NFunc =    27  E =     -41.92132  RMSG = 8.5511831e-01
 MIN: Iter =    4  NFunc =    42  E =     -42.13057  RMSG = 1.1785847e+00
 MIN: Iter =    5  NFunc =    60  E =     -42.35666  RMSG = 1.3599390e+00
 MIN: Iter =    6  NFunc =    68  E =     -42.62038  RMSG = 7.1448758e-01
 MIN: Iter =    7  NFunc =    89  E =     -42.85850  RMSG = 1.4769283e+00
 MIN: Iter =    8  NFunc =    99  E =     -43.22388  RMSG = 2.5841637e+00
 MIN: Iter =    9  NFunc =   105  E =     -43.73482  RMSG = 1.0483815e+00
 MIN: Iter =   10  NFunc =   113  E =     -44.11542  RMSG = 2.2170406e+00
 MIN: Iter =   11  NFunc =   119  E =     -44.74735  RMSG = 2.9017401e+00
 MIN: Iter =   12  NFunc =   125  E =     -45.45984  RMSG = 1.2756513e+00
 MIN: Iter =   13  NFunc =   131  E =     -45.79722  RMSG = 2.4106390e+00
 MIN: Iter =   14  NFunc =   137  E =     -46.06659  RMSG = 4.6980331e-01
 MIN: Iter =   15  NFunc =   143  E =     -46.16134  RMSG = 4.6145414e-01
 MIN: Iter =   16  NFunc =   150  E =     -46.20372  RMSG = 1.6742008e-01
 MIN: Iter =   17  NFunc =   164  E =     -46.24546  RMSG = 1.6384565e-01
 MIN: Iter =   18  NFunc =   191  E =     -46.32416  RMSG = 5.2887764e-01
 MIN: Iter =   19  NFunc =   200  E =     -46.34812  RMSG = 1.2638390e-01
 MIN: Iter =   20  NFunc =   222  E =     -46.41785  RMSG = 4.5975278e-01
 MIN: Iter =   21  NFunc =   228  E =     -46.44155  RMSG = 1.2283104e-01
 MIN: Iter =   22  NFunc =   272  E =     -46.48375  RMSG = 4.0183540e-01
 MIN: Iter =   23  NFunc =   278  E =     -46.50110  RMSG = 8.3498902e-02
 MIN: Iter =   24  NFunc =   322  E =     -46.52307  RMSG = 9.3576410e-02
 MIN: Iter =   25  NFunc =   346  E =     -46.53810  RMSG = 1.6429320e-01
 MIN: Iter =   26  NFunc =   354  E =     -46.54247  RMSG = 6.1526835e-02
 MIN: Iter =   27  NFunc =   398  E =     -46.55242  RMSG = 1.0442216e-01
 MIN: Iter =   28  NFunc =   406  E =     -46.55576  RMSG = 5.0588459e-02
 MIN: Iter =   29  NFunc =   426  E =     -46.56025  RMSG = 5.9769538e-02
 MIN: Iter =   30  NFunc =   436  E =     -46.56312  RMSG = 6.2800920e-02
 MIN: Iter =   31  NFunc =   445  E =     -46.56450  RMSG = 3.1718164e-02
 MIN: Iter =   32  NFunc =   463  E =     -46.56586  RMSG = 3.3808286e-02
 MIN: Iter =   33  NFunc =   485  E =     -46.56837  RMSG = 5.4190080e-02
 MIN: Iter =   34  NFunc =   491  E =     -46.56892  RMSG = 2.2553238e-02
 MIN: Iter =   35  NFunc =   543  E =     -46.57066  RMSG = 4.0437153e-02
 MIN: Iter =   36  NFunc =   570  E =     -46.57328  RMSG = 1.0589254e-01
 MIN: Iter =   37  NFunc =   576  E =     -46.57477  RMSG = 2.6103893e-02
 MIN: Iter =   38  NFunc =   596  E =     -46.57588  RMSG = 2.7657197e-02
 MIN: Iter =   39  NFunc =   621  E =     -46.57653  RMSG = 1.1574193e-02
 MIN: Iter =   40  NFunc =   669  E =     -46.57687  RMSG = 6.5092078e-03
 MIN: Iter =   41  NFunc =   680  E =     -46.57688  RMSG = 2.6839141e-03
 MIN: Iter =   42  NFunc =   731  E =     -46.57700  RMSG = 6.2087172e-03
 MIN: Iter =   43  NFunc =   773  E =     -46.57709  RMSG = 3.7299930e-03
 MIN: Iter =   44  NFunc =   818  E =     -46.57721  RMSG = 4.4855352e-03
 MIN: Iter =   45  NFunc =   827  E =     -46.57721  RMSG = 2.3007677e-03
 MIN: Iter =   46  NFunc =   842  E =     -46.57722  RMSG = 1.3358483e-03
 MIN: Iter =   47  NFunc =   863  E =     -46.57723  RMSG = 1.4679583e-03
 MIN: Iter =   48  NFunc =   903  E =     -46.57724  RMSG = 1.1736690e-03
 MIN: Iter =   49  NFunc =   917  E =     -46.57724  RMSG = 8.2460127e-04
 MIN: Iter =   50  NFunc =   957  E =     -46.57725  RMSG = 7.8071179e-04
 MIN: Iter =   51  NFunc =   965  E =     -46.57725  RMSG = 4.2425833e-04
----------------------------------------------------------------
 END:          :-)  E =     -46.57725  RMSG =   0.0004243

     bond:      2.561285277
    angle:     15.888547540
 dihedral:     22.032138331
    enb14:      6.602084767
    eel14:     43.952498799
      enb:     -4.901309084
      eel:    -85.803387977
      egb:    -46.909103369
    econs:      0.000000000
    esurf:      0.000000000
    Total:    -46.577245717
     frms:      0.000424258
====== rms.dat  ======================================================
#Frame      all_heavy
       1       0.5550
