====== tleap.out =====================================================
-I: Adding /home/case/AmberClassic/dat/leap/prep to search path.
-I: Adding /home/case/AmberClassic/dat/leap/lib to search path.
-I: Adding /home/case/AmberClassic/dat/leap/parm to search path.
-I: Adding /home/case/AmberClassic/dat/leap/cmd to search path.
-f: Source leap.in.

Welcome to LEaP!
(no leaprc in search path)
Sourcing: ./leap.in
Using Bondi radii
----- Source: /home/case/AmberClassic/dat/leap/cmd/leaprc.gaff2
----- Source of /home/case/AmberClassic/dat/leap/cmd/leaprc.gaff2 done
Log file: ./leap.log
Loading parameters: /home/case/AmberClassic/dat/leap/parm/gaff2.dat
Reading title:
AMBER General Force Field for organic molecules (Version 2.2.20, March 2021)
Loading parameters: ./A1H7Y.frcmod
Reading force field modification type file (frcmod)
Reading title:
Remark line goes here
Loading Mol2 file: ./A1H7Y.mol2
Reading MOLECULE named A1H
Checking Unit.
Building topology.
"order_residues" off: keep input residue order.
Building atom parameters.
Building bond parameters.
Building angle parameters.
Building proper torsion parameters.
Building improper torsion parameters.
 total 26 improper torsions applied
Building H-Bond parameters.
Incorporating Non-Bonded adjustments.
Not Marking per-residue atom chain types.
Marking per-residue atom chain types.
  (Residues lacking connect0/connect1 - 
   these don't have chain types marked:

	res	total affected

	A1H	1
  )
 (no restraints)
	Quit

Exiting LEaP: Errors = 0; Warnings = 0; Notes = 0.
====== min.o =========================================================
Reading parm file (A1H7Y.parm7)
title:
A1H                                                                             
no velocities were found
no velocities were found
	mm_options:  ntpr=5
	mm_options:  gb=1
	mm_options:  kappa=0.10395
	mm_options:  rgbmax=99.
	mm_options:  cut=99.0
	mm_options:  wcons=0.
     bond:      2.254371768
    angle:      9.676078073
 dihedral:     44.550870636
    enb14:     15.492891611
    eel14:    -31.912967520
      enb:     -3.958358693
      eel:     11.721346027
      egb:    -28.136673141
    econs:      0.000000000
    esurf:      0.000000000
    Total:     19.687558760
     frms:      7.366732500
Starting TNCG minimisation
 MIN: Iter =    0  NFunc =     1  E =      19.68756  RMSG = 7.3667325e+00
 MIN: Iter =    1  NFunc =     7  E =      10.01816  RMSG = 2.7873069e+00
 MIN: Iter =    2  NFunc =    15  E =       6.84963  RMSG = 1.6445515e+00
 MIN: Iter =    3  NFunc =    57  E =       5.02262  RMSG = 1.6307279e+00
 MIN: Iter =    4  NFunc =    78  E =       3.78819  RMSG = 1.1120317e+00
 MIN: Iter =    5  NFunc =    88  E =       3.19751  RMSG = 6.5141507e-01
 MIN: Iter =    6  NFunc =    94  E =       3.06080  RMSG = 3.0992094e-01
 MIN: Iter =    7  NFunc =   102  E =       3.01003  RMSG = 1.9295372e-01
 MIN: Iter =    8  NFunc =   127  E =       2.87519  RMSG = 4.2993553e-01
 MIN: Iter =    9  NFunc =   133  E =       2.85133  RMSG = 1.3337544e-01
 MIN: Iter =   10  NFunc =   142  E =       2.83627  RMSG = 8.7136395e-02
 MIN: Iter =   11  NFunc =   193  E =       2.80767  RMSG = 3.8131120e-01
 MIN: Iter =   12  NFunc =   199  E =       2.78252  RMSG = 9.8696338e-02
 MIN: Iter =   13  NFunc =   230  E =       2.76285  RMSG = 9.9704910e-02
 MIN: Iter =   14  NFunc =   246  E =       2.74479  RMSG = 1.1293617e-01
 MIN: Iter =   15  NFunc =   252  E =       2.73222  RMSG = 1.1699173e-01
 MIN: Iter =   16  NFunc =   263  E =       2.72305  RMSG = 2.2128990e-01
 MIN: Iter =   17  NFunc =   271  E =       2.71043  RMSG = 5.1508960e-02
 MIN: Iter =   18  NFunc =   281  E =       2.70695  RMSG = 3.7814794e-02
 MIN: Iter =   19  NFunc =   288  E =       2.70383  RMSG = 6.5865213e-02
 MIN: Iter =   20  NFunc =   319  E =       2.69435  RMSG = 2.2487749e-01
 MIN: Iter =   21  NFunc =   325  E =       2.68434  RMSG = 7.4897077e-02
 MIN: Iter =   22  NFunc =   369  E =       2.67783  RMSG = 9.8217464e-02
 MIN: Iter =   23  NFunc =   375  E =       2.67245  RMSG = 8.1269136e-02
 MIN: Iter =   24  NFunc =   383  E =       2.66687  RMSG = 1.3809726e-01
 MIN: Iter =   25  NFunc =   392  E =       2.65885  RMSG = 6.2006958e-02
 MIN: Iter =   26  NFunc =   401  E =       2.65468  RMSG = 1.4020703e-01
 MIN: Iter =   27  NFunc =   407  E =       2.64981  RMSG = 5.1156648e-02
 MIN: Iter =   28  NFunc =   439  E =       2.64373  RMSG = 7.4422374e-02
 MIN: Iter =   29  NFunc =   445  E =       2.63788  RMSG = 7.1545927e-02
 MIN: Iter =   30  NFunc =   453  E =       2.63225  RMSG = 1.4793699e-01
 MIN: Iter =   31  NFunc =   460  E =       2.62603  RMSG = 6.1423785e-02
 MIN: Iter =   32  NFunc =   468  E =       2.62377  RMSG = 5.0469880e-02
 MIN: Iter =   33  NFunc =   482  E =       2.62148  RMSG = 2.8053871e-02
 MIN: Iter =   34  NFunc =   533  E =       2.61820  RMSG = 9.5665222e-02
 MIN: Iter =   35  NFunc =   541  E =       2.61545  RMSG = 3.9348848e-02
 MIN: Iter =   36  NFunc =   592  E =       2.61129  RMSG = 1.1275124e-01
 MIN: Iter =   37  NFunc =   598  E =       2.60880  RMSG = 3.4196168e-02
 MIN: Iter =   38  NFunc =   649  E =       2.60136  RMSG = 9.2081806e-02
 MIN: Iter =   39  NFunc =   677  E =       2.59481  RMSG = 3.7906060e-02
 MIN: Iter =   40  NFunc =   692  E =       2.59305  RMSG = 2.4755877e-02
 MIN: Iter =   41  NFunc =   716  E =       2.59169  RMSG = 1.6450936e-02
 MIN: Iter =   42  NFunc =   757  E =       2.59000  RMSG = 6.8654729e-02
 MIN: Iter =   43  NFunc =   776  E =       2.58787  RMSG = 2.4474830e-02
 MIN: Iter =   44  NFunc =   793  E =       2.58512  RMSG = 8.7589813e-02
 MIN: Iter =   45  NFunc =   844  E =       2.57801  RMSG = 1.4821535e-01
 MIN: Iter =   46  NFunc =   870  E =       2.56495  RMSG = 1.2774520e-01
 MIN: Iter =   47  NFunc =   877  E =       2.55947  RMSG = 5.5482530e-02
 MIN: Iter =   48  NFunc =   887  E =       2.55706  RMSG = 3.4796748e-02
 MIN: Iter =   49  NFunc =   896  E =       2.55641  RMSG = 1.7809195e-02
 MIN: Iter =   50  NFunc =   932  E =       2.55442  RMSG = 1.6317355e-02
 MIN: Iter =   51  NFunc =   964  E =       2.55376  RMSG = 1.0047497e-02
 MIN: Iter =   52  NFunc =   995  E =       2.55350  RMSG = 5.6828772e-03
 MIN: Iter =   53  NFunc =  1020  E =       2.55338  RMSG = 4.6347013e-03
 MIN: Iter =   54  NFunc =  1052  E =       2.55328  RMSG = 3.5103564e-03
 MIN: Iter =   55  NFunc =  1075  E =       2.55325  RMSG = 2.2549563e-03
 MIN: Iter =   56  NFunc =  1118  E =       2.55322  RMSG = 1.6663671e-03
 MIN: Iter =   57  NFunc =  1169  E =       2.55320  RMSG = 2.3810423e-03
 MIN: Iter =   58  NFunc =  1220  E =       2.55317  RMSG = 1.9561601e-03
 MIN: Iter =   59  NFunc =  1242  E =       2.55317  RMSG = 9.8633820e-04
 MIN: Iter =   60  NFunc =  1258  E =       2.55316  RMSG = 5.7459239e-04
 MIN: Iter =   61  NFunc =  1309  E =       2.55316  RMSG = 5.4315850e-04
 MIN: Iter =   62  NFunc =  1339  E =       2.55316  RMSG = 3.3174844e-04
----------------------------------------------------------------
 END:          :-)  E =       2.55316  RMSG =   0.0003317

     bond:      1.895409340
    angle:      7.590382596
 dihedral:     35.573937863
    enb14:     11.861624300
    eel14:    -31.316467023
      enb:     -5.335181356
      eel:     11.656200692
      egb:    -29.372744207
    econs:      0.000000000
    esurf:      0.000000000
    Total:      2.553162205
     frms:      0.000331748
====== rms.dat  ======================================================
#Frame      all_heavy
       1       0.8710
