====== tleap.out =====================================================
-I: Adding /home/case/AmberClassic/dat/leap/prep to search path.
-I: Adding /home/case/AmberClassic/dat/leap/lib to search path.
-I: Adding /home/case/AmberClassic/dat/leap/parm to search path.
-I: Adding /home/case/AmberClassic/dat/leap/cmd to search path.
-f: Source leap.in.

Welcome to LEaP!
(no leaprc in search path)
Sourcing: ./leap.in
Using Bondi radii
----- Source: /home/case/AmberClassic/dat/leap/cmd/leaprc.gaff2
----- Source of /home/case/AmberClassic/dat/leap/cmd/leaprc.gaff2 done
Log file: ./leap.log
Loading parameters: /home/case/AmberClassic/dat/leap/parm/gaff2.dat
Reading title:
AMBER General Force Field for organic molecules (Version 2.2.20, March 2021)
Loading parameters: ./A1IBI.frcmod
Reading force field modification type file (frcmod)
Reading title:
Remark line goes here
Loading Mol2 file: ./A1IBI.mol2
Reading MOLECULE named A1I
Checking Unit.
Building topology.
"order_residues" off: keep input residue order.
Building atom parameters.
Building bond parameters.
Building angle parameters.
Building proper torsion parameters.
Building improper torsion parameters.
 total 6 improper torsions applied
Building H-Bond parameters.
Incorporating Non-Bonded adjustments.
Not Marking per-residue atom chain types.
Marking per-residue atom chain types.
  (Residues lacking connect0/connect1 - 
   these don't have chain types marked:

	res	total affected

	A1I	1
  )
 (no restraints)
	Quit

Exiting LEaP: Errors = 0; Warnings = 0; Notes = 0.
====== min.o =========================================================
Reading parm file (A1IBI.parm7)
title:
A1I                                                                             
no velocities were found
no velocities were found
	mm_options:  ntpr=5
	mm_options:  gb=1
	mm_options:  kappa=0.10395
	mm_options:  rgbmax=99.
	mm_options:  cut=99.0
	mm_options:  wcons=0.
     bond:      0.461727850
    angle:      1.413386833
 dihedral:      7.493818532
    enb14:      6.143952265
    eel14:     40.203406662
      enb:     -2.144858243
      eel:    -36.406331954
      egb:     -9.205591173
    econs:      0.000000000
    esurf:      0.000000000
    Total:      7.959510771
     frms:      5.360928953
Starting TNCG minimisation
 MIN: Iter =    0  NFunc =     1  E =       7.95951  RMSG = 5.3609290e+00
 MIN: Iter =    1  NFunc =     9  E =       4.99486  RMSG = 1.2172668e+00
 MIN: Iter =    2  NFunc =    19  E =       4.53494  RMSG = 5.1606173e-01
 MIN: Iter =    3  NFunc =    37  E =       4.26937  RMSG = 7.1115208e-01
 MIN: Iter =    4  NFunc =    50  E =       4.13825  RMSG = 4.1411896e-01
 MIN: Iter =    5  NFunc =    68  E =       4.06490  RMSG = 3.1347200e-01
 MIN: Iter =    6  NFunc =    90  E =       4.01492  RMSG = 4.1547128e-01
 MIN: Iter =    7  NFunc =    96  E =       4.00058  RMSG = 1.0776857e-01
 MIN: Iter =    8  NFunc =   111  E =       3.99079  RMSG = 8.2822164e-02
 MIN: Iter =    9  NFunc =   124  E =       3.98803  RMSG = 4.5008279e-02
 MIN: Iter =   10  NFunc =   134  E =       3.98739  RMSG = 2.2704452e-02
 MIN: Iter =   11  NFunc =   146  E =       3.98686  RMSG = 1.5946386e-02
 MIN: Iter =   12  NFunc =   176  E =       3.98623  RMSG = 1.5537049e-02
 MIN: Iter =   13  NFunc =   189  E =       3.98610  RMSG = 7.8610427e-03
 MIN: Iter =   14  NFunc =   208  E =       3.98603  RMSG = 4.2417882e-03
 MIN: Iter =   15  NFunc =   235  E =       3.98601  RMSG = 1.4427386e-03
 MIN: Iter =   16  NFunc =   260  E =       3.98601  RMSG = 9.6708966e-04
 MIN: Iter =   17  NFunc =   267  E =       3.98601  RMSG = 5.1505293e-04
 MIN: Iter =   18  NFunc =   273  E =       3.98601  RMSG = 3.4837466e-04
----------------------------------------------------------------
 END:          :-)  E =       3.98601  RMSG =   0.0003484

     bond:      0.616781862
    angle:      0.737102887
 dihedral:      7.295574104
    enb14:      4.552545420
    eel14:     40.682852475
      enb:     -2.419550351
      eel:    -37.550198211
      egb:     -9.929102097
    econs:      0.000000000
    esurf:      0.000000000
    Total:      3.986006090
     frms:      0.000348375
====== rms.dat  ======================================================
#Frame      all_heavy
       1       0.1521
