====== tleap.out =====================================================
-I: Adding /home/case/AmberClassic/dat/leap/prep to search path.
-I: Adding /home/case/AmberClassic/dat/leap/lib to search path.
-I: Adding /home/case/AmberClassic/dat/leap/parm to search path.
-I: Adding /home/case/AmberClassic/dat/leap/cmd to search path.
-f: Source leap.in.

Welcome to LEaP!
(no leaprc in search path)
Sourcing: ./leap.in
Using Bondi radii
----- Source: /home/case/AmberClassic/dat/leap/cmd/leaprc.gaff2
----- Source of /home/case/AmberClassic/dat/leap/cmd/leaprc.gaff2 done
Log file: ./leap.log
Loading parameters: /home/case/AmberClassic/dat/leap/parm/gaff2.dat
Reading title:
AMBER General Force Field for organic molecules (Version 2.2.20, March 2021)
Loading parameters: ./A1IB1.frcmod
Reading force field modification type file (frcmod)
Reading title:
Remark line goes here
Loading Mol2 file: ./A1IB1.mol2
Reading MOLECULE named A1I
Checking Unit.
Building topology.
"order_residues" off: keep input residue order.
Building atom parameters.
Building bond parameters.
Building angle parameters.
Building proper torsion parameters.
Building improper torsion parameters.
 total 6 improper torsions applied
Building H-Bond parameters.
Incorporating Non-Bonded adjustments.
Not Marking per-residue atom chain types.
Marking per-residue atom chain types.
  (Residues lacking connect0/connect1 - 
   these don't have chain types marked:

	res	total affected

	A1I	1
  )
 (no restraints)
	Quit

Exiting LEaP: Errors = 0; Warnings = 0; Notes = 0.
====== min.o =========================================================
Reading parm file (A1IB1.parm7)
title:
A1I                                                                             
no velocities were found
no velocities were found
	mm_options:  ntpr=5
	mm_options:  gb=1
	mm_options:  kappa=0.10395
	mm_options:  rgbmax=99.
	mm_options:  cut=99.0
	mm_options:  wcons=0.
     bond:      0.454756998
    angle:      0.961092845
 dihedral:      1.306706718
    enb14:      7.443047039
    eel14:    -10.952040065
      enb:     -2.412220409
      eel:      9.386549579
      egb:     -6.136775651
    econs:      0.000000000
    esurf:      0.000000000
    Total:      0.051117054
     frms:      5.095226998
Starting TNCG minimisation
 MIN: Iter =    0  NFunc =     1  E =       0.05112  RMSG = 5.0952270e+00
 MIN: Iter =    1  NFunc =     7  E =      -2.68085  RMSG = 1.2629570e+00
 MIN: Iter =    2  NFunc =    15  E =      -2.92901  RMSG = 4.5733046e-01
 MIN: Iter =    3  NFunc =    23  E =      -2.96403  RMSG = 1.4589557e-01
 MIN: Iter =    4  NFunc =    29  E =      -2.96679  RMSG = 6.0234991e-02
 MIN: Iter =    5  NFunc =    43  E =      -2.97537  RMSG = 5.4346405e-02
 MIN: Iter =    6  NFunc =    52  E =      -2.97696  RMSG = 4.3098869e-02
 MIN: Iter =    7  NFunc =    67  E =      -2.97776  RMSG = 1.7004545e-02
 MIN: Iter =    8  NFunc =    92  E =      -2.97867  RMSG = 1.1043137e-02
 MIN: Iter =    9  NFunc =   101  E =      -2.97870  RMSG = 5.2643914e-03
 MIN: Iter =   10  NFunc =   141  E =      -2.97886  RMSG = 5.8107039e-03
 MIN: Iter =   11  NFunc =   153  E =      -2.97887  RMSG = 2.1510727e-03
 MIN: Iter =   12  NFunc =   179  E =      -2.97887  RMSG = 1.1379933e-03
 MIN: Iter =   13  NFunc =   187  E =      -2.97887  RMSG = 4.2078485e-04
----------------------------------------------------------------
 END:          :-)  E =      -2.97887  RMSG =   0.0004208

     bond:      0.571009738
    angle:      0.458478294
 dihedral:      1.120215507
    enb14:      5.715653190
    eel14:    -11.331036041
      enb:     -2.459026638
      eel:      9.468167725
      egb:     -6.522336172
    econs:      0.000000000
    esurf:      0.000000000
    Total:     -2.978874397
     frms:      0.000420785
====== rms.dat  ======================================================
#Frame      all_heavy
       1       0.0427
