====== tleap.out =====================================================
-I: Adding /home/case/AmberClassic/dat/leap/prep to search path.
-I: Adding /home/case/AmberClassic/dat/leap/lib to search path.
-I: Adding /home/case/AmberClassic/dat/leap/parm to search path.
-I: Adding /home/case/AmberClassic/dat/leap/cmd to search path.
-f: Source leap.in.

Welcome to LEaP!
(no leaprc in search path)
Sourcing: ./leap.in
Using Bondi radii
----- Source: /home/case/AmberClassic/dat/leap/cmd/leaprc.gaff2
----- Source of /home/case/AmberClassic/dat/leap/cmd/leaprc.gaff2 done
Log file: ./leap.log
Loading parameters: /home/case/AmberClassic/dat/leap/parm/gaff2.dat
Reading title:
AMBER General Force Field for organic molecules (Version 2.2.20, March 2021)
Loading parameters: ./A1IFL.frcmod
Reading force field modification type file (frcmod)
Reading title:
Remark line goes here
Loading Mol2 file: ./A1IFL.mol2
Reading MOLECULE named A1I
Checking Unit.
Building topology.
"order_residues" off: keep input residue order.
Building atom parameters.
Building bond parameters.
Building angle parameters.
Building proper torsion parameters.
Building improper torsion parameters.
 total 13 improper torsions applied
Building H-Bond parameters.
Incorporating Non-Bonded adjustments.
Not Marking per-residue atom chain types.
Marking per-residue atom chain types.
  (Residues lacking connect0/connect1 - 
   these don't have chain types marked:

	res	total affected

	A1I	1
  )
 (no restraints)
	Quit

Exiting LEaP: Errors = 0; Warnings = 0; Notes = 0.
====== min.o =========================================================
Reading parm file (A1IFL.parm7)
title:
A1I                                                                             
no velocities were found
no velocities were found
	mm_options:  ntpr=5
	mm_options:  gb=1
	mm_options:  kappa=0.10395
	mm_options:  rgbmax=99.
	mm_options:  cut=99.0
	mm_options:  wcons=0.
     bond:      5.582747610
    angle:     14.172327041
 dihedral:     56.060941468
    enb14:     34.115480560
    eel14:    540.903737186
      enb:    -20.049157079
      eel:   -433.151809521
      egb:    -49.381174583
    econs:      0.000000000
    esurf:      0.000000000
    Total:    148.253092682
     frms:      8.597342486
Starting TNCG minimisation
 MIN: Iter =    0  NFunc =     1  E =     148.25309  RMSG = 8.5973425e+00
 MIN: Iter =    1  NFunc =     8  E =     125.79638  RMSG = 3.2491548e+00
 MIN: Iter =    2  NFunc =    19  E =     119.62682  RMSG = 1.1547941e+00
 MIN: Iter =    3  NFunc =    29  E =     117.65225  RMSG = 9.3422708e-01
 MIN: Iter =    4  NFunc =    45  E =     116.00988  RMSG = 7.6939518e-01
 MIN: Iter =    5  NFunc =    84  E =     114.73838  RMSG = 6.5006158e-01
 MIN: Iter =    6  NFunc =   104  E =     113.90796  RMSG = 5.3164126e-01
 MIN: Iter =    7  NFunc =   128  E =     113.41688  RMSG = 4.2022840e-01
 MIN: Iter =    8  NFunc =   142  E =     113.09912  RMSG = 3.4476908e-01
 MIN: Iter =    9  NFunc =   151  E =     112.89427  RMSG = 2.8822314e-01
 MIN: Iter =   10  NFunc =   157  E =     112.83013  RMSG = 1.5972047e-01
 MIN: Iter =   11  NFunc =   208  E =     112.48985  RMSG = 2.0143467e-01
 MIN: Iter =   12  NFunc =   236  E =     112.22694  RMSG = 2.4637363e-01
 MIN: Iter =   13  NFunc =   252  E =     112.03234  RMSG = 2.4406959e-01
 MIN: Iter =   14  NFunc =   267  E =     111.84720  RMSG = 2.3779945e-01
 MIN: Iter =   15  NFunc =   277  E =     111.70155  RMSG = 2.3589965e-01
 MIN: Iter =   16  NFunc =   285  E =     111.58944  RMSG = 2.2106658e-01
 MIN: Iter =   17  NFunc =   291  E =     111.51981  RMSG = 1.7848800e-01
 MIN: Iter =   18  NFunc =   313  E =     111.40804  RMSG = 1.6338858e-01
 MIN: Iter =   19  NFunc =   350  E =     111.32003  RMSG = 1.5044553e-01
 MIN: Iter =   20  NFunc =   365  E =     111.27840  RMSG = 8.3708986e-02
 MIN: Iter =   21  NFunc =   415  E =     111.23283  RMSG = 1.1928071e-01
 MIN: Iter =   22  NFunc =   452  E =     111.20337  RMSG = 5.9215475e-02
 MIN: Iter =   23  NFunc =   482  E =     111.19602  RMSG = 2.4617605e-02
 MIN: Iter =   24  NFunc =   533  E =     111.18754  RMSG = 4.0593883e-02
 MIN: Iter =   25  NFunc =   584  E =     111.18203  RMSG = 3.6628703e-02
 MIN: Iter =   26  NFunc =   635  E =     111.17754  RMSG = 3.4479168e-02
 MIN: Iter =   27  NFunc =   667  E =     111.17545  RMSG = 1.3253866e-02
 MIN: Iter =   28  NFunc =   714  E =     111.17384  RMSG = 1.4780932e-02
 MIN: Iter =   29  NFunc =   740  E =     111.17350  RMSG = 4.4548211e-03
 MIN: Iter =   30  NFunc =   791  E =     111.17326  RMSG = 4.0679786e-03
 MIN: Iter =   31  NFunc =   823  E =     111.17316  RMSG = 2.9536299e-03
 MIN: Iter =   32  NFunc =   874  E =     111.17310  RMSG = 1.9000422e-03
 MIN: Iter =   33  NFunc =   925  E =     111.17307  RMSG = 1.5686102e-03
 MIN: Iter =   34  NFunc =   969  E =     111.17304  RMSG = 1.3708109e-03
 MIN: Iter =   35  NFunc =  1020  E =     111.17302  RMSG = 1.1669090e-03
 MIN: Iter =   36  NFunc =  1048  E =     111.17302  RMSG = 5.5713922e-04
 MIN: Iter =   37  NFunc =  1095  E =     111.17301  RMSG = 3.8631534e-04
----------------------------------------------------------------
 END:          :-)  E =     111.17301  RMSG =   0.0003863

     bond:      7.848070452
    angle:     13.801454441
 dihedral:     48.199182113
    enb14:     22.059589817
    eel14:    524.049595170
      enb:    -20.112081916
      eel:   -432.737928340
      egb:    -51.934869441
    econs:      0.000000000
    esurf:      0.000000000
    Total:    111.173012296
     frms:      0.000386315
====== rms.dat  ======================================================
#Frame      all_heavy
       1       0.8512
