====== tleap.out =====================================================
-I: Adding /home/case/AmberClassic/dat/leap/prep to search path.
-I: Adding /home/case/AmberClassic/dat/leap/lib to search path.
-I: Adding /home/case/AmberClassic/dat/leap/parm to search path.
-I: Adding /home/case/AmberClassic/dat/leap/cmd to search path.
-f: Source leap.in.

Welcome to LEaP!
(no leaprc in search path)
Sourcing: ./leap.in
Using Bondi radii
----- Source: /home/case/AmberClassic/dat/leap/cmd/leaprc.gaff2
----- Source of /home/case/AmberClassic/dat/leap/cmd/leaprc.gaff2 done
Log file: ./leap.log
Loading parameters: /home/case/AmberClassic/dat/leap/parm/gaff2.dat
Reading title:
AMBER General Force Field for organic molecules (Version 2.2.20, March 2021)
Loading parameters: ./A1LW9.frcmod
Reading force field modification type file (frcmod)
Reading title:
Remark line goes here
Loading Mol2 file: ./A1LW9.mol2
Reading MOLECULE named A1L
Checking Unit.
Building topology.
"order_residues" off: keep input residue order.
Building atom parameters.
Building bond parameters.
Building angle parameters.
Building proper torsion parameters.
Building improper torsion parameters.
 total 23 improper torsions applied
Building H-Bond parameters.
Incorporating Non-Bonded adjustments.
Not Marking per-residue atom chain types.
Marking per-residue atom chain types.
  (Residues lacking connect0/connect1 - 
   these don't have chain types marked:

	res	total affected

	A1L	1
  )
 (no restraints)
	Quit

Exiting LEaP: Errors = 0; Warnings = 0; Notes = 0.
====== min.o =========================================================
Reading parm file (A1LW9.parm7)
title:
A1L                                                                             
no velocities were found
no velocities were found
	mm_options:  ntpr=5
	mm_options:  gb=1
	mm_options:  kappa=0.10395
	mm_options:  rgbmax=99.
	mm_options:  cut=99.0
	mm_options:  wcons=0.
     bond:      4.527879164
    angle:     35.832879727
 dihedral:     36.443315470
    enb14:     15.496926592
    eel14:   -250.378856633
      enb:     -4.234007778
      eel:    123.235266336
      egb:    -28.549218793
    econs:      0.000000000
    esurf:      0.000000000
    Total:    -67.625815915
     frms:     12.196057936
Starting TNCG minimisation
 MIN: Iter =    0  NFunc =     1  E =     -67.62582  RMSG = 1.2196058e+01
 MIN: Iter =    1  NFunc =     7  E =     -82.92958  RMSG = 3.4886582e+00
 MIN: Iter =    2  NFunc =    18  E =     -87.26694  RMSG = 1.7899713e+00
 MIN: Iter =    3  NFunc =    41  E =     -89.04680  RMSG = 1.3107591e+00
 MIN: Iter =    4  NFunc =    52  E =     -90.15886  RMSG = 9.2773987e-01
 MIN: Iter =    5  NFunc =    58  E =     -90.70038  RMSG = 5.1034322e-01
 MIN: Iter =    6  NFunc =    87  E =     -91.04497  RMSG = 4.2670845e-01
 MIN: Iter =    7  NFunc =    99  E =     -91.12303  RMSG = 1.8035633e-01
 MIN: Iter =    8  NFunc =   114  E =     -91.15719  RMSG = 1.0030437e-01
 MIN: Iter =    9  NFunc =   156  E =     -91.21673  RMSG = 9.8881689e-02
 MIN: Iter =   10  NFunc =   207  E =     -91.26461  RMSG = 1.7456355e-01
 MIN: Iter =   11  NFunc =   258  E =     -91.32018  RMSG = 1.7322226e-01
 MIN: Iter =   12  NFunc =   290  E =     -91.35798  RMSG = 1.2453677e-01
 MIN: Iter =   13  NFunc =   308  E =     -91.36924  RMSG = 5.6216666e-02
 MIN: Iter =   14  NFunc =   317  E =     -91.37141  RMSG = 2.8883760e-02
 MIN: Iter =   15  NFunc =   368  E =     -91.38223  RMSG = 1.0983146e-01
 MIN: Iter =   16  NFunc =   419  E =     -91.39581  RMSG = 1.2492810e-01
 MIN: Iter =   17  NFunc =   428  E =     -91.39907  RMSG = 4.3909452e-02
 MIN: Iter =   18  NFunc =   479  E =     -91.41059  RMSG = 1.5265743e-01
 MIN: Iter =   19  NFunc =   487  E =     -91.41582  RMSG = 4.8803994e-02
 MIN: Iter =   20  NFunc =   539  E =     -91.42514  RMSG = 1.0087709e-01
 MIN: Iter =   21  NFunc =   551  E =     -91.43318  RMSG = 1.8578799e-01
 MIN: Iter =   22  NFunc =   558  E =     -91.44363  RMSG = 7.1383939e-02
 MIN: Iter =   23  NFunc =   570  E =     -91.45233  RMSG = 1.2125231e-01
 MIN: Iter =   24  NFunc =   578  E =     -91.46422  RMSG = 1.0120157e-01
 MIN: Iter =   25  NFunc =   587  E =     -91.47324  RMSG = 1.1895899e-01
 MIN: Iter =   26  NFunc =   594  E =     -91.48411  RMSG = 1.7873947e-01
 MIN: Iter =   27  NFunc =   600  E =     -91.49557  RMSG = 5.3071378e-02
 MIN: Iter =   28  NFunc =   607  E =     -91.50223  RMSG = 9.2572280e-02
 MIN: Iter =   29  NFunc =   613  E =     -91.51167  RMSG = 1.7506107e-01
 MIN: Iter =   30  NFunc =   619  E =     -91.52359  RMSG = 1.0813420e-01
 MIN: Iter =   31  NFunc =   627  E =     -91.53143  RMSG = 9.5961087e-02
 MIN: Iter =   32  NFunc =   633  E =     -91.54022  RMSG = 1.5649823e-01
 MIN: Iter =   33  NFunc =   641  E =     -91.54931  RMSG = 8.4399375e-02
 MIN: Iter =   34  NFunc =   655  E =     -91.55816  RMSG = 9.2181117e-02
 MIN: Iter =   35  NFunc =   688  E =     -91.57826  RMSG = 2.3023132e-01
 MIN: Iter =   36  NFunc =   694  E =     -91.58452  RMSG = 6.0354217e-02
 MIN: Iter =   37  NFunc =   746  E =     -91.59544  RMSG = 7.2870889e-02
 MIN: Iter =   38  NFunc =   764  E =     -91.60354  RMSG = 8.8260289e-02
 MIN: Iter =   39  NFunc =   779  E =     -91.61444  RMSG = 1.2358039e-01
 MIN: Iter =   40  NFunc =   786  E =     -91.62849  RMSG = 2.1178433e-01
 MIN: Iter =   41  NFunc =   792  E =     -91.64382  RMSG = 1.3417058e-01
 MIN: Iter =   42  NFunc =   799  E =     -91.65227  RMSG = 1.3037404e-01
 MIN: Iter =   43  NFunc =   805  E =     -91.66128  RMSG = 2.4818529e-01
 MIN: Iter =   44  NFunc =   811  E =     -91.67353  RMSG = 4.7842486e-02
 MIN: Iter =   45  NFunc =   819  E =     -91.67997  RMSG = 1.0743110e-01
 MIN: Iter =   46  NFunc =   825  E =     -91.68776  RMSG = 1.1601475e-01
 MIN: Iter =   47  NFunc =   837  E =     -91.69631  RMSG = 2.5650392e-01
 MIN: Iter =   48  NFunc =   845  E =     -91.71081  RMSG = 7.8922106e-02
 MIN: Iter =   49  NFunc =   860  E =     -91.71911  RMSG = 9.6758529e-02
 MIN: Iter =   50  NFunc =   868  E =     -91.72909  RMSG = 2.5164751e-01
 MIN: Iter =   51  NFunc =   876  E =     -91.74299  RMSG = 8.0461066e-02
 MIN: Iter =   52  NFunc =   891  E =     -91.74936  RMSG = 9.5755623e-02
 MIN: Iter =   53  NFunc =   901  E =     -91.75691  RMSG = 1.1378869e-01
 MIN: Iter =   54  NFunc =   908  E =     -91.76614  RMSG = 1.9503414e-01
 MIN: Iter =   55  NFunc =   914  E =     -91.77365  RMSG = 5.9918411e-02
 MIN: Iter =   56  NFunc =   921  E =     -91.77757  RMSG = 9.3837927e-02
 MIN: Iter =   57  NFunc =   929  E =     -91.78284  RMSG = 7.7463653e-02
 MIN: Iter =   58  NFunc =   935  E =     -91.78638  RMSG = 8.9898198e-02
 MIN: Iter =   59  NFunc =   941  E =     -91.78847  RMSG = 3.3427329e-02
 MIN: Iter =   60  NFunc =   952  E =     -91.78949  RMSG = 7.0561586e-02
 MIN: Iter =   61  NFunc =   959  E =     -91.79035  RMSG = 2.0924281e-02
 MIN: Iter =   62  NFunc =   969  E =     -91.79083  RMSG = 1.6142242e-02
 MIN: Iter =   63  NFunc =  1021  E =     -91.79485  RMSG = 3.8661254e-02
 MIN: Iter =   64  NFunc =  1039  E =     -91.79724  RMSG = 6.2522186e-02
 MIN: Iter =   65  NFunc =  1045  E =     -91.79796  RMSG = 2.3517339e-02
 MIN: Iter =   66  NFunc =  1056  E =     -91.79879  RMSG = 2.9331040e-02
 MIN: Iter =   67  NFunc =  1068  E =     -91.79918  RMSG = 1.1957364e-02
 MIN: Iter =   68  NFunc =  1078  E =     -91.79931  RMSG = 7.4380999e-03
 MIN: Iter =   69  NFunc =  1129  E =     -91.79970  RMSG = 2.7863278e-02
 MIN: Iter =   70  NFunc =  1135  E =     -91.79981  RMSG = 9.4562903e-03
 MIN: Iter =   71  NFunc =  1187  E =     -91.80006  RMSG = 1.0855755e-02
 MIN: Iter =   72  NFunc =  1203  E =     -91.80027  RMSG = 2.3540848e-02
 MIN: Iter =   73  NFunc =  1210  E =     -91.80037  RMSG = 9.2134151e-03
 MIN: Iter =   74  NFunc =  1220  E =     -91.80045  RMSG = 6.2035788e-03
 MIN: Iter =   75  NFunc =  1257  E =     -91.80055  RMSG = 1.0178763e-02
 MIN: Iter =   76  NFunc =  1263  E =     -91.80056  RMSG = 2.3982454e-03
 MIN: Iter =   77  NFunc =  1314  E =     -91.80066  RMSG = 6.3745090e-03
 MIN: Iter =   78  NFunc =  1335  E =     -91.80080  RMSG = 5.6817574e-03
 MIN: Iter =   79  NFunc =  1383  E =     -91.80096  RMSG = 4.7373219e-03
 MIN: Iter =   80  NFunc =  1416  E =     -91.80100  RMSG = 1.8168859e-03
 MIN: Iter =   81  NFunc =  1448  E =     -91.80102  RMSG = 1.7426200e-03
 MIN: Iter =   82  NFunc =  1499  E =     -91.80106  RMSG = 1.9968622e-03
 MIN: Iter =   83  NFunc =  1543  E =     -91.80107  RMSG = 1.1572850e-03
 MIN: Iter =   84  NFunc =  1573  E =     -91.80108  RMSG = 9.6241659e-04
 MIN: Iter =   85  NFunc =  1624  E =     -91.80108  RMSG = 9.7521791e-04
 MIN: Iter =   86  NFunc =  1675  E =     -91.80109  RMSG = 1.5640320e-03
 MIN: Iter =   87  NFunc =  1694  E =     -91.80109  RMSG = 6.8199582e-04
 MIN: Iter =   88  NFunc =  1707  E =     -91.80109  RMSG = 4.1484767e-04
----------------------------------------------------------------
 END:          :-)  E =     -91.80109  RMSG =   0.0004148

     bond:      2.624018338
    angle:     24.277464048
 dihedral:     31.551704831
    enb14:     12.361058083
    eel14:   -253.126681062
      enb:     -4.290459851
      eel:    122.986944654
      egb:    -28.185144020
    econs:      0.000000000
    esurf:      0.000000000
    Total:    -91.801094980
     frms:      0.000414848
====== rms.dat  ======================================================
#Frame      all_heavy
       1       1.2996
