====== tleap.out =====================================================
-I: Adding /home/case/AmberClassic/dat/leap/prep to search path.
-I: Adding /home/case/AmberClassic/dat/leap/lib to search path.
-I: Adding /home/case/AmberClassic/dat/leap/parm to search path.
-I: Adding /home/case/AmberClassic/dat/leap/cmd to search path.
-f: Source leap.in.

Welcome to LEaP!
(no leaprc in search path)
Sourcing: ./leap.in
Using Bondi radii
----- Source: /home/case/AmberClassic/dat/leap/cmd/leaprc.gaff2
----- Source of /home/case/AmberClassic/dat/leap/cmd/leaprc.gaff2 done
Log file: ./leap.log
Loading parameters: /home/case/AmberClassic/dat/leap/parm/gaff2.dat
Reading title:
AMBER General Force Field for organic molecules (Version 2.2.20, March 2021)
Loading parameters: ./A1LX4.frcmod
Reading force field modification type file (frcmod)
Reading title:
Remark line goes here
Loading Mol2 file: ./A1LX4.mol2
Reading MOLECULE named A1L
Checking Unit.
Building topology.
"order_residues" off: keep input residue order.
Building atom parameters.
Building bond parameters.
Building angle parameters.
Building proper torsion parameters.
Building improper torsion parameters.
 total 12 improper torsions applied
Building H-Bond parameters.
Incorporating Non-Bonded adjustments.
Not Marking per-residue atom chain types.
Marking per-residue atom chain types.
  (Residues lacking connect0/connect1 - 
   these don't have chain types marked:

	res	total affected

	A1L	1
  )
 (no restraints)
	Quit

Exiting LEaP: Errors = 0; Warnings = 0; Notes = 0.
====== min.o =========================================================
Reading parm file (A1LX4.parm7)
title:
A1L                                                                             
no velocities were found
no velocities were found
	mm_options:  ntpr=5
	mm_options:  gb=1
	mm_options:  kappa=0.10395
	mm_options:  rgbmax=99.
	mm_options:  cut=99.0
	mm_options:  wcons=0.
     bond:      0.840181874
    angle:      2.776553529
 dihedral:      2.490840409
    enb14:     10.555857804
    eel14:    -23.873460100
      enb:     -2.963303542
      eel:     18.394529998
      egb:     -9.599952660
    econs:      0.000000000
    esurf:      0.000000000
    Total:     -1.378752686
     frms:      6.195335017
Starting TNCG minimisation
 MIN: Iter =    0  NFunc =     1  E =      -1.37875  RMSG = 6.1953350e+00
 MIN: Iter =    1  NFunc =     7  E =      -5.36959  RMSG = 1.8917852e+00
 MIN: Iter =    2  NFunc =    15  E =      -6.45018  RMSG = 9.4369413e-01
 MIN: Iter =    3  NFunc =    22  E =      -6.63781  RMSG = 3.3498907e-01
 MIN: Iter =    4  NFunc =    31  E =      -6.66223  RMSG = 1.2429769e-01
 MIN: Iter =    5  NFunc =    64  E =      -6.79803  RMSG = 5.9448959e-01
 MIN: Iter =    6  NFunc =    70  E =      -6.84088  RMSG = 1.4614349e-01
 MIN: Iter =    7  NFunc =    93  E =      -6.86991  RMSG = 4.0479955e-01
 MIN: Iter =    8  NFunc =    99  E =      -6.88650  RMSG = 8.3987471e-02
 MIN: Iter =    9  NFunc =   136  E =      -6.90512  RMSG = 2.1471184e-01
 MIN: Iter =   10  NFunc =   142  E =      -6.91013  RMSG = 4.7847358e-02
 MIN: Iter =   11  NFunc =   155  E =      -6.91277  RMSG = 3.4815041e-02
 MIN: Iter =   12  NFunc =   174  E =      -6.91439  RMSG = 1.6709752e-02
 MIN: Iter =   13  NFunc =   184  E =      -6.91464  RMSG = 1.1048159e-02
 MIN: Iter =   14  NFunc =   211  E =      -6.91484  RMSG = 6.0712183e-03
 MIN: Iter =   15  NFunc =   234  E =      -6.91493  RMSG = 4.9184706e-03
 MIN: Iter =   16  NFunc =   249  E =      -6.91496  RMSG = 2.8625339e-03
 MIN: Iter =   17  NFunc =   255  E =      -6.91496  RMSG = 1.6413762e-03
 MIN: Iter =   18  NFunc =   265  E =      -6.91496  RMSG = 1.0634417e-03
 MIN: Iter =   19  NFunc =   295  E =      -6.91497  RMSG = 9.7887714e-04
 MIN: Iter =   20  NFunc =   312  E =      -6.91497  RMSG = 7.1710295e-04
 MIN: Iter =   21  NFunc =   327  E =      -6.91497  RMSG = 3.7166002e-04
----------------------------------------------------------------
 END:          :-)  E =      -6.91497  RMSG =   0.0003717

     bond:      0.959911193
    angle:      1.808611734
 dihedral:      1.776847856
    enb14:      7.742460456
    eel14:    -23.482371206
      enb:     -3.597495551
      eel:     18.380934447
      egb:    -10.503869249
    econs:      0.000000000
    esurf:      0.000000000
    Total:     -6.914970321
     frms:      0.000371660
====== rms.dat  ======================================================
#Frame      all_heavy
       1       0.1396
