====== tleap.out =====================================================
-I: Adding /home/case/amber24/dat/leap/prep to search path.
-I: Adding /home/case/amber24/dat/leap/lib to search path.
-I: Adding /home/case/amber24/dat/leap/parm to search path.
-I: Adding /home/case/amber24/dat/leap/cmd to search path.
-f: Source leap.in.

Welcome to LEaP!
(no leaprc in search path)
Sourcing: ./leap.in
Using Bondi radii
----- Source: /home/case/amber24/dat/leap/cmd/leaprc.gaff2
----- Source of /home/case/amber24/dat/leap/cmd/leaprc.gaff2 done
Log file: ./leap.log
Loading parameters: /home/case/amber24/dat/leap/parm/gaff2.dat
Reading title:
AMBER General Force Field for organic molecules (Version 2.2.20, March 2021)
Loading parameters: ./A3H.frcmod
Reading force field modification type file (frcmod)
Reading title:
Remark line goes here
Loading Mol2 file: ./A3H.mol2
Reading MOLECULE named A3H
Checking Unit.
Building topology.
"order_residues" off: keep input residue order.
Building atom parameters.
Building bond parameters.
Building angle parameters.
Building proper torsion parameters.
Building improper torsion parameters.
 total 19 improper torsions applied
Building H-Bond parameters.
Incorporating Non-Bonded adjustments.
Not Marking per-residue atom chain types.
Marking per-residue atom chain types.
  (Residues lacking connect0/connect1 - 
   these don't have chain types marked:

	res	total affected

	A3H	1
  )
 (no restraints)
	Quit

Exiting LEaP: Errors = 0; Warnings = 0; Notes = 0.
====== min.o =========================================================
Reading parm file (A3H.parm7)
title:
A3H                                                                             
no velocities were found
no velocities were found
	mm_options:  ntpr=5
	mm_options:  gb=1
	mm_options:  kappa=0.10395
	mm_options:  rgbmax=99.
	mm_options:  cut=99.0
	mm_options:  wcons=0.
     bond:      3.154287947
    angle:     28.764075053
 dihedral:      4.096808404
    enb14:      8.216029945
    eel14:   -297.605884929
      enb:     -2.696136671
      eel:    104.436113638
      egb:    -29.956782084
    econs:      0.000000000
    esurf:      0.000000000
    Total:   -181.591488696
     frms:     13.930138904
Starting TNCG minimisation
 MIN: Iter =    0  NFunc =     1  E =    -181.59149  RMSG = 1.3930139e+01
 MIN: Iter =    1  NFunc =     7  E =    -192.74490  RMSG = 1.8567026e+00
 MIN: Iter =    2  NFunc =    17  E =    -193.78539  RMSG = 7.8955931e-01
 MIN: Iter =    3  NFunc =    26  E =    -193.99355  RMSG = 3.2405430e-01
 MIN: Iter =    4  NFunc =    45  E =    -194.14967  RMSG = 2.1449213e-01
 MIN: Iter =    5  NFunc =    54  E =    -194.16738  RMSG = 1.2104017e-01
 MIN: Iter =    6  NFunc =    72  E =    -194.19406  RMSG = 1.0082889e-01
 MIN: Iter =    7  NFunc =   112  E =    -194.21313  RMSG = 6.8427637e-02
 MIN: Iter =    8  NFunc =   133  E =    -194.21697  RMSG = 2.4882999e-02
 MIN: Iter =    9  NFunc =   160  E =    -194.21851  RMSG = 2.0246386e-02
 MIN: Iter =   10  NFunc =   171  E =    -194.21868  RMSG = 1.0335163e-02
 MIN: Iter =   11  NFunc =   200  E =    -194.21943  RMSG = 1.7147550e-02
 MIN: Iter =   12  NFunc =   234  E =    -194.21971  RMSG = 7.0177016e-03
 MIN: Iter =   13  NFunc =   285  E =    -194.21988  RMSG = 1.4139543e-02
 MIN: Iter =   14  NFunc =   298  E =    -194.21993  RMSG = 4.3408749e-03
 MIN: Iter =   15  NFunc =   328  E =    -194.21998  RMSG = 3.8046929e-03
 MIN: Iter =   16  NFunc =   341  E =    -194.21999  RMSG = 2.0523063e-03
 MIN: Iter =   17  NFunc =   392  E =    -194.22003  RMSG = 1.2046037e-02
 MIN: Iter =   18  NFunc =   398  E =    -194.22004  RMSG = 1.2987977e-03
 MIN: Iter =   19  NFunc =   449  E =    -194.22005  RMSG = 1.2797844e-03
 MIN: Iter =   20  NFunc =   461  E =    -194.22005  RMSG = 7.1325002e-04
 MIN: Iter =   21  NFunc =   489  E =    -194.22005  RMSG = 7.4472751e-04
 MIN: Iter =   22  NFunc =   534  E =    -194.22005  RMSG = 8.2746457e-04
 MIN: Iter =   23  NFunc =   560  E =    -194.22005  RMSG = 4.6841846e-04
----------------------------------------------------------------
 END:          :-)  E =    -194.22005  RMSG =   0.0004684

     bond:      1.617216651
    angle:     21.854308713
 dihedral:      4.666797967
    enb14:      6.412683870
    eel14:   -297.866362449
      enb:     -3.778563451
      eel:    103.655256898
      egb:    -30.781392215
    econs:      0.000000000
    esurf:      0.000000000
    Total:   -194.220054016
     frms:      0.000468418
====== rms.dat  ======================================================
#Frame      all_heavy
       1       0.1034
