====== tleap.out =====================================================
-I: Adding /home/case/amber24/dat/leap/prep to search path.
-I: Adding /home/case/amber24/dat/leap/lib to search path.
-I: Adding /home/case/amber24/dat/leap/parm to search path.
-I: Adding /home/case/amber24/dat/leap/cmd to search path.
-f: Source leap.in.

Welcome to LEaP!
(no leaprc in search path)
Sourcing: ./leap.in
Using Bondi radii
----- Source: /home/case/amber24/dat/leap/cmd/leaprc.gaff2
----- Source of /home/case/amber24/dat/leap/cmd/leaprc.gaff2 done
Log file: ./leap.log
Loading parameters: /home/case/amber24/dat/leap/parm/gaff2.dat
Reading title:
AMBER General Force Field for organic molecules (Version 2.2.20, March 2021)
Loading parameters: ./A5R.frcmod
Reading force field modification type file (frcmod)
Reading title:
Remark line goes here
Loading Mol2 file: ./A5R.mol2
Reading MOLECULE named A5R
Checking Unit.
Building topology.
"order_residues" off: keep input residue order.
Building atom parameters.
Building bond parameters.
Building angle parameters.
Building proper torsion parameters.
Building improper torsion parameters.
 total 6 improper torsions applied
Building H-Bond parameters.
Incorporating Non-Bonded adjustments.
Not Marking per-residue atom chain types.
Marking per-residue atom chain types.
  (Residues lacking connect0/connect1 - 
   these don't have chain types marked:

	res	total affected

	A5R	1
  )
 (no restraints)
	Quit

Exiting LEaP: Errors = 0; Warnings = 0; Notes = 0.
====== min.o =========================================================
Reading parm file (A5R.parm7)
title:
A5R                                                                             
no velocities were found
no velocities were found
	mm_options:  ntpr=5
	mm_options:  gb=1
	mm_options:  kappa=0.10395
	mm_options:  rgbmax=99.
	mm_options:  cut=99.0
	mm_options:  wcons=0.
     bond:      1.852181047
    angle:      4.040449953
 dihedral:     58.708475929
    enb14:      6.105283744
    eel14:   -154.865813410
      enb:     -1.496129191
      eel:     41.082924591
      egb:   -114.965499391
    econs:      0.000000000
    esurf:      0.000000000
    Total:   -159.538126728
     frms:      8.052813273
Starting TNCG minimisation
 MIN: Iter =    0  NFunc =     1  E =    -159.53813  RMSG = 8.0528133e+00
 MIN: Iter =    1  NFunc =     7  E =    -165.13864  RMSG = 2.3172197e+00
 MIN: Iter =    2  NFunc =    25  E =    -166.62766  RMSG = 3.5861389e+00
 MIN: Iter =    3  NFunc =    34  E =    -169.01854  RMSG = 1.6473972e+00
 MIN: Iter =    4  NFunc =    44  E =    -171.14798  RMSG = 3.8355871e+00
 MIN: Iter =    5  NFunc =    55  E =    -173.99288  RMSG = 4.9891412e+00
 MIN: Iter =    6  NFunc =    61  E =    -176.90847  RMSG = 2.9815030e+00
 MIN: Iter =    7  NFunc =    67  E =    -178.60330  RMSG = 2.1282420e+00
 MIN: Iter =    8  NFunc =    73  E =    -179.54108  RMSG = 1.3232351e+00
 MIN: Iter =    9  NFunc =    79  E =    -179.78389  RMSG = 5.4611636e-01
 MIN: Iter =   10  NFunc =    99  E =    -180.24069  RMSG = 8.6639217e-01
 MIN: Iter =   11  NFunc =   108  E =    -180.44715  RMSG = 5.5973359e-01
 MIN: Iter =   12  NFunc =   114  E =    -180.51403  RMSG = 2.5645226e-01
 MIN: Iter =   13  NFunc =   128  E =    -180.55619  RMSG = 1.3143056e-01
 MIN: Iter =   14  NFunc =   179  E =    -180.63249  RMSG = 5.0375088e-01
 MIN: Iter =   15  NFunc =   185  E =    -180.70246  RMSG = 3.9279708e-01
 MIN: Iter =   16  NFunc =   191  E =    -180.76776  RMSG = 6.2582912e-01
 MIN: Iter =   17  NFunc =   198  E =    -180.85646  RMSG = 3.7351030e-01
 MIN: Iter =   18  NFunc =   204  E =    -180.92220  RMSG = 5.9595577e-01
 MIN: Iter =   19  NFunc =   210  E =    -181.00812  RMSG = 3.6716012e-01
 MIN: Iter =   20  NFunc =   261  E =    -181.18018  RMSG = 9.8858137e-01
 MIN: Iter =   21  NFunc =   267  E =    -181.40316  RMSG = 6.6094530e-01
 MIN: Iter =   22  NFunc =   279  E =    -181.60091  RMSG = 8.8775886e-01
 MIN: Iter =   23  NFunc =   286  E =    -181.81035  RMSG = 5.9429068e-01
 MIN: Iter =   24  NFunc =   292  E =    -181.95617  RMSG = 9.4222405e-01
 MIN: Iter =   25  NFunc =   298  E =    -182.13874  RMSG = 4.7483633e-01
 MIN: Iter =   26  NFunc =   304  E =    -182.22864  RMSG = 6.0054280e-01
 MIN: Iter =   27  NFunc =   314  E =    -182.30702  RMSG = 2.1071774e-01
 MIN: Iter =   28  NFunc =   324  E =    -182.35026  RMSG = 2.6453784e-01
 MIN: Iter =   29  NFunc =   331  E =    -182.39500  RMSG = 5.7140364e-01
 MIN: Iter =   30  NFunc =   337  E =    -182.42474  RMSG = 1.7280089e-01
 MIN: Iter =   31  NFunc =   347  E =    -182.44481  RMSG = 1.4616375e-01
 MIN: Iter =   32  NFunc =   369  E =    -182.46372  RMSG = 9.9566533e-02
 MIN: Iter =   33  NFunc =   397  E =    -182.48449  RMSG = 2.1586410e-01
 MIN: Iter =   34  NFunc =   403  E =    -182.48765  RMSG = 4.6530452e-02
 MIN: Iter =   35  NFunc =   433  E =    -182.49044  RMSG = 2.4698291e-02
 MIN: Iter =   36  NFunc =   484  E =    -182.49538  RMSG = 1.0295775e-01
 MIN: Iter =   37  NFunc =   490  E =    -182.49659  RMSG = 3.0705751e-02
 MIN: Iter =   38  NFunc =   512  E =    -182.49802  RMSG = 2.4136497e-02
 MIN: Iter =   39  NFunc =   544  E =    -182.49875  RMSG = 1.4248052e-02
 MIN: Iter =   40  NFunc =   564  E =    -182.49887  RMSG = 4.7446284e-03
 MIN: Iter =   41  NFunc =   604  E =    -182.49895  RMSG = 3.4629181e-03
 MIN: Iter =   42  NFunc =   636  E =    -182.49899  RMSG = 2.7423523e-03
 MIN: Iter =   43  NFunc =   676  E =    -182.49902  RMSG = 2.7191630e-03
 MIN: Iter =   44  NFunc =   684  E =    -182.49902  RMSG = 1.5872373e-03
 MIN: Iter =   45  NFunc =   728  E =    -182.49903  RMSG = 8.6839317e-04
 MIN: Iter =   46  NFunc =   734  E =    -182.49903  RMSG = 6.5722091e-04
 MIN: Iter =   47  NFunc =   758  E =    -182.49903  RMSG = 4.3091090e-04
----------------------------------------------------------------
 END:          :-)  E =    -182.49903  RMSG =   0.0004309

     bond:      2.857672432
    angle:      5.023743888
 dihedral:     43.559725198
    enb14:      3.239145445
    eel14:   -163.686719993
      enb:     -2.604219187
      eel:     44.921089725
      egb:   -115.809467745
    econs:      0.000000000
    esurf:      0.000000000
    Total:   -182.499030236
     frms:      0.000430911
====== rms.dat  ======================================================
#Frame      all_heavy
       1       0.5644
