====== tleap.out =====================================================
-I: Adding /home/case/amber24/dat/leap/prep to search path.
-I: Adding /home/case/amber24/dat/leap/lib to search path.
-I: Adding /home/case/amber24/dat/leap/parm to search path.
-I: Adding /home/case/amber24/dat/leap/cmd to search path.
-f: Source leap.in.

Welcome to LEaP!
(no leaprc in search path)
Sourcing: ./leap.in
Using Bondi radii
----- Source: /home/case/amber24/dat/leap/cmd/leaprc.gaff2
----- Source of /home/case/amber24/dat/leap/cmd/leaprc.gaff2 done
Log file: ./leap.log
Loading parameters: /home/case/amber24/dat/leap/parm/gaff2.dat
Reading title:
AMBER General Force Field for organic molecules (Version 2.2.20, March 2021)
Loading parameters: ./A8I.frcmod
Reading force field modification type file (frcmod)
Reading title:
Remark line goes here
Loading Mol2 file: ./A8I.mol2
Reading MOLECULE named A8I
Checking Unit.

/home/case/amber24/bin/teLeap: Warning!
The unperturbed charge of the unit (-0.999000) is not zero.

/home/case/amber24/bin/teLeap: Note.
Ignoring the warning from Unit Checking.

Building topology.
"order_residues" off: keep input residue order.
Building atom parameters.
Building bond parameters.
Building angle parameters.
Building proper torsion parameters.
Building improper torsion parameters.
 total 14 improper torsions applied
Building H-Bond parameters.
Incorporating Non-Bonded adjustments.
Not Marking per-residue atom chain types.
Marking per-residue atom chain types.
  (Residues lacking connect0/connect1 - 
   these don't have chain types marked:

	res	total affected

	A8I	1
  )
 (no restraints)
	Quit

Exiting LEaP: Errors = 0; Warnings = 1; Notes = 1.
====== min.o =========================================================
Reading parm file (A8I.parm7)
title:
A8I                                                                             
no velocities were found
no velocities were found
	mm_options:  ntpr=5
	mm_options:  gb=1
	mm_options:  kappa=0.10395
	mm_options:  rgbmax=99.
	mm_options:  cut=99.0
	mm_options:  wcons=0.
     bond:      1.583395608
    angle:      2.771988223
 dihedral:      4.116968714
    enb14:      8.758263509
    eel14:     32.921893858
      enb:      0.045608025
      eel:    -17.263406234
      egb:    -73.650986934
    econs:      0.000000000
    esurf:      0.000000000
    Total:    -40.716275232
     frms:      7.169302975
Starting TNCG minimisation
 MIN: Iter =    0  NFunc =     1  E =     -40.71628  RMSG = 7.1693030e+00
 MIN: Iter =    1  NFunc =     7  E =     -44.25303  RMSG = 1.4214397e+00
 MIN: Iter =    2  NFunc =    14  E =     -44.70580  RMSG = 7.0675146e-01
 MIN: Iter =    3  NFunc =    20  E =     -44.77374  RMSG = 2.1596588e-01
 MIN: Iter =    4  NFunc =    52  E =     -44.82477  RMSG = 1.9231111e-01
 MIN: Iter =    5  NFunc =    80  E =     -44.84187  RMSG = 8.4097417e-02
 MIN: Iter =    6  NFunc =    86  E =     -44.84285  RMSG = 3.4478498e-02
 MIN: Iter =    7  NFunc =   120  E =     -44.84402  RMSG = 3.9980011e-02
 MIN: Iter =    8  NFunc =   128  E =     -44.84411  RMSG = 9.1642190e-03
 MIN: Iter =    9  NFunc =   159  E =     -44.84420  RMSG = 4.7019272e-03
 MIN: Iter =   10  NFunc =   166  E =     -44.84421  RMSG = 2.0435435e-03
 MIN: Iter =   11  NFunc =   187  E =     -44.84421  RMSG = 1.6439901e-03
 MIN: Iter =   12  NFunc =   193  E =     -44.84421  RMSG = 1.0256189e-03
 MIN: Iter =   13  NFunc =   204  E =     -44.84421  RMSG = 7.1756091e-04
 MIN: Iter =   14  NFunc =   221  E =     -44.84421  RMSG = 3.4761023e-04
----------------------------------------------------------------
 END:          :-)  E =     -44.84421  RMSG =   0.0003476

     bond:      1.069250230
    angle:      2.968837162
 dihedral:      4.202987839
    enb14:      6.747123787
    eel14:     32.386193632
      enb:     -0.777541510
      eel:    -16.535114047
      egb:    -74.905948068
    econs:      0.000000000
    esurf:      0.000000000
    Total:    -44.844210974
     frms:      0.000347610
====== rms.dat  ======================================================
#Frame      all_heavy
       1       0.0770
