====== tleap.out =====================================================
-I: Adding /home/case/amber24/dat/leap/prep to search path.
-I: Adding /home/case/amber24/dat/leap/lib to search path.
-I: Adding /home/case/amber24/dat/leap/parm to search path.
-I: Adding /home/case/amber24/dat/leap/cmd to search path.
-f: Source leap.in.

Welcome to LEaP!
(no leaprc in search path)
Sourcing: ./leap.in
Using Bondi radii
----- Source: /home/case/amber24/dat/leap/cmd/leaprc.gaff2
----- Source of /home/case/amber24/dat/leap/cmd/leaprc.gaff2 done
Log file: ./leap.log
Loading parameters: /home/case/amber24/dat/leap/parm/gaff2.dat
Reading title:
AMBER General Force Field for organic molecules (Version 2.2.20, March 2021)
Loading parameters: ./AC7.frcmod
Reading force field modification type file (frcmod)
Reading title:
Remark line goes here
Loading Mol2 file: ./AC7.mol2
Reading MOLECULE named AC7
Checking Unit.
Building topology.
"order_residues" off: keep input residue order.
Building atom parameters.
Building bond parameters.
Building angle parameters.
Building proper torsion parameters.
Building improper torsion parameters.
 total 17 improper torsions applied
Building H-Bond parameters.
Incorporating Non-Bonded adjustments.
Not Marking per-residue atom chain types.
Marking per-residue atom chain types.
  (Residues lacking connect0/connect1 - 
   these don't have chain types marked:

	res	total affected

	AC7	1
  )
 (no restraints)
	Quit

Exiting LEaP: Errors = 0; Warnings = 0; Notes = 0.
====== min.o =========================================================
Reading parm file (AC7.parm7)
title:
AC7                                                                             
no velocities were found
no velocities were found
	mm_options:  ntpr=5
	mm_options:  gb=1
	mm_options:  kappa=0.10395
	mm_options:  rgbmax=99.
	mm_options:  cut=99.0
	mm_options:  wcons=0.
     bond:      3.800757752
    angle:      5.718535589
 dihedral:     49.696807930
    enb14:     20.866621114
    eel14:   -105.454575941
      enb:     -7.390390106
      eel:     29.181536320
      egb:    -31.704687934
    econs:      0.000000000
    esurf:      0.000000000
    Total:    -35.285395276
     frms:      8.759494320
Starting TNCG minimisation
 MIN: Iter =    0  NFunc =     1  E =     -35.28540  RMSG = 8.7594943e+00
 MIN: Iter =    1  NFunc =     7  E =     -45.88329  RMSG = 2.0380820e+00
 MIN: Iter =    2  NFunc =    15  E =     -48.53589  RMSG = 1.2712883e+00
 MIN: Iter =    3  NFunc =    28  E =     -49.65446  RMSG = 1.2286220e+00
 MIN: Iter =    4  NFunc =    63  E =     -50.15306  RMSG = 1.5423942e+00
 MIN: Iter =    5  NFunc =    81  E =     -51.03494  RMSG = 1.0682167e+00
 MIN: Iter =    6  NFunc =    94  E =     -51.62026  RMSG = 1.0854649e+00
 MIN: Iter =    7  NFunc =   100  E =     -52.10851  RMSG = 7.4407083e-01
 MIN: Iter =    8  NFunc =   106  E =     -52.38783  RMSG = 6.5565646e-01
 MIN: Iter =    9  NFunc =   112  E =     -52.54311  RMSG = 4.0978490e-01
 MIN: Iter =   10  NFunc =   156  E =     -52.85413  RMSG = 5.6536145e-01
 MIN: Iter =   11  NFunc =   179  E =     -53.13403  RMSG = 5.8817888e-01
 MIN: Iter =   12  NFunc =   190  E =     -53.36622  RMSG = 5.1481100e-01
 MIN: Iter =   13  NFunc =   196  E =     -53.54399  RMSG = 3.9570940e-01
 MIN: Iter =   14  NFunc =   202  E =     -53.64553  RMSG = 3.0441243e-01
 MIN: Iter =   15  NFunc =   228  E =     -53.80288  RMSG = 3.9241797e-01
 MIN: Iter =   16  NFunc =   242  E =     -53.87798  RMSG = 1.6962359e-01
 MIN: Iter =   17  NFunc =   278  E =     -53.99144  RMSG = 2.3683751e-01
 MIN: Iter =   18  NFunc =   292  E =     -54.03092  RMSG = 1.2715640e-01
 MIN: Iter =   19  NFunc =   304  E =     -54.04618  RMSG = 6.2965089e-02
 MIN: Iter =   20  NFunc =   339  E =     -54.06637  RMSG = 7.4864006e-02
 MIN: Iter =   21  NFunc =   390  E =     -54.08101  RMSG = 8.2371377e-02
 MIN: Iter =   22  NFunc =   408  E =     -54.08735  RMSG = 3.7210700e-02
 MIN: Iter =   23  NFunc =   451  E =     -54.09214  RMSG = 3.2111967e-02
 MIN: Iter =   24  NFunc =   484  E =     -54.09407  RMSG = 1.6627730e-02
 MIN: Iter =   25  NFunc =   497  E =     -54.09423  RMSG = 6.0111968e-03
 MIN: Iter =   26  NFunc =   517  E =     -54.09433  RMSG = 4.2748276e-03
 MIN: Iter =   27  NFunc =   526  E =     -54.09434  RMSG = 2.4735760e-03
 MIN: Iter =   28  NFunc =   559  E =     -54.09437  RMSG = 1.7497289e-03
 MIN: Iter =   29  NFunc =   610  E =     -54.09438  RMSG = 1.1604350e-03
 MIN: Iter =   30  NFunc =   624  E =     -54.09438  RMSG = 8.5537998e-04
 MIN: Iter =   31  NFunc =   675  E =     -54.09438  RMSG = 7.0558845e-04
 MIN: Iter =   32  NFunc =   703  E =     -54.09439  RMSG = 4.3049553e-04
----------------------------------------------------------------
 END:          :-)  E =     -54.09439  RMSG =   0.0004305

     bond:      1.320101635
    angle:      1.952261570
 dihedral:     47.089777368
    enb14:     13.945700101
    eel14:   -104.120915799
      enb:    -10.846661487
      eel:     30.921816681
      egb:    -34.356466700
    econs:      0.000000000
    esurf:      0.000000000
    Total:    -54.094386632
     frms:      0.000430496
====== rms.dat  ======================================================
#Frame      all_heavy
       1       0.3813
