====== tleap.out =====================================================
-I: Adding /home/case/amber24/dat/leap/prep to search path.
-I: Adding /home/case/amber24/dat/leap/lib to search path.
-I: Adding /home/case/amber24/dat/leap/parm to search path.
-I: Adding /home/case/amber24/dat/leap/cmd to search path.
-f: Source leap.in.

Welcome to LEaP!
(no leaprc in search path)
Sourcing: ./leap.in
Using Bondi radii
----- Source: /home/case/amber24/dat/leap/cmd/leaprc.gaff2
----- Source of /home/case/amber24/dat/leap/cmd/leaprc.gaff2 done
Log file: ./leap.log
Loading parameters: /home/case/amber24/dat/leap/parm/gaff2.dat
Reading title:
AMBER General Force Field for organic molecules (Version 2.2.20, March 2021)
Loading parameters: ./ACC.frcmod
Reading force field modification type file (frcmod)
Reading title:
Remark line goes here
Loading Mol2 file: ./ACC.mol2
Reading MOLECULE named ACC
Checking Unit.

/home/case/amber24/bin/teLeap: Warning!
The unperturbed charge of the unit (-1.001001) is not zero.

/home/case/amber24/bin/teLeap: Note.
Ignoring the warning from Unit Checking.

Building topology.
"order_residues" off: keep input residue order.
Building atom parameters.
Building bond parameters.
Building angle parameters.
Building proper torsion parameters.
Building improper torsion parameters.
 total 6 improper torsions applied
Building H-Bond parameters.
Incorporating Non-Bonded adjustments.
Not Marking per-residue atom chain types.
Marking per-residue atom chain types.
  (Residues lacking connect0/connect1 - 
   these don't have chain types marked:

	res	total affected

	ACC	1
  )
 (no restraints)
	Quit

Exiting LEaP: Errors = 0; Warnings = 1; Notes = 1.
====== min.o =========================================================
Reading parm file (ACC.parm7)
title:
ACC                                                                             
no velocities were found
no velocities were found
	mm_options:  ntpr=5
	mm_options:  gb=1
	mm_options:  kappa=0.10395
	mm_options:  rgbmax=99.
	mm_options:  cut=99.0
	mm_options:  wcons=0.
     bond:      3.948109255
    angle:      8.616181314
 dihedral:     40.321081490
    enb14:      9.135017171
    eel14:    385.890154547
      enb:     -4.310589599
      eel:   -380.352000519
      egb:   -115.977135921
    econs:      0.000000000
    esurf:      0.000000000
    Total:    -52.729182262
     frms:      8.267487377
Starting TNCG minimisation
 MIN: Iter =    0  NFunc =     1  E =     -52.72918  RMSG = 8.2674874e+00
 MIN: Iter =    1  NFunc =     8  E =     -63.75755  RMSG = 2.4895189e+00
 MIN: Iter =    2  NFunc =    17  E =     -66.35138  RMSG = 1.4985340e+00
 MIN: Iter =    3  NFunc =    37  E =     -67.42645  RMSG = 1.4872038e+00
 MIN: Iter =    4  NFunc =    46  E =     -67.98405  RMSG = 1.2278215e+00
 MIN: Iter =    5  NFunc =    52  E =     -68.25340  RMSG = 5.3455175e-01
 MIN: Iter =    6  NFunc =    88  E =     -68.63625  RMSG = 2.1414588e+00
 MIN: Iter =    7  NFunc =    94  E =     -69.00627  RMSG = 4.9434501e-01
 MIN: Iter =    8  NFunc =   132  E =     -69.29184  RMSG = 7.3019528e-01
 MIN: Iter =    9  NFunc =   183  E =     -69.83487  RMSG = 1.6292146e+00
 MIN: Iter =   10  NFunc =   189  E =     -70.31371  RMSG = 8.9941890e-01
 MIN: Iter =   11  NFunc =   212  E =     -70.98629  RMSG = 1.1877423e+00
 MIN: Iter =   12  NFunc =   225  E =     -71.51958  RMSG = 1.1967256e+00
 MIN: Iter =   13  NFunc =   233  E =     -71.87191  RMSG = 7.6335836e-01
 MIN: Iter =   14  NFunc =   244  E =     -72.14324  RMSG = 1.2233741e+00
 MIN: Iter =   15  NFunc =   256  E =     -72.49978  RMSG = 8.6291509e-01
 MIN: Iter =   16  NFunc =   263  E =     -72.65467  RMSG = 5.0823609e-01
 MIN: Iter =   17  NFunc =   271  E =     -72.78406  RMSG = 6.5078957e-01
 MIN: Iter =   18  NFunc =   314  E =     -73.06796  RMSG = 8.2526130e-01
 MIN: Iter =   19  NFunc =   337  E =     -73.30794  RMSG = 7.3404257e-01
 MIN: Iter =   20  NFunc =   349  E =     -73.49600  RMSG = 5.8969316e-01
 MIN: Iter =   21  NFunc =   359  E =     -73.63230  RMSG = 6.2887398e-01
 MIN: Iter =   22  NFunc =   365  E =     -73.71579  RMSG = 4.1187130e-01
 MIN: Iter =   23  NFunc =   374  E =     -73.77970  RMSG = 3.4776688e-01
 MIN: Iter =   24  NFunc =   381  E =     -73.81793  RMSG = 2.9111078e-01
 MIN: Iter =   25  NFunc =   401  E =     -73.88239  RMSG = 5.5027358e-01
 MIN: Iter =   26  NFunc =   408  E =     -73.91400  RMSG = 1.4388872e-01
 MIN: Iter =   27  NFunc =   459  E =     -74.00298  RMSG = 4.2210014e-01
 MIN: Iter =   28  NFunc =   467  E =     -74.05449  RMSG = 1.9413134e-01
 MIN: Iter =   29  NFunc =   475  E =     -74.08562  RMSG = 2.5486057e-01
 MIN: Iter =   30  NFunc =   494  E =     -74.14375  RMSG = 2.4604818e-01
 MIN: Iter =   31  NFunc =   530  E =     -74.21000  RMSG = 3.2508139e-01
 MIN: Iter =   32  NFunc =   538  E =     -74.23697  RMSG = 1.6718836e-01
 MIN: Iter =   33  NFunc =   548  E =     -74.25632  RMSG = 1.4088128e-01
 MIN: Iter =   34  NFunc =   599  E =     -74.31189  RMSG = 3.0691655e-01
 MIN: Iter =   35  NFunc =   607  E =     -74.33404  RMSG = 1.3046115e-01
 MIN: Iter =   36  NFunc =   630  E =     -74.37107  RMSG = 2.8659586e-01
 MIN: Iter =   37  NFunc =   639  E =     -74.39374  RMSG = 1.1953093e-01
 MIN: Iter =   38  NFunc =   646  E =     -74.40437  RMSG = 1.2631161e-01
 MIN: Iter =   39  NFunc =   655  E =     -74.41268  RMSG = 5.8883457e-02
 MIN: Iter =   40  NFunc =   672  E =     -74.41871  RMSG = 5.7814727e-02
 MIN: Iter =   41  NFunc =   688  E =     -74.42061  RMSG = 2.6614859e-02
 MIN: Iter =   42  NFunc =   739  E =     -74.42686  RMSG = 4.9328697e-02
 MIN: Iter =   43  NFunc =   751  E =     -74.42749  RMSG = 1.7731050e-02
 MIN: Iter =   44  NFunc =   802  E =     -74.42922  RMSG = 4.5802782e-02
 MIN: Iter =   45  NFunc =   823  E =     -74.43003  RMSG = 1.1785698e-02
 MIN: Iter =   46  NFunc =   854  E =     -74.43038  RMSG = 8.7068056e-03
 MIN: Iter =   47  NFunc =   875  E =     -74.43072  RMSG = 8.3410154e-03
 MIN: Iter =   48  NFunc =   907  E =     -74.43092  RMSG = 6.4391139e-03
 MIN: Iter =   49  NFunc =   941  E =     -74.43097  RMSG = 2.4589877e-03
 MIN: Iter =   50  NFunc =   972  E =     -74.43098  RMSG = 1.3867053e-03
 MIN: Iter =   51  NFunc =  1023  E =     -74.43099  RMSG = 1.7662380e-03
 MIN: Iter =   52  NFunc =  1045  E =     -74.43100  RMSG = 9.8136224e-04
 MIN: Iter =   53  NFunc =  1056  E =     -74.43100  RMSG = 7.4128999e-04
 MIN: Iter =   54  NFunc =  1071  E =     -74.43100  RMSG = 5.6613696e-04
 MIN: Iter =   55  NFunc =  1082  E =     -74.43100  RMSG = 6.7605907e-04
 MIN: Iter =   56  NFunc =  1124  E =     -74.43100  RMSG = 4.1728493e-04
----------------------------------------------------------------
 END:          :-)  E =     -74.43100  RMSG =   0.0004173

     bond:      2.267465229
    angle:      7.688480914
 dihedral:     33.363453390
    enb14:      2.720228747
    eel14:    361.032986578
      enb:     -5.702675861
      eel:   -350.167647191
      egb:   -125.633292940
    econs:      0.000000000
    esurf:      0.000000000
    Total:    -74.431001134
     frms:      0.000417285
====== rms.dat  ======================================================
#Frame      all_heavy
       1       1.1178
