====== tleap.out =====================================================
-I: Adding /home/case/amber24/dat/leap/prep to search path.
-I: Adding /home/case/amber24/dat/leap/lib to search path.
-I: Adding /home/case/amber24/dat/leap/parm to search path.
-I: Adding /home/case/amber24/dat/leap/cmd to search path.
-f: Source leap.in.

Welcome to LEaP!
(no leaprc in search path)
Sourcing: ./leap.in
Using Bondi radii
----- Source: /home/case/amber24/dat/leap/cmd/leaprc.gaff2
----- Source of /home/case/amber24/dat/leap/cmd/leaprc.gaff2 done
Log file: ./leap.log
Loading parameters: /home/case/amber24/dat/leap/parm/gaff2.dat
Reading title:
AMBER General Force Field for organic molecules (Version 2.2.20, March 2021)
Loading parameters: ./AD8.frcmod
Reading force field modification type file (frcmod)
Reading title:
Remark line goes here
Loading Mol2 file: ./AD8.mol2
Reading MOLECULE named AD8
Checking Unit.
Building topology.
"order_residues" off: keep input residue order.
Building atom parameters.
Building bond parameters.
Building angle parameters.
Building proper torsion parameters.
Building improper torsion parameters.
 total 5 improper torsions applied
Building H-Bond parameters.
Incorporating Non-Bonded adjustments.
Not Marking per-residue atom chain types.
Marking per-residue atom chain types.
  (Residues lacking connect0/connect1 - 
   these don't have chain types marked:

	res	total affected

	AD8	1
  )
 (no restraints)
	Quit

Exiting LEaP: Errors = 0; Warnings = 0; Notes = 0.
====== min.o =========================================================
Reading parm file (AD8.parm7)
title:
AD8                                                                             
no velocities were found
no velocities were found
	mm_options:  ntpr=5
	mm_options:  gb=1
	mm_options:  kappa=0.10395
	mm_options:  rgbmax=99.
	mm_options:  cut=99.0
	mm_options:  wcons=0.
     bond:      1.063388443
    angle:      2.413499089
 dihedral:     40.499069467
    enb14:     13.930280816
    eel14:     21.263020506
      enb:     -3.936500976
      eel:    -13.691790155
      egb:    -15.088091590
    econs:      0.000000000
    esurf:      0.000000000
    Total:     46.452875599
     frms:      6.474222390
Starting TNCG minimisation
 MIN: Iter =    0  NFunc =     1  E =      46.45288  RMSG = 6.4742224e+00
 MIN: Iter =    1  NFunc =     7  E =      41.85458  RMSG = 2.1514498e+00
 MIN: Iter =    2  NFunc =    17  E =      40.33442  RMSG = 7.8797198e-01
 MIN: Iter =    3  NFunc =    26  E =      40.08728  RMSG = 3.7597179e-01
 MIN: Iter =    4  NFunc =    36  E =      39.96586  RMSG = 2.7199155e-01
 MIN: Iter =    5  NFunc =    46  E =      39.92009  RMSG = 2.0100032e-01
 MIN: Iter =    6  NFunc =    57  E =      39.89383  RMSG = 1.0254468e-01
 MIN: Iter =    7  NFunc =    67  E =      39.88655  RMSG = 6.5454538e-02
 MIN: Iter =    8  NFunc =   101  E =      39.84522  RMSG = 3.5240375e-01
 MIN: Iter =    9  NFunc =   107  E =      39.81988  RMSG = 1.1714712e-01
 MIN: Iter =   10  NFunc =   125  E =      39.79347  RMSG = 3.5320091e-01
 MIN: Iter =   11  NFunc =   131  E =      39.77188  RMSG = 1.4131558e-01
 MIN: Iter =   12  NFunc =   139  E =      39.76276  RMSG = 2.4526629e-01
 MIN: Iter =   13  NFunc =   148  E =      39.74968  RMSG = 8.7649291e-02
 MIN: Iter =   14  NFunc =   160  E =      39.74628  RMSG = 7.4141486e-02
 MIN: Iter =   15  NFunc =   166  E =      39.74554  RMSG = 2.6617017e-02
 MIN: Iter =   16  NFunc =   218  E =      39.73971  RMSG = 5.1804719e-02
 MIN: Iter =   17  NFunc =   232  E =      39.73239  RMSG = 1.3348734e-01
 MIN: Iter =   18  NFunc =   239  E =      39.72343  RMSG = 1.4216212e-01
 MIN: Iter =   19  NFunc =   248  E =      39.71227  RMSG = 2.7921609e-01
 MIN: Iter =   20  NFunc =   258  E =      39.67830  RMSG = 2.5053772e-01
 MIN: Iter =   21  NFunc =   265  E =      39.64102  RMSG = 4.0433655e-01
 MIN: Iter =   22  NFunc =   271  E =      39.58769  RMSG = 3.3372332e-01
 MIN: Iter =   23  NFunc =   277  E =      39.54519  RMSG = 2.9662118e-01
 MIN: Iter =   24  NFunc =   283  E =      39.52609  RMSG = 1.1828547e-01
 MIN: Iter =   25  NFunc =   295  E =      39.50342  RMSG = 9.9949054e-02
 MIN: Iter =   26  NFunc =   329  E =      39.46274  RMSG = 5.0477455e-01
 MIN: Iter =   27  NFunc =   335  E =      39.43534  RMSG = 1.0750651e-01
 MIN: Iter =   28  NFunc =   386  E =      39.40577  RMSG = 4.2564349e-01
 MIN: Iter =   29  NFunc =   392  E =      39.37223  RMSG = 1.3575581e-01
 MIN: Iter =   30  NFunc =   403  E =      39.35574  RMSG = 1.3765692e-01
 MIN: Iter =   31  NFunc =   413  E =      39.33822  RMSG = 3.3661480e-01
 MIN: Iter =   32  NFunc =   419  E =      39.32244  RMSG = 1.2299784e-01
 MIN: Iter =   33  NFunc =   426  E =      39.31489  RMSG = 1.2546603e-01
 MIN: Iter =   34  NFunc =   432  E =      39.31028  RMSG = 6.7714400e-02
 MIN: Iter =   35  NFunc =   438  E =      39.30767  RMSG = 5.2264670e-02
 MIN: Iter =   36  NFunc =   458  E =      39.30096  RMSG = 5.1675760e-02
 MIN: Iter =   37  NFunc =   472  E =      39.29668  RMSG = 5.0948706e-02
 MIN: Iter =   38  NFunc =   478  E =      39.29623  RMSG = 1.7639520e-02
 MIN: Iter =   39  NFunc =   486  E =      39.29608  RMSG = 1.0363814e-02
 MIN: Iter =   40  NFunc =   501  E =      39.29604  RMSG = 3.7703036e-03
 MIN: Iter =   41  NFunc =   528  E =      39.29589  RMSG = 5.2420798e-03
 MIN: Iter =   42  NFunc =   537  E =      39.29587  RMSG = 2.9685642e-03
 MIN: Iter =   43  NFunc =   568  E =      39.29581  RMSG = 3.4418235e-03
 MIN: Iter =   44  NFunc =   582  E =      39.29580  RMSG = 1.8687091e-03
 MIN: Iter =   45  NFunc =   593  E =      39.29579  RMSG = 1.3460011e-03
 MIN: Iter =   46  NFunc =   618  E =      39.29579  RMSG = 1.1566531e-03
 MIN: Iter =   47  NFunc =   626  E =      39.29579  RMSG = 6.2118707e-04
 MIN: Iter =   48  NFunc =   632  E =      39.29579  RMSG = 3.0729416e-04
----------------------------------------------------------------
 END:          :-)  E =      39.29579  RMSG =   0.0003073

     bond:      1.755159663
    angle:      2.346081150
 dihedral:     40.604932103
    enb14:      8.765315856
    eel14:     20.903065399
      enb:     -4.948660964
      eel:    -16.546726946
      egb:    -13.583380650
    econs:      0.000000000
    esurf:      0.000000000
    Total:     39.295785612
     frms:      0.000307294
====== rms.dat  ======================================================
#Frame      all_heavy
       1       0.8146
