====== tleap.out =====================================================
-I: Adding /home/case/amber24/dat/leap/prep to search path.
-I: Adding /home/case/amber24/dat/leap/lib to search path.
-I: Adding /home/case/amber24/dat/leap/parm to search path.
-I: Adding /home/case/amber24/dat/leap/cmd to search path.
-f: Source leap.in.

Welcome to LEaP!
(no leaprc in search path)
Sourcing: ./leap.in
Using Bondi radii
----- Source: /home/case/amber24/dat/leap/cmd/leaprc.gaff2
----- Source of /home/case/amber24/dat/leap/cmd/leaprc.gaff2 done
Log file: ./leap.log
Loading parameters: /home/case/amber24/dat/leap/parm/gaff2.dat
Reading title:
AMBER General Force Field for organic molecules (Version 2.2.20, March 2021)
Loading parameters: ./AF5.frcmod
Reading force field modification type file (frcmod)
Reading title:
Remark line goes here
Loading Mol2 file: ./AF5.mol2
Reading MOLECULE named AF5
Checking Unit.

/home/case/amber24/bin/teLeap: Warning!
The unperturbed charge of the unit (-0.996000) is not zero.

/home/case/amber24/bin/teLeap: Note.
Ignoring the warning from Unit Checking.

Building topology.
"order_residues" off: keep input residue order.
Building atom parameters.
Building bond parameters.
Building angle parameters.
Building proper torsion parameters.

/home/case/amber24/bin/teLeap: Note.
1-4: angle 2 4 duplicates bond ('triangular' bond) or angle ('square' bond)


/home/case/amber24/bin/teLeap: Note.
1-4: angle 2 3 duplicates bond ('triangular' bond) or angle ('square' bond)


/home/case/amber24/bin/teLeap: Note.
1-4: angle 3 4 duplicates bond ('triangular' bond) or angle ('square' bond)

Building improper torsion parameters.
 total 14 improper torsions applied
Building H-Bond parameters.
Incorporating Non-Bonded adjustments.
Not Marking per-residue atom chain types.
Marking per-residue atom chain types.
  (Residues lacking connect0/connect1 - 
   these don't have chain types marked:

	res	total affected

	AF5	1
  )
 (no restraints)
	Quit

Exiting LEaP: Errors = 0; Warnings = 1; Notes = 4.
====== min.o =========================================================
Reading parm file (AF5.parm7)
title:
AF5                                                                             
no velocities were found
no velocities were found
	mm_options:  ntpr=5
	mm_options:  gb=1
	mm_options:  kappa=0.10395
	mm_options:  rgbmax=99.
	mm_options:  cut=99.0
	mm_options:  wcons=0.
     bond:      4.756642165
    angle:     22.322638118
 dihedral:     24.306291308
    enb14:     14.535490255
    eel14:   -145.844522483
      enb:      5.489329353
      eel:     89.386732225
      egb:    -87.312937517
    econs:      0.000000000
    esurf:      0.000000000
    Total:    -72.360336576
     frms:     14.278743852
Starting TNCG minimisation
 MIN: Iter =    0  NFunc =     1  E =     -72.36034  RMSG = 1.4278744e+01
 MIN: Iter =    1  NFunc =     7  E =     -91.53145  RMSG = 4.4864831e+00
 MIN: Iter =    2  NFunc =    15  E =     -95.80170  RMSG = 1.6068731e+00
 MIN: Iter =    3  NFunc =    41  E =     -97.05439  RMSG = 1.5291404e+00
 MIN: Iter =    4  NFunc =    54  E =     -97.87617  RMSG = 1.3147025e+00
 MIN: Iter =    5  NFunc =    60  E =     -98.49777  RMSG = 1.0761061e+00
 MIN: Iter =    6  NFunc =    67  E =     -98.85528  RMSG = 8.8710304e-01
 MIN: Iter =    7  NFunc =    97  E =     -99.34792  RMSG = 7.6797484e-01
 MIN: Iter =    8  NFunc =   111  E =     -99.69409  RMSG = 6.1412805e-01
 MIN: Iter =    9  NFunc =   118  E =     -99.85758  RMSG = 3.9605335e-01
 MIN: Iter =   10  NFunc =   129  E =     -99.95881  RMSG = 3.1570095e-01
 MIN: Iter =   11  NFunc =   169  E =    -100.04681  RMSG = 3.3859804e-01
 MIN: Iter =   12  NFunc =   193  E =    -100.08993  RMSG = 1.3131931e-01
 MIN: Iter =   13  NFunc =   202  E =    -100.09790  RMSG = 7.2931953e-02
 MIN: Iter =   14  NFunc =   221  E =    -100.10453  RMSG = 4.2029368e-02
 MIN: Iter =   15  NFunc =   235  E =    -100.10613  RMSG = 2.4520482e-02
 MIN: Iter =   16  NFunc =   270  E =    -100.10775  RMSG = 1.5709312e-02
 MIN: Iter =   17  NFunc =   287  E =    -100.10790  RMSG = 7.4691244e-03
 MIN: Iter =   18  NFunc =   307  E =    -100.10801  RMSG = 4.3362820e-03
 MIN: Iter =   19  NFunc =   317  E =    -100.10803  RMSG = 2.9606398e-03
 MIN: Iter =   20  NFunc =   331  E =    -100.10803  RMSG = 1.2878177e-03
 MIN: Iter =   21  NFunc =   350  E =    -100.10803  RMSG = 6.9039158e-04
 MIN: Iter =   22  NFunc =   396  E =    -100.10804  RMSG = 3.1645092e-04
----------------------------------------------------------------
 END:          :-)  E =    -100.10804  RMSG =   0.0003165

     bond:      2.571457130
    angle:     12.019968781
 dihedral:     25.897664073
    enb14:     10.026831720
    eel14:   -153.419466880
      enb:     -2.613084364
      eel:     96.691183639
      egb:    -91.282589549
    econs:      0.000000000
    esurf:      0.000000000
    Total:   -100.108035450
     frms:      0.000316451
====== rms.dat  ======================================================
#Frame      all_heavy
       1       0.4046
