====== tleap.out =====================================================
-I: Adding /home/case/amber24/dat/leap/prep to search path.
-I: Adding /home/case/amber24/dat/leap/lib to search path.
-I: Adding /home/case/amber24/dat/leap/parm to search path.
-I: Adding /home/case/amber24/dat/leap/cmd to search path.
-f: Source leap.in.

Welcome to LEaP!
(no leaprc in search path)
Sourcing: ./leap.in
Using Bondi radii
----- Source: /home/case/amber24/dat/leap/cmd/leaprc.gaff2
----- Source of /home/case/amber24/dat/leap/cmd/leaprc.gaff2 done
Log file: ./leap.log
Loading parameters: /home/case/amber24/dat/leap/parm/gaff2.dat
Reading title:
AMBER General Force Field for organic molecules (Version 2.2.20, March 2021)
Loading parameters: ./AFK.frcmod
Reading force field modification type file (frcmod)
Reading title:
Remark line goes here
Loading Mol2 file: ./AFK.mol2
Reading MOLECULE named AFK
Checking Unit.
Building topology.
"order_residues" off: keep input residue order.
Building atom parameters.
Building bond parameters.
Building angle parameters.
Building proper torsion parameters.
Building improper torsion parameters.
 total 12 improper torsions applied
Building H-Bond parameters.
Incorporating Non-Bonded adjustments.
Not Marking per-residue atom chain types.
Marking per-residue atom chain types.
  (Residues lacking connect0/connect1 - 
   these don't have chain types marked:

	res	total affected

	AFK	1
  )
 (no restraints)
	Quit

Exiting LEaP: Errors = 0; Warnings = 0; Notes = 0.
====== min.o =========================================================
Reading parm file (AFK.parm7)
title:
AFK                                                                             
no velocities were found
no velocities were found
	mm_options:  ntpr=5
	mm_options:  gb=1
	mm_options:  kappa=0.10395
	mm_options:  rgbmax=99.
	mm_options:  cut=99.0
	mm_options:  wcons=0.
     bond:      1.114208377
    angle:      2.460265592
 dihedral:      5.445644058
    enb14:      9.982107276
    eel14:     21.975134285
      enb:     -1.313567697
      eel:    -26.166436621
      egb:    -13.176214738
    econs:      0.000000000
    esurf:      0.000000000
    Total:      0.321140532
     frms:      7.148746463
Starting TNCG minimisation
 MIN: Iter =    0  NFunc =     1  E =       0.32114  RMSG = 7.1487465e+00
 MIN: Iter =    1  NFunc =     7  E =      -4.94550  RMSG = 1.8172721e+00
 MIN: Iter =    2  NFunc =    15  E =      -5.97761  RMSG = 8.9747223e-01
 MIN: Iter =    3  NFunc =    25  E =      -6.17235  RMSG = 4.1309057e-01
 MIN: Iter =    4  NFunc =    58  E =      -6.38835  RMSG = 9.6064357e-01
 MIN: Iter =    5  NFunc =    66  E =      -6.55442  RMSG = 4.5276956e-01
 MIN: Iter =    6  NFunc =    77  E =      -6.67972  RMSG = 9.4626623e-01
 MIN: Iter =    7  NFunc =    83  E =      -6.77257  RMSG = 3.0299334e-01
 MIN: Iter =    8  NFunc =    97  E =      -6.81755  RMSG = 2.9749661e-01
 MIN: Iter =    9  NFunc =   104  E =      -6.85648  RMSG = 5.3384807e-01
 MIN: Iter =   10  NFunc =   110  E =      -6.88293  RMSG = 1.4000980e-01
 MIN: Iter =   11  NFunc =   116  E =      -6.89568  RMSG = 3.6157570e-01
 MIN: Iter =   12  NFunc =   122  E =      -6.90543  RMSG = 1.0632399e-01
 MIN: Iter =   13  NFunc =   164  E =      -6.94405  RMSG = 1.7469861e-01
 MIN: Iter =   14  NFunc =   182  E =      -6.98084  RMSG = 2.3417391e-01
 MIN: Iter =   15  NFunc =   190  E =      -7.00623  RMSG = 1.6811154e-01
 MIN: Iter =   16  NFunc =   201  E =      -7.02164  RMSG = 1.6360701e-01
 MIN: Iter =   17  NFunc =   216  E =      -7.03105  RMSG = 9.7221173e-02
 MIN: Iter =   18  NFunc =   245  E =      -7.04063  RMSG = 3.1191140e-01
 MIN: Iter =   19  NFunc =   251  E =      -7.04669  RMSG = 3.9231202e-02
 MIN: Iter =   20  NFunc =   267  E =      -7.04927  RMSG = 3.0490882e-02
 MIN: Iter =   21  NFunc =   316  E =      -7.05255  RMSG = 1.0676923e-01
 MIN: Iter =   22  NFunc =   322  E =      -7.05337  RMSG = 2.0676723e-02
 MIN: Iter =   23  NFunc =   374  E =      -7.05442  RMSG = 2.6816954e-02
 MIN: Iter =   24  NFunc =   401  E =      -7.05491  RMSG = 3.5900791e-02
 MIN: Iter =   25  NFunc =   407  E =      -7.05500  RMSG = 7.0553936e-03
 MIN: Iter =   26  NFunc =   458  E =      -7.05519  RMSG = 1.7437238e-02
 MIN: Iter =   27  NFunc =   473  E =      -7.05529  RMSG = 1.2727850e-02
 MIN: Iter =   28  NFunc =   485  E =      -7.05537  RMSG = 1.3927124e-02
 MIN: Iter =   29  NFunc =   493  E =      -7.05540  RMSG = 4.5195780e-03
 MIN: Iter =   30  NFunc =   499  E =      -7.05541  RMSG = 2.9116332e-03
 MIN: Iter =   31  NFunc =   530  E =      -7.05545  RMSG = 5.2278060e-03
 MIN: Iter =   32  NFunc =   561  E =      -7.05547  RMSG = 2.2804362e-03
 MIN: Iter =   33  NFunc =   584  E =      -7.05549  RMSG = 1.9850744e-03
 MIN: Iter =   34  NFunc =   612  E =      -7.05549  RMSG = 1.1567253e-03
 MIN: Iter =   35  NFunc =   620  E =      -7.05549  RMSG = 4.7219029e-04
----------------------------------------------------------------
 END:          :-)  E =      -7.05549  RMSG =   0.0004722

     bond:      0.661096239
    angle:      1.129235251
 dihedral:      5.302606311
    enb14:      6.774169763
    eel14:     21.502641865
      enb:     -2.897182898
      eel:    -24.614659254
      egb:    -14.913398891
    econs:      0.000000000
    esurf:      0.000000000
    Total:     -7.055491614
     frms:      0.000472190
====== rms.dat  ======================================================
#Frame      all_heavy
       1       0.2492
