====== tleap.out =====================================================
-I: Adding /home/case/amber24/dat/leap/prep to search path.
-I: Adding /home/case/amber24/dat/leap/lib to search path.
-I: Adding /home/case/amber24/dat/leap/parm to search path.
-I: Adding /home/case/amber24/dat/leap/cmd to search path.
-f: Source leap.in.

Welcome to LEaP!
(no leaprc in search path)
Sourcing: ./leap.in
Using Bondi radii
----- Source: /home/case/amber24/dat/leap/cmd/leaprc.gaff2
----- Source of /home/case/amber24/dat/leap/cmd/leaprc.gaff2 done
Log file: ./leap.log
Loading parameters: /home/case/amber24/dat/leap/parm/gaff2.dat
Reading title:
AMBER General Force Field for organic molecules (Version 2.2.20, March 2021)
Loading parameters: ./AG6.frcmod
Reading force field modification type file (frcmod)
Reading title:
Remark line goes here
Loading Mol2 file: ./AG6.mol2
Reading MOLECULE named AG6
Checking Unit.

/home/case/amber24/bin/teLeap: Warning!
The unperturbed charge of the unit (-0.999000) is not zero.

/home/case/amber24/bin/teLeap: Note.
Ignoring the warning from Unit Checking.

Building topology.
"order_residues" off: keep input residue order.
Building atom parameters.
Building bond parameters.
Building angle parameters.
Building proper torsion parameters.
Building improper torsion parameters.
 total 28 improper torsions applied
Building H-Bond parameters.
Incorporating Non-Bonded adjustments.
Not Marking per-residue atom chain types.
Marking per-residue atom chain types.
  (Residues lacking connect0/connect1 - 
   these don't have chain types marked:

	res	total affected

	AG6	1
  )
 (no restraints)
	Quit

Exiting LEaP: Errors = 0; Warnings = 1; Notes = 1.
====== min.o =========================================================
Reading parm file (AG6.parm7)
title:
AG6                                                                             
no velocities were found
no velocities were found
	mm_options:  ntpr=5
	mm_options:  gb=1
	mm_options:  kappa=0.10395
	mm_options:  rgbmax=99.
	mm_options:  cut=99.0
	mm_options:  wcons=0.
     bond:      3.807144189
    angle:      5.470029982
 dihedral:     71.703628686
    enb14:     20.971938884
    eel14:    135.510684490
      enb:    -10.657807186
      eel:   -202.560499102
      egb:   -107.366592667
    econs:      0.000000000
    esurf:      0.000000000
    Total:    -83.121472724
     frms:      6.249978466
Starting TNCG minimisation
 MIN: Iter =    0  NFunc =     1  E =     -83.12147  RMSG = 6.2499785e+00
 MIN: Iter =    1  NFunc =     7  E =     -91.61801  RMSG = 1.8444280e+00
 MIN: Iter =    2  NFunc =    29  E =     -93.74085  RMSG = 2.8309335e+00
 MIN: Iter =    3  NFunc =    63  E =     -95.14053  RMSG = 3.2238178e+00
 MIN: Iter =    4  NFunc =    83  E =     -99.10099  RMSG = 3.3981107e+00
 MIN: Iter =    5  NFunc =    91  E =    -102.62228  RMSG = 3.2089574e+00
 MIN: Iter =    6  NFunc =    97  E =    -105.96590  RMSG = 2.4480660e+00
 MIN: Iter =    7  NFunc =   103  E =    -108.21187  RMSG = 1.3288728e+00
 MIN: Iter =    8  NFunc =   109  E =    -108.85344  RMSG = 6.2797954e-01
 MIN: Iter =    9  NFunc =   146  E =    -109.60137  RMSG = 1.4198766e+00
 MIN: Iter =   10  NFunc =   152  E =    -109.91687  RMSG = 3.9875161e-01
 MIN: Iter =   11  NFunc =   179  E =    -110.29625  RMSG = 7.7791377e-01
 MIN: Iter =   12  NFunc =   187  E =    -110.54257  RMSG = 3.9834230e-01
 MIN: Iter =   13  NFunc =   197  E =    -110.72969  RMSG = 6.3225011e-01
 MIN: Iter =   14  NFunc =   204  E =    -110.86028  RMSG = 2.8630393e-01
 MIN: Iter =   15  NFunc =   211  E =    -110.94727  RMSG = 4.4083587e-01
 MIN: Iter =   16  NFunc =   219  E =    -111.02933  RMSG = 1.9579158e-01
 MIN: Iter =   17  NFunc =   257  E =    -111.21072  RMSG = 5.7948706e-01
 MIN: Iter =   18  NFunc =   263  E =    -111.26655  RMSG = 1.1365471e-01
 MIN: Iter =   19  NFunc =   314  E =    -111.40623  RMSG = 2.1257959e-01
 MIN: Iter =   20  NFunc =   320  E =    -111.42701  RMSG = 1.1352537e-01
 MIN: Iter =   21  NFunc =   371  E =    -111.50696  RMSG = 1.8042249e-01
 MIN: Iter =   22  NFunc =   377  E =    -111.52666  RMSG = 9.8466706e-02
 MIN: Iter =   23  NFunc =   416  E =    -111.57226  RMSG = 1.9663241e-01
 MIN: Iter =   24  NFunc =   423  E =    -111.59413  RMSG = 1.0356886e-01
 MIN: Iter =   25  NFunc =   439  E =    -111.61303  RMSG = 1.9996578e-01
 MIN: Iter =   26  NFunc =   445  E =    -111.62665  RMSG = 6.8363030e-02
 MIN: Iter =   27  NFunc =   488  E =    -111.64430  RMSG = 9.0546610e-02
 MIN: Iter =   28  NFunc =   494  E =    -111.65182  RMSG = 7.3910287e-02
 MIN: Iter =   29  NFunc =   512  E =    -111.66706  RMSG = 8.2658880e-02
 MIN: Iter =   30  NFunc =   543  E =    -111.69112  RMSG = 2.9669907e-01
 MIN: Iter =   31  NFunc =   549  E =    -111.71906  RMSG = 8.9480091e-02
 MIN: Iter =   32  NFunc =   577  E =    -111.73227  RMSG = 7.6273896e-02
 MIN: Iter =   33  NFunc =   591  E =    -111.74343  RMSG = 7.6425160e-02
 MIN: Iter =   34  NFunc =   598  E =    -111.75527  RMSG = 1.0849357e-01
 MIN: Iter =   35  NFunc =   606  E =    -111.76713  RMSG = 9.3196901e-02
 MIN: Iter =   36  NFunc =   619  E =    -111.77631  RMSG = 7.9744800e-02
 MIN: Iter =   37  NFunc =   628  E =    -111.78333  RMSG = 6.3142482e-02
 MIN: Iter =   38  NFunc =   634  E =    -111.78788  RMSG = 5.6602853e-02
 MIN: Iter =   39  NFunc =   640  E =    -111.79164  RMSG = 5.6107645e-02
 MIN: Iter =   40  NFunc =   681  E =    -111.82310  RMSG = 1.3114779e-01
 MIN: Iter =   41  NFunc =   691  E =    -111.83165  RMSG = 5.0577785e-02
 MIN: Iter =   42  NFunc =   742  E =    -111.85072  RMSG = 2.5452707e-01
 MIN: Iter =   43  NFunc =   748  E =    -111.87246  RMSG = 7.2663346e-02
 MIN: Iter =   44  NFunc =   799  E =    -111.90296  RMSG = 2.9236598e-01
 MIN: Iter =   45  NFunc =   805  E =    -111.92066  RMSG = 7.2775866e-02
 MIN: Iter =   46  NFunc =   856  E =    -111.95910  RMSG = 1.7173688e-01
 MIN: Iter =   47  NFunc =   862  E =    -111.97687  RMSG = 8.4598270e-02
 MIN: Iter =   48  NFunc =   886  E =    -112.01085  RMSG = 1.3989920e-01
 MIN: Iter =   49  NFunc =   900  E =    -112.03972  RMSG = 1.3129317e-01
 MIN: Iter =   50  NFunc =   911  E =    -112.05954  RMSG = 1.1057659e-01
 MIN: Iter =   51  NFunc =   920  E =    -112.06948  RMSG = 6.6622706e-02
 MIN: Iter =   52  NFunc =   941  E =    -112.07988  RMSG = 6.0145125e-02
 MIN: Iter =   53  NFunc =   961  E =    -112.08266  RMSG = 2.2002177e-02
 MIN: Iter =   54  NFunc =  1012  E =    -112.08666  RMSG = 3.0375720e-02
 MIN: Iter =   55  NFunc =  1048  E =    -112.08874  RMSG = 1.3429104e-02
 MIN: Iter =   56  NFunc =  1094  E =    -112.09037  RMSG = 1.7262314e-02
 MIN: Iter =   57  NFunc =  1100  E =    -112.09047  RMSG = 7.2541028e-03
 MIN: Iter =   58  NFunc =  1151  E =    -112.09138  RMSG = 1.1141520e-02
 MIN: Iter =   59  NFunc =  1202  E =    -112.09193  RMSG = 8.4674936e-03
 MIN: Iter =   60  NFunc =  1229  E =    -112.09228  RMSG = 7.1537606e-03
 MIN: Iter =   61  NFunc =  1280  E =    -112.09293  RMSG = 1.3219331e-02
 MIN: Iter =   62  NFunc =  1320  E =    -112.09341  RMSG = 7.2962241e-03
 MIN: Iter =   63  NFunc =  1371  E =    -112.09375  RMSG = 8.0048283e-03
 MIN: Iter =   64  NFunc =  1383  E =    -112.09381  RMSG = 4.7328957e-03
 MIN: Iter =   65  NFunc =  1408  E =    -112.09387  RMSG = 2.6730077e-03
 MIN: Iter =   66  NFunc =  1424  E =    -112.09389  RMSG = 1.9091851e-03
 MIN: Iter =   67  NFunc =  1475  E =    -112.09393  RMSG = 2.6210565e-03
 MIN: Iter =   68  NFunc =  1526  E =    -112.09399  RMSG = 3.7979125e-03
 MIN: Iter =   69  NFunc =  1561  E =    -112.09408  RMSG = 3.7766562e-03
 MIN: Iter =   70  NFunc =  1612  E =    -112.09414  RMSG = 3.0561828e-03
 MIN: Iter =   71  NFunc =  1633  E =    -112.09417  RMSG = 1.7618341e-03
 MIN: Iter =   72  NFunc =  1684  E =    -112.09420  RMSG = 1.7616217e-03
 MIN: Iter =   73  NFunc =  1735  E =    -112.09422  RMSG = 2.0551866e-03
 MIN: Iter =   74  NFunc =  1786  E =    -112.09427  RMSG = 1.9422319e-03
 MIN: Iter =   75  NFunc =  1837  E =    -112.09431  RMSG = 3.3836129e-03
 MIN: Iter =   76  NFunc =  1865  E =    -112.09435  RMSG = 1.8738475e-03
 MIN: Iter =   77  NFunc =  1916  E =    -112.09439  RMSG = 2.0784583e-03
 MIN: Iter =   78  NFunc =  1967  E =    -112.09445  RMSG = 3.0935809e-03
 MIN: Iter =   79  NFunc =  1990  E =    -112.09448  RMSG = 1.6290778e-03
 MIN: Iter =   80  NFunc =  2041  E =    -112.09450  RMSG = 1.5850006e-03
 MIN: Iter =   81  NFunc =  2092  E =    -112.09455  RMSG = 2.6824243e-03
 MIN: Iter =   82  NFunc =  2143  E =    -112.09460  RMSG = 2.7942784e-03
 MIN: Iter =   83  NFunc =  2155  E =    -112.09460  RMSG = 1.3983771e-03
 MIN: Iter =   84  NFunc =  2206  E =    -112.09463  RMSG = 1.3601713e-03
 MIN: Iter =   85  NFunc =  2242  E =    -112.09465  RMSG = 1.0079090e-03
 MIN: Iter =   86  NFunc =  2281  E =    -112.09466  RMSG = 7.6649368e-04
 MIN: Iter =   87  NFunc =  2328  E =    -112.09466  RMSG = 5.3586997e-04
 MIN: Iter =   88  NFunc =  2379  E =    -112.09466  RMSG = 4.9698992e-04
----------------------------------------------------------------
 END:          :-)  E =    -112.09466  RMSG =   0.0004970

     bond:      2.082912014
    angle:      6.543440242
 dihedral:     52.648120741
    enb14:     14.913077509
    eel14:    129.430635579
      enb:    -11.398857156
      eel:   -192.826302187
      egb:   -113.487690946
    econs:      0.000000000
    esurf:      0.000000000
    Total:   -112.094664204
     frms:      0.000496990
====== rms.dat  ======================================================
#Frame      all_heavy
       1       1.1062
