====== tleap.out =====================================================
-I: Adding /home/case/amber24/dat/leap/prep to search path.
-I: Adding /home/case/amber24/dat/leap/lib to search path.
-I: Adding /home/case/amber24/dat/leap/parm to search path.
-I: Adding /home/case/amber24/dat/leap/cmd to search path.
-f: Source leap.in.

Welcome to LEaP!
(no leaprc in search path)
Sourcing: ./leap.in
Using Bondi radii
----- Source: /home/case/amber24/dat/leap/cmd/leaprc.gaff2
----- Source of /home/case/amber24/dat/leap/cmd/leaprc.gaff2 done
Log file: ./leap.log
Loading parameters: /home/case/amber24/dat/leap/parm/gaff2.dat
Reading title:
AMBER General Force Field for organic molecules (Version 2.2.20, March 2021)
Loading parameters: ./AGL.frcmod
Reading force field modification type file (frcmod)
Reading title:
Remark line goes here
Loading Mol2 file: ./AGL.mol2
Reading MOLECULE named AGL
Checking Unit.
Building topology.
"order_residues" off: keep input residue order.
Building atom parameters.
Building bond parameters.
Building angle parameters.
Building proper torsion parameters.
Building improper torsion parameters.
 total 0 improper torsions applied
Building H-Bond parameters.
Incorporating Non-Bonded adjustments.
Not Marking per-residue atom chain types.
Marking per-residue atom chain types.
  (Residues lacking connect0/connect1 - 
   these don't have chain types marked:

	res	total affected

	AGL	1
  )
 (no restraints)
	Quit

Exiting LEaP: Errors = 0; Warnings = 0; Notes = 0.
====== min.o =========================================================
Reading parm file (AGL.parm7)
title:
AGL                                                                             
no velocities were found
no velocities were found
	mm_options:  ntpr=5
	mm_options:  gb=1
	mm_options:  kappa=0.10395
	mm_options:  rgbmax=99.
	mm_options:  cut=99.0
	mm_options:  wcons=0.
     bond:      1.290190229
    angle:      2.761720746
 dihedral:     12.970468458
    enb14:      6.967236163
    eel14:    194.526320326
      enb:     -0.824583325
      eel:   -156.722035172
      egb:    -23.626880637
    econs:      0.000000000
    esurf:      0.000000000
    Total:     37.342436789
     frms:     10.875130643
Starting TNCG minimisation
 MIN: Iter =    0  NFunc =     1  E =      37.34244  RMSG = 1.0875131e+01
 MIN: Iter =    1  NFunc =     7  E =      27.43709  RMSG = 4.3186088e+00
 MIN: Iter =    2  NFunc =    13  E =      26.37717  RMSG = 9.9209058e-01
 MIN: Iter =    3  NFunc =    58  E =      26.12973  RMSG = 2.3844963e+00
 MIN: Iter =    4  NFunc =    68  E =      25.60654  RMSG = 1.7453710e+00
 MIN: Iter =    5  NFunc =    75  E =      25.33116  RMSG = 1.3351807e+00
 MIN: Iter =    6  NFunc =    86  E =      25.05301  RMSG = 1.9610173e+00
 MIN: Iter =    7  NFunc =    92  E =      24.86908  RMSG = 6.9206356e-01
 MIN: Iter =    8  NFunc =   103  E =      24.75191  RMSG = 8.6837226e-01
 MIN: Iter =    9  NFunc =   109  E =      24.63064  RMSG = 6.8260261e-01
 MIN: Iter =   10  NFunc =   120  E =      24.54803  RMSG = 7.9267167e-01
 MIN: Iter =   11  NFunc =   129  E =      24.45236  RMSG = 1.3778118e+00
 MIN: Iter =   12  NFunc =   136  E =      24.34146  RMSG = 6.1899197e-01
 MIN: Iter =   13  NFunc =   143  E =      24.28690  RMSG = 6.9495228e-01
 MIN: Iter =   14  NFunc =   150  E =      24.23196  RMSG = 7.6917177e-01
 MIN: Iter =   15  NFunc =   157  E =      24.17262  RMSG = 8.3156324e-01
 MIN: Iter =   16  NFunc =   164  E =      24.10394  RMSG = 9.2239003e-01
 MIN: Iter =   17  NFunc =   171  E =      24.01905  RMSG = 1.0482641e+00
 MIN: Iter =   18  NFunc =   178  E =      23.91287  RMSG = 1.2060417e+00
 MIN: Iter =   19  NFunc =   185  E =      23.77584  RMSG = 1.3718904e+00
 MIN: Iter =   20  NFunc =   191  E =      23.60062  RMSG = 3.1408908e+00
 MIN: Iter =   21  NFunc =   197  E =      23.22237  RMSG = 4.3549058e-01
 MIN: Iter =   22  NFunc =   204  E =      23.11298  RMSG = 6.4653561e-01
 MIN: Iter =   23  NFunc =   211  E =      22.94820  RMSG = 1.4149538e+00
 MIN: Iter =   24  NFunc =   217  E =      22.75476  RMSG = 1.0838713e+00
 MIN: Iter =   25  NFunc =   223  E =      22.64139  RMSG = 7.3287505e-01
 MIN: Iter =   26  NFunc =   229  E =      22.57954  RMSG = 4.3475676e-01
 MIN: Iter =   27  NFunc =   236  E =      22.55776  RMSG = 1.9188808e-01
 MIN: Iter =   28  NFunc =   242  E =      22.55194  RMSG = 1.1474579e-01
 MIN: Iter =   29  NFunc =   251  E =      22.54751  RMSG = 5.7174037e-02
 MIN: Iter =   30  NFunc =   262  E =      22.54612  RMSG = 2.5651331e-02
 MIN: Iter =   31  NFunc =   273  E =      22.54581  RMSG = 1.6973001e-02
 MIN: Iter =   32  NFunc =   282  E =      22.54574  RMSG = 7.5276980e-03
 MIN: Iter =   33  NFunc =   288  E =      22.54573  RMSG = 3.0195297e-03
 MIN: Iter =   34  NFunc =   295  E =      22.54573  RMSG = 1.6078187e-03
 MIN: Iter =   35  NFunc =   306  E =      22.54573  RMSG = 7.6712727e-04
 MIN: Iter =   36  NFunc =   317  E =      22.54572  RMSG = 4.5215187e-04
----------------------------------------------------------------
 END:          :-)  E =      22.54572  RMSG =   0.0004522

     bond:      1.755344606
    angle:      3.439725087
 dihedral:     12.912064246
    enb14:      4.646081731
    eel14:    190.384987432
      enb:     -0.931482526
      eel:   -167.248175443
      egb:    -22.412820214
    econs:      0.000000000
    esurf:      0.000000000
    Total:     22.545724918
     frms:      0.000452152
====== rms.dat  ======================================================
#Frame      all_heavy
       1       0.1110
