====== tleap.out =====================================================
-I: Adding /home/case/amber24/dat/leap/prep to search path.
-I: Adding /home/case/amber24/dat/leap/lib to search path.
-I: Adding /home/case/amber24/dat/leap/parm to search path.
-I: Adding /home/case/amber24/dat/leap/cmd to search path.
-f: Source leap.in.

Welcome to LEaP!
(no leaprc in search path)
Sourcing: ./leap.in
Using Bondi radii
----- Source: /home/case/amber24/dat/leap/cmd/leaprc.gaff2
----- Source of /home/case/amber24/dat/leap/cmd/leaprc.gaff2 done
Log file: ./leap.log
Loading parameters: /home/case/amber24/dat/leap/parm/gaff2.dat
Reading title:
AMBER General Force Field for organic molecules (Version 2.2.20, March 2021)
Loading parameters: ./AIB.frcmod
Reading force field modification type file (frcmod)
Reading title:
Remark line goes here
Loading Mol2 file: ./AIB.mol2
Reading MOLECULE named AIB
Checking Unit.

/home/case/amber24/bin/teLeap: Warning!
The unperturbed charge of the unit (-0.999002) is not zero.

/home/case/amber24/bin/teLeap: Note.
Ignoring the warning from Unit Checking.

Building topology.
"order_residues" off: keep input residue order.
Building atom parameters.
Building bond parameters.
Building angle parameters.
Building proper torsion parameters.
Building improper torsion parameters.
 total 1 improper torsion applied
Building H-Bond parameters.
Incorporating Non-Bonded adjustments.
Not Marking per-residue atom chain types.
Marking per-residue atom chain types.
  (Residues lacking connect0/connect1 - 
   these don't have chain types marked:

	res	total affected

	AIB	1
  )
 (no restraints)
	Quit

Exiting LEaP: Errors = 0; Warnings = 1; Notes = 1.
====== min.o =========================================================
Reading parm file (AIB.parm7)
title:
AIB                                                                             
no velocities were found
no velocities were found
	mm_options:  ntpr=5
	mm_options:  gb=1
	mm_options:  kappa=0.10395
	mm_options:  rgbmax=99.
	mm_options:  cut=99.0
	mm_options:  wcons=0.
     bond:      1.266462531
    angle:      3.288450162
 dihedral:      6.078054603
    enb14:      3.401199267
    eel14:    202.272174993
      enb:     -0.274567926
      eel:   -115.036735753
      egb:    -81.421642006
    econs:      0.000000000
    esurf:      0.000000000
    Total:     19.573395870
     frms:      9.550012430
Starting TNCG minimisation
 MIN: Iter =    0  NFunc =     1  E =      19.57340  RMSG = 9.5500124e+00
 MIN: Iter =    1  NFunc =     7  E =      14.34272  RMSG = 2.8340340e+00
 MIN: Iter =    2  NFunc =    13  E =      13.73105  RMSG = 9.9004578e-01
 MIN: Iter =    3  NFunc =    20  E =      13.61750  RMSG = 3.1170880e-01
 MIN: Iter =    4  NFunc =    29  E =      13.58742  RMSG = 2.0226472e-01
 MIN: Iter =    5  NFunc =    41  E =      13.55937  RMSG = 2.4471453e-01
 MIN: Iter =    6  NFunc =    47  E =      13.54385  RMSG = 4.3125931e-01
 MIN: Iter =    7  NFunc =    60  E =      13.53153  RMSG = 1.2641944e-01
 MIN: Iter =    8  NFunc =    69  E =      13.52720  RMSG = 8.1568961e-02
 MIN: Iter =    9  NFunc =    91  E =      13.52416  RMSG = 1.2204817e-01
 MIN: Iter =   10  NFunc =    97  E =      13.52284  RMSG = 8.9519525e-02
 MIN: Iter =   11  NFunc =   104  E =      13.52236  RMSG = 3.0374876e-02
 MIN: Iter =   12  NFunc =   110  E =      13.52230  RMSG = 6.6085337e-03
 MIN: Iter =   13  NFunc =   128  E =      13.52229  RMSG = 2.2210706e-03
 MIN: Iter =   14  NFunc =   139  E =      13.52229  RMSG = 1.2818392e-03
 MIN: Iter =   15  NFunc =   148  E =      13.52229  RMSG = 8.6045098e-04
 MIN: Iter =   16  NFunc =   154  E =      13.52229  RMSG = 3.2392423e-04
----------------------------------------------------------------
 END:          :-)  E =      13.52229  RMSG =   0.0003239

     bond:      2.502782235
    angle:      4.906026565
 dihedral:      5.580938649
    enb14:      1.860786378
    eel14:    189.889383653
      enb:     -0.378644097
      eel:   -107.562759106
      egb:    -83.276229158
    econs:      0.000000000
    esurf:      0.000000000
    Total:     13.522285119
     frms:      0.000323924
====== rms.dat  ======================================================
#Frame      all_heavy
       1       0.1480
