====== tleap.out =====================================================
-I: Adding /home/case/amber24/dat/leap/prep to search path.
-I: Adding /home/case/amber24/dat/leap/lib to search path.
-I: Adding /home/case/amber24/dat/leap/parm to search path.
-I: Adding /home/case/amber24/dat/leap/cmd to search path.
-f: Source leap.in.

Welcome to LEaP!
(no leaprc in search path)
Sourcing: ./leap.in
Using Bondi radii
----- Source: /home/case/amber24/dat/leap/cmd/leaprc.gaff2
----- Source of /home/case/amber24/dat/leap/cmd/leaprc.gaff2 done
Log file: ./leap.log
Loading parameters: /home/case/amber24/dat/leap/parm/gaff2.dat
Reading title:
AMBER General Force Field for organic molecules (Version 2.2.20, March 2021)
Loading parameters: ./AJN.frcmod
Reading force field modification type file (frcmod)
Reading title:
Remark line goes here
Loading Mol2 file: ./AJN.mol2
Reading MOLECULE named AJN
Checking Unit.
Building topology.
"order_residues" off: keep input residue order.
Building atom parameters.
Building bond parameters.
Building angle parameters.
Building proper torsion parameters.
Building improper torsion parameters.
 total 12 improper torsions applied
Building H-Bond parameters.
Incorporating Non-Bonded adjustments.
Not Marking per-residue atom chain types.
Marking per-residue atom chain types.
  (Residues lacking connect0/connect1 - 
   these don't have chain types marked:

	res	total affected

	AJN	1
  )
 (no restraints)
	Quit

Exiting LEaP: Errors = 0; Warnings = 0; Notes = 0.
====== min.o =========================================================
Reading parm file (AJN.parm7)
title:
AJN                                                                             
no velocities were found
no velocities were found
	mm_options:  ntpr=5
	mm_options:  gb=1
	mm_options:  kappa=0.10395
	mm_options:  rgbmax=99.
	mm_options:  cut=99.0
	mm_options:  wcons=0.
     bond:      2.648750054
    angle:     26.976084308
 dihedral:      7.418827266
    enb14:     18.373054396
    eel14:    -60.939424130
      enb:     -5.115807153
      eel:     15.712189055
      egb:    -17.071240770
    econs:      0.000000000
    esurf:      0.000000000
    Total:    -11.997566974
     frms:     10.409922150
Starting TNCG minimisation
 MIN: Iter =    0  NFunc =     1  E =     -11.99757  RMSG = 1.0409922e+01
 MIN: Iter =    1  NFunc =     7  E =     -22.80039  RMSG = 2.8313187e+00
 MIN: Iter =    2  NFunc =    15  E =     -25.20153  RMSG = 1.1497813e+00
 MIN: Iter =    3  NFunc =    23  E =     -25.74262  RMSG = 6.4749087e-01
 MIN: Iter =    4  NFunc =    36  E =     -25.96867  RMSG = 2.5480743e-01
 MIN: Iter =    5  NFunc =    60  E =     -26.09397  RMSG = 3.0390520e-01
 MIN: Iter =    6  NFunc =    82  E =     -26.14531  RMSG = 1.3833446e-01
 MIN: Iter =    7  NFunc =   101  E =     -26.16507  RMSG = 7.2340572e-02
 MIN: Iter =    8  NFunc =   115  E =     -26.16974  RMSG = 3.5277052e-02
 MIN: Iter =    9  NFunc =   154  E =     -26.17807  RMSG = 4.9179042e-02
 MIN: Iter =   10  NFunc =   181  E =     -26.18108  RMSG = 1.9230408e-02
 MIN: Iter =   11  NFunc =   199  E =     -26.18184  RMSG = 1.1757359e-02
 MIN: Iter =   12  NFunc =   225  E =     -26.18217  RMSG = 6.4540375e-03
 MIN: Iter =   13  NFunc =   231  E =     -26.18220  RMSG = 4.7105236e-03
 MIN: Iter =   14  NFunc =   242  E =     -26.18222  RMSG = 2.9933007e-03
 MIN: Iter =   15  NFunc =   260  E =     -26.18225  RMSG = 2.5176096e-03
 MIN: Iter =   16  NFunc =   272  E =     -26.18226  RMSG = 1.5467355e-03
 MIN: Iter =   17  NFunc =   286  E =     -26.18226  RMSG = 8.6807705e-04
 MIN: Iter =   18  NFunc =   308  E =     -26.18226  RMSG = 7.8678242e-04
 MIN: Iter =   19  NFunc =   324  E =     -26.18226  RMSG = 4.1324800e-04
----------------------------------------------------------------
 END:          :-)  E =     -26.18226  RMSG =   0.0004132

     bond:      2.759019943
    angle:     20.995857231
 dihedral:      6.328576191
    enb14:     12.348221664
    eel14:    -60.400990733
      enb:     -5.231671244
      eel:     15.519822806
      egb:    -18.501098781
    econs:      0.000000000
    esurf:      0.000000000
    Total:    -26.182262924
     frms:      0.000413248
====== rms.dat  ======================================================
#Frame      all_heavy
       1       0.1278
