====== tleap.out =====================================================
-I: Adding /home/case/amber24/dat/leap/prep to search path.
-I: Adding /home/case/amber24/dat/leap/lib to search path.
-I: Adding /home/case/amber24/dat/leap/parm to search path.
-I: Adding /home/case/amber24/dat/leap/cmd to search path.
-f: Source leap.in.

Welcome to LEaP!
(no leaprc in search path)
Sourcing: ./leap.in
Using Bondi radii
----- Source: /home/case/amber24/dat/leap/cmd/leaprc.gaff2
----- Source of /home/case/amber24/dat/leap/cmd/leaprc.gaff2 done
Log file: ./leap.log
Loading parameters: /home/case/amber24/dat/leap/parm/gaff2.dat
Reading title:
AMBER General Force Field for organic molecules (Version 2.2.20, March 2021)
Loading parameters: ./AKM.frcmod
Reading force field modification type file (frcmod)
Reading title:
Remark line goes here
Loading Mol2 file: ./AKM.mol2
Reading MOLECULE named AKM
Checking Unit.

/home/case/amber24/bin/teLeap: Warning!
The unperturbed charge of the unit (-2.000001) is not zero.

/home/case/amber24/bin/teLeap: Note.
Ignoring the warning from Unit Checking.

Building topology.
"order_residues" off: keep input residue order.
Building atom parameters.
Building bond parameters.
Building angle parameters.
Building proper torsion parameters.
Building improper torsion parameters.
 total 6 improper torsions applied
Building H-Bond parameters.
Incorporating Non-Bonded adjustments.
Not Marking per-residue atom chain types.
Marking per-residue atom chain types.
  (Residues lacking connect0/connect1 - 
   these don't have chain types marked:

	res	total affected

	AKM	1
  )
 (no restraints)
	Quit

Exiting LEaP: Errors = 0; Warnings = 1; Notes = 1.
====== min.o =========================================================
Reading parm file (AKM.parm7)
title:
AKM                                                                             
no velocities were found
no velocities were found
	mm_options:  ntpr=5
	mm_options:  gb=1
	mm_options:  kappa=0.10395
	mm_options:  rgbmax=99.
	mm_options:  cut=99.0
	mm_options:  wcons=0.
     bond:      4.822287087
    angle:     24.428214098
 dihedral:     83.610269812
    enb14:     16.896313810
    eel14:   -776.814005893
      enb:     -2.774814580
      eel:    436.693001801
      egb:   -250.437126029
    econs:      0.000000000
    esurf:      0.000000000
    Total:   -463.575859894
     frms:     15.057764177
Starting TNCG minimisation
 MIN: Iter =    0  NFunc =     1  E =    -463.57586  RMSG = 1.5057764e+01
 MIN: Iter =    1  NFunc =     7  E =    -491.55960  RMSG = 4.0755396e+00
 MIN: Iter =    2  NFunc =    14  E =    -496.35761  RMSG = 1.9494385e+00
 MIN: Iter =    3  NFunc =    65  E =    -498.71542  RMSG = 2.1865729e+00
 MIN: Iter =    4  NFunc =    79  E =    -500.98427  RMSG = 2.2590827e+00
 MIN: Iter =    5  NFunc =    86  E =    -503.65258  RMSG = 2.2244574e+00
 MIN: Iter =    6  NFunc =    92  E =    -505.40347  RMSG = 1.5630474e+00
 MIN: Iter =    7  NFunc =   108  E =    -506.68665  RMSG = 2.1228654e+00
 MIN: Iter =    8  NFunc =   115  E =    -507.71308  RMSG = 1.5015515e+00
 MIN: Iter =    9  NFunc =   121  E =    -508.39866  RMSG = 1.4046294e+00
 MIN: Iter =   10  NFunc =   127  E =    -508.87947  RMSG = 9.5157447e-01
 MIN: Iter =   11  NFunc =   150  E =    -509.70282  RMSG = 1.4515063e+00
 MIN: Iter =   12  NFunc =   160  E =    -510.28598  RMSG = 1.0892895e+00
 MIN: Iter =   13  NFunc =   166  E =    -510.69602  RMSG = 8.7608188e-01
 MIN: Iter =   14  NFunc =   172  E =    -510.87953  RMSG = 4.5737000e-01
 MIN: Iter =   15  NFunc =   178  E =    -510.95405  RMSG = 3.0283162e-01
 MIN: Iter =   16  NFunc =   218  E =    -511.16554  RMSG = 4.8615597e-01
 MIN: Iter =   17  NFunc =   243  E =    -511.33685  RMSG = 4.3615046e-01
 MIN: Iter =   18  NFunc =   294  E =    -511.52165  RMSG = 5.2127503e-01
 MIN: Iter =   19  NFunc =   342  E =    -511.72776  RMSG = 6.8411642e-01
 MIN: Iter =   20  NFunc =   356  E =    -511.99997  RMSG = 7.0606933e-01
 MIN: Iter =   21  NFunc =   363  E =    -512.28707  RMSG = 7.7023034e-01
 MIN: Iter =   22  NFunc =   369  E =    -512.59977  RMSG = 7.8791607e-01
 MIN: Iter =   23  NFunc =   375  E =    -512.95738  RMSG = 7.7992387e-01
 MIN: Iter =   24  NFunc =   381  E =    -513.34814  RMSG = 7.8431557e-01
 MIN: Iter =   25  NFunc =   387  E =    -513.76337  RMSG = 7.7848789e-01
 MIN: Iter =   26  NFunc =   393  E =    -514.18269  RMSG = 7.3830349e-01
 MIN: Iter =   27  NFunc =   399  E =    -514.60792  RMSG = 6.9928203e-01
 MIN: Iter =   28  NFunc =   405  E =    -514.99292  RMSG = 5.9541206e-01
 MIN: Iter =   29  NFunc =   411  E =    -515.32145  RMSG = 5.2970064e-01
 MIN: Iter =   30  NFunc =   417  E =    -515.57766  RMSG = 4.0896135e-01
 MIN: Iter =   31  NFunc =   423  E =    -515.75902  RMSG = 3.3863976e-01
 MIN: Iter =   32  NFunc =   474  E =    -516.08344  RMSG = 9.5987374e-01
 MIN: Iter =   33  NFunc =   480  E =    -516.48472  RMSG = 1.1520811e+00
 MIN: Iter =   34  NFunc =   488  E =    -517.10006  RMSG = 1.1080466e+00
 MIN: Iter =   35  NFunc =   494  E =    -517.67735  RMSG = 1.0072981e+00
 MIN: Iter =   36  NFunc =   505  E =    -518.40579  RMSG = 1.0028329e+00
 MIN: Iter =   37  NFunc =   511  E =    -518.84905  RMSG = 6.5061531e-01
 MIN: Iter =   38  NFunc =   529  E =    -519.25022  RMSG = 8.0814140e-01
 MIN: Iter =   39  NFunc =   535  E =    -519.35186  RMSG = 2.9718000e-01
 MIN: Iter =   40  NFunc =   586  E =    -519.61460  RMSG = 6.6377276e-01
 MIN: Iter =   41  NFunc =   598  E =    -519.84165  RMSG = 6.4126753e-01
 MIN: Iter =   42  NFunc =   604  E =    -519.96444  RMSG = 3.1505243e-01
 MIN: Iter =   43  NFunc =   617  E =    -520.10891  RMSG = 5.5249920e-01
 MIN: Iter =   44  NFunc =   664  E =    -520.48199  RMSG = 5.9690718e-01
 MIN: Iter =   45  NFunc =   673  E =    -520.65304  RMSG = 3.6041346e-01
 MIN: Iter =   46  NFunc =   697  E =    -520.87733  RMSG = 5.1447732e-01
 MIN: Iter =   47  NFunc =   709  E =    -521.02562  RMSG = 3.5756552e-01
 MIN: Iter =   48  NFunc =   720  E =    -521.10724  RMSG = 2.4677323e-01
 MIN: Iter =   49  NFunc =   744  E =    -521.21141  RMSG = 3.3596710e-01
 MIN: Iter =   50  NFunc =   761  E =    -521.28389  RMSG = 1.9404197e-01
 MIN: Iter =   51  NFunc =   787  E =    -521.36626  RMSG = 3.6985780e-01
 MIN: Iter =   52  NFunc =   831  E =    -521.48930  RMSG = 3.2202712e-01
 MIN: Iter =   53  NFunc =   837  E =    -521.51191  RMSG = 1.3682563e-01
 MIN: Iter =   54  NFunc =   856  E =    -521.53278  RMSG = 1.2290456e-01
 MIN: Iter =   55  NFunc =   890  E =    -521.57121  RMSG = 2.5485757e-01
 MIN: Iter =   56  NFunc =   896  E =    -521.58035  RMSG = 7.8203636e-02
 MIN: Iter =   57  NFunc =   947  E =    -521.64495  RMSG = 1.8003635e-01
 MIN: Iter =   58  NFunc =   966  E =    -521.69403  RMSG = 2.1631286e-01
 MIN: Iter =   59  NFunc =   989  E =    -521.74133  RMSG = 2.1356949e-01
 MIN: Iter =   60  NFunc =  1001  E =    -521.77736  RMSG = 1.7519862e-01
 MIN: Iter =   61  NFunc =  1008  E =    -521.79715  RMSG = 1.2096022e-01
 MIN: Iter =   62  NFunc =  1014  E =    -521.80508  RMSG = 9.6912318e-02
 MIN: Iter =   63  NFunc =  1043  E =    -521.83534  RMSG = 2.0047040e-01
 MIN: Iter =   64  NFunc =  1094  E =    -521.89781  RMSG = 2.4717398e-01
 MIN: Iter =   65  NFunc =  1102  E =    -521.91336  RMSG = 8.1351626e-02
 MIN: Iter =   66  NFunc =  1138  E =    -521.93631  RMSG = 3.0600962e-01
 MIN: Iter =   67  NFunc =  1144  E =    -521.94501  RMSG = 7.9147963e-02
 MIN: Iter =   68  NFunc =  1195  E =    -521.96641  RMSG = 2.1881567e-01
 MIN: Iter =   69  NFunc =  1201  E =    -521.97332  RMSG = 7.4290894e-02
 MIN: Iter =   70  NFunc =  1237  E =    -521.98785  RMSG = 7.8841149e-02
 MIN: Iter =   71  NFunc =  1262  E =    -521.99155  RMSG = 2.6987362e-02
 MIN: Iter =   72  NFunc =  1313  E =    -521.99713  RMSG = 4.9535515e-02
 MIN: Iter =   73  NFunc =  1364  E =    -522.00676  RMSG = 8.4521432e-02
 MIN: Iter =   74  NFunc =  1398  E =    -522.01624  RMSG = 7.1040695e-02
 MIN: Iter =   75  NFunc =  1420  E =    -522.01965  RMSG = 2.6205769e-02
 MIN: Iter =   76  NFunc =  1453  E =    -522.02151  RMSG = 1.7622298e-02
 MIN: Iter =   77  NFunc =  1485  E =    -522.02230  RMSG = 1.2873368e-02
 MIN: Iter =   78  NFunc =  1536  E =    -522.02432  RMSG = 3.3569014e-02
 MIN: Iter =   79  NFunc =  1587  E =    -522.02676  RMSG = 4.2116395e-02
 MIN: Iter =   80  NFunc =  1638  E =    -522.03095  RMSG = 8.2747935e-02
 MIN: Iter =   81  NFunc =  1644  E =    -522.03224  RMSG = 3.0547316e-02
 MIN: Iter =   82  NFunc =  1696  E =    -522.03541  RMSG = 3.6565833e-02
 MIN: Iter =   83  NFunc =  1734  E =    -522.03887  RMSG = 1.3888267e-01
 MIN: Iter =   84  NFunc =  1740  E =    -522.04230  RMSG = 4.3910538e-02
 MIN: Iter =   85  NFunc =  1792  E =    -522.04780  RMSG = 6.5193641e-02
 MIN: Iter =   86  NFunc =  1802  E =    -522.05255  RMSG = 2.0240150e-01
 MIN: Iter =   87  NFunc =  1808  E =    -522.06183  RMSG = 7.2676166e-02
 MIN: Iter =   88  NFunc =  1824  E =    -522.06976  RMSG = 1.9456421e-01
 MIN: Iter =   89  NFunc =  1832  E =    -522.08865  RMSG = 8.8661603e-02
 MIN: Iter =   90  NFunc =  1867  E =    -522.10560  RMSG = 2.1147763e-01
 MIN: Iter =   91  NFunc =  1876  E =    -522.13529  RMSG = 2.2698229e-01
 MIN: Iter =   92  NFunc =  1882  E =    -522.16784  RMSG = 2.6891801e-01
 MIN: Iter =   93  NFunc =  1889  E =    -522.20551  RMSG = 2.9932459e-01
 MIN: Iter =   94  NFunc =  1895  E =    -522.25268  RMSG = 3.2468118e-01
 MIN: Iter =   95  NFunc =  1901  E =    -522.31072  RMSG = 3.2423847e-01
 MIN: Iter =   96  NFunc =  1907  E =    -522.37806  RMSG = 3.1114273e-01
 MIN: Iter =   97  NFunc =  1913  E =    -522.44498  RMSG = 3.1328002e-01
 MIN: Iter =   98  NFunc =  1919  E =    -522.50783  RMSG = 2.8567781e-01
 MIN: Iter =   99  NFunc =  1925  E =    -522.55795  RMSG = 2.5046661e-01
 MIN: Iter =  100  NFunc =  1931  E =    -522.60112  RMSG = 2.2648491e-01
----------------------------------------------------------------
 END:          :-)  E =    -522.60112  RMSG =   0.2264849

     bond:      4.997343567
    angle:     20.427986653
 dihedral:     61.435495740
    enb14:     12.205015474
    eel14:   -811.580047386
      enb:     -8.951481390
      eel:    451.120514081
      egb:   -252.255950961
    econs:      0.000000000
    esurf:      0.000000000
    Total:   -522.601124223
     frms:      0.226484908
====== rms.dat  ======================================================
#Frame      all_heavy
       1       2.5608
