====== tleap.out =====================================================
-I: Adding /home/case/amber24/dat/leap/prep to search path.
-I: Adding /home/case/amber24/dat/leap/lib to search path.
-I: Adding /home/case/amber24/dat/leap/parm to search path.
-I: Adding /home/case/amber24/dat/leap/cmd to search path.
-f: Source leap.in.

Welcome to LEaP!
(no leaprc in search path)
Sourcing: ./leap.in
Using Bondi radii
----- Source: /home/case/amber24/dat/leap/cmd/leaprc.gaff2
----- Source of /home/case/amber24/dat/leap/cmd/leaprc.gaff2 done
Log file: ./leap.log
Loading parameters: /home/case/amber24/dat/leap/parm/gaff2.dat
Reading title:
AMBER General Force Field for organic molecules (Version 2.2.20, March 2021)
Loading parameters: ./AO3.frcmod
Reading force field modification type file (frcmod)
Reading title:
Remark line goes here
Loading Mol2 file: ./AO3.mol2
Reading MOLECULE named AO3
Checking Unit.
Building topology.
"order_residues" off: keep input residue order.
Building atom parameters.
Building bond parameters.
Building angle parameters.
Building proper torsion parameters.
Building improper torsion parameters.
 total 6 improper torsions applied
Building H-Bond parameters.
Incorporating Non-Bonded adjustments.
Not Marking per-residue atom chain types.
Marking per-residue atom chain types.
  (Residues lacking connect0/connect1 - 
   these don't have chain types marked:

	res	total affected

	AO3	1
  )
 (no restraints)
	Quit

Exiting LEaP: Errors = 0; Warnings = 0; Notes = 0.
====== min.o =========================================================
Reading parm file (AO3.parm7)
title:
AO3                                                                             
no velocities were found
no velocities were found
	mm_options:  ntpr=5
	mm_options:  gb=1
	mm_options:  kappa=0.10395
	mm_options:  rgbmax=99.
	mm_options:  cut=99.0
	mm_options:  wcons=0.
     bond:      6.158225235
    angle:      9.700427599
 dihedral:    134.113037959
    enb14:     23.167052085
    eel14:    209.275499012
      enb:    -15.450111155
      eel:   -255.926808949
      egb:    -67.197093714
    econs:      0.000000000
    esurf:      0.000000000
    Total:     43.840228073
     frms:      9.041563120
Starting TNCG minimisation
 MIN: Iter =    0  NFunc =     1  E =      43.84023  RMSG = 9.0415631e+00
 MIN: Iter =    1  NFunc =     8  E =      23.33888  RMSG = 3.4752109e+00
 MIN: Iter =    2  NFunc =    18  E =      17.21483  RMSG = 1.6468929e+00
 MIN: Iter =    3  NFunc =    34  E =      14.91901  RMSG = 2.0879875e+00
 MIN: Iter =    4  NFunc =    43  E =      13.76827  RMSG = 8.6673329e-01
 MIN: Iter =    5  NFunc =    52  E =      13.24990  RMSG = 6.8615616e-01
 MIN: Iter =    6  NFunc =    70  E =      12.66346  RMSG = 1.3243669e+00
 MIN: Iter =    7  NFunc =    76  E =      12.43735  RMSG = 4.3151954e-01
 MIN: Iter =    8  NFunc =   104  E =      12.11149  RMSG = 6.5636914e-01
 MIN: Iter =    9  NFunc =   117  E =      11.82004  RMSG = 5.0765562e-01
 MIN: Iter =   10  NFunc =   153  E =      11.51746  RMSG = 1.1978734e+00
 MIN: Iter =   11  NFunc =   159  E =      11.21186  RMSG = 3.1051838e-01
 MIN: Iter =   12  NFunc =   211  E =      11.01531  RMSG = 4.6293074e-01
 MIN: Iter =   13  NFunc =   218  E =      10.86823  RMSG = 5.5329110e-01
 MIN: Iter =   14  NFunc =   224  E =      10.70156  RMSG = 1.4112445e+00
 MIN: Iter =   15  NFunc =   230  E =      10.38352  RMSG = 3.0374066e-01
 MIN: Iter =   16  NFunc =   237  E =      10.27669  RMSG = 3.8047740e-01
 MIN: Iter =   17  NFunc =   243  E =      10.15631  RMSG = 8.2178803e-01
 MIN: Iter =   18  NFunc =   249  E =      10.02948  RMSG = 2.3429146e-01
 MIN: Iter =   19  NFunc =   256  E =       9.97911  RMSG = 4.9462244e-01
 MIN: Iter =   20  NFunc =   276  E =       9.85189  RMSG = 4.4965019e-01
 MIN: Iter =   21  NFunc =   282  E =       9.82203  RMSG = 8.9985922e-02
 MIN: Iter =   22  NFunc =   333  E =       9.70172  RMSG = 3.5269667e-01
 MIN: Iter =   23  NFunc =   384  E =       9.58235  RMSG = 3.5589441e-01
 MIN: Iter =   24  NFunc =   404  E =       9.45962  RMSG = 3.5838144e-01
 MIN: Iter =   25  NFunc =   416  E =       9.32593  RMSG = 3.3446959e-01
 MIN: Iter =   26  NFunc =   426  E =       9.20156  RMSG = 3.4396411e-01
 MIN: Iter =   27  NFunc =   432  E =       9.08792  RMSG = 3.4677874e-01
 MIN: Iter =   28  NFunc =   438  E =       8.97965  RMSG = 3.2932754e-01
 MIN: Iter =   29  NFunc =   444  E =       8.83283  RMSG = 3.7425063e-01
 MIN: Iter =   30  NFunc =   450  E =       8.67911  RMSG = 3.9991004e-01
 MIN: Iter =   31  NFunc =   456  E =       8.53348  RMSG = 3.4468878e-01
 MIN: Iter =   32  NFunc =   462  E =       8.40701  RMSG = 2.7079224e-01
 MIN: Iter =   33  NFunc =   469  E =       8.30787  RMSG = 2.4149968e-01
 MIN: Iter =   34  NFunc =   491  E =       8.20281  RMSG = 3.7378097e-01
 MIN: Iter =   35  NFunc =   506  E =       8.15108  RMSG = 1.6674446e-01
 MIN: Iter =   36  NFunc =   533  E =       8.09164  RMSG = 1.7537620e-01
 MIN: Iter =   37  NFunc =   580  E =       8.03573  RMSG = 2.6929859e-01
 MIN: Iter =   38  NFunc =   601  E =       8.01118  RMSG = 6.5944761e-02
 MIN: Iter =   39  NFunc =   638  E =       7.99718  RMSG = 6.9722381e-02
 MIN: Iter =   40  NFunc =   647  E =       7.99574  RMSG = 2.5713423e-02
 MIN: Iter =   41  NFunc =   680  E =       7.99181  RMSG = 2.8496404e-02
 MIN: Iter =   42  NFunc =   731  E =       7.98862  RMSG = 3.7491444e-02
 MIN: Iter =   43  NFunc =   755  E =       7.98530  RMSG = 2.9417508e-02
 MIN: Iter =   44  NFunc =   801  E =       7.98315  RMSG = 2.1886474e-02
 MIN: Iter =   45  NFunc =   852  E =       7.98179  RMSG = 1.0299915e-02
 MIN: Iter =   46  NFunc =   887  E =       7.98143  RMSG = 5.7822024e-03
 MIN: Iter =   47  NFunc =   921  E =       7.98117  RMSG = 4.8816279e-03
 MIN: Iter =   48  NFunc =   952  E =       7.98106  RMSG = 2.8112128e-03
 MIN: Iter =   49  NFunc =   974  E =       7.98103  RMSG = 1.7532463e-03
 MIN: Iter =   50  NFunc =  1025  E =       7.98101  RMSG = 1.5471574e-03
 MIN: Iter =   51  NFunc =  1069  E =       7.98097  RMSG = 1.3660466e-03
 MIN: Iter =   52  NFunc =  1107  E =       7.98096  RMSG = 9.3712354e-04
 MIN: Iter =   53  NFunc =  1134  E =       7.98096  RMSG = 5.4826209e-04
 MIN: Iter =   54  NFunc =  1166  E =       7.98096  RMSG = 2.6819477e-04
----------------------------------------------------------------
 END:          :-)  E =       7.98096  RMSG =   0.0002682

     bond:      4.067119461
    angle:      7.582043417
 dihedral:    124.800409017
    enb14:     13.209717208
    eel14:    206.780161355
      enb:    -14.192425708
      eel:   -261.243897045
      egb:    -73.022169734
    econs:      0.000000000
    esurf:      0.000000000
    Total:      7.980957971
     frms:      0.000268195
====== rms.dat  ======================================================
#Frame      all_heavy
       1       1.0024
