====== tleap.out =====================================================
-I: Adding /home/case/amber24/dat/leap/prep to search path.
-I: Adding /home/case/amber24/dat/leap/lib to search path.
-I: Adding /home/case/amber24/dat/leap/parm to search path.
-I: Adding /home/case/amber24/dat/leap/cmd to search path.
-f: Source leap.in.

Welcome to LEaP!
(no leaprc in search path)
Sourcing: ./leap.in
Using Bondi radii
----- Source: /home/case/amber24/dat/leap/cmd/leaprc.gaff2
----- Source of /home/case/amber24/dat/leap/cmd/leaprc.gaff2 done
Log file: ./leap.log
Loading parameters: /home/case/amber24/dat/leap/parm/gaff2.dat
Reading title:
AMBER General Force Field for organic molecules (Version 2.2.20, March 2021)
Loading parameters: ./APG.frcmod
Reading force field modification type file (frcmod)
Reading title:
Remark line goes here
Loading Mol2 file: ./APG.mol2
Reading MOLECULE named APG
Checking Unit.

/home/case/amber24/bin/teLeap: Warning!
The unperturbed charge of the unit (-1.001001) is not zero.

/home/case/amber24/bin/teLeap: Note.
Ignoring the warning from Unit Checking.

Building topology.
"order_residues" off: keep input residue order.
Building atom parameters.
Building bond parameters.
Building angle parameters.
Building proper torsion parameters.
Building improper torsion parameters.
 total 7 improper torsions applied
Building H-Bond parameters.
Incorporating Non-Bonded adjustments.
Not Marking per-residue atom chain types.
Marking per-residue atom chain types.
  (Residues lacking connect0/connect1 - 
   these don't have chain types marked:

	res	total affected

	APG	1
  )
 (no restraints)
	Quit

Exiting LEaP: Errors = 0; Warnings = 1; Notes = 1.
====== min.o =========================================================
Reading parm file (APG.parm7)
title:
APG                                                                             
no velocities were found
no velocities were found
	mm_options:  ntpr=5
	mm_options:  gb=1
	mm_options:  kappa=0.10395
	mm_options:  rgbmax=99.
	mm_options:  cut=99.0
	mm_options:  wcons=0.
     bond:      1.543477013
    angle:      3.754576911
 dihedral:      4.065145986
    enb14:      7.882552400
    eel14:    144.554372061
      enb:      0.737242742
      eel:    -96.651826504
      egb:    -68.679245003
    econs:      0.000000000
    esurf:      0.000000000
    Total:     -2.793704395
     frms:      8.806619729
Starting TNCG minimisation
 MIN: Iter =    0  NFunc =     1  E =      -2.79370  RMSG = 8.8066197e+00
 MIN: Iter =    1  NFunc =     7  E =      -6.84795  RMSG = 2.1848618e+00
 MIN: Iter =    2  NFunc =    13  E =      -7.36790  RMSG = 7.8168885e-01
 MIN: Iter =    3  NFunc =    24  E =      -7.48018  RMSG = 4.7069256e-01
 MIN: Iter =    4  NFunc =    36  E =      -7.52690  RMSG = 2.9421975e-01
 MIN: Iter =    5  NFunc =    48  E =      -7.54125  RMSG = 9.5002853e-02
 MIN: Iter =    6  NFunc =    69  E =      -7.54798  RMSG = 2.2650966e-01
 MIN: Iter =    7  NFunc =    75  E =      -7.54955  RMSG = 6.8080512e-02
 MIN: Iter =    8  NFunc =    85  E =      -7.55078  RMSG = 3.2296410e-02
 MIN: Iter =    9  NFunc =   123  E =      -7.55609  RMSG = 1.4486003e-01
 MIN: Iter =   10  NFunc =   136  E =      -7.55894  RMSG = 5.1174501e-02
 MIN: Iter =   11  NFunc =   170  E =      -7.56907  RMSG = 2.1385458e-01
 MIN: Iter =   12  NFunc =   177  E =      -7.57178  RMSG = 6.8343103e-02
 MIN: Iter =   13  NFunc =   204  E =      -7.59117  RMSG = 3.1269120e-01
 MIN: Iter =   14  NFunc =   211  E =      -7.59645  RMSG = 9.4064928e-02
 MIN: Iter =   15  NFunc =   236  E =      -7.64558  RMSG = 9.2697122e-01
 MIN: Iter =   16  NFunc =   242  E =      -7.67990  RMSG = 1.8130194e-01
 MIN: Iter =   17  NFunc =   269  E =      -7.77208  RMSG = 1.2201405e+00
 MIN: Iter =   18  NFunc =   275  E =      -7.83668  RMSG = 2.6588442e-01
 MIN: Iter =   19  NFunc =   311  E =      -7.96594  RMSG = 7.1798836e-01
 MIN: Iter =   20  NFunc =   317  E =      -8.00784  RMSG = 2.2112122e-01
 MIN: Iter =   21  NFunc =   348  E =      -8.10014  RMSG = 8.4738522e-01
 MIN: Iter =   22  NFunc =   355  E =      -8.15170  RMSG = 2.3881686e-01
 MIN: Iter =   23  NFunc =   365  E =      -8.17807  RMSG = 2.2755590e-01
 MIN: Iter =   24  NFunc =   372  E =      -8.18345  RMSG = 1.0829348e-01
 MIN: Iter =   25  NFunc =   379  E =      -8.18541  RMSG = 6.3357700e-02
 MIN: Iter =   26  NFunc =   389  E =      -8.18627  RMSG = 2.0928909e-02
 MIN: Iter =   27  NFunc =   395  E =      -8.18638  RMSG = 1.5447000e-02
 MIN: Iter =   28  NFunc =   416  E =      -8.18654  RMSG = 1.1052898e-02
 MIN: Iter =   29  NFunc =   424  E =      -8.18657  RMSG = 5.2158048e-03
 MIN: Iter =   30  NFunc =   433  E =      -8.18658  RMSG = 3.3975216e-03
 MIN: Iter =   31  NFunc =   440  E =      -8.18658  RMSG = 2.1851610e-03
 MIN: Iter =   32  NFunc =   449  E =      -8.18658  RMSG = 9.8708817e-04
 MIN: Iter =   33  NFunc =   479  E =      -8.18658  RMSG = 5.0649267e-04
 MIN: Iter =   34  NFunc =   485  E =      -8.18658  RMSG = 3.6233502e-04
----------------------------------------------------------------
 END:          :-)  E =      -8.18658  RMSG =   0.0003623

     bond:      1.828955669
    angle:      3.884262534
 dihedral:      3.604068056
    enb14:      4.880981465
    eel14:    137.466921154
      enb:     -0.830143186
      eel:    -86.979018956
      egb:    -72.042610963
    econs:      0.000000000
    esurf:      0.000000000
    Total:     -8.186584228
     frms:      0.000362335
====== rms.dat  ======================================================
#Frame      all_heavy
       1       0.4527
