====== tleap.out =====================================================
-I: Adding /home/case/amber24/dat/leap/prep to search path.
-I: Adding /home/case/amber24/dat/leap/lib to search path.
-I: Adding /home/case/amber24/dat/leap/parm to search path.
-I: Adding /home/case/amber24/dat/leap/cmd to search path.
-f: Source leap.in.

Welcome to LEaP!
(no leaprc in search path)
Sourcing: ./leap.in
Using Bondi radii
----- Source: /home/case/amber24/dat/leap/cmd/leaprc.gaff2
----- Source of /home/case/amber24/dat/leap/cmd/leaprc.gaff2 done
Log file: ./leap.log
Loading parameters: /home/case/amber24/dat/leap/parm/gaff2.dat
Reading title:
AMBER General Force Field for organic molecules (Version 2.2.20, March 2021)
Loading parameters: ./AQ5.frcmod
Reading force field modification type file (frcmod)
Reading title:
Remark line goes here
Loading Mol2 file: ./AQ5.mol2
Reading MOLECULE named AQ5
Checking Unit.
Building topology.
"order_residues" off: keep input residue order.
Building atom parameters.
Building bond parameters.
Building angle parameters.
Building proper torsion parameters.
Building improper torsion parameters.
 total 13 improper torsions applied
Building H-Bond parameters.
Incorporating Non-Bonded adjustments.
Not Marking per-residue atom chain types.
Marking per-residue atom chain types.
  (Residues lacking connect0/connect1 - 
   these don't have chain types marked:

	res	total affected

	AQ5	1
  )
 (no restraints)
	Quit

Exiting LEaP: Errors = 0; Warnings = 0; Notes = 0.
====== min.o =========================================================
Reading parm file (AQ5.parm7)
title:
AQ5                                                                             
no velocities were found
no velocities were found
	mm_options:  ntpr=5
	mm_options:  gb=1
	mm_options:  kappa=0.10395
	mm_options:  rgbmax=99.
	mm_options:  cut=99.0
	mm_options:  wcons=0.
     bond:      2.093793385
    angle:     26.544782844
 dihedral:     14.800859936
    enb14:     19.180211209
    eel14:    -62.388539923
      enb:     -6.052657241
      eel:     -7.607179414
      egb:    -16.556376511
    econs:      0.000000000
    esurf:      0.000000000
    Total:    -29.985105716
     frms:      9.327107228
Starting TNCG minimisation
 MIN: Iter =    0  NFunc =     1  E =     -29.98511  RMSG = 9.3271072e+00
 MIN: Iter =    1  NFunc =     7  E =     -41.62290  RMSG = 2.3498448e+00
 MIN: Iter =    2  NFunc =    15  E =     -43.25350  RMSG = 8.8237648e-01
 MIN: Iter =    3  NFunc =    22  E =     -43.73478  RMSG = 5.7174559e-01
 MIN: Iter =    4  NFunc =    32  E =     -43.98710  RMSG = 3.1381179e-01
 MIN: Iter =    5  NFunc =    60  E =     -44.23494  RMSG = 3.0345711e-01
 MIN: Iter =    6  NFunc =    79  E =     -44.35418  RMSG = 1.9317720e-01
 MIN: Iter =    7  NFunc =    90  E =     -44.37348  RMSG = 8.9897068e-02
 MIN: Iter =    8  NFunc =   121  E =     -44.38657  RMSG = 4.6414011e-02
 MIN: Iter =    9  NFunc =   143  E =     -44.38915  RMSG = 2.3033811e-02
 MIN: Iter =   10  NFunc =   167  E =     -44.39025  RMSG = 1.4790230e-02
 MIN: Iter =   11  NFunc =   175  E =     -44.39037  RMSG = 8.3005446e-03
 MIN: Iter =   12  NFunc =   186  E =     -44.39041  RMSG = 4.2512587e-03
 MIN: Iter =   13  NFunc =   205  E =     -44.39044  RMSG = 2.2920046e-03
 MIN: Iter =   14  NFunc =   228  E =     -44.39045  RMSG = 1.9029921e-03
 MIN: Iter =   15  NFunc =   248  E =     -44.39046  RMSG = 1.2217779e-03
 MIN: Iter =   16  NFunc =   272  E =     -44.39046  RMSG = 5.7629583e-04
 MIN: Iter =   17  NFunc =   292  E =     -44.39046  RMSG = 3.0272814e-04
----------------------------------------------------------------
 END:          :-)  E =     -44.39046  RMSG =   0.0003027

     bond:      2.636121488
    angle:     19.631021886
 dihedral:     14.800891026
    enb14:     13.786192998
    eel14:    -63.518095273
      enb:     -7.426397210
      eel:     -6.154517343
      egb:    -18.145676864
    econs:      0.000000000
    esurf:      0.000000000
    Total:    -44.390459292
     frms:      0.000302728
====== rms.dat  ======================================================
#Frame      all_heavy
       1       0.1575
