====== tleap.out =====================================================
-I: Adding /home/case/amber24/dat/leap/prep to search path.
-I: Adding /home/case/amber24/dat/leap/lib to search path.
-I: Adding /home/case/amber24/dat/leap/parm to search path.
-I: Adding /home/case/amber24/dat/leap/cmd to search path.
-f: Source leap.in.

Welcome to LEaP!
(no leaprc in search path)
Sourcing: ./leap.in
Using Bondi radii
----- Source: /home/case/amber24/dat/leap/cmd/leaprc.gaff2
----- Source of /home/case/amber24/dat/leap/cmd/leaprc.gaff2 done
Log file: ./leap.log
Loading parameters: /home/case/amber24/dat/leap/parm/gaff2.dat
Reading title:
AMBER General Force Field for organic molecules (Version 2.2.20, March 2021)
Loading parameters: ./AS9.frcmod
Reading force field modification type file (frcmod)
Reading title:
Remark line goes here
Loading Mol2 file: ./AS9.mol2
Reading MOLECULE named AS9
Checking Unit.

/home/case/amber24/bin/teLeap: Warning!
The unperturbed charge of the unit (-2.999001) is not zero.

/home/case/amber24/bin/teLeap: Note.
Ignoring the warning from Unit Checking.

Building topology.
"order_residues" off: keep input residue order.
Building atom parameters.
Building bond parameters.
Building angle parameters.
Building proper torsion parameters.
Building improper torsion parameters.
 total 2 improper torsions applied
Building H-Bond parameters.
Incorporating Non-Bonded adjustments.
Not Marking per-residue atom chain types.
Marking per-residue atom chain types.
  (Residues lacking connect0/connect1 - 
   these don't have chain types marked:

	res	total affected

	AS9	1
  )
 (no restraints)
	Quit

Exiting LEaP: Errors = 0; Warnings = 1; Notes = 1.
====== min.o =========================================================
Reading parm file (AS9.parm7)
title:
AS9                                                                             
no velocities were found
no velocities were found
	mm_options:  ntpr=5
	mm_options:  gb=1
	mm_options:  kappa=0.10395
	mm_options:  rgbmax=99.
	mm_options:  cut=99.0
	mm_options:  wcons=0.
     bond:      3.510343333
    angle:      7.800745015
 dihedral:     56.924484125
    enb14:      1.903258127
    eel14:    112.686459136
      enb:     -2.280488973
      eel:      2.895958016
      egb:   -424.797695669
    econs:      0.000000000
    esurf:      0.000000000
    Total:   -241.356936890
     frms:     14.954842598
Starting TNCG minimisation
 MIN: Iter =    0  NFunc =     1  E =    -241.35694  RMSG = 1.4954843e+01
 MIN: Iter =    1  NFunc =     9  E =    -252.61689  RMSG = 5.9902606e+00
 MIN: Iter =    2  NFunc =    15  E =    -255.27813  RMSG = 1.8898130e+00
 MIN: Iter =    3  NFunc =    25  E =    -256.25241  RMSG = 2.2979662e+00
 MIN: Iter =    4  NFunc =    31  E =    -256.49569  RMSG = 7.8585118e-01
 MIN: Iter =    5  NFunc =    42  E =    -256.68117  RMSG = 7.9318263e-01
 MIN: Iter =    6  NFunc =    65  E =    -256.84693  RMSG = 1.2103108e+00
 MIN: Iter =    7  NFunc =    71  E =    -256.89337  RMSG = 2.3401071e-01
 MIN: Iter =    8  NFunc =    86  E =    -256.91794  RMSG = 2.9425131e-01
 MIN: Iter =    9  NFunc =   109  E =    -256.93395  RMSG = 1.6634709e-01
 MIN: Iter =   10  NFunc =   118  E =    -256.93932  RMSG = 8.7686477e-02
 MIN: Iter =   11  NFunc =   132  E =    -256.94203  RMSG = 4.5555931e-02
 MIN: Iter =   12  NFunc =   141  E =    -256.94257  RMSG = 2.6108694e-02
 MIN: Iter =   13  NFunc =   161  E =    -256.94343  RMSG = 1.8956924e-02
 MIN: Iter =   14  NFunc =   173  E =    -256.94359  RMSG = 9.9625144e-03
 MIN: Iter =   15  NFunc =   190  E =    -256.94363  RMSG = 4.6007679e-03
 MIN: Iter =   16  NFunc =   214  E =    -256.94366  RMSG = 4.1254620e-03
 MIN: Iter =   17  NFunc =   230  E =    -256.94366  RMSG = 1.4641739e-03
 MIN: Iter =   18  NFunc =   238  E =    -256.94366  RMSG = 7.9020369e-04
 MIN: Iter =   19  NFunc =   249  E =    -256.94366  RMSG = 4.2843903e-04
----------------------------------------------------------------
 END:          :-)  E =    -256.94366  RMSG =   0.0004284

     bond:      2.368338225
    angle:     10.867742025
 dihedral:     50.896490856
    enb14:      1.067620954
    eel14:     92.576786398
      enb:     -2.022748776
      eel:     12.230407945
      egb:   -424.928298645
    econs:      0.000000000
    esurf:      0.000000000
    Total:   -256.943661018
     frms:      0.000428439
====== rms.dat  ======================================================
#Frame      all_heavy
       1       0.2613
