====== tleap.out =====================================================
-I: Adding /home/case/amber24/dat/leap/prep to search path.
-I: Adding /home/case/amber24/dat/leap/lib to search path.
-I: Adding /home/case/amber24/dat/leap/parm to search path.
-I: Adding /home/case/amber24/dat/leap/cmd to search path.
-f: Source leap.in.

Welcome to LEaP!
(no leaprc in search path)
Sourcing: ./leap.in
Using Bondi radii
----- Source: /home/case/amber24/dat/leap/cmd/leaprc.gaff2
----- Source of /home/case/amber24/dat/leap/cmd/leaprc.gaff2 done
Log file: ./leap.log
Loading parameters: /home/case/amber24/dat/leap/parm/gaff2.dat
Reading title:
AMBER General Force Field for organic molecules (Version 2.2.20, March 2021)
Loading parameters: ./AW5.frcmod
Reading force field modification type file (frcmod)
Reading title:
Remark line goes here
Loading Mol2 file: ./AW5.mol2
Reading MOLECULE named AW5
Checking Unit.

/home/case/amber24/bin/teLeap: Warning!
The unperturbed charge of the unit (-0.996999) is not zero.

/home/case/amber24/bin/teLeap: Note.
Ignoring the warning from Unit Checking.

Building topology.
"order_residues" off: keep input residue order.
Building atom parameters.
Building bond parameters.
Building angle parameters.
Building proper torsion parameters.
Building improper torsion parameters.
 total 7 improper torsions applied
Building H-Bond parameters.
Incorporating Non-Bonded adjustments.
Not Marking per-residue atom chain types.
Marking per-residue atom chain types.
  (Residues lacking connect0/connect1 - 
   these don't have chain types marked:

	res	total affected

	AW5	1
  )
 (no restraints)
	Quit

Exiting LEaP: Errors = 0; Warnings = 1; Notes = 1.
====== min.o =========================================================
Reading parm file (AW5.parm7)
title:
AW5                                                                             
no velocities were found
no velocities were found
	mm_options:  ntpr=5
	mm_options:  gb=1
	mm_options:  kappa=0.10395
	mm_options:  rgbmax=99.
	mm_options:  cut=99.0
	mm_options:  wcons=0.
     bond:      1.460080035
    angle:      2.519039369
 dihedral:      0.024059775
    enb14:      4.870009740
    eel14:     25.161807967
      enb:      0.243173761
      eel:    -26.371913853
      egb:    -76.621599768
    econs:      0.000000000
    esurf:      0.000000000
    Total:    -68.715342974
     frms:      8.461035544
Starting TNCG minimisation
 MIN: Iter =    0  NFunc =     1  E =     -68.71534  RMSG = 8.4610355e+00
 MIN: Iter =    1  NFunc =     7  E =     -71.61080  RMSG = 1.6023338e+00
 MIN: Iter =    2  NFunc =    13  E =     -71.75673  RMSG = 4.8828651e-01
 MIN: Iter =    3  NFunc =    19  E =     -71.77844  RMSG = 1.6637716e-01
 MIN: Iter =    4  NFunc =    26  E =     -71.78314  RMSG = 9.4095195e-02
 MIN: Iter =    5  NFunc =    34  E =     -71.78500  RMSG = 5.1562726e-02
 MIN: Iter =    6  NFunc =    41  E =     -71.78531  RMSG = 2.1060514e-02
 MIN: Iter =    7  NFunc =    53  E =     -71.78543  RMSG = 9.3994670e-03
 MIN: Iter =    8  NFunc =    60  E =     -71.78544  RMSG = 3.5755459e-03
 MIN: Iter =    9  NFunc =    68  E =     -71.78544  RMSG = 1.6547027e-03
 MIN: Iter =   10  NFunc =    97  E =     -71.78547  RMSG = 2.5907892e-02
 MIN: Iter =   11  NFunc =   103  E =     -71.78550  RMSG = 3.0098528e-03
 MIN: Iter =   12  NFunc =   120  E =     -71.78550  RMSG = 9.1665287e-04
 MIN: Iter =   13  NFunc =   140  E =     -71.78550  RMSG = 1.5943218e-03
 MIN: Iter =   14  NFunc =   150  E =     -71.78550  RMSG = 9.5630984e-04
 MIN: Iter =   15  NFunc =   162  E =     -71.78550  RMSG = 3.4539490e-04
----------------------------------------------------------------
 END:          :-)  E =     -71.78550  RMSG =   0.0003454

     bond:      0.711748488
    angle:      2.701662642
 dihedral:      0.000827099
    enb14:      3.772111850
    eel14:     24.213143976
      enb:     -0.301438381
      eel:    -25.310146150
      egb:    -77.573409714
    econs:      0.000000000
    esurf:      0.000000000
    Total:    -71.785500190
     frms:      0.000345395
====== rms.dat  ======================================================
#Frame      all_heavy
       1       0.0360
