====== tleap.out =====================================================
-I: Adding /home/case/amber24/dat/leap/prep to search path.
-I: Adding /home/case/amber24/dat/leap/lib to search path.
-I: Adding /home/case/amber24/dat/leap/parm to search path.
-I: Adding /home/case/amber24/dat/leap/cmd to search path.
-f: Source leap.in.

Welcome to LEaP!
(no leaprc in search path)
Sourcing: ./leap.in
Using Bondi radii
----- Source: /home/case/amber24/dat/leap/cmd/leaprc.gaff2
----- Source of /home/case/amber24/dat/leap/cmd/leaprc.gaff2 done
Log file: ./leap.log
Loading parameters: /home/case/amber24/dat/leap/parm/gaff2.dat
Reading title:
AMBER General Force Field for organic molecules (Version 2.2.20, March 2021)
Loading parameters: ./AWH.frcmod
Reading force field modification type file (frcmod)
Reading title:
Remark line goes here
Loading Mol2 file: ./AWH.mol2
Reading MOLECULE named AWH
Checking Unit.

/home/case/amber24/bin/teLeap: Warning!
The unperturbed charge of the unit (-2.002000) is not zero.

/home/case/amber24/bin/teLeap: Note.
Ignoring the warning from Unit Checking.

Building topology.
"order_residues" off: keep input residue order.
Building atom parameters.
Building bond parameters.
Building angle parameters.
Building proper torsion parameters.
Building improper torsion parameters.
 total 19 improper torsions applied
Building H-Bond parameters.
Incorporating Non-Bonded adjustments.
Not Marking per-residue atom chain types.
Marking per-residue atom chain types.
  (Residues lacking connect0/connect1 - 
   these don't have chain types marked:

	res	total affected

	AWH	1
  )
 (no restraints)
	Quit

Exiting LEaP: Errors = 0; Warnings = 1; Notes = 1.
====== min.o =========================================================
Reading parm file (AWH.parm7)
title:
AWH                                                                             
no velocities were found
no velocities were found
	mm_options:  ntpr=5
	mm_options:  gb=1
	mm_options:  kappa=0.10395
	mm_options:  rgbmax=99.
	mm_options:  cut=99.0
	mm_options:  wcons=0.
     bond:      4.224518363
    angle:     11.999886218
 dihedral:     13.262342075
    enb14:     14.052058180
    eel14:     34.725529591
      enb:      0.434177470
      eel:    -23.011828148
      egb:   -175.783465151
    econs:      0.000000000
    esurf:      0.000000000
    Total:   -120.096781401
     frms:     11.964815599
Starting TNCG minimisation
 MIN: Iter =    0  NFunc =     1  E =    -120.09678  RMSG = 1.1964816e+01
 MIN: Iter =    1  NFunc =     7  E =    -130.88266  RMSG = 2.9616849e+00
 MIN: Iter =    2  NFunc =    13  E =    -133.18820  RMSG = 1.8244337e+00
 MIN: Iter =    3  NFunc =    28  E =    -134.46562  RMSG = 8.5090197e-01
 MIN: Iter =    4  NFunc =    48  E =    -135.21847  RMSG = 7.2087584e-01
 MIN: Iter =    5  NFunc =    73  E =    -135.63353  RMSG = 5.4172862e-01
 MIN: Iter =    6  NFunc =    79  E =    -135.68141  RMSG = 2.1561949e-01
 MIN: Iter =    7  NFunc =   111  E =    -135.77758  RMSG = 2.7152340e-01
 MIN: Iter =    8  NFunc =   128  E =    -135.83122  RMSG = 5.3883405e-01
 MIN: Iter =    9  NFunc =   134  E =    -135.85594  RMSG = 1.5036445e-01
 MIN: Iter =   10  NFunc =   141  E =    -135.86771  RMSG = 1.2341738e-01
 MIN: Iter =   11  NFunc =   175  E =    -135.89422  RMSG = 5.6294980e-01
 MIN: Iter =   12  NFunc =   181  E =    -135.92125  RMSG = 1.0183483e-01
 MIN: Iter =   13  NFunc =   233  E =    -135.94832  RMSG = 2.3130156e-01
 MIN: Iter =   14  NFunc =   259  E =    -135.98154  RMSG = 4.6646462e-01
 MIN: Iter =   15  NFunc =   265  E =    -136.00251  RMSG = 1.0802302e-01
 MIN: Iter =   16  NFunc =   294  E =    -136.02738  RMSG = 2.6753489e-01
 MIN: Iter =   17  NFunc =   300  E =    -136.03868  RMSG = 1.0323953e-01
 MIN: Iter =   18  NFunc =   336  E =    -136.04796  RMSG = 2.2015628e-01
 MIN: Iter =   19  NFunc =   342  E =    -136.05387  RMSG = 5.4091531e-02
 MIN: Iter =   20  NFunc =   376  E =    -136.06014  RMSG = 1.3047224e-01
 MIN: Iter =   21  NFunc =   383  E =    -136.06266  RMSG = 4.7526725e-02
 MIN: Iter =   22  NFunc =   410  E =    -136.06756  RMSG = 4.9199676e-02
 MIN: Iter =   23  NFunc =   443  E =    -136.07097  RMSG = 7.0327454e-02
 MIN: Iter =   24  NFunc =   452  E =    -136.07177  RMSG = 2.3957842e-02
 MIN: Iter =   25  NFunc =   469  E =    -136.07304  RMSG = 3.4039292e-02
 MIN: Iter =   26  NFunc =   498  E =    -136.07532  RMSG = 5.2204725e-02
 MIN: Iter =   27  NFunc =   520  E =    -136.07629  RMSG = 1.5802283e-02
 MIN: Iter =   28  NFunc =   571  E =    -136.07811  RMSG = 6.1779424e-02
 MIN: Iter =   29  NFunc =   577  E =    -136.07847  RMSG = 1.5181907e-02
 MIN: Iter =   30  NFunc =   615  E =    -136.07909  RMSG = 1.1682471e-02
 MIN: Iter =   31  NFunc =   623  E =    -136.07914  RMSG = 7.1565440e-03
 MIN: Iter =   32  NFunc =   662  E =    -136.07952  RMSG = 1.4422644e-02
 MIN: Iter =   33  NFunc =   675  E =    -136.07957  RMSG = 4.9087253e-03
 MIN: Iter =   34  NFunc =   698  E =    -136.07964  RMSG = 3.9221768e-03
 MIN: Iter =   35  NFunc =   722  E =    -136.07969  RMSG = 3.2119334e-03
 MIN: Iter =   36  NFunc =   761  E =    -136.07972  RMSG = 2.3069046e-03
 MIN: Iter =   37  NFunc =   812  E =    -136.07980  RMSG = 6.4215619e-03
 MIN: Iter =   38  NFunc =   821  E =    -136.07982  RMSG = 4.7066328e-03
 MIN: Iter =   39  NFunc =   830  E =    -136.07983  RMSG = 2.8753979e-03
 MIN: Iter =   40  NFunc =   875  E =    -136.07992  RMSG = 4.1778915e-03
 MIN: Iter =   41  NFunc =   903  E =    -136.07999  RMSG = 4.0788159e-03
 MIN: Iter =   42  NFunc =   944  E =    -136.08006  RMSG = 4.0600955e-03
 MIN: Iter =   43  NFunc =   967  E =    -136.08008  RMSG = 1.9445007e-03
 MIN: Iter =   44  NFunc =  1018  E =    -136.08010  RMSG = 2.7355728e-03
 MIN: Iter =   45  NFunc =  1035  E =    -136.08011  RMSG = 1.6832849e-03
 MIN: Iter =   46  NFunc =  1073  E =    -136.08012  RMSG = 1.5027263e-03
 MIN: Iter =   47  NFunc =  1124  E =    -136.08013  RMSG = 1.1526589e-03
 MIN: Iter =   48  NFunc =  1168  E =    -136.08014  RMSG = 8.0597095e-04
 MIN: Iter =   49  NFunc =  1177  E =    -136.08014  RMSG = 4.6245276e-04
----------------------------------------------------------------
 END:          :-)  E =    -136.08014  RMSG =   0.0004625

     bond:      1.972566212
    angle:     10.527728060
 dihedral:      8.871334783
    enb14:      9.378727447
    eel14:     34.594796998
      enb:     -0.688353862
      eel:    -23.570068709
      egb:   -177.166867652
    econs:      0.000000000
    esurf:      0.000000000
    Total:   -136.080136722
     frms:      0.000462453
====== rms.dat  ======================================================
#Frame      all_heavy
       1       0.6047
