====== tleap.out =====================================================
-I: Adding /home/case/amber24/dat/leap/prep to search path.
-I: Adding /home/case/amber24/dat/leap/lib to search path.
-I: Adding /home/case/amber24/dat/leap/parm to search path.
-I: Adding /home/case/amber24/dat/leap/cmd to search path.
-f: Source leap.in.

Welcome to LEaP!
(no leaprc in search path)
Sourcing: ./leap.in
Using Bondi radii
----- Source: /home/case/amber24/dat/leap/cmd/leaprc.gaff2
----- Source of /home/case/amber24/dat/leap/cmd/leaprc.gaff2 done
Log file: ./leap.log
Loading parameters: /home/case/amber24/dat/leap/parm/gaff2.dat
Reading title:
AMBER General Force Field for organic molecules (Version 2.2.20, March 2021)
Loading parameters: ./AY3.frcmod
Reading force field modification type file (frcmod)
Reading title:
Remark line goes here
Loading Mol2 file: ./AY3.mol2
Reading MOLECULE named AY3
Checking Unit.

/home/case/amber24/bin/teLeap: Warning!
The unperturbed charge of the unit (-0.999000) is not zero.

/home/case/amber24/bin/teLeap: Note.
Ignoring the warning from Unit Checking.

Building topology.
"order_residues" off: keep input residue order.
Building atom parameters.
Building bond parameters.
Building angle parameters.
Building proper torsion parameters.
Building improper torsion parameters.
 total 17 improper torsions applied
Building H-Bond parameters.
Incorporating Non-Bonded adjustments.
Not Marking per-residue atom chain types.
Marking per-residue atom chain types.
  (Residues lacking connect0/connect1 - 
   these don't have chain types marked:

	res	total affected

	AY3	1
  )
 (no restraints)
	Quit

Exiting LEaP: Errors = 0; Warnings = 1; Notes = 1.
====== min.o =========================================================
Reading parm file (AY3.parm7)
title:
AY3                                                                             
no velocities were found
no velocities were found
	mm_options:  ntpr=5
	mm_options:  gb=1
	mm_options:  kappa=0.10395
	mm_options:  rgbmax=99.
	mm_options:  cut=99.0
	mm_options:  wcons=0.
     bond:      2.472902759
    angle:     30.362465813
 dihedral:     12.262008309
    enb14:      7.521889575
    eel14:     -2.483658886
      enb:     -0.819212217
      eel:    -21.297363532
      egb:    -75.560362779
    econs:      0.000000000
    esurf:      0.000000000
    Total:    -47.541330958
     frms:      9.814757829
Starting TNCG minimisation
 MIN: Iter =    0  NFunc =     1  E =     -47.54133  RMSG = 9.8147578e+00
 MIN: Iter =    1  NFunc =     7  E =     -53.50535  RMSG = 1.7968050e+00
 MIN: Iter =    2  NFunc =    17  E =     -54.57469  RMSG = 8.2812876e-01
 MIN: Iter =    3  NFunc =    60  E =     -55.13284  RMSG = 6.5806731e-01
 MIN: Iter =    4  NFunc =    80  E =     -55.49414  RMSG = 7.3631805e-01
 MIN: Iter =    5  NFunc =    86  E =     -55.66256  RMSG = 4.0008327e-01
 MIN: Iter =    6  NFunc =    92  E =     -55.73880  RMSG = 3.3104131e-01
 MIN: Iter =    7  NFunc =   103  E =     -55.78231  RMSG = 1.7783333e-01
 MIN: Iter =    8  NFunc =   118  E =     -55.79803  RMSG = 9.5059701e-02
 MIN: Iter =    9  NFunc =   147  E =     -55.80604  RMSG = 7.2295346e-02
 MIN: Iter =   10  NFunc =   158  E =     -55.80725  RMSG = 2.4794039e-02
 MIN: Iter =   11  NFunc =   169  E =     -55.80758  RMSG = 1.4213241e-02
 MIN: Iter =   12  NFunc =   190  E =     -55.80902  RMSG = 2.2899013e-02
 MIN: Iter =   13  NFunc =   197  E =     -55.80912  RMSG = 1.0440540e-02
 MIN: Iter =   14  NFunc =   212  E =     -55.80923  RMSG = 7.5875701e-03
 MIN: Iter =   15  NFunc =   232  E =     -55.80938  RMSG = 9.0718445e-03
 MIN: Iter =   16  NFunc =   250  E =     -55.80940  RMSG = 3.2251070e-03
 MIN: Iter =   17  NFunc =   263  E =     -55.80941  RMSG = 2.6232542e-03
 MIN: Iter =   18  NFunc =   274  E =     -55.80942  RMSG = 1.7080870e-03
 MIN: Iter =   19  NFunc =   286  E =     -55.80942  RMSG = 1.0124227e-03
 MIN: Iter =   20  NFunc =   320  E =     -55.80942  RMSG = 7.2618017e-04
 MIN: Iter =   21  NFunc =   327  E =     -55.80942  RMSG = 3.5350814e-04
----------------------------------------------------------------
 END:          :-)  E =     -55.80942  RMSG =   0.0003535

     bond:      1.253780059
    angle:     26.643264192
 dihedral:     12.710291274
    enb14:      5.759650559
    eel14:     -3.224088045
      enb:     -2.026732565
      eel:    -20.211974222
      egb:    -76.713610224
    econs:      0.000000000
    esurf:      0.000000000
    Total:    -55.809418973
     frms:      0.000353508
====== rms.dat  ======================================================
#Frame      all_heavy
       1       0.2524
