====== tleap.out =====================================================
-I: Adding /home/case/amber24/dat/leap/prep to search path.
-I: Adding /home/case/amber24/dat/leap/lib to search path.
-I: Adding /home/case/amber24/dat/leap/parm to search path.
-I: Adding /home/case/amber24/dat/leap/cmd to search path.
-f: Source leap.in.

Welcome to LEaP!
(no leaprc in search path)
Sourcing: ./leap.in
Using Bondi radii
----- Source: /home/case/amber24/dat/leap/cmd/leaprc.gaff2
----- Source of /home/case/amber24/dat/leap/cmd/leaprc.gaff2 done
Log file: ./leap.log
Loading parameters: /home/case/amber24/dat/leap/parm/gaff2.dat
Reading title:
AMBER General Force Field for organic molecules (Version 2.2.20, March 2021)
Loading parameters: ./AZ6.frcmod
Reading force field modification type file (frcmod)
Reading title:
Remark line goes here
Loading Mol2 file: ./AZ6.mol2
Reading MOLECULE named AZ6
Checking Unit.
Building topology.
"order_residues" off: keep input residue order.
Building atom parameters.
Building bond parameters.
Building angle parameters.
Building proper torsion parameters.
Building improper torsion parameters.
 total 15 improper torsions applied
Building H-Bond parameters.
Incorporating Non-Bonded adjustments.
Not Marking per-residue atom chain types.
Marking per-residue atom chain types.
  (Residues lacking connect0/connect1 - 
   these don't have chain types marked:

	res	total affected

	AZ6	1
  )
 (no restraints)
	Quit

Exiting LEaP: Errors = 0; Warnings = 0; Notes = 0.
====== min.o =========================================================
Reading parm file (AZ6.parm7)
title:
AZ6                                                                             
no velocities were found
no velocities were found
	mm_options:  ntpr=5
	mm_options:  gb=1
	mm_options:  kappa=0.10395
	mm_options:  rgbmax=99.
	mm_options:  cut=99.0
	mm_options:  wcons=0.
     bond:      4.815635654
    angle:     15.993372135
 dihedral:     51.259500317
    enb14:     18.725998289
    eel14:    -86.331200574
      enb:     -3.858228029
      eel:    -53.330982186
      egb:    -33.922990074
    econs:      0.000000000
    esurf:      0.000000000
    Total:    -86.648894467
     frms:     12.197052810
Starting TNCG minimisation
 MIN: Iter =    0  NFunc =     1  E =     -86.64889  RMSG = 1.2197053e+01
 MIN: Iter =    1  NFunc =     7  E =    -103.37412  RMSG = 3.1816642e+00
 MIN: Iter =    2  NFunc =    27  E =    -107.88096  RMSG = 1.4343549e+00
 MIN: Iter =    3  NFunc =    37  E =    -108.92238  RMSG = 6.3797377e-01
 MIN: Iter =    4  NFunc =    53  E =    -109.49730  RMSG = 5.0217897e-01
 MIN: Iter =    5  NFunc =    75  E =    -109.54200  RMSG = 5.7579326e-01
 MIN: Iter =    6  NFunc =    95  E =    -109.76868  RMSG = 2.7965083e-01
 MIN: Iter =    7  NFunc =   143  E =    -109.77772  RMSG = 2.9670244e-01
 MIN: Iter =    8  NFunc =   187  E =    -109.98082  RMSG = 3.0086662e-01
 MIN: Iter =    9  NFunc =   211  E =    -110.10243  RMSG = 2.7598033e-01
 MIN: Iter =   10  NFunc =   231  E =    -110.20209  RMSG = 2.7246588e-01
 MIN: Iter =   11  NFunc =   242  E =    -110.27337  RMSG = 2.1492267e-01
 MIN: Iter =   12  NFunc =   261  E =    -110.33377  RMSG = 2.0194531e-01
 MIN: Iter =   13  NFunc =   312  E =    -110.51309  RMSG = 3.4436085e-01
 MIN: Iter =   14  NFunc =   340  E =    -110.68766  RMSG = 4.4460137e-01
 MIN: Iter =   15  NFunc =   346  E =    -110.77734  RMSG = 2.9064448e-01
 MIN: Iter =   16  NFunc =   382  E =    -110.92937  RMSG = 3.7987866e-01
 MIN: Iter =   17  NFunc =   402  E =    -111.04069  RMSG = 3.4331452e-01
 MIN: Iter =   18  NFunc =   413  E =    -111.09142  RMSG = 1.5417287e-01
 MIN: Iter =   19  NFunc =   428  E =    -111.10186  RMSG = 1.8538878e-01
 MIN: Iter =   20  NFunc =   444  E =    -111.14302  RMSG = 2.9225282e-01
 MIN: Iter =   21  NFunc =   450  E =    -111.15687  RMSG = 1.0044710e-01
 MIN: Iter =   22  NFunc =   501  E =    -111.19429  RMSG = 2.8069240e-01
 MIN: Iter =   23  NFunc =   509  E =    -111.21351  RMSG = 1.0350745e-01
 MIN: Iter =   24  NFunc =   531  E =    -111.23002  RMSG = 1.2517834e-01
 MIN: Iter =   25  NFunc =   544  E =    -111.23463  RMSG = 4.4451693e-02
 MIN: Iter =   26  NFunc =   595  E =    -111.24201  RMSG = 4.9825344e-02
 MIN: Iter =   27  NFunc =   613  E =    -111.24523  RMSG = 2.7799361e-02
 MIN: Iter =   28  NFunc =   663  E =    -111.24888  RMSG = 3.2820115e-02
 MIN: Iter =   29  NFunc =   669  E =    -111.24905  RMSG = 1.2031368e-02
 MIN: Iter =   30  NFunc =   721  E =    -111.24960  RMSG = 1.8286612e-02
 MIN: Iter =   31  NFunc =   748  E =    -111.25150  RMSG = 3.1585602e-02
 MIN: Iter =   32  NFunc =   759  E =    -111.25177  RMSG = 1.1118026e-02
 MIN: Iter =   33  NFunc =   795  E =    -111.25219  RMSG = 8.2100332e-03
 MIN: Iter =   34  NFunc =   843  E =    -111.25244  RMSG = 5.0548455e-03
 MIN: Iter =   35  NFunc =   870  E =    -111.25246  RMSG = 1.9780672e-03
 MIN: Iter =   36  NFunc =   903  E =    -111.25250  RMSG = 2.0724012e-03
 MIN: Iter =   37  NFunc =   929  E =    -111.25251  RMSG = 1.0651688e-03
 MIN: Iter =   38  NFunc =   948  E =    -111.25251  RMSG = 6.4085208e-04
 MIN: Iter =   39  NFunc =   999  E =    -111.25252  RMSG = 5.4031204e-04
 MIN: Iter =   40  NFunc =  1015  E =    -111.25252  RMSG = 3.0179548e-04
----------------------------------------------------------------
 END:          :-)  E =    -111.25252  RMSG =   0.0003018

     bond:      4.187479468
    angle:     11.073825591
 dihedral:     47.316871011
    enb14:     12.421150376
    eel14:    -90.318027505
      enb:     -6.594410144
      eel:    -52.031280901
      egb:    -37.308123991
    econs:      0.000000000
    esurf:      0.000000000
    Total:   -111.252516095
     frms:      0.000301795
====== rms.dat  ======================================================
#Frame      all_heavy
       1       0.9889
