====== tleap.out =====================================================
-I: Adding /home/case/amber26/dat/leap/prep to search path.
-I: Adding /home/case/amber26/dat/leap/lib to search path.
-I: Adding /home/case/amber26/dat/leap/parm to search path.
-I: Adding /home/case/amber26/dat/leap/cmd to search path.
-f: Source leap.in.

Welcome to LEaP!
(no leaprc in search path)
Sourcing: ./leap.in
Using Bondi radii
----- Source: /home/case/amber26/dat/leap/cmd/leaprc.gaff2
----- Source of /home/case/amber26/dat/leap/cmd/leaprc.gaff2 done
Log file: ./leap.log
Loading parameters: /home/case/amber26/dat/leap/parm/gaff2.dat
Reading title:
AMBER General Force Field for organic molecules (Version 2.2.30, Oct 2025)
Loading parameters: ./I0H.frcmod
Reading force field modification type file (frcmod)
Reading title:
Remark line goes here
Loading Mol2 file: ./I0H.mol2
Reading MOLECULE named I0H
Checking Unit.

/home/case/amber26/bin/teLeap: Warning!
The unperturbed charge of the unit (-1.999000) is not zero.

/home/case/amber26/bin/teLeap: Note.
Ignoring the warning from Unit Checking.

Building topology.
"order_residues" off: keep input residue order.
Building atom parameters.
Building bond parameters.
Building angle parameters.
Building proper torsion parameters.
Building improper torsion parameters.
 total 8 improper torsions applied
Building H-Bond parameters.
Incorporating Non-Bonded adjustments.
Not Marking per-residue atom chain types.
Marking per-residue atom chain types.
  (Residues lacking connect0/connect1 - 
   these don't have chain types marked:

	res	total affected

	I0H	1
  )
 (no restraints)
	Quit

Exiting LEaP: Errors = 0; Warnings = 1; Notes = 1.
====== min.o =========================================================
Reading parm file (I0H.parm7)
title:
I0H                                                                             
no velocities were found
no velocities were found
	mm_options:  ntpr=5
	mm_options:  gb=1
	mm_options:  kappa=0.10395
	mm_options:  rgbmax=99.
	mm_options:  cut=99.0
	mm_options:  wcons=0.
     bond:     10.662284155
    angle:     34.658594667
 dihedral:     35.369805154
    enb14:     10.373154382
    eel14:   -140.955117199
      enb:     -5.717329849
      eel:     -3.619822372
      egb:   -257.396489928
    econs:      0.000000000
    esurf:      0.000000000
    Total:   -316.624920989
     frms:     22.841971398
Starting TNCG minimisation
 MIN: Iter =    0  NFunc =     1  E =    -316.62492  RMSG = 2.2841971e+01
 MIN: Iter =    1  NFunc =     7  E =    -343.85558  RMSG = 3.6104444e+00
 MIN: Iter =    2  NFunc =    17  E =    -346.62586  RMSG = 1.2929967e+00
 MIN: Iter =    3  NFunc =    27  E =    -347.26579  RMSG = 8.2013999e-01
 MIN: Iter =    4  NFunc =    38  E =    -347.55789  RMSG = 1.1123355e+00
 MIN: Iter =    5  NFunc =    57  E =    -347.80853  RMSG = 6.8560498e-01
 MIN: Iter =    6  NFunc =    66  E =    -347.87929  RMSG = 2.6944250e-01
 MIN: Iter =    7  NFunc =   110  E =    -348.06375  RMSG = 6.7013328e-01
 MIN: Iter =    8  NFunc =   116  E =    -348.13697  RMSG = 2.9249848e-01
 MIN: Iter =    9  NFunc =   130  E =    -348.24125  RMSG = 7.5109280e-01
 MIN: Iter =   10  NFunc =   136  E =    -348.29426  RMSG = 1.7865149e-01
 MIN: Iter =   11  NFunc =   153  E =    -348.33191  RMSG = 4.4098380e-01
 MIN: Iter =   12  NFunc =   161  E =    -348.35055  RMSG = 1.1533756e-01
 MIN: Iter =   13  NFunc =   209  E =    -348.36652  RMSG = 2.4992595e-01
 MIN: Iter =   14  NFunc =   221  E =    -348.38239  RMSG = 5.7098588e-01
 MIN: Iter =   15  NFunc =   227  E =    -348.40647  RMSG = 2.5005333e-01
 MIN: Iter =   16  NFunc =   277  E =    -348.42462  RMSG = 4.7506934e-01
 MIN: Iter =   17  NFunc =   286  E =    -348.45099  RMSG = 4.6802712e-01
 MIN: Iter =   18  NFunc =   293  E =    -348.48853  RMSG = 7.2003870e-01
 MIN: Iter =   19  NFunc =   300  E =    -348.53425  RMSG = 7.3257709e-01
 MIN: Iter =   20  NFunc =   307  E =    -348.61189  RMSG = 1.0718109e+00
 MIN: Iter =   21  NFunc =   313  E =    -348.75413  RMSG = 1.8056312e+00
 MIN: Iter =   22  NFunc =   319  E =    -348.97156  RMSG = 5.7399702e-01
 MIN: Iter =   23  NFunc =   326  E =    -349.08276  RMSG = 1.0567717e+00
 MIN: Iter =   24  NFunc =   332  E =    -349.20892  RMSG = 6.6876859e-01
 MIN: Iter =   25  NFunc =   338  E =    -349.27550  RMSG = 4.3158649e-01
 MIN: Iter =   26  NFunc =   345  E =    -349.30471  RMSG = 1.8571642e-01
 MIN: Iter =   27  NFunc =   384  E =    -349.36228  RMSG = 5.0828670e-01
 MIN: Iter =   28  NFunc =   390  E =    -349.37691  RMSG = 8.9172142e-02
 MIN: Iter =   29  NFunc =   411  E =    -349.38893  RMSG = 8.9093190e-02
 MIN: Iter =   30  NFunc =   441  E =    -349.39382  RMSG = 3.7880306e-02
 MIN: Iter =   31  NFunc =   457  E =    -349.39465  RMSG = 1.7989178e-02
 MIN: Iter =   32  NFunc =   476  E =    -349.39507  RMSG = 1.1004936e-02
 MIN: Iter =   33  NFunc =   495  E =    -349.39531  RMSG = 8.1676964e-03
 MIN: Iter =   34  NFunc =   527  E =    -349.39563  RMSG = 7.2669723e-03
 MIN: Iter =   35  NFunc =   543  E =    -349.39570  RMSG = 5.6659952e-03
 MIN: Iter =   36  NFunc =   582  E =    -349.39595  RMSG = 1.4088729e-02
 MIN: Iter =   37  NFunc =   596  E =    -349.39600  RMSG = 4.3025344e-03
 MIN: Iter =   38  NFunc =   647  E =    -349.39604  RMSG = 2.9839701e-03
 MIN: Iter =   39  NFunc =   666  E =    -349.39604  RMSG = 1.0429931e-03
 MIN: Iter =   40  NFunc =   681  E =    -349.39605  RMSG = 8.2569677e-04
 MIN: Iter =   41  NFunc =   724  E =    -349.39605  RMSG = 7.3073551e-04
 MIN: Iter =   42  NFunc =   763  E =    -349.39605  RMSG = 4.2075499e-04
----------------------------------------------------------------
 END:          :-)  E =    -349.39605  RMSG =   0.0004208

     bond:      2.307159478
    angle:     23.776456910
 dihedral:     32.532717618
    enb14:      7.189627051
    eel14:   -137.936264395
      enb:     -6.759147124
      eel:     -5.444677683
      egb:   -265.061923846
    econs:      0.000000000
    esurf:      0.000000000
    Total:   -349.396051991
     frms:      0.000420755
====== rms.dat  ======================================================
#Frame      all_heavy
       1       0.3332
