====== tleap.out =====================================================
-I: Adding /home/case/amber24/dat/leap/prep to search path.
-I: Adding /home/case/amber24/dat/leap/lib to search path.
-I: Adding /home/case/amber24/dat/leap/parm to search path.
-I: Adding /home/case/amber24/dat/leap/cmd to search path.
-f: Source leap.in.

Welcome to LEaP!
(no leaprc in search path)
Sourcing: ./leap.in
Using Bondi radii
----- Source: /home/case/amber24/dat/leap/cmd/leaprc.gaff2
----- Source of /home/case/amber24/dat/leap/cmd/leaprc.gaff2 done
Log file: ./leap.log
Loading parameters: /home/case/amber24/dat/leap/parm/gaff2.dat
Reading title:
AMBER General Force Field for organic molecules (Version 2.2.20, March 2021)
Loading parameters: ./I14.frcmod
Reading force field modification type file (frcmod)
Reading title:
Remark line goes here
Loading Mol2 file: ./I14.mol2
Reading MOLECULE named I14
Checking Unit.
Building topology.
"order_residues" off: keep input residue order.
Building atom parameters.
Building bond parameters.
Building angle parameters.
Building proper torsion parameters.
Building improper torsion parameters.
 total 16 improper torsions applied
Building H-Bond parameters.
Incorporating Non-Bonded adjustments.
Not Marking per-residue atom chain types.
Marking per-residue atom chain types.
  (Residues lacking connect0/connect1 - 
   these don't have chain types marked:

	res	total affected

	I14	1
  )
 (no restraints)
	Quit

Exiting LEaP: Errors = 0; Warnings = 0; Notes = 0.
====== min.o =========================================================
Reading parm file (I14.parm7)
title:
I14                                                                             
no velocities were found
no velocities were found
	mm_options:  ntpr=5
	mm_options:  gb=1
	mm_options:  kappa=0.10395
	mm_options:  rgbmax=99.
	mm_options:  cut=99.0
	mm_options:  wcons=0.
     bond:      2.490447188
    angle:     24.764890977
 dihedral:     28.858924963
    enb14:     11.800045501
    eel14:   -160.536651782
      enb:     -2.339540715
      eel:     57.493050332
      egb:    -23.875131424
    econs:      0.000000000
    esurf:      0.000000000
    Total:    -61.343964960
     frms:      9.734672689
Starting TNCG minimisation
 MIN: Iter =    0  NFunc =     1  E =     -61.34396  RMSG = 9.7346727e+00
 MIN: Iter =    1  NFunc =     7  E =     -71.69886  RMSG = 2.1004704e+00
 MIN: Iter =    2  NFunc =    16  E =     -72.58511  RMSG = 2.1826083e+00
 MIN: Iter =    3  NFunc =    24  E =     -73.40894  RMSG = 6.3008024e-01
 MIN: Iter =    4  NFunc =    67  E =     -73.57884  RMSG = 7.0012658e-01
 MIN: Iter =    5  NFunc =    84  E =     -73.92621  RMSG = 4.5277148e-01
 MIN: Iter =    6  NFunc =   109  E =     -74.09209  RMSG = 5.4262972e-01
 MIN: Iter =    7  NFunc =   118  E =     -74.23932  RMSG = 9.1318821e-01
 MIN: Iter =    8  NFunc =   130  E =     -74.26302  RMSG = 8.4986950e-01
 MIN: Iter =    9  NFunc =   136  E =     -74.35597  RMSG = 2.3790145e-01
 MIN: Iter =   10  NFunc =   142  E =     -74.38208  RMSG = 1.8822870e-01
 MIN: Iter =   11  NFunc =   152  E =     -74.39819  RMSG = 9.6569393e-02
 MIN: Iter =   12  NFunc =   178  E =     -74.42092  RMSG = 1.5284793e-01
 MIN: Iter =   13  NFunc =   221  E =     -74.44284  RMSG = 1.6122928e-01
 MIN: Iter =   14  NFunc =   227  E =     -74.44749  RMSG = 7.7815076e-02
 MIN: Iter =   15  NFunc =   256  E =     -74.46077  RMSG = 1.5939735e-01
 MIN: Iter =   16  NFunc =   270  E =     -74.47241  RMSG = 1.6907303e-01
 MIN: Iter =   17  NFunc =   285  E =     -74.48145  RMSG = 1.0383490e-01
 MIN: Iter =   18  NFunc =   293  E =     -74.48695  RMSG = 9.8658092e-02
 MIN: Iter =   19  NFunc =   299  E =     -74.48884  RMSG = 4.3417291e-02
 MIN: Iter =   20  NFunc =   329  E =     -74.49363  RMSG = 7.6877260e-02
 MIN: Iter =   21  NFunc =   361  E =     -74.49669  RMSG = 2.6716028e-02
 MIN: Iter =   22  NFunc =   403  E =     -74.49850  RMSG = 2.7763166e-02
 MIN: Iter =   23  NFunc =   442  E =     -74.49949  RMSG = 2.1972408e-02
 MIN: Iter =   24  NFunc =   451  E =     -74.49956  RMSG = 6.4069410e-03
 MIN: Iter =   25  NFunc =   478  E =     -74.49965  RMSG = 4.1806156e-03
 MIN: Iter =   26  NFunc =   518  E =     -74.49982  RMSG = 1.4401372e-02
 MIN: Iter =   27  NFunc =   524  E =     -74.49984  RMSG = 4.6346442e-03
 MIN: Iter =   28  NFunc =   542  E =     -74.49987  RMSG = 2.7730979e-03
 MIN: Iter =   29  NFunc =   583  E =     -74.49990  RMSG = 1.8510735e-03
 MIN: Iter =   30  NFunc =   634  E =     -74.49993  RMSG = 3.3146218e-03
 MIN: Iter =   31  NFunc =   685  E =     -74.50003  RMSG = 7.2229004e-03
 MIN: Iter =   32  NFunc =   737  E =     -74.50033  RMSG = 1.7672917e-02
 MIN: Iter =   33  NFunc =   750  E =     -74.50060  RMSG = 1.8097510e-02
 MIN: Iter =   34  NFunc =   772  E =     -74.50094  RMSG = 3.6827143e-02
 MIN: Iter =   35  NFunc =   778  E =     -74.50114  RMSG = 1.3072940e-02
 MIN: Iter =   36  NFunc =   830  E =     -74.50156  RMSG = 2.2154999e-02
 MIN: Iter =   37  NFunc =   882  E =     -74.50244  RMSG = 3.8707554e-02
 MIN: Iter =   38  NFunc =   900  E =     -74.50415  RMSG = 4.4525048e-02
 MIN: Iter =   39  NFunc =   910  E =     -74.50644  RMSG = 7.3502391e-02
 MIN: Iter =   40  NFunc =   916  E =     -74.50820  RMSG = 4.2250625e-02
 MIN: Iter =   41  NFunc =   927  E =     -74.51076  RMSG = 8.2282412e-02
 MIN: Iter =   42  NFunc =   935  E =     -74.51407  RMSG = 4.5968929e-02
 MIN: Iter =   43  NFunc =   942  E =     -74.51566  RMSG = 4.8691085e-02
 MIN: Iter =   44  NFunc =   950  E =     -74.51823  RMSG = 1.0274300e-01
 MIN: Iter =   45  NFunc =   959  E =     -74.52330  RMSG = 6.1237556e-02
 MIN: Iter =   46  NFunc =   979  E =     -74.52746  RMSG = 9.8415810e-02
 MIN: Iter =   47  NFunc =   988  E =     -74.53273  RMSG = 9.0465510e-02
 MIN: Iter =   48  NFunc =   994  E =     -74.53733  RMSG = 8.5695659e-02
 MIN: Iter =   49  NFunc =  1002  E =     -74.54441  RMSG = 1.0875770e-01
 MIN: Iter =   50  NFunc =  1008  E =     -74.55052  RMSG = 8.2694811e-02
 MIN: Iter =   51  NFunc =  1014  E =     -74.55455  RMSG = 9.6716975e-02
 MIN: Iter =   52  NFunc =  1023  E =     -74.56096  RMSG = 8.4564556e-02
 MIN: Iter =   53  NFunc =  1029  E =     -74.56624  RMSG = 8.4341961e-02
 MIN: Iter =   54  NFunc =  1035  E =     -74.57007  RMSG = 1.2421273e-01
 MIN: Iter =   55  NFunc =  1043  E =     -74.57451  RMSG = 5.4284569e-02
 MIN: Iter =   56  NFunc =  1049  E =     -74.57666  RMSG = 1.1479512e-01
 MIN: Iter =   57  NFunc =  1058  E =     -74.58187  RMSG = 5.9357427e-02
 MIN: Iter =   58  NFunc =  1064  E =     -74.58467  RMSG = 6.5543360e-02
 MIN: Iter =   59  NFunc =  1071  E =     -74.58684  RMSG = 4.5499855e-02
 MIN: Iter =   60  NFunc =  1083  E =     -74.58997  RMSG = 7.8833817e-02
 MIN: Iter =   61  NFunc =  1092  E =     -74.59217  RMSG = 3.5457060e-02
 MIN: Iter =   62  NFunc =  1109  E =     -74.59432  RMSG = 5.2717583e-02
 MIN: Iter =   63  NFunc =  1120  E =     -74.59685  RMSG = 6.4414112e-02
 MIN: Iter =   64  NFunc =  1129  E =     -74.59882  RMSG = 4.5213465e-02
 MIN: Iter =   65  NFunc =  1142  E =     -74.60112  RMSG = 5.7541984e-02
 MIN: Iter =   66  NFunc =  1154  E =     -74.60297  RMSG = 3.9701640e-02
 MIN: Iter =   67  NFunc =  1166  E =     -74.60449  RMSG = 7.8805375e-02
 MIN: Iter =   68  NFunc =  1174  E =     -74.60610  RMSG = 3.2482635e-02
 MIN: Iter =   69  NFunc =  1186  E =     -74.60730  RMSG = 4.7116761e-02
 MIN: Iter =   70  NFunc =  1195  E =     -74.60866  RMSG = 4.4919923e-02
 MIN: Iter =   71  NFunc =  1203  E =     -74.60982  RMSG = 3.4939550e-02
 MIN: Iter =   72  NFunc =  1212  E =     -74.61103  RMSG = 5.1264565e-02
 MIN: Iter =   73  NFunc =  1222  E =     -74.61264  RMSG = 5.4367931e-02
 MIN: Iter =   74  NFunc =  1230  E =     -74.61384  RMSG = 4.1927242e-02
 MIN: Iter =   75  NFunc =  1281  E =     -74.61726  RMSG = 7.2709947e-02
 MIN: Iter =   76  NFunc =  1287  E =     -74.61794  RMSG = 2.7806085e-02
 MIN: Iter =   77  NFunc =  1331  E =     -74.62108  RMSG = 1.1842543e-01
 MIN: Iter =   78  NFunc =  1337  E =     -74.62302  RMSG = 3.4371608e-02
 MIN: Iter =   79  NFunc =  1361  E =     -74.62625  RMSG = 4.6950754e-02
 MIN: Iter =   80  NFunc =  1370  E =     -74.62689  RMSG = 2.7802897e-02
 MIN: Iter =   81  NFunc =  1422  E =     -74.62814  RMSG = 3.9818833e-02
 MIN: Iter =   82  NFunc =  1432  E =     -74.62936  RMSG = 4.3531409e-02
 MIN: Iter =   83  NFunc =  1445  E =     -74.63014  RMSG = 1.7580234e-02
 MIN: Iter =   84  NFunc =  1485  E =     -74.63070  RMSG = 1.5371507e-02
 MIN: Iter =   85  NFunc =  1530  E =     -74.63155  RMSG = 2.1430922e-02
 MIN: Iter =   86  NFunc =  1566  E =     -74.63213  RMSG = 1.5060426e-02
 MIN: Iter =   87  NFunc =  1575  E =     -74.63219  RMSG = 7.3120687e-03
 MIN: Iter =   88  NFunc =  1626  E =     -74.63241  RMSG = 5.9033388e-03
 MIN: Iter =   89  NFunc =  1677  E =     -74.63263  RMSG = 1.0199900e-02
 MIN: Iter =   90  NFunc =  1710  E =     -74.63288  RMSG = 8.3666903e-03
 MIN: Iter =   91  NFunc =  1761  E =     -74.63318  RMSG = 1.5066602e-02
 MIN: Iter =   92  NFunc =  1779  E =     -74.63345  RMSG = 1.1020992e-02
 MIN: Iter =   93  NFunc =  1830  E =     -74.63393  RMSG = 3.8318187e-02
 MIN: Iter =   94  NFunc =  1837  E =     -74.63421  RMSG = 1.5718804e-02
 MIN: Iter =   95  NFunc =  1881  E =     -74.63483  RMSG = 2.0211107e-02
 MIN: Iter =   96  NFunc =  1902  E =     -74.63540  RMSG = 5.7010102e-02
 MIN: Iter =   97  NFunc =  1908  E =     -74.63591  RMSG = 2.1597389e-02
 MIN: Iter =   98  NFunc =  1930  E =     -74.63636  RMSG = 2.3519592e-02
 MIN: Iter =   99  NFunc =  1943  E =     -74.63677  RMSG = 2.2370057e-02
 MIN: Iter =  100  NFunc =  1953  E =     -74.63712  RMSG = 1.7772090e-02
----------------------------------------------------------------
 END:          :-)  E =     -74.63712  RMSG =   0.0177721

     bond:      1.571079446
    angle:     19.116129709
 dihedral:     28.058096507
    enb14:      9.062966958
    eel14:   -160.334405411
      enb:     -3.946295874
      eel:     57.512782065
      egb:    -25.677478365
    econs:      0.000000000
    esurf:      0.000000000
    Total:    -74.637124964
     frms:      0.017772090
====== rms.dat  ======================================================
#Frame      all_heavy
       1       1.6439
