====== tleap.out =====================================================
-I: Adding /home/case/amber24/dat/leap/prep to search path.
-I: Adding /home/case/amber24/dat/leap/lib to search path.
-I: Adding /home/case/amber24/dat/leap/parm to search path.
-I: Adding /home/case/amber24/dat/leap/cmd to search path.
-f: Source leap.in.

Welcome to LEaP!
(no leaprc in search path)
Sourcing: ./leap.in
Using Bondi radii
----- Source: /home/case/amber24/dat/leap/cmd/leaprc.gaff2
----- Source of /home/case/amber24/dat/leap/cmd/leaprc.gaff2 done
Log file: ./leap.log
Loading parameters: /home/case/amber24/dat/leap/parm/gaff2.dat
Reading title:
AMBER General Force Field for organic molecules (Version 2.2.20, March 2021)
Loading parameters: ./I47.frcmod
Reading force field modification type file (frcmod)
Reading title:
Remark line goes here
Loading Mol2 file: ./I47.mol2
Reading MOLECULE named I47
Checking Unit.
Building topology.
"order_residues" off: keep input residue order.
Building atom parameters.
Building bond parameters.
Building angle parameters.
Building proper torsion parameters.
Building improper torsion parameters.
 total 16 improper torsions applied
Building H-Bond parameters.
Incorporating Non-Bonded adjustments.
Not Marking per-residue atom chain types.
Marking per-residue atom chain types.
  (Residues lacking connect0/connect1 - 
   these don't have chain types marked:

	res	total affected

	I47	1
  )
 (no restraints)
	Quit

Exiting LEaP: Errors = 0; Warnings = 0; Notes = 0.
====== min.o =========================================================
Reading parm file (I47.parm7)
title:
I47                                                                             
no velocities were found
no velocities were found
	mm_options:  ntpr=5
	mm_options:  gb=1
	mm_options:  kappa=0.10395
	mm_options:  rgbmax=99.
	mm_options:  cut=99.0
	mm_options:  wcons=0.
     bond:      3.139737196
    angle:     13.388835648
 dihedral:     23.296897299
    enb14:     16.883443714
    eel14:     55.281252120
      enb:     -3.430457885
      eel:    -50.253641956
      egb:    -29.107606541
    econs:      0.000000000
    esurf:      0.000000000
    Total:     29.198459594
     frms:      8.531034938
Starting TNCG minimisation
 MIN: Iter =    0  NFunc =     1  E =      29.19846  RMSG = 8.5310349e+00
 MIN: Iter =    1  NFunc =     7  E =      16.62840  RMSG = 2.6940111e+00
 MIN: Iter =    2  NFunc =    13  E =      15.14231  RMSG = 1.0800602e+00
 MIN: Iter =    3  NFunc =    25  E =      14.44590  RMSG = 5.2715009e-01
 MIN: Iter =    4  NFunc =    47  E =      14.01570  RMSG = 3.0714655e-01
 MIN: Iter =    5  NFunc =    59  E =      13.85275  RMSG = 2.5309379e-01
 MIN: Iter =    6  NFunc =    90  E =      13.74310  RMSG = 4.1864766e-01
 MIN: Iter =    7  NFunc =    96  E =      13.71826  RMSG = 9.2979214e-02
 MIN: Iter =    8  NFunc =   131  E =      13.67889  RMSG = 1.7377661e-01
 MIN: Iter =    9  NFunc =   146  E =      13.66228  RMSG = 7.7673778e-02
 MIN: Iter =   10  NFunc =   164  E =      13.65342  RMSG = 5.1738771e-02
 MIN: Iter =   11  NFunc =   194  E =      13.64771  RMSG = 3.2308751e-02
 MIN: Iter =   12  NFunc =   222  E =      13.64597  RMSG = 1.5798290e-02
 MIN: Iter =   13  NFunc =   235  E =      13.64573  RMSG = 9.0323828e-03
 MIN: Iter =   14  NFunc =   263  E =      13.64554  RMSG = 5.7559846e-03
 MIN: Iter =   15  NFunc =   277  E =      13.64551  RMSG = 3.0978300e-03
 MIN: Iter =   16  NFunc =   312  E =      13.64546  RMSG = 2.9267464e-03
 MIN: Iter =   17  NFunc =   362  E =      13.64544  RMSG = 9.9341185e-04
 MIN: Iter =   18  NFunc =   380  E =      13.64544  RMSG = 6.1895145e-04
 MIN: Iter =   19  NFunc =   406  E =      13.64544  RMSG = 2.9902744e-04
----------------------------------------------------------------
 END:          :-)  E =      13.64544  RMSG =   0.0002990

     bond:      2.112504541
    angle:      9.575847362
 dihedral:     23.635436800
    enb14:     11.213915511
    eel14:     50.165595784
      enb:     -4.581267500
      eel:    -47.693082340
      egb:    -30.783514315
    econs:      0.000000000
    esurf:      0.000000000
    Total:     13.645435843
     frms:      0.000299027
====== rms.dat  ======================================================
#Frame      all_heavy
       1       0.2238
