====== tleap.out =====================================================
-I: Adding /home/case/amber24/dat/leap/prep to search path.
-I: Adding /home/case/amber24/dat/leap/lib to search path.
-I: Adding /home/case/amber24/dat/leap/parm to search path.
-I: Adding /home/case/amber24/dat/leap/cmd to search path.
-f: Source leap.in.

Welcome to LEaP!
(no leaprc in search path)
Sourcing: ./leap.in
Using Bondi radii
----- Source: /home/case/amber24/dat/leap/cmd/leaprc.gaff2
----- Source of /home/case/amber24/dat/leap/cmd/leaprc.gaff2 done
Log file: ./leap.log
Loading parameters: /home/case/amber24/dat/leap/parm/gaff2.dat
Reading title:
AMBER General Force Field for organic molecules (Version 2.2.20, March 2021)
Loading parameters: ./I69.frcmod
Reading force field modification type file (frcmod)
Reading title:
Remark line goes here
Loading Mol2 file: ./I69.mol2
Reading MOLECULE named I69
Checking Unit.
Building topology.
"order_residues" off: keep input residue order.
Building atom parameters.
Building bond parameters.
Building angle parameters.
Building proper torsion parameters.

/home/case/amber24/bin/teLeap: Note.
1-4: angle 1 10 duplicates bond ('triangular' bond) or angle ('square' bond)


/home/case/amber24/bin/teLeap: Note.
1-4: angle 1 7 duplicates bond ('triangular' bond) or angle ('square' bond)


/home/case/amber24/bin/teLeap: Note.
1-4: angle 7 10 duplicates bond ('triangular' bond) or angle ('square' bond)

Building improper torsion parameters.
 total 9 improper torsions applied
Building H-Bond parameters.
Incorporating Non-Bonded adjustments.
Not Marking per-residue atom chain types.
Marking per-residue atom chain types.
  (Residues lacking connect0/connect1 - 
   these don't have chain types marked:

	res	total affected

	I69	1
  )
 (no restraints)
	Quit

Exiting LEaP: Errors = 0; Warnings = 0; Notes = 3.
====== min.o =========================================================
Reading parm file (I69.parm7)
title:
I69                                                                             
no velocities were found
no velocities were found
	mm_options:  ntpr=5
	mm_options:  gb=1
	mm_options:  kappa=0.10395
	mm_options:  rgbmax=99.
	mm_options:  cut=99.0
	mm_options:  wcons=0.
     bond:      3.787985095
    angle:     18.825952325
 dihedral:     71.755854381
    enb14:     13.024350083
    eel14:    -16.850945059
      enb:     -9.809532103
      eel:   -143.313905494
      egb:    -38.252564538
    econs:      0.000000000
    esurf:      0.000000000
    Total:   -100.832805311
     frms:      8.706458795
Starting TNCG minimisation
 MIN: Iter =    0  NFunc =     1  E =    -100.83281  RMSG = 8.7064588e+00
 MIN: Iter =    1  NFunc =     7  E =    -112.76363  RMSG = 2.7617923e+00
 MIN: Iter =    2  NFunc =    15  E =    -115.97767  RMSG = 1.1146074e+00
 MIN: Iter =    3  NFunc =    36  E =    -117.93018  RMSG = 1.5527203e+00
 MIN: Iter =    4  NFunc =    63  E =    -119.15846  RMSG = 1.3549463e+00
 MIN: Iter =    5  NFunc =    77  E =    -119.90739  RMSG = 7.3015335e-01
 MIN: Iter =    6  NFunc =    87  E =    -120.22299  RMSG = 4.6714252e-01
 MIN: Iter =    7  NFunc =   138  E =    -120.73389  RMSG = 6.0114961e-01
 MIN: Iter =    8  NFunc =   148  E =    -121.15941  RMSG = 6.3910466e-01
 MIN: Iter =    9  NFunc =   154  E =    -121.57213  RMSG = 6.6063829e-01
 MIN: Iter =   10  NFunc =   160  E =    -121.95516  RMSG = 6.2487794e-01
 MIN: Iter =   11  NFunc =   167  E =    -122.37518  RMSG = 5.5060020e-01
 MIN: Iter =   12  NFunc =   174  E =    -122.71629  RMSG = 5.3516866e-01
 MIN: Iter =   13  NFunc =   180  E =    -122.91917  RMSG = 3.0222647e-01
 MIN: Iter =   14  NFunc =   186  E =    -123.02299  RMSG = 2.8744120e-01
 MIN: Iter =   15  NFunc =   206  E =    -123.18672  RMSG = 3.6919597e-01
 MIN: Iter =   16  NFunc =   247  E =    -123.40403  RMSG = 3.6350857e-01
 MIN: Iter =   17  NFunc =   271  E =    -123.49622  RMSG = 1.4557510e-01
 MIN: Iter =   18  NFunc =   322  E =    -123.60365  RMSG = 1.6899242e-01
 MIN: Iter =   19  NFunc =   347  E =    -123.70026  RMSG = 2.1422322e-01
 MIN: Iter =   20  NFunc =   360  E =    -123.76666  RMSG = 1.5354499e-01
 MIN: Iter =   21  NFunc =   372  E =    -123.81036  RMSG = 1.5445684e-01
 MIN: Iter =   22  NFunc =   382  E =    -123.82930  RMSG = 9.2361676e-02
 MIN: Iter =   23  NFunc =   433  E =    -123.88542  RMSG = 1.3404059e-01
 MIN: Iter =   24  NFunc =   459  E =    -123.92861  RMSG = 1.7125401e-01
 MIN: Iter =   25  NFunc =   472  E =    -123.95459  RMSG = 8.7231349e-02
 MIN: Iter =   26  NFunc =   495  E =    -123.97371  RMSG = 1.5135784e-01
 MIN: Iter =   27  NFunc =   501  E =    -123.97829  RMSG = 5.9129436e-02
 MIN: Iter =   28  NFunc =   539  E =    -123.99203  RMSG = 5.8692578e-02
 MIN: Iter =   29  NFunc =   590  E =    -124.00123  RMSG = 3.5934795e-02
 MIN: Iter =   30  NFunc =   620  E =    -124.00553  RMSG = 2.9705041e-02
 MIN: Iter =   31  NFunc =   662  E =    -124.00873  RMSG = 1.8391985e-02
 MIN: Iter =   32  NFunc =   713  E =    -124.01002  RMSG = 1.2181837e-02
 MIN: Iter =   33  NFunc =   732  E =    -124.01036  RMSG = 5.8205496e-03
 MIN: Iter =   34  NFunc =   783  E =    -124.01060  RMSG = 4.3321582e-03
 MIN: Iter =   35  NFunc =   800  E =    -124.01063  RMSG = 2.6579545e-03
 MIN: Iter =   36  NFunc =   830  E =    -124.01066  RMSG = 1.3626233e-03
 MIN: Iter =   37  NFunc =   881  E =    -124.01067  RMSG = 1.6224880e-03
 MIN: Iter =   38  NFunc =   932  E =    -124.01069  RMSG = 1.3272172e-03
 MIN: Iter =   39  NFunc =   983  E =    -124.01070  RMSG = 7.3946815e-04
 MIN: Iter =   40  NFunc =  1027  E =    -124.01071  RMSG = 4.8809770e-04
----------------------------------------------------------------
 END:          :-)  E =    -124.01071  RMSG =   0.0004881

     bond:      2.375676648
    angle:     14.287315827
 dihedral:     67.752277950
    enb14:      9.125764272
    eel14:    -27.206227546
      enb:    -12.789220506
      eel:   -133.785039369
      egb:    -43.771253693
    econs:      0.000000000
    esurf:      0.000000000
    Total:   -124.010706417
     frms:      0.000488098
====== rms.dat  ======================================================
#Frame      all_heavy
       1       0.8844
