====== tleap.out =====================================================
-I: Adding /home/case/amber24/dat/leap/prep to search path.
-I: Adding /home/case/amber24/dat/leap/lib to search path.
-I: Adding /home/case/amber24/dat/leap/parm to search path.
-I: Adding /home/case/amber24/dat/leap/cmd to search path.
-f: Source leap.in.

Welcome to LEaP!
(no leaprc in search path)
Sourcing: ./leap.in
Using Bondi radii
----- Source: /home/case/amber24/dat/leap/cmd/leaprc.gaff2
----- Source of /home/case/amber24/dat/leap/cmd/leaprc.gaff2 done
Log file: ./leap.log
Loading parameters: /home/case/amber24/dat/leap/parm/gaff2.dat
Reading title:
AMBER General Force Field for organic molecules (Version 2.2.20, March 2021)
Loading parameters: ./IAA.frcmod
Reading force field modification type file (frcmod)
Reading title:
Remark line goes here
Loading Mol2 file: ./IAA.mol2
Reading MOLECULE named IAA
Checking Unit.

/home/case/amber24/bin/teLeap: Warning!
The unperturbed charge of the unit (-1.004000) is not zero.

/home/case/amber24/bin/teLeap: Note.
Ignoring the warning from Unit Checking.

Building topology.
"order_residues" off: keep input residue order.
Building atom parameters.
Building bond parameters.
Building angle parameters.
Building proper torsion parameters.
Building improper torsion parameters.
 total 15 improper torsions applied
Building H-Bond parameters.
Incorporating Non-Bonded adjustments.
Not Marking per-residue atom chain types.
Marking per-residue atom chain types.
  (Residues lacking connect0/connect1 - 
   these don't have chain types marked:

	res	total affected

	IAA	1
  )
 (no restraints)
	Quit

Exiting LEaP: Errors = 0; Warnings = 1; Notes = 1.
====== min.o =========================================================
Reading parm file (IAA.parm7)
title:
IAA                                                                             
no velocities were found
no velocities were found
	mm_options:  ntpr=5
	mm_options:  gb=1
	mm_options:  kappa=0.10395
	mm_options:  rgbmax=99.
	mm_options:  cut=99.0
	mm_options:  wcons=0.
     bond:      8.410822624
    angle:     53.753915538
 dihedral:      5.879019938
    enb14:      6.028204694
    eel14:     -2.435040707
      enb:      7.314235947
      eel:     29.554572388
      egb:    -84.489804668
    econs:      0.000000000
    esurf:      0.000000000
    Total:     24.015925754
     frms:     20.347144956
Starting TNCG minimisation
 MIN: Iter =    0  NFunc =     1  E =      24.01593  RMSG = 2.0347145e+01
 MIN: Iter =    1  NFunc =     7  E =       8.44024  RMSG = 2.6758184e+00
 MIN: Iter =    2  NFunc =    18  E =       6.87458  RMSG = 7.7141602e-01
 MIN: Iter =    3  NFunc =    29  E =       6.52073  RMSG = 4.2636225e-01
 MIN: Iter =    4  NFunc =    57  E =       6.33275  RMSG = 5.6293848e-01
 MIN: Iter =    5  NFunc =    70  E =       6.24577  RMSG = 2.3042605e-01
 MIN: Iter =    6  NFunc =    84  E =       5.99100  RMSG = 5.0537979e-01
 MIN: Iter =    7  NFunc =   106  E =       5.68646  RMSG = 6.7380234e-01
 MIN: Iter =    8  NFunc =   112  E =       5.42261  RMSG = 6.7391574e-01
 MIN: Iter =    9  NFunc =   119  E =       5.19930  RMSG = 5.0620107e-01
 MIN: Iter =   10  NFunc =   141  E =       4.96558  RMSG = 5.8107224e-01
 MIN: Iter =   11  NFunc =   149  E =       4.88858  RMSG = 2.7533445e-01
 MIN: Iter =   12  NFunc =   160  E =       4.83225  RMSG = 2.4891649e-01
 MIN: Iter =   13  NFunc =   183  E =       4.75616  RMSG = 5.8973363e-01
 MIN: Iter =   14  NFunc =   189  E =       4.73370  RMSG = 1.4179682e-01
 MIN: Iter =   15  NFunc =   209  E =       4.72166  RMSG = 8.1255686e-02
 MIN: Iter =   16  NFunc =   222  E =       4.71765  RMSG = 4.1631638e-02
 MIN: Iter =   17  NFunc =   236  E =       4.71622  RMSG = 2.8356648e-02
 MIN: Iter =   18  NFunc =   267  E =       4.71543  RMSG = 1.4606652e-02
 MIN: Iter =   19  NFunc =   297  E =       4.71521  RMSG = 6.0906235e-03
 MIN: Iter =   20  NFunc =   321  E =       4.71518  RMSG = 2.9857924e-03
 MIN: Iter =   21  NFunc =   332  E =       4.71517  RMSG = 1.8603563e-03
 MIN: Iter =   22  NFunc =   348  E =       4.71517  RMSG = 9.3499610e-04
 MIN: Iter =   23  NFunc =   379  E =       4.71517  RMSG = 4.3336853e-04
----------------------------------------------------------------
 END:          :-)  E =       4.71517  RMSG =   0.0004334

     bond:      1.439404746
    angle:     46.281417194
 dihedral:     11.769378288
    enb14:      4.760201300
    eel14:     -2.331935084
      enb:     -0.563947605
      eel:     30.691411332
      egb:    -87.330760396
    econs:      0.000000000
    esurf:      0.000000000
    Total:      4.715169775
     frms:      0.000433369
====== rms.dat  ======================================================
#Frame      all_heavy
       1       0.4191
