====== tleap.out =====================================================
-I: Adding /home/case/amber24/dat/leap/prep to search path.
-I: Adding /home/case/amber24/dat/leap/lib to search path.
-I: Adding /home/case/amber24/dat/leap/parm to search path.
-I: Adding /home/case/amber24/dat/leap/cmd to search path.
-f: Source leap.in.

Welcome to LEaP!
(no leaprc in search path)
Sourcing: ./leap.in
Using Bondi radii
----- Source: /home/case/amber24/dat/leap/cmd/leaprc.gaff2
----- Source of /home/case/amber24/dat/leap/cmd/leaprc.gaff2 done
Log file: ./leap.log
Loading parameters: /home/case/amber24/dat/leap/parm/gaff2.dat
Reading title:
AMBER General Force Field for organic molecules (Version 2.2.20, March 2021)
Loading parameters: ./IBI.frcmod
Reading force field modification type file (frcmod)
Reading title:
Remark line goes here
Loading Mol2 file: ./IBI.mol2
Reading MOLECULE named IBI
Checking Unit.
Building topology.
"order_residues" off: keep input residue order.
Building atom parameters.
Building bond parameters.
Building angle parameters.
Building proper torsion parameters.

/home/case/amber24/bin/teLeap: Note.
1-4: angle 41 43 duplicates bond ('triangular' bond) or angle ('square' bond)


/home/case/amber24/bin/teLeap: Note.
1-4: angle 41 42 duplicates bond ('triangular' bond) or angle ('square' bond)


/home/case/amber24/bin/teLeap: Note.
1-4: angle 42 43 duplicates bond ('triangular' bond) or angle ('square' bond)

Building improper torsion parameters.
 total 16 improper torsions applied
Building H-Bond parameters.
Incorporating Non-Bonded adjustments.
Not Marking per-residue atom chain types.
Marking per-residue atom chain types.
  (Residues lacking connect0/connect1 - 
   these don't have chain types marked:

	res	total affected

	IBI	1
  )
 (no restraints)
	Quit

Exiting LEaP: Errors = 0; Warnings = 0; Notes = 3.
====== min.o =========================================================
Reading parm file (IBI.parm7)
title:
IBI                                                                             
no velocities were found
no velocities were found
	mm_options:  ntpr=5
	mm_options:  gb=1
	mm_options:  kappa=0.10395
	mm_options:  rgbmax=99.
	mm_options:  cut=99.0
	mm_options:  wcons=0.
     bond:      5.274405283
    angle:     21.540510447
 dihedral:     67.653443023
    enb14:     31.556597626
    eel14:     25.578648606
      enb:     12.151342536
      eel:    -63.314100823
      egb:    -28.427948857
    econs:      0.000000000
    esurf:      0.000000000
    Total:     72.012897842
     frms:     12.957201431
Starting TNCG minimisation
 MIN: Iter =    0  NFunc =     1  E =      72.01290  RMSG = 1.2957201e+01
 MIN: Iter =    1  NFunc =     7  E =      37.25860  RMSG = 4.0783250e+00
 MIN: Iter =    2  NFunc =    16  E =      27.96085  RMSG = 1.8466232e+00
 MIN: Iter =    3  NFunc =    47  E =      25.99751  RMSG = 1.9945796e+00
 MIN: Iter =    4  NFunc =    60  E =      21.23074  RMSG = 1.3506538e+00
 MIN: Iter =    5  NFunc =   111  E =      19.58803  RMSG = 1.7043953e+00
 MIN: Iter =    6  NFunc =   117  E =      18.08793  RMSG = 1.7495358e+00
 MIN: Iter =    7  NFunc =   141  E =      15.67248  RMSG = 1.7126517e+00
 MIN: Iter =    8  NFunc =   151  E =      13.59238  RMSG = 1.5944606e+00
 MIN: Iter =    9  NFunc =   157  E =      11.53372  RMSG = 1.5021209e+00
 MIN: Iter =   10  NFunc =   163  E =       9.90281  RMSG = 1.1638335e+00
 MIN: Iter =   11  NFunc =   169  E =       8.53886  RMSG = 1.2098740e+00
 MIN: Iter =   12  NFunc =   182  E =       7.20078  RMSG = 1.1426644e+00
 MIN: Iter =   13  NFunc =   190  E =       6.27131  RMSG = 7.8072177e-01
 MIN: Iter =   14  NFunc =   198  E =       5.70710  RMSG = 6.3102760e-01
 MIN: Iter =   15  NFunc =   204  E =       5.48006  RMSG = 3.3699435e-01
 MIN: Iter =   16  NFunc =   223  E =       5.14289  RMSG = 6.4977578e-01
 MIN: Iter =   17  NFunc =   229  E =       5.04665  RMSG = 1.7332353e-01
 MIN: Iter =   18  NFunc =   280  E =       4.79744  RMSG = 3.9911264e-01
 MIN: Iter =   19  NFunc =   286  E =       4.74651  RMSG = 1.5761487e-01
 MIN: Iter =   20  NFunc =   312  E =       4.67062  RMSG = 4.0780892e-01
 MIN: Iter =   21  NFunc =   318  E =       4.63651  RMSG = 6.8948514e-02
 MIN: Iter =   22  NFunc =   364  E =       4.60612  RMSG = 9.9723248e-02
 MIN: Iter =   23  NFunc =   399  E =       4.58897  RMSG = 6.7293528e-02
 MIN: Iter =   24  NFunc =   450  E =       4.56145  RMSG = 1.2525634e-01
 MIN: Iter =   25  NFunc =   474  E =       4.54750  RMSG = 4.1541567e-02
 MIN: Iter =   26  NFunc =   525  E =       4.52596  RMSG = 9.4073858e-02
 MIN: Iter =   27  NFunc =   534  E =       4.52166  RMSG = 3.6570187e-02
 MIN: Iter =   28  NFunc =   563  E =       4.51618  RMSG = 2.4501201e-02
 MIN: Iter =   29  NFunc =   604  E =       4.51301  RMSG = 1.8129291e-02
 MIN: Iter =   30  NFunc =   652  E =       4.51050  RMSG = 1.5046142e-02
 MIN: Iter =   31  NFunc =   681  E =       4.50994  RMSG = 7.5226812e-03
 MIN: Iter =   32  NFunc =   732  E =       4.50949  RMSG = 5.8343359e-03
 MIN: Iter =   33  NFunc =   783  E =       4.50905  RMSG = 4.9986432e-03
 MIN: Iter =   34  NFunc =   834  E =       4.50877  RMSG = 4.9357469e-03
 MIN: Iter =   35  NFunc =   878  E =       4.50861  RMSG = 2.6625674e-03
 MIN: Iter =   36  NFunc =   929  E =       4.50851  RMSG = 2.6089004e-03
 MIN: Iter =   37  NFunc =   964  E =       4.50848  RMSG = 1.7475734e-03
 MIN: Iter =   38  NFunc =  1010  E =       4.50846  RMSG = 1.2031488e-03
 MIN: Iter =   39  NFunc =  1061  E =       4.50844  RMSG = 1.2406850e-03
 MIN: Iter =   40  NFunc =  1112  E =       4.50843  RMSG = 1.2050413e-03
 MIN: Iter =   41  NFunc =  1124  E =       4.50842  RMSG = 7.1934214e-04
 MIN: Iter =   42  NFunc =  1160  E =       4.50842  RMSG = 6.3551775e-04
 MIN: Iter =   43  NFunc =  1181  E =       4.50842  RMSG = 3.8459952e-04
----------------------------------------------------------------
 END:          :-)  E =       4.50842  RMSG =   0.0003846

     bond:      5.179644754
    angle:      7.560124025
 dihedral:     51.393427481
    enb14:     20.447051816
    eel14:     18.000049828
      enb:     -9.434274817
      eel:    -57.454267015
      egb:    -31.183338453
    econs:      0.000000000
    esurf:      0.000000000
    Total:      4.508417618
     frms:      0.000384600
====== rms.dat  ======================================================
#Frame      all_heavy
       1       0.4792
