====== tleap.out =====================================================
-I: Adding /home/case/amber26/dat/leap/prep to search path.
-I: Adding /home/case/amber26/dat/leap/lib to search path.
-I: Adding /home/case/amber26/dat/leap/parm to search path.
-I: Adding /home/case/amber26/dat/leap/cmd to search path.
-f: Source leap.in.

Welcome to LEaP!
(no leaprc in search path)
Sourcing: ./leap.in
Using Bondi radii
----- Source: /home/case/amber26/dat/leap/cmd/leaprc.gaff2
----- Source of /home/case/amber26/dat/leap/cmd/leaprc.gaff2 done
Log file: ./leap.log
Loading parameters: /home/case/amber26/dat/leap/parm/gaff2.dat
Reading title:
AMBER General Force Field for organic molecules (Version 2.2.30, Oct 2025)
Loading parameters: ./IC0.frcmod
Reading force field modification type file (frcmod)
Reading title:
Remark line goes here
Loading Mol2 file: ./IC0.mol2
Reading MOLECULE named IC0
Checking Unit.

/home/case/amber26/bin/teLeap: Warning!
The unperturbed charge of the unit (-1.002000) is not zero.

/home/case/amber26/bin/teLeap: Note.
Ignoring the warning from Unit Checking.

Building topology.
"order_residues" off: keep input residue order.
Building atom parameters.
Building bond parameters.
Building angle parameters.
Building proper torsion parameters.
Building improper torsion parameters.
 total 3 improper torsions applied
Building H-Bond parameters.
Incorporating Non-Bonded adjustments.
Not Marking per-residue atom chain types.
Marking per-residue atom chain types.
  (Residues lacking connect0/connect1 - 
   these don't have chain types marked:

	res	total affected

	IC0	1
  )
 (no restraints)
	Quit

Exiting LEaP: Errors = 0; Warnings = 1; Notes = 1.
====== min.o =========================================================
Reading parm file (IC0.parm7)
title:
IC0                                                                             
no velocities were found
no velocities were found
	mm_options:  ntpr=5
	mm_options:  gb=1
	mm_options:  kappa=0.10395
	mm_options:  rgbmax=99.
	mm_options:  cut=99.0
	mm_options:  wcons=0.
     bond:      1.264584960
    angle:      3.236820595
 dihedral:      6.187559553
    enb14:      2.943710583
    eel14:    189.141262883
      enb:     -0.869460464
      eel:   -112.659646519
      egb:    -80.384449700
    econs:      0.000000000
    esurf:      0.000000000
    Total:      8.860381891
     frms:      8.220419585
Starting TNCG minimisation
 MIN: Iter =    0  NFunc =     1  E =       8.86038  RMSG = 8.2204196e+00
 MIN: Iter =    1  NFunc =     8  E =       3.58837  RMSG = 2.2685525e+00
 MIN: Iter =    2  NFunc =    14  E =       2.91709  RMSG = 7.8892372e-01
 MIN: Iter =    3  NFunc =    36  E =       2.57575  RMSG = 1.8945534e+00
 MIN: Iter =    4  NFunc =    42  E =       2.41239  RMSG = 6.6504972e-01
 MIN: Iter =    5  NFunc =    50  E =       2.33941  RMSG = 1.3562203e+00
 MIN: Iter =    6  NFunc =    56  E =       2.28049  RMSG = 2.7250522e-01
 MIN: Iter =    7  NFunc =    73  E =       2.21882  RMSG = 5.6671891e-01
 MIN: Iter =    8  NFunc =    79  E =       2.18254  RMSG = 2.4409716e-01
 MIN: Iter =    9  NFunc =    86  E =       2.16648  RMSG = 4.1321404e-01
 MIN: Iter =   10  NFunc =    92  E =       2.15925  RMSG = 1.1305619e-01
 MIN: Iter =   11  NFunc =   107  E =       2.15005  RMSG = 1.9597746e-01
 MIN: Iter =   12  NFunc =   136  E =       2.13840  RMSG = 1.7128522e-01
 MIN: Iter =   13  NFunc =   142  E =       2.13709  RMSG = 2.8647899e-02
 MIN: Iter =   14  NFunc =   156  E =       2.13572  RMSG = 3.2919053e-02
 MIN: Iter =   15  NFunc =   162  E =       2.13561  RMSG = 1.3785167e-02
 MIN: Iter =   16  NFunc =   176  E =       2.13553  RMSG = 6.3958886e-03
 MIN: Iter =   17  NFunc =   191  E =       2.13549  RMSG = 4.2817513e-03
 MIN: Iter =   18  NFunc =   211  E =       2.13545  RMSG = 3.1928807e-03
 MIN: Iter =   19  NFunc =   229  E =       2.13545  RMSG = 1.3050591e-03
 MIN: Iter =   20  NFunc =   241  E =       2.13545  RMSG = 8.1902257e-04
 MIN: Iter =   21  NFunc =   255  E =       2.13545  RMSG = 4.9151967e-04
----------------------------------------------------------------
 END:          :-)  E =       2.13545  RMSG =   0.0004915

     bond:      1.608142600
    angle:      3.859148088
 dihedral:      5.960520877
    enb14:      1.416842107
    eel14:    175.849453704
      enb:     -0.867197360
      eel:   -103.245661046
      egb:    -82.445803755
    econs:      0.000000000
    esurf:      0.000000000
    Total:      2.135445215
     frms:      0.000491520
====== rms.dat  ======================================================
#Frame      all_heavy
       1       0.2537
