====== tleap.out =====================================================
-I: Adding /home/case/amber24/dat/leap/prep to search path.
-I: Adding /home/case/amber24/dat/leap/lib to search path.
-I: Adding /home/case/amber24/dat/leap/parm to search path.
-I: Adding /home/case/amber24/dat/leap/cmd to search path.
-f: Source leap.in.

Welcome to LEaP!
(no leaprc in search path)
Sourcing: ./leap.in
Using Bondi radii
----- Source: /home/case/amber24/dat/leap/cmd/leaprc.gaff2
----- Source of /home/case/amber24/dat/leap/cmd/leaprc.gaff2 done
Log file: ./leap.log
Loading parameters: /home/case/amber24/dat/leap/parm/gaff2.dat
Reading title:
AMBER General Force Field for organic molecules (Version 2.2.20, March 2021)
Loading parameters: ./IE3.frcmod
Reading force field modification type file (frcmod)
Reading title:
Remark line goes here
Loading Mol2 file: ./IE3.mol2
Reading MOLECULE named IE3
Checking Unit.
Building topology.
"order_residues" off: keep input residue order.
Building atom parameters.
Building bond parameters.
Building angle parameters.
Building proper torsion parameters.
Building improper torsion parameters.
 total 13 improper torsions applied
Building H-Bond parameters.
Incorporating Non-Bonded adjustments.
Not Marking per-residue atom chain types.
Marking per-residue atom chain types.
  (Residues lacking connect0/connect1 - 
   these don't have chain types marked:

	res	total affected

	IE3	1
  )
 (no restraints)
	Quit

Exiting LEaP: Errors = 0; Warnings = 0; Notes = 0.
====== min.o =========================================================
Reading parm file (IE3.parm7)
title:
IE3                                                                             
no velocities were found
no velocities were found
	mm_options:  ntpr=5
	mm_options:  gb=1
	mm_options:  kappa=0.10395
	mm_options:  rgbmax=99.
	mm_options:  cut=99.0
	mm_options:  wcons=0.
     bond:      3.158226689
    angle:      8.184938220
 dihedral:     26.602305573
    enb14:     20.790876161
    eel14:    246.058975667
      enb:     -2.814471829
      eel:   -173.772468075
      egb:    -39.007864742
    econs:      0.000000000
    esurf:      0.000000000
    Total:     89.200517663
     frms:      9.912637283
Starting TNCG minimisation
 MIN: Iter =    0  NFunc =     1  E =      89.20052  RMSG = 9.9126373e+00
 MIN: Iter =    1  NFunc =     8  E =      71.60157  RMSG = 3.5247233e+00
 MIN: Iter =    2  NFunc =    15  E =      68.57483  RMSG = 1.3218207e+00
 MIN: Iter =    3  NFunc =    29  E =      67.38414  RMSG = 1.7143827e+00
 MIN: Iter =    4  NFunc =    43  E =      66.94239  RMSG = 3.8305528e-01
 MIN: Iter =    5  NFunc =    67  E =      66.77034  RMSG = 3.6389443e-01
 MIN: Iter =    6  NFunc =   114  E =      66.64327  RMSG = 3.0681212e-01
 MIN: Iter =    7  NFunc =   121  E =      66.62949  RMSG = 8.1652027e-02
 MIN: Iter =    8  NFunc =   139  E =      66.61887  RMSG = 5.4656947e-02
 MIN: Iter =    9  NFunc =   178  E =      66.60081  RMSG = 1.1775023e-01
 MIN: Iter =   10  NFunc =   206  E =      66.57786  RMSG = 1.7898246e-01
 MIN: Iter =   11  NFunc =   234  E =      66.53845  RMSG = 3.0891498e-01
 MIN: Iter =   12  NFunc =   243  E =      66.51899  RMSG = 8.9406625e-02
 MIN: Iter =   13  NFunc =   259  E =      66.45937  RMSG = 5.8455361e-01
 MIN: Iter =   14  NFunc =   265  E =      66.40752  RMSG = 1.3796404e-01
 MIN: Iter =   15  NFunc =   300  E =      66.34200  RMSG = 5.7466591e-01
 MIN: Iter =   16  NFunc =   306  E =      66.28743  RMSG = 1.2138539e-01
 MIN: Iter =   17  NFunc =   312  E =      66.27158  RMSG = 2.7109603e-01
 MIN: Iter =   18  NFunc =   327  E =      66.22560  RMSG = 1.4672645e-01
 MIN: Iter =   19  NFunc =   341  E =      66.20795  RMSG = 3.5981555e-01
 MIN: Iter =   20  NFunc =   347  E =      66.18232  RMSG = 1.1353754e-01
 MIN: Iter =   21  NFunc =   355  E =      66.16597  RMSG = 1.8424320e-01
 MIN: Iter =   22  NFunc =   362  E =      66.14606  RMSG = 2.7981766e-01
 MIN: Iter =   23  NFunc =   368  E =      66.10488  RMSG = 4.0927635e-01
 MIN: Iter =   24  NFunc =   374  E =      66.03216  RMSG = 2.9504889e-01
 MIN: Iter =   25  NFunc =   381  E =      65.98994  RMSG = 2.9918093e-01
 MIN: Iter =   26  NFunc =   388  E =      65.93382  RMSG = 3.4836989e-01
 MIN: Iter =   27  NFunc =   395  E =      65.85152  RMSG = 4.1826319e-01
 MIN: Iter =   28  NFunc =   401  E =      65.74104  RMSG = 5.8439259e-01
 MIN: Iter =   29  NFunc =   407  E =      65.64988  RMSG = 2.5372731e-01
 MIN: Iter =   30  NFunc =   430  E =      65.51467  RMSG = 5.3901575e-01
 MIN: Iter =   31  NFunc =   437  E =      65.43053  RMSG = 2.2275099e-01
 MIN: Iter =   32  NFunc =   453  E =      65.34629  RMSG = 5.5825490e-01
 MIN: Iter =   33  NFunc =   462  E =      65.27662  RMSG = 2.1078833e-01
 MIN: Iter =   34  NFunc =   470  E =      65.23839  RMSG = 2.2546213e-01
 MIN: Iter =   35  NFunc =   492  E =      65.19543  RMSG = 1.2614352e-01
 MIN: Iter =   36  NFunc =   507  E =      65.18321  RMSG = 5.9425997e-02
 MIN: Iter =   37  NFunc =   517  E =      65.18028  RMSG = 4.2685837e-02
 MIN: Iter =   38  NFunc =   568  E =      65.17083  RMSG = 5.9635626e-02
 MIN: Iter =   39  NFunc =   619  E =      65.15944  RMSG = 1.6178706e-01
 MIN: Iter =   40  NFunc =   642  E =      65.15026  RMSG = 6.1944799e-02
 MIN: Iter =   41  NFunc =   662  E =      65.14654  RMSG = 3.8113456e-02
 MIN: Iter =   42  NFunc =   713  E =      65.14157  RMSG = 1.7351435e-01
 MIN: Iter =   43  NFunc =   719  E =      65.13728  RMSG = 4.1475780e-02
 MIN: Iter =   44  NFunc =   765  E =      65.12992  RMSG = 6.9335257e-02
 MIN: Iter =   45  NFunc =   789  E =      65.12252  RMSG = 2.0187587e-01
 MIN: Iter =   46  NFunc =   796  E =      65.11554  RMSG = 5.9126893e-02
 MIN: Iter =   47  NFunc =   835  E =      65.10851  RMSG = 7.3909014e-02
 MIN: Iter =   48  NFunc =   850  E =      65.10138  RMSG = 2.2888404e-01
 MIN: Iter =   49  NFunc =   859  E =      65.08874  RMSG = 9.1016213e-02
 MIN: Iter =   50  NFunc =   870  E =      65.08078  RMSG = 1.1035833e-01
 MIN: Iter =   51  NFunc =   881  E =      65.07021  RMSG = 2.7210040e-01
 MIN: Iter =   52  NFunc =   889  E =      65.05490  RMSG = 8.0423448e-02
 MIN: Iter =   53  NFunc =   906  E =      65.04271  RMSG = 2.4994408e-01
 MIN: Iter =   54  NFunc =   914  E =      65.02231  RMSG = 7.4544305e-02
 MIN: Iter =   55  NFunc =   921  E =      65.01297  RMSG = 8.8853900e-02
 MIN: Iter =   56  NFunc =   932  E =      65.00137  RMSG = 1.2613548e-01
 MIN: Iter =   57  NFunc =   938  E =      64.98945  RMSG = 1.2338517e-01
 MIN: Iter =   58  NFunc =   950  E =      64.97623  RMSG = 7.5111817e-02
 MIN: Iter =   59  NFunc =   958  E =      64.96953  RMSG = 1.0537317e-01
 MIN: Iter =   60  NFunc =   969  E =      64.96407  RMSG = 4.5803494e-02
 MIN: Iter =   61  NFunc =   996  E =      64.94487  RMSG = 9.2146510e-02
 MIN: Iter =   62  NFunc =  1003  E =      64.94288  RMSG = 3.8638569e-02
 MIN: Iter =   63  NFunc =  1035  E =      64.93986  RMSG = 2.6198565e-02
 MIN: Iter =   64  NFunc =  1081  E =      64.93763  RMSG = 1.7853846e-02
 MIN: Iter =   65  NFunc =  1131  E =      64.93512  RMSG = 2.4032730e-02
 MIN: Iter =   66  NFunc =  1151  E =      64.93466  RMSG = 7.9979972e-03
 MIN: Iter =   67  NFunc =  1193  E =      64.93392  RMSG = 9.0553192e-03
 MIN: Iter =   68  NFunc =  1215  E =      64.93382  RMSG = 3.2366666e-03
 MIN: Iter =   69  NFunc =  1262  E =      64.93375  RMSG = 2.2440354e-03
 MIN: Iter =   70  NFunc =  1283  E =      64.93375  RMSG = 1.0638997e-03
 MIN: Iter =   71  NFunc =  1317  E =      64.93374  RMSG = 5.6219918e-04
 MIN: Iter =   72  NFunc =  1368  E =      64.93374  RMSG = 1.1799745e-03
 MIN: Iter =   73  NFunc =  1386  E =      64.93373  RMSG = 8.7876936e-04
 MIN: Iter =   74  NFunc =  1437  E =      64.93373  RMSG = 9.2063333e-04
 MIN: Iter =   75  NFunc =  1453  E =      64.93372  RMSG = 5.3486691e-04
 MIN: Iter =   76  NFunc =  1478  E =      64.93372  RMSG = 2.3704440e-04
----------------------------------------------------------------
 END:          :-)  E =      64.93372  RMSG =   0.0002370

     bond:      3.823542026
    angle:      6.812147150
 dihedral:     18.396015938
    enb14:     12.774289716
    eel14:    242.591311897
      enb:     -2.272770331
      eel:   -175.699485148
      egb:    -41.491327767
    econs:      0.000000000
    esurf:      0.000000000
    Total:     64.933723481
     frms:      0.000237044
====== rms.dat  ======================================================
#Frame      all_heavy
       1       0.9814
