====== tleap.out =====================================================
-I: Adding /home/case/amber26/dat/leap/prep to search path.
-I: Adding /home/case/amber26/dat/leap/lib to search path.
-I: Adding /home/case/amber26/dat/leap/parm to search path.
-I: Adding /home/case/amber26/dat/leap/cmd to search path.
-f: Source leap.in.

Welcome to LEaP!
(no leaprc in search path)
Sourcing: ./leap.in
Using Bondi radii
----- Source: /home/case/amber26/dat/leap/cmd/leaprc.gaff2
----- Source of /home/case/amber26/dat/leap/cmd/leaprc.gaff2 done
Log file: ./leap.log
Loading parameters: /home/case/amber26/dat/leap/parm/gaff2.dat
Reading title:
AMBER General Force Field for organic molecules (Version 2.2.30, Oct 2025)
Loading parameters: ./IEW.frcmod
Reading force field modification type file (frcmod)
Reading title:
Remark line goes here
Loading Mol2 file: ./IEW.mol2
Reading MOLECULE named IEW
Checking Unit.

/home/case/amber26/bin/teLeap: Warning!
The unperturbed charge of the unit (-1.001000) is not zero.

/home/case/amber26/bin/teLeap: Note.
Ignoring the warning from Unit Checking.

Building topology.
"order_residues" off: keep input residue order.
Building atom parameters.
Building bond parameters.
Building angle parameters.
Building proper torsion parameters.
Building improper torsion parameters.
 total 17 improper torsions applied
Building H-Bond parameters.
Incorporating Non-Bonded adjustments.
Not Marking per-residue atom chain types.
Marking per-residue atom chain types.
  (Residues lacking connect0/connect1 - 
   these don't have chain types marked:

	res	total affected

	IEW	1
  )
 (no restraints)
	Quit

Exiting LEaP: Errors = 0; Warnings = 1; Notes = 1.
====== min.o =========================================================
Reading parm file (IEW.parm7)
title:
IEW                                                                             
no velocities were found
no velocities were found
	mm_options:  ntpr=5
	mm_options:  gb=1
	mm_options:  kappa=0.10395
	mm_options:  rgbmax=99.
	mm_options:  cut=99.0
	mm_options:  wcons=0.
     bond:      4.085349688
    angle:     11.363694396
 dihedral:     19.409878302
    enb14:     18.183100519
    eel14:   -178.611803923
      enb:     -4.972449125
      eel:     24.848420536
      egb:   -101.469381938
    econs:      0.000000000
    esurf:      0.000000000
    Total:   -207.163191546
     frms:     13.311727780
Starting TNCG minimisation
 MIN: Iter =    0  NFunc =     1  E =    -207.16319  RMSG = 1.3311728e+01
 MIN: Iter =    1  NFunc =     7  E =    -217.75703  RMSG = 2.4838655e+00
 MIN: Iter =    2  NFunc =    13  E =    -219.17444  RMSG = 1.3467299e+00
 MIN: Iter =    3  NFunc =    19  E =    -219.48801  RMSG = 6.3296217e-01
 MIN: Iter =    4  NFunc =    33  E =    -219.77536  RMSG = 1.1759965e+00
 MIN: Iter =    5  NFunc =    43  E =    -220.02628  RMSG = 1.5298738e+00
 MIN: Iter =    6  NFunc =    55  E =    -220.34755  RMSG = 1.5494525e+00
 MIN: Iter =    7  NFunc =    65  E =    -220.72135  RMSG = 9.7726973e-01
 MIN: Iter =    8  NFunc =    75  E =    -220.92072  RMSG = 6.8160667e-01
 MIN: Iter =    9  NFunc =    86  E =    -221.08545  RMSG = 1.1921766e+00
 MIN: Iter =   10  NFunc =    93  E =    -221.20647  RMSG = 3.5822329e-01
 MIN: Iter =   11  NFunc =   110  E =    -221.29077  RMSG = 4.6619044e-01
 MIN: Iter =   12  NFunc =   119  E =    -221.40389  RMSG = 5.9702130e-01
 MIN: Iter =   13  NFunc =   125  E =    -221.52069  RMSG = 9.9506790e-01
 MIN: Iter =   14  NFunc =   131  E =    -221.60853  RMSG = 3.0584344e-01
 MIN: Iter =   15  NFunc =   142  E =    -221.69332  RMSG = 6.7472197e-01
 MIN: Iter =   16  NFunc =   148  E =    -221.74692  RMSG = 2.5744730e-01
 MIN: Iter =   17  NFunc =   157  E =    -221.79253  RMSG = 4.8672411e-01
 MIN: Iter =   18  NFunc =   163  E =    -221.83211  RMSG = 2.9671886e-01
 MIN: Iter =   19  NFunc =   214  E =    -221.95255  RMSG = 6.6851787e-01
 MIN: Iter =   20  NFunc =   222  E =    -222.08337  RMSG = 6.3436767e-01
 MIN: Iter =   21  NFunc =   228  E =    -222.23246  RMSG = 5.1767085e-01
 MIN: Iter =   22  NFunc =   234  E =    -222.35564  RMSG = 5.7822572e-01
 MIN: Iter =   23  NFunc =   241  E =    -222.49094  RMSG = 4.8789990e-01
 MIN: Iter =   24  NFunc =   270  E =    -222.65935  RMSG = 5.7072962e-01
 MIN: Iter =   25  NFunc =   279  E =    -222.76478  RMSG = 3.6547436e-01
 MIN: Iter =   26  NFunc =   288  E =    -222.83760  RMSG = 4.6828773e-01
 MIN: Iter =   27  NFunc =   295  E =    -222.88643  RMSG = 1.7340077e-01
 MIN: Iter =   28  NFunc =   323  E =    -222.92713  RMSG = 4.5356497e-01
 MIN: Iter =   29  NFunc =   329  E =    -222.94156  RMSG = 9.4707005e-02
 MIN: Iter =   30  NFunc =   380  E =    -223.01262  RMSG = 2.0393474e-01
 MIN: Iter =   31  NFunc =   386  E =    -223.04816  RMSG = 2.2171792e-01
 MIN: Iter =   32  NFunc =   409  E =    -223.10348  RMSG = 2.6483895e-01
 MIN: Iter =   33  NFunc =   417  E =    -223.13505  RMSG = 1.8719470e-01
 MIN: Iter =   34  NFunc =   432  E =    -223.16320  RMSG = 2.2413660e-01
 MIN: Iter =   35  NFunc =   439  E =    -223.17321  RMSG = 9.0641009e-02
 MIN: Iter =   36  NFunc =   453  E =    -223.18174  RMSG = 1.0242895e-01
 MIN: Iter =   37  NFunc =   459  E =    -223.18344  RMSG = 3.7998527e-02
 MIN: Iter =   38  NFunc =   510  E =    -223.20005  RMSG = 1.9986457e-01
 MIN: Iter =   39  NFunc =   516  E =    -223.20607  RMSG = 9.3234457e-02
 MIN: Iter =   40  NFunc =   530  E =    -223.21187  RMSG = 5.5431155e-02
 MIN: Iter =   41  NFunc =   550  E =    -223.21414  RMSG = 2.7221171e-02
 MIN: Iter =   42  NFunc =   597  E =    -223.21563  RMSG = 1.6446851e-02
 MIN: Iter =   43  NFunc =   625  E =    -223.21619  RMSG = 1.0852543e-02
 MIN: Iter =   44  NFunc =   646  E =    -223.21649  RMSG = 7.8406753e-03
 MIN: Iter =   45  NFunc =   666  E =    -223.21658  RMSG = 4.3653669e-03
 MIN: Iter =   46  NFunc =   678  E =    -223.21659  RMSG = 2.5159850e-03
 MIN: Iter =   47  NFunc =   686  E =    -223.21660  RMSG = 1.6516693e-03
 MIN: Iter =   48  NFunc =   694  E =    -223.21660  RMSG = 1.0833790e-03
 MIN: Iter =   49  NFunc =   724  E =    -223.21660  RMSG = 6.0423358e-04
 MIN: Iter =   50  NFunc =   775  E =    -223.21660  RMSG = 7.5765868e-04
 MIN: Iter =   51  NFunc =   798  E =    -223.21660  RMSG = 4.7900776e-04
----------------------------------------------------------------
 END:          :-)  E =    -223.21660  RMSG =   0.0004790

     bond:      3.979407759
    angle:      9.645030474
 dihedral:     20.112310506
    enb14:     12.930587270
    eel14:   -191.747964548
      enb:     -5.812860850
      eel:     26.932061506
      egb:    -99.255174359
    econs:      0.000000000
    esurf:      0.000000000
    Total:   -223.216602241
     frms:      0.000479008
====== rms.dat  ======================================================
#Frame      all_heavy
       1       0.8592
