====== tleap.out =====================================================
-I: Adding /home/case/amber24/dat/leap/prep to search path.
-I: Adding /home/case/amber24/dat/leap/lib to search path.
-I: Adding /home/case/amber24/dat/leap/parm to search path.
-I: Adding /home/case/amber24/dat/leap/cmd to search path.
-f: Source leap.in.

Welcome to LEaP!
(no leaprc in search path)
Sourcing: ./leap.in
Using Bondi radii
----- Source: /home/case/amber24/dat/leap/cmd/leaprc.gaff2
----- Source of /home/case/amber24/dat/leap/cmd/leaprc.gaff2 done
Log file: ./leap.log
Loading parameters: /home/case/amber24/dat/leap/parm/gaff2.dat
Reading title:
AMBER General Force Field for organic molecules (Version 2.2.20, March 2021)
Loading parameters: ./IGL.frcmod
Reading force field modification type file (frcmod)
Reading title:
Remark line goes here
Loading Mol2 file: ./IGL.mol2
Reading MOLECULE named IGL
Checking Unit.

/home/case/amber24/bin/teLeap: Warning!
The unperturbed charge of the unit (-1.000000) is not zero.

/home/case/amber24/bin/teLeap: Note.
Ignoring the warning from Unit Checking.

Building topology.
"order_residues" off: keep input residue order.
Building atom parameters.
Building bond parameters.
Building angle parameters.
Building proper torsion parameters.
Building improper torsion parameters.
 total 7 improper torsions applied
Building H-Bond parameters.
Incorporating Non-Bonded adjustments.
Not Marking per-residue atom chain types.
Marking per-residue atom chain types.
  (Residues lacking connect0/connect1 - 
   these don't have chain types marked:

	res	total affected

	IGL	1
  )
 (no restraints)
	Quit

Exiting LEaP: Errors = 0; Warnings = 1; Notes = 1.
====== min.o =========================================================
Reading parm file (IGL.parm7)
title:
IGL                                                                             
no velocities were found
no velocities were found
	mm_options:  ntpr=5
	mm_options:  gb=1
	mm_options:  kappa=0.10395
	mm_options:  rgbmax=99.
	mm_options:  cut=99.0
	mm_options:  wcons=0.
     bond:      1.546192397
    angle:     10.008804113
 dihedral:      9.139155928
    enb14:      5.434423411
    eel14:    189.341728684
      enb:     -0.526415356
      eel:   -120.183598143
      egb:    -80.270209630
    econs:      0.000000000
    esurf:      0.000000000
    Total:     14.490081406
     frms:      9.911364454
Starting TNCG minimisation
 MIN: Iter =    0  NFunc =     1  E =      14.49008  RMSG = 9.9113645e+00
 MIN: Iter =    1  NFunc =     7  E =       8.21889  RMSG = 3.1177996e+00
 MIN: Iter =    2  NFunc =    13  E =       7.31639  RMSG = 1.1056134e+00
 MIN: Iter =    3  NFunc =    19  E =       7.14331  RMSG = 3.9474437e-01
 MIN: Iter =    4  NFunc =    45  E =       7.03076  RMSG = 4.7578037e-01
 MIN: Iter =    5  NFunc =    57  E =       6.95405  RMSG = 8.2148852e-01
 MIN: Iter =    6  NFunc =    63  E =       6.92601  RMSG = 2.2673513e-01
 MIN: Iter =    7  NFunc =    71  E =       6.91227  RMSG = 2.2455032e-01
 MIN: Iter =    8  NFunc =    81  E =       6.90481  RMSG = 8.7448358e-02
 MIN: Iter =    9  NFunc =    94  E =       6.90290  RMSG = 3.6318022e-02
 MIN: Iter =   10  NFunc =   102  E =       6.90262  RMSG = 2.0062498e-02
 MIN: Iter =   11  NFunc =   113  E =       6.90242  RMSG = 1.2360145e-02
 MIN: Iter =   12  NFunc =   134  E =       6.90207  RMSG = 1.3171746e-02
 MIN: Iter =   13  NFunc =   140  E =       6.90206  RMSG = 4.0910130e-03
 MIN: Iter =   14  NFunc =   161  E =       6.90200  RMSG = 4.9022292e-03
 MIN: Iter =   15  NFunc =   167  E =       6.90199  RMSG = 2.6500898e-03
 MIN: Iter =   16  NFunc =   178  E =       6.90199  RMSG = 1.1419625e-03
 MIN: Iter =   17  NFunc =   190  E =       6.90199  RMSG = 7.8625511e-04
 MIN: Iter =   18  NFunc =   214  E =       6.90199  RMSG = 3.8555346e-04
----------------------------------------------------------------
 END:          :-)  E =       6.90199  RMSG =   0.0003856

     bond:      3.015135157
    angle:      9.301300040
 dihedral:      8.724753159
    enb14:      3.507401199
    eel14:    180.163637583
      enb:     -1.659162502
      eel:   -113.031084898
      egb:    -83.119990612
    econs:      0.000000000
    esurf:      0.000000000
    Total:      6.901989128
     frms:      0.000385553
====== rms.dat  ======================================================
#Frame      all_heavy
       1       0.1432
