====== tleap.out =====================================================
-I: Adding /home/case/amber24/dat/leap/prep to search path.
-I: Adding /home/case/amber24/dat/leap/lib to search path.
-I: Adding /home/case/amber24/dat/leap/parm to search path.
-I: Adding /home/case/amber24/dat/leap/cmd to search path.
-f: Source leap.in.

Welcome to LEaP!
(no leaprc in search path)
Sourcing: ./leap.in
Using Bondi radii
----- Source: /home/case/amber24/dat/leap/cmd/leaprc.gaff2
----- Source of /home/case/amber24/dat/leap/cmd/leaprc.gaff2 done
Log file: ./leap.log
Loading parameters: /home/case/amber24/dat/leap/parm/gaff2.dat
Reading title:
AMBER General Force Field for organic molecules (Version 2.2.20, March 2021)
Loading parameters: ./IHM.frcmod
Reading force field modification type file (frcmod)
Reading title:
Remark line goes here
Loading Mol2 file: ./IHM.mol2
Reading MOLECULE named IHM
Checking Unit.
Building topology.
"order_residues" off: keep input residue order.
Building atom parameters.
Building bond parameters.
Building angle parameters.
Building proper torsion parameters.

/home/case/amber24/bin/teLeap: Note.
1-4: angle 13 15 duplicates bond ('triangular' bond) or angle ('square' bond)


/home/case/amber24/bin/teLeap: Note.
1-4: angle 13 14 duplicates bond ('triangular' bond) or angle ('square' bond)


/home/case/amber24/bin/teLeap: Note.
1-4: angle 14 15 duplicates bond ('triangular' bond) or angle ('square' bond)

Building improper torsion parameters.
 total 24 improper torsions applied
Building H-Bond parameters.
Incorporating Non-Bonded adjustments.
Not Marking per-residue atom chain types.
Marking per-residue atom chain types.
  (Residues lacking connect0/connect1 - 
   these don't have chain types marked:

	res	total affected

	IHM	1
  )
 (no restraints)
	Quit

Exiting LEaP: Errors = 0; Warnings = 0; Notes = 3.
====== min.o =========================================================
Reading parm file (IHM.parm7)
title:
IHM                                                                             
no velocities were found
no velocities were found
	mm_options:  ntpr=5
	mm_options:  gb=1
	mm_options:  kappa=0.10395
	mm_options:  rgbmax=99.
	mm_options:  cut=99.0
	mm_options:  wcons=0.
     bond:      5.714655704
    angle:     10.770969459
 dihedral:     47.306123626
    enb14:     18.452136766
    eel14:    -12.023534832
      enb:     -6.981200396
      eel:    -22.665505178
      egb:    -30.009978694
    econs:      0.000000000
    esurf:      0.000000000
    Total:     10.563666457
     frms:      9.784405869
Starting TNCG minimisation
 MIN: Iter =    0  NFunc =     1  E =      10.56367  RMSG = 9.7844059e+00
 MIN: Iter =    1  NFunc =     7  E =      -2.69307  RMSG = 2.3972452e+00
 MIN: Iter =    2  NFunc =    13  E =      -4.78365  RMSG = 9.7222168e-01
 MIN: Iter =    3  NFunc =    32  E =      -6.49370  RMSG = 6.9285161e-01
 MIN: Iter =    4  NFunc =    55  E =      -7.05670  RMSG = 7.6548437e-01
 MIN: Iter =    5  NFunc =    66  E =      -7.34231  RMSG = 4.7898942e-01
 MIN: Iter =    6  NFunc =    75  E =      -7.43501  RMSG = 2.2779920e-01
 MIN: Iter =    7  NFunc =   103  E =      -7.56146  RMSG = 6.2165214e-01
 MIN: Iter =    8  NFunc =   109  E =      -7.61878  RMSG = 1.7467725e-01
 MIN: Iter =    9  NFunc =   160  E =      -7.73548  RMSG = 3.2935417e-01
 MIN: Iter =   10  NFunc =   166  E =      -7.75868  RMSG = 9.7815072e-02
 MIN: Iter =   11  NFunc =   198  E =      -7.78231  RMSG = 3.0695056e-01
 MIN: Iter =   12  NFunc =   204  E =      -7.79407  RMSG = 8.0651656e-02
 MIN: Iter =   13  NFunc =   219  E =      -7.81013  RMSG = 1.6991619e-01
 MIN: Iter =   14  NFunc =   225  E =      -7.81489  RMSG = 6.2178022e-02
 MIN: Iter =   15  NFunc =   277  E =      -7.82764  RMSG = 8.1579470e-02
 MIN: Iter =   16  NFunc =   284  E =      -7.83736  RMSG = 1.0376472e-01
 MIN: Iter =   17  NFunc =   291  E =      -7.84761  RMSG = 1.3003538e-01
 MIN: Iter =   18  NFunc =   298  E =      -7.86002  RMSG = 1.6033017e-01
 MIN: Iter =   19  NFunc =   305  E =      -7.87632  RMSG = 2.0008655e-01
 MIN: Iter =   20  NFunc =   311  E =      -7.89999  RMSG = 4.9935353e-01
 MIN: Iter =   21  NFunc =   317  E =      -7.96895  RMSG = 1.8348963e-01
 MIN: Iter =   22  NFunc =   323  E =      -8.01669  RMSG = 6.1998310e-01
 MIN: Iter =   23  NFunc =   329  E =      -8.16532  RMSG = 3.0934552e-01
 MIN: Iter =   24  NFunc =   335  E =      -8.28042  RMSG = 7.5751158e-01
 MIN: Iter =   25  NFunc =   341  E =      -8.55632  RMSG = 7.2841987e-01
 MIN: Iter =   26  NFunc =   348  E =      -8.87612  RMSG = 9.0198391e-01
 MIN: Iter =   27  NFunc =   354  E =      -9.25235  RMSG = 6.2064071e-01
 MIN: Iter =   28  NFunc =   360  E =      -9.48114  RMSG = 4.3486848e-01
 MIN: Iter =   29  NFunc =   375  E =      -9.74793  RMSG = 6.5457139e-01
 MIN: Iter =   30  NFunc =   385  E =      -9.88525  RMSG = 1.8025217e-01
 MIN: Iter =   31  NFunc =   414  E =     -10.03690  RMSG = 3.0764241e-01
 MIN: Iter =   32  NFunc =   445  E =     -10.16539  RMSG = 2.7166997e-01
 MIN: Iter =   33  NFunc =   451  E =     -10.19074  RMSG = 1.1500984e-01
 MIN: Iter =   34  NFunc =   481  E =     -10.23566  RMSG = 1.8825839e-01
 MIN: Iter =   35  NFunc =   487  E =     -10.24440  RMSG = 5.4221963e-02
 MIN: Iter =   36  NFunc =   538  E =     -10.26855  RMSG = 3.3733951e-01
 MIN: Iter =   37  NFunc =   544  E =     -10.28311  RMSG = 7.8505469e-02
 MIN: Iter =   38  NFunc =   596  E =     -10.30481  RMSG = 1.0261329e-01
 MIN: Iter =   39  NFunc =   623  E =     -10.32076  RMSG = 4.0507713e-01
 MIN: Iter =   40  NFunc =   629  E =     -10.33718  RMSG = 5.8744001e-02
 MIN: Iter =   41  NFunc =   642  E =     -10.34246  RMSG = 4.2464017e-02
 MIN: Iter =   42  NFunc =   667  E =     -10.34725  RMSG = 3.8365667e-02
 MIN: Iter =   43  NFunc =   704  E =     -10.35016  RMSG = 2.2008277e-02
 MIN: Iter =   44  NFunc =   755  E =     -10.35267  RMSG = 2.5236397e-02
 MIN: Iter =   45  NFunc =   762  E =     -10.35288  RMSG = 1.1771900e-02
 MIN: Iter =   46  NFunc =   801  E =     -10.35392  RMSG = 1.1191220e-02
 MIN: Iter =   47  NFunc =   846  E =     -10.35445  RMSG = 5.8813698e-03
 MIN: Iter =   48  NFunc =   879  E =     -10.35477  RMSG = 6.4043915e-03
 MIN: Iter =   49  NFunc =   923  E =     -10.35492  RMSG = 3.8287679e-03
 MIN: Iter =   50  NFunc =   974  E =     -10.35503  RMSG = 6.1371307e-03
 MIN: Iter =   51  NFunc =  1011  E =     -10.35516  RMSG = 6.4280590e-03
 MIN: Iter =   52  NFunc =  1041  E =     -10.35524  RMSG = 3.7449493e-03
 MIN: Iter =   53  NFunc =  1083  E =     -10.35534  RMSG = 4.7384285e-03
 MIN: Iter =   54  NFunc =  1135  E =     -10.35556  RMSG = 9.7588460e-03
 MIN: Iter =   55  NFunc =  1143  E =     -10.35568  RMSG = 8.9071379e-03
 MIN: Iter =   56  NFunc =  1163  E =     -10.35586  RMSG = 1.3541194e-02
 MIN: Iter =   57  NFunc =  1174  E =     -10.35591  RMSG = 3.4865257e-03
 MIN: Iter =   58  NFunc =  1225  E =     -10.35603  RMSG = 8.1427308e-03
 MIN: Iter =   59  NFunc =  1258  E =     -10.35611  RMSG = 3.0939056e-03
 MIN: Iter =   60  NFunc =  1309  E =     -10.35616  RMSG = 2.4092928e-03
 MIN: Iter =   61  NFunc =  1360  E =     -10.35618  RMSG = 2.1199078e-03
 MIN: Iter =   62  NFunc =  1381  E =     -10.35620  RMSG = 1.1957277e-03
 MIN: Iter =   63  NFunc =  1401  E =     -10.35620  RMSG = 9.3776954e-04
 MIN: Iter =   64  NFunc =  1425  E =     -10.35620  RMSG = 6.4947586e-04
 MIN: Iter =   65  NFunc =  1469  E =     -10.35621  RMSG = 4.7209461e-04
----------------------------------------------------------------
 END:          :-)  E =     -10.35621  RMSG =   0.0004721

     bond:      2.233661656
    angle:     10.033119981
 dihedral:     37.666105805
    enb14:     12.430973186
    eel14:    -13.160180010
      enb:     -7.196508587
      eel:    -19.824285986
      egb:    -32.539091545
    econs:      0.000000000
    esurf:      0.000000000
    Total:    -10.356205500
     frms:      0.000472095
====== rms.dat  ======================================================
#Frame      all_heavy
       1       0.6964
