====== tleap.out =====================================================
-I: Adding /home/case/amber24/dat/leap/prep to search path.
-I: Adding /home/case/amber24/dat/leap/lib to search path.
-I: Adding /home/case/amber24/dat/leap/parm to search path.
-I: Adding /home/case/amber24/dat/leap/cmd to search path.
-f: Source leap.in.

Welcome to LEaP!
(no leaprc in search path)
Sourcing: ./leap.in
Using Bondi radii
----- Source: /home/case/amber24/dat/leap/cmd/leaprc.gaff2
----- Source of /home/case/amber24/dat/leap/cmd/leaprc.gaff2 done
Log file: ./leap.log
Loading parameters: /home/case/amber24/dat/leap/parm/gaff2.dat
Reading title:
AMBER General Force Field for organic molecules (Version 2.2.20, March 2021)
Loading parameters: ./IMA.frcmod
Reading force field modification type file (frcmod)
Reading title:
Remark line goes here
Loading Mol2 file: ./IMA.mol2
Reading MOLECULE named IMA
Checking Unit.

/home/case/amber24/bin/teLeap: Warning!
The unperturbed charge of the unit (1.000998) is not zero.

/home/case/amber24/bin/teLeap: Note.
Ignoring the warning from Unit Checking.

Building topology.
"order_residues" off: keep input residue order.
Building atom parameters.
Building bond parameters.
Building angle parameters.
Building proper torsion parameters.
Building improper torsion parameters.
 total 31 improper torsions applied
Building H-Bond parameters.
Incorporating Non-Bonded adjustments.
Not Marking per-residue atom chain types.
Marking per-residue atom chain types.
  (Residues lacking connect0/connect1 - 
   these don't have chain types marked:

	res	total affected

	IMA	1
  )
 (no restraints)
	Quit

Exiting LEaP: Errors = 0; Warnings = 1; Notes = 1.
====== min.o =========================================================
Reading parm file (IMA.parm7)
title:
IMA                                                                             
no velocities were found
no velocities were found
	mm_options:  ntpr=5
	mm_options:  gb=1
	mm_options:  kappa=0.10395
	mm_options:  rgbmax=99.
	mm_options:  cut=99.0
	mm_options:  wcons=0.
     bond:      2.933401674
    angle:     19.196315563
 dihedral:     27.700222388
    enb14:     19.481888586
    eel14:    -84.306483302
      enb:     -5.264354234
      eel:     27.543507966
      egb:    -78.966297338
    econs:      0.000000000
    esurf:      0.000000000
    Total:    -71.681798699
     frms:      7.992455337
Starting TNCG minimisation
 MIN: Iter =    0  NFunc =     1  E =     -71.68180  RMSG = 7.9924553e+00
 MIN: Iter =    1  NFunc =     7  E =     -83.48552  RMSG = 2.8065557e+00
 MIN: Iter =    2  NFunc =    56  E =     -84.03274  RMSG = 2.9238110e+00
 MIN: Iter =    3  NFunc =    74  E =     -89.20334  RMSG = 1.9700867e+00
 MIN: Iter =    4  NFunc =    83  E =     -91.51758  RMSG = 1.3049100e+00
 MIN: Iter =    5  NFunc =    89  E =     -92.25402  RMSG = 5.8812543e-01
 MIN: Iter =    6  NFunc =   135  E =     -93.26752  RMSG = 5.3351138e-01
 MIN: Iter =    7  NFunc =   158  E =     -93.95975  RMSG = 5.4013010e-01
 MIN: Iter =    8  NFunc =   169  E =     -94.56258  RMSG = 5.0464675e-01
 MIN: Iter =    9  NFunc =   178  E =     -94.98454  RMSG = 4.2692180e-01
 MIN: Iter =   10  NFunc =   186  E =     -95.23625  RMSG = 3.4858546e-01
 MIN: Iter =   11  NFunc =   203  E =     -95.58546  RMSG = 3.4957292e-01
 MIN: Iter =   12  NFunc =   220  E =     -95.83808  RMSG = 3.2708937e-01
 MIN: Iter =   13  NFunc =   244  E =     -96.09792  RMSG = 3.5884609e-01
 MIN: Iter =   14  NFunc =   256  E =     -96.39883  RMSG = 4.1638969e-01
 MIN: Iter =   15  NFunc =   263  E =     -96.62246  RMSG = 4.2324372e-01
 MIN: Iter =   16  NFunc =   270  E =     -96.81774  RMSG = 4.0399561e-01
 MIN: Iter =   17  NFunc =   276  E =     -96.97261  RMSG = 3.7432138e-01
 MIN: Iter =   18  NFunc =   284  E =     -97.13000  RMSG = 3.5520538e-01
 MIN: Iter =   19  NFunc =   291  E =     -97.23540  RMSG = 3.0288246e-01
 MIN: Iter =   20  NFunc =   337  E =     -97.50736  RMSG = 2.8744035e-01
 MIN: Iter =   21  NFunc =   359  E =     -97.69055  RMSG = 2.8513387e-01
 MIN: Iter =   22  NFunc =   372  E =     -97.83049  RMSG = 2.3583764e-01
 MIN: Iter =   23  NFunc =   378  E =     -97.87648  RMSG = 1.6793444e-01
 MIN: Iter =   24  NFunc =   403  E =     -97.93251  RMSG = 1.4865331e-01
 MIN: Iter =   25  NFunc =   412  E =     -97.94278  RMSG = 6.6228614e-02
 MIN: Iter =   26  NFunc =   432  E =     -97.95882  RMSG = 8.3824509e-02
 MIN: Iter =   27  NFunc =   452  E =     -97.96688  RMSG = 3.5276217e-02
 MIN: Iter =   28  NFunc =   503  E =     -97.98227  RMSG = 7.8229615e-02
 MIN: Iter =   29  NFunc =   542  E =     -97.99534  RMSG = 1.2075498e-01
 MIN: Iter =   30  NFunc =   548  E =     -97.99885  RMSG = 3.5650727e-02
 MIN: Iter =   31  NFunc =   599  E =     -98.00666  RMSG = 1.8231717e-01
 MIN: Iter =   32  NFunc =   605  E =     -98.01269  RMSG = 4.9060910e-02
 MIN: Iter =   33  NFunc =   643  E =     -98.02376  RMSG = 1.5446731e-01
 MIN: Iter =   34  NFunc =   649  E =     -98.03086  RMSG = 5.1183156e-02
 MIN: Iter =   35  NFunc =   667  E =     -98.03694  RMSG = 1.6560814e-01
 MIN: Iter =   36  NFunc =   673  E =     -98.04302  RMSG = 4.7293233e-02
 MIN: Iter =   37  NFunc =   695  E =     -98.04810  RMSG = 4.0290109e-02
 MIN: Iter =   38  NFunc =   706  E =     -98.05170  RMSG = 6.1791839e-02
 MIN: Iter =   39  NFunc =   712  E =     -98.05290  RMSG = 2.5628015e-02
 MIN: Iter =   40  NFunc =   764  E =     -98.06297  RMSG = 4.4481279e-02
 MIN: Iter =   41  NFunc =   780  E =     -98.07466  RMSG = 1.2187451e-01
 MIN: Iter =   42  NFunc =   790  E =     -98.08130  RMSG = 4.7057278e-02
 MIN: Iter =   43  NFunc =   802  E =     -98.08493  RMSG = 4.5877181e-02
 MIN: Iter =   44  NFunc =   840  E =     -98.09291  RMSG = 5.2127758e-02
 MIN: Iter =   45  NFunc =   852  E =     -98.09462  RMSG = 1.8881737e-02
 MIN: Iter =   46  NFunc =   869  E =     -98.09543  RMSG = 1.2450272e-02
 MIN: Iter =   47  NFunc =   911  E =     -98.09769  RMSG = 1.6720245e-02
 MIN: Iter =   48  NFunc =   962  E =     -98.09927  RMSG = 2.0419157e-02
 MIN: Iter =   49  NFunc =   998  E =     -98.10111  RMSG = 2.8094147e-02
 MIN: Iter =   50  NFunc =  1005  E =     -98.10136  RMSG = 1.2664534e-02
 MIN: Iter =   51  NFunc =  1056  E =     -98.10245  RMSG = 1.9429418e-02
 MIN: Iter =   52  NFunc =  1064  E =     -98.10258  RMSG = 6.5760598e-03
 MIN: Iter =   53  NFunc =  1113  E =     -98.10309  RMSG = 9.8219541e-03
 MIN: Iter =   54  NFunc =  1164  E =     -98.10347  RMSG = 1.5198043e-02
 MIN: Iter =   55  NFunc =  1190  E =     -98.10388  RMSG = 1.1560623e-02
 MIN: Iter =   56  NFunc =  1196  E =     -98.10392  RMSG = 5.0743053e-03
 MIN: Iter =   57  NFunc =  1218  E =     -98.10398  RMSG = 3.0989803e-03
 MIN: Iter =   58  NFunc =  1269  E =     -98.10416  RMSG = 5.5028260e-03
 MIN: Iter =   59  NFunc =  1320  E =     -98.10430  RMSG = 3.6067357e-03
 MIN: Iter =   60  NFunc =  1371  E =     -98.10437  RMSG = 3.9101535e-03
 MIN: Iter =   61  NFunc =  1422  E =     -98.10454  RMSG = 6.2487213e-03
 MIN: Iter =   62  NFunc =  1446  E =     -98.10460  RMSG = 3.0251270e-03
 MIN: Iter =   63  NFunc =  1457  E =     -98.10461  RMSG = 1.6249541e-03
 MIN: Iter =   64  NFunc =  1508  E =     -98.10464  RMSG = 2.0034545e-03
 MIN: Iter =   65  NFunc =  1523  E =     -98.10465  RMSG = 1.0235403e-03
 MIN: Iter =   66  NFunc =  1574  E =     -98.10467  RMSG = 1.5712726e-03
 MIN: Iter =   67  NFunc =  1616  E =     -98.10468  RMSG = 9.8576474e-04
 MIN: Iter =   68  NFunc =  1653  E =     -98.10469  RMSG = 7.1480243e-04
 MIN: Iter =   69  NFunc =  1704  E =     -98.10470  RMSG = 6.7533512e-04
 MIN: Iter =   70  NFunc =  1755  E =     -98.10470  RMSG = 9.6843647e-04
 MIN: Iter =   71  NFunc =  1806  E =     -98.10471  RMSG = 7.3855861e-04
 MIN: Iter =   72  NFunc =  1857  E =     -98.10472  RMSG = 1.0999947e-03
 MIN: Iter =   73  NFunc =  1893  E =     -98.10472  RMSG = 8.0843748e-04
 MIN: Iter =   74  NFunc =  1901  E =     -98.10473  RMSG = 3.6430215e-04
----------------------------------------------------------------
 END:          :-)  E =     -98.10473  RMSG =   0.0003643

     bond:      3.955437949
    angle:     15.998099729
 dihedral:     15.530053531
    enb14:     13.569109279
    eel14:    -93.912762376
      enb:     -6.558709651
      eel:     33.304718921
      egb:    -79.990672545
    econs:      0.000000000
    esurf:      0.000000000
    Total:    -98.104725162
     frms:      0.000364302
====== rms.dat  ======================================================
#Frame      all_heavy
       1       1.0037
