====== tleap.out =====================================================
-I: Adding /home/case/amber24/dat/leap/prep to search path.
-I: Adding /home/case/amber24/dat/leap/lib to search path.
-I: Adding /home/case/amber24/dat/leap/parm to search path.
-I: Adding /home/case/amber24/dat/leap/cmd to search path.
-f: Source leap.in.

Welcome to LEaP!
(no leaprc in search path)
Sourcing: ./leap.in
Using Bondi radii
----- Source: /home/case/amber24/dat/leap/cmd/leaprc.gaff2
----- Source of /home/case/amber24/dat/leap/cmd/leaprc.gaff2 done
Log file: ./leap.log
Loading parameters: /home/case/amber24/dat/leap/parm/gaff2.dat
Reading title:
AMBER General Force Field for organic molecules (Version 2.2.20, March 2021)
Loading parameters: ./IMM.frcmod
Reading force field modification type file (frcmod)
Reading title:
Remark line goes here
Loading Mol2 file: ./IMM.mol2
Reading MOLECULE named IMM
Checking Unit.

/home/case/amber24/bin/teLeap: Warning!
The unperturbed charge of the unit (-0.998998) is not zero.

/home/case/amber24/bin/teLeap: Note.
Ignoring the warning from Unit Checking.

Building topology.
"order_residues" off: keep input residue order.
Building atom parameters.
Building bond parameters.
Building angle parameters.
Building proper torsion parameters.
Building improper torsion parameters.
 total 17 improper torsions applied
Building H-Bond parameters.
Incorporating Non-Bonded adjustments.
Not Marking per-residue atom chain types.
Marking per-residue atom chain types.
  (Residues lacking connect0/connect1 - 
   these don't have chain types marked:

	res	total affected

	IMM	1
  )
 (no restraints)
	Quit

Exiting LEaP: Errors = 0; Warnings = 1; Notes = 1.
====== min.o =========================================================
Reading parm file (IMM.parm7)
title:
IMM                                                                             
no velocities were found
no velocities were found
	mm_options:  ntpr=5
	mm_options:  gb=1
	mm_options:  kappa=0.10395
	mm_options:  rgbmax=99.
	mm_options:  cut=99.0
	mm_options:  wcons=0.
     bond:      2.773654540
    angle:     29.252770072
 dihedral:     59.152396705
    enb14:      9.588535037
    eel14:     -6.508695746
      enb:     -1.616960399
      eel:     -1.131860203
      egb:    -82.169488879
    econs:      0.000000000
    esurf:      0.000000000
    Total:      9.340351127
     frms:      9.029799392
Starting TNCG minimisation
 MIN: Iter =    0  NFunc =     1  E =       9.34035  RMSG = 9.0297994e+00
 MIN: Iter =    1  NFunc =     7  E =       1.37166  RMSG = 2.9878645e+00
 MIN: Iter =    2  NFunc =    15  E =      -0.59777  RMSG = 1.1380700e+00
 MIN: Iter =    3  NFunc =    21  E =      -0.91018  RMSG = 6.7698617e-01
 MIN: Iter =    4  NFunc =    41  E =      -1.49009  RMSG = 1.4029291e+00
 MIN: Iter =    5  NFunc =    61  E =      -2.09395  RMSG = 2.9083717e+00
 MIN: Iter =    6  NFunc =    78  E =      -3.28725  RMSG = 3.4660811e+00
 MIN: Iter =    7  NFunc =    84  E =      -4.82783  RMSG = 3.5789544e+00
 MIN: Iter =    8  NFunc =    90  E =      -6.65552  RMSG = 3.7934337e+00
 MIN: Iter =    9  NFunc =    96  E =      -8.70068  RMSG = 3.5582809e+00
 MIN: Iter =   10  NFunc =   102  E =     -10.62717  RMSG = 3.0796806e+00
 MIN: Iter =   11  NFunc =   108  E =     -12.27247  RMSG = 2.6587210e+00
 MIN: Iter =   12  NFunc =   114  E =     -13.55101  RMSG = 1.9801010e+00
 MIN: Iter =   13  NFunc =   120  E =     -14.20338  RMSG = 9.6065526e-01
 MIN: Iter =   14  NFunc =   150  E =     -14.70822  RMSG = 1.3508711e+00
 MIN: Iter =   15  NFunc =   156  E =     -14.97937  RMSG = 6.3010941e-01
 MIN: Iter =   16  NFunc =   166  E =     -15.26006  RMSG = 9.9146009e-01
 MIN: Iter =   17  NFunc =   173  E =     -15.42504  RMSG = 4.8903691e-01
 MIN: Iter =   18  NFunc =   179  E =     -15.49103  RMSG = 4.2702180e-01
 MIN: Iter =   19  NFunc =   185  E =     -15.51819  RMSG = 1.9756061e-01
 MIN: Iter =   20  NFunc =   211  E =     -15.59083  RMSG = 7.6309165e-01
 MIN: Iter =   21  NFunc =   217  E =     -15.63552  RMSG = 1.4775173e-01
 MIN: Iter =   22  NFunc =   229  E =     -15.65403  RMSG = 1.1923995e-01
 MIN: Iter =   23  NFunc =   243  E =     -15.66030  RMSG = 5.1342616e-02
 MIN: Iter =   24  NFunc =   254  E =     -15.66191  RMSG = 3.0552835e-02
 MIN: Iter =   25  NFunc =   282  E =     -15.66515  RMSG = 2.3990704e-02
 MIN: Iter =   26  NFunc =   301  E =     -15.66582  RMSG = 1.6017753e-02
 MIN: Iter =   27  NFunc =   313  E =     -15.66603  RMSG = 1.0803357e-02
 MIN: Iter =   28  NFunc =   328  E =     -15.66609  RMSG = 4.2749174e-03
 MIN: Iter =   29  NFunc =   361  E =     -15.66615  RMSG = 3.3927748e-03
 MIN: Iter =   30  NFunc =   371  E =     -15.66615  RMSG = 1.1354660e-03
 MIN: Iter =   31  NFunc =   391  E =     -15.66615  RMSG = 7.1753640e-04
 MIN: Iter =   32  NFunc =   420  E =     -15.66615  RMSG = 4.3778082e-04
----------------------------------------------------------------
 END:          :-)  E =     -15.66615  RMSG =   0.0004378

     bond:      1.547354878
    angle:     28.536911341
 dihedral:     43.324991306
    enb14:      6.730891124
    eel14:     -6.810420691
      enb:     -4.057884788
      eel:     -2.970253508
      egb:    -81.967741639
    econs:      0.000000000
    esurf:      0.000000000
    Total:    -15.666151976
     frms:      0.000437781
====== rms.dat  ======================================================
#Frame      all_heavy
       1       0.5788
