====== tleap.out =====================================================
-I: Adding /home/case/amber24/dat/leap/prep to search path.
-I: Adding /home/case/amber24/dat/leap/lib to search path.
-I: Adding /home/case/amber24/dat/leap/parm to search path.
-I: Adding /home/case/amber24/dat/leap/cmd to search path.
-f: Source leap.in.

Welcome to LEaP!
(no leaprc in search path)
Sourcing: ./leap.in
Using Bondi radii
----- Source: /home/case/amber24/dat/leap/cmd/leaprc.gaff2
----- Source of /home/case/amber24/dat/leap/cmd/leaprc.gaff2 done
Log file: ./leap.log
Loading parameters: /home/case/amber24/dat/leap/parm/gaff2.dat
Reading title:
AMBER General Force Field for organic molecules (Version 2.2.20, March 2021)
Loading parameters: ./INK.frcmod
Reading force field modification type file (frcmod)
Reading title:
Remark line goes here
Loading Mol2 file: ./INK.mol2
Reading MOLECULE named INK
Checking Unit.
Building topology.
"order_residues" off: keep input residue order.
Building atom parameters.
Building bond parameters.
Building angle parameters.
Building proper torsion parameters.
Building improper torsion parameters.
 total 6 improper torsions applied
Building H-Bond parameters.
Incorporating Non-Bonded adjustments.
Not Marking per-residue atom chain types.
Marking per-residue atom chain types.
  (Residues lacking connect0/connect1 - 
   these don't have chain types marked:

	res	total affected

	INK	1
  )
 (no restraints)
	Quit

Exiting LEaP: Errors = 0; Warnings = 0; Notes = 0.
====== min.o =========================================================
Reading parm file (INK.parm7)
title:
INK                                                                             
no velocities were found
no velocities were found
	mm_options:  ntpr=5
	mm_options:  gb=1
	mm_options:  kappa=0.10395
	mm_options:  rgbmax=99.
	mm_options:  cut=99.0
	mm_options:  wcons=0.
     bond:      2.018908681
    angle:      3.787468699
 dihedral:     19.022981428
    enb14:      5.588789168
    eel14:    -28.037569565
      enb:     -3.046134958
      eel:    -21.635502248
      egb:    -11.493272473
    econs:      0.000000000
    esurf:      0.000000000
    Total:    -33.794331269
     frms:      7.590740003
Starting TNCG minimisation
 MIN: Iter =    0  NFunc =     1  E =     -33.79433  RMSG = 7.5907400e+00
 MIN: Iter =    1  NFunc =     7  E =     -38.81184  RMSG = 2.7048673e+00
 MIN: Iter =    2  NFunc =    15  E =     -40.44533  RMSG = 1.1507373e+00
 MIN: Iter =    3  NFunc =    23  E =     -40.75211  RMSG = 5.1980328e-01
 MIN: Iter =    4  NFunc =    55  E =     -41.14031  RMSG = 7.6672022e-01
 MIN: Iter =    5  NFunc =    73  E =     -41.38608  RMSG = 6.6023256e-01
 MIN: Iter =    6  NFunc =    82  E =     -41.54973  RMSG = 5.1481204e-01
 MIN: Iter =    7  NFunc =    88  E =     -41.64036  RMSG = 4.1215683e-01
 MIN: Iter =    8  NFunc =   139  E =     -41.89845  RMSG = 6.8672915e-01
 MIN: Iter =    9  NFunc =   145  E =     -42.03762  RMSG = 4.4858168e-01
 MIN: Iter =   10  NFunc =   151  E =     -42.12281  RMSG = 4.3362238e-01
 MIN: Iter =   11  NFunc =   167  E =     -42.30126  RMSG = 5.9920310e-01
 MIN: Iter =   12  NFunc =   173  E =     -42.37418  RMSG = 3.1782729e-01
 MIN: Iter =   13  NFunc =   181  E =     -42.41234  RMSG = 2.4040751e-01
 MIN: Iter =   14  NFunc =   200  E =     -42.45630  RMSG = 5.6445709e-01
 MIN: Iter =   15  NFunc =   206  E =     -42.48641  RMSG = 1.6622818e-01
 MIN: Iter =   16  NFunc =   258  E =     -42.52059  RMSG = 3.2076282e-01
 MIN: Iter =   17  NFunc =   264  E =     -42.53945  RMSG = 1.6423124e-01
 MIN: Iter =   18  NFunc =   280  E =     -42.55851  RMSG = 2.0391200e-01
 MIN: Iter =   19  NFunc =   289  E =     -42.57216  RMSG = 1.5307863e-01
 MIN: Iter =   20  NFunc =   300  E =     -42.57841  RMSG = 6.9353875e-02
 MIN: Iter =   21  NFunc =   313  E =     -42.58071  RMSG = 3.0502748e-02
 MIN: Iter =   22  NFunc =   323  E =     -42.58143  RMSG = 2.0723578e-02
 MIN: Iter =   23  NFunc =   348  E =     -42.58199  RMSG = 1.0961547e-02
 MIN: Iter =   24  NFunc =   399  E =     -42.58230  RMSG = 6.9804510e-03
 MIN: Iter =   25  NFunc =   408  E =     -42.58233  RMSG = 3.6472807e-03
 MIN: Iter =   26  NFunc =   424  E =     -42.58233  RMSG = 1.4223328e-03
 MIN: Iter =   27  NFunc =   430  E =     -42.58233  RMSG = 6.2276877e-04
 MIN: Iter =   28  NFunc =   437  E =     -42.58233  RMSG = 3.0889439e-04
----------------------------------------------------------------
 END:          :-)  E =     -42.58233  RMSG =   0.0003089

     bond:      0.561013982
    angle:      2.068186144
 dihedral:     15.651034962
    enb14:      4.043625044
    eel14:    -30.068958047
      enb:     -2.791993726
      eel:    -20.002314246
      egb:    -12.042928374
    econs:      0.000000000
    esurf:      0.000000000
    Total:    -42.582334261
     frms:      0.000308894
====== rms.dat  ======================================================
#Frame      all_heavy
       1       0.4564
