====== tleap.out =====================================================
-I: Adding /home/case/amber24/dat/leap/prep to search path.
-I: Adding /home/case/amber24/dat/leap/lib to search path.
-I: Adding /home/case/amber24/dat/leap/parm to search path.
-I: Adding /home/case/amber24/dat/leap/cmd to search path.
-f: Source leap.in.

Welcome to LEaP!
(no leaprc in search path)
Sourcing: ./leap.in
Using Bondi radii
----- Source: /home/case/amber24/dat/leap/cmd/leaprc.gaff2
----- Source of /home/case/amber24/dat/leap/cmd/leaprc.gaff2 done
Log file: ./leap.log
Loading parameters: /home/case/amber24/dat/leap/parm/gaff2.dat
Reading title:
AMBER General Force Field for organic molecules (Version 2.2.20, March 2021)
Loading parameters: ./ISU.frcmod
Reading force field modification type file (frcmod)
Reading title:
Remark line goes here
Loading Mol2 file: ./ISU.mol2
Reading MOLECULE named ISU
Checking Unit.
Building topology.
"order_residues" off: keep input residue order.
Building atom parameters.
Building bond parameters.
Building angle parameters.
Building proper torsion parameters.
Building improper torsion parameters.
 total 2 improper torsions applied
Building H-Bond parameters.
Incorporating Non-Bonded adjustments.
Not Marking per-residue atom chain types.
Marking per-residue atom chain types.
  (Residues lacking connect0/connect1 - 
   these don't have chain types marked:

	res	total affected

	ISU	1
  )
 (no restraints)
	Quit

Exiting LEaP: Errors = 0; Warnings = 0; Notes = 0.
====== min.o =========================================================
Reading parm file (ISU.parm7)
title:
ISU                                                                             
no velocities were found
no velocities were found
	mm_options:  ntpr=5
	mm_options:  gb=1
	mm_options:  kappa=0.10395
	mm_options:  rgbmax=99.
	mm_options:  cut=99.0
	mm_options:  wcons=0.
     bond:      6.964694720
    angle:      1.197783915
 dihedral:      1.489139118
    enb14:      0.349301489
    eel14:   -193.582051754
      enb:     -0.088250236
      eel:     50.960252851
      egb:    -16.902395454
    econs:      0.000000000
    esurf:      0.000000000
    Total:   -149.611525352
     frms:     19.436001326
Starting TNCG minimisation
 MIN: Iter =    0  NFunc =     1  E =    -149.61153  RMSG = 1.9436001e+01
 MIN: Iter =    1  NFunc =     7  E =    -158.48352  RMSG = 4.4244952e+00
 MIN: Iter =    2  NFunc =    13  E =    -159.71965  RMSG = 1.7367636e+00
 MIN: Iter =    3  NFunc =    23  E =    -160.26518  RMSG = 2.0415270e+00
 MIN: Iter =    4  NFunc =    29  E =    -160.41183  RMSG = 7.8418315e-01
 MIN: Iter =    5  NFunc =    36  E =    -160.51149  RMSG = 1.3273371e+00
 MIN: Iter =    6  NFunc =    45  E =    -160.59301  RMSG = 3.0896243e-01
 MIN: Iter =    7  NFunc =    52  E =    -160.60678  RMSG = 2.0018645e-01
 MIN: Iter =    8  NFunc =    66  E =    -160.62414  RMSG = 3.1392102e-01
 MIN: Iter =    9  NFunc =    73  E =    -160.62735  RMSG = 8.9377662e-02
 MIN: Iter =   10  NFunc =    84  E =    -160.63184  RMSG = 6.9358106e-02
 MIN: Iter =   11  NFunc =    93  E =    -160.63248  RMSG = 2.5840136e-02
 MIN: Iter =   12  NFunc =   101  E =    -160.63257  RMSG = 1.5440188e-02
 MIN: Iter =   13  NFunc =   115  E =    -160.63277  RMSG = 1.5228121e-02
 MIN: Iter =   14  NFunc =   121  E =    -160.63282  RMSG = 8.8685253e-03
 MIN: Iter =   15  NFunc =   127  E =    -160.63283  RMSG = 3.0850802e-03
 MIN: Iter =   16  NFunc =   141  E =    -160.63283  RMSG = 1.7283932e-03
 MIN: Iter =   17  NFunc =   152  E =    -160.63283  RMSG = 1.2004051e-03
 MIN: Iter =   18  NFunc =   164  E =    -160.63283  RMSG = 6.1739563e-04
 MIN: Iter =   19  NFunc =   173  E =    -160.63283  RMSG = 3.6993582e-04
----------------------------------------------------------------
 END:          :-)  E =    -160.63283  RMSG =   0.0003699

     bond:      1.485633157
    angle:      1.108793369
 dihedral:      2.569360299
    enb14:      0.351354123
    eel14:   -205.108559824
      enb:     -0.183977757
      eel:     53.925771808
      egb:    -14.781209005
    econs:      0.000000000
    esurf:      0.000000000
    Total:   -160.632833830
     frms:      0.000369936
====== rms.dat  ======================================================
#Frame      all_heavy
       1       0.1066
