====== tleap.out =====================================================
-I: Adding /home/case/amber24/dat/leap/prep to search path.
-I: Adding /home/case/amber24/dat/leap/lib to search path.
-I: Adding /home/case/amber24/dat/leap/parm to search path.
-I: Adding /home/case/amber24/dat/leap/cmd to search path.
-f: Source leap.in.

Welcome to LEaP!
(no leaprc in search path)
Sourcing: ./leap.in
Using Bondi radii
----- Source: /home/case/amber24/dat/leap/cmd/leaprc.gaff2
----- Source of /home/case/amber24/dat/leap/cmd/leaprc.gaff2 done
Log file: ./leap.log
Loading parameters: /home/case/amber24/dat/leap/parm/gaff2.dat
Reading title:
AMBER General Force Field for organic molecules (Version 2.2.20, March 2021)
Loading parameters: ./IW7.frcmod
Reading force field modification type file (frcmod)
Reading title:
Remark line goes here
Loading Mol2 file: ./IW7.mol2
Reading MOLECULE named IW7
Checking Unit.

/home/case/amber24/bin/teLeap: Warning!
The unperturbed charge of the unit (-1.001999) is not zero.

/home/case/amber24/bin/teLeap: Note.
Ignoring the warning from Unit Checking.

Building topology.
"order_residues" off: keep input residue order.
Building atom parameters.
Building bond parameters.
Building angle parameters.
Building proper torsion parameters.
Building improper torsion parameters.
 total 7 improper torsions applied
Building H-Bond parameters.
Incorporating Non-Bonded adjustments.
Not Marking per-residue atom chain types.
Marking per-residue atom chain types.
  (Residues lacking connect0/connect1 - 
   these don't have chain types marked:

	res	total affected

	IW7	1
  )
 (no restraints)
	Quit

Exiting LEaP: Errors = 0; Warnings = 1; Notes = 1.
====== min.o =========================================================
Reading parm file (IW7.parm7)
title:
IW7                                                                             
no velocities were found
no velocities were found
	mm_options:  ntpr=5
	mm_options:  gb=1
	mm_options:  kappa=0.10395
	mm_options:  rgbmax=99.
	mm_options:  cut=99.0
	mm_options:  wcons=0.
     bond:      3.561461953
    angle:      8.115772020
 dihedral:     55.864982789
    enb14:      6.886546019
    eel14:   -133.286528464
      enb:      0.009584289
      eel:    -94.168137897
      egb:    -76.864422081
    econs:      0.000000000
    esurf:      0.000000000
    Total:   -229.880741372
     frms:     10.232774415
Starting TNCG minimisation
 MIN: Iter =    0  NFunc =     1  E =    -229.88074  RMSG = 1.0232774e+01
 MIN: Iter =    1  NFunc =     8  E =    -242.19636  RMSG = 5.7155482e+00
 MIN: Iter =    2  NFunc =    14  E =    -245.80197  RMSG = 1.7852734e+00
 MIN: Iter =    3  NFunc =    24  E =    -246.31144  RMSG = 5.3196302e-01
 MIN: Iter =    4  NFunc =    63  E =    -246.87949  RMSG = 6.6387921e-01
 MIN: Iter =    5  NFunc =    83  E =    -247.13205  RMSG = 9.5734206e-01
 MIN: Iter =    6  NFunc =    89  E =    -247.20258  RMSG = 2.5143929e-01
 MIN: Iter =    7  NFunc =   123  E =    -247.26806  RMSG = 3.9864041e-01
 MIN: Iter =    8  NFunc =   153  E =    -247.34651  RMSG = 1.5367426e+00
 MIN: Iter =    9  NFunc =   159  E =    -247.46793  RMSG = 2.4591224e-01
 MIN: Iter =   10  NFunc =   175  E =    -247.52172  RMSG = 3.6577216e-01
 MIN: Iter =   11  NFunc =   182  E =    -247.56923  RMSG = 9.8703853e-01
 MIN: Iter =   12  NFunc =   188  E =    -247.62195  RMSG = 1.9765260e-01
 MIN: Iter =   13  NFunc =   199  E =    -247.65214  RMSG = 3.8563156e-01
 MIN: Iter =   14  NFunc =   205  E =    -247.67307  RMSG = 2.0514507e-01
 MIN: Iter =   15  NFunc =   211  E =    -247.68867  RMSG = 3.0322183e-01
 MIN: Iter =   16  NFunc =   232  E =    -247.72236  RMSG = 3.0109587e-01
 MIN: Iter =   17  NFunc =   238  E =    -247.72912  RMSG = 6.7880161e-02
 MIN: Iter =   18  NFunc =   253  E =    -247.73248  RMSG = 8.5361301e-02
 MIN: Iter =   19  NFunc =   259  E =    -247.73291  RMSG = 2.0961395e-02
 MIN: Iter =   20  NFunc =   283  E =    -247.73385  RMSG = 1.6803894e-02
 MIN: Iter =   21  NFunc =   320  E =    -247.73459  RMSG = 1.4014704e-02
 MIN: Iter =   22  NFunc =   328  E =    -247.73464  RMSG = 7.4251962e-03
 MIN: Iter =   23  NFunc =   358  E =    -247.73469  RMSG = 3.2208644e-03
 MIN: Iter =   24  NFunc =   387  E =    -247.73472  RMSG = 2.5507985e-03
 MIN: Iter =   25  NFunc =   405  E =    -247.73472  RMSG = 1.2394139e-03
 MIN: Iter =   26  NFunc =   415  E =    -247.73473  RMSG = 9.9888170e-04
 MIN: Iter =   27  NFunc =   434  E =    -247.73473  RMSG = 5.6616462e-04
 MIN: Iter =   28  NFunc =   440  E =    -247.73473  RMSG = 2.6745557e-04
----------------------------------------------------------------
 END:          :-)  E =    -247.73473  RMSG =   0.0002675

     bond:      2.556237823
    angle:     10.411440295
 dihedral:     55.085409169
    enb14:      4.879184035
    eel14:   -151.083159053
      enb:     -0.749293603
      eel:    -93.907863872
      egb:    -74.926681779
    econs:      0.000000000
    esurf:      0.000000000
    Total:   -247.734726985
     frms:      0.000267456
====== rms.dat  ======================================================
#Frame      all_heavy
       1       0.2952
