====== tleap.out =====================================================
-I: Adding /home/case/amber24/dat/leap/prep to search path.
-I: Adding /home/case/amber24/dat/leap/lib to search path.
-I: Adding /home/case/amber24/dat/leap/parm to search path.
-I: Adding /home/case/amber24/dat/leap/cmd to search path.
-f: Source leap.in.

Welcome to LEaP!
(no leaprc in search path)
Sourcing: ./leap.in
Using Bondi radii
----- Source: /home/case/amber24/dat/leap/cmd/leaprc.gaff2
----- Source of /home/case/amber24/dat/leap/cmd/leaprc.gaff2 done
Log file: ./leap.log
Loading parameters: /home/case/amber24/dat/leap/parm/gaff2.dat
Reading title:
AMBER General Force Field for organic molecules (Version 2.2.20, March 2021)
Loading parameters: ./IWJ.frcmod
Reading force field modification type file (frcmod)
Reading title:
Remark line goes here
Loading Mol2 file: ./IWJ.mol2
Reading MOLECULE named IWJ
Checking Unit.
Building topology.
"order_residues" off: keep input residue order.
Building atom parameters.
Building bond parameters.
Building angle parameters.
Building proper torsion parameters.
Building improper torsion parameters.
 total 21 improper torsions applied
Building H-Bond parameters.
Incorporating Non-Bonded adjustments.
Not Marking per-residue atom chain types.
Marking per-residue atom chain types.
  (Residues lacking connect0/connect1 - 
   these don't have chain types marked:

	res	total affected

	IWJ	1
  )
 (no restraints)
	Quit

Exiting LEaP: Errors = 0; Warnings = 0; Notes = 0.
====== min.o =========================================================
Reading parm file (IWJ.parm7)
title:
IWJ                                                                             
no velocities were found
no velocities were found
	mm_options:  ntpr=5
	mm_options:  gb=1
	mm_options:  kappa=0.10395
	mm_options:  rgbmax=99.
	mm_options:  cut=99.0
	mm_options:  wcons=0.
     bond:      3.827296962
    angle:      9.640803099
 dihedral:     33.141875388
    enb14:     44.079368750
    eel14:    -89.526105119
      enb:     11.237265326
      eel:     23.111066569
      egb:    -27.645418003
    econs:      0.000000000
    esurf:      0.000000000
    Total:      7.866152971
     frms:      9.022613116
Starting TNCG minimisation
 MIN: Iter =    0  NFunc =     1  E =       7.86615  RMSG = 9.0226131e+00
 MIN: Iter =    1  NFunc =     7  E =     -10.08757  RMSG = 2.3823139e+00
 MIN: Iter =    2  NFunc =    18  E =     -14.46565  RMSG = 9.7032428e-01
 MIN: Iter =    3  NFunc =    36  E =     -16.75224  RMSG = 5.6269014e-01
 MIN: Iter =    4  NFunc =    55  E =     -17.54852  RMSG = 4.0819280e-01
 MIN: Iter =    5  NFunc =   106  E =     -17.94441  RMSG = 8.9252780e-01
 MIN: Iter =    6  NFunc =   112  E =     -18.23298  RMSG = 3.4707572e-01
 MIN: Iter =    7  NFunc =   135  E =     -18.54414  RMSG = 1.2190085e+00
 MIN: Iter =    8  NFunc =   141  E =     -18.87586  RMSG = 2.8576990e-01
 MIN: Iter =    9  NFunc =   153  E =     -19.03333  RMSG = 2.9632591e-01
 MIN: Iter =   10  NFunc =   160  E =     -19.12702  RMSG = 2.7859947e-01
 MIN: Iter =   11  NFunc =   168  E =     -19.17381  RMSG = 1.4774290e-01
 MIN: Iter =   12  NFunc =   214  E =     -19.28251  RMSG = 4.3003997e-01
 MIN: Iter =   13  NFunc =   220  E =     -19.32238  RMSG = 8.2436614e-02
 MIN: Iter =   14  NFunc =   260  E =     -19.34993  RMSG = 2.0040354e-01
 MIN: Iter =   15  NFunc =   266  E =     -19.35857  RMSG = 5.3913519e-02
 MIN: Iter =   16  NFunc =   317  E =     -19.38576  RMSG = 1.3725633e-01
 MIN: Iter =   17  NFunc =   325  E =     -19.39350  RMSG = 4.7770316e-02
 MIN: Iter =   18  NFunc =   376  E =     -19.41212  RMSG = 1.2934686e-01
 MIN: Iter =   19  NFunc =   427  E =     -19.44021  RMSG = 1.4307635e-01
 MIN: Iter =   20  NFunc =   435  E =     -19.44832  RMSG = 4.2427340e-02
 MIN: Iter =   21  NFunc =   456  E =     -19.45683  RMSG = 8.1933418e-02
 MIN: Iter =   22  NFunc =   507  E =     -19.47023  RMSG = 1.1005465e-01
 MIN: Iter =   23  NFunc =   515  E =     -19.47446  RMSG = 2.6837905e-02
 MIN: Iter =   24  NFunc =   567  E =     -19.48156  RMSG = 3.2383615e-02
 MIN: Iter =   25  NFunc =   595  E =     -19.48747  RMSG = 7.6798306e-02
 MIN: Iter =   26  NFunc =   602  E =     -19.48957  RMSG = 2.1747276e-02
 MIN: Iter =   27  NFunc =   651  E =     -19.49274  RMSG = 6.6174231e-02
 MIN: Iter =   28  NFunc =   657  E =     -19.49414  RMSG = 2.3012870e-02
 MIN: Iter =   29  NFunc =   709  E =     -19.49772  RMSG = 3.2442102e-02
 MIN: Iter =   30  NFunc =   737  E =     -19.50124  RMSG = 4.6127952e-02
 MIN: Iter =   31  NFunc =   754  E =     -19.50312  RMSG = 1.7542807e-02
 MIN: Iter =   32  NFunc =   805  E =     -19.50515  RMSG = 8.2286970e-02
 MIN: Iter =   33  NFunc =   811  E =     -19.50700  RMSG = 2.3666642e-02
 MIN: Iter =   34  NFunc =   844  E =     -19.50900  RMSG = 2.3624778e-02
 MIN: Iter =   35  NFunc =   860  E =     -19.50954  RMSG = 8.7010772e-03
 MIN: Iter =   36  NFunc =   903  E =     -19.51104  RMSG = 2.3645566e-02
 MIN: Iter =   37  NFunc =   911  E =     -19.51127  RMSG = 8.7269506e-03
 MIN: Iter =   38  NFunc =   926  E =     -19.51147  RMSG = 5.8185255e-03
 MIN: Iter =   39  NFunc =   966  E =     -19.51169  RMSG = 3.2576508e-03
 MIN: Iter =   40  NFunc =  1017  E =     -19.51182  RMSG = 2.5001977e-03
 MIN: Iter =   41  NFunc =  1068  E =     -19.51193  RMSG = 3.3540839e-03
 MIN: Iter =   42  NFunc =  1119  E =     -19.51204  RMSG = 3.0132690e-03
 MIN: Iter =   43  NFunc =  1170  E =     -19.51210  RMSG = 1.6634959e-03
 MIN: Iter =   44  NFunc =  1221  E =     -19.51214  RMSG = 1.5259762e-03
 MIN: Iter =   45  NFunc =  1270  E =     -19.51216  RMSG = 7.9769726e-04
 MIN: Iter =   46  NFunc =  1321  E =     -19.51217  RMSG = 1.6251702e-03
 MIN: Iter =   47  NFunc =  1372  E =     -19.51220  RMSG = 1.3155066e-03
 MIN: Iter =   48  NFunc =  1423  E =     -19.51221  RMSG = 1.3417221e-03
 MIN: Iter =   49  NFunc =  1445  E =     -19.51222  RMSG = 9.4412273e-04
 MIN: Iter =   50  NFunc =  1479  E =     -19.51223  RMSG = 6.0331587e-04
 MIN: Iter =   51  NFunc =  1518  E =     -19.51223  RMSG = 2.8510540e-04
----------------------------------------------------------------
 END:          :-)  E =     -19.51223  RMSG =   0.0002851

     bond:      7.354065176
    angle:     10.584900902
 dihedral:     33.452982130
    enb14:     24.922882264
    eel14:    -90.459864037
      enb:     -0.079246933
      eel:     24.287229404
      egb:    -29.575177644
    econs:      0.000000000
    esurf:      0.000000000
    Total:    -19.512228739
     frms:      0.000285105
====== rms.dat  ======================================================
#Frame      all_heavy
       1       0.4447
