====== tleap.out =====================================================
-I: Adding /home/case/amber24/dat/leap/prep to search path.
-I: Adding /home/case/amber24/dat/leap/lib to search path.
-I: Adding /home/case/amber24/dat/leap/parm to search path.
-I: Adding /home/case/amber24/dat/leap/cmd to search path.
-f: Source leap.in.

Welcome to LEaP!
(no leaprc in search path)
Sourcing: ./leap.in
Using Bondi radii
----- Source: /home/case/amber24/dat/leap/cmd/leaprc.gaff2
----- Source of /home/case/amber24/dat/leap/cmd/leaprc.gaff2 done
Log file: ./leap.log
Loading parameters: /home/case/amber24/dat/leap/parm/gaff2.dat
Reading title:
AMBER General Force Field for organic molecules (Version 2.2.20, March 2021)
Loading parameters: ./90H.frcmod
Reading force field modification type file (frcmod)
Reading title:
Remark line goes here
Loading Mol2 file: ./90H.mol2
Reading MOLECULE named 90H
Checking Unit.
Building topology.
"order_residues" off: keep input residue order.
Building atom parameters.
Building bond parameters.
Building angle parameters.
Building proper torsion parameters.

/home/case/amber24/bin/teLeap: Note.
1-4: angle 3 18 duplicates bond ('triangular' bond) or angle ('square' bond)


/home/case/amber24/bin/teLeap: Note.
1-4: angle 3 4 duplicates bond ('triangular' bond) or angle ('square' bond)


/home/case/amber24/bin/teLeap: Note.
1-4: angle 4 18 duplicates bond ('triangular' bond) or angle ('square' bond)

Building improper torsion parameters.
 total 10 improper torsions applied
Building H-Bond parameters.
Incorporating Non-Bonded adjustments.
Not Marking per-residue atom chain types.
Marking per-residue atom chain types.
  (Residues lacking connect0/connect1 - 
   these don't have chain types marked:

	res	total affected

	90H	1
  )
 (no restraints)
	Quit

Exiting LEaP: Errors = 0; Warnings = 0; Notes = 3.
====== min.o =========================================================
Reading parm file (90H.parm7)
title:
90H                                                                             
no velocities were found
no velocities were found
	mm_options:  ntpr=5
	mm_options:  gb=1
	mm_options:  kappa=0.10395
	mm_options:  rgbmax=99.
	mm_options:  cut=99.0
	mm_options:  wcons=0.
     bond:      4.907385705
    angle:     15.231517701
 dihedral:     76.817113931
    enb14:     16.403611461
    eel14:    217.497698678
      enb:    -12.020602244
      eel:   -227.578883882
      egb:    -40.567384441
    econs:      0.000000000
    esurf:      0.000000000
    Total:     50.690456908
     frms:      9.971193687
Starting TNCG minimisation
 MIN: Iter =    0  NFunc =     1  E =      50.69046  RMSG = 9.9711937e+00
 MIN: Iter =    1  NFunc =     8  E =      33.68199  RMSG = 2.0365954e+00
 MIN: Iter =    2  NFunc =    21  E =      29.39239  RMSG = 1.4434703e+00
 MIN: Iter =    3  NFunc =    43  E =      27.69299  RMSG = 1.0716942e+00
 MIN: Iter =    4  NFunc =    62  E =      26.96609  RMSG = 6.3697553e-01
 MIN: Iter =    5  NFunc =   103  E =      26.56543  RMSG = 5.2659293e-01
 MIN: Iter =    6  NFunc =   125  E =      26.23535  RMSG = 4.5652283e-01
 MIN: Iter =    7  NFunc =   136  E =      25.98505  RMSG = 4.1632471e-01
 MIN: Iter =    8  NFunc =   187  E =      25.79339  RMSG = 6.6791497e-01
 MIN: Iter =    9  NFunc =   193  E =      25.59606  RMSG = 7.5637677e-01
 MIN: Iter =   10  NFunc =   199  E =      25.35578  RMSG = 6.5685541e-01
 MIN: Iter =   11  NFunc =   205  E =      25.11045  RMSG = 7.3385681e-01
 MIN: Iter =   12  NFunc =   211  E =      24.85106  RMSG = 7.0879337e-01
 MIN: Iter =   13  NFunc =   217  E =      24.60770  RMSG = 5.5517375e-01
 MIN: Iter =   14  NFunc =   223  E =      24.44294  RMSG = 3.9530328e-01
 MIN: Iter =   15  NFunc =   256  E =      24.21449  RMSG = 3.0086650e-01
 MIN: Iter =   16  NFunc =   307  E =      24.07130  RMSG = 2.0876567e-01
 MIN: Iter =   17  NFunc =   337  E =      23.96718  RMSG = 1.6548546e-01
 MIN: Iter =   18  NFunc =   362  E =      23.90236  RMSG = 1.5545860e-01
 MIN: Iter =   19  NFunc =   389  E =      23.84560  RMSG = 1.5019283e-01
 MIN: Iter =   20  NFunc =   406  E =      23.80641  RMSG = 1.1974481e-01
 MIN: Iter =   21  NFunc =   440  E =      23.78293  RMSG = 6.2203792e-02
 MIN: Iter =   22  NFunc =   480  E =      23.77389  RMSG = 3.9886273e-02
 MIN: Iter =   23  NFunc =   516  E =      23.76984  RMSG = 2.4004106e-02
 MIN: Iter =   24  NFunc =   554  E =      23.76694  RMSG = 1.8246169e-02
 MIN: Iter =   25  NFunc =   605  E =      23.76470  RMSG = 1.6047572e-02
 MIN: Iter =   26  NFunc =   656  E =      23.76286  RMSG = 1.6580704e-02
 MIN: Iter =   27  NFunc =   685  E =      23.76193  RMSG = 8.9109340e-03
 MIN: Iter =   28  NFunc =   736  E =      23.76152  RMSG = 6.1310840e-03
 MIN: Iter =   29  NFunc =   756  E =      23.76141  RMSG = 4.4285677e-03
 MIN: Iter =   30  NFunc =   790  E =      23.76134  RMSG = 2.7355084e-03
 MIN: Iter =   31  NFunc =   833  E =      23.76131  RMSG = 1.4757912e-03
 MIN: Iter =   32  NFunc =   881  E =      23.76130  RMSG = 1.0326895e-03
 MIN: Iter =   33  NFunc =   930  E =      23.76129  RMSG = 6.3681751e-04
 MIN: Iter =   34  NFunc =   981  E =      23.76129  RMSG = 7.4023002e-04
 MIN: Iter =   35  NFunc =  1005  E =      23.76129  RMSG = 5.4533850e-04
 MIN: Iter =   36  NFunc =  1056  E =      23.76128  RMSG = 5.3460691e-04
 MIN: Iter =   37  NFunc =  1091  E =      23.76128  RMSG = 3.6483158e-04
----------------------------------------------------------------
 END:          :-)  E =      23.76128  RMSG =   0.0003648

     bond:      3.489022101
    angle:      9.744936571
 dihedral:     72.391344375
    enb14:     10.006696961
    eel14:    207.939507156
      enb:    -13.626520884
      eel:   -223.148780459
      egb:    -43.034924812
    econs:      0.000000000
    esurf:      0.000000000
    Total:     23.761281009
     frms:      0.000364832
====== rms.dat  ======================================================
#Frame      all_heavy
       1       0.8099
