====== tleap.out =====================================================
-I: Adding /home/case/amber24/dat/leap/prep to search path.
-I: Adding /home/case/amber24/dat/leap/lib to search path.
-I: Adding /home/case/amber24/dat/leap/parm to search path.
-I: Adding /home/case/amber24/dat/leap/cmd to search path.
-f: Source leap.in.

Welcome to LEaP!
(no leaprc in search path)
Sourcing: ./leap.in
Using Bondi radii
----- Source: /home/case/amber24/dat/leap/cmd/leaprc.gaff2
----- Source of /home/case/amber24/dat/leap/cmd/leaprc.gaff2 done
Log file: ./leap.log
Loading parameters: /home/case/amber24/dat/leap/parm/gaff2.dat
Reading title:
AMBER General Force Field for organic molecules (Version 2.2.20, March 2021)
Loading parameters: ./96I.frcmod
Reading force field modification type file (frcmod)
Reading title:
Remark line goes here
Loading Mol2 file: ./96I.mol2
Reading MOLECULE named 96I
Checking Unit.
Building topology.
"order_residues" off: keep input residue order.
Building atom parameters.
Building bond parameters.
Building angle parameters.
Building proper torsion parameters.
Building improper torsion parameters.
 total 15 improper torsions applied
Building H-Bond parameters.
Incorporating Non-Bonded adjustments.
Not Marking per-residue atom chain types.
Marking per-residue atom chain types.
  (Residues lacking connect0/connect1 - 
   these don't have chain types marked:

	res	total affected

	96I	1
  )
 (no restraints)
	Quit

Exiting LEaP: Errors = 0; Warnings = 0; Notes = 0.
====== min.o =========================================================
Reading parm file (96I.parm7)
title:
96I                                                                             
no velocities were found
no velocities were found
	mm_options:  ntpr=5
	mm_options:  gb=1
	mm_options:  kappa=0.10395
	mm_options:  rgbmax=99.
	mm_options:  cut=99.0
	mm_options:  wcons=0.
     bond:      4.184159360
    angle:      5.094878550
 dihedral:     16.579415192
    enb14:     26.209227437
    eel14:   -398.681932382
      enb:      0.100063183
      eel:    164.606624713
      egb:    -34.106488807
    econs:      0.000000000
    esurf:      0.000000000
    Total:   -216.014052754
     frms:     11.705481106
Starting TNCG minimisation
 MIN: Iter =    0  NFunc =     1  E =    -216.01405  RMSG = 1.1705481e+01
 MIN: Iter =    1  NFunc =     7  E =    -231.15545  RMSG = 3.1138879e+00
 MIN: Iter =    2  NFunc =    15  E =    -234.24993  RMSG = 1.4520318e+00
 MIN: Iter =    3  NFunc =    36  E =    -235.84967  RMSG = 6.7509460e-01
 MIN: Iter =    4  NFunc =    50  E =    -236.45687  RMSG = 5.8399561e-01
 MIN: Iter =    5  NFunc =    89  E =    -237.09514  RMSG = 6.3438950e-01
 MIN: Iter =    6  NFunc =   110  E =    -237.58499  RMSG = 6.9461904e-01
 MIN: Iter =    7  NFunc =   121  E =    -237.97319  RMSG = 6.2072165e-01
 MIN: Iter =    8  NFunc =   127  E =    -238.18698  RMSG = 5.2255494e-01
 MIN: Iter =    9  NFunc =   133  E =    -238.29607  RMSG = 3.3807699e-01
 MIN: Iter =   10  NFunc =   149  E =    -238.40999  RMSG = 3.0041127e-01
 MIN: Iter =   11  NFunc =   163  E =    -238.46218  RMSG = 2.0484343e-01
 MIN: Iter =   12  NFunc =   176  E =    -238.50478  RMSG = 2.6101700e-01
 MIN: Iter =   13  NFunc =   185  E =    -238.52481  RMSG = 1.2338818e-01
 MIN: Iter =   14  NFunc =   236  E =    -238.64362  RMSG = 2.6217489e-01
 MIN: Iter =   15  NFunc =   262  E =    -238.70829  RMSG = 4.6475530e-01
 MIN: Iter =   16  NFunc =   268  E =    -238.72856  RMSG = 1.4792502e-01
 MIN: Iter =   17  NFunc =   293  E =    -238.76553  RMSG = 2.5309684e-01
 MIN: Iter =   18  NFunc =   317  E =    -238.80722  RMSG = 1.2794007e-01
 MIN: Iter =   19  NFunc =   361  E =    -238.84551  RMSG = 2.5580572e-01
 MIN: Iter =   20  NFunc =   367  E =    -238.85855  RMSG = 1.0075734e-01
 MIN: Iter =   21  NFunc =   397  E =    -238.87761  RMSG = 2.0926703e-01
 MIN: Iter =   22  NFunc =   403  E =    -238.88599  RMSG = 4.8177867e-02
 MIN: Iter =   23  NFunc =   429  E =    -238.89133  RMSG = 5.4730133e-02
 MIN: Iter =   24  NFunc =   469  E =    -238.89792  RMSG = 6.7189709e-02
 MIN: Iter =   25  NFunc =   475  E =    -238.89863  RMSG = 1.7878291e-02
 MIN: Iter =   26  NFunc =   498  E =    -238.90015  RMSG = 1.6314188e-02
 MIN: Iter =   27  NFunc =   525  E =    -238.90089  RMSG = 1.1249418e-02
 MIN: Iter =   28  NFunc =   563  E =    -238.90112  RMSG = 5.3146119e-03
 MIN: Iter =   29  NFunc =   598  E =    -238.90135  RMSG = 5.0184421e-03
 MIN: Iter =   30  NFunc =   610  E =    -238.90138  RMSG = 4.0525163e-03
 MIN: Iter =   31  NFunc =   632  E =    -238.90140  RMSG = 2.0358002e-03
 MIN: Iter =   32  NFunc =   645  E =    -238.90141  RMSG = 1.2144257e-03
 MIN: Iter =   33  NFunc =   672  E =    -238.90141  RMSG = 1.2434663e-03
 MIN: Iter =   34  NFunc =   723  E =    -238.90142  RMSG = 1.1594884e-03
 MIN: Iter =   35  NFunc =   735  E =    -238.90143  RMSG = 8.8802220e-04
 MIN: Iter =   36  NFunc =   784  E =    -238.90143  RMSG = 4.6101806e-04
----------------------------------------------------------------
 END:          :-)  E =    -238.90143  RMSG =   0.0004610

     bond:      2.334363518
    angle:      5.242882386
 dihedral:     18.044724665
    enb14:     17.142725745
    eel14:   -403.132693889
      enb:     -9.144717397
      eel:    167.400969063
      egb:    -36.789682652
    econs:      0.000000000
    esurf:      0.000000000
    Total:   -238.901428561
     frms:      0.000461018
====== rms.dat  ======================================================
#Frame      all_heavy
       1       0.5982
