====== tleap.out =====================================================
-I: Adding /home/case/amber24/dat/leap/prep to search path.
-I: Adding /home/case/amber24/dat/leap/lib to search path.
-I: Adding /home/case/amber24/dat/leap/parm to search path.
-I: Adding /home/case/amber24/dat/leap/cmd to search path.
-f: Source leap.in.

Welcome to LEaP!
(no leaprc in search path)
Sourcing: ./leap.in
Using Bondi radii
----- Source: /home/case/amber24/dat/leap/cmd/leaprc.gaff2
----- Source of /home/case/amber24/dat/leap/cmd/leaprc.gaff2 done
Log file: ./leap.log
Loading parameters: /home/case/amber24/dat/leap/parm/gaff2.dat
Reading title:
AMBER General Force Field for organic molecules (Version 2.2.20, March 2021)
Loading parameters: ./97Z.frcmod
Reading force field modification type file (frcmod)
Reading title:
Remark line goes here
Loading Mol2 file: ./97Z.mol2
Reading MOLECULE named 97Z
Checking Unit.
Building topology.
"order_residues" off: keep input residue order.
Building atom parameters.
Building bond parameters.
Building angle parameters.
Building proper torsion parameters.
Building improper torsion parameters.
 total 16 improper torsions applied
Building H-Bond parameters.
Incorporating Non-Bonded adjustments.
Not Marking per-residue atom chain types.
Marking per-residue atom chain types.
  (Residues lacking connect0/connect1 - 
   these don't have chain types marked:

	res	total affected

	97Z	1
  )
 (no restraints)
	Quit

Exiting LEaP: Errors = 0; Warnings = 0; Notes = 0.
====== min.o =========================================================
Reading parm file (97Z.parm7)
title:
97Z                                                                             
no velocities were found
no velocities were found
	mm_options:  ntpr=5
	mm_options:  gb=1
	mm_options:  kappa=0.10395
	mm_options:  rgbmax=99.
	mm_options:  cut=99.0
	mm_options:  wcons=0.
     bond:      2.454212834
    angle:      7.505364254
 dihedral:     12.881211080
    enb14:     17.247569297
    eel14:   -150.058379510
      enb:      1.420079773
      eel:     54.083241522
      egb:    -19.889732618
    econs:      0.000000000
    esurf:      0.000000000
    Total:    -74.356433367
     frms:     10.389372667
Starting TNCG minimisation
 MIN: Iter =    0  NFunc =     1  E =     -74.35643  RMSG = 1.0389373e+01
 MIN: Iter =    1  NFunc =     7  E =     -82.43780  RMSG = 2.4588006e+00
 MIN: Iter =    2  NFunc =    18  E =     -84.84903  RMSG = 1.1442704e+00
 MIN: Iter =    3  NFunc =    25  E =     -85.16288  RMSG = 4.5731544e-01
 MIN: Iter =    4  NFunc =    67  E =     -85.58246  RMSG = 6.3026177e-01
 MIN: Iter =    5  NFunc =   100  E =     -86.00955  RMSG = 6.0960938e-01
 MIN: Iter =    6  NFunc =   106  E =     -86.11003  RMSG = 3.7317448e-01
 MIN: Iter =    7  NFunc =   121  E =     -86.26681  RMSG = 4.4057761e-01
 MIN: Iter =    8  NFunc =   127  E =     -86.29631  RMSG = 1.8322285e-01
 MIN: Iter =    9  NFunc =   162  E =     -86.35910  RMSG = 3.7142275e-01
 MIN: Iter =   10  NFunc =   168  E =     -86.37470  RMSG = 9.8465565e-02
 MIN: Iter =   11  NFunc =   203  E =     -86.40515  RMSG = 2.4854254e-01
 MIN: Iter =   12  NFunc =   209  E =     -86.41231  RMSG = 7.2411831e-02
 MIN: Iter =   13  NFunc =   221  E =     -86.41406  RMSG = 2.5981084e-02
 MIN: Iter =   14  NFunc =   237  E =     -86.41503  RMSG = 1.8022654e-02
 MIN: Iter =   15  NFunc =   260  E =     -86.41583  RMSG = 1.2283284e-02
 MIN: Iter =   16  NFunc =   267  E =     -86.41587  RMSG = 7.3242035e-03
 MIN: Iter =   17  NFunc =   280  E =     -86.41591  RMSG = 5.2213814e-03
 MIN: Iter =   18  NFunc =   302  E =     -86.41596  RMSG = 3.4249377e-03
 MIN: Iter =   19  NFunc =   316  E =     -86.41597  RMSG = 2.2604477e-03
 MIN: Iter =   20  NFunc =   353  E =     -86.41598  RMSG = 1.7058111e-03
 MIN: Iter =   21  NFunc =   362  E =     -86.41598  RMSG = 8.2258073e-04
 MIN: Iter =   22  NFunc =   392  E =     -86.41599  RMSG = 3.7688919e-04
----------------------------------------------------------------
 END:          :-)  E =     -86.41599  RMSG =   0.0003769

     bond:      2.156113818
    angle:      4.454373302
 dihedral:     15.126477922
    enb14:     12.480521532
    eel14:   -150.193444791
      enb:     -2.708484015
      eel:     53.320343238
      egb:    -21.051886321
    econs:      0.000000000
    esurf:      0.000000000
    Total:    -86.415985314
     frms:      0.000376889
====== rms.dat  ======================================================
#Frame      all_heavy
       1       0.2001
