====== tleap.out =====================================================
-I: Adding /home/case/amber24/dat/leap/prep to search path.
-I: Adding /home/case/amber24/dat/leap/lib to search path.
-I: Adding /home/case/amber24/dat/leap/parm to search path.
-I: Adding /home/case/amber24/dat/leap/cmd to search path.
-f: Source leap.in.

Welcome to LEaP!
(no leaprc in search path)
Sourcing: ./leap.in
Using Bondi radii
----- Source: /home/case/amber24/dat/leap/cmd/leaprc.gaff2
----- Source of /home/case/amber24/dat/leap/cmd/leaprc.gaff2 done
Log file: ./leap.log
Loading parameters: /home/case/amber24/dat/leap/parm/gaff2.dat
Reading title:
AMBER General Force Field for organic molecules (Version 2.2.20, March 2021)
Loading parameters: ./98C.frcmod
Reading force field modification type file (frcmod)
Reading title:
Remark line goes here
Loading Mol2 file: ./98C.mol2
Reading MOLECULE named 98C
Checking Unit.
Building topology.
"order_residues" off: keep input residue order.
Building atom parameters.
Building bond parameters.
Building angle parameters.
Building proper torsion parameters.
Building improper torsion parameters.
 total 14 improper torsions applied
Building H-Bond parameters.
Incorporating Non-Bonded adjustments.
Not Marking per-residue atom chain types.
Marking per-residue atom chain types.
  (Residues lacking connect0/connect1 - 
   these don't have chain types marked:

	res	total affected

	98C	1
  )
 (no restraints)
	Quit

Exiting LEaP: Errors = 0; Warnings = 0; Notes = 0.
====== min.o =========================================================
Reading parm file (98C.parm7)
title:
98C                                                                             
no velocities were found
no velocities were found
	mm_options:  ntpr=5
	mm_options:  gb=1
	mm_options:  kappa=0.10395
	mm_options:  rgbmax=99.
	mm_options:  cut=99.0
	mm_options:  wcons=0.
     bond:      1.563888549
    angle:      4.740703059
 dihedral:      3.617534784
    enb14:     11.830394423
    eel14:     77.025305779
      enb:     -5.878274143
      eel:    -75.880610064
      egb:    -22.602063369
    econs:      0.000000000
    esurf:      0.000000000
    Total:     -5.583120983
     frms:      7.822301500
Starting TNCG minimisation
 MIN: Iter =    0  NFunc =     1  E =      -5.58312  RMSG = 7.8223015e+00
 MIN: Iter =    1  NFunc =     7  E =     -14.14647  RMSG = 2.6721853e+00
 MIN: Iter =    2  NFunc =    13  E =     -15.51760  RMSG = 1.2000447e+00
 MIN: Iter =    3  NFunc =    19  E =     -15.94765  RMSG = 6.0237600e-01
 MIN: Iter =    4  NFunc =    27  E =     -16.11579  RMSG = 2.8127614e-01
 MIN: Iter =    5  NFunc =    78  E =     -16.31765  RMSG = 3.7824577e-01
 MIN: Iter =    6  NFunc =    92  E =     -16.43268  RMSG = 5.9203706e-01
 MIN: Iter =    7  NFunc =    99  E =     -16.49995  RMSG = 2.1917917e-01
 MIN: Iter =    8  NFunc =   110  E =     -16.53719  RMSG = 2.6433237e-01
 MIN: Iter =    9  NFunc =   131  E =     -16.60876  RMSG = 5.1687031e-01
 MIN: Iter =   10  NFunc =   150  E =     -16.71314  RMSG = 5.7004816e-01
 MIN: Iter =   11  NFunc =   162  E =     -16.81258  RMSG = 4.3394997e-01
 MIN: Iter =   12  NFunc =   171  E =     -16.88738  RMSG = 6.4862942e-01
 MIN: Iter =   13  NFunc =   177  E =     -16.96001  RMSG = 2.7007182e-01
 MIN: Iter =   14  NFunc =   184  E =     -17.01867  RMSG = 6.4004075e-01
 MIN: Iter =   15  NFunc =   190  E =     -17.08198  RMSG = 2.9195097e-01
 MIN: Iter =   16  NFunc =   197  E =     -17.11623  RMSG = 6.1695889e-01
 MIN: Iter =   17  NFunc =   203  E =     -17.15239  RMSG = 2.2379061e-01
 MIN: Iter =   18  NFunc =   239  E =     -17.30255  RMSG = 6.8826280e-01
 MIN: Iter =   19  NFunc =   245  E =     -17.35702  RMSG = 2.0459754e-01
 MIN: Iter =   20  NFunc =   272  E =     -17.42084  RMSG = 5.8965522e-01
 MIN: Iter =   21  NFunc =   278  E =     -17.45835  RMSG = 1.1508602e-01
 MIN: Iter =   22  NFunc =   285  E =     -17.46388  RMSG = 6.8584782e-02
 MIN: Iter =   23  NFunc =   310  E =     -17.48165  RMSG = 1.0108924e-01
 MIN: Iter =   24  NFunc =   316  E =     -17.48319  RMSG = 3.8228558e-02
 MIN: Iter =   25  NFunc =   367  E =     -17.49576  RMSG = 1.7841127e-01
 MIN: Iter =   26  NFunc =   373  E =     -17.49872  RMSG = 4.0655273e-02
 MIN: Iter =   27  NFunc =   424  E =     -17.50925  RMSG = 1.1490545e-01
 MIN: Iter =   28  NFunc =   437  E =     -17.51407  RMSG = 4.8782721e-02
 MIN: Iter =   29  NFunc =   463  E =     -17.51945  RMSG = 5.4434716e-02
 MIN: Iter =   30  NFunc =   492  E =     -17.52184  RMSG = 1.9658357e-02
 MIN: Iter =   31  NFunc =   512  E =     -17.52221  RMSG = 1.0082440e-02
 MIN: Iter =   32  NFunc =   522  E =     -17.52231  RMSG = 8.2146293e-03
 MIN: Iter =   33  NFunc =   545  E =     -17.52245  RMSG = 4.6465086e-03
 MIN: Iter =   34  NFunc =   575  E =     -17.52250  RMSG = 3.1649273e-03
 MIN: Iter =   35  NFunc =   587  E =     -17.52251  RMSG = 2.1584746e-03
 MIN: Iter =   36  NFunc =   608  E =     -17.52253  RMSG = 1.8409002e-03
 MIN: Iter =   37  NFunc =   651  E =     -17.52257  RMSG = 2.4546818e-03
 MIN: Iter =   38  NFunc =   699  E =     -17.52259  RMSG = 1.6806774e-03
 MIN: Iter =   39  NFunc =   707  E =     -17.52259  RMSG = 1.3785905e-03
 MIN: Iter =   40  NFunc =   738  E =     -17.52260  RMSG = 6.9513988e-04
 MIN: Iter =   41  NFunc =   759  E =     -17.52260  RMSG = 5.0306227e-04
 MIN: Iter =   42  NFunc =   766  E =     -17.52260  RMSG = 3.8514669e-04
----------------------------------------------------------------
 END:          :-)  E =     -17.52260  RMSG =   0.0003851

     bond:      1.451478869
    angle:      3.296468917
 dihedral:      3.237556216
    enb14:      8.198733410
    eel14:     70.597742305
      enb:     -7.078828883
      eel:    -75.806211045
      egb:    -21.419540603
    econs:      0.000000000
    esurf:      0.000000000
    Total:    -17.522600813
     frms:      0.000385147
====== rms.dat  ======================================================
#Frame      all_heavy
       1       0.4835
