====== tleap.out =====================================================
-I: Adding /home/case/amber24/dat/leap/prep to search path.
-I: Adding /home/case/amber24/dat/leap/lib to search path.
-I: Adding /home/case/amber24/dat/leap/parm to search path.
-I: Adding /home/case/amber24/dat/leap/cmd to search path.
-f: Source leap.in.

Welcome to LEaP!
(no leaprc in search path)
Sourcing: ./leap.in
Using Bondi radii
----- Source: /home/case/amber24/dat/leap/cmd/leaprc.gaff2
----- Source of /home/case/amber24/dat/leap/cmd/leaprc.gaff2 done
Log file: ./leap.log
Loading parameters: /home/case/amber24/dat/leap/parm/gaff2.dat
Reading title:
AMBER General Force Field for organic molecules (Version 2.2.20, March 2021)
Loading parameters: ./9A2.frcmod
Reading force field modification type file (frcmod)
Reading title:
Remark line goes here
Loading Mol2 file: ./9A2.mol2
Reading MOLECULE named 9A2
Checking Unit.
Building topology.
"order_residues" off: keep input residue order.
Building atom parameters.
Building bond parameters.
Building angle parameters.
Building proper torsion parameters.
Building improper torsion parameters.
 total 17 improper torsions applied
Building H-Bond parameters.
Incorporating Non-Bonded adjustments.
Not Marking per-residue atom chain types.
Marking per-residue atom chain types.
  (Residues lacking connect0/connect1 - 
   these don't have chain types marked:

	res	total affected

	9A2	1
  )
 (no restraints)
	Quit

Exiting LEaP: Errors = 0; Warnings = 0; Notes = 0.
====== min.o =========================================================
Reading parm file (9A2.parm7)
title:
9A2                                                                             
no velocities were found
no velocities were found
	mm_options:  ntpr=5
	mm_options:  gb=1
	mm_options:  kappa=0.10395
	mm_options:  rgbmax=99.
	mm_options:  cut=99.0
	mm_options:  wcons=0.
     bond:      5.597267617
    angle:      8.056416686
 dihedral:     66.296537288
    enb14:     23.879024098
    eel14:    -64.958774847
      enb:     -6.211921168
      eel:    -37.001450033
      egb:    -24.792747266
    econs:      0.000000000
    esurf:      0.000000000
    Total:    -29.135647625
     frms:      9.637578437
Starting TNCG minimisation
 MIN: Iter =    0  NFunc =     1  E =     -29.13565  RMSG = 9.6375784e+00
 MIN: Iter =    1  NFunc =     7  E =     -42.40633  RMSG = 2.5542924e+00
 MIN: Iter =    2  NFunc =    16  E =     -45.93352  RMSG = 1.0372438e+00
 MIN: Iter =    3  NFunc =    30  E =     -47.00753  RMSG = 5.1815135e-01
 MIN: Iter =    4  NFunc =    63  E =     -47.54777  RMSG = 4.1007229e-01
 MIN: Iter =    5  NFunc =    77  E =     -47.62458  RMSG = 1.2608117e-01
 MIN: Iter =    6  NFunc =   115  E =     -47.69952  RMSG = 6.5756702e-01
 MIN: Iter =    7  NFunc =   121  E =     -47.76813  RMSG = 1.0428561e-01
 MIN: Iter =    8  NFunc =   172  E =     -47.80075  RMSG = 2.4066437e-01
 MIN: Iter =    9  NFunc =   179  E =     -47.81433  RMSG = 7.5311104e-02
 MIN: Iter =   10  NFunc =   230  E =     -47.84877  RMSG = 7.6826471e-02
 MIN: Iter =   11  NFunc =   257  E =     -47.86788  RMSG = 7.8334742e-02
 MIN: Iter =   12  NFunc =   264  E =     -47.87032  RMSG = 3.3317359e-02
 MIN: Iter =   13  NFunc =   300  E =     -47.87597  RMSG = 3.3002891e-02
 MIN: Iter =   14  NFunc =   348  E =     -47.88067  RMSG = 2.6223256e-02
 MIN: Iter =   15  NFunc =   386  E =     -47.88248  RMSG = 1.1968429e-02
 MIN: Iter =   16  NFunc =   432  E =     -47.88357  RMSG = 8.7496853e-03
 MIN: Iter =   17  NFunc =   483  E =     -47.88421  RMSG = 8.9222365e-03
 MIN: Iter =   18  NFunc =   511  E =     -47.88453  RMSG = 6.9800840e-03
 MIN: Iter =   19  NFunc =   544  E =     -47.88470  RMSG = 3.6527058e-03
 MIN: Iter =   20  NFunc =   567  E =     -47.88475  RMSG = 2.2817932e-03
 MIN: Iter =   21  NFunc =   591  E =     -47.88477  RMSG = 1.4477098e-03
 MIN: Iter =   22  NFunc =   610  E =     -47.88477  RMSG = 8.9958982e-04
 MIN: Iter =   23  NFunc =   653  E =     -47.88478  RMSG = 5.3044810e-04
 MIN: Iter =   24  NFunc =   704  E =     -47.88478  RMSG = 6.1037901e-04
 MIN: Iter =   25  NFunc =   746  E =     -47.88478  RMSG = 4.4810228e-04
----------------------------------------------------------------
 END:          :-)  E =     -47.88478  RMSG =   0.0004481

     bond:      2.829414631
    angle:      6.280642772
 dihedral:     64.135478379
    enb14:     15.859747155
    eel14:    -66.493887795
      enb:    -10.228206341
      eel:    -33.362752832
      egb:    -26.905218841
    econs:      0.000000000
    esurf:      0.000000000
    Total:    -47.884782872
     frms:      0.000448102
====== rms.dat  ======================================================
#Frame      all_heavy
       1       0.3034
