====== tleap.out =====================================================
-I: Adding /home/case/amber24/dat/leap/prep to search path.
-I: Adding /home/case/amber24/dat/leap/lib to search path.
-I: Adding /home/case/amber24/dat/leap/parm to search path.
-I: Adding /home/case/amber24/dat/leap/cmd to search path.
-f: Source leap.in.

Welcome to LEaP!
(no leaprc in search path)
Sourcing: ./leap.in
Using Bondi radii
----- Source: /home/case/amber24/dat/leap/cmd/leaprc.gaff2
----- Source of /home/case/amber24/dat/leap/cmd/leaprc.gaff2 done
Log file: ./leap.log
Loading parameters: /home/case/amber24/dat/leap/parm/gaff2.dat
Reading title:
AMBER General Force Field for organic molecules (Version 2.2.20, March 2021)
Loading parameters: ./9A5.frcmod
Reading force field modification type file (frcmod)
Reading title:
Remark line goes here
Loading Mol2 file: ./9A5.mol2
Reading MOLECULE named 9A5
Checking Unit.
Building topology.
"order_residues" off: keep input residue order.
Building atom parameters.
Building bond parameters.
Building angle parameters.
Building proper torsion parameters.
Building improper torsion parameters.
 total 21 improper torsions applied
Building H-Bond parameters.
Incorporating Non-Bonded adjustments.
Not Marking per-residue atom chain types.
Marking per-residue atom chain types.
  (Residues lacking connect0/connect1 - 
   these don't have chain types marked:

	res	total affected

	9A5	1
  )
 (no restraints)
	Quit

Exiting LEaP: Errors = 0; Warnings = 0; Notes = 0.
====== min.o =========================================================
Reading parm file (9A5.parm7)
title:
9A5                                                                             
no velocities were found
no velocities were found
	mm_options:  ntpr=5
	mm_options:  gb=1
	mm_options:  kappa=0.10395
	mm_options:  rgbmax=99.
	mm_options:  cut=99.0
	mm_options:  wcons=0.
     bond:      4.098191075
    angle:     19.051212017
 dihedral:     10.681239275
    enb14:     17.489798886
    eel14:     -0.703111288
      enb:     -5.766913124
      eel:    -37.930922498
      egb:    -34.292971024
    econs:      0.000000000
    esurf:      0.000000000
    Total:    -27.373476682
     frms:     10.347614741
Starting TNCG minimisation
 MIN: Iter =    0  NFunc =     1  E =     -27.37348  RMSG = 1.0347615e+01
 MIN: Iter =    1  NFunc =     7  E =     -39.53071  RMSG = 2.4206561e+00
 MIN: Iter =    2  NFunc =    16  E =     -42.25287  RMSG = 1.0827694e+00
 MIN: Iter =    3  NFunc =    29  E =     -43.51943  RMSG = 6.0091751e-01
 MIN: Iter =    4  NFunc =    43  E =     -43.89993  RMSG = 3.7409531e-01
 MIN: Iter =    5  NFunc =    67  E =     -44.21855  RMSG = 2.7316875e-01
 MIN: Iter =    6  NFunc =    98  E =     -44.34100  RMSG = 3.4388872e-01
 MIN: Iter =    7  NFunc =   105  E =     -44.36236  RMSG = 9.0681630e-02
 MIN: Iter =    8  NFunc =   156  E =     -44.39274  RMSG = 2.6526024e-01
 MIN: Iter =    9  NFunc =   162  E =     -44.40339  RMSG = 6.4873521e-02
 MIN: Iter =   10  NFunc =   182  E =     -44.41484  RMSG = 5.2234346e-02
 MIN: Iter =   11  NFunc =   217  E =     -44.43013  RMSG = 8.7088477e-02
 MIN: Iter =   12  NFunc =   268  E =     -44.45008  RMSG = 2.6212117e-01
 MIN: Iter =   13  NFunc =   274  E =     -44.46281  RMSG = 7.1730755e-02
 MIN: Iter =   14  NFunc =   325  E =     -44.47824  RMSG = 1.3337708e-01
 MIN: Iter =   15  NFunc =   332  E =     -44.48349  RMSG = 4.3246047e-02
 MIN: Iter =   16  NFunc =   362  E =     -44.48996  RMSG = 3.2051392e-02
 MIN: Iter =   17  NFunc =   388  E =     -44.49240  RMSG = 1.9028960e-02
 MIN: Iter =   18  NFunc =   439  E =     -44.49548  RMSG = 2.4696593e-02
 MIN: Iter =   19  NFunc =   460  E =     -44.49669  RMSG = 1.3338771e-02
 MIN: Iter =   20  NFunc =   511  E =     -44.49840  RMSG = 1.8493898e-02
 MIN: Iter =   21  NFunc =   543  E =     -44.49976  RMSG = 1.1779189e-02
 MIN: Iter =   22  NFunc =   594  E =     -44.50211  RMSG = 2.6202915e-02
 MIN: Iter =   23  NFunc =   634  E =     -44.50458  RMSG = 5.7280779e-02
 MIN: Iter =   24  NFunc =   640  E =     -44.50523  RMSG = 1.7572675e-02
 MIN: Iter =   25  NFunc =   692  E =     -44.50716  RMSG = 2.4887198e-02
 MIN: Iter =   26  NFunc =   717  E =     -44.50914  RMSG = 3.9274512e-02
 MIN: Iter =   27  NFunc =   724  E =     -44.50958  RMSG = 1.2660544e-02
 MIN: Iter =   28  NFunc =   776  E =     -44.51165  RMSG = 3.5452038e-02
 MIN: Iter =   29  NFunc =   783  E =     -44.51227  RMSG = 1.7976459e-02
 MIN: Iter =   30  NFunc =   820  E =     -44.51414  RMSG = 3.3732411e-02
 MIN: Iter =   31  NFunc =   828  E =     -44.51498  RMSG = 1.9921504e-02
 MIN: Iter =   32  NFunc =   873  E =     -44.51658  RMSG = 3.5152122e-02
 MIN: Iter =   33  NFunc =   881  E =     -44.51721  RMSG = 1.8949208e-02
 MIN: Iter =   34  NFunc =   902  E =     -44.51829  RMSG = 2.7497354e-02
 MIN: Iter =   35  NFunc =   909  E =     -44.51879  RMSG = 1.6055378e-02
 MIN: Iter =   36  NFunc =   917  E =     -44.51915  RMSG = 2.6912444e-02
 MIN: Iter =   37  NFunc =   968  E =     -44.52065  RMSG = 1.8409847e-02
 MIN: Iter =   38  NFunc =   995  E =     -44.52318  RMSG = 4.4669054e-02
 MIN: Iter =   39  NFunc =  1005  E =     -44.52572  RMSG = 5.4419530e-02
 MIN: Iter =   40  NFunc =  1011  E =     -44.52731  RMSG = 3.5597874e-02
 MIN: Iter =   41  NFunc =  1017  E =     -44.52831  RMSG = 4.7256005e-02
 MIN: Iter =   42  NFunc =  1029  E =     -44.52957  RMSG = 1.9277348e-02
 MIN: Iter =   43  NFunc =  1038  E =     -44.53008  RMSG = 4.8493821e-02
 MIN: Iter =   44  NFunc =  1044  E =     -44.53064  RMSG = 1.9446037e-02
 MIN: Iter =   45  NFunc =  1080  E =     -44.53188  RMSG = 2.9484741e-02
 MIN: Iter =   46  NFunc =  1098  E =     -44.53388  RMSG = 3.6824816e-02
 MIN: Iter =   47  NFunc =  1111  E =     -44.53466  RMSG = 1.5635112e-02
 MIN: Iter =   48  NFunc =  1134  E =     -44.53540  RMSG = 2.8462146e-02
 MIN: Iter =   49  NFunc =  1140  E =     -44.53561  RMSG = 9.7944026e-03
 MIN: Iter =   50  NFunc =  1156  E =     -44.53571  RMSG = 4.3464930e-03
 MIN: Iter =   51  NFunc =  1188  E =     -44.53589  RMSG = 3.8002887e-03
 MIN: Iter =   52  NFunc =  1239  E =     -44.53609  RMSG = 4.9109524e-03
 MIN: Iter =   53  NFunc =  1290  E =     -44.53623  RMSG = 5.4913631e-03
 MIN: Iter =   54  NFunc =  1321  E =     -44.53630  RMSG = 2.6889377e-03
 MIN: Iter =   55  NFunc =  1332  E =     -44.53630  RMSG = 1.5465230e-03
 MIN: Iter =   56  NFunc =  1361  E =     -44.53631  RMSG = 9.0597689e-04
 MIN: Iter =   57  NFunc =  1411  E =     -44.53632  RMSG = 6.5369715e-04
 MIN: Iter =   58  NFunc =  1443  E =     -44.53632  RMSG = 4.7259690e-04
----------------------------------------------------------------
 END:          :-)  E =     -44.53632  RMSG =   0.0004726

     bond:      3.070220275
    angle:     13.427938535
 dihedral:     10.854244826
    enb14:     13.815225600
    eel14:     -9.787902883
      enb:     -7.253843477
      eel:    -33.576768947
      egb:    -35.085435592
    econs:      0.000000000
    esurf:      0.000000000
    Total:    -44.536321662
     frms:      0.000472597
====== rms.dat  ======================================================
#Frame      all_heavy
       1       0.5713
