====== tleap.out =====================================================
-I: Adding /home/case/amber24/dat/leap/prep to search path.
-I: Adding /home/case/amber24/dat/leap/lib to search path.
-I: Adding /home/case/amber24/dat/leap/parm to search path.
-I: Adding /home/case/amber24/dat/leap/cmd to search path.
-f: Source leap.in.

Welcome to LEaP!
(no leaprc in search path)
Sourcing: ./leap.in
Using Bondi radii
----- Source: /home/case/amber24/dat/leap/cmd/leaprc.gaff2
----- Source of /home/case/amber24/dat/leap/cmd/leaprc.gaff2 done
Log file: ./leap.log
Loading parameters: /home/case/amber24/dat/leap/parm/gaff2.dat
Reading title:
AMBER General Force Field for organic molecules (Version 2.2.20, March 2021)
Loading parameters: ./9DH.frcmod
Reading force field modification type file (frcmod)
Reading title:
Remark line goes here
Loading Mol2 file: ./9DH.mol2
Reading MOLECULE named 9DH
Checking Unit.
Building topology.
"order_residues" off: keep input residue order.
Building atom parameters.
Building bond parameters.
Building angle parameters.
Building proper torsion parameters.
Building improper torsion parameters.
 total 15 improper torsions applied
Building H-Bond parameters.
Incorporating Non-Bonded adjustments.
Not Marking per-residue atom chain types.
Marking per-residue atom chain types.
  (Residues lacking connect0/connect1 - 
   these don't have chain types marked:

	res	total affected

	9DH	1
  )
 (no restraints)
	Quit

Exiting LEaP: Errors = 0; Warnings = 0; Notes = 0.
====== min.o =========================================================
Reading parm file (9DH.parm7)
title:
9DH                                                                             
no velocities were found
no velocities were found
	mm_options:  ntpr=5
	mm_options:  gb=1
	mm_options:  kappa=0.10395
	mm_options:  rgbmax=99.
	mm_options:  cut=99.0
	mm_options:  wcons=0.
     bond:      2.188546006
    angle:      4.748659812
 dihedral:     31.805680739
    enb14:     10.878235129
    eel14:   -107.881493740
      enb:      2.516056131
      eel:    -10.619580994
      egb:    -30.149871866
    econs:      0.000000000
    esurf:      0.000000000
    Total:    -96.513768782
     frms:      8.755133613
Starting TNCG minimisation
 MIN: Iter =    0  NFunc =     1  E =     -96.51377  RMSG = 8.7551336e+00
 MIN: Iter =    1  NFunc =     8  E =    -107.78242  RMSG = 4.8659336e+00
 MIN: Iter =    2  NFunc =    14  E =    -111.47812  RMSG = 1.7551597e+00
 MIN: Iter =    3  NFunc =    25  E =    -113.21200  RMSG = 9.3854990e-01
 MIN: Iter =    4  NFunc =    53  E =    -113.90578  RMSG = 7.3181664e-01
 MIN: Iter =    5  NFunc =    67  E =    -114.26665  RMSG = 7.1214527e-01
 MIN: Iter =    6  NFunc =    73  E =    -114.36275  RMSG = 3.3802924e-01
 MIN: Iter =    7  NFunc =    84  E =    -114.46871  RMSG = 4.6117905e-01
 MIN: Iter =    8  NFunc =   125  E =    -114.61012  RMSG = 9.8331638e-01
 MIN: Iter =    9  NFunc =   131  E =    -114.69160  RMSG = 2.8497315e-01
 MIN: Iter =   10  NFunc =   152  E =    -114.77572  RMSG = 1.3534908e+00
 MIN: Iter =   11  NFunc =   158  E =    -114.88603  RMSG = 2.8343611e-01
 MIN: Iter =   12  NFunc =   210  E =    -114.95802  RMSG = 5.1283858e-01
 MIN: Iter =   13  NFunc =   218  E =    -115.04602  RMSG = 6.8682620e-01
 MIN: Iter =   14  NFunc =   225  E =    -115.14971  RMSG = 8.0933891e-01
 MIN: Iter =   15  NFunc =   231  E =    -115.27452  RMSG = 1.3370491e+00
 MIN: Iter =   16  NFunc =   237  E =    -115.40767  RMSG = 3.4668390e-01
 MIN: Iter =   17  NFunc =   244  E =    -115.45334  RMSG = 4.0666951e-01
 MIN: Iter =   18  NFunc =   250  E =    -115.50778  RMSG = 8.2561133e-01
 MIN: Iter =   19  NFunc =   256  E =    -115.55006  RMSG = 1.5793242e-01
 MIN: Iter =   20  NFunc =   262  E =    -115.56443  RMSG = 2.1770362e-01
 MIN: Iter =   21  NFunc =   301  E =    -115.60493  RMSG = 6.5302143e-01
 MIN: Iter =   22  NFunc =   307  E =    -115.63201  RMSG = 1.0859465e-01
 MIN: Iter =   23  NFunc =   357  E =    -115.66198  RMSG = 4.2475323e-01
 MIN: Iter =   24  NFunc =   363  E =    -115.67308  RMSG = 1.0844708e-01
 MIN: Iter =   25  NFunc =   387  E =    -115.69808  RMSG = 2.7744478e-01
 MIN: Iter =   26  NFunc =   402  E =    -115.71997  RMSG = 1.1702794e-01
 MIN: Iter =   27  NFunc =   423  E =    -115.74235  RMSG = 3.2498285e-01
 MIN: Iter =   28  NFunc =   430  E =    -115.76714  RMSG = 1.5992936e-01
 MIN: Iter =   29  NFunc =   451  E =    -115.79738  RMSG = 3.7664972e-01
 MIN: Iter =   30  NFunc =   460  E =    -115.83035  RMSG = 1.7306319e-01
 MIN: Iter =   31  NFunc =   466  E =    -115.84728  RMSG = 2.6000022e-01
 MIN: Iter =   32  NFunc =   474  E =    -115.85848  RMSG = 9.4456961e-02
 MIN: Iter =   33  NFunc =   517  E =    -115.87649  RMSG = 1.2969556e-01
 MIN: Iter =   34  NFunc =   523  E =    -115.87881  RMSG = 5.5163605e-02
 MIN: Iter =   35  NFunc =   574  E =    -115.89984  RMSG = 3.4478307e-01
 MIN: Iter =   36  NFunc =   580  E =    -115.91158  RMSG = 1.1171081e-01
 MIN: Iter =   37  NFunc =   604  E =    -115.92620  RMSG = 1.3893444e-01
 MIN: Iter =   38  NFunc =   618  E =    -115.93848  RMSG = 1.6184722e-01
 MIN: Iter =   39  NFunc =   625  E =    -115.94894  RMSG = 1.3174435e-01
 MIN: Iter =   40  NFunc =   631  E =    -115.95649  RMSG = 1.5911556e-01
 MIN: Iter =   41  NFunc =   637  E =    -115.96206  RMSG = 9.8285035e-02
 MIN: Iter =   42  NFunc =   672  E =    -115.97672  RMSG = 1.6819072e-01
 MIN: Iter =   43  NFunc =   678  E =    -115.98843  RMSG = 1.3959506e-01
 MIN: Iter =   44  NFunc =   696  E =    -116.00500  RMSG = 1.7664615e-01
 MIN: Iter =   45  NFunc =   702  E =    -116.02004  RMSG = 1.8825390e-01
 MIN: Iter =   46  NFunc =   708  E =    -116.02941  RMSG = 1.1039981e-01
 MIN: Iter =   47  NFunc =   727  E =    -116.03984  RMSG = 1.6765217e-01
 MIN: Iter =   48  NFunc =   737  E =    -116.05044  RMSG = 1.4082303e-01
 MIN: Iter =   49  NFunc =   744  E =    -116.05747  RMSG = 1.2094899e-01
 MIN: Iter =   50  NFunc =   750  E =    -116.06275  RMSG = 1.1491088e-01
 MIN: Iter =   51  NFunc =   758  E =    -116.06818  RMSG = 1.1560554e-01
 MIN: Iter =   52  NFunc =   796  E =    -116.08198  RMSG = 1.4203327e-01
 MIN: Iter =   53  NFunc =   808  E =    -116.09510  RMSG = 2.6618451e-01
 MIN: Iter =   54  NFunc =   818  E =    -116.11024  RMSG = 1.4225333e-01
 MIN: Iter =   55  NFunc =   825  E =    -116.11862  RMSG = 3.2101713e-01
 MIN: Iter =   56  NFunc =   831  E =    -116.12812  RMSG = 8.7568044e-02
 MIN: Iter =   57  NFunc =   883  E =    -116.14817  RMSG = 2.4674743e-01
 MIN: Iter =   58  NFunc =   889  E =    -116.17897  RMSG = 4.1501271e-01
 MIN: Iter =   59  NFunc =   895  E =    -116.21129  RMSG = 2.1516385e-01
 MIN: Iter =   60  NFunc =   909  E =    -116.23027  RMSG = 2.0142556e-01
 MIN: Iter =   61  NFunc =   915  E =    -116.25586  RMSG = 2.6632067e-01
 MIN: Iter =   62  NFunc =   931  E =    -116.27548  RMSG = 2.7525848e-01
 MIN: Iter =   63  NFunc =   938  E =    -116.30070  RMSG = 6.0420000e-01
 MIN: Iter =   64  NFunc =   944  E =    -116.33936  RMSG = 1.6945381e-01
 MIN: Iter =   65  NFunc =   952  E =    -116.36048  RMSG = 2.8918980e-01
 MIN: Iter =   66  NFunc =   958  E =    -116.38923  RMSG = 3.0492276e-01
 MIN: Iter =   67  NFunc =   964  E =    -116.41669  RMSG = 2.2566269e-01
 MIN: Iter =   68  NFunc =   970  E =    -116.43621  RMSG = 2.7640114e-01
 MIN: Iter =   69  NFunc =   976  E =    -116.45468  RMSG = 1.4703045e-01
 MIN: Iter =   70  NFunc =   982  E =    -116.46548  RMSG = 2.8087725e-01
 MIN: Iter =   71  NFunc =   988  E =    -116.47723  RMSG = 9.5149267e-02
 MIN: Iter =   72  NFunc =   996  E =    -116.48187  RMSG = 8.8199538e-02
 MIN: Iter =   73  NFunc =  1002  E =    -116.48591  RMSG = 1.6678481e-01
 MIN: Iter =   74  NFunc =  1008  E =    -116.48958  RMSG = 7.3778019e-02
 MIN: Iter =   75  NFunc =  1033  E =    -116.50914  RMSG = 1.7061722e-01
 MIN: Iter =   76  NFunc =  1047  E =    -116.52598  RMSG = 1.6640649e-01
 MIN: Iter =   77  NFunc =  1055  E =    -116.53272  RMSG = 9.8254496e-02
 MIN: Iter =   78  NFunc =  1100  E =    -116.55152  RMSG = 1.9197292e-01
 MIN: Iter =   79  NFunc =  1121  E =    -116.57166  RMSG = 3.6222151e-01
 MIN: Iter =   80  NFunc =  1127  E =    -116.58291  RMSG = 9.8477072e-02
 MIN: Iter =   81  NFunc =  1135  E =    -116.58856  RMSG = 1.1019083e-01
 MIN: Iter =   82  NFunc =  1158  E =    -116.59500  RMSG = 1.2229417e-01
 MIN: Iter =   83  NFunc =  1164  E =    -116.59629  RMSG = 2.7651026e-02
 MIN: Iter =   84  NFunc =  1187  E =    -116.59845  RMSG = 1.0606149e-01
 MIN: Iter =   85  NFunc =  1193  E =    -116.59928  RMSG = 1.9197265e-02
 MIN: Iter =   86  NFunc =  1206  E =    -116.59952  RMSG = 1.1828647e-02
 MIN: Iter =   87  NFunc =  1246  E =    -116.60025  RMSG = 1.4872248e-02
 MIN: Iter =   88  NFunc =  1263  E =    -116.60040  RMSG = 7.9031920e-03
 MIN: Iter =   89  NFunc =  1286  E =    -116.60050  RMSG = 5.2429747e-03
 MIN: Iter =   90  NFunc =  1304  E =    -116.60053  RMSG = 3.3443970e-03
 MIN: Iter =   91  NFunc =  1337  E =    -116.60057  RMSG = 2.1193271e-03
 MIN: Iter =   92  NFunc =  1366  E =    -116.60057  RMSG = 1.4509348e-03
 MIN: Iter =   93  NFunc =  1387  E =    -116.60058  RMSG = 1.3650106e-03
 MIN: Iter =   94  NFunc =  1396  E =    -116.60058  RMSG = 6.0244586e-04
 MIN: Iter =   95  NFunc =  1404  E =    -116.60058  RMSG = 3.3665809e-04
----------------------------------------------------------------
 END:          :-)  E =    -116.60058  RMSG =   0.0003367

     bond:      2.289965386
    angle:      5.661693455
 dihedral:     34.488740299
    enb14:      6.531871482
    eel14:   -126.471408199
      enb:     -3.117294229
      eel:     -7.025730952
      egb:    -28.958417222
    econs:      0.000000000
    esurf:      0.000000000
    Total:   -116.600579979
     frms:      0.000336658
====== rms.dat  ======================================================
#Frame      all_heavy
       1       1.4756
