====== tleap.out =====================================================
-I: Adding /home/case/amber24/dat/leap/prep to search path.
-I: Adding /home/case/amber24/dat/leap/lib to search path.
-I: Adding /home/case/amber24/dat/leap/parm to search path.
-I: Adding /home/case/amber24/dat/leap/cmd to search path.
-f: Source leap.in.

Welcome to LEaP!
(no leaprc in search path)
Sourcing: ./leap.in
Using Bondi radii
----- Source: /home/case/amber24/dat/leap/cmd/leaprc.gaff2
----- Source of /home/case/amber24/dat/leap/cmd/leaprc.gaff2 done
Log file: ./leap.log
Loading parameters: /home/case/amber24/dat/leap/parm/gaff2.dat
Reading title:
AMBER General Force Field for organic molecules (Version 2.2.20, March 2021)
Loading parameters: ./9IU.frcmod
Reading force field modification type file (frcmod)
Reading title:
Remark line goes here
Loading Mol2 file: ./9IU.mol2
Reading MOLECULE named 9IU
Checking Unit.
Building topology.
"order_residues" off: keep input residue order.
Building atom parameters.
Building bond parameters.
Building angle parameters.
Building proper torsion parameters.
Building improper torsion parameters.
 total 4 improper torsions applied
Building H-Bond parameters.
Incorporating Non-Bonded adjustments.
Not Marking per-residue atom chain types.
Marking per-residue atom chain types.
  (Residues lacking connect0/connect1 - 
   these don't have chain types marked:

	res	total affected

	9IU	1
  )
 (no restraints)
	Quit

Exiting LEaP: Errors = 0; Warnings = 0; Notes = 0.
====== min.o =========================================================
Reading parm file (9IU.parm7)
title:
9IU                                                                             
no velocities were found
no velocities were found
	mm_options:  ntpr=5
	mm_options:  gb=1
	mm_options:  kappa=0.10395
	mm_options:  rgbmax=99.
	mm_options:  cut=99.0
	mm_options:  wcons=0.
     bond:      0.303238675
    angle:      1.145572519
 dihedral:      4.070991170
    enb14:      4.816271910
    eel14:    -10.541381166
      enb:     -0.773274686
      eel:      5.551434427
      egb:     -2.227737811
    econs:      0.000000000
    esurf:      0.000000000
    Total:      2.345115038
     frms:      4.007419359
Starting TNCG minimisation
 MIN: Iter =    0  NFunc =     1  E =       2.34512  RMSG = 4.0074194e+00
 MIN: Iter =    1  NFunc =     7  E =       0.72584  RMSG = 9.4057583e-01
 MIN: Iter =    2  NFunc =    15  E =       0.52990  RMSG = 3.9474911e-01
 MIN: Iter =    3  NFunc =    23  E =       0.49740  RMSG = 1.1027706e-01
 MIN: Iter =    4  NFunc =    34  E =       0.48629  RMSG = 8.5078052e-02
 MIN: Iter =    5  NFunc =    41  E =       0.48482  RMSG = 3.8800107e-02
 MIN: Iter =    6  NFunc =    58  E =       0.48386  RMSG = 1.9509981e-02
 MIN: Iter =    7  NFunc =    77  E =       0.48338  RMSG = 1.2907014e-02
 MIN: Iter =    8  NFunc =    93  E =       0.48325  RMSG = 5.7184682e-03
 MIN: Iter =    9  NFunc =   126  E =       0.48317  RMSG = 4.7876742e-03
 MIN: Iter =   10  NFunc =   132  E =       0.48316  RMSG = 2.1025171e-03
 MIN: Iter =   11  NFunc =   141  E =       0.48316  RMSG = 1.0768257e-03
 MIN: Iter =   12  NFunc =   159  E =       0.48316  RMSG = 7.2997160e-04
 MIN: Iter =   13  NFunc =   169  E =       0.48316  RMSG = 4.5498530e-04
----------------------------------------------------------------
 END:          :-)  E =       0.48316  RMSG =   0.0004550

     bond:      0.424776254
    angle:      1.050720835
 dihedral:      4.024660297
    enb14:      3.451831126
    eel14:    -10.405114381
      enb:     -1.166917972
      eel:      5.480738483
      egb:     -2.377532560
    econs:      0.000000000
    esurf:      0.000000000
    Total:      0.483162082
     frms:      0.000454985
====== rms.dat  ======================================================
#Frame      all_heavy
       1       0.0374
