====== tleap.out =====================================================
-I: Adding /home/case/amber26/dat/leap/prep to search path.
-I: Adding /home/case/amber26/dat/leap/lib to search path.
-I: Adding /home/case/amber26/dat/leap/parm to search path.
-I: Adding /home/case/amber26/dat/leap/cmd to search path.
-f: Source leap.in.

Welcome to LEaP!
(no leaprc in search path)
Sourcing: ./leap.in
Using Bondi radii
----- Source: /home/case/amber26/dat/leap/cmd/leaprc.gaff2
----- Source of /home/case/amber26/dat/leap/cmd/leaprc.gaff2 done
Log file: ./leap.log
Loading parameters: /home/case/amber26/dat/leap/parm/gaff2.dat
Reading title:
AMBER General Force Field for organic molecules (Version 2.2.30, Oct 2025)
Loading parameters: ./9OU.frcmod
Reading force field modification type file (frcmod)
Reading title:
Remark line goes here
Loading Mol2 file: ./9OU.mol2
Reading MOLECULE named 9OU
Checking Unit.

/home/case/amber26/bin/teLeap: Warning!
The unperturbed charge of the unit (-1.999001) is not zero.

/home/case/amber26/bin/teLeap: Note.
Ignoring the warning from Unit Checking.

Building topology.
"order_residues" off: keep input residue order.
Building atom parameters.
Building bond parameters.
Building angle parameters.
Building proper torsion parameters.
Building improper torsion parameters.
 total 21 improper torsions applied
Building H-Bond parameters.
Incorporating Non-Bonded adjustments.
Not Marking per-residue atom chain types.
Marking per-residue atom chain types.
  (Residues lacking connect0/connect1 - 
   these don't have chain types marked:

	res	total affected

	9OU	1
  )
 (no restraints)
	Quit

Exiting LEaP: Errors = 0; Warnings = 1; Notes = 1.
====== min.o =========================================================
Reading parm file (9OU.parm7)
title:
9OU                                                                             
no velocities were found
no velocities were found
	mm_options:  ntpr=5
	mm_options:  gb=1
	mm_options:  kappa=0.10395
	mm_options:  rgbmax=99.
	mm_options:  cut=99.0
	mm_options:  wcons=0.
     bond:      7.960822632
    angle:     24.590244406
 dihedral:     48.041903067
    enb14:     20.997046011
    eel14:   -113.814457896
      enb:      1.280285979
      eel:   -118.324295502
      egb:   -229.342775846
    econs:      0.000000000
    esurf:      0.000000000
    Total:   -358.611227149
     frms:     15.187761142
Starting TNCG minimisation
 MIN: Iter =    0  NFunc =     1  E =    -358.61123  RMSG = 1.5187761e+01
 MIN: Iter =    1  NFunc =     7  E =    -380.81284  RMSG = 3.2838676e+00
 MIN: Iter =    2  NFunc =    19  E =    -386.09133  RMSG = 2.1809265e+00
 MIN: Iter =    3  NFunc =    31  E =    -387.55604  RMSG = 1.0470309e+00
 MIN: Iter =    4  NFunc =    64  E =    -388.38527  RMSG = 1.0148261e+00
 MIN: Iter =    5  NFunc =    70  E =    -388.50035  RMSG = 2.6128272e-01
 MIN: Iter =    6  NFunc =    88  E =    -388.64666  RMSG = 4.1175975e-01
 MIN: Iter =    7  NFunc =   129  E =    -388.81236  RMSG = 3.2881993e-01
 MIN: Iter =    8  NFunc =   135  E =    -388.83623  RMSG = 1.0561778e-01
 MIN: Iter =    9  NFunc =   186  E =    -388.92248  RMSG = 2.8824965e-01
 MIN: Iter =   10  NFunc =   194  E =    -388.96254  RMSG = 1.7111144e-01
 MIN: Iter =   11  NFunc =   239  E =    -389.03353  RMSG = 2.2909812e-01
 MIN: Iter =   12  NFunc =   261  E =    -389.07818  RMSG = 1.9264462e-01
 MIN: Iter =   13  NFunc =   272  E =    -389.09139  RMSG = 7.4402919e-02
 MIN: Iter =   14  NFunc =   296  E =    -389.10430  RMSG = 1.4000851e-01
 MIN: Iter =   15  NFunc =   302  E =    -389.10695  RMSG = 4.3652990e-02
 MIN: Iter =   16  NFunc =   328  E =    -389.11032  RMSG = 2.9238864e-02
 MIN: Iter =   17  NFunc =   371  E =    -389.11275  RMSG = 5.4431200e-02
 MIN: Iter =   18  NFunc =   377  E =    -389.11312  RMSG = 1.1503472e-02
 MIN: Iter =   19  NFunc =   386  E =    -389.11326  RMSG = 8.2439886e-03
 MIN: Iter =   20  NFunc =   419  E =    -389.11349  RMSG = 6.3069087e-03
 MIN: Iter =   21  NFunc =   470  E =    -389.11363  RMSG = 4.2770331e-03
 MIN: Iter =   22  NFunc =   521  E =    -389.11373  RMSG = 3.1363225e-03
 MIN: Iter =   23  NFunc =   549  E =    -389.11376  RMSG = 1.7293722e-03
 MIN: Iter =   24  NFunc =   579  E =    -389.11377  RMSG = 1.0529053e-03
 MIN: Iter =   25  NFunc =   600  E =    -389.11377  RMSG = 5.5874763e-04
 MIN: Iter =   26  NFunc =   633  E =    -389.11377  RMSG = 3.3230179e-04
----------------------------------------------------------------
 END:          :-)  E =    -389.11377  RMSG =   0.0003323

     bond:      6.930457735
    angle:     18.114033179
 dihedral:     41.118512300
    enb14:     16.631569184
    eel14:   -114.152450549
      enb:      2.277907542
      eel:   -125.315401559
      egb:   -234.718397415
    econs:      0.000000000
    esurf:      0.000000000
    Total:   -389.113769583
     frms:      0.000332302
====== rms.dat  ======================================================
#Frame      all_heavy
       1       0.4162
