====== tleap.out =====================================================
-I: Adding /home/case/amber24/dat/leap/prep to search path.
-I: Adding /home/case/amber24/dat/leap/lib to search path.
-I: Adding /home/case/amber24/dat/leap/parm to search path.
-I: Adding /home/case/amber24/dat/leap/cmd to search path.
-f: Source leap.in.

Welcome to LEaP!
(no leaprc in search path)
Sourcing: ./leap.in
Using Bondi radii
----- Source: /home/case/amber24/dat/leap/cmd/leaprc.gaff2
----- Source of /home/case/amber24/dat/leap/cmd/leaprc.gaff2 done
Log file: ./leap.log
Loading parameters: /home/case/amber24/dat/leap/parm/gaff2.dat
Reading title:
AMBER General Force Field for organic molecules (Version 2.2.20, March 2021)
Loading parameters: ./9PC.frcmod
Reading force field modification type file (frcmod)
Reading title:
Remark line goes here
Loading Mol2 file: ./9PC.mol2
Reading MOLECULE named 9PC
Checking Unit.
Building topology.
"order_residues" off: keep input residue order.
Building atom parameters.
Building bond parameters.
Building angle parameters.
Building proper torsion parameters.
Building improper torsion parameters.
 total 14 improper torsions applied
Building H-Bond parameters.
Incorporating Non-Bonded adjustments.
Not Marking per-residue atom chain types.
Marking per-residue atom chain types.
  (Residues lacking connect0/connect1 - 
   these don't have chain types marked:

	res	total affected

	9PC	1
  )
 (no restraints)
	Quit

Exiting LEaP: Errors = 0; Warnings = 0; Notes = 0.
====== min.o =========================================================
Reading parm file (9PC.parm7)
title:
9PC                                                                             
no velocities were found
no velocities were found
	mm_options:  ntpr=5
	mm_options:  gb=1
	mm_options:  kappa=0.10395
	mm_options:  rgbmax=99.
	mm_options:  cut=99.0
	mm_options:  wcons=0.
     bond:      3.112349373
    angle:      8.458205849
 dihedral:     13.817338356
    enb14:     11.540801739
    eel14:    -68.590282366
      enb:     -2.319174269
      eel:     17.277832285
      egb:    -23.165614733
    econs:      0.000000000
    esurf:      0.000000000
    Total:    -39.868543766
     frms:     14.728378483
Starting TNCG minimisation
 MIN: Iter =    0  NFunc =     1  E =     -39.86854  RMSG = 1.4728378e+01
 MIN: Iter =    1  NFunc =     7  E =     -49.23720  RMSG = 2.3627689e+00
 MIN: Iter =    2  NFunc =    17  E =     -51.31662  RMSG = 1.1692259e+00
 MIN: Iter =    3  NFunc =    55  E =     -52.11126  RMSG = 1.9459320e+00
 MIN: Iter =    4  NFunc =    62  E =     -52.59535  RMSG = 7.7432060e-01
 MIN: Iter =    5  NFunc =    87  E =     -53.27130  RMSG = 1.5797570e+00
 MIN: Iter =    6  NFunc =    93  E =     -53.64884  RMSG = 1.0506449e+00
 MIN: Iter =    7  NFunc =   104  E =     -54.04974  RMSG = 1.4486253e+00
 MIN: Iter =    8  NFunc =   111  E =     -54.28804  RMSG = 6.5871076e-01
 MIN: Iter =    9  NFunc =   117  E =     -54.39510  RMSG = 5.9785476e-01
 MIN: Iter =   10  NFunc =   123  E =     -54.44554  RMSG = 2.7079942e-01
 MIN: Iter =   11  NFunc =   129  E =     -54.46533  RMSG = 2.2328090e-01
 MIN: Iter =   12  NFunc =   136  E =     -54.47420  RMSG = 1.0963393e-01
 MIN: Iter =   13  NFunc =   168  E =     -54.51166  RMSG = 3.1719246e-01
 MIN: Iter =   14  NFunc =   174  E =     -54.51951  RMSG = 7.3835856e-02
 MIN: Iter =   15  NFunc =   184  E =     -54.52534  RMSG = 9.4531465e-02
 MIN: Iter =   16  NFunc =   223  E =     -54.53916  RMSG = 1.5296415e-01
 MIN: Iter =   17  NFunc =   229  E =     -54.54163  RMSG = 3.5191718e-02
 MIN: Iter =   18  NFunc =   257  E =     -54.55119  RMSG = 1.4128553e-01
 MIN: Iter =   19  NFunc =   263  E =     -54.55326  RMSG = 5.8653299e-02
 MIN: Iter =   20  NFunc =   288  E =     -54.56765  RMSG = 1.2298166e-01
 MIN: Iter =   21  NFunc =   318  E =     -54.58647  RMSG = 3.5149912e-01
 MIN: Iter =   22  NFunc =   324  E =     -54.59706  RMSG = 7.5663396e-02
 MIN: Iter =   23  NFunc =   343  E =     -54.62240  RMSG = 1.7519063e-01
 MIN: Iter =   24  NFunc =   349  E =     -54.62632  RMSG = 7.1773499e-02
 MIN: Iter =   25  NFunc =   368  E =     -54.65189  RMSG = 1.7959907e-01
 MIN: Iter =   26  NFunc =   395  E =     -54.68854  RMSG = 6.4151392e-01
 MIN: Iter =   27  NFunc =   401  E =     -54.74631  RMSG = 1.9678343e-01
 MIN: Iter =   28  NFunc =   414  E =     -54.78824  RMSG = 6.1119255e-01
 MIN: Iter =   29  NFunc =   421  E =     -54.84719  RMSG = 2.6432797e-01
 MIN: Iter =   30  NFunc =   430  E =     -54.88232  RMSG = 6.1273661e-01
 MIN: Iter =   31  NFunc =   436  E =     -54.93178  RMSG = 1.8323979e-01
 MIN: Iter =   32  NFunc =   446  E =     -54.95589  RMSG = 5.4550824e-01
 MIN: Iter =   33  NFunc =   452  E =     -54.99261  RMSG = 1.4003276e-01
 MIN: Iter =   34  NFunc =   464  E =     -55.01248  RMSG = 1.9346713e-01
 MIN: Iter =   35  NFunc =   470  E =     -55.03542  RMSG = 3.1670471e-01
 MIN: Iter =   36  NFunc =   478  E =     -55.06153  RMSG = 2.0155744e-01
 MIN: Iter =   37  NFunc =   484  E =     -55.07762  RMSG = 2.8088046e-01
 MIN: Iter =   38  NFunc =   490  E =     -55.09127  RMSG = 1.0532939e-01
 MIN: Iter =   39  NFunc =   496  E =     -55.09650  RMSG = 2.7541791e-01
 MIN: Iter =   40  NFunc =   502  E =     -55.10444  RMSG = 7.0064099e-02
 MIN: Iter =   41  NFunc =   509  E =     -55.10656  RMSG = 1.4798764e-01
 MIN: Iter =   42  NFunc =   515  E =     -55.10925  RMSG = 7.9345880e-02
 MIN: Iter =   43  NFunc =   533  E =     -55.11227  RMSG = 6.3262180e-02
 MIN: Iter =   44  NFunc =   539  E =     -55.11274  RMSG = 2.0714557e-02
 MIN: Iter =   45  NFunc =   556  E =     -55.11315  RMSG = 1.2072241e-02
 MIN: Iter =   46  NFunc =   585  E =     -55.11381  RMSG = 1.4355855e-02
 MIN: Iter =   47  NFunc =   591  E =     -55.11385  RMSG = 5.4306979e-03
 MIN: Iter =   48  NFunc =   628  E =     -55.11393  RMSG = 3.8036142e-03
 MIN: Iter =   49  NFunc =   653  E =     -55.11394  RMSG = 1.8621702e-03
 MIN: Iter =   50  NFunc =   660  E =     -55.11394  RMSG = 1.1953778e-03
 MIN: Iter =   51  NFunc =   682  E =     -55.11394  RMSG = 6.6596321e-04
 MIN: Iter =   52  NFunc =   701  E =     -55.11394  RMSG = 6.2824263e-04
 MIN: Iter =   53  NFunc =   710  E =     -55.11394  RMSG = 2.8415550e-04
----------------------------------------------------------------
 END:          :-)  E =     -55.11394  RMSG =   0.0002842

     bond:      2.077310989
    angle:      5.837858611
 dihedral:      4.930882239
    enb14:      7.413468830
    eel14:    -69.102157521
      enb:      0.610468793
      eel:     15.944989635
      egb:    -22.826763543
    econs:      0.000000000
    esurf:      0.000000000
    Total:    -55.113941968
     frms:      0.000284155
====== rms.dat  ======================================================
#Frame      all_heavy
       1       0.7549
