====== tleap.out =====================================================
-I: Adding /home/case/amber26/dat/leap/prep to search path.
-I: Adding /home/case/amber26/dat/leap/lib to search path.
-I: Adding /home/case/amber26/dat/leap/parm to search path.
-I: Adding /home/case/amber26/dat/leap/cmd to search path.
-f: Source leap.in.

Welcome to LEaP!
(no leaprc in search path)
Sourcing: ./leap.in
Using Bondi radii
----- Source: /home/case/amber26/dat/leap/cmd/leaprc.gaff2
----- Source of /home/case/amber26/dat/leap/cmd/leaprc.gaff2 done
Log file: ./leap.log
Loading parameters: /home/case/amber26/dat/leap/parm/gaff2.dat
Reading title:
AMBER General Force Field for organic molecules (Version 2.2.30, Oct 2025)
Loading parameters: ./9PF.frcmod
Reading force field modification type file (frcmod)
Reading title:
Remark line goes here
Loading Mol2 file: ./9PF.mol2
Reading MOLECULE named 9PF
Checking Unit.

/home/case/amber26/bin/teLeap: Warning!
The unperturbed charge of the unit (-1.998999) is not zero.

/home/case/amber26/bin/teLeap: Note.
Ignoring the warning from Unit Checking.

Building topology.
"order_residues" off: keep input residue order.
Building atom parameters.
Building bond parameters.
Building angle parameters.
Building proper torsion parameters.
Building improper torsion parameters.
 total 14 improper torsions applied
Building H-Bond parameters.
Incorporating Non-Bonded adjustments.
Not Marking per-residue atom chain types.
Marking per-residue atom chain types.
  (Residues lacking connect0/connect1 - 
   these don't have chain types marked:

	res	total affected

	9PF	1
  )
 (no restraints)
	Quit

Exiting LEaP: Errors = 0; Warnings = 1; Notes = 1.
====== min.o =========================================================
Reading parm file (9PF.parm7)
title:
9PF                                                                             
no velocities were found
no velocities were found
	mm_options:  ntpr=5
	mm_options:  gb=1
	mm_options:  kappa=0.10395
	mm_options:  rgbmax=99.
	mm_options:  cut=99.0
	mm_options:  wcons=0.
     bond:      9.290995299
    angle:     28.339836351
 dihedral:     36.722411148
    enb14:     17.913850487
    eel14:   -125.050456959
      enb:      2.844518379
      eel:   -127.388555987
      egb:   -225.973664110
    econs:      0.000000000
    esurf:      0.000000000
    Total:   -383.301065393
     frms:     15.794764374
Starting TNCG minimisation
 MIN: Iter =    0  NFunc =     1  E =    -383.30107  RMSG = 1.5794764e+01
 MIN: Iter =    1  NFunc =     7  E =    -407.60651  RMSG = 3.7182117e+00
 MIN: Iter =    2  NFunc =    21  E =    -412.85224  RMSG = 2.7321646e+00
 MIN: Iter =    3  NFunc =    33  E =    -414.51728  RMSG = 1.9208446e+00
 MIN: Iter =    4  NFunc =    39  E =    -415.29765  RMSG = 1.2347743e+00
 MIN: Iter =    5  NFunc =    50  E =    -416.06549  RMSG = 2.3160961e+00
 MIN: Iter =    6  NFunc =    56  E =    -416.54912  RMSG = 6.6173529e-01
 MIN: Iter =    7  NFunc =    67  E =    -416.82657  RMSG = 8.6310496e-01
 MIN: Iter =    8  NFunc =    73  E =    -417.04395  RMSG = 1.0586241e+00
 MIN: Iter =    9  NFunc =    79  E =    -417.17885  RMSG = 3.9194148e-01
 MIN: Iter =   10  NFunc =   102  E =    -417.43559  RMSG = 4.9683215e-01
 MIN: Iter =   11  NFunc =   133  E =    -417.58364  RMSG = 2.9547982e-01
 MIN: Iter =   12  NFunc =   184  E =    -417.70137  RMSG = 3.4139383e-01
 MIN: Iter =   13  NFunc =   214  E =    -417.76966  RMSG = 2.2815147e-01
 MIN: Iter =   14  NFunc =   222  E =    -417.78347  RMSG = 1.0542979e-01
 MIN: Iter =   15  NFunc =   236  E =    -417.80346  RMSG = 1.1645290e-01
 MIN: Iter =   16  NFunc =   267  E =    -417.83118  RMSG = 2.1559912e-01
 MIN: Iter =   17  NFunc =   273  E =    -417.83690  RMSG = 5.5020072e-02
 MIN: Iter =   18  NFunc =   304  E =    -417.84762  RMSG = 1.4757001e-01
 MIN: Iter =   19  NFunc =   310  E =    -417.85019  RMSG = 4.1279368e-02
 MIN: Iter =   20  NFunc =   327  E =    -417.85352  RMSG = 3.2801033e-02
 MIN: Iter =   21  NFunc =   352  E =    -417.85568  RMSG = 2.2338903e-02
 MIN: Iter =   22  NFunc =   403  E =    -417.85720  RMSG = 1.4886146e-02
 MIN: Iter =   23  NFunc =   454  E =    -417.85793  RMSG = 1.4894351e-02
 MIN: Iter =   24  NFunc =   480  E =    -417.85818  RMSG = 6.4105072e-03
 MIN: Iter =   25  NFunc =   495  E =    -417.85821  RMSG = 3.0367808e-03
 MIN: Iter =   26  NFunc =   513  E =    -417.85823  RMSG = 1.8594975e-03
 MIN: Iter =   27  NFunc =   544  E =    -417.85824  RMSG = 9.1425241e-04
 MIN: Iter =   28  NFunc =   568  E =    -417.85824  RMSG = 8.0643819e-04
 MIN: Iter =   29  NFunc =   589  E =    -417.85824  RMSG = 3.1297725e-04
----------------------------------------------------------------
 END:          :-)  E =    -417.85824  RMSG =   0.0003130

     bond:      6.569407543
    angle:     19.709983210
 dihedral:     32.846885693
    enb14:     14.065221868
    eel14:   -122.289698974
      enb:      4.301081009
      eel:   -140.375525953
      egb:   -232.685594688
    econs:      0.000000000
    esurf:      0.000000000
    Total:   -417.858240291
     frms:      0.000312977
====== rms.dat  ======================================================
#Frame      all_heavy
       1       0.3789
