====== tleap.out =====================================================
-I: Adding /home/case/amber24/dat/leap/prep to search path.
-I: Adding /home/case/amber24/dat/leap/lib to search path.
-I: Adding /home/case/amber24/dat/leap/parm to search path.
-I: Adding /home/case/amber24/dat/leap/cmd to search path.
-f: Source leap.in.

Welcome to LEaP!
(no leaprc in search path)
Sourcing: ./leap.in
Using Bondi radii
----- Source: /home/case/amber24/dat/leap/cmd/leaprc.gaff2
----- Source of /home/case/amber24/dat/leap/cmd/leaprc.gaff2 done
Log file: ./leap.log
Loading parameters: /home/case/amber24/dat/leap/parm/gaff2.dat
Reading title:
AMBER General Force Field for organic molecules (Version 2.2.20, March 2021)
Loading parameters: ./9RR.frcmod
Reading force field modification type file (frcmod)
Reading title:
Remark line goes here
Loading Mol2 file: ./9RR.mol2
Reading MOLECULE named 9RR
Checking Unit.
Building topology.
"order_residues" off: keep input residue order.
Building atom parameters.
Building bond parameters.
Building angle parameters.
Building proper torsion parameters.
Building improper torsion parameters.
 total 24 improper torsions applied
Building H-Bond parameters.
Incorporating Non-Bonded adjustments.
Not Marking per-residue atom chain types.
Marking per-residue atom chain types.
  (Residues lacking connect0/connect1 - 
   these don't have chain types marked:

	res	total affected

	9RR	1
  )
 (no restraints)
	Quit

Exiting LEaP: Errors = 0; Warnings = 0; Notes = 0.
====== min.o =========================================================
Reading parm file (9RR.parm7)
title:
9RR                                                                             
no velocities were found
no velocities were found
	mm_options:  ntpr=5
	mm_options:  gb=1
	mm_options:  kappa=0.10395
	mm_options:  rgbmax=99.
	mm_options:  cut=99.0
	mm_options:  wcons=0.
     bond:      2.916339134
    angle:      4.412188542
 dihedral:     17.256691154
    enb14:     22.661216443
    eel14:   -556.139977104
      enb:     -6.876109660
      eel:    231.583044377
      egb:    -38.509041852
    econs:      0.000000000
    esurf:      0.000000000
    Total:   -322.695648966
     frms:      7.374590117
Starting TNCG minimisation
 MIN: Iter =    0  NFunc =     1  E =    -322.69565  RMSG = 7.3745901e+00
 MIN: Iter =    1  NFunc =     7  E =    -328.65508  RMSG = 1.5158451e+00
 MIN: Iter =    2  NFunc =    23  E =    -330.72237  RMSG = 1.4952159e+00
 MIN: Iter =    3  NFunc =    35  E =    -331.28130  RMSG = 4.6059347e-01
 MIN: Iter =    4  NFunc =    43  E =    -331.38855  RMSG = 2.0893667e-01
 MIN: Iter =    5  NFunc =    81  E =    -331.50184  RMSG = 1.4782101e-01
 MIN: Iter =    6  NFunc =   132  E =    -331.59863  RMSG = 1.7721814e-01
 MIN: Iter =    7  NFunc =   143  E =    -331.62068  RMSG = 8.4464202e-02
 MIN: Iter =    8  NFunc =   159  E =    -331.64197  RMSG = 8.4568086e-02
 MIN: Iter =    9  NFunc =   191  E =    -331.65494  RMSG = 4.5571026e-02
 MIN: Iter =   10  NFunc =   242  E =    -331.66473  RMSG = 7.3487465e-02
 MIN: Iter =   11  NFunc =   279  E =    -331.69079  RMSG = 3.3520976e-01
 MIN: Iter =   12  NFunc =   285  E =    -331.71277  RMSG = 9.2943909e-02
 MIN: Iter =   13  NFunc =   314  E =    -331.74862  RMSG = 3.1591539e-01
 MIN: Iter =   14  NFunc =   320  E =    -331.77180  RMSG = 8.5782439e-02
 MIN: Iter =   15  NFunc =   363  E =    -331.82073  RMSG = 2.7749553e-01
 MIN: Iter =   16  NFunc =   369  E =    -331.84544  RMSG = 1.1531821e-01
 MIN: Iter =   17  NFunc =   391  E =    -331.87460  RMSG = 2.5096003e-01
 MIN: Iter =   18  NFunc =   397  E =    -331.88647  RMSG = 6.8843703e-02
 MIN: Iter =   19  NFunc =   448  E =    -331.92188  RMSG = 1.3462282e-01
 MIN: Iter =   20  NFunc =   454  E =    -331.92532  RMSG = 4.6197006e-02
 MIN: Iter =   21  NFunc =   492  E =    -331.93244  RMSG = 2.8737063e-02
 MIN: Iter =   22  NFunc =   521  E =    -331.93642  RMSG = 2.4130445e-02
 MIN: Iter =   23  NFunc =   572  E =    -331.94337  RMSG = 7.3124535e-02
 MIN: Iter =   24  NFunc =   591  E =    -331.94798  RMSG = 3.1149251e-02
 MIN: Iter =   25  NFunc =   642  E =    -331.95398  RMSG = 9.1936755e-02
 MIN: Iter =   26  NFunc =   650  E =    -331.95640  RMSG = 2.8108476e-02
 MIN: Iter =   27  NFunc =   666  E =    -331.95797  RMSG = 2.0078374e-02
 MIN: Iter =   28  NFunc =   697  E =    -331.95910  RMSG = 1.1476985e-02
 MIN: Iter =   29  NFunc =   715  E =    -331.95939  RMSG = 6.4550266e-03
 MIN: Iter =   30  NFunc =   741  E =    -331.95950  RMSG = 3.9321788e-03
 MIN: Iter =   31  NFunc =   792  E =    -331.95961  RMSG = 2.9633785e-03
 MIN: Iter =   32  NFunc =   819  E =    -331.95963  RMSG = 1.5465111e-03
 MIN: Iter =   33  NFunc =   844  E =    -331.95964  RMSG = 1.0490075e-03
 MIN: Iter =   34  NFunc =   884  E =    -331.95965  RMSG = 8.1791983e-04
 MIN: Iter =   35  NFunc =   912  E =    -331.95965  RMSG = 7.4160242e-04
 MIN: Iter =   36  NFunc =   938  E =    -331.95965  RMSG = 4.6638136e-04
----------------------------------------------------------------
 END:          :-)  E =    -331.95965  RMSG =   0.0004664

     bond:      1.679262041
    angle:      3.705595012
 dihedral:     16.517863115
    enb14:     17.868252322
    eel14:   -556.519064959
      enb:     -7.335425160
      eel:    232.231336314
      egb:    -40.107471586
    econs:      0.000000000
    esurf:      0.000000000
    Total:   -331.959652902
     frms:      0.000466381
====== rms.dat  ======================================================
#Frame      all_heavy
       1       0.4680
