====== tleap.out =====================================================
-I: Adding /home/case/amber24/dat/leap/prep to search path.
-I: Adding /home/case/amber24/dat/leap/lib to search path.
-I: Adding /home/case/amber24/dat/leap/parm to search path.
-I: Adding /home/case/amber24/dat/leap/cmd to search path.
-f: Source leap.in.

Welcome to LEaP!
(no leaprc in search path)
Sourcing: ./leap.in
Using Bondi radii
----- Source: /home/case/amber24/dat/leap/cmd/leaprc.gaff2
----- Source of /home/case/amber24/dat/leap/cmd/leaprc.gaff2 done
Log file: ./leap.log
Loading parameters: /home/case/amber24/dat/leap/parm/gaff2.dat
Reading title:
AMBER General Force Field for organic molecules (Version 2.2.20, March 2021)
Loading parameters: ./9UB.frcmod
Reading force field modification type file (frcmod)
Reading title:
Remark line goes here
Loading Mol2 file: ./9UB.mol2
Reading MOLECULE named 9UB
Checking Unit.

/home/case/amber24/bin/teLeap: Warning!
The unperturbed charge of the unit (-2.004998) is not zero.

/home/case/amber24/bin/teLeap: Note.
Ignoring the warning from Unit Checking.

Building topology.
"order_residues" off: keep input residue order.
Building atom parameters.
Building bond parameters.
Building angle parameters.
Building proper torsion parameters.
Building improper torsion parameters.
 total 10 improper torsions applied
Building H-Bond parameters.
Incorporating Non-Bonded adjustments.
Not Marking per-residue atom chain types.
Marking per-residue atom chain types.
  (Residues lacking connect0/connect1 - 
   these don't have chain types marked:

	res	total affected

	9UB	1
  )
 (no restraints)
	Quit

Exiting LEaP: Errors = 0; Warnings = 1; Notes = 1.
====== min.o =========================================================
Reading parm file (9UB.parm7)
title:
9UB                                                                             
no velocities were found
no velocities were found
	mm_options:  ntpr=5
	mm_options:  gb=1
	mm_options:  kappa=0.10395
	mm_options:  rgbmax=99.
	mm_options:  cut=99.0
	mm_options:  wcons=0.
     bond:      3.853188431
    angle:     16.633965641
 dihedral:     71.464990862
    enb14:     13.918929950
    eel14:   -589.166551987
      enb:    -17.725262002
      eel:    370.125790537
      egb:   -224.854795610
    econs:      0.000000000
    esurf:      0.000000000
    Total:   -355.749744178
     frms:     11.012663653
Starting TNCG minimisation
 MIN: Iter =    0  NFunc =     1  E =    -355.74974  RMSG = 1.1012664e+01
 MIN: Iter =    1  NFunc =     7  E =    -378.57458  RMSG = 2.9108814e+00
 MIN: Iter =    2  NFunc =    14  E =    -383.54557  RMSG = 1.2260494e+00
 MIN: Iter =    3  NFunc =    25  E =    -385.21144  RMSG = 7.9968460e-01
 MIN: Iter =    4  NFunc =    76  E =    -385.83116  RMSG = 1.4438372e+00
 MIN: Iter =    5  NFunc =    82  E =    -386.33073  RMSG = 3.7348443e-01
 MIN: Iter =    6  NFunc =    93  E =    -386.59187  RMSG = 5.0418651e-01
 MIN: Iter =    7  NFunc =   100  E =    -386.92938  RMSG = 1.0938345e+00
 MIN: Iter =    8  NFunc =   106  E =    -387.22815  RMSG = 3.2099646e-01
 MIN: Iter =    9  NFunc =   113  E =    -387.37430  RMSG = 7.5793823e-01
 MIN: Iter =   10  NFunc =   119  E =    -387.49798  RMSG = 1.6976220e-01
 MIN: Iter =   11  NFunc =   147  E =    -387.66460  RMSG = 4.8204676e-01
 MIN: Iter =   12  NFunc =   153  E =    -387.70836  RMSG = 1.0810668e-01
 MIN: Iter =   13  NFunc =   186  E =    -387.80827  RMSG = 1.8879172e-01
 MIN: Iter =   14  NFunc =   211  E =    -387.83724  RMSG = 7.2707806e-02
 MIN: Iter =   15  NFunc =   250  E =    -387.87947  RMSG = 1.0646774e-01
 MIN: Iter =   16  NFunc =   301  E =    -387.90309  RMSG = 1.9626075e-01
 MIN: Iter =   17  NFunc =   307  E =    -387.91011  RMSG = 4.3124864e-02
 MIN: Iter =   18  NFunc =   358  E =    -387.93176  RMSG = 1.1369536e-01
 MIN: Iter =   19  NFunc =   392  E =    -387.94448  RMSG = 4.2375404e-02
 MIN: Iter =   20  NFunc =   429  E =    -387.95326  RMSG = 5.0730964e-02
 MIN: Iter =   21  NFunc =   460  E =    -387.95614  RMSG = 1.4263653e-02
 MIN: Iter =   22  NFunc =   481  E =    -387.95689  RMSG = 8.8281013e-03
 MIN: Iter =   23  NFunc =   505  E =    -387.95718  RMSG = 5.5672120e-03
 MIN: Iter =   24  NFunc =   556  E =    -387.95750  RMSG = 5.3262027e-03
 MIN: Iter =   25  NFunc =   581  E =    -387.95760  RMSG = 2.9985752e-03
 MIN: Iter =   26  NFunc =   626  E =    -387.95771  RMSG = 3.1345636e-03
 MIN: Iter =   27  NFunc =   659  E =    -387.95774  RMSG = 1.8290883e-03
 MIN: Iter =   28  NFunc =   686  E =    -387.95775  RMSG = 7.8570373e-04
 MIN: Iter =   29  NFunc =   719  E =    -387.95775  RMSG = 5.2694537e-04
 MIN: Iter =   30  NFunc =   764  E =    -387.95776  RMSG = 3.2311583e-04
----------------------------------------------------------------
 END:          :-)  E =    -387.95776  RMSG =   0.0003231

     bond:      3.797657421
    angle:     15.380240658
 dihedral:     68.377597887
    enb14:     10.966360768
    eel14:   -631.716088959
      enb:    -21.673278882
      eel:    396.657266229
      egb:   -229.747511744
    econs:      0.000000000
    esurf:      0.000000000
    Total:   -387.957756622
     frms:      0.000323116
====== rms.dat  ======================================================
#Frame      all_heavy
       1       0.3906
