====== tleap.out =====================================================
-I: Adding /home/case/amber24/dat/leap/prep to search path.
-I: Adding /home/case/amber24/dat/leap/lib to search path.
-I: Adding /home/case/amber24/dat/leap/parm to search path.
-I: Adding /home/case/amber24/dat/leap/cmd to search path.
-f: Source leap.in.

Welcome to LEaP!
(no leaprc in search path)
Sourcing: ./leap.in
Using Bondi radii
----- Source: /home/case/amber24/dat/leap/cmd/leaprc.gaff2
----- Source of /home/case/amber24/dat/leap/cmd/leaprc.gaff2 done
Log file: ./leap.log
Loading parameters: /home/case/amber24/dat/leap/parm/gaff2.dat
Reading title:
AMBER General Force Field for organic molecules (Version 2.2.20, March 2021)
Loading parameters: ./9VI.frcmod
Reading force field modification type file (frcmod)
Reading title:
Remark line goes here
Loading Mol2 file: ./9VI.mol2
Reading MOLECULE named 9VI
Checking Unit.
Building topology.
"order_residues" off: keep input residue order.
Building atom parameters.
Building bond parameters.
Building angle parameters.
Building proper torsion parameters.
Building improper torsion parameters.
 total 31 improper torsions applied
Building H-Bond parameters.
Incorporating Non-Bonded adjustments.
Not Marking per-residue atom chain types.
Marking per-residue atom chain types.
  (Residues lacking connect0/connect1 - 
   these don't have chain types marked:

	res	total affected

	9VI	1
  )
 (no restraints)
	Quit

Exiting LEaP: Errors = 0; Warnings = 0; Notes = 0.
====== min.o =========================================================
Reading parm file (9VI.parm7)
title:
9VI                                                                             
no velocities were found
no velocities were found
	mm_options:  ntpr=5
	mm_options:  gb=1
	mm_options:  kappa=0.10395
	mm_options:  rgbmax=99.
	mm_options:  cut=99.0
	mm_options:  wcons=0.
     bond:      7.268775767
    angle:     55.079360295
 dihedral:     35.415543766
    enb14:     24.983600564
    eel14:   -498.385428697
      enb:    -24.029273432
      eel:    177.038184652
      egb:    -43.938597326
    econs:      0.000000000
    esurf:      0.000000000
    Total:   -266.567834410
     frms:     12.002650213
Starting TNCG minimisation
 MIN: Iter =    0  NFunc =     1  E =    -266.56783  RMSG = 1.2002650e+01
 MIN: Iter =    1  NFunc =     7  E =    -285.60510  RMSG = 2.5464847e+00
 MIN: Iter =    2  NFunc =    18  E =    -291.16989  RMSG = 1.6453789e+00
 MIN: Iter =    3  NFunc =    40  E =    -292.91847  RMSG = 1.0023226e+00
 MIN: Iter =    4  NFunc =    52  E =    -293.72125  RMSG = 7.9691836e-01
 MIN: Iter =    5  NFunc =    92  E =    -294.12159  RMSG = 1.5581864e+00
 MIN: Iter =    6  NFunc =   118  E =    -295.16277  RMSG = 1.4139581e+00
 MIN: Iter =    7  NFunc =   131  E =    -296.02239  RMSG = 1.2163348e+00
 MIN: Iter =    8  NFunc =   138  E =    -296.74327  RMSG = 1.0195862e+00
 MIN: Iter =    9  NFunc =   144  E =    -297.23353  RMSG = 7.4350281e-01
 MIN: Iter =   10  NFunc =   165  E =    -297.78407  RMSG = 7.3356469e-01
 MIN: Iter =   11  NFunc =   178  E =    -298.18616  RMSG = 6.3900897e-01
 MIN: Iter =   12  NFunc =   185  E =    -298.47471  RMSG = 5.1822703e-01
 MIN: Iter =   13  NFunc =   192  E =    -298.69769  RMSG = 5.6826857e-01
 MIN: Iter =   14  NFunc =   203  E =    -298.92575  RMSG = 4.7130445e-01
 MIN: Iter =   15  NFunc =   212  E =    -299.14326  RMSG = 4.5687067e-01
 MIN: Iter =   16  NFunc =   220  E =    -299.31114  RMSG = 3.9073141e-01
 MIN: Iter =   17  NFunc =   247  E =    -299.62737  RMSG = 6.1524363e-01
 MIN: Iter =   18  NFunc =   256  E =    -299.77933  RMSG = 2.9533385e-01
 MIN: Iter =   19  NFunc =   307  E =    -299.99727  RMSG = 4.0391808e-01
 MIN: Iter =   20  NFunc =   333  E =    -300.21850  RMSG = 4.7080970e-01
 MIN: Iter =   21  NFunc =   346  E =    -300.43303  RMSG = 5.1556403e-01
 MIN: Iter =   22  NFunc =   352  E =    -300.61681  RMSG = 4.4844076e-01
 MIN: Iter =   23  NFunc =   358  E =    -300.78012  RMSG = 3.7187184e-01
 MIN: Iter =   24  NFunc =   364  E =    -300.91165  RMSG = 4.6766313e-01
 MIN: Iter =   25  NFunc =   373  E =    -301.05506  RMSG = 3.5008478e-01
 MIN: Iter =   26  NFunc =   382  E =    -301.17503  RMSG = 3.9503480e-01
 MIN: Iter =   27  NFunc =   433  E =    -301.46158  RMSG = 4.1068348e-01
 MIN: Iter =   28  NFunc =   459  E =    -301.72934  RMSG = 4.2223589e-01
 MIN: Iter =   29  NFunc =   468  E =    -301.98152  RMSG = 4.0953967e-01
 MIN: Iter =   30  NFunc =   474  E =    -302.15408  RMSG = 3.0398732e-01
 MIN: Iter =   31  NFunc =   488  E =    -302.27394  RMSG = 1.4745494e-01
 MIN: Iter =   32  NFunc =   539  E =    -302.43604  RMSG = 2.6731299e-01
 MIN: Iter =   33  NFunc =   561  E =    -302.56233  RMSG = 2.4178665e-01
 MIN: Iter =   34  NFunc =   573  E =    -302.62795  RMSG = 1.5042668e-01
 MIN: Iter =   35  NFunc =   624  E =    -302.73697  RMSG = 1.8362877e-01
 MIN: Iter =   36  NFunc =   630  E =    -302.75299  RMSG = 9.8390256e-02
 MIN: Iter =   37  NFunc =   681  E =    -302.83027  RMSG = 1.4488292e-01
 MIN: Iter =   38  NFunc =   690  E =    -302.85138  RMSG = 8.8148566e-02
 MIN: Iter =   39  NFunc =   741  E =    -302.90722  RMSG = 1.6321562e-01
 MIN: Iter =   40  NFunc =   747  E =    -302.91421  RMSG = 5.8030409e-02
 MIN: Iter =   41  NFunc =   798  E =    -302.92815  RMSG = 5.8128734e-02
 MIN: Iter =   42  NFunc =   804  E =    -302.92932  RMSG = 2.9423109e-02
 MIN: Iter =   43  NFunc =   855  E =    -302.93341  RMSG = 2.2852393e-02
 MIN: Iter =   44  NFunc =   894  E =    -302.93522  RMSG = 1.3245692e-02
 MIN: Iter =   45  NFunc =   945  E =    -302.93637  RMSG = 1.1854863e-02
 MIN: Iter =   46  NFunc =   972  E =    -302.93685  RMSG = 7.4616459e-03
 MIN: Iter =   47  NFunc =  1023  E =    -302.93705  RMSG = 4.4185149e-03
 MIN: Iter =   48  NFunc =  1061  E =    -302.93718  RMSG = 3.3534209e-03
 MIN: Iter =   49  NFunc =  1111  E =    -302.93726  RMSG = 2.2385578e-03
 MIN: Iter =   50  NFunc =  1129  E =    -302.93726  RMSG = 9.7849471e-04
 MIN: Iter =   51  NFunc =  1180  E =    -302.93727  RMSG = 8.1657467e-04
 MIN: Iter =   52  NFunc =  1194  E =    -302.93727  RMSG = 4.4682191e-04
----------------------------------------------------------------
 END:          :-)  E =    -302.93727  RMSG =   0.0004468

     bond:      4.786599067
    angle:     39.544515143
 dihedral:     34.182045582
    enb14:     18.451935244
    eel14:   -507.433849939
      enb:    -27.379679371
      eel:    175.353872273
      egb:    -40.442707586
    econs:      0.000000000
    esurf:      0.000000000
    Total:   -302.937269586
     frms:      0.000446822
====== rms.dat  ======================================================
#Frame      all_heavy
       1       1.2904
