====== tleap.out =====================================================
-I: Adding /home/case/amber24/dat/leap/prep to search path.
-I: Adding /home/case/amber24/dat/leap/lib to search path.
-I: Adding /home/case/amber24/dat/leap/parm to search path.
-I: Adding /home/case/amber24/dat/leap/cmd to search path.
-f: Source leap.in.

Welcome to LEaP!
(no leaprc in search path)
Sourcing: ./leap.in
Using Bondi radii
----- Source: /home/case/amber24/dat/leap/cmd/leaprc.gaff2
----- Source of /home/case/amber24/dat/leap/cmd/leaprc.gaff2 done
Log file: ./leap.log
Loading parameters: /home/case/amber24/dat/leap/parm/gaff2.dat
Reading title:
AMBER General Force Field for organic molecules (Version 2.2.20, March 2021)
Loading parameters: ./9WJ.frcmod
Reading force field modification type file (frcmod)
Reading title:
Remark line goes here
Loading Mol2 file: ./9WJ.mol2
Reading MOLECULE named 9WJ
Checking Unit.
Building topology.
"order_residues" off: keep input residue order.
Building atom parameters.
Building bond parameters.
Building angle parameters.
Building proper torsion parameters.
Building improper torsion parameters.
 total 2 improper torsions applied
Building H-Bond parameters.
Incorporating Non-Bonded adjustments.
Not Marking per-residue atom chain types.
Marking per-residue atom chain types.
  (Residues lacking connect0/connect1 - 
   these don't have chain types marked:

	res	total affected

	9WJ	1
  )
 (no restraints)
	Quit

Exiting LEaP: Errors = 0; Warnings = 0; Notes = 0.
====== min.o =========================================================
Reading parm file (9WJ.parm7)
title:
9WJ                                                                             
no velocities were found
no velocities were found
	mm_options:  ntpr=5
	mm_options:  gb=1
	mm_options:  kappa=0.10395
	mm_options:  rgbmax=99.
	mm_options:  cut=99.0
	mm_options:  wcons=0.
     bond:      2.217170474
    angle:      1.713297822
 dihedral:     46.746613392
    enb14:      7.418763208
    eel14:    105.639395697
      enb:     -2.282340021
      eel:   -131.298114019
      egb:    -32.026666465
    econs:      0.000000000
    esurf:      0.000000000
    Total:     -1.871879912
     frms:     10.167207841
Starting TNCG minimisation
 MIN: Iter =    0  NFunc =     1  E =      -1.87188  RMSG = 1.0167208e+01
 MIN: Iter =    1  NFunc =     8  E =      -9.54041  RMSG = 4.9401233e+00
 MIN: Iter =    2  NFunc =    15  E =     -10.97787  RMSG = 9.4874350e-01
 MIN: Iter =    3  NFunc =    27  E =     -11.57689  RMSG = 3.5062718e+00
 MIN: Iter =    4  NFunc =    33  E =     -11.96339  RMSG = 6.3867238e-01
 MIN: Iter =    5  NFunc =    42  E =     -12.15908  RMSG = 8.2589918e-01
 MIN: Iter =    6  NFunc =    49  E =     -12.28457  RMSG = 1.5435457e+00
 MIN: Iter =    7  NFunc =    57  E =     -12.49399  RMSG = 1.2104589e+00
 MIN: Iter =    8  NFunc =    65  E =     -12.61208  RMSG = 1.3275613e+00
 MIN: Iter =    9  NFunc =    73  E =     -12.79741  RMSG = 1.7322950e+00
 MIN: Iter =   10  NFunc =    80  E =     -13.07447  RMSG = 2.3152317e+00
 MIN: Iter =   11  NFunc =    86  E =     -13.60996  RMSG = 4.4737938e+00
 MIN: Iter =   12  NFunc =    92  E =     -14.59520  RMSG = 1.8204353e+00
 MIN: Iter =   13  NFunc =    98  E =     -15.06469  RMSG = 4.2098231e+00
 MIN: Iter =   14  NFunc =   104  E =     -15.59564  RMSG = 7.1718025e-01
 MIN: Iter =   15  NFunc =   110  E =     -15.74141  RMSG = 7.5461446e-01
 MIN: Iter =   16  NFunc =   123  E =     -15.90676  RMSG = 1.1602127e+00
 MIN: Iter =   17  NFunc =   140  E =     -16.03378  RMSG = 9.0840529e-01
 MIN: Iter =   18  NFunc =   146  E =     -16.16592  RMSG = 9.4501327e-01
 MIN: Iter =   19  NFunc =   152  E =     -16.27126  RMSG = 4.6264819e-01
 MIN: Iter =   20  NFunc =   159  E =     -16.33887  RMSG = 7.3243186e-01
 MIN: Iter =   21  NFunc =   166  E =     -16.39646  RMSG = 2.6020671e-01
 MIN: Iter =   22  NFunc =   177  E =     -16.42900  RMSG = 4.5068088e-01
 MIN: Iter =   23  NFunc =   193  E =     -16.47019  RMSG = 2.0358145e-01
 MIN: Iter =   24  NFunc =   211  E =     -16.48151  RMSG = 8.6408153e-02
 MIN: Iter =   25  NFunc =   219  E =     -16.48360  RMSG = 4.7638405e-02
 MIN: Iter =   26  NFunc =   229  E =     -16.48453  RMSG = 2.5666209e-02
 MIN: Iter =   27  NFunc =   238  E =     -16.48480  RMSG = 1.4895003e-02
 MIN: Iter =   28  NFunc =   257  E =     -16.48509  RMSG = 9.9406981e-03
 MIN: Iter =   29  NFunc =   274  E =     -16.48520  RMSG = 5.8046443e-03
 MIN: Iter =   30  NFunc =   290  E =     -16.48522  RMSG = 3.1970962e-03
 MIN: Iter =   31  NFunc =   300  E =     -16.48523  RMSG = 1.8101563e-03
 MIN: Iter =   32  NFunc =   318  E =     -16.48523  RMSG = 9.7919591e-04
 MIN: Iter =   33  NFunc =   332  E =     -16.48523  RMSG = 7.3025387e-04
 MIN: Iter =   34  NFunc =   339  E =     -16.48523  RMSG = 6.2169688e-04
 MIN: Iter =   35  NFunc =   353  E =     -16.48523  RMSG = 3.4649723e-04
----------------------------------------------------------------
 END:          :-)  E =     -16.48523  RMSG =   0.0003465

     bond:      1.309985548
    angle:      2.744371134
 dihedral:     45.721784486
    enb14:      4.586162685
    eel14:    100.149508445
      enb:     -2.640938989
      eel:   -145.784157446
      egb:    -22.571948712
    econs:      0.000000000
    esurf:      0.000000000
    Total:    -16.485232847
     frms:      0.000346497
====== rms.dat  ======================================================
#Frame      all_heavy
       1       0.2335
