====== tleap.out =====================================================
-I: Adding /home/case/amber24/dat/leap/prep to search path.
-I: Adding /home/case/amber24/dat/leap/lib to search path.
-I: Adding /home/case/amber24/dat/leap/parm to search path.
-I: Adding /home/case/amber24/dat/leap/cmd to search path.
-f: Source leap.in.

Welcome to LEaP!
(no leaprc in search path)
Sourcing: ./leap.in
Using Bondi radii
----- Source: /home/case/amber24/dat/leap/cmd/leaprc.gaff2
----- Source of /home/case/amber24/dat/leap/cmd/leaprc.gaff2 done
Log file: ./leap.log
Loading parameters: /home/case/amber24/dat/leap/parm/gaff2.dat
Reading title:
AMBER General Force Field for organic molecules (Version 2.2.20, March 2021)
Loading parameters: ./9ZV.frcmod
Reading force field modification type file (frcmod)
Reading title:
Remark line goes here
Loading Mol2 file: ./9ZV.mol2
Reading MOLECULE named 9ZV
Checking Unit.

/home/case/amber24/bin/teLeap: Warning!
The unperturbed charge of the unit (-0.998000) is not zero.

/home/case/amber24/bin/teLeap: Note.
Ignoring the warning from Unit Checking.

Building topology.
"order_residues" off: keep input residue order.
Building atom parameters.
Building bond parameters.
Building angle parameters.
Building proper torsion parameters.
Building improper torsion parameters.
 total 18 improper torsions applied
Building H-Bond parameters.
Incorporating Non-Bonded adjustments.
Not Marking per-residue atom chain types.
Marking per-residue atom chain types.
  (Residues lacking connect0/connect1 - 
   these don't have chain types marked:

	res	total affected

	9ZV	1
  )
 (no restraints)
	Quit

Exiting LEaP: Errors = 0; Warnings = 1; Notes = 1.
====== min.o =========================================================
Reading parm file (9ZV.parm7)
title:
9ZV                                                                             
no velocities were found
no velocities were found
	mm_options:  ntpr=5
	mm_options:  gb=1
	mm_options:  kappa=0.10395
	mm_options:  rgbmax=99.
	mm_options:  cut=99.0
	mm_options:  wcons=0.
     bond:      3.614468271
    angle:     22.316127573
 dihedral:     41.912791660
    enb14:     23.004094503
    eel14:     74.839201735
      enb:     -3.775324190
      eel:    -55.265965451
      egb:    -82.129028151
    econs:      0.000000000
    esurf:      0.000000000
    Total:     24.516365951
     frms:     16.868751608
Starting TNCG minimisation
 MIN: Iter =    0  NFunc =     1  E =      24.51637  RMSG = 1.6868752e+01
 MIN: Iter =    1  NFunc =     7  E =       9.40277  RMSG = 3.5703236e+00
 MIN: Iter =    2  NFunc =    14  E =       6.43800  RMSG = 1.3887397e+00
 MIN: Iter =    3  NFunc =    28  E =       5.13454  RMSG = 2.5183230e+00
 MIN: Iter =    4  NFunc =    44  E =       3.62878  RMSG = 4.3124687e+00
 MIN: Iter =    5  NFunc =    59  E =       0.95844  RMSG = 5.0355980e+00
 MIN: Iter =    6  NFunc =    65  E =      -2.11632  RMSG = 3.7714811e+00
 MIN: Iter =    7  NFunc =    71  E =      -4.56667  RMSG = 2.8868940e+00
 MIN: Iter =    8  NFunc =    77  E =      -6.17885  RMSG = 1.7806888e+00
 MIN: Iter =    9  NFunc =    83  E =      -6.71207  RMSG = 7.2101968e-01
 MIN: Iter =   10  NFunc =    89  E =      -6.80770  RMSG = 3.7132039e-01
 MIN: Iter =   11  NFunc =   140  E =      -6.98634  RMSG = 1.5192728e+00
 MIN: Iter =   12  NFunc =   146  E =      -7.14084  RMSG = 2.5477846e-01
 MIN: Iter =   13  NFunc =   173  E =      -7.22724  RMSG = 3.1066350e-01
 MIN: Iter =   14  NFunc =   186  E =      -7.31035  RMSG = 4.4140567e-01
 MIN: Iter =   15  NFunc =   194  E =      -7.33442  RMSG = 1.2395356e-01
 MIN: Iter =   16  NFunc =   223  E =      -7.35976  RMSG = 3.9505087e-01
 MIN: Iter =   17  NFunc =   229  E =      -7.37098  RMSG = 5.3430184e-02
 MIN: Iter =   18  NFunc =   280  E =      -7.38816  RMSG = 2.0344900e-01
 MIN: Iter =   19  NFunc =   286  E =      -7.39351  RMSG = 5.2724710e-02
 MIN: Iter =   20  NFunc =   311  E =      -7.40407  RMSG = 1.3134293e-01
 MIN: Iter =   21  NFunc =   317  E =      -7.40656  RMSG = 4.8486936e-02
 MIN: Iter =   22  NFunc =   345  E =      -7.41685  RMSG = 5.6811207e-02
 MIN: Iter =   23  NFunc =   361  E =      -7.42299  RMSG = 5.7765950e-02
 MIN: Iter =   24  NFunc =   389  E =      -7.42824  RMSG = 7.3303591e-02
 MIN: Iter =   25  NFunc =   395  E =      -7.42931  RMSG = 3.0569572e-02
 MIN: Iter =   26  NFunc =   428  E =      -7.43229  RMSG = 6.4961256e-02
 MIN: Iter =   27  NFunc =   434  E =      -7.43287  RMSG = 1.4509859e-02
 MIN: Iter =   28  NFunc =   456  E =      -7.43339  RMSG = 9.1531680e-03
 MIN: Iter =   29  NFunc =   466  E =      -7.43343  RMSG = 5.0918480e-03
 MIN: Iter =   30  NFunc =   481  E =      -7.43345  RMSG = 3.1111160e-03
 MIN: Iter =   31  NFunc =   515  E =      -7.43353  RMSG = 3.0556823e-03
 MIN: Iter =   32  NFunc =   530  E =      -7.43354  RMSG = 1.6527487e-03
 MIN: Iter =   33  NFunc =   547  E =      -7.43354  RMSG = 9.4161082e-04
 MIN: Iter =   34  NFunc =   576  E =      -7.43354  RMSG = 6.4810916e-04
 MIN: Iter =   35  NFunc =   602  E =      -7.43355  RMSG = 8.4736148e-04
 MIN: Iter =   36  NFunc =   637  E =      -7.43355  RMSG = 8.5402155e-04
 MIN: Iter =   37  NFunc =   653  E =      -7.43355  RMSG = 5.9573284e-04
 MIN: Iter =   38  NFunc =   700  E =      -7.43356  RMSG = 5.9755778e-04
 MIN: Iter =   39  NFunc =   706  E =      -7.43356  RMSG = 3.5146765e-04
----------------------------------------------------------------
 END:          :-)  E =      -7.43356  RMSG =   0.0003515

     bond:      3.776210129
    angle:     15.920914275
 dihedral:     28.193546982
    enb14:     15.896619770
    eel14:     72.118860280
      enb:     -4.729436012
      eel:    -54.465458909
      egb:    -84.144812181
    econs:      0.000000000
    esurf:      0.000000000
    Total:     -7.433555666
     frms:      0.000351468
====== rms.dat  ======================================================
#Frame      all_heavy
       1       0.4442
