====== tleap.out =====================================================
-I: Adding /home/case/amber24/dat/leap/prep to search path.
-I: Adding /home/case/amber24/dat/leap/lib to search path.
-I: Adding /home/case/amber24/dat/leap/parm to search path.
-I: Adding /home/case/amber24/dat/leap/cmd to search path.
-f: Source leap.in.

Welcome to LEaP!
(no leaprc in search path)
Sourcing: ./leap.in
Using Bondi radii
----- Source: /home/case/amber24/dat/leap/cmd/leaprc.gaff2
----- Source of /home/case/amber24/dat/leap/cmd/leaprc.gaff2 done
Log file: ./leap.log
Loading parameters: /home/case/amber24/dat/leap/parm/gaff2.dat
Reading title:
AMBER General Force Field for organic molecules (Version 2.2.20, March 2021)
Loading parameters: ./P5O.frcmod
Reading force field modification type file (frcmod)
Reading title:
Remark line goes here
Loading Mol2 file: ./P5O.mol2
Reading MOLECULE named P5O
Checking Unit.
Building topology.
"order_residues" off: keep input residue order.
Building atom parameters.
Building bond parameters.
Building angle parameters.
Building proper torsion parameters.
Building improper torsion parameters.
 total 14 improper torsions applied
Building H-Bond parameters.
Incorporating Non-Bonded adjustments.
Not Marking per-residue atom chain types.
Marking per-residue atom chain types.
  (Residues lacking connect0/connect1 - 
   these don't have chain types marked:

	res	total affected

	P5O	1
  )
 (no restraints)
	Quit

Exiting LEaP: Errors = 0; Warnings = 0; Notes = 0.
====== min.o =========================================================
Reading parm file (P5O.parm7)
title:
P5O                                                                             
no velocities were found
no velocities were found
	mm_options:  ntpr=5
	mm_options:  gb=1
	mm_options:  kappa=0.10395
	mm_options:  rgbmax=99.
	mm_options:  cut=99.0
	mm_options:  wcons=0.
     bond:      0.679388050
    angle:      3.193899972
 dihedral:      0.233575850
    enb14:      9.764700101
    eel14:    -97.374161081
      enb:      1.198025693
      eel:     37.566935102
      egb:    -25.455878306
    econs:      0.000000000
    esurf:      0.000000000
    Total:    -70.193514618
     frms:      8.761471811
Starting TNCG minimisation
 MIN: Iter =    0  NFunc =     1  E =     -70.19351  RMSG = 8.7614718e+00
 MIN: Iter =    1  NFunc =     9  E =     -75.99393  RMSG = 1.8165009e+00
 MIN: Iter =    2  NFunc =    15  E =     -76.47484  RMSG = 6.9390821e-01
 MIN: Iter =    3  NFunc =    25  E =     -76.65040  RMSG = 2.4654923e-01
 MIN: Iter =    4  NFunc =    37  E =     -76.67654  RMSG = 1.1536811e-01
 MIN: Iter =    5  NFunc =    45  E =     -76.68019  RMSG = 5.5873782e-02
 MIN: Iter =    6  NFunc =    62  E =     -76.68977  RMSG = 6.0456568e-02
 MIN: Iter =    7  NFunc =    71  E =     -76.69102  RMSG = 2.6615137e-02
 MIN: Iter =    8  NFunc =    89  E =     -76.69195  RMSG = 2.2696007e-02
 MIN: Iter =    9  NFunc =    98  E =     -76.69264  RMSG = 2.2041440e-02
 MIN: Iter =   10  NFunc =   116  E =     -76.69289  RMSG = 9.8609877e-03
 MIN: Iter =   11  NFunc =   149  E =     -76.69304  RMSG = 6.7052172e-03
 MIN: Iter =   12  NFunc =   196  E =     -76.69419  RMSG = 4.9617466e-02
 MIN: Iter =   13  NFunc =   202  E =     -76.69443  RMSG = 1.6421668e-02
 MIN: Iter =   14  NFunc =   221  E =     -76.69463  RMSG = 9.0866681e-03
 MIN: Iter =   15  NFunc =   272  E =     -76.69559  RMSG = 9.1357672e-02
 MIN: Iter =   16  NFunc =   287  E =     -76.69908  RMSG = 1.0960999e-01
 MIN: Iter =   17  NFunc =   296  E =     -76.70150  RMSG = 4.9806866e-02
 MIN: Iter =   18  NFunc =   303  E =     -76.70250  RMSG = 3.4619756e-02
 MIN: Iter =   19  NFunc =   323  E =     -76.70350  RMSG = 1.6106730e-02
 MIN: Iter =   20  NFunc =   344  E =     -76.70397  RMSG = 1.0749937e-02
 MIN: Iter =   21  NFunc =   357  E =     -76.70403  RMSG = 5.9622208e-03
 MIN: Iter =   22  NFunc =   378  E =     -76.70407  RMSG = 4.0412071e-03
 MIN: Iter =   23  NFunc =   391  E =     -76.70409  RMSG = 3.1339773e-03
 MIN: Iter =   24  NFunc =   399  E =     -76.70409  RMSG = 1.6474791e-03
 MIN: Iter =   25  NFunc =   450  E =     -76.70410  RMSG = 2.2000449e-03
 MIN: Iter =   26  NFunc =   480  E =     -76.70411  RMSG = 1.0752348e-03
 MIN: Iter =   27  NFunc =   486  E =     -76.70411  RMSG = 4.1054403e-04
----------------------------------------------------------------
 END:          :-)  E =     -76.70411  RMSG =   0.0004105

     bond:      0.840109100
    angle:      1.307441399
 dihedral:      0.431514884
    enb14:      7.300250619
    eel14:    -99.559709123
      enb:     -0.297087007
      eel:     39.299898419
      egb:    -26.026526623
    econs:      0.000000000
    esurf:      0.000000000
    Total:    -76.704108331
     frms:      0.000410544
====== rms.dat  ======================================================
#Frame      all_heavy
       1       0.1471
