====== tleap.out =====================================================
-I: Adding /home/case/amber24/dat/leap/prep to search path.
-I: Adding /home/case/amber24/dat/leap/lib to search path.
-I: Adding /home/case/amber24/dat/leap/parm to search path.
-I: Adding /home/case/amber24/dat/leap/cmd to search path.
-f: Source leap.in.

Welcome to LEaP!
(no leaprc in search path)
Sourcing: ./leap.in
Using Bondi radii
----- Source: /home/case/amber24/dat/leap/cmd/leaprc.gaff2
----- Source of /home/case/amber24/dat/leap/cmd/leaprc.gaff2 done
Log file: ./leap.log
Loading parameters: /home/case/amber24/dat/leap/parm/gaff2.dat
Reading title:
AMBER General Force Field for organic molecules (Version 2.2.20, March 2021)
Loading parameters: ./PFZ.frcmod
Reading force field modification type file (frcmod)
Reading title:
Remark line goes here
Loading Mol2 file: ./PFZ.mol2
Reading MOLECULE named PFZ
Checking Unit.
Building topology.
"order_residues" off: keep input residue order.
Building atom parameters.
Building bond parameters.
Building angle parameters.
Building proper torsion parameters.
Building improper torsion parameters.
 total 10 improper torsions applied
Building H-Bond parameters.
Incorporating Non-Bonded adjustments.
Not Marking per-residue atom chain types.
Marking per-residue atom chain types.
  (Residues lacking connect0/connect1 - 
   these don't have chain types marked:

	res	total affected

	PFZ	1
  )
 (no restraints)
	Quit

Exiting LEaP: Errors = 0; Warnings = 0; Notes = 0.
====== min.o =========================================================
Reading parm file (PFZ.parm7)
title:
PFZ                                                                             
no velocities were found
no velocities were found
	mm_options:  ntpr=5
	mm_options:  gb=1
	mm_options:  kappa=0.10395
	mm_options:  rgbmax=99.
	mm_options:  cut=99.0
	mm_options:  wcons=0.
     bond:      1.532565915
    angle:      4.053082470
 dihedral:      2.510530170
    enb14:      8.941130832
    eel14:    -22.755902129
      enb:     -0.881964869
      eel:      2.387879158
      egb:    -15.876031941
    econs:      0.000000000
    esurf:      0.000000000
    Total:    -20.088710393
     frms:      6.332542090
Starting TNCG minimisation
 MIN: Iter =    0  NFunc =     1  E =     -20.08871  RMSG = 6.3325421e+00
 MIN: Iter =    1  NFunc =     7  E =     -25.32086  RMSG = 1.3797254e+00
 MIN: Iter =    2  NFunc =    14  E =     -26.13007  RMSG = 8.7175810e-01
 MIN: Iter =    3  NFunc =    23  E =     -26.61604  RMSG = 5.3864748e-01
 MIN: Iter =    4  NFunc =    30  E =     -26.69262  RMSG = 2.7041199e-01
 MIN: Iter =    5  NFunc =    81  E =     -26.89652  RMSG = 3.9586966e-01
 MIN: Iter =    6  NFunc =   104  E =     -27.02297  RMSG = 4.1807798e-01
 MIN: Iter =    7  NFunc =   111  E =     -27.06871  RMSG = 1.7454693e-01
 MIN: Iter =    8  NFunc =   129  E =     -27.09965  RMSG = 4.4777772e-01
 MIN: Iter =    9  NFunc =   135  E =     -27.12707  RMSG = 9.9608206e-02
 MIN: Iter =   10  NFunc =   158  E =     -27.14183  RMSG = 2.6602564e-01
 MIN: Iter =   11  NFunc =   164  E =     -27.15140  RMSG = 5.2137012e-02
 MIN: Iter =   12  NFunc =   183  E =     -27.15962  RMSG = 8.7251630e-02
 MIN: Iter =   13  NFunc =   189  E =     -27.16079  RMSG = 2.9162814e-02
 MIN: Iter =   14  NFunc =   210  E =     -27.16271  RMSG = 2.1709232e-02
 MIN: Iter =   15  NFunc =   237  E =     -27.16385  RMSG = 1.0036566e-02
 MIN: Iter =   16  NFunc =   287  E =     -27.16473  RMSG = 1.7079983e-02
 MIN: Iter =   17  NFunc =   293  E =     -27.16476  RMSG = 4.5361237e-03
 MIN: Iter =   18  NFunc =   314  E =     -27.16480  RMSG = 2.7068964e-03
 MIN: Iter =   19  NFunc =   327  E =     -27.16481  RMSG = 2.5497715e-03
 MIN: Iter =   20  NFunc =   343  E =     -27.16482  RMSG = 1.3948329e-03
 MIN: Iter =   21  NFunc =   374  E =     -27.16483  RMSG = 7.2885892e-04
 MIN: Iter =   22  NFunc =   409  E =     -27.16483  RMSG = 4.3803971e-04
----------------------------------------------------------------
 END:          :-)  E =     -27.16483  RMSG =   0.0004380

     bond:      1.823837081
    angle:      3.163748547
 dihedral:      2.486415912
    enb14:      5.956018331
    eel14:    -23.386006184
      enb:     -3.312745032
      eel:      2.760913785
      egb:    -16.657009612
    econs:      0.000000000
    esurf:      0.000000000
    Total:    -27.164827171
     frms:      0.000438040
====== rms.dat  ======================================================
#Frame      all_heavy
       1       0.2134
