====== tleap.out =====================================================
-I: Adding /home/case/amber24/dat/leap/prep to search path.
-I: Adding /home/case/amber24/dat/leap/lib to search path.
-I: Adding /home/case/amber24/dat/leap/parm to search path.
-I: Adding /home/case/amber24/dat/leap/cmd to search path.
-f: Source leap.in.

Welcome to LEaP!
(no leaprc in search path)
Sourcing: ./leap.in
Using Bondi radii
----- Source: /home/case/amber24/dat/leap/cmd/leaprc.gaff2
----- Source of /home/case/amber24/dat/leap/cmd/leaprc.gaff2 done
Log file: ./leap.log
Loading parameters: /home/case/amber24/dat/leap/parm/gaff2.dat
Reading title:
AMBER General Force Field for organic molecules (Version 2.2.20, March 2021)
Loading parameters: ./PGT.frcmod
Reading force field modification type file (frcmod)
Reading title:
Remark line goes here
Loading Mol2 file: ./PGT.mol2
Reading MOLECULE named PGT
Checking Unit.

/home/case/amber24/bin/teLeap: Warning!
The unperturbed charge of the unit (-1.004000) is not zero.

/home/case/amber24/bin/teLeap: Note.
Ignoring the warning from Unit Checking.

Building topology.
"order_residues" off: keep input residue order.
Building atom parameters.
Building bond parameters.
Building angle parameters.
Building proper torsion parameters.
Building improper torsion parameters.
 total 2 improper torsions applied
Building H-Bond parameters.
Incorporating Non-Bonded adjustments.
Not Marking per-residue atom chain types.
Marking per-residue atom chain types.
  (Residues lacking connect0/connect1 - 
   these don't have chain types marked:

	res	total affected

	PGT	1
  )
 (no restraints)
	Quit

Exiting LEaP: Errors = 0; Warnings = 1; Notes = 1.
====== min.o =========================================================
Reading parm file (PGT.parm7)
title:
PGT                                                                             
no velocities were found
no velocities were found
	mm_options:  ntpr=5
	mm_options:  gb=1
	mm_options:  kappa=0.10395
	mm_options:  rgbmax=99.
	mm_options:  cut=99.0
	mm_options:  wcons=0.
     bond:      3.616173445
    angle:     11.113468431
 dihedral:     82.259438436
    enb14:     17.276232648
    eel14:     61.301061790
      enb:    -13.290134008
      eel:   -135.989262082
      egb:    -86.909108148
    econs:      0.000000000
    esurf:      0.000000000
    Total:    -60.622129488
     frms:      7.047998199
Starting TNCG minimisation
 MIN: Iter =    0  NFunc =     1  E =     -60.62213  RMSG = 7.0479982e+00
 MIN: Iter =    1  NFunc =     7  E =     -71.68124  RMSG = 1.5089776e+00
 MIN: Iter =    2  NFunc =    19  E =     -75.56290  RMSG = 9.2167362e-01
 MIN: Iter =    3  NFunc =    36  E =     -77.40506  RMSG = 1.2698580e+00
 MIN: Iter =    4  NFunc =    45  E =     -78.41897  RMSG = 8.2721584e-01
 MIN: Iter =    5  NFunc =    51  E =     -78.67411  RMSG = 3.3908701e-01
 MIN: Iter =    6  NFunc =    77  E =     -78.82732  RMSG = 4.2544581e-01
 MIN: Iter =    7  NFunc =   129  E =     -78.96546  RMSG = 5.7780397e-01
 MIN: Iter =    8  NFunc =   136  E =     -79.13290  RMSG = 7.7290120e-01
 MIN: Iter =    9  NFunc =   142  E =     -79.43249  RMSG = 1.9521216e+00
 MIN: Iter =   10  NFunc =   148  E =     -80.23745  RMSG = 6.3723038e-01
 MIN: Iter =   11  NFunc =   154  E =     -80.62702  RMSG = 1.8285658e+00
 MIN: Iter =   12  NFunc =   160  E =     -81.20529  RMSG = 3.3528688e-01
 MIN: Iter =   13  NFunc =   168  E =     -81.38788  RMSG = 1.1506093e+00
 MIN: Iter =   14  NFunc =   174  E =     -81.58185  RMSG = 2.8510848e-01
 MIN: Iter =   15  NFunc =   186  E =     -81.74949  RMSG = 5.8208233e-01
 MIN: Iter =   16  NFunc =   237  E =     -82.00654  RMSG = 7.9011453e-01
 MIN: Iter =   17  NFunc =   243  E =     -82.21031  RMSG = 2.0968789e-01
 MIN: Iter =   18  NFunc =   281  E =     -82.36984  RMSG = 2.8151993e-01
 MIN: Iter =   19  NFunc =   290  E =     -82.51192  RMSG = 7.5816334e-01
 MIN: Iter =   20  NFunc =   297  E =     -82.75917  RMSG = 2.5969346e-01
 MIN: Iter =   21  NFunc =   348  E =     -83.03731  RMSG = 7.5099679e-01
 MIN: Iter =   22  NFunc =   355  E =     -83.52990  RMSG = 6.3488987e-01
 MIN: Iter =   23  NFunc =   365  E =     -84.23630  RMSG = 1.0779662e+00
 MIN: Iter =   24  NFunc =   372  E =     -85.24259  RMSG = 9.6399811e-01
 MIN: Iter =   25  NFunc =   378  E =     -86.07583  RMSG = 9.4561032e-01
 MIN: Iter =   26  NFunc =   384  E =     -86.52532  RMSG = 2.4704694e-01
 MIN: Iter =   27  NFunc =   391  E =     -86.72935  RMSG = 3.0111279e-01
 MIN: Iter =   28  NFunc =   424  E =     -87.26357  RMSG = 5.6866311e-01
 MIN: Iter =   29  NFunc =   467  E =     -87.78262  RMSG = 8.0487919e-01
 MIN: Iter =   30  NFunc =   513  E =     -88.42057  RMSG = 9.3548371e-01
 MIN: Iter =   31  NFunc =   528  E =     -89.06251  RMSG = 9.0557218e-01
 MIN: Iter =   32  NFunc =   535  E =     -89.67072  RMSG = 7.9577971e-01
 MIN: Iter =   33  NFunc =   541  E =     -90.19134  RMSG = 6.5568068e-01
 MIN: Iter =   34  NFunc =   547  E =     -90.55472  RMSG = 4.6701407e-01
 MIN: Iter =   35  NFunc =   553  E =     -90.74065  RMSG = 3.1027252e-01
 MIN: Iter =   36  NFunc =   574  E =     -91.04208  RMSG = 4.6223671e-01
 MIN: Iter =   37  NFunc =   610  E =     -91.31771  RMSG = 3.3069078e-01
 MIN: Iter =   38  NFunc =   629  E =     -91.50239  RMSG = 2.7210946e-01
 MIN: Iter =   39  NFunc =   638  E =     -91.60029  RMSG = 1.8471990e-01
 MIN: Iter =   40  NFunc =   644  E =     -91.64114  RMSG = 1.3150442e-01
 MIN: Iter =   41  NFunc =   695  E =     -91.81761  RMSG = 3.0234426e-01
 MIN: Iter =   42  NFunc =   705  E =     -91.98641  RMSG = 4.8295480e-01
 MIN: Iter =   43  NFunc =   712  E =     -92.17078  RMSG = 2.4928179e-01
 MIN: Iter =   44  NFunc =   719  E =     -92.30485  RMSG = 4.9335503e-01
 MIN: Iter =   45  NFunc =   727  E =     -92.49627  RMSG = 2.4697389e-01
 MIN: Iter =   46  NFunc =   734  E =     -92.58179  RMSG = 4.5033268e-01
 MIN: Iter =   47  NFunc =   740  E =     -92.66342  RMSG = 1.5684606e-01
 MIN: Iter =   48  NFunc =   791  E =     -92.87410  RMSG = 3.8869555e-01
 MIN: Iter =   49  NFunc =   800  E =     -93.03731  RMSG = 2.8388267e-01
 MIN: Iter =   50  NFunc =   812  E =     -93.19681  RMSG = 4.3171369e-01
 MIN: Iter =   51  NFunc =   824  E =     -93.38052  RMSG = 2.2283459e-01
 MIN: Iter =   52  NFunc =   831  E =     -93.45912  RMSG = 1.9823506e-01
 MIN: Iter =   53  NFunc =   846  E =     -93.56104  RMSG = 2.9882697e-01
 MIN: Iter =   54  NFunc =   853  E =     -93.61883  RMSG = 1.2836347e-01
 MIN: Iter =   55  NFunc =   904  E =     -93.76039  RMSG = 4.3565807e-01
 MIN: Iter =   56  NFunc =   910  E =     -93.88286  RMSG = 2.0977044e-01
 MIN: Iter =   57  NFunc =   918  E =     -93.98506  RMSG = 3.8820368e-01
 MIN: Iter =   58  NFunc =   924  E =     -94.09613  RMSG = 1.7041203e-01
 MIN: Iter =   59  NFunc =   932  E =     -94.17604  RMSG = 3.9193538e-01
 MIN: Iter =   60  NFunc =   938  E =     -94.24863  RMSG = 1.2912126e-01
 MIN: Iter =   61  NFunc =   945  E =     -94.28210  RMSG = 3.4745564e-01
 MIN: Iter =   62  NFunc =   951  E =     -94.32683  RMSG = 1.3828170e-01
 MIN: Iter =   63  NFunc =   993  E =     -94.42635  RMSG = 5.1637089e-01
 MIN: Iter =   64  NFunc =   999  E =     -94.50978  RMSG = 9.9574402e-02
 MIN: Iter =   65  NFunc =  1025  E =     -94.56852  RMSG = 1.7809065e-01
 MIN: Iter =   66  NFunc =  1034  E =     -94.60840  RMSG = 1.1107242e-01
 MIN: Iter =   67  NFunc =  1041  E =     -94.62770  RMSG = 6.8766624e-02
 MIN: Iter =   68  NFunc =  1066  E =     -94.65891  RMSG = 2.1888513e-01
 MIN: Iter =   69  NFunc =  1072  E =     -94.67426  RMSG = 5.3989726e-02
 MIN: Iter =   70  NFunc =  1124  E =     -94.70464  RMSG = 7.7665480e-02
 MIN: Iter =   71  NFunc =  1149  E =     -94.73414  RMSG = 2.1533148e-01
 MIN: Iter =   72  NFunc =  1155  E =     -94.74924  RMSG = 4.5959988e-02
 MIN: Iter =   73  NFunc =  1207  E =     -94.76858  RMSG = 1.0337799e-01
 MIN: Iter =   74  NFunc =  1215  E =     -94.78003  RMSG = 5.7664346e-02
 MIN: Iter =   75  NFunc =  1237  E =     -94.79270  RMSG = 1.2343475e-01
 MIN: Iter =   76  NFunc =  1244  E =     -94.79910  RMSG = 3.7543962e-02
 MIN: Iter =   77  NFunc =  1290  E =     -94.81412  RMSG = 9.6145590e-02
 MIN: Iter =   78  NFunc =  1298  E =     -94.82196  RMSG = 4.5895821e-02
 MIN: Iter =   79  NFunc =  1342  E =     -94.83349  RMSG = 5.6912549e-02
 MIN: Iter =   80  NFunc =  1364  E =     -94.84595  RMSG = 1.1461971e-01
 MIN: Iter =   81  NFunc =  1372  E =     -94.85630  RMSG = 4.5994645e-02
 MIN: Iter =   82  NFunc =  1378  E =     -94.86199  RMSG = 5.2391355e-02
 MIN: Iter =   83  NFunc =  1394  E =     -94.87033  RMSG = 6.0179642e-02
 MIN: Iter =   84  NFunc =  1401  E =     -94.87824  RMSG = 1.1114265e-01
 MIN: Iter =   85  NFunc =  1407  E =     -94.88331  RMSG = 2.9820100e-02
 MIN: Iter =   86  NFunc =  1417  E =     -94.88617  RMSG = 3.5337821e-02
 MIN: Iter =   87  NFunc =  1424  E =     -94.88886  RMSG = 4.1258581e-02
 MIN: Iter =   88  NFunc =  1430  E =     -94.88994  RMSG = 1.8947962e-02
 MIN: Iter =   89  NFunc =  1481  E =     -94.91160  RMSG = 1.3258024e-01
 MIN: Iter =   90  NFunc =  1489  E =     -94.91911  RMSG = 4.5374078e-02
 MIN: Iter =   91  NFunc =  1538  E =     -94.93534  RMSG = 1.5909668e-01
 MIN: Iter =   92  NFunc =  1544  E =     -94.94284  RMSG = 3.1420404e-02
 MIN: Iter =   93  NFunc =  1596  E =     -94.95125  RMSG = 3.7966808e-02
 MIN: Iter =   94  NFunc =  1631  E =     -94.95992  RMSG = 1.7778998e-01
 MIN: Iter =   95  NFunc =  1637  E =     -94.96924  RMSG = 3.7986512e-02
 MIN: Iter =   96  NFunc =  1667  E =     -94.97564  RMSG = 1.4432958e-01
 MIN: Iter =   97  NFunc =  1673  E =     -94.98172  RMSG = 2.8757670e-02
 MIN: Iter =   98  NFunc =  1704  E =     -94.98593  RMSG = 2.7452181e-02
 MIN: Iter =   99  NFunc =  1755  E =     -94.99496  RMSG = 1.2392495e-01
 MIN: Iter =  100  NFunc =  1763  E =     -95.00182  RMSG = 3.6037447e-02
----------------------------------------------------------------
 END:          :-)  E =     -95.00182  RMSG =   0.0360374

     bond:      1.868056843
    angle:     10.669770114
 dihedral:     62.503945562
    enb14:     11.952266271
    eel14:     64.733782472
      enb:    -14.539919914
      eel:   -144.360094125
      egb:    -87.829629310
    econs:      0.000000000
    esurf:      0.000000000
    Total:    -95.001822087
     frms:      0.036037447
====== rms.dat  ======================================================
#Frame      all_heavy
       1       1.7007
