====== tleap.out =====================================================
-I: Adding /home/case/amber24/dat/leap/prep to search path.
-I: Adding /home/case/amber24/dat/leap/lib to search path.
-I: Adding /home/case/amber24/dat/leap/parm to search path.
-I: Adding /home/case/amber24/dat/leap/cmd to search path.
-f: Source leap.in.

Welcome to LEaP!
(no leaprc in search path)
Sourcing: ./leap.in
Using Bondi radii
----- Source: /home/case/amber24/dat/leap/cmd/leaprc.gaff2
----- Source of /home/case/amber24/dat/leap/cmd/leaprc.gaff2 done
Log file: ./leap.log
Loading parameters: /home/case/amber24/dat/leap/parm/gaff2.dat
Reading title:
AMBER General Force Field for organic molecules (Version 2.2.20, March 2021)
Loading parameters: ./PKP.frcmod
Reading force field modification type file (frcmod)
Reading title:
Remark line goes here
Loading Mol2 file: ./PKP.mol2
Reading MOLECULE named PKP
Checking Unit.
Building topology.
"order_residues" off: keep input residue order.
Building atom parameters.
Building bond parameters.
Building angle parameters.
Building proper torsion parameters.
Building improper torsion parameters.
 total 16 improper torsions applied
Building H-Bond parameters.
Incorporating Non-Bonded adjustments.
Not Marking per-residue atom chain types.
Marking per-residue atom chain types.
  (Residues lacking connect0/connect1 - 
   these don't have chain types marked:

	res	total affected

	PKP	1
  )
 (no restraints)
	Quit

Exiting LEaP: Errors = 0; Warnings = 0; Notes = 0.
====== min.o =========================================================
Reading parm file (PKP.parm7)
title:
PKP                                                                             
no velocities were found
no velocities were found
	mm_options:  ntpr=5
	mm_options:  gb=1
	mm_options:  kappa=0.10395
	mm_options:  rgbmax=99.
	mm_options:  cut=99.0
	mm_options:  wcons=0.
     bond:      3.225668774
    angle:     15.339550012
 dihedral:     42.451030909
    enb14:     14.195458116
    eel14:   -123.107155697
      enb:     -5.368359227
      eel:     76.622178200
      egb:    -21.530945090
    econs:      0.000000000
    esurf:      0.000000000
    Total:      1.827425997
     frms:     13.446362723
Starting TNCG minimisation
 MIN: Iter =    0  NFunc =     1  E =       1.82743  RMSG = 1.3446363e+01
 MIN: Iter =    1  NFunc =     7  E =     -10.04227  RMSG = 1.9654527e+00
 MIN: Iter =    2  NFunc =    14  E =     -10.80081  RMSG = 8.6041423e-01
 MIN: Iter =    3  NFunc =    22  E =     -11.21002  RMSG = 5.0216779e-01
 MIN: Iter =    4  NFunc =    45  E =     -11.44618  RMSG = 2.5989972e-01
 MIN: Iter =    5  NFunc =    52  E =     -11.46207  RMSG = 1.3058174e-01
 MIN: Iter =    6  NFunc =    87  E =     -11.59021  RMSG = 3.1667428e-01
 MIN: Iter =    7  NFunc =    93  E =     -11.60544  RMSG = 1.0677304e-01
 MIN: Iter =    8  NFunc =   137  E =     -11.67423  RMSG = 2.4752610e-01
 MIN: Iter =    9  NFunc =   143  E =     -11.68489  RMSG = 8.2594262e-02
 MIN: Iter =   10  NFunc =   165  E =     -11.69597  RMSG = 6.9450849e-02
 MIN: Iter =   11  NFunc =   216  E =     -11.73139  RMSG = 3.4054546e-01
 MIN: Iter =   12  NFunc =   223  E =     -11.76387  RMSG = 1.7514969e-01
 MIN: Iter =   13  NFunc =   229  E =     -11.78102  RMSG = 1.4428762e-01
 MIN: Iter =   14  NFunc =   279  E =     -11.82701  RMSG = 2.3772140e-01
 MIN: Iter =   15  NFunc =   285  E =     -11.84016  RMSG = 1.0821168e-01
 MIN: Iter =   16  NFunc =   309  E =     -11.85259  RMSG = 6.1144143e-02
 MIN: Iter =   17  NFunc =   350  E =     -11.86273  RMSG = 1.1917216e-01
 MIN: Iter =   18  NFunc =   357  E =     -11.86506  RMSG = 3.9762779e-02
 MIN: Iter =   19  NFunc =   396  E =     -11.86851  RMSG = 3.1655102e-02
 MIN: Iter =   20  NFunc =   410  E =     -11.86896  RMSG = 1.1443324e-02
 MIN: Iter =   21  NFunc =   461  E =     -11.86937  RMSG = 7.3379874e-03
 MIN: Iter =   22  NFunc =   472  E =     -11.86940  RMSG = 4.2532688e-03
 MIN: Iter =   23  NFunc =   520  E =     -11.86947  RMSG = 2.7620917e-03
 MIN: Iter =   24  NFunc =   526  E =     -11.86948  RMSG = 1.7000861e-03
 MIN: Iter =   25  NFunc =   559  E =     -11.86949  RMSG = 1.2314129e-03
 MIN: Iter =   26  NFunc =   568  E =     -11.86949  RMSG = 7.9454675e-04
 MIN: Iter =   27  NFunc =   583  E =     -11.86949  RMSG = 4.2303512e-04
----------------------------------------------------------------
 END:          :-)  E =     -11.86949  RMSG =   0.0004230

     bond:      1.795786255
    angle:      7.046865312
 dihedral:     40.374922044
    enb14:     11.877213814
    eel14:   -122.171117903
      enb:     -4.607545275
      eel:     76.019590937
      egb:    -22.205205221
    econs:      0.000000000
    esurf:      0.000000000
    Total:    -11.869490037
     frms:      0.000423035
====== rms.dat  ======================================================
#Frame      all_heavy
       1       0.3621
