====== tleap.out =====================================================
-I: Adding /home/case/amber24/dat/leap/prep to search path.
-I: Adding /home/case/amber24/dat/leap/lib to search path.
-I: Adding /home/case/amber24/dat/leap/parm to search path.
-I: Adding /home/case/amber24/dat/leap/cmd to search path.
-f: Source leap.in.

Welcome to LEaP!
(no leaprc in search path)
Sourcing: ./leap.in
Using Bondi radii
----- Source: /home/case/amber24/dat/leap/cmd/leaprc.gaff2
----- Source of /home/case/amber24/dat/leap/cmd/leaprc.gaff2 done
Log file: ./leap.log
Loading parameters: /home/case/amber24/dat/leap/parm/gaff2.dat
Reading title:
AMBER General Force Field for organic molecules (Version 2.2.20, March 2021)
Loading parameters: ./PLW.frcmod
Reading force field modification type file (frcmod)
Reading title:
Remark line goes here
Loading Mol2 file: ./PLW.mol2
Reading MOLECULE named PLW
Checking Unit.

/home/case/amber24/bin/teLeap: Warning!
The unperturbed charge of the unit (-0.999001) is not zero.

/home/case/amber24/bin/teLeap: Note.
Ignoring the warning from Unit Checking.

Building topology.
"order_residues" off: keep input residue order.
Building atom parameters.
Building bond parameters.
Building angle parameters.
Building proper torsion parameters.
Building improper torsion parameters.
 total 4 improper torsions applied
Building H-Bond parameters.
Incorporating Non-Bonded adjustments.
Not Marking per-residue atom chain types.
Marking per-residue atom chain types.
  (Residues lacking connect0/connect1 - 
   these don't have chain types marked:

	res	total affected

	PLW	1
  )
 (no restraints)
	Quit

Exiting LEaP: Errors = 0; Warnings = 1; Notes = 1.
====== min.o =========================================================
Reading parm file (PLW.parm7)
title:
PLW                                                                             
no velocities were found
no velocities were found
	mm_options:  ntpr=5
	mm_options:  gb=1
	mm_options:  kappa=0.10395
	mm_options:  rgbmax=99.
	mm_options:  cut=99.0
	mm_options:  wcons=0.
     bond:      2.116745737
    angle:      5.053051275
 dihedral:      5.329753880
    enb14:      6.408198295
    eel14:    -82.348992621
      enb:     -1.090799495
      eel:     55.504277962
      egb:    -72.627216935
    econs:      0.000000000
    esurf:      0.000000000
    Total:    -81.654981903
     frms:      8.274366598
Starting TNCG minimisation
 MIN: Iter =    0  NFunc =     1  E =     -81.65498  RMSG = 8.2743666e+00
 MIN: Iter =    1  NFunc =     7  E =     -87.54647  RMSG = 2.5850362e+00
 MIN: Iter =    2  NFunc =    15  E =     -88.83405  RMSG = 6.9880282e-01
 MIN: Iter =    3  NFunc =    28  E =     -89.09736  RMSG = 4.2711676e-01
 MIN: Iter =    4  NFunc =    70  E =     -89.14876  RMSG = 8.6896516e-01
 MIN: Iter =    5  NFunc =    80  E =     -89.22936  RMSG = 1.9011504e-01
 MIN: Iter =    6  NFunc =   104  E =     -89.29831  RMSG = 8.6211670e-01
 MIN: Iter =    7  NFunc =   113  E =     -89.35912  RMSG = 2.3634848e-01
 MIN: Iter =    8  NFunc =   157  E =     -89.44189  RMSG = 1.3727197e+00
 MIN: Iter =    9  NFunc =   163  E =     -89.53289  RMSG = 2.1999026e-01
 MIN: Iter =   10  NFunc =   180  E =     -89.60915  RMSG = 4.6456416e-01
 MIN: Iter =   11  NFunc =   193  E =     -89.69900  RMSG = 1.6000504e+00
 MIN: Iter =   12  NFunc =   199  E =     -89.85461  RMSG = 3.4384147e-01
 MIN: Iter =   13  NFunc =   205  E =     -89.92164  RMSG = 1.4255535e+00
 MIN: Iter =   14  NFunc =   211  E =     -90.03957  RMSG = 3.2053524e-01
 MIN: Iter =   15  NFunc =   218  E =     -90.08477  RMSG = 5.6233305e-01
 MIN: Iter =   16  NFunc =   225  E =     -90.13084  RMSG = 3.7193191e-01
 MIN: Iter =   17  NFunc =   234  E =     -90.16831  RMSG = 3.4634787e-01
 MIN: Iter =   18  NFunc =   285  E =     -90.28072  RMSG = 9.3147237e-01
 MIN: Iter =   19  NFunc =   291  E =     -90.37239  RMSG = 3.5892085e-01
 MIN: Iter =   20  NFunc =   309  E =     -90.47866  RMSG = 9.4512766e-01
 MIN: Iter =   21  NFunc =   318  E =     -90.61721  RMSG = 5.4828116e-01
 MIN: Iter =   22  NFunc =   324  E =     -90.70603  RMSG = 9.6712988e-01
 MIN: Iter =   23  NFunc =   330  E =     -90.79332  RMSG = 3.3778212e-01
 MIN: Iter =   24  NFunc =   337  E =     -90.83518  RMSG = 4.0217047e-01
 MIN: Iter =   25  NFunc =   343  E =     -90.88236  RMSG = 7.1505703e-01
 MIN: Iter =   26  NFunc =   349  E =     -90.91719  RMSG = 1.5492836e-01
 MIN: Iter =   27  NFunc =   367  E =     -90.95167  RMSG = 3.8689390e-01
 MIN: Iter =   28  NFunc =   377  E =     -90.98530  RMSG = 3.7715992e-01
 MIN: Iter =   29  NFunc =   385  E =     -91.00417  RMSG = 1.9698164e-01
 MIN: Iter =   30  NFunc =   407  E =     -91.03370  RMSG = 4.1460920e-01
 MIN: Iter =   31  NFunc =   413  E =     -91.05139  RMSG = 1.3195059e-01
 MIN: Iter =   32  NFunc =   422  E =     -91.06760  RMSG = 2.8058250e-01
 MIN: Iter =   33  NFunc =   428  E =     -91.08148  RMSG = 1.7648647e-01
 MIN: Iter =   34  NFunc =   434  E =     -91.08827  RMSG = 1.5377694e-01
 MIN: Iter =   35  NFunc =   454  E =     -91.11149  RMSG = 2.4093864e-01
 MIN: Iter =   36  NFunc =   460  E =     -91.11548  RMSG = 5.6781884e-02
 MIN: Iter =   37  NFunc =   482  E =     -91.12002  RMSG = 7.3450232e-02
 MIN: Iter =   38  NFunc =   508  E =     -91.12269  RMSG = 2.6724311e-02
 MIN: Iter =   39  NFunc =   526  E =     -91.12289  RMSG = 8.3855293e-03
 MIN: Iter =   40  NFunc =   533  E =     -91.12292  RMSG = 5.0309542e-03
 MIN: Iter =   41  NFunc =   553  E =     -91.12295  RMSG = 3.4001812e-03
 MIN: Iter =   42  NFunc =   565  E =     -91.12296  RMSG = 2.0817686e-03
 MIN: Iter =   43  NFunc =   578  E =     -91.12297  RMSG = 1.5224535e-03
 MIN: Iter =   44  NFunc =   609  E =     -91.12297  RMSG = 6.6570380e-04
 MIN: Iter =   45  NFunc =   629  E =     -91.12298  RMSG = 5.4472021e-04
 MIN: Iter =   46  NFunc =   655  E =     -91.12298  RMSG = 5.0642366e-04
 MIN: Iter =   47  NFunc =   664  E =     -91.12298  RMSG = 3.5349790e-04
----------------------------------------------------------------
 END:          :-)  E =     -91.12298  RMSG =   0.0003535

     bond:      0.752726010
    angle:      5.591771143
 dihedral:      4.797016456
    enb14:      2.881102009
    eel14:    -83.056229451
      enb:     -3.196398505
      eel:     59.268270133
      egb:    -78.161234666
    econs:      0.000000000
    esurf:      0.000000000
    Total:    -91.122976871
     frms:      0.000353498
====== rms.dat  ======================================================
#Frame      all_heavy
       1       0.8101
