====== tleap.out =====================================================
-I: Adding /home/case/amber24/dat/leap/prep to search path.
-I: Adding /home/case/amber24/dat/leap/lib to search path.
-I: Adding /home/case/amber24/dat/leap/parm to search path.
-I: Adding /home/case/amber24/dat/leap/cmd to search path.
-f: Source leap.in.

Welcome to LEaP!
(no leaprc in search path)
Sourcing: ./leap.in
Using Bondi radii
----- Source: /home/case/amber24/dat/leap/cmd/leaprc.gaff2
----- Source of /home/case/amber24/dat/leap/cmd/leaprc.gaff2 done
Log file: ./leap.log
Loading parameters: /home/case/amber24/dat/leap/parm/gaff2.dat
Reading title:
AMBER General Force Field for organic molecules (Version 2.2.20, March 2021)
Loading parameters: ./PQ6.frcmod
Reading force field modification type file (frcmod)
Reading title:
Remark line goes here
Loading Mol2 file: ./PQ6.mol2
Reading MOLECULE named PQ6
Checking Unit.
Building topology.
"order_residues" off: keep input residue order.
Building atom parameters.
Building bond parameters.
Building angle parameters.
Building proper torsion parameters.
Building improper torsion parameters.
 total 17 improper torsions applied
Building H-Bond parameters.
Incorporating Non-Bonded adjustments.
Not Marking per-residue atom chain types.
Marking per-residue atom chain types.
  (Residues lacking connect0/connect1 - 
   these don't have chain types marked:

	res	total affected

	PQ6	1
  )
 (no restraints)
	Quit

Exiting LEaP: Errors = 0; Warnings = 0; Notes = 0.
====== min.o =========================================================
Reading parm file (PQ6.parm7)
title:
PQ6                                                                             
no velocities were found
no velocities were found
	mm_options:  ntpr=5
	mm_options:  gb=1
	mm_options:  kappa=0.10395
	mm_options:  rgbmax=99.
	mm_options:  cut=99.0
	mm_options:  wcons=0.
     bond:      3.025557606
    angle:      4.415753316
 dihedral:     22.922236483
    enb14:     16.999032764
    eel14:     23.087913240
      enb:      1.296687554
      eel:    -32.732396996
      egb:    -22.953570251
    econs:      0.000000000
    esurf:      0.000000000
    Total:     16.061213714
     frms:     10.670988172
Starting TNCG minimisation
 MIN: Iter =    0  NFunc =     1  E =      16.06121  RMSG = 1.0670988e+01
 MIN: Iter =    1  NFunc =     7  E =       7.33466  RMSG = 3.4230386e+00
 MIN: Iter =    2  NFunc =    14  E =       5.37862  RMSG = 1.3198094e+00
 MIN: Iter =    3  NFunc =    36  E =       4.10101  RMSG = 1.4201249e+00
 MIN: Iter =    4  NFunc =    48  E =       3.36241  RMSG = 1.1696373e+00
 MIN: Iter =    5  NFunc =    57  E =       2.87717  RMSG = 1.0268680e+00
 MIN: Iter =    6  NFunc =    75  E =       2.24727  RMSG = 1.3158226e+00
 MIN: Iter =    7  NFunc =    83  E =       1.63049  RMSG = 1.3330888e+00
 MIN: Iter =    8  NFunc =    89  E =       1.11077  RMSG = 1.2092559e+00
 MIN: Iter =    9  NFunc =    95  E =       0.65511  RMSG = 8.8534479e-01
 MIN: Iter =   10  NFunc =   109  E =       0.00866  RMSG = 9.4315455e-01
 MIN: Iter =   11  NFunc =   157  E =      -0.68885  RMSG = 8.7303266e-01
 MIN: Iter =   12  NFunc =   183  E =      -1.33950  RMSG = 8.1429674e-01
 MIN: Iter =   13  NFunc =   195  E =      -1.82386  RMSG = 6.4986878e-01
 MIN: Iter =   14  NFunc =   201  E =      -2.16581  RMSG = 6.3594051e-01
 MIN: Iter =   15  NFunc =   207  E =      -2.37591  RMSG = 3.9131866e-01
 MIN: Iter =   16  NFunc =   237  E =      -2.67811  RMSG = 2.8313210e-01
 MIN: Iter =   17  NFunc =   255  E =      -2.86253  RMSG = 2.5637602e-01
 MIN: Iter =   18  NFunc =   267  E =      -2.96312  RMSG = 2.4835998e-01
 MIN: Iter =   19  NFunc =   318  E =      -3.11486  RMSG = 2.8785370e-01
 MIN: Iter =   20  NFunc =   327  E =      -3.17374  RMSG = 1.8908761e-01
 MIN: Iter =   21  NFunc =   345  E =      -3.24050  RMSG = 3.0176810e-01
 MIN: Iter =   22  NFunc =   351  E =      -3.25840  RMSG = 1.2717771e-01
 MIN: Iter =   23  NFunc =   396  E =      -3.31924  RMSG = 2.1972888e-01
 MIN: Iter =   24  NFunc =   404  E =      -3.33435  RMSG = 8.5759202e-02
 MIN: Iter =   25  NFunc =   424  E =      -3.35560  RMSG = 1.4302137e-01
 MIN: Iter =   26  NFunc =   451  E =      -3.37445  RMSG = 6.8911362e-02
 MIN: Iter =   27  NFunc =   476  E =      -3.38362  RMSG = 5.0844637e-02
 MIN: Iter =   28  NFunc =   487  E =      -3.38480  RMSG = 2.5024186e-02
 MIN: Iter =   29  NFunc =   497  E =      -3.38514  RMSG = 1.3372438e-02
 MIN: Iter =   30  NFunc =   510  E =      -3.38521  RMSG = 5.9013093e-03
 MIN: Iter =   31  NFunc =   520  E =      -3.38524  RMSG = 3.5219402e-03
 MIN: Iter =   32  NFunc =   538  E =      -3.38526  RMSG = 2.4942706e-03
 MIN: Iter =   33  NFunc =   558  E =      -3.38527  RMSG = 1.6962336e-03
 MIN: Iter =   34  NFunc =   609  E =      -3.38529  RMSG = 2.4406799e-03
 MIN: Iter =   35  NFunc =   652  E =      -3.38531  RMSG = 1.3471988e-03
 MIN: Iter =   36  NFunc =   660  E =      -3.38531  RMSG = 6.3348811e-04
 MIN: Iter =   37  NFunc =   696  E =      -3.38531  RMSG = 6.0288917e-04
 MIN: Iter =   38  NFunc =   714  E =      -3.38531  RMSG = 3.6637521e-04
----------------------------------------------------------------
 END:          :-)  E =      -3.38531  RMSG =   0.0003664

     bond:      2.576253139
    angle:      3.272402358
 dihedral:     10.094604620
    enb14:     13.365223487
    eel14:     18.064908913
      enb:     -3.299798908
      eel:    -19.094306519
      egb:    -28.364600567
    econs:      0.000000000
    esurf:      0.000000000
    Total:     -3.385313477
     frms:      0.000366375
====== rms.dat  ======================================================
#Frame      all_heavy
       1       0.9579
