====== tleap.out =====================================================
-I: Adding /home/case/amber24/dat/leap/prep to search path.
-I: Adding /home/case/amber24/dat/leap/lib to search path.
-I: Adding /home/case/amber24/dat/leap/parm to search path.
-I: Adding /home/case/amber24/dat/leap/cmd to search path.
-f: Source leap.in.

Welcome to LEaP!
(no leaprc in search path)
Sourcing: ./leap.in
Using Bondi radii
----- Source: /home/case/amber24/dat/leap/cmd/leaprc.gaff2
----- Source of /home/case/amber24/dat/leap/cmd/leaprc.gaff2 done
Log file: ./leap.log
Loading parameters: /home/case/amber24/dat/leap/parm/gaff2.dat
Reading title:
AMBER General Force Field for organic molecules (Version 2.2.20, March 2021)
Loading parameters: ./PTO.frcmod
Reading force field modification type file (frcmod)
Reading title:
Remark line goes here
Loading Mol2 file: ./PTO.mol2
Reading MOLECULE named PTO
Checking Unit.
Building topology.
"order_residues" off: keep input residue order.
Building atom parameters.
Building bond parameters.
Building angle parameters.
Building proper torsion parameters.
Building improper torsion parameters.
 total 0 improper torsions applied
Building H-Bond parameters.
Incorporating Non-Bonded adjustments.
Not Marking per-residue atom chain types.
Marking per-residue atom chain types.
  (Residues lacking connect0/connect1 - 
   these don't have chain types marked:

	res	total affected

	PTO	1
  )
 (no restraints)
	Quit

Exiting LEaP: Errors = 0; Warnings = 0; Notes = 0.
====== min.o =========================================================
Reading parm file (PTO.parm7)
title:
PTO                                                                             
no velocities were found
no velocities were found
	mm_options:  ntpr=5
	mm_options:  gb=1
	mm_options:  kappa=0.10395
	mm_options:  rgbmax=99.
	mm_options:  cut=99.0
	mm_options:  wcons=0.
     bond:      0.388883928
    angle:      1.556323947
 dihedral:      9.561164424
    enb14:      7.488440097
    eel14:    -73.567353320
      enb:     -0.841444290
      eel:     49.749933116
      egb:     -8.415754140
    econs:      0.000000000
    esurf:      0.000000000
    Total:    -14.079806238
     frms:      6.178247845
Starting TNCG minimisation
 MIN: Iter =    0  NFunc =     1  E =     -14.07981  RMSG = 6.1782478e+00
 MIN: Iter =    1  NFunc =     7  E =     -18.06797  RMSG = 1.7533067e+00
 MIN: Iter =    2  NFunc =    13  E =     -18.40630  RMSG = 5.5777342e-01
 MIN: Iter =    3  NFunc =    21  E =     -18.45175  RMSG = 2.0358845e-01
 MIN: Iter =    4  NFunc =    27  E =     -18.45621  RMSG = 6.1882196e-02
 MIN: Iter =    5  NFunc =    36  E =     -18.45753  RMSG = 3.2802513e-02
 MIN: Iter =    6  NFunc =    51  E =     -18.45848  RMSG = 3.4764692e-02
 MIN: Iter =    7  NFunc =    58  E =     -18.45855  RMSG = 6.2941481e-03
 MIN: Iter =    8  NFunc =    74  E =     -18.45858  RMSG = 4.0833621e-03
 MIN: Iter =    9  NFunc =    81  E =     -18.45858  RMSG = 1.2401118e-03
 MIN: Iter =   10  NFunc =    96  E =     -18.45859  RMSG = 5.5308039e-04
 MIN: Iter =   11  NFunc =   102  E =     -18.45859  RMSG = 2.5084749e-04
----------------------------------------------------------------
 END:          :-)  E =     -18.45859  RMSG =   0.0002508

     bond:      0.746782329
    angle:      0.953104759
 dihedral:      9.112852439
    enb14:      4.739299038
    eel14:    -72.527551500
      enb:     -1.261760881
      eel:     48.840487058
      egb:     -9.061798537
    econs:      0.000000000
    esurf:      0.000000000
    Total:    -18.458585295
     frms:      0.000250847
====== rms.dat  ======================================================
#Frame      all_heavy
       1       0.0529
