====== tleap.out =====================================================
-I: Adding /home/case/amber24/dat/leap/prep to search path.
-I: Adding /home/case/amber24/dat/leap/lib to search path.
-I: Adding /home/case/amber24/dat/leap/parm to search path.
-I: Adding /home/case/amber24/dat/leap/cmd to search path.
-f: Source leap.in.

Welcome to LEaP!
(no leaprc in search path)
Sourcing: ./leap.in
Using Bondi radii
----- Source: /home/case/amber24/dat/leap/cmd/leaprc.gaff2
----- Source of /home/case/amber24/dat/leap/cmd/leaprc.gaff2 done
Log file: ./leap.log
Loading parameters: /home/case/amber24/dat/leap/parm/gaff2.dat
Reading title:
AMBER General Force Field for organic molecules (Version 2.2.20, March 2021)
Loading parameters: ./PVB.frcmod
Reading force field modification type file (frcmod)
Reading title:
Remark line goes here
Loading Mol2 file: ./PVB.mol2
Reading MOLECULE named PVB
Checking Unit.

/home/case/amber24/bin/teLeap: Warning!
The unperturbed charge of the unit (-1.000000) is not zero.

/home/case/amber24/bin/teLeap: Note.
Ignoring the warning from Unit Checking.

Building topology.
"order_residues" off: keep input residue order.
Building atom parameters.
Building bond parameters.
Building angle parameters.
Building proper torsion parameters.
Building improper torsion parameters.
 total 15 improper torsions applied
Building H-Bond parameters.
Incorporating Non-Bonded adjustments.
Not Marking per-residue atom chain types.
Marking per-residue atom chain types.
  (Residues lacking connect0/connect1 - 
   these don't have chain types marked:

	res	total affected

	PVB	1
  )
 (no restraints)
	Quit

Exiting LEaP: Errors = 0; Warnings = 1; Notes = 1.
====== min.o =========================================================
Reading parm file (PVB.parm7)
title:
PVB                                                                             
no velocities were found
no velocities were found
	mm_options:  ntpr=5
	mm_options:  gb=1
	mm_options:  kappa=0.10395
	mm_options:  rgbmax=99.
	mm_options:  cut=99.0
	mm_options:  wcons=0.
     bond:      3.813858944
    angle:     19.994350962
 dihedral:      3.746962590
    enb14:     15.555196593
    eel14:   -178.048581696
      enb:      1.539027636
      eel:     60.087614908
      egb:    -88.240693800
    econs:      0.000000000
    esurf:      0.000000000
    Total:   -161.552263864
     frms:     11.370519486
Starting TNCG minimisation
 MIN: Iter =    0  NFunc =     1  E =    -161.55226  RMSG = 1.1370519e+01
 MIN: Iter =    1  NFunc =     7  E =    -174.60224  RMSG = 2.7584926e+00
 MIN: Iter =    2  NFunc =    15  E =    -177.43041  RMSG = 1.1975721e+00
 MIN: Iter =    3  NFunc =    30  E =    -178.62351  RMSG = 1.3781376e+00
 MIN: Iter =    4  NFunc =    42  E =    -179.11199  RMSG = 7.1101711e-01
 MIN: Iter =    5  NFunc =    49  E =    -179.33073  RMSG = 5.4426411e-01
 MIN: Iter =    6  NFunc =    57  E =    -179.46248  RMSG = 3.0658217e-01
 MIN: Iter =    7  NFunc =    82  E =    -179.58230  RMSG = 4.0618116e-01
 MIN: Iter =    8  NFunc =   133  E =    -179.74315  RMSG = 5.3382331e-01
 MIN: Iter =    9  NFunc =   139  E =    -179.80095  RMSG = 2.3294218e-01
 MIN: Iter =   10  NFunc =   153  E =    -179.87506  RMSG = 4.4362198e-01
 MIN: Iter =   11  NFunc =   165  E =    -179.92385  RMSG = 1.8225419e-01
 MIN: Iter =   12  NFunc =   175  E =    -179.93776  RMSG = 1.0128223e-01
 MIN: Iter =   13  NFunc =   191  E =    -179.94712  RMSG = 5.9607453e-02
 MIN: Iter =   14  NFunc =   242  E =    -179.97101  RMSG = 1.6073847e-01
 MIN: Iter =   15  NFunc =   248  E =    -179.97573  RMSG = 6.5508547e-02
 MIN: Iter =   16  NFunc =   299  E =    -179.98708  RMSG = 2.3849531e-01
 MIN: Iter =   17  NFunc =   305  E =    -179.99377  RMSG = 8.0818828e-02
 MIN: Iter =   18  NFunc =   357  E =    -180.00581  RMSG = 1.2050481e-01
 MIN: Iter =   19  NFunc =   385  E =    -180.01903  RMSG = 1.9081502e-01
 MIN: Iter =   20  NFunc =   391  E =    -180.02434  RMSG = 6.3159899e-02
 MIN: Iter =   21  NFunc =   426  E =    -180.03875  RMSG = 2.9329174e-01
 MIN: Iter =   22  NFunc =   432  E =    -180.05248  RMSG = 6.6627305e-02
 MIN: Iter =   23  NFunc =   465  E =    -180.07176  RMSG = 2.9996872e-01
 MIN: Iter =   24  NFunc =   471  E =    -180.08513  RMSG = 5.8360309e-02
 MIN: Iter =   25  NFunc =   505  E =    -180.10525  RMSG = 3.2631863e-01
 MIN: Iter =   26  NFunc =   512  E =    -180.12675  RMSG = 1.0226205e-01
 MIN: Iter =   27  NFunc =   519  E =    -180.13649  RMSG = 1.1388681e-01
 MIN: Iter =   28  NFunc =   526  E =    -180.14713  RMSG = 1.3103732e-01
 MIN: Iter =   29  NFunc =   532  E =    -180.15328  RMSG = 5.1386947e-02
 MIN: Iter =   30  NFunc =   567  E =    -180.16898  RMSG = 1.2570554e-01
 MIN: Iter =   31  NFunc =   618  E =    -180.18581  RMSG = 1.4146337e-01
 MIN: Iter =   32  NFunc =   624  E =    -180.18881  RMSG = 5.3307001e-02
 MIN: Iter =   33  NFunc =   662  E =    -180.19506  RMSG = 7.4591990e-02
 MIN: Iter =   34  NFunc =   668  E =    -180.19580  RMSG = 2.5644505e-02
 MIN: Iter =   35  NFunc =   699  E =    -180.19747  RMSG = 1.7565132e-02
 MIN: Iter =   36  NFunc =   723  E =    -180.19792  RMSG = 9.8214376e-03
 MIN: Iter =   37  NFunc =   752  E =    -180.19816  RMSG = 5.8267266e-03
 MIN: Iter =   38  NFunc =   797  E =    -180.19828  RMSG = 3.1003704e-03
 MIN: Iter =   39  NFunc =   829  E =    -180.19831  RMSG = 2.0063019e-03
 MIN: Iter =   40  NFunc =   858  E =    -180.19832  RMSG = 1.1568496e-03
 MIN: Iter =   41  NFunc =   896  E =    -180.19833  RMSG = 8.8409103e-04
 MIN: Iter =   42  NFunc =   924  E =    -180.19833  RMSG = 3.6600455e-04
----------------------------------------------------------------
 END:          :-)  E =    -180.19833  RMSG =   0.0003660

     bond:      2.275940607
    angle:     15.113566296
 dihedral:      6.474299458
    enb14:     11.201058317
    eel14:   -176.750994345
      enb:     -5.823601617
      eel:     58.505331687
      egb:    -91.193934285
    econs:      0.000000000
    esurf:      0.000000000
    Total:   -180.198333882
     frms:      0.000366005
====== rms.dat  ======================================================
#Frame      all_heavy
       1       0.4545
