====== tleap.out =====================================================
-I: Adding /home/case/amber24/dat/leap/prep to search path.
-I: Adding /home/case/amber24/dat/leap/lib to search path.
-I: Adding /home/case/amber24/dat/leap/parm to search path.
-I: Adding /home/case/amber24/dat/leap/cmd to search path.
-f: Source leap.in.

Welcome to LEaP!
(no leaprc in search path)
Sourcing: ./leap.in
Using Bondi radii
----- Source: /home/case/amber24/dat/leap/cmd/leaprc.gaff2
----- Source of /home/case/amber24/dat/leap/cmd/leaprc.gaff2 done
Log file: ./leap.log
Loading parameters: /home/case/amber24/dat/leap/parm/gaff2.dat
Reading title:
AMBER General Force Field for organic molecules (Version 2.2.20, March 2021)
Loading parameters: ./PWG.frcmod
Reading force field modification type file (frcmod)
Reading title:
Remark line goes here
Loading Mol2 file: ./PWG.mol2
Reading MOLECULE named PWG
Checking Unit.
Building topology.
"order_residues" off: keep input residue order.
Building atom parameters.
Building bond parameters.
Building angle parameters.
Building proper torsion parameters.
Building improper torsion parameters.
 total 7 improper torsions applied
Building H-Bond parameters.
Incorporating Non-Bonded adjustments.
Not Marking per-residue atom chain types.
Marking per-residue atom chain types.
  (Residues lacking connect0/connect1 - 
   these don't have chain types marked:

	res	total affected

	PWG	1
  )
 (no restraints)
	Quit

Exiting LEaP: Errors = 0; Warnings = 0; Notes = 0.
====== min.o =========================================================
Reading parm file (PWG.parm7)
title:
PWG                                                                             
no velocities were found
no velocities were found
	mm_options:  ntpr=5
	mm_options:  gb=1
	mm_options:  kappa=0.10395
	mm_options:  rgbmax=99.
	mm_options:  cut=99.0
	mm_options:  wcons=0.
     bond:      1.210402427
    angle:     25.234313689
 dihedral:      0.014113498
    enb14:      5.594260693
    eel14:      8.212412254
      enb:     -1.053657016
      eel:      1.220631657
      egb:     -9.887217753
    econs:      0.000000000
    esurf:      0.000000000
    Total:     30.545259449
     frms:     20.696684584
Starting TNCG minimisation
 MIN: Iter =    0  NFunc =     1  E =      30.54526  RMSG = 2.0696685e+01
 MIN: Iter =    1  NFunc =     7  E =      21.25425  RMSG = 3.1835674e+00
 MIN: Iter =    2  NFunc =    13  E =      20.46186  RMSG = 1.1133697e+00
 MIN: Iter =    3  NFunc =    22  E =      20.31531  RMSG = 3.1488312e-01
 MIN: Iter =    4  NFunc =    44  E =      20.26306  RMSG = 3.6697259e-01
 MIN: Iter =    5  NFunc =    50  E =      20.22105  RMSG = 5.5411807e-01
 MIN: Iter =    6  NFunc =    56  E =      20.18983  RMSG = 1.8739103e-01
 MIN: Iter =    7  NFunc =    62  E =      20.17839  RMSG = 2.7218371e-01
 MIN: Iter =    8  NFunc =    68  E =      20.17325  RMSG = 9.4827018e-02
 MIN: Iter =    9  NFunc =    76  E =      20.16831  RMSG = 2.0504573e-01
 MIN: Iter =   10  NFunc =    95  E =      20.16176  RMSG = 5.3418090e-02
 MIN: Iter =   11  NFunc =   105  E =      20.16117  RMSG = 2.3863369e-02
 MIN: Iter =   12  NFunc =   130  E =      20.16056  RMSG = 2.1272227e-02
 MIN: Iter =   13  NFunc =   139  E =      20.16046  RMSG = 1.2069876e-02
 MIN: Iter =   14  NFunc =   150  E =      20.16041  RMSG = 6.4615469e-03
 MIN: Iter =   15  NFunc =   164  E =      20.16040  RMSG = 3.7030711e-03
 MIN: Iter =   16  NFunc =   183  E =      20.16037  RMSG = 3.0417289e-03
 MIN: Iter =   17  NFunc =   201  E =      20.16036  RMSG = 1.9628116e-03
 MIN: Iter =   18  NFunc =   212  E =      20.16036  RMSG = 9.1829073e-04
 MIN: Iter =   19  NFunc =   236  E =      20.16036  RMSG = 3.4415283e-04
----------------------------------------------------------------
 END:          :-)  E =      20.16036  RMSG =   0.0003442

     bond:      1.418210939
    angle:     16.956543501
 dihedral:      0.024398194
    enb14:      4.015786893
    eel14:      8.183778560
      enb:     -1.483983643
      eel:      1.619144015
      egb:    -10.573521482
    econs:      0.000000000
    esurf:      0.000000000
    Total:     20.160356977
     frms:      0.000344153
====== rms.dat  ======================================================
#Frame      all_heavy
       1       0.1653
