====== tleap.out =====================================================
-I: Adding /home/case/amber24/dat/leap/prep to search path.
-I: Adding /home/case/amber24/dat/leap/lib to search path.
-I: Adding /home/case/amber24/dat/leap/parm to search path.
-I: Adding /home/case/amber24/dat/leap/cmd to search path.
-f: Source leap.in.

Welcome to LEaP!
(no leaprc in search path)
Sourcing: ./leap.in
Using Bondi radii
----- Source: /home/case/amber24/dat/leap/cmd/leaprc.gaff2
----- Source of /home/case/amber24/dat/leap/cmd/leaprc.gaff2 done
Log file: ./leap.log
Loading parameters: /home/case/amber24/dat/leap/parm/gaff2.dat
Reading title:
AMBER General Force Field for organic molecules (Version 2.2.20, March 2021)
Loading parameters: ./PXY.frcmod
Reading force field modification type file (frcmod)
Reading title:
Remark line goes here
Loading Mol2 file: ./PXY.mol2
Reading MOLECULE named PXY
Checking Unit.
Building topology.
"order_residues" off: keep input residue order.
Building atom parameters.
Building bond parameters.
Building angle parameters.
Building proper torsion parameters.
Building improper torsion parameters.
 total 6 improper torsions applied
Building H-Bond parameters.
Incorporating Non-Bonded adjustments.
Not Marking per-residue atom chain types.
Marking per-residue atom chain types.
  (Residues lacking connect0/connect1 - 
   these don't have chain types marked:

	res	total affected

	PXY	1
  )
 (no restraints)
	Quit

Exiting LEaP: Errors = 0; Warnings = 0; Notes = 0.
====== min.o =========================================================
Reading parm file (PXY.parm7)
title:
PXY                                                                             
no velocities were found
no velocities were found
	mm_options:  ntpr=5
	mm_options:  gb=1
	mm_options:  kappa=0.10395
	mm_options:  rgbmax=99.
	mm_options:  cut=99.0
	mm_options:  wcons=0.
     bond:      0.282354176
    angle:      0.403315512
 dihedral:      0.043697225
    enb14:      3.739034138
    eel14:     -6.496987343
      enb:     -0.578989795
      eel:      2.677282269
      egb:     -2.737398785
    econs:      0.000000000
    esurf:      0.000000000
    Total:     -2.667692603
     frms:      5.187837072
Starting TNCG minimisation
 MIN: Iter =    0  NFunc =     1  E =      -2.66769  RMSG = 5.1878371e+00
 MIN: Iter =    1  NFunc =     7  E =      -3.80507  RMSG = 4.9351731e-01
 MIN: Iter =    2  NFunc =    13  E =      -3.84630  RMSG = 1.1588861e-01
 MIN: Iter =    3  NFunc =    19  E =      -3.84886  RMSG = 6.6414152e-02
 MIN: Iter =    4  NFunc =    25  E =      -3.84934  RMSG = 2.8547059e-02
 MIN: Iter =    5  NFunc =    31  E =      -3.84940  RMSG = 8.5806591e-03
 MIN: Iter =    6  NFunc =    43  E =      -3.84951  RMSG = 6.8361460e-03
 MIN: Iter =    7  NFunc =    62  E =      -3.85008  RMSG = 4.1695944e-02
 MIN: Iter =    8  NFunc =    68  E =      -3.85057  RMSG = 7.5333337e-02
 MIN: Iter =    9  NFunc =    74  E =      -3.85093  RMSG = 1.8527283e-02
 MIN: Iter =   10  NFunc =    80  E =      -3.85104  RMSG = 3.5876957e-02
 MIN: Iter =   11  NFunc =    86  E =      -3.85110  RMSG = 6.2942866e-03
 MIN: Iter =   12  NFunc =    93  E =      -3.85111  RMSG = 4.8767368e-03
 MIN: Iter =   13  NFunc =   101  E =      -3.85112  RMSG = 2.2012941e-03
 MIN: Iter =   14  NFunc =   107  E =      -3.85112  RMSG = 6.5652152e-04
 MIN: Iter =   15  NFunc =   133  E =      -3.85112  RMSG = 2.1954206e-03
 MIN: Iter =   16  NFunc =   139  E =      -3.85112  RMSG = 6.4156865e-04
 MIN: Iter =   17  NFunc =   168  E =      -3.85113  RMSG = 1.5537939e-03
 MIN: Iter =   18  NFunc =   174  E =      -3.85113  RMSG = 3.5144029e-04
----------------------------------------------------------------
 END:          :-)  E =      -3.85113  RMSG =   0.0003514

     bond:      0.174016234
    angle:      0.087029976
 dihedral:      0.001277517
    enb14:      3.067252528
    eel14:     -6.460955531
      enb:     -0.581880574
      eel:      2.671711270
      egb:     -2.809579580
    econs:      0.000000000
    esurf:      0.000000000
    Total:     -3.851128161
     frms:      0.000351440
====== rms.dat  ======================================================
#Frame      all_heavy
       1       0.0210
