====== tleap.out =====================================================
-I: Adding /home/case/amber24/dat/leap/prep to search path.
-I: Adding /home/case/amber24/dat/leap/lib to search path.
-I: Adding /home/case/amber24/dat/leap/parm to search path.
-I: Adding /home/case/amber24/dat/leap/cmd to search path.
-f: Source leap.in.

Welcome to LEaP!
(no leaprc in search path)
Sourcing: ./leap.in
Using Bondi radii
----- Source: /home/case/amber24/dat/leap/cmd/leaprc.gaff2
----- Source of /home/case/amber24/dat/leap/cmd/leaprc.gaff2 done
Log file: ./leap.log
Loading parameters: /home/case/amber24/dat/leap/parm/gaff2.dat
Reading title:
AMBER General Force Field for organic molecules (Version 2.2.20, March 2021)
Loading parameters: ./PZI.frcmod
Reading force field modification type file (frcmod)
Reading title:
Remark line goes here
Loading Mol2 file: ./PZI.mol2
Reading MOLECULE named PZI
Checking Unit.
Building topology.
"order_residues" off: keep input residue order.
Building atom parameters.
Building bond parameters.
Building angle parameters.
Building proper torsion parameters.
Building improper torsion parameters.
 total 4 improper torsions applied
Building H-Bond parameters.
Incorporating Non-Bonded adjustments.
Not Marking per-residue atom chain types.
Marking per-residue atom chain types.
  (Residues lacking connect0/connect1 - 
   these don't have chain types marked:

	res	total affected

	PZI	1
  )
 (no restraints)
	Quit

Exiting LEaP: Errors = 0; Warnings = 0; Notes = 0.
====== min.o =========================================================
Reading parm file (PZI.parm7)
title:
PZI                                                                             
no velocities were found
no velocities were found
	mm_options:  ntpr=5
	mm_options:  gb=1
	mm_options:  kappa=0.10395
	mm_options:  rgbmax=99.
	mm_options:  cut=99.0
	mm_options:  wcons=0.
     bond:      1.909674915
    angle:      2.429568542
 dihedral:     43.921152599
    enb14:      1.458849926
    eel14:     27.097868403
      enb:     -1.246798126
      eel:    -65.941416775
      egb:    -20.909187055
    econs:      0.000000000
    esurf:      0.000000000
    Total:    -11.280287569
     frms:      9.909760355
Starting TNCG minimisation
 MIN: Iter =    0  NFunc =     1  E =     -11.28029  RMSG = 9.9097604e+00
 MIN: Iter =    1  NFunc =     7  E =     -15.92796  RMSG = 3.2993945e+00
 MIN: Iter =    2  NFunc =    26  E =     -17.43191  RMSG = 3.1484986e+00
 MIN: Iter =    3  NFunc =    35  E =     -18.43531  RMSG = 2.1110094e+00
 MIN: Iter =    4  NFunc =    41  E =     -18.58836  RMSG = 3.0600514e-01
 MIN: Iter =    5  NFunc =    65  E =     -18.71686  RMSG = 8.3721354e-01
 MIN: Iter =    6  NFunc =    71  E =     -18.74830  RMSG = 2.0431957e-01
 MIN: Iter =    7  NFunc =    88  E =     -18.77190  RMSG = 1.9969145e-01
 MIN: Iter =    8  NFunc =    95  E =     -18.77485  RMSG = 6.9955071e-02
 MIN: Iter =    9  NFunc =   116  E =     -18.78446  RMSG = 1.3080596e-01
 MIN: Iter =   10  NFunc =   124  E =     -18.78585  RMSG = 4.2098377e-02
 MIN: Iter =   11  NFunc =   133  E =     -18.78621  RMSG = 2.0281546e-02
 MIN: Iter =   12  NFunc =   152  E =     -18.78634  RMSG = 7.2507471e-03
 MIN: Iter =   13  NFunc =   161  E =     -18.78637  RMSG = 5.8745160e-03
 MIN: Iter =   14  NFunc =   169  E =     -18.78638  RMSG = 3.1201602e-03
 MIN: Iter =   15  NFunc =   175  E =     -18.78638  RMSG = 2.2578018e-03
 MIN: Iter =   16  NFunc =   183  E =     -18.78638  RMSG = 9.2477151e-04
 MIN: Iter =   17  NFunc =   211  E =     -18.78638  RMSG = 4.7298989e-04
----------------------------------------------------------------
 END:          :-)  E =     -18.78638  RMSG =   0.0004730

     bond:      0.399549390
    angle:      3.581012506
 dihedral:     39.580185101
    enb14:      0.691178023
    eel14:     23.906981072
      enb:     -1.520668987
      eel:    -64.136552393
      egb:    -21.288063162
    econs:      0.000000000
    esurf:      0.000000000
    Total:    -18.786378451
     frms:      0.000472990
====== rms.dat  ======================================================
#Frame      all_heavy
       1       0.1761
