====== tleap.out =====================================================
-I: Adding /home/case/amber24/dat/leap/prep to search path.
-I: Adding /home/case/amber24/dat/leap/lib to search path.
-I: Adding /home/case/amber24/dat/leap/parm to search path.
-I: Adding /home/case/amber24/dat/leap/cmd to search path.
-f: Source leap.in.

Welcome to LEaP!
(no leaprc in search path)
Sourcing: ./leap.in
Using Bondi radii
----- Source: /home/case/amber24/dat/leap/cmd/leaprc.gaff2
----- Source of /home/case/amber24/dat/leap/cmd/leaprc.gaff2 done
Log file: ./leap.log
Loading parameters: /home/case/amber24/dat/leap/parm/gaff2.dat
Reading title:
AMBER General Force Field for organic molecules (Version 2.2.20, March 2021)
Loading parameters: ./Q6S.frcmod
Reading force field modification type file (frcmod)
Reading title:
Remark line goes here
Loading Mol2 file: ./Q6S.mol2
Reading MOLECULE named Q6S
Checking Unit.
Building topology.
"order_residues" off: keep input residue order.
Building atom parameters.
Building bond parameters.
Building angle parameters.
Building proper torsion parameters.
Building improper torsion parameters.
 total 25 improper torsions applied
Building H-Bond parameters.
Incorporating Non-Bonded adjustments.
Not Marking per-residue atom chain types.
Marking per-residue atom chain types.
  (Residues lacking connect0/connect1 - 
   these don't have chain types marked:

	res	total affected

	Q6S	1
  )
 (no restraints)
	Quit

Exiting LEaP: Errors = 0; Warnings = 0; Notes = 0.
====== min.o =========================================================
Reading parm file (Q6S.parm7)
title:
Q6S                                                                             
no velocities were found
no velocities were found
	mm_options:  ntpr=5
	mm_options:  gb=1
	mm_options:  kappa=0.10395
	mm_options:  rgbmax=99.
	mm_options:  cut=99.0
	mm_options:  wcons=0.
     bond:      2.872193451
    angle:     10.867088987
 dihedral:     15.135575994
    enb14:     17.190869249
    eel14:   -116.954474763
      enb:     -4.652925994
      eel:    -26.013571955
      egb:    -34.703190508
    econs:      0.000000000
    esurf:      0.000000000
    Total:   -136.258435539
     frms:      8.388962081
Starting TNCG minimisation
 MIN: Iter =    0  NFunc =     1  E =    -136.25844  RMSG = 8.3889621e+00
 MIN: Iter =    1  NFunc =     7  E =    -145.68120  RMSG = 2.5685429e+00
 MIN: Iter =    2  NFunc =    14  E =    -147.97568  RMSG = 1.0909837e+00
 MIN: Iter =    3  NFunc =    24  E =    -148.75204  RMSG = 5.7436651e-01
 MIN: Iter =    4  NFunc =    59  E =    -149.30231  RMSG = 1.0690387e+00
 MIN: Iter =    5  NFunc =    68  E =    -149.64408  RMSG = 4.9857468e-01
 MIN: Iter =    6  NFunc =    80  E =    -149.94984  RMSG = 8.4304481e-01
 MIN: Iter =    7  NFunc =    86  E =    -150.11231  RMSG = 3.6649123e-01
 MIN: Iter =    8  NFunc =   100  E =    -150.32180  RMSG = 6.6559257e-01
 MIN: Iter =    9  NFunc =   122  E =    -150.65907  RMSG = 4.7761785e-01
 MIN: Iter =   10  NFunc =   132  E =    -150.86257  RMSG = 3.5858596e-01
 MIN: Iter =   11  NFunc =   138  E =    -150.94864  RMSG = 2.5201128e-01
 MIN: Iter =   12  NFunc =   150  E =    -151.00213  RMSG = 1.3215240e-01
 MIN: Iter =   13  NFunc =   201  E =    -151.13520  RMSG = 2.7863259e-01
 MIN: Iter =   14  NFunc =   232  E =    -151.24714  RMSG = 2.9577549e-01
 MIN: Iter =   15  NFunc =   249  E =    -151.32980  RMSG = 2.1925518e-01
 MIN: Iter =   16  NFunc =   260  E =    -151.38037  RMSG = 1.9572957e-01
 MIN: Iter =   17  NFunc =   268  E =    -151.41015  RMSG = 1.3774529e-01
 MIN: Iter =   18  NFunc =   293  E =    -151.46625  RMSG = 2.6958015e-01
 MIN: Iter =   19  NFunc =   308  E =    -151.52481  RMSG = 1.8023659e-01
 MIN: Iter =   20  NFunc =   322  E =    -151.56948  RMSG = 2.0393385e-01
 MIN: Iter =   21  NFunc =   338  E =    -151.61522  RMSG = 1.4618731e-01
 MIN: Iter =   22  NFunc =   352  E =    -151.63631  RMSG = 9.2819951e-02
 MIN: Iter =   23  NFunc =   390  E =    -151.67935  RMSG = 1.9280004e-01
 MIN: Iter =   24  NFunc =   397  E =    -151.69689  RMSG = 1.1038068e-01
 MIN: Iter =   25  NFunc =   419  E =    -151.72425  RMSG = 1.8883090e-01
 MIN: Iter =   26  NFunc =   426  E =    -151.73551  RMSG = 7.2534046e-02
 MIN: Iter =   27  NFunc =   450  E =    -151.75129  RMSG = 1.9262982e-01
 MIN: Iter =   28  NFunc =   456  E =    -151.75902  RMSG = 5.3420343e-02
 MIN: Iter =   29  NFunc =   507  E =    -151.77720  RMSG = 1.8125190e-01
 MIN: Iter =   30  NFunc =   514  E =    -151.79003  RMSG = 8.3071453e-02
 MIN: Iter =   31  NFunc =   531  E =    -151.79970  RMSG = 1.7269335e-01
 MIN: Iter =   32  NFunc =   537  E =    -151.80615  RMSG = 6.2808050e-02
 MIN: Iter =   33  NFunc =   564  E =    -151.81340  RMSG = 6.4233313e-02
 MIN: Iter =   34  NFunc =   574  E =    -151.81507  RMSG = 2.9148346e-02
 MIN: Iter =   35  NFunc =   626  E =    -151.82232  RMSG = 4.6982882e-02
 MIN: Iter =   36  NFunc =   654  E =    -151.82879  RMSG = 6.7533574e-02
 MIN: Iter =   37  NFunc =   674  E =    -151.83598  RMSG = 1.2780536e-01
 MIN: Iter =   38  NFunc =   681  E =    -151.84014  RMSG = 4.1769462e-02
 MIN: Iter =   39  NFunc =   712  E =    -151.84361  RMSG = 3.8758004e-02
 MIN: Iter =   40  NFunc =   742  E =    -151.84761  RMSG = 4.5952293e-02
 MIN: Iter =   41  NFunc =   766  E =    -151.85205  RMSG = 5.5018887e-02
 MIN: Iter =   42  NFunc =   773  E =    -151.85527  RMSG = 4.8291613e-02
 MIN: Iter =   43  NFunc =   795  E =    -151.85863  RMSG = 4.3691868e-02
 MIN: Iter =   44  NFunc =   811  E =    -151.86197  RMSG = 6.7744190e-02
 MIN: Iter =   45  NFunc =   821  E =    -151.86427  RMSG = 1.9179682e-02
 MIN: Iter =   46  NFunc =   872  E =    -151.87019  RMSG = 1.5348610e-01
 MIN: Iter =   47  NFunc =   879  E =    -151.87656  RMSG = 5.0802280e-02
 MIN: Iter =   48  NFunc =   930  E =    -151.88721  RMSG = 1.7160815e-01
 MIN: Iter =   49  NFunc =   936  E =    -151.89368  RMSG = 6.3793137e-02
 MIN: Iter =   50  NFunc =   987  E =    -151.90784  RMSG = 2.2412409e-01
 MIN: Iter =   51  NFunc =   993  E =    -151.92024  RMSG = 7.8086193e-02
 MIN: Iter =   52  NFunc =  1009  E =    -151.92785  RMSG = 1.0442968e-01
 MIN: Iter =   53  NFunc =  1024  E =    -151.93471  RMSG = 4.5814052e-02
 MIN: Iter =   54  NFunc =  1049  E =    -151.94197  RMSG = 8.1289519e-02
 MIN: Iter =   55  NFunc =  1056  E =    -151.94474  RMSG = 3.7220935e-02
 MIN: Iter =   56  NFunc =  1078  E =    -151.94833  RMSG = 1.1646022e-01
 MIN: Iter =   57  NFunc =  1084  E =    -151.95122  RMSG = 3.6778455e-02
 MIN: Iter =   58  NFunc =  1095  E =    -151.95204  RMSG = 1.9216500e-02
 MIN: Iter =   59  NFunc =  1127  E =    -151.95499  RMSG = 4.4136009e-02
 MIN: Iter =   60  NFunc =  1133  E =    -151.95580  RMSG = 2.5871300e-02
 MIN: Iter =   61  NFunc =  1149  E =    -151.95743  RMSG = 4.5279122e-02
 MIN: Iter =   62  NFunc =  1155  E =    -151.95793  RMSG = 1.4531995e-02
 MIN: Iter =   63  NFunc =  1171  E =    -151.95830  RMSG = 9.1051029e-03
 MIN: Iter =   64  NFunc =  1185  E =    -151.95851  RMSG = 8.3462647e-03
 MIN: Iter =   65  NFunc =  1220  E =    -151.95880  RMSG = 5.7717700e-03
 MIN: Iter =   66  NFunc =  1271  E =    -151.95928  RMSG = 1.3995236e-02
 MIN: Iter =   67  NFunc =  1299  E =    -151.95995  RMSG = 1.8627670e-02
 MIN: Iter =   68  NFunc =  1316  E =    -151.96021  RMSG = 7.0772035e-03
 MIN: Iter =   69  NFunc =  1340  E =    -151.96037  RMSG = 4.6267627e-03
 MIN: Iter =   70  NFunc =  1391  E =    -151.96047  RMSG = 5.7094134e-03
 MIN: Iter =   71  NFunc =  1400  E =    -151.96049  RMSG = 2.5180567e-03
 MIN: Iter =   72  NFunc =  1414  E =    -151.96049  RMSG = 1.2528439e-03
 MIN: Iter =   73  NFunc =  1465  E =    -151.96052  RMSG = 3.3183610e-03
 MIN: Iter =   74  NFunc =  1498  E =    -151.96058  RMSG = 2.7773063e-03
 MIN: Iter =   75  NFunc =  1549  E =    -151.96066  RMSG = 2.7253004e-03
 MIN: Iter =   76  NFunc =  1590  E =    -151.96070  RMSG = 1.8391667e-03
 MIN: Iter =   77  NFunc =  1641  E =    -151.96073  RMSG = 1.8070546e-03
 MIN: Iter =   78  NFunc =  1675  E =    -151.96076  RMSG = 1.8695330e-03
 MIN: Iter =   79  NFunc =  1717  E =    -151.96078  RMSG = 1.2104622e-03
 MIN: Iter =   80  NFunc =  1768  E =    -151.96080  RMSG = 2.2371339e-03
 MIN: Iter =   81  NFunc =  1789  E =    -151.96082  RMSG = 1.8088074e-03
 MIN: Iter =   82  NFunc =  1824  E =    -151.96084  RMSG = 1.1179115e-03
 MIN: Iter =   83  NFunc =  1875  E =    -151.96084  RMSG = 5.7244740e-04
 MIN: Iter =   84  NFunc =  1896  E =    -151.96084  RMSG = 3.0818235e-04
----------------------------------------------------------------
 END:          :-)  E =    -151.96084  RMSG =   0.0003082

     bond:      2.068236812
    angle:      8.314626016
 dihedral:     10.453223848
    enb14:     12.442393328
    eel14:   -118.024558444
      enb:     -5.786927051
      eel:    -25.742893369
      egb:    -35.684943075
    econs:      0.000000000
    esurf:      0.000000000
    Total:   -151.960841935
     frms:      0.000308182
====== rms.dat  ======================================================
#Frame      all_heavy
       1       1.0592
