====== tleap.out =====================================================
-I: Adding /home/case/amber24/dat/leap/prep to search path.
-I: Adding /home/case/amber24/dat/leap/lib to search path.
-I: Adding /home/case/amber24/dat/leap/parm to search path.
-I: Adding /home/case/amber24/dat/leap/cmd to search path.
-f: Source leap.in.

Welcome to LEaP!
(no leaprc in search path)
Sourcing: ./leap.in
Using Bondi radii
----- Source: /home/case/amber24/dat/leap/cmd/leaprc.gaff2
----- Source of /home/case/amber24/dat/leap/cmd/leaprc.gaff2 done
Log file: ./leap.log
Loading parameters: /home/case/amber24/dat/leap/parm/gaff2.dat
Reading title:
AMBER General Force Field for organic molecules (Version 2.2.20, March 2021)
Loading parameters: ./QAB.frcmod
Reading force field modification type file (frcmod)
Reading title:
Remark line goes here
Loading Mol2 file: ./QAB.mol2
Reading MOLECULE named QAB
Checking Unit.

/home/case/amber24/bin/teLeap: Warning!
The unperturbed charge of the unit (-1.001000) is not zero.

/home/case/amber24/bin/teLeap: Note.
Ignoring the warning from Unit Checking.

Building topology.
"order_residues" off: keep input residue order.
Building atom parameters.
Building bond parameters.
Building angle parameters.
Building proper torsion parameters.
Building improper torsion parameters.
 total 6 improper torsions applied
Building H-Bond parameters.
Incorporating Non-Bonded adjustments.
Not Marking per-residue atom chain types.
Marking per-residue atom chain types.
  (Residues lacking connect0/connect1 - 
   these don't have chain types marked:

	res	total affected

	QAB	1
  )
 (no restraints)
	Quit

Exiting LEaP: Errors = 0; Warnings = 1; Notes = 1.
====== min.o =========================================================
Reading parm file (QAB.parm7)
title:
QAB                                                                             
no velocities were found
no velocities were found
	mm_options:  ntpr=5
	mm_options:  gb=1
	mm_options:  kappa=0.10395
	mm_options:  rgbmax=99.
	mm_options:  cut=99.0
	mm_options:  wcons=0.
     bond:      2.418530939
    angle:      8.125222213
 dihedral:      4.180378143
    enb14:      3.326281380
    eel14:   -119.456967296
      enb:      1.810023010
      eel:     87.786318111
      egb:    -75.335689070
    econs:      0.000000000
    esurf:      0.000000000
    Total:    -87.145902570
     frms:      9.217393459
Starting TNCG minimisation
 MIN: Iter =    0  NFunc =     1  E =     -87.14590  RMSG = 9.2173935e+00
 MIN: Iter =    1  NFunc =     7  E =     -91.72511  RMSG = 1.3825033e+00
 MIN: Iter =    2  NFunc =    15  E =     -92.23197  RMSG = 8.6190487e-01
 MIN: Iter =    3  NFunc =    29  E =     -92.39302  RMSG = 1.0699200e+00
 MIN: Iter =    4  NFunc =    35  E =     -92.42346  RMSG = 2.4405594e-01
 MIN: Iter =    5  NFunc =    42  E =     -92.43805  RMSG = 1.6700852e-01
 MIN: Iter =    6  NFunc =    59  E =     -92.44346  RMSG = 4.9610074e-02
 MIN: Iter =    7  NFunc =    79  E =     -92.44517  RMSG = 2.4602779e-02
 MIN: Iter =    8  NFunc =    96  E =     -92.44554  RMSG = 1.3205919e-02
 MIN: Iter =    9  NFunc =   103  E =     -92.44555  RMSG = 5.1971003e-03
 MIN: Iter =   10  NFunc =   114  E =     -92.44557  RMSG = 3.0455010e-03
 MIN: Iter =   11  NFunc =   120  E =     -92.44557  RMSG = 1.1938405e-03
 MIN: Iter =   12  NFunc =   134  E =     -92.44557  RMSG = 3.9872777e-04
----------------------------------------------------------------
 END:          :-)  E =     -92.44557  RMSG =   0.0003987

     bond:      0.828984693
    angle:      7.379896048
 dihedral:      1.529027367
    enb14:      2.340399299
    eel14:   -118.627209175
      enb:      1.204697584
      eel:     90.178515020
      egb:    -77.279882896
    econs:      0.000000000
    esurf:      0.000000000
    Total:    -92.445572060
     frms:      0.000398728
====== rms.dat  ======================================================
#Frame      all_heavy
       1       0.0535
