====== tleap.out =====================================================
-I: Adding /home/case/amber24/dat/leap/prep to search path.
-I: Adding /home/case/amber24/dat/leap/lib to search path.
-I: Adding /home/case/amber24/dat/leap/parm to search path.
-I: Adding /home/case/amber24/dat/leap/cmd to search path.
-f: Source leap.in.

Welcome to LEaP!
(no leaprc in search path)
Sourcing: ./leap.in
Using Bondi radii
----- Source: /home/case/amber24/dat/leap/cmd/leaprc.gaff2
----- Source of /home/case/amber24/dat/leap/cmd/leaprc.gaff2 done
Log file: ./leap.log
Loading parameters: /home/case/amber24/dat/leap/parm/gaff2.dat
Reading title:
AMBER General Force Field for organic molecules (Version 2.2.20, March 2021)
Loading parameters: ./QC7.frcmod
Reading force field modification type file (frcmod)
Reading title:
Remark line goes here
Loading Mol2 file: ./QC7.mol2
Reading MOLECULE named QC7
Checking Unit.
Building topology.
"order_residues" off: keep input residue order.
Building atom parameters.
Building bond parameters.
Building angle parameters.
Building proper torsion parameters.
Building improper torsion parameters.
 total 1 improper torsion applied
Building H-Bond parameters.
Incorporating Non-Bonded adjustments.
Not Marking per-residue atom chain types.
Marking per-residue atom chain types.
  (Residues lacking connect0/connect1 - 
   these don't have chain types marked:

	res	total affected

	QC7	1
  )
 (no restraints)
	Quit

Exiting LEaP: Errors = 0; Warnings = 0; Notes = 0.
====== min.o =========================================================
Reading parm file (QC7.parm7)
title:
QC7                                                                             
no velocities were found
no velocities were found
	mm_options:  ntpr=5
	mm_options:  gb=1
	mm_options:  kappa=0.10395
	mm_options:  rgbmax=99.
	mm_options:  cut=99.0
	mm_options:  wcons=0.
     bond:      1.748541271
    angle:      9.834526570
 dihedral:     44.341450701
    enb14:     22.312778199
    eel14:    -37.696920892
      enb:     17.251900437
      eel:     -2.617127367
      egb:    -14.782257312
    econs:      0.000000000
    esurf:      0.000000000
    Total:     40.392891607
     frms:      6.016921010
Starting TNCG minimisation
 MIN: Iter =    0  NFunc =     1  E =      40.39289  RMSG = 6.0169210e+00
 MIN: Iter =    1  NFunc =     8  E =      25.54094  RMSG = 2.0198653e+00
 MIN: Iter =    2  NFunc =    15  E =      22.93915  RMSG = 1.1537518e+00
 MIN: Iter =    3  NFunc =    25  E =      21.43079  RMSG = 5.3359965e-01
 MIN: Iter =    4  NFunc =    37  E =      21.12032  RMSG = 2.6523151e-01
 MIN: Iter =    5  NFunc =    88  E =      20.96489  RMSG = 5.0357170e-01
 MIN: Iter =    6  NFunc =   100  E =      20.80622  RMSG = 7.7506192e-01
 MIN: Iter =    7  NFunc =   106  E =      20.56115  RMSG = 7.8700193e-01
 MIN: Iter =    8  NFunc =   112  E =      20.26420  RMSG = 6.3235129e-01
 MIN: Iter =    9  NFunc =   118  E =      19.95114  RMSG = 6.4115022e-01
 MIN: Iter =   10  NFunc =   124  E =      19.67569  RMSG = 5.2066381e-01
 MIN: Iter =   11  NFunc =   130  E =      19.52548  RMSG = 3.0204660e-01
 MIN: Iter =   12  NFunc =   150  E =      19.34701  RMSG = 3.8450787e-01
 MIN: Iter =   13  NFunc =   156  E =      19.29771  RMSG = 1.8101638e-01
 MIN: Iter =   14  NFunc =   167  E =      19.25285  RMSG = 2.9646621e-01
 MIN: Iter =   15  NFunc =   187  E =      19.18163  RMSG = 1.0645905e-01
 MIN: Iter =   16  NFunc =   238  E =      19.10266  RMSG = 2.9297107e-01
 MIN: Iter =   17  NFunc =   245  E =      19.07388  RMSG = 8.8655684e-02
 MIN: Iter =   18  NFunc =   276  E =      19.03912  RMSG = 3.2708630e-01
 MIN: Iter =   19  NFunc =   282  E =      19.02051  RMSG = 8.3682518e-02
 MIN: Iter =   20  NFunc =   304  E =      19.00373  RMSG = 8.5160972e-02
 MIN: Iter =   21  NFunc =   317  E =      18.99130  RMSG = 1.1878573e-01
 MIN: Iter =   22  NFunc =   325  E =      18.98604  RMSG = 3.7477918e-02
 MIN: Iter =   23  NFunc =   377  E =      18.97886  RMSG = 5.1819173e-02
 MIN: Iter =   24  NFunc =   397  E =      18.97247  RMSG = 1.4127193e-01
 MIN: Iter =   25  NFunc =   404  E =      18.96777  RMSG = 3.1733777e-02
 MIN: Iter =   26  NFunc =   412  E =      18.96611  RMSG = 2.9556726e-02
 MIN: Iter =   27  NFunc =   431  E =      18.96432  RMSG = 2.2496555e-02
 MIN: Iter =   28  NFunc =   438  E =      18.96414  RMSG = 8.1456230e-03
 MIN: Iter =   29  NFunc =   465  E =      18.96380  RMSG = 8.3032115e-03
 MIN: Iter =   30  NFunc =   476  E =      18.96376  RMSG = 3.1986758e-03
 MIN: Iter =   31  NFunc =   527  E =      18.96365  RMSG = 3.4046873e-03
 MIN: Iter =   32  NFunc =   566  E =      18.96360  RMSG = 1.5641914e-03
 MIN: Iter =   33  NFunc =   576  E =      18.96360  RMSG = 7.3629568e-04
 MIN: Iter =   34  NFunc =   595  E =      18.96359  RMSG = 4.2652977e-04
----------------------------------------------------------------
 END:          :-)  E =      18.96359  RMSG =   0.0004265

     bond:      8.052428400
    angle:     12.266452528
 dihedral:     41.573031310
    enb14:     12.606335005
    eel14:    -37.586967810
      enb:      0.151106441
      eel:     -1.606939726
      egb:    -16.491852337
    econs:      0.000000000
    esurf:      0.000000000
    Total:     18.963593810
     frms:      0.000426530
====== rms.dat  ======================================================
#Frame      all_heavy
       1       0.3725
