====== tleap.out =====================================================
-I: Adding /home/case/amber24/dat/leap/prep to search path.
-I: Adding /home/case/amber24/dat/leap/lib to search path.
-I: Adding /home/case/amber24/dat/leap/parm to search path.
-I: Adding /home/case/amber24/dat/leap/cmd to search path.
-f: Source leap.in.

Welcome to LEaP!
(no leaprc in search path)
Sourcing: ./leap.in
Using Bondi radii
----- Source: /home/case/amber24/dat/leap/cmd/leaprc.gaff2
----- Source of /home/case/amber24/dat/leap/cmd/leaprc.gaff2 done
Log file: ./leap.log
Loading parameters: /home/case/amber24/dat/leap/parm/gaff2.dat
Reading title:
AMBER General Force Field for organic molecules (Version 2.2.20, March 2021)
Loading parameters: ./QJB.frcmod
Reading force field modification type file (frcmod)
Reading title:
Remark line goes here
Loading Mol2 file: ./QJB.mol2
Reading MOLECULE named QJB
Checking Unit.
Building topology.
"order_residues" off: keep input residue order.
Building atom parameters.
Building bond parameters.
Building angle parameters.
Building proper torsion parameters.
Building improper torsion parameters.
 total 8 improper torsions applied
Building H-Bond parameters.
Incorporating Non-Bonded adjustments.
Not Marking per-residue atom chain types.
Marking per-residue atom chain types.
  (Residues lacking connect0/connect1 - 
   these don't have chain types marked:

	res	total affected

	QJB	1
  )
 (no restraints)
	Quit

Exiting LEaP: Errors = 0; Warnings = 0; Notes = 0.
====== min.o =========================================================
Reading parm file (QJB.parm7)
title:
QJB                                                                             
no velocities were found
no velocities were found
	mm_options:  ntpr=5
	mm_options:  gb=1
	mm_options:  kappa=0.10395
	mm_options:  rgbmax=99.
	mm_options:  cut=99.0
	mm_options:  wcons=0.
     bond:      3.057327342
    angle:      6.039821155
 dihedral:     26.666129240
    enb14:     12.884998733
    eel14:    -24.603779285
      enb:     -5.347215417
      eel:    -17.394580315
      egb:    -32.291084634
    econs:      0.000000000
    esurf:      0.000000000
    Total:    -30.988383181
     frms:      8.820818825
Starting TNCG minimisation
 MIN: Iter =    0  NFunc =     1  E =     -30.98838  RMSG = 8.8208188e+00
 MIN: Iter =    1  NFunc =     7  E =     -40.02808  RMSG = 2.9400460e+00
 MIN: Iter =    2  NFunc =    16  E =     -42.06954  RMSG = 1.0256444e+00
 MIN: Iter =    3  NFunc =    23  E =     -42.34791  RMSG = 4.6760160e-01
 MIN: Iter =    4  NFunc =    52  E =     -42.82138  RMSG = 6.0068464e-01
 MIN: Iter =    5  NFunc =    68  E =     -43.16680  RMSG = 6.1659761e-01
 MIN: Iter =    6  NFunc =    83  E =     -43.30316  RMSG = 2.6099760e-01
 MIN: Iter =    7  NFunc =    96  E =     -43.38422  RMSG = 2.4569757e-01
 MIN: Iter =    8  NFunc =   147  E =     -43.48721  RMSG = 1.5396091e+00
 MIN: Iter =    9  NFunc =   153  E =     -43.61347  RMSG = 2.7777198e-01
 MIN: Iter =   10  NFunc =   176  E =     -43.72375  RMSG = 3.4788270e-01
 MIN: Iter =   11  NFunc =   188  E =     -43.78590  RMSG = 4.1531867e-01
 MIN: Iter =   12  NFunc =   195  E =     -43.80218  RMSG = 1.0074820e-01
 MIN: Iter =   13  NFunc =   219  E =     -43.82197  RMSG = 1.0157907e-01
 MIN: Iter =   14  NFunc =   243  E =     -43.82977  RMSG = 9.6178887e-02
 MIN: Iter =   15  NFunc =   249  E =     -43.83049  RMSG = 3.0439501e-02
 MIN: Iter =   16  NFunc =   262  E =     -43.83177  RMSG = 2.4491644e-02
 MIN: Iter =   17  NFunc =   278  E =     -43.83212  RMSG = 9.9400157e-03
 MIN: Iter =   18  NFunc =   329  E =     -43.83429  RMSG = 1.3707818e-01
 MIN: Iter =   19  NFunc =   335  E =     -43.83579  RMSG = 2.8537222e-02
 MIN: Iter =   20  NFunc =   365  E =     -43.83684  RMSG = 1.7526759e-02
 MIN: Iter =   21  NFunc =   398  E =     -43.83715  RMSG = 6.0590846e-03
 MIN: Iter =   22  NFunc =   449  E =     -43.83763  RMSG = 1.4667353e-02
 MIN: Iter =   23  NFunc =   466  E =     -43.83776  RMSG = 5.9453825e-03
 MIN: Iter =   24  NFunc =   491  E =     -43.83783  RMSG = 3.7324458e-03
 MIN: Iter =   25  NFunc =   513  E =     -43.83785  RMSG = 2.0941316e-03
 MIN: Iter =   26  NFunc =   526  E =     -43.83786  RMSG = 1.4501273e-03
 MIN: Iter =   27  NFunc =   557  E =     -43.83786  RMSG = 7.1767167e-04
 MIN: Iter =   28  NFunc =   604  E =     -43.83787  RMSG = 9.9817949e-04
 MIN: Iter =   29  NFunc =   621  E =     -43.83787  RMSG = 4.6398768e-04
----------------------------------------------------------------
 END:          :-)  E =     -43.83787  RMSG =   0.0004640

     bond:      1.516714957
    angle:      3.059222983
 dihedral:     25.597624290
    enb14:      8.751332167
    eel14:    -27.343436818
      enb:     -5.221757389
      eel:    -15.827524237
      egb:    -34.370045638
    econs:      0.000000000
    esurf:      0.000000000
    Total:    -43.837869684
     frms:      0.000463988
====== rms.dat  ======================================================
#Frame      all_heavy
       1       0.4720
