====== tleap.out =====================================================
-I: Adding /home/case/amber24/dat/leap/prep to search path.
-I: Adding /home/case/amber24/dat/leap/lib to search path.
-I: Adding /home/case/amber24/dat/leap/parm to search path.
-I: Adding /home/case/amber24/dat/leap/cmd to search path.
-f: Source leap.in.

Welcome to LEaP!
(no leaprc in search path)
Sourcing: ./leap.in
Using Bondi radii
----- Source: /home/case/amber24/dat/leap/cmd/leaprc.gaff2
----- Source of /home/case/amber24/dat/leap/cmd/leaprc.gaff2 done
Log file: ./leap.log
Loading parameters: /home/case/amber24/dat/leap/parm/gaff2.dat
Reading title:
AMBER General Force Field for organic molecules (Version 2.2.20, March 2021)
Loading parameters: ./QTB.frcmod
Reading force field modification type file (frcmod)
Reading title:
Remark line goes here
Loading Mol2 file: ./QTB.mol2
Reading MOLECULE named QTB
Checking Unit.
Building topology.
"order_residues" off: keep input residue order.
Building atom parameters.
Building bond parameters.
Building angle parameters.
Building proper torsion parameters.
Building improper torsion parameters.
 total 7 improper torsions applied
Building H-Bond parameters.
Incorporating Non-Bonded adjustments.
Not Marking per-residue atom chain types.
Marking per-residue atom chain types.
  (Residues lacking connect0/connect1 - 
   these don't have chain types marked:

	res	total affected

	QTB	1
  )
 (no restraints)
	Quit

Exiting LEaP: Errors = 0; Warnings = 0; Notes = 0.
====== min.o =========================================================
Reading parm file (QTB.parm7)
title:
QTB                                                                             
no velocities were found
no velocities were found
	mm_options:  ntpr=5
	mm_options:  gb=1
	mm_options:  kappa=0.10395
	mm_options:  rgbmax=99.
	mm_options:  cut=99.0
	mm_options:  wcons=0.
     bond:      1.069296877
    angle:      2.956712034
 dihedral:     31.538599649
    enb14:     20.827654402
    eel14:    -30.163272370
      enb:     -0.003256737
      eel:      2.513429575
      egb:     -8.798295958
    econs:      0.000000000
    esurf:      0.000000000
    Total:     19.940867472
     frms:      6.520900709
Starting TNCG minimisation
 MIN: Iter =    0  NFunc =     1  E =      19.94087  RMSG = 6.5209007e+00
 MIN: Iter =    1  NFunc =     7  E =      13.68874  RMSG = 2.4667927e+00
 MIN: Iter =    2  NFunc =    13  E =      12.27304  RMSG = 1.0276112e+00
 MIN: Iter =    3  NFunc =    22  E =      11.49161  RMSG = 7.1440694e-01
 MIN: Iter =    4  NFunc =    31  E =      11.29662  RMSG = 2.2123129e-01
 MIN: Iter =    5  NFunc =    42  E =      11.26691  RMSG = 1.1172052e-01
 MIN: Iter =    6  NFunc =    78  E =      11.21692  RMSG = 7.1092708e-01
 MIN: Iter =    7  NFunc =    84  E =      11.16837  RMSG = 1.4245561e-01
 MIN: Iter =    8  NFunc =   111  E =      11.12120  RMSG = 6.7998652e-01
 MIN: Iter =    9  NFunc =   117  E =      11.06969  RMSG = 1.6454827e-01
 MIN: Iter =   10  NFunc =   126  E =      11.05514  RMSG = 1.0355239e-01
 MIN: Iter =   11  NFunc =   149  E =      11.01323  RMSG = 6.2602412e-01
 MIN: Iter =   12  NFunc =   155  E =      10.97418  RMSG = 8.4773925e-02
 MIN: Iter =   13  NFunc =   161  E =      10.96656  RMSG = 1.2874944e-01
 MIN: Iter =   14  NFunc =   173  E =      10.95599  RMSG = 6.5458387e-02
 MIN: Iter =   15  NFunc =   205  E =      10.94784  RMSG = 4.6034592e-02
 MIN: Iter =   16  NFunc =   235  E =      10.94578  RMSG = 1.7926741e-02
 MIN: Iter =   17  NFunc =   259  E =      10.94525  RMSG = 1.1239426e-02
 MIN: Iter =   18  NFunc =   274  E =      10.94509  RMSG = 7.6883738e-03
 MIN: Iter =   19  NFunc =   325  E =      10.94476  RMSG = 8.0424686e-03
 MIN: Iter =   20  NFunc =   364  E =      10.94438  RMSG = 8.2747331e-03
 MIN: Iter =   21  NFunc =   378  E =      10.94432  RMSG = 3.9149549e-03
 MIN: Iter =   22  NFunc =   398  E =      10.94428  RMSG = 2.5525749e-03
 MIN: Iter =   23  NFunc =   421  E =      10.94427  RMSG = 1.5197790e-03
 MIN: Iter =   24  NFunc =   441  E =      10.94427  RMSG = 8.6207048e-04
 MIN: Iter =   25  NFunc =   448  E =      10.94427  RMSG = 5.3006793e-04
 MIN: Iter =   26  NFunc =   466  E =      10.94427  RMSG = 3.1810140e-04
----------------------------------------------------------------
 END:          :-)  E =      10.94427  RMSG =   0.0003181

     bond:      2.549526685
    angle:      4.126598530
 dihedral:     31.000248171
    enb14:     12.444861435
    eel14:    -29.969079884
      enb:     -2.571053233
      eel:      2.649400385
      egb:     -9.286235519
    econs:      0.000000000
    esurf:      0.000000000
    Total:     10.944266571
     frms:      0.000318101
====== rms.dat  ======================================================
#Frame      all_heavy
       1       0.1172
