====== tleap.out =====================================================
-I: Adding /home/case/amber24/dat/leap/prep to search path.
-I: Adding /home/case/amber24/dat/leap/lib to search path.
-I: Adding /home/case/amber24/dat/leap/parm to search path.
-I: Adding /home/case/amber24/dat/leap/cmd to search path.
-f: Source leap.in.

Welcome to LEaP!
(no leaprc in search path)
Sourcing: ./leap.in
Using Bondi radii
----- Source: /home/case/amber24/dat/leap/cmd/leaprc.gaff2
----- Source of /home/case/amber24/dat/leap/cmd/leaprc.gaff2 done
Log file: ./leap.log
Loading parameters: /home/case/amber24/dat/leap/parm/gaff2.dat
Reading title:
AMBER General Force Field for organic molecules (Version 2.2.20, March 2021)
Loading parameters: ./QUS.frcmod
Reading force field modification type file (frcmod)
Reading title:
Remark line goes here
Loading Mol2 file: ./QUS.mol2
Reading MOLECULE named QUS
Checking Unit.

/home/case/amber24/bin/teLeap: Warning!
The unperturbed charge of the unit (-1.000000) is not zero.

/home/case/amber24/bin/teLeap: Note.
Ignoring the warning from Unit Checking.

Building topology.
"order_residues" off: keep input residue order.
Building atom parameters.
Building bond parameters.
Building angle parameters.
Building proper torsion parameters.
Building improper torsion parameters.
 total 5 improper torsions applied
Building H-Bond parameters.
Incorporating Non-Bonded adjustments.
Not Marking per-residue atom chain types.
Marking per-residue atom chain types.
  (Residues lacking connect0/connect1 - 
   these don't have chain types marked:

	res	total affected

	QUS	1
  )
 (no restraints)
	Quit

Exiting LEaP: Errors = 0; Warnings = 1; Notes = 1.
====== min.o =========================================================
Reading parm file (QUS.parm7)
title:
QUS                                                                             
no velocities were found
no velocities were found
	mm_options:  ntpr=5
	mm_options:  gb=1
	mm_options:  kappa=0.10395
	mm_options:  rgbmax=99.
	mm_options:  cut=99.0
	mm_options:  wcons=0.
     bond:      2.350175481
    angle:     20.198357323
 dihedral:     27.875741954
    enb14:      2.187841974
    eel14:     93.331576336
      enb:     -0.777158971
      eel:   -109.182177463
      egb:    -81.328021517
    econs:      0.000000000
    esurf:      0.000000000
    Total:    -45.343664882
     frms:     13.504928254
Starting TNCG minimisation
 MIN: Iter =    0  NFunc =     1  E =     -45.34366  RMSG = 1.3504928e+01
 MIN: Iter =    1  NFunc =     7  E =     -53.24333  RMSG = 3.9602740e+00
 MIN: Iter =    2  NFunc =    14  E =     -54.25501  RMSG = 1.5057861e+00
 MIN: Iter =    3  NFunc =    34  E =     -55.16631  RMSG = 1.7329823e+00
 MIN: Iter =    4  NFunc =    44  E =     -55.87581  RMSG = 2.0622328e+00
 MIN: Iter =    5  NFunc =    50  E =     -56.63290  RMSG = 1.8350644e+00
 MIN: Iter =    6  NFunc =    56  E =     -57.18833  RMSG = 2.0548346e+00
 MIN: Iter =    7  NFunc =    64  E =     -57.71691  RMSG = 1.6458214e+00
 MIN: Iter =    8  NFunc =    70  E =     -58.04908  RMSG = 1.1148805e+00
 MIN: Iter =    9  NFunc =    76  E =     -58.23778  RMSG = 8.1435574e-01
 MIN: Iter =   10  NFunc =    88  E =     -58.36935  RMSG = 6.7074890e-01
 MIN: Iter =   11  NFunc =   107  E =     -58.51909  RMSG = 8.4284344e-01
 MIN: Iter =   12  NFunc =   113  E =     -58.58613  RMSG = 4.8820279e-01
 MIN: Iter =   13  NFunc =   123  E =     -58.62951  RMSG = 3.5579009e-01
 MIN: Iter =   14  NFunc =   148  E =     -58.67266  RMSG = 4.5716828e-01
 MIN: Iter =   15  NFunc =   157  E =     -58.69793  RMSG = 3.4984119e-01
 MIN: Iter =   16  NFunc =   163  E =     -58.70665  RMSG = 1.1800889e-01
 MIN: Iter =   17  NFunc =   170  E =     -58.70854  RMSG = 6.1897345e-02
 MIN: Iter =   18  NFunc =   198  E =     -58.71239  RMSG = 2.9513782e-01
 MIN: Iter =   19  NFunc =   204  E =     -58.71442  RMSG = 3.3736277e-02
 MIN: Iter =   20  NFunc =   222  E =     -58.71545  RMSG = 7.9581396e-02
 MIN: Iter =   21  NFunc =   245  E =     -58.71647  RMSG = 4.1569310e-02
 MIN: Iter =   22  NFunc =   267  E =     -58.71681  RMSG = 2.0963994e-02
 MIN: Iter =   23  NFunc =   274  E =     -58.71686  RMSG = 1.2941245e-02
 MIN: Iter =   24  NFunc =   282  E =     -58.71688  RMSG = 5.4376349e-03
 MIN: Iter =   25  NFunc =   291  E =     -58.71688  RMSG = 2.3637878e-03
 MIN: Iter =   26  NFunc =   305  E =     -58.71689  RMSG = 1.8041449e-03
 MIN: Iter =   27  NFunc =   313  E =     -58.71689  RMSG = 1.1864497e-03
 MIN: Iter =   28  NFunc =   334  E =     -58.71689  RMSG = 8.8928213e-04
 MIN: Iter =   29  NFunc =   341  E =     -58.71689  RMSG = 7.9273389e-04
 MIN: Iter =   30  NFunc =   356  E =     -58.71689  RMSG = 3.1702130e-04
----------------------------------------------------------------
 END:          :-)  E =     -58.71689  RMSG =   0.0003170

     bond:      2.406179705
    angle:     19.352159252
 dihedral:     21.090743783
    enb14:      0.561212763
    eel14:     86.025058334
      enb:     -1.409987421
      eel:   -101.641032113
      egb:    -85.101223928
    econs:      0.000000000
    esurf:      0.000000000
    Total:    -58.716889624
     frms:      0.000317021
====== rms.dat  ======================================================
#Frame      all_heavy
       1       0.6697
