====== tleap.out =====================================================
-I: Adding /home/case/amber24/dat/leap/prep to search path.
-I: Adding /home/case/amber24/dat/leap/lib to search path.
-I: Adding /home/case/amber24/dat/leap/parm to search path.
-I: Adding /home/case/amber24/dat/leap/cmd to search path.
-f: Source leap.in.

Welcome to LEaP!
(no leaprc in search path)
Sourcing: ./leap.in
Using Bondi radii
----- Source: /home/case/amber24/dat/leap/cmd/leaprc.gaff2
----- Source of /home/case/amber24/dat/leap/cmd/leaprc.gaff2 done
Log file: ./leap.log
Loading parameters: /home/case/amber24/dat/leap/parm/gaff2.dat
Reading title:
AMBER General Force Field for organic molecules (Version 2.2.20, March 2021)
Loading parameters: ./QUY.frcmod
Reading force field modification type file (frcmod)
Reading title:
Remark line goes here
Loading Mol2 file: ./QUY.mol2
Reading MOLECULE named QUY
Checking Unit.
Building topology.
"order_residues" off: keep input residue order.
Building atom parameters.
Building bond parameters.
Building angle parameters.
Building proper torsion parameters.
Building improper torsion parameters.
 total 10 improper torsions applied
Building H-Bond parameters.
Incorporating Non-Bonded adjustments.
Not Marking per-residue atom chain types.
Marking per-residue atom chain types.
  (Residues lacking connect0/connect1 - 
   these don't have chain types marked:

	res	total affected

	QUY	1
  )
 (no restraints)
	Quit

Exiting LEaP: Errors = 0; Warnings = 0; Notes = 0.
====== min.o =========================================================
Reading parm file (QUY.parm7)
title:
QUY                                                                             
no velocities were found
no velocities were found
	mm_options:  ntpr=5
	mm_options:  gb=1
	mm_options:  kappa=0.10395
	mm_options:  rgbmax=99.
	mm_options:  cut=99.0
	mm_options:  wcons=0.
     bond:      4.373316829
    angle:      6.653971974
 dihedral:     57.316791068
    enb14:     29.885679414
    eel14:    217.137714190
      enb:    -16.992659566
      eel:   -176.797998640
      egb:    -47.682088802
    econs:      0.000000000
    esurf:      0.000000000
    Total:     73.894726468
     frms:      6.306637032
Starting TNCG minimisation
 MIN: Iter =    0  NFunc =     1  E =      73.89473  RMSG = 6.3066370e+00
 MIN: Iter =    1  NFunc =     8  E =      54.90473  RMSG = 2.2453163e+00
 MIN: Iter =    2  NFunc =    33  E =      50.63434  RMSG = 1.9148156e+00
 MIN: Iter =    3  NFunc =    45  E =      47.14153  RMSG = 1.5530119e+00
 MIN: Iter =    4  NFunc =    51  E =      44.26379  RMSG = 1.1860397e+00
 MIN: Iter =    5  NFunc =    57  E =      42.89372  RMSG = 6.6172895e-01
 MIN: Iter =    6  NFunc =    74  E =      41.65824  RMSG = 1.2511158e+00
 MIN: Iter =    7  NFunc =    84  E =      40.86593  RMSG = 6.1735096e-01
 MIN: Iter =    8  NFunc =    96  E =      40.50419  RMSG = 1.7448393e+00
 MIN: Iter =    9  NFunc =   102  E =      39.89351  RMSG = 4.0987294e-01
 MIN: Iter =   10  NFunc =   110  E =      39.63072  RMSG = 5.4015068e-01
 MIN: Iter =   11  NFunc =   117  E =      39.27719  RMSG = 8.1340972e-01
 MIN: Iter =   12  NFunc =   123  E =      38.77433  RMSG = 1.5165076e+00
 MIN: Iter =   13  NFunc =   129  E =      38.13871  RMSG = 5.1079717e-01
 MIN: Iter =   14  NFunc =   135  E =      37.79818  RMSG = 1.2819670e+00
 MIN: Iter =   15  NFunc =   141  E =      37.36623  RMSG = 3.1352242e-01
 MIN: Iter =   16  NFunc =   147  E =      37.22156  RMSG = 1.1760079e+00
 MIN: Iter =   17  NFunc =   153  E =      36.94831  RMSG = 2.8068700e-01
 MIN: Iter =   18  NFunc =   172  E =      36.70996  RMSG = 1.0623207e+00
 MIN: Iter =   19  NFunc =   180  E =      36.38475  RMSG = 3.2511098e-01
 MIN: Iter =   20  NFunc =   195  E =      36.07715  RMSG = 1.0957592e+00
 MIN: Iter =   21  NFunc =   201  E =      35.65946  RMSG = 5.7474201e-01
 MIN: Iter =   22  NFunc =   207  E =      35.42921  RMSG = 9.8081727e-01
 MIN: Iter =   23  NFunc =   213  E =      35.26418  RMSG = 1.6303318e-01
 MIN: Iter =   24  NFunc =   228  E =      35.16866  RMSG = 3.6035620e-01
 MIN: Iter =   25  NFunc =   279  E =      34.88936  RMSG = 2.9408441e-01
 MIN: Iter =   26  NFunc =   330  E =      34.66537  RMSG = 2.4481297e-01
 MIN: Iter =   27  NFunc =   337  E =      34.59503  RMSG = 1.4381331e-01
 MIN: Iter =   28  NFunc =   388  E =      34.43088  RMSG = 1.9270860e-01
 MIN: Iter =   29  NFunc =   396  E =      34.28867  RMSG = 2.5412675e-01
 MIN: Iter =   30  NFunc =   402  E =      34.15164  RMSG = 2.3085803e-01
 MIN: Iter =   31  NFunc =   408  E =      34.03033  RMSG = 2.1011438e-01
 MIN: Iter =   32  NFunc =   417  E =      33.91781  RMSG = 1.7260529e-01
 MIN: Iter =   33  NFunc =   444  E =      33.77642  RMSG = 1.7946115e-01
 MIN: Iter =   34  NFunc =   476  E =      33.68656  RMSG = 1.1288905e-01
 MIN: Iter =   35  NFunc =   527  E =      33.59406  RMSG = 2.0337887e-01
 MIN: Iter =   36  NFunc =   534  E =      33.57222  RMSG = 4.6218956e-02
 MIN: Iter =   37  NFunc =   585  E =      33.51481  RMSG = 1.9388530e-01
 MIN: Iter =   38  NFunc =   592  E =      33.49639  RMSG = 4.8361930e-02
 MIN: Iter =   39  NFunc =   643  E =      33.45563  RMSG = 1.8230751e-01
 MIN: Iter =   40  NFunc =   649  E =      33.43797  RMSG = 5.3749680e-02
 MIN: Iter =   41  NFunc =   700  E =      33.40564  RMSG = 1.7197645e-01
 MIN: Iter =   42  NFunc =   706  E =      33.38712  RMSG = 7.1660071e-02
 MIN: Iter =   43  NFunc =   730  E =      33.35954  RMSG = 1.6905398e-01
 MIN: Iter =   44  NFunc =   736  E =      33.34266  RMSG = 6.5812408e-02
 MIN: Iter =   45  NFunc =   762  E =      33.32393  RMSG = 1.5450312e-01
 MIN: Iter =   46  NFunc =   768  E =      33.31211  RMSG = 5.2186447e-02
 MIN: Iter =   47  NFunc =   790  E =      33.29786  RMSG = 1.4725422e-01
 MIN: Iter =   48  NFunc =   796  E =      33.28732  RMSG = 4.2380961e-02
 MIN: Iter =   49  NFunc =   847  E =      33.26377  RMSG = 1.2183610e-01
 MIN: Iter =   50  NFunc =   853  E =      33.25702  RMSG = 4.2267511e-02
 MIN: Iter =   51  NFunc =   900  E =      33.24727  RMSG = 3.9692879e-02
 MIN: Iter =   52  NFunc =   923  E =      33.24152  RMSG = 3.1537266e-02
 MIN: Iter =   53  NFunc =   931  E =      33.24048  RMSG = 1.5684614e-02
 MIN: Iter =   54  NFunc =   963  E =      33.23688  RMSG = 6.2881445e-02
 MIN: Iter =   55  NFunc =   969  E =      33.23526  RMSG = 1.3083499e-02
 MIN: Iter =   56  NFunc =  1020  E =      33.23220  RMSG = 7.2358902e-02
 MIN: Iter =   57  NFunc =  1026  E =      33.22988  RMSG = 1.7681068e-02
 MIN: Iter =   58  NFunc =  1077  E =      33.22524  RMSG = 2.9499990e-02
 MIN: Iter =   59  NFunc =  1128  E =      33.22088  RMSG = 3.0405569e-02
 MIN: Iter =   60  NFunc =  1179  E =      33.21579  RMSG = 5.0754722e-02
 MIN: Iter =   61  NFunc =  1186  E =      33.21435  RMSG = 1.4703288e-02
 MIN: Iter =   62  NFunc =  1238  E =      33.20985  RMSG = 2.5982199e-02
 MIN: Iter =   63  NFunc =  1264  E =      33.20643  RMSG = 3.8748003e-02
 MIN: Iter =   64  NFunc =  1291  E =      33.20328  RMSG = 2.0643821e-02
 MIN: Iter =   65  NFunc =  1342  E =      33.19736  RMSG = 4.6965145e-02
 MIN: Iter =   66  NFunc =  1350  E =      33.19574  RMSG = 1.5677791e-02
 MIN: Iter =   67  NFunc =  1397  E =      33.19182  RMSG = 2.0408941e-02
 MIN: Iter =   68  NFunc =  1448  E =      33.18569  RMSG = 2.6990509e-02
 MIN: Iter =   69  NFunc =  1482  E =      33.18100  RMSG = 2.0427971e-02
 MIN: Iter =   70  NFunc =  1533  E =      33.17757  RMSG = 1.3043147e-02
 MIN: Iter =   71  NFunc =  1584  E =      33.17485  RMSG = 1.5570839e-02
 MIN: Iter =   72  NFunc =  1635  E =      33.17225  RMSG = 1.5340165e-02
 MIN: Iter =   73  NFunc =  1686  E =      33.16984  RMSG = 1.6521840e-02
 MIN: Iter =   74  NFunc =  1737  E =      33.16460  RMSG = 2.2129808e-02
 MIN: Iter =   75  NFunc =  1788  E =      33.15930  RMSG = 2.1951014e-02
 MIN: Iter =   76  NFunc =  1839  E =      33.15405  RMSG = 1.9651344e-02
 MIN: Iter =   77  NFunc =  1879  E =      33.15057  RMSG = 1.4907174e-02
 MIN: Iter =   78  NFunc =  1930  E =      33.14814  RMSG = 1.5302652e-02
 MIN: Iter =   79  NFunc =  1962  E =      33.14616  RMSG = 1.3658159e-02
 MIN: Iter =   80  NFunc =  1997  E =      33.14503  RMSG = 7.4869796e-03
 MIN: Iter =   81  NFunc =  2035  E =      33.14449  RMSG = 4.9790905e-03
 MIN: Iter =   82  NFunc =  2086  E =      33.14409  RMSG = 4.2204765e-03
 MIN: Iter =   83  NFunc =  2137  E =      33.14332  RMSG = 9.7541099e-03
 MIN: Iter =   84  NFunc =  2188  E =      33.14217  RMSG = 1.1087415e-02
 MIN: Iter =   85  NFunc =  2216  E =      33.14180  RMSG = 4.7615879e-03
 MIN: Iter =   86  NFunc =  2261  E =      33.14144  RMSG = 3.6696243e-03
 MIN: Iter =   87  NFunc =  2312  E =      33.14113  RMSG = 5.2092969e-03
 MIN: Iter =   88  NFunc =  2363  E =      33.14069  RMSG = 5.6196050e-03
 MIN: Iter =   89  NFunc =  2400  E =      33.14041  RMSG = 3.8970205e-03
 MIN: Iter =   90  NFunc =  2450  E =      33.14016  RMSG = 3.4770810e-03
 MIN: Iter =   91  NFunc =  2481  E =      33.14011  RMSG = 1.6371910e-03
 MIN: Iter =   92  NFunc =  2532  E =      33.14005  RMSG = 1.4583401e-03
 MIN: Iter =   93  NFunc =  2583  E =      33.14001  RMSG = 1.5376352e-03
 MIN: Iter =   94  NFunc =  2634  E =      33.13996  RMSG = 1.4410024e-03
 MIN: Iter =   95  NFunc =  2680  E =      33.13990  RMSG = 1.2636611e-03
 MIN: Iter =   96  NFunc =  2731  E =      33.13988  RMSG = 9.0992205e-04
 MIN: Iter =   97  NFunc =  2782  E =      33.13986  RMSG = 8.6622321e-04
 MIN: Iter =   98  NFunc =  2833  E =      33.13985  RMSG = 6.6194932e-04
 MIN: Iter =   99  NFunc =  2884  E =      33.13984  RMSG = 5.3465429e-04
 MIN: Iter =  100  NFunc =  2929  E =      33.13983  RMSG = 4.0254766e-04
----------------------------------------------------------------
 END:          :-)  E =      33.13983  RMSG =   0.0004025

     bond:      3.976061377
    angle:      4.879863764
 dihedral:     46.293104648
    enb14:     20.271405370
    eel14:    215.698554509
      enb:    -19.927120013
      eel:   -194.005427244
      egb:    -44.046609703
    econs:      0.000000000
    esurf:      0.000000000
    Total:     33.139832708
     frms:      0.000402548
====== rms.dat  ======================================================
#Frame      all_heavy
       1       1.3353
