====== tleap.out =====================================================
-I: Adding /home/case/amber24/dat/leap/prep to search path.
-I: Adding /home/case/amber24/dat/leap/lib to search path.
-I: Adding /home/case/amber24/dat/leap/parm to search path.
-I: Adding /home/case/amber24/dat/leap/cmd to search path.
-f: Source leap.in.

Welcome to LEaP!
(no leaprc in search path)
Sourcing: ./leap.in
Using Bondi radii
----- Source: /home/case/amber24/dat/leap/cmd/leaprc.gaff2
----- Source of /home/case/amber24/dat/leap/cmd/leaprc.gaff2 done
Log file: ./leap.log
Loading parameters: /home/case/amber24/dat/leap/parm/gaff2.dat
Reading title:
AMBER General Force Field for organic molecules (Version 2.2.20, March 2021)
Loading parameters: ./QVK.frcmod
Reading force field modification type file (frcmod)
Reading title:
Remark line goes here
Loading Mol2 file: ./QVK.mol2
Reading MOLECULE named QVK
Checking Unit.
Building topology.
"order_residues" off: keep input residue order.
Building atom parameters.
Building bond parameters.
Building angle parameters.
Building proper torsion parameters.
Building improper torsion parameters.
 total 17 improper torsions applied
Building H-Bond parameters.
Incorporating Non-Bonded adjustments.
Not Marking per-residue atom chain types.
Marking per-residue atom chain types.
  (Residues lacking connect0/connect1 - 
   these don't have chain types marked:

	res	total affected

	QVK	1
  )
 (no restraints)
	Quit

Exiting LEaP: Errors = 0; Warnings = 0; Notes = 0.
====== min.o =========================================================
Reading parm file (QVK.parm7)
title:
QVK                                                                             
no velocities were found
no velocities were found
	mm_options:  ntpr=5
	mm_options:  gb=1
	mm_options:  kappa=0.10395
	mm_options:  rgbmax=99.
	mm_options:  cut=99.0
	mm_options:  wcons=0.
     bond:      1.792288874
    angle:     23.125277223
 dihedral:      9.777170122
    enb14:      6.821846429
    eel14:    -13.138098609
      enb:     -3.462028213
      eel:    -42.544132637
      egb:    -17.948586745
    econs:      0.000000000
    esurf:      0.000000000
    Total:    -35.576263556
     frms:     12.826552387
Starting TNCG minimisation
 MIN: Iter =    0  NFunc =     1  E =     -35.57626  RMSG = 1.2826552e+01
 MIN: Iter =    1  NFunc =     7  E =     -43.12490  RMSG = 2.7789337e+00
 MIN: Iter =    2  NFunc =    22  E =     -45.56175  RMSG = 1.7479310e+00
 MIN: Iter =    3  NFunc =    30  E =     -45.98805  RMSG = 5.1968976e-01
 MIN: Iter =    4  NFunc =    48  E =     -46.23778  RMSG = 7.0666144e-01
 MIN: Iter =    5  NFunc =    71  E =     -46.45104  RMSG = 4.4229438e-01
 MIN: Iter =    6  NFunc =    84  E =     -46.52432  RMSG = 2.3585675e-01
 MIN: Iter =    7  NFunc =    93  E =     -46.55767  RMSG = 2.1959894e-01
 MIN: Iter =    8  NFunc =    99  E =     -46.57222  RMSG = 1.6265620e-01
 MIN: Iter =    9  NFunc =   111  E =     -46.59845  RMSG = 1.7486914e-01
 MIN: Iter =   10  NFunc =   130  E =     -46.61851  RMSG = 8.3802306e-02
 MIN: Iter =   11  NFunc =   143  E =     -46.62075  RMSG = 3.6437870e-02
 MIN: Iter =   12  NFunc =   162  E =     -46.62187  RMSG = 1.9652183e-02
 MIN: Iter =   13  NFunc =   193  E =     -46.62255  RMSG = 1.2523964e-02
 MIN: Iter =   14  NFunc =   211  E =     -46.62264  RMSG = 5.3808721e-03
 MIN: Iter =   15  NFunc =   221  E =     -46.62266  RMSG = 3.0813803e-03
 MIN: Iter =   16  NFunc =   251  E =     -46.62269  RMSG = 3.0513360e-03
 MIN: Iter =   17  NFunc =   274  E =     -46.62270  RMSG = 1.4882641e-03
 MIN: Iter =   18  NFunc =   305  E =     -46.62271  RMSG = 1.3801398e-03
 MIN: Iter =   19  NFunc =   313  E =     -46.62271  RMSG = 9.0575359e-04
 MIN: Iter =   20  NFunc =   337  E =     -46.62271  RMSG = 4.1455953e-04
----------------------------------------------------------------
 END:          :-)  E =     -46.62271  RMSG =   0.0004146

     bond:      2.091164918
    angle:     14.170348706
 dihedral:      9.366679797
    enb14:      5.233288964
    eel14:    -17.379862205
      enb:     -2.448156586
      eel:    -39.127721187
      egb:    -18.528453647
    econs:      0.000000000
    esurf:      0.000000000
    Total:    -46.622711241
     frms:      0.000414560
====== rms.dat  ======================================================
#Frame      all_heavy
       1       0.2526
