====== tleap.out =====================================================
-I: Adding /home/case/amber24/dat/leap/prep to search path.
-I: Adding /home/case/amber24/dat/leap/lib to search path.
-I: Adding /home/case/amber24/dat/leap/parm to search path.
-I: Adding /home/case/amber24/dat/leap/cmd to search path.
-f: Source leap.in.

Welcome to LEaP!
(no leaprc in search path)
Sourcing: ./leap.in
Using Bondi radii
----- Source: /home/case/amber24/dat/leap/cmd/leaprc.gaff2
----- Source of /home/case/amber24/dat/leap/cmd/leaprc.gaff2 done
Log file: ./leap.log
Loading parameters: /home/case/amber24/dat/leap/parm/gaff2.dat
Reading title:
AMBER General Force Field for organic molecules (Version 2.2.20, March 2021)
Loading parameters: ./QY1.frcmod
Reading force field modification type file (frcmod)
Reading title:
Remark line goes here
Loading Mol2 file: ./QY1.mol2
Reading MOLECULE named QY1
Checking Unit.

/home/case/amber24/bin/teLeap: Warning!
The unperturbed charge of the unit (-1.001000) is not zero.

/home/case/amber24/bin/teLeap: Note.
Ignoring the warning from Unit Checking.

Building topology.
"order_residues" off: keep input residue order.
Building atom parameters.
Building bond parameters.
Building angle parameters.
Building proper torsion parameters.
Building improper torsion parameters.
 total 16 improper torsions applied
Building H-Bond parameters.
Incorporating Non-Bonded adjustments.
Not Marking per-residue atom chain types.
Marking per-residue atom chain types.
  (Residues lacking connect0/connect1 - 
   these don't have chain types marked:

	res	total affected

	QY1	1
  )
 (no restraints)
	Quit

Exiting LEaP: Errors = 0; Warnings = 1; Notes = 1.
====== min.o =========================================================
Reading parm file (QY1.parm7)
title:
QY1                                                                             
no velocities were found
no velocities were found
	mm_options:  ntpr=5
	mm_options:  gb=1
	mm_options:  kappa=0.10395
	mm_options:  rgbmax=99.
	mm_options:  cut=99.0
	mm_options:  wcons=0.
     bond:      3.810610045
    angle:      6.943107829
 dihedral:     22.755044428
    enb14:     14.597201205
    eel14:     -2.843061865
      enb:     -4.123809704
      eel:     -5.271762761
      egb:    -77.867406432
    econs:      0.000000000
    esurf:      0.000000000
    Total:    -42.000077255
     frms:     10.753827643
Starting TNCG minimisation
 MIN: Iter =    0  NFunc =     1  E =     -42.00008  RMSG = 1.0753828e+01
 MIN: Iter =    1  NFunc =     7  E =     -50.35929  RMSG = 1.9931384e+00
 MIN: Iter =    2  NFunc =    18  E =     -52.61841  RMSG = 1.3228605e+00
 MIN: Iter =    3  NFunc =    26  E =     -53.13948  RMSG = 6.0013029e-01
 MIN: Iter =    4  NFunc =    39  E =     -53.34712  RMSG = 2.6609188e-01
 MIN: Iter =    5  NFunc =    86  E =     -53.55267  RMSG = 7.0698600e-01
 MIN: Iter =    6  NFunc =    92  E =     -53.65228  RMSG = 2.6660157e-01
 MIN: Iter =    7  NFunc =   114  E =     -53.81881  RMSG = 7.0723543e-01
 MIN: Iter =    8  NFunc =   120  E =     -53.94196  RMSG = 2.8186097e-01
 MIN: Iter =    9  NFunc =   133  E =     -54.04462  RMSG = 7.7911938e-01
 MIN: Iter =   10  NFunc =   142  E =     -54.16697  RMSG = 2.2891967e-01
 MIN: Iter =   11  NFunc =   151  E =     -54.22175  RMSG = 6.2820226e-01
 MIN: Iter =   12  NFunc =   160  E =     -54.30133  RMSG = 2.2341539e-01
 MIN: Iter =   13  NFunc =   175  E =     -54.35814  RMSG = 3.7768123e-01
 MIN: Iter =   14  NFunc =   196  E =     -54.43962  RMSG = 1.7403422e-01
 MIN: Iter =   15  NFunc =   214  E =     -54.47885  RMSG = 1.5835495e-01
 MIN: Iter =   16  NFunc =   265  E =     -54.53921  RMSG = 3.1698350e-01
 MIN: Iter =   17  NFunc =   274  E =     -54.56838  RMSG = 1.3860076e-01
 MIN: Iter =   18  NFunc =   296  E =     -54.61144  RMSG = 3.1241314e-01
 MIN: Iter =   19  NFunc =   305  E =     -54.64300  RMSG = 1.4055741e-01
 MIN: Iter =   20  NFunc =   311  E =     -54.65809  RMSG = 1.6043633e-01
 MIN: Iter =   21  NFunc =   317  E =     -54.66562  RMSG = 9.1708831e-02
 MIN: Iter =   22  NFunc =   324  E =     -54.67106  RMSG = 6.9780573e-02
 MIN: Iter =   23  NFunc =   346  E =     -54.68142  RMSG = 1.0026231e-01
 MIN: Iter =   24  NFunc =   352  E =     -54.68303  RMSG = 3.8745359e-02
 MIN: Iter =   25  NFunc =   403  E =     -54.68902  RMSG = 5.3631211e-02
 MIN: Iter =   26  NFunc =   432  E =     -54.69199  RMSG = 4.7153650e-02
 MIN: Iter =   27  NFunc =   459  E =     -54.69322  RMSG = 1.8304637e-02
 MIN: Iter =   28  NFunc =   477  E =     -54.69379  RMSG = 1.3248703e-02
 MIN: Iter =   29  NFunc =   493  E =     -54.69397  RMSG = 5.9236547e-03
 MIN: Iter =   30  NFunc =   544  E =     -54.69446  RMSG = 8.2358904e-03
 MIN: Iter =   31  NFunc =   574  E =     -54.69471  RMSG = 6.9059410e-03
 MIN: Iter =   32  NFunc =   590  E =     -54.69474  RMSG = 2.6769039e-03
 MIN: Iter =   33  NFunc =   631  E =     -54.69479  RMSG = 2.3924827e-03
 MIN: Iter =   34  NFunc =   682  E =     -54.69482  RMSG = 1.4138289e-03
 MIN: Iter =   35  NFunc =   713  E =     -54.69483  RMSG = 1.1208263e-03
 MIN: Iter =   36  NFunc =   734  E =     -54.69483  RMSG = 7.6459490e-04
 MIN: Iter =   37  NFunc =   783  E =     -54.69483  RMSG = 7.6611776e-04
 MIN: Iter =   38  NFunc =   793  E =     -54.69484  RMSG = 4.2108249e-04
----------------------------------------------------------------
 END:          :-)  E =     -54.69484  RMSG =   0.0004211

     bond:      1.400765583
    angle:      5.620436720
 dihedral:     19.266715279
    enb14:     11.735375072
    eel14:     -2.648719968
      enb:     -5.579861364
      eel:     -4.110106066
      egb:    -80.379440579
    econs:      0.000000000
    esurf:      0.000000000
    Total:    -54.694835323
     frms:      0.000421082
====== rms.dat  ======================================================
#Frame      all_heavy
       1       0.7014
