====== tleap.out =====================================================
-I: Adding /home/case/amber24/dat/leap/prep to search path.
-I: Adding /home/case/amber24/dat/leap/lib to search path.
-I: Adding /home/case/amber24/dat/leap/parm to search path.
-I: Adding /home/case/amber24/dat/leap/cmd to search path.
-f: Source leap.in.

Welcome to LEaP!
(no leaprc in search path)
Sourcing: ./leap.in
Using Bondi radii
----- Source: /home/case/amber24/dat/leap/cmd/leaprc.gaff2
----- Source of /home/case/amber24/dat/leap/cmd/leaprc.gaff2 done
Log file: ./leap.log
Loading parameters: /home/case/amber24/dat/leap/parm/gaff2.dat
Reading title:
AMBER General Force Field for organic molecules (Version 2.2.20, March 2021)
Loading parameters: ./QY3.frcmod
Reading force field modification type file (frcmod)
Reading title:
Remark line goes here
Loading Mol2 file: ./QY3.mol2
Reading MOLECULE named QY3
Checking Unit.
Building topology.
"order_residues" off: keep input residue order.
Building atom parameters.
Building bond parameters.
Building angle parameters.
Building proper torsion parameters.
Building improper torsion parameters.
 total 17 improper torsions applied
Building H-Bond parameters.
Incorporating Non-Bonded adjustments.
Not Marking per-residue atom chain types.
Marking per-residue atom chain types.
  (Residues lacking connect0/connect1 - 
   these don't have chain types marked:

	res	total affected

	QY3	1
  )
 (no restraints)
	Quit

Exiting LEaP: Errors = 0; Warnings = 0; Notes = 0.
====== min.o =========================================================
Reading parm file (QY3.parm7)
title:
QY3                                                                             
no velocities were found
no velocities were found
	mm_options:  ntpr=5
	mm_options:  gb=1
	mm_options:  kappa=0.10395
	mm_options:  rgbmax=99.
	mm_options:  cut=99.0
	mm_options:  wcons=0.
     bond:      4.950202617
    angle:      8.072695976
 dihedral:     63.783477110
    enb14:     14.515095370
    eel14:   -484.448798251
      enb:     -2.716756815
      eel:    211.926855625
      egb:    -34.337240783
    econs:      0.000000000
    esurf:      0.000000000
    Total:   -218.254469150
     frms:     10.654356448
Starting TNCG minimisation
 MIN: Iter =    0  NFunc =     1  E =    -218.25447  RMSG = 1.0654356e+01
 MIN: Iter =    1  NFunc =     7  E =    -232.97533  RMSG = 6.2933302e+00
 MIN: Iter =    2  NFunc =    14  E =    -237.11869  RMSG = 2.1445290e+00
 MIN: Iter =    3  NFunc =    23  E =    -238.81981  RMSG = 1.0610639e+00
 MIN: Iter =    4  NFunc =    36  E =    -239.56980  RMSG = 7.8544248e-01
 MIN: Iter =    5  NFunc =    49  E =    -239.78279  RMSG = 2.8346383e-01
 MIN: Iter =    6  NFunc =    96  E =    -239.89937  RMSG = 6.8363253e-01
 MIN: Iter =    7  NFunc =   119  E =    -240.15305  RMSG = 8.5730457e-01
 MIN: Iter =    8  NFunc =   127  E =    -240.26206  RMSG = 3.0263364e-01
 MIN: Iter =    9  NFunc =   147  E =    -240.37064  RMSG = 5.4621012e-01
 MIN: Iter =   10  NFunc =   154  E =    -240.43859  RMSG = 3.6325810e-01
 MIN: Iter =   11  NFunc =   169  E =    -240.50061  RMSG = 8.0790681e-01
 MIN: Iter =   12  NFunc =   175  E =    -240.56279  RMSG = 2.0768991e-01
 MIN: Iter =   13  NFunc =   207  E =    -240.63331  RMSG = 5.8853066e-01
 MIN: Iter =   14  NFunc =   213  E =    -240.69158  RMSG = 3.6467272e-01
 MIN: Iter =   15  NFunc =   220  E =    -240.74345  RMSG = 6.3011171e-01
 MIN: Iter =   16  NFunc =   227  E =    -240.79939  RMSG = 3.4650459e-01
 MIN: Iter =   17  NFunc =   261  E =    -240.96205  RMSG = 7.3987407e-01
 MIN: Iter =   18  NFunc =   267  E =    -241.05038  RMSG = 3.3082369e-01
 MIN: Iter =   19  NFunc =   282  E =    -241.15097  RMSG = 7.1192113e-01
 MIN: Iter =   20  NFunc =   288  E =    -241.20451  RMSG = 1.9985981e-01
 MIN: Iter =   21  NFunc =   306  E =    -241.23909  RMSG = 2.1226994e-01
 MIN: Iter =   22  NFunc =   315  E =    -241.25764  RMSG = 1.9226922e-01
 MIN: Iter =   23  NFunc =   321  E =    -241.26232  RMSG = 4.9333635e-02
 MIN: Iter =   24  NFunc =   349  E =    -241.28447  RMSG = 9.6260861e-02
 MIN: Iter =   25  NFunc =   357  E =    -241.28634  RMSG = 3.5600968e-02
 MIN: Iter =   26  NFunc =   408  E =    -241.29648  RMSG = 7.1494510e-02
 MIN: Iter =   27  NFunc =   436  E =    -241.30548  RMSG = 5.9063013e-02
 MIN: Iter =   28  NFunc =   474  E =    -241.31220  RMSG = 4.6024740e-02
 MIN: Iter =   29  NFunc =   511  E =    -241.31469  RMSG = 2.8120440e-02
 MIN: Iter =   30  NFunc =   558  E =    -241.31555  RMSG = 1.0825886e-02
 MIN: Iter =   31  NFunc =   609  E =    -241.31598  RMSG = 7.4402303e-03
 MIN: Iter =   32  NFunc =   623  E =    -241.31603  RMSG = 4.0146719e-03
 MIN: Iter =   33  NFunc =   674  E =    -241.31618  RMSG = 5.2950924e-03
 MIN: Iter =   34  NFunc =   725  E =    -241.31642  RMSG = 8.4164078e-03
 MIN: Iter =   35  NFunc =   776  E =    -241.31670  RMSG = 1.2735229e-02
 MIN: Iter =   36  NFunc =   789  E =    -241.31676  RMSG = 5.1230798e-03
 MIN: Iter =   37  NFunc =   800  E =    -241.31678  RMSG = 2.5642942e-03
 MIN: Iter =   38  NFunc =   851  E =    -241.31684  RMSG = 4.1594645e-03
 MIN: Iter =   39  NFunc =   902  E =    -241.31703  RMSG = 1.5977147e-02
 MIN: Iter =   40  NFunc =   916  E =    -241.31715  RMSG = 6.0729241e-03
 MIN: Iter =   41  NFunc =   935  E =    -241.31723  RMSG = 6.2068962e-03
 MIN: Iter =   42  NFunc =   978  E =    -241.31746  RMSG = 1.3804870e-02
 MIN: Iter =   43  NFunc =   984  E =    -241.31749  RMSG = 4.4934688e-03
 MIN: Iter =   44  NFunc =  1035  E =    -241.31758  RMSG = 1.0233727e-02
 MIN: Iter =   45  NFunc =  1041  E =    -241.31760  RMSG = 3.3234631e-03
 MIN: Iter =   46  NFunc =  1078  E =    -241.31764  RMSG = 2.5015239e-03
 MIN: Iter =   47  NFunc =  1103  E =    -241.31765  RMSG = 1.3974584e-03
 MIN: Iter =   48  NFunc =  1154  E =    -241.31767  RMSG = 2.2759086e-03
 MIN: Iter =   49  NFunc =  1190  E =    -241.31769  RMSG = 1.4325563e-03
 MIN: Iter =   50  NFunc =  1214  E =    -241.31769  RMSG = 1.3415550e-03
 MIN: Iter =   51  NFunc =  1245  E =    -241.31770  RMSG = 7.6105282e-04
 MIN: Iter =   52  NFunc =  1251  E =    -241.31770  RMSG = 5.3774440e-04
 MIN: Iter =   53  NFunc =  1263  E =    -241.31770  RMSG = 2.6002315e-04
----------------------------------------------------------------
 END:          :-)  E =    -241.31770  RMSG =   0.0002600

     bond:      3.591860184
    angle:      8.366483004
 dihedral:     58.040781132
    enb14:     10.821471574
    eel14:   -499.136645746
      enb:     -2.532349556
      eel:    214.556859263
      egb:    -35.026160853
    econs:      0.000000000
    esurf:      0.000000000
    Total:   -241.317700998
     frms:      0.000260023
====== rms.dat  ======================================================
#Frame      all_heavy
       1       0.3100
