====== tleap.out =====================================================
-I: Adding /home/case/amber24/dat/leap/prep to search path.
-I: Adding /home/case/amber24/dat/leap/lib to search path.
-I: Adding /home/case/amber24/dat/leap/parm to search path.
-I: Adding /home/case/amber24/dat/leap/cmd to search path.
-f: Source leap.in.

Welcome to LEaP!
(no leaprc in search path)
Sourcing: ./leap.in
Using Bondi radii
----- Source: /home/case/amber24/dat/leap/cmd/leaprc.gaff2
----- Source of /home/case/amber24/dat/leap/cmd/leaprc.gaff2 done
Log file: ./leap.log
Loading parameters: /home/case/amber24/dat/leap/parm/gaff2.dat
Reading title:
AMBER General Force Field for organic molecules (Version 2.2.20, March 2021)
Loading parameters: ./W1G.frcmod
Reading force field modification type file (frcmod)
Reading title:
Remark line goes here
Loading Mol2 file: ./W1G.mol2
Reading MOLECULE named W1G
Checking Unit.
Building topology.
"order_residues" off: keep input residue order.
Building atom parameters.
Building bond parameters.
Building angle parameters.
Building proper torsion parameters.
Building improper torsion parameters.
 total 14 improper torsions applied
Building H-Bond parameters.
Incorporating Non-Bonded adjustments.
Not Marking per-residue atom chain types.
Marking per-residue atom chain types.
  (Residues lacking connect0/connect1 - 
   these don't have chain types marked:

	res	total affected

	W1G	1
  )
 (no restraints)
	Quit

Exiting LEaP: Errors = 0; Warnings = 0; Notes = 0.
====== min.o =========================================================
Reading parm file (W1G.parm7)
title:
W1G                                                                             
no velocities were found
no velocities were found
	mm_options:  ntpr=5
	mm_options:  gb=1
	mm_options:  kappa=0.10395
	mm_options:  rgbmax=99.
	mm_options:  cut=99.0
	mm_options:  wcons=0.
     bond:      0.732673520
    angle:      1.496837917
 dihedral:      3.955866405
    enb14:      8.756579480
    eel14:      7.955630076
      enb:     -2.319105499
      eel:    -20.627289403
      egb:     -9.627021265
    econs:      0.000000000
    esurf:      0.000000000
    Total:     -9.675828770
     frms:      7.331715696
Starting TNCG minimisation
 MIN: Iter =    0  NFunc =     1  E =      -9.67583  RMSG = 7.3317157e+00
 MIN: Iter =    1  NFunc =     7  E =     -12.83404  RMSG = 1.5873224e+00
 MIN: Iter =    2  NFunc =    13  E =     -13.31032  RMSG = 7.6303402e-01
 MIN: Iter =    3  NFunc =    20  E =     -13.42521  RMSG = 3.6599680e-01
 MIN: Iter =    4  NFunc =    35  E =     -13.55279  RMSG = 2.9846992e-01
 MIN: Iter =    5  NFunc =    41  E =     -13.56449  RMSG = 1.3957802e-01
 MIN: Iter =    6  NFunc =    92  E =     -13.69303  RMSG = 6.6571088e-01
 MIN: Iter =    7  NFunc =    99  E =     -13.80778  RMSG = 5.1112618e-01
 MIN: Iter =    8  NFunc =   109  E =     -13.94222  RMSG = 5.0394899e-01
 MIN: Iter =    9  NFunc =   116  E =     -13.98981  RMSG = 2.2060986e-01
 MIN: Iter =   10  NFunc =   163  E =     -14.09232  RMSG = 5.8563008e-01
 MIN: Iter =   11  NFunc =   169  E =     -14.14190  RMSG = 2.0419811e-01
 MIN: Iter =   12  NFunc =   180  E =     -14.17143  RMSG = 2.3190999e-01
 MIN: Iter =   13  NFunc =   195  E =     -14.19713  RMSG = 1.4191994e-01
 MIN: Iter =   14  NFunc =   204  E =     -14.20373  RMSG = 8.1878649e-02
 MIN: Iter =   15  NFunc =   245  E =     -14.22890  RMSG = 1.4571982e-01
 MIN: Iter =   16  NFunc =   271  E =     -14.24515  RMSG = 4.2025028e-01
 MIN: Iter =   17  NFunc =   277  E =     -14.26111  RMSG = 1.0007113e-01
 MIN: Iter =   18  NFunc =   303  E =     -14.27672  RMSG = 1.8361930e-01
 MIN: Iter =   19  NFunc =   316  E =     -14.28907  RMSG = 1.3064972e-01
 MIN: Iter =   20  NFunc =   327  E =     -14.29529  RMSG = 8.6886024e-02
 MIN: Iter =   21  NFunc =   333  E =     -14.29797  RMSG = 6.7777318e-02
 MIN: Iter =   22  NFunc =   345  E =     -14.30097  RMSG = 5.3765736e-02
 MIN: Iter =   23  NFunc =   371  E =     -14.30682  RMSG = 1.6144788e-01
 MIN: Iter =   24  NFunc =   377  E =     -14.30873  RMSG = 2.3966145e-02
 MIN: Iter =   25  NFunc =   409  E =     -14.30967  RMSG = 2.5561005e-02
 MIN: Iter =   26  NFunc =   415  E =     -14.30973  RMSG = 6.8256081e-03
 MIN: Iter =   27  NFunc =   458  E =     -14.31015  RMSG = 1.1499030e-02
 MIN: Iter =   28  NFunc =   464  E =     -14.31017  RMSG = 4.3130048e-03
 MIN: Iter =   29  NFunc =   472  E =     -14.31017  RMSG = 1.9478296e-03
 MIN: Iter =   30  NFunc =   482  E =     -14.31018  RMSG = 1.0631843e-03
 MIN: Iter =   31  NFunc =   498  E =     -14.31018  RMSG = 1.1455667e-03
 MIN: Iter =   32  NFunc =   515  E =     -14.31018  RMSG = 6.7113697e-04
 MIN: Iter =   33  NFunc =   541  E =     -14.31018  RMSG = 6.7842860e-04
 MIN: Iter =   34  NFunc =   558  E =     -14.31018  RMSG = 3.9813629e-04
----------------------------------------------------------------
 END:          :-)  E =     -14.31018  RMSG =   0.0003981

     bond:      0.498224912
    angle:      0.738268272
 dihedral:      2.974473690
    enb14:      6.828458056
    eel14:      7.716313908
      enb:     -2.225551472
      eel:    -20.859548498
      egb:     -9.980820665
    econs:      0.000000000
    esurf:      0.000000000
    Total:    -14.310181797
     frms:      0.000398136
====== rms.dat  ======================================================
#Frame      all_heavy
       1       0.5428
