====== tleap.out =====================================================
-I: Adding /home/case/amber24/dat/leap/prep to search path.
-I: Adding /home/case/amber24/dat/leap/lib to search path.
-I: Adding /home/case/amber24/dat/leap/parm to search path.
-I: Adding /home/case/amber24/dat/leap/cmd to search path.
-f: Source leap.in.

Welcome to LEaP!
(no leaprc in search path)
Sourcing: ./leap.in
Using Bondi radii
----- Source: /home/case/amber24/dat/leap/cmd/leaprc.gaff2
----- Source of /home/case/amber24/dat/leap/cmd/leaprc.gaff2 done
Log file: ./leap.log
Loading parameters: /home/case/amber24/dat/leap/parm/gaff2.dat
Reading title:
AMBER General Force Field for organic molecules (Version 2.2.20, March 2021)
Loading parameters: ./W2J.frcmod
Reading force field modification type file (frcmod)
Reading title:
Remark line goes here
Loading Mol2 file: ./W2J.mol2
Reading MOLECULE named W2J
Checking Unit.
Building topology.
"order_residues" off: keep input residue order.
Building atom parameters.
Building bond parameters.
Building angle parameters.
Building proper torsion parameters.
Building improper torsion parameters.
 total 0 improper torsions applied
Building H-Bond parameters.
Incorporating Non-Bonded adjustments.
Not Marking per-residue atom chain types.
Marking per-residue atom chain types.
  (Residues lacking connect0/connect1 - 
   these don't have chain types marked:

	res	total affected

	W2J	1
  )
 (no restraints)
	Quit

Exiting LEaP: Errors = 0; Warnings = 0; Notes = 0.
====== min.o =========================================================
Reading parm file (W2J.parm7)
title:
W2J                                                                             
no velocities were found
no velocities were found
	mm_options:  ntpr=5
	mm_options:  gb=1
	mm_options:  kappa=0.10395
	mm_options:  rgbmax=99.
	mm_options:  cut=99.0
	mm_options:  wcons=0.
     bond:      0.547574289
    angle:      0.914662410
 dihedral:      5.868877782
    enb14:      6.939685131
    eel14:    -13.917439592
      enb:     -1.001301454
      eel:     13.515307698
      egb:     -9.283518775
    econs:      0.000000000
    esurf:      0.000000000
    Total:      3.583847489
     frms:      6.443261986
Starting TNCG minimisation
 MIN: Iter =    0  NFunc =     1  E =       3.58385  RMSG = 6.4432620e+00
 MIN: Iter =    1  NFunc =     7  E =       0.69349  RMSG = 1.9539961e+00
 MIN: Iter =    2  NFunc =    13  E =       0.26019  RMSG = 6.3734053e-01
 MIN: Iter =    3  NFunc =    30  E =       0.09668  RMSG = 7.6684559e-01
 MIN: Iter =    4  NFunc =    36  E =       0.08007  RMSG = 1.2517874e-01
 MIN: Iter =    5  NFunc =    55  E =       0.07051  RMSG = 1.1545776e-01
 MIN: Iter =    6  NFunc =    71  E =       0.06558  RMSG = 4.7020596e-02
 MIN: Iter =    7  NFunc =    83  E =       0.06428  RMSG = 2.0765138e-02
 MIN: Iter =    8  NFunc =    91  E =       0.06416  RMSG = 1.0660456e-02
 MIN: Iter =    9  NFunc =    97  E =       0.06412  RMSG = 7.5296565e-03
 MIN: Iter =   10  NFunc =   110  E =       0.06408  RMSG = 3.8775849e-03
 MIN: Iter =   11  NFunc =   119  E =       0.06407  RMSG = 2.3904671e-03
 MIN: Iter =   12  NFunc =   135  E =       0.06407  RMSG = 1.4640319e-03
 MIN: Iter =   13  NFunc =   142  E =       0.06407  RMSG = 6.6104999e-04
 MIN: Iter =   14  NFunc =   149  E =       0.06407  RMSG = 3.6506600e-04
----------------------------------------------------------------
 END:          :-)  E =       0.06407  RMSG =   0.0003651

     bond:      0.807169361
    angle:      0.698316221
 dihedral:      5.933573397
    enb14:      4.567859614
    eel14:    -13.598889339
      enb:     -1.277372068
      eel:     13.106702593
      egb:    -10.173293353
    econs:      0.000000000
    esurf:      0.000000000
    Total:      0.064066425
     frms:      0.000365066
====== rms.dat  ======================================================
#Frame      all_heavy
       1       0.0623
