====== tleap.out =====================================================
-I: Adding /home/case/amber24/dat/leap/prep to search path.
-I: Adding /home/case/amber24/dat/leap/lib to search path.
-I: Adding /home/case/amber24/dat/leap/parm to search path.
-I: Adding /home/case/amber24/dat/leap/cmd to search path.
-f: Source leap.in.

Welcome to LEaP!
(no leaprc in search path)
Sourcing: ./leap.in
Using Bondi radii
----- Source: /home/case/amber24/dat/leap/cmd/leaprc.gaff2
----- Source of /home/case/amber24/dat/leap/cmd/leaprc.gaff2 done
Log file: ./leap.log
Loading parameters: /home/case/amber24/dat/leap/parm/gaff2.dat
Reading title:
AMBER General Force Field for organic molecules (Version 2.2.20, March 2021)
Loading parameters: ./W2R.frcmod
Reading force field modification type file (frcmod)
Reading title:
Remark line goes here
Loading Mol2 file: ./W2R.mol2
Reading MOLECULE named W2R
Checking Unit.
Building topology.
"order_residues" off: keep input residue order.
Building atom parameters.
Building bond parameters.
Building angle parameters.
Building proper torsion parameters.
Building improper torsion parameters.
 total 23 improper torsions applied
Building H-Bond parameters.
Incorporating Non-Bonded adjustments.
Not Marking per-residue atom chain types.
Marking per-residue atom chain types.
  (Residues lacking connect0/connect1 - 
   these don't have chain types marked:

	res	total affected

	W2R	1
  )
 (no restraints)
	Quit

Exiting LEaP: Errors = 0; Warnings = 0; Notes = 0.
====== min.o =========================================================
Reading parm file (W2R.parm7)
title:
W2R                                                                             
no velocities were found
no velocities were found
	mm_options:  ntpr=5
	mm_options:  gb=1
	mm_options:  kappa=0.10395
	mm_options:  rgbmax=99.
	mm_options:  cut=99.0
	mm_options:  wcons=0.
     bond:      3.720521610
    angle:     22.861614750
 dihedral:     19.852074334
    enb14:     20.190389024
    eel14:   -177.461145632
      enb:     -4.008163258
      eel:     77.268688772
      egb:    -34.345425764
    econs:      0.000000000
    esurf:      0.000000000
    Total:    -71.921446163
     frms:     10.633901806
Starting TNCG minimisation
 MIN: Iter =    0  NFunc =     1  E =     -71.92145  RMSG = 1.0633902e+01
 MIN: Iter =    1  NFunc =     7  E =     -84.97691  RMSG = 2.2590260e+00
 MIN: Iter =    2  NFunc =    15  E =     -88.32730  RMSG = 1.0511149e+00
 MIN: Iter =    3  NFunc =    24  E =     -89.21022  RMSG = 5.5501244e-01
 MIN: Iter =    4  NFunc =    71  E =     -89.84963  RMSG = 6.4231425e-01
 MIN: Iter =    5  NFunc =    95  E =     -90.22465  RMSG = 4.9691135e-01
 MIN: Iter =    6  NFunc =   113  E =     -90.32339  RMSG = 1.3173173e-01
 MIN: Iter =    7  NFunc =   164  E =     -90.44874  RMSG = 4.3036052e-01
 MIN: Iter =    8  NFunc =   179  E =     -90.52555  RMSG = 1.7076296e-01
 MIN: Iter =    9  NFunc =   230  E =     -90.63658  RMSG = 2.1766868e-01
 MIN: Iter =   10  NFunc =   237  E =     -90.69150  RMSG = 1.8898429e-01
 MIN: Iter =   11  NFunc =   257  E =     -90.77330  RMSG = 1.6510948e-01
 MIN: Iter =   12  NFunc =   270  E =     -90.82725  RMSG = 1.4509547e-01
 MIN: Iter =   13  NFunc =   307  E =     -90.88935  RMSG = 1.5696381e-01
 MIN: Iter =   14  NFunc =   325  E =     -90.94052  RMSG = 1.6516207e-01
 MIN: Iter =   15  NFunc =   335  E =     -90.97642  RMSG = 1.4308630e-01
 MIN: Iter =   16  NFunc =   344  E =     -91.00206  RMSG = 1.2602368e-01
 MIN: Iter =   17  NFunc =   357  E =     -91.02484  RMSG = 1.1109619e-01
 MIN: Iter =   18  NFunc =   382  E =     -91.05457  RMSG = 1.3255354e-01
 MIN: Iter =   19  NFunc =   425  E =     -91.09662  RMSG = 1.9551774e-01
 MIN: Iter =   20  NFunc =   440  E =     -91.12816  RMSG = 1.2353427e-01
 MIN: Iter =   21  NFunc =   451  E =     -91.14867  RMSG = 1.3619513e-01
 MIN: Iter =   22  NFunc =   472  E =     -91.16332  RMSG = 5.1479257e-02
 MIN: Iter =   23  NFunc =   523  E =     -91.18357  RMSG = 3.2085191e-01
 MIN: Iter =   24  NFunc =   529  E =     -91.19861  RMSG = 8.7931727e-02
 MIN: Iter =   25  NFunc =   580  E =     -91.24805  RMSG = 1.7912774e-01
 MIN: Iter =   26  NFunc =   596  E =     -91.29361  RMSG = 2.1624532e-01
 MIN: Iter =   27  NFunc =   613  E =     -91.33580  RMSG = 1.6690368e-01
 MIN: Iter =   28  NFunc =   655  E =     -91.39092  RMSG = 2.1135937e-01
 MIN: Iter =   29  NFunc =   661  E =     -91.41651  RMSG = 1.1429788e-01
 MIN: Iter =   30  NFunc =   682  E =     -91.46162  RMSG = 1.5860055e-01
 MIN: Iter =   31  NFunc =   695  E =     -91.49108  RMSG = 1.5788357e-01
 MIN: Iter =   32  NFunc =   705  E =     -91.51421  RMSG = 1.4319788e-01
 MIN: Iter =   33  NFunc =   711  E =     -91.52593  RMSG = 9.5163891e-02
 MIN: Iter =   34  NFunc =   743  E =     -91.57359  RMSG = 1.7959332e-01
 MIN: Iter =   35  NFunc =   762  E =     -91.60842  RMSG = 1.6119051e-01
 MIN: Iter =   36  NFunc =   768  E =     -91.61546  RMSG = 5.6707850e-02
 MIN: Iter =   37  NFunc =   819  E =     -91.62961  RMSG = 1.7426795e-01
 MIN: Iter =   38  NFunc =   826  E =     -91.63752  RMSG = 5.3349919e-02
 MIN: Iter =   39  NFunc =   877  E =     -91.64866  RMSG = 2.3387316e-01
 MIN: Iter =   40  NFunc =   883  E =     -91.65935  RMSG = 5.8740800e-02
 MIN: Iter =   41  NFunc =   935  E =     -91.66824  RMSG = 6.1085047e-02
 MIN: Iter =   42  NFunc =   962  E =     -91.67636  RMSG = 7.4096491e-02
 MIN: Iter =   43  NFunc =   969  E =     -91.67951  RMSG = 3.6043767e-02
 MIN: Iter =   44  NFunc =   991  E =     -91.68442  RMSG = 4.2496905e-02
 MIN: Iter =   45  NFunc =   999  E =     -91.68718  RMSG = 4.2123908e-02
 MIN: Iter =   46  NFunc =  1014  E =     -91.68884  RMSG = 2.3931027e-02
 MIN: Iter =   47  NFunc =  1065  E =     -91.69178  RMSG = 2.1838487e-02
 MIN: Iter =   48  NFunc =  1111  E =     -91.69316  RMSG = 1.1602390e-02
 MIN: Iter =   49  NFunc =  1162  E =     -91.69390  RMSG = 1.7475918e-02
 MIN: Iter =   50  NFunc =  1175  E =     -91.69413  RMSG = 8.2256232e-03
 MIN: Iter =   51  NFunc =  1207  E =     -91.69444  RMSG = 6.4127675e-03
 MIN: Iter =   52  NFunc =  1258  E =     -91.69484  RMSG = 9.7023709e-03
 MIN: Iter =   53  NFunc =  1309  E =     -91.69525  RMSG = 1.5040342e-02
 MIN: Iter =   54  NFunc =  1334  E =     -91.69567  RMSG = 1.0778642e-02
 MIN: Iter =   55  NFunc =  1370  E =     -91.69592  RMSG = 5.7235972e-03
 MIN: Iter =   56  NFunc =  1382  E =     -91.69594  RMSG = 2.5081795e-03
 MIN: Iter =   57  NFunc =  1401  E =     -91.69596  RMSG = 1.9378278e-03
 MIN: Iter =   58  NFunc =  1452  E =     -91.69600  RMSG = 3.1140326e-03
 MIN: Iter =   59  NFunc =  1479  E =     -91.69603  RMSG = 2.0771620e-03
 MIN: Iter =   60  NFunc =  1530  E =     -91.69610  RMSG = 4.6612645e-03
 MIN: Iter =   61  NFunc =  1555  E =     -91.69614  RMSG = 2.7026209e-03
 MIN: Iter =   62  NFunc =  1606  E =     -91.69619  RMSG = 2.9191534e-03
 MIN: Iter =   63  NFunc =  1618  E =     -91.69621  RMSG = 1.8665686e-03
 MIN: Iter =   64  NFunc =  1629  E =     -91.69621  RMSG = 1.1692857e-03
 MIN: Iter =   65  NFunc =  1664  E =     -91.69621  RMSG = 5.5746747e-04
 MIN: Iter =   66  NFunc =  1715  E =     -91.69622  RMSG = 8.7871158e-04
 MIN: Iter =   67  NFunc =  1739  E =     -91.69622  RMSG = 3.8666804e-04
----------------------------------------------------------------
 END:          :-)  E =     -91.69622  RMSG =   0.0003867

     bond:      2.455506511
    angle:     17.562134317
 dihedral:     16.969748157
    enb14:     14.286195985
    eel14:   -177.505582399
      enb:     -7.485710367
      eel:     76.864295261
      egb:    -34.842807150
    econs:      0.000000000
    esurf:      0.000000000
    Total:    -91.696219686
     frms:      0.000386668
====== rms.dat  ======================================================
#Frame      all_heavy
       1       1.4299
