====== tleap.out =====================================================
-I: Adding /home/case/amber24/dat/leap/prep to search path.
-I: Adding /home/case/amber24/dat/leap/lib to search path.
-I: Adding /home/case/amber24/dat/leap/parm to search path.
-I: Adding /home/case/amber24/dat/leap/cmd to search path.
-f: Source leap.in.

Welcome to LEaP!
(no leaprc in search path)
Sourcing: ./leap.in
Using Bondi radii
----- Source: /home/case/amber24/dat/leap/cmd/leaprc.gaff2
----- Source of /home/case/amber24/dat/leap/cmd/leaprc.gaff2 done
Log file: ./leap.log
Loading parameters: /home/case/amber24/dat/leap/parm/gaff2.dat
Reading title:
AMBER General Force Field for organic molecules (Version 2.2.20, March 2021)
Loading parameters: ./W52.frcmod
Reading force field modification type file (frcmod)
Reading title:
Remark line goes here
Loading Mol2 file: ./W52.mol2
Reading MOLECULE named W52
Checking Unit.

/home/case/amber24/bin/teLeap: Warning!
The unperturbed charge of the unit (-1.002000) is not zero.

/home/case/amber24/bin/teLeap: Note.
Ignoring the warning from Unit Checking.

Building topology.
"order_residues" off: keep input residue order.
Building atom parameters.
Building bond parameters.
Building angle parameters.
Building proper torsion parameters.
Building improper torsion parameters.
 total 23 improper torsions applied
Building H-Bond parameters.
Incorporating Non-Bonded adjustments.
Not Marking per-residue atom chain types.
Marking per-residue atom chain types.
  (Residues lacking connect0/connect1 - 
   these don't have chain types marked:

	res	total affected

	W52	1
  )
 (no restraints)
	Quit

Exiting LEaP: Errors = 0; Warnings = 1; Notes = 1.
====== min.o =========================================================
Reading parm file (W52.parm7)
title:
W52                                                                             
no velocities were found
no velocities were found
	mm_options:  ntpr=5
	mm_options:  gb=1
	mm_options:  kappa=0.10395
	mm_options:  rgbmax=99.
	mm_options:  cut=99.0
	mm_options:  wcons=0.
     bond:      2.399863561
    angle:     25.935004795
 dihedral:      6.371942216
    enb14:     10.485775665
    eel14:     85.491305561
      enb:     -3.925570368
      eel:    -10.024558294
      egb:    -83.264644373
    econs:      0.000000000
    esurf:      0.000000000
    Total:     33.469118763
     frms:     12.705644042
Starting TNCG minimisation
 MIN: Iter =    0  NFunc =     1  E =      33.46912  RMSG = 1.2705644e+01
 MIN: Iter =    1  NFunc =     7  E =      22.90593  RMSG = 2.2471628e+00
 MIN: Iter =    2  NFunc =    15  E =      21.92929  RMSG = 7.5682208e-01
 MIN: Iter =    3  NFunc =    25  E =      21.62182  RMSG = 3.3381487e-01
 MIN: Iter =    4  NFunc =    76  E =      21.36164  RMSG = 5.0564039e-01
 MIN: Iter =    5  NFunc =    86  E =      21.07789  RMSG = 6.3027811e-01
 MIN: Iter =    6  NFunc =    93  E =      20.83529  RMSG = 6.1089608e-01
 MIN: Iter =    7  NFunc =   105  E =      20.39999  RMSG = 6.2307285e-01
 MIN: Iter =    8  NFunc =   113  E =      20.14732  RMSG = 3.9240592e-01
 MIN: Iter =    9  NFunc =   141  E =      19.95909  RMSG = 1.1960254e+00
 MIN: Iter =   10  NFunc =   147  E =      19.86483  RMSG = 2.5599999e-01
 MIN: Iter =   11  NFunc =   185  E =      19.77571  RMSG = 2.9384774e-01
 MIN: Iter =   12  NFunc =   191  E =      19.76178  RMSG = 1.1699950e-01
 MIN: Iter =   13  NFunc =   209  E =      19.74643  RMSG = 1.4874288e-01
 MIN: Iter =   14  NFunc =   216  E =      19.74371  RMSG = 5.2270605e-02
 MIN: Iter =   15  NFunc =   239  E =      19.73873  RMSG = 4.4010004e-02
 MIN: Iter =   16  NFunc =   261  E =      19.73630  RMSG = 3.2446821e-02
 MIN: Iter =   17  NFunc =   293  E =      19.73336  RMSG = 3.6376373e-02
 MIN: Iter =   18  NFunc =   321  E =      19.73195  RMSG = 2.4352865e-02
 MIN: Iter =   19  NFunc =   350  E =      19.73127  RMSG = 1.3218010e-02
 MIN: Iter =   20  NFunc =   366  E =      19.73112  RMSG = 6.7257232e-03
 MIN: Iter =   21  NFunc =   388  E =      19.73108  RMSG = 3.3465943e-03
 MIN: Iter =   22  NFunc =   399  E =      19.73107  RMSG = 2.1592695e-03
 MIN: Iter =   23  NFunc =   424  E =      19.73107  RMSG = 1.0554980e-03
 MIN: Iter =   24  NFunc =   441  E =      19.73106  RMSG = 5.3022212e-04
 MIN: Iter =   25  NFunc =   485  E =      19.73106  RMSG = 3.7997472e-04
----------------------------------------------------------------
 END:          :-)  E =      19.73106  RMSG =   0.0003800

     bond:      2.856505613
    angle:     15.916833122
 dihedral:     10.084282709
    enb14:      8.379606033
    eel14:     81.618807875
      enb:     -4.369262522
      eel:    -10.803424927
      egb:    -83.952284707
    econs:      0.000000000
    esurf:      0.000000000
    Total:     19.731063196
     frms:      0.000379975
====== rms.dat  ======================================================
#Frame      all_heavy
       1       0.4632
