====== tleap.out =====================================================
-I: Adding /home/case/amber24/dat/leap/prep to search path.
-I: Adding /home/case/amber24/dat/leap/lib to search path.
-I: Adding /home/case/amber24/dat/leap/parm to search path.
-I: Adding /home/case/amber24/dat/leap/cmd to search path.
-f: Source leap.in.

Welcome to LEaP!
(no leaprc in search path)
Sourcing: ./leap.in
Using Bondi radii
----- Source: /home/case/amber24/dat/leap/cmd/leaprc.gaff2
----- Source of /home/case/amber24/dat/leap/cmd/leaprc.gaff2 done
Log file: ./leap.log
Loading parameters: /home/case/amber24/dat/leap/parm/gaff2.dat
Reading title:
AMBER General Force Field for organic molecules (Version 2.2.20, March 2021)
Loading parameters: ./W54.frcmod
Reading force field modification type file (frcmod)
Reading title:
Remark line goes here
Loading Mol2 file: ./W54.mol2
Reading MOLECULE named W54
Checking Unit.
Building topology.
"order_residues" off: keep input residue order.
Building atom parameters.
Building bond parameters.
Building angle parameters.
Building proper torsion parameters.
Building improper torsion parameters.
 total 10 improper torsions applied
Building H-Bond parameters.
Incorporating Non-Bonded adjustments.
Not Marking per-residue atom chain types.
Marking per-residue atom chain types.
  (Residues lacking connect0/connect1 - 
   these don't have chain types marked:

	res	total affected

	W54	1
  )
 (no restraints)
	Quit

Exiting LEaP: Errors = 0; Warnings = 0; Notes = 0.
====== min.o =========================================================
Reading parm file (W54.parm7)
title:
W54                                                                             
no velocities were found
no velocities were found
	mm_options:  ntpr=5
	mm_options:  gb=1
	mm_options:  kappa=0.10395
	mm_options:  rgbmax=99.
	mm_options:  cut=99.0
	mm_options:  wcons=0.
     bond:      2.817194798
    angle:     15.617366679
 dihedral:     19.313443705
    enb14:      7.269654951
    eel14:     32.219135618
      enb:     -3.401878489
      eel:    -41.398104292
      egb:    -15.184760695
    econs:      0.000000000
    esurf:      0.000000000
    Total:     17.252052274
     frms:      8.607084112
Starting TNCG minimisation
 MIN: Iter =    0  NFunc =     1  E =      17.25205  RMSG = 8.6070841e+00
 MIN: Iter =    1  NFunc =     7  E =      10.01094  RMSG = 1.9343998e+00
 MIN: Iter =    2  NFunc =    14  E =       8.61770  RMSG = 9.7952123e-01
 MIN: Iter =    3  NFunc =    25  E =       7.92927  RMSG = 5.3689321e-01
 MIN: Iter =    4  NFunc =    38  E =       7.64700  RMSG = 4.2420376e-01
 MIN: Iter =    5  NFunc =    51  E =       7.49212  RMSG = 6.0356097e-01
 MIN: Iter =    6  NFunc =    67  E =       7.30462  RMSG = 7.1359678e-01
 MIN: Iter =    7  NFunc =    73  E =       7.15674  RMSG = 8.0675294e-01
 MIN: Iter =    8  NFunc =    79  E =       7.09776  RMSG = 1.6880223e-01
 MIN: Iter =    9  NFunc =   113  E =       6.98373  RMSG = 6.7765072e-01
 MIN: Iter =   10  NFunc =   119  E =       6.93075  RMSG = 1.4290004e-01
 MIN: Iter =   11  NFunc =   140  E =       6.90157  RMSG = 2.4918404e-01
 MIN: Iter =   12  NFunc =   146  E =       6.89412  RMSG = 6.1219039e-02
 MIN: Iter =   13  NFunc =   157  E =       6.89123  RMSG = 3.7111979e-02
 MIN: Iter =   14  NFunc =   209  E =       6.87250  RMSG = 1.5718169e-01
 MIN: Iter =   15  NFunc =   215  E =       6.86786  RMSG = 6.6637766e-02
 MIN: Iter =   16  NFunc =   243  E =       6.86452  RMSG = 2.8440602e-02
 MIN: Iter =   17  NFunc =   285  E =       6.85935  RMSG = 5.7392477e-02
 MIN: Iter =   18  NFunc =   294  E =       6.85852  RMSG = 2.1630175e-02
 MIN: Iter =   19  NFunc =   325  E =       6.85789  RMSG = 1.0295526e-02
 MIN: Iter =   20  NFunc =   373  E =       6.85667  RMSG = 5.2596058e-02
 MIN: Iter =   21  NFunc =   379  E =       6.85636  RMSG = 1.6242289e-02
 MIN: Iter =   22  NFunc =   391  E =       6.85617  RMSG = 7.8944896e-03
 MIN: Iter =   23  NFunc =   430  E =       6.85572  RMSG = 9.3815674e-03
 MIN: Iter =   24  NFunc =   481  E =       6.85549  RMSG = 1.0647833e-02
 MIN: Iter =   25  NFunc =   490  E =       6.85546  RMSG = 5.1104873e-03
 MIN: Iter =   26  NFunc =   506  E =       6.85542  RMSG = 3.4263790e-03
 MIN: Iter =   27  NFunc =   524  E =       6.85540  RMSG = 2.0585883e-03
 MIN: Iter =   28  NFunc =   533  E =       6.85540  RMSG = 1.8683814e-03
 MIN: Iter =   29  NFunc =   584  E =       6.85537  RMSG = 4.5177586e-03
 MIN: Iter =   30  NFunc =   627  E =       6.85534  RMSG = 5.5702797e-03
 MIN: Iter =   31  NFunc =   635  E =       6.85533  RMSG = 1.5395992e-03
 MIN: Iter =   32  NFunc =   681  E =       6.85531  RMSG = 9.9717837e-03
 MIN: Iter =   33  NFunc =   687  E =       6.85531  RMSG = 1.9570131e-03
 MIN: Iter =   34  NFunc =   729  E =       6.85528  RMSG = 3.3256187e-03
 MIN: Iter =   35  NFunc =   738  E =       6.85527  RMSG = 3.5409517e-03
 MIN: Iter =   36  NFunc =   754  E =       6.85526  RMSG = 5.0464745e-03
 MIN: Iter =   37  NFunc =   760  E =       6.85525  RMSG = 1.5932822e-03
 MIN: Iter =   38  NFunc =   770  E =       6.85525  RMSG = 8.7132267e-04
 MIN: Iter =   39  NFunc =   812  E =       6.85525  RMSG = 4.4280187e-04
----------------------------------------------------------------
 END:          :-)  E =       6.85525  RMSG =   0.0004428

     bond:      1.383401959
    angle:     12.262672913
 dihedral:     17.570474452
    enb14:      4.679595082
    eel14:     30.832598966
      enb:     -3.857096447
      eel:    -40.006914140
      egb:    -16.009484627
    econs:      0.000000000
    esurf:      0.000000000
    Total:      6.855248159
     frms:      0.000442802
====== rms.dat  ======================================================
#Frame      all_heavy
       1       0.2176
