====== tleap.out =====================================================
-I: Adding /home/case/amber24/dat/leap/prep to search path.
-I: Adding /home/case/amber24/dat/leap/lib to search path.
-I: Adding /home/case/amber24/dat/leap/parm to search path.
-I: Adding /home/case/amber24/dat/leap/cmd to search path.
-f: Source leap.in.

Welcome to LEaP!
(no leaprc in search path)
Sourcing: ./leap.in
Using Bondi radii
----- Source: /home/case/amber24/dat/leap/cmd/leaprc.gaff2
----- Source of /home/case/amber24/dat/leap/cmd/leaprc.gaff2 done
Log file: ./leap.log
Loading parameters: /home/case/amber24/dat/leap/parm/gaff2.dat
Reading title:
AMBER General Force Field for organic molecules (Version 2.2.20, March 2021)
Loading parameters: ./W5Q.frcmod
Reading force field modification type file (frcmod)
Reading title:
Remark line goes here
Loading Mol2 file: ./W5Q.mol2
Reading MOLECULE named W5Q
Checking Unit.
Building topology.
"order_residues" off: keep input residue order.
Building atom parameters.
Building bond parameters.
Building angle parameters.
Building proper torsion parameters.
Building improper torsion parameters.
 total 8 improper torsions applied
Building H-Bond parameters.
Incorporating Non-Bonded adjustments.
Not Marking per-residue atom chain types.
Marking per-residue atom chain types.
  (Residues lacking connect0/connect1 - 
   these don't have chain types marked:

	res	total affected

	W5Q	1
  )
 (no restraints)
	Quit

Exiting LEaP: Errors = 0; Warnings = 0; Notes = 0.
====== min.o =========================================================
Reading parm file (W5Q.parm7)
title:
W5Q                                                                             
no velocities were found
no velocities were found
	mm_options:  ntpr=5
	mm_options:  gb=1
	mm_options:  kappa=0.10395
	mm_options:  rgbmax=99.
	mm_options:  cut=99.0
	mm_options:  wcons=0.
     bond:      1.240832385
    angle:      2.544578739
 dihedral:      5.013377383
    enb14:      6.779027953
    eel14:     42.236394110
      enb:     -2.537302767
      eel:    -53.993149072
      egb:    -14.922426934
    econs:      0.000000000
    esurf:      0.000000000
    Total:    -13.638668203
     frms:      8.492011069
Starting TNCG minimisation
 MIN: Iter =    0  NFunc =     1  E =     -13.63867  RMSG = 8.4920111e+00
 MIN: Iter =    1  NFunc =     7  E =     -17.90634  RMSG = 2.4579643e+00
 MIN: Iter =    2  NFunc =    13  E =     -19.10968  RMSG = 1.3202402e+00
 MIN: Iter =    3  NFunc =    20  E =     -19.53146  RMSG = 5.8132181e-01
 MIN: Iter =    4  NFunc =    44  E =     -19.80463  RMSG = 1.0100964e+00
 MIN: Iter =    5  NFunc =    50  E =     -19.87346  RMSG = 2.9111942e-01
 MIN: Iter =    6  NFunc =   101  E =     -20.02148  RMSG = 4.4149414e-01
 MIN: Iter =    7  NFunc =   107  E =     -20.13949  RMSG = 5.4613309e-01
 MIN: Iter =    8  NFunc =   113  E =     -20.24918  RMSG = 3.3771211e-01
 MIN: Iter =    9  NFunc =   119  E =     -20.30148  RMSG = 3.6241309e-01
 MIN: Iter =   10  NFunc =   127  E =     -20.35124  RMSG = 1.8676003e-01
 MIN: Iter =   11  NFunc =   135  E =     -20.37369  RMSG = 1.6595514e-01
 MIN: Iter =   12  NFunc =   154  E =     -20.40382  RMSG = 2.0892219e-01
 MIN: Iter =   13  NFunc =   160  E =     -20.40945  RMSG = 6.1452213e-02
 MIN: Iter =   14  NFunc =   173  E =     -20.41266  RMSG = 3.9883607e-02
 MIN: Iter =   15  NFunc =   188  E =     -20.41398  RMSG = 2.2313994e-02
 MIN: Iter =   16  NFunc =   212  E =     -20.41441  RMSG = 1.3997104e-02
 MIN: Iter =   17  NFunc =   218  E =     -20.41445  RMSG = 8.2726793e-03
 MIN: Iter =   18  NFunc =   242  E =     -20.41455  RMSG = 4.5735670e-03
 MIN: Iter =   19  NFunc =   286  E =     -20.41468  RMSG = 3.3690025e-03
 MIN: Iter =   20  NFunc =   337  E =     -20.41472  RMSG = 4.6560139e-03
 MIN: Iter =   21  NFunc =   354  E =     -20.41476  RMSG = 3.2461871e-03
 MIN: Iter =   22  NFunc =   374  E =     -20.41477  RMSG = 2.0967501e-03
 MIN: Iter =   23  NFunc =   399  E =     -20.41478  RMSG = 9.0101491e-04
 MIN: Iter =   24  NFunc =   405  E =     -20.41478  RMSG = 4.1987861e-04
----------------------------------------------------------------
 END:          :-)  E =     -20.41478  RMSG =   0.0004199

     bond:      1.080729592
    angle:      1.507958592
 dihedral:      3.895112641
    enb14:      4.807807429
    eel14:     33.622174898
      enb:     -2.571985748
      eel:    -45.266045688
      egb:    -17.490527895
    econs:      0.000000000
    esurf:      0.000000000
    Total:    -20.414776178
     frms:      0.000419879
====== rms.dat  ======================================================
#Frame      all_heavy
       1       0.3556
