====== tleap.out =====================================================
-I: Adding /home/case/amber24/dat/leap/prep to search path.
-I: Adding /home/case/amber24/dat/leap/lib to search path.
-I: Adding /home/case/amber24/dat/leap/parm to search path.
-I: Adding /home/case/amber24/dat/leap/cmd to search path.
-f: Source leap.in.

Welcome to LEaP!
(no leaprc in search path)
Sourcing: ./leap.in
Using Bondi radii
----- Source: /home/case/amber24/dat/leap/cmd/leaprc.gaff2
----- Source of /home/case/amber24/dat/leap/cmd/leaprc.gaff2 done
Log file: ./leap.log
Loading parameters: /home/case/amber24/dat/leap/parm/gaff2.dat
Reading title:
AMBER General Force Field for organic molecules (Version 2.2.20, March 2021)
Loading parameters: ./W5R.frcmod
Reading force field modification type file (frcmod)
Reading title:
Remark line goes here
Loading Mol2 file: ./W5R.mol2
Reading MOLECULE named W5R
Checking Unit.
Building topology.
"order_residues" off: keep input residue order.
Building atom parameters.
Building bond parameters.
Building angle parameters.
Building proper torsion parameters.
Building improper torsion parameters.
 total 13 improper torsions applied
Building H-Bond parameters.
Incorporating Non-Bonded adjustments.
Not Marking per-residue atom chain types.
Marking per-residue atom chain types.
  (Residues lacking connect0/connect1 - 
   these don't have chain types marked:

	res	total affected

	W5R	1
  )
 (no restraints)
	Quit

Exiting LEaP: Errors = 0; Warnings = 0; Notes = 0.
====== min.o =========================================================
Reading parm file (W5R.parm7)
title:
W5R                                                                             
no velocities were found
no velocities were found
	mm_options:  ntpr=5
	mm_options:  gb=1
	mm_options:  kappa=0.10395
	mm_options:  rgbmax=99.
	mm_options:  cut=99.0
	mm_options:  wcons=0.
     bond:      1.967596104
    angle:      7.132959474
 dihedral:     14.449090668
    enb14:     22.372061169
    eel14:   -217.047247153
      enb:      7.519349086
      eel:    134.553229368
      egb:    -20.039192367
    econs:      0.000000000
    esurf:      0.000000000
    Total:    -49.092153652
     frms:      8.036763042
Starting TNCG minimisation
 MIN: Iter =    0  NFunc =     1  E =     -49.09215  RMSG = 8.0367630e+00
 MIN: Iter =    1  NFunc =     7  E =     -62.62273  RMSG = 2.8402735e+00
 MIN: Iter =    2  NFunc =    14  E =     -65.13883  RMSG = 9.7660034e-01
 MIN: Iter =    3  NFunc =    29  E =     -66.09464  RMSG = 5.3767169e-01
 MIN: Iter =    4  NFunc =    80  E =     -66.73000  RMSG = 5.8372436e-01
 MIN: Iter =    5  NFunc =    86  E =     -66.98427  RMSG = 4.1568752e-01
 MIN: Iter =    6  NFunc =   107  E =     -67.39797  RMSG = 4.8719580e-01
 MIN: Iter =    7  NFunc =   116  E =     -67.70542  RMSG = 4.8977292e-01
 MIN: Iter =    8  NFunc =   122  E =     -67.93064  RMSG = 3.3324233e-01
 MIN: Iter =    9  NFunc =   128  E =     -68.01660  RMSG = 2.0108762e-01
 MIN: Iter =   10  NFunc =   156  E =     -68.11336  RMSG = 3.5889255e-01
 MIN: Iter =   11  NFunc =   162  E =     -68.13431  RMSG = 7.3589954e-02
 MIN: Iter =   12  NFunc =   183  E =     -68.16302  RMSG = 8.5880059e-02
 MIN: Iter =   13  NFunc =   202  E =     -68.18574  RMSG = 7.4580611e-02
 MIN: Iter =   14  NFunc =   219  E =     -68.19413  RMSG = 4.5175781e-02
 MIN: Iter =   15  NFunc =   233  E =     -68.19677  RMSG = 2.6485835e-02
 MIN: Iter =   16  NFunc =   270  E =     -68.20313  RMSG = 8.8775037e-02
 MIN: Iter =   17  NFunc =   276  E =     -68.20444  RMSG = 2.1841755e-02
 MIN: Iter =   18  NFunc =   328  E =     -68.20691  RMSG = 4.8648256e-02
 MIN: Iter =   19  NFunc =   335  E =     -68.20767  RMSG = 2.2132072e-02
 MIN: Iter =   20  NFunc =   363  E =     -68.20868  RMSG = 2.5074543e-02
 MIN: Iter =   21  NFunc =   372  E =     -68.20909  RMSG = 1.7668354e-02
 MIN: Iter =   22  NFunc =   380  E =     -68.20931  RMSG = 1.1916629e-02
 MIN: Iter =   23  NFunc =   429  E =     -68.20989  RMSG = 4.7196520e-02
 MIN: Iter =   24  NFunc =   435  E =     -68.21020  RMSG = 7.0330492e-03
 MIN: Iter =   25  NFunc =   443  E =     -68.21025  RMSG = 4.5234655e-03
 MIN: Iter =   26  NFunc =   462  E =     -68.21029  RMSG = 2.7804787e-03
 MIN: Iter =   27  NFunc =   487  E =     -68.21033  RMSG = 2.6927560e-03
 MIN: Iter =   28  NFunc =   538  E =     -68.21035  RMSG = 1.1543150e-03
 MIN: Iter =   29  NFunc =   567  E =     -68.21036  RMSG = 9.6119138e-04
 MIN: Iter =   30  NFunc =   604  E =     -68.21036  RMSG = 4.1718215e-04
----------------------------------------------------------------
 END:          :-)  E =     -68.21036  RMSG =   0.0004172

     bond:      4.027963836
    angle:      5.120785370
 dihedral:     12.661039525
    enb14:     15.282994571
    eel14:   -212.150809556
      enb:     -3.220502132
      eel:    131.766694032
      egb:    -21.698528215
    econs:      0.000000000
    esurf:      0.000000000
    Total:    -68.210362569
     frms:      0.000417182
====== rms.dat  ======================================================
#Frame      all_heavy
       1       0.3888
