====== tleap.out =====================================================
-I: Adding /home/case/amber24/dat/leap/prep to search path.
-I: Adding /home/case/amber24/dat/leap/lib to search path.
-I: Adding /home/case/amber24/dat/leap/parm to search path.
-I: Adding /home/case/amber24/dat/leap/cmd to search path.
-f: Source leap.in.

Welcome to LEaP!
(no leaprc in search path)
Sourcing: ./leap.in
Using Bondi radii
----- Source: /home/case/amber24/dat/leap/cmd/leaprc.gaff2
----- Source of /home/case/amber24/dat/leap/cmd/leaprc.gaff2 done
Log file: ./leap.log
Loading parameters: /home/case/amber24/dat/leap/parm/gaff2.dat
Reading title:
AMBER General Force Field for organic molecules (Version 2.2.20, March 2021)
Loading parameters: ./W5X.frcmod
Reading force field modification type file (frcmod)
Reading title:
Remark line goes here
Loading Mol2 file: ./W5X.mol2
Reading MOLECULE named W5X
Checking Unit.
Building topology.
"order_residues" off: keep input residue order.
Building atom parameters.
Building bond parameters.
Building angle parameters.
Building proper torsion parameters.

/home/case/amber24/bin/teLeap: Note.
1-4: angle 5 7 duplicates bond ('triangular' bond) or angle ('square' bond)


/home/case/amber24/bin/teLeap: Note.
1-4: angle 5 6 duplicates bond ('triangular' bond) or angle ('square' bond)


/home/case/amber24/bin/teLeap: Note.
1-4: angle 6 7 duplicates bond ('triangular' bond) or angle ('square' bond)

Building improper torsion parameters.
 total 12 improper torsions applied
Building H-Bond parameters.
Incorporating Non-Bonded adjustments.
Not Marking per-residue atom chain types.
Marking per-residue atom chain types.
  (Residues lacking connect0/connect1 - 
   these don't have chain types marked:

	res	total affected

	W5X	1
  )
 (no restraints)
	Quit

Exiting LEaP: Errors = 0; Warnings = 0; Notes = 3.
====== min.o =========================================================
Reading parm file (W5X.parm7)
title:
W5X                                                                             
no velocities were found
no velocities were found
	mm_options:  ntpr=5
	mm_options:  gb=1
	mm_options:  kappa=0.10395
	mm_options:  rgbmax=99.
	mm_options:  cut=99.0
	mm_options:  wcons=0.
     bond:      2.876230391
    angle:     15.471092773
 dihedral:     13.645878168
    enb14:      8.418729277
    eel14:    109.169579071
      enb:     -1.876607978
      eel:    -82.881845149
      egb:    -18.433572007
    econs:      0.000000000
    esurf:      0.000000000
    Total:     46.389484546
     frms:      8.767448304
Starting TNCG minimisation
 MIN: Iter =    0  NFunc =     1  E =      46.38948  RMSG = 8.7674483e+00
 MIN: Iter =    1  NFunc =     7  E =      37.06320  RMSG = 2.2577055e+00
 MIN: Iter =    2  NFunc =    16  E =      35.02383  RMSG = 1.1309205e+00
 MIN: Iter =    3  NFunc =    25  E =      34.55733  RMSG = 5.1727018e-01
 MIN: Iter =    4  NFunc =    55  E =      34.03366  RMSG = 5.1788707e-01
 MIN: Iter =    5  NFunc =    72  E =      33.74718  RMSG = 4.9287231e-01
 MIN: Iter =    6  NFunc =    87  E =      33.58245  RMSG = 3.3735638e-01
 MIN: Iter =    7  NFunc =   100  E =      33.50612  RMSG = 1.8274969e-01
 MIN: Iter =    8  NFunc =   124  E =      33.45520  RMSG = 1.3251384e-01
 MIN: Iter =    9  NFunc =   147  E =      33.43104  RMSG = 9.1859802e-02
 MIN: Iter =   10  NFunc =   172  E =      33.41928  RMSG = 7.2523453e-02
 MIN: Iter =   11  NFunc =   207  E =      33.40031  RMSG = 1.5739227e-01
 MIN: Iter =   12  NFunc =   213  E =      33.39558  RMSG = 4.0250682e-02
 MIN: Iter =   13  NFunc =   244  E =      33.39050  RMSG = 3.7096839e-02
 MIN: Iter =   14  NFunc =   254  E =      33.38985  RMSG = 1.7035309e-02
 MIN: Iter =   15  NFunc =   275  E =      33.38931  RMSG = 9.4743502e-03
 MIN: Iter =   16  NFunc =   315  E =      33.38846  RMSG = 1.1902955e-02
 MIN: Iter =   17  NFunc =   331  E =      33.38837  RMSG = 5.7161383e-03
 MIN: Iter =   18  NFunc =   358  E =      33.38826  RMSG = 3.4193898e-03
 MIN: Iter =   19  NFunc =   367  E =      33.38826  RMSG = 1.9479922e-03
 MIN: Iter =   20  NFunc =   388  E =      33.38825  RMSG = 1.1565834e-03
 MIN: Iter =   21  NFunc =   439  E =      33.38824  RMSG = 1.6632173e-03
 MIN: Iter =   22  NFunc =   490  E =      33.38822  RMSG = 8.7753125e-03
 MIN: Iter =   23  NFunc =   496  E =      33.38821  RMSG = 1.8810954e-03
 MIN: Iter =   24  NFunc =   522  E =      33.38820  RMSG = 1.0584474e-02
 MIN: Iter =   25  NFunc =   528  E =      33.38818  RMSG = 1.9416631e-03
 MIN: Iter =   26  NFunc =   541  E =      33.38818  RMSG = 1.3157753e-03
 MIN: Iter =   27  NFunc =   548  E =      33.38818  RMSG = 7.4204374e-04
 MIN: Iter =   28  NFunc =   565  E =      33.38818  RMSG = 6.0454458e-04
 MIN: Iter =   29  NFunc =   599  E =      33.38818  RMSG = 4.2720407e-04
----------------------------------------------------------------
 END:          :-)  E =      33.38818  RMSG =   0.0004272

     bond:      2.433393680
    angle:     13.033838031
 dihedral:     10.318864823
    enb14:      5.541414793
    eel14:    106.018331255
      enb:     -3.463204432
      eel:    -80.861499598
      egb:    -19.632962096
    econs:      0.000000000
    esurf:      0.000000000
    Total:     33.388176455
     frms:      0.000427204
====== rms.dat  ======================================================
#Frame      all_heavy
       1       0.2706
