====== tleap.out =====================================================
-I: Adding /home/case/amber24/dat/leap/prep to search path.
-I: Adding /home/case/amber24/dat/leap/lib to search path.
-I: Adding /home/case/amber24/dat/leap/parm to search path.
-I: Adding /home/case/amber24/dat/leap/cmd to search path.
-f: Source leap.in.

Welcome to LEaP!
(no leaprc in search path)
Sourcing: ./leap.in
Using Bondi radii
----- Source: /home/case/amber24/dat/leap/cmd/leaprc.gaff2
----- Source of /home/case/amber24/dat/leap/cmd/leaprc.gaff2 done
Log file: ./leap.log
Loading parameters: /home/case/amber24/dat/leap/parm/gaff2.dat
Reading title:
AMBER General Force Field for organic molecules (Version 2.2.20, March 2021)
Loading parameters: ./W9J.frcmod
Reading force field modification type file (frcmod)
Reading title:
Remark line goes here
Loading Mol2 file: ./W9J.mol2
Reading MOLECULE named W9J
Checking Unit.

/home/case/amber24/bin/teLeap: Warning!
The unperturbed charge of the unit (-1.001001) is not zero.

/home/case/amber24/bin/teLeap: Note.
Ignoring the warning from Unit Checking.

Building topology.
"order_residues" off: keep input residue order.
Building atom parameters.
Building bond parameters.
Building angle parameters.
Building proper torsion parameters.
Building improper torsion parameters.
 total 4 improper torsions applied
Building H-Bond parameters.
Incorporating Non-Bonded adjustments.
Not Marking per-residue atom chain types.
Marking per-residue atom chain types.
  (Residues lacking connect0/connect1 - 
   these don't have chain types marked:

	res	total affected

	W9J	1
  )
 (no restraints)
	Quit

Exiting LEaP: Errors = 0; Warnings = 1; Notes = 1.
====== min.o =========================================================
Reading parm file (W9J.parm7)
title:
W9J                                                                             
no velocities were found
no velocities were found
	mm_options:  ntpr=5
	mm_options:  gb=1
	mm_options:  kappa=0.10395
	mm_options:  rgbmax=99.
	mm_options:  cut=99.0
	mm_options:  wcons=0.
     bond:      1.658081579
    angle:      4.037152091
 dihedral:     18.788431054
    enb14:      2.877509762
    eel14:     29.648152950
      enb:     -1.205195314
      eel:    -80.903667802
      egb:    -86.719409675
    econs:      0.000000000
    esurf:      0.000000000
    Total:   -111.818945354
     frms:      9.003738323
Starting TNCG minimisation
 MIN: Iter =    0  NFunc =     1  E =    -111.81895  RMSG = 9.0037383e+00
 MIN: Iter =    1  NFunc =     7  E =    -118.53908  RMSG = 3.3611165e+00
 MIN: Iter =    2  NFunc =    14  E =    -119.72151  RMSG = 1.1152816e+00
 MIN: Iter =    3  NFunc =    36  E =    -120.44625  RMSG = 2.1131215e+00
 MIN: Iter =    4  NFunc =    42  E =    -120.82222  RMSG = 1.1294513e+00
 MIN: Iter =    5  NFunc =    50  E =    -121.16035  RMSG = 1.6916732e+00
 MIN: Iter =    6  NFunc =    56  E =    -121.35669  RMSG = 5.3169799e-01
 MIN: Iter =    7  NFunc =    63  E =    -121.45078  RMSG = 1.5567222e+00
 MIN: Iter =    8  NFunc =    69  E =    -121.58209  RMSG = 3.5282863e-01
 MIN: Iter =    9  NFunc =    83  E =    -121.68789  RMSG = 6.1197145e-01
 MIN: Iter =   10  NFunc =    92  E =    -121.80501  RMSG = 1.7308268e+00
 MIN: Iter =   11  NFunc =    98  E =    -121.92784  RMSG = 3.6693312e-01
 MIN: Iter =   12  NFunc =   105  E =    -121.97016  RMSG = 3.8352648e-01
 MIN: Iter =   13  NFunc =   124  E =    -122.07977  RMSG = 1.6618157e+00
 MIN: Iter =   14  NFunc =   130  E =    -122.19764  RMSG = 5.2138465e-01
 MIN: Iter =   15  NFunc =   140  E =    -122.27212  RMSG = 6.7268268e-01
 MIN: Iter =   16  NFunc =   148  E =    -122.34690  RMSG = 7.5279534e-01
 MIN: Iter =   17  NFunc =   167  E =    -122.51441  RMSG = 1.5025424e+00
 MIN: Iter =   18  NFunc =   173  E =    -122.75470  RMSG = 8.6277949e-01
 MIN: Iter =   19  NFunc =   179  E =    -122.92891  RMSG = 1.7525976e+00
 MIN: Iter =   20  NFunc =   185  E =    -123.16589  RMSG = 5.9777488e-01
 MIN: Iter =   21  NFunc =   191  E =    -123.25639  RMSG = 1.3573725e+00
 MIN: Iter =   22  NFunc =   197  E =    -123.34047  RMSG = 3.1372058e-01
 MIN: Iter =   23  NFunc =   215  E =    -123.38335  RMSG = 8.5156765e-01
 MIN: Iter =   24  NFunc =   221  E =    -123.40576  RMSG = 1.6661100e-01
 MIN: Iter =   25  NFunc =   242  E =    -123.42047  RMSG = 1.7590031e-01
 MIN: Iter =   26  NFunc =   252  E =    -123.42775  RMSG = 1.5247589e-01
 MIN: Iter =   27  NFunc =   259  E =    -123.42969  RMSG = 4.8614572e-02
 MIN: Iter =   28  NFunc =   274  E =    -123.43296  RMSG = 1.2716663e-01
 MIN: Iter =   29  NFunc =   282  E =    -123.43370  RMSG = 2.7422769e-02
 MIN: Iter =   30  NFunc =   311  E =    -123.43489  RMSG = 2.8351940e-02
 MIN: Iter =   31  NFunc =   329  E =    -123.43528  RMSG = 2.0887121e-02
 MIN: Iter =   32  NFunc =   338  E =    -123.43542  RMSG = 8.2997397e-03
 MIN: Iter =   33  NFunc =   363  E =    -123.43551  RMSG = 4.6772875e-03
 MIN: Iter =   34  NFunc =   382  E =    -123.43554  RMSG = 2.7752127e-03
 MIN: Iter =   35  NFunc =   392  E =    -123.43554  RMSG = 1.6983389e-03
 MIN: Iter =   36  NFunc =   416  E =    -123.43554  RMSG = 1.0440094e-03
 MIN: Iter =   37  NFunc =   435  E =    -123.43554  RMSG = 4.7904879e-04
----------------------------------------------------------------
 END:          :-)  E =    -123.43554  RMSG =   0.0004790

     bond:      0.901403634
    angle:      3.460027386
 dihedral:     11.836880256
    enb14:      0.944417019
    eel14:     22.716563198
      enb:     -1.955783313
      eel:    -78.685793987
      egb:    -82.653258396
    econs:      0.000000000
    esurf:      0.000000000
    Total:   -123.435544203
     frms:      0.000479049
====== rms.dat  ======================================================
#Frame      all_heavy
       1       0.7114
