====== tleap.out =====================================================
-I: Adding /home/case/amber24/dat/leap/prep to search path.
-I: Adding /home/case/amber24/dat/leap/lib to search path.
-I: Adding /home/case/amber24/dat/leap/parm to search path.
-I: Adding /home/case/amber24/dat/leap/cmd to search path.
-f: Source leap.in.

Welcome to LEaP!
(no leaprc in search path)
Sourcing: ./leap.in
Using Bondi radii
----- Source: /home/case/amber24/dat/leap/cmd/leaprc.gaff2
----- Source of /home/case/amber24/dat/leap/cmd/leaprc.gaff2 done
Log file: ./leap.log
Loading parameters: /home/case/amber24/dat/leap/parm/gaff2.dat
Reading title:
AMBER General Force Field for organic molecules (Version 2.2.20, March 2021)
Loading parameters: ./WBV.frcmod
Reading force field modification type file (frcmod)
Reading title:
Remark line goes here
Loading Mol2 file: ./WBV.mol2
Reading MOLECULE named WBV
Checking Unit.

/home/case/amber24/bin/teLeap: Warning!
The unperturbed charge of the unit (-1.000002) is not zero.

/home/case/amber24/bin/teLeap: Note.
Ignoring the warning from Unit Checking.

Building topology.
"order_residues" off: keep input residue order.
Building atom parameters.
Building bond parameters.
Building angle parameters.
Building proper torsion parameters.
Building improper torsion parameters.
 total 19 improper torsions applied
Building H-Bond parameters.
Incorporating Non-Bonded adjustments.
Not Marking per-residue atom chain types.
Marking per-residue atom chain types.
  (Residues lacking connect0/connect1 - 
   these don't have chain types marked:

	res	total affected

	WBV	1
  )
 (no restraints)
	Quit

Exiting LEaP: Errors = 0; Warnings = 1; Notes = 1.
====== min.o =========================================================
Reading parm file (WBV.parm7)
title:
WBV                                                                             
no velocities were found
no velocities were found
	mm_options:  ntpr=5
	mm_options:  gb=1
	mm_options:  kappa=0.10395
	mm_options:  rgbmax=99.
	mm_options:  cut=99.0
	mm_options:  wcons=0.
     bond:      3.764076815
    angle:     30.652627614
 dihedral:     14.426754512
    enb14:     13.683372758
    eel14:      2.001980299
      enb:     -9.666740824
      eel:    -20.417620198
      egb:    -80.165676953
    econs:      0.000000000
    esurf:      0.000000000
    Total:    -45.721225977
     frms:     10.012301349
Starting TNCG minimisation
 MIN: Iter =    0  NFunc =     1  E =     -45.72123  RMSG = 1.0012301e+01
 MIN: Iter =    1  NFunc =     7  E =     -58.49914  RMSG = 2.7101663e+00
 MIN: Iter =    2  NFunc =    13  E =     -60.90936  RMSG = 1.1564236e+00
 MIN: Iter =    3  NFunc =    25  E =     -61.82438  RMSG = 4.4144340e-01
 MIN: Iter =    4  NFunc =    48  E =     -62.17342  RMSG = 6.7871514e-01
 MIN: Iter =    5  NFunc =    54  E =     -62.24333  RMSG = 2.4077480e-01
 MIN: Iter =    6  NFunc =    72  E =     -62.31778  RMSG = 6.8969303e-01
 MIN: Iter =    7  NFunc =    78  E =     -62.38579  RMSG = 1.8522447e-01
 MIN: Iter =    8  NFunc =   119  E =     -62.46043  RMSG = 3.5217758e-01
 MIN: Iter =    9  NFunc =   125  E =     -62.49079  RMSG = 1.4525247e-01
 MIN: Iter =   10  NFunc =   142  E =     -62.53359  RMSG = 2.4032671e-01
 MIN: Iter =   11  NFunc =   149  E =     -62.56148  RMSG = 1.6606761e-01
 MIN: Iter =   12  NFunc =   155  E =     -62.57453  RMSG = 1.2389867e-01
 MIN: Iter =   13  NFunc =   164  E =     -62.58454  RMSG = 8.2462212e-02
 MIN: Iter =   14  NFunc =   179  E =     -62.59320  RMSG = 6.0379459e-02
 MIN: Iter =   15  NFunc =   203  E =     -62.60713  RMSG = 8.5369281e-02
 MIN: Iter =   16  NFunc =   246  E =     -62.63147  RMSG = 1.2905322e-01
 MIN: Iter =   17  NFunc =   253  E =     -62.63586  RMSG = 5.3135924e-02
 MIN: Iter =   18  NFunc =   293  E =     -62.64483  RMSG = 4.6358219e-02
 MIN: Iter =   19  NFunc =   344  E =     -62.65079  RMSG = 1.0355157e-01
 MIN: Iter =   20  NFunc =   350  E =     -62.65312  RMSG = 2.6081409e-02
 MIN: Iter =   21  NFunc =   402  E =     -62.65703  RMSG = 4.8187477e-02
 MIN: Iter =   22  NFunc =   431  E =     -62.66026  RMSG = 5.8829058e-02
 MIN: Iter =   23  NFunc =   437  E =     -62.66126  RMSG = 2.4160577e-02
 MIN: Iter =   24  NFunc =   469  E =     -62.66312  RMSG = 3.4520990e-02
 MIN: Iter =   25  NFunc =   486  E =     -62.66430  RMSG = 2.2289733e-02
 MIN: Iter =   26  NFunc =   500  E =     -62.66487  RMSG = 1.7906014e-02
 MIN: Iter =   27  NFunc =   510  E =     -62.66510  RMSG = 7.3069373e-03
 MIN: Iter =   28  NFunc =   542  E =     -62.66576  RMSG = 1.1374654e-02
 MIN: Iter =   29  NFunc =   581  E =     -62.66633  RMSG = 1.1165973e-02
 MIN: Iter =   30  NFunc =   623  E =     -62.66664  RMSG = 8.3210447e-03
 MIN: Iter =   31  NFunc =   652  E =     -62.66671  RMSG = 3.3272795e-03
 MIN: Iter =   32  NFunc =   703  E =     -62.66679  RMSG = 2.3618541e-02
 MIN: Iter =   33  NFunc =   709  E =     -62.66686  RMSG = 3.8245646e-03
 MIN: Iter =   34  NFunc =   736  E =     -62.66693  RMSG = 1.3547474e-02
 MIN: Iter =   35  NFunc =   742  E =     -62.66695  RMSG = 4.4416056e-03
 MIN: Iter =   36  NFunc =   794  E =     -62.66703  RMSG = 6.0210427e-03
 MIN: Iter =   37  NFunc =   811  E =     -62.66707  RMSG = 5.0752079e-03
 MIN: Iter =   38  NFunc =   825  E =     -62.66709  RMSG = 2.6980606e-03
 MIN: Iter =   39  NFunc =   841  E =     -62.66710  RMSG = 1.7631778e-03
 MIN: Iter =   40  NFunc =   892  E =     -62.66711  RMSG = 1.4133624e-03
 MIN: Iter =   41  NFunc =   923  E =     -62.66711  RMSG = 7.8747489e-04
 MIN: Iter =   42  NFunc =   968  E =     -62.66712  RMSG = 7.8959025e-04
 MIN: Iter =   43  NFunc =  1019  E =     -62.66712  RMSG = 5.5235068e-04
 MIN: Iter =   44  NFunc =  1042  E =     -62.66712  RMSG = 3.5662297e-04
----------------------------------------------------------------
 END:          :-)  E =     -62.66712  RMSG =   0.0003566

     bond:      3.403473642
    angle:     23.590885340
 dihedral:     14.050314530
    enb14:      9.241639824
    eel14:      1.327601288
      enb:    -11.890529298
      eel:    -20.317626376
      egb:    -82.072879618
    econs:      0.000000000
    esurf:      0.000000000
    Total:    -62.667120669
     frms:      0.000356623
====== rms.dat  ======================================================
#Frame      all_heavy
       1       0.2516
