====== tleap.out =====================================================
-I: Adding /home/case/amber24/dat/leap/prep to search path.
-I: Adding /home/case/amber24/dat/leap/lib to search path.
-I: Adding /home/case/amber24/dat/leap/parm to search path.
-I: Adding /home/case/amber24/dat/leap/cmd to search path.
-f: Source leap.in.

Welcome to LEaP!
(no leaprc in search path)
Sourcing: ./leap.in
Using Bondi radii
----- Source: /home/case/amber24/dat/leap/cmd/leaprc.gaff2
----- Source of /home/case/amber24/dat/leap/cmd/leaprc.gaff2 done
Log file: ./leap.log
Loading parameters: /home/case/amber24/dat/leap/parm/gaff2.dat
Reading title:
AMBER General Force Field for organic molecules (Version 2.2.20, March 2021)
Loading parameters: ./WCK.frcmod
Reading force field modification type file (frcmod)
Reading title:
Remark line goes here
Loading Mol2 file: ./WCK.mol2
Reading MOLECULE named WCK
Checking Unit.
Building topology.
"order_residues" off: keep input residue order.
Building atom parameters.
Building bond parameters.
Building angle parameters.
Building proper torsion parameters.
Building improper torsion parameters.
 total 16 improper torsions applied
Building H-Bond parameters.
Incorporating Non-Bonded adjustments.
Not Marking per-residue atom chain types.
Marking per-residue atom chain types.
  (Residues lacking connect0/connect1 - 
   these don't have chain types marked:

	res	total affected

	WCK	1
  )
 (no restraints)
	Quit

Exiting LEaP: Errors = 0; Warnings = 0; Notes = 0.
====== min.o =========================================================
Reading parm file (WCK.parm7)
title:
WCK                                                                             
no velocities were found
no velocities were found
	mm_options:  ntpr=5
	mm_options:  gb=1
	mm_options:  kappa=0.10395
	mm_options:  rgbmax=99.
	mm_options:  cut=99.0
	mm_options:  wcons=0.
     bond:      2.815943414
    angle:     11.202455627
 dihedral:     19.145533587
    enb14:     17.903918073
    eel14:   -219.027190103
      enb:     -1.483253915
      eel:     58.006951622
      egb:    -24.458005013
    econs:      0.000000000
    esurf:      0.000000000
    Total:   -135.893646708
     frms:     12.196257519
Starting TNCG minimisation
 MIN: Iter =    0  NFunc =     1  E =    -135.89365  RMSG = 1.2196258e+01
 MIN: Iter =    1  NFunc =     7  E =    -147.83851  RMSG = 2.5092079e+00
 MIN: Iter =    2  NFunc =    21  E =    -149.69878  RMSG = 1.9414674e+00
 MIN: Iter =    3  NFunc =    28  E =    -150.95149  RMSG = 1.0829760e+00
 MIN: Iter =    4  NFunc =    70  E =    -151.52344  RMSG = 9.3579764e-01
 MIN: Iter =    5  NFunc =    89  E =    -151.95560  RMSG = 7.3135408e-01
 MIN: Iter =    6  NFunc =   100  E =    -152.23771  RMSG = 4.5959994e-01
 MIN: Iter =    7  NFunc =   106  E =    -152.32183  RMSG = 1.8483028e-01
 MIN: Iter =    8  NFunc =   148  E =    -152.52496  RMSG = 1.9187331e-01
 MIN: Iter =    9  NFunc =   181  E =    -152.66101  RMSG = 3.2899276e-01
 MIN: Iter =   10  NFunc =   203  E =    -152.74601  RMSG = 3.4530612e-01
 MIN: Iter =   11  NFunc =   219  E =    -152.81074  RMSG = 2.3780924e-01
 MIN: Iter =   12  NFunc =   227  E =    -152.83916  RMSG = 1.5773549e-01
 MIN: Iter =   13  NFunc =   242  E =    -152.87800  RMSG = 2.9222497e-01
 MIN: Iter =   14  NFunc =   249  E =    -152.89576  RMSG = 9.8444155e-02
 MIN: Iter =   15  NFunc =   274  E =    -152.91133  RMSG = 1.0669251e-01
 MIN: Iter =   16  NFunc =   289  E =    -152.92920  RMSG = 1.8671543e-01
 MIN: Iter =   17  NFunc =   297  E =    -152.93618  RMSG = 6.0808185e-02
 MIN: Iter =   18  NFunc =   310  E =    -152.94326  RMSG = 8.0525600e-02
 MIN: Iter =   19  NFunc =   361  E =    -152.97176  RMSG = 2.2197261e-01
 MIN: Iter =   20  NFunc =   369  E =    -152.98833  RMSG = 1.0292537e-01
 MIN: Iter =   21  NFunc =   375  E =    -152.99466  RMSG = 1.1531951e-01
 MIN: Iter =   22  NFunc =   394  E =    -153.00980  RMSG = 9.1642437e-02
 MIN: Iter =   23  NFunc =   408  E =    -153.01419  RMSG = 3.3113942e-02
 MIN: Iter =   24  NFunc =   423  E =    -153.01556  RMSG = 2.9101922e-02
 MIN: Iter =   25  NFunc =   445  E =    -153.01681  RMSG = 1.3981069e-02
 MIN: Iter =   26  NFunc =   462  E =    -153.01724  RMSG = 1.0343535e-02
 MIN: Iter =   27  NFunc =   494  E =    -153.01812  RMSG = 1.1686866e-02
 MIN: Iter =   28  NFunc =   544  E =    -153.01865  RMSG = 8.0865933e-03
 MIN: Iter =   29  NFunc =   561  E =    -153.01871  RMSG = 4.3503498e-03
 MIN: Iter =   30  NFunc =   581  E =    -153.01873  RMSG = 2.1987050e-03
 MIN: Iter =   31  NFunc =   612  E =    -153.01875  RMSG = 1.7816264e-03
 MIN: Iter =   32  NFunc =   663  E =    -153.01877  RMSG = 1.9125456e-03
 MIN: Iter =   33  NFunc =   689  E =    -153.01878  RMSG = 1.3135734e-03
 MIN: Iter =   34  NFunc =   695  E =    -153.01878  RMSG = 7.1779230e-04
 MIN: Iter =   35  NFunc =   708  E =    -153.01878  RMSG = 4.0769819e-04
----------------------------------------------------------------
 END:          :-)  E =    -153.01878  RMSG =   0.0004077

     bond:      2.778723248
    angle:      7.298020540
 dihedral:     18.389196371
    enb14:     11.956436306
    eel14:   -223.689856517
      enb:     -2.043092030
      eel:     58.238155216
      egb:    -25.946359532
    econs:      0.000000000
    esurf:      0.000000000
    Total:   -153.018776397
     frms:      0.000407698
====== rms.dat  ======================================================
#Frame      all_heavy
       1       0.5260
