====== tleap.out =====================================================
-I: Adding /home/case/amber24/dat/leap/prep to search path.
-I: Adding /home/case/amber24/dat/leap/lib to search path.
-I: Adding /home/case/amber24/dat/leap/parm to search path.
-I: Adding /home/case/amber24/dat/leap/cmd to search path.
-f: Source leap.in.

Welcome to LEaP!
(no leaprc in search path)
Sourcing: ./leap.in
Using Bondi radii
----- Source: /home/case/amber24/dat/leap/cmd/leaprc.gaff2
----- Source of /home/case/amber24/dat/leap/cmd/leaprc.gaff2 done
Log file: ./leap.log
Loading parameters: /home/case/amber24/dat/leap/parm/gaff2.dat
Reading title:
AMBER General Force Field for organic molecules (Version 2.2.20, March 2021)
Loading parameters: ./WCW.frcmod
Reading force field modification type file (frcmod)
Reading title:
Remark line goes here
Loading Mol2 file: ./WCW.mol2
Reading MOLECULE named WCW
Checking Unit.

/home/case/amber24/bin/teLeap: Warning!
The unperturbed charge of the unit (-0.996000) is not zero.

/home/case/amber24/bin/teLeap: Note.
Ignoring the warning from Unit Checking.

Building topology.
"order_residues" off: keep input residue order.
Building atom parameters.
Building bond parameters.
Building angle parameters.
Building proper torsion parameters.
Building improper torsion parameters.
 total 8 improper torsions applied
Building H-Bond parameters.
Incorporating Non-Bonded adjustments.
Not Marking per-residue atom chain types.
Marking per-residue atom chain types.
  (Residues lacking connect0/connect1 - 
   these don't have chain types marked:

	res	total affected

	WCW	1
  )
 (no restraints)
	Quit

Exiting LEaP: Errors = 0; Warnings = 1; Notes = 1.
====== min.o =========================================================
Reading parm file (WCW.parm7)
title:
WCW                                                                             
no velocities were found
no velocities were found
	mm_options:  ntpr=5
	mm_options:  gb=1
	mm_options:  kappa=0.10395
	mm_options:  rgbmax=99.
	mm_options:  cut=99.0
	mm_options:  wcons=0.
     bond:      1.925219686
    angle:      3.865265113
 dihedral:     52.308374457
    enb14:     10.886727580
    eel14:    145.858412068
      enb:      2.142463712
      eel:   -100.212620436
      egb:    -77.647829326
    econs:      0.000000000
    esurf:      0.000000000
    Total:     39.126012854
     frms:      9.732226260
Starting TNCG minimisation
 MIN: Iter =    0  NFunc =     1  E =      39.12601  RMSG = 9.7322263e+00
 MIN: Iter =    1  NFunc =     7  E =      28.51756  RMSG = 5.0183853e+00
 MIN: Iter =    2  NFunc =    13  E =      27.01661  RMSG = 9.7660457e-01
 MIN: Iter =    3  NFunc =    20  E =      26.77606  RMSG = 4.8622805e-01
 MIN: Iter =    4  NFunc =    27  E =      26.67046  RMSG = 4.0751851e-01
 MIN: Iter =    5  NFunc =    53  E =      26.26417  RMSG = 9.4412515e-01
 MIN: Iter =    6  NFunc =    87  E =      25.82166  RMSG = 1.1226636e+00
 MIN: Iter =    7  NFunc =    98  E =      25.36609  RMSG = 1.0725236e+00
 MIN: Iter =    8  NFunc =   104  E =      24.93931  RMSG = 8.2477041e-01
 MIN: Iter =    9  NFunc =   110  E =      24.60173  RMSG = 7.8421789e-01
 MIN: Iter =   10  NFunc =   116  E =      24.37800  RMSG = 6.4269309e-01
 MIN: Iter =   11  NFunc =   122  E =      24.25705  RMSG = 3.5101134e-01
 MIN: Iter =   12  NFunc =   146  E =      24.03621  RMSG = 6.5108189e-01
 MIN: Iter =   13  NFunc =   166  E =      23.90175  RMSG = 4.1223000e-01
 MIN: Iter =   14  NFunc =   180  E =      23.83061  RMSG = 3.4479450e-01
 MIN: Iter =   15  NFunc =   190  E =      23.78782  RMSG = 2.7230672e-01
 MIN: Iter =   16  NFunc =   199  E =      23.75080  RMSG = 4.6093332e-01
 MIN: Iter =   17  NFunc =   229  E =      23.63911  RMSG = 7.9971748e-01
 MIN: Iter =   18  NFunc =   235  E =      23.50728  RMSG = 6.9262823e-01
 MIN: Iter =   19  NFunc =   248  E =      23.30545  RMSG = 7.4119585e-01
 MIN: Iter =   20  NFunc =   255  E =      23.17667  RMSG = 2.4855154e-01
 MIN: Iter =   21  NFunc =   267  E =      23.12091  RMSG = 3.3082685e-01
 MIN: Iter =   22  NFunc =   280  E =      23.08970  RMSG = 1.0556766e-01
 MIN: Iter =   23  NFunc =   314  E =      23.06373  RMSG = 1.5700640e-01
 MIN: Iter =   24  NFunc =   320  E =      23.06135  RMSG = 3.9940233e-02
 MIN: Iter =   25  NFunc =   331  E =      23.06047  RMSG = 2.3450737e-02
 MIN: Iter =   26  NFunc =   347  E =      23.05996  RMSG = 1.3329984e-02
 MIN: Iter =   27  NFunc =   358  E =      23.05988  RMSG = 6.1379131e-03
 MIN: Iter =   28  NFunc =   377  E =      23.05983  RMSG = 2.8424052e-03
 MIN: Iter =   29  NFunc =   383  E =      23.05983  RMSG = 1.5844325e-03
 MIN: Iter =   30  NFunc =   406  E =      23.05983  RMSG = 6.4767358e-04
 MIN: Iter =   31  NFunc =   441  E =      23.05982  RMSG = 5.5360026e-04
 MIN: Iter =   32  NFunc =   466  E =      23.05982  RMSG = 2.0699002e-04
----------------------------------------------------------------
 END:          :-)  E =      23.05982  RMSG =   0.0002070

     bond:      2.894420729
    angle:      7.010175600
 dihedral:     47.803013704
    enb14:      6.984027180
    eel14:    142.081327604
      enb:     -2.474110577
      eel:   -100.720129089
      egb:    -80.518900731
    econs:      0.000000000
    esurf:      0.000000000
    Total:     23.059824419
     frms:      0.000206990
====== rms.dat  ======================================================
#Frame      all_heavy
       1       0.8660
