====== tleap.out =====================================================
-I: Adding /home/case/amber24/dat/leap/prep to search path.
-I: Adding /home/case/amber24/dat/leap/lib to search path.
-I: Adding /home/case/amber24/dat/leap/parm to search path.
-I: Adding /home/case/amber24/dat/leap/cmd to search path.
-f: Source leap.in.

Welcome to LEaP!
(no leaprc in search path)
Sourcing: ./leap.in
Using Bondi radii
----- Source: /home/case/amber24/dat/leap/cmd/leaprc.gaff2
----- Source of /home/case/amber24/dat/leap/cmd/leaprc.gaff2 done
Log file: ./leap.log
Loading parameters: /home/case/amber24/dat/leap/parm/gaff2.dat
Reading title:
AMBER General Force Field for organic molecules (Version 2.2.20, March 2021)
Loading parameters: ./WD4.frcmod
Reading force field modification type file (frcmod)
Reading title:
Remark line goes here
Loading Mol2 file: ./WD4.mol2
Reading MOLECULE named WD4
Checking Unit.
Building topology.
"order_residues" off: keep input residue order.
Building atom parameters.
Building bond parameters.
Building angle parameters.
Building proper torsion parameters.

/home/case/amber24/bin/teLeap: Note.
1-4: angle 2 9 duplicates bond ('triangular' bond) or angle ('square' bond)


/home/case/amber24/bin/teLeap: Note.
1-4: angle 2 6 duplicates bond ('triangular' bond) or angle ('square' bond)


/home/case/amber24/bin/teLeap: Note.
1-4: angle 6 9 duplicates bond ('triangular' bond) or angle ('square' bond)

Building improper torsion parameters.
 total 3 improper torsions applied
Building H-Bond parameters.
Incorporating Non-Bonded adjustments.
Not Marking per-residue atom chain types.
Marking per-residue atom chain types.
  (Residues lacking connect0/connect1 - 
   these don't have chain types marked:

	res	total affected

	WD4	1
  )
 (no restraints)
	Quit

Exiting LEaP: Errors = 0; Warnings = 0; Notes = 3.
====== min.o =========================================================
Reading parm file (WD4.parm7)
title:
WD4                                                                             
no velocities were found
no velocities were found
	mm_options:  ntpr=5
	mm_options:  gb=1
	mm_options:  kappa=0.10395
	mm_options:  rgbmax=99.
	mm_options:  cut=99.0
	mm_options:  wcons=0.
     bond:      0.734046766
    angle:      4.979325181
 dihedral:     20.673282451
    enb14:      0.274831283
    eel14:    -50.137554699
      enb:     -0.891534408
      eel:      9.124050841
      egb:    -12.199345374
    econs:      0.000000000
    esurf:      0.000000000
    Total:    -27.442897957
     frms:      7.711415838
Starting TNCG minimisation
 MIN: Iter =    0  NFunc =     1  E =     -27.44290  RMSG = 7.7114158e+00
 MIN: Iter =    1  NFunc =     7  E =     -31.21174  RMSG = 3.0751654e+00
 MIN: Iter =    2  NFunc =    13  E =     -32.26429  RMSG = 2.0012222e+00
 MIN: Iter =    3  NFunc =    19  E =     -32.59204  RMSG = 7.4284599e-01
 MIN: Iter =    4  NFunc =    30  E =     -32.84727  RMSG = 9.0807796e-01
 MIN: Iter =    5  NFunc =    36  E =     -32.89041  RMSG = 3.5383956e-01
 MIN: Iter =    6  NFunc =    60  E =     -32.99975  RMSG = 1.1826859e+00
 MIN: Iter =    7  NFunc =    66  E =     -33.06050  RMSG = 2.3612825e-01
 MIN: Iter =    8  NFunc =    77  E =     -33.08809  RMSG = 5.6589582e-01
 MIN: Iter =    9  NFunc =    83  E =     -33.10204  RMSG = 1.1989824e-01
 MIN: Iter =   10  NFunc =   120  E =     -33.12151  RMSG = 1.0872874e-01
 MIN: Iter =   11  NFunc =   133  E =     -33.13144  RMSG = 1.8307611e-01
 MIN: Iter =   12  NFunc =   140  E =     -33.13511  RMSG = 6.4055649e-02
 MIN: Iter =   13  NFunc =   153  E =     -33.13756  RMSG = 5.7437366e-02
 MIN: Iter =   14  NFunc =   163  E =     -33.13825  RMSG = 1.8560107e-02
 MIN: Iter =   15  NFunc =   189  E =     -33.13915  RMSG = 2.0559512e-02
 MIN: Iter =   16  NFunc =   196  E =     -33.13918  RMSG = 6.7670371e-03
 MIN: Iter =   17  NFunc =   202  E =     -33.13918  RMSG = 3.0544586e-03
 MIN: Iter =   18  NFunc =   218  E =     -33.13919  RMSG = 1.3773893e-03
 MIN: Iter =   19  NFunc =   255  E =     -33.13919  RMSG = 6.0747208e-04
 MIN: Iter =   20  NFunc =   275  E =     -33.13919  RMSG = 8.0636414e-04
 MIN: Iter =   21  NFunc =   286  E =     -33.13920  RMSG = 3.2931294e-04
----------------------------------------------------------------
 END:          :-)  E =     -33.13920  RMSG =   0.0003293

     bond:      0.503727827
    angle:      2.963605712
 dihedral:     17.858442757
    enb14:     -0.115981948
    eel14:    -48.740949748
      enb:     -1.103468739
      eel:      7.783065924
      egb:    -12.287636894
    econs:      0.000000000
    esurf:      0.000000000
    Total:    -33.139195109
     frms:      0.000329313
====== rms.dat  ======================================================
#Frame      all_heavy
       1       0.1775
