====== tleap.out =====================================================
-I: Adding /home/case/amber24/dat/leap/prep to search path.
-I: Adding /home/case/amber24/dat/leap/lib to search path.
-I: Adding /home/case/amber24/dat/leap/parm to search path.
-I: Adding /home/case/amber24/dat/leap/cmd to search path.
-f: Source leap.in.

Welcome to LEaP!
(no leaprc in search path)
Sourcing: ./leap.in
Using Bondi radii
----- Source: /home/case/amber24/dat/leap/cmd/leaprc.gaff2
----- Source of /home/case/amber24/dat/leap/cmd/leaprc.gaff2 done
Log file: ./leap.log
Loading parameters: /home/case/amber24/dat/leap/parm/gaff2.dat
Reading title:
AMBER General Force Field for organic molecules (Version 2.2.20, March 2021)
Loading parameters: ./WEI.frcmod
Reading force field modification type file (frcmod)
Reading title:
Remark line goes here
Loading Mol2 file: ./WEI.mol2
Reading MOLECULE named WEI
Checking Unit.
Building topology.
"order_residues" off: keep input residue order.
Building atom parameters.
Building bond parameters.
Building angle parameters.
Building proper torsion parameters.
Building improper torsion parameters.
 total 8 improper torsions applied
Building H-Bond parameters.
Incorporating Non-Bonded adjustments.
Not Marking per-residue atom chain types.
Marking per-residue atom chain types.
  (Residues lacking connect0/connect1 - 
   these don't have chain types marked:

	res	total affected

	WEI	1
  )
 (no restraints)
	Quit

Exiting LEaP: Errors = 0; Warnings = 0; Notes = 0.
====== min.o =========================================================
Reading parm file (WEI.parm7)
title:
WEI                                                                             
no velocities were found
no velocities were found
	mm_options:  ntpr=5
	mm_options:  gb=1
	mm_options:  kappa=0.10395
	mm_options:  rgbmax=99.
	mm_options:  cut=99.0
	mm_options:  wcons=0.
     bond:      1.208501095
    angle:      8.084316979
 dihedral:      4.194235245
    enb14:      4.332423331
    eel14:   -239.793242891
      enb:     -0.900251280
      eel:    105.320147061
      egb:    -21.104759946
    econs:      0.000000000
    esurf:      0.000000000
    Total:   -138.658630405
     frms:     12.385578794
Starting TNCG minimisation
 MIN: Iter =    0  NFunc =     1  E =    -138.65863  RMSG = 1.2385579e+01
 MIN: Iter =    1  NFunc =     7  E =    -141.88300  RMSG = 1.0857160e+00
 MIN: Iter =    2  NFunc =    25  E =    -141.98540  RMSG = 1.0051173e+00
 MIN: Iter =    3  NFunc =    31  E =    -142.08580  RMSG = 4.7414137e-01
 MIN: Iter =    4  NFunc =    39  E =    -142.12494  RMSG = 2.9501022e-01
 MIN: Iter =    5  NFunc =    50  E =    -142.14094  RMSG = 1.5580015e-01
 MIN: Iter =    6  NFunc =    56  E =    -142.14254  RMSG = 4.0013468e-02
 MIN: Iter =    7  NFunc =    67  E =    -142.14279  RMSG = 1.5409704e-02
 MIN: Iter =    8  NFunc =    76  E =    -142.14284  RMSG = 9.1339768e-03
 MIN: Iter =    9  NFunc =    85  E =    -142.14286  RMSG = 3.3114646e-03
 MIN: Iter =   10  NFunc =    93  E =    -142.14286  RMSG = 2.0936247e-03
 MIN: Iter =   11  NFunc =    99  E =    -142.14286  RMSG = 1.1833001e-03
 MIN: Iter =   12  NFunc =   107  E =    -142.14286  RMSG = 5.5031085e-04
 MIN: Iter =   13  NFunc =   113  E =    -142.14286  RMSG = 2.8662426e-04
----------------------------------------------------------------
 END:          :-)  E =    -142.14286  RMSG =   0.0002866

     bond:      0.823031378
    angle:      5.409554867
 dihedral:      4.716895334
    enb14:      4.637554179
    eel14:   -241.023077442
      enb:     -0.879340338
      eel:    105.877256715
      egb:    -21.704736471
    econs:      0.000000000
    esurf:      0.000000000
    Total:   -142.142861777
     frms:      0.000286624
====== rms.dat  ======================================================
#Frame      all_heavy
       1       0.0330
