====== tleap.out =====================================================
-I: Adding /home/case/amber24/dat/leap/prep to search path.
-I: Adding /home/case/amber24/dat/leap/lib to search path.
-I: Adding /home/case/amber24/dat/leap/parm to search path.
-I: Adding /home/case/amber24/dat/leap/cmd to search path.
-f: Source leap.in.

Welcome to LEaP!
(no leaprc in search path)
Sourcing: ./leap.in
Using Bondi radii
----- Source: /home/case/amber24/dat/leap/cmd/leaprc.gaff2
----- Source of /home/case/amber24/dat/leap/cmd/leaprc.gaff2 done
Log file: ./leap.log
Loading parameters: /home/case/amber24/dat/leap/parm/gaff2.dat
Reading title:
AMBER General Force Field for organic molecules (Version 2.2.20, March 2021)
Loading parameters: ./WFI.frcmod
Reading force field modification type file (frcmod)
Reading title:
Remark line goes here
Loading Mol2 file: ./WFI.mol2
Reading MOLECULE named WFI
Checking Unit.
Building topology.
"order_residues" off: keep input residue order.
Building atom parameters.
Building bond parameters.
Building angle parameters.
Building proper torsion parameters.
Building improper torsion parameters.
 total 8 improper torsions applied
Building H-Bond parameters.
Incorporating Non-Bonded adjustments.
Not Marking per-residue atom chain types.
Marking per-residue atom chain types.
  (Residues lacking connect0/connect1 - 
   these don't have chain types marked:

	res	total affected

	WFI	1
  )
 (no restraints)
	Quit

Exiting LEaP: Errors = 0; Warnings = 0; Notes = 0.
====== min.o =========================================================
Reading parm file (WFI.parm7)
title:
WFI                                                                             
no velocities were found
no velocities were found
	mm_options:  ntpr=5
	mm_options:  gb=1
	mm_options:  kappa=0.10395
	mm_options:  rgbmax=99.
	mm_options:  cut=99.0
	mm_options:  wcons=0.
     bond:      0.676887254
    angle:      2.553036013
 dihedral:      8.188734174
    enb14:      5.660703132
    eel14:    -24.882328434
      enb:     -0.258817983
      eel:     -3.396660708
      egb:    -16.525104628
    econs:      0.000000000
    esurf:      0.000000000
    Total:    -27.983551178
     frms:      7.034065368
Starting TNCG minimisation
 MIN: Iter =    0  NFunc =     1  E =     -27.98355  RMSG = 7.0340654e+00
 MIN: Iter =    1  NFunc =     7  E =     -30.85708  RMSG = 1.4396641e+00
 MIN: Iter =    2  NFunc =    18  E =     -31.28559  RMSG = 7.3664155e-01
 MIN: Iter =    3  NFunc =    29  E =     -31.37470  RMSG = 2.6420166e-01
 MIN: Iter =    4  NFunc =    53  E =     -31.45038  RMSG = 3.6417121e-01
 MIN: Iter =    5  NFunc =    75  E =     -31.56572  RMSG = 9.3922865e-01
 MIN: Iter =    6  NFunc =    81  E =     -31.62361  RMSG = 3.0976373e-01
 MIN: Iter =    7  NFunc =    98  E =     -31.75529  RMSG = 5.0982357e-01
 MIN: Iter =    8  NFunc =   118  E =     -31.89033  RMSG = 7.6649121e-01
 MIN: Iter =    9  NFunc =   124  E =     -32.03545  RMSG = 1.5923734e+00
 MIN: Iter =   10  NFunc =   130  E =     -32.22063  RMSG = 2.9006438e-01
 MIN: Iter =   11  NFunc =   137  E =     -32.28067  RMSG = 3.9567107e-01
 MIN: Iter =   12  NFunc =   143  E =     -32.33865  RMSG = 6.5852722e-01
 MIN: Iter =   13  NFunc =   149  E =     -32.37663  RMSG = 1.8058892e-01
 MIN: Iter =   14  NFunc =   155  E =     -32.38848  RMSG = 3.0433828e-01
 MIN: Iter =   15  NFunc =   161  E =     -32.39480  RMSG = 1.0921538e-01
 MIN: Iter =   16  NFunc =   200  E =     -32.42313  RMSG = 2.6995498e-01
 MIN: Iter =   17  NFunc =   206  E =     -32.43283  RMSG = 1.4371119e-01
 MIN: Iter =   18  NFunc =   224  E =     -32.44515  RMSG = 1.4858795e-01
 MIN: Iter =   19  NFunc =   232  E =     -32.45317  RMSG = 1.2416094e-01
 MIN: Iter =   20  NFunc =   238  E =     -32.45516  RMSG = 4.7995877e-02
 MIN: Iter =   21  NFunc =   249  E =     -32.45600  RMSG = 2.4315731e-02
 MIN: Iter =   22  NFunc =   272  E =     -32.45733  RMSG = 2.1179233e-02
 MIN: Iter =   23  NFunc =   282  E =     -32.45754  RMSG = 1.1095854e-02
 MIN: Iter =   24  NFunc =   318  E =     -32.45830  RMSG = 3.1686894e-02
 MIN: Iter =   25  NFunc =   324  E =     -32.45836  RMSG = 6.3089906e-03
 MIN: Iter =   26  NFunc =   339  E =     -32.45838  RMSG = 3.2256353e-03
 MIN: Iter =   27  NFunc =   367  E =     -32.45842  RMSG = 3.7083646e-03
 MIN: Iter =   28  NFunc =   374  E =     -32.45842  RMSG = 1.4864660e-03
 MIN: Iter =   29  NFunc =   396  E =     -32.45843  RMSG = 1.3939978e-03
 MIN: Iter =   30  NFunc =   409  E =     -32.45844  RMSG = 7.7627290e-04
 MIN: Iter =   31  NFunc =   440  E =     -32.45844  RMSG = 5.9537858e-04
 MIN: Iter =   32  NFunc =   446  E =     -32.45844  RMSG = 3.0695106e-04
----------------------------------------------------------------
 END:          :-)  E =     -32.45844  RMSG =   0.0003070

     bond:      0.651951793
    angle:      1.546855694
 dihedral:      8.049981487
    enb14:      4.145650264
    eel14:    -27.418770356
      enb:     -0.857148543
      eel:     -0.512842750
      egb:    -18.064114989
    econs:      0.000000000
    esurf:      0.000000000
    Total:    -32.458437398
     frms:      0.000306951
====== rms.dat  ======================================================
#Frame      all_heavy
       1       0.2459
