====== tleap.out =====================================================
-I: Adding /home/case/amber24/dat/leap/prep to search path.
-I: Adding /home/case/amber24/dat/leap/lib to search path.
-I: Adding /home/case/amber24/dat/leap/parm to search path.
-I: Adding /home/case/amber24/dat/leap/cmd to search path.
-f: Source leap.in.

Welcome to LEaP!
(no leaprc in search path)
Sourcing: ./leap.in
Using Bondi radii
----- Source: /home/case/amber24/dat/leap/cmd/leaprc.gaff2
----- Source of /home/case/amber24/dat/leap/cmd/leaprc.gaff2 done
Log file: ./leap.log
Loading parameters: /home/case/amber24/dat/leap/parm/gaff2.dat
Reading title:
AMBER General Force Field for organic molecules (Version 2.2.20, March 2021)
Loading parameters: ./WFP.frcmod
Reading force field modification type file (frcmod)
Reading title:
Remark line goes here
Loading Mol2 file: ./WFP.mol2
Reading MOLECULE named WFP
Checking Unit.

/home/case/amber24/bin/teLeap: Warning!
The unperturbed charge of the unit (-0.999000) is not zero.

/home/case/amber24/bin/teLeap: Note.
Ignoring the warning from Unit Checking.

Building topology.
"order_residues" off: keep input residue order.
Building atom parameters.
Building bond parameters.
Building angle parameters.
Building proper torsion parameters.
Building improper torsion parameters.
 total 7 improper torsions applied
Building H-Bond parameters.
Incorporating Non-Bonded adjustments.
Not Marking per-residue atom chain types.
Marking per-residue atom chain types.
  (Residues lacking connect0/connect1 - 
   these don't have chain types marked:

	res	total affected

	WFP	1
  )
 (no restraints)
	Quit

Exiting LEaP: Errors = 0; Warnings = 1; Notes = 1.
====== min.o =========================================================
Reading parm file (WFP.parm7)
title:
WFP                                                                             
no velocities were found
no velocities were found
	mm_options:  ntpr=5
	mm_options:  gb=1
	mm_options:  kappa=0.10395
	mm_options:  rgbmax=99.
	mm_options:  cut=99.0
	mm_options:  wcons=0.
     bond:      1.717313393
    angle:      3.579167321
 dihedral:      6.507033468
    enb14:      6.921286006
    eel14:    156.797787129
      enb:     -1.077106962
      eel:   -102.801690431
      egb:    -74.615691844
    econs:      0.000000000
    esurf:      0.000000000
    Total:     -2.971901921
     frms:      9.804953458
Starting TNCG minimisation
 MIN: Iter =    0  NFunc =     1  E =      -2.97190  RMSG = 9.8049535e+00
 MIN: Iter =    1  NFunc =     7  E =      -9.84522  RMSG = 2.8067684e+00
 MIN: Iter =    2  NFunc =    13  E =     -10.83141  RMSG = 1.1964223e+00
 MIN: Iter =    3  NFunc =    19  E =     -11.03952  RMSG = 6.8733311e-01
 MIN: Iter =    4  NFunc =    31  E =     -11.30131  RMSG = 8.2068799e-01
 MIN: Iter =    5  NFunc =    37  E =     -11.48306  RMSG = 2.4633941e+00
 MIN: Iter =    6  NFunc =    43  E =     -11.64388  RMSG = 2.8040257e-01
 MIN: Iter =    7  NFunc =    66  E =     -11.72802  RMSG = 5.3396856e-01
 MIN: Iter =    8  NFunc =    91  E =     -11.79572  RMSG = 7.2004752e-01
 MIN: Iter =    9  NFunc =   103  E =     -11.86506  RMSG = 8.1561395e-01
 MIN: Iter =   10  NFunc =   111  E =     -11.94733  RMSG = 9.1814439e-01
 MIN: Iter =   11  NFunc =   117  E =     -12.04803  RMSG = 1.4635793e+00
 MIN: Iter =   12  NFunc =   123  E =     -12.15972  RMSG = 3.3621625e-01
 MIN: Iter =   13  NFunc =   130  E =     -12.21901  RMSG = 7.9941674e-01
 MIN: Iter =   14  NFunc =   136  E =     -12.29163  RMSG = 9.1976157e-01
 MIN: Iter =   15  NFunc =   142  E =     -12.35300  RMSG = 4.6864390e-01
 MIN: Iter =   16  NFunc =   148  E =     -12.39403  RMSG = 9.1219365e-01
 MIN: Iter =   17  NFunc =   154  E =     -12.43091  RMSG = 2.0748741e-01
 MIN: Iter =   18  NFunc =   161  E =     -12.45061  RMSG = 4.3847915e-01
 MIN: Iter =   19  NFunc =   167  E =     -12.46859  RMSG = 2.3946559e-01
 MIN: Iter =   20  NFunc =   174  E =     -12.47990  RMSG = 2.3266185e-01
 MIN: Iter =   21  NFunc =   180  E =     -12.48481  RMSG = 1.1881708e-01
 MIN: Iter =   22  NFunc =   190  E =     -12.48794  RMSG = 3.8931780e-02
 MIN: Iter =   23  NFunc =   235  E =     -12.49574  RMSG = 2.0042518e-01
 MIN: Iter =   24  NFunc =   241  E =     -12.49818  RMSG = 3.5214930e-02
 MIN: Iter =   25  NFunc =   253  E =     -12.49851  RMSG = 1.2800389e-02
 MIN: Iter =   26  NFunc =   269  E =     -12.49889  RMSG = 1.6431156e-02
 MIN: Iter =   27  NFunc =   279  E =     -12.49894  RMSG = 6.4887985e-03
 MIN: Iter =   28  NFunc =   300  E =     -12.49898  RMSG = 4.6306194e-03
 MIN: Iter =   29  NFunc =   307  E =     -12.49899  RMSG = 1.8622190e-03
 MIN: Iter =   30  NFunc =   318  E =     -12.49899  RMSG = 1.3902229e-03
 MIN: Iter =   31  NFunc =   327  E =     -12.49899  RMSG = 9.7678104e-04
 MIN: Iter =   32  NFunc =   348  E =     -12.49899  RMSG = 4.9075490e-04
----------------------------------------------------------------
 END:          :-)  E =     -12.49899  RMSG =   0.0004908

     bond:      2.091480133
    angle:      4.282199632
 dihedral:      5.555504301
    enb14:      3.944532612
    eel14:    138.972711169
      enb:     -1.422843267
      eel:    -86.542485838
      egb:    -79.380089191
    econs:      0.000000000
    esurf:      0.000000000
    Total:    -12.498990450
     frms:      0.000490755
====== rms.dat  ======================================================
#Frame      all_heavy
       1       0.4712
