====== tleap.out =====================================================
-I: Adding /home/case/amber24/dat/leap/prep to search path.
-I: Adding /home/case/amber24/dat/leap/lib to search path.
-I: Adding /home/case/amber24/dat/leap/parm to search path.
-I: Adding /home/case/amber24/dat/leap/cmd to search path.
-f: Source leap.in.

Welcome to LEaP!
(no leaprc in search path)
Sourcing: ./leap.in
Using Bondi radii
----- Source: /home/case/amber24/dat/leap/cmd/leaprc.gaff2
----- Source of /home/case/amber24/dat/leap/cmd/leaprc.gaff2 done
Log file: ./leap.log
Loading parameters: /home/case/amber24/dat/leap/parm/gaff2.dat
Reading title:
AMBER General Force Field for organic molecules (Version 2.2.20, March 2021)
Loading parameters: ./WGB.frcmod
Reading force field modification type file (frcmod)
Reading title:
Remark line goes here
Loading Mol2 file: ./WGB.mol2
Reading MOLECULE named WGB
Checking Unit.

/home/case/amber24/bin/teLeap: Warning!
The unperturbed charge of the unit (-1.998999) is not zero.

/home/case/amber24/bin/teLeap: Note.
Ignoring the warning from Unit Checking.

Building topology.
"order_residues" off: keep input residue order.
Building atom parameters.
Building bond parameters.
Building angle parameters.
Building proper torsion parameters.
Building improper torsion parameters.
 total 8 improper torsions applied
Building H-Bond parameters.
Incorporating Non-Bonded adjustments.
Not Marking per-residue atom chain types.
Marking per-residue atom chain types.
  (Residues lacking connect0/connect1 - 
   these don't have chain types marked:

	res	total affected

	WGB	1
  )
 (no restraints)
	Quit

Exiting LEaP: Errors = 0; Warnings = 1; Notes = 1.
====== min.o =========================================================
Reading parm file (WGB.parm7)
title:
WGB                                                                             
no velocities were found
no velocities were found
	mm_options:  ntpr=5
	mm_options:  gb=1
	mm_options:  kappa=0.10395
	mm_options:  rgbmax=99.
	mm_options:  cut=99.0
	mm_options:  wcons=0.
     bond:      3.421775295
    angle:     16.399865384
 dihedral:     12.460711217
    enb14:      8.326805852
    eel14:    173.681181871
      enb:     -0.852707852
      eel:    -68.437910426
      egb:   -209.650483217
    econs:      0.000000000
    esurf:      0.000000000
    Total:    -64.650761875
     frms:     18.613423924
Starting TNCG minimisation
 MIN: Iter =    0  NFunc =     1  E =     -64.65076  RMSG = 1.8613424e+01
 MIN: Iter =    1  NFunc =     7  E =     -83.87601  RMSG = 6.1034117e+00
 MIN: Iter =    2  NFunc =    13  E =     -88.20895  RMSG = 2.6662422e+00
 MIN: Iter =    3  NFunc =    22  E =     -89.31940  RMSG = 1.1712602e+00
 MIN: Iter =    4  NFunc =    30  E =     -89.69353  RMSG = 6.7436923e-01
 MIN: Iter =    5  NFunc =    39  E =     -89.80688  RMSG = 3.6895893e-01
 MIN: Iter =    6  NFunc =    60  E =     -89.92229  RMSG = 1.0490276e+00
 MIN: Iter =    7  NFunc =    70  E =     -89.99367  RMSG = 2.6426021e-01
 MIN: Iter =    8  NFunc =    77  E =     -90.01947  RMSG = 3.2328927e-01
 MIN: Iter =    9  NFunc =    87  E =     -90.03336  RMSG = 1.1487716e-01
 MIN: Iter =   10  NFunc =    95  E =     -90.03659  RMSG = 5.4852659e-02
 MIN: Iter =   11  NFunc =   147  E =     -90.05193  RMSG = 2.0554751e-01
 MIN: Iter =   12  NFunc =   157  E =     -90.05994  RMSG = 1.0348767e-01
 MIN: Iter =   13  NFunc =   188  E =     -90.06689  RMSG = 1.4908769e-01
 MIN: Iter =   14  NFunc =   198  E =     -90.06885  RMSG = 3.4308029e-02
 MIN: Iter =   15  NFunc =   220  E =     -90.07011  RMSG = 2.1775802e-02
 MIN: Iter =   16  NFunc =   236  E =     -90.07051  RMSG = 1.3472882e-02
 MIN: Iter =   17  NFunc =   247  E =     -90.07056  RMSG = 6.0403145e-03
 MIN: Iter =   18  NFunc =   270  E =     -90.07058  RMSG = 2.7328509e-03
 MIN: Iter =   19  NFunc =   287  E =     -90.07059  RMSG = 1.5737489e-03
 MIN: Iter =   20  NFunc =   323  E =     -90.07060  RMSG = 1.2377043e-03
 MIN: Iter =   21  NFunc =   362  E =     -90.07060  RMSG = 1.2487011e-03
 MIN: Iter =   22  NFunc =   373  E =     -90.07060  RMSG = 6.0799288e-04
 MIN: Iter =   23  NFunc =   400  E =     -90.07060  RMSG = 2.7028084e-04
----------------------------------------------------------------
 END:          :-)  E =     -90.07060  RMSG =   0.0002703

     bond:      2.973912189
    angle:      5.539454495
 dihedral:      8.814115660
    enb14:      5.029388231
    eel14:    163.594567551
      enb:     -1.952393017
      eel:    -62.202189180
      egb:   -211.867458666
    econs:      0.000000000
    esurf:      0.000000000
    Total:    -90.070602738
     frms:      0.000270281
====== rms.dat  ======================================================
#Frame      all_heavy
       1       0.2020
