====== tleap.out =====================================================
-I: Adding /home/case/amber24/dat/leap/prep to search path.
-I: Adding /home/case/amber24/dat/leap/lib to search path.
-I: Adding /home/case/amber24/dat/leap/parm to search path.
-I: Adding /home/case/amber24/dat/leap/cmd to search path.
-f: Source leap.in.

Welcome to LEaP!
(no leaprc in search path)
Sourcing: ./leap.in
Using Bondi radii
----- Source: /home/case/amber24/dat/leap/cmd/leaprc.gaff2
----- Source of /home/case/amber24/dat/leap/cmd/leaprc.gaff2 done
Log file: ./leap.log
Loading parameters: /home/case/amber24/dat/leap/parm/gaff2.dat
Reading title:
AMBER General Force Field for organic molecules (Version 2.2.20, March 2021)
Loading parameters: ./WGT.frcmod
Reading force field modification type file (frcmod)
Reading title:
Remark line goes here
Loading Mol2 file: ./WGT.mol2
Reading MOLECULE named WGT
Checking Unit.
Building topology.
"order_residues" off: keep input residue order.
Building atom parameters.
Building bond parameters.
Building angle parameters.
Building proper torsion parameters.
Building improper torsion parameters.
 total 10 improper torsions applied
Building H-Bond parameters.
Incorporating Non-Bonded adjustments.
Not Marking per-residue atom chain types.
Marking per-residue atom chain types.
  (Residues lacking connect0/connect1 - 
   these don't have chain types marked:

	res	total affected

	WGT	1
  )
 (no restraints)
	Quit

Exiting LEaP: Errors = 0; Warnings = 0; Notes = 0.
====== min.o =========================================================
Reading parm file (WGT.parm7)
title:
WGT                                                                             
no velocities were found
no velocities were found
	mm_options:  ntpr=5
	mm_options:  gb=1
	mm_options:  kappa=0.10395
	mm_options:  rgbmax=99.
	mm_options:  cut=99.0
	mm_options:  wcons=0.
     bond:      3.104278452
    angle:      6.591566579
 dihedral:     31.175480455
    enb14:      2.111516042
    eel14:   -133.645134798
      enb:     -1.055959711
      eel:     82.633630990
      egb:    -13.619203281
    econs:      0.000000000
    esurf:      0.000000000
    Total:    -22.703825271
     frms:     10.489268070
Starting TNCG minimisation
 MIN: Iter =    0  NFunc =     1  E =     -22.70383  RMSG = 1.0489268e+01
 MIN: Iter =    1  NFunc =     7  E =     -29.36444  RMSG = 3.7409720e+00
 MIN: Iter =    2  NFunc =    37  E =     -31.98971  RMSG = 3.5846358e+00
 MIN: Iter =    3  NFunc =    51  E =     -34.72123  RMSG = 3.0928997e+00
 MIN: Iter =    4  NFunc =    59  E =     -36.97370  RMSG = 2.3731881e+00
 MIN: Iter =    5  NFunc =    66  E =     -38.77971  RMSG = 1.7527974e+00
 MIN: Iter =    6  NFunc =    72  E =     -39.87387  RMSG = 1.3362898e+00
 MIN: Iter =    7  NFunc =    78  E =     -40.32482  RMSG = 9.4230653e-01
 MIN: Iter =    8  NFunc =    99  E =     -40.76708  RMSG = 7.7679323e-01
 MIN: Iter =    9  NFunc =   107  E =     -40.83876  RMSG = 2.5234390e-01
 MIN: Iter =   10  NFunc =   120  E =     -40.86872  RMSG = 1.9799195e-01
 MIN: Iter =   11  NFunc =   143  E =     -40.90033  RMSG = 7.0381717e-01
 MIN: Iter =   12  NFunc =   149  E =     -40.92522  RMSG = 1.8005918e-01
 MIN: Iter =   13  NFunc =   159  E =     -40.94462  RMSG = 3.3979458e-01
 MIN: Iter =   14  NFunc =   191  E =     -40.97245  RMSG = 5.5308380e-01
 MIN: Iter =   15  NFunc =   197  E =     -41.00244  RMSG = 4.1777005e-01
 MIN: Iter =   16  NFunc =   205  E =     -41.01639  RMSG = 1.2433138e-01
 MIN: Iter =   17  NFunc =   212  E =     -41.01980  RMSG = 6.1261999e-02
 MIN: Iter =   18  NFunc =   227  E =     -41.02279  RMSG = 4.3519571e-02
 MIN: Iter =   19  NFunc =   243  E =     -41.02398  RMSG = 2.2128027e-02
 MIN: Iter =   20  NFunc =   263  E =     -41.02463  RMSG = 2.0047497e-02
 MIN: Iter =   21  NFunc =   283  E =     -41.02502  RMSG = 1.1982843e-02
 MIN: Iter =   22  NFunc =   293  E =     -41.02506  RMSG = 5.7178170e-03
 MIN: Iter =   23  NFunc =   319  E =     -41.02509  RMSG = 2.3936831e-03
 MIN: Iter =   24  NFunc =   325  E =     -41.02509  RMSG = 1.7154432e-03
 MIN: Iter =   25  NFunc =   333  E =     -41.02509  RMSG = 7.6350679e-04
 MIN: Iter =   26  NFunc =   341  E =     -41.02509  RMSG = 5.3177325e-04
 MIN: Iter =   27  NFunc =   352  E =     -41.02509  RMSG = 2.6466754e-04
----------------------------------------------------------------
 END:          :-)  E =     -41.02509  RMSG =   0.0002647

     bond:      0.863748171
    angle:      5.598773802
 dihedral:     14.092218249
    enb14:      2.164366360
    eel14:   -133.643162228
      enb:      1.815069840
      eel:     82.204586394
      egb:    -14.120691540
    econs:      0.000000000
    esurf:      0.000000000
    Total:    -41.025090952
     frms:      0.000264668
====== rms.dat  ======================================================
#Frame      all_heavy
       1       0.4268
