====== tleap.out =====================================================
-I: Adding /home/case/amber24/dat/leap/prep to search path.
-I: Adding /home/case/amber24/dat/leap/lib to search path.
-I: Adding /home/case/amber24/dat/leap/parm to search path.
-I: Adding /home/case/amber24/dat/leap/cmd to search path.
-f: Source leap.in.

Welcome to LEaP!
(no leaprc in search path)
Sourcing: ./leap.in
Using Bondi radii
----- Source: /home/case/amber24/dat/leap/cmd/leaprc.gaff2
----- Source of /home/case/amber24/dat/leap/cmd/leaprc.gaff2 done
Log file: ./leap.log
Loading parameters: /home/case/amber24/dat/leap/parm/gaff2.dat
Reading title:
AMBER General Force Field for organic molecules (Version 2.2.20, March 2021)
Loading parameters: ./WGY.frcmod
Reading force field modification type file (frcmod)
Reading title:
Remark line goes here
Loading Mol2 file: ./WGY.mol2
Reading MOLECULE named WGY
Checking Unit.
Building topology.
"order_residues" off: keep input residue order.
Building atom parameters.
Building bond parameters.
Building angle parameters.
Building proper torsion parameters.
Building improper torsion parameters.
 total 8 improper torsions applied
Building H-Bond parameters.
Incorporating Non-Bonded adjustments.
Not Marking per-residue atom chain types.
Marking per-residue atom chain types.
  (Residues lacking connect0/connect1 - 
   these don't have chain types marked:

	res	total affected

	WGY	1
  )
 (no restraints)
	Quit

Exiting LEaP: Errors = 0; Warnings = 0; Notes = 0.
====== min.o =========================================================
Reading parm file (WGY.parm7)
title:
WGY                                                                             
no velocities were found
no velocities were found
	mm_options:  ntpr=5
	mm_options:  gb=1
	mm_options:  kappa=0.10395
	mm_options:  rgbmax=99.
	mm_options:  cut=99.0
	mm_options:  wcons=0.
     bond:      1.454159904
    angle:      3.747913765
 dihedral:     45.807418872
    enb14:      5.284554383
    eel14:   -171.556536107
      enb:      1.685749650
      eel:     21.435702792
      egb:    -24.324142790
    econs:      0.000000000
    esurf:      0.000000000
    Total:   -116.465179531
     frms:      8.308545435
Starting TNCG minimisation
 MIN: Iter =    0  NFunc =     1  E =    -116.46518  RMSG = 8.3085454e+00
 MIN: Iter =    1  NFunc =     9  E =    -124.36981  RMSG = 5.3415651e+00
 MIN: Iter =    2  NFunc =    15  E =    -127.10919  RMSG = 1.7500330e+00
 MIN: Iter =    3  NFunc =    24  E =    -127.87201  RMSG = 6.6591918e-01
 MIN: Iter =    4  NFunc =    49  E =    -128.20097  RMSG = 1.0278458e+00
 MIN: Iter =    5  NFunc =    68  E =    -128.54379  RMSG = 1.5522101e+00
 MIN: Iter =    6  NFunc =   105  E =    -129.06010  RMSG = 2.1451667e+00
 MIN: Iter =    7  NFunc =   113  E =    -129.37840  RMSG = 5.2975514e-01
 MIN: Iter =    8  NFunc =   127  E =    -129.93554  RMSG = 1.1981819e+00
 MIN: Iter =    9  NFunc =   142  E =    -130.53484  RMSG = 1.6089064e+00
 MIN: Iter =   10  NFunc =   148  E =    -131.02326  RMSG = 1.4681162e+00
 MIN: Iter =   11  NFunc =   154  E =    -131.33811  RMSG = 6.7597855e-01
 MIN: Iter =   12  NFunc =   200  E =    -131.41353  RMSG = 7.3495430e-01
 MIN: Iter =   13  NFunc =   220  E =    -131.71970  RMSG = 9.4797942e-01
 MIN: Iter =   14  NFunc =   235  E =    -131.88199  RMSG = 1.7504835e+00
 MIN: Iter =   15  NFunc =   241  E =    -132.00174  RMSG = 3.8465725e-01
 MIN: Iter =   16  NFunc =   265  E =    -132.06607  RMSG = 4.7189569e-01
 MIN: Iter =   17  NFunc =   275  E =    -132.16057  RMSG = 9.2035174e-01
 MIN: Iter =   18  NFunc =   281  E =    -132.26843  RMSG = 9.4859397e-01
 MIN: Iter =   19  NFunc =   287  E =    -132.33481  RMSG = 4.2451283e-01
 MIN: Iter =   20  NFunc =   293  E =    -132.37022  RMSG = 5.9057898e-01
 MIN: Iter =   21  NFunc =   299  E =    -132.39220  RMSG = 2.2053539e-01
 MIN: Iter =   22  NFunc =   312  E =    -132.42122  RMSG = 5.3582928e-01
 MIN: Iter =   23  NFunc =   318  E =    -132.43029  RMSG = 7.7874764e-02
 MIN: Iter =   24  NFunc =   345  E =    -132.44601  RMSG = 2.1738676e-01
 MIN: Iter =   25  NFunc =   351  E =    -132.44918  RMSG = 5.1540666e-02
 MIN: Iter =   26  NFunc =   370  E =    -132.45424  RMSG = 5.8798944e-02
 MIN: Iter =   27  NFunc =   409  E =    -132.45905  RMSG = 1.3330006e-01
 MIN: Iter =   28  NFunc =   418  E =    -132.46038  RMSG = 3.4437188e-02
 MIN: Iter =   29  NFunc =   439  E =    -132.46282  RMSG = 6.1511749e-02
 MIN: Iter =   30  NFunc =   449  E =    -132.46326  RMSG = 2.3281400e-02
 MIN: Iter =   31  NFunc =   475  E =    -132.46367  RMSG = 1.0851716e-02
 MIN: Iter =   32  NFunc =   502  E =    -132.46407  RMSG = 1.9920435e-02
 MIN: Iter =   33  NFunc =   510  E =    -132.46412  RMSG = 6.9367345e-03
 MIN: Iter =   34  NFunc =   519  E =    -132.46414  RMSG = 3.8779293e-03
 MIN: Iter =   35  NFunc =   538  E =    -132.46417  RMSG = 3.3248463e-03
 MIN: Iter =   36  NFunc =   546  E =    -132.46417  RMSG = 1.8352324e-03
 MIN: Iter =   37  NFunc =   568  E =    -132.46418  RMSG = 1.8513491e-03
 MIN: Iter =   38  NFunc =   582  E =    -132.46418  RMSG = 1.0333450e-03
 MIN: Iter =   39  NFunc =   611  E =    -132.46419  RMSG = 9.4338813e-04
 MIN: Iter =   40  NFunc =   651  E =    -132.46419  RMSG = 8.1055032e-04
 MIN: Iter =   41  NFunc =   673  E =    -132.46419  RMSG = 6.2515165e-04
 MIN: Iter =   42  NFunc =   692  E =    -132.46419  RMSG = 3.1938359e-04
----------------------------------------------------------------
 END:          :-)  E =    -132.46419  RMSG =   0.0003194

     bond:      1.364423792
    angle:      5.170038547
 dihedral:     41.117540456
    enb14:      3.552047805
    eel14:   -180.648968675
      enb:     -0.503970459
      eel:     23.461956280
      egb:    -25.977260271
    econs:      0.000000000
    esurf:      0.000000000
    Total:   -132.464192525
     frms:      0.000319384
====== rms.dat  ======================================================
#Frame      all_heavy
       1       0.3423
