====== tleap.out =====================================================
-I: Adding /home/case/amber24/dat/leap/prep to search path.
-I: Adding /home/case/amber24/dat/leap/lib to search path.
-I: Adding /home/case/amber24/dat/leap/parm to search path.
-I: Adding /home/case/amber24/dat/leap/cmd to search path.
-f: Source leap.in.

Welcome to LEaP!
(no leaprc in search path)
Sourcing: ./leap.in
Using Bondi radii
----- Source: /home/case/amber24/dat/leap/cmd/leaprc.gaff2
----- Source of /home/case/amber24/dat/leap/cmd/leaprc.gaff2 done
Log file: ./leap.log
Loading parameters: /home/case/amber24/dat/leap/parm/gaff2.dat
Reading title:
AMBER General Force Field for organic molecules (Version 2.2.20, March 2021)
Loading parameters: ./WJ9.frcmod
Reading force field modification type file (frcmod)
Reading title:
Remark line goes here
Loading Mol2 file: ./WJ9.mol2
Reading MOLECULE named WJ9
Checking Unit.
Building topology.
"order_residues" off: keep input residue order.
Building atom parameters.
Building bond parameters.
Building angle parameters.
Building proper torsion parameters.
Building improper torsion parameters.
 total 16 improper torsions applied
Building H-Bond parameters.
Incorporating Non-Bonded adjustments.
Not Marking per-residue atom chain types.
Marking per-residue atom chain types.
  (Residues lacking connect0/connect1 - 
   these don't have chain types marked:

	res	total affected

	WJ9	1
  )
 (no restraints)
	Quit

Exiting LEaP: Errors = 0; Warnings = 0; Notes = 0.
====== min.o =========================================================
Reading parm file (WJ9.parm7)
title:
WJ9                                                                             
no velocities were found
no velocities were found
	mm_options:  ntpr=5
	mm_options:  gb=1
	mm_options:  kappa=0.10395
	mm_options:  rgbmax=99.
	mm_options:  cut=99.0
	mm_options:  wcons=0.
     bond:      3.773344310
    angle:      6.619158583
 dihedral:     18.299357012
    enb14:     21.292266689
    eel14:   -223.699849215
      enb:     -3.404771850
      eel:     55.334406643
      egb:    -30.961431081
    econs:      0.000000000
    esurf:      0.000000000
    Total:   -152.747518908
     frms:      8.862286090
Starting TNCG minimisation
 MIN: Iter =    0  NFunc =     1  E =    -152.74752  RMSG = 8.8622861e+00
 MIN: Iter =    1  NFunc =     7  E =    -165.27110  RMSG = 3.4273620e+00
 MIN: Iter =    2  NFunc =    17  E =    -169.61344  RMSG = 1.0730807e+00
 MIN: Iter =    3  NFunc =    31  E =    -170.90078  RMSG = 6.5630988e-01
 MIN: Iter =    4  NFunc =    69  E =    -171.59523  RMSG = 5.9403851e-01
 MIN: Iter =    5  NFunc =    90  E =    -171.95331  RMSG = 4.0350819e-01
 MIN: Iter =    6  NFunc =   102  E =    -172.04043  RMSG = 1.6629461e-01
 MIN: Iter =    7  NFunc =   153  E =    -172.21755  RMSG = 3.8910682e-01
 MIN: Iter =    8  NFunc =   178  E =    -172.33860  RMSG = 3.2173653e-01
 MIN: Iter =    9  NFunc =   187  E =    -172.39066  RMSG = 1.4124479e-01
 MIN: Iter =   10  NFunc =   238  E =    -172.46832  RMSG = 4.6001062e-01
 MIN: Iter =   11  NFunc =   246  E =    -172.52571  RMSG = 1.4992191e-01
 MIN: Iter =   12  NFunc =   271  E =    -172.57445  RMSG = 5.1048814e-01
 MIN: Iter =   13  NFunc =   277  E =    -172.62388  RMSG = 1.7693040e-01
 MIN: Iter =   14  NFunc =   310  E =    -172.66627  RMSG = 4.0798793e-01
 MIN: Iter =   15  NFunc =   318  E =    -172.71275  RMSG = 1.1872801e-01
 MIN: Iter =   16  NFunc =   336  E =    -172.73960  RMSG = 1.4339073e-01
 MIN: Iter =   17  NFunc =   344  E =    -172.76654  RMSG = 2.7553256e-01
 MIN: Iter =   18  NFunc =   351  E =    -172.78888  RMSG = 1.0352882e-01
 MIN: Iter =   19  NFunc =   360  E =    -172.79952  RMSG = 9.3911705e-02
 MIN: Iter =   20  NFunc =   367  E =    -172.80856  RMSG = 1.3158033e-01
 MIN: Iter =   21  NFunc =   373  E =    -172.81277  RMSG = 4.0491580e-02
 MIN: Iter =   22  NFunc =   424  E =    -172.83214  RMSG = 1.3572922e-01
 MIN: Iter =   23  NFunc =   431  E =    -172.83581  RMSG = 4.4427724e-02
 MIN: Iter =   24  NFunc =   462  E =    -172.84212  RMSG = 4.3695534e-02
 MIN: Iter =   25  NFunc =   484  E =    -172.84346  RMSG = 1.5434707e-02
 MIN: Iter =   26  NFunc =   535  E =    -172.84530  RMSG = 1.6421151e-02
 MIN: Iter =   27  NFunc =   586  E =    -172.84755  RMSG = 2.9109218e-02
 MIN: Iter =   28  NFunc =   626  E =    -172.84921  RMSG = 1.8505861e-02
 MIN: Iter =   29  NFunc =   677  E =    -172.84979  RMSG = 8.9317670e-03
 MIN: Iter =   30  NFunc =   720  E =    -172.85021  RMSG = 9.6950308e-03
 MIN: Iter =   31  NFunc =   771  E =    -172.85075  RMSG = 2.3884498e-02
 MIN: Iter =   32  NFunc =   781  E =    -172.85102  RMSG = 9.4367966e-03
 MIN: Iter =   33  NFunc =   826  E =    -172.85145  RMSG = 2.6222276e-02
 MIN: Iter =   34  NFunc =   832  E =    -172.85156  RMSG = 7.7948775e-03
 MIN: Iter =   35  NFunc =   883  E =    -172.85181  RMSG = 1.5078453e-02
 MIN: Iter =   36  NFunc =   889  E =    -172.85185  RMSG = 4.5823104e-03
 MIN: Iter =   37  NFunc =   912  E =    -172.85190  RMSG = 2.4195353e-03
 MIN: Iter =   38  NFunc =   941  E =    -172.85193  RMSG = 1.9913140e-03
 MIN: Iter =   39  NFunc =   992  E =    -172.85197  RMSG = 2.4803687e-03
 MIN: Iter =   40  NFunc =  1009  E =    -172.85198  RMSG = 1.3100479e-03
 MIN: Iter =   41  NFunc =  1035  E =    -172.85199  RMSG = 9.8570770e-04
 MIN: Iter =   42  NFunc =  1086  E =    -172.85199  RMSG = 6.7020533e-04
 MIN: Iter =   43  NFunc =  1130  E =    -172.85199  RMSG = 4.8055514e-04
----------------------------------------------------------------
 END:          :-)  E =    -172.85199  RMSG =   0.0004806

     bond:      2.329104941
    angle:      6.814419521
 dihedral:     12.805680479
    enb14:     14.019652232
    eel14:   -226.242949224
      enb:     -5.829052456
      eel:     57.488727330
      egb:    -34.237577528
    econs:      0.000000000
    esurf:      0.000000000
    Total:   -172.851994704
     frms:      0.000480555
====== rms.dat  ======================================================
#Frame      all_heavy
       1       0.5154
