====== tleap.out =====================================================
-I: Adding /home/case/amber24/dat/leap/prep to search path.
-I: Adding /home/case/amber24/dat/leap/lib to search path.
-I: Adding /home/case/amber24/dat/leap/parm to search path.
-I: Adding /home/case/amber24/dat/leap/cmd to search path.
-f: Source leap.in.

Welcome to LEaP!
(no leaprc in search path)
Sourcing: ./leap.in
Using Bondi radii
----- Source: /home/case/amber24/dat/leap/cmd/leaprc.gaff2
----- Source of /home/case/amber24/dat/leap/cmd/leaprc.gaff2 done
Log file: ./leap.log
Loading parameters: /home/case/amber24/dat/leap/parm/gaff2.dat
Reading title:
AMBER General Force Field for organic molecules (Version 2.2.20, March 2021)
Loading parameters: ./WLH.frcmod
Reading force field modification type file (frcmod)
Reading title:
Remark line goes here
Loading Mol2 file: ./WLH.mol2
Reading MOLECULE named WLH
Checking Unit.
Building topology.
"order_residues" off: keep input residue order.
Building atom parameters.
Building bond parameters.
Building angle parameters.
Building proper torsion parameters.
Building improper torsion parameters.
 total 6 improper torsions applied
Building H-Bond parameters.
Incorporating Non-Bonded adjustments.
Not Marking per-residue atom chain types.
Marking per-residue atom chain types.
  (Residues lacking connect0/connect1 - 
   these don't have chain types marked:

	res	total affected

	WLH	1
  )
 (no restraints)
	Quit

Exiting LEaP: Errors = 0; Warnings = 0; Notes = 0.
====== min.o =========================================================
Reading parm file (WLH.parm7)
title:
WLH                                                                             
no velocities were found
no velocities were found
	mm_options:  ntpr=5
	mm_options:  gb=1
	mm_options:  kappa=0.10395
	mm_options:  rgbmax=99.
	mm_options:  cut=99.0
	mm_options:  wcons=0.
     bond:      1.971822829
    angle:     13.381615457
 dihedral:      5.175900736
    enb14:     14.548757911
    eel14:   -209.387050366
      enb:     -1.488509350
      eel:     76.266528830
      egb:    -17.545767152
    econs:      0.000000000
    esurf:      0.000000000
    Total:   -117.076701106
     frms:     10.185175806
Starting TNCG minimisation
 MIN: Iter =    0  NFunc =     1  E =    -117.07670  RMSG = 1.0185176e+01
 MIN: Iter =    1  NFunc =     7  E =    -126.64297  RMSG = 2.6573115e+00
 MIN: Iter =    2  NFunc =    16  E =    -128.57123  RMSG = 1.1479830e+00
 MIN: Iter =    3  NFunc =    28  E =    -129.21444  RMSG = 5.8203839e-01
 MIN: Iter =    4  NFunc =    38  E =    -129.34924  RMSG = 2.7479962e-01
 MIN: Iter =    5  NFunc =    58  E =    -129.41476  RMSG = 1.4600120e-01
 MIN: Iter =    6  NFunc =   109  E =    -129.47481  RMSG = 4.6862124e-01
 MIN: Iter =    7  NFunc =   117  E =    -129.52413  RMSG = 1.6382802e-01
 MIN: Iter =    8  NFunc =   123  E =    -129.54753  RMSG = 2.1818080e-01
 MIN: Iter =    9  NFunc =   138  E =    -129.57729  RMSG = 1.3881124e-01
 MIN: Iter =   10  NFunc =   155  E =    -129.58842  RMSG = 7.4642173e-02
 MIN: Iter =   11  NFunc =   206  E =    -129.62216  RMSG = 3.5059619e-01
 MIN: Iter =   12  NFunc =   226  E =    -129.68548  RMSG = 5.5330748e-01
 MIN: Iter =   13  NFunc =   237  E =    -129.79103  RMSG = 5.1087736e-01
 MIN: Iter =   14  NFunc =   243  E =    -129.89379  RMSG = 4.7231342e-01
 MIN: Iter =   15  NFunc =   250  E =    -129.98955  RMSG = 4.9800658e-01
 MIN: Iter =   16  NFunc =   256  E =    -130.07916  RMSG = 3.2322669e-01
 MIN: Iter =   17  NFunc =   262  E =    -130.11826  RMSG = 1.8971241e-01
 MIN: Iter =   18  NFunc =   275  E =    -130.14779  RMSG = 1.1283261e-01
 MIN: Iter =   19  NFunc =   298  E =    -130.17130  RMSG = 1.4437242e-01
 MIN: Iter =   20  NFunc =   304  E =    -130.17375  RMSG = 4.8958770e-02
 MIN: Iter =   21  NFunc =   341  E =    -130.17904  RMSG = 3.6341472e-02
 MIN: Iter =   22  NFunc =   362  E =    -130.18042  RMSG = 1.9070143e-02
 MIN: Iter =   23  NFunc =   389  E =    -130.18119  RMSG = 1.5360098e-02
 MIN: Iter =   24  NFunc =   426  E =    -130.18191  RMSG = 1.1119422e-02
 MIN: Iter =   25  NFunc =   433  E =    -130.18194  RMSG = 5.4257331e-03
 MIN: Iter =   26  NFunc =   442  E =    -130.18196  RMSG = 3.5010455e-03
 MIN: Iter =   27  NFunc =   466  E =    -130.18198  RMSG = 1.7802134e-03
 MIN: Iter =   28  NFunc =   477  E =    -130.18198  RMSG = 1.0304435e-03
 MIN: Iter =   29  NFunc =   515  E =    -130.18199  RMSG = 9.8186600e-04
 MIN: Iter =   30  NFunc =   527  E =    -130.18199  RMSG = 5.7814609e-04
 MIN: Iter =   31  NFunc =   551  E =    -130.18199  RMSG = 4.7795983e-04
----------------------------------------------------------------
 END:          :-)  E =    -130.18199  RMSG =   0.0004780

     bond:      3.099217019
    angle:      7.205956679
 dihedral:      8.485891065
    enb14:     10.456172184
    eel14:   -212.744505498
      enb:     -3.830619525
      eel:     75.680669761
      egb:    -18.534773724
    econs:      0.000000000
    esurf:      0.000000000
    Total:   -130.181992039
     frms:      0.000477960
====== rms.dat  ======================================================
#Frame      all_heavy
       1       0.4834
