====== tleap.out =====================================================
-I: Adding /home/case/amber24/dat/leap/prep to search path.
-I: Adding /home/case/amber24/dat/leap/lib to search path.
-I: Adding /home/case/amber24/dat/leap/parm to search path.
-I: Adding /home/case/amber24/dat/leap/cmd to search path.
-f: Source leap.in.

Welcome to LEaP!
(no leaprc in search path)
Sourcing: ./leap.in
Using Bondi radii
----- Source: /home/case/amber24/dat/leap/cmd/leaprc.gaff2
----- Source of /home/case/amber24/dat/leap/cmd/leaprc.gaff2 done
Log file: ./leap.log
Loading parameters: /home/case/amber24/dat/leap/parm/gaff2.dat
Reading title:
AMBER General Force Field for organic molecules (Version 2.2.20, March 2021)
Loading parameters: ./WPZ.frcmod
Reading force field modification type file (frcmod)
Reading title:
Remark line goes here
Loading Mol2 file: ./WPZ.mol2
Reading MOLECULE named WPZ
Checking Unit.
Building topology.
"order_residues" off: keep input residue order.
Building atom parameters.
Building bond parameters.
Building angle parameters.
Building proper torsion parameters.
Building improper torsion parameters.
 total 9 improper torsions applied
Building H-Bond parameters.
Incorporating Non-Bonded adjustments.
Not Marking per-residue atom chain types.
Marking per-residue atom chain types.
  (Residues lacking connect0/connect1 - 
   these don't have chain types marked:

	res	total affected

	WPZ	1
  )
 (no restraints)
	Quit

Exiting LEaP: Errors = 0; Warnings = 0; Notes = 0.
====== min.o =========================================================
Reading parm file (WPZ.parm7)
title:
WPZ                                                                             
no velocities were found
no velocities were found
	mm_options:  ntpr=5
	mm_options:  gb=1
	mm_options:  kappa=0.10395
	mm_options:  rgbmax=99.
	mm_options:  cut=99.0
	mm_options:  wcons=0.
     bond:      1.537292733
    angle:      1.400389621
 dihedral:      8.552786498
    enb14:     11.897625464
    eel14:     24.737377431
      enb:      0.441001667
      eel:    -21.532134586
      egb:    -10.764850265
    econs:      0.000000000
    esurf:      0.000000000
    Total:     16.269488561
     frms:     10.777053165
Starting TNCG minimisation
 MIN: Iter =    0  NFunc =     1  E =      16.26949  RMSG = 1.0777053e+01
 MIN: Iter =    1  NFunc =     7  E =      11.41405  RMSG = 2.2232882e+00
 MIN: Iter =    2  NFunc =    15  E =      10.55486  RMSG = 4.5221817e-01
 MIN: Iter =    3  NFunc =    21  E =      10.53507  RMSG = 1.5462070e-01
 MIN: Iter =    4  NFunc =    55  E =      10.47759  RMSG = 6.3220030e-01
 MIN: Iter =    5  NFunc =    61  E =      10.45252  RMSG = 1.7162645e-01
 MIN: Iter =    6  NFunc =    71  E =      10.44131  RMSG = 9.4830667e-02
 MIN: Iter =    7  NFunc =    77  E =      10.44033  RMSG = 3.0378042e-02
 MIN: Iter =    8  NFunc =    97  E =      10.43910  RMSG = 2.1925781e-02
 MIN: Iter =    9  NFunc =   113  E =      10.43867  RMSG = 1.7784018e-02
 MIN: Iter =   10  NFunc =   129  E =      10.43812  RMSG = 2.8886247e-02
 MIN: Iter =   11  NFunc =   145  E =      10.43732  RMSG = 8.9632199e-02
 MIN: Iter =   12  NFunc =   151  E =      10.43688  RMSG = 2.1352964e-02
 MIN: Iter =   13  NFunc =   168  E =      10.43661  RMSG = 3.3754426e-02
 MIN: Iter =   14  NFunc =   174  E =      10.43656  RMSG = 6.2773113e-03
 MIN: Iter =   15  NFunc =   182  E =      10.43655  RMSG = 2.3781373e-03
 MIN: Iter =   16  NFunc =   217  E =      10.43654  RMSG = 2.5693272e-03
 MIN: Iter =   17  NFunc =   251  E =      10.43653  RMSG = 8.9371539e-04
 MIN: Iter =   18  NFunc =   263  E =      10.43653  RMSG = 3.1158097e-04
----------------------------------------------------------------
 END:          :-)  E =      10.43653  RMSG =   0.0003116

     bond:      1.141662045
    angle:      1.179215442
 dihedral:      8.260000035
    enb14:      8.924180947
    eel14:     23.254463348
      enb:     -0.405347373
      eel:    -20.644117477
      egb:    -11.273529473
    econs:      0.000000000
    esurf:      0.000000000
    Total:     10.436527494
     frms:      0.000311581
====== rms.dat  ======================================================
#Frame      all_heavy
       1       0.1137
