====== tleap.out =====================================================
-I: Adding /home/case/amber24/dat/leap/prep to search path.
-I: Adding /home/case/amber24/dat/leap/lib to search path.
-I: Adding /home/case/amber24/dat/leap/parm to search path.
-I: Adding /home/case/amber24/dat/leap/cmd to search path.
-f: Source leap.in.

Welcome to LEaP!
(no leaprc in search path)
Sourcing: ./leap.in
Using Bondi radii
----- Source: /home/case/amber24/dat/leap/cmd/leaprc.gaff2
----- Source of /home/case/amber24/dat/leap/cmd/leaprc.gaff2 done
Log file: ./leap.log
Loading parameters: /home/case/amber24/dat/leap/parm/gaff2.dat
Reading title:
AMBER General Force Field for organic molecules (Version 2.2.20, March 2021)
Loading parameters: ./WQQ.frcmod
Reading force field modification type file (frcmod)
Reading title:
Remark line goes here
Loading Mol2 file: ./WQQ.mol2
Reading MOLECULE named WQQ
Checking Unit.
Building topology.
"order_residues" off: keep input residue order.
Building atom parameters.
Building bond parameters.
Building angle parameters.
Building proper torsion parameters.
Building improper torsion parameters.
 total 23 improper torsions applied
Building H-Bond parameters.
Incorporating Non-Bonded adjustments.
Not Marking per-residue atom chain types.
Marking per-residue atom chain types.
  (Residues lacking connect0/connect1 - 
   these don't have chain types marked:

	res	total affected

	WQQ	1
  )
 (no restraints)
	Quit

Exiting LEaP: Errors = 0; Warnings = 0; Notes = 0.
====== min.o =========================================================
Reading parm file (WQQ.parm7)
title:
WQQ                                                                             
no velocities were found
no velocities were found
	mm_options:  ntpr=5
	mm_options:  gb=1
	mm_options:  kappa=0.10395
	mm_options:  rgbmax=99.
	mm_options:  cut=99.0
	mm_options:  wcons=0.
     bond:      4.297598338
    angle:     18.163618712
 dihedral:     57.013825001
    enb14:     16.830270740
    eel14:   -172.750471551
      enb:     -5.484898071
      eel:     26.792709689
      egb:    -30.611818213
    econs:      0.000000000
    esurf:      0.000000000
    Total:    -85.749165354
     frms:     10.034242182
Starting TNCG minimisation
 MIN: Iter =    0  NFunc =     1  E =     -85.74917  RMSG = 1.0034242e+01
 MIN: Iter =    1  NFunc =     7  E =     -97.84750  RMSG = 2.5107356e+00
 MIN: Iter =    2  NFunc =    15  E =    -100.79154  RMSG = 1.1911337e+00
 MIN: Iter =    3  NFunc =    66  E =    -102.29013  RMSG = 1.1659710e+00
 MIN: Iter =    4  NFunc =    72  E =    -103.36345  RMSG = 1.1436311e+00
 MIN: Iter =    5  NFunc =    78  E =    -104.42321  RMSG = 1.0670671e+00
 MIN: Iter =    6  NFunc =    84  E =    -105.36670  RMSG = 9.8016248e-01
 MIN: Iter =    7  NFunc =    90  E =    -106.04402  RMSG = 8.2072300e-01
 MIN: Iter =    8  NFunc =    98  E =    -106.67688  RMSG = 7.4431076e-01
 MIN: Iter =    9  NFunc =   106  E =    -107.05053  RMSG = 6.5788840e-01
 MIN: Iter =   10  NFunc =   157  E =    -107.72514  RMSG = 6.0586096e-01
 MIN: Iter =   11  NFunc =   182  E =    -108.20238  RMSG = 5.3499255e-01
 MIN: Iter =   12  NFunc =   195  E =    -108.54605  RMSG = 4.8442308e-01
 MIN: Iter =   13  NFunc =   202  E =    -108.68424  RMSG = 2.9441194e-01
 MIN: Iter =   14  NFunc =   253  E =    -108.84467  RMSG = 3.3270029e-01
 MIN: Iter =   15  NFunc =   262  E =    -108.99909  RMSG = 3.8201474e-01
 MIN: Iter =   16  NFunc =   268  E =    -109.16950  RMSG = 4.2696376e-01
 MIN: Iter =   17  NFunc =   274  E =    -109.36294  RMSG = 4.5775852e-01
 MIN: Iter =   18  NFunc =   280  E =    -109.57385  RMSG = 4.4995490e-01
 MIN: Iter =   19  NFunc =   286  E =    -109.77710  RMSG = 3.8474956e-01
 MIN: Iter =   20  NFunc =   292  E =    -109.92516  RMSG = 2.8780503e-01
 MIN: Iter =   21  NFunc =   298  E =    -109.96802  RMSG = 1.7686411e-01
 MIN: Iter =   22  NFunc =   314  E =    -110.01842  RMSG = 1.2328124e-01
 MIN: Iter =   23  NFunc =   340  E =    -110.04488  RMSG = 7.9241621e-02
 MIN: Iter =   24  NFunc =   388  E =    -110.06834  RMSG = 5.9904019e-02
 MIN: Iter =   25  NFunc =   407  E =    -110.07281  RMSG = 3.0838245e-02
 MIN: Iter =   26  NFunc =   436  E =    -110.07878  RMSG = 3.8302072e-02
 MIN: Iter =   27  NFunc =   451  E =    -110.08022  RMSG = 2.0500063e-02
 MIN: Iter =   28  NFunc =   502  E =    -110.08209  RMSG = 2.1550252e-02
 MIN: Iter =   29  NFunc =   553  E =    -110.08511  RMSG = 5.8211279e-02
 MIN: Iter =   30  NFunc =   559  E =    -110.08567  RMSG = 1.7724754e-02
 MIN: Iter =   31  NFunc =   611  E =    -110.08841  RMSG = 2.8436808e-02
 MIN: Iter =   32  NFunc =   637  E =    -110.09069  RMSG = 1.2017566e-01
 MIN: Iter =   33  NFunc =   643  E =    -110.09236  RMSG = 1.9152512e-02
 MIN: Iter =   34  NFunc =   667  E =    -110.09330  RMSG = 2.3763856e-02
 MIN: Iter =   35  NFunc =   682  E =    -110.09351  RMSG = 5.9802292e-03
 MIN: Iter =   36  NFunc =   718  E =    -110.09367  RMSG = 5.8726093e-03
 MIN: Iter =   37  NFunc =   769  E =    -110.09386  RMSG = 7.0645076e-03
 MIN: Iter =   38  NFunc =   779  E =    -110.09389  RMSG = 2.5894158e-03
 MIN: Iter =   39  NFunc =   803  E =    -110.09390  RMSG = 1.7120366e-03
 MIN: Iter =   40  NFunc =   826  E =    -110.09391  RMSG = 1.0890409e-03
 MIN: Iter =   41  NFunc =   867  E =    -110.09392  RMSG = 6.1991431e-04
 MIN: Iter =   42  NFunc =   886  E =    -110.09392  RMSG = 4.0663421e-04
----------------------------------------------------------------
 END:          :-)  E =    -110.09392  RMSG =   0.0004066

     bond:      2.377471783
    angle:     13.805653959
 dihedral:     38.942336415
    enb14:     11.965388843
    eel14:   -172.422054766
      enb:     -0.775962367
      eel:     26.459823769
      egb:    -30.446575177
    econs:      0.000000000
    esurf:      0.000000000
    Total:   -110.093917541
     frms:      0.000406634
====== rms.dat  ======================================================
#Frame      all_heavy
       1       0.6569
