====== tleap.out =====================================================
-I: Adding /home/case/amber24/dat/leap/prep to search path.
-I: Adding /home/case/amber24/dat/leap/lib to search path.
-I: Adding /home/case/amber24/dat/leap/parm to search path.
-I: Adding /home/case/amber24/dat/leap/cmd to search path.
-f: Source leap.in.

Welcome to LEaP!
(no leaprc in search path)
Sourcing: ./leap.in
Using Bondi radii
----- Source: /home/case/amber24/dat/leap/cmd/leaprc.gaff2
----- Source of /home/case/amber24/dat/leap/cmd/leaprc.gaff2 done
Log file: ./leap.log
Loading parameters: /home/case/amber24/dat/leap/parm/gaff2.dat
Reading title:
AMBER General Force Field for organic molecules (Version 2.2.20, March 2021)
Loading parameters: ./WSK.frcmod
Reading force field modification type file (frcmod)
Reading title:
Remark line goes here
Loading Mol2 file: ./WSK.mol2
Reading MOLECULE named WSK
Checking Unit.
Building topology.
"order_residues" off: keep input residue order.
Building atom parameters.
Building bond parameters.
Building angle parameters.
Building proper torsion parameters.
Building improper torsion parameters.
 total 13 improper torsions applied
Building H-Bond parameters.
Incorporating Non-Bonded adjustments.
Not Marking per-residue atom chain types.
Marking per-residue atom chain types.
  (Residues lacking connect0/connect1 - 
   these don't have chain types marked:

	res	total affected

	WSK	1
  )
 (no restraints)
	Quit

Exiting LEaP: Errors = 0; Warnings = 0; Notes = 0.
====== min.o =========================================================
Reading parm file (WSK.parm7)
title:
WSK                                                                             
no velocities were found
no velocities were found
	mm_options:  ntpr=5
	mm_options:  gb=1
	mm_options:  kappa=0.10395
	mm_options:  rgbmax=99.
	mm_options:  cut=99.0
	mm_options:  wcons=0.
     bond:      1.902505620
    angle:     23.659660640
 dihedral:      2.462074890
    enb14:      9.529229699
    eel14:     56.876580055
      enb:     -4.823841250
      eel:    -45.663772256
      egb:    -13.057823594
    econs:      0.000000000
    esurf:      0.000000000
    Total:     30.884613803
     frms:      8.781621840
Starting TNCG minimisation
 MIN: Iter =    0  NFunc =     1  E =      30.88461  RMSG = 8.7816218e+00
 MIN: Iter =    1  NFunc =     7  E =      23.30227  RMSG = 2.0697566e+00
 MIN: Iter =    2  NFunc =    13  E =      22.35617  RMSG = 8.8361448e-01
 MIN: Iter =    3  NFunc =    23  E =      21.65735  RMSG = 5.6790379e-01
 MIN: Iter =    4  NFunc =    31  E =      21.52779  RMSG = 3.5523215e-01
 MIN: Iter =    5  NFunc =    46  E =      21.39097  RMSG = 2.6423662e-01
 MIN: Iter =    6  NFunc =    57  E =      21.35927  RMSG = 1.1208819e-01
 MIN: Iter =    7  NFunc =   100  E =      21.30158  RMSG = 5.8240217e-01
 MIN: Iter =    8  NFunc =   106  E =      21.26863  RMSG = 1.1623510e-01
 MIN: Iter =    9  NFunc =   128  E =      21.24862  RMSG = 1.8770580e-01
 MIN: Iter =   10  NFunc =   135  E =      21.24365  RMSG = 6.9224435e-02
 MIN: Iter =   11  NFunc =   146  E =      21.24135  RMSG = 3.5963372e-02
 MIN: Iter =   12  NFunc =   152  E =      21.24094  RMSG = 2.0659337e-02
 MIN: Iter =   13  NFunc =   203  E =      21.23778  RMSG = 5.0602636e-02
 MIN: Iter =   14  NFunc =   219  E =      21.23562  RMSG = 3.2146664e-02
 MIN: Iter =   15  NFunc =   234  E =      21.23491  RMSG = 1.1321662e-02
 MIN: Iter =   16  NFunc =   246  E =      21.23483  RMSG = 6.1237202e-03
 MIN: Iter =   17  NFunc =   255  E =      21.23480  RMSG = 4.1964481e-03
 MIN: Iter =   18  NFunc =   306  E =      21.23468  RMSG = 3.8242576e-03
 MIN: Iter =   19  NFunc =   312  E =      21.23468  RMSG = 2.2730502e-03
 MIN: Iter =   20  NFunc =   320  E =      21.23467  RMSG = 1.0060563e-03
 MIN: Iter =   21  NFunc =   336  E =      21.23467  RMSG = 7.1991938e-04
 MIN: Iter =   22  NFunc =   383  E =      21.23467  RMSG = 6.9383667e-04
 MIN: Iter =   23  NFunc =   395  E =      21.23467  RMSG = 5.4463533e-04
 MIN: Iter =   24  NFunc =   407  E =      21.23467  RMSG = 2.9492039e-04
----------------------------------------------------------------
 END:          :-)  E =      21.23467  RMSG =   0.0002949

     bond:      1.809775983
    angle:     20.350807711
 dihedral:      2.097483287
    enb14:      7.234659499
    eel14:     57.542306525
      enb:     -4.787143587
      eel:    -49.286768068
      egb:    -13.726454796
    econs:      0.000000000
    esurf:      0.000000000
    Total:     21.234666556
     frms:      0.000294920
====== rms.dat  ======================================================
#Frame      all_heavy
       1       0.1573
