====== tleap.out =====================================================
-I: Adding /home/case/amber24/dat/leap/prep to search path.
-I: Adding /home/case/amber24/dat/leap/lib to search path.
-I: Adding /home/case/amber24/dat/leap/parm to search path.
-I: Adding /home/case/amber24/dat/leap/cmd to search path.
-f: Source leap.in.

Welcome to LEaP!
(no leaprc in search path)
Sourcing: ./leap.in
Using Bondi radii
----- Source: /home/case/amber24/dat/leap/cmd/leaprc.gaff2
----- Source of /home/case/amber24/dat/leap/cmd/leaprc.gaff2 done
Log file: ./leap.log
Loading parameters: /home/case/amber24/dat/leap/parm/gaff2.dat
Reading title:
AMBER General Force Field for organic molecules (Version 2.2.20, March 2021)
Loading parameters: ./WUY.frcmod
Reading force field modification type file (frcmod)
Reading title:
Remark line goes here
Loading Mol2 file: ./WUY.mol2
Reading MOLECULE named WUY
Checking Unit.
Building topology.
"order_residues" off: keep input residue order.
Building atom parameters.
Building bond parameters.
Building angle parameters.
Building proper torsion parameters.
Building improper torsion parameters.
 total 9 improper torsions applied
Building H-Bond parameters.
Incorporating Non-Bonded adjustments.
Not Marking per-residue atom chain types.
Marking per-residue atom chain types.
  (Residues lacking connect0/connect1 - 
   these don't have chain types marked:

	res	total affected

	WUY	1
  )
 (no restraints)
	Quit

Exiting LEaP: Errors = 0; Warnings = 0; Notes = 0.
====== min.o =========================================================
Reading parm file (WUY.parm7)
title:
WUY                                                                             
no velocities were found
no velocities were found
	mm_options:  ntpr=5
	mm_options:  gb=1
	mm_options:  kappa=0.10395
	mm_options:  rgbmax=99.
	mm_options:  cut=99.0
	mm_options:  wcons=0.
     bond:      0.712136214
    angle:      1.428085016
 dihedral:      3.419878175
    enb14:      4.727431569
    eel14:    -11.161309840
      enb:      0.428422986
      eel:    -12.618797280
      egb:    -21.146585368
    econs:      0.000000000
    esurf:      0.000000000
    Total:    -34.210738527
     frms:      6.542001308
Starting TNCG minimisation
 MIN: Iter =    0  NFunc =     1  E =     -34.21074  RMSG = 6.5420013e+00
 MIN: Iter =    1  NFunc =     7  E =     -37.65219  RMSG = 2.6015355e+00
 MIN: Iter =    2  NFunc =    15  E =     -38.93401  RMSG = 1.2235317e+00
 MIN: Iter =    3  NFunc =    21  E =     -39.12348  RMSG = 4.5175761e-01
 MIN: Iter =    4  NFunc =    33  E =     -39.28312  RMSG = 3.2680226e-01
 MIN: Iter =    5  NFunc =    60  E =     -39.42581  RMSG = 1.4810193e+00
 MIN: Iter =    6  NFunc =    66  E =     -39.53986  RMSG = 2.7460700e-01
 MIN: Iter =    7  NFunc =    78  E =     -39.57906  RMSG = 9.0705813e-01
 MIN: Iter =    8  NFunc =    84  E =     -39.61707  RMSG = 1.9622195e-01
 MIN: Iter =    9  NFunc =   117  E =     -39.68581  RMSG = 2.8032145e-01
 MIN: Iter =   10  NFunc =   132  E =     -39.72484  RMSG = 2.5962238e-01
 MIN: Iter =   11  NFunc =   141  E =     -39.74214  RMSG = 1.4669148e-01
 MIN: Iter =   12  NFunc =   153  E =     -39.75331  RMSG = 2.1440898e-01
 MIN: Iter =   13  NFunc =   160  E =     -39.75778  RMSG = 7.4838536e-02
 MIN: Iter =   14  NFunc =   183  E =     -39.76183  RMSG = 7.6629667e-02
 MIN: Iter =   15  NFunc =   196  E =     -39.76561  RMSG = 1.6268960e-01
 MIN: Iter =   16  NFunc =   203  E =     -39.76748  RMSG = 3.5747344e-02
 MIN: Iter =   17  NFunc =   211  E =     -39.76819  RMSG = 4.7975441e-02
 MIN: Iter =   18  NFunc =   225  E =     -39.76860  RMSG = 1.5441389e-02
 MIN: Iter =   19  NFunc =   234  E =     -39.76867  RMSG = 6.8786842e-03
 MIN: Iter =   20  NFunc =   253  E =     -39.76873  RMSG = 4.5989060e-03
 MIN: Iter =   21  NFunc =   262  E =     -39.76874  RMSG = 2.8344700e-03
 MIN: Iter =   22  NFunc =   277  E =     -39.76875  RMSG = 1.3648478e-03
 MIN: Iter =   23  NFunc =   289  E =     -39.76875  RMSG = 8.6631676e-04
 MIN: Iter =   24  NFunc =   303  E =     -39.76875  RMSG = 7.2604778e-04
 MIN: Iter =   25  NFunc =   310  E =     -39.76875  RMSG = 2.9620798e-04
----------------------------------------------------------------
 END:          :-)  E =     -39.76875  RMSG =   0.0002962

     bond:      0.524795949
    angle:      1.954408524
 dihedral:      1.001840855
    enb14:      3.270423526
    eel14:    -11.894452482
      enb:     -0.407116379
      eel:    -12.172447617
      egb:    -22.046201500
    econs:      0.000000000
    esurf:      0.000000000
    Total:    -39.768749124
     frms:      0.000296208
====== rms.dat  ======================================================
#Frame      all_heavy
       1       0.2737
