====== tleap.out =====================================================
-I: Adding /home/case/amber24/dat/leap/prep to search path.
-I: Adding /home/case/amber24/dat/leap/lib to search path.
-I: Adding /home/case/amber24/dat/leap/parm to search path.
-I: Adding /home/case/amber24/dat/leap/cmd to search path.
-f: Source leap.in.

Welcome to LEaP!
(no leaprc in search path)
Sourcing: ./leap.in
Using Bondi radii
----- Source: /home/case/amber24/dat/leap/cmd/leaprc.gaff2
----- Source of /home/case/amber24/dat/leap/cmd/leaprc.gaff2 done
Log file: ./leap.log
Loading parameters: /home/case/amber24/dat/leap/parm/gaff2.dat
Reading title:
AMBER General Force Field for organic molecules (Version 2.2.20, March 2021)
Loading parameters: ./WWQ.frcmod
Reading force field modification type file (frcmod)
Reading title:
Remark line goes here
Loading Mol2 file: ./WWQ.mol2
Reading MOLECULE named WWQ
Checking Unit.
Building topology.
"order_residues" off: keep input residue order.
Building atom parameters.
Building bond parameters.
Building angle parameters.
Building proper torsion parameters.
Building improper torsion parameters.
 total 24 improper torsions applied
Building H-Bond parameters.
Incorporating Non-Bonded adjustments.
Not Marking per-residue atom chain types.
Marking per-residue atom chain types.
  (Residues lacking connect0/connect1 - 
   these don't have chain types marked:

	res	total affected

	WWQ	1
  )
 (no restraints)
	Quit

Exiting LEaP: Errors = 0; Warnings = 0; Notes = 0.
====== min.o =========================================================
Reading parm file (WWQ.parm7)
title:
WWQ                                                                             
no velocities were found
no velocities were found
	mm_options:  ntpr=5
	mm_options:  gb=1
	mm_options:  kappa=0.10395
	mm_options:  rgbmax=99.
	mm_options:  cut=99.0
	mm_options:  wcons=0.
     bond:      3.182401804
    angle:      3.915479177
 dihedral:     78.811721165
    enb14:     23.857698102
    eel14:    -39.289024151
      enb:     -3.122726842
      eel:      6.405128458
      egb:    -38.696121883
    econs:      0.000000000
    esurf:      0.000000000
    Total:     35.064555831
     frms:      8.371387594
Starting TNCG minimisation
 MIN: Iter =    0  NFunc =     1  E =      35.06456  RMSG = 8.3713876e+00
 MIN: Iter =    1  NFunc =     7  E =      21.93105  RMSG = 2.8622327e+00
 MIN: Iter =    2  NFunc =    15  E =      17.55695  RMSG = 1.4320302e+00
 MIN: Iter =    3  NFunc =    66  E =      16.05616  RMSG = 1.4024257e+00
 MIN: Iter =    4  NFunc =    76  E =      14.83709  RMSG = 1.3440599e+00
 MIN: Iter =    5  NFunc =    82  E =      13.65357  RMSG = 1.2165869e+00
 MIN: Iter =    6  NFunc =    88  E =      12.72027  RMSG = 9.2370006e-01
 MIN: Iter =    7  NFunc =    96  E =      11.91170  RMSG = 6.6222896e-01
 MIN: Iter =    8  NFunc =   102  E =      11.38113  RMSG = 5.2741480e-01
 MIN: Iter =    9  NFunc =   127  E =      10.82623  RMSG = 4.5755256e-01
 MIN: Iter =   10  NFunc =   144  E =      10.51209  RMSG = 3.8473167e-01
 MIN: Iter =   11  NFunc =   159  E =      10.31035  RMSG = 2.9582158e-01
 MIN: Iter =   12  NFunc =   173  E =      10.16073  RMSG = 2.2263999e-01
 MIN: Iter =   13  NFunc =   197  E =      10.04286  RMSG = 1.8013542e-01
 MIN: Iter =   14  NFunc =   220  E =      10.00035  RMSG = 7.8420760e-02
 MIN: Iter =   15  NFunc =   259  E =       9.97712  RMSG = 6.2031915e-02
 MIN: Iter =   16  NFunc =   293  E =       9.96785  RMSG = 3.6439178e-02
 MIN: Iter =   17  NFunc =   322  E =       9.96470  RMSG = 1.5995421e-02
 MIN: Iter =   18  NFunc =   353  E =       9.96382  RMSG = 9.9614769e-03
 MIN: Iter =   19  NFunc =   404  E =       9.96290  RMSG = 1.5506066e-02
 MIN: Iter =   20  NFunc =   456  E =       9.95996  RMSG = 2.9246203e-02
 MIN: Iter =   21  NFunc =   505  E =       9.95332  RMSG = 1.4390442e-01
 MIN: Iter =   22  NFunc =   511  E =       9.94813  RMSG = 4.7409798e-02
 MIN: Iter =   23  NFunc =   550  E =       9.93870  RMSG = 1.4201556e-01
 MIN: Iter =   24  NFunc =   556  E =       9.93289  RMSG = 5.4204176e-02
 MIN: Iter =   25  NFunc =   587  E =       9.91869  RMSG = 1.5078725e-01
 MIN: Iter =   26  NFunc =   597  E =       9.90916  RMSG = 5.3759725e-02
 MIN: Iter =   27  NFunc =   617  E =       9.88885  RMSG = 1.7026416e-01
 MIN: Iter =   28  NFunc =   623  E =       9.88208  RMSG = 5.7961694e-02
 MIN: Iter =   29  NFunc =   641  E =       9.84597  RMSG = 2.1714735e-01
 MIN: Iter =   30  NFunc =   648  E =       9.83638  RMSG = 7.9483296e-02
 MIN: Iter =   31  NFunc =   676  E =       9.80161  RMSG = 2.1072689e-01
 MIN: Iter =   32  NFunc =   701  E =       9.74952  RMSG = 3.3120344e-01
 MIN: Iter =   33  NFunc =   708  E =       9.71976  RMSG = 1.2524149e-01
 MIN: Iter =   34  NFunc =   721  E =       9.68615  RMSG = 3.0819496e-01
 MIN: Iter =   35  NFunc =   727  E =       9.66966  RMSG = 6.8713172e-02
 MIN: Iter =   36  NFunc =   741  E =       9.65389  RMSG = 2.3203379e-01
 MIN: Iter =   37  NFunc =   748  E =       9.64294  RMSG = 7.3567382e-02
 MIN: Iter =   38  NFunc =   799  E =       9.60042  RMSG = 1.8808640e-01
 MIN: Iter =   39  NFunc =   805  E =       9.58977  RMSG = 7.2837027e-02
 MIN: Iter =   40  NFunc =   836  E =       9.56572  RMSG = 7.3299746e-02
 MIN: Iter =   41  NFunc =   887  E =       9.54884  RMSG = 1.2977616e-01
 MIN: Iter =   42  NFunc =   893  E =       9.54630  RMSG = 3.3339799e-02
 MIN: Iter =   43  NFunc =   941  E =       9.53937  RMSG = 3.7484693e-02
 MIN: Iter =   44  NFunc =   972  E =       9.53659  RMSG = 1.6909085e-02
 MIN: Iter =   45  NFunc =  1023  E =       9.53337  RMSG = 4.2206545e-02
 MIN: Iter =   46  NFunc =  1074  E =       9.52848  RMSG = 1.2484994e-01
 MIN: Iter =   47  NFunc =  1080  E =       9.52495  RMSG = 3.6960724e-02
 MIN: Iter =   48  NFunc =  1111  E =       9.52170  RMSG = 3.6453268e-02
 MIN: Iter =   49  NFunc =  1153  E =       9.51880  RMSG = 3.6373372e-02
 MIN: Iter =   50  NFunc =  1190  E =       9.51664  RMSG = 2.8402827e-02
 MIN: Iter =   51  NFunc =  1212  E =       9.51583  RMSG = 1.1562692e-02
 MIN: Iter =   52  NFunc =  1238  E =       9.51536  RMSG = 7.2740927e-03
 MIN: Iter =   53  NFunc =  1269  E =       9.51502  RMSG = 5.0179489e-03
 MIN: Iter =   54  NFunc =  1310  E =       9.51488  RMSG = 3.1439862e-03
 MIN: Iter =   55  NFunc =  1342  E =       9.51484  RMSG = 1.9156556e-03
 MIN: Iter =   56  NFunc =  1393  E =       9.51482  RMSG = 1.7395643e-03
 MIN: Iter =   57  NFunc =  1444  E =       9.51478  RMSG = 2.5928660e-03
 MIN: Iter =   58  NFunc =  1461  E =       9.51477  RMSG = 1.7348249e-03
 MIN: Iter =   59  NFunc =  1512  E =       9.51475  RMSG = 1.9414812e-03
 MIN: Iter =   60  NFunc =  1525  E =       9.51474  RMSG = 1.3741291e-03
 MIN: Iter =   61  NFunc =  1576  E =       9.51472  RMSG = 2.5014278e-03
 MIN: Iter =   62  NFunc =  1594  E =       9.51471  RMSG = 9.6630351e-04
 MIN: Iter =   63  NFunc =  1645  E =       9.51471  RMSG = 7.8283467e-04
 MIN: Iter =   64  NFunc =  1661  E =       9.51471  RMSG = 4.6596291e-04
----------------------------------------------------------------
 END:          :-)  E =       9.51471  RMSG =   0.0004660

     bond:      4.165835742
    angle:      6.261201363
 dihedral:     67.042625585
    enb14:     16.627656238
    eel14:    -44.286424050
      enb:     -7.609675851
      eel:      8.606676538
      egb:    -41.293188772
    econs:      0.000000000
    esurf:      0.000000000
    Total:      9.514706793
     frms:      0.000465963
====== rms.dat  ======================================================
#Frame      all_heavy
       1       1.0401
