====== tleap.out =====================================================
-I: Adding /home/case/amber26/dat/leap/prep to search path.
-I: Adding /home/case/amber26/dat/leap/lib to search path.
-I: Adding /home/case/amber26/dat/leap/parm to search path.
-I: Adding /home/case/amber26/dat/leap/cmd to search path.
-f: Source leap.in.

Welcome to LEaP!
(no leaprc in search path)
Sourcing: ./leap.in
Using Bondi radii
----- Source: /home/case/amber26/dat/leap/cmd/leaprc.gaff2
----- Source of /home/case/amber26/dat/leap/cmd/leaprc.gaff2 done
Log file: ./leap.log
Loading parameters: /home/case/amber26/dat/leap/parm/gaff2.dat
Reading title:
AMBER General Force Field for organic molecules (Version 2.2.30, Oct 2025)
Loading parameters: ./C07.frcmod
Reading force field modification type file (frcmod)
Reading title:
Remark line goes here
Loading Mol2 file: ./C07.mol2
Reading MOLECULE named C07
Checking Unit.
Building topology.
"order_residues" off: keep input residue order.
Building atom parameters.
Building bond parameters.
Building angle parameters.
Building proper torsion parameters.
Building improper torsion parameters.
 total 15 improper torsions applied
Building H-Bond parameters.
Incorporating Non-Bonded adjustments.
Not Marking per-residue atom chain types.
Marking per-residue atom chain types.
  (Residues lacking connect0/connect1 - 
   these don't have chain types marked:

	res	total affected

	C07	1
  )
 (no restraints)
	Quit

Exiting LEaP: Errors = 0; Warnings = 0; Notes = 0.
====== min.o =========================================================
Reading parm file (C07.parm7)
title:
C07                                                                             
no velocities were found
no velocities were found
	mm_options:  ntpr=5
	mm_options:  gb=1
	mm_options:  kappa=0.10395
	mm_options:  rgbmax=99.
	mm_options:  cut=99.0
	mm_options:  wcons=0.
     bond:      3.123619928
    angle:      8.163895423
 dihedral:     19.440098745
    enb14:     19.699059111
    eel14:   -260.231276307
      enb:     -4.150239331
      eel:    124.863871023
      egb:    -21.202819908
    econs:      0.000000000
    esurf:      0.000000000
    Total:   -110.293791316
     frms:      9.530516250
Starting TNCG minimisation
 MIN: Iter =    0  NFunc =     1  E =    -110.29379  RMSG = 9.5305163e+00
 MIN: Iter =    1  NFunc =     7  E =    -117.74793  RMSG = 2.3944362e+00
 MIN: Iter =    2  NFunc =    15  E =    -119.12072  RMSG = 1.0099897e+00
 MIN: Iter =    3  NFunc =    24  E =    -119.52756  RMSG = 4.4995858e-01
 MIN: Iter =    4  NFunc =    53  E =    -119.90161  RMSG = 5.8663188e-01
 MIN: Iter =    5  NFunc =    60  E =    -119.95132  RMSG = 1.7922269e-01
 MIN: Iter =    6  NFunc =    81  E =    -120.01611  RMSG = 5.5607743e-01
 MIN: Iter =    7  NFunc =    87  E =    -120.04924  RMSG = 1.6857308e-01
 MIN: Iter =    8  NFunc =   138  E =    -120.14993  RMSG = 8.0269988e-01
 MIN: Iter =    9  NFunc =   144  E =    -120.24103  RMSG = 2.1794620e-01
 MIN: Iter =   10  NFunc =   151  E =    -120.28111  RMSG = 2.1677239e-01
 MIN: Iter =   11  NFunc =   175  E =    -120.38564  RMSG = 4.3982930e-01
 MIN: Iter =   12  NFunc =   186  E =    -120.43136  RMSG = 1.7600316e-01
 MIN: Iter =   13  NFunc =   192  E =    -120.44437  RMSG = 1.2236059e-01
 MIN: Iter =   14  NFunc =   230  E =    -120.47618  RMSG = 1.9067507e-01
 MIN: Iter =   15  NFunc =   236  E =    -120.47979  RMSG = 6.3734528e-02
 MIN: Iter =   16  NFunc =   255  E =    -120.48947  RMSG = 5.3583789e-02
 MIN: Iter =   17  NFunc =   263  E =    -120.49054  RMSG = 2.9284907e-02
 MIN: Iter =   18  NFunc =   283  E =    -120.49164  RMSG = 1.5857041e-02
 MIN: Iter =   19  NFunc =   299  E =    -120.49186  RMSG = 9.3025914e-03
 MIN: Iter =   20  NFunc =   341  E =    -120.49213  RMSG = 4.9094218e-03
 MIN: Iter =   21  NFunc =   356  E =    -120.49218  RMSG = 3.7077729e-03
 MIN: Iter =   22  NFunc =   374  E =    -120.49219  RMSG = 2.2722288e-03
 MIN: Iter =   23  NFunc =   385  E =    -120.49220  RMSG = 1.7191344e-03
 MIN: Iter =   24  NFunc =   393  E =    -120.49220  RMSG = 9.8275301e-04
 MIN: Iter =   25  NFunc =   418  E =    -120.49220  RMSG = 3.5497751e-04
----------------------------------------------------------------
 END:          :-)  E =    -120.49220  RMSG =   0.0003550

     bond:      1.994475481
    angle:      6.409725122
 dihedral:     16.268715569
    enb14:     14.640411813
    eel14:   -258.381720941
      enb:     -3.315080748
      eel:    123.551570451
      egb:    -21.660295164
    econs:      0.000000000
    esurf:      0.000000000
    Total:   -120.492198417
     frms:      0.000354978
====== rms.dat  ======================================================
#Frame      all_heavy
       1       0.2694
