====== tleap.out =====================================================
-I: Adding /home/case/amber24/dat/leap/prep to search path.
-I: Adding /home/case/amber24/dat/leap/lib to search path.
-I: Adding /home/case/amber24/dat/leap/parm to search path.
-I: Adding /home/case/amber24/dat/leap/cmd to search path.
-f: Source leap.in.

Welcome to LEaP!
(no leaprc in search path)
Sourcing: ./leap.in
Using Bondi radii
----- Source: /home/case/amber24/dat/leap/cmd/leaprc.gaff2
----- Source of /home/case/amber24/dat/leap/cmd/leaprc.gaff2 done
Log file: ./leap.log
Loading parameters: /home/case/amber24/dat/leap/parm/gaff2.dat
Reading title:
AMBER General Force Field for organic molecules (Version 2.2.20, March 2021)
Loading parameters: ./C0Z.frcmod
Reading force field modification type file (frcmod)
Reading title:
Remark line goes here
Loading Mol2 file: ./C0Z.mol2
Reading MOLECULE named C0Z
Checking Unit.
Building topology.
"order_residues" off: keep input residue order.
Building atom parameters.
Building bond parameters.
Building angle parameters.
Building proper torsion parameters.
Building improper torsion parameters.
 total 18 improper torsions applied
Building H-Bond parameters.
Incorporating Non-Bonded adjustments.
Not Marking per-residue atom chain types.
Marking per-residue atom chain types.
  (Residues lacking connect0/connect1 - 
   these don't have chain types marked:

	res	total affected

	C0Z	1
  )
 (no restraints)
	Quit

Exiting LEaP: Errors = 0; Warnings = 0; Notes = 0.
====== min.o =========================================================
Reading parm file (C0Z.parm7)
title:
C0Z                                                                             
no velocities were found
no velocities were found
	mm_options:  ntpr=5
	mm_options:  gb=1
	mm_options:  kappa=0.10395
	mm_options:  rgbmax=99.
	mm_options:  cut=99.0
	mm_options:  wcons=0.
     bond:      5.163365871
    angle:     19.464889381
 dihedral:     73.517756584
    enb14:     13.640159005
    eel14:     40.728379137
      enb:     -4.452212399
      eel:   -108.856263411
      egb:    -25.340913995
    econs:      0.000000000
    esurf:      0.000000000
    Total:     13.865160173
     frms:     11.735481367
Starting TNCG minimisation
 MIN: Iter =    0  NFunc =     1  E =      13.86516  RMSG = 1.1735481e+01
 MIN: Iter =    1  NFunc =     7  E =      -3.59823  RMSG = 4.4700259e+00
 MIN: Iter =    2  NFunc =    14  E =      -7.03953  RMSG = 1.3463736e+00
 MIN: Iter =    3  NFunc =    24  E =      -8.12178  RMSG = 6.4884782e-01
 MIN: Iter =    4  NFunc =    41  E =      -8.46365  RMSG = 3.4429385e-01
 MIN: Iter =    5  NFunc =    71  E =      -8.66743  RMSG = 6.4711293e-01
 MIN: Iter =    6  NFunc =    77  E =      -8.70593  RMSG = 1.4226108e-01
 MIN: Iter =    7  NFunc =    96  E =      -8.74408  RMSG = 1.6139878e-01
 MIN: Iter =    8  NFunc =   147  E =      -8.80004  RMSG = 3.5243758e-01
 MIN: Iter =    9  NFunc =   185  E =      -8.90331  RMSG = 4.9542150e-01
 MIN: Iter =   10  NFunc =   203  E =      -9.03688  RMSG = 5.0433595e-01
 MIN: Iter =   11  NFunc =   213  E =      -9.16222  RMSG = 4.6263746e-01
 MIN: Iter =   12  NFunc =   219  E =      -9.27324  RMSG = 4.3755707e-01
 MIN: Iter =   13  NFunc =   225  E =      -9.38323  RMSG = 5.1200508e-01
 MIN: Iter =   14  NFunc =   231  E =      -9.50826  RMSG = 5.8297258e-01
 MIN: Iter =   15  NFunc =   239  E =      -9.65568  RMSG = 6.8038736e-01
 MIN: Iter =   16  NFunc =   250  E =      -9.84816  RMSG = 8.7800223e-01
 MIN: Iter =   17  NFunc =   256  E =     -10.07786  RMSG = 7.6071702e-01
 MIN: Iter =   18  NFunc =   262  E =     -10.28938  RMSG = 8.2166005e-01
 MIN: Iter =   19  NFunc =   268  E =     -10.48081  RMSG = 6.5039509e-01
 MIN: Iter =   20  NFunc =   292  E =     -10.77509  RMSG = 5.9455541e-01
 MIN: Iter =   21  NFunc =   307  E =     -11.01909  RMSG = 6.0969903e-01
 MIN: Iter =   22  NFunc =   314  E =     -11.22543  RMSG = 5.4413454e-01
 MIN: Iter =   23  NFunc =   322  E =     -11.38366  RMSG = 5.3440910e-01
 MIN: Iter =   24  NFunc =   330  E =     -11.47049  RMSG = 2.4915198e-01
 MIN: Iter =   25  NFunc =   361  E =     -11.71492  RMSG = 3.4416885e-01
 MIN: Iter =   26  NFunc =   367  E =     -11.75277  RMSG = 2.0133540e-01
 MIN: Iter =   27  NFunc =   418  E =     -11.92597  RMSG = 2.6318743e-01
 MIN: Iter =   28  NFunc =   447  E =     -12.10083  RMSG = 3.0627401e-01
 MIN: Iter =   29  NFunc =   468  E =     -12.26301  RMSG = 2.9242641e-01
 MIN: Iter =   30  NFunc =   478  E =     -12.37805  RMSG = 2.7096378e-01
 MIN: Iter =   31  NFunc =   493  E =     -12.49030  RMSG = 2.7019722e-01
 MIN: Iter =   32  NFunc =   499  E =     -12.57709  RMSG = 3.1140141e-01
 MIN: Iter =   33  NFunc =   513  E =     -12.66199  RMSG = 2.7187769e-01
 MIN: Iter =   34  NFunc =   521  E =     -12.72717  RMSG = 2.1714902e-01
 MIN: Iter =   35  NFunc =   527  E =     -12.76945  RMSG = 1.7475895e-01
 MIN: Iter =   36  NFunc =   536  E =     -12.80040  RMSG = 1.3916607e-01
 MIN: Iter =   37  NFunc =   579  E =     -12.94786  RMSG = 2.3590741e-01
 MIN: Iter =   38  NFunc =   604  E =     -13.05233  RMSG = 2.2741864e-01
 MIN: Iter =   39  NFunc =   624  E =     -13.12149  RMSG = 1.8580221e-01
 MIN: Iter =   40  NFunc =   636  E =     -13.15182  RMSG = 1.1662913e-01
 MIN: Iter =   41  NFunc =   654  E =     -13.17452  RMSG = 1.0543131e-01
 MIN: Iter =   42  NFunc =   696  E =     -13.21135  RMSG = 8.4173567e-02
 MIN: Iter =   43  NFunc =   716  E =     -13.22067  RMSG = 3.8938140e-02
 MIN: Iter =   44  NFunc =   724  E =     -13.22143  RMSG = 1.9461278e-02
 MIN: Iter =   45  NFunc =   756  E =     -13.22237  RMSG = 1.0746727e-02
 MIN: Iter =   46  NFunc =   807  E =     -13.22366  RMSG = 1.3556280e-02
 MIN: Iter =   47  NFunc =   822  E =     -13.22394  RMSG = 8.1676687e-03
 MIN: Iter =   48  NFunc =   861  E =     -13.22408  RMSG = 4.3717263e-03
 MIN: Iter =   49  NFunc =   877  E =     -13.22409  RMSG = 1.6785513e-03
 MIN: Iter =   50  NFunc =   928  E =     -13.22411  RMSG = 1.2017893e-03
 MIN: Iter =   51  NFunc =   956  E =     -13.22412  RMSG = 1.6023479e-03
 MIN: Iter =   52  NFunc =  1000  E =     -13.22413  RMSG = 1.0370216e-03
 MIN: Iter =   53  NFunc =  1024  E =     -13.22414  RMSG = 9.2221488e-04
 MIN: Iter =   54  NFunc =  1048  E =     -13.22414  RMSG = 5.3313726e-04
 MIN: Iter =   55  NFunc =  1074  E =     -13.22414  RMSG = 3.7476289e-04
----------------------------------------------------------------
 END:          :-)  E =     -13.22414  RMSG =   0.0003748

     bond:      2.724722697
    angle:     12.539403305
 dihedral:     68.587619225
    enb14:     10.335940231
    eel14:     30.490011208
      enb:     -6.220072052
      eel:   -105.079571916
      egb:    -26.602193213
    econs:      0.000000000
    esurf:      0.000000000
    Total:    -13.224140514
     frms:      0.000374763
====== rms.dat  ======================================================
#Frame      all_heavy
       1       1.3065
