====== tleap.out =====================================================
-I: Adding /home/case/amber24/dat/leap/prep to search path.
-I: Adding /home/case/amber24/dat/leap/lib to search path.
-I: Adding /home/case/amber24/dat/leap/parm to search path.
-I: Adding /home/case/amber24/dat/leap/cmd to search path.
-f: Source leap.in.

Welcome to LEaP!
(no leaprc in search path)
Sourcing: ./leap.in
Using Bondi radii
----- Source: /home/case/amber24/dat/leap/cmd/leaprc.gaff2
----- Source of /home/case/amber24/dat/leap/cmd/leaprc.gaff2 done
Log file: ./leap.log
Loading parameters: /home/case/amber24/dat/leap/parm/gaff2.dat
Reading title:
AMBER General Force Field for organic molecules (Version 2.2.20, March 2021)
Loading parameters: ./C5N.frcmod
Reading force field modification type file (frcmod)
Reading title:
Remark line goes here
Loading Mol2 file: ./C5N.mol2
Reading MOLECULE named C5N
Checking Unit.
Building topology.
"order_residues" off: keep input residue order.
Building atom parameters.
Building bond parameters.
Building angle parameters.
Building proper torsion parameters.
Building improper torsion parameters.
 total 24 improper torsions applied
Building H-Bond parameters.
Incorporating Non-Bonded adjustments.
Not Marking per-residue atom chain types.
Marking per-residue atom chain types.
  (Residues lacking connect0/connect1 - 
   these don't have chain types marked:

	res	total affected

	C5N	1
  )
 (no restraints)
	Quit

Exiting LEaP: Errors = 0; Warnings = 0; Notes = 0.
====== min.o =========================================================
Reading parm file (C5N.parm7)
title:
C5N                                                                             
no velocities were found
no velocities were found
	mm_options:  ntpr=5
	mm_options:  gb=1
	mm_options:  kappa=0.10395
	mm_options:  rgbmax=99.
	mm_options:  cut=99.0
	mm_options:  wcons=0.
     bond:      4.492108650
    angle:     23.759686032
 dihedral:     17.981059559
    enb14:     27.934696970
    eel14:      5.567648234
      enb:     -2.884535811
      eel:    -23.555277090
      egb:    -25.613397858
    econs:      0.000000000
    esurf:      0.000000000
    Total:     27.681988686
     frms:     10.693047984
Starting TNCG minimisation
 MIN: Iter =    0  NFunc =     1  E =      27.68199  RMSG = 1.0693048e+01
 MIN: Iter =    1  NFunc =     7  E =       9.14603  RMSG = 2.7854061e+00
 MIN: Iter =    2  NFunc =    22  E =       2.87391  RMSG = 1.1813677e+00
 MIN: Iter =    3  NFunc =    32  E =       1.40668  RMSG = 6.8662339e-01
 MIN: Iter =    4  NFunc =    44  E =       0.77103  RMSG = 4.2355204e-01
 MIN: Iter =    5  NFunc =    95  E =       0.23969  RMSG = 4.3795852e-01
 MIN: Iter =    6  NFunc =   116  E =      -0.00204  RMSG = 3.5701287e-01
 MIN: Iter =    7  NFunc =   126  E =      -0.08155  RMSG = 1.5323549e-01
 MIN: Iter =    8  NFunc =   177  E =      -0.21392  RMSG = 2.6862577e-01
 MIN: Iter =    9  NFunc =   190  E =      -0.28564  RMSG = 1.4310379e-01
 MIN: Iter =   10  NFunc =   214  E =      -0.32302  RMSG = 9.9489826e-02
 MIN: Iter =   11  NFunc =   255  E =      -0.36636  RMSG = 1.2547939e-01
 MIN: Iter =   12  NFunc =   261  E =      -0.37029  RMSG = 4.6133320e-02
 MIN: Iter =   13  NFunc =   299  E =      -0.37870  RMSG = 2.9301940e-02
 MIN: Iter =   14  NFunc =   322  E =      -0.38033  RMSG = 1.3691353e-02
 MIN: Iter =   15  NFunc =   371  E =      -0.38233  RMSG = 1.3219051e-02
 MIN: Iter =   16  NFunc =   422  E =      -0.38345  RMSG = 1.4892394e-02
 MIN: Iter =   17  NFunc =   469  E =      -0.38470  RMSG = 1.2091014e-02
 MIN: Iter =   18  NFunc =   520  E =      -0.38536  RMSG = 8.7183390e-03
 MIN: Iter =   19  NFunc =   553  E =      -0.38574  RMSG = 7.1912826e-03
 MIN: Iter =   20  NFunc =   597  E =      -0.38591  RMSG = 3.2231373e-03
 MIN: Iter =   21  NFunc =   648  E =      -0.38598  RMSG = 2.0012752e-03
 MIN: Iter =   22  NFunc =   699  E =      -0.38603  RMSG = 2.4273428e-03
 MIN: Iter =   23  NFunc =   718  E =      -0.38605  RMSG = 1.8883260e-03
 MIN: Iter =   24  NFunc =   769  E =      -0.38608  RMSG = 1.9318316e-03
 MIN: Iter =   25  NFunc =   818  E =      -0.38612  RMSG = 1.5485038e-03
 MIN: Iter =   26  NFunc =   851  E =      -0.38614  RMSG = 1.2463863e-03
 MIN: Iter =   27  NFunc =   884  E =      -0.38614  RMSG = 7.1201746e-04
 MIN: Iter =   28  NFunc =   935  E =      -0.38615  RMSG = 9.7146643e-04
 MIN: Iter =   29  NFunc =   957  E =      -0.38615  RMSG = 4.4041009e-04
----------------------------------------------------------------
 END:          :-)  E =      -0.38615  RMSG =   0.0004404

     bond:      4.103043133
    angle:     15.548554063
 dihedral:     18.599581226
    enb14:     18.168613901
    eel14:      2.337060606
      enb:     -8.455649761
      eel:    -22.964491038
      egb:    -27.722862039
    econs:      0.000000000
    esurf:      0.000000000
    Total:     -0.386149909
     frms:      0.000440410
====== rms.dat  ======================================================
#Frame      all_heavy
       1       0.2994
