====== tleap.out =====================================================
-I: Adding /home/case/amber24/dat/leap/prep to search path.
-I: Adding /home/case/amber24/dat/leap/lib to search path.
-I: Adding /home/case/amber24/dat/leap/parm to search path.
-I: Adding /home/case/amber24/dat/leap/cmd to search path.
-f: Source leap.in.

Welcome to LEaP!
(no leaprc in search path)
Sourcing: ./leap.in
Using Bondi radii
----- Source: /home/case/amber24/dat/leap/cmd/leaprc.gaff2
----- Source of /home/case/amber24/dat/leap/cmd/leaprc.gaff2 done
Log file: ./leap.log
Loading parameters: /home/case/amber24/dat/leap/parm/gaff2.dat
Reading title:
AMBER General Force Field for organic molecules (Version 2.2.20, March 2021)
Loading parameters: ./C69.frcmod
Reading force field modification type file (frcmod)
Reading title:
Remark line goes here
Loading Mol2 file: ./C69.mol2
Reading MOLECULE named C69
Checking Unit.
Building topology.
"order_residues" off: keep input residue order.
Building atom parameters.
Building bond parameters.
Building angle parameters.
Building proper torsion parameters.
Building improper torsion parameters.
 total 14 improper torsions applied
Building H-Bond parameters.
Incorporating Non-Bonded adjustments.
Not Marking per-residue atom chain types.
Marking per-residue atom chain types.
  (Residues lacking connect0/connect1 - 
   these don't have chain types marked:

	res	total affected

	C69	1
  )
 (no restraints)
	Quit

Exiting LEaP: Errors = 0; Warnings = 0; Notes = 0.
====== min.o =========================================================
Reading parm file (C69.parm7)
title:
C69                                                                             
no velocities were found
no velocities were found
	mm_options:  ntpr=5
	mm_options:  gb=1
	mm_options:  kappa=0.10395
	mm_options:  rgbmax=99.
	mm_options:  cut=99.0
	mm_options:  wcons=0.
     bond:      2.597980857
    angle:      5.647283287
 dihedral:     46.766798594
    enb14:     10.894472509
    eel14:      1.467456978
      enb:     -4.636813370
      eel:    -24.903228893
      egb:    -16.915417160
    econs:      0.000000000
    esurf:      0.000000000
    Total:     20.918532802
     frms:      9.350093126
Starting TNCG minimisation
 MIN: Iter =    0  NFunc =     1  E =      20.91853  RMSG = 9.3500931e+00
 MIN: Iter =    1  NFunc =     7  E =      12.46048  RMSG = 2.4883009e+00
 MIN: Iter =    2  NFunc =    14  E =      11.12959  RMSG = 1.0132769e+00
 MIN: Iter =    3  NFunc =    41  E =      10.42071  RMSG = 1.1393562e+00
 MIN: Iter =    4  NFunc =    55  E =      10.11629  RMSG = 3.8441599e-01
 MIN: Iter =    5  NFunc =   106  E =       9.79977  RMSG = 6.2881487e-01
 MIN: Iter =    6  NFunc =   152  E =       9.56637  RMSG = 7.1200212e-01
 MIN: Iter =    7  NFunc =   171  E =       9.25652  RMSG = 7.1802961e-01
 MIN: Iter =    8  NFunc =   181  E =       8.94275  RMSG = 7.4880624e-01
 MIN: Iter =    9  NFunc =   187  E =       8.62284  RMSG = 7.6171083e-01
 MIN: Iter =   10  NFunc =   193  E =       8.29867  RMSG = 7.0957986e-01
 MIN: Iter =   11  NFunc =   199  E =       7.98598  RMSG = 6.5577689e-01
 MIN: Iter =   12  NFunc =   205  E =       7.70537  RMSG = 6.0529245e-01
 MIN: Iter =   13  NFunc =   211  E =       7.47297  RMSG = 4.0797431e-01
 MIN: Iter =   14  NFunc =   217  E =       7.33099  RMSG = 4.5066100e-01
 MIN: Iter =   15  NFunc =   268  E =       6.96015  RMSG = 4.4101408e-01
 MIN: Iter =   16  NFunc =   293  E =       6.68702  RMSG = 4.7966494e-01
 MIN: Iter =   17  NFunc =   305  E =       6.46606  RMSG = 4.5720897e-01
 MIN: Iter =   18  NFunc =   311  E =       6.32693  RMSG = 3.7424423e-01
 MIN: Iter =   19  NFunc =   319  E =       6.22996  RMSG = 3.1491937e-01
 MIN: Iter =   20  NFunc =   329  E =       6.18016  RMSG = 1.8189358e-01
 MIN: Iter =   21  NFunc =   339  E =       6.16007  RMSG = 1.4019854e-01
 MIN: Iter =   22  NFunc =   352  E =       6.13986  RMSG = 9.9999728e-02
 MIN: Iter =   23  NFunc =   386  E =       6.11487  RMSG = 1.6967477e-01
 MIN: Iter =   24  NFunc =   400  E =       6.10790  RMSG = 6.2690006e-02
 MIN: Iter =   25  NFunc =   414  E =       6.10525  RMSG = 3.1077946e-02
 MIN: Iter =   26  NFunc =   455  E =       6.10297  RMSG = 1.7693800e-02
 MIN: Iter =   27  NFunc =   472  E =       6.10255  RMSG = 1.0855865e-02
 MIN: Iter =   28  NFunc =   523  E =       6.10230  RMSG = 7.8137318e-03
 MIN: Iter =   29  NFunc =   539  E =       6.10221  RMSG = 4.2393892e-03
 MIN: Iter =   30  NFunc =   561  E =       6.10219  RMSG = 2.1308865e-03
 MIN: Iter =   31  NFunc =   585  E =       6.10219  RMSG = 9.8875650e-04
 MIN: Iter =   32  NFunc =   624  E =       6.10218  RMSG = 3.2192802e-04
----------------------------------------------------------------
 END:          :-)  E =       6.10218  RMSG =   0.0003219

     bond:      1.219456270
    angle:      3.144317817
 dihedral:     39.068340062
    enb14:      7.611750380
    eel14:      0.710962835
      enb:     -4.145047737
      eel:    -24.625754987
      egb:    -16.881840024
    econs:      0.000000000
    esurf:      0.000000000
    Total:      6.102184616
     frms:      0.000321928
====== rms.dat  ======================================================
#Frame      all_heavy
       1       0.8229
