====== tleap.out =====================================================
-I: Adding /home/case/amber24/dat/leap/prep to search path.
-I: Adding /home/case/amber24/dat/leap/lib to search path.
-I: Adding /home/case/amber24/dat/leap/parm to search path.
-I: Adding /home/case/amber24/dat/leap/cmd to search path.
-f: Source leap.in.

Welcome to LEaP!
(no leaprc in search path)
Sourcing: ./leap.in
Using Bondi radii
----- Source: /home/case/amber24/dat/leap/cmd/leaprc.gaff2
----- Source of /home/case/amber24/dat/leap/cmd/leaprc.gaff2 done
Log file: ./leap.log
Loading parameters: /home/case/amber24/dat/leap/parm/gaff2.dat
Reading title:
AMBER General Force Field for organic molecules (Version 2.2.20, March 2021)
Loading parameters: ./C6F.frcmod
Reading force field modification type file (frcmod)
Reading title:
Remark line goes here
Loading Mol2 file: ./C6F.mol2
Reading MOLECULE named C6F
Checking Unit.
Building topology.
"order_residues" off: keep input residue order.
Building atom parameters.
Building bond parameters.
Building angle parameters.
Building proper torsion parameters.
Building improper torsion parameters.
 total 15 improper torsions applied
Building H-Bond parameters.
Incorporating Non-Bonded adjustments.
Not Marking per-residue atom chain types.
Marking per-residue atom chain types.
  (Residues lacking connect0/connect1 - 
   these don't have chain types marked:

	res	total affected

	C6F	1
  )
 (no restraints)
	Quit

Exiting LEaP: Errors = 0; Warnings = 0; Notes = 0.
====== min.o =========================================================
Reading parm file (C6F.parm7)
title:
C6F                                                                             
no velocities were found
no velocities were found
	mm_options:  ntpr=5
	mm_options:  gb=1
	mm_options:  kappa=0.10395
	mm_options:  rgbmax=99.
	mm_options:  cut=99.0
	mm_options:  wcons=0.
     bond:      5.190447183
    angle:      9.707339219
 dihedral:     15.762879216
    enb14:     31.106527553
    eel14:   -245.745826126
      enb:     -3.095915008
      eel:    151.521977280
      egb:    -31.092094725
    econs:      0.000000000
    esurf:      0.000000000
    Total:    -66.644665409
     frms:     12.341463362
Starting TNCG minimisation
 MIN: Iter =    0  NFunc =     1  E =     -66.64467  RMSG = 1.2341463e+01
 MIN: Iter =    1  NFunc =     7  E =     -88.68091  RMSG = 2.9780622e+00
 MIN: Iter =    2  NFunc =    18  E =     -94.07548  RMSG = 1.0068319e+00
 MIN: Iter =    3  NFunc =    27  E =     -95.20634  RMSG = 4.8655641e-01
 MIN: Iter =    4  NFunc =    45  E =     -95.86570  RMSG = 4.3699704e-01
 MIN: Iter =    5  NFunc =    75  E =     -96.28224  RMSG = 3.7613829e-01
 MIN: Iter =    6  NFunc =   106  E =     -96.48888  RMSG = 3.0766445e-01
 MIN: Iter =    7  NFunc =   121  E =     -96.55967  RMSG = 1.2138975e-01
 MIN: Iter =    8  NFunc =   172  E =     -96.70654  RMSG = 2.7496601e-01
 MIN: Iter =    9  NFunc =   182  E =     -96.75722  RMSG = 1.3314796e-01
 MIN: Iter =   10  NFunc =   197  E =     -96.80725  RMSG = 1.4170855e-01
 MIN: Iter =   11  NFunc =   211  E =     -96.82682  RMSG = 6.5809677e-02
 MIN: Iter =   12  NFunc =   223  E =     -96.83547  RMSG = 4.7694136e-02
 MIN: Iter =   13  NFunc =   260  E =     -96.86342  RMSG = 7.3249459e-02
 MIN: Iter =   14  NFunc =   297  E =     -96.87840  RMSG = 3.6465170e-02
 MIN: Iter =   15  NFunc =   347  E =     -96.89608  RMSG = 6.4574116e-02
 MIN: Iter =   16  NFunc =   354  E =     -96.89789  RMSG = 2.9681520e-02
 MIN: Iter =   17  NFunc =   405  E =     -96.90553  RMSG = 4.8853650e-02
 MIN: Iter =   18  NFunc =   441  E =     -96.91221  RMSG = 3.3675053e-02
 MIN: Iter =   19  NFunc =   492  E =     -96.91633  RMSG = 3.3426729e-02
 MIN: Iter =   20  NFunc =   511  E =     -96.91718  RMSG = 1.1032165e-02
 MIN: Iter =   21  NFunc =   523  E =     -96.91733  RMSG = 6.6263554e-03
 MIN: Iter =   22  NFunc =   574  E =     -96.91784  RMSG = 7.1862496e-03
 MIN: Iter =   23  NFunc =   594  E =     -96.91796  RMSG = 3.7991447e-03
 MIN: Iter =   24  NFunc =   615  E =     -96.91799  RMSG = 2.0305672e-03
 MIN: Iter =   25  NFunc =   666  E =     -96.91802  RMSG = 2.2722564e-03
 MIN: Iter =   26  NFunc =   687  E =     -96.91804  RMSG = 1.7882748e-03
 MIN: Iter =   27  NFunc =   738  E =     -96.91807  RMSG = 1.5098251e-03
 MIN: Iter =   28  NFunc =   776  E =     -96.91809  RMSG = 9.6046800e-04
 MIN: Iter =   29  NFunc =   827  E =     -96.91809  RMSG = 8.3667088e-04
 MIN: Iter =   30  NFunc =   843  E =     -96.91810  RMSG = 4.5583249e-04
----------------------------------------------------------------
 END:          :-)  E =     -96.91810  RMSG =   0.0004558

     bond:      5.309025131
    angle:      7.484634195
 dihedral:     15.229447350
    enb14:     19.893428894
    eel14:   -256.676360226
      enb:     -7.385644623
      eel:    154.332918033
      egb:    -35.105544173
    econs:      0.000000000
    esurf:      0.000000000
    Total:    -96.918095419
     frms:      0.000455832
====== rms.dat  ======================================================
#Frame      all_heavy
       1       0.4134
