====== tleap.out =====================================================
-I: Adding /home/case/amber24/dat/leap/prep to search path.
-I: Adding /home/case/amber24/dat/leap/lib to search path.
-I: Adding /home/case/amber24/dat/leap/parm to search path.
-I: Adding /home/case/amber24/dat/leap/cmd to search path.
-f: Source leap.in.

Welcome to LEaP!
(no leaprc in search path)
Sourcing: ./leap.in
Using Bondi radii
----- Source: /home/case/amber24/dat/leap/cmd/leaprc.gaff2
----- Source of /home/case/amber24/dat/leap/cmd/leaprc.gaff2 done
Log file: ./leap.log
Loading parameters: /home/case/amber24/dat/leap/parm/gaff2.dat
Reading title:
AMBER General Force Field for organic molecules (Version 2.2.20, March 2021)
Loading parameters: ./C8U.frcmod
Reading force field modification type file (frcmod)
Reading title:
Remark line goes here
Loading Mol2 file: ./C8U.mol2
Reading MOLECULE named C8U
Checking Unit.
Building topology.
"order_residues" off: keep input residue order.
Building atom parameters.
Building bond parameters.
Building angle parameters.
Building proper torsion parameters.
Building improper torsion parameters.
 total 13 improper torsions applied
Building H-Bond parameters.
Incorporating Non-Bonded adjustments.
Not Marking per-residue atom chain types.
Marking per-residue atom chain types.
  (Residues lacking connect0/connect1 - 
   these don't have chain types marked:

	res	total affected

	C8U	1
  )
 (no restraints)
	Quit

Exiting LEaP: Errors = 0; Warnings = 0; Notes = 0.
====== min.o =========================================================
Reading parm file (C8U.parm7)
title:
C8U                                                                             
no velocities were found
no velocities were found
	mm_options:  ntpr=5
	mm_options:  gb=1
	mm_options:  kappa=0.10395
	mm_options:  rgbmax=99.
	mm_options:  cut=99.0
	mm_options:  wcons=0.
     bond:      2.631183270
    angle:      8.592593029
 dihedral:      8.297318330
    enb14:     16.420458155
    eel14:   -210.670975584
      enb:      5.927429302
      eel:    122.137790634
      egb:    -21.474873461
    econs:      0.000000000
    esurf:      0.000000000
    Total:    -68.139076326
     frms:      9.203907464
Starting TNCG minimisation
 MIN: Iter =    0  NFunc =     1  E =     -68.13908  RMSG = 9.2039075e+00
 MIN: Iter =    1  NFunc =     7  E =     -78.68125  RMSG = 2.4082733e+00
 MIN: Iter =    2  NFunc =    13  E =     -79.94157  RMSG = 8.8208206e-01
 MIN: Iter =    3  NFunc =    19  E =     -80.15622  RMSG = 3.6772291e-01
 MIN: Iter =    4  NFunc =    25  E =     -80.20359  RMSG = 2.2150743e-01
 MIN: Iter =    5  NFunc =    40  E =     -80.25801  RMSG = 1.5508974e-01
 MIN: Iter =    6  NFunc =    65  E =     -80.28619  RMSG = 1.4932753e-01
 MIN: Iter =    7  NFunc =    86  E =     -80.30961  RMSG = 3.6239430e-01
 MIN: Iter =    8  NFunc =   102  E =     -80.38192  RMSG = 1.2515398e+00
 MIN: Iter =    9  NFunc =   108  E =     -80.53598  RMSG = 3.9568498e-01
 MIN: Iter =   10  NFunc =   117  E =     -80.74207  RMSG = 1.1834670e+00
 MIN: Iter =   11  NFunc =   134  E =     -81.16073  RMSG = 1.5898627e+00
 MIN: Iter =   12  NFunc =   142  E =     -81.82256  RMSG = 1.4007984e+00
 MIN: Iter =   13  NFunc =   148  E =     -82.32498  RMSG = 9.9334158e-01
 MIN: Iter =   14  NFunc =   154  E =     -82.61877  RMSG = 6.7836671e-01
 MIN: Iter =   15  NFunc =   160  E =     -82.79530  RMSG = 6.1720852e-01
 MIN: Iter =   16  NFunc =   181  E =     -83.20267  RMSG = 1.2028241e+00
 MIN: Iter =   17  NFunc =   191  E =     -83.65239  RMSG = 8.0963330e-01
 MIN: Iter =   18  NFunc =   242  E =     -84.12627  RMSG = 1.1497357e+00
 MIN: Iter =   19  NFunc =   248  E =     -84.62473  RMSG = 1.3657888e+00
 MIN: Iter =   20  NFunc =   254  E =     -85.18937  RMSG = 1.3812211e+00
 MIN: Iter =   21  NFunc =   260  E =     -85.78696  RMSG = 1.2622305e+00
 MIN: Iter =   22  NFunc =   266  E =     -86.26196  RMSG = 8.3855264e-01
 MIN: Iter =   23  NFunc =   279  E =     -86.63950  RMSG = 1.2401043e+00
 MIN: Iter =   24  NFunc =   289  E =     -86.90604  RMSG = 4.7188284e-01
 MIN: Iter =   25  NFunc =   297  E =     -87.07625  RMSG = 8.4136055e-01
 MIN: Iter =   26  NFunc =   303  E =     -87.16753  RMSG = 2.8607089e-01
 MIN: Iter =   27  NFunc =   313  E =     -87.23344  RMSG = 5.3207595e-01
 MIN: Iter =   28  NFunc =   319  E =     -87.26839  RMSG = 2.3898192e-01
 MIN: Iter =   29  NFunc =   352  E =     -87.32265  RMSG = 7.8233004e-01
 MIN: Iter =   30  NFunc =   358  E =     -87.36776  RMSG = 1.1644803e-01
 MIN: Iter =   31  NFunc =   388  E =     -87.40450  RMSG = 1.8640195e-01
 MIN: Iter =   32  NFunc =   397  E =     -87.41113  RMSG = 7.0796845e-02
 MIN: Iter =   33  NFunc =   408  E =     -87.41905  RMSG = 7.3215950e-02
 MIN: Iter =   34  NFunc =   435  E =     -87.42609  RMSG = 6.7118276e-02
 MIN: Iter =   35  NFunc =   455  E =     -87.42827  RMSG = 2.2583450e-02
 MIN: Iter =   36  NFunc =   463  E =     -87.42843  RMSG = 1.2268233e-02
 MIN: Iter =   37  NFunc =   473  E =     -87.42851  RMSG = 7.4179230e-03
 MIN: Iter =   38  NFunc =   488  E =     -87.42856  RMSG = 4.2089966e-03
 MIN: Iter =   39  NFunc =   499  E =     -87.42857  RMSG = 2.0964177e-03
 MIN: Iter =   40  NFunc =   512  E =     -87.42858  RMSG = 1.3827890e-03
 MIN: Iter =   41  NFunc =   526  E =     -87.42858  RMSG = 6.8689435e-04
 MIN: Iter =   42  NFunc =   553  E =     -87.42858  RMSG = 4.1866662e-04
----------------------------------------------------------------
 END:          :-)  E =     -87.42858  RMSG =   0.0004187

     bond:      2.154915005
    angle:      3.784565892
 dihedral:     10.069096887
    enb14:      9.402411141
    eel14:   -207.196897871
      enb:     -3.726379941
      eel:    121.607458592
      egb:    -23.523749416
    econs:      0.000000000
    esurf:      0.000000000
    Total:    -87.428579712
     frms:      0.000418667
====== rms.dat  ======================================================
#Frame      all_heavy
       1       0.6167
