====== tleap.out =====================================================
-I: Adding /home/case/amber24/dat/leap/prep to search path.
-I: Adding /home/case/amber24/dat/leap/lib to search path.
-I: Adding /home/case/amber24/dat/leap/parm to search path.
-I: Adding /home/case/amber24/dat/leap/cmd to search path.
-f: Source leap.in.

Welcome to LEaP!
(no leaprc in search path)
Sourcing: ./leap.in
Using Bondi radii
----- Source: /home/case/amber24/dat/leap/cmd/leaprc.gaff2
----- Source of /home/case/amber24/dat/leap/cmd/leaprc.gaff2 done
Log file: ./leap.log
Loading parameters: /home/case/amber24/dat/leap/parm/gaff2.dat
Reading title:
AMBER General Force Field for organic molecules (Version 2.2.20, March 2021)
Loading parameters: ./C93.frcmod
Reading force field modification type file (frcmod)
Reading title:
Remark line goes here
Loading Mol2 file: ./C93.mol2
Reading MOLECULE named C93
Checking Unit.

/home/case/amber24/bin/teLeap: Warning!
The unperturbed charge of the unit (-2.001000) is not zero.

/home/case/amber24/bin/teLeap: Note.
Ignoring the warning from Unit Checking.

Building topology.
"order_residues" off: keep input residue order.
Building atom parameters.
Building bond parameters.
Building angle parameters.
Building proper torsion parameters.
Building improper torsion parameters.
 total 9 improper torsions applied
Building H-Bond parameters.
Incorporating Non-Bonded adjustments.
Not Marking per-residue atom chain types.
Marking per-residue atom chain types.
  (Residues lacking connect0/connect1 - 
   these don't have chain types marked:

	res	total affected

	C93	1
  )
 (no restraints)
	Quit

Exiting LEaP: Errors = 0; Warnings = 1; Notes = 1.
====== min.o =========================================================
Reading parm file (C93.parm7)
title:
C93                                                                             
no velocities were found
no velocities were found
	mm_options:  ntpr=5
	mm_options:  gb=1
	mm_options:  kappa=0.10395
	mm_options:  rgbmax=99.
	mm_options:  cut=99.0
	mm_options:  wcons=0.
     bond:      3.062389855
    angle:      5.916335980
 dihedral:     11.377857275
    enb14:      9.909692387
    eel14:    -68.842822991
      enb:     -0.953711271
      eel:    134.217182187
      egb:   -224.245729355
    econs:      0.000000000
    esurf:      0.000000000
    Total:   -129.558805932
     frms:      9.954458657
Starting TNCG minimisation
 MIN: Iter =    0  NFunc =     1  E =    -129.55881  RMSG = 9.9544587e+00
 MIN: Iter =    1  NFunc =     7  E =    -137.05029  RMSG = 2.1889278e+00
 MIN: Iter =    2  NFunc =    14  E =    -138.41500  RMSG = 1.4969051e+00
 MIN: Iter =    3  NFunc =    34  E =    -138.85931  RMSG = 2.0905155e+00
 MIN: Iter =    4  NFunc =    42  E =    -139.27098  RMSG = 7.5721076e-01
 MIN: Iter =    5  NFunc =    60  E =    -139.62226  RMSG = 1.8245985e+00
 MIN: Iter =    6  NFunc =    66  E =    -139.92163  RMSG = 8.6328840e-01
 MIN: Iter =    7  NFunc =    72  E =    -140.07876  RMSG = 1.3772100e+00
 MIN: Iter =    8  NFunc =    78  E =    -140.20077  RMSG = 3.7980086e-01
 MIN: Iter =    9  NFunc =    85  E =    -140.24874  RMSG = 5.1547505e-01
 MIN: Iter =   10  NFunc =    93  E =    -140.27714  RMSG = 1.7392021e-01
 MIN: Iter =   11  NFunc =   109  E =    -140.30816  RMSG = 2.5112466e-01
 MIN: Iter =   12  NFunc =   131  E =    -140.32368  RMSG = 8.1881049e-02
 MIN: Iter =   13  NFunc =   152  E =    -140.32946  RMSG = 7.9869784e-02
 MIN: Iter =   14  NFunc =   181  E =    -140.33344  RMSG = 3.4420894e-02
 MIN: Iter =   15  NFunc =   198  E =    -140.33419  RMSG = 1.7788065e-02
 MIN: Iter =   16  NFunc =   227  E =    -140.33537  RMSG = 1.7227988e-02
 MIN: Iter =   17  NFunc =   240  E =    -140.33548  RMSG = 7.6299448e-03
 MIN: Iter =   18  NFunc =   252  E =    -140.33551  RMSG = 4.2653687e-03
 MIN: Iter =   19  NFunc =   265  E =    -140.33553  RMSG = 3.1790218e-03
 MIN: Iter =   20  NFunc =   271  E =    -140.33553  RMSG = 2.0438013e-03
 MIN: Iter =   21  NFunc =   312  E =    -140.33553  RMSG = 9.8749611e-04
 MIN: Iter =   22  NFunc =   324  E =    -140.33553  RMSG = 8.8829779e-04
 MIN: Iter =   23  NFunc =   352  E =    -140.33554  RMSG = 5.3761477e-04
 MIN: Iter =   24  NFunc =   359  E =    -140.33554  RMSG = 2.8432471e-04
----------------------------------------------------------------
 END:          :-)  E =    -140.33554  RMSG =   0.0002843

     bond:      0.984188288
    angle:      5.253247632
 dihedral:     14.483557731
    enb14:      6.089541869
    eel14:    -63.625596915
      enb:     -5.257488234
      eel:    128.613120531
      egb:   -226.876107009
    econs:      0.000000000
    esurf:      0.000000000
    Total:   -140.335536107
     frms:      0.000284325
====== rms.dat  ======================================================
#Frame      all_heavy
       1       0.2725
