====== tleap.out =====================================================
-I: Adding /home/case/amber24/dat/leap/prep to search path.
-I: Adding /home/case/amber24/dat/leap/lib to search path.
-I: Adding /home/case/amber24/dat/leap/parm to search path.
-I: Adding /home/case/amber24/dat/leap/cmd to search path.
-f: Source leap.in.

Welcome to LEaP!
(no leaprc in search path)
Sourcing: ./leap.in
Using Bondi radii
----- Source: /home/case/amber24/dat/leap/cmd/leaprc.gaff2
----- Source of /home/case/amber24/dat/leap/cmd/leaprc.gaff2 done
Log file: ./leap.log
Loading parameters: /home/case/amber24/dat/leap/parm/gaff2.dat
Reading title:
AMBER General Force Field for organic molecules (Version 2.2.20, March 2021)
Loading parameters: ./C9O.frcmod
Reading force field modification type file (frcmod)
Reading title:
Remark line goes here
Loading Mol2 file: ./C9O.mol2
Reading MOLECULE named C9O
Checking Unit.
Building topology.
"order_residues" off: keep input residue order.
Building atom parameters.
Building bond parameters.
Building angle parameters.
Building proper torsion parameters.
Building improper torsion parameters.
 total 23 improper torsions applied
Building H-Bond parameters.
Incorporating Non-Bonded adjustments.
Not Marking per-residue atom chain types.
Marking per-residue atom chain types.
  (Residues lacking connect0/connect1 - 
   these don't have chain types marked:

	res	total affected

	C9O	1
  )
 (no restraints)
	Quit

Exiting LEaP: Errors = 0; Warnings = 0; Notes = 0.
====== min.o =========================================================
Reading parm file (C9O.parm7)
title:
C9O                                                                             
no velocities were found
no velocities were found
	mm_options:  ntpr=5
	mm_options:  gb=1
	mm_options:  kappa=0.10395
	mm_options:  rgbmax=99.
	mm_options:  cut=99.0
	mm_options:  wcons=0.
     bond:      5.048027391
    angle:     44.885718963
 dihedral:     22.817208184
    enb14:     15.969427450
    eel14:   -140.359082121
      enb:     -7.684971714
      eel:    -26.525107186
      egb:    -34.805850788
    econs:      0.000000000
    esurf:      0.000000000
    Total:   -120.654629822
     frms:     15.231729957
Starting TNCG minimisation
 MIN: Iter =    0  NFunc =     1  E =    -120.65463  RMSG = 1.5231730e+01
 MIN: Iter =    1  NFunc =     7  E =    -141.95359  RMSG = 3.5259170e+00
 MIN: Iter =    2  NFunc =    13  E =    -144.70396  RMSG = 1.7492625e+00
 MIN: Iter =    3  NFunc =    32  E =    -146.95862  RMSG = 8.0752447e-01
 MIN: Iter =    4  NFunc =    43  E =    -147.47469  RMSG = 5.3916778e-01
 MIN: Iter =    5  NFunc =    61  E =    -147.85968  RMSG = 4.0207800e-01
 MIN: Iter =    6  NFunc =    72  E =    -147.93741  RMSG = 1.8593537e-01
 MIN: Iter =    7  NFunc =    90  E =    -147.97687  RMSG = 1.0610680e-01
 MIN: Iter =    8  NFunc =   141  E =    -148.04284  RMSG = 5.0221812e-01
 MIN: Iter =    9  NFunc =   147  E =    -148.08058  RMSG = 1.5433025e-01
 MIN: Iter =   10  NFunc =   198  E =    -148.14099  RMSG = 3.4735413e-01
 MIN: Iter =   11  NFunc =   204  E =    -148.16667  RMSG = 1.8840842e-01
 MIN: Iter =   12  NFunc =   235  E =    -148.21338  RMSG = 3.9223774e-01
 MIN: Iter =   13  NFunc =   245  E =    -148.25782  RMSG = 1.4376722e-01
 MIN: Iter =   14  NFunc =   256  E =    -148.28404  RMSG = 3.7613346e-01
 MIN: Iter =   15  NFunc =   262  E =    -148.30873  RMSG = 1.6817074e-01
 MIN: Iter =   16  NFunc =   281  E =    -148.32998  RMSG = 3.7728467e-01
 MIN: Iter =   17  NFunc =   289  E =    -148.35763  RMSG = 1.0781680e-01
 MIN: Iter =   18  NFunc =   298  E =    -148.36871  RMSG = 1.1650330e-01
 MIN: Iter =   19  NFunc =   306  E =    -148.37977  RMSG = 2.6703653e-01
 MIN: Iter =   20  NFunc =   312  E =    -148.39122  RMSG = 5.3249777e-02
 MIN: Iter =   21  NFunc =   341  E =    -148.40608  RMSG = 1.4321538e-01
 MIN: Iter =   22  NFunc =   348  E =    -148.41532  RMSG = 9.0268912e-02
 MIN: Iter =   23  NFunc =   362  E =    -148.42818  RMSG = 1.9343945e-01
 MIN: Iter =   24  NFunc =   368  E =    -148.43668  RMSG = 8.7965443e-02
 MIN: Iter =   25  NFunc =   420  E =    -148.44829  RMSG = 9.8370373e-02
 MIN: Iter =   26  NFunc =   427  E =    -148.46231  RMSG = 1.7757099e-01
 MIN: Iter =   27  NFunc =   433  E =    -148.48327  RMSG = 2.2109792e-01
 MIN: Iter =   28  NFunc =   439  E =    -148.50795  RMSG = 1.4785607e-01
 MIN: Iter =   29  NFunc =   446  E =    -148.52132  RMSG = 1.5407984e-01
 MIN: Iter =   30  NFunc =   452  E =    -148.53980  RMSG = 2.7191107e-01
 MIN: Iter =   31  NFunc =   458  E =    -148.56178  RMSG = 1.6312330e-01
 MIN: Iter =   32  NFunc =   479  E =    -148.59825  RMSG = 2.9086610e-01
 MIN: Iter =   33  NFunc =   486  E =    -148.64179  RMSG = 2.1683196e-01
 MIN: Iter =   34  NFunc =   492  E =    -148.65738  RMSG = 7.6562035e-02
 MIN: Iter =   35  NFunc =   543  E =    -148.70365  RMSG = 5.6935239e-01
 MIN: Iter =   36  NFunc =   549  E =    -148.74605  RMSG = 1.2595803e-01
 MIN: Iter =   37  NFunc =   581  E =    -148.78349  RMSG = 2.6777376e-01
 MIN: Iter =   38  NFunc =   588  E =    -148.79794  RMSG = 1.1610416e-01
 MIN: Iter =   39  NFunc =   601  E =    -148.81832  RMSG = 1.6815165e-01
 MIN: Iter =   40  NFunc =   620  E =    -148.84948  RMSG = 1.4818317e-01
 MIN: Iter =   41  NFunc =   634  E =    -148.86035  RMSG = 6.5951547e-02
 MIN: Iter =   42  NFunc =   685  E =    -148.89596  RMSG = 1.1437788e-01
 MIN: Iter =   43  NFunc =   707  E =    -148.93043  RMSG = 1.5098105e-01
 MIN: Iter =   44  NFunc =   724  E =    -148.96037  RMSG = 1.4717651e-01
 MIN: Iter =   45  NFunc =   736  E =    -148.98106  RMSG = 1.1872592e-01
 MIN: Iter =   46  NFunc =   743  E =    -148.98896  RMSG = 5.0378550e-02
 MIN: Iter =   47  NFunc =   753  E =    -148.99157  RMSG = 3.6892651e-02
 MIN: Iter =   48  NFunc =   775  E =    -148.99626  RMSG = 3.7783059e-02
 MIN: Iter =   49  NFunc =   801  E =    -148.99796  RMSG = 2.1706265e-02
 MIN: Iter =   50  NFunc =   810  E =    -148.99815  RMSG = 1.0463315e-02
 MIN: Iter =   51  NFunc =   830  E =    -148.99845  RMSG = 8.2925879e-03
 MIN: Iter =   52  NFunc =   854  E =    -148.99865  RMSG = 6.2328479e-03
 MIN: Iter =   53  NFunc =   865  E =    -148.99868  RMSG = 3.8248977e-03
 MIN: Iter =   54  NFunc =   880  E =    -148.99870  RMSG = 2.4087698e-03
 MIN: Iter =   55  NFunc =   931  E =    -148.99876  RMSG = 2.9936828e-03
 MIN: Iter =   56  NFunc =   949  E =    -148.99877  RMSG = 1.5810003e-03
 MIN: Iter =   57  NFunc =   971  E =    -148.99877  RMSG = 1.0971000e-03
 MIN: Iter =   58  NFunc =  1016  E =    -148.99878  RMSG = 8.2461023e-04
 MIN: Iter =   59  NFunc =  1043  E =    -148.99878  RMSG = 6.9841840e-04
 MIN: Iter =   60  NFunc =  1094  E =    -148.99879  RMSG = 2.2952650e-03
 MIN: Iter =   61  NFunc =  1129  E =    -148.99880  RMSG = 8.9878892e-04
 MIN: Iter =   62  NFunc =  1180  E =    -148.99880  RMSG = 1.0478523e-03
 MIN: Iter =   63  NFunc =  1214  E =    -148.99881  RMSG = 7.0289661e-04
 MIN: Iter =   64  NFunc =  1258  E =    -148.99881  RMSG = 8.8257450e-04
 MIN: Iter =   65  NFunc =  1289  E =    -148.99881  RMSG = 3.7794939e-04
----------------------------------------------------------------
 END:          :-)  E =    -148.99881  RMSG =   0.0003779

     bond:      3.308863249
    angle:     29.420264790
 dihedral:     22.918412659
    enb14:     12.200389978
    eel14:   -146.148654787
      enb:    -10.314030003
      eel:    -24.087597279
      egb:    -36.296460461
    econs:      0.000000000
    esurf:      0.000000000
    Total:   -148.998811853
     frms:      0.000377949
====== rms.dat  ======================================================
#Frame      all_heavy
       1       0.9613
