====== tleap.out =====================================================
-I: Adding /home/case/amber26/dat/leap/prep to search path.
-I: Adding /home/case/amber26/dat/leap/lib to search path.
-I: Adding /home/case/amber26/dat/leap/parm to search path.
-I: Adding /home/case/amber26/dat/leap/cmd to search path.
-f: Source leap.in.

Welcome to LEaP!
(no leaprc in search path)
Sourcing: ./leap.in
Using Bondi radii
----- Source: /home/case/amber26/dat/leap/cmd/leaprc.gaff2
----- Source of /home/case/amber26/dat/leap/cmd/leaprc.gaff2 done
Log file: ./leap.log
Loading parameters: /home/case/amber26/dat/leap/parm/gaff2.dat
Reading title:
AMBER General Force Field for organic molecules (Version 2.2.30, Oct 2025)
Loading parameters: ./CAN.frcmod
Reading force field modification type file (frcmod)
Reading title:
Remark line goes here
Loading Mol2 file: ./CAN.mol2
Reading MOLECULE named CAN
Checking Unit.

/home/case/amber26/bin/teLeap: Warning!
The unperturbed charge of the unit (-1.001000) is not zero.

/home/case/amber26/bin/teLeap: Note.
Ignoring the warning from Unit Checking.

Building topology.
"order_residues" off: keep input residue order.
Building atom parameters.
Building bond parameters.
Building angle parameters.
Building proper torsion parameters.
Building improper torsion parameters.
 total 1 improper torsion applied
Building H-Bond parameters.
Incorporating Non-Bonded adjustments.
Not Marking per-residue atom chain types.
Marking per-residue atom chain types.
  (Residues lacking connect0/connect1 - 
   these don't have chain types marked:

	res	total affected

	CAN	1
  )
 (no restraints)
	Quit

Exiting LEaP: Errors = 0; Warnings = 1; Notes = 1.
====== min.o =========================================================
Reading parm file (CAN.parm7)
title:
CAN                                                                             
no velocities were found
no velocities were found
	mm_options:  ntpr=5
	mm_options:  gb=1
	mm_options:  kappa=0.10395
	mm_options:  rgbmax=99.
	mm_options:  cut=99.0
	mm_options:  wcons=0.
     bond:      2.050422770
    angle:      3.089852442
 dihedral:      8.019049122
    enb14:      2.266913543
    eel14:    178.626065211
      enb:     -0.783157607
      eel:    -93.273577856
      egb:    -92.532373805
    econs:      0.000000000
    esurf:      0.000000000
    Total:      7.463193820
     frms:     10.726610097
Starting TNCG minimisation
 MIN: Iter =    0  NFunc =     1  E =       7.46319  RMSG = 1.0726610e+01
 MIN: Iter =    1  NFunc =     7  E =       2.57814  RMSG = 2.5971418e+00
 MIN: Iter =    2  NFunc =    13  E =       1.97698  RMSG = 7.7461197e-01
 MIN: Iter =    3  NFunc =    34  E =       1.78463  RMSG = 9.5912903e-01
 MIN: Iter =    4  NFunc =    41  E =       1.66285  RMSG = 1.0492154e+00
 MIN: Iter =    5  NFunc =    47  E =       1.53394  RMSG = 2.7494740e+00
 MIN: Iter =    6  NFunc =    53  E =       1.32462  RMSG = 2.9486279e-01
 MIN: Iter =    7  NFunc =    60  E =       1.26352  RMSG = 7.9916529e-01
 MIN: Iter =    8  NFunc =    66  E =       1.19723  RMSG = 7.5796099e-01
 MIN: Iter =    9  NFunc =    72  E =       1.15715  RMSG = 3.3471782e-01
 MIN: Iter =   10  NFunc =    78  E =       1.13950  RMSG = 3.0269887e-01
 MIN: Iter =   11  NFunc =    88  E =       1.12849  RMSG = 9.0353968e-02
 MIN: Iter =   12  NFunc =   103  E =       1.12167  RMSG = 8.7352875e-02
 MIN: Iter =   13  NFunc =   126  E =       1.11849  RMSG = 8.1345162e-02
 MIN: Iter =   14  NFunc =   141  E =       1.11760  RMSG = 2.6683129e-02
 MIN: Iter =   15  NFunc =   149  E =       1.11740  RMSG = 1.6060475e-02
 MIN: Iter =   16  NFunc =   160  E =       1.11731  RMSG = 9.0076023e-03
 MIN: Iter =   17  NFunc =   169  E =       1.11729  RMSG = 5.0884151e-03
 MIN: Iter =   18  NFunc =   176  E =       1.11729  RMSG = 2.4234261e-03
 MIN: Iter =   19  NFunc =   197  E =       1.11728  RMSG = 1.3446494e-03
 MIN: Iter =   20  NFunc =   215  E =       1.11728  RMSG = 5.3363667e-04
 MIN: Iter =   21  NFunc =   230  E =       1.11727  RMSG = 3.1172492e-04
----------------------------------------------------------------
 END:          :-)  E =       1.11727  RMSG =   0.0003117

     bond:      1.888594631
    angle:      4.061343643
 dihedral:      7.503971322
    enb14:      1.255422823
    eel14:    170.806567642
      enb:     -0.714282141
      eel:    -90.664739070
      egb:    -93.019603978
    econs:      0.000000000
    esurf:      0.000000000
    Total:      1.117274872
     frms:      0.000311725
====== rms.dat  ======================================================
#Frame      all_heavy
       1       0.3227
