====== tleap.out =====================================================
-I: Adding /home/case/amber24/dat/leap/prep to search path.
-I: Adding /home/case/amber24/dat/leap/lib to search path.
-I: Adding /home/case/amber24/dat/leap/parm to search path.
-I: Adding /home/case/amber24/dat/leap/cmd to search path.
-f: Source leap.in.

Welcome to LEaP!
(no leaprc in search path)
Sourcing: ./leap.in
Using Bondi radii
----- Source: /home/case/amber24/dat/leap/cmd/leaprc.gaff2
----- Source of /home/case/amber24/dat/leap/cmd/leaprc.gaff2 done
Log file: ./leap.log
Loading parameters: /home/case/amber24/dat/leap/parm/gaff2.dat
Reading title:
AMBER General Force Field for organic molecules (Version 2.2.20, March 2021)
Loading parameters: ./CD8.frcmod
Reading force field modification type file (frcmod)
Reading title:
Remark line goes here
Loading Mol2 file: ./CD8.mol2
Reading MOLECULE named CD8
Checking Unit.

/home/case/amber24/bin/teLeap: Warning!
The unperturbed charge of the unit (-1.001000) is not zero.

/home/case/amber24/bin/teLeap: Note.
Ignoring the warning from Unit Checking.

Building topology.
"order_residues" off: keep input residue order.
Building atom parameters.
Building bond parameters.
Building angle parameters.
Building proper torsion parameters.
Building improper torsion parameters.
 total 13 improper torsions applied
Building H-Bond parameters.
Incorporating Non-Bonded adjustments.
Not Marking per-residue atom chain types.
Marking per-residue atom chain types.
  (Residues lacking connect0/connect1 - 
   these don't have chain types marked:

	res	total affected

	CD8	1
  )
 (no restraints)
	Quit

Exiting LEaP: Errors = 0; Warnings = 1; Notes = 1.
====== min.o =========================================================
Reading parm file (CD8.parm7)
title:
CD8                                                                             
no velocities were found
no velocities were found
	mm_options:  ntpr=5
	mm_options:  gb=1
	mm_options:  kappa=0.10395
	mm_options:  rgbmax=99.
	mm_options:  cut=99.0
	mm_options:  wcons=0.
     bond:      3.402134046
    angle:     10.359182999
 dihedral:     34.439298854
    enb14:     13.706433718
    eel14:    227.182567349
      enb:      0.639002419
      eel:   -146.144504237
      egb:    -82.651835642
    econs:      0.000000000
    esurf:      0.000000000
    Total:     60.932279506
     frms:     10.874893888
Starting TNCG minimisation
 MIN: Iter =    0  NFunc =     1  E =      60.93228  RMSG = 1.0874894e+01
 MIN: Iter =    1  NFunc =     8  E =      46.61955  RMSG = 3.5169311e+00
 MIN: Iter =    2  NFunc =    26  E =      44.90093  RMSG = 4.0176343e+00
 MIN: Iter =    3  NFunc =    39  E =      41.15092  RMSG = 3.2157367e+00
 MIN: Iter =    4  NFunc =    45  E =      39.14825  RMSG = 2.8015667e+00
 MIN: Iter =    5  NFunc =    52  E =      37.45359  RMSG = 2.7793410e+00
 MIN: Iter =    6  NFunc =    58  E =      35.84340  RMSG = 2.7072587e+00
 MIN: Iter =    7  NFunc =    64  E =      34.38460  RMSG = 2.6215754e+00
 MIN: Iter =    8  NFunc =    70  E =      33.20321  RMSG = 1.9922641e+00
 MIN: Iter =    9  NFunc =    76  E =      32.42475  RMSG = 1.2715528e+00
 MIN: Iter =   10  NFunc =   120  E =      31.80476  RMSG = 1.4285112e+00
 MIN: Iter =   11  NFunc =   157  E =      31.03256  RMSG = 1.3811620e+00
 MIN: Iter =   12  NFunc =   171  E =      30.35052  RMSG = 1.2264457e+00
 MIN: Iter =   13  NFunc =   178  E =      29.79937  RMSG = 1.0435820e+00
 MIN: Iter =   14  NFunc =   184  E =      29.38032  RMSG = 8.0418538e-01
 MIN: Iter =   15  NFunc =   190  E =      29.11486  RMSG = 5.8002764e-01
 MIN: Iter =   16  NFunc =   196  E =      28.99291  RMSG = 2.9006372e-01
 MIN: Iter =   17  NFunc =   229  E =      28.85776  RMSG = 4.6922186e-01
 MIN: Iter =   18  NFunc =   236  E =      28.82983  RMSG = 1.3846187e-01
 MIN: Iter =   19  NFunc =   287  E =      28.75120  RMSG = 3.7034159e-01
 MIN: Iter =   20  NFunc =   295  E =      28.69354  RMSG = 5.6884466e-01
 MIN: Iter =   21  NFunc =   301  E =      28.65222  RMSG = 1.6583731e-01
 MIN: Iter =   22  NFunc =   333  E =      28.59265  RMSG = 3.2862321e-01
 MIN: Iter =   23  NFunc =   339  E =      28.56881  RMSG = 1.5552940e-01
 MIN: Iter =   24  NFunc =   356  E =      28.54976  RMSG = 3.3059676e-01
 MIN: Iter =   25  NFunc =   362  E =      28.53424  RMSG = 6.9244716e-02
 MIN: Iter =   26  NFunc =   389  E =      28.51974  RMSG = 2.4801540e-01
 MIN: Iter =   27  NFunc =   395  E =      28.51061  RMSG = 9.4256483e-02
 MIN: Iter =   28  NFunc =   426  E =      28.49821  RMSG = 9.2708201e-02
 MIN: Iter =   29  NFunc =   432  E =      28.49696  RMSG = 3.8643158e-02
 MIN: Iter =   30  NFunc =   453  E =      28.49237  RMSG = 4.2226762e-02
 MIN: Iter =   31  NFunc =   500  E =      28.48965  RMSG = 2.6141746e-02
 MIN: Iter =   32  NFunc =   534  E =      28.48857  RMSG = 1.4823031e-02
 MIN: Iter =   33  NFunc =   543  E =      28.48847  RMSG = 9.2470071e-03
 MIN: Iter =   34  NFunc =   555  E =      28.48845  RMSG = 4.1330051e-03
 MIN: Iter =   35  NFunc =   606  E =      28.48821  RMSG = 8.4271450e-03
 MIN: Iter =   36  NFunc =   617  E =      28.48818  RMSG = 3.5741278e-03
 MIN: Iter =   37  NFunc =   653  E =      28.48814  RMSG = 3.3651896e-03
 MIN: Iter =   38  NFunc =   661  E =      28.48814  RMSG = 1.6620247e-03
 MIN: Iter =   39  NFunc =   687  E =      28.48813  RMSG = 7.1874800e-04
 MIN: Iter =   40  NFunc =   705  E =      28.48813  RMSG = 4.4692798e-04
----------------------------------------------------------------
 END:          :-)  E =      28.48813  RMSG =   0.0004469

     bond:      4.710466832
    angle:      9.545895873
 dihedral:     18.350935551
    enb14:      9.619419218
    eel14:    219.682898064
      enb:     -3.678418934
      eel:   -150.011011026
      egb:    -79.732053887
    econs:      0.000000000
    esurf:      0.000000000
    Total:     28.488131692
     frms:      0.000446928
====== rms.dat  ======================================================
#Frame      all_heavy
       1       0.7645
