====== tleap.out =====================================================
-I: Adding /home/case/amber24/dat/leap/prep to search path.
-I: Adding /home/case/amber24/dat/leap/lib to search path.
-I: Adding /home/case/amber24/dat/leap/parm to search path.
-I: Adding /home/case/amber24/dat/leap/cmd to search path.
-f: Source leap.in.

Welcome to LEaP!
(no leaprc in search path)
Sourcing: ./leap.in
Using Bondi radii
----- Source: /home/case/amber24/dat/leap/cmd/leaprc.gaff2
----- Source of /home/case/amber24/dat/leap/cmd/leaprc.gaff2 done
Log file: ./leap.log
Loading parameters: /home/case/amber24/dat/leap/parm/gaff2.dat
Reading title:
AMBER General Force Field for organic molecules (Version 2.2.20, March 2021)
Loading parameters: ./CEF.frcmod
Reading force field modification type file (frcmod)
Reading title:
Remark line goes here
Loading Mol2 file: ./CEF.mol2
Reading MOLECULE named CEF
Checking Unit.

/home/case/amber24/bin/teLeap: Warning!
The unperturbed charge of the unit (-0.997999) is not zero.

/home/case/amber24/bin/teLeap: Note.
Ignoring the warning from Unit Checking.

Building topology.
"order_residues" off: keep input residue order.
Building atom parameters.
Building bond parameters.
Building angle parameters.
Building proper torsion parameters.
Building improper torsion parameters.
 total 12 improper torsions applied
Building H-Bond parameters.
Incorporating Non-Bonded adjustments.
Not Marking per-residue atom chain types.
Marking per-residue atom chain types.
  (Residues lacking connect0/connect1 - 
   these don't have chain types marked:

	res	total affected

	CEF	1
  )
 (no restraints)
	Quit

Exiting LEaP: Errors = 0; Warnings = 1; Notes = 1.
====== min.o =========================================================
Reading parm file (CEF.parm7)
title:
CEF                                                                             
no velocities were found
no velocities were found
	mm_options:  ntpr=5
	mm_options:  gb=1
	mm_options:  kappa=0.10395
	mm_options:  rgbmax=99.
	mm_options:  cut=99.0
	mm_options:  wcons=0.
     bond:      4.984625513
    angle:     10.960197927
 dihedral:     41.337840226
    enb14:      9.425873951
    eel14:     60.712624771
      enb:     -1.746512673
      eel:    -75.636009120
      egb:    -80.934129564
    econs:      0.000000000
    esurf:      0.000000000
    Total:    -30.895488970
     frms:     12.551674673
Starting TNCG minimisation
 MIN: Iter =    0  NFunc =     1  E =     -30.89549  RMSG = 1.2551675e+01
 MIN: Iter =    1  NFunc =     8  E =     -45.82072  RMSG = 4.1366127e+00
 MIN: Iter =    2  NFunc =    22  E =     -48.73530  RMSG = 4.6623432e+00
 MIN: Iter =    3  NFunc =    60  E =     -50.86471  RMSG = 5.0461708e+00
 MIN: Iter =    4  NFunc =    84  E =     -54.70210  RMSG = 4.6617425e+00
 MIN: Iter =    5  NFunc =    94  E =     -58.67415  RMSG = 3.8537785e+00
 MIN: Iter =    6  NFunc =   100  E =     -61.33960  RMSG = 2.4350650e+00
 MIN: Iter =    7  NFunc =   106  E =     -62.35463  RMSG = 1.7585157e+00
 MIN: Iter =    8  NFunc =   113  E =     -62.91615  RMSG = 6.5215333e-01
 MIN: Iter =    9  NFunc =   149  E =     -63.39037  RMSG = 2.2769715e+00
 MIN: Iter =   10  NFunc =   155  E =     -63.85757  RMSG = 5.4000280e-01
 MIN: Iter =   11  NFunc =   171  E =     -64.12581  RMSG = 1.3691349e+00
 MIN: Iter =   12  NFunc =   177  E =     -64.38347  RMSG = 4.5341672e-01
 MIN: Iter =   13  NFunc =   183  E =     -64.49114  RMSG = 9.0624669e-01
 MIN: Iter =   14  NFunc =   193  E =     -64.68015  RMSG = 3.9951222e-01
 MIN: Iter =   15  NFunc =   201  E =     -64.76495  RMSG = 9.1089978e-01
 MIN: Iter =   16  NFunc =   207  E =     -64.86888  RMSG = 3.0358258e-01
 MIN: Iter =   17  NFunc =   215  E =     -64.92479  RMSG = 8.4327803e-01
 MIN: Iter =   18  NFunc =   222  E =     -65.04818  RMSG = 3.6479680e-01
 MIN: Iter =   19  NFunc =   265  E =     -65.22028  RMSG = 7.0260025e-01
 MIN: Iter =   20  NFunc =   271  E =     -65.27973  RMSG = 2.8150743e-01
 MIN: Iter =   21  NFunc =   289  E =     -65.38978  RMSG = 5.5509290e-01
 MIN: Iter =   22  NFunc =   301  E =     -65.47569  RMSG = 2.9497607e-01
 MIN: Iter =   23  NFunc =   327  E =     -65.57586  RMSG = 3.7197128e-01
 MIN: Iter =   24  NFunc =   340  E =     -65.65185  RMSG = 3.2741160e-01
 MIN: Iter =   25  NFunc =   348  E =     -65.67975  RMSG = 1.5286399e-01
 MIN: Iter =   26  NFunc =   355  E =     -65.69644  RMSG = 1.3798793e-01
 MIN: Iter =   27  NFunc =   382  E =     -65.71806  RMSG = 1.9463203e-01
 MIN: Iter =   28  NFunc =   394  E =     -65.72468  RMSG = 6.1627440e-02
 MIN: Iter =   29  NFunc =   446  E =     -65.73303  RMSG = 1.2970919e-01
 MIN: Iter =   30  NFunc =   460  E =     -65.73973  RMSG = 1.4097504e-01
 MIN: Iter =   31  NFunc =   467  E =     -65.74772  RMSG = 2.5277716e-01
 MIN: Iter =   32  NFunc =   473  E =     -65.75473  RMSG = 5.3939137e-02
 MIN: Iter =   33  NFunc =   479  E =     -65.75694  RMSG = 1.5475052e-01
 MIN: Iter =   34  NFunc =   487  E =     -65.76179  RMSG = 8.6985176e-02
 MIN: Iter =   35  NFunc =   539  E =     -65.77118  RMSG = 1.1560144e-01
 MIN: Iter =   36  NFunc =   545  E =     -65.78000  RMSG = 1.7316107e-01
 MIN: Iter =   37  NFunc =   551  E =     -65.78683  RMSG = 9.1073398e-02
 MIN: Iter =   38  NFunc =   568  E =     -65.79527  RMSG = 1.1185685e-01
 MIN: Iter =   39  NFunc =   574  E =     -65.79678  RMSG = 4.7162891e-02
 MIN: Iter =   40  NFunc =   595  E =     -65.80028  RMSG = 4.8268841e-02
 MIN: Iter =   41  NFunc =   614  E =     -65.80202  RMSG = 2.3974294e-02
 MIN: Iter =   42  NFunc =   640  E =     -65.80268  RMSG = 1.1736216e-02
 MIN: Iter =   43  NFunc =   674  E =     -65.80317  RMSG = 1.0087292e-02
 MIN: Iter =   44  NFunc =   697  E =     -65.80329  RMSG = 4.7756064e-03
 MIN: Iter =   45  NFunc =   748  E =     -65.80338  RMSG = 3.5117919e-03
 MIN: Iter =   46  NFunc =   779  E =     -65.80342  RMSG = 2.5870177e-03
 MIN: Iter =   47  NFunc =   793  E =     -65.80343  RMSG = 1.9634482e-03
 MIN: Iter =   48  NFunc =   827  E =     -65.80344  RMSG = 1.4355770e-03
 MIN: Iter =   49  NFunc =   846  E =     -65.80344  RMSG = 7.8325524e-04
 MIN: Iter =   50  NFunc =   877  E =     -65.80344  RMSG = 6.7649122e-04
 MIN: Iter =   51  NFunc =   923  E =     -65.80344  RMSG = 5.4514464e-04
 MIN: Iter =   52  NFunc =   931  E =     -65.80344  RMSG = 3.6217045e-04
----------------------------------------------------------------
 END:          :-)  E =     -65.80344  RMSG =   0.0003622

     bond:      4.954714050
    angle:      7.893348596
 dihedral:     25.498578395
    enb14:      5.404607381
    eel14:     54.122677998
      enb:     -2.141383519
      eel:    -78.367128462
      egb:    -83.168857849
    econs:      0.000000000
    esurf:      0.000000000
    Total:    -65.803443409
     frms:      0.000362170
====== rms.dat  ======================================================
#Frame      all_heavy
       1       0.7842
