====== tleap.out =====================================================
-I: Adding /home/case/amber24/dat/leap/prep to search path.
-I: Adding /home/case/amber24/dat/leap/lib to search path.
-I: Adding /home/case/amber24/dat/leap/parm to search path.
-I: Adding /home/case/amber24/dat/leap/cmd to search path.
-f: Source leap.in.

Welcome to LEaP!
(no leaprc in search path)
Sourcing: ./leap.in
Using Bondi radii
----- Source: /home/case/amber24/dat/leap/cmd/leaprc.gaff2
----- Source of /home/case/amber24/dat/leap/cmd/leaprc.gaff2 done
Log file: ./leap.log
Loading parameters: /home/case/amber24/dat/leap/parm/gaff2.dat
Reading title:
AMBER General Force Field for organic molecules (Version 2.2.20, March 2021)
Loading parameters: ./CHI.frcmod
Reading force field modification type file (frcmod)
Reading title:
Remark line goes here
Loading Mol2 file: ./CHI.mol2
Reading MOLECULE named CHI
Checking Unit.
Building topology.
"order_residues" off: keep input residue order.
Building atom parameters.
Building bond parameters.
Building angle parameters.
Building proper torsion parameters.
Building improper torsion parameters.
 total 19 improper torsions applied
Building H-Bond parameters.
Incorporating Non-Bonded adjustments.
Not Marking per-residue atom chain types.
Marking per-residue atom chain types.
  (Residues lacking connect0/connect1 - 
   these don't have chain types marked:

	res	total affected

	CHI	1
  )
 (no restraints)
	Quit

Exiting LEaP: Errors = 0; Warnings = 0; Notes = 0.
====== min.o =========================================================
Reading parm file (CHI.parm7)
title:
CHI                                                                             
no velocities were found
no velocities were found
	mm_options:  ntpr=5
	mm_options:  gb=1
	mm_options:  kappa=0.10395
	mm_options:  rgbmax=99.
	mm_options:  cut=99.0
	mm_options:  wcons=0.
     bond:      3.437568698
    angle:     18.659273728
 dihedral:     21.912548542
    enb14:     15.333876436
    eel14:     61.541355946
      enb:     -5.841056100
      eel:    -97.269863676
      egb:    -32.878762176
    econs:      0.000000000
    esurf:      0.000000000
    Total:    -15.105058603
     frms:     11.548057565
Starting TNCG minimisation
 MIN: Iter =    0  NFunc =     1  E =     -15.10506  RMSG = 1.1548058e+01
 MIN: Iter =    1  NFunc =     7  E =     -26.71112  RMSG = 2.8119267e+00
 MIN: Iter =    2  NFunc =    18  E =     -30.05914  RMSG = 1.9422178e+00
 MIN: Iter =    3  NFunc =    25  E =     -30.96113  RMSG = 8.3673673e-01
 MIN: Iter =    4  NFunc =    55  E =     -31.81409  RMSG = 5.2255669e-01
 MIN: Iter =    5  NFunc =    70  E =     -32.11417  RMSG = 3.3661902e-01
 MIN: Iter =    6  NFunc =   113  E =     -32.36191  RMSG = 4.6186300e-01
 MIN: Iter =    7  NFunc =   128  E =     -32.54937  RMSG = 5.1324311e-01
 MIN: Iter =    8  NFunc =   137  E =     -32.71740  RMSG = 4.3343714e-01
 MIN: Iter =    9  NFunc =   144  E =     -32.82953  RMSG = 3.0046572e-01
 MIN: Iter =   10  NFunc =   150  E =     -32.89877  RMSG = 3.5104669e-01
 MIN: Iter =   11  NFunc =   194  E =     -33.10093  RMSG = 4.7266202e-01
 MIN: Iter =   12  NFunc =   200  E =     -33.14955  RMSG = 1.5477543e-01
 MIN: Iter =   13  NFunc =   226  E =     -33.20449  RMSG = 2.7549450e-01
 MIN: Iter =   14  NFunc =   232  E =     -33.21778  RMSG = 1.0715688e-01
 MIN: Iter =   15  NFunc =   260  E =     -33.23858  RMSG = 2.4628094e-01
 MIN: Iter =   16  NFunc =   266  E =     -33.24909  RMSG = 5.3851126e-02
 MIN: Iter =   17  NFunc =   279  E =     -33.25236  RMSG = 3.5236337e-02
 MIN: Iter =   18  NFunc =   330  E =     -33.25850  RMSG = 7.1563988e-02
 MIN: Iter =   19  NFunc =   336  E =     -33.25945  RMSG = 2.3452781e-02
 MIN: Iter =   20  NFunc =   353  E =     -33.26052  RMSG = 1.8441817e-02
 MIN: Iter =   21  NFunc =   404  E =     -33.26135  RMSG = 1.2237069e-02
 MIN: Iter =   22  NFunc =   413  E =     -33.26142  RMSG = 5.3768285e-03
 MIN: Iter =   23  NFunc =   443  E =     -33.26161  RMSG = 5.4378311e-03
 MIN: Iter =   24  NFunc =   467  E =     -33.26167  RMSG = 3.3836546e-03
 MIN: Iter =   25  NFunc =   499  E =     -33.26170  RMSG = 1.8454745e-03
 MIN: Iter =   26  NFunc =   550  E =     -33.26173  RMSG = 2.4122534e-03
 MIN: Iter =   27  NFunc =   565  E =     -33.26174  RMSG = 1.6930023e-03
 MIN: Iter =   28  NFunc =   575  E =     -33.26174  RMSG = 7.1789072e-04
 MIN: Iter =   29  NFunc =   625  E =     -33.26175  RMSG = 4.5361095e-04
----------------------------------------------------------------
 END:          :-)  E =     -33.26175  RMSG =   0.0004536

     bond:      3.081586030
    angle:     13.122305719
 dihedral:     17.198632445
    enb14:     10.440428346
    eel14:     55.858130255
      enb:     -7.097688101
      eel:    -91.361992976
      egb:    -34.503148288
    econs:      0.000000000
    esurf:      0.000000000
    Total:    -33.261746569
     frms:      0.000453611
====== rms.dat  ======================================================
#Frame      all_heavy
       1       0.4157
