====== tleap.out =====================================================
-I: Adding /home/case/amber24/dat/leap/prep to search path.
-I: Adding /home/case/amber24/dat/leap/lib to search path.
-I: Adding /home/case/amber24/dat/leap/parm to search path.
-I: Adding /home/case/amber24/dat/leap/cmd to search path.
-f: Source leap.in.

Welcome to LEaP!
(no leaprc in search path)
Sourcing: ./leap.in
Using Bondi radii
----- Source: /home/case/amber24/dat/leap/cmd/leaprc.gaff2
----- Source of /home/case/amber24/dat/leap/cmd/leaprc.gaff2 done
Log file: ./leap.log
Loading parameters: /home/case/amber24/dat/leap/parm/gaff2.dat
Reading title:
AMBER General Force Field for organic molecules (Version 2.2.20, March 2021)
Loading parameters: ./CHV.frcmod
Reading force field modification type file (frcmod)
Reading title:
Remark line goes here
Loading Mol2 file: ./CHV.mol2
Reading MOLECULE named CHV
Checking Unit.
Building topology.
"order_residues" off: keep input residue order.
Building atom parameters.
Building bond parameters.
Building angle parameters.
Building proper torsion parameters.
Building improper torsion parameters.
 total 15 improper torsions applied
Building H-Bond parameters.
Incorporating Non-Bonded adjustments.
Not Marking per-residue atom chain types.
Marking per-residue atom chain types.
  (Residues lacking connect0/connect1 - 
   these don't have chain types marked:

	res	total affected

	CHV	1
  )
 (no restraints)
	Quit

Exiting LEaP: Errors = 0; Warnings = 0; Notes = 0.
====== min.o =========================================================
Reading parm file (CHV.parm7)
title:
CHV                                                                             
no velocities were found
no velocities were found
	mm_options:  ntpr=5
	mm_options:  gb=1
	mm_options:  kappa=0.10395
	mm_options:  rgbmax=99.
	mm_options:  cut=99.0
	mm_options:  wcons=0.
     bond:      2.233637105
    angle:      9.917401085
 dihedral:     10.259690285
    enb14:     11.123146976
    eel14:    -68.373404644
      enb:     -3.284333805
      eel:     19.419033286
      egb:    -19.812669032
    econs:      0.000000000
    esurf:      0.000000000
    Total:    -38.517498744
     frms:     14.069412983
Starting TNCG minimisation
 MIN: Iter =    0  NFunc =     1  E =     -38.51750  RMSG = 1.4069413e+01
 MIN: Iter =    1  NFunc =     7  E =     -48.92607  RMSG = 2.5098078e+00
 MIN: Iter =    2  NFunc =    13  E =     -49.52955  RMSG = 9.5857365e-01
 MIN: Iter =    3  NFunc =    40  E =     -50.17808  RMSG = 1.1446118e+00
 MIN: Iter =    4  NFunc =    56  E =     -50.80983  RMSG = 7.4963811e-01
 MIN: Iter =    5  NFunc =    64  E =     -51.12526  RMSG = 6.4223149e-01
 MIN: Iter =    6  NFunc =    79  E =     -51.43931  RMSG = 7.0398548e-01
 MIN: Iter =    7  NFunc =    90  E =     -51.60697  RMSG = 3.6769638e-01
 MIN: Iter =    8  NFunc =   103  E =     -51.69804  RMSG = 4.0018598e-01
 MIN: Iter =    9  NFunc =   131  E =     -51.79696  RMSG = 4.0194927e-01
 MIN: Iter =   10  NFunc =   137  E =     -51.81513  RMSG = 1.6016955e-01
 MIN: Iter =   11  NFunc =   149  E =     -51.83075  RMSG = 1.1683551e-01
 MIN: Iter =   12  NFunc =   167  E =     -51.83749  RMSG = 6.5668218e-02
 MIN: Iter =   13  NFunc =   205  E =     -51.84250  RMSG = 4.4013868e-02
 MIN: Iter =   14  NFunc =   211  E =     -51.84280  RMSG = 2.4652332e-02
 MIN: Iter =   15  NFunc =   226  E =     -51.84303  RMSG = 1.0145277e-02
 MIN: Iter =   16  NFunc =   266  E =     -51.84325  RMSG = 6.0660014e-03
 MIN: Iter =   17  NFunc =   273  E =     -51.84326  RMSG = 4.4690149e-03
 MIN: Iter =   18  NFunc =   303  E =     -51.84330  RMSG = 3.5200314e-03
 MIN: Iter =   19  NFunc =   309  E =     -51.84331  RMSG = 1.4989094e-03
 MIN: Iter =   20  NFunc =   322  E =     -51.84331  RMSG = 8.7931478e-04
 MIN: Iter =   21  NFunc =   340  E =     -51.84331  RMSG = 5.9322136e-04
 MIN: Iter =   22  NFunc =   361  E =     -51.84331  RMSG = 3.0301196e-04
----------------------------------------------------------------
 END:          :-)  E =     -51.84331  RMSG =   0.0003030

     bond:      0.986465213
    angle:      3.411699613
 dihedral:      6.944398453
    enb14:      9.587535484
    eel14:    -68.779417543
      enb:     -2.652475055
      eel:     19.740564425
      egb:    -21.082079421
    econs:      0.000000000
    esurf:      0.000000000
    Total:    -51.843308832
     frms:      0.000303012
====== rms.dat  ======================================================
#Frame      all_heavy
       1       0.3730
