====== tleap.out =====================================================
-I: Adding /home/case/amber24/dat/leap/prep to search path.
-I: Adding /home/case/amber24/dat/leap/lib to search path.
-I: Adding /home/case/amber24/dat/leap/parm to search path.
-I: Adding /home/case/amber24/dat/leap/cmd to search path.
-f: Source leap.in.

Welcome to LEaP!
(no leaprc in search path)
Sourcing: ./leap.in
Using Bondi radii
----- Source: /home/case/amber24/dat/leap/cmd/leaprc.gaff2
----- Source of /home/case/amber24/dat/leap/cmd/leaprc.gaff2 done
Log file: ./leap.log
Loading parameters: /home/case/amber24/dat/leap/parm/gaff2.dat
Reading title:
AMBER General Force Field for organic molecules (Version 2.2.20, March 2021)
Loading parameters: ./CJ4.frcmod
Reading force field modification type file (frcmod)
Reading title:
Remark line goes here
Loading Mol2 file: ./CJ4.mol2
Reading MOLECULE named CJ4
Checking Unit.
Building topology.
"order_residues" off: keep input residue order.
Building atom parameters.
Building bond parameters.
Building angle parameters.
Building proper torsion parameters.

/home/case/amber24/bin/teLeap: Note.
1-4: angle 10 12 duplicates bond ('triangular' bond) or angle ('square' bond)


/home/case/amber24/bin/teLeap: Note.
1-4: angle 11 27 duplicates bond ('triangular' bond) or angle ('square' bond)

Building improper torsion parameters.
 total 16 improper torsions applied
Building H-Bond parameters.
Incorporating Non-Bonded adjustments.
Not Marking per-residue atom chain types.
Marking per-residue atom chain types.
  (Residues lacking connect0/connect1 - 
   these don't have chain types marked:

	res	total affected

	CJ4	1
  )
 (no restraints)
	Quit

Exiting LEaP: Errors = 0; Warnings = 0; Notes = 2.
====== min.o =========================================================
Reading parm file (CJ4.parm7)
title:
CJ4                                                                             
no velocities were found
no velocities were found
	mm_options:  ntpr=5
	mm_options:  gb=1
	mm_options:  kappa=0.10395
	mm_options:  rgbmax=99.
	mm_options:  cut=99.0
	mm_options:  wcons=0.
     bond:      4.178484754
    angle:     64.747892181
 dihedral:      8.709663457
    enb14:     17.687668393
    eel14:   -252.684937880
      enb:     -4.881807574
      eel:    130.680118340
      egb:    -30.890193502
    econs:      0.000000000
    esurf:      0.000000000
    Total:    -62.453111830
     frms:     20.400900329
Starting TNCG minimisation
 MIN: Iter =    0  NFunc =     1  E =     -62.45311  RMSG = 2.0400900e+01
 MIN: Iter =    1  NFunc =     7  E =     -98.87610  RMSG = 6.1507963e+00
 MIN: Iter =    2  NFunc =    13  E =    -105.49461  RMSG = 1.7160726e+00
 MIN: Iter =    3  NFunc =    22  E =    -106.77461  RMSG = 7.4021700e-01
 MIN: Iter =    4  NFunc =    38  E =    -107.17373  RMSG = 4.0027375e-01
 MIN: Iter =    5  NFunc =    51  E =    -107.26534  RMSG = 1.5455423e-01
 MIN: Iter =    6  NFunc =    95  E =    -107.36939  RMSG = 5.3276648e-01
 MIN: Iter =    7  NFunc =   101  E =    -107.40767  RMSG = 1.4805130e-01
 MIN: Iter =    8  NFunc =   127  E =    -107.44313  RMSG = 3.9417716e-01
 MIN: Iter =    9  NFunc =   133  E =    -107.46110  RMSG = 6.5475830e-02
 MIN: Iter =   10  NFunc =   184  E =    -107.48558  RMSG = 3.1150543e-01
 MIN: Iter =   11  NFunc =   190  E =    -107.49994  RMSG = 9.0073376e-02
 MIN: Iter =   12  NFunc =   217  E =    -107.51219  RMSG = 1.2603569e-01
 MIN: Iter =   13  NFunc =   223  E =    -107.51421  RMSG = 2.9161260e-02
 MIN: Iter =   14  NFunc =   269  E =    -107.52198  RMSG = 4.6108665e-02
 MIN: Iter =   15  NFunc =   296  E =    -107.52641  RMSG = 3.3580488e-02
 MIN: Iter =   16  NFunc =   347  E =    -107.53282  RMSG = 1.5401331e-01
 MIN: Iter =   17  NFunc =   353  E =    -107.53661  RMSG = 3.4027471e-02
 MIN: Iter =   18  NFunc =   405  E =    -107.54317  RMSG = 4.2697236e-02
 MIN: Iter =   19  NFunc =   433  E =    -107.54888  RMSG = 8.2900039e-02
 MIN: Iter =   20  NFunc =   439  E =    -107.55036  RMSG = 2.9910527e-02
 MIN: Iter =   21  NFunc =   478  E =    -107.55378  RMSG = 5.9960685e-02
 MIN: Iter =   22  NFunc =   484  E =    -107.55457  RMSG = 1.8160608e-02
 MIN: Iter =   23  NFunc =   517  E =    -107.55516  RMSG = 7.8677331e-03
 MIN: Iter =   24  NFunc =   568  E =    -107.55557  RMSG = 6.8694330e-03
 MIN: Iter =   25  NFunc =   591  E =    -107.55576  RMSG = 6.1739138e-03
 MIN: Iter =   26  NFunc =   634  E =    -107.55593  RMSG = 4.4270300e-03
 MIN: Iter =   27  NFunc =   685  E =    -107.55614  RMSG = 6.4146132e-03
 MIN: Iter =   28  NFunc =   736  E =    -107.55640  RMSG = 1.1206610e-02
 MIN: Iter =   29  NFunc =   771  E =    -107.55665  RMSG = 5.8085191e-03
 MIN: Iter =   30  NFunc =   822  E =    -107.55694  RMSG = 6.5317245e-03
 MIN: Iter =   31  NFunc =   870  E =    -107.55711  RMSG = 3.6548025e-03
 MIN: Iter =   32  NFunc =   921  E =    -107.55747  RMSG = 1.4778717e-02
 MIN: Iter =   33  NFunc =   953  E =    -107.55784  RMSG = 9.5511998e-03
 MIN: Iter =   34  NFunc =   982  E =    -107.55811  RMSG = 6.8736445e-03
 MIN: Iter =   35  NFunc =  1003  E =    -107.55819  RMSG = 4.2540854e-03
 MIN: Iter =   36  NFunc =  1054  E =    -107.55832  RMSG = 5.9251537e-03
 MIN: Iter =   37  NFunc =  1064  E =    -107.55834  RMSG = 3.1613926e-03
 MIN: Iter =   38  NFunc =  1107  E =    -107.55840  RMSG = 2.3241922e-03
 MIN: Iter =   39  NFunc =  1158  E =    -107.55846  RMSG = 4.4391008e-03
 MIN: Iter =   40  NFunc =  1172  E =    -107.55847  RMSG = 1.9298801e-03
 MIN: Iter =   41  NFunc =  1204  E =    -107.55848  RMSG = 1.3114018e-03
 MIN: Iter =   42  NFunc =  1249  E =    -107.55849  RMSG = 1.0275138e-03
 MIN: Iter =   43  NFunc =  1300  E =    -107.55853  RMSG = 3.0362326e-03
 MIN: Iter =   44  NFunc =  1350  E =    -107.55860  RMSG = 2.7301917e-03
 MIN: Iter =   45  NFunc =  1356  E =    -107.55860  RMSG = 1.1596132e-03
 MIN: Iter =   46  NFunc =  1407  E =    -107.55861  RMSG = 1.2990518e-03
 MIN: Iter =   47  NFunc =  1426  E =    -107.55862  RMSG = 8.3427955e-04
 MIN: Iter =   48  NFunc =  1449  E =    -107.55862  RMSG = 5.7911400e-04
 MIN: Iter =   49  NFunc =  1488  E =    -107.55862  RMSG = 3.8245288e-04
----------------------------------------------------------------
 END:          :-)  E =    -107.55862  RMSG =   0.0003825

     bond:      2.069655318
    angle:     27.356955576
 dihedral:      7.778998643
    enb14:     14.984576647
    eel14:   -256.711226665
      enb:     -5.202796713
      eel:    135.124503770
      egb:    -32.959286395
    econs:      0.000000000
    esurf:      0.000000000
    Total:   -107.558619818
     frms:      0.000382453
====== rms.dat  ======================================================
#Frame      all_heavy
       1       0.3401
