====== tleap.out =====================================================
-I: Adding /home/case/amber24/dat/leap/prep to search path.
-I: Adding /home/case/amber24/dat/leap/lib to search path.
-I: Adding /home/case/amber24/dat/leap/parm to search path.
-I: Adding /home/case/amber24/dat/leap/cmd to search path.
-f: Source leap.in.

Welcome to LEaP!
(no leaprc in search path)
Sourcing: ./leap.in
Using Bondi radii
----- Source: /home/case/amber24/dat/leap/cmd/leaprc.gaff2
----- Source of /home/case/amber24/dat/leap/cmd/leaprc.gaff2 done
Log file: ./leap.log
Loading parameters: /home/case/amber24/dat/leap/parm/gaff2.dat
Reading title:
AMBER General Force Field for organic molecules (Version 2.2.20, March 2021)
Loading parameters: ./CL6.frcmod
Reading force field modification type file (frcmod)
Reading title:
Remark line goes here
Loading Mol2 file: ./CL6.mol2
Reading MOLECULE named CL6
Checking Unit.
Building topology.
"order_residues" off: keep input residue order.
Building atom parameters.
Building bond parameters.
Building angle parameters.
Building proper torsion parameters.
Building improper torsion parameters.
 total 22 improper torsions applied
Building H-Bond parameters.
Incorporating Non-Bonded adjustments.
Not Marking per-residue atom chain types.
Marking per-residue atom chain types.
  (Residues lacking connect0/connect1 - 
   these don't have chain types marked:

	res	total affected

	CL6	1
  )
 (no restraints)
	Quit

Exiting LEaP: Errors = 0; Warnings = 0; Notes = 0.
====== min.o =========================================================
Reading parm file (CL6.parm7)
title:
CL6                                                                             
no velocities were found
no velocities were found
	mm_options:  ntpr=5
	mm_options:  gb=1
	mm_options:  kappa=0.10395
	mm_options:  rgbmax=99.
	mm_options:  cut=99.0
	mm_options:  wcons=0.
     bond:      1.629087584
    angle:      5.112880533
 dihedral:      5.737953968
    enb14:     15.044808701
    eel14:      2.354361914
      enb:      2.025479738
      eel:      2.473420360
      egb:    -13.618731570
    econs:      0.000000000
    esurf:      0.000000000
    Total:     20.759261227
     frms:      5.430022404
Starting TNCG minimisation
 MIN: Iter =    0  NFunc =     1  E =      20.75926  RMSG = 5.4300224e+00
 MIN: Iter =    1  NFunc =     7  E =      15.13832  RMSG = 1.9253429e+00
 MIN: Iter =    2  NFunc =    13  E =      13.95237  RMSG = 7.1701670e-01
 MIN: Iter =    3  NFunc =    36  E =      13.55459  RMSG = 4.9517995e-01
 MIN: Iter =    4  NFunc =    42  E =      13.51915  RMSG = 1.8536634e-01
 MIN: Iter =    5  NFunc =    65  E =      13.38553  RMSG = 6.6041140e-01
 MIN: Iter =    6  NFunc =    71  E =      13.32499  RMSG = 1.9925045e-01
 MIN: Iter =    7  NFunc =   103  E =      13.18966  RMSG = 5.5277540e-01
 MIN: Iter =    8  NFunc =   109  E =      13.13160  RMSG = 2.2632142e-01
 MIN: Iter =    9  NFunc =   121  E =      13.07820  RMSG = 5.0176571e-01
 MIN: Iter =   10  NFunc =   127  E =      13.03734  RMSG = 1.7497528e-01
 MIN: Iter =   11  NFunc =   156  E =      12.96765  RMSG = 4.1482580e-01
 MIN: Iter =   12  NFunc =   162  E =      12.93619  RMSG = 1.2462637e-01
 MIN: Iter =   13  NFunc =   169  E =      12.92986  RMSG = 8.4634554e-02
 MIN: Iter =   14  NFunc =   194  E =      12.91891  RMSG = 8.7529184e-02
 MIN: Iter =   15  NFunc =   200  E =      12.91741  RMSG = 3.5796328e-02
 MIN: Iter =   16  NFunc =   215  E =      12.91432  RMSG = 4.2871554e-02
 MIN: Iter =   17  NFunc =   222  E =      12.91400  RMSG = 1.5602485e-02
 MIN: Iter =   18  NFunc =   244  E =      12.91377  RMSG = 7.6090909e-03
 MIN: Iter =   19  NFunc =   251  E =      12.91375  RMSG = 5.4274896e-03
 MIN: Iter =   20  NFunc =   267  E =      12.91372  RMSG = 1.9501504e-03
 MIN: Iter =   21  NFunc =   275  E =      12.91372  RMSG = 8.2601793e-04
 MIN: Iter =   22  NFunc =   296  E =      12.91372  RMSG = 4.4062774e-04
----------------------------------------------------------------
 END:          :-)  E =      12.91372  RMSG =   0.0004406

     bond:      3.079904784
    angle:      6.222943180
 dihedral:      5.969923812
    enb14:     10.448259595
    eel14:      2.370772163
      enb:     -3.574602283
      eel:      2.989711645
      egb:    -14.593192538
    econs:      0.000000000
    esurf:      0.000000000
    Total:     12.913720359
     frms:      0.000440628
====== rms.dat  ======================================================
#Frame      all_heavy
       1       0.2903
