====== tleap.out =====================================================
-I: Adding /home/case/amber24/dat/leap/prep to search path.
-I: Adding /home/case/amber24/dat/leap/lib to search path.
-I: Adding /home/case/amber24/dat/leap/parm to search path.
-I: Adding /home/case/amber24/dat/leap/cmd to search path.
-f: Source leap.in.

Welcome to LEaP!
(no leaprc in search path)
Sourcing: ./leap.in
Using Bondi radii
----- Source: /home/case/amber24/dat/leap/cmd/leaprc.gaff2
----- Source of /home/case/amber24/dat/leap/cmd/leaprc.gaff2 done
Log file: ./leap.log
Loading parameters: /home/case/amber24/dat/leap/parm/gaff2.dat
Reading title:
AMBER General Force Field for organic molecules (Version 2.2.20, March 2021)
Loading parameters: ./CLU.frcmod
Reading force field modification type file (frcmod)
Reading title:
Remark line goes here
Loading Mol2 file: ./CLU.mol2
Reading MOLECULE named CLU
Checking Unit.
Building topology.
"order_residues" off: keep input residue order.
Building atom parameters.
Building bond parameters.
Building angle parameters.
Building proper torsion parameters.
Building improper torsion parameters.
 total 9 improper torsions applied
Building H-Bond parameters.
Incorporating Non-Bonded adjustments.
Not Marking per-residue atom chain types.
Marking per-residue atom chain types.
  (Residues lacking connect0/connect1 - 
   these don't have chain types marked:

	res	total affected

	CLU	1
  )
 (no restraints)
	Quit

Exiting LEaP: Errors = 0; Warnings = 0; Notes = 0.
====== min.o =========================================================
Reading parm file (CLU.parm7)
title:
CLU                                                                             
no velocities were found
no velocities were found
	mm_options:  ntpr=5
	mm_options:  gb=1
	mm_options:  kappa=0.10395
	mm_options:  rgbmax=99.
	mm_options:  cut=99.0
	mm_options:  wcons=0.
     bond:      1.593763521
    angle:      3.333542280
 dihedral:      8.938100955
    enb14:      5.713375282
    eel14:   -132.261406689
      enb:     -2.525204804
      eel:     14.969122036
      egb:    -19.867048520
    econs:      0.000000000
    esurf:      0.000000000
    Total:   -120.105755939
     frms:      9.970591259
Starting TNCG minimisation
 MIN: Iter =    0  NFunc =     1  E =    -120.10576  RMSG = 9.9705913e+00
 MIN: Iter =    1  NFunc =     7  E =    -126.42403  RMSG = 3.6602035e+00
 MIN: Iter =    2  NFunc =    13  E =    -126.95425  RMSG = 6.9611284e-01
 MIN: Iter =    3  NFunc =    26  E =    -127.19268  RMSG = 7.3627045e-01
 MIN: Iter =    4  NFunc =    51  E =    -127.40164  RMSG = 6.5978408e-01
 MIN: Iter =    5  NFunc =    62  E =    -127.48193  RMSG = 3.4299004e-01
 MIN: Iter =    6  NFunc =    68  E =    -127.50418  RMSG = 1.6779290e-01
 MIN: Iter =    7  NFunc =   109  E =    -127.54999  RMSG = 6.5242821e-01
 MIN: Iter =    8  NFunc =   115  E =    -127.58429  RMSG = 1.6052208e-01
 MIN: Iter =    9  NFunc =   160  E =    -127.60772  RMSG = 1.6139208e-01
 MIN: Iter =   10  NFunc =   166  E =    -127.62269  RMSG = 1.7795082e-01
 MIN: Iter =   11  NFunc =   186  E =    -127.63595  RMSG = 3.4541185e-01
 MIN: Iter =   12  NFunc =   192  E =    -127.64499  RMSG = 9.5765151e-02
 MIN: Iter =   13  NFunc =   205  E =    -127.64871  RMSG = 4.3401112e-02
 MIN: Iter =   14  NFunc =   217  E =    -127.64958  RMSG = 2.2881658e-02
 MIN: Iter =   15  NFunc =   236  E =    -127.65093  RMSG = 2.8069645e-02
 MIN: Iter =   16  NFunc =   244  E =    -127.65103  RMSG = 1.0205050e-02
 MIN: Iter =   17  NFunc =   251  E =    -127.65104  RMSG = 4.4556069e-03
 MIN: Iter =   18  NFunc =   276  E =    -127.65106  RMSG = 1.6993551e-03
 MIN: Iter =   19  NFunc =   295  E =    -127.65106  RMSG = 1.3938656e-03
 MIN: Iter =   20  NFunc =   308  E =    -127.65106  RMSG = 1.2393326e-03
 MIN: Iter =   21  NFunc =   334  E =    -127.65107  RMSG = 8.8394785e-04
 MIN: Iter =   22  NFunc =   341  E =    -127.65107  RMSG = 7.8971114e-04
 MIN: Iter =   23  NFunc =   360  E =    -127.65107  RMSG = 2.5756338e-04
----------------------------------------------------------------
 END:          :-)  E =    -127.65107  RMSG =   0.0002576

     bond:      1.689074579
    angle:      1.522785236
 dihedral:      9.595808938
    enb14:      4.223918507
    eel14:   -138.755537965
      enb:     -2.755732685
      eel:     15.190707454
      egb:    -18.362092243
    econs:      0.000000000
    esurf:      0.000000000
    Total:   -127.651068178
     frms:      0.000257563
====== rms.dat  ======================================================
#Frame      all_heavy
       1       0.2944
