====== tleap.out =====================================================
-I: Adding /home/case/amber24/dat/leap/prep to search path.
-I: Adding /home/case/amber24/dat/leap/lib to search path.
-I: Adding /home/case/amber24/dat/leap/parm to search path.
-I: Adding /home/case/amber24/dat/leap/cmd to search path.
-f: Source leap.in.

Welcome to LEaP!
(no leaprc in search path)
Sourcing: ./leap.in
Using Bondi radii
----- Source: /home/case/amber24/dat/leap/cmd/leaprc.gaff2
----- Source of /home/case/amber24/dat/leap/cmd/leaprc.gaff2 done
Log file: ./leap.log
Loading parameters: /home/case/amber24/dat/leap/parm/gaff2.dat
Reading title:
AMBER General Force Field for organic molecules (Version 2.2.20, March 2021)
Loading parameters: ./CP7.frcmod
Reading force field modification type file (frcmod)
Reading title:
Remark line goes here
Loading Mol2 file: ./CP7.mol2
Reading MOLECULE named CP7
Checking Unit.
Building topology.
"order_residues" off: keep input residue order.
Building atom parameters.
Building bond parameters.
Building angle parameters.
Building proper torsion parameters.
Building improper torsion parameters.
 total 12 improper torsions applied
Building H-Bond parameters.
Incorporating Non-Bonded adjustments.
Not Marking per-residue atom chain types.
Marking per-residue atom chain types.
  (Residues lacking connect0/connect1 - 
   these don't have chain types marked:

	res	total affected

	CP7	1
  )
 (no restraints)
	Quit

Exiting LEaP: Errors = 0; Warnings = 0; Notes = 0.
====== min.o =========================================================
Reading parm file (CP7.parm7)
title:
CP7                                                                             
no velocities were found
no velocities were found
	mm_options:  ntpr=5
	mm_options:  gb=1
	mm_options:  kappa=0.10395
	mm_options:  rgbmax=99.
	mm_options:  cut=99.0
	mm_options:  wcons=0.
     bond:      1.165383544
    angle:      1.265182833
 dihedral:      7.761504490
    enb14:      9.827105619
    eel14:   -276.021215317
      enb:     -3.449650862
      eel:    125.819419614
      egb:    -17.593510597
    econs:      0.000000000
    esurf:      0.000000000
    Total:   -151.225780675
     frms:      7.001693184
Starting TNCG minimisation
 MIN: Iter =    0  NFunc =     1  E =    -151.22578  RMSG = 7.0016932e+00
 MIN: Iter =    1  NFunc =     7  E =    -153.66914  RMSG = 1.4972642e+00
 MIN: Iter =    2  NFunc =    13  E =    -153.98325  RMSG = 6.0608972e-01
 MIN: Iter =    3  NFunc =    24  E =    -154.15340  RMSG = 7.5427364e-01
 MIN: Iter =    4  NFunc =    37  E =    -154.25268  RMSG = 4.0661685e-01
 MIN: Iter =    5  NFunc =    52  E =    -154.28981  RMSG = 1.4344537e-01
 MIN: Iter =    6  NFunc =    82  E =    -154.32029  RMSG = 4.4118674e-01
 MIN: Iter =    7  NFunc =    88  E =    -154.33413  RMSG = 9.8461035e-02
 MIN: Iter =    8  NFunc =   137  E =    -154.35493  RMSG = 1.9292368e-01
 MIN: Iter =    9  NFunc =   143  E =    -154.35841  RMSG = 6.8226510e-02
 MIN: Iter =   10  NFunc =   175  E =    -154.39833  RMSG = 4.0977488e-01
 MIN: Iter =   11  NFunc =   181  E =    -154.41615  RMSG = 1.0721847e-01
 MIN: Iter =   12  NFunc =   221  E =    -154.47304  RMSG = 5.6941962e-01
 MIN: Iter =   13  NFunc =   227  E =    -154.50577  RMSG = 1.6183671e-01
 MIN: Iter =   14  NFunc =   278  E =    -154.56504  RMSG = 4.2234591e-01
 MIN: Iter =   15  NFunc =   284  E =    -154.59525  RMSG = 1.5327640e-01
 MIN: Iter =   16  NFunc =   296  E =    -154.61128  RMSG = 1.1378924e-01
 MIN: Iter =   17  NFunc =   307  E =    -154.61529  RMSG = 5.3474223e-02
 MIN: Iter =   18  NFunc =   320  E =    -154.61671  RMSG = 2.4163406e-02
 MIN: Iter =   19  NFunc =   339  E =    -154.61711  RMSG = 1.1535878e-02
 MIN: Iter =   20  NFunc =   362  E =    -154.61732  RMSG = 8.9610608e-03
 MIN: Iter =   21  NFunc =   387  E =    -154.61740  RMSG = 4.5790015e-03
 MIN: Iter =   22  NFunc =   394  E =    -154.61741  RMSG = 3.1293657e-03
 MIN: Iter =   23  NFunc =   409  E =    -154.61742  RMSG = 1.4475612e-03
 MIN: Iter =   24  NFunc =   432  E =    -154.61742  RMSG = 9.0725319e-04
 MIN: Iter =   25  NFunc =   458  E =    -154.61742  RMSG = 5.2641913e-04
 MIN: Iter =   26  NFunc =   471  E =    -154.61742  RMSG = 4.3174122e-04
----------------------------------------------------------------
 END:          :-)  E =    -154.61742  RMSG =   0.0004317

     bond:      0.730926454
    angle:      1.010544550
 dihedral:      7.515664843
    enb14:      8.114852797
    eel14:   -276.388640986
      enb:     -3.404223424
      eel:    125.818664405
      egb:    -18.015209412
    econs:      0.000000000
    esurf:      0.000000000
    Total:   -154.617420773
     frms:      0.000431741
====== rms.dat  ======================================================
#Frame      all_heavy
       1       0.2411
