====== tleap.out =====================================================
-I: Adding /home/case/amber24/dat/leap/prep to search path.
-I: Adding /home/case/amber24/dat/leap/lib to search path.
-I: Adding /home/case/amber24/dat/leap/parm to search path.
-I: Adding /home/case/amber24/dat/leap/cmd to search path.
-f: Source leap.in.

Welcome to LEaP!
(no leaprc in search path)
Sourcing: ./leap.in
Using Bondi radii
----- Source: /home/case/amber24/dat/leap/cmd/leaprc.gaff2
----- Source of /home/case/amber24/dat/leap/cmd/leaprc.gaff2 done
Log file: ./leap.log
Loading parameters: /home/case/amber24/dat/leap/parm/gaff2.dat
Reading title:
AMBER General Force Field for organic molecules (Version 2.2.20, March 2021)
Loading parameters: ./CQ8.frcmod
Reading force field modification type file (frcmod)
Reading title:
Remark line goes here
Loading Mol2 file: ./CQ8.mol2
Reading MOLECULE named CQ8
Checking Unit.
Building topology.
"order_residues" off: keep input residue order.
Building atom parameters.
Building bond parameters.
Building angle parameters.
Building proper torsion parameters.
Building improper torsion parameters.
 total 15 improper torsions applied
Building H-Bond parameters.
Incorporating Non-Bonded adjustments.
Not Marking per-residue atom chain types.
Marking per-residue atom chain types.
  (Residues lacking connect0/connect1 - 
   these don't have chain types marked:

	res	total affected

	CQ8	1
  )
 (no restraints)
	Quit

Exiting LEaP: Errors = 0; Warnings = 0; Notes = 0.
====== min.o =========================================================
Reading parm file (CQ8.parm7)
title:
CQ8                                                                             
no velocities were found
no velocities were found
	mm_options:  ntpr=5
	mm_options:  gb=1
	mm_options:  kappa=0.10395
	mm_options:  rgbmax=99.
	mm_options:  cut=99.0
	mm_options:  wcons=0.
     bond:      2.616226955
    angle:      3.143612171
 dihedral:     20.047565238
    enb14:     14.340333970
    eel14:   -511.429637204
      enb:     -5.268446896
      eel:    279.264824293
      egb:    -28.195109811
    econs:      0.000000000
    esurf:      0.000000000
    Total:   -225.480631284
     frms:      9.818906478
Starting TNCG minimisation
 MIN: Iter =    0  NFunc =     1  E =    -225.48063  RMSG = 9.8189065e+00
 MIN: Iter =    1  NFunc =     7  E =    -233.58183  RMSG = 2.0692990e+00
 MIN: Iter =    2  NFunc =    15  E =    -234.47114  RMSG = 7.5086386e-01
 MIN: Iter =    3  NFunc =    33  E =    -234.94099  RMSG = 8.4340067e-01
 MIN: Iter =    4  NFunc =    73  E =    -235.35825  RMSG = 5.9559485e-01
 MIN: Iter =    5  NFunc =    94  E =    -235.65239  RMSG = 4.0889825e-01
 MIN: Iter =    6  NFunc =   105  E =    -235.76077  RMSG = 2.9236638e-01
 MIN: Iter =    7  NFunc =   116  E =    -235.80758  RMSG = 1.5581474e-01
 MIN: Iter =    8  NFunc =   127  E =    -235.82056  RMSG = 6.7386541e-02
 MIN: Iter =    9  NFunc =   176  E =    -235.84171  RMSG = 2.9148249e-01
 MIN: Iter =   10  NFunc =   182  E =    -235.84981  RMSG = 5.2701807e-02
 MIN: Iter =   11  NFunc =   233  E =    -235.87308  RMSG = 3.2854387e-01
 MIN: Iter =   12  NFunc =   241  E =    -235.89540  RMSG = 1.2572099e-01
 MIN: Iter =   13  NFunc =   292  E =    -235.93861  RMSG = 3.8247937e-01
 MIN: Iter =   14  NFunc =   298  E =    -235.96837  RMSG = 2.1834970e-01
 MIN: Iter =   15  NFunc =   306  E =    -236.00135  RMSG = 3.8289941e-01
 MIN: Iter =   16  NFunc =   312  E =    -236.03701  RMSG = 1.2636885e-01
 MIN: Iter =   17  NFunc =   326  E =    -236.05126  RMSG = 1.1985929e-01
 MIN: Iter =   18  NFunc =   354  E =    -236.09017  RMSG = 2.2655556e-01
 MIN: Iter =   19  NFunc =   360  E =    -236.09747  RMSG = 7.8077131e-02
 MIN: Iter =   20  NFunc =   377  E =    -236.10604  RMSG = 5.0218932e-02
 MIN: Iter =   21  NFunc =   403  E =    -236.11005  RMSG = 2.8615035e-02
 MIN: Iter =   22  NFunc =   420  E =    -236.11119  RMSG = 1.5067955e-02
 MIN: Iter =   23  NFunc =   450  E =    -236.11175  RMSG = 8.7879319e-03
 MIN: Iter =   24  NFunc =   472  E =    -236.11183  RMSG = 3.7943082e-03
 MIN: Iter =   25  NFunc =   516  E =    -236.11191  RMSG = 2.4180955e-03
 MIN: Iter =   26  NFunc =   567  E =    -236.11197  RMSG = 3.7561737e-03
 MIN: Iter =   27  NFunc =   607  E =    -236.11200  RMSG = 1.4872005e-03
 MIN: Iter =   28  NFunc =   619  E =    -236.11200  RMSG = 8.8193585e-04
 MIN: Iter =   29  NFunc =   639  E =    -236.11200  RMSG = 4.2289545e-04
----------------------------------------------------------------
 END:          :-)  E =    -236.11200  RMSG =   0.0004229

     bond:      1.258357404
    angle:      4.014053671
 dihedral:     18.365964766
    enb14:     11.327300694
    eel14:   -512.860920439
      enb:     -6.916434536
      eel:    276.955453465
      egb:    -28.255776169
    econs:      0.000000000
    esurf:      0.000000000
    Total:   -236.112001143
     frms:      0.000422895
====== rms.dat  ======================================================
#Frame      all_heavy
       1       0.4527
