====== tleap.out =====================================================
-I: Adding /home/case/amber24/dat/leap/prep to search path.
-I: Adding /home/case/amber24/dat/leap/lib to search path.
-I: Adding /home/case/amber24/dat/leap/parm to search path.
-I: Adding /home/case/amber24/dat/leap/cmd to search path.
-f: Source leap.in.

Welcome to LEaP!
(no leaprc in search path)
Sourcing: ./leap.in
Using Bondi radii
----- Source: /home/case/amber24/dat/leap/cmd/leaprc.gaff2
----- Source of /home/case/amber24/dat/leap/cmd/leaprc.gaff2 done
Log file: ./leap.log
Loading parameters: /home/case/amber24/dat/leap/parm/gaff2.dat
Reading title:
AMBER General Force Field for organic molecules (Version 2.2.20, March 2021)
Loading parameters: ./CSY.frcmod
Reading force field modification type file (frcmod)
Reading title:
Remark line goes here
Loading Mol2 file: ./CSY.mol2
Reading MOLECULE named CSY
Checking Unit.

/home/case/amber24/bin/teLeap: Warning!
The unperturbed charge of the unit (-1.001000) is not zero.

/home/case/amber24/bin/teLeap: Note.
Ignoring the warning from Unit Checking.

Building topology.
"order_residues" off: keep input residue order.
Building atom parameters.
Building bond parameters.
Building angle parameters.
Building proper torsion parameters.
Building improper torsion parameters.
 total 12 improper torsions applied
Building H-Bond parameters.
Incorporating Non-Bonded adjustments.
Not Marking per-residue atom chain types.
Marking per-residue atom chain types.
  (Residues lacking connect0/connect1 - 
   these don't have chain types marked:

	res	total affected

	CSY	1
  )
 (no restraints)
	Quit

Exiting LEaP: Errors = 0; Warnings = 1; Notes = 1.
====== min.o =========================================================
Reading parm file (CSY.parm7)
title:
CSY                                                                             
no velocities were found
no velocities were found
	mm_options:  ntpr=5
	mm_options:  gb=1
	mm_options:  kappa=0.10395
	mm_options:  rgbmax=99.
	mm_options:  cut=99.0
	mm_options:  wcons=0.
     bond:      2.688751311
    angle:     22.406249184
 dihedral:      8.961724110
    enb14:      7.474389218
    eel14:    250.681058764
      enb:     -0.308907401
      eel:   -200.852325306
      egb:    -90.610647844
    econs:      0.000000000
    esurf:      0.000000000
    Total:      0.440292036
     frms:     13.514531820
Starting TNCG minimisation
 MIN: Iter =    0  NFunc =     1  E =       0.44029  RMSG = 1.3514532e+01
 MIN: Iter =    1  NFunc =     7  E =     -10.38404  RMSG = 3.3989233e+00
 MIN: Iter =    2  NFunc =    15  E =     -12.65316  RMSG = 1.1988663e+00
 MIN: Iter =    3  NFunc =    30  E =     -13.51910  RMSG = 1.3162744e+00
 MIN: Iter =    4  NFunc =    38  E =     -13.75885  RMSG = 5.5527356e-01
 MIN: Iter =    5  NFunc =    47  E =     -13.82254  RMSG = 1.9332716e-01
 MIN: Iter =    6  NFunc =    67  E =     -13.88248  RMSG = 2.9920541e-01
 MIN: Iter =    7  NFunc =    86  E =     -13.90052  RMSG = 9.6770988e-02
 MIN: Iter =    8  NFunc =   123  E =     -13.91770  RMSG = 3.0321663e-01
 MIN: Iter =    9  NFunc =   131  E =     -13.92440  RMSG = 8.1375727e-02
 MIN: Iter =   10  NFunc =   152  E =     -13.94558  RMSG = 3.1855923e-01
 MIN: Iter =   11  NFunc =   160  E =     -13.95339  RMSG = 6.9772949e-02
 MIN: Iter =   12  NFunc =   180  E =     -13.97801  RMSG = 1.8917576e-01
 MIN: Iter =   13  NFunc =   217  E =     -14.00891  RMSG = 3.3390128e-01
 MIN: Iter =   14  NFunc =   268  E =     -14.08521  RMSG = 6.4315952e-01
 MIN: Iter =   15  NFunc =   274  E =     -14.15244  RMSG = 7.0631427e-01
 MIN: Iter =   16  NFunc =   280  E =     -14.26110  RMSG = 3.2583636e-01
 MIN: Iter =   17  NFunc =   289  E =     -14.33460  RMSG = 5.4112966e-01
 MIN: Iter =   18  NFunc =   297  E =     -14.40006  RMSG = 2.9359639e-01
 MIN: Iter =   19  NFunc =   303  E =     -14.43502  RMSG = 3.9621711e-01
 MIN: Iter =   20  NFunc =   328  E =     -14.50278  RMSG = 8.0628726e-01
 MIN: Iter =   21  NFunc =   334  E =     -14.54028  RMSG = 1.8706833e-01
 MIN: Iter =   22  NFunc =   340  E =     -14.55295  RMSG = 2.1152557e-01
 MIN: Iter =   23  NFunc =   354  E =     -14.56353  RMSG = 1.0454414e-01
 MIN: Iter =   24  NFunc =   364  E =     -14.56646  RMSG = 5.6897867e-02
 MIN: Iter =   25  NFunc =   406  E =     -14.57182  RMSG = 8.3389404e-02
 MIN: Iter =   26  NFunc =   414  E =     -14.57435  RMSG = 7.0212315e-02
 MIN: Iter =   27  NFunc =   428  E =     -14.57709  RMSG = 1.3288510e-01
 MIN: Iter =   28  NFunc =   438  E =     -14.57858  RMSG = 3.0915644e-02
 MIN: Iter =   29  NFunc =   447  E =     -14.57938  RMSG = 2.8977678e-02
 MIN: Iter =   30  NFunc =   498  E =     -14.58153  RMSG = 7.0926768e-02
 MIN: Iter =   31  NFunc =   505  E =     -14.58196  RMSG = 1.9741362e-02
 MIN: Iter =   32  NFunc =   519  E =     -14.58225  RMSG = 1.1695694e-02
 MIN: Iter =   33  NFunc =   570  E =     -14.58374  RMSG = 1.0499538e-01
 MIN: Iter =   34  NFunc =   576  E =     -14.58455  RMSG = 2.9488787e-02
 MIN: Iter =   35  NFunc =   605  E =     -14.58578  RMSG = 4.3395092e-02
 MIN: Iter =   36  NFunc =   612  E =     -14.58595  RMSG = 1.3963719e-02
 MIN: Iter =   37  NFunc =   663  E =     -14.58653  RMSG = 1.3348874e-02
 MIN: Iter =   38  NFunc =   675  E =     -14.58659  RMSG = 5.9603864e-03
 MIN: Iter =   39  NFunc =   696  E =     -14.58663  RMSG = 3.7564047e-03
 MIN: Iter =   40  NFunc =   708  E =     -14.58664  RMSG = 2.9802986e-03
 MIN: Iter =   41  NFunc =   721  E =     -14.58665  RMSG = 2.4357896e-03
 MIN: Iter =   42  NFunc =   747  E =     -14.58667  RMSG = 2.1533885e-03
 MIN: Iter =   43  NFunc =   765  E =     -14.58668  RMSG = 1.0350486e-03
 MIN: Iter =   44  NFunc =   809  E =     -14.58668  RMSG = 9.1983870e-04
 MIN: Iter =   45  NFunc =   851  E =     -14.58669  RMSG = 6.8108031e-04
 MIN: Iter =   46  NFunc =   896  E =     -14.58669  RMSG = 8.7900720e-04
 MIN: Iter =   47  NFunc =   910  E =     -14.58669  RMSG = 5.5087139e-04
 MIN: Iter =   48  NFunc =   927  E =     -14.58669  RMSG = 3.7648300e-04
----------------------------------------------------------------
 END:          :-)  E =     -14.58669  RMSG =   0.0003765

     bond:      2.592412166
    angle:     19.172751042
 dihedral:      9.180923394
    enb14:      4.187728919
    eel14:    239.817102077
      enb:     -3.060309255
      eel:   -191.390370201
      egb:    -95.086928792
    econs:      0.000000000
    esurf:      0.000000000
    Total:    -14.586690650
     frms:      0.000376483
====== rms.dat  ======================================================
#Frame      all_heavy
       1       0.3992
