====== tleap.out =====================================================
-I: Adding /home/case/amber24/dat/leap/prep to search path.
-I: Adding /home/case/amber24/dat/leap/lib to search path.
-I: Adding /home/case/amber24/dat/leap/parm to search path.
-I: Adding /home/case/amber24/dat/leap/cmd to search path.
-f: Source leap.in.

Welcome to LEaP!
(no leaprc in search path)
Sourcing: ./leap.in
Using Bondi radii
----- Source: /home/case/amber24/dat/leap/cmd/leaprc.gaff2
----- Source of /home/case/amber24/dat/leap/cmd/leaprc.gaff2 done
Log file: ./leap.log
Loading parameters: /home/case/amber24/dat/leap/parm/gaff2.dat
Reading title:
AMBER General Force Field for organic molecules (Version 2.2.20, March 2021)
Loading parameters: ./CVJ.frcmod
Reading force field modification type file (frcmod)
Reading title:
Remark line goes here
Loading Mol2 file: ./CVJ.mol2
Reading MOLECULE named CVJ
Checking Unit.
Building topology.
"order_residues" off: keep input residue order.
Building atom parameters.
Building bond parameters.
Building angle parameters.
Building proper torsion parameters.

/home/case/amber24/bin/teLeap: Note.
1-4: angle 8 15 duplicates bond ('triangular' bond) or angle ('square' bond)


/home/case/amber24/bin/teLeap: Note.
1-4: angle 8 9 duplicates bond ('triangular' bond) or angle ('square' bond)


/home/case/amber24/bin/teLeap: Note.
1-4: angle 9 15 duplicates bond ('triangular' bond) or angle ('square' bond)

Building improper torsion parameters.
 total 15 improper torsions applied
Building H-Bond parameters.
Incorporating Non-Bonded adjustments.
Not Marking per-residue atom chain types.
Marking per-residue atom chain types.
  (Residues lacking connect0/connect1 - 
   these don't have chain types marked:

	res	total affected

	CVJ	1
  )
 (no restraints)
	Quit

Exiting LEaP: Errors = 0; Warnings = 0; Notes = 3.
====== min.o =========================================================
Reading parm file (CVJ.parm7)
title:
CVJ                                                                             
no velocities were found
no velocities were found
	mm_options:  ntpr=5
	mm_options:  gb=1
	mm_options:  kappa=0.10395
	mm_options:  rgbmax=99.
	mm_options:  cut=99.0
	mm_options:  wcons=0.
     bond:      1.597272664
    angle:      2.874430758
 dihedral:     26.421365534
    enb14:     11.943677632
    eel14:    -68.398878185
      enb:     -0.396631833
      eel:     10.118186352
      egb:    -25.368408092
    econs:      0.000000000
    esurf:      0.000000000
    Total:    -41.208985170
     frms:      6.109661015
Starting TNCG minimisation
 MIN: Iter =    0  NFunc =     1  E =     -41.20899  RMSG = 6.1096610e+00
 MIN: Iter =    1  NFunc =     7  E =     -45.56779  RMSG = 1.8219232e+00
 MIN: Iter =    2  NFunc =    18  E =     -47.75618  RMSG = 1.0151088e+00
 MIN: Iter =    3  NFunc =    43  E =     -48.46982  RMSG = 1.2361357e+00
 MIN: Iter =    4  NFunc =    72  E =     -49.20179  RMSG = 1.4270674e+00
 MIN: Iter =    5  NFunc =    80  E =     -49.88583  RMSG = 1.0528937e+00
 MIN: Iter =    6  NFunc =    86  E =     -50.26456  RMSG = 6.7981649e-01
 MIN: Iter =    7  NFunc =    92  E =     -50.41134  RMSG = 3.7811932e-01
 MIN: Iter =    8  NFunc =   125  E =     -50.68797  RMSG = 6.1507233e-01
 MIN: Iter =    9  NFunc =   135  E =     -50.83169  RMSG = 5.2985510e-01
 MIN: Iter =   10  NFunc =   147  E =     -50.95325  RMSG = 3.8411693e-01
 MIN: Iter =   11  NFunc =   164  E =     -51.05373  RMSG = 4.0297910e-01
 MIN: Iter =   12  NFunc =   175  E =     -51.09650  RMSG = 1.4679011e-01
 MIN: Iter =   13  NFunc =   217  E =     -51.14116  RMSG = 1.7121252e-01
 MIN: Iter =   14  NFunc =   239  E =     -51.17688  RMSG = 4.4016010e-01
 MIN: Iter =   15  NFunc =   245  E =     -51.19936  RMSG = 1.1290700e-01
 MIN: Iter =   16  NFunc =   258  E =     -51.20909  RMSG = 9.6014987e-02
 MIN: Iter =   17  NFunc =   301  E =     -51.24138  RMSG = 3.7044459e-01
 MIN: Iter =   18  NFunc =   307  E =     -51.25378  RMSG = 9.1036112e-02
 MIN: Iter =   19  NFunc =   358  E =     -51.28700  RMSG = 2.5034985e-01
 MIN: Iter =   20  NFunc =   370  E =     -51.31588  RMSG = 2.4946629e-01
 MIN: Iter =   21  NFunc =   380  E =     -51.34440  RMSG = 2.6986326e-01
 MIN: Iter =   22  NFunc =   386  E =     -51.36339  RMSG = 1.6639672e-01
 MIN: Iter =   23  NFunc =   392  E =     -51.37605  RMSG = 2.0564557e-01
 MIN: Iter =   24  NFunc =   414  E =     -51.41328  RMSG = 2.8054951e-01
 MIN: Iter =   25  NFunc =   420  E =     -51.42460  RMSG = 1.0335565e-01
 MIN: Iter =   26  NFunc =   447  E =     -51.44939  RMSG = 3.8222559e-01
 MIN: Iter =   27  NFunc =   453  E =     -51.47199  RMSG = 1.5766368e-01
 MIN: Iter =   28  NFunc =   465  E =     -51.48670  RMSG = 4.2763254e-01
 MIN: Iter =   29  NFunc =   471  E =     -51.50367  RMSG = 1.2066561e-01
 MIN: Iter =   30  NFunc =   522  E =     -51.54632  RMSG = 3.8634079e-01
 MIN: Iter =   31  NFunc =   536  E =     -51.59536  RMSG = 2.1071662e-01
 MIN: Iter =   32  NFunc =   587  E =     -51.66185  RMSG = 5.1120430e-01
 MIN: Iter =   33  NFunc =   599  E =     -51.73053  RMSG = 3.1178293e-01
 MIN: Iter =   34  NFunc =   607  E =     -51.79188  RMSG = 2.6986504e-01
 MIN: Iter =   35  NFunc =   614  E =     -51.84123  RMSG = 2.7384035e-01
 MIN: Iter =   36  NFunc =   624  E =     -51.88938  RMSG = 1.8933223e-01
 MIN: Iter =   37  NFunc =   638  E =     -51.91873  RMSG = 1.7400883e-01
 MIN: Iter =   38  NFunc =   655  E =     -51.94791  RMSG = 1.7272012e-01
 MIN: Iter =   39  NFunc =   667  E =     -51.96842  RMSG = 1.3763772e-01
 MIN: Iter =   40  NFunc =   715  E =     -52.02538  RMSG = 5.1323760e-01
 MIN: Iter =   41  NFunc =   721  E =     -52.06422  RMSG = 1.3214979e-01
 MIN: Iter =   42  NFunc =   771  E =     -52.09027  RMSG = 1.6343095e-01
 MIN: Iter =   43  NFunc =   778  E =     -52.10316  RMSG = 1.1775736e-01
 MIN: Iter =   44  NFunc =   798  E =     -52.11919  RMSG = 1.3397235e-01
 MIN: Iter =   45  NFunc =   810  E =     -52.13592  RMSG = 2.5824767e-01
 MIN: Iter =   46  NFunc =   817  E =     -52.15066  RMSG = 7.0411776e-02
 MIN: Iter =   47  NFunc =   826  E =     -52.15691  RMSG = 7.3142008e-02
 MIN: Iter =   48  NFunc =   833  E =     -52.16379  RMSG = 1.3855258e-01
 MIN: Iter =   49  NFunc =   839  E =     -52.16881  RMSG = 6.3864126e-02
 MIN: Iter =   50  NFunc =   847  E =     -52.17140  RMSG = 1.2682863e-01
 MIN: Iter =   51  NFunc =   853  E =     -52.17435  RMSG = 3.8058947e-02
 MIN: Iter =   52  NFunc =   905  E =     -52.18147  RMSG = 6.4336110e-02
 MIN: Iter =   53  NFunc =   933  E =     -52.18673  RMSG = 1.3423891e-01
 MIN: Iter =   54  NFunc =   939  E =     -52.18855  RMSG = 3.7801593e-02
 MIN: Iter =   55  NFunc =   962  E =     -52.19009  RMSG = 3.1627642e-02
 MIN: Iter =   56  NFunc =  1013  E =     -52.19225  RMSG = 2.6643605e-02
 MIN: Iter =   57  NFunc =  1019  E =     -52.19239  RMSG = 1.2459463e-02
 MIN: Iter =   58  NFunc =  1048  E =     -52.19294  RMSG = 9.6377491e-03
 MIN: Iter =   59  NFunc =  1079  E =     -52.19311  RMSG = 5.2961977e-03
 MIN: Iter =   60  NFunc =  1113  E =     -52.19323  RMSG = 3.9667067e-03
 MIN: Iter =   61  NFunc =  1142  E =     -52.19327  RMSG = 2.9279605e-03
 MIN: Iter =   62  NFunc =  1193  E =     -52.19333  RMSG = 3.6130511e-03
 MIN: Iter =   63  NFunc =  1221  E =     -52.19334  RMSG = 1.2612998e-03
 MIN: Iter =   64  NFunc =  1272  E =     -52.19335  RMSG = 1.6598518e-03
 MIN: Iter =   65  NFunc =  1302  E =     -52.19336  RMSG = 1.4833524e-03
 MIN: Iter =   66  NFunc =  1353  E =     -52.19339  RMSG = 2.6322601e-03
 MIN: Iter =   67  NFunc =  1372  E =     -52.19339  RMSG = 1.5616768e-03
 MIN: Iter =   68  NFunc =  1380  E =     -52.19340  RMSG = 8.8336268e-04
 MIN: Iter =   69  NFunc =  1412  E =     -52.19340  RMSG = 7.1423461e-04
 MIN: Iter =   70  NFunc =  1440  E =     -52.19340  RMSG = 6.9662643e-04
 MIN: Iter =   71  NFunc =  1468  E =     -52.19340  RMSG = 4.5616932e-04
----------------------------------------------------------------
 END:          :-)  E =     -52.19340  RMSG =   0.0004562

     bond:      0.835273880
    angle:      2.771165238
 dihedral:     23.326691080
    enb14:      8.210968277
    eel14:    -68.790213232
      enb:     -3.111997962
      eel:     12.716274977
      egb:    -28.151566588
    econs:      0.000000000
    esurf:      0.000000000
    Total:    -52.193404328
     frms:      0.000456169
====== rms.dat  ======================================================
#Frame      all_heavy
       1       0.9647
