====== tleap.out =====================================================
-I: Adding /home/case/amber24/dat/leap/prep to search path.
-I: Adding /home/case/amber24/dat/leap/lib to search path.
-I: Adding /home/case/amber24/dat/leap/parm to search path.
-I: Adding /home/case/amber24/dat/leap/cmd to search path.
-f: Source leap.in.

Welcome to LEaP!
(no leaprc in search path)
Sourcing: ./leap.in
Using Bondi radii
----- Source: /home/case/amber24/dat/leap/cmd/leaprc.gaff2
----- Source of /home/case/amber24/dat/leap/cmd/leaprc.gaff2 done
Log file: ./leap.log
Loading parameters: /home/case/amber24/dat/leap/parm/gaff2.dat
Reading title:
AMBER General Force Field for organic molecules (Version 2.2.20, March 2021)
Loading parameters: ./CVL.frcmod
Reading force field modification type file (frcmod)
Reading title:
Remark line goes here
Loading Mol2 file: ./CVL.mol2
Reading MOLECULE named CVL
Checking Unit.
Building topology.
"order_residues" off: keep input residue order.
Building atom parameters.
Building bond parameters.
Building angle parameters.
Building proper torsion parameters.
Building improper torsion parameters.
 total 17 improper torsions applied
Building H-Bond parameters.
Incorporating Non-Bonded adjustments.
Not Marking per-residue atom chain types.
Marking per-residue atom chain types.
  (Residues lacking connect0/connect1 - 
   these don't have chain types marked:

	res	total affected

	CVL	1
  )
 (no restraints)
	Quit

Exiting LEaP: Errors = 0; Warnings = 0; Notes = 0.
====== min.o =========================================================
Reading parm file (CVL.parm7)
title:
CVL                                                                             
no velocities were found
no velocities were found
	mm_options:  ntpr=5
	mm_options:  gb=1
	mm_options:  kappa=0.10395
	mm_options:  rgbmax=99.
	mm_options:  cut=99.0
	mm_options:  wcons=0.
     bond:      4.510438719
    angle:     17.638870824
 dihedral:     20.751690204
    enb14:     16.353552761
    eel14:     39.025114353
      enb:     -1.194429510
      eel:    -57.485057893
      egb:    -31.439512214
    econs:      0.000000000
    esurf:      0.000000000
    Total:      8.160667244
     frms:     10.790079953
Starting TNCG minimisation
 MIN: Iter =    0  NFunc =     1  E =       8.16067  RMSG = 1.0790080e+01
 MIN: Iter =    1  NFunc =     7  E =      -3.11107  RMSG = 2.6296779e+00
 MIN: Iter =    2  NFunc =    15  E =      -6.93643  RMSG = 1.3199085e+00
 MIN: Iter =    3  NFunc =    25  E =      -8.73784  RMSG = 6.7539088e-01
 MIN: Iter =    4  NFunc =    52  E =      -9.55371  RMSG = 3.2955789e-01
 MIN: Iter =    5  NFunc =    75  E =      -9.78358  RMSG = 2.2584508e-01
 MIN: Iter =    6  NFunc =    87  E =      -9.81541  RMSG = 9.1994521e-02
 MIN: Iter =    7  NFunc =   138  E =      -9.85644  RMSG = 4.0693439e-01
 MIN: Iter =    8  NFunc =   145  E =      -9.89211  RMSG = 1.3941578e-01
 MIN: Iter =    9  NFunc =   196  E =      -9.95202  RMSG = 2.7938887e-01
 MIN: Iter =   10  NFunc =   205  E =     -10.00435  RMSG = 2.6624454e-01
 MIN: Iter =   11  NFunc =   211  E =     -10.04768  RMSG = 1.8459281e-01
 MIN: Iter =   12  NFunc =   217  E =     -10.07498  RMSG = 2.0485072e-01
 MIN: Iter =   13  NFunc =   225  E =     -10.09671  RMSG = 1.1300752e-01
 MIN: Iter =   14  NFunc =   272  E =     -10.12485  RMSG = 3.2359790e-01
 MIN: Iter =   15  NFunc =   278  E =     -10.14248  RMSG = 8.9985714e-02
 MIN: Iter =   16  NFunc =   290  E =     -10.15137  RMSG = 7.7391085e-02
 MIN: Iter =   17  NFunc =   325  E =     -10.16220  RMSG = 9.8592762e-02
 MIN: Iter =   18  NFunc =   359  E =     -10.17195  RMSG = 6.2329448e-02
 MIN: Iter =   19  NFunc =   410  E =     -10.18270  RMSG = 5.5092183e-02
 MIN: Iter =   20  NFunc =   422  E =     -10.18491  RMSG = 2.7412739e-02
 MIN: Iter =   21  NFunc =   444  E =     -10.18748  RMSG = 2.1863573e-02
 MIN: Iter =   22  NFunc =   466  E =     -10.18927  RMSG = 1.7530983e-02
 MIN: Iter =   23  NFunc =   517  E =     -10.19203  RMSG = 2.6106945e-02
 MIN: Iter =   24  NFunc =   568  E =     -10.19509  RMSG = 2.7995341e-02
 MIN: Iter =   25  NFunc =   586  E =     -10.19581  RMSG = 1.1402994e-02
 MIN: Iter =   26  NFunc =   609  E =     -10.19618  RMSG = 6.7608050e-03
 MIN: Iter =   27  NFunc =   660  E =     -10.19649  RMSG = 4.6339751e-03
 MIN: Iter =   28  NFunc =   711  E =     -10.19681  RMSG = 8.5535183e-03
 MIN: Iter =   29  NFunc =   741  E =     -10.19695  RMSG = 3.5928060e-03
 MIN: Iter =   30  NFunc =   777  E =     -10.19702  RMSG = 2.7948234e-03
 MIN: Iter =   31  NFunc =   828  E =     -10.19707  RMSG = 2.1228386e-03
 MIN: Iter =   32  NFunc =   840  E =     -10.19707  RMSG = 1.3024434e-03
 MIN: Iter =   33  NFunc =   891  E =     -10.19709  RMSG = 1.6694703e-03
 MIN: Iter =   34  NFunc =   941  E =     -10.19711  RMSG = 1.1327614e-03
 MIN: Iter =   35  NFunc =   972  E =     -10.19711  RMSG = 6.1376312e-04
 MIN: Iter =   36  NFunc =   994  E =     -10.19711  RMSG = 4.3936525e-04
----------------------------------------------------------------
 END:          :-)  E =     -10.19711  RMSG =   0.0004394

     bond:      1.931370256
    angle:     12.571949797
 dihedral:     20.073888092
    enb14:     10.496468286
    eel14:     36.658205832
      enb:     -3.978903540
      eel:    -55.297761447
      egb:    -32.652331283
    econs:      0.000000000
    esurf:      0.000000000
    Total:    -10.197114007
     frms:      0.000439365
====== rms.dat  ======================================================
#Frame      all_heavy
       1       0.3614
