====== tleap.out =====================================================
-I: Adding /home/case/amber24/dat/leap/prep to search path.
-I: Adding /home/case/amber24/dat/leap/lib to search path.
-I: Adding /home/case/amber24/dat/leap/parm to search path.
-I: Adding /home/case/amber24/dat/leap/cmd to search path.
-f: Source leap.in.

Welcome to LEaP!
(no leaprc in search path)
Sourcing: ./leap.in
Using Bondi radii
----- Source: /home/case/amber24/dat/leap/cmd/leaprc.gaff2
----- Source of /home/case/amber24/dat/leap/cmd/leaprc.gaff2 done
Log file: ./leap.log
Loading parameters: /home/case/amber24/dat/leap/parm/gaff2.dat
Reading title:
AMBER General Force Field for organic molecules (Version 2.2.20, March 2021)
Loading parameters: ./CY6.frcmod
Reading force field modification type file (frcmod)
Reading title:
Remark line goes here
Loading Mol2 file: ./CY6.mol2
Reading MOLECULE named CY6
Checking Unit.
Building topology.
"order_residues" off: keep input residue order.
Building atom parameters.
Building bond parameters.
Building angle parameters.
Building proper torsion parameters.
Building improper torsion parameters.
 total 15 improper torsions applied
Building H-Bond parameters.
Incorporating Non-Bonded adjustments.
Not Marking per-residue atom chain types.
Marking per-residue atom chain types.
  (Residues lacking connect0/connect1 - 
   these don't have chain types marked:

	res	total affected

	CY6	1
  )
 (no restraints)
	Quit

Exiting LEaP: Errors = 0; Warnings = 0; Notes = 0.
====== min.o =========================================================
Reading parm file (CY6.parm7)
title:
CY6                                                                             
no velocities were found
no velocities were found
	mm_options:  ntpr=5
	mm_options:  gb=1
	mm_options:  kappa=0.10395
	mm_options:  rgbmax=99.
	mm_options:  cut=99.0
	mm_options:  wcons=0.
     bond:      4.414328832
    angle:     13.996986932
 dihedral:     61.036709794
    enb14:     12.803330058
    eel14:    106.839480748
      enb:    -12.403936191
      eel:   -175.089103978
      egb:    -37.381740080
    econs:      0.000000000
    esurf:      0.000000000
    Total:    -25.783943886
     frms:      8.007927575
Starting TNCG minimisation
 MIN: Iter =    0  NFunc =     1  E =     -25.78394  RMSG = 8.0079276e+00
 MIN: Iter =    1  NFunc =     7  E =     -37.08433  RMSG = 2.1302922e+00
 MIN: Iter =    2  NFunc =    17  E =     -41.03869  RMSG = 1.2704036e+00
 MIN: Iter =    3  NFunc =    27  E =     -42.13166  RMSG = 5.8609498e-01
 MIN: Iter =    4  NFunc =    42  E =     -42.67032  RMSG = 3.6578844e-01
 MIN: Iter =    5  NFunc =    70  E =     -42.95598  RMSG = 4.6891343e-01
 MIN: Iter =    6  NFunc =    83  E =     -43.12395  RMSG = 4.4598199e-01
 MIN: Iter =    7  NFunc =    90  E =     -43.16311  RMSG = 1.2117320e-01
 MIN: Iter =    8  NFunc =   120  E =     -43.24940  RMSG = 2.0447881e-01
 MIN: Iter =    9  NFunc =   128  E =     -43.26319  RMSG = 7.8948169e-02
 MIN: Iter =   10  NFunc =   179  E =     -43.32860  RMSG = 2.5878786e-01
 MIN: Iter =   11  NFunc =   185  E =     -43.34322  RMSG = 8.8312246e-02
 MIN: Iter =   12  NFunc =   237  E =     -43.36774  RMSG = 1.0656108e-01
 MIN: Iter =   13  NFunc =   266  E =     -43.38512  RMSG = 2.2908362e-01
 MIN: Iter =   14  NFunc =   272  E =     -43.39495  RMSG = 6.3280461e-02
 MIN: Iter =   15  NFunc =   324  E =     -43.41249  RMSG = 1.0797538e-01
 MIN: Iter =   16  NFunc =   334  E =     -43.43442  RMSG = 3.2220794e-01
 MIN: Iter =   17  NFunc =   340  E =     -43.46686  RMSG = 1.3079741e-01
 MIN: Iter =   18  NFunc =   346  E =     -43.48617  RMSG = 3.0534562e-01
 MIN: Iter =   19  NFunc =   354  E =     -43.52108  RMSG = 7.0813472e-02
 MIN: Iter =   20  NFunc =   360  E =     -43.53727  RMSG = 2.9507608e-01
 MIN: Iter =   21  NFunc =   367  E =     -43.56363  RMSG = 1.2085938e-01
 MIN: Iter =   22  NFunc =   418  E =     -43.65485  RMSG = 2.6116243e-01
 MIN: Iter =   23  NFunc =   444  E =     -43.74550  RMSG = 2.6998693e-01
 MIN: Iter =   24  NFunc =   450  E =     -43.77291  RMSG = 1.3279964e-01
 MIN: Iter =   25  NFunc =   468  E =     -43.82568  RMSG = 1.9057394e-01
 MIN: Iter =   26  NFunc =   481  E =     -43.85124  RMSG = 9.1240458e-02
 MIN: Iter =   27  NFunc =   499  E =     -43.87543  RMSG = 1.6489297e-01
 MIN: Iter =   28  NFunc =   505  E =     -43.88190  RMSG = 5.4630568e-02
 MIN: Iter =   29  NFunc =   545  E =     -43.90178  RMSG = 2.9786037e-01
 MIN: Iter =   30  NFunc =   551  E =     -43.91830  RMSG = 4.8946139e-02
 MIN: Iter =   31  NFunc =   582  E =     -43.92722  RMSG = 1.7692398e-01
 MIN: Iter =   32  NFunc =   588  E =     -43.93250  RMSG = 3.6226491e-02
 MIN: Iter =   33  NFunc =   604  E =     -43.93475  RMSG = 2.3905275e-02
 MIN: Iter =   34  NFunc =   655  E =     -43.94305  RMSG = 4.1068458e-02
 MIN: Iter =   35  NFunc =   706  E =     -43.94995  RMSG = 4.2068520e-02
 MIN: Iter =   36  NFunc =   757  E =     -43.95543  RMSG = 5.2734760e-02
 MIN: Iter =   37  NFunc =   772  E =     -43.95807  RMSG = 2.5030982e-02
 MIN: Iter =   38  NFunc =   823  E =     -43.96638  RMSG = 1.0077942e-01
 MIN: Iter =   39  NFunc =   841  E =     -43.97371  RMSG = 3.9106575e-02
 MIN: Iter =   40  NFunc =   880  E =     -43.98368  RMSG = 6.8584454e-02
 MIN: Iter =   41  NFunc =   908  E =     -43.99307  RMSG = 6.2398249e-02
 MIN: Iter =   42  NFunc =   928  E =     -44.00107  RMSG = 5.7029188e-02
 MIN: Iter =   43  NFunc =   939  E =     -44.00436  RMSG = 3.4505523e-02
 MIN: Iter =   44  NFunc =   990  E =     -44.00937  RMSG = 3.3850315e-02
 MIN: Iter =   45  NFunc =  1009  E =     -44.01120  RMSG = 1.7889141e-02
 MIN: Iter =   46  NFunc =  1048  E =     -44.01508  RMSG = 4.8271600e-02
 MIN: Iter =   47  NFunc =  1066  E =     -44.01688  RMSG = 1.8807949e-02
 MIN: Iter =   48  NFunc =  1100  E =     -44.01918  RMSG = 3.4886125e-02
 MIN: Iter =   49  NFunc =  1135  E =     -44.02062  RMSG = 1.3095895e-02
 MIN: Iter =   50  NFunc =  1186  E =     -44.02239  RMSG = 1.9167097e-02
 MIN: Iter =   51  NFunc =  1212  E =     -44.02302  RMSG = 7.7950771e-03
 MIN: Iter =   52  NFunc =  1244  E =     -44.02333  RMSG = 5.9233471e-03
 MIN: Iter =   53  NFunc =  1280  E =     -44.02352  RMSG = 4.3260483e-03
 MIN: Iter =   54  NFunc =  1297  E =     -44.02357  RMSG = 3.3747775e-03
 MIN: Iter =   55  NFunc =  1348  E =     -44.02371  RMSG = 8.9391328e-03
 MIN: Iter =   56  NFunc =  1399  E =     -44.02385  RMSG = 8.4965847e-03
 MIN: Iter =   57  NFunc =  1411  E =     -44.02389  RMSG = 2.5392688e-03
 MIN: Iter =   58  NFunc =  1446  E =     -44.02396  RMSG = 4.2555529e-03
 MIN: Iter =   59  NFunc =  1493  E =     -44.02401  RMSG = 2.1648594e-03
 MIN: Iter =   60  NFunc =  1544  E =     -44.02404  RMSG = 1.7006149e-03
 MIN: Iter =   61  NFunc =  1574  E =     -44.02404  RMSG = 8.6451668e-04
 MIN: Iter =   62  NFunc =  1625  E =     -44.02405  RMSG = 7.5646387e-04
 MIN: Iter =   63  NFunc =  1676  E =     -44.02406  RMSG = 1.0659064e-03
 MIN: Iter =   64  NFunc =  1713  E =     -44.02406  RMSG = 8.2028629e-04
 MIN: Iter =   65  NFunc =  1731  E =     -44.02407  RMSG = 4.8522348e-04
----------------------------------------------------------------
 END:          :-)  E =     -44.02407  RMSG =   0.0004852

     bond:      2.411426187
    angle:     11.553889950
 dihedral:     57.360796171
    enb14:      8.212724777
    eel14:    100.941076062
      enb:    -14.489130606
      eel:   -170.385800352
      egb:    -39.629048632
    econs:      0.000000000
    esurf:      0.000000000
    Total:    -44.024066442
     frms:      0.000485223
====== rms.dat  ======================================================
#Frame      all_heavy
       1       0.7778
