====== tleap.out =====================================================
-I: Adding /home/case/amber24/dat/leap/prep to search path.
-I: Adding /home/case/amber24/dat/leap/lib to search path.
-I: Adding /home/case/amber24/dat/leap/parm to search path.
-I: Adding /home/case/amber24/dat/leap/cmd to search path.
-f: Source leap.in.

Welcome to LEaP!
(no leaprc in search path)
Sourcing: ./leap.in
Using Bondi radii
----- Source: /home/case/amber24/dat/leap/cmd/leaprc.gaff2
----- Source of /home/case/amber24/dat/leap/cmd/leaprc.gaff2 done
Log file: ./leap.log
Loading parameters: /home/case/amber24/dat/leap/parm/gaff2.dat
Reading title:
AMBER General Force Field for organic molecules (Version 2.2.20, March 2021)
Loading parameters: ./711.frcmod
Reading force field modification type file (frcmod)
Reading title:
Remark line goes here
Loading Mol2 file: ./711.mol2
Reading MOLECULE named 711
Checking Unit.

/home/case/amber24/bin/teLeap: Warning!
The unperturbed charge of the unit (1.000002) is not zero.

/home/case/amber24/bin/teLeap: Note.
Ignoring the warning from Unit Checking.

Building topology.
"order_residues" off: keep input residue order.
Building atom parameters.
Building bond parameters.
Building angle parameters.
Building proper torsion parameters.
Building improper torsion parameters.
 total 23 improper torsions applied
Building H-Bond parameters.
Incorporating Non-Bonded adjustments.
Not Marking per-residue atom chain types.
Marking per-residue atom chain types.
  (Residues lacking connect0/connect1 - 
   these don't have chain types marked:

	res	total affected

	711	1
  )
 (no restraints)
	Quit

Exiting LEaP: Errors = 0; Warnings = 1; Notes = 1.
====== min.o =========================================================
Reading parm file (711.parm7)
title:
711                                                                             
no velocities were found
no velocities were found
	mm_options:  ntpr=5
	mm_options:  gb=1
	mm_options:  kappa=0.10395
	mm_options:  rgbmax=99.
	mm_options:  cut=99.0
	mm_options:  wcons=0.
     bond:      5.239316232
    angle:     22.572969384
 dihedral:     17.487138308
    enb14:     18.632273194
    eel14:   -299.948077455
      enb:     -5.583538561
      eel:    129.483005620
      egb:    -71.599116196
    econs:      0.000000000
    esurf:      0.000000000
    Total:   -183.716029474
     frms:     11.132266479
Starting TNCG minimisation
 MIN: Iter =    0  NFunc =     1  E =    -183.71603  RMSG = 1.1132266e+01
 MIN: Iter =    1  NFunc =     7  E =    -198.59552  RMSG = 2.9611226e+00
 MIN: Iter =    2  NFunc =    14  E =    -201.47940  RMSG = 1.3364263e+00
 MIN: Iter =    3  NFunc =    21  E =    -202.01288  RMSG = 5.5261807e-01
 MIN: Iter =    4  NFunc =    45  E =    -202.23282  RMSG = 5.5033805e-01
 MIN: Iter =    5  NFunc =    57  E =    -202.43940  RMSG = 6.7368410e-01
 MIN: Iter =    6  NFunc =    63  E =    -202.55776  RMSG = 3.1058234e-01
 MIN: Iter =    7  NFunc =    92  E =    -202.79167  RMSG = 6.7748077e-01
 MIN: Iter =    8  NFunc =   100  E =    -202.94676  RMSG = 2.6933075e-01
 MIN: Iter =    9  NFunc =   108  E =    -203.02847  RMSG = 6.3127782e-01
 MIN: Iter =   10  NFunc =   117  E =    -203.10878  RMSG = 1.7321825e-01
 MIN: Iter =   11  NFunc =   168  E =    -203.32753  RMSG = 3.7541222e-01
 MIN: Iter =   12  NFunc =   189  E =    -203.48815  RMSG = 4.2785662e-01
 MIN: Iter =   13  NFunc =   198  E =    -203.60645  RMSG = 2.8345905e-01
 MIN: Iter =   14  NFunc =   221  E =    -203.74338  RMSG = 3.8954245e-01
 MIN: Iter =   15  NFunc =   229  E =    -203.84559  RMSG = 3.0693168e-01
 MIN: Iter =   16  NFunc =   253  E =    -203.95852  RMSG = 3.9529210e-01
 MIN: Iter =   17  NFunc =   265  E =    -204.07151  RMSG = 3.0541039e-01
 MIN: Iter =   18  NFunc =   273  E =    -204.13402  RMSG = 2.7553185e-01
 MIN: Iter =   19  NFunc =   282  E =    -204.17700  RMSG = 1.5748407e-01
 MIN: Iter =   20  NFunc =   325  E =    -204.35538  RMSG = 2.7385873e-01
 MIN: Iter =   21  NFunc =   333  E =    -204.42992  RMSG = 2.4724029e-01
 MIN: Iter =   22  NFunc =   351  E =    -204.55544  RMSG = 3.1364512e-01
 MIN: Iter =   23  NFunc =   357  E =    -204.60494  RMSG = 1.7023970e-01
 MIN: Iter =   24  NFunc =   382  E =    -204.68187  RMSG = 2.4533583e-01
 MIN: Iter =   25  NFunc =   395  E =    -204.72375  RMSG = 1.1343003e-01
 MIN: Iter =   26  NFunc =   402  E =    -204.73439  RMSG = 7.8671178e-02
 MIN: Iter =   27  NFunc =   453  E =    -204.76754  RMSG = 2.8072360e-01
 MIN: Iter =   28  NFunc =   459  E =    -204.78211  RMSG = 7.6963406e-02
 MIN: Iter =   29  NFunc =   510  E =    -204.82620  RMSG = 1.5360650e-01
 MIN: Iter =   30  NFunc =   540  E =    -204.85105  RMSG = 1.4428669e-01
 MIN: Iter =   31  NFunc =   580  E =    -204.88209  RMSG = 2.3960426e-01
 MIN: Iter =   32  NFunc =   586  E =    -204.89209  RMSG = 6.8398992e-02
 MIN: Iter =   33  NFunc =   615  E =    -204.90541  RMSG = 2.0020485e-01
 MIN: Iter =   34  NFunc =   621  E =    -204.91250  RMSG = 5.8986207e-02
 MIN: Iter =   35  NFunc =   640  E =    -204.91727  RMSG = 4.1094018e-02
 MIN: Iter =   36  NFunc =   691  E =    -204.92513  RMSG = 1.0670404e-01
 MIN: Iter =   37  NFunc =   698  E =    -204.92725  RMSG = 3.4702201e-02
 MIN: Iter =   38  NFunc =   741  E =    -204.93420  RMSG = 4.1507797e-02
 MIN: Iter =   39  NFunc =   765  E =    -204.93944  RMSG = 7.2087137e-02
 MIN: Iter =   40  NFunc =   771  E =    -204.94075  RMSG = 2.8429813e-02
 MIN: Iter =   41  NFunc =   817  E =    -204.94405  RMSG = 3.2145804e-02
 MIN: Iter =   42  NFunc =   841  E =    -204.94641  RMSG = 4.7819204e-02
 MIN: Iter =   43  NFunc =   847  E =    -204.94694  RMSG = 1.4786058e-02
 MIN: Iter =   44  NFunc =   859  E =    -204.94722  RMSG = 9.6826559e-03
 MIN: Iter =   45  NFunc =   910  E =    -204.94787  RMSG = 1.3622582e-02
 MIN: Iter =   46  NFunc =   931  E =    -204.94807  RMSG = 5.6194815e-03
 MIN: Iter =   47  NFunc =   976  E =    -204.94833  RMSG = 4.1686552e-03
 MIN: Iter =   48  NFunc =  1027  E =    -204.94848  RMSG = 3.3711166e-03
 MIN: Iter =   49  NFunc =  1062  E =    -204.94852  RMSG = 2.2057530e-03
 MIN: Iter =   50  NFunc =  1099  E =    -204.94854  RMSG = 1.2311059e-03
 MIN: Iter =   51  NFunc =  1150  E =    -204.94856  RMSG = 2.0937452e-03
 MIN: Iter =   52  NFunc =  1184  E =    -204.94858  RMSG = 1.1127226e-03
 MIN: Iter =   53  NFunc =  1222  E =    -204.94858  RMSG = 8.7233594e-04
 MIN: Iter =   54  NFunc =  1237  E =    -204.94859  RMSG = 4.4160095e-04
----------------------------------------------------------------
 END:          :-)  E =    -204.94859  RMSG =   0.0004416

     bond:      2.783996391
    angle:     20.399644522
 dihedral:     12.317494312
    enb14:     14.201804008
    eel14:   -310.255946269
      enb:     -6.047623626
      eel:    134.482504226
      egb:    -72.830459138
    econs:      0.000000000
    esurf:      0.000000000
    Total:   -204.948585574
     frms:      0.000441601
====== rms.dat  ======================================================
#Frame      all_heavy
       1       1.0519
