====== tleap.out =====================================================
-I: Adding /home/case/amber24/dat/leap/prep to search path.
-I: Adding /home/case/amber24/dat/leap/lib to search path.
-I: Adding /home/case/amber24/dat/leap/parm to search path.
-I: Adding /home/case/amber24/dat/leap/cmd to search path.
-f: Source leap.in.

Welcome to LEaP!
(no leaprc in search path)
Sourcing: ./leap.in
Using Bondi radii
----- Source: /home/case/amber24/dat/leap/cmd/leaprc.gaff2
----- Source of /home/case/amber24/dat/leap/cmd/leaprc.gaff2 done
Log file: ./leap.log
Loading parameters: /home/case/amber24/dat/leap/parm/gaff2.dat
Reading title:
AMBER General Force Field for organic molecules (Version 2.2.20, March 2021)
Loading parameters: ./74A.frcmod
Reading force field modification type file (frcmod)
Reading title:
Remark line goes here
Loading Mol2 file: ./74A.mol2
Reading MOLECULE named 74A
Checking Unit.
Building topology.
"order_residues" off: keep input residue order.
Building atom parameters.
Building bond parameters.
Building angle parameters.
Building proper torsion parameters.
Building improper torsion parameters.
 total 24 improper torsions applied
Building H-Bond parameters.
Incorporating Non-Bonded adjustments.
Not Marking per-residue atom chain types.
Marking per-residue atom chain types.
  (Residues lacking connect0/connect1 - 
   these don't have chain types marked:

	res	total affected

	74A	1
  )
 (no restraints)
	Quit

Exiting LEaP: Errors = 0; Warnings = 0; Notes = 0.
====== min.o =========================================================
Reading parm file (74A.parm7)
title:
74A                                                                             
no velocities were found
no velocities were found
	mm_options:  ntpr=5
	mm_options:  gb=1
	mm_options:  kappa=0.10395
	mm_options:  rgbmax=99.
	mm_options:  cut=99.0
	mm_options:  wcons=0.
     bond:      3.992746543
    angle:      6.017079886
 dihedral:     62.474128917
    enb14:     24.803995562
    eel14:     91.865928196
      enb:     -9.056051436
      eel:   -105.098889148
      egb:    -37.255122656
    econs:      0.000000000
    esurf:      0.000000000
    Total:     37.743815863
     frms:      7.803136488
Starting TNCG minimisation
 MIN: Iter =    0  NFunc =     1  E =      37.74382  RMSG = 7.8031365e+00
 MIN: Iter =    1  NFunc =     7  E =      25.57304  RMSG = 2.2565439e+00
 MIN: Iter =    2  NFunc =    18  E =      21.33591  RMSG = 1.3060289e+00
 MIN: Iter =    3  NFunc =    25  E =      20.42002  RMSG = 5.7227838e-01
 MIN: Iter =    4  NFunc =    70  E =      19.36013  RMSG = 4.8771463e-01
 MIN: Iter =    5  NFunc =    92  E =      18.77424  RMSG = 4.7735410e-01
 MIN: Iter =    6  NFunc =   105  E =      18.50280  RMSG = 2.8189529e-01
 MIN: Iter =    7  NFunc =   156  E =      18.13872  RMSG = 4.5404810e-01
 MIN: Iter =    8  NFunc =   165  E =      17.86196  RMSG = 4.5403260e-01
 MIN: Iter =    9  NFunc =   182  E =      17.55047  RMSG = 4.9598962e-01
 MIN: Iter =   10  NFunc =   191  E =      17.39729  RMSG = 2.3416402e-01
 MIN: Iter =   11  NFunc =   206  E =      17.29004  RMSG = 3.6370016e-01
 MIN: Iter =   12  NFunc =   222  E =      17.22004  RMSG = 1.1945602e-01
 MIN: Iter =   13  NFunc =   273  E =      17.10985  RMSG = 3.3558296e-01
 MIN: Iter =   14  NFunc =   280  E =      17.06709  RMSG = 1.2532609e-01
 MIN: Iter =   15  NFunc =   310  E =      17.00777  RMSG = 2.7117587e-01
 MIN: Iter =   16  NFunc =   317  E =      16.98731  RMSG = 8.8383395e-02
 MIN: Iter =   17  NFunc =   368  E =      16.92202  RMSG = 4.2168377e-01
 MIN: Iter =   18  NFunc =   374  E =      16.87714  RMSG = 1.2718915e-01
 MIN: Iter =   19  NFunc =   399  E =      16.84098  RMSG = 2.9346071e-01
 MIN: Iter =   20  NFunc =   405  E =      16.82333  RMSG = 8.4897904e-02
 MIN: Iter =   21  NFunc =   443  E =      16.78562  RMSG = 2.0924072e-01
 MIN: Iter =   22  NFunc =   449  E =      16.77635  RMSG = 5.7443094e-02
 MIN: Iter =   23  NFunc =   500  E =      16.75739  RMSG = 1.0479425e-01
 MIN: Iter =   24  NFunc =   528  E =      16.74196  RMSG = 4.5400986e-02
 MIN: Iter =   25  NFunc =   579  E =      16.72408  RMSG = 1.4136359e-01
 MIN: Iter =   26  NFunc =   585  E =      16.71954  RMSG = 4.1669284e-02
 MIN: Iter =   27  NFunc =   636  E =      16.70219  RMSG = 1.1096841e-01
 MIN: Iter =   28  NFunc =   642  E =      16.69835  RMSG = 4.6521188e-02
 MIN: Iter =   29  NFunc =   693  E =      16.68090  RMSG = 1.3613090e-01
 MIN: Iter =   30  NFunc =   699  E =      16.67639  RMSG = 4.1994309e-02
 MIN: Iter =   31  NFunc =   732  E =      16.66941  RMSG = 2.7915755e-02
 MIN: Iter =   32  NFunc =   782  E =      16.66319  RMSG = 3.2808645e-02
 MIN: Iter =   33  NFunc =   809  E =      16.66124  RMSG = 1.5084173e-02
 MIN: Iter =   34  NFunc =   860  E =      16.65974  RMSG = 1.4210820e-02
 MIN: Iter =   35  NFunc =   903  E =      16.65923  RMSG = 6.8554714e-03
 MIN: Iter =   36  NFunc =   954  E =      16.65882  RMSG = 1.5527836e-02
 MIN: Iter =   37  NFunc =   964  E =      16.65874  RMSG = 4.2643406e-03
 MIN: Iter =   38  NFunc =  1006  E =      16.65856  RMSG = 4.8830667e-03
 MIN: Iter =   39  NFunc =  1057  E =      16.65846  RMSG = 2.5250054e-03
 MIN: Iter =   40  NFunc =  1108  E =      16.65842  RMSG = 2.0723428e-03
 MIN: Iter =   41  NFunc =  1141  E =      16.65840  RMSG = 1.2183850e-03
 MIN: Iter =   42  NFunc =  1192  E =      16.65838  RMSG = 1.0390725e-03
 MIN: Iter =   43  NFunc =  1229  E =      16.65838  RMSG = 7.7601489e-04
 MIN: Iter =   44  NFunc =  1280  E =      16.65837  RMSG = 7.2095709e-04
 MIN: Iter =   45  NFunc =  1291  E =      16.65837  RMSG = 5.2771618e-04
 MIN: Iter =   46  NFunc =  1319  E =      16.65837  RMSG = 4.6594108e-04
----------------------------------------------------------------
 END:          :-)  E =      16.65837  RMSG =   0.0004659

     bond:      3.459185412
    angle:      3.808829813
 dihedral:     53.914309898
    enb14:     17.515480949
    eel14:     89.326415417
      enb:     -8.811790777
      eel:   -104.147082967
      egb:    -38.406979454
    econs:      0.000000000
    esurf:      0.000000000
    Total:     16.658368291
     frms:      0.000465941
====== rms.dat  ======================================================
#Frame      all_heavy
       1       0.6503
