====== tleap.out =====================================================
-I: Adding /home/case/amber24/dat/leap/prep to search path.
-I: Adding /home/case/amber24/dat/leap/lib to search path.
-I: Adding /home/case/amber24/dat/leap/parm to search path.
-I: Adding /home/case/amber24/dat/leap/cmd to search path.
-f: Source leap.in.

Welcome to LEaP!
(no leaprc in search path)
Sourcing: ./leap.in
Using Bondi radii
----- Source: /home/case/amber24/dat/leap/cmd/leaprc.gaff2
----- Source of /home/case/amber24/dat/leap/cmd/leaprc.gaff2 done
Log file: ./leap.log
Loading parameters: /home/case/amber24/dat/leap/parm/gaff2.dat
Reading title:
AMBER General Force Field for organic molecules (Version 2.2.20, March 2021)
Loading parameters: ./75U.frcmod
Reading force field modification type file (frcmod)
Reading title:
Remark line goes here
Loading Mol2 file: ./75U.mol2
Reading MOLECULE named 75U
Checking Unit.
Building topology.
"order_residues" off: keep input residue order.
Building atom parameters.
Building bond parameters.
Building angle parameters.
Building proper torsion parameters.
Building improper torsion parameters.
 total 16 improper torsions applied
Building H-Bond parameters.
Incorporating Non-Bonded adjustments.
Not Marking per-residue atom chain types.
Marking per-residue atom chain types.
  (Residues lacking connect0/connect1 - 
   these don't have chain types marked:

	res	total affected

	75U	1
  )
 (no restraints)
	Quit

Exiting LEaP: Errors = 0; Warnings = 0; Notes = 0.
====== min.o =========================================================
Reading parm file (75U.parm7)
title:
75U                                                                             
no velocities were found
no velocities were found
	mm_options:  ntpr=5
	mm_options:  gb=1
	mm_options:  kappa=0.10395
	mm_options:  rgbmax=99.
	mm_options:  cut=99.0
	mm_options:  wcons=0.
     bond:      2.543135730
    angle:     18.652647039
 dihedral:     16.127057258
    enb14:     12.437413014
    eel14:    -44.297370409
      enb:     -2.828557792
      eel:     21.495370178
      egb:    -19.568209138
    econs:      0.000000000
    esurf:      0.000000000
    Total:      4.561485880
     frms:      9.050279406
Starting TNCG minimisation
 MIN: Iter =    0  NFunc =     1  E =       4.56149  RMSG = 9.0502794e+00
 MIN: Iter =    1  NFunc =     7  E =      -5.76837  RMSG = 3.9621360e+00
 MIN: Iter =    2  NFunc =    17  E =      -9.97498  RMSG = 2.1587151e+00
 MIN: Iter =    3  NFunc =    31  E =     -11.88327  RMSG = 1.3164020e+00
 MIN: Iter =    4  NFunc =    55  E =     -12.77260  RMSG = 7.7133189e-01
 MIN: Iter =    5  NFunc =    65  E =     -13.02473  RMSG = 4.0547839e-01
 MIN: Iter =    6  NFunc =    85  E =     -13.25587  RMSG = 5.4161966e-01
 MIN: Iter =    7  NFunc =   109  E =     -13.45378  RMSG = 4.8591367e-01
 MIN: Iter =    8  NFunc =   115  E =     -13.49017  RMSG = 1.5514409e-01
 MIN: Iter =    9  NFunc =   166  E =     -13.57586  RMSG = 6.9061434e-01
 MIN: Iter =   10  NFunc =   172  E =     -13.64011  RMSG = 1.4585189e-01
 MIN: Iter =   11  NFunc =   197  E =     -13.67659  RMSG = 2.0513450e-01
 MIN: Iter =   12  NFunc =   210  E =     -13.71477  RMSG = 2.5359813e-01
 MIN: Iter =   13  NFunc =   216  E =     -13.74285  RMSG = 1.4872936e-01
 MIN: Iter =   14  NFunc =   229  E =     -13.76225  RMSG = 1.6490068e-01
 MIN: Iter =   15  NFunc =   236  E =     -13.78261  RMSG = 3.1323479e-01
 MIN: Iter =   16  NFunc =   242  E =     -13.79731  RMSG = 9.2037398e-02
 MIN: Iter =   17  NFunc =   248  E =     -13.80426  RMSG = 1.6906789e-01
 MIN: Iter =   18  NFunc =   254  E =     -13.80864  RMSG = 6.7639888e-02
 MIN: Iter =   19  NFunc =   282  E =     -13.81994  RMSG = 7.5717342e-02
 MIN: Iter =   20  NFunc =   312  E =     -13.82409  RMSG = 2.8920990e-02
 MIN: Iter =   21  NFunc =   340  E =     -13.82614  RMSG = 2.5950569e-02
 MIN: Iter =   22  NFunc =   391  E =     -13.82740  RMSG = 2.0089308e-02
 MIN: Iter =   23  NFunc =   442  E =     -13.82887  RMSG = 7.2898906e-02
 MIN: Iter =   24  NFunc =   448  E =     -13.83006  RMSG = 3.3596604e-02
 MIN: Iter =   25  NFunc =   500  E =     -13.83224  RMSG = 5.4337643e-02
 MIN: Iter =   26  NFunc =   506  E =     -13.83345  RMSG = 2.7713456e-02
 MIN: Iter =   27  NFunc =   529  E =     -13.83500  RMSG = 3.7679540e-02
 MIN: Iter =   28  NFunc =   541  E =     -13.83653  RMSG = 3.4282303e-02
 MIN: Iter =   29  NFunc =   548  E =     -13.83712  RMSG = 1.6424149e-02
 MIN: Iter =   30  NFunc =   558  E =     -13.83755  RMSG = 1.6477531e-02
 MIN: Iter =   31  NFunc =   568  E =     -13.83791  RMSG = 2.4955043e-02
 MIN: Iter =   32  NFunc =   574  E =     -13.83812  RMSG = 1.1553302e-02
 MIN: Iter =   33  NFunc =   581  E =     -13.83828  RMSG = 1.5592977e-02
 MIN: Iter =   34  NFunc =   601  E =     -13.83861  RMSG = 7.9810050e-03
 MIN: Iter =   35  NFunc =   633  E =     -13.83887  RMSG = 7.0429134e-03
 MIN: Iter =   36  NFunc =   671  E =     -13.83912  RMSG = 7.0158747e-03
 MIN: Iter =   37  NFunc =   677  E =     -13.83913  RMSG = 3.9483505e-03
 MIN: Iter =   38  NFunc =   689  E =     -13.83914  RMSG = 1.8159419e-03
 MIN: Iter =   39  NFunc =   702  E =     -13.83914  RMSG = 1.0812940e-03
 MIN: Iter =   40  NFunc =   712  E =     -13.83915  RMSG = 7.3869143e-04
 MIN: Iter =   41  NFunc =   746  E =     -13.83915  RMSG = 4.2576414e-04
----------------------------------------------------------------
 END:          :-)  E =     -13.83915  RMSG =   0.0004258

     bond:      2.286444565
    angle:     14.805001920
 dihedral:      9.352316251
    enb14:      8.781907109
    eel14:    -43.934015216
      enb:     -5.568091020
      eel:     20.760737043
      egb:    -20.323447948
    econs:      0.000000000
    esurf:      0.000000000
    Total:    -13.839147295
     frms:      0.000425764
====== rms.dat  ======================================================
#Frame      all_heavy
       1       0.3669
