====== tleap.out =====================================================
-I: Adding /home/case/amber24/dat/leap/prep to search path.
-I: Adding /home/case/amber24/dat/leap/lib to search path.
-I: Adding /home/case/amber24/dat/leap/parm to search path.
-I: Adding /home/case/amber24/dat/leap/cmd to search path.
-f: Source leap.in.

Welcome to LEaP!
(no leaprc in search path)
Sourcing: ./leap.in
Using Bondi radii
----- Source: /home/case/amber24/dat/leap/cmd/leaprc.gaff2
----- Source of /home/case/amber24/dat/leap/cmd/leaprc.gaff2 done
Log file: ./leap.log
Loading parameters: /home/case/amber24/dat/leap/parm/gaff2.dat
Reading title:
AMBER General Force Field for organic molecules (Version 2.2.20, March 2021)
Loading parameters: ./78I.frcmod
Reading force field modification type file (frcmod)
Reading title:
Remark line goes here
Loading Mol2 file: ./78I.mol2
Reading MOLECULE named 78I
Checking Unit.

/home/case/amber24/bin/teLeap: Warning!
The unperturbed charge of the unit (-0.999000) is not zero.

/home/case/amber24/bin/teLeap: Note.
Ignoring the warning from Unit Checking.

Building topology.
"order_residues" off: keep input residue order.
Building atom parameters.
Building bond parameters.
Building angle parameters.
Building proper torsion parameters.

/home/case/amber24/bin/teLeap: Note.
1-4: angle 6 9 duplicates bond ('triangular' bond) or angle ('square' bond)


/home/case/amber24/bin/teLeap: Note.
1-4: angle 6 8 duplicates bond ('triangular' bond) or angle ('square' bond)


/home/case/amber24/bin/teLeap: Note.
1-4: angle 8 9 duplicates bond ('triangular' bond) or angle ('square' bond)

Building improper torsion parameters.
 total 1 improper torsion applied
Building H-Bond parameters.
Incorporating Non-Bonded adjustments.
Not Marking per-residue atom chain types.
Marking per-residue atom chain types.
  (Residues lacking connect0/connect1 - 
   these don't have chain types marked:

	res	total affected

	78I	1
  )
 (no restraints)
	Quit

Exiting LEaP: Errors = 0; Warnings = 1; Notes = 4.
====== min.o =========================================================
Reading parm file (78I.parm7)
title:
78I                                                                             
no velocities were found
no velocities were found
	mm_options:  ntpr=5
	mm_options:  gb=1
	mm_options:  kappa=0.10395
	mm_options:  rgbmax=99.
	mm_options:  cut=99.0
	mm_options:  wcons=0.
     bond:      1.366468765
    angle:      5.468636352
 dihedral:     12.749734509
    enb14:      3.603668986
    eel14:     95.892869541
      enb:      0.711047904
      eel:    -55.458610187
      egb:    -76.936833342
    econs:      0.000000000
    esurf:      0.000000000
    Total:    -12.603017472
     frms:     11.120370788
Starting TNCG minimisation
 MIN: Iter =    0  NFunc =     1  E =     -12.60302  RMSG = 1.1120371e+01
 MIN: Iter =    1  NFunc =     8  E =     -19.07202  RMSG = 3.2942468e+00
 MIN: Iter =    2  NFunc =    15  E =     -19.71972  RMSG = 1.1336105e+00
 MIN: Iter =    3  NFunc =    29  E =     -20.02257  RMSG = 2.2935073e+00
 MIN: Iter =    4  NFunc =    35  E =     -20.13853  RMSG = 3.7273029e-01
 MIN: Iter =    5  NFunc =    54  E =     -20.23239  RMSG = 8.8849806e-01
 MIN: Iter =    6  NFunc =    61  E =     -20.28234  RMSG = 9.0235717e-01
 MIN: Iter =    7  NFunc =    67  E =     -20.31522  RMSG = 3.3237004e-01
 MIN: Iter =    8  NFunc =    78  E =     -20.33436  RMSG = 5.0198203e-01
 MIN: Iter =    9  NFunc =    84  E =     -20.33898  RMSG = 8.6810148e-02
 MIN: Iter =   10  NFunc =    92  E =     -20.34020  RMSG = 5.0802846e-02
 MIN: Iter =   11  NFunc =   103  E =     -20.34072  RMSG = 2.4920009e-02
 MIN: Iter =   12  NFunc =   131  E =     -20.34160  RMSG = 9.6968238e-02
 MIN: Iter =   13  NFunc =   137  E =     -20.34212  RMSG = 5.6593198e-02
 MIN: Iter =   14  NFunc =   153  E =     -20.34263  RMSG = 7.3828814e-02
 MIN: Iter =   15  NFunc =   160  E =     -20.34312  RMSG = 1.8229321e-01
 MIN: Iter =   16  NFunc =   166  E =     -20.34388  RMSG = 4.8721553e-02
 MIN: Iter =   17  NFunc =   173  E =     -20.34432  RMSG = 1.1037592e-01
 MIN: Iter =   18  NFunc =   180  E =     -20.34498  RMSG = 1.6944747e-01
 MIN: Iter =   19  NFunc =   187  E =     -20.34591  RMSG = 1.7360935e-01
 MIN: Iter =   20  NFunc =   194  E =     -20.34746  RMSG = 2.5878481e-01
 MIN: Iter =   21  NFunc =   201  E =     -20.35041  RMSG = 3.6544051e-01
 MIN: Iter =   22  NFunc =   208  E =     -20.35627  RMSG = 5.3485365e-01
 MIN: Iter =   23  NFunc =   215  E =     -20.36530  RMSG = 5.5325550e-01
 MIN: Iter =   24  NFunc =   222  E =     -20.37923  RMSG = 7.8774607e-01
 MIN: Iter =   25  NFunc =   229  E =     -20.40121  RMSG = 8.4939428e-01
 MIN: Iter =   26  NFunc =   236  E =     -20.43544  RMSG = 1.2955674e+00
 MIN: Iter =   27  NFunc =   242  E =     -20.50741  RMSG = 1.8502396e+00
 MIN: Iter =   28  NFunc =   248  E =     -20.63823  RMSG = 1.5365164e+00
 MIN: Iter =   29  NFunc =   255  E =     -20.73413  RMSG = 1.6591685e+00
 MIN: Iter =   30  NFunc =   262  E =     -20.85016  RMSG = 1.7895298e+00
 MIN: Iter =   31  NFunc =   269  E =     -20.99462  RMSG = 1.9638100e+00
 MIN: Iter =   32  NFunc =   276  E =     -21.17565  RMSG = 2.2100459e+00
 MIN: Iter =   33  NFunc =   282  E =     -21.42441  RMSG = 4.2114353e+00
 MIN: Iter =   34  NFunc =   288  E =     -21.81835  RMSG = 1.0144629e+00
 MIN: Iter =   35  NFunc =   295  E =     -21.95896  RMSG = 1.3771829e+00
 MIN: Iter =   36  NFunc =   302  E =     -22.10328  RMSG = 1.5848881e+00
 MIN: Iter =   37  NFunc =   309  E =     -22.27251  RMSG = 1.8267887e+00
 MIN: Iter =   38  NFunc =   315  E =     -22.46718  RMSG = 2.2823940e+00
 MIN: Iter =   39  NFunc =   321  E =     -22.58909  RMSG = 5.4460711e-01
 MIN: Iter =   40  NFunc =   327  E =     -22.62428  RMSG = 7.2006414e-01
 MIN: Iter =   41  NFunc =   337  E =     -22.63871  RMSG = 1.8924159e-01
 MIN: Iter =   42  NFunc =   348  E =     -22.64462  RMSG = 9.3938857e-02
 MIN: Iter =   43  NFunc =   356  E =     -22.64565  RMSG = 4.7222287e-02
 MIN: Iter =   44  NFunc =   373  E =     -22.64675  RMSG = 3.0545424e-02
 MIN: Iter =   45  NFunc =   389  E =     -22.64717  RMSG = 2.1864977e-02
 MIN: Iter =   46  NFunc =   395  E =     -22.64721  RMSG = 1.0841494e-02
 MIN: Iter =   47  NFunc =   402  E =     -22.64723  RMSG = 5.0934735e-03
 MIN: Iter =   48  NFunc =   408  E =     -22.64723  RMSG = 2.2753966e-03
 MIN: Iter =   49  NFunc =   422  E =     -22.64724  RMSG = 1.0061345e-03
 MIN: Iter =   50  NFunc =   430  E =     -22.64724  RMSG = 4.1101616e-04
----------------------------------------------------------------
 END:          :-)  E =     -22.64724  RMSG =   0.0004110

     bond:      1.249903305
    angle:      3.941895607
 dihedral:     12.763386984
    enb14:      1.570099424
    eel14:     90.259510001
      enb:     -0.537669923
      eel:    -58.495651700
      egb:    -73.398709746
    econs:      0.000000000
    esurf:      0.000000000
    Total:    -22.647236049
     frms:      0.000411016
====== rms.dat  ======================================================
#Frame      all_heavy
       1       0.1432
