====== tleap.out =====================================================
-I: Adding /home/case/amber24/dat/leap/prep to search path.
-I: Adding /home/case/amber24/dat/leap/lib to search path.
-I: Adding /home/case/amber24/dat/leap/parm to search path.
-I: Adding /home/case/amber24/dat/leap/cmd to search path.
-f: Source leap.in.

Welcome to LEaP!
(no leaprc in search path)
Sourcing: ./leap.in
Using Bondi radii
----- Source: /home/case/amber24/dat/leap/cmd/leaprc.gaff2
----- Source of /home/case/amber24/dat/leap/cmd/leaprc.gaff2 done
Log file: ./leap.log
Loading parameters: /home/case/amber24/dat/leap/parm/gaff2.dat
Reading title:
AMBER General Force Field for organic molecules (Version 2.2.20, March 2021)
Loading parameters: ./78T.frcmod
Reading force field modification type file (frcmod)
Reading title:
Remark line goes here
Loading Mol2 file: ./78T.mol2
Reading MOLECULE named 78T
Checking Unit.

/home/case/amber24/bin/teLeap: Warning!
The unperturbed charge of the unit (-2.000000) is not zero.

/home/case/amber24/bin/teLeap: Note.
Ignoring the warning from Unit Checking.

Building topology.
"order_residues" off: keep input residue order.
Building atom parameters.
Building bond parameters.
Building angle parameters.
Building proper torsion parameters.
Building improper torsion parameters.
 total 0 improper torsions applied
Building H-Bond parameters.
Incorporating Non-Bonded adjustments.
Not Marking per-residue atom chain types.
Marking per-residue atom chain types.
  (Residues lacking connect0/connect1 - 
   these don't have chain types marked:

	res	total affected

	78T	1
  )
 (no restraints)
	Quit

Exiting LEaP: Errors = 0; Warnings = 1; Notes = 1.
====== min.o =========================================================
Reading parm file (78T.parm7)
title:
78T                                                                             
no velocities were found
no velocities were found
	mm_options:  ntpr=5
	mm_options:  gb=1
	mm_options:  kappa=0.10395
	mm_options:  rgbmax=99.
	mm_options:  cut=99.0
	mm_options:  wcons=0.
     bond:      3.626455018
    angle:      7.119074111
 dihedral:      0.000000000
    enb14:      0.000000000
    eel14:      0.000000000
      enb:      0.000000000
      eel:      0.000000000
      egb:   -273.614194983
    econs:      0.000000000
    esurf:      0.000000000
    Total:   -262.868665854
     frms:     23.053255872
Starting TNCG minimisation
 MIN: Iter =    0  NFunc =     1  E =    -262.86867  RMSG = 2.3053256e+01
 MIN: Iter =    1  NFunc =     7  E =    -267.89740  RMSG = 9.9318174e-01
 MIN: Iter =    2  NFunc =    13  E =    -267.91215  RMSG = 7.9547009e-03
 MIN: Iter =    3  NFunc =    19  E =    -267.91215  RMSG = 1.1683402e-07
----------------------------------------------------------------
 END:          :-)  E =    -267.91215  RMSG =   0.0000001

     bond:      0.001045594
    angle:      7.255753764
 dihedral:      0.000000000
    enb14:      0.000000000
    eel14:      0.000000000
      enb:      0.000000000
      eel:      0.000000000
      egb:   -275.168954168
    econs:      0.000000000
    esurf:      0.000000000
    Total:   -267.912154810
     frms:      0.000000117
====== rms.dat  ======================================================
#Frame      all_heavy
       1       0.0659
