====== tleap.out =====================================================
-I: Adding /home/case/amber24/dat/leap/prep to search path.
-I: Adding /home/case/amber24/dat/leap/lib to search path.
-I: Adding /home/case/amber24/dat/leap/parm to search path.
-I: Adding /home/case/amber24/dat/leap/cmd to search path.
-f: Source leap.in.

Welcome to LEaP!
(no leaprc in search path)
Sourcing: ./leap.in
Using Bondi radii
----- Source: /home/case/amber24/dat/leap/cmd/leaprc.gaff2
----- Source of /home/case/amber24/dat/leap/cmd/leaprc.gaff2 done
Log file: ./leap.log
Loading parameters: /home/case/amber24/dat/leap/parm/gaff2.dat
Reading title:
AMBER General Force Field for organic molecules (Version 2.2.20, March 2021)
Loading parameters: ./79P.frcmod
Reading force field modification type file (frcmod)
Reading title:
Remark line goes here
Loading Mol2 file: ./79P.mol2
Reading MOLECULE named 79P
Checking Unit.
Building topology.
"order_residues" off: keep input residue order.
Building atom parameters.
Building bond parameters.
Building angle parameters.
Building proper torsion parameters.
Building improper torsion parameters.
 total 21 improper torsions applied
Building H-Bond parameters.
Incorporating Non-Bonded adjustments.
Not Marking per-residue atom chain types.
Marking per-residue atom chain types.
  (Residues lacking connect0/connect1 - 
   these don't have chain types marked:

	res	total affected

	79P	1
  )
 (no restraints)
	Quit

Exiting LEaP: Errors = 0; Warnings = 0; Notes = 0.
====== min.o =========================================================
Reading parm file (79P.parm7)
title:
79P                                                                             
no velocities were found
no velocities were found
	mm_options:  ntpr=5
	mm_options:  gb=1
	mm_options:  kappa=0.10395
	mm_options:  rgbmax=99.
	mm_options:  cut=99.0
	mm_options:  wcons=0.
     bond:      3.950411328
    angle:     19.187934078
 dihedral:     30.781131068
    enb14:     20.813336788
    eel14:    271.223703084
      enb:    -15.239793889
      eel:   -236.770773912
      egb:    -48.125049787
    econs:      0.000000000
    esurf:      0.000000000
    Total:     45.820898759
     frms:      9.364814452
Starting TNCG minimisation
 MIN: Iter =    0  NFunc =     1  E =      45.82090  RMSG = 9.3648145e+00
 MIN: Iter =    1  NFunc =     7  E =      31.36094  RMSG = 2.5894924e+00
 MIN: Iter =    2  NFunc =    17  E =      26.52316  RMSG = 1.2630139e+00
 MIN: Iter =    3  NFunc =    27  E =      25.19375  RMSG = 7.1643731e-01
 MIN: Iter =    4  NFunc =    78  E =      24.24270  RMSG = 9.3241458e-01
 MIN: Iter =    5  NFunc =    95  E =      23.43992  RMSG = 8.8189590e-01
 MIN: Iter =    6  NFunc =   106  E =      23.06058  RMSG = 3.1575932e-01
 MIN: Iter =    7  NFunc =   157  E =      22.72156  RMSG = 6.2346595e-01
 MIN: Iter =    8  NFunc =   164  E =      22.61903  RMSG = 2.0547689e-01
 MIN: Iter =    9  NFunc =   186  E =      22.44255  RMSG = 3.0036551e-01
 MIN: Iter =   10  NFunc =   197  E =      22.36421  RMSG = 1.8994003e-01
 MIN: Iter =   11  NFunc =   203  E =      22.33844  RMSG = 1.0724865e-01
 MIN: Iter =   12  NFunc =   254  E =      22.23465  RMSG = 9.0649458e-01
 MIN: Iter =   13  NFunc =   260  E =      22.12552  RMSG = 2.3517509e-01
 MIN: Iter =   14  NFunc =   287  E =      22.03471  RMSG = 6.1631176e-01
 MIN: Iter =   15  NFunc =   293  E =      21.91184  RMSG = 8.7904570e-01
 MIN: Iter =   16  NFunc =   299  E =      21.73616  RMSG = 6.9366468e-01
 MIN: Iter =   17  NFunc =   305  E =      21.59149  RMSG = 1.2150409e+00
 MIN: Iter =   18  NFunc =   311  E =      21.41781  RMSG = 3.1624319e-01
 MIN: Iter =   19  NFunc =   319  E =      21.30486  RMSG = 6.0657136e-01
 MIN: Iter =   20  NFunc =   325  E =      21.19631  RMSG = 4.3913421e-01
 MIN: Iter =   21  NFunc =   376  E =      21.00426  RMSG = 4.8563350e-01
 MIN: Iter =   22  NFunc =   384  E =      20.88103  RMSG = 2.7948937e-01
 MIN: Iter =   23  NFunc =   397  E =      20.77092  RMSG = 4.8503961e-01
 MIN: Iter =   24  NFunc =   407  E =      20.68675  RMSG = 1.4396991e-01
 MIN: Iter =   25  NFunc =   456  E =      20.54820  RMSG = 2.6088260e-01
 MIN: Iter =   26  NFunc =   466  E =      20.51278  RMSG = 1.0134663e-01
 MIN: Iter =   27  NFunc =   485  E =      20.47669  RMSG = 1.6753681e-01
 MIN: Iter =   28  NFunc =   507  E =      20.45564  RMSG = 7.8320160e-02
 MIN: Iter =   29  NFunc =   558  E =      20.42853  RMSG = 3.1739417e-01
 MIN: Iter =   30  NFunc =   564  E =      20.40809  RMSG = 7.1753792e-02
 MIN: Iter =   31  NFunc =   586  E =      20.39640  RMSG = 4.0372603e-02
 MIN: Iter =   32  NFunc =   637  E =      20.38784  RMSG = 3.6223521e-02
 MIN: Iter =   33  NFunc =   688  E =      20.37897  RMSG = 3.3330319e-02
 MIN: Iter =   34  NFunc =   739  E =      20.37024  RMSG = 5.5398822e-02
 MIN: Iter =   35  NFunc =   767  E =      20.36343  RMSG = 3.3773080e-02
 MIN: Iter =   36  NFunc =   818  E =      20.35955  RMSG = 3.2752338e-02
 MIN: Iter =   37  NFunc =   869  E =      20.35510  RMSG = 5.0736087e-02
 MIN: Iter =   38  NFunc =   885  E =      20.35282  RMSG = 2.1924722e-02
 MIN: Iter =   39  NFunc =   937  E =      20.34982  RMSG = 3.2348378e-02
 MIN: Iter =   40  NFunc =   966  E =      20.34663  RMSG = 4.7108811e-02
 MIN: Iter =   41  NFunc =   981  E =      20.34258  RMSG = 6.2990133e-02
 MIN: Iter =   42  NFunc =   989  E =      20.33750  RMSG = 1.2017771e-01
 MIN: Iter =   43  NFunc =   996  E =      20.33015  RMSG = 6.3868313e-02
 MIN: Iter =   44  NFunc =  1008  E =      20.32465  RMSG = 8.2882654e-02
 MIN: Iter =   45  NFunc =  1014  E =      20.31628  RMSG = 1.7559056e-01
 MIN: Iter =   46  NFunc =  1020  E =      20.29561  RMSG = 8.6431166e-02
 MIN: Iter =   47  NFunc =  1026  E =      20.28295  RMSG = 2.0567430e-01
 MIN: Iter =   48  NFunc =  1032  E =      20.25563  RMSG = 1.1124506e-01
 MIN: Iter =   49  NFunc =  1038  E =      20.23478  RMSG = 2.1963651e-01
 MIN: Iter =   50  NFunc =  1045  E =      20.19402  RMSG = 2.0660524e-01
 MIN: Iter =   51  NFunc =  1051  E =      20.15625  RMSG = 1.9380825e-01
 MIN: Iter =   52  NFunc =  1058  E =      20.11314  RMSG = 2.2748920e-01
 MIN: Iter =   53  NFunc =  1064  E =      20.06369  RMSG = 1.9162827e-01
 MIN: Iter =   54  NFunc =  1070  E =      20.01943  RMSG = 2.0763951e-01
 MIN: Iter =   55  NFunc =  1077  E =      19.98272  RMSG = 1.6402509e-01
 MIN: Iter =   56  NFunc =  1087  E =      19.94771  RMSG = 2.0279684e-01
 MIN: Iter =   57  NFunc =  1094  E =      19.92041  RMSG = 1.1291935e-01
 MIN: Iter =   58  NFunc =  1100  E =      19.90176  RMSG = 1.0930267e-01
 MIN: Iter =   59  NFunc =  1138  E =      19.84520  RMSG = 1.7363656e-01
 MIN: Iter =   60  NFunc =  1165  E =      19.79984  RMSG = 1.2297343e-01
 MIN: Iter =   61  NFunc =  1201  E =      19.77145  RMSG = 8.8798204e-02
 MIN: Iter =   62  NFunc =  1241  E =      19.75056  RMSG = 1.3307458e-01
 MIN: Iter =   63  NFunc =  1248  E =      19.74579  RMSG = 4.4004930e-02
 MIN: Iter =   64  NFunc =  1283  E =      19.73419  RMSG = 1.4315019e-01
 MIN: Iter =   65  NFunc =  1289  E =      19.72918  RMSG = 3.4271170e-02
 MIN: Iter =   66  NFunc =  1340  E =      19.72135  RMSG = 1.4978724e-01
 MIN: Iter =   67  NFunc =  1346  E =      19.71582  RMSG = 4.0095863e-02
 MIN: Iter =   68  NFunc =  1382  E =      19.71044  RMSG = 2.6527525e-02
 MIN: Iter =   69  NFunc =  1433  E =      19.70574  RMSG = 2.6762453e-02
 MIN: Iter =   70  NFunc =  1484  E =      19.70117  RMSG = 3.0204275e-02
 MIN: Iter =   71  NFunc =  1509  E =      19.69939  RMSG = 1.5083680e-02
 MIN: Iter =   72  NFunc =  1538  E =      19.69834  RMSG = 1.0255403e-02
 MIN: Iter =   73  NFunc =  1589  E =      19.69734  RMSG = 1.2266285e-02
 MIN: Iter =   74  NFunc =  1640  E =      19.69551  RMSG = 2.0226558e-02
 MIN: Iter =   75  NFunc =  1686  E =      19.69378  RMSG = 1.3741904e-02
 MIN: Iter =   76  NFunc =  1736  E =      19.69304  RMSG = 6.8285538e-03
 MIN: Iter =   77  NFunc =  1787  E =      19.69262  RMSG = 6.1036930e-03
 MIN: Iter =   78  NFunc =  1838  E =      19.69245  RMSG = 3.0492979e-03
 MIN: Iter =   79  NFunc =  1871  E =      19.69237  RMSG = 2.1044660e-03
 MIN: Iter =   80  NFunc =  1922  E =      19.69229  RMSG = 2.0502513e-03
 MIN: Iter =   81  NFunc =  1969  E =      19.69227  RMSG = 1.4577362e-03
 MIN: Iter =   82  NFunc =  2020  E =      19.69225  RMSG = 8.3920882e-04
 MIN: Iter =   83  NFunc =  2071  E =      19.69225  RMSG = 1.1886617e-03
 MIN: Iter =   84  NFunc =  2090  E =      19.69224  RMSG = 5.3073788e-04
 MIN: Iter =   85  NFunc =  2141  E =      19.69224  RMSG = 5.2321240e-04
 MIN: Iter =   86  NFunc =  2187  E =      19.69224  RMSG = 3.8273470e-04
----------------------------------------------------------------
 END:          :-)  E =      19.69224  RMSG =   0.0003827

     bond:      4.506883377
    angle:     14.022844407
 dihedral:     28.280824730
    enb14:     13.957306643
    eel14:    260.358152484
      enb:    -17.718935498
      eel:   -230.268884164
      egb:    -53.445952836
    econs:      0.000000000
    esurf:      0.000000000
    Total:     19.692239142
     frms:      0.000382735
====== rms.dat  ======================================================
#Frame      all_heavy
       1       1.3173
