====== tleap.out =====================================================
-I: Adding /home/case/amber24/dat/leap/prep to search path.
-I: Adding /home/case/amber24/dat/leap/lib to search path.
-I: Adding /home/case/amber24/dat/leap/parm to search path.
-I: Adding /home/case/amber24/dat/leap/cmd to search path.
-f: Source leap.in.

Welcome to LEaP!
(no leaprc in search path)
Sourcing: ./leap.in
Using Bondi radii
----- Source: /home/case/amber24/dat/leap/cmd/leaprc.gaff2
----- Source of /home/case/amber24/dat/leap/cmd/leaprc.gaff2 done
Log file: ./leap.log
Loading parameters: /home/case/amber24/dat/leap/parm/gaff2.dat
Reading title:
AMBER General Force Field for organic molecules (Version 2.2.20, March 2021)
Loading parameters: ./7AY.frcmod
Reading force field modification type file (frcmod)
Reading title:
Remark line goes here
Loading Mol2 file: ./7AY.mol2
Reading MOLECULE named 7AY
Checking Unit.
Building topology.
"order_residues" off: keep input residue order.
Building atom parameters.
Building bond parameters.
Building angle parameters.
Building proper torsion parameters.
Building improper torsion parameters.
 total 22 improper torsions applied
Building H-Bond parameters.
Incorporating Non-Bonded adjustments.
Not Marking per-residue atom chain types.
Marking per-residue atom chain types.
  (Residues lacking connect0/connect1 - 
   these don't have chain types marked:

	res	total affected

	7AY	1
  )
 (no restraints)
	Quit

Exiting LEaP: Errors = 0; Warnings = 0; Notes = 0.
====== min.o =========================================================
Reading parm file (7AY.parm7)
title:
7AY                                                                             
no velocities were found
no velocities were found
	mm_options:  ntpr=5
	mm_options:  gb=1
	mm_options:  kappa=0.10395
	mm_options:  rgbmax=99.
	mm_options:  cut=99.0
	mm_options:  wcons=0.
     bond:      4.304038626
    angle:      4.658918520
 dihedral:     15.070565396
    enb14:     19.430975296
    eel14:   -129.432666848
      enb:     -4.401439560
      eel:      5.793220432
      egb:    -27.661745466
    econs:      0.000000000
    esurf:      0.000000000
    Total:   -112.238133605
     frms:     10.269576823
Starting TNCG minimisation
 MIN: Iter =    0  NFunc =     1  E =    -112.23813  RMSG = 1.0269577e+01
 MIN: Iter =    1  NFunc =     7  E =    -122.68822  RMSG = 2.3663080e+00
 MIN: Iter =    2  NFunc =    13  E =    -123.71617  RMSG = 3.0903810e+00
 MIN: Iter =    3  NFunc =    19  E =    -124.70580  RMSG = 8.7149657e-01
 MIN: Iter =    4  NFunc =    29  E =    -125.21402  RMSG = 4.8035680e-01
 MIN: Iter =    5  NFunc =    37  E =    -125.31372  RMSG = 7.9445075e-01
 MIN: Iter =    6  NFunc =    59  E =    -125.70597  RMSG = 1.5011589e+00
 MIN: Iter =    7  NFunc =    65  E =    -125.96825  RMSG = 3.4499181e-01
 MIN: Iter =    8  NFunc =    77  E =    -126.00863  RMSG = 4.2918492e-01
 MIN: Iter =    9  NFunc =    93  E =    -126.12535  RMSG = 3.9334435e-01
 MIN: Iter =   10  NFunc =   101  E =    -126.21427  RMSG = 1.0082438e+00
 MIN: Iter =   11  NFunc =   107  E =    -126.32531  RMSG = 2.1289980e-01
 MIN: Iter =   12  NFunc =   114  E =    -126.35389  RMSG = 1.9068484e-01
 MIN: Iter =   13  NFunc =   124  E =    -126.39250  RMSG = 3.5365726e-01
 MIN: Iter =   14  NFunc =   148  E =    -126.46771  RMSG = 1.6319819e-01
 MIN: Iter =   15  NFunc =   200  E =    -126.51586  RMSG = 2.3169559e-01
 MIN: Iter =   16  NFunc =   214  E =    -126.54499  RMSG = 1.1884690e-01
 MIN: Iter =   17  NFunc =   250  E =    -126.56267  RMSG = 2.5849471e-01
 MIN: Iter =   18  NFunc =   256  E =    -126.56932  RMSG = 6.0144322e-02
 MIN: Iter =   19  NFunc =   308  E =    -126.57199  RMSG = 6.2410374e-02
 MIN: Iter =   20  NFunc =   337  E =    -126.58229  RMSG = 1.8475219e-01
 MIN: Iter =   21  NFunc =   343  E =    -126.58752  RMSG = 4.6411164e-02
 MIN: Iter =   22  NFunc =   382  E =    -126.58782  RMSG = 5.5926695e-02
 MIN: Iter =   23  NFunc =   392  E =    -126.58900  RMSG = 2.7525001e-02
 MIN: Iter =   24  NFunc =   421  E =    -126.59027  RMSG = 1.9865003e-02
 MIN: Iter =   25  NFunc =   444  E =    -126.59060  RMSG = 6.4890851e-03
 MIN: Iter =   26  NFunc =   481  E =    -126.59074  RMSG = 3.8887680e-03
 MIN: Iter =   27  NFunc =   506  E =    -126.59077  RMSG = 2.0362108e-03
 MIN: Iter =   28  NFunc =   512  E =    -126.59077  RMSG = 1.4833060e-03
 MIN: Iter =   29  NFunc =   541  E =    -126.59077  RMSG = 1.0464411e-03
 MIN: Iter =   30  NFunc =   564  E =    -126.59077  RMSG = 5.3343488e-04
 MIN: Iter =   31  NFunc =   615  E =    -126.59078  RMSG = 5.9460505e-04
 MIN: Iter =   32  NFunc =   647  E =    -126.59078  RMSG = 3.4546453e-04
----------------------------------------------------------------
 END:          :-)  E =    -126.59078  RMSG =   0.0003455

     bond:      2.127840613
    angle:      3.239611715
 dihedral:     13.596815191
    enb14:     14.501123111
    eel14:   -132.704423709
      enb:     -6.617492191
      eel:      7.542084313
      egb:    -28.276335165
    econs:      0.000000000
    esurf:      0.000000000
    Total:   -126.590776121
     frms:      0.000345465
====== rms.dat  ======================================================
#Frame      all_heavy
       1       0.2064
