====== tleap.out =====================================================
-I: Adding /home/case/amber24/dat/leap/prep to search path.
-I: Adding /home/case/amber24/dat/leap/lib to search path.
-I: Adding /home/case/amber24/dat/leap/parm to search path.
-I: Adding /home/case/amber24/dat/leap/cmd to search path.
-f: Source leap.in.

Welcome to LEaP!
(no leaprc in search path)
Sourcing: ./leap.in
Using Bondi radii
----- Source: /home/case/amber24/dat/leap/cmd/leaprc.gaff2
----- Source of /home/case/amber24/dat/leap/cmd/leaprc.gaff2 done
Log file: ./leap.log
Loading parameters: /home/case/amber24/dat/leap/parm/gaff2.dat
Reading title:
AMBER General Force Field for organic molecules (Version 2.2.20, March 2021)
Loading parameters: ./7DB.frcmod
Reading force field modification type file (frcmod)
Reading title:
Remark line goes here
Loading Mol2 file: ./7DB.mol2
Reading MOLECULE named 7DB
Checking Unit.

/home/case/amber24/bin/teLeap: Warning!
The unperturbed charge of the unit (-0.999000) is not zero.

/home/case/amber24/bin/teLeap: Note.
Ignoring the warning from Unit Checking.

Building topology.
"order_residues" off: keep input residue order.
Building atom parameters.
Building bond parameters.
Building angle parameters.
Building proper torsion parameters.
Building improper torsion parameters.
 total 16 improper torsions applied
Building H-Bond parameters.
Incorporating Non-Bonded adjustments.
Not Marking per-residue atom chain types.
Marking per-residue atom chain types.
  (Residues lacking connect0/connect1 - 
   these don't have chain types marked:

	res	total affected

	7DB	1
  )
 (no restraints)
	Quit

Exiting LEaP: Errors = 0; Warnings = 1; Notes = 1.
====== min.o =========================================================
Reading parm file (7DB.parm7)
title:
7DB                                                                             
no velocities were found
no velocities were found
	mm_options:  ntpr=5
	mm_options:  gb=1
	mm_options:  kappa=0.10395
	mm_options:  rgbmax=99.
	mm_options:  cut=99.0
	mm_options:  wcons=0.
     bond:      5.948050627
    angle:     12.517794951
 dihedral:    118.827314410
    enb14:     27.201457669
    eel14:    346.593088237
      enb:    -17.056958573
      eel:   -307.021238199
      egb:   -133.192834697
    econs:      0.000000000
    esurf:      0.000000000
    Total:     53.816674425
     frms:      8.814883629
Starting TNCG minimisation
 MIN: Iter =    0  NFunc =     1  E =      53.81667  RMSG = 8.8148836e+00
 MIN: Iter =    1  NFunc =     8  E =      35.36083  RMSG = 2.6191554e+00
 MIN: Iter =    2  NFunc =    17  E =      31.30801  RMSG = 1.1089343e+00
 MIN: Iter =    3  NFunc =    53  E =      30.87539  RMSG = 1.3307733e+00
 MIN: Iter =    4  NFunc =    66  E =      29.51280  RMSG = 9.7716281e-01
 MIN: Iter =    5  NFunc =   103  E =      29.20117  RMSG = 2.3619442e+00
 MIN: Iter =    6  NFunc =   111  E =      28.43753  RMSG = 5.9929356e-01
 MIN: Iter =    7  NFunc =   130  E =      27.85688  RMSG = 1.4638252e+00
 MIN: Iter =    8  NFunc =   136  E =      27.48823  RMSG = 4.8897682e-01
 MIN: Iter =    9  NFunc =   187  E =      27.25185  RMSG = 9.5006859e-01
 MIN: Iter =   10  NFunc =   198  E =      26.88751  RMSG = 9.5475354e-01
 MIN: Iter =   11  NFunc =   245  E =      26.69034  RMSG = 1.0908185e+00
 MIN: Iter =   12  NFunc =   255  E =      26.38568  RMSG = 5.0983321e-01
 MIN: Iter =   13  NFunc =   285  E =      26.09546  RMSG = 1.6547328e+00
 MIN: Iter =   14  NFunc =   291  E =      25.66920  RMSG = 4.0742774e-01
 MIN: Iter =   15  NFunc =   316  E =      25.37112  RMSG = 1.9525679e+00
 MIN: Iter =   16  NFunc =   322  E =      24.77063  RMSG = 7.3166656e-01
 MIN: Iter =   17  NFunc =   329  E =      24.40073  RMSG = 2.3092008e+00
 MIN: Iter =   18  NFunc =   335  E =      23.82317  RMSG = 3.0890740e-01
 MIN: Iter =   19  NFunc =   342  E =      23.66917  RMSG = 4.2405268e-01
 MIN: Iter =   20  NFunc =   348  E =      23.57633  RMSG = 2.7697252e-01
 MIN: Iter =   21  NFunc =   356  E =      23.52904  RMSG = 1.2025675e-01
 MIN: Iter =   22  NFunc =   386  E =      23.47175  RMSG = 3.3552850e-01
 MIN: Iter =   23  NFunc =   392  E =      23.46144  RMSG = 7.6465332e-02
 MIN: Iter =   24  NFunc =   443  E =      23.38876  RMSG = 3.1634543e-01
 MIN: Iter =   25  NFunc =   481  E =      23.30642  RMSG = 2.3010010e-01
 MIN: Iter =   26  NFunc =   488  E =      23.29189  RMSG = 7.4771903e-02
 MIN: Iter =   27  NFunc =   531  E =      23.25665  RMSG = 1.1921743e-01
 MIN: Iter =   28  NFunc =   558  E =      23.24476  RMSG = 5.3972477e-02
 MIN: Iter =   29  NFunc =   597  E =      23.23755  RMSG = 3.9963557e-02
 MIN: Iter =   30  NFunc =   628  E =      23.23502  RMSG = 1.6656298e-02
 MIN: Iter =   31  NFunc =   679  E =      23.23370  RMSG = 1.2207886e-02
 MIN: Iter =   32  NFunc =   730  E =      23.23252  RMSG = 1.3635209e-02
 MIN: Iter =   33  NFunc =   781  E =      23.23127  RMSG = 1.8575780e-02
 MIN: Iter =   34  NFunc =   804  E =      23.23083  RMSG = 6.1476560e-03
 MIN: Iter =   35  NFunc =   855  E =      23.23059  RMSG = 3.8248250e-03
 MIN: Iter =   36  NFunc =   906  E =      23.23036  RMSG = 6.7068793e-03
 MIN: Iter =   37  NFunc =   926  E =      23.23026  RMSG = 3.6845239e-03
 MIN: Iter =   38  NFunc =   952  E =      23.23022  RMSG = 2.1732787e-03
 MIN: Iter =   39  NFunc =  1003  E =      23.23017  RMSG = 2.2681875e-03
 MIN: Iter =   40  NFunc =  1054  E =      23.23009  RMSG = 2.1310383e-03
 MIN: Iter =   41  NFunc =  1070  E =      23.23008  RMSG = 1.2693220e-03
 MIN: Iter =   42  NFunc =  1103  E =      23.23008  RMSG = 5.4359350e-04
 MIN: Iter =   43  NFunc =  1119  E =      23.23008  RMSG = 3.4651596e-04
----------------------------------------------------------------
 END:          :-)  E =      23.23008  RMSG =   0.0003465

     bond:      7.214528246
    angle:     16.130353650
 dihedral:    107.878709535
    enb14:     18.158072377
    eel14:    340.060914492
      enb:    -17.169154011
      eel:   -312.009815433
      egb:   -137.033532544
    econs:      0.000000000
    esurf:      0.000000000
    Total:     23.230076312
     frms:      0.000346516
====== rms.dat  ======================================================
#Frame      all_heavy
       1       0.3801
