====== tleap.out =====================================================
-I: Adding /home/case/amber24/dat/leap/prep to search path.
-I: Adding /home/case/amber24/dat/leap/lib to search path.
-I: Adding /home/case/amber24/dat/leap/parm to search path.
-I: Adding /home/case/amber24/dat/leap/cmd to search path.
-f: Source leap.in.

Welcome to LEaP!
(no leaprc in search path)
Sourcing: ./leap.in
Using Bondi radii
----- Source: /home/case/amber24/dat/leap/cmd/leaprc.gaff2
----- Source of /home/case/amber24/dat/leap/cmd/leaprc.gaff2 done
Log file: ./leap.log
Loading parameters: /home/case/amber24/dat/leap/parm/gaff2.dat
Reading title:
AMBER General Force Field for organic molecules (Version 2.2.20, March 2021)
Loading parameters: ./7FK.frcmod
Reading force field modification type file (frcmod)
Reading title:
Remark line goes here
Loading Mol2 file: ./7FK.mol2
Reading MOLECULE named 7FK
Checking Unit.
Building topology.
"order_residues" off: keep input residue order.
Building atom parameters.
Building bond parameters.
Building angle parameters.
Building proper torsion parameters.
Building improper torsion parameters.
 total 11 improper torsions applied
Building H-Bond parameters.
Incorporating Non-Bonded adjustments.
Not Marking per-residue atom chain types.
Marking per-residue atom chain types.
  (Residues lacking connect0/connect1 - 
   these don't have chain types marked:

	res	total affected

	7FK	1
  )
 (no restraints)
	Quit

Exiting LEaP: Errors = 0; Warnings = 0; Notes = 0.
====== min.o =========================================================
Reading parm file (7FK.parm7)
title:
7FK                                                                             
no velocities were found
no velocities were found
	mm_options:  ntpr=5
	mm_options:  gb=1
	mm_options:  kappa=0.10395
	mm_options:  rgbmax=99.
	mm_options:  cut=99.0
	mm_options:  wcons=0.
     bond:      2.375972884
    angle:      5.447705266
 dihedral:     58.020046513
    enb14:     12.466755053
    eel14:   -168.845573475
      enb:     -7.467889374
      eel:     96.847482357
      egb:    -26.436724986
    econs:      0.000000000
    esurf:      0.000000000
    Total:    -27.592225763
     frms:      8.157841822
Starting TNCG minimisation
 MIN: Iter =    0  NFunc =     1  E =     -27.59223  RMSG = 8.1578418e+00
 MIN: Iter =    1  NFunc =     7  E =     -35.05381  RMSG = 2.1741748e+00
 MIN: Iter =    2  NFunc =    16  E =     -36.61861  RMSG = 1.0204406e+00
 MIN: Iter =    3  NFunc =    67  E =     -37.09798  RMSG = 1.5339966e+00
 MIN: Iter =    4  NFunc =    73  E =     -37.71392  RMSG = 1.3385188e+00
 MIN: Iter =    5  NFunc =    79  E =     -38.28997  RMSG = 7.0882264e-01
 MIN: Iter =    6  NFunc =    86  E =     -38.68517  RMSG = 1.3090822e+00
 MIN: Iter =    7  NFunc =    92  E =     -39.04192  RMSG = 4.6479750e-01
 MIN: Iter =    8  NFunc =   108  E =     -39.34464  RMSG = 9.3919866e-01
 MIN: Iter =    9  NFunc =   114  E =     -39.46841  RMSG = 3.5340291e-01
 MIN: Iter =   10  NFunc =   160  E =     -39.68476  RMSG = 7.3020772e-01
 MIN: Iter =   11  NFunc =   178  E =     -39.88571  RMSG = 3.5432074e-01
 MIN: Iter =   12  NFunc =   196  E =     -40.00245  RMSG = 5.8698063e-01
 MIN: Iter =   13  NFunc =   202  E =     -40.05181  RMSG = 1.8809913e-01
 MIN: Iter =   14  NFunc =   239  E =     -40.11528  RMSG = 3.0898030e-01
 MIN: Iter =   15  NFunc =   249  E =     -40.14772  RMSG = 1.3919397e-01
 MIN: Iter =   16  NFunc =   261  E =     -40.16720  RMSG = 1.3631951e-01
 MIN: Iter =   17  NFunc =   268  E =     -40.17083  RMSG = 4.7280356e-02
 MIN: Iter =   18  NFunc =   278  E =     -40.17220  RMSG = 2.7036804e-02
 MIN: Iter =   19  NFunc =   299  E =     -40.17446  RMSG = 1.8736851e-02
 MIN: Iter =   20  NFunc =   316  E =     -40.17490  RMSG = 1.0062337e-02
 MIN: Iter =   21  NFunc =   367  E =     -40.17544  RMSG = 1.1613887e-02
 MIN: Iter =   22  NFunc =   397  E =     -40.17581  RMSG = 8.1634991e-03
 MIN: Iter =   23  NFunc =   420  E =     -40.17592  RMSG = 4.1858987e-03
 MIN: Iter =   24  NFunc =   452  E =     -40.17596  RMSG = 2.4122939e-03
 MIN: Iter =   25  NFunc =   478  E =     -40.17597  RMSG = 1.0204709e-03
 MIN: Iter =   26  NFunc =   501  E =     -40.17597  RMSG = 4.7732705e-04
----------------------------------------------------------------
 END:          :-)  E =     -40.17597  RMSG =   0.0004773

     bond:      1.123043101
    angle:      2.473354509
 dihedral:     55.158592762
    enb14:      8.993329996
    eel14:   -166.577710505
      enb:     -8.489691638
      eel:     93.351650724
      egb:    -26.208537857
    econs:      0.000000000
    esurf:      0.000000000
    Total:    -40.175968909
     frms:      0.000477327
====== rms.dat  ======================================================
#Frame      all_heavy
       1       0.3389
