====== tleap.out =====================================================
-I: Adding /home/case/amber24/dat/leap/prep to search path.
-I: Adding /home/case/amber24/dat/leap/lib to search path.
-I: Adding /home/case/amber24/dat/leap/parm to search path.
-I: Adding /home/case/amber24/dat/leap/cmd to search path.
-f: Source leap.in.

Welcome to LEaP!
(no leaprc in search path)
Sourcing: ./leap.in
Using Bondi radii
----- Source: /home/case/amber24/dat/leap/cmd/leaprc.gaff2
----- Source of /home/case/amber24/dat/leap/cmd/leaprc.gaff2 done
Log file: ./leap.log
Loading parameters: /home/case/amber24/dat/leap/parm/gaff2.dat
Reading title:
AMBER General Force Field for organic molecules (Version 2.2.20, March 2021)
Loading parameters: ./7FT.frcmod
Reading force field modification type file (frcmod)
Reading title:
Remark line goes here
Loading Mol2 file: ./7FT.mol2
Reading MOLECULE named 7FT
Checking Unit.
Building topology.
"order_residues" off: keep input residue order.
Building atom parameters.
Building bond parameters.
Building angle parameters.
Building proper torsion parameters.
Building improper torsion parameters.
 total 19 improper torsions applied
Building H-Bond parameters.
Incorporating Non-Bonded adjustments.
Not Marking per-residue atom chain types.
Marking per-residue atom chain types.
  (Residues lacking connect0/connect1 - 
   these don't have chain types marked:

	res	total affected

	7FT	1
  )
 (no restraints)
	Quit

Exiting LEaP: Errors = 0; Warnings = 0; Notes = 0.
====== min.o =========================================================
Reading parm file (7FT.parm7)
title:
7FT                                                                             
no velocities were found
no velocities were found
	mm_options:  ntpr=5
	mm_options:  gb=1
	mm_options:  kappa=0.10395
	mm_options:  rgbmax=99.
	mm_options:  cut=99.0
	mm_options:  wcons=0.
     bond:      2.695173335
    angle:     26.612127158
 dihedral:      8.646305820
    enb14:     16.124915360
    eel14:   -145.168689265
      enb:     -7.206836859
      eel:     53.451481789
      egb:    -20.537676933
    econs:      0.000000000
    esurf:      0.000000000
    Total:    -65.383199594
     frms:     11.851924294
Starting TNCG minimisation
 MIN: Iter =    0  NFunc =     1  E =     -65.38320  RMSG = 1.1851924e+01
 MIN: Iter =    1  NFunc =     7  E =     -78.07276  RMSG = 1.8766127e+00
 MIN: Iter =    2  NFunc =    13  E =     -79.18454  RMSG = 8.4388493e-01
 MIN: Iter =    3  NFunc =    26  E =     -79.68977  RMSG = 4.4681145e-01
 MIN: Iter =    4  NFunc =    57  E =     -79.92818  RMSG = 2.5674520e-01
 MIN: Iter =    5  NFunc =    63  E =     -79.94953  RMSG = 1.3150776e-01
 MIN: Iter =    6  NFunc =    77  E =     -79.96936  RMSG = 7.6781795e-02
 MIN: Iter =    7  NFunc =   124  E =     -79.99743  RMSG = 2.0443106e-01
 MIN: Iter =    8  NFunc =   131  E =     -80.00351  RMSG = 7.4667421e-02
 MIN: Iter =    9  NFunc =   145  E =     -80.00918  RMSG = 3.7235877e-02
 MIN: Iter =   10  NFunc =   196  E =     -80.01471  RMSG = 1.3970001e-01
 MIN: Iter =   11  NFunc =   202  E =     -80.01667  RMSG = 2.8736560e-02
 MIN: Iter =   12  NFunc =   221  E =     -80.01808  RMSG = 2.1507183e-02
 MIN: Iter =   13  NFunc =   253  E =     -80.01996  RMSG = 2.0178678e-02
 MIN: Iter =   14  NFunc =   304  E =     -80.02195  RMSG = 2.5020951e-02
 MIN: Iter =   15  NFunc =   355  E =     -80.02375  RMSG = 2.3865262e-02
 MIN: Iter =   16  NFunc =   369  E =     -80.02449  RMSG = 1.5621277e-02
 MIN: Iter =   17  NFunc =   404  E =     -80.02619  RMSG = 4.9830973e-02
 MIN: Iter =   18  NFunc =   410  E =     -80.02653  RMSG = 1.0578463e-02
 MIN: Iter =   19  NFunc =   437  E =     -80.02669  RMSG = 4.7802203e-03
 MIN: Iter =   20  NFunc =   486  E =     -80.02693  RMSG = 6.3788301e-03
 MIN: Iter =   21  NFunc =   537  E =     -80.02703  RMSG = 4.2086059e-03
 MIN: Iter =   22  NFunc =   550  E =     -80.02706  RMSG = 2.8434095e-03
 MIN: Iter =   23  NFunc =   590  E =     -80.02709  RMSG = 1.7484365e-03
 MIN: Iter =   24  NFunc =   599  E =     -80.02709  RMSG = 8.8479723e-04
 MIN: Iter =   25  NFunc =   624  E =     -80.02709  RMSG = 3.9557909e-04
----------------------------------------------------------------
 END:          :-)  E =     -80.02709  RMSG =   0.0003956

     bond:      1.704776882
    angle:     17.811012418
 dihedral:      8.170420818
    enb14:     12.495930555
    eel14:   -144.025704848
      enb:     -7.537894526
      eel:     52.890193271
      egb:    -21.535824013
    econs:      0.000000000
    esurf:      0.000000000
    Total:    -80.027089443
     frms:      0.000395579
====== rms.dat  ======================================================
#Frame      all_heavy
       1       0.1624
