====== tleap.out =====================================================
-I: Adding /home/case/amber24/dat/leap/prep to search path.
-I: Adding /home/case/amber24/dat/leap/lib to search path.
-I: Adding /home/case/amber24/dat/leap/parm to search path.
-I: Adding /home/case/amber24/dat/leap/cmd to search path.
-f: Source leap.in.

Welcome to LEaP!
(no leaprc in search path)
Sourcing: ./leap.in
Using Bondi radii
----- Source: /home/case/amber24/dat/leap/cmd/leaprc.gaff2
----- Source of /home/case/amber24/dat/leap/cmd/leaprc.gaff2 done
Log file: ./leap.log
Loading parameters: /home/case/amber24/dat/leap/parm/gaff2.dat
Reading title:
AMBER General Force Field for organic molecules (Version 2.2.20, March 2021)
Loading parameters: ./7GL.frcmod
Reading force field modification type file (frcmod)
Reading title:
Remark line goes here
Loading Mol2 file: ./7GL.mol2
Reading MOLECULE named 7GL
Checking Unit.
Building topology.
"order_residues" off: keep input residue order.
Building atom parameters.
Building bond parameters.
Building angle parameters.
Building proper torsion parameters.
Building improper torsion parameters.
 total 17 improper torsions applied
Building H-Bond parameters.
Incorporating Non-Bonded adjustments.
Not Marking per-residue atom chain types.
Marking per-residue atom chain types.
  (Residues lacking connect0/connect1 - 
   these don't have chain types marked:

	res	total affected

	7GL	1
  )
 (no restraints)
	Quit

Exiting LEaP: Errors = 0; Warnings = 0; Notes = 0.
====== min.o =========================================================
Reading parm file (7GL.parm7)
title:
7GL                                                                             
no velocities were found
no velocities were found
	mm_options:  ntpr=5
	mm_options:  gb=1
	mm_options:  kappa=0.10395
	mm_options:  rgbmax=99.
	mm_options:  cut=99.0
	mm_options:  wcons=0.
     bond:      2.137162463
    angle:     15.416375298
 dihedral:      7.421520969
    enb14:     11.249503308
    eel14:   -474.449269129
      enb:     -0.684641520
      eel:    216.932346015
      egb:    -26.211362626
    econs:      0.000000000
    esurf:      0.000000000
    Total:   -248.188365221
     frms:     12.355978028
Starting TNCG minimisation
 MIN: Iter =    0  NFunc =     1  E =    -248.18837  RMSG = 1.2355978e+01
 MIN: Iter =    1  NFunc =     7  E =    -255.93170  RMSG = 2.0909039e+00
 MIN: Iter =    2  NFunc =    16  E =    -257.17926  RMSG = 7.1138384e-01
 MIN: Iter =    3  NFunc =    32  E =    -257.61323  RMSG = 5.0065409e-01
 MIN: Iter =    4  NFunc =    65  E =    -258.01345  RMSG = 4.5465735e-01
 MIN: Iter =    5  NFunc =    72  E =    -258.05760  RMSG = 2.0208188e-01
 MIN: Iter =    6  NFunc =    86  E =    -258.10970  RMSG = 1.7193104e-01
 MIN: Iter =    7  NFunc =   127  E =    -258.18823  RMSG = 3.6912982e-01
 MIN: Iter =    8  NFunc =   133  E =    -258.20391  RMSG = 1.0570819e-01
 MIN: Iter =    9  NFunc =   142  E =    -258.20888  RMSG = 6.3821799e-02
 MIN: Iter =   10  NFunc =   153  E =    -258.21168  RMSG = 4.2936072e-02
 MIN: Iter =   11  NFunc =   195  E =    -258.21577  RMSG = 9.1244973e-02
 MIN: Iter =   12  NFunc =   201  E =    -258.21649  RMSG = 2.2613129e-02
 MIN: Iter =   13  NFunc =   212  E =    -258.21687  RMSG = 1.4249468e-02
 MIN: Iter =   14  NFunc =   226  E =    -258.21715  RMSG = 1.0322709e-02
 MIN: Iter =   15  NFunc =   278  E =    -258.21789  RMSG = 3.2824148e-02
 MIN: Iter =   16  NFunc =   290  E =    -258.21861  RMSG = 5.7261744e-02
 MIN: Iter =   17  NFunc =   296  E =    -258.21905  RMSG = 2.0242174e-02
 MIN: Iter =   18  NFunc =   310  E =    -258.21938  RMSG = 2.0543879e-02
 MIN: Iter =   19  NFunc =   318  E =    -258.21965  RMSG = 3.1615976e-02
 MIN: Iter =   20  NFunc =   324  E =    -258.21976  RMSG = 9.7135562e-03
 MIN: Iter =   21  NFunc =   330  E =    -258.21980  RMSG = 8.0643459e-03
 MIN: Iter =   22  NFunc =   359  E =    -258.22010  RMSG = 1.2164403e-02
 MIN: Iter =   23  NFunc =   382  E =    -258.22017  RMSG = 5.5053184e-03
 MIN: Iter =   24  NFunc =   434  E =    -258.22036  RMSG = 9.9568584e-03
 MIN: Iter =   25  NFunc =   486  E =    -258.22059  RMSG = 2.9439973e-02
 MIN: Iter =   26  NFunc =   492  E =    -258.22092  RMSG = 4.1279471e-02
 MIN: Iter =   27  NFunc =   498  E =    -258.22135  RMSG = 3.7820555e-02
 MIN: Iter =   28  NFunc =   505  E =    -258.22182  RMSG = 5.9080206e-02
 MIN: Iter =   29  NFunc =   511  E =    -258.22252  RMSG = 3.2407683e-02
 MIN: Iter =   30  NFunc =   518  E =    -258.22298  RMSG = 4.5885961e-02
 MIN: Iter =   31  NFunc =   524  E =    -258.22373  RMSG = 5.9950932e-02
 MIN: Iter =   32  NFunc =   530  E =    -258.22448  RMSG = 3.3289885e-02
 MIN: Iter =   33  NFunc =   537  E =    -258.22497  RMSG = 7.1462487e-02
 MIN: Iter =   34  NFunc =   543  E =    -258.22562  RMSG = 2.6158805e-02
 MIN: Iter =   35  NFunc =   553  E =    -258.22595  RMSG = 2.5468912e-02
 MIN: Iter =   36  NFunc =   559  E =    -258.22631  RMSG = 4.1046453e-02
 MIN: Iter =   37  NFunc =   565  E =    -258.22657  RMSG = 1.6336287e-02
 MIN: Iter =   38  NFunc =   573  E =    -258.22675  RMSG = 3.2488434e-02
 MIN: Iter =   39  NFunc =   580  E =    -258.22694  RMSG = 1.3429577e-02
 MIN: Iter =   40  NFunc =   592  E =    -258.22709  RMSG = 1.3300981e-02
 MIN: Iter =   41  NFunc =   598  E =    -258.22722  RMSG = 1.6608776e-02
 MIN: Iter =   42  NFunc =   650  E =    -258.22858  RMSG = 3.3241465e-02
 MIN: Iter =   43  NFunc =   656  E =    -258.22882  RMSG = 1.5541107e-02
 MIN: Iter =   44  NFunc =   680  E =    -258.22915  RMSG = 4.3522583e-02
 MIN: Iter =   45  NFunc =   686  E =    -258.22930  RMSG = 8.8192737e-03
 MIN: Iter =   46  NFunc =   737  E =    -258.22968  RMSG = 4.5236165e-02
 MIN: Iter =   47  NFunc =   743  E =    -258.22988  RMSG = 1.3522635e-02
 MIN: Iter =   48  NFunc =   752  E =    -258.23000  RMSG = 9.8240138e-03
 MIN: Iter =   49  NFunc =   766  E =    -258.23004  RMSG = 4.3434553e-03
 MIN: Iter =   50  NFunc =   817  E =    -258.23015  RMSG = 9.8392093e-03
 MIN: Iter =   51  NFunc =   849  E =    -258.23020  RMSG = 5.0088282e-03
 MIN: Iter =   52  NFunc =   864  E =    -258.23021  RMSG = 2.0470100e-03
 MIN: Iter =   53  NFunc =   915  E =    -258.23023  RMSG = 3.2138005e-03
 MIN: Iter =   54  NFunc =   924  E =    -258.23023  RMSG = 1.0832337e-03
 MIN: Iter =   55  NFunc =   940  E =    -258.23023  RMSG = 6.3962183e-04
 MIN: Iter =   56  NFunc =   991  E =    -258.23024  RMSG = 1.0378929e-03
 MIN: Iter =   57  NFunc =  1026  E =    -258.23024  RMSG = 4.6258191e-04
----------------------------------------------------------------
 END:          :-)  E =    -258.23024  RMSG =   0.0004626

     bond:      1.161625935
    angle:     13.119137159
 dihedral:      6.139747392
    enb14:      9.070980016
    eel14:   -473.418901903
      enb:     -2.206033005
      eel:    214.599177325
      egb:    -26.695971853
    econs:      0.000000000
    esurf:      0.000000000
    Total:   -258.230238933
     frms:      0.000462582
====== rms.dat  ======================================================
#Frame      all_heavy
       1       0.2258
