====== tleap.out =====================================================
-I: Adding /home/case/amber24/dat/leap/prep to search path.
-I: Adding /home/case/amber24/dat/leap/lib to search path.
-I: Adding /home/case/amber24/dat/leap/parm to search path.
-I: Adding /home/case/amber24/dat/leap/cmd to search path.
-f: Source leap.in.

Welcome to LEaP!
(no leaprc in search path)
Sourcing: ./leap.in
Using Bondi radii
----- Source: /home/case/amber24/dat/leap/cmd/leaprc.gaff2
----- Source of /home/case/amber24/dat/leap/cmd/leaprc.gaff2 done
Log file: ./leap.log
Loading parameters: /home/case/amber24/dat/leap/parm/gaff2.dat
Reading title:
AMBER General Force Field for organic molecules (Version 2.2.20, March 2021)
Loading parameters: ./7I4.frcmod
Reading force field modification type file (frcmod)
Reading title:
Remark line goes here
Loading Mol2 file: ./7I4.mol2
Reading MOLECULE named 7I4
Checking Unit.

/home/case/amber24/bin/teLeap: Warning!
The unperturbed charge of the unit (-0.999998) is not zero.

/home/case/amber24/bin/teLeap: Note.
Ignoring the warning from Unit Checking.

Building topology.
"order_residues" off: keep input residue order.
Building atom parameters.
Building bond parameters.
Building angle parameters.
Building proper torsion parameters.

/home/case/amber24/bin/teLeap: Note.
1-4: angle 4 8 duplicates bond ('triangular' bond) or angle ('square' bond)


/home/case/amber24/bin/teLeap: Note.
1-4: angle 5 24 duplicates bond ('triangular' bond) or angle ('square' bond)

Building improper torsion parameters.
 total 16 improper torsions applied
Building H-Bond parameters.
Incorporating Non-Bonded adjustments.
Not Marking per-residue atom chain types.
Marking per-residue atom chain types.
  (Residues lacking connect0/connect1 - 
   these don't have chain types marked:

	res	total affected

	7I4	1
  )
 (no restraints)
	Quit

Exiting LEaP: Errors = 0; Warnings = 1; Notes = 3.
====== min.o =========================================================
Reading parm file (7I4.parm7)
title:
7I4                                                                             
no velocities were found
no velocities were found
	mm_options:  ntpr=5
	mm_options:  gb=1
	mm_options:  kappa=0.10395
	mm_options:  rgbmax=99.
	mm_options:  cut=99.0
	mm_options:  wcons=0.
     bond:      3.035598655
    angle:     65.998092438
 dihedral:     23.436448380
    enb14:     12.557954712
    eel14:    -53.039170111
      enb:     -3.990181270
      eel:     40.891202096
      egb:    -83.177093790
    econs:      0.000000000
    esurf:      0.000000000
    Total:      5.712851109
     frms:     15.134425763
Starting TNCG minimisation
 MIN: Iter =    0  NFunc =     1  E =       5.71285  RMSG = 1.5134426e+01
 MIN: Iter =    1  NFunc =     7  E =     -21.69605  RMSG = 6.4975250e+00
 MIN: Iter =    2  NFunc =    13  E =     -30.13007  RMSG = 2.7113416e+00
 MIN: Iter =    3  NFunc =    54  E =     -31.23207  RMSG = 2.8994597e+00
 MIN: Iter =    4  NFunc =    71  E =     -32.86725  RMSG = 8.8662044e-01
 MIN: Iter =    5  NFunc =    90  E =     -33.28825  RMSG = 8.4069029e-01
 MIN: Iter =    6  NFunc =    97  E =     -33.35672  RMSG = 1.6253763e-01
 MIN: Iter =    7  NFunc =   118  E =     -33.40935  RMSG = 1.5274337e-01
 MIN: Iter =    8  NFunc =   152  E =     -33.43972  RMSG = 1.0937100e-01
 MIN: Iter =    9  NFunc =   171  E =     -33.44830  RMSG = 5.2406187e-02
 MIN: Iter =   10  NFunc =   189  E =     -33.45112  RMSG = 2.3907936e-02
 MIN: Iter =   11  NFunc =   240  E =     -33.45718  RMSG = 9.0942112e-02
 MIN: Iter =   12  NFunc =   249  E =     -33.45910  RMSG = 2.9340988e-02
 MIN: Iter =   13  NFunc =   258  E =     -33.45967  RMSG = 1.5393187e-02
 MIN: Iter =   14  NFunc =   305  E =     -33.46352  RMSG = 4.7303468e-02
 MIN: Iter =   15  NFunc =   312  E =     -33.46392  RMSG = 1.6910171e-02
 MIN: Iter =   16  NFunc =   363  E =     -33.46480  RMSG = 1.3051389e-02
 MIN: Iter =   17  NFunc =   370  E =     -33.46485  RMSG = 5.3505395e-03
 MIN: Iter =   18  NFunc =   396  E =     -33.46494  RMSG = 4.7472456e-03
 MIN: Iter =   19  NFunc =   422  E =     -33.46498  RMSG = 2.7296989e-03
 MIN: Iter =   20  NFunc =   463  E =     -33.46501  RMSG = 1.3774029e-03
 MIN: Iter =   21  NFunc =   479  E =     -33.46501  RMSG = 8.7584400e-04
 MIN: Iter =   22  NFunc =   500  E =     -33.46501  RMSG = 8.9571970e-04
 MIN: Iter =   23  NFunc =   544  E =     -33.46502  RMSG = 8.5755802e-04
 MIN: Iter =   24  NFunc =   557  E =     -33.46502  RMSG = 5.0207259e-04
 MIN: Iter =   25  NFunc =   602  E =     -33.46503  RMSG = 4.1315384e-04
----------------------------------------------------------------
 END:          :-)  E =     -33.46503  RMSG =   0.0004132

     bond:      1.893230463
    angle:     34.152839483
 dihedral:     19.638271552
    enb14:     12.891679896
    eel14:    -61.930060473
      enb:     -3.390045083
      eel:     50.665865219
      egb:    -87.386806336
    econs:      0.000000000
    esurf:      0.000000000
    Total:    -33.465025279
     frms:      0.000413154
====== rms.dat  ======================================================
#Frame      all_heavy
       1       0.2385
