====== tleap.out =====================================================
-I: Adding /home/case/amber24/dat/leap/prep to search path.
-I: Adding /home/case/amber24/dat/leap/lib to search path.
-I: Adding /home/case/amber24/dat/leap/parm to search path.
-I: Adding /home/case/amber24/dat/leap/cmd to search path.
-f: Source leap.in.

Welcome to LEaP!
(no leaprc in search path)
Sourcing: ./leap.in
Using Bondi radii
----- Source: /home/case/amber24/dat/leap/cmd/leaprc.gaff2
----- Source of /home/case/amber24/dat/leap/cmd/leaprc.gaff2 done
Log file: ./leap.log
Loading parameters: /home/case/amber24/dat/leap/parm/gaff2.dat
Reading title:
AMBER General Force Field for organic molecules (Version 2.2.20, March 2021)
Loading parameters: ./7N0.frcmod
Reading force field modification type file (frcmod)
Reading title:
Remark line goes here
Loading Mol2 file: ./7N0.mol2
Reading MOLECULE named 7N0
Checking Unit.

/home/case/amber24/bin/teLeap: Warning!
The unperturbed charge of the unit (-1.001000) is not zero.

/home/case/amber24/bin/teLeap: Note.
Ignoring the warning from Unit Checking.

Building topology.
"order_residues" off: keep input residue order.
Building atom parameters.
Building bond parameters.
Building angle parameters.
Building proper torsion parameters.
Building improper torsion parameters.
 total 2 improper torsions applied
Building H-Bond parameters.
Incorporating Non-Bonded adjustments.
Not Marking per-residue atom chain types.
Marking per-residue atom chain types.
  (Residues lacking connect0/connect1 - 
   these don't have chain types marked:

	res	total affected

	7N0	1
  )
 (no restraints)
	Quit

Exiting LEaP: Errors = 0; Warnings = 1; Notes = 1.
====== min.o =========================================================
Reading parm file (7N0.parm7)
title:
7N0                                                                             
no velocities were found
no velocities were found
	mm_options:  ntpr=5
	mm_options:  gb=1
	mm_options:  kappa=0.10395
	mm_options:  rgbmax=99.
	mm_options:  cut=99.0
	mm_options:  wcons=0.
     bond:      1.593894668
    angle:      4.374652511
 dihedral:     78.881323371
    enb14:      1.507536022
    eel14:     63.709252697
      enb:     -0.708443537
      eel:    -56.168273740
      egb:    -79.650885892
    econs:      0.000000000
    esurf:      0.000000000
    Total:     13.539056101
     frms:      9.320048391
Starting TNCG minimisation
 MIN: Iter =    0  NFunc =     1  E =      13.53906  RMSG = 9.3200484e+00
 MIN: Iter =    1  NFunc =     7  E =       8.88042  RMSG = 4.0906605e+00
 MIN: Iter =    2  NFunc =    39  E =       6.60901  RMSG = 5.6397640e+00
 MIN: Iter =    3  NFunc =    49  E =       3.67521  RMSG = 4.7078143e+00
 MIN: Iter =    4  NFunc =    55  E =       2.02754  RMSG = 2.4303537e+00
 MIN: Iter =    5  NFunc =    67  E =       1.14259  RMSG = 3.8116835e+00
 MIN: Iter =    6  NFunc =    82  E =       0.17541  RMSG = 5.1321288e+00
 MIN: Iter =    7  NFunc =   102  E =      -1.23421  RMSG = 5.6486104e+00
 MIN: Iter =    8  NFunc =   112  E =      -2.93903  RMSG = 5.3156856e+00
 MIN: Iter =    9  NFunc =   118  E =      -4.51432  RMSG = 4.5314821e+00
 MIN: Iter =   10  NFunc =   124  E =      -5.71535  RMSG = 2.2669930e+00
 MIN: Iter =   11  NFunc =   130  E =      -6.25452  RMSG = 1.4714282e+00
 MIN: Iter =   12  NFunc =   138  E =      -6.52707  RMSG = 7.7738925e-01
 MIN: Iter =   13  NFunc =   149  E =      -6.72932  RMSG = 6.9328804e-01
 MIN: Iter =   14  NFunc =   157  E =      -6.79580  RMSG = 3.7696320e-01
 MIN: Iter =   15  NFunc =   170  E =      -6.84673  RMSG = 2.3157969e-01
 MIN: Iter =   16  NFunc =   177  E =      -6.85305  RMSG = 1.1080468e-01
 MIN: Iter =   17  NFunc =   194  E =      -6.86106  RMSG = 7.9368432e-02
 MIN: Iter =   18  NFunc =   212  E =      -6.86252  RMSG = 2.1957408e-02
 MIN: Iter =   19  NFunc =   226  E =      -6.86276  RMSG = 1.1828095e-02
 MIN: Iter =   20  NFunc =   242  E =      -6.86282  RMSG = 8.5637295e-03
 MIN: Iter =   21  NFunc =   253  E =      -6.86284  RMSG = 3.2460500e-03
 MIN: Iter =   22  NFunc =   259  E =      -6.86285  RMSG = 2.8021685e-03
 MIN: Iter =   23  NFunc =   275  E =      -6.86285  RMSG = 1.1600145e-03
 MIN: Iter =   24  NFunc =   291  E =      -6.86285  RMSG = 5.9421577e-04
 MIN: Iter =   25  NFunc =   297  E =      -6.86285  RMSG = 3.7773117e-04
----------------------------------------------------------------
 END:          :-)  E =      -6.86285  RMSG =   0.0003777

     bond:      0.431234087
    angle:      7.166459882
 dihedral:     57.494769459
    enb14:      1.417013692
    eel14:     63.458906051
      enb:     -1.241415347
      eel:    -56.678476894
      egb:    -78.911344474
    econs:      0.000000000
    esurf:      0.000000000
    Total:     -6.862853546
     frms:      0.000377731
====== rms.dat  ======================================================
#Frame      all_heavy
       1       0.5871
