====== tleap.out =====================================================
-I: Adding /home/case/amber24/dat/leap/prep to search path.
-I: Adding /home/case/amber24/dat/leap/lib to search path.
-I: Adding /home/case/amber24/dat/leap/parm to search path.
-I: Adding /home/case/amber24/dat/leap/cmd to search path.
-f: Source leap.in.

Welcome to LEaP!
(no leaprc in search path)
Sourcing: ./leap.in
Using Bondi radii
----- Source: /home/case/amber24/dat/leap/cmd/leaprc.gaff2
----- Source of /home/case/amber24/dat/leap/cmd/leaprc.gaff2 done
Log file: ./leap.log
Loading parameters: /home/case/amber24/dat/leap/parm/gaff2.dat
Reading title:
AMBER General Force Field for organic molecules (Version 2.2.20, March 2021)
Loading parameters: ./7NC.frcmod
Reading force field modification type file (frcmod)
Reading title:
Remark line goes here
Loading Mol2 file: ./7NC.mol2
Reading MOLECULE named 7NC
Checking Unit.
Building topology.
"order_residues" off: keep input residue order.
Building atom parameters.
Building bond parameters.
Building angle parameters.
Building proper torsion parameters.
Building improper torsion parameters.
 total 16 improper torsions applied
Building H-Bond parameters.
Incorporating Non-Bonded adjustments.
Not Marking per-residue atom chain types.
Marking per-residue atom chain types.
  (Residues lacking connect0/connect1 - 
   these don't have chain types marked:

	res	total affected

	7NC	1
  )
 (no restraints)
	Quit

Exiting LEaP: Errors = 0; Warnings = 0; Notes = 0.
====== min.o =========================================================
Reading parm file (7NC.parm7)
title:
7NC                                                                             
no velocities were found
no velocities were found
	mm_options:  ntpr=5
	mm_options:  gb=1
	mm_options:  kappa=0.10395
	mm_options:  rgbmax=99.
	mm_options:  cut=99.0
	mm_options:  wcons=0.
     bond:      3.719986959
    angle:     13.281970271
 dihedral:      4.818943381
    enb14:     15.678216302
    eel14:   -180.712069942
      enb:      4.330392834
      eel:     33.730056312
      egb:    -20.748309736
    econs:      0.000000000
    esurf:      0.000000000
    Total:   -125.900813618
     frms:     13.741693417
Starting TNCG minimisation
 MIN: Iter =    0  NFunc =     1  E =    -125.90081  RMSG = 1.3741693e+01
 MIN: Iter =    1  NFunc =     7  E =    -136.25452  RMSG = 2.8090563e+00
 MIN: Iter =    2  NFunc =    19  E =    -139.39687  RMSG = 1.0864598e+00
 MIN: Iter =    3  NFunc =    25  E =    -140.02432  RMSG = 7.9465509e-01
 MIN: Iter =    4  NFunc =    48  E =    -140.27606  RMSG = 1.0730729e+00
 MIN: Iter =    5  NFunc =    78  E =    -140.51963  RMSG = 1.4396243e+00
 MIN: Iter =    6  NFunc =    85  E =    -140.65957  RMSG = 3.7985336e-01
 MIN: Iter =    7  NFunc =   103  E =    -140.92306  RMSG = 6.4803494e-01
 MIN: Iter =    8  NFunc =   124  E =    -141.18695  RMSG = 8.7508915e-01
 MIN: Iter =    9  NFunc =   141  E =    -141.47346  RMSG = 8.3238478e-01
 MIN: Iter =   10  NFunc =   155  E =    -141.75331  RMSG = 8.0151466e-01
 MIN: Iter =   11  NFunc =   171  E =    -142.06122  RMSG = 7.6008395e-01
 MIN: Iter =   12  NFunc =   180  E =    -142.35314  RMSG = 5.2681608e-01
 MIN: Iter =   13  NFunc =   186  E =    -142.56888  RMSG = 5.4792116e-01
 MIN: Iter =   14  NFunc =   194  E =    -142.73177  RMSG = 4.3431732e-01
 MIN: Iter =   15  NFunc =   208  E =    -142.96572  RMSG = 4.9410651e-01
 MIN: Iter =   16  NFunc =   218  E =    -143.06088  RMSG = 2.5979433e-01
 MIN: Iter =   17  NFunc =   229  E =    -143.10272  RMSG = 1.4609797e-01
 MIN: Iter =   18  NFunc =   255  E =    -143.17440  RMSG = 3.2220297e-01
 MIN: Iter =   19  NFunc =   261  E =    -143.18632  RMSG = 1.1317158e-01
 MIN: Iter =   20  NFunc =   284  E =    -143.20293  RMSG = 1.2902522e-01
 MIN: Iter =   21  NFunc =   295  E =    -143.20642  RMSG = 4.3156755e-02
 MIN: Iter =   22  NFunc =   323  E =    -143.20998  RMSG = 2.7310667e-02
 MIN: Iter =   23  NFunc =   346  E =    -143.21279  RMSG = 2.9025393e-02
 MIN: Iter =   24  NFunc =   361  E =    -143.21321  RMSG = 1.5795966e-02
 MIN: Iter =   25  NFunc =   385  E =    -143.21398  RMSG = 1.2195989e-02
 MIN: Iter =   26  NFunc =   410  E =    -143.21456  RMSG = 1.4586634e-02
 MIN: Iter =   27  NFunc =   449  E =    -143.21534  RMSG = 5.8430559e-02
 MIN: Iter =   28  NFunc =   455  E =    -143.21559  RMSG = 9.3033365e-03
 MIN: Iter =   29  NFunc =   507  E =    -143.21608  RMSG = 2.8490404e-02
 MIN: Iter =   30  NFunc =   513  E =    -143.21648  RMSG = 3.9938011e-02
 MIN: Iter =   31  NFunc =   520  E =    -143.21683  RMSG = 2.4228548e-02
 MIN: Iter =   32  NFunc =   526  E =    -143.21702  RMSG = 2.6555305e-02
 MIN: Iter =   33  NFunc =   535  E =    -143.21719  RMSG = 1.8712897e-02
 MIN: Iter =   34  NFunc =   542  E =    -143.21733  RMSG = 1.5279746e-02
 MIN: Iter =   35  NFunc =   551  E =    -143.21744  RMSG = 9.8790885e-03
 MIN: Iter =   36  NFunc =   563  E =    -143.21750  RMSG = 6.0736043e-03
 MIN: Iter =   37  NFunc =   589  E =    -143.21755  RMSG = 3.6828696e-03
 MIN: Iter =   38  NFunc =   618  E =    -143.21758  RMSG = 2.9550743e-03
 MIN: Iter =   39  NFunc =   669  E =    -143.21762  RMSG = 4.0448320e-03
 MIN: Iter =   40  NFunc =   678  E =    -143.21763  RMSG = 1.1811987e-03
 MIN: Iter =   41  NFunc =   706  E =    -143.21765  RMSG = 3.6912458e-03
 MIN: Iter =   42  NFunc =   721  E =    -143.21765  RMSG = 1.2831273e-03
 MIN: Iter =   43  NFunc =   742  E =    -143.21765  RMSG = 9.1512395e-04
 MIN: Iter =   44  NFunc =   777  E =    -143.21767  RMSG = 1.9090615e-03
 MIN: Iter =   45  NFunc =   828  E =    -143.21768  RMSG = 2.4192121e-03
 MIN: Iter =   46  NFunc =   838  E =    -143.21769  RMSG = 8.3630914e-04
 MIN: Iter =   47  NFunc =   875  E =    -143.21769  RMSG = 4.8906684e-04
----------------------------------------------------------------
 END:          :-)  E =    -143.21769  RMSG =   0.0004891

     bond:      1.947963629
    angle:      6.664320251
 dihedral:      9.174106213
    enb14:     10.867029862
    eel14:   -183.008032627
      enb:     -2.348566143
      eel:     35.910186474
      egb:    -22.424695849
    econs:      0.000000000
    esurf:      0.000000000
    Total:   -143.217688190
     frms:      0.000489067
====== rms.dat  ======================================================
#Frame      all_heavy
       1       0.7972
