====== tleap.out =====================================================
-I: Adding /home/case/amber24/dat/leap/prep to search path.
-I: Adding /home/case/amber24/dat/leap/lib to search path.
-I: Adding /home/case/amber24/dat/leap/parm to search path.
-I: Adding /home/case/amber24/dat/leap/cmd to search path.
-f: Source leap.in.

Welcome to LEaP!
(no leaprc in search path)
Sourcing: ./leap.in
Using Bondi radii
----- Source: /home/case/amber24/dat/leap/cmd/leaprc.gaff2
----- Source of /home/case/amber24/dat/leap/cmd/leaprc.gaff2 done
Log file: ./leap.log
Loading parameters: /home/case/amber24/dat/leap/parm/gaff2.dat
Reading title:
AMBER General Force Field for organic molecules (Version 2.2.20, March 2021)
Loading parameters: ./7OD.frcmod
Reading force field modification type file (frcmod)
Reading title:
Remark line goes here
Loading Mol2 file: ./7OD.mol2
Reading MOLECULE named 7OD
Checking Unit.

/home/case/amber24/bin/teLeap: Warning!
The unperturbed charge of the unit (-0.999000) is not zero.

/home/case/amber24/bin/teLeap: Note.
Ignoring the warning from Unit Checking.

Building topology.
"order_residues" off: keep input residue order.
Building atom parameters.
Building bond parameters.
Building angle parameters.
Building proper torsion parameters.
Building improper torsion parameters.
 total 3 improper torsions applied
Building H-Bond parameters.
Incorporating Non-Bonded adjustments.
Not Marking per-residue atom chain types.
Marking per-residue atom chain types.
  (Residues lacking connect0/connect1 - 
   these don't have chain types marked:

	res	total affected

	7OD	1
  )
 (no restraints)
	Quit

Exiting LEaP: Errors = 0; Warnings = 1; Notes = 1.
====== min.o =========================================================
Reading parm file (7OD.parm7)
title:
7OD                                                                             
no velocities were found
no velocities were found
	mm_options:  ntpr=5
	mm_options:  gb=1
	mm_options:  kappa=0.10395
	mm_options:  rgbmax=99.
	mm_options:  cut=99.0
	mm_options:  wcons=0.
     bond:      1.823285431
    angle:      4.174914368
 dihedral:      1.696320498
    enb14:      3.652503928
    eel14:     64.520473717
      enb:      1.311972199
      eel:    -46.018216600
      egb:    -78.912364700
    econs:      0.000000000
    esurf:      0.000000000
    Total:    -47.751111160
     frms:      8.121717724
Starting TNCG minimisation
 MIN: Iter =    0  NFunc =     1  E =     -47.75111  RMSG = 8.1217177e+00
 MIN: Iter =    1  NFunc =     7  E =     -51.91936  RMSG = 1.6874208e+00
 MIN: Iter =    2  NFunc =    15  E =     -52.67272  RMSG = 1.0504335e+00
 MIN: Iter =    3  NFunc =    21  E =     -52.77713  RMSG = 4.7593570e-01
 MIN: Iter =    4  NFunc =    49  E =     -52.89739  RMSG = 7.8903619e-01
 MIN: Iter =    5  NFunc =    55  E =     -52.97277  RMSG = 6.7504446e-01
 MIN: Iter =    6  NFunc =    67  E =     -53.04511  RMSG = 1.9900949e+00
 MIN: Iter =    7  NFunc =    73  E =     -53.13430  RMSG = 2.2467721e-01
 MIN: Iter =    8  NFunc =    94  E =     -53.18469  RMSG = 1.0329546e+00
 MIN: Iter =    9  NFunc =   101  E =     -53.23517  RMSG = 3.6582560e-01
 MIN: Iter =   10  NFunc =   120  E =     -53.30594  RMSG = 1.5067100e+00
 MIN: Iter =   11  NFunc =   126  E =     -53.38937  RMSG = 4.8127033e-01
 MIN: Iter =   12  NFunc =   140  E =     -53.49921  RMSG = 1.5488186e+00
 MIN: Iter =   13  NFunc =   154  E =     -53.72380  RMSG = 2.7501173e+00
 MIN: Iter =   14  NFunc =   160  E =     -54.00190  RMSG = 8.2951524e-01
 MIN: Iter =   15  NFunc =   166  E =     -54.14710  RMSG = 2.1330098e+00
 MIN: Iter =   16  NFunc =   172  E =     -54.30347  RMSG = 5.9401364e-01
 MIN: Iter =   17  NFunc =   182  E =     -54.40327  RMSG = 8.2200431e-01
 MIN: Iter =   18  NFunc =   188  E =     -54.48252  RMSG = 7.6061879e-01
 MIN: Iter =   19  NFunc =   194  E =     -54.52570  RMSG = 3.4815550e-01
 MIN: Iter =   20  NFunc =   219  E =     -54.58816  RMSG = 4.9193165e-01
 MIN: Iter =   21  NFunc =   225  E =     -54.60226  RMSG = 1.6595024e-01
 MIN: Iter =   22  NFunc =   244  E =     -54.60924  RMSG = 5.4518642e-02
 MIN: Iter =   23  NFunc =   251  E =     -54.60959  RMSG = 2.0030602e-02
 MIN: Iter =   24  NFunc =   261  E =     -54.60977  RMSG = 1.0322538e-02
 MIN: Iter =   25  NFunc =   274  E =     -54.60984  RMSG = 5.1585534e-03
 MIN: Iter =   26  NFunc =   288  E =     -54.60985  RMSG = 2.8159430e-03
 MIN: Iter =   27  NFunc =   310  E =     -54.60987  RMSG = 2.1832989e-03
 MIN: Iter =   28  NFunc =   329  E =     -54.60987  RMSG = 2.8792266e-03
 MIN: Iter =   29  NFunc =   361  E =     -54.60989  RMSG = 2.8176147e-03
 MIN: Iter =   30  NFunc =   373  E =     -54.60990  RMSG = 1.5077106e-03
 MIN: Iter =   31  NFunc =   406  E =     -54.60990  RMSG = 8.9734488e-04
 MIN: Iter =   32  NFunc =   415  E =     -54.60990  RMSG = 5.1820471e-04
 MIN: Iter =   33  NFunc =   425  E =     -54.60990  RMSG = 2.3127825e-04
----------------------------------------------------------------
 END:          :-)  E =     -54.60990  RMSG =   0.0002313

     bond:      0.938051602
    angle:      4.010242762
 dihedral:      1.911326610
    enb14:      2.582983319
    eel14:     64.437349926
      enb:     -0.271198429
      eel:    -53.565888140
      egb:    -74.652766603
    econs:      0.000000000
    esurf:      0.000000000
    Total:    -54.609898953
     frms:      0.000231278
====== rms.dat  ======================================================
#Frame      all_heavy
       1       0.0980
