====== tleap.out =====================================================
-I: Adding /home/case/amber24/dat/leap/prep to search path.
-I: Adding /home/case/amber24/dat/leap/lib to search path.
-I: Adding /home/case/amber24/dat/leap/parm to search path.
-I: Adding /home/case/amber24/dat/leap/cmd to search path.
-f: Source leap.in.

Welcome to LEaP!
(no leaprc in search path)
Sourcing: ./leap.in
Using Bondi radii
----- Source: /home/case/amber24/dat/leap/cmd/leaprc.gaff2
----- Source of /home/case/amber24/dat/leap/cmd/leaprc.gaff2 done
Log file: ./leap.log
Loading parameters: /home/case/amber24/dat/leap/parm/gaff2.dat
Reading title:
AMBER General Force Field for organic molecules (Version 2.2.20, March 2021)
Loading parameters: ./7P7.frcmod
Reading force field modification type file (frcmod)
Reading title:
Remark line goes here
Loading Mol2 file: ./7P7.mol2
Reading MOLECULE named 7P7
Checking Unit.
Building topology.
"order_residues" off: keep input residue order.
Building atom parameters.
Building bond parameters.
Building angle parameters.
Building proper torsion parameters.
Building improper torsion parameters.
 total 30 improper torsions applied
Building H-Bond parameters.
Incorporating Non-Bonded adjustments.
Not Marking per-residue atom chain types.
Marking per-residue atom chain types.
  (Residues lacking connect0/connect1 - 
   these don't have chain types marked:

	res	total affected

	7P7	1
  )
 (no restraints)
	Quit

Exiting LEaP: Errors = 0; Warnings = 0; Notes = 0.
====== min.o =========================================================
Reading parm file (7P7.parm7)
title:
7P7                                                                             
no velocities were found
no velocities were found
	mm_options:  ntpr=5
	mm_options:  gb=1
	mm_options:  kappa=0.10395
	mm_options:  rgbmax=99.
	mm_options:  cut=99.0
	mm_options:  wcons=0.
     bond:      6.400064275
    angle:     34.810787924
 dihedral:     82.627718288
    enb14:     27.936570393
    eel14:   -150.379535920
      enb:     -7.667576201
      eel:   -100.511182987
      egb:    -67.248479375
    econs:      0.000000000
    esurf:      0.000000000
    Total:   -174.031633604
     frms:     10.050526203
Starting TNCG minimisation
 MIN: Iter =    0  NFunc =     1  E =    -174.03163  RMSG = 1.0050526e+01
 MIN: Iter =    1  NFunc =     7  E =    -193.28980  RMSG = 2.5617951e+00
 MIN: Iter =    2  NFunc =    17  E =    -198.29567  RMSG = 1.1446836e+00
 MIN: Iter =    3  NFunc =    31  E =    -201.14985  RMSG = 9.8029865e-01
 MIN: Iter =    4  NFunc =    51  E =    -202.21178  RMSG = 4.1385569e-01
 MIN: Iter =    5  NFunc =   102  E =    -202.63533  RMSG = 4.5393219e-01
 MIN: Iter =    6  NFunc =   108  E =    -202.87548  RMSG = 5.5530193e-01
 MIN: Iter =    7  NFunc =   114  E =    -203.11608  RMSG = 4.6903756e-01
 MIN: Iter =    8  NFunc =   132  E =    -203.50865  RMSG = 6.6878963e-01
 MIN: Iter =    9  NFunc =   140  E =    -203.67714  RMSG = 2.1531409e-01
 MIN: Iter =   10  NFunc =   148  E =    -203.74476  RMSG = 2.8234411e-01
 MIN: Iter =   11  NFunc =   199  E =    -203.97668  RMSG = 3.9581997e-01
 MIN: Iter =   12  NFunc =   228  E =    -204.14845  RMSG = 3.0249458e-01
 MIN: Iter =   13  NFunc =   252  E =    -204.25465  RMSG = 1.9352645e-01
 MIN: Iter =   14  NFunc =   270  E =    -204.30105  RMSG = 9.6269569e-02
 MIN: Iter =   15  NFunc =   321  E =    -204.45279  RMSG = 2.4417810e-01
 MIN: Iter =   16  NFunc =   329  E =    -204.51387  RMSG = 1.4390009e-01
 MIN: Iter =   17  NFunc =   348  E =    -204.57145  RMSG = 1.1311881e-01
 MIN: Iter =   18  NFunc =   400  E =    -204.63824  RMSG = 1.7769551e-01
 MIN: Iter =   19  NFunc =   427  E =    -204.69741  RMSG = 2.3921052e-01
 MIN: Iter =   20  NFunc =   436  E =    -204.71816  RMSG = 6.5559289e-02
 MIN: Iter =   21  NFunc =   464  E =    -204.74110  RMSG = 1.6297842e-01
 MIN: Iter =   22  NFunc =   471  E =    -204.74896  RMSG = 4.7089052e-02
 MIN: Iter =   23  NFunc =   522  E =    -204.76892  RMSG = 1.1112728e-01
 MIN: Iter =   24  NFunc =   548  E =    -204.78331  RMSG = 4.0301932e-02
 MIN: Iter =   25  NFunc =   581  E =    -204.79108  RMSG = 3.2444443e-02
 MIN: Iter =   26  NFunc =   632  E =    -204.79933  RMSG = 6.7483105e-02
 MIN: Iter =   27  NFunc =   646  E =    -204.80308  RMSG = 2.5355827e-02
 MIN: Iter =   28  NFunc =   697  E =    -204.81042  RMSG = 6.8934436e-02
 MIN: Iter =   29  NFunc =   703  E =    -204.81147  RMSG = 2.0843261e-02
 MIN: Iter =   30  NFunc =   754  E =    -204.81871  RMSG = 7.9473302e-02
 MIN: Iter =   31  NFunc =   763  E =    -204.82117  RMSG = 2.4534081e-02
 MIN: Iter =   32  NFunc =   814  E =    -204.82839  RMSG = 5.3182976e-02
 MIN: Iter =   33  NFunc =   865  E =    -204.83568  RMSG = 4.3810310e-02
 MIN: Iter =   34  NFunc =   874  E =    -204.83668  RMSG = 1.7671108e-02
 MIN: Iter =   35  NFunc =   925  E =    -204.83998  RMSG = 2.6939314e-02
 MIN: Iter =   36  NFunc =   941  E =    -204.84112  RMSG = 1.3717945e-02
 MIN: Iter =   37  NFunc =   971  E =    -204.84296  RMSG = 1.3254986e-02
 MIN: Iter =   38  NFunc =  1022  E =    -204.84496  RMSG = 1.5625072e-02
 MIN: Iter =   39  NFunc =  1073  E =    -204.84709  RMSG = 2.2509014e-02
 MIN: Iter =   40  NFunc =  1124  E =    -204.84988  RMSG = 2.9094198e-02
 MIN: Iter =   41  NFunc =  1147  E =    -204.85125  RMSG = 1.2769352e-02
 MIN: Iter =   42  NFunc =  1198  E =    -204.85371  RMSG = 5.7369239e-02
 MIN: Iter =   43  NFunc =  1205  E =    -204.85473  RMSG = 2.0193357e-02
 MIN: Iter =   44  NFunc =  1238  E =    -204.85638  RMSG = 2.6144339e-02
 MIN: Iter =   45  NFunc =  1289  E =    -204.85812  RMSG = 2.0864730e-02
 MIN: Iter =   46  NFunc =  1328  E =    -204.85946  RMSG = 2.0649460e-02
 MIN: Iter =   47  NFunc =  1379  E =    -204.86051  RMSG = 2.1945386e-02
 MIN: Iter =   48  NFunc =  1430  E =    -204.86193  RMSG = 4.1407833e-02
 MIN: Iter =   49  NFunc =  1440  E =    -204.86278  RMSG = 1.4291329e-02
 MIN: Iter =   50  NFunc =  1492  E =    -204.86441  RMSG = 3.5540965e-02
 MIN: Iter =   51  NFunc =  1502  E =    -204.86591  RMSG = 7.8666941e-02
 MIN: Iter =   52  NFunc =  1508  E =    -204.86830  RMSG = 2.8694773e-02
 MIN: Iter =   53  NFunc =  1523  E =    -204.87005  RMSG = 4.3586945e-02
 MIN: Iter =   54  NFunc =  1531  E =    -204.87243  RMSG = 5.6837566e-02
 MIN: Iter =   55  NFunc =  1538  E =    -204.87488  RMSG = 3.4352418e-02
 MIN: Iter =   56  NFunc =  1545  E =    -204.87660  RMSG = 7.0267237e-02
 MIN: Iter =   57  NFunc =  1552  E =    -204.87933  RMSG = 3.0471602e-02
 MIN: Iter =   58  NFunc =  1559  E =    -204.88042  RMSG = 2.6713508e-02
 MIN: Iter =   59  NFunc =  1565  E =    -204.88150  RMSG = 7.4442148e-02
 MIN: Iter =   60  NFunc =  1572  E =    -204.88337  RMSG = 2.1498542e-02
 MIN: Iter =   61  NFunc =  1583  E =    -204.88478  RMSG = 3.1076839e-02
 MIN: Iter =   62  NFunc =  1589  E =    -204.88567  RMSG = 2.8432336e-02
 MIN: Iter =   63  NFunc =  1603  E =    -204.88700  RMSG = 4.3726706e-02
 MIN: Iter =   64  NFunc =  1654  E =    -204.89707  RMSG = 7.4985664e-02
 MIN: Iter =   65  NFunc =  1681  E =    -204.90326  RMSG = 2.9943084e-02
 MIN: Iter =   66  NFunc =  1733  E =    -204.90775  RMSG = 6.4531161e-02
 MIN: Iter =   67  NFunc =  1742  E =    -204.91001  RMSG = 2.2752440e-02
 MIN: Iter =   68  NFunc =  1781  E =    -204.91323  RMSG = 4.8711496e-02
 MIN: Iter =   69  NFunc =  1791  E =    -204.91465  RMSG = 1.9334663e-02
 MIN: Iter =   70  NFunc =  1804  E =    -204.91576  RMSG = 3.3117266e-02
 MIN: Iter =   71  NFunc =  1810  E =    -204.91608  RMSG = 1.2330809e-02
 MIN: Iter =   72  NFunc =  1848  E =    -204.91714  RMSG = 3.8371118e-02
 MIN: Iter =   73  NFunc =  1854  E =    -204.91749  RMSG = 8.3584872e-03
 MIN: Iter =   74  NFunc =  1905  E =    -204.91983  RMSG = 3.5850786e-02
 MIN: Iter =   75  NFunc =  1914  E =    -204.92042  RMSG = 1.3082312e-02
 MIN: Iter =   76  NFunc =  1965  E =    -204.92368  RMSG = 5.4753264e-02
 MIN: Iter =   77  NFunc =  1971  E =    -204.92452  RMSG = 1.7038210e-02
 MIN: Iter =   78  NFunc =  2022  E =    -204.92724  RMSG = 4.5719543e-02
 MIN: Iter =   79  NFunc =  2029  E =    -204.92795  RMSG = 1.6685450e-02
 MIN: Iter =   80  NFunc =  2064  E =    -204.92972  RMSG = 3.7433384e-02
 MIN: Iter =   81  NFunc =  2070  E =    -204.93006  RMSG = 1.1966919e-02
 MIN: Iter =   82  NFunc =  2121  E =    -204.93204  RMSG = 1.5842083e-02
 MIN: Iter =   83  NFunc =  2172  E =    -204.93489  RMSG = 2.4003227e-02
 MIN: Iter =   84  NFunc =  2208  E =    -204.93667  RMSG = 1.3534753e-02
 MIN: Iter =   85  NFunc =  2259  E =    -204.94000  RMSG = 3.1114435e-02
 MIN: Iter =   86  NFunc =  2285  E =    -204.94271  RMSG = 2.1157180e-02
 MIN: Iter =   87  NFunc =  2319  E =    -204.94473  RMSG = 1.6094182e-02
 MIN: Iter =   88  NFunc =  2370  E =    -204.94596  RMSG = 1.1222582e-02
 MIN: Iter =   89  NFunc =  2421  E =    -204.94643  RMSG = 5.4456950e-03
 MIN: Iter =   90  NFunc =  2472  E =    -204.94659  RMSG = 3.8250770e-03
 MIN: Iter =   91  NFunc =  2523  E =    -204.94677  RMSG = 3.6677729e-03
 MIN: Iter =   92  NFunc =  2561  E =    -204.94684  RMSG = 2.1092573e-03
 MIN: Iter =   93  NFunc =  2612  E =    -204.94689  RMSG = 1.9502571e-03
 MIN: Iter =   94  NFunc =  2633  E =    -204.94690  RMSG = 1.2762534e-03
 MIN: Iter =   95  NFunc =  2684  E =    -204.94693  RMSG = 1.3885810e-03
 MIN: Iter =   96  NFunc =  2735  E =    -204.94695  RMSG = 1.3498326e-03
 MIN: Iter =   97  NFunc =  2786  E =    -204.94696  RMSG = 1.0863772e-03
 MIN: Iter =   98  NFunc =  2836  E =    -204.94698  RMSG = 6.6941748e-04
 MIN: Iter =   99  NFunc =  2886  E =    -204.94698  RMSG = 4.3624022e-04
----------------------------------------------------------------
 END:          :-)  E =    -204.94698  RMSG =   0.0004362

     bond:      3.400951115
    angle:     30.715671931
 dihedral:     74.811809347
    enb14:     18.171209813
    eel14:   -160.134096495
      enb:     -9.838544119
      eel:    -90.437074214
      egb:    -71.636905836
    econs:      0.000000000
    esurf:      0.000000000
    Total:   -204.946978457
     frms:      0.000436240
====== rms.dat  ======================================================
#Frame      all_heavy
       1       0.9569
