====== tleap.out =====================================================
-I: Adding /home/case/amber24/dat/leap/prep to search path.
-I: Adding /home/case/amber24/dat/leap/lib to search path.
-I: Adding /home/case/amber24/dat/leap/parm to search path.
-I: Adding /home/case/amber24/dat/leap/cmd to search path.
-f: Source leap.in.

Welcome to LEaP!
(no leaprc in search path)
Sourcing: ./leap.in
Using Bondi radii
----- Source: /home/case/amber24/dat/leap/cmd/leaprc.gaff2
----- Source of /home/case/amber24/dat/leap/cmd/leaprc.gaff2 done
Log file: ./leap.log
Loading parameters: /home/case/amber24/dat/leap/parm/gaff2.dat
Reading title:
AMBER General Force Field for organic molecules (Version 2.2.20, March 2021)
Loading parameters: ./7RO.frcmod
Reading force field modification type file (frcmod)
Reading title:
Remark line goes here
Loading Mol2 file: ./7RO.mol2
Reading MOLECULE named 7RO
Checking Unit.
Building topology.
"order_residues" off: keep input residue order.
Building atom parameters.
Building bond parameters.
Building angle parameters.
Building proper torsion parameters.
Building improper torsion parameters.
 total 22 improper torsions applied
Building H-Bond parameters.
Incorporating Non-Bonded adjustments.
Not Marking per-residue atom chain types.
Marking per-residue atom chain types.
  (Residues lacking connect0/connect1 - 
   these don't have chain types marked:

	res	total affected

	7RO	1
  )
 (no restraints)
	Quit

Exiting LEaP: Errors = 0; Warnings = 0; Notes = 0.
====== min.o =========================================================
Reading parm file (7RO.parm7)
title:
7RO                                                                             
no velocities were found
no velocities were found
	mm_options:  ntpr=5
	mm_options:  gb=1
	mm_options:  kappa=0.10395
	mm_options:  rgbmax=99.
	mm_options:  cut=99.0
	mm_options:  wcons=0.
     bond:      6.364467728
    angle:     50.078754628
 dihedral:     55.670844082
    enb14:     15.161014446
    eel14:   -250.592295523
      enb:      2.015169139
      eel:     90.463346050
      egb:    -30.857621900
    econs:      0.000000000
    esurf:      0.000000000
    Total:    -61.696321352
     frms:     13.416971378
Starting TNCG minimisation
 MIN: Iter =    0  NFunc =     1  E =     -61.69632  RMSG = 1.3416971e+01
 MIN: Iter =    1  NFunc =     7  E =     -79.54662  RMSG = 4.1529214e+00
 MIN: Iter =    2  NFunc =    24  E =     -84.54569  RMSG = 3.2812731e+00
 MIN: Iter =    3  NFunc =    32  E =     -88.24765  RMSG = 2.4607592e+00
 MIN: Iter =    4  NFunc =    38  E =     -91.11806  RMSG = 1.3724612e+00
 MIN: Iter =    5  NFunc =    44  E =     -92.50511  RMSG = 8.3548784e-01
 MIN: Iter =    6  NFunc =    70  E =     -93.94487  RMSG = 7.5826159e-01
 MIN: Iter =    7  NFunc =    83  E =     -94.97575  RMSG = 6.9374856e-01
 MIN: Iter =    8  NFunc =    89  E =     -95.80595  RMSG = 6.5428511e-01
 MIN: Iter =    9  NFunc =    95  E =     -96.37441  RMSG = 5.2669678e-01
 MIN: Iter =   10  NFunc =   101  E =     -96.68655  RMSG = 4.0326504e-01
 MIN: Iter =   11  NFunc =   109  E =     -96.85731  RMSG = 3.0092067e-01
 MIN: Iter =   12  NFunc =   137  E =     -97.08870  RMSG = 2.7138170e-01
 MIN: Iter =   13  NFunc =   159  E =     -97.16660  RMSG = 1.4268234e-01
 MIN: Iter =   14  NFunc =   194  E =     -97.23624  RMSG = 2.2554747e-01
 MIN: Iter =   15  NFunc =   201  E =     -97.24836  RMSG = 8.0837579e-02
 MIN: Iter =   16  NFunc =   247  E =     -97.26978  RMSG = 1.3443972e-01
 MIN: Iter =   17  NFunc =   253  E =     -97.27359  RMSG = 4.1109512e-02
 MIN: Iter =   18  NFunc =   300  E =     -97.28455  RMSG = 1.6689421e-01
 MIN: Iter =   19  NFunc =   306  E =     -97.28859  RMSG = 4.2920694e-02
 MIN: Iter =   20  NFunc =   354  E =     -97.29538  RMSG = 1.2680973e-01
 MIN: Iter =   21  NFunc =   360  E =     -97.29763  RMSG = 2.4015838e-02
 MIN: Iter =   22  NFunc =   396  E =     -97.30091  RMSG = 2.4707097e-02
 MIN: Iter =   23  NFunc =   447  E =     -97.30309  RMSG = 1.7601979e-02
 MIN: Iter =   24  NFunc =   498  E =     -97.30426  RMSG = 1.2606734e-02
 MIN: Iter =   25  NFunc =   525  E =     -97.30458  RMSG = 6.7556649e-03
 MIN: Iter =   26  NFunc =   568  E =     -97.30479  RMSG = 4.4857951e-03
 MIN: Iter =   27  NFunc =   616  E =     -97.30487  RMSG = 2.8133347e-03
 MIN: Iter =   28  NFunc =   667  E =     -97.30490  RMSG = 2.6940220e-03
 MIN: Iter =   29  NFunc =   718  E =     -97.30494  RMSG = 4.9077052e-03
 MIN: Iter =   30  NFunc =   727  E =     -97.30495  RMSG = 1.2888144e-03
 MIN: Iter =   31  NFunc =   762  E =     -97.30496  RMSG = 1.0401180e-03
 MIN: Iter =   32  NFunc =   813  E =     -97.30496  RMSG = 7.9211673e-04
 MIN: Iter =   33  NFunc =   864  E =     -97.30497  RMSG = 1.5529763e-03
 MIN: Iter =   34  NFunc =   881  E =     -97.30497  RMSG = 6.1210959e-04
 MIN: Iter =   35  NFunc =   909  E =     -97.30497  RMSG = 4.6505890e-04
----------------------------------------------------------------
 END:          :-)  E =     -97.30497  RMSG =   0.0004651

     bond:      2.591143421
    angle:     43.872536281
 dihedral:     39.978406085
    enb14:     11.577176500
    eel14:   -248.695808139
      enb:     -2.940914223
      eel:     90.347533196
      egb:    -34.035045768
    econs:      0.000000000
    esurf:      0.000000000
    Total:    -97.304972647
     frms:      0.000465059
====== rms.dat  ======================================================
#Frame      all_heavy
       1       0.3999
