====== tleap.out =====================================================
-I: Adding /home/case/amber24/dat/leap/prep to search path.
-I: Adding /home/case/amber24/dat/leap/lib to search path.
-I: Adding /home/case/amber24/dat/leap/parm to search path.
-I: Adding /home/case/amber24/dat/leap/cmd to search path.
-f: Source leap.in.

Welcome to LEaP!
(no leaprc in search path)
Sourcing: ./leap.in
Using Bondi radii
----- Source: /home/case/amber24/dat/leap/cmd/leaprc.gaff2
----- Source of /home/case/amber24/dat/leap/cmd/leaprc.gaff2 done
Log file: ./leap.log
Loading parameters: /home/case/amber24/dat/leap/parm/gaff2.dat
Reading title:
AMBER General Force Field for organic molecules (Version 2.2.20, March 2021)
Loading parameters: ./7V5.frcmod
Reading force field modification type file (frcmod)
Reading title:
Remark line goes here
Loading Mol2 file: ./7V5.mol2
Reading MOLECULE named 7V5
Checking Unit.

/home/case/amber24/bin/teLeap: Warning!
The unperturbed charge of the unit (2.000000) is not zero.

/home/case/amber24/bin/teLeap: Note.
Ignoring the warning from Unit Checking.

Building topology.
"order_residues" off: keep input residue order.
Building atom parameters.
Building bond parameters.
Building angle parameters.
Building proper torsion parameters.
Building improper torsion parameters.
 total 18 improper torsions applied
Building H-Bond parameters.
Incorporating Non-Bonded adjustments.
Not Marking per-residue atom chain types.
Marking per-residue atom chain types.
  (Residues lacking connect0/connect1 - 
   these don't have chain types marked:

	res	total affected

	7V5	1
  )
 (no restraints)
	Quit

Exiting LEaP: Errors = 0; Warnings = 1; Notes = 1.
====== min.o =========================================================
Reading parm file (7V5.parm7)
title:
7V5                                                                             
no velocities were found
no velocities were found
	mm_options:  ntpr=5
	mm_options:  gb=1
	mm_options:  kappa=0.10395
	mm_options:  rgbmax=99.
	mm_options:  cut=99.0
	mm_options:  wcons=0.
     bond:      7.527762282
    angle:     23.109656926
 dihedral:      0.938033849
    enb14:      9.783286339
    eel14:     -7.880856660
      enb:     -3.876299944
      eel:    141.690548762
      egb:   -155.813855798
    econs:      0.000000000
    esurf:      0.000000000
    Total:     15.478275757
     frms:     12.669592081
Starting TNCG minimisation
 MIN: Iter =    0  NFunc =     1  E =      15.47828  RMSG = 1.2669592e+01
 MIN: Iter =    1  NFunc =     7  E =       4.46340  RMSG = 2.6799412e+00
 MIN: Iter =    2  NFunc =    13  E =       2.77367  RMSG = 1.3195149e+00
 MIN: Iter =    3  NFunc =    27  E =       1.80143  RMSG = 4.8005810e-01
 MIN: Iter =    4  NFunc =    53  E =       1.54084  RMSG = 7.8889537e-01
 MIN: Iter =    5  NFunc =    59  E =       1.46493  RMSG = 2.8999277e-01
 MIN: Iter =    6  NFunc =    73  E =       1.38730  RMSG = 8.0484264e-01
 MIN: Iter =    7  NFunc =    79  E =       1.30173  RMSG = 2.2719430e-01
 MIN: Iter =    8  NFunc =    89  E =       1.26866  RMSG = 3.7550215e-01
 MIN: Iter =    9  NFunc =    97  E =       1.23731  RMSG = 1.3347232e-01
 MIN: Iter =   10  NFunc =   148  E =       1.13731  RMSG = 7.5719563e-01
 MIN: Iter =   11  NFunc =   154  E =       1.05845  RMSG = 2.6017620e-01
 MIN: Iter =   12  NFunc =   199  E =       0.94764  RMSG = 5.7301045e-01
 MIN: Iter =   13  NFunc =   205  E =       0.87403  RMSG = 2.3593044e-01
 MIN: Iter =   14  NFunc =   224  E =       0.80545  RMSG = 6.8542922e-01
 MIN: Iter =   15  NFunc =   230  E =       0.74197  RMSG = 2.6538416e-01
 MIN: Iter =   16  NFunc =   244  E =       0.69712  RMSG = 5.7246843e-01
 MIN: Iter =   17  NFunc =   252  E =       0.63827  RMSG = 1.5470599e-01
 MIN: Iter =   18  NFunc =   272  E =       0.60430  RMSG = 5.2140756e-01
 MIN: Iter =   19  NFunc =   280  E =       0.56151  RMSG = 1.2527450e-01
 MIN: Iter =   20  NFunc =   298  E =       0.53879  RMSG = 1.4221493e-01
 MIN: Iter =   21  NFunc =   310  E =       0.51445  RMSG = 3.9742824e-01
 MIN: Iter =   22  NFunc =   318  E =       0.48737  RMSG = 1.0489426e-01
 MIN: Iter =   23  NFunc =   325  E =       0.47572  RMSG = 1.1862452e-01
 MIN: Iter =   24  NFunc =   334  E =       0.46569  RMSG = 1.7993436e-01
 MIN: Iter =   25  NFunc =   385  E =       0.38070  RMSG = 3.5671467e-01
 MIN: Iter =   26  NFunc =   393  E =       0.34933  RMSG = 1.1176720e-01
 MIN: Iter =   27  NFunc =   426  E =       0.31343  RMSG = 3.9368579e-01
 MIN: Iter =   28  NFunc =   432  E =       0.29371  RMSG = 1.2786690e-01
 MIN: Iter =   29  NFunc =   478  E =       0.26335  RMSG = 4.5616666e-01
 MIN: Iter =   30  NFunc =   484  E =       0.23972  RMSG = 1.2266375e-01
 MIN: Iter =   31  NFunc =   509  E =       0.22495  RMSG = 1.7949198e-01
 MIN: Iter =   32  NFunc =   517  E =       0.21925  RMSG = 5.1462046e-02
 MIN: Iter =   33  NFunc =   526  E =       0.21653  RMSG = 4.5368126e-02
 MIN: Iter =   34  NFunc =   538  E =       0.21517  RMSG = 1.9451984e-02
 MIN: Iter =   35  NFunc =   545  E =       0.21504  RMSG = 9.9312859e-03
 MIN: Iter =   36  NFunc =   573  E =       0.21488  RMSG = 5.0312771e-03
 MIN: Iter =   37  NFunc =   593  E =       0.21485  RMSG = 2.0943612e-03
 MIN: Iter =   38  NFunc =   644  E =       0.21483  RMSG = 1.6930932e-03
 MIN: Iter =   39  NFunc =   656  E =       0.21482  RMSG = 9.8051656e-04
 MIN: Iter =   40  NFunc =   687  E =       0.21482  RMSG = 7.0344798e-04
 MIN: Iter =   41  NFunc =   722  E =       0.21482  RMSG = 5.9643245e-04
 MIN: Iter =   42  NFunc =   736  E =       0.21482  RMSG = 3.8148864e-04
----------------------------------------------------------------
 END:          :-)  E =       0.21482  RMSG =   0.0003815

     bond:      2.325157735
    angle:     19.109032957
 dihedral:      3.380528019
    enb14:      7.196642182
    eel14:     -7.122272426
      enb:     -4.582107878
      eel:    133.751915342
      egb:   -153.844080792
    econs:      0.000000000
    esurf:      0.000000000
    Total:      0.214815140
     frms:      0.000381489
====== rms.dat  ======================================================
#Frame      all_heavy
       1       0.3873
