====== tleap.out =====================================================
-I: Adding /home/case/amber24/dat/leap/prep to search path.
-I: Adding /home/case/amber24/dat/leap/lib to search path.
-I: Adding /home/case/amber24/dat/leap/parm to search path.
-I: Adding /home/case/amber24/dat/leap/cmd to search path.
-f: Source leap.in.

Welcome to LEaP!
(no leaprc in search path)
Sourcing: ./leap.in
Using Bondi radii
----- Source: /home/case/amber24/dat/leap/cmd/leaprc.gaff2
----- Source of /home/case/amber24/dat/leap/cmd/leaprc.gaff2 done
Log file: ./leap.log
Loading parameters: /home/case/amber24/dat/leap/parm/gaff2.dat
Reading title:
AMBER General Force Field for organic molecules (Version 2.2.20, March 2021)
Loading parameters: ./7XS.frcmod
Reading force field modification type file (frcmod)
Reading title:
Remark line goes here
Loading Mol2 file: ./7XS.mol2
Reading MOLECULE named 7XS
Checking Unit.
Building topology.
"order_residues" off: keep input residue order.
Building atom parameters.
Building bond parameters.
Building angle parameters.
Building proper torsion parameters.

/home/case/amber24/bin/teLeap: Note.
1-4: angle 1 19 duplicates bond ('triangular' bond) or angle ('square' bond)


/home/case/amber24/bin/teLeap: Note.
1-4: angle 18 20 duplicates bond ('triangular' bond) or angle ('square' bond)

Building improper torsion parameters.
 total 13 improper torsions applied
Building H-Bond parameters.
Incorporating Non-Bonded adjustments.
Not Marking per-residue atom chain types.
Marking per-residue atom chain types.
  (Residues lacking connect0/connect1 - 
   these don't have chain types marked:

	res	total affected

	7XS	1
  )
 (no restraints)
	Quit

Exiting LEaP: Errors = 0; Warnings = 0; Notes = 2.
====== min.o =========================================================
Reading parm file (7XS.parm7)
title:
7XS                                                                             
no velocities were found
no velocities were found
	mm_options:  ntpr=5
	mm_options:  gb=1
	mm_options:  kappa=0.10395
	mm_options:  rgbmax=99.
	mm_options:  cut=99.0
	mm_options:  wcons=0.
     bond:      3.557422935
    angle:     31.690153285
 dihedral:     10.180993283
    enb14:     14.577237445
    eel14:   -105.823161252
      enb:     -3.159996860
      eel:     37.344008670
      egb:    -16.617410164
    econs:      0.000000000
    esurf:      0.000000000
    Total:    -28.250752659
     frms:      9.967642598
Starting TNCG minimisation
 MIN: Iter =    0  NFunc =     1  E =     -28.25075  RMSG = 9.9676426e+00
 MIN: Iter =    1  NFunc =     7  E =     -39.79266  RMSG = 2.6410348e+00
 MIN: Iter =    2  NFunc =    16  E =     -43.11863  RMSG = 1.2971355e+00
 MIN: Iter =    3  NFunc =    25  E =     -43.71332  RMSG = 5.8183509e-01
 MIN: Iter =    4  NFunc =    63  E =     -44.21772  RMSG = 5.7725440e-01
 MIN: Iter =    5  NFunc =    82  E =     -44.63339  RMSG = 6.0116920e-01
 MIN: Iter =    6  NFunc =    90  E =     -44.84605  RMSG = 3.7871822e-01
 MIN: Iter =    7  NFunc =   102  E =     -44.97612  RMSG = 3.0234792e-01
 MIN: Iter =    8  NFunc =   153  E =     -45.16635  RMSG = 5.1525076e-01
 MIN: Iter =    9  NFunc =   161  E =     -45.26307  RMSG = 2.5305351e-01
 MIN: Iter =   10  NFunc =   206  E =     -45.46636  RMSG = 5.9828981e-01
 MIN: Iter =   11  NFunc =   239  E =     -45.73451  RMSG = 8.7798802e-01
 MIN: Iter =   12  NFunc =   245  E =     -46.07107  RMSG = 7.0228694e-01
 MIN: Iter =   13  NFunc =   261  E =     -46.51619  RMSG = 9.3257933e-01
 MIN: Iter =   14  NFunc =   269  E =     -47.10745  RMSG = 9.3024630e-01
 MIN: Iter =   15  NFunc =   275  E =     -47.60739  RMSG = 7.2245790e-01
 MIN: Iter =   16  NFunc =   286  E =     -48.10417  RMSG = 5.9021065e-01
 MIN: Iter =   17  NFunc =   319  E =     -48.56354  RMSG = 5.2726964e-01
 MIN: Iter =   18  NFunc =   335  E =     -48.91400  RMSG = 4.5124166e-01
 MIN: Iter =   19  NFunc =   342  E =     -49.04137  RMSG = 2.6125294e-01
 MIN: Iter =   20  NFunc =   356  E =     -49.15598  RMSG = 2.2534135e-01
 MIN: Iter =   21  NFunc =   388  E =     -49.36078  RMSG = 4.4899555e-01
 MIN: Iter =   22  NFunc =   397  E =     -49.40494  RMSG = 1.4788216e-01
 MIN: Iter =   23  NFunc =   448  E =     -49.51789  RMSG = 4.2939856e-01
 MIN: Iter =   24  NFunc =   454  E =     -49.61348  RMSG = 4.0679686e-01
 MIN: Iter =   25  NFunc =   460  E =     -49.68885  RMSG = 3.1103072e-01
 MIN: Iter =   26  NFunc =   472  E =     -49.76852  RMSG = 4.2931693e-01
 MIN: Iter =   27  NFunc =   478  E =     -49.81387  RMSG = 1.9919639e-01
 MIN: Iter =   28  NFunc =   509  E =     -49.84878  RMSG = 4.9893723e-01
 MIN: Iter =   29  NFunc =   515  E =     -49.87942  RMSG = 8.4435143e-02
 MIN: Iter =   30  NFunc =   540  E =     -49.89560  RMSG = 1.4151755e-01
 MIN: Iter =   31  NFunc =   555  E =     -49.90652  RMSG = 1.0411097e-01
 MIN: Iter =   32  NFunc =   563  E =     -49.91187  RMSG = 7.1608005e-02
 MIN: Iter =   33  NFunc =   571  E =     -49.91565  RMSG = 7.5833318e-02
 MIN: Iter =   34  NFunc =   616  E =     -49.92872  RMSG = 1.1720650e-01
 MIN: Iter =   35  NFunc =   641  E =     -49.94330  RMSG = 1.7515405e-01
 MIN: Iter =   36  NFunc =   650  E =     -49.94910  RMSG = 5.6464315e-02
 MIN: Iter =   37  NFunc =   663  E =     -49.95378  RMSG = 1.3010370e-01
 MIN: Iter =   38  NFunc =   669  E =     -49.95602  RMSG = 3.6995772e-02
 MIN: Iter =   39  NFunc =   721  E =     -49.96258  RMSG = 8.6220945e-02
 MIN: Iter =   40  NFunc =   727  E =     -49.96469  RMSG = 3.9792699e-02
 MIN: Iter =   41  NFunc =   749  E =     -49.96835  RMSG = 6.7533888e-02
 MIN: Iter =   42  NFunc =   755  E =     -49.96911  RMSG = 2.5709217e-02
 MIN: Iter =   43  NFunc =   769  E =     -49.96981  RMSG = 1.3943601e-02
 MIN: Iter =   44  NFunc =   820  E =     -49.97169  RMSG = 5.6150288e-02
 MIN: Iter =   45  NFunc =   826  E =     -49.97214  RMSG = 1.6608214e-02
 MIN: Iter =   46  NFunc =   834  E =     -49.97229  RMSG = 9.5568791e-03
 MIN: Iter =   47  NFunc =   845  E =     -49.97237  RMSG = 5.1321173e-03
 MIN: Iter =   48  NFunc =   896  E =     -49.97287  RMSG = 8.9085053e-03
 MIN: Iter =   49  NFunc =   905  E =     -49.97294  RMSG = 5.5238050e-03
 MIN: Iter =   50  NFunc =   928  E =     -49.97301  RMSG = 2.7074589e-03
 MIN: Iter =   51  NFunc =   954  E =     -49.97306  RMSG = 2.6093707e-03
 MIN: Iter =   52  NFunc =   978  E =     -49.97308  RMSG = 1.9404885e-03
 MIN: Iter =   53  NFunc =  1009  E =     -49.97310  RMSG = 1.2314999e-03
 MIN: Iter =   54  NFunc =  1052  E =     -49.97311  RMSG = 1.0902403e-03
 MIN: Iter =   55  NFunc =  1076  E =     -49.97311  RMSG = 6.5984975e-04
 MIN: Iter =   56  NFunc =  1090  E =     -49.97311  RMSG = 4.7273074e-04
----------------------------------------------------------------
 END:          :-)  E =     -49.97311  RMSG =   0.0004727

     bond:      2.108799247
    angle:     18.532980298
 dihedral:     13.698990474
    enb14:     10.249785581
    eel14:   -109.104275120
      enb:     -6.875127384
      eel:     38.749080966
      egb:    -17.333347243
    econs:      0.000000000
    esurf:      0.000000000
    Total:    -49.973113180
     frms:      0.000472731
====== rms.dat  ======================================================
#Frame      all_heavy
       1       0.6602
