====== tleap.out =====================================================
-I: Adding /home/case/amber24/dat/leap/prep to search path.
-I: Adding /home/case/amber24/dat/leap/lib to search path.
-I: Adding /home/case/amber24/dat/leap/parm to search path.
-I: Adding /home/case/amber24/dat/leap/cmd to search path.
-f: Source leap.in.

Welcome to LEaP!
(no leaprc in search path)
Sourcing: ./leap.in
Using Bondi radii
----- Source: /home/case/amber24/dat/leap/cmd/leaprc.gaff2
----- Source of /home/case/amber24/dat/leap/cmd/leaprc.gaff2 done
Log file: ./leap.log
Loading parameters: /home/case/amber24/dat/leap/parm/gaff2.dat
Reading title:
AMBER General Force Field for organic molecules (Version 2.2.20, March 2021)
Loading parameters: ./7XW.frcmod
Reading force field modification type file (frcmod)
Reading title:
Remark line goes here
Loading Mol2 file: ./7XW.mol2
Reading MOLECULE named 7XW
Checking Unit.
Building topology.
"order_residues" off: keep input residue order.
Building atom parameters.
Building bond parameters.
Building angle parameters.
Building proper torsion parameters.
Building improper torsion parameters.
 total 14 improper torsions applied
Building H-Bond parameters.
Incorporating Non-Bonded adjustments.
Not Marking per-residue atom chain types.
Marking per-residue atom chain types.
  (Residues lacking connect0/connect1 - 
   these don't have chain types marked:

	res	total affected

	7XW	1
  )
 (no restraints)
	Quit

Exiting LEaP: Errors = 0; Warnings = 0; Notes = 0.
====== min.o =========================================================
Reading parm file (7XW.parm7)
title:
7XW                                                                             
no velocities were found
no velocities were found
	mm_options:  ntpr=5
	mm_options:  gb=1
	mm_options:  kappa=0.10395
	mm_options:  rgbmax=99.
	mm_options:  cut=99.0
	mm_options:  wcons=0.
     bond:      3.368776354
    angle:      3.750580472
 dihedral:     15.282604293
    enb14:     16.314807803
    eel14:     58.201195902
      enb:     -3.980909712
      eel:   -137.029503456
      egb:    -21.321095003
    econs:      0.000000000
    esurf:      0.000000000
    Total:    -65.413543347
     frms:     10.363618812
Starting TNCG minimisation
 MIN: Iter =    0  NFunc =     1  E =     -65.41354  RMSG = 1.0363619e+01
 MIN: Iter =    1  NFunc =     7  E =     -76.19527  RMSG = 2.9866882e+00
 MIN: Iter =    2  NFunc =    14  E =     -78.04971  RMSG = 1.2360571e+00
 MIN: Iter =    3  NFunc =    22  E =     -78.44887  RMSG = 5.0011322e-01
 MIN: Iter =    4  NFunc =    29  E =     -78.50643  RMSG = 2.1639611e-01
 MIN: Iter =    5  NFunc =    69  E =     -78.68099  RMSG = 6.3438938e-01
 MIN: Iter =    6  NFunc =    75  E =     -78.75297  RMSG = 2.5861704e-01
 MIN: Iter =    7  NFunc =   102  E =     -78.84696  RMSG = 6.4041364e-01
 MIN: Iter =    8  NFunc =   108  E =     -78.90188  RMSG = 2.0672748e-01
 MIN: Iter =    9  NFunc =   130  E =     -78.93706  RMSG = 4.7964560e-01
 MIN: Iter =   10  NFunc =   136  E =     -78.96200  RMSG = 1.2870808e-01
 MIN: Iter =   11  NFunc =   151  E =     -78.97582  RMSG = 8.4979359e-02
 MIN: Iter =   12  NFunc =   176  E =     -78.98733  RMSG = 5.6123148e-02
 MIN: Iter =   13  NFunc =   216  E =     -79.00120  RMSG = 7.0172312e-02
 MIN: Iter =   14  NFunc =   222  E =     -79.00193  RMSG = 2.4973765e-02
 MIN: Iter =   15  NFunc =   234  E =     -79.00252  RMSG = 1.7027762e-02
 MIN: Iter =   16  NFunc =   243  E =     -79.00268  RMSG = 9.6643579e-03
 MIN: Iter =   17  NFunc =   268  E =     -79.00284  RMSG = 5.3529246e-03
 MIN: Iter =   18  NFunc =   299  E =     -79.00292  RMSG = 3.3679030e-03
 MIN: Iter =   19  NFunc =   323  E =     -79.00300  RMSG = 4.3372277e-03
 MIN: Iter =   20  NFunc =   341  E =     -79.00303  RMSG = 2.7115354e-03
 MIN: Iter =   21  NFunc =   370  E =     -79.00306  RMSG = 2.1537520e-03
 MIN: Iter =   22  NFunc =   409  E =     -79.00309  RMSG = 2.5667103e-03
 MIN: Iter =   23  NFunc =   457  E =     -79.00313  RMSG = 2.3412231e-03
 MIN: Iter =   24  NFunc =   506  E =     -79.00315  RMSG = 2.1504414e-03
 MIN: Iter =   25  NFunc =   546  E =     -79.00317  RMSG = 1.3520602e-03
 MIN: Iter =   26  NFunc =   553  E =     -79.00317  RMSG = 8.6987705e-04
 MIN: Iter =   27  NFunc =   573  E =     -79.00317  RMSG = 6.4912959e-04
 MIN: Iter =   28  NFunc =   582  E =     -79.00317  RMSG = 3.6285527e-04
----------------------------------------------------------------
 END:          :-)  E =     -79.00317  RMSG =   0.0003629

     bond:      1.903645186
    angle:      2.644610768
 dihedral:     15.392137564
    enb14:     10.511185055
    eel14:     48.855931801
      enb:     -5.038049746
      eel:   -130.112421121
      egb:    -23.160207566
    econs:      0.000000000
    esurf:      0.000000000
    Total:    -79.003168060
     frms:      0.000362855
====== rms.dat  ======================================================
#Frame      all_heavy
       1       0.2133
