====== tleap.out =====================================================
-I: Adding /home/case/amber24/dat/leap/prep to search path.
-I: Adding /home/case/amber24/dat/leap/lib to search path.
-I: Adding /home/case/amber24/dat/leap/parm to search path.
-I: Adding /home/case/amber24/dat/leap/cmd to search path.
-f: Source leap.in.

Welcome to LEaP!
(no leaprc in search path)
Sourcing: ./leap.in
Using Bondi radii
----- Source: /home/case/amber24/dat/leap/cmd/leaprc.gaff2
----- Source of /home/case/amber24/dat/leap/cmd/leaprc.gaff2 done
Log file: ./leap.log
Loading parameters: /home/case/amber24/dat/leap/parm/gaff2.dat
Reading title:
AMBER General Force Field for organic molecules (Version 2.2.20, March 2021)
Loading parameters: ./7ZO.frcmod
Reading force field modification type file (frcmod)
Reading title:
Remark line goes here
Loading Mol2 file: ./7ZO.mol2
Reading MOLECULE named 7ZO
Checking Unit.
Building topology.
"order_residues" off: keep input residue order.
Building atom parameters.
Building bond parameters.
Building angle parameters.
Building proper torsion parameters.
Building improper torsion parameters.
 total 13 improper torsions applied
Building H-Bond parameters.
Incorporating Non-Bonded adjustments.
Not Marking per-residue atom chain types.
Marking per-residue atom chain types.
  (Residues lacking connect0/connect1 - 
   these don't have chain types marked:

	res	total affected

	7ZO	1
  )
 (no restraints)
	Quit

Exiting LEaP: Errors = 0; Warnings = 0; Notes = 0.
====== min.o =========================================================
Reading parm file (7ZO.parm7)
title:
7ZO                                                                             
no velocities were found
no velocities were found
	mm_options:  ntpr=5
	mm_options:  gb=1
	mm_options:  kappa=0.10395
	mm_options:  rgbmax=99.
	mm_options:  cut=99.0
	mm_options:  wcons=0.
     bond:      2.346388991
    angle:     19.672274506
 dihedral:     31.965423201
    enb14:      9.851302258
    eel14:    -84.661585486
      enb:     -1.240259376
      eel:     24.689175362
      egb:    -13.881675743
    econs:      0.000000000
    esurf:      0.000000000
    Total:    -11.258956286
     frms:     13.612521731
Starting TNCG minimisation
 MIN: Iter =    0  NFunc =     1  E =     -11.25896  RMSG = 1.3612522e+01
 MIN: Iter =    1  NFunc =     7  E =     -18.40256  RMSG = 1.9172806e+00
 MIN: Iter =    2  NFunc =    14  E =     -19.31334  RMSG = 1.0680819e+00
 MIN: Iter =    3  NFunc =    20  E =     -19.52361  RMSG = 5.7080326e-01
 MIN: Iter =    4  NFunc =    45  E =     -19.92016  RMSG = 8.6159197e-01
 MIN: Iter =    5  NFunc =    51  E =     -19.97543  RMSG = 2.2186613e-01
 MIN: Iter =    6  NFunc =    76  E =     -20.10681  RMSG = 5.7724823e-01
 MIN: Iter =    7  NFunc =    82  E =     -20.13800  RMSG = 2.3478674e-01
 MIN: Iter =    8  NFunc =    93  E =     -20.16518  RMSG = 2.6913588e-01
 MIN: Iter =    9  NFunc =    99  E =     -20.16865  RMSG = 7.5030636e-02
 MIN: Iter =   10  NFunc =   121  E =     -20.17921  RMSG = 1.5434836e-01
 MIN: Iter =   11  NFunc =   127  E =     -20.18003  RMSG = 3.4265346e-02
 MIN: Iter =   12  NFunc =   135  E =     -20.18040  RMSG = 2.0293585e-02
 MIN: Iter =   13  NFunc =   166  E =     -20.18146  RMSG = 1.5757302e-02
 MIN: Iter =   14  NFunc =   187  E =     -20.18164  RMSG = 7.2740379e-03
 MIN: Iter =   15  NFunc =   195  E =     -20.18165  RMSG = 2.4907505e-03
 MIN: Iter =   16  NFunc =   222  E =     -20.18166  RMSG = 1.2980741e-03
 MIN: Iter =   17  NFunc =   232  E =     -20.18166  RMSG = 5.7897636e-04
 MIN: Iter =   18  NFunc =   262  E =     -20.18166  RMSG = 6.4756079e-04
 MIN: Iter =   19  NFunc =   269  E =     -20.18166  RMSG = 3.1526665e-04
----------------------------------------------------------------
 END:          :-)  E =     -20.18166  RMSG =   0.0003153

     bond:      1.153764658
    angle:     17.177503658
 dihedral:     29.960094954
    enb14:      7.152730256
    eel14:    -83.698208327
      enb:     -1.351500962
      eel:     24.149109478
      egb:    -14.725155660
    econs:      0.000000000
    esurf:      0.000000000
    Total:    -20.181661945
     frms:      0.000315267
====== rms.dat  ======================================================
#Frame      all_heavy
       1       0.2018
