====== tleap.out =====================================================
-I: Adding /home/case/amber24/dat/leap/prep to search path.
-I: Adding /home/case/amber24/dat/leap/lib to search path.
-I: Adding /home/case/amber24/dat/leap/parm to search path.
-I: Adding /home/case/amber24/dat/leap/cmd to search path.
-f: Source leap.in.

Welcome to LEaP!
(no leaprc in search path)
Sourcing: ./leap.in
Using Bondi radii
----- Source: /home/case/amber24/dat/leap/cmd/leaprc.gaff2
----- Source of /home/case/amber24/dat/leap/cmd/leaprc.gaff2 done
Log file: ./leap.log
Loading parameters: /home/case/amber24/dat/leap/parm/gaff2.dat
Reading title:
AMBER General Force Field for organic molecules (Version 2.2.20, March 2021)
Loading parameters: ./7ZU.frcmod
Reading force field modification type file (frcmod)
Reading title:
Remark line goes here
Loading Mol2 file: ./7ZU.mol2
Reading MOLECULE named 7ZU
Checking Unit.
Building topology.
"order_residues" off: keep input residue order.
Building atom parameters.
Building bond parameters.
Building angle parameters.
Building proper torsion parameters.
Building improper torsion parameters.
 total 8 improper torsions applied
Building H-Bond parameters.
Incorporating Non-Bonded adjustments.
Not Marking per-residue atom chain types.
Marking per-residue atom chain types.
  (Residues lacking connect0/connect1 - 
   these don't have chain types marked:

	res	total affected

	7ZU	1
  )
 (no restraints)
	Quit

Exiting LEaP: Errors = 0; Warnings = 0; Notes = 0.
====== min.o =========================================================
Reading parm file (7ZU.parm7)
title:
7ZU                                                                             
no velocities were found
no velocities were found
	mm_options:  ntpr=5
	mm_options:  gb=1
	mm_options:  kappa=0.10395
	mm_options:  rgbmax=99.
	mm_options:  cut=99.0
	mm_options:  wcons=0.
     bond:      1.660822871
    angle:     14.881025282
 dihedral:     19.814423409
    enb14:     16.152074230
    eel14:    -40.911979265
      enb:     -1.977322770
      eel:      1.669638509
      egb:    -17.578818644
    econs:      0.000000000
    esurf:      0.000000000
    Total:     -6.290136377
     frms:      7.246327984
Starting TNCG minimisation
 MIN: Iter =    0  NFunc =     1  E =      -6.29014  RMSG = 7.2463280e+00
 MIN: Iter =    1  NFunc =     8  E =     -17.32053  RMSG = 2.1334911e+00
 MIN: Iter =    2  NFunc =    18  E =     -19.37206  RMSG = 8.4986600e-01
 MIN: Iter =    3  NFunc =    31  E =     -20.09835  RMSG = 2.1431199e+00
 MIN: Iter =    4  NFunc =    37  E =     -20.48765  RMSG = 4.0261744e-01
 MIN: Iter =    5  NFunc =    88  E =     -20.68487  RMSG = 1.5092413e+00
 MIN: Iter =    6  NFunc =    94  E =     -21.00199  RMSG = 6.6157157e-01
 MIN: Iter =    7  NFunc =   100  E =     -21.20187  RMSG = 1.6022540e+00
 MIN: Iter =    8  NFunc =   106  E =     -21.48963  RMSG = 4.1573936e-01
 MIN: Iter =    9  NFunc =   113  E =     -21.58599  RMSG = 5.0631927e-01
 MIN: Iter =   10  NFunc =   119  E =     -21.67967  RMSG = 4.8860422e-01
 MIN: Iter =   11  NFunc =   125  E =     -21.73450  RMSG = 1.6781213e-01
 MIN: Iter =   12  NFunc =   158  E =     -21.82806  RMSG = 4.4639600e-01
 MIN: Iter =   13  NFunc =   164  E =     -21.85522  RMSG = 1.3255722e-01
 MIN: Iter =   14  NFunc =   215  E =     -21.97271  RMSG = 4.0222494e-01
 MIN: Iter =   15  NFunc =   224  E =     -22.05279  RMSG = 1.9440194e-01
 MIN: Iter =   16  NFunc =   239  E =     -22.12585  RMSG = 4.4348221e-01
 MIN: Iter =   17  NFunc =   246  E =     -22.18434  RMSG = 1.1933423e-01
 MIN: Iter =   18  NFunc =   278  E =     -22.22698  RMSG = 3.7912685e-01
 MIN: Iter =   19  NFunc =   285  E =     -22.26463  RMSG = 1.0014995e-01
 MIN: Iter =   20  NFunc =   300  E =     -22.28283  RMSG = 9.4956127e-02
 MIN: Iter =   21  NFunc =   311  E =     -22.29626  RMSG = 9.5596119e-02
 MIN: Iter =   22  NFunc =   327  E =     -22.30725  RMSG = 9.3517665e-02
 MIN: Iter =   23  NFunc =   375  E =     -22.34610  RMSG = 2.1022379e-01
 MIN: Iter =   24  NFunc =   382  E =     -22.35600  RMSG = 6.5662437e-02
 MIN: Iter =   25  NFunc =   412  E =     -22.37436  RMSG = 1.9266676e-01
 MIN: Iter =   26  NFunc =   418  E =     -22.38005  RMSG = 5.3647814e-02
 MIN: Iter =   27  NFunc =   445  E =     -22.38571  RMSG = 3.2223254e-02
 MIN: Iter =   28  NFunc =   496  E =     -22.39262  RMSG = 7.6610531e-02
 MIN: Iter =   29  NFunc =   503  E =     -22.39444  RMSG = 2.2759549e-02
 MIN: Iter =   30  NFunc =   529  E =     -22.39742  RMSG = 6.5162979e-02
 MIN: Iter =   31  NFunc =   535  E =     -22.39830  RMSG = 2.2702479e-02
 MIN: Iter =   32  NFunc =   564  E =     -22.40049  RMSG = 3.0909160e-02
 MIN: Iter =   33  NFunc =   596  E =     -22.40190  RMSG = 1.0101653e-02
 MIN: Iter =   34  NFunc =   644  E =     -22.40271  RMSG = 6.5669505e-03
 MIN: Iter =   35  NFunc =   687  E =     -22.40306  RMSG = 5.0053593e-03
 MIN: Iter =   36  NFunc =   715  E =     -22.40315  RMSG = 2.9882804e-03
 MIN: Iter =   37  NFunc =   753  E =     -22.40320  RMSG = 1.8764681e-03
 MIN: Iter =   38  NFunc =   804  E =     -22.40324  RMSG = 1.5348718e-03
 MIN: Iter =   39  NFunc =   832  E =     -22.40326  RMSG = 1.2799269e-03
 MIN: Iter =   40  NFunc =   844  E =     -22.40326  RMSG = 7.4638246e-04
 MIN: Iter =   41  NFunc =   895  E =     -22.40326  RMSG = 5.4935428e-04
 MIN: Iter =   42  NFunc =   946  E =     -22.40327  RMSG = 6.3567708e-04
 MIN: Iter =   43  NFunc =   997  E =     -22.40327  RMSG = 4.8466209e-04
----------------------------------------------------------------
 END:          :-)  E =     -22.40327  RMSG =   0.0004847

     bond:      2.709855946
    angle:     10.723737049
 dihedral:     18.208179175
    enb14:     11.071898222
    eel14:    -40.616636445
      enb:     -4.735209852
      eel:     -1.682070048
      egb:    -18.083025958
    econs:      0.000000000
    esurf:      0.000000000
    Total:    -22.403271911
     frms:      0.000484662
====== rms.dat  ======================================================
#Frame      all_heavy
       1       0.5101
