====== tleap.out =====================================================
-I: Adding /home/case/amber24/dat/leap/prep to search path.
-I: Adding /home/case/amber24/dat/leap/lib to search path.
-I: Adding /home/case/amber24/dat/leap/parm to search path.
-I: Adding /home/case/amber24/dat/leap/cmd to search path.
-f: Source leap.in.

Welcome to LEaP!
(no leaprc in search path)
Sourcing: ./leap.in
Using Bondi radii
----- Source: /home/case/amber24/dat/leap/cmd/leaprc.gaff2
----- Source of /home/case/amber24/dat/leap/cmd/leaprc.gaff2 done
Log file: ./leap.log
Loading parameters: /home/case/amber24/dat/leap/parm/gaff2.dat
Reading title:
AMBER General Force Field for organic molecules (Version 2.2.20, March 2021)
Loading parameters: ./30Z.frcmod
Reading force field modification type file (frcmod)
Reading title:
Remark line goes here
Loading Mol2 file: ./30Z.mol2
Reading MOLECULE named 30Z
Checking Unit.
Building topology.
"order_residues" off: keep input residue order.
Building atom parameters.
Building bond parameters.
Building angle parameters.
Building proper torsion parameters.
Building improper torsion parameters.
 total 12 improper torsions applied
Building H-Bond parameters.
Incorporating Non-Bonded adjustments.
Not Marking per-residue atom chain types.
Marking per-residue atom chain types.
  (Residues lacking connect0/connect1 - 
   these don't have chain types marked:

	res	total affected

	30Z	1
  )
 (no restraints)
	Quit

Exiting LEaP: Errors = 0; Warnings = 0; Notes = 0.
====== min.o =========================================================
Reading parm file (30Z.parm7)
title:
30Z                                                                             
no velocities were found
no velocities were found
	mm_options:  ntpr=5
	mm_options:  gb=1
	mm_options:  kappa=0.10395
	mm_options:  rgbmax=99.
	mm_options:  cut=99.0
	mm_options:  wcons=0.
     bond:      0.922160666
    angle:      3.780412949
 dihedral:      3.232317853
    enb14:     12.854838598
    eel14:     56.110580672
      enb:     -1.009132116
      eel:    -87.494518896
      egb:    -21.812491775
    econs:      0.000000000
    esurf:      0.000000000
    Total:    -33.415832049
     frms:      8.214722898
Starting TNCG minimisation
 MIN: Iter =    0  NFunc =     1  E =     -33.41583  RMSG = 8.2147229e+00
 MIN: Iter =    1  NFunc =     7  E =     -40.27401  RMSG = 2.0858560e+00
 MIN: Iter =    2  NFunc =    13  E =     -41.09006  RMSG = 8.8389296e-01
 MIN: Iter =    3  NFunc =    23  E =     -41.46231  RMSG = 3.6708540e-01
 MIN: Iter =    4  NFunc =    32  E =     -41.53609  RMSG = 1.5635093e-01
 MIN: Iter =    5  NFunc =    53  E =     -41.61475  RMSG = 1.5331939e-01
 MIN: Iter =    6  NFunc =   103  E =     -41.71358  RMSG = 3.7879616e-01
 MIN: Iter =    7  NFunc =   121  E =     -41.80237  RMSG = 4.1134377e-01
 MIN: Iter =    8  NFunc =   133  E =     -41.89817  RMSG = 3.9403772e-01
 MIN: Iter =    9  NFunc =   140  E =     -41.98038  RMSG = 3.8511761e-01
 MIN: Iter =   10  NFunc =   147  E =     -42.04339  RMSG = 3.0933043e-01
 MIN: Iter =   11  NFunc =   162  E =     -42.14328  RMSG = 4.6809855e-01
 MIN: Iter =   12  NFunc =   170  E =     -42.21018  RMSG = 2.2091128e-01
 MIN: Iter =   13  NFunc =   179  E =     -42.24587  RMSG = 2.4349508e-01
 MIN: Iter =   14  NFunc =   202  E =     -42.29197  RMSG = 1.7350433e-01
 MIN: Iter =   15  NFunc =   224  E =     -42.31429  RMSG = 1.0926024e-01
 MIN: Iter =   16  NFunc =   258  E =     -42.32963  RMSG = 1.0912444e-01
 MIN: Iter =   17  NFunc =   264  E =     -42.33154  RMSG = 4.2036759e-02
 MIN: Iter =   18  NFunc =   277  E =     -42.33344  RMSG = 2.5731032e-02
 MIN: Iter =   19  NFunc =   317  E =     -42.33517  RMSG = 2.5447285e-02
 MIN: Iter =   20  NFunc =   343  E =     -42.33609  RMSG = 1.4349251e-02
 MIN: Iter =   21  NFunc =   358  E =     -42.33624  RMSG = 6.4638918e-03
 MIN: Iter =   22  NFunc =   370  E =     -42.33626  RMSG = 2.6425610e-03
 MIN: Iter =   23  NFunc =   411  E =     -42.33631  RMSG = 2.0634897e-03
 MIN: Iter =   24  NFunc =   420  E =     -42.33631  RMSG = 1.1272092e-03
 MIN: Iter =   25  NFunc =   437  E =     -42.33631  RMSG = 7.1231336e-04
 MIN: Iter =   26  NFunc =   462  E =     -42.33631  RMSG = 2.9740260e-04
----------------------------------------------------------------
 END:          :-)  E =     -42.33631  RMSG =   0.0002974

     bond:      1.664115699
    angle:      2.142894783
 dihedral:      1.917346793
    enb14:      9.430970849
    eel14:     54.366657000
      enb:     -2.265444014
      eel:    -87.458394129
      egb:    -22.134459821
    econs:      0.000000000
    esurf:      0.000000000
    Total:    -42.336312840
     frms:      0.000297403
====== rms.dat  ======================================================
#Frame      all_heavy
       1       0.5103
