====== tleap.out =====================================================
-I: Adding /home/case/amber24/dat/leap/prep to search path.
-I: Adding /home/case/amber24/dat/leap/lib to search path.
-I: Adding /home/case/amber24/dat/leap/parm to search path.
-I: Adding /home/case/amber24/dat/leap/cmd to search path.
-f: Source leap.in.

Welcome to LEaP!
(no leaprc in search path)
Sourcing: ./leap.in
Using Bondi radii
----- Source: /home/case/amber24/dat/leap/cmd/leaprc.gaff2
----- Source of /home/case/amber24/dat/leap/cmd/leaprc.gaff2 done
Log file: ./leap.log
Loading parameters: /home/case/amber24/dat/leap/parm/gaff2.dat
Reading title:
AMBER General Force Field for organic molecules (Version 2.2.20, March 2021)
Loading parameters: ./33L.frcmod
Reading force field modification type file (frcmod)
Reading title:
Remark line goes here
Loading Mol2 file: ./33L.mol2
Reading MOLECULE named 33L
Checking Unit.
Building topology.
"order_residues" off: keep input residue order.
Building atom parameters.
Building bond parameters.
Building angle parameters.
Building proper torsion parameters.
Building improper torsion parameters.
 total 16 improper torsions applied
Building H-Bond parameters.
Incorporating Non-Bonded adjustments.
Not Marking per-residue atom chain types.
Marking per-residue atom chain types.
  (Residues lacking connect0/connect1 - 
   these don't have chain types marked:

	res	total affected

	33L	1
  )
 (no restraints)
	Quit

Exiting LEaP: Errors = 0; Warnings = 0; Notes = 0.
====== min.o =========================================================
Reading parm file (33L.parm7)
title:
33L                                                                             
no velocities were found
no velocities were found
	mm_options:  ntpr=5
	mm_options:  gb=1
	mm_options:  kappa=0.10395
	mm_options:  rgbmax=99.
	mm_options:  cut=99.0
	mm_options:  wcons=0.
     bond:      1.781488332
    angle:      1.520216205
 dihedral:     20.884082006
    enb14:     10.982769930
    eel14:    124.689965793
      enb:     -5.426726440
      eel:   -135.990330559
      egb:    -28.476965195
    econs:      0.000000000
    esurf:      0.000000000
    Total:    -10.035499929
     frms:      6.075604731
Starting TNCG minimisation
 MIN: Iter =    0  NFunc =     1  E =     -10.03550  RMSG = 6.0756047e+00
 MIN: Iter =    1  NFunc =     9  E =     -15.34641  RMSG = 2.1334405e+00
 MIN: Iter =    2  NFunc =    18  E =     -17.01000  RMSG = 1.1742516e+00
 MIN: Iter =    3  NFunc =    40  E =     -17.96775  RMSG = 1.3550678e+00
 MIN: Iter =    4  NFunc =    63  E =     -18.46127  RMSG = 9.5173996e-01
 MIN: Iter =    5  NFunc =    74  E =     -18.80071  RMSG = 6.8211774e-01
 MIN: Iter =    6  NFunc =    81  E =     -18.96404  RMSG = 4.2949521e-01
 MIN: Iter =    7  NFunc =   100  E =     -19.10963  RMSG = 4.1275002e-01
 MIN: Iter =    8  NFunc =   114  E =     -19.17265  RMSG = 1.5787059e-01
 MIN: Iter =    9  NFunc =   141  E =     -19.24285  RMSG = 4.0401008e-01
 MIN: Iter =   10  NFunc =   147  E =     -19.26856  RMSG = 1.2453684e-01
 MIN: Iter =   11  NFunc =   166  E =     -19.29549  RMSG = 2.3183686e-01
 MIN: Iter =   12  NFunc =   172  E =     -19.30447  RMSG = 7.8109887e-02
 MIN: Iter =   13  NFunc =   212  E =     -19.33089  RMSG = 1.8063843e-01
 MIN: Iter =   14  NFunc =   218  E =     -19.33599  RMSG = 6.9826956e-02
 MIN: Iter =   15  NFunc =   237  E =     -19.34294  RMSG = 1.3821108e-01
 MIN: Iter =   16  NFunc =   243  E =     -19.34551  RMSG = 4.5115699e-02
 MIN: Iter =   17  NFunc =   251  E =     -19.34633  RMSG = 2.4251513e-02
 MIN: Iter =   18  NFunc =   302  E =     -19.34895  RMSG = 2.8391154e-02
 MIN: Iter =   19  NFunc =   330  E =     -19.34988  RMSG = 1.4711049e-02
 MIN: Iter =   20  NFunc =   364  E =     -19.35068  RMSG = 2.0061910e-02
 MIN: Iter =   21  NFunc =   415  E =     -19.35160  RMSG = 4.1808058e-02
 MIN: Iter =   22  NFunc =   421  E =     -19.35179  RMSG = 1.3569026e-02
 MIN: Iter =   23  NFunc =   473  E =     -19.35271  RMSG = 3.3204333e-02
 MIN: Iter =   24  NFunc =   491  E =     -19.35333  RMSG = 5.6350320e-02
 MIN: Iter =   25  NFunc =   498  E =     -19.35371  RMSG = 1.8416676e-02
 MIN: Iter =   26  NFunc =   516  E =     -19.35408  RMSG = 1.9353573e-02
 MIN: Iter =   27  NFunc =   531  E =     -19.35439  RMSG = 3.7474552e-02
 MIN: Iter =   28  NFunc =   539  E =     -19.35462  RMSG = 1.4053357e-02
 MIN: Iter =   29  NFunc =   574  E =     -19.35513  RMSG = 3.1109778e-02
 MIN: Iter =   30  NFunc =   589  E =     -19.35568  RMSG = 2.5256266e-02
 MIN: Iter =   31  NFunc =   625  E =     -19.35617  RMSG = 5.9464959e-02
 MIN: Iter =   32  NFunc =   631  E =     -19.35647  RMSG = 1.0783455e-02
 MIN: Iter =   33  NFunc =   649  E =     -19.35663  RMSG = 1.3474344e-02
 MIN: Iter =   34  NFunc =   673  E =     -19.35677  RMSG = 6.1527625e-03
 MIN: Iter =   35  NFunc =   701  E =     -19.35688  RMSG = 1.4982861e-02
 MIN: Iter =   36  NFunc =   707  E =     -19.35689  RMSG = 4.0161234e-03
 MIN: Iter =   37  NFunc =   724  E =     -19.35691  RMSG = 1.9944866e-03
 MIN: Iter =   38  NFunc =   775  E =     -19.35694  RMSG = 3.5979060e-03
 MIN: Iter =   39  NFunc =   800  E =     -19.35695  RMSG = 1.6819500e-03
 MIN: Iter =   40  NFunc =   830  E =     -19.35696  RMSG = 1.2458187e-03
 MIN: Iter =   41  NFunc =   858  E =     -19.35697  RMSG = 1.1618510e-03
 MIN: Iter =   42  NFunc =   909  E =     -19.35698  RMSG = 2.0099578e-03
 MIN: Iter =   43  NFunc =   939  E =     -19.35698  RMSG = 1.0624262e-03
 MIN: Iter =   44  NFunc =   974  E =     -19.35698  RMSG = 5.4301103e-04
 MIN: Iter =   45  NFunc =  1012  E =     -19.35698  RMSG = 3.6537046e-04
----------------------------------------------------------------
 END:          :-)  E =     -19.35698  RMSG =   0.0003654

     bond:      1.344340294
    angle:      1.432766322
 dihedral:     15.913866557
    enb14:      8.299981379
    eel14:    120.755036291
      enb:     -4.859031493
      eel:   -131.178725058
      egb:    -31.065218945
    econs:      0.000000000
    esurf:      0.000000000
    Total:    -19.356984653
     frms:      0.000365370
====== rms.dat  ======================================================
#Frame      all_heavy
       1       0.3788
