====== tleap.out =====================================================
-I: Adding /home/case/amber24/dat/leap/prep to search path.
-I: Adding /home/case/amber24/dat/leap/lib to search path.
-I: Adding /home/case/amber24/dat/leap/parm to search path.
-I: Adding /home/case/amber24/dat/leap/cmd to search path.
-f: Source leap.in.

Welcome to LEaP!
(no leaprc in search path)
Sourcing: ./leap.in
Using Bondi radii
----- Source: /home/case/amber24/dat/leap/cmd/leaprc.gaff2
----- Source of /home/case/amber24/dat/leap/cmd/leaprc.gaff2 done
Log file: ./leap.log
Loading parameters: /home/case/amber24/dat/leap/parm/gaff2.dat
Reading title:
AMBER General Force Field for organic molecules (Version 2.2.20, March 2021)
Loading parameters: ./37K.frcmod
Reading force field modification type file (frcmod)
Reading title:
Remark line goes here
Loading Mol2 file: ./37K.mol2
Reading MOLECULE named 37K
Checking Unit.
Building topology.
"order_residues" off: keep input residue order.
Building atom parameters.
Building bond parameters.
Building angle parameters.
Building proper torsion parameters.
Building improper torsion parameters.
 total 23 improper torsions applied
Building H-Bond parameters.
Incorporating Non-Bonded adjustments.
Not Marking per-residue atom chain types.
Marking per-residue atom chain types.
  (Residues lacking connect0/connect1 - 
   these don't have chain types marked:

	res	total affected

	37K	1
  )
 (no restraints)
	Quit

Exiting LEaP: Errors = 0; Warnings = 0; Notes = 0.
====== min.o =========================================================
Reading parm file (37K.parm7)
title:
37K                                                                             
no velocities were found
no velocities were found
	mm_options:  ntpr=5
	mm_options:  gb=1
	mm_options:  kappa=0.10395
	mm_options:  rgbmax=99.
	mm_options:  cut=99.0
	mm_options:  wcons=0.
     bond:      4.708013147
    angle:     14.505615715
 dihedral:     54.029579319
    enb14:     41.671981052
    eel14:     86.585926612
      enb:    -10.633161101
      eel:    -56.321652818
      egb:    -33.580443136
    econs:      0.000000000
    esurf:      0.000000000
    Total:    100.965858790
     frms:      8.698862428
Starting TNCG minimisation
 MIN: Iter =    0  NFunc =     1  E =     100.96586  RMSG = 8.6988624e+00
 MIN: Iter =    1  NFunc =     9  E =      72.74241  RMSG = 4.3482230e+00
 MIN: Iter =    2  NFunc =    16  E =      66.28438  RMSG = 1.3313221e+00
 MIN: Iter =    3  NFunc =    26  E =      63.74680  RMSG = 6.1025165e-01
 MIN: Iter =    4  NFunc =    57  E =      61.67875  RMSG = 5.4665742e-01
 MIN: Iter =    5  NFunc =    73  E =      60.79461  RMSG = 4.5728361e-01
 MIN: Iter =    6  NFunc =   116  E =      60.25906  RMSG = 4.6018158e-01
 MIN: Iter =    7  NFunc =   137  E =      59.80050  RMSG = 4.4594600e-01
 MIN: Iter =    8  NFunc =   147  E =      59.43734  RMSG = 3.3939463e-01
 MIN: Iter =    9  NFunc =   155  E =      59.18705  RMSG = 2.9709698e-01
 MIN: Iter =   10  NFunc =   161  E =      59.01354  RMSG = 2.5068170e-01
 MIN: Iter =   11  NFunc =   172  E =      58.82744  RMSG = 2.2966060e-01
 MIN: Iter =   12  NFunc =   217  E =      58.60535  RMSG = 3.9396078e-01
 MIN: Iter =   13  NFunc =   223  E =      58.53333  RMSG = 1.5946585e-01
 MIN: Iter =   14  NFunc =   274  E =      58.40097  RMSG = 3.4123850e-01
 MIN: Iter =   15  NFunc =   280  E =      58.27465  RMSG = 4.3441505e-01
 MIN: Iter =   16  NFunc =   286  E =      58.10776  RMSG = 4.1168648e-01
 MIN: Iter =   17  NFunc =   292  E =      57.93824  RMSG = 4.2146655e-01
 MIN: Iter =   18  NFunc =   298  E =      57.76177  RMSG = 4.0577409e-01
 MIN: Iter =   19  NFunc =   305  E =      57.59229  RMSG = 3.8856358e-01
 MIN: Iter =   20  NFunc =   311  E =      57.44048  RMSG = 3.4860066e-01
 MIN: Iter =   21  NFunc =   320  E =      57.28386  RMSG = 3.5069994e-01
 MIN: Iter =   22  NFunc =   338  E =      57.07114  RMSG = 5.2288340e-01
 MIN: Iter =   23  NFunc =   356  E =      56.81301  RMSG = 2.8629913e-01
 MIN: Iter =   24  NFunc =   374  E =      56.59944  RMSG = 2.9579472e-01
 MIN: Iter =   25  NFunc =   387  E =      56.41686  RMSG = 2.9094580e-01
 MIN: Iter =   26  NFunc =   394  E =      56.29860  RMSG = 2.2667587e-01
 MIN: Iter =   27  NFunc =   404  E =      56.22290  RMSG = 1.9116298e-01
 MIN: Iter =   28  NFunc =   437  E =      56.07343  RMSG = 1.7752923e-01
 MIN: Iter =   29  NFunc =   488  E =      55.95776  RMSG = 1.6364958e-01
 MIN: Iter =   30  NFunc =   522  E =      55.85927  RMSG = 1.5656026e-01
 MIN: Iter =   31  NFunc =   531  E =      55.81490  RMSG = 1.1036286e-01
 MIN: Iter =   32  NFunc =   581  E =      55.74502  RMSG = 1.2187529e-01
 MIN: Iter =   33  NFunc =   605  E =      55.68132  RMSG = 1.2545669e-01
 MIN: Iter =   34  NFunc =   617  E =      55.63991  RMSG = 1.1943512e-01
 MIN: Iter =   35  NFunc =   624  E =      55.62448  RMSG = 8.3378587e-02
 MIN: Iter =   36  NFunc =   643  E =      55.60496  RMSG = 7.1358200e-02
 MIN: Iter =   37  NFunc =   694  E =      55.56451  RMSG = 1.4012864e-01
 MIN: Iter =   38  NFunc =   720  E =      55.53458  RMSG = 5.6762226e-02
 MIN: Iter =   39  NFunc =   743  E =      55.52339  RMSG = 3.2613784e-02
 MIN: Iter =   40  NFunc =   794  E =      55.51051  RMSG = 4.3650043e-02
 MIN: Iter =   41  NFunc =   845  E =      55.49577  RMSG = 5.4760572e-02
 MIN: Iter =   42  NFunc =   896  E =      55.48059  RMSG = 8.2532096e-02
 MIN: Iter =   43  NFunc =   905  E =      55.47535  RMSG = 3.1270261e-02
 MIN: Iter =   44  NFunc =   956  E =      55.45427  RMSG = 6.6995679e-02
 MIN: Iter =   45  NFunc =   966  E =      55.43653  RMSG = 8.8303183e-02
 MIN: Iter =   46  NFunc =   973  E =      55.42212  RMSG = 7.0469051e-02
 MIN: Iter =   47  NFunc =   997  E =      55.39715  RMSG = 7.9583588e-02
 MIN: Iter =   48  NFunc =  1018  E =      55.37591  RMSG = 6.6281964e-02
 MIN: Iter =   49  NFunc =  1035  E =      55.36299  RMSG = 6.8670243e-02
 MIN: Iter =   50  NFunc =  1043  E =      55.35773  RMSG = 3.4223452e-02
 MIN: Iter =   51  NFunc =  1058  E =      55.35283  RMSG = 3.6199410e-02
 MIN: Iter =   52  NFunc =  1109  E =      55.33623  RMSG = 5.6335977e-02
 MIN: Iter =   53  NFunc =  1130  E =      55.32746  RMSG = 3.3022974e-02
 MIN: Iter =   54  NFunc =  1181  E =      55.30082  RMSG = 1.7349398e-01
 MIN: Iter =   55  NFunc =  1187  E =      55.29017  RMSG = 5.5744934e-02
 MIN: Iter =   56  NFunc =  1238  E =      55.26029  RMSG = 1.3874406e-01
 MIN: Iter =   57  NFunc =  1248  E =      55.24686  RMSG = 5.2929980e-02
 MIN: Iter =   58  NFunc =  1282  E =      55.22635  RMSG = 1.1611848e-01
 MIN: Iter =   59  NFunc =  1288  E =      55.22084  RMSG = 3.7535149e-02
 MIN: Iter =   60  NFunc =  1339  E =      55.20567  RMSG = 1.1470174e-01
 MIN: Iter =   61  NFunc =  1348  E =      55.19746  RMSG = 4.1469085e-02
 MIN: Iter =   62  NFunc =  1399  E =      55.17998  RMSG = 1.1115510e-01
 MIN: Iter =   63  NFunc =  1406  E =      55.17347  RMSG = 4.3918409e-02
 MIN: Iter =   64  NFunc =  1457  E =      55.15451  RMSG = 1.4603376e-01
 MIN: Iter =   65  NFunc =  1466  E =      55.13838  RMSG = 6.1582089e-02
 MIN: Iter =   66  NFunc =  1517  E =      55.10258  RMSG = 1.2378582e-01
 MIN: Iter =   67  NFunc =  1527  E =      55.06872  RMSG = 1.6203402e-01
 MIN: Iter =   68  NFunc =  1535  E =      55.04808  RMSG = 7.4411060e-02
 MIN: Iter =   69  NFunc =  1584  E =      54.98899  RMSG = 1.2218151e-01
 MIN: Iter =   70  NFunc =  1592  E =      54.97893  RMSG = 5.1638312e-02
 MIN: Iter =   71  NFunc =  1643  E =      54.95674  RMSG = 5.5092642e-02
 MIN: Iter =   72  NFunc =  1694  E =      54.93545  RMSG = 5.9060135e-02
 MIN: Iter =   73  NFunc =  1728  E =      54.92074  RMSG = 4.7261108e-02
 MIN: Iter =   74  NFunc =  1779  E =      54.91042  RMSG = 2.5831120e-02
 MIN: Iter =   75  NFunc =  1820  E =      54.90614  RMSG = 1.6841646e-02
 MIN: Iter =   76  NFunc =  1871  E =      54.90212  RMSG = 2.3426503e-02
 MIN: Iter =   77  NFunc =  1922  E =      54.90012  RMSG = 1.1214449e-02
 MIN: Iter =   78  NFunc =  1973  E =      54.89895  RMSG = 8.0786263e-03
 MIN: Iter =   79  NFunc =  2024  E =      54.89848  RMSG = 4.9612571e-03
 MIN: Iter =   80  NFunc =  2043  E =      54.89840  RMSG = 2.8551088e-03
 MIN: Iter =   81  NFunc =  2094  E =      54.89828  RMSG = 2.6344837e-03
 MIN: Iter =   82  NFunc =  2145  E =      54.89820  RMSG = 2.1379122e-03
 MIN: Iter =   83  NFunc =  2196  E =      54.89812  RMSG = 3.3324341e-03
 MIN: Iter =   84  NFunc =  2247  E =      54.89796  RMSG = 5.3634608e-03
 MIN: Iter =   85  NFunc =  2256  E =      54.89793  RMSG = 2.1077894e-03
 MIN: Iter =   86  NFunc =  2303  E =      54.89784  RMSG = 3.0709976e-03
 MIN: Iter =   87  NFunc =  2354  E =      54.89778  RMSG = 1.9932985e-03
 MIN: Iter =   88  NFunc =  2405  E =      54.89775  RMSG = 1.3751517e-03
 MIN: Iter =   89  NFunc =  2456  E =      54.89773  RMSG = 1.0329994e-03
 MIN: Iter =   90  NFunc =  2507  E =      54.89771  RMSG = 1.1491483e-03
 MIN: Iter =   91  NFunc =  2525  E =      54.89770  RMSG = 7.3085233e-04
 MIN: Iter =   92  NFunc =  2576  E =      54.89770  RMSG = 6.6875217e-04
 MIN: Iter =   93  NFunc =  2627  E =      54.89769  RMSG = 4.0661787e-04
----------------------------------------------------------------
 END:          :-)  E =      54.89769  RMSG =   0.0004066

     bond:      5.808988825
    angle:     12.148490094
 dihedral:     36.353391992
    enb14:     25.390484521
    eel14:     79.296725338
      enb:    -17.472505513
      eel:    -48.896847580
      egb:    -37.731035916
    econs:      0.000000000
    esurf:      0.000000000
    Total:     54.897691760
     frms:      0.000406618
====== rms.dat  ======================================================
#Frame      all_heavy
       1       1.8000
