====== tleap.out =====================================================
-I: Adding /home/case/amber24/dat/leap/prep to search path.
-I: Adding /home/case/amber24/dat/leap/lib to search path.
-I: Adding /home/case/amber24/dat/leap/parm to search path.
-I: Adding /home/case/amber24/dat/leap/cmd to search path.
-f: Source leap.in.

Welcome to LEaP!
(no leaprc in search path)
Sourcing: ./leap.in
Using Bondi radii
----- Source: /home/case/amber24/dat/leap/cmd/leaprc.gaff2
----- Source of /home/case/amber24/dat/leap/cmd/leaprc.gaff2 done
Log file: ./leap.log
Loading parameters: /home/case/amber24/dat/leap/parm/gaff2.dat
Reading title:
AMBER General Force Field for organic molecules (Version 2.2.20, March 2021)
Loading parameters: ./386.frcmod
Reading force field modification type file (frcmod)
Reading title:
Remark line goes here
Loading Mol2 file: ./386.mol2
Reading MOLECULE named 386
Checking Unit.
Building topology.
"order_residues" off: keep input residue order.
Building atom parameters.
Building bond parameters.
Building angle parameters.
Building proper torsion parameters.
Building improper torsion parameters.
 total 21 improper torsions applied
Building H-Bond parameters.
Incorporating Non-Bonded adjustments.
Not Marking per-residue atom chain types.
Marking per-residue atom chain types.
  (Residues lacking connect0/connect1 - 
   these don't have chain types marked:

	res	total affected

	386	1
  )
 (no restraints)
	Quit

Exiting LEaP: Errors = 0; Warnings = 0; Notes = 0.
====== min.o =========================================================
Reading parm file (386.parm7)
title:
386                                                                             
no velocities were found
no velocities were found
	mm_options:  ntpr=5
	mm_options:  gb=1
	mm_options:  kappa=0.10395
	mm_options:  rgbmax=99.
	mm_options:  cut=99.0
	mm_options:  wcons=0.
     bond:      9.856213854
    angle:     28.219456087
 dihedral:     16.539221996
    enb14:     12.191417858
    eel14:   -217.238700803
      enb:      3.238316489
      eel:     50.172103562
      egb:    -30.313111208
    econs:      0.000000000
    esurf:      0.000000000
    Total:   -127.335082165
     frms:     18.197959684
Starting TNCG minimisation
 MIN: Iter =    0  NFunc =     1  E =    -127.33508  RMSG = 1.8197960e+01
 MIN: Iter =    1  NFunc =     7  E =    -151.79942  RMSG = 3.3040319e+00
 MIN: Iter =    2  NFunc =    20  E =    -155.02515  RMSG = 9.5703891e-01
 MIN: Iter =    3  NFunc =    41  E =    -155.95864  RMSG = 7.1450788e-01
 MIN: Iter =    4  NFunc =    51  E =    -156.50921  RMSG = 5.7233686e-01
 MIN: Iter =    5  NFunc =    57  E =    -156.77465  RMSG = 5.3436799e-01
 MIN: Iter =    6  NFunc =    90  E =    -157.16959  RMSG = 5.5734580e-01
 MIN: Iter =    7  NFunc =   112  E =    -157.43365  RMSG = 6.1359032e-01
 MIN: Iter =    8  NFunc =   129  E =    -157.65765  RMSG = 6.8363465e-01
 MIN: Iter =    9  NFunc =   137  E =    -157.87462  RMSG = 7.3929280e-01
 MIN: Iter =   10  NFunc =   143  E =    -158.10827  RMSG = 6.4710335e-01
 MIN: Iter =   11  NFunc =   149  E =    -158.31779  RMSG = 7.0785415e-01
 MIN: Iter =   12  NFunc =   156  E =    -158.55323  RMSG = 5.9813564e-01
 MIN: Iter =   13  NFunc =   167  E =    -158.78080  RMSG = 7.2539874e-01
 MIN: Iter =   14  NFunc =   181  E =    -159.10573  RMSG = 6.5628702e-01
 MIN: Iter =   15  NFunc =   190  E =    -159.25474  RMSG = 2.6692526e-01
 MIN: Iter =   16  NFunc =   207  E =    -159.35575  RMSG = 4.4705700e-01
 MIN: Iter =   17  NFunc =   214  E =    -159.38990  RMSG = 1.8355885e-01
 MIN: Iter =   18  NFunc =   236  E =    -159.43645  RMSG = 1.5705978e-01
 MIN: Iter =   19  NFunc =   252  E =    -159.44826  RMSG = 7.4374417e-02
 MIN: Iter =   20  NFunc =   302  E =    -159.46139  RMSG = 2.2771429e-01
 MIN: Iter =   21  NFunc =   308  E =    -159.46714  RMSG = 4.9422712e-02
 MIN: Iter =   22  NFunc =   327  E =    -159.46984  RMSG = 3.1527171e-02
 MIN: Iter =   23  NFunc =   364  E =    -159.47227  RMSG = 2.6754247e-02
 MIN: Iter =   24  NFunc =   415  E =    -159.47703  RMSG = 9.2894718e-02
 MIN: Iter =   25  NFunc =   421  E =    -159.47869  RMSG = 3.2697879e-02
 MIN: Iter =   26  NFunc =   443  E =    -159.47945  RMSG = 1.1584343e-02
 MIN: Iter =   27  NFunc =   475  E =    -159.47992  RMSG = 8.4855542e-03
 MIN: Iter =   28  NFunc =   501  E =    -159.48007  RMSG = 5.0115752e-03
 MIN: Iter =   29  NFunc =   551  E =    -159.48019  RMSG = 3.1931550e-03
 MIN: Iter =   30  NFunc =   602  E =    -159.48025  RMSG = 2.3542411e-03
 MIN: Iter =   31  NFunc =   647  E =    -159.48028  RMSG = 2.0092451e-03
 MIN: Iter =   32  NFunc =   687  E =    -159.48030  RMSG = 1.7567925e-03
 MIN: Iter =   33  NFunc =   720  E =    -159.48030  RMSG = 7.9522540e-04
 MIN: Iter =   34  NFunc =   732  E =    -159.48030  RMSG = 5.7959506e-04
 MIN: Iter =   35  NFunc =   755  E =    -159.48030  RMSG = 6.6051518e-04
 MIN: Iter =   36  NFunc =   782  E =    -159.48031  RMSG = 3.4519064e-04
----------------------------------------------------------------
 END:          :-)  E =    -159.48031  RMSG =   0.0003452

     bond:      3.316600530
    angle:     20.007180381
 dihedral:      7.367802106
    enb14:      8.258612497
    eel14:   -215.281520229
      enb:     -0.816696603
      eel:     51.955227966
      egb:    -34.287511728
    econs:      0.000000000
    esurf:      0.000000000
    Total:   -159.480305079
     frms:      0.000345191
====== rms.dat  ======================================================
#Frame      all_heavy
       1       0.5511
