====== tleap.out =====================================================
-I: Adding /home/case/amber24/dat/leap/prep to search path.
-I: Adding /home/case/amber24/dat/leap/lib to search path.
-I: Adding /home/case/amber24/dat/leap/parm to search path.
-I: Adding /home/case/amber24/dat/leap/cmd to search path.
-f: Source leap.in.

Welcome to LEaP!
(no leaprc in search path)
Sourcing: ./leap.in
Using Bondi radii
----- Source: /home/case/amber24/dat/leap/cmd/leaprc.gaff2
----- Source of /home/case/amber24/dat/leap/cmd/leaprc.gaff2 done
Log file: ./leap.log
Loading parameters: /home/case/amber24/dat/leap/parm/gaff2.dat
Reading title:
AMBER General Force Field for organic molecules (Version 2.2.20, March 2021)
Loading parameters: ./38G.frcmod
Reading force field modification type file (frcmod)
Reading title:
Remark line goes here
Loading Mol2 file: ./38G.mol2
Reading MOLECULE named 38G
Checking Unit.
Building topology.
"order_residues" off: keep input residue order.
Building atom parameters.
Building bond parameters.
Building angle parameters.
Building proper torsion parameters.
Building improper torsion parameters.
 total 19 improper torsions applied
Building H-Bond parameters.
Incorporating Non-Bonded adjustments.
Not Marking per-residue atom chain types.
Marking per-residue atom chain types.
  (Residues lacking connect0/connect1 - 
   these don't have chain types marked:

	res	total affected

	38G	1
  )
 (no restraints)
	Quit

Exiting LEaP: Errors = 0; Warnings = 0; Notes = 0.
====== min.o =========================================================
Reading parm file (38G.parm7)
title:
38G                                                                             
no velocities were found
no velocities were found
	mm_options:  ntpr=5
	mm_options:  gb=1
	mm_options:  kappa=0.10395
	mm_options:  rgbmax=99.
	mm_options:  cut=99.0
	mm_options:  wcons=0.
     bond:      2.680766715
    angle:     28.433364021
 dihedral:      8.952037142
    enb14:     19.768920221
    eel14:     47.925277471
      enb:      1.842161612
      eel:    -81.192599236
      egb:    -28.354188782
    econs:      0.000000000
    esurf:      0.000000000
    Total:      0.055739165
     frms:     11.925261597
Starting TNCG minimisation
 MIN: Iter =    0  NFunc =     1  E =       0.05574  RMSG = 1.1925262e+01
 MIN: Iter =    1  NFunc =     9  E =     -17.38308  RMSG = 3.3503253e+00
 MIN: Iter =    2  NFunc =    15  E =     -19.15817  RMSG = 1.1677114e+00
 MIN: Iter =    3  NFunc =    27  E =     -20.48490  RMSG = 6.8160186e-01
 MIN: Iter =    4  NFunc =    65  E =     -21.17049  RMSG = 6.2687262e-01
 MIN: Iter =    5  NFunc =    79  E =     -21.63465  RMSG = 6.4674120e-01
 MIN: Iter =    6  NFunc =    86  E =     -22.03438  RMSG = 7.3299100e-01
 MIN: Iter =    7  NFunc =    92  E =     -22.27119  RMSG = 4.5768562e-01
 MIN: Iter =    8  NFunc =    98  E =     -22.33958  RMSG = 2.7892230e-01
 MIN: Iter =    9  NFunc =   128  E =     -22.60155  RMSG = 3.7125245e-01
 MIN: Iter =   10  NFunc =   146  E =     -22.75927  RMSG = 3.4427965e-01
 MIN: Iter =   11  NFunc =   153  E =     -22.78018  RMSG = 1.1263892e-01
 MIN: Iter =   12  NFunc =   175  E =     -22.80751  RMSG = 1.1657226e-01
 MIN: Iter =   13  NFunc =   201  E =     -22.82626  RMSG = 1.1141087e-01
 MIN: Iter =   14  NFunc =   211  E =     -22.83123  RMSG = 5.2324823e-02
 MIN: Iter =   15  NFunc =   263  E =     -22.85241  RMSG = 9.2087677e-02
 MIN: Iter =   16  NFunc =   280  E =     -22.87075  RMSG = 3.0744711e-01
 MIN: Iter =   17  NFunc =   287  E =     -22.88971  RMSG = 1.0445468e-01
 MIN: Iter =   18  NFunc =   311  E =     -22.90223  RMSG = 1.0700544e-01
 MIN: Iter =   19  NFunc =   325  E =     -22.91374  RMSG = 1.1578049e-01
 MIN: Iter =   20  NFunc =   332  E =     -22.92515  RMSG = 1.3970963e-01
 MIN: Iter =   21  NFunc =   340  E =     -22.93504  RMSG = 1.1528625e-01
 MIN: Iter =   22  NFunc =   353  E =     -22.94347  RMSG = 1.7983841e-01
 MIN: Iter =   23  NFunc =   360  E =     -22.95127  RMSG = 4.9999908e-02
 MIN: Iter =   24  NFunc =   370  E =     -22.95555  RMSG = 8.6783488e-02
 MIN: Iter =   25  NFunc =   380  E =     -22.96052  RMSG = 8.4309891e-02
 MIN: Iter =   26  NFunc =   387  E =     -22.96534  RMSG = 8.7036936e-02
 MIN: Iter =   27  NFunc =   394  E =     -22.96915  RMSG = 6.5509708e-02
 MIN: Iter =   28  NFunc =   400  E =     -22.97182  RMSG = 1.3839359e-01
 MIN: Iter =   29  NFunc =   406  E =     -22.97642  RMSG = 4.9745565e-02
 MIN: Iter =   30  NFunc =   418  E =     -22.97958  RMSG = 7.8672328e-02
 MIN: Iter =   31  NFunc =   425  E =     -22.98431  RMSG = 1.8218162e-01
 MIN: Iter =   32  NFunc =   431  E =     -22.99345  RMSG = 8.5632869e-02
 MIN: Iter =   33  NFunc =   463  E =     -23.00401  RMSG = 1.6911579e-01
 MIN: Iter =   34  NFunc =   469  E =     -23.01856  RMSG = 2.8184230e-01
 MIN: Iter =   35  NFunc =   476  E =     -23.04847  RMSG = 1.7524368e-01
 MIN: Iter =   36  NFunc =   483  E =     -23.06704  RMSG = 2.1572443e-01
 MIN: Iter =   37  NFunc =   489  E =     -23.09557  RMSG = 6.2826926e-01
 MIN: Iter =   38  NFunc =   495  E =     -23.18448  RMSG = 2.5982861e-01
 MIN: Iter =   39  NFunc =   514  E =     -23.26559  RMSG = 1.1683746e+00
 MIN: Iter =   40  NFunc =   520  E =     -23.44767  RMSG = 3.8978984e-01
 MIN: Iter =   41  NFunc =   537  E =     -23.60572  RMSG = 1.4254231e+00
 MIN: Iter =   42  NFunc =   543  E =     -23.86652  RMSG = 6.8007109e-01
 MIN: Iter =   43  NFunc =   550  E =     -24.05237  RMSG = 1.1179215e+00
 MIN: Iter =   44  NFunc =   556  E =     -24.25452  RMSG = 7.6162645e-01
 MIN: Iter =   45  NFunc =   562  E =     -24.36932  RMSG = 5.9501902e-01
 MIN: Iter =   46  NFunc =   568  E =     -24.43557  RMSG = 3.1775421e-01
 MIN: Iter =   47  NFunc =   576  E =     -24.47048  RMSG = 1.8200513e-01
 MIN: Iter =   48  NFunc =   617  E =     -24.58321  RMSG = 2.9278539e-01
 MIN: Iter =   49  NFunc =   627  E =     -24.66939  RMSG = 3.6396548e-01
 MIN: Iter =   50  NFunc =   634  E =     -24.75257  RMSG = 3.7308854e-01
 MIN: Iter =   51  NFunc =   640  E =     -24.82296  RMSG = 3.4510071e-01
 MIN: Iter =   52  NFunc =   646  E =     -24.88885  RMSG = 2.5252522e-01
 MIN: Iter =   53  NFunc =   653  E =     -24.92230  RMSG = 1.8445736e-01
 MIN: Iter =   54  NFunc =   661  E =     -24.94576  RMSG = 1.4839899e-01
 MIN: Iter =   55  NFunc =   678  E =     -24.97873  RMSG = 2.5744604e-01
 MIN: Iter =   56  NFunc =   684  E =     -24.98939  RMSG = 6.8065529e-02
 MIN: Iter =   57  NFunc =   719  E =     -25.02031  RMSG = 2.4147050e-01
 MIN: Iter =   58  NFunc =   725  E =     -25.02872  RMSG = 5.9545226e-02
 MIN: Iter =   59  NFunc =   743  E =     -25.03548  RMSG = 6.0898759e-02
 MIN: Iter =   60  NFunc =   778  E =     -25.04308  RMSG = 7.4559256e-02
 MIN: Iter =   61  NFunc =   785  E =     -25.04411  RMSG = 2.6114853e-02
 MIN: Iter =   62  NFunc =   836  E =     -25.04958  RMSG = 1.0996781e-01
 MIN: Iter =   63  NFunc =   842  E =     -25.05142  RMSG = 2.8233992e-02
 MIN: Iter =   64  NFunc =   849  E =     -25.05193  RMSG = 1.7633938e-02
 MIN: Iter =   65  NFunc =   893  E =     -25.05383  RMSG = 3.3611200e-02
 MIN: Iter =   66  NFunc =   914  E =     -25.05487  RMSG = 1.4935019e-02
 MIN: Iter =   67  NFunc =   965  E =     -25.05646  RMSG = 4.3993761e-02
 MIN: Iter =   68  NFunc =   971  E =     -25.05681  RMSG = 1.2304346e-02
 MIN: Iter =   69  NFunc =  1019  E =     -25.05804  RMSG = 2.8316711e-02
 MIN: Iter =   70  NFunc =  1025  E =     -25.05823  RMSG = 1.0579653e-02
 MIN: Iter =   71  NFunc =  1058  E =     -25.05851  RMSG = 6.7387517e-03
 MIN: Iter =   72  NFunc =  1068  E =     -25.05855  RMSG = 4.1462706e-03
 MIN: Iter =   73  NFunc =  1119  E =     -25.05870  RMSG = 5.7142625e-03
 MIN: Iter =   74  NFunc =  1170  E =     -25.05893  RMSG = 9.5907349e-03
 MIN: Iter =   75  NFunc =  1221  E =     -25.05930  RMSG = 1.7300011e-02
 MIN: Iter =   76  NFunc =  1272  E =     -25.05979  RMSG = 2.9208008e-02
 MIN: Iter =   77  NFunc =  1279  E =     -25.06000  RMSG = 1.1037416e-02
 MIN: Iter =   78  NFunc =  1304  E =     -25.06030  RMSG = 1.6502739e-02
 MIN: Iter =   79  NFunc =  1321  E =     -25.06043  RMSG = 5.8188434e-03
 MIN: Iter =   80  NFunc =  1372  E =     -25.06067  RMSG = 5.6918102e-03
 MIN: Iter =   81  NFunc =  1409  E =     -25.06080  RMSG = 3.5701006e-03
 MIN: Iter =   82  NFunc =  1453  E =     -25.06086  RMSG = 2.2370742e-03
 MIN: Iter =   83  NFunc =  1473  E =     -25.06087  RMSG = 1.4365312e-03
 MIN: Iter =   84  NFunc =  1524  E =     -25.06091  RMSG = 4.1335247e-03
 MIN: Iter =   85  NFunc =  1547  E =     -25.06094  RMSG = 1.9916289e-03
 MIN: Iter =   86  NFunc =  1570  E =     -25.06095  RMSG = 8.7459728e-04
 MIN: Iter =   87  NFunc =  1621  E =     -25.06096  RMSG = 1.4246974e-03
 MIN: Iter =   88  NFunc =  1672  E =     -25.06098  RMSG = 2.1826590e-03
 MIN: Iter =   89  NFunc =  1680  E =     -25.06098  RMSG = 1.0971149e-03
 MIN: Iter =   90  NFunc =  1731  E =     -25.06099  RMSG = 1.3259191e-03
 MIN: Iter =   91  NFunc =  1781  E =     -25.06100  RMSG = 9.9786273e-04
 MIN: Iter =   92  NFunc =  1803  E =     -25.06101  RMSG = 6.9237040e-04
 MIN: Iter =   93  NFunc =  1854  E =     -25.06101  RMSG = 1.5334839e-03
 MIN: Iter =   94  NFunc =  1898  E =     -25.06105  RMSG = 5.2834605e-03
 MIN: Iter =   95  NFunc =  1904  E =     -25.06106  RMSG = 1.7405723e-03
 MIN: Iter =   96  NFunc =  1927  E =     -25.06107  RMSG = 1.3734514e-03
 MIN: Iter =   97  NFunc =  1939  E =     -25.06107  RMSG = 8.4708906e-04
 MIN: Iter =   98  NFunc =  1990  E =     -25.06108  RMSG = 1.5835854e-03
 MIN: Iter =   99  NFunc =  2041  E =     -25.06113  RMSG = 3.8808401e-03
 MIN: Iter =  100  NFunc =  2054  E =     -25.06114  RMSG = 1.8373189e-03
----------------------------------------------------------------
 END:          :-)  E =     -25.06114  RMSG =   0.0018373

     bond:      3.833781601
    angle:     22.534330417
 dihedral:      4.349872875
    enb14:     13.180758296
    eel14:     44.987096562
      enb:     -0.391922515
      eel:    -81.841233316
      egb:    -31.713818930
    econs:      0.000000000
    esurf:      0.000000000
    Total:    -25.061135011
     frms:      0.001837319
====== rms.dat  ======================================================
#Frame      all_heavy
       1       1.2209
