====== tleap.out =====================================================
-I: Adding /home/case/amber24/dat/leap/prep to search path.
-I: Adding /home/case/amber24/dat/leap/lib to search path.
-I: Adding /home/case/amber24/dat/leap/parm to search path.
-I: Adding /home/case/amber24/dat/leap/cmd to search path.
-f: Source leap.in.

Welcome to LEaP!
(no leaprc in search path)
Sourcing: ./leap.in
Using Bondi radii
----- Source: /home/case/amber24/dat/leap/cmd/leaprc.gaff2
----- Source of /home/case/amber24/dat/leap/cmd/leaprc.gaff2 done
Log file: ./leap.log
Loading parameters: /home/case/amber24/dat/leap/parm/gaff2.dat
Reading title:
AMBER General Force Field for organic molecules (Version 2.2.20, March 2021)
Loading parameters: ./3GF.frcmod
Reading force field modification type file (frcmod)
Reading title:
Remark line goes here
Loading Mol2 file: ./3GF.mol2
Reading MOLECULE named 3GF
Checking Unit.
Building topology.
"order_residues" off: keep input residue order.
Building atom parameters.
Building bond parameters.
Building angle parameters.
Building proper torsion parameters.
Building improper torsion parameters.
 total 20 improper torsions applied
Building H-Bond parameters.
Incorporating Non-Bonded adjustments.
Not Marking per-residue atom chain types.
Marking per-residue atom chain types.
  (Residues lacking connect0/connect1 - 
   these don't have chain types marked:

	res	total affected

	3GF	1
  )
 (no restraints)
	Quit

Exiting LEaP: Errors = 0; Warnings = 0; Notes = 0.
====== min.o =========================================================
Reading parm file (3GF.parm7)
title:
3GF                                                                             
no velocities were found
no velocities were found
	mm_options:  ntpr=5
	mm_options:  gb=1
	mm_options:  kappa=0.10395
	mm_options:  rgbmax=99.
	mm_options:  cut=99.0
	mm_options:  wcons=0.
     bond:      5.284426243
    angle:      3.514573637
 dihedral:     22.229590358
    enb14:     23.099836163
    eel14:     69.551913357
      enb:     -2.333849262
      eel:    -36.228190036
      egb:    -21.819944999
    econs:      0.000000000
    esurf:      0.000000000
    Total:     63.298355462
     frms:     10.615911587
Starting TNCG minimisation
 MIN: Iter =    0  NFunc =     1  E =      63.29836  RMSG = 1.0615912e+01
 MIN: Iter =    1  NFunc =     7  E =      51.87681  RMSG = 2.7857736e+00
 MIN: Iter =    2  NFunc =    17  E =      47.12241  RMSG = 1.0620909e+00
 MIN: Iter =    3  NFunc =    24  E =      46.38002  RMSG = 6.8573277e-01
 MIN: Iter =    4  NFunc =    33  E =      46.16610  RMSG = 3.5640313e-01
 MIN: Iter =    5  NFunc =    63  E =      45.75370  RMSG = 4.5436376e-01
 MIN: Iter =    6  NFunc =    76  E =      45.64385  RMSG = 2.2927033e-01
 MIN: Iter =    7  NFunc =    97  E =      45.55522  RMSG = 1.7955589e-01
 MIN: Iter =    8  NFunc =   126  E =      45.43878  RMSG = 3.2535527e-01
 MIN: Iter =    9  NFunc =   132  E =      45.41889  RMSG = 1.1242534e-01
 MIN: Iter =   10  NFunc =   174  E =      45.35250  RMSG = 3.2512107e-01
 MIN: Iter =   11  NFunc =   180  E =      45.33180  RMSG = 1.2607721e-01
 MIN: Iter =   12  NFunc =   199  E =      45.31161  RMSG = 2.4851941e-01
 MIN: Iter =   13  NFunc =   205  E =      45.30223  RMSG = 7.1364102e-02
 MIN: Iter =   14  NFunc =   257  E =      45.27406  RMSG = 1.2464774e-01
 MIN: Iter =   15  NFunc =   267  E =      45.25522  RMSG = 1.6204920e-01
 MIN: Iter =   16  NFunc =   286  E =      45.23844  RMSG = 7.8490941e-02
 MIN: Iter =   17  NFunc =   300  E =      45.23352  RMSG = 4.0545024e-02
 MIN: Iter =   18  NFunc =   326  E =      45.22669  RMSG = 9.4934265e-02
 MIN: Iter =   19  NFunc =   335  E =      45.22455  RMSG = 2.7884809e-02
 MIN: Iter =   20  NFunc =   369  E =      45.22111  RMSG = 2.9006439e-02
 MIN: Iter =   21  NFunc =   388  E =      45.22012  RMSG = 1.5571722e-02
 MIN: Iter =   22  NFunc =   409  E =      45.21952  RMSG = 9.2737450e-03
 MIN: Iter =   23  NFunc =   422  E =      45.21945  RMSG = 6.0547182e-03
 MIN: Iter =   24  NFunc =   454  E =      45.21939  RMSG = 2.8168415e-03
 MIN: Iter =   25  NFunc =   463  E =      45.21938  RMSG = 1.8203935e-03
 MIN: Iter =   26  NFunc =   473  E =      45.21938  RMSG = 1.3485145e-03
 MIN: Iter =   27  NFunc =   511  E =      45.21936  RMSG = 1.5766262e-03
 MIN: Iter =   28  NFunc =   536  E =      45.21935  RMSG = 9.4127636e-04
 MIN: Iter =   29  NFunc =   566  E =      45.21935  RMSG = 9.8125401e-04
 MIN: Iter =   30  NFunc =   589  E =      45.21934  RMSG = 5.2585571e-04
 MIN: Iter =   31  NFunc =   611  E =      45.21934  RMSG = 3.9703041e-04
----------------------------------------------------------------
 END:          :-)  E =      45.21934  RMSG =   0.0003970

     bond:      2.781587604
    angle:      3.273263956
 dihedral:     20.585883099
    enb14:     15.873718535
    eel14:     65.615974289
      enb:     -4.505488129
      eel:    -34.198332909
      egb:    -24.207262240
    econs:      0.000000000
    esurf:      0.000000000
    Total:     45.219344205
     frms:      0.000397030
====== rms.dat  ======================================================
#Frame      all_heavy
       1       0.2603
