====== tleap.out =====================================================
-I: Adding /home/case/amber26/dat/leap/prep to search path.
-I: Adding /home/case/amber26/dat/leap/lib to search path.
-I: Adding /home/case/amber26/dat/leap/parm to search path.
-I: Adding /home/case/amber26/dat/leap/cmd to search path.
-f: Source leap.in.

Welcome to LEaP!
(no leaprc in search path)
Sourcing: ./leap.in
Using Bondi radii
----- Source: /home/case/amber26/dat/leap/cmd/leaprc.gaff2
----- Source of /home/case/amber26/dat/leap/cmd/leaprc.gaff2 done
Log file: ./leap.log
Loading parameters: /home/case/amber26/dat/leap/parm/gaff2.dat
Reading title:
AMBER General Force Field for organic molecules (Version 2.2.30, Oct 2025)
Loading parameters: ./3HC.frcmod
Reading force field modification type file (frcmod)
Reading title:
Remark line goes here
Loading Mol2 file: ./3HC.mol2
Reading MOLECULE named 3HC
Checking Unit.

/home/case/amber26/bin/teLeap: Warning!
The unperturbed charge of the unit (-4.001998) is not zero.

/home/case/amber26/bin/teLeap: Note.
Ignoring the warning from Unit Checking.

Building topology.
"order_residues" off: keep input residue order.
Building atom parameters.
Building bond parameters.
Building angle parameters.
Building proper torsion parameters.
Building improper torsion parameters.
 total 12 improper torsions applied
Building H-Bond parameters.
Incorporating Non-Bonded adjustments.
Not Marking per-residue atom chain types.
Marking per-residue atom chain types.
  (Residues lacking connect0/connect1 - 
   these don't have chain types marked:

	res	total affected

	3HC	1
  )
 (no restraints)
	Quit

Exiting LEaP: Errors = 0; Warnings = 1; Notes = 1.
====== min.o =========================================================
Reading parm file (3HC.parm7)
title:
3HC                                                                             
no velocities were found
no velocities were found
	mm_options:  ntpr=5
	mm_options:  gb=1
	mm_options:  kappa=0.10395
	mm_options:  rgbmax=99.
	mm_options:  cut=99.0
	mm_options:  wcons=0.
     bond:      8.600354395
    angle:     46.350921234
 dihedral:    112.319035968
    enb14:     17.862556869
    eel14:   -591.939215442
      enb:    -15.900263741
      eel:    312.227141478
      egb:   -598.072964313
    econs:      0.000000000
    esurf:      0.000000000
    Total:   -708.552433551
     frms:     14.356889067
Starting TNCG minimisation
 MIN: Iter =    0  NFunc =     1  E =    -708.55243  RMSG = 1.4356889e+01
 MIN: Iter =    1  NFunc =     7  E =    -743.88276  RMSG = 3.7370892e+00
 MIN: Iter =    2  NFunc =    15  E =    -750.70788  RMSG = 1.7113652e+00
 MIN: Iter =    3  NFunc =    25  E =    -753.07201  RMSG = 9.5397836e-01
 MIN: Iter =    4  NFunc =    34  E =    -753.94588  RMSG = 6.1606168e-01
 MIN: Iter =    5  NFunc =    56  E =    -755.22605  RMSG = 7.8404709e-01
 MIN: Iter =    6  NFunc =    68  E =    -755.96678  RMSG = 8.3484966e-01
 MIN: Iter =    7  NFunc =    75  E =    -756.24574  RMSG = 3.3772064e-01
 MIN: Iter =    8  NFunc =   104  E =    -756.58950  RMSG = 9.0379029e-01
 MIN: Iter =    9  NFunc =   110  E =    -756.68250  RMSG = 1.8571552e-01
 MIN: Iter =   10  NFunc =   161  E =    -756.89662  RMSG = 3.5410449e-01
 MIN: Iter =   11  NFunc =   212  E =    -757.05651  RMSG = 3.8398600e-01
 MIN: Iter =   12  NFunc =   221  E =    -757.11515  RMSG = 1.4369039e-01
 MIN: Iter =   13  NFunc =   243  E =    -757.19699  RMSG = 2.6490327e-01
 MIN: Iter =   14  NFunc =   251  E =    -757.22305  RMSG = 8.2897056e-02
 MIN: Iter =   15  NFunc =   302  E =    -757.27722  RMSG = 2.2209320e-01
 MIN: Iter =   16  NFunc =   311  E =    -757.29235  RMSG = 7.1933962e-02
 MIN: Iter =   17  NFunc =   350  E =    -757.33018  RMSG = 2.3033614e-01
 MIN: Iter =   18  NFunc =   356  E =    -757.34083  RMSG = 6.3087816e-02
 MIN: Iter =   19  NFunc =   407  E =    -757.36817  RMSG = 1.9357382e-01
 MIN: Iter =   20  NFunc =   413  E =    -757.37490  RMSG = 4.8839516e-02
 MIN: Iter =   21  NFunc =   464  E =    -757.38631  RMSG = 1.4361654e-01
 MIN: Iter =   22  NFunc =   470  E =    -757.39025  RMSG = 3.5411964e-02
 MIN: Iter =   23  NFunc =   521  E =    -757.40013  RMSG = 1.0876947e-01
 MIN: Iter =   24  NFunc =   537  E =    -757.40577  RMSG = 3.6650184e-02
 MIN: Iter =   25  NFunc =   589  E =    -757.41270  RMSG = 4.8601874e-02
 MIN: Iter =   26  NFunc =   617  E =    -757.41908  RMSG = 6.6929555e-02
 MIN: Iter =   27  NFunc =   634  E =    -757.42532  RMSG = 8.6037743e-02
 MIN: Iter =   28  NFunc =   647  E =    -757.43114  RMSG = 5.8536898e-02
 MIN: Iter =   29  NFunc =   699  E =    -757.44329  RMSG = 1.1951078e-01
 MIN: Iter =   30  NFunc =   707  E =    -757.45069  RMSG = 5.3233675e-02
 MIN: Iter =   31  NFunc =   759  E =    -757.46853  RMSG = 1.4082142e-01
 MIN: Iter =   32  NFunc =   769  E =    -757.48691  RMSG = 1.4742751e-01
 MIN: Iter =   33  NFunc =   775  E =    -757.50272  RMSG = 1.3629180e-01
 MIN: Iter =   34  NFunc =   784  E =    -757.51959  RMSG = 1.6356772e-01
 MIN: Iter =   35  NFunc =   791  E =    -757.53682  RMSG = 1.1948877e-01
 MIN: Iter =   36  NFunc =   817  E =    -757.56122  RMSG = 1.4154440e-01
 MIN: Iter =   37  NFunc =   831  E =    -757.58638  RMSG = 1.6135297e-01
 MIN: Iter =   38  NFunc =   838  E =    -757.61576  RMSG = 4.0045181e-01
 MIN: Iter =   39  NFunc =   844  E =    -757.65719  RMSG = 1.0024654e-01
 MIN: Iter =   40  NFunc =   851  E =    -757.67782  RMSG = 1.4471670e-01
 MIN: Iter =   41  NFunc =   857  E =    -757.70001  RMSG = 1.6658866e-01
 MIN: Iter =   42  NFunc =   872  E =    -757.73512  RMSG = 2.4109330e-01
 MIN: Iter =   43  NFunc =   882  E =    -757.75886  RMSG = 9.1860427e-02
 MIN: Iter =   44  NFunc =   933  E =    -757.80277  RMSG = 3.5282461e-01
 MIN: Iter =   45  NFunc =   940  E =    -757.84100  RMSG = 1.1163245e-01
 MIN: Iter =   46  NFunc =   991  E =    -757.92494  RMSG = 2.7358135e-01
 MIN: Iter =   47  NFunc =  1005  E =    -757.99378  RMSG = 2.4569389e-01
 MIN: Iter =   48  NFunc =  1017  E =    -758.05615  RMSG = 2.1675957e-01
 MIN: Iter =   49  NFunc =  1024  E =    -758.09253  RMSG = 1.4253694e-01
 MIN: Iter =   50  NFunc =  1033  E =    -758.12056  RMSG = 1.9463455e-01
 MIN: Iter =   51  NFunc =  1082  E =    -758.21138  RMSG = 2.8050780e-01
 MIN: Iter =   52  NFunc =  1093  E =    -758.24754  RMSG = 8.7623253e-02
 MIN: Iter =   53  NFunc =  1144  E =    -758.29850  RMSG = 1.8445469e-01
 MIN: Iter =   54  NFunc =  1170  E =    -758.37103  RMSG = 1.8449321e-01
 MIN: Iter =   55  NFunc =  1176  E =    -758.37993  RMSG = 6.8691208e-02
 MIN: Iter =   56  NFunc =  1227  E =    -758.43783  RMSG = 1.9711636e-01
 MIN: Iter =   57  NFunc =  1246  E =    -758.47855  RMSG = 2.2958416e-01
 MIN: Iter =   58  NFunc =  1256  E =    -758.50568  RMSG = 1.1513878e-01
 MIN: Iter =   59  NFunc =  1307  E =    -758.60502  RMSG = 5.6974546e-01
 MIN: Iter =   60  NFunc =  1313  E =    -758.67912  RMSG = 1.6344227e-01
 MIN: Iter =   61  NFunc =  1346  E =    -758.76433  RMSG = 3.2830264e-01
 MIN: Iter =   62  NFunc =  1352  E =    -758.79170  RMSG = 1.0948785e-01
 MIN: Iter =   63  NFunc =  1404  E =    -758.83394  RMSG = 1.1282409e-01
 MIN: Iter =   64  NFunc =  1429  E =    -758.86598  RMSG = 1.2797462e-01
 MIN: Iter =   65  NFunc =  1448  E =    -758.87872  RMSG = 4.6085488e-02
 MIN: Iter =   66  NFunc =  1493  E =    -758.89293  RMSG = 1.1586562e-01
 MIN: Iter =   67  NFunc =  1499  E =    -758.89628  RMSG = 3.2252342e-02
 MIN: Iter =   68  NFunc =  1543  E =    -758.90224  RMSG = 8.1125979e-02
 MIN: Iter =   69  NFunc =  1549  E =    -758.90355  RMSG = 2.7434502e-02
 MIN: Iter =   70  NFunc =  1600  E =    -758.91130  RMSG = 8.5111551e-02
 MIN: Iter =   71  NFunc =  1619  E =    -758.91826  RMSG = 3.8192071e-02
 MIN: Iter =   72  NFunc =  1649  E =    -758.92231  RMSG = 2.3405289e-02
 MIN: Iter =   73  NFunc =  1692  E =    -758.92556  RMSG = 1.9994260e-02
 MIN: Iter =   74  NFunc =  1717  E =    -758.92635  RMSG = 9.0678341e-03
 MIN: Iter =   75  NFunc =  1740  E =    -758.92659  RMSG = 6.0499891e-03
 MIN: Iter =   76  NFunc =  1791  E =    -758.92695  RMSG = 5.9353883e-03
 MIN: Iter =   77  NFunc =  1829  E =    -758.92716  RMSG = 3.7505992e-03
 MIN: Iter =   78  NFunc =  1880  E =    -758.92733  RMSG = 4.5329295e-03
 MIN: Iter =   79  NFunc =  1931  E =    -758.92750  RMSG = 3.7203959e-03
 MIN: Iter =   80  NFunc =  1982  E =    -758.92757  RMSG = 2.6197173e-03
 MIN: Iter =   81  NFunc =  2033  E =    -758.92763  RMSG = 2.5150743e-03
 MIN: Iter =   82  NFunc =  2069  E =    -758.92768  RMSG = 2.2761429e-03
 MIN: Iter =   83  NFunc =  2090  E =    -758.92770  RMSG = 1.3184869e-03
 MIN: Iter =   84  NFunc =  2141  E =    -758.92771  RMSG = 9.0742942e-04
 MIN: Iter =   85  NFunc =  2192  E =    -758.92771  RMSG = 5.9753781e-04
 MIN: Iter =   86  NFunc =  2243  E =    -758.92771  RMSG = 2.7261723e-04
----------------------------------------------------------------
 END:          :-)  E =    -758.92771  RMSG =   0.0002726

     bond:      8.189579261
    angle:     36.787493049
 dihedral:    105.053665708
    enb14:     14.863058918
    eel14:   -647.332793213
      enb:    -13.991969991
      eel:    342.846043632
      egb:   -605.342787959
    econs:      0.000000000
    esurf:      0.000000000
    Total:   -758.927710595
     frms:      0.000272617
====== rms.dat  ======================================================
#Frame      all_heavy
       1       1.4274
