====== tleap.out =====================================================
-I: Adding /home/case/amber24/dat/leap/prep to search path.
-I: Adding /home/case/amber24/dat/leap/lib to search path.
-I: Adding /home/case/amber24/dat/leap/parm to search path.
-I: Adding /home/case/amber24/dat/leap/cmd to search path.
-f: Source leap.in.

Welcome to LEaP!
(no leaprc in search path)
Sourcing: ./leap.in
Using Bondi radii
----- Source: /home/case/amber24/dat/leap/cmd/leaprc.gaff2
----- Source of /home/case/amber24/dat/leap/cmd/leaprc.gaff2 done
Log file: ./leap.log
Loading parameters: /home/case/amber24/dat/leap/parm/gaff2.dat
Reading title:
AMBER General Force Field for organic molecules (Version 2.2.20, March 2021)
Loading parameters: ./3IN.frcmod
Reading force field modification type file (frcmod)
Reading title:
Remark line goes here
Loading Mol2 file: ./3IN.mol2
Reading MOLECULE named 3IN
Checking Unit.
Building topology.
"order_residues" off: keep input residue order.
Building atom parameters.
Building bond parameters.
Building angle parameters.
Building proper torsion parameters.
Building improper torsion parameters.
 total 17 improper torsions applied
Building H-Bond parameters.
Incorporating Non-Bonded adjustments.
Not Marking per-residue atom chain types.
Marking per-residue atom chain types.
  (Residues lacking connect0/connect1 - 
   these don't have chain types marked:

	res	total affected

	3IN	1
  )
 (no restraints)
	Quit

Exiting LEaP: Errors = 0; Warnings = 0; Notes = 0.
====== min.o =========================================================
Reading parm file (3IN.parm7)
title:
3IN                                                                             
no velocities were found
no velocities were found
	mm_options:  ntpr=5
	mm_options:  gb=1
	mm_options:  kappa=0.10395
	mm_options:  rgbmax=99.
	mm_options:  cut=99.0
	mm_options:  wcons=0.
     bond:      5.716202017
    angle:     18.006603671
 dihedral:     77.693424363
    enb14:     33.376799825
    eel14:    290.432387353
      enb:    -14.198045231
      eel:   -165.435164278
      egb:    -45.043296363
    econs:      0.000000000
    esurf:      0.000000000
    Total:    200.548911356
     frms:     10.663658013
Starting TNCG minimisation
 MIN: Iter =    0  NFunc =     1  E =     200.54891  RMSG = 1.0663658e+01
 MIN: Iter =    1  NFunc =     7  E =     175.19326  RMSG = 2.7905384e+00
 MIN: Iter =    2  NFunc =    25  E =     166.06672  RMSG = 1.9019856e+00
 MIN: Iter =    3  NFunc =    34  E =     163.26560  RMSG = 1.3670449e+00
 MIN: Iter =    4  NFunc =    50  E =     161.67775  RMSG = 7.7452169e-01
 MIN: Iter =    5  NFunc =    69  E =     161.00734  RMSG = 1.4694613e+00
 MIN: Iter =    6  NFunc =    75  E =     160.73093  RMSG = 3.5845322e-01
 MIN: Iter =    7  NFunc =    96  E =     160.54210  RMSG = 5.3708439e-01
 MIN: Iter =    8  NFunc =   147  E =     160.14455  RMSG = 1.4478287e+00
 MIN: Iter =    9  NFunc =   153  E =     159.63989  RMSG = 1.3348650e+00
 MIN: Iter =   10  NFunc =   159  E =     159.13446  RMSG = 1.3048427e+00
 MIN: Iter =   11  NFunc =   165  E =     158.60268  RMSG = 1.2990660e+00
 MIN: Iter =   12  NFunc =   171  E =     158.06025  RMSG = 1.2209124e+00
 MIN: Iter =   13  NFunc =   177  E =     157.53626  RMSG = 1.0729834e+00
 MIN: Iter =   14  NFunc =   183  E =     157.09459  RMSG = 8.5854530e-01
 MIN: Iter =   15  NFunc =   189  E =     156.89478  RMSG = 3.7587587e-01
 MIN: Iter =   16  NFunc =   229  E =     156.50493  RMSG = 5.2206484e-01
 MIN: Iter =   17  NFunc =   237  E =     156.36259  RMSG = 2.0761009e-01
 MIN: Iter =   18  NFunc =   260  E =     156.14019  RMSG = 3.8917768e-01
 MIN: Iter =   19  NFunc =   271  E =     156.00860  RMSG = 1.8712408e-01
 MIN: Iter =   20  NFunc =   322  E =     155.78107  RMSG = 2.7987206e-01
 MIN: Iter =   21  NFunc =   373  E =     155.52668  RMSG = 5.0072042e-01
 MIN: Iter =   22  NFunc =   382  E =     155.26673  RMSG = 5.1859880e-01
 MIN: Iter =   23  NFunc =   388  E =     155.00486  RMSG = 4.3562502e-01
 MIN: Iter =   24  NFunc =   394  E =     154.83387  RMSG = 2.8228467e-01
 MIN: Iter =   25  NFunc =   429  E =     154.49980  RMSG = 4.1223069e-01
 MIN: Iter =   26  NFunc =   451  E =     154.23535  RMSG = 3.5343049e-01
 MIN: Iter =   27  NFunc =   463  E =     154.04703  RMSG = 3.2665193e-01
 MIN: Iter =   28  NFunc =   470  E =     153.92109  RMSG = 3.3921030e-01
 MIN: Iter =   29  NFunc =   478  E =     153.82784  RMSG = 1.9093924e-01
 MIN: Iter =   30  NFunc =   512  E =     153.59754  RMSG = 3.2269161e-01
 MIN: Iter =   31  NFunc =   527  E =     153.37977  RMSG = 3.5361663e-01
 MIN: Iter =   32  NFunc =   535  E =     153.18751  RMSG = 3.1287605e-01
 MIN: Iter =   33  NFunc =   541  E =     153.08052  RMSG = 2.8915810e-01
 MIN: Iter =   34  NFunc =   592  E =     152.86992  RMSG = 4.6837318e-01
 MIN: Iter =   35  NFunc =   598  E =     152.64376  RMSG = 5.4563117e-01
 MIN: Iter =   36  NFunc =   604  E =     152.35648  RMSG = 4.8179438e-01
 MIN: Iter =   37  NFunc =   610  E =     152.05347  RMSG = 5.2608773e-01
 MIN: Iter =   38  NFunc =   617  E =     151.72955  RMSG = 5.6704699e-01
 MIN: Iter =   39  NFunc =   625  E =     151.36991  RMSG = 5.7373554e-01
 MIN: Iter =   40  NFunc =   631  E =     151.01216  RMSG = 5.2460411e-01
 MIN: Iter =   41  NFunc =   637  E =     150.66663  RMSG = 4.7728711e-01
 MIN: Iter =   42  NFunc =   644  E =     150.33845  RMSG = 4.5304918e-01
 MIN: Iter =   43  NFunc =   655  E =     149.99580  RMSG = 3.8386012e-01
 MIN: Iter =   44  NFunc =   664  E =     149.71641  RMSG = 3.9827970e-01
 MIN: Iter =   45  NFunc =   670  E =     149.49481  RMSG = 3.4866025e-01
 MIN: Iter =   46  NFunc =   676  E =     149.30662  RMSG = 3.5594011e-01
 MIN: Iter =   47  NFunc =   682  E =     149.14874  RMSG = 2.9912782e-01
 MIN: Iter =   48  NFunc =   733  E =     148.64212  RMSG = 3.8886776e-01
 MIN: Iter =   49  NFunc =   766  E =     148.16247  RMSG = 4.0086990e-01
 MIN: Iter =   50  NFunc =   782  E =     147.83681  RMSG = 3.7093151e-01
 MIN: Iter =   51  NFunc =   796  E =     147.54779  RMSG = 3.7224197e-01
 MIN: Iter =   52  NFunc =   808  E =     147.31233  RMSG = 3.2087065e-01
 MIN: Iter =   53  NFunc =   815  E =     147.13817  RMSG = 3.0226251e-01
 MIN: Iter =   54  NFunc =   821  E =     147.01097  RMSG = 2.6863097e-01
 MIN: Iter =   55  NFunc =   828  E =     146.91472  RMSG = 1.8523040e-01
 MIN: Iter =   56  NFunc =   857  E =     146.70375  RMSG = 1.8647730e-01
 MIN: Iter =   57  NFunc =   875  E =     146.55645  RMSG = 1.9341661e-01
 MIN: Iter =   58  NFunc =   883  E =     146.47943  RMSG = 1.3398572e-01
 MIN: Iter =   59  NFunc =   928  E =     146.34436  RMSG = 2.0197805e-01
 MIN: Iter =   60  NFunc =   952  E =     146.23239  RMSG = 1.9256639e-01
 MIN: Iter =   61  NFunc =   959  E =     146.19990  RMSG = 1.1599510e-01
 MIN: Iter =   62  NFunc =   975  E =     146.14383  RMSG = 1.4222131e-01
 MIN: Iter =   63  NFunc =   984  E =     146.11414  RMSG = 9.3251989e-02
 MIN: Iter =   64  NFunc =  1034  E =     146.01567  RMSG = 1.1483642e-01
 MIN: Iter =   65  NFunc =  1061  E =     145.92632  RMSG = 1.3624994e-01
 MIN: Iter =   66  NFunc =  1112  E =     145.84327  RMSG = 1.7828158e-01
 MIN: Iter =   67  NFunc =  1122  E =     145.80648  RMSG = 9.6314580e-02
 MIN: Iter =   68  NFunc =  1171  E =     145.74608  RMSG = 1.4525270e-01
 MIN: Iter =   69  NFunc =  1187  E =     145.71331  RMSG = 8.9812005e-02
 MIN: Iter =   70  NFunc =  1201  E =     145.69116  RMSG = 9.7361246e-02
 MIN: Iter =   71  NFunc =  1217  E =     145.67614  RMSG = 4.9367775e-02
 MIN: Iter =   72  NFunc =  1268  E =     145.65071  RMSG = 1.2758330e-01
 MIN: Iter =   73  NFunc =  1276  E =     145.64206  RMSG = 4.9860642e-02
 MIN: Iter =   74  NFunc =  1327  E =     145.59802  RMSG = 9.5251489e-02
 MIN: Iter =   75  NFunc =  1338  E =     145.55683  RMSG = 1.3616776e-01
 MIN: Iter =   76  NFunc =  1344  E =     145.51800  RMSG = 1.5206260e-01
 MIN: Iter =   77  NFunc =  1350  E =     145.48411  RMSG = 1.4675170e-01
 MIN: Iter =   78  NFunc =  1358  E =     145.44843  RMSG = 1.2303082e-01
 MIN: Iter =   79  NFunc =  1365  E =     145.41767  RMSG = 1.1020166e-01
 MIN: Iter =   80  NFunc =  1371  E =     145.39203  RMSG = 1.4887046e-01
 MIN: Iter =   81  NFunc =  1393  E =     145.33069  RMSG = 1.5800542e-01
 MIN: Iter =   82  NFunc =  1408  E =     145.28041  RMSG = 1.6047496e-01
 MIN: Iter =   83  NFunc =  1416  E =     145.23119  RMSG = 1.4716847e-01
 MIN: Iter =   84  NFunc =  1422  E =     145.20651  RMSG = 1.3155902e-01
 MIN: Iter =   85  NFunc =  1445  E =     145.15560  RMSG = 1.4390858e-01
 MIN: Iter =   86  NFunc =  1496  E =     145.08678  RMSG = 2.4107750e-01
 MIN: Iter =   87  NFunc =  1502  E =     145.06408  RMSG = 7.4475883e-02
 MIN: Iter =   88  NFunc =  1541  E =     145.01041  RMSG = 2.4600965e-01
 MIN: Iter =   89  NFunc =  1548  E =     144.98566  RMSG = 8.0973990e-02
 MIN: Iter =   90  NFunc =  1566  E =     144.96642  RMSG = 1.8731493e-01
 MIN: Iter =   91  NFunc =  1572  E =     144.95563  RMSG = 6.3367286e-02
 MIN: Iter =   92  NFunc =  1623  E =     144.94235  RMSG = 1.6283544e-01
 MIN: Iter =   93  NFunc =  1629  E =     144.93399  RMSG = 4.3854334e-02
 MIN: Iter =   94  NFunc =  1680  E =     144.91998  RMSG = 1.5237084e-01
 MIN: Iter =   95  NFunc =  1686  E =     144.91354  RMSG = 4.7126252e-02
 MIN: Iter =   96  NFunc =  1710  E =     144.90613  RMSG = 2.9454696e-02
 MIN: Iter =   97  NFunc =  1761  E =     144.89798  RMSG = 3.9185783e-02
 MIN: Iter =   98  NFunc =  1812  E =     144.88389  RMSG = 5.3215989e-02
 MIN: Iter =   99  NFunc =  1863  E =     144.87206  RMSG = 4.2753016e-02
 MIN: Iter =  100  NFunc =  1914  E =     144.86249  RMSG = 3.7420049e-02
----------------------------------------------------------------
 END:          :-)  E =     144.86249  RMSG =   0.0374200

     bond:      7.415237131
    angle:     11.734241659
 dihedral:     61.012940935
    enb14:     23.664842651
    eel14:    281.054824723
      enb:    -16.557812608
      eel:   -177.595111362
      egb:    -45.866672179
    econs:      0.000000000
    esurf:      0.000000000
    Total:    144.862490950
     frms:      0.037420049
====== rms.dat  ======================================================
#Frame      all_heavy
       1       2.0880
