====== tleap.out =====================================================
-I: Adding /home/case/amber24/dat/leap/prep to search path.
-I: Adding /home/case/amber24/dat/leap/lib to search path.
-I: Adding /home/case/amber24/dat/leap/parm to search path.
-I: Adding /home/case/amber24/dat/leap/cmd to search path.
-f: Source leap.in.

Welcome to LEaP!
(no leaprc in search path)
Sourcing: ./leap.in
Using Bondi radii
----- Source: /home/case/amber24/dat/leap/cmd/leaprc.gaff2
----- Source of /home/case/amber24/dat/leap/cmd/leaprc.gaff2 done
Log file: ./leap.log
Loading parameters: /home/case/amber24/dat/leap/parm/gaff2.dat
Reading title:
AMBER General Force Field for organic molecules (Version 2.2.20, March 2021)
Loading parameters: ./3J6.frcmod
Reading force field modification type file (frcmod)
Reading title:
Remark line goes here
Loading Mol2 file: ./3J6.mol2
Reading MOLECULE named 3J6
Checking Unit.
Building topology.
"order_residues" off: keep input residue order.
Building atom parameters.
Building bond parameters.
Building angle parameters.
Building proper torsion parameters.

/home/case/amber24/bin/teLeap: Note.
1-4: angle 12 14 duplicates bond ('triangular' bond) or angle ('square' bond)


/home/case/amber24/bin/teLeap: Note.
1-4: angle 12 13 duplicates bond ('triangular' bond) or angle ('square' bond)


/home/case/amber24/bin/teLeap: Note.
1-4: angle 13 14 duplicates bond ('triangular' bond) or angle ('square' bond)

Building improper torsion parameters.
 total 3 improper torsions applied
Building H-Bond parameters.
Incorporating Non-Bonded adjustments.
Not Marking per-residue atom chain types.
Marking per-residue atom chain types.
  (Residues lacking connect0/connect1 - 
   these don't have chain types marked:

	res	total affected

	3J6	1
  )
 (no restraints)
	Quit

Exiting LEaP: Errors = 0; Warnings = 0; Notes = 3.
====== min.o =========================================================
Reading parm file (3J6.parm7)
title:
3J6                                                                             
no velocities were found
no velocities were found
	mm_options:  ntpr=5
	mm_options:  gb=1
	mm_options:  kappa=0.10395
	mm_options:  rgbmax=99.
	mm_options:  cut=99.0
	mm_options:  wcons=0.
     bond:      2.206946684
    angle:     16.125824658
 dihedral:     47.105896212
    enb14:     13.813291799
    eel14:    106.360744411
      enb:      5.829703716
      eel:    -64.634960291
      egb:    -23.356661892
    econs:      0.000000000
    esurf:      0.000000000
    Total:    103.450785297
     frms:      9.852732018
Starting TNCG minimisation
 MIN: Iter =    0  NFunc =     1  E =     103.45079  RMSG = 9.8527320e+00
 MIN: Iter =    1  NFunc =     7  E =      90.33694  RMSG = 2.5175414e+00
 MIN: Iter =    2  NFunc =    14  E =      88.17521  RMSG = 1.3241721e+00
 MIN: Iter =    3  NFunc =    41  E =      87.97741  RMSG = 1.2202503e+00
 MIN: Iter =    4  NFunc =    53  E =      87.21005  RMSG = 2.0332630e+00
 MIN: Iter =    5  NFunc =    61  E =      86.87893  RMSG = 4.7517095e-01
 MIN: Iter =    6  NFunc =    80  E =      86.72928  RMSG = 7.2232697e-01
 MIN: Iter =    7  NFunc =    88  E =      86.62639  RMSG = 7.1506191e-01
 MIN: Iter =    8  NFunc =    97  E =      86.56725  RMSG = 4.0246577e-01
 MIN: Iter =    9  NFunc =   104  E =      86.53692  RMSG = 2.7116889e-01
 MIN: Iter =   10  NFunc =   110  E =      86.52409  RMSG = 1.2989467e-01
 MIN: Iter =   11  NFunc =   134  E =      86.51110  RMSG = 2.1597893e-01
 MIN: Iter =   12  NFunc =   140  E =      86.50916  RMSG = 3.1411959e-02
 MIN: Iter =   13  NFunc =   162  E =      86.50731  RMSG = 2.4800343e-02
 MIN: Iter =   14  NFunc =   214  E =      86.50592  RMSG = 4.4411699e-02
 MIN: Iter =   15  NFunc =   223  E =      86.50499  RMSG = 3.4987233e-02
 MIN: Iter =   16  NFunc =   230  E =      86.50461  RMSG = 2.0672867e-02
 MIN: Iter =   17  NFunc =   244  E =      86.50416  RMSG = 2.2191266e-02
 MIN: Iter =   18  NFunc =   253  E =      86.50408  RMSG = 5.8170391e-03
 MIN: Iter =   19  NFunc =   279  E =      86.50401  RMSG = 4.1005332e-03
 MIN: Iter =   20  NFunc =   299  E =      86.50400  RMSG = 2.1260897e-03
 MIN: Iter =   21  NFunc =   308  E =      86.50399  RMSG = 1.1200584e-03
 MIN: Iter =   22  NFunc =   323  E =      86.50399  RMSG = 5.2859361e-04
 MIN: Iter =   23  NFunc =   338  E =      86.50399  RMSG = 3.2520650e-04
----------------------------------------------------------------
 END:          :-)  E =      86.50399  RMSG =   0.0003252

     bond:      5.321073961
    angle:     14.635089572
 dihedral:     44.286838620
    enb14:      7.591265505
    eel14:    101.459853069
      enb:     -1.087887689
      eel:    -58.564112639
      egb:    -27.138128643
    econs:      0.000000000
    esurf:      0.000000000
    Total:     86.503991755
     frms:      0.000325207
====== rms.dat  ======================================================
#Frame      all_heavy
       1       0.1173
