====== tleap.out =====================================================
-I: Adding /home/case/amber24/dat/leap/prep to search path.
-I: Adding /home/case/amber24/dat/leap/lib to search path.
-I: Adding /home/case/amber24/dat/leap/parm to search path.
-I: Adding /home/case/amber24/dat/leap/cmd to search path.
-f: Source leap.in.

Welcome to LEaP!
(no leaprc in search path)
Sourcing: ./leap.in
Using Bondi radii
----- Source: /home/case/amber24/dat/leap/cmd/leaprc.gaff2
----- Source of /home/case/amber24/dat/leap/cmd/leaprc.gaff2 done
Log file: ./leap.log
Loading parameters: /home/case/amber24/dat/leap/parm/gaff2.dat
Reading title:
AMBER General Force Field for organic molecules (Version 2.2.20, March 2021)
Loading parameters: ./3KQ.frcmod
Reading force field modification type file (frcmod)
Reading title:
Remark line goes here
Loading Mol2 file: ./3KQ.mol2
Reading MOLECULE named 3KQ
Checking Unit.
Building topology.
"order_residues" off: keep input residue order.
Building atom parameters.
Building bond parameters.
Building angle parameters.
Building proper torsion parameters.
Building improper torsion parameters.
 total 20 improper torsions applied
Building H-Bond parameters.
Incorporating Non-Bonded adjustments.
Not Marking per-residue atom chain types.
Marking per-residue atom chain types.
  (Residues lacking connect0/connect1 - 
   these don't have chain types marked:

	res	total affected

	3KQ	1
  )
 (no restraints)
	Quit

Exiting LEaP: Errors = 0; Warnings = 0; Notes = 0.
====== min.o =========================================================
Reading parm file (3KQ.parm7)
title:
3KQ                                                                             
no velocities were found
no velocities were found
	mm_options:  ntpr=5
	mm_options:  gb=1
	mm_options:  kappa=0.10395
	mm_options:  rgbmax=99.
	mm_options:  cut=99.0
	mm_options:  wcons=0.
     bond:      2.847355793
    angle:      4.947614826
 dihedral:     32.075638010
    enb14:     19.139614066
    eel14:     33.065279548
      enb:     -2.225670799
      eel:    -34.663837517
      egb:    -30.673434303
    econs:      0.000000000
    esurf:      0.000000000
    Total:     24.512559625
     frms:      8.765703578
Starting TNCG minimisation
 MIN: Iter =    0  NFunc =     1  E =      24.51256  RMSG = 8.7657036e+00
 MIN: Iter =    1  NFunc =     7  E =      13.58207  RMSG = 2.7455023e+00
 MIN: Iter =    2  NFunc =    16  E =       9.54300  RMSG = 1.2131598e+00
 MIN: Iter =    3  NFunc =    25  E =       9.01237  RMSG = 4.5101147e-01
 MIN: Iter =    4  NFunc =    76  E =       8.44181  RMSG = 7.4897274e-01
 MIN: Iter =    5  NFunc =    82  E =       7.93520  RMSG = 1.1028424e+00
 MIN: Iter =    6  NFunc =    88  E =       7.39691  RMSG = 1.1208038e+00
 MIN: Iter =    7  NFunc =    94  E =       6.88000  RMSG = 9.7014962e-01
 MIN: Iter =    8  NFunc =   100  E =       6.48491  RMSG = 6.6069201e-01
 MIN: Iter =    9  NFunc =   106  E =       6.23134  RMSG = 5.0631926e-01
 MIN: Iter =   10  NFunc =   154  E =       5.69940  RMSG = 5.7183109e-01
 MIN: Iter =   11  NFunc =   171  E =       5.20990  RMSG = 6.4554330e-01
 MIN: Iter =   12  NFunc =   181  E =       4.75653  RMSG = 5.9039479e-01
 MIN: Iter =   13  NFunc =   190  E =       4.44900  RMSG = 5.3436261e-01
 MIN: Iter =   14  NFunc =   198  E =       4.23262  RMSG = 4.2983635e-01
 MIN: Iter =   15  NFunc =   215  E =       4.02726  RMSG = 4.0866613e-01
 MIN: Iter =   16  NFunc =   225  E =       3.93688  RMSG = 2.1869789e-01
 MIN: Iter =   17  NFunc =   231  E =       3.89165  RMSG = 2.2077083e-01
 MIN: Iter =   18  NFunc =   270  E =       3.62397  RMSG = 5.7813551e-01
 MIN: Iter =   19  NFunc =   277  E =       3.55412  RMSG = 2.2958465e-01
 MIN: Iter =   20  NFunc =   328  E =       3.31090  RMSG = 5.8431445e-01
 MIN: Iter =   21  NFunc =   334  E =       3.15529  RMSG = 4.1099993e-01
 MIN: Iter =   22  NFunc =   360  E =       2.93232  RMSG = 8.8976278e-01
 MIN: Iter =   23  NFunc =   366  E =       2.81113  RMSG = 2.7846987e-01
 MIN: Iter =   24  NFunc =   385  E =       2.65658  RMSG = 6.8447709e-01
 MIN: Iter =   25  NFunc =   392  E =       2.51227  RMSG = 3.3970974e-01
 MIN: Iter =   26  NFunc =   400  E =       2.40367  RMSG = 7.5963956e-01
 MIN: Iter =   27  NFunc =   407  E =       2.22163  RMSG = 4.1154752e-01
 MIN: Iter =   28  NFunc =   413  E =       2.10951  RMSG = 9.2971863e-01
 MIN: Iter =   29  NFunc =   419  E =       1.95747  RMSG = 2.4125852e-01
 MIN: Iter =   30  NFunc =   445  E =       1.74530  RMSG = 6.9780902e-01
 MIN: Iter =   31  NFunc =   454  E =       1.55326  RMSG = 4.2230882e-01
 MIN: Iter =   32  NFunc =   463  E =       1.41495  RMSG = 4.5357159e-01
 MIN: Iter =   33  NFunc =   472  E =       1.34167  RMSG = 2.2888432e-01
 MIN: Iter =   34  NFunc =   488  E =       1.24694  RMSG = 4.2775492e-01
 MIN: Iter =   35  NFunc =   498  E =       1.19715  RMSG = 1.4494719e-01
 MIN: Iter =   36  NFunc =   519  E =       1.16640  RMSG = 9.0886828e-02
 MIN: Iter =   37  NFunc =   571  E =       1.14631  RMSG = 1.1381077e-01
 MIN: Iter =   38  NFunc =   612  E =       1.12820  RMSG = 3.0853341e-01
 MIN: Iter =   39  NFunc =   618  E =       1.10763  RMSG = 6.5472790e-02
 MIN: Iter =   40  NFunc =   657  E =       1.09481  RMSG = 7.9499936e-02
 MIN: Iter =   41  NFunc =   664  E =       1.08300  RMSG = 2.0694284e-01
 MIN: Iter =   42  NFunc =   671  E =       1.06903  RMSG = 9.2777146e-02
 MIN: Iter =   43  NFunc =   678  E =       1.06105  RMSG = 1.1232144e-01
 MIN: Iter =   44  NFunc =   684  E =       1.05339  RMSG = 8.5856218e-02
 MIN: Iter =   45  NFunc =   693  E =       1.04694  RMSG = 1.1096569e-01
 MIN: Iter =   46  NFunc =   705  E =       1.03748  RMSG = 8.0844575e-02
 MIN: Iter =   47  NFunc =   716  E =       1.03155  RMSG = 1.0428690e-01
 MIN: Iter =   48  NFunc =   724  E =       1.02781  RMSG = 4.4178861e-02
 MIN: Iter =   49  NFunc =   737  E =       1.02569  RMSG = 3.6787972e-02
 MIN: Iter =   50  NFunc =   747  E =       1.02388  RMSG = 6.2659293e-02
 MIN: Iter =   51  NFunc =   753  E =       1.02245  RMSG = 3.4119619e-02
 MIN: Iter =   52  NFunc =   764  E =       1.02095  RMSG = 3.4150446e-02
 MIN: Iter =   53  NFunc =   771  E =       1.01942  RMSG = 4.1958602e-02
 MIN: Iter =   54  NFunc =   787  E =       1.01488  RMSG = 4.4481886e-02
 MIN: Iter =   55  NFunc =   839  E =       1.00309  RMSG = 7.5324319e-02
 MIN: Iter =   56  NFunc =   847  E =       0.99810  RMSG = 5.7510139e-02
 MIN: Iter =   57  NFunc =   867  E =       0.99187  RMSG = 8.1668757e-02
 MIN: Iter =   58  NFunc =   873  E =       0.99027  RMSG = 2.7022098e-02
 MIN: Iter =   59  NFunc =   925  E =       0.98295  RMSG = 6.3784351e-02
 MIN: Iter =   60  NFunc =   955  E =       0.97466  RMSG = 8.2957428e-02
 MIN: Iter =   61  NFunc =   961  E =       0.97120  RMSG = 6.4811206e-02
 MIN: Iter =   62  NFunc =   985  E =       0.96299  RMSG = 6.0909430e-02
 MIN: Iter =   63  NFunc =   996  E =       0.95780  RMSG = 9.7567229e-02
 MIN: Iter =   64  NFunc =  1002  E =       0.95539  RMSG = 3.7536427e-02
 MIN: Iter =   65  NFunc =  1016  E =       0.95263  RMSG = 5.4899625e-02
 MIN: Iter =   66  NFunc =  1068  E =       0.93976  RMSG = 1.0274804e-01
 MIN: Iter =   67  NFunc =  1095  E =       0.92930  RMSG = 9.1551194e-02
 MIN: Iter =   68  NFunc =  1117  E =       0.92349  RMSG = 4.3854208e-02
 MIN: Iter =   69  NFunc =  1153  E =       0.91718  RMSG = 6.9299647e-02
 MIN: Iter =   70  NFunc =  1171  E =       0.91063  RMSG = 9.8740401e-02
 MIN: Iter =   71  NFunc =  1177  E =       0.90821  RMSG = 2.9685602e-02
 MIN: Iter =   72  NFunc =  1192  E =       0.90561  RMSG = 3.6583686e-02
 MIN: Iter =   73  NFunc =  1201  E =       0.90435  RMSG = 3.1589435e-02
 MIN: Iter =   74  NFunc =  1253  E =       0.89863  RMSG = 7.5758646e-02
 MIN: Iter =   75  NFunc =  1261  E =       0.89528  RMSG = 4.4064640e-02
 MIN: Iter =   76  NFunc =  1299  E =       0.89127  RMSG = 6.9311375e-02
 MIN: Iter =   77  NFunc =  1313  E =       0.88710  RMSG = 1.0072772e-01
 MIN: Iter =   78  NFunc =  1320  E =       0.88377  RMSG = 4.4220488e-02
 MIN: Iter =   79  NFunc =  1343  E =       0.88122  RMSG = 6.1529106e-02
 MIN: Iter =   80  NFunc =  1354  E =       0.87849  RMSG = 1.1411002e-01
 MIN: Iter =   81  NFunc =  1360  E =       0.87509  RMSG = 5.2502849e-02
 MIN: Iter =   82  NFunc =  1373  E =       0.87237  RMSG = 5.9646142e-02
 MIN: Iter =   83  NFunc =  1379  E =       0.86933  RMSG = 1.2536915e-01
 MIN: Iter =   84  NFunc =  1385  E =       0.86347  RMSG = 5.6205142e-02
 MIN: Iter =   85  NFunc =  1392  E =       0.86020  RMSG = 8.0663109e-02
 MIN: Iter =   86  NFunc =  1398  E =       0.85528  RMSG = 1.5604097e-01
 MIN: Iter =   87  NFunc =  1404  E =       0.84649  RMSG = 6.6772088e-02
 MIN: Iter =   88  NFunc =  1411  E =       0.84042  RMSG = 1.0427913e-01
 MIN: Iter =   89  NFunc =  1417  E =       0.83019  RMSG = 1.4306571e-01
 MIN: Iter =   90  NFunc =  1469  E =       0.78375  RMSG = 3.2241734e-01
 MIN: Iter =   91  NFunc =  1478  E =       0.72819  RMSG = 4.6262420e-01
 MIN: Iter =   92  NFunc =  1485  E =       0.68160  RMSG = 1.7309555e-01
 MIN: Iter =   93  NFunc =  1499  E =       0.64296  RMSG = 3.9032497e-01
 MIN: Iter =   94  NFunc =  1505  E =       0.62329  RMSG = 9.1703929e-02
 MIN: Iter =   95  NFunc =  1556  E =       0.55149  RMSG = 2.3009570e-01
 MIN: Iter =   96  NFunc =  1586  E =       0.47559  RMSG = 2.7632780e-01
 MIN: Iter =   97  NFunc =  1602  E =       0.40482  RMSG = 2.3218383e-01
 MIN: Iter =   98  NFunc =  1613  E =       0.35556  RMSG = 2.3093734e-01
 MIN: Iter =   99  NFunc =  1619  E =       0.31752  RMSG = 1.6304781e-01
 MIN: Iter =  100  NFunc =  1640  E =       0.26503  RMSG = 2.1768325e-01
----------------------------------------------------------------
 END:          :-)  E =       0.26503  RMSG =   0.2176833

     bond:      2.890705853
    angle:      7.201667461
 dihedral:     20.061733849
    enb14:     11.873333635
    eel14:     27.204518650
      enb:     -4.727924852
      eel:    -33.102894189
      egb:    -31.136105884
    econs:      0.000000000
    esurf:      0.000000000
    Total:      0.265034523
     frms:      0.217683255
====== rms.dat  ======================================================
#Frame      all_heavy
       1       1.6500
