====== tleap.out =====================================================
-I: Adding /home/case/amber24/dat/leap/prep to search path.
-I: Adding /home/case/amber24/dat/leap/lib to search path.
-I: Adding /home/case/amber24/dat/leap/parm to search path.
-I: Adding /home/case/amber24/dat/leap/cmd to search path.
-f: Source leap.in.

Welcome to LEaP!
(no leaprc in search path)
Sourcing: ./leap.in
Using Bondi radii
----- Source: /home/case/amber24/dat/leap/cmd/leaprc.gaff2
----- Source of /home/case/amber24/dat/leap/cmd/leaprc.gaff2 done
Log file: ./leap.log
Loading parameters: /home/case/amber24/dat/leap/parm/gaff2.dat
Reading title:
AMBER General Force Field for organic molecules (Version 2.2.20, March 2021)
Loading parameters: ./3MT.frcmod
Reading force field modification type file (frcmod)
Reading title:
Remark line goes here
Loading Mol2 file: ./3MT.mol2
Reading MOLECULE named 3MT
Checking Unit.

/home/case/amber24/bin/teLeap: Warning!
The unperturbed charge of the unit (1.001000) is not zero.

/home/case/amber24/bin/teLeap: Note.
Ignoring the warning from Unit Checking.

Building topology.
"order_residues" off: keep input residue order.
Building atom parameters.
Building bond parameters.
Building angle parameters.
Building proper torsion parameters.
Building improper torsion parameters.
 total 4 improper torsions applied
Building H-Bond parameters.
Incorporating Non-Bonded adjustments.
Not Marking per-residue atom chain types.
Marking per-residue atom chain types.
  (Residues lacking connect0/connect1 - 
   these don't have chain types marked:

	res	total affected

	3MT	1
  )
 (no restraints)
	Quit

Exiting LEaP: Errors = 0; Warnings = 1; Notes = 1.
====== min.o =========================================================
Reading parm file (3MT.parm7)
title:
3MT                                                                             
no velocities were found
no velocities were found
	mm_options:  ntpr=5
	mm_options:  gb=1
	mm_options:  kappa=0.10395
	mm_options:  rgbmax=99.
	mm_options:  cut=99.0
	mm_options:  wcons=0.
     bond:      3.893665589
    angle:      2.060324407
 dihedral:      0.000606890
    enb14:      0.056825877
    eel14:     -6.832842932
      enb:     -0.203624114
      eel:     32.177755104
      egb:    -58.093011394
    econs:      0.000000000
    esurf:      0.000000000
    Total:    -26.940300572
     frms:     13.949774949
Starting TNCG minimisation
 MIN: Iter =    0  NFunc =     1  E =     -26.94030  RMSG = 1.3949775e+01
 MIN: Iter =    1  NFunc =     7  E =     -31.92164  RMSG = 2.3582232e+00
 MIN: Iter =    2  NFunc =    13  E =     -32.18261  RMSG = 2.8437106e-01
 MIN: Iter =    3  NFunc =    19  E =     -32.18705  RMSG = 6.0434517e-02
 MIN: Iter =    4  NFunc =    25  E =     -32.18751  RMSG = 1.7188036e-02
 MIN: Iter =    5  NFunc =    31  E =     -32.18752  RMSG = 6.1710298e-03
 MIN: Iter =    6  NFunc =    38  E =     -32.18754  RMSG = 2.9511153e-03
 MIN: Iter =    7  NFunc =    48  E =     -32.18754  RMSG = 1.1439337e-03
 MIN: Iter =    8  NFunc =    66  E =     -32.18759  RMSG = 2.0340155e-02
 MIN: Iter =    9  NFunc =    72  E =     -32.18761  RMSG = 6.2231409e-03
 MIN: Iter =   10  NFunc =    78  E =     -32.18761  RMSG = 1.9779377e-03
 MIN: Iter =   11  NFunc =   102  E =     -32.18767  RMSG = 2.0746500e-02
 MIN: Iter =   12  NFunc =   108  E =     -32.18769  RMSG = 3.8577237e-03
 MIN: Iter =   13  NFunc =   114  E =     -32.18769  RMSG = 3.1762709e-03
 MIN: Iter =   14  NFunc =   127  E =     -32.18769  RMSG = 1.7538689e-03
 MIN: Iter =   15  NFunc =   146  E =     -32.18774  RMSG = 1.1189297e-02
 MIN: Iter =   16  NFunc =   172  E =     -32.18781  RMSG = 2.9166546e-02
 MIN: Iter =   17  NFunc =   178  E =     -32.18791  RMSG = 3.6171991e-02
 MIN: Iter =   18  NFunc =   184  E =     -32.18800  RMSG = 2.4714894e-02
 MIN: Iter =   19  NFunc =   190  E =     -32.18807  RMSG = 5.2273520e-02
 MIN: Iter =   20  NFunc =   196  E =     -32.18816  RMSG = 9.2642027e-03
 MIN: Iter =   21  NFunc =   203  E =     -32.18818  RMSG = 1.7162887e-02
 MIN: Iter =   22  NFunc =   209  E =     -32.18821  RMSG = 1.4563978e-02
 MIN: Iter =   23  NFunc =   215  E =     -32.18823  RMSG = 5.6290873e-03
 MIN: Iter =   24  NFunc =   221  E =     -32.18823  RMSG = 2.8866187e-03
 MIN: Iter =   25  NFunc =   227  E =     -32.18823  RMSG = 4.4365190e-04
----------------------------------------------------------------
 END:          :-)  E =     -32.18823  RMSG =   0.0004437

     bond:      0.247972320
    angle:      1.494179881
 dihedral:      0.000407664
    enb14:     -0.140885803
    eel14:     -6.952209245
      enb:     -0.199375826
      eel:     31.263149193
      egb:    -57.901467998
    econs:      0.000000000
    esurf:      0.000000000
    Total:    -32.188229814
     frms:      0.000443652
====== rms.dat  ======================================================
#Frame      all_heavy
       1       0.0530
