====== tleap.out =====================================================
-I: Adding /home/case/amber24/dat/leap/prep to search path.
-I: Adding /home/case/amber24/dat/leap/lib to search path.
-I: Adding /home/case/amber24/dat/leap/parm to search path.
-I: Adding /home/case/amber24/dat/leap/cmd to search path.
-f: Source leap.in.

Welcome to LEaP!
(no leaprc in search path)
Sourcing: ./leap.in
Using Bondi radii
----- Source: /home/case/amber24/dat/leap/cmd/leaprc.gaff2
----- Source of /home/case/amber24/dat/leap/cmd/leaprc.gaff2 done
Log file: ./leap.log
Loading parameters: /home/case/amber24/dat/leap/parm/gaff2.dat
Reading title:
AMBER General Force Field for organic molecules (Version 2.2.20, March 2021)
Loading parameters: ./3ND.frcmod
Reading force field modification type file (frcmod)
Reading title:
Remark line goes here
Loading Mol2 file: ./3ND.mol2
Reading MOLECULE named 3ND
Checking Unit.
Building topology.
"order_residues" off: keep input residue order.
Building atom parameters.
Building bond parameters.
Building angle parameters.
Building proper torsion parameters.
Building improper torsion parameters.
 total 16 improper torsions applied
Building H-Bond parameters.
Incorporating Non-Bonded adjustments.
Not Marking per-residue atom chain types.
Marking per-residue atom chain types.
  (Residues lacking connect0/connect1 - 
   these don't have chain types marked:

	res	total affected

	3ND	1
  )
 (no restraints)
	Quit

Exiting LEaP: Errors = 0; Warnings = 0; Notes = 0.
====== min.o =========================================================
Reading parm file (3ND.parm7)
title:
3ND                                                                             
no velocities were found
no velocities were found
	mm_options:  ntpr=5
	mm_options:  gb=1
	mm_options:  kappa=0.10395
	mm_options:  rgbmax=99.
	mm_options:  cut=99.0
	mm_options:  wcons=0.
     bond:      2.376886903
    angle:     11.018027741
 dihedral:     23.070423637
    enb14:     12.778509675
    eel14:   -119.296461547
      enb:     -3.762065064
      eel:     50.512888738
      egb:    -24.342822794
    econs:      0.000000000
    esurf:      0.000000000
    Total:    -47.644612711
     frms:     10.562926374
Starting TNCG minimisation
 MIN: Iter =    0  NFunc =     1  E =     -47.64461  RMSG = 1.0562926e+01
 MIN: Iter =    1  NFunc =     7  E =     -58.08072  RMSG = 2.5095119e+00
 MIN: Iter =    2  NFunc =    14  E =     -59.41307  RMSG = 1.1265604e+00
 MIN: Iter =    3  NFunc =    36  E =     -60.69126  RMSG = 1.0315519e+00
 MIN: Iter =    4  NFunc =    47  E =     -61.46965  RMSG = 9.7951113e-01
 MIN: Iter =    5  NFunc =    53  E =     -61.93347  RMSG = 6.9942871e-01
 MIN: Iter =    6  NFunc =    59  E =     -62.05145  RMSG = 3.3478085e-01
 MIN: Iter =    7  NFunc =    91  E =     -62.43509  RMSG = 5.6255458e-01
 MIN: Iter =    8  NFunc =   107  E =     -62.65876  RMSG = 6.0195635e-01
 MIN: Iter =    9  NFunc =   115  E =     -62.75690  RMSG = 2.4773783e-01
 MIN: Iter =   10  NFunc =   133  E =     -62.85382  RMSG = 4.5251490e-01
 MIN: Iter =   11  NFunc =   183  E =     -62.96933  RMSG = 4.3853417e-01
 MIN: Iter =   12  NFunc =   189  E =     -63.02061  RMSG = 1.9857293e-01
 MIN: Iter =   13  NFunc =   217  E =     -63.10241  RMSG = 2.3353865e-01
 MIN: Iter =   14  NFunc =   233  E =     -63.16151  RMSG = 2.9519289e-01
 MIN: Iter =   15  NFunc =   241  E =     -63.18952  RMSG = 1.1933285e-01
 MIN: Iter =   16  NFunc =   251  E =     -63.20167  RMSG = 9.5353929e-02
 MIN: Iter =   17  NFunc =   296  E =     -63.23599  RMSG = 3.3152881e-01
 MIN: Iter =   18  NFunc =   302  E =     -63.24886  RMSG = 8.1390215e-02
 MIN: Iter =   19  NFunc =   315  E =     -63.25483  RMSG = 7.6208166e-02
 MIN: Iter =   20  NFunc =   367  E =     -63.27112  RMSG = 1.7897614e-01
 MIN: Iter =   21  NFunc =   373  E =     -63.27698  RMSG = 6.8105602e-02
 MIN: Iter =   22  NFunc =   398  E =     -63.28981  RMSG = 1.4920784e-01
 MIN: Iter =   23  NFunc =   407  E =     -63.29756  RMSG = 8.2795435e-02
 MIN: Iter =   24  NFunc =   413  E =     -63.30110  RMSG = 7.0530132e-02
 MIN: Iter =   25  NFunc =   422  E =     -63.30344  RMSG = 4.7302697e-02
 MIN: Iter =   26  NFunc =   446  E =     -63.30769  RMSG = 1.6489356e-01
 MIN: Iter =   27  NFunc =   452  E =     -63.31039  RMSG = 4.4029390e-02
 MIN: Iter =   28  NFunc =   504  E =     -63.31539  RMSG = 9.0578667e-02
 MIN: Iter =   29  NFunc =   515  E =     -63.32085  RMSG = 2.4690519e-01
 MIN: Iter =   30  NFunc =   521  E =     -63.32552  RMSG = 4.8593839e-02
 MIN: Iter =   31  NFunc =   532  E =     -63.32812  RMSG = 4.9383453e-02
 MIN: Iter =   32  NFunc =   584  E =     -63.33684  RMSG = 9.7875433e-02
 MIN: Iter =   33  NFunc =   592  E =     -63.34426  RMSG = 1.3481028e-01
 MIN: Iter =   34  NFunc =   598  E =     -63.35464  RMSG = 3.4984814e-01
 MIN: Iter =   35  NFunc =   604  E =     -63.37972  RMSG = 1.4194076e-01
 MIN: Iter =   36  NFunc =   614  E =     -63.40044  RMSG = 3.8330297e-01
 MIN: Iter =   37  NFunc =   620  E =     -63.44632  RMSG = 2.4025540e-01
 MIN: Iter =   38  NFunc =   626  E =     -63.48557  RMSG = 4.3021788e-01
 MIN: Iter =   39  NFunc =   632  E =     -63.55451  RMSG = 3.7572372e-01
 MIN: Iter =   40  NFunc =   638  E =     -63.61697  RMSG = 3.9159702e-01
 MIN: Iter =   41  NFunc =   644  E =     -63.67936  RMSG = 3.0744031e-01
 MIN: Iter =   42  NFunc =   651  E =     -63.72046  RMSG = 2.2928659e-01
 MIN: Iter =   43  NFunc =   660  E =     -63.74661  RMSG = 1.4053187e-01
 MIN: Iter =   44  NFunc =   666  E =     -63.75178  RMSG = 7.0918479e-02
 MIN: Iter =   45  NFunc =   701  E =     -63.77045  RMSG = 2.2352248e-01
 MIN: Iter =   46  NFunc =   707  E =     -63.77549  RMSG = 4.8476170e-02
 MIN: Iter =   47  NFunc =   739  E =     -63.78084  RMSG = 6.2714197e-02
 MIN: Iter =   48  NFunc =   782  E =     -63.78691  RMSG = 9.6997152e-02
 MIN: Iter =   49  NFunc =   788  E =     -63.78779  RMSG = 2.1772554e-02
 MIN: Iter =   50  NFunc =   840  E =     -63.79187  RMSG = 6.7179356e-02
 MIN: Iter =   51  NFunc =   846  E =     -63.79330  RMSG = 3.7773210e-02
 MIN: Iter =   52  NFunc =   884  E =     -63.79710  RMSG = 6.7768011e-02
 MIN: Iter =   53  NFunc =   905  E =     -63.80126  RMSG = 9.0736500e-02
 MIN: Iter =   54  NFunc =   911  E =     -63.80251  RMSG = 3.1389083e-02
 MIN: Iter =   55  NFunc =   935  E =     -63.80455  RMSG = 4.5261060e-02
 MIN: Iter =   56  NFunc =   944  E =     -63.80587  RMSG = 3.6560960e-02
 MIN: Iter =   57  NFunc =   950  E =     -63.80660  RMSG = 3.0383359e-02
 MIN: Iter =   58  NFunc =   958  E =     -63.80714  RMSG = 2.2455975e-02
 MIN: Iter =   59  NFunc =   966  E =     -63.80736  RMSG = 1.3201770e-02
 MIN: Iter =   60  NFunc =  1017  E =     -63.80906  RMSG = 6.8631807e-02
 MIN: Iter =   61  NFunc =  1023  E =     -63.80948  RMSG = 1.4824262e-02
 MIN: Iter =   62  NFunc =  1033  E =     -63.80955  RMSG = 6.7145594e-03
 MIN: Iter =   63  NFunc =  1053  E =     -63.80960  RMSG = 3.4550845e-03
 MIN: Iter =   64  NFunc =  1068  E =     -63.80962  RMSG = 2.0544716e-03
 MIN: Iter =   65  NFunc =  1113  E =     -63.80964  RMSG = 1.3010151e-03
 MIN: Iter =   66  NFunc =  1135  E =     -63.80964  RMSG = 6.7258782e-04
 MIN: Iter =   67  NFunc =  1173  E =     -63.80965  RMSG = 7.2155575e-04
 MIN: Iter =   68  NFunc =  1216  E =     -63.80965  RMSG = 4.3857697e-04
----------------------------------------------------------------
 END:          :-)  E =     -63.80965  RMSG =   0.0004386

     bond:      1.174680946
    angle:      4.946170108
 dihedral:     15.733872153
    enb14:     10.668106924
    eel14:   -123.493287023
      enb:     -3.624383210
      eel:     55.497991665
      egb:    -24.712800681
    econs:      0.000000000
    esurf:      0.000000000
    Total:    -63.809649116
     frms:      0.000438577
====== rms.dat  ======================================================
#Frame      all_heavy
       1       1.2128
