====== tleap.out =====================================================
-I: Adding /home/case/amber24/dat/leap/prep to search path.
-I: Adding /home/case/amber24/dat/leap/lib to search path.
-I: Adding /home/case/amber24/dat/leap/parm to search path.
-I: Adding /home/case/amber24/dat/leap/cmd to search path.
-f: Source leap.in.

Welcome to LEaP!
(no leaprc in search path)
Sourcing: ./leap.in
Using Bondi radii
----- Source: /home/case/amber24/dat/leap/cmd/leaprc.gaff2
----- Source of /home/case/amber24/dat/leap/cmd/leaprc.gaff2 done
Log file: ./leap.log
Loading parameters: /home/case/amber24/dat/leap/parm/gaff2.dat
Reading title:
AMBER General Force Field for organic molecules (Version 2.2.20, March 2021)
Loading parameters: ./3P7.frcmod
Reading force field modification type file (frcmod)
Reading title:
Remark line goes here
Loading Mol2 file: ./3P7.mol2
Reading MOLECULE named 3P7
Checking Unit.

/home/case/amber24/bin/teLeap: Warning!
The unperturbed charge of the unit (-1.999999) is not zero.

/home/case/amber24/bin/teLeap: Note.
Ignoring the warning from Unit Checking.

Building topology.
"order_residues" off: keep input residue order.
Building atom parameters.
Building bond parameters.
Building angle parameters.
Building proper torsion parameters.
Building improper torsion parameters.
 total 14 improper torsions applied
Building H-Bond parameters.
Incorporating Non-Bonded adjustments.
Not Marking per-residue atom chain types.
Marking per-residue atom chain types.
  (Residues lacking connect0/connect1 - 
   these don't have chain types marked:

	res	total affected

	3P7	1
  )
 (no restraints)
	Quit

Exiting LEaP: Errors = 0; Warnings = 1; Notes = 1.
====== min.o =========================================================
Reading parm file (3P7.parm7)
title:
3P7                                                                             
no velocities were found
no velocities were found
	mm_options:  ntpr=5
	mm_options:  gb=1
	mm_options:  kappa=0.10395
	mm_options:  rgbmax=99.
	mm_options:  cut=99.0
	mm_options:  wcons=0.
     bond:      4.504581619
    angle:      9.621070671
 dihedral:     46.454407348
    enb14:     17.743778451
    eel14:     -0.394925435
      enb:     -0.641461591
      eel:     48.369334311
      egb:   -197.665067891
    econs:      0.000000000
    esurf:      0.000000000
    Total:    -72.008282518
     frms:     11.878804488
Starting TNCG minimisation
 MIN: Iter =    0  NFunc =     1  E =     -72.00828  RMSG = 1.1878804e+01
 MIN: Iter =    1  NFunc =     7  E =     -89.73638  RMSG = 4.1656982e+00
 MIN: Iter =    2  NFunc =    50  E =     -92.10223  RMSG = 4.1801487e+00
 MIN: Iter =    3  NFunc =    62  E =     -97.60266  RMSG = 3.7417118e+00
 MIN: Iter =    4  NFunc =    68  E =    -101.19630  RMSG = 3.0764736e+00
 MIN: Iter =    5  NFunc =    74  E =    -103.52350  RMSG = 2.4928518e+00
 MIN: Iter =    6  NFunc =    80  E =    -105.02376  RMSG = 1.8242427e+00
 MIN: Iter =    7  NFunc =    86  E =    -105.65813  RMSG = 9.2533562e-01
 MIN: Iter =    8  NFunc =   100  E =    -106.10823  RMSG = 5.1968319e-01
 MIN: Iter =    9  NFunc =   151  E =    -106.70246  RMSG = 6.6765409e-01
 MIN: Iter =   10  NFunc =   168  E =    -107.13024  RMSG = 7.1329967e-01
 MIN: Iter =   11  NFunc =   178  E =    -107.53458  RMSG = 7.1433996e-01
 MIN: Iter =   12  NFunc =   185  E =    -107.86253  RMSG = 6.6003966e-01
 MIN: Iter =   13  NFunc =   191  E =    -108.07466  RMSG = 5.7680000e-01
 MIN: Iter =   14  NFunc =   199  E =    -108.22172  RMSG = 3.1494339e-01
 MIN: Iter =   15  NFunc =   250  E =    -108.45991  RMSG = 3.7875640e-01
 MIN: Iter =   16  NFunc =   275  E =    -108.66492  RMSG = 4.7885929e-01
 MIN: Iter =   17  NFunc =   289  E =    -108.83494  RMSG = 5.2819176e-01
 MIN: Iter =   18  NFunc =   297  E =    -108.95524  RMSG = 3.9687129e-01
 MIN: Iter =   19  NFunc =   303  E =    -109.02082  RMSG = 4.2380641e-01
 MIN: Iter =   20  NFunc =   318  E =    -109.10071  RMSG = 2.8800774e-01
 MIN: Iter =   21  NFunc =   328  E =    -109.12447  RMSG = 1.0696797e-01
 MIN: Iter =   22  NFunc =   373  E =    -109.15080  RMSG = 3.5056683e-01
 MIN: Iter =   23  NFunc =   379  E =    -109.16418  RMSG = 4.7965575e-02
 MIN: Iter =   24  NFunc =   391  E =    -109.16626  RMSG = 2.9327217e-02
 MIN: Iter =   25  NFunc =   413  E =    -109.16780  RMSG = 1.5792954e-02
 MIN: Iter =   26  NFunc =   427  E =    -109.16813  RMSG = 1.2158472e-02
 MIN: Iter =   27  NFunc =   478  E =    -109.16884  RMSG = 1.2536512e-02
 MIN: Iter =   28  NFunc =   524  E =    -109.16931  RMSG = 6.6601632e-03
 MIN: Iter =   29  NFunc =   554  E =    -109.16956  RMSG = 7.7376919e-03
 MIN: Iter =   30  NFunc =   564  E =    -109.16959  RMSG = 4.8574708e-03
 MIN: Iter =   31  NFunc =   583  E =    -109.16962  RMSG = 2.8593504e-03
 MIN: Iter =   32  NFunc =   622  E =    -109.16964  RMSG = 1.8880541e-03
 MIN: Iter =   33  NFunc =   645  E =    -109.16965  RMSG = 1.0753774e-03
 MIN: Iter =   34  NFunc =   655  E =    -109.16965  RMSG = 7.2993234e-04
 MIN: Iter =   35  NFunc =   664  E =    -109.16965  RMSG = 4.2268498e-04
----------------------------------------------------------------
 END:          :-)  E =    -109.16965  RMSG =   0.0004227

     bond:      4.478161629
    angle:     11.370904860
 dihedral:     25.660924456
    enb14:     10.802663066
    eel14:     -7.367399941
      enb:     -4.571513429
      eel:     50.577173409
      egb:   -200.120563722
    econs:      0.000000000
    esurf:      0.000000000
    Total:   -109.169649673
     frms:      0.000422685
====== rms.dat  ======================================================
#Frame      all_heavy
       1       0.9501
