====== tleap.out =====================================================
-I: Adding /home/case/amber24/dat/leap/prep to search path.
-I: Adding /home/case/amber24/dat/leap/lib to search path.
-I: Adding /home/case/amber24/dat/leap/parm to search path.
-I: Adding /home/case/amber24/dat/leap/cmd to search path.
-f: Source leap.in.

Welcome to LEaP!
(no leaprc in search path)
Sourcing: ./leap.in
Using Bondi radii
----- Source: /home/case/amber24/dat/leap/cmd/leaprc.gaff2
----- Source of /home/case/amber24/dat/leap/cmd/leaprc.gaff2 done
Log file: ./leap.log
Loading parameters: /home/case/amber24/dat/leap/parm/gaff2.dat
Reading title:
AMBER General Force Field for organic molecules (Version 2.2.20, March 2021)
Loading parameters: ./3R4.frcmod
Reading force field modification type file (frcmod)
Reading title:
Remark line goes here
Loading Mol2 file: ./3R4.mol2
Reading MOLECULE named 3R4
Checking Unit.

/home/case/amber24/bin/teLeap: Warning!
The unperturbed charge of the unit (-1.001000) is not zero.

/home/case/amber24/bin/teLeap: Note.
Ignoring the warning from Unit Checking.

Building topology.
"order_residues" off: keep input residue order.
Building atom parameters.
Building bond parameters.
Building angle parameters.
Building proper torsion parameters.
Building improper torsion parameters.
 total 9 improper torsions applied
Building H-Bond parameters.
Incorporating Non-Bonded adjustments.
Not Marking per-residue atom chain types.
Marking per-residue atom chain types.
  (Residues lacking connect0/connect1 - 
   these don't have chain types marked:

	res	total affected

	3R4	1
  )
 (no restraints)
	Quit

Exiting LEaP: Errors = 0; Warnings = 1; Notes = 1.
====== min.o =========================================================
Reading parm file (3R4.parm7)
title:
3R4                                                                             
no velocities were found
no velocities were found
	mm_options:  ntpr=5
	mm_options:  gb=1
	mm_options:  kappa=0.10395
	mm_options:  rgbmax=99.
	mm_options:  cut=99.0
	mm_options:  wcons=0.
     bond:      2.543725360
    angle:     13.183436871
 dihedral:      5.651951058
    enb14:      4.522448967
    eel14:    -44.835535830
      enb:     -0.623790205
      eel:     45.059163496
      egb:    -63.798542156
    econs:      0.000000000
    esurf:      0.000000000
    Total:    -38.297142440
     frms:     16.752990343
Starting TNCG minimisation
 MIN: Iter =    0  NFunc =     1  E =     -38.29714  RMSG = 1.6752990e+01
 MIN: Iter =    1  NFunc =     7  E =     -46.39375  RMSG = 2.8286218e+00
 MIN: Iter =    2  NFunc =    15  E =     -47.23935  RMSG = 9.2683238e-01
 MIN: Iter =    3  NFunc =    21  E =     -47.33633  RMSG = 3.1567333e-01
 MIN: Iter =    4  NFunc =    27  E =     -47.34350  RMSG = 8.8637333e-02
 MIN: Iter =    5  NFunc =    33  E =     -47.34392  RMSG = 1.9013936e-02
 MIN: Iter =    6  NFunc =    45  E =     -47.34404  RMSG = 1.1353905e-02
 MIN: Iter =    7  NFunc =    58  E =     -47.34409  RMSG = 5.8034275e-03
 MIN: Iter =    8  NFunc =    67  E =     -47.34410  RMSG = 2.6782750e-03
 MIN: Iter =    9  NFunc =    75  E =     -47.34410  RMSG = 8.3380202e-04
 MIN: Iter =   10  NFunc =    85  E =     -47.34410  RMSG = 4.5540903e-04
----------------------------------------------------------------
 END:          :-)  E =     -47.34410  RMSG =   0.0004554

     bond:      0.831548383
    angle:      7.997898549
 dihedral:      5.650000009
    enb14:      2.880986104
    eel14:    -44.212483923
      enb:     -0.148312311
      eel:     44.981163159
      egb:    -65.324896292
    econs:      0.000000000
    esurf:      0.000000000
    Total:    -47.344096321
     frms:      0.000455409
====== rms.dat  ======================================================
#Frame      all_heavy
       1       0.0836
