====== tleap.out =====================================================
-I: Adding /home/case/amber24/dat/leap/prep to search path.
-I: Adding /home/case/amber24/dat/leap/lib to search path.
-I: Adding /home/case/amber24/dat/leap/parm to search path.
-I: Adding /home/case/amber24/dat/leap/cmd to search path.
-f: Source leap.in.

Welcome to LEaP!
(no leaprc in search path)
Sourcing: ./leap.in
Using Bondi radii
----- Source: /home/case/amber24/dat/leap/cmd/leaprc.gaff2
----- Source of /home/case/amber24/dat/leap/cmd/leaprc.gaff2 done
Log file: ./leap.log
Loading parameters: /home/case/amber24/dat/leap/parm/gaff2.dat
Reading title:
AMBER General Force Field for organic molecules (Version 2.2.20, March 2021)
Loading parameters: ./3S3.frcmod
Reading force field modification type file (frcmod)
Reading title:
Remark line goes here
Loading Mol2 file: ./3S3.mol2
Reading MOLECULE named 3S3
Checking Unit.

/home/case/amber24/bin/teLeap: Warning!
The unperturbed charge of the unit (-1.002001) is not zero.

/home/case/amber24/bin/teLeap: Note.
Ignoring the warning from Unit Checking.

Building topology.
"order_residues" off: keep input residue order.
Building atom parameters.
Building bond parameters.
Building angle parameters.
Building proper torsion parameters.
Building improper torsion parameters.
 total 11 improper torsions applied
Building H-Bond parameters.
Incorporating Non-Bonded adjustments.
Not Marking per-residue atom chain types.
Marking per-residue atom chain types.
  (Residues lacking connect0/connect1 - 
   these don't have chain types marked:

	res	total affected

	3S3	1
  )
 (no restraints)
	Quit

Exiting LEaP: Errors = 0; Warnings = 1; Notes = 1.
====== min.o =========================================================
Reading parm file (3S3.parm7)
title:
3S3                                                                             
no velocities were found
no velocities were found
	mm_options:  ntpr=5
	mm_options:  gb=1
	mm_options:  kappa=0.10395
	mm_options:  rgbmax=99.
	mm_options:  cut=99.0
	mm_options:  wcons=0.
     bond:      4.872489885
    angle:     11.717429001
 dihedral:     14.224222765
    enb14:     13.132732308
    eel14:    337.917843539
      enb:     -5.588117941
      eel:   -281.192422358
      egb:   -140.000122083
    econs:      0.000000000
    esurf:      0.000000000
    Total:    -44.915944883
     frms:     10.337454833
Starting TNCG minimisation
 MIN: Iter =    0  NFunc =     1  E =     -44.91594  RMSG = 1.0337455e+01
 MIN: Iter =    1  NFunc =     8  E =     -58.49254  RMSG = 3.0629966e+00
 MIN: Iter =    2  NFunc =    16  E =     -61.93521  RMSG = 1.8566045e+00
 MIN: Iter =    3  NFunc =    28  E =     -63.16257  RMSG = 1.2922005e+00
 MIN: Iter =    4  NFunc =    42  E =     -63.71508  RMSG = 9.7092933e-01
 MIN: Iter =    5  NFunc =    74  E =     -64.16301  RMSG = 7.9437317e-01
 MIN: Iter =    6  NFunc =    91  E =     -64.44582  RMSG = 6.2409343e-01
 MIN: Iter =    7  NFunc =    98  E =     -64.56949  RMSG = 2.8057920e-01
 MIN: Iter =    8  NFunc =   120  E =     -64.74152  RMSG = 3.4997092e-01
 MIN: Iter =    9  NFunc =   131  E =     -64.87291  RMSG = 4.1257230e-01
 MIN: Iter =   10  NFunc =   137  E =     -64.97054  RMSG = 3.5286345e-01
 MIN: Iter =   11  NFunc =   150  E =     -65.06146  RMSG = 3.9963161e-01
 MIN: Iter =   12  NFunc =   158  E =     -65.14977  RMSG = 3.3513961e-01
 MIN: Iter =   13  NFunc =   165  E =     -65.20457  RMSG = 2.8494913e-01
 MIN: Iter =   14  NFunc =   200  E =     -65.38018  RMSG = 4.5896458e-01
 MIN: Iter =   15  NFunc =   208  E =     -65.43498  RMSG = 1.8716100e-01
 MIN: Iter =   16  NFunc =   225  E =     -65.49131  RMSG = 3.6672400e-01
 MIN: Iter =   17  NFunc =   231  E =     -65.51757  RMSG = 1.5381478e-01
 MIN: Iter =   18  NFunc =   262  E =     -65.55098  RMSG = 3.5905262e-01
 MIN: Iter =   19  NFunc =   268  E =     -65.57151  RMSG = 1.1595362e-01
 MIN: Iter =   20  NFunc =   287  E =     -65.59784  RMSG = 3.6835249e-01
 MIN: Iter =   21  NFunc =   293  E =     -65.62285  RMSG = 1.0439839e-01
 MIN: Iter =   22  NFunc =   302  E =     -65.63513  RMSG = 1.4617086e-01
 MIN: Iter =   23  NFunc =   344  E =     -65.69419  RMSG = 2.8832557e-01
 MIN: Iter =   24  NFunc =   351  E =     -65.71292  RMSG = 1.3143898e-01
 MIN: Iter =   25  NFunc =   371  E =     -65.73328  RMSG = 2.2904848e-01
 MIN: Iter =   26  NFunc =   377  E =     -65.74107  RMSG = 7.7882766e-02
 MIN: Iter =   27  NFunc =   429  E =     -65.75397  RMSG = 8.1296924e-02
 MIN: Iter =   28  NFunc =   443  E =     -65.76295  RMSG = 7.6773975e-02
 MIN: Iter =   29  NFunc =   459  E =     -65.77016  RMSG = 6.7226483e-02
 MIN: Iter =   30  NFunc =   502  E =     -65.78478  RMSG = 1.3800744e-01
 MIN: Iter =   31  NFunc =   508  E =     -65.78805  RMSG = 4.2206820e-02
 MIN: Iter =   32  NFunc =   533  E =     -65.79070  RMSG = 3.4405738e-02
 MIN: Iter =   33  NFunc =   575  E =     -65.79475  RMSG = 3.6232473e-02
 MIN: Iter =   34  NFunc =   585  E =     -65.79518  RMSG = 1.4783283e-02
 MIN: Iter =   35  NFunc =   619  E =     -65.79598  RMSG = 1.3334262e-02
 MIN: Iter =   36  NFunc =   645  E =     -65.79658  RMSG = 1.1140191e-02
 MIN: Iter =   37  NFunc =   696  E =     -65.79769  RMSG = 4.4534120e-02
 MIN: Iter =   38  NFunc =   702  E =     -65.79796  RMSG = 1.2531199e-02
 MIN: Iter =   39  NFunc =   737  E =     -65.79834  RMSG = 9.3752753e-03
 MIN: Iter =   40  NFunc =   788  E =     -65.79872  RMSG = 1.2306019e-02
 MIN: Iter =   41  NFunc =   803  E =     -65.79888  RMSG = 5.9676105e-03
 MIN: Iter =   42  NFunc =   831  E =     -65.79893  RMSG = 2.8507161e-03
 MIN: Iter =   43  NFunc =   872  E =     -65.79898  RMSG = 2.8386257e-03
 MIN: Iter =   44  NFunc =   889  E =     -65.79899  RMSG = 1.8898518e-03
 MIN: Iter =   45  NFunc =   912  E =     -65.79899  RMSG = 1.1907833e-03
 MIN: Iter =   46  NFunc =   932  E =     -65.79899  RMSG = 6.0200807e-04
 MIN: Iter =   47  NFunc =   967  E =     -65.79900  RMSG = 2.8508500e-04
----------------------------------------------------------------
 END:          :-)  E =     -65.79900  RMSG =   0.0002851

     bond:      3.974756974
    angle:     10.317421198
 dihedral:     11.994307406
    enb14:      6.979340936
    eel14:    320.322883585
      enb:     -6.905383463
      eel:   -258.763181921
      egb:   -153.719140298
    econs:      0.000000000
    esurf:      0.000000000
    Total:    -65.798995583
     frms:      0.000285085
====== rms.dat  ======================================================
#Frame      all_heavy
       1       0.7794
