====== tleap.out =====================================================
-I: Adding /home/case/amber24/dat/leap/prep to search path.
-I: Adding /home/case/amber24/dat/leap/lib to search path.
-I: Adding /home/case/amber24/dat/leap/parm to search path.
-I: Adding /home/case/amber24/dat/leap/cmd to search path.
-f: Source leap.in.

Welcome to LEaP!
(no leaprc in search path)
Sourcing: ./leap.in
Using Bondi radii
----- Source: /home/case/amber24/dat/leap/cmd/leaprc.gaff2
----- Source of /home/case/amber24/dat/leap/cmd/leaprc.gaff2 done
Log file: ./leap.log
Loading parameters: /home/case/amber24/dat/leap/parm/gaff2.dat
Reading title:
AMBER General Force Field for organic molecules (Version 2.2.20, March 2021)
Loading parameters: ./3V7.frcmod
Reading force field modification type file (frcmod)
Reading title:
Remark line goes here
Loading Mol2 file: ./3V7.mol2
Reading MOLECULE named 3V7
Checking Unit.
Building topology.
"order_residues" off: keep input residue order.
Building atom parameters.
Building bond parameters.
Building angle parameters.
Building proper torsion parameters.
Building improper torsion parameters.
 total 3 improper torsions applied
Building H-Bond parameters.
Incorporating Non-Bonded adjustments.
Not Marking per-residue atom chain types.
Marking per-residue atom chain types.
  (Residues lacking connect0/connect1 - 
   these don't have chain types marked:

	res	total affected

	3V7	1
  )
 (no restraints)
	Quit

Exiting LEaP: Errors = 0; Warnings = 0; Notes = 0.
====== min.o =========================================================
Reading parm file (3V7.parm7)
title:
3V7                                                                             
no velocities were found
no velocities were found
	mm_options:  ntpr=5
	mm_options:  gb=1
	mm_options:  kappa=0.10395
	mm_options:  rgbmax=99.
	mm_options:  cut=99.0
	mm_options:  wcons=0.
     bond:      1.553593412
    angle:      4.383160160
 dihedral:      0.107613290
    enb14:      1.488901120
    eel14:     21.782046327
      enb:     -1.272066713
      eel:    -24.651491396
      egb:    -22.157759009
    econs:      0.000000000
    esurf:      0.000000000
    Total:    -18.766002809
     frms:      8.987435458
Starting TNCG minimisation
 MIN: Iter =    0  NFunc =     1  E =     -18.76600  RMSG = 8.9874355e+00
 MIN: Iter =    1  NFunc =     7  E =     -22.76253  RMSG = 2.5591411e+00
 MIN: Iter =    2  NFunc =    14  E =     -23.42645  RMSG = 9.4390340e-01
 MIN: Iter =    3  NFunc =    22  E =     -23.58785  RMSG = 3.4408230e-01
 MIN: Iter =    4  NFunc =    35  E =     -23.62954  RMSG = 8.9613709e-01
 MIN: Iter =    5  NFunc =    41  E =     -23.64548  RMSG = 1.4407912e-01
 MIN: Iter =    6  NFunc =    52  E =     -23.65344  RMSG = 7.3212926e-02
 MIN: Iter =    7  NFunc =    69  E =     -23.66173  RMSG = 1.3303300e-01
 MIN: Iter =    8  NFunc =    99  E =     -23.66956  RMSG = 2.5168236e-01
 MIN: Iter =    9  NFunc =   105  E =     -23.67183  RMSG = 3.9294377e-02
 MIN: Iter =   10  NFunc =   137  E =     -23.67612  RMSG = 6.0764686e-02
 MIN: Iter =   11  NFunc =   148  E =     -23.67805  RMSG = 5.1187495e-02
 MIN: Iter =   12  NFunc =   157  E =     -23.67863  RMSG = 2.0910995e-02
 MIN: Iter =   13  NFunc =   197  E =     -23.68054  RMSG = 7.8788959e-02
 MIN: Iter =   14  NFunc =   204  E =     -23.68090  RMSG = 2.3490345e-02
 MIN: Iter =   15  NFunc =   233  E =     -23.68336  RMSG = 8.1574744e-02
 MIN: Iter =   16  NFunc =   241  E =     -23.68390  RMSG = 2.8473021e-02
 MIN: Iter =   17  NFunc =   248  E =     -23.68425  RMSG = 2.2792142e-02
 MIN: Iter =   18  NFunc =   268  E =     -23.68656  RMSG = 8.1362889e-02
 MIN: Iter =   19  NFunc =   288  E =     -23.68926  RMSG = 1.3502582e-01
 MIN: Iter =   20  NFunc =   295  E =     -23.69357  RMSG = 2.4181484e-01
 MIN: Iter =   21  NFunc =   301  E =     -23.69902  RMSG = 9.5926635e-02
 MIN: Iter =   22  NFunc =   308  E =     -23.70146  RMSG = 1.0682934e-01
 MIN: Iter =   23  NFunc =   315  E =     -23.70445  RMSG = 1.2772447e-01
 MIN: Iter =   24  NFunc =   321  E =     -23.70837  RMSG = 3.0850835e-01
 MIN: Iter =   25  NFunc =   327  E =     -23.71519  RMSG = 6.3650833e-02
 MIN: Iter =   26  NFunc =   334  E =     -23.71772  RMSG = 1.1698223e-01
 MIN: Iter =   27  NFunc =   340  E =     -23.72085  RMSG = 2.2815983e-01
 MIN: Iter =   28  NFunc =   346  E =     -23.72514  RMSG = 6.5200420e-02
 MIN: Iter =   29  NFunc =   353  E =     -23.72694  RMSG = 1.0801939e-01
 MIN: Iter =   30  NFunc =   359  E =     -23.72916  RMSG = 1.0553072e-01
 MIN: Iter =   31  NFunc =   365  E =     -23.73078  RMSG = 6.2558847e-02
 MIN: Iter =   32  NFunc =   374  E =     -23.73277  RMSG = 1.3560912e-01
 MIN: Iter =   33  NFunc =   380  E =     -23.73385  RMSG = 3.7453582e-02
 MIN: Iter =   34  NFunc =   386  E =     -23.73440  RMSG = 8.7430432e-02
 MIN: Iter =   35  NFunc =   392  E =     -23.73486  RMSG = 2.3150648e-02
 MIN: Iter =   36  NFunc =   404  E =     -23.73514  RMSG = 1.4294588e-02
 MIN: Iter =   37  NFunc =   435  E =     -23.73570  RMSG = 1.8925934e-02
 MIN: Iter =   38  NFunc =   460  E =     -23.73607  RMSG = 1.1939320e-02
 MIN: Iter =   39  NFunc =   468  E =     -23.73610  RMSG = 5.0481194e-03
 MIN: Iter =   40  NFunc =   486  E =     -23.73613  RMSG = 3.6669473e-03
 MIN: Iter =   41  NFunc =   496  E =     -23.73613  RMSG = 2.7986354e-03
 MIN: Iter =   42  NFunc =   507  E =     -23.73614  RMSG = 1.6476943e-03
 MIN: Iter =   43  NFunc =   514  E =     -23.73614  RMSG = 8.4641618e-04
 MIN: Iter =   44  NFunc =   547  E =     -23.73614  RMSG = 7.4278830e-04
 MIN: Iter =   45  NFunc =   563  E =     -23.73614  RMSG = 5.3808764e-04
 MIN: Iter =   46  NFunc =   577  E =     -23.73614  RMSG = 2.8237464e-04
----------------------------------------------------------------
 END:          :-)  E =     -23.73614  RMSG =   0.0002824

     bond:      0.513477520
    angle:      2.896291061
 dihedral:      0.011122978
    enb14:      0.426593298
    eel14:     21.039060006
      enb:     -1.305955709
      eel:    -22.765903404
      egb:    -24.550829882
    econs:      0.000000000
    esurf:      0.000000000
    Total:    -23.736144133
     frms:      0.000282375
====== rms.dat  ======================================================
#Frame      all_heavy
       1       0.2415
