====== tleap.out =====================================================
-I: Adding /home/case/amber24/dat/leap/prep to search path.
-I: Adding /home/case/amber24/dat/leap/lib to search path.
-I: Adding /home/case/amber24/dat/leap/parm to search path.
-I: Adding /home/case/amber24/dat/leap/cmd to search path.
-f: Source leap.in.

Welcome to LEaP!
(no leaprc in search path)
Sourcing: ./leap.in
Using Bondi radii
----- Source: /home/case/amber24/dat/leap/cmd/leaprc.gaff2
----- Source of /home/case/amber24/dat/leap/cmd/leaprc.gaff2 done
Log file: ./leap.log
Loading parameters: /home/case/amber24/dat/leap/parm/gaff2.dat
Reading title:
AMBER General Force Field for organic molecules (Version 2.2.20, March 2021)
Loading parameters: ./3XK.frcmod
Reading force field modification type file (frcmod)
Reading title:
Remark line goes here
Loading Mol2 file: ./3XK.mol2
Reading MOLECULE named 3XK
Checking Unit.
Building topology.
"order_residues" off: keep input residue order.
Building atom parameters.
Building bond parameters.
Building angle parameters.
Building proper torsion parameters.
Building improper torsion parameters.
 total 19 improper torsions applied
Building H-Bond parameters.
Incorporating Non-Bonded adjustments.
Not Marking per-residue atom chain types.
Marking per-residue atom chain types.
  (Residues lacking connect0/connect1 - 
   these don't have chain types marked:

	res	total affected

	3XK	1
  )
 (no restraints)
	Quit

Exiting LEaP: Errors = 0; Warnings = 0; Notes = 0.
====== min.o =========================================================
Reading parm file (3XK.parm7)
title:
3XK                                                                             
no velocities were found
no velocities were found
	mm_options:  ntpr=5
	mm_options:  gb=1
	mm_options:  kappa=0.10395
	mm_options:  rgbmax=99.
	mm_options:  cut=99.0
	mm_options:  wcons=0.
     bond:      2.590686476
    angle:     23.958708495
 dihedral:     28.709514777
    enb14:     12.248770576
    eel14:    -44.211468014
      enb:     -1.072740135
      eel:      4.029869227
      egb:    -30.551652047
    econs:      0.000000000
    esurf:      0.000000000
    Total:     -4.298310646
     frms:      9.738638865
Starting TNCG minimisation
 MIN: Iter =    0  NFunc =     1  E =      -4.29831  RMSG = 9.7386389e+00
 MIN: Iter =    1  NFunc =     7  E =     -12.70066  RMSG = 2.7895802e+00
 MIN: Iter =    2  NFunc =    15  E =     -14.93089  RMSG = 1.3292746e+00
 MIN: Iter =    3  NFunc =    21  E =     -15.30689  RMSG = 6.4155215e-01
 MIN: Iter =    4  NFunc =    60  E =     -15.57478  RMSG = 1.7608065e+00
 MIN: Iter =    5  NFunc =    66  E =     -15.80627  RMSG = 4.7553546e-01
 MIN: Iter =    6  NFunc =    97  E =     -16.08523  RMSG = 6.1101683e-01
 MIN: Iter =    7  NFunc =   112  E =     -16.25317  RMSG = 8.8589417e-01
 MIN: Iter =    8  NFunc =   118  E =     -16.32008  RMSG = 2.1909825e-01
 MIN: Iter =    9  NFunc =   127  E =     -16.33927  RMSG = 2.5776830e-01
 MIN: Iter =   10  NFunc =   133  E =     -16.34599  RMSG = 5.5594066e-02
 MIN: Iter =   11  NFunc =   184  E =     -16.39468  RMSG = 2.8228773e-01
 MIN: Iter =   12  NFunc =   190  E =     -16.40456  RMSG = 1.1063221e-01
 MIN: Iter =   13  NFunc =   204  E =     -16.41234  RMSG = 7.3431888e-02
 MIN: Iter =   14  NFunc =   216  E =     -16.41496  RMSG = 4.1449129e-02
 MIN: Iter =   15  NFunc =   239  E =     -16.41735  RMSG = 2.9590095e-02
 MIN: Iter =   16  NFunc =   250  E =     -16.41776  RMSG = 1.3685898e-02
 MIN: Iter =   17  NFunc =   266  E =     -16.41789  RMSG = 5.7461589e-03
 MIN: Iter =   18  NFunc =   282  E =     -16.41792  RMSG = 3.1720746e-03
 MIN: Iter =   19  NFunc =   301  E =     -16.41794  RMSG = 2.6928062e-03
 MIN: Iter =   20  NFunc =   322  E =     -16.41795  RMSG = 1.5588513e-03
 MIN: Iter =   21  NFunc =   366  E =     -16.41796  RMSG = 1.1468341e-03
 MIN: Iter =   22  NFunc =   387  E =     -16.41796  RMSG = 6.6825542e-04
 MIN: Iter =   23  NFunc =   404  E =     -16.41796  RMSG = 3.9702962e-04
----------------------------------------------------------------
 END:          :-)  E =     -16.41796  RMSG =   0.0003970

     bond:      2.239132505
    angle:     19.675019025
 dihedral:     26.128635239
    enb14:      9.235213042
    eel14:    -43.765293126
      enb:     -2.106776004
      eel:      4.594808221
      egb:    -32.418699701
    econs:      0.000000000
    esurf:      0.000000000
    Total:    -16.417960799
     frms:      0.000397030
====== rms.dat  ======================================================
#Frame      all_heavy
       1       0.1972
