====== tleap.out =====================================================
-I: Adding /home/case/amber24/dat/leap/prep to search path.
-I: Adding /home/case/amber24/dat/leap/lib to search path.
-I: Adding /home/case/amber24/dat/leap/parm to search path.
-I: Adding /home/case/amber24/dat/leap/cmd to search path.
-f: Source leap.in.

Welcome to LEaP!
(no leaprc in search path)
Sourcing: ./leap.in
Using Bondi radii
----- Source: /home/case/amber24/dat/leap/cmd/leaprc.gaff2
----- Source of /home/case/amber24/dat/leap/cmd/leaprc.gaff2 done
Log file: ./leap.log
Loading parameters: /home/case/amber24/dat/leap/parm/gaff2.dat
Reading title:
AMBER General Force Field for organic molecules (Version 2.2.20, March 2021)
Loading parameters: ./3YR.frcmod
Reading force field modification type file (frcmod)
Reading title:
Remark line goes here
Loading Mol2 file: ./3YR.mol2
Reading MOLECULE named 3YR
Checking Unit.
Building topology.
"order_residues" off: keep input residue order.
Building atom parameters.
Building bond parameters.
Building angle parameters.
Building proper torsion parameters.
Building improper torsion parameters.
 total 16 improper torsions applied
Building H-Bond parameters.
Incorporating Non-Bonded adjustments.
Not Marking per-residue atom chain types.
Marking per-residue atom chain types.
  (Residues lacking connect0/connect1 - 
   these don't have chain types marked:

	res	total affected

	3YR	1
  )
 (no restraints)
	Quit

Exiting LEaP: Errors = 0; Warnings = 0; Notes = 0.
====== min.o =========================================================
Reading parm file (3YR.parm7)
title:
3YR                                                                             
no velocities were found
no velocities were found
	mm_options:  ntpr=5
	mm_options:  gb=1
	mm_options:  kappa=0.10395
	mm_options:  rgbmax=99.
	mm_options:  cut=99.0
	mm_options:  wcons=0.
     bond:      3.512007948
    angle:     13.815535240
 dihedral:     16.349749839
    enb14:     13.916760595
    eel14:     19.116544467
      enb:      2.663943585
      eel:    -43.651848948
      egb:    -21.765752045
    econs:      0.000000000
    esurf:      0.000000000
    Total:      3.956940680
     frms:     11.647044481
Starting TNCG minimisation
 MIN: Iter =    0  NFunc =     1  E =       3.95694  RMSG = 1.1647044e+01
 MIN: Iter =    1  NFunc =     7  E =      -8.43249  RMSG = 2.9676576e+00
 MIN: Iter =    2  NFunc =    13  E =     -10.44473  RMSG = 1.4692333e+00
 MIN: Iter =    3  NFunc =    19  E =     -10.91139  RMSG = 6.9398073e-01
 MIN: Iter =    4  NFunc =    61  E =     -11.47104  RMSG = 6.5353870e-01
 MIN: Iter =    5  NFunc =    82  E =     -11.87972  RMSG = 6.1244913e-01
 MIN: Iter =    6  NFunc =    94  E =     -12.18507  RMSG = 5.3017727e-01
 MIN: Iter =    7  NFunc =   100  E =     -12.29172  RMSG = 3.1674861e-01
 MIN: Iter =    8  NFunc =   108  E =     -12.38334  RMSG = 3.7088438e-01
 MIN: Iter =    9  NFunc =   119  E =     -12.45687  RMSG = 1.6967222e-01
 MIN: Iter =   10  NFunc =   145  E =     -12.54425  RMSG = 3.8470380e-01
 MIN: Iter =   11  NFunc =   151  E =     -12.56369  RMSG = 1.1736919e-01
 MIN: Iter =   12  NFunc =   183  E =     -12.59536  RMSG = 1.5522400e-01
 MIN: Iter =   13  NFunc =   189  E =     -12.59903  RMSG = 5.2146127e-02
 MIN: Iter =   14  NFunc =   223  E =     -12.61500  RMSG = 1.3757704e-01
 MIN: Iter =   15  NFunc =   237  E =     -12.62241  RMSG = 6.0617166e-02
 MIN: Iter =   16  NFunc =   253  E =     -12.62827  RMSG = 6.5018845e-02
 MIN: Iter =   17  NFunc =   263  E =     -12.62954  RMSG = 2.4796598e-02
 MIN: Iter =   18  NFunc =   293  E =     -12.63107  RMSG = 1.3733240e-02
 MIN: Iter =   19  NFunc =   334  E =     -12.63148  RMSG = 7.6470544e-03
 MIN: Iter =   20  NFunc =   358  E =     -12.63163  RMSG = 5.3068375e-03
 MIN: Iter =   21  NFunc =   367  E =     -12.63163  RMSG = 2.2215346e-03
 MIN: Iter =   22  NFunc =   418  E =     -12.63167  RMSG = 2.4822832e-03
 MIN: Iter =   23  NFunc =   432  E =     -12.63168  RMSG = 1.5342597e-03
 MIN: Iter =   24  NFunc =   464  E =     -12.63168  RMSG = 1.0481551e-03
 MIN: Iter =   25  NFunc =   492  E =     -12.63169  RMSG = 6.7380792e-04
 MIN: Iter =   26  NFunc =   532  E =     -12.63169  RMSG = 4.1937945e-04
----------------------------------------------------------------
 END:          :-)  E =     -12.63169  RMSG =   0.0004194

     bond:      1.895901948
    angle:      6.983447997
 dihedral:     19.340204667
    enb14:     10.438103865
    eel14:     18.246866983
      enb:     -2.937981157
      eel:    -43.163799314
      egb:    -23.434432740
    econs:      0.000000000
    esurf:      0.000000000
    Total:    -12.631687751
     frms:      0.000419379
====== rms.dat  ======================================================
#Frame      all_heavy
       1       0.3731
