====== tleap.out =====================================================
-I: Adding /home/case/amber24/dat/leap/prep to search path.
-I: Adding /home/case/amber24/dat/leap/lib to search path.
-I: Adding /home/case/amber24/dat/leap/parm to search path.
-I: Adding /home/case/amber24/dat/leap/cmd to search path.
-f: Source leap.in.

Welcome to LEaP!
(no leaprc in search path)
Sourcing: ./leap.in
Using Bondi radii
----- Source: /home/case/amber24/dat/leap/cmd/leaprc.gaff2
----- Source of /home/case/amber24/dat/leap/cmd/leaprc.gaff2 done
Log file: ./leap.log
Loading parameters: /home/case/amber24/dat/leap/parm/gaff2.dat
Reading title:
AMBER General Force Field for organic molecules (Version 2.2.20, March 2021)
Loading parameters: ./J3G.frcmod
Reading force field modification type file (frcmod)
Reading title:
Remark line goes here
Loading Mol2 file: ./J3G.mol2
Reading MOLECULE named J3G
Checking Unit.
Building topology.
"order_residues" off: keep input residue order.
Building atom parameters.
Building bond parameters.
Building angle parameters.
Building proper torsion parameters.
Building improper torsion parameters.
 total 2 improper torsions applied
Building H-Bond parameters.
Incorporating Non-Bonded adjustments.
Not Marking per-residue atom chain types.
Marking per-residue atom chain types.
  (Residues lacking connect0/connect1 - 
   these don't have chain types marked:

	res	total affected

	J3G	1
  )
 (no restraints)
	Quit

Exiting LEaP: Errors = 0; Warnings = 0; Notes = 0.
====== min.o =========================================================
Reading parm file (J3G.parm7)
title:
J3G                                                                             
no velocities were found
no velocities were found
	mm_options:  ntpr=5
	mm_options:  gb=1
	mm_options:  kappa=0.10395
	mm_options:  rgbmax=99.
	mm_options:  cut=99.0
	mm_options:  wcons=0.
     bond:      1.706846551
    angle:      2.332680358
 dihedral:     44.853696348
    enb14:      7.157015783
    eel14:     46.898272338
      enb:     -2.023595560
      eel:    -57.976006780
      egb:    -16.315991234
    econs:      0.000000000
    esurf:      0.000000000
    Total:     26.632917802
     frms:      6.665014804
Starting TNCG minimisation
 MIN: Iter =    0  NFunc =     1  E =      26.63292  RMSG = 6.6650148e+00
 MIN: Iter =    1  NFunc =     7  E =      22.44237  RMSG = 1.5329776e+00
 MIN: Iter =    2  NFunc =    16  E =      20.43687  RMSG = 8.7861039e-01
 MIN: Iter =    3  NFunc =    24  E =      20.08285  RMSG = 3.5290957e-01
 MIN: Iter =    4  NFunc =    30  E =      20.05004  RMSG = 1.5309841e-01
 MIN: Iter =    5  NFunc =    40  E =      20.03415  RMSG = 8.9077917e-02
 MIN: Iter =    6  NFunc =    70  E =      20.01905  RMSG = 1.5310912e-01
 MIN: Iter =    7  NFunc =    90  E =      20.01157  RMSG = 5.8373528e-02
 MIN: Iter =    8  NFunc =   142  E =      20.00062  RMSG = 1.7042201e-01
 MIN: Iter =    9  NFunc =   149  E =      19.98793  RMSG = 2.7216959e-01
 MIN: Iter =   10  NFunc =   157  E =      19.96509  RMSG = 4.0816183e-01
 MIN: Iter =   11  NFunc =   164  E =      19.92018  RMSG = 6.0313167e-01
 MIN: Iter =   12  NFunc =   173  E =      19.85851  RMSG = 7.0915791e-01
 MIN: Iter =   13  NFunc =   182  E =      19.71650  RMSG = 1.6264766e+00
 MIN: Iter =   14  NFunc =   188  E =      19.29834  RMSG = 9.2378868e-01
 MIN: Iter =   15  NFunc =   195  E =      18.97450  RMSG = 1.4442711e+00
 MIN: Iter =   16  NFunc =   201  E =      18.56318  RMSG = 7.6054808e-01
 MIN: Iter =   17  NFunc =   209  E =      18.14861  RMSG = 1.0467816e+00
 MIN: Iter =   18  NFunc =   216  E =      17.87761  RMSG = 4.3112365e-01
 MIN: Iter =   19  NFunc =   267  E =      17.46617  RMSG = 6.4901446e-01
 MIN: Iter =   20  NFunc =   274  E =      17.16904  RMSG = 7.1911496e-01
 MIN: Iter =   21  NFunc =   290  E =      16.84502  RMSG = 8.1704525e-01
 MIN: Iter =   22  NFunc =   296  E =      16.62227  RMSG = 5.5359843e-01
 MIN: Iter =   23  NFunc =   313  E =      16.31556  RMSG = 8.2149650e-01
 MIN: Iter =   24  NFunc =   324  E =      16.08704  RMSG = 8.5320516e-01
 MIN: Iter =   25  NFunc =   330  E =      15.95662  RMSG = 4.9829490e-01
 MIN: Iter =   26  NFunc =   336  E =      15.86677  RMSG = 4.2562463e-01
 MIN: Iter =   27  NFunc =   367  E =      15.71788  RMSG = 8.7307631e-01
 MIN: Iter =   28  NFunc =   376  E =      15.59387  RMSG = 1.1297183e+00
 MIN: Iter =   29  NFunc =   382  E =      15.43984  RMSG = 2.7989712e+00
 MIN: Iter =   30  NFunc =   388  E =      15.05640  RMSG = 6.5223116e-01
 MIN: Iter =   31  NFunc =   395  E =      14.86903  RMSG = 1.4342551e+00
 MIN: Iter =   32  NFunc =   401  E =      14.60992  RMSG = 2.2322798e+00
 MIN: Iter =   33  NFunc =   407  E =      14.27781  RMSG = 8.7961502e-01
 MIN: Iter =   34  NFunc =   414  E =      14.10723  RMSG = 9.3171736e-01
 MIN: Iter =   35  NFunc =   420  E =      13.93692  RMSG = 1.6765834e+00
 MIN: Iter =   36  NFunc =   426  E =      13.80849  RMSG = 2.2776118e-01
 MIN: Iter =   37  NFunc =   433  E =      13.76822  RMSG = 6.4066205e-01
 MIN: Iter =   38  NFunc =   439  E =      13.74569  RMSG = 2.0063958e-01
 MIN: Iter =   39  NFunc =   464  E =      13.69131  RMSG = 3.4151115e-01
 MIN: Iter =   40  NFunc =   470  E =      13.67913  RMSG = 1.0438123e-01
 MIN: Iter =   41  NFunc =   496  E =      13.65843  RMSG = 1.2286350e-01
 MIN: Iter =   42  NFunc =   542  E =      13.64498  RMSG = 1.1757630e-01
 MIN: Iter =   43  NFunc =   565  E =      13.63407  RMSG = 2.0477407e-01
 MIN: Iter =   44  NFunc =   571  E =      13.63036  RMSG = 5.9468307e-02
 MIN: Iter =   45  NFunc =   583  E =      13.62822  RMSG = 4.1363276e-02
 MIN: Iter =   46  NFunc =   597  E =      13.62705  RMSG = 2.1176705e-02
 MIN: Iter =   47  NFunc =   624  E =      13.62585  RMSG = 1.9320969e-02
 MIN: Iter =   48  NFunc =   657  E =      13.62525  RMSG = 1.1863427e-02
 MIN: Iter =   49  NFunc =   683  E =      13.62497  RMSG = 9.5869156e-03
 MIN: Iter =   50  NFunc =   694  E =      13.62492  RMSG = 5.0812417e-03
 MIN: Iter =   51  NFunc =   721  E =      13.62487  RMSG = 4.3886363e-03
 MIN: Iter =   52  NFunc =   747  E =      13.62483  RMSG = 2.0715322e-03
 MIN: Iter =   53  NFunc =   794  E =      13.62482  RMSG = 1.5034399e-03
 MIN: Iter =   54  NFunc =   800  E =      13.62482  RMSG = 9.8524561e-04
 MIN: Iter =   55  NFunc =   847  E =      13.62481  RMSG = 5.4044850e-04
 MIN: Iter =   56  NFunc =   865  E =      13.62481  RMSG = 4.5795011e-04
----------------------------------------------------------------
 END:          :-)  E =      13.62481  RMSG =   0.0004580

     bond:      0.576380974
    angle:      1.227156709
 dihedral:     40.400555296
    enb14:      4.336675853
    eel14:     47.273063156
      enb:     -2.576135271
      eel:    -61.183587848
      egb:    -16.429296335
    econs:      0.000000000
    esurf:      0.000000000
    Total:     13.624812534
     frms:      0.000457950
====== rms.dat  ======================================================
#Frame      all_heavy
       1       0.7331
