====== tleap.out =====================================================
-I: Adding /home/case/amber24/dat/leap/prep to search path.
-I: Adding /home/case/amber24/dat/leap/lib to search path.
-I: Adding /home/case/amber24/dat/leap/parm to search path.
-I: Adding /home/case/amber24/dat/leap/cmd to search path.
-f: Source leap.in.

Welcome to LEaP!
(no leaprc in search path)
Sourcing: ./leap.in
Using Bondi radii
----- Source: /home/case/amber24/dat/leap/cmd/leaprc.gaff2
----- Source of /home/case/amber24/dat/leap/cmd/leaprc.gaff2 done
Log file: ./leap.log
Loading parameters: /home/case/amber24/dat/leap/parm/gaff2.dat
Reading title:
AMBER General Force Field for organic molecules (Version 2.2.20, March 2021)
Loading parameters: ./J4H.frcmod
Reading force field modification type file (frcmod)
Reading title:
Remark line goes here
Loading Mol2 file: ./J4H.mol2
Reading MOLECULE named J4H
Checking Unit.

/home/case/amber24/bin/teLeap: Warning!
The unperturbed charge of the unit (0.999000) is not zero.

/home/case/amber24/bin/teLeap: Note.
Ignoring the warning from Unit Checking.

Building topology.
"order_residues" off: keep input residue order.
Building atom parameters.
Building bond parameters.
Building angle parameters.
Building proper torsion parameters.
Building improper torsion parameters.
 total 20 improper torsions applied
Building H-Bond parameters.
Incorporating Non-Bonded adjustments.
Not Marking per-residue atom chain types.
Marking per-residue atom chain types.
  (Residues lacking connect0/connect1 - 
   these don't have chain types marked:

	res	total affected

	J4H	1
  )
 (no restraints)
	Quit

Exiting LEaP: Errors = 0; Warnings = 1; Notes = 1.
====== min.o =========================================================
Reading parm file (J4H.parm7)
title:
J4H                                                                             
no velocities were found
no velocities were found
	mm_options:  ntpr=5
	mm_options:  gb=1
	mm_options:  kappa=0.10395
	mm_options:  rgbmax=99.
	mm_options:  cut=99.0
	mm_options:  wcons=0.
     bond:      7.244681033
    angle:     16.521808368
 dihedral:      9.327298312
    enb14:     24.464437791
    eel14:   -152.723582891
      enb:     -6.352877579
      eel:     75.055960815
      egb:    -60.556999030
    econs:      0.000000000
    esurf:      0.000000000
    Total:    -87.019273182
     frms:     13.850657866
Starting TNCG minimisation
 MIN: Iter =    0  NFunc =     1  E =     -87.01927  RMSG = 1.3850658e+01
 MIN: Iter =    1  NFunc =     7  E =    -102.00964  RMSG = 2.9193768e+00
 MIN: Iter =    2  NFunc =    17  E =    -107.26197  RMSG = 1.3427510e+00
 MIN: Iter =    3  NFunc =    23  E =    -107.85860  RMSG = 4.7688741e-01
 MIN: Iter =    4  NFunc =    32  E =    -108.07152  RMSG = 3.0615150e-01
 MIN: Iter =    5  NFunc =    48  E =    -108.29095  RMSG = 5.4820201e-01
 MIN: Iter =    6  NFunc =    57  E =    -108.36694  RMSG = 1.7921300e-01
 MIN: Iter =    7  NFunc =    73  E =    -108.40364  RMSG = 1.5145229e-01
 MIN: Iter =    8  NFunc =   114  E =    -108.46613  RMSG = 6.4608684e-01
 MIN: Iter =    9  NFunc =   120  E =    -108.51426  RMSG = 1.3613655e-01
 MIN: Iter =   10  NFunc =   155  E =    -108.58941  RMSG = 4.8673502e-01
 MIN: Iter =   11  NFunc =   161  E =    -108.62468  RMSG = 1.2700012e-01
 MIN: Iter =   12  NFunc =   185  E =    -108.70697  RMSG = 4.5420882e-01
 MIN: Iter =   13  NFunc =   191  E =    -108.74224  RMSG = 1.3054509e-01
 MIN: Iter =   14  NFunc =   214  E =    -108.86813  RMSG = 4.4708072e-01
 MIN: Iter =   15  NFunc =   220  E =    -108.90140  RMSG = 1.1785674e-01
 MIN: Iter =   16  NFunc =   264  E =    -109.04322  RMSG = 4.2171734e-01
 MIN: Iter =   17  NFunc =   270  E =    -109.20287  RMSG = 4.4546291e-01
 MIN: Iter =   18  NFunc =   279  E =    -109.36303  RMSG = 4.1397210e-01
 MIN: Iter =   19  NFunc =   288  E =    -109.48397  RMSG = 3.9382068e-01
 MIN: Iter =   20  NFunc =   295  E =    -109.54675  RMSG = 1.7787126e-01
 MIN: Iter =   21  NFunc =   310  E =    -109.60675  RMSG = 2.1075160e-01
 MIN: Iter =   22  NFunc =   332  E =    -109.65950  RMSG = 1.6491410e-01
 MIN: Iter =   23  NFunc =   339  E =    -109.66460  RMSG = 4.7631266e-02
 MIN: Iter =   24  NFunc =   378  E =    -109.68158  RMSG = 5.4822575e-02
 MIN: Iter =   25  NFunc =   385  E =    -109.68228  RMSG = 1.9325123e-02
 MIN: Iter =   26  NFunc =   406  E =    -109.68275  RMSG = 7.6211247e-03
 MIN: Iter =   27  NFunc =   425  E =    -109.68285  RMSG = 3.9810041e-03
 MIN: Iter =   28  NFunc =   459  E =    -109.68294  RMSG = 3.3274309e-03
 MIN: Iter =   29  NFunc =   488  E =    -109.68298  RMSG = 2.0551709e-03
 MIN: Iter =   30  NFunc =   534  E =    -109.68300  RMSG = 1.3472174e-03
 MIN: Iter =   31  NFunc =   565  E =    -109.68300  RMSG = 7.5066988e-04
 MIN: Iter =   32  NFunc =   580  E =    -109.68301  RMSG = 6.9338269e-04
 MIN: Iter =   33  NFunc =   619  E =    -109.68301  RMSG = 4.3273230e-04
----------------------------------------------------------------
 END:          :-)  E =    -109.68301  RMSG =   0.0004327

     bond:      1.784180756
    angle:      7.705646598
 dihedral:      9.993786094
    enb14:     17.355294093
    eel14:   -151.993043053
      enb:     -6.581948234
      eel:     76.231110423
      egb:    -64.178035475
    econs:      0.000000000
    esurf:      0.000000000
    Total:   -109.683008797
     frms:      0.000432732
====== rms.dat  ======================================================
#Frame      all_heavy
       1       0.4499
