====== tleap.out =====================================================
-I: Adding /home/case/amber24/dat/leap/prep to search path.
-I: Adding /home/case/amber24/dat/leap/lib to search path.
-I: Adding /home/case/amber24/dat/leap/parm to search path.
-I: Adding /home/case/amber24/dat/leap/cmd to search path.
-f: Source leap.in.

Welcome to LEaP!
(no leaprc in search path)
Sourcing: ./leap.in
Using Bondi radii
----- Source: /home/case/amber24/dat/leap/cmd/leaprc.gaff2
----- Source of /home/case/amber24/dat/leap/cmd/leaprc.gaff2 done
Log file: ./leap.log
Loading parameters: /home/case/amber24/dat/leap/parm/gaff2.dat
Reading title:
AMBER General Force Field for organic molecules (Version 2.2.20, March 2021)
Loading parameters: ./J5P.frcmod
Reading force field modification type file (frcmod)
Reading title:
Remark line goes here
Loading Mol2 file: ./J5P.mol2
Reading MOLECULE named J5P
Checking Unit.
Building topology.
"order_residues" off: keep input residue order.
Building atom parameters.
Building bond parameters.
Building angle parameters.
Building proper torsion parameters.
Building improper torsion parameters.
 total 4 improper torsions applied
Building H-Bond parameters.
Incorporating Non-Bonded adjustments.
Not Marking per-residue atom chain types.
Marking per-residue atom chain types.
  (Residues lacking connect0/connect1 - 
   these don't have chain types marked:

	res	total affected

	J5P	1
  )
 (no restraints)
	Quit

Exiting LEaP: Errors = 0; Warnings = 0; Notes = 0.
====== min.o =========================================================
Reading parm file (J5P.parm7)
title:
J5P                                                                             
no velocities were found
no velocities were found
	mm_options:  ntpr=5
	mm_options:  gb=1
	mm_options:  kappa=0.10395
	mm_options:  rgbmax=99.
	mm_options:  cut=99.0
	mm_options:  wcons=0.
     bond:      2.562326561
    angle:      3.057398700
 dihedral:     50.349951351
    enb14:      3.696494841
    eel14:      6.868447115
      enb:     -3.010982685
      eel:    -58.758740386
      egb:    -30.775352309
    econs:      0.000000000
    esurf:      0.000000000
    Total:    -26.010456813
     frms:      7.171572855
Starting TNCG minimisation
 MIN: Iter =    0  NFunc =     1  E =     -26.01046  RMSG = 7.1715729e+00
 MIN: Iter =    1  NFunc =     7  E =     -31.35009  RMSG = 2.7165500e+00
 MIN: Iter =    2  NFunc =    14  E =     -33.03570  RMSG = 1.4688306e+00
 MIN: Iter =    3  NFunc =    20  E =     -33.37287  RMSG = 7.2714481e-01
 MIN: Iter =    4  NFunc =    38  E =     -33.72579  RMSG = 5.5368518e-01
 MIN: Iter =    5  NFunc =    60  E =     -33.85001  RMSG = 1.3296721e+00
 MIN: Iter =    6  NFunc =    66  E =     -33.94390  RMSG = 2.0803530e-01
 MIN: Iter =    7  NFunc =    82  E =     -34.01871  RMSG = 7.6922085e-01
 MIN: Iter =    8  NFunc =    88  E =     -34.06551  RMSG = 2.8381456e-01
 MIN: Iter =    9  NFunc =    99  E =     -34.12979  RMSG = 3.5504515e-01
 MIN: Iter =   10  NFunc =   112  E =     -34.21634  RMSG = 5.4767816e-01
 MIN: Iter =   11  NFunc =   118  E =     -34.30892  RMSG = 1.5491990e+00
 MIN: Iter =   12  NFunc =   124  E =     -34.48459  RMSG = 2.0772220e-01
 MIN: Iter =   13  NFunc =   131  E =     -34.53304  RMSG = 2.7282450e-01
 MIN: Iter =   14  NFunc =   138  E =     -34.59473  RMSG = 8.0464510e-01
 MIN: Iter =   15  NFunc =   144  E =     -34.63754  RMSG = 2.0629399e-01
 MIN: Iter =   16  NFunc =   150  E =     -34.65355  RMSG = 2.3130612e-01
 MIN: Iter =   17  NFunc =   165  E =     -34.69165  RMSG = 2.8572316e-01
 MIN: Iter =   18  NFunc =   174  E =     -34.70221  RMSG = 9.6838032e-02
 MIN: Iter =   19  NFunc =   194  E =     -34.71911  RMSG = 1.5005228e-01
 MIN: Iter =   20  NFunc =   219  E =     -34.72705  RMSG = 5.9024226e-02
 MIN: Iter =   21  NFunc =   233  E =     -34.72899  RMSG = 4.0967655e-02
 MIN: Iter =   22  NFunc =   269  E =     -34.73094  RMSG = 2.5160975e-02
 MIN: Iter =   23  NFunc =   298  E =     -34.73134  RMSG = 9.9446900e-03
 MIN: Iter =   24  NFunc =   305  E =     -34.73136  RMSG = 4.5926988e-03
 MIN: Iter =   25  NFunc =   339  E =     -34.73141  RMSG = 2.3434843e-03
 MIN: Iter =   26  NFunc =   369  E =     -34.73142  RMSG = 2.1530697e-03
 MIN: Iter =   27  NFunc =   376  E =     -34.73142  RMSG = 1.2758516e-03
 MIN: Iter =   28  NFunc =   384  E =     -34.73142  RMSG = 5.5731737e-04
 MIN: Iter =   29  NFunc =   407  E =     -34.73142  RMSG = 4.7083723e-04
----------------------------------------------------------------
 END:          :-)  E =     -34.73142  RMSG =   0.0004708

     bond:      0.764481384
    angle:      3.340207897
 dihedral:     47.696452364
    enb14:      1.762793370
    eel14:      1.914654424
      enb:     -2.964108732
      eel:    -54.225637192
      egb:    -33.020268092
    econs:      0.000000000
    esurf:      0.000000000
    Total:    -34.731424576
     frms:      0.000470837
====== rms.dat  ======================================================
#Frame      all_heavy
       1       0.1275
