====== tleap.out =====================================================
-I: Adding /home/case/amber24/dat/leap/prep to search path.
-I: Adding /home/case/amber24/dat/leap/lib to search path.
-I: Adding /home/case/amber24/dat/leap/parm to search path.
-I: Adding /home/case/amber24/dat/leap/cmd to search path.
-f: Source leap.in.

Welcome to LEaP!
(no leaprc in search path)
Sourcing: ./leap.in
Using Bondi radii
----- Source: /home/case/amber24/dat/leap/cmd/leaprc.gaff2
----- Source of /home/case/amber24/dat/leap/cmd/leaprc.gaff2 done
Log file: ./leap.log
Loading parameters: /home/case/amber24/dat/leap/parm/gaff2.dat
Reading title:
AMBER General Force Field for organic molecules (Version 2.2.20, March 2021)
Loading parameters: ./J5Z.frcmod
Reading force field modification type file (frcmod)
Reading title:
Remark line goes here
Loading Mol2 file: ./J5Z.mol2
Reading MOLECULE named J5Z
Checking Unit.
Building topology.
"order_residues" off: keep input residue order.
Building atom parameters.
Building bond parameters.
Building angle parameters.
Building proper torsion parameters.
Building improper torsion parameters.
 total 13 improper torsions applied
Building H-Bond parameters.
Incorporating Non-Bonded adjustments.
Not Marking per-residue atom chain types.
Marking per-residue atom chain types.
  (Residues lacking connect0/connect1 - 
   these don't have chain types marked:

	res	total affected

	J5Z	1
  )
 (no restraints)
	Quit

Exiting LEaP: Errors = 0; Warnings = 0; Notes = 0.
====== min.o =========================================================
Reading parm file (J5Z.parm7)
title:
J5Z                                                                             
no velocities were found
no velocities were found
	mm_options:  ntpr=5
	mm_options:  gb=1
	mm_options:  kappa=0.10395
	mm_options:  rgbmax=99.
	mm_options:  cut=99.0
	mm_options:  wcons=0.
     bond:      1.842723784
    angle:     14.838563259
 dihedral:      5.035074601
    enb14:     11.031876082
    eel14:   -147.403078682
      enb:     -1.117239301
      eel:     60.665393639
      egb:    -18.456128007
    econs:      0.000000000
    esurf:      0.000000000
    Total:    -73.562814624
     frms:     13.321578145
Starting TNCG minimisation
 MIN: Iter =    0  NFunc =     1  E =     -73.56281  RMSG = 1.3321578e+01
 MIN: Iter =    1  NFunc =     7  E =     -81.52396  RMSG = 2.4028932e+00
 MIN: Iter =    2  NFunc =    13  E =     -82.71154  RMSG = 1.2364479e+00
 MIN: Iter =    3  NFunc =    21  E =     -83.13306  RMSG = 6.3863070e-01
 MIN: Iter =    4  NFunc =    32  E =     -83.33118  RMSG = 4.0299156e-01
 MIN: Iter =    5  NFunc =    48  E =     -83.47301  RMSG = 4.1172530e-01
 MIN: Iter =    6  NFunc =    65  E =     -83.54359  RMSG = 2.3169979e-01
 MIN: Iter =    7  NFunc =    76  E =     -83.55448  RMSG = 8.3924544e-02
 MIN: Iter =    8  NFunc =   107  E =     -83.57971  RMSG = 1.9390958e-01
 MIN: Iter =    9  NFunc =   113  E =     -83.58355  RMSG = 3.7507378e-02
 MIN: Iter =   10  NFunc =   125  E =     -83.58431  RMSG = 2.1157408e-02
 MIN: Iter =   11  NFunc =   163  E =     -83.58728  RMSG = 8.3910914e-02
 MIN: Iter =   12  NFunc =   169  E =     -83.58776  RMSG = 2.1706144e-02
 MIN: Iter =   13  NFunc =   196  E =     -83.59062  RMSG = 7.7922115e-02
 MIN: Iter =   14  NFunc =   203  E =     -83.59110  RMSG = 2.3052128e-02
 MIN: Iter =   15  NFunc =   230  E =     -83.59414  RMSG = 8.6010512e-02
 MIN: Iter =   16  NFunc =   236  E =     -83.59472  RMSG = 2.4223537e-02
 MIN: Iter =   17  NFunc =   258  E =     -83.59787  RMSG = 8.3066631e-02
 MIN: Iter =   18  NFunc =   277  E =     -83.60110  RMSG = 1.3677773e-01
 MIN: Iter =   19  NFunc =   283  E =     -83.60544  RMSG = 1.2913876e-01
 MIN: Iter =   20  NFunc =   289  E =     -83.60934  RMSG = 1.7302413e-01
 MIN: Iter =   21  NFunc =   295  E =     -83.61351  RMSG = 8.2270089e-02
 MIN: Iter =   22  NFunc =   302  E =     -83.61541  RMSG = 8.7521333e-02
 MIN: Iter =   23  NFunc =   309  E =     -83.61762  RMSG = 9.9977699e-02
 MIN: Iter =   24  NFunc =   315  E =     -83.62048  RMSG = 1.8435784e-01
 MIN: Iter =   25  NFunc =   321  E =     -83.62372  RMSG = 5.1764945e-02
 MIN: Iter =   26  NFunc =   328  E =     -83.62531  RMSG = 8.9978291e-02
 MIN: Iter =   27  NFunc =   334  E =     -83.62739  RMSG = 1.1598179e-01
 MIN: Iter =   28  NFunc =   340  E =     -83.62955  RMSG = 6.6878405e-02
 MIN: Iter =   29  NFunc =   346  E =     -83.63093  RMSG = 1.7966528e-01
 MIN: Iter =   30  NFunc =   352  E =     -83.63343  RMSG = 2.5660510e-02
 MIN: Iter =   31  NFunc =   359  E =     -83.63438  RMSG = 5.5327436e-02
 MIN: Iter =   32  NFunc =   365  E =     -83.63542  RMSG = 1.3427410e-01
 MIN: Iter =   33  NFunc =   371  E =     -83.63708  RMSG = 3.6185525e-02
 MIN: Iter =   34  NFunc =   378  E =     -83.63778  RMSG = 5.7021860e-02
 MIN: Iter =   35  NFunc =   384  E =     -83.63869  RMSG = 8.9972565e-02
 MIN: Iter =   36  NFunc =   390  E =     -83.63968  RMSG = 3.7086214e-02
 MIN: Iter =   37  NFunc =   397  E =     -83.64023  RMSG = 5.6442947e-02
 MIN: Iter =   38  NFunc =   403  E =     -83.64103  RMSG = 5.2855295e-02
 MIN: Iter =   39  NFunc =   412  E =     -83.64185  RMSG = 4.9425727e-02
 MIN: Iter =   40  NFunc =   421  E =     -83.64232  RMSG = 2.3794016e-02
 MIN: Iter =   41  NFunc =   430  E =     -83.64265  RMSG = 4.7984870e-02
 MIN: Iter =   42  NFunc =   439  E =     -83.64294  RMSG = 1.4054507e-02
 MIN: Iter =   43  NFunc =   445  E =     -83.64302  RMSG = 1.1389456e-02
 MIN: Iter =   44  NFunc =   466  E =     -83.64317  RMSG = 1.6184839e-02
 MIN: Iter =   45  NFunc =   495  E =     -83.64353  RMSG = 1.6532958e-02
 MIN: Iter =   46  NFunc =   503  E =     -83.64357  RMSG = 6.5414310e-03
 MIN: Iter =   47  NFunc =   518  E =     -83.64361  RMSG = 7.3607942e-03
 MIN: Iter =   48  NFunc =   557  E =     -83.64369  RMSG = 4.3862156e-03
 MIN: Iter =   49  NFunc =   582  E =     -83.64371  RMSG = 2.4662251e-03
 MIN: Iter =   50  NFunc =   607  E =     -83.64371  RMSG = 1.5371463e-03
 MIN: Iter =   51  NFunc =   631  E =     -83.64372  RMSG = 1.3501322e-03
 MIN: Iter =   52  NFunc =   644  E =     -83.64373  RMSG = 6.6653683e-04
 MIN: Iter =   53  NFunc =   695  E =     -83.64374  RMSG = 8.1066478e-03
 MIN: Iter =   54  NFunc =   701  E =     -83.64374  RMSG = 2.3156072e-03
 MIN: Iter =   55  NFunc =   720  E =     -83.64375  RMSG = 1.3028961e-03
 MIN: Iter =   56  NFunc =   757  E =     -83.64376  RMSG = 6.2120047e-03
 MIN: Iter =   57  NFunc =   763  E =     -83.64377  RMSG = 2.5035211e-03
 MIN: Iter =   58  NFunc =   775  E =     -83.64377  RMSG = 3.3967025e-03
 MIN: Iter =   59  NFunc =   783  E =     -83.64377  RMSG = 1.3735400e-03
 MIN: Iter =   60  NFunc =   808  E =     -83.64377  RMSG = 1.5320392e-03
 MIN: Iter =   61  NFunc =   827  E =     -83.64378  RMSG = 7.0052938e-04
 MIN: Iter =   62  NFunc =   860  E =     -83.64378  RMSG = 4.9983444e-04
----------------------------------------------------------------
 END:          :-)  E =     -83.64378  RMSG =   0.0004998

     bond:      1.022401767
    angle:     11.922576301
 dihedral:      4.256314895
    enb14:      8.383543084
    eel14:   -148.202209576
      enb:     -2.549815936
      eel:     61.137735908
      egb:    -19.614323263
    econs:      0.000000000
    esurf:      0.000000000
    Total:    -83.643776819
     frms:      0.000499834
====== rms.dat  ======================================================
#Frame      all_heavy
       1       0.2624
