====== tleap.out =====================================================
-I: Adding /home/case/amber24/dat/leap/prep to search path.
-I: Adding /home/case/amber24/dat/leap/lib to search path.
-I: Adding /home/case/amber24/dat/leap/parm to search path.
-I: Adding /home/case/amber24/dat/leap/cmd to search path.
-f: Source leap.in.

Welcome to LEaP!
(no leaprc in search path)
Sourcing: ./leap.in
Using Bondi radii
----- Source: /home/case/amber24/dat/leap/cmd/leaprc.gaff2
----- Source of /home/case/amber24/dat/leap/cmd/leaprc.gaff2 done
Log file: ./leap.log
Loading parameters: /home/case/amber24/dat/leap/parm/gaff2.dat
Reading title:
AMBER General Force Field for organic molecules (Version 2.2.20, March 2021)
Loading parameters: ./J66.frcmod
Reading force field modification type file (frcmod)
Reading title:
Remark line goes here
Loading Mol2 file: ./J66.mol2
Reading MOLECULE named J66
Checking Unit.
Building topology.
"order_residues" off: keep input residue order.
Building atom parameters.
Building bond parameters.
Building angle parameters.
Building proper torsion parameters.
Building improper torsion parameters.
 total 9 improper torsions applied
Building H-Bond parameters.
Incorporating Non-Bonded adjustments.
Not Marking per-residue atom chain types.
Marking per-residue atom chain types.
  (Residues lacking connect0/connect1 - 
   these don't have chain types marked:

	res	total affected

	J66	1
  )
 (no restraints)
	Quit

Exiting LEaP: Errors = 0; Warnings = 0; Notes = 0.
====== min.o =========================================================
Reading parm file (J66.parm7)
title:
J66                                                                             
no velocities were found
no velocities were found
	mm_options:  ntpr=5
	mm_options:  gb=1
	mm_options:  kappa=0.10395
	mm_options:  rgbmax=99.
	mm_options:  cut=99.0
	mm_options:  wcons=0.
     bond:      1.673857068
    angle:     23.803582795
 dihedral:      0.342217807
    enb14:      3.511388219
    eel14:     70.890553607
      enb:     -0.959703779
      eel:    -41.962887826
      egb:    -15.903532645
    econs:      0.000000000
    esurf:      0.000000000
    Total:     41.395475247
     frms:     12.096791127
Starting TNCG minimisation
 MIN: Iter =    0  NFunc =     1  E =      41.39548  RMSG = 1.2096791e+01
 MIN: Iter =    1  NFunc =     7  E =      36.62439  RMSG = 2.3396847e+00
 MIN: Iter =    2  NFunc =    13  E =      36.38179  RMSG = 4.2603780e-01
 MIN: Iter =    3  NFunc =    20  E =      36.36343  RMSG = 1.9329421e-01
 MIN: Iter =    4  NFunc =    28  E =      36.35714  RMSG = 1.2857525e-01
 MIN: Iter =    5  NFunc =    36  E =      36.35356  RMSG = 6.0710272e-02
 MIN: Iter =    6  NFunc =    42  E =      36.35342  RMSG = 1.9186497e-02
 MIN: Iter =    7  NFunc =    48  E =      36.35339  RMSG = 6.5512014e-03
 MIN: Iter =    8  NFunc =    58  E =      36.35338  RMSG = 2.2267513e-03
 MIN: Iter =    9  NFunc =    66  E =      36.35338  RMSG = 1.2287352e-03
 MIN: Iter =   10  NFunc =    72  E =      36.35338  RMSG = 6.2317181e-04
 MIN: Iter =   11  NFunc =    78  E =      36.35338  RMSG = 2.8502075e-04
----------------------------------------------------------------
 END:          :-)  E =      36.35338  RMSG =   0.0002850

     bond:      0.793585894
    angle:     23.385451128
 dihedral:      0.005629903
    enb14:      2.292847878
    eel14:     68.324498535
      enb:     -0.898408192
      eel:    -40.812511281
      egb:    -16.737712772
    econs:      0.000000000
    esurf:      0.000000000
    Total:     36.353381093
     frms:      0.000285021
====== rms.dat  ======================================================
#Frame      all_heavy
       1       0.0529
