====== tleap.out =====================================================
-I: Adding /home/case/amber24/dat/leap/prep to search path.
-I: Adding /home/case/amber24/dat/leap/lib to search path.
-I: Adding /home/case/amber24/dat/leap/parm to search path.
-I: Adding /home/case/amber24/dat/leap/cmd to search path.
-f: Source leap.in.

Welcome to LEaP!
(no leaprc in search path)
Sourcing: ./leap.in
Using Bondi radii
----- Source: /home/case/amber24/dat/leap/cmd/leaprc.gaff2
----- Source of /home/case/amber24/dat/leap/cmd/leaprc.gaff2 done
Log file: ./leap.log
Loading parameters: /home/case/amber24/dat/leap/parm/gaff2.dat
Reading title:
AMBER General Force Field for organic molecules (Version 2.2.20, March 2021)
Loading parameters: ./J7S.frcmod
Reading force field modification type file (frcmod)
Reading title:
Remark line goes here
Loading Mol2 file: ./J7S.mol2
Reading MOLECULE named J7S
Checking Unit.
Building topology.
"order_residues" off: keep input residue order.
Building atom parameters.
Building bond parameters.
Building angle parameters.
Building proper torsion parameters.
Building improper torsion parameters.
 total 16 improper torsions applied
Building H-Bond parameters.
Incorporating Non-Bonded adjustments.
Not Marking per-residue atom chain types.
Marking per-residue atom chain types.
  (Residues lacking connect0/connect1 - 
   these don't have chain types marked:

	res	total affected

	J7S	1
  )
 (no restraints)
	Quit

Exiting LEaP: Errors = 0; Warnings = 0; Notes = 0.
====== min.o =========================================================
Reading parm file (J7S.parm7)
title:
J7S                                                                             
no velocities were found
no velocities were found
	mm_options:  ntpr=5
	mm_options:  gb=1
	mm_options:  kappa=0.10395
	mm_options:  rgbmax=99.
	mm_options:  cut=99.0
	mm_options:  wcons=0.
     bond:      4.449595292
    angle:      8.967120297
 dihedral:     17.448626110
    enb14:     19.704360116
    eel14:     -8.445303427
      enb:     -1.288634447
      eel:    -22.987130995
      egb:    -14.048071759
    econs:      0.000000000
    esurf:      0.000000000
    Total:      3.800561187
     frms:     11.986012659
Starting TNCG minimisation
 MIN: Iter =    0  NFunc =     1  E =       3.80056  RMSG = 1.1986013e+01
 MIN: Iter =    1  NFunc =     7  E =      -8.38842  RMSG = 3.4617105e+00
 MIN: Iter =    2  NFunc =    16  E =     -11.48432  RMSG = 1.7239997e+00
 MIN: Iter =    3  NFunc =    34  E =     -13.02024  RMSG = 1.3984516e+00
 MIN: Iter =    4  NFunc =    43  E =     -14.19154  RMSG = 1.3548552e+00
 MIN: Iter =    5  NFunc =    49  E =     -15.02946  RMSG = 1.1346945e+00
 MIN: Iter =    6  NFunc =    55  E =     -15.62468  RMSG = 1.0906901e+00
 MIN: Iter =    7  NFunc =    65  E =     -16.25514  RMSG = 9.0066133e-01
 MIN: Iter =    8  NFunc =    77  E =     -16.74019  RMSG = 7.1595439e-01
 MIN: Iter =    9  NFunc =    86  E =     -17.01494  RMSG = 5.6208533e-01
 MIN: Iter =   10  NFunc =    92  E =     -17.16672  RMSG = 4.3807988e-01
 MIN: Iter =   11  NFunc =   114  E =     -17.32704  RMSG = 3.7804667e-01
 MIN: Iter =   12  NFunc =   144  E =     -17.48658  RMSG = 4.1119742e-01
 MIN: Iter =   13  NFunc =   150  E =     -17.50842  RMSG = 1.2859128e-01
 MIN: Iter =   14  NFunc =   171  E =     -17.52416  RMSG = 7.0613028e-02
 MIN: Iter =   15  NFunc =   187  E =     -17.53180  RMSG = 5.9596641e-02
 MIN: Iter =   16  NFunc =   198  E =     -17.53345  RMSG = 3.1102666e-02
 MIN: Iter =   17  NFunc =   229  E =     -17.53546  RMSG = 2.1986029e-02
 MIN: Iter =   18  NFunc =   243  E =     -17.53579  RMSG = 1.3271394e-02
 MIN: Iter =   19  NFunc =   250  E =     -17.53584  RMSG = 7.1572612e-03
 MIN: Iter =   20  NFunc =   270  E =     -17.53588  RMSG = 3.7293242e-03
 MIN: Iter =   21  NFunc =   289  E =     -17.53590  RMSG = 2.0969287e-03
 MIN: Iter =   22  NFunc =   296  E =     -17.53590  RMSG = 1.1474305e-03
 MIN: Iter =   23  NFunc =   304  E =     -17.53590  RMSG = 4.9650322e-04
----------------------------------------------------------------
 END:          :-)  E =     -17.53590  RMSG =   0.0004965

     bond:      1.881254009
    angle:      3.856760965
 dihedral:     15.756067831
    enb14:     13.339691938
    eel14:    -12.547953921
      enb:     -3.974148639
      eel:    -20.699033554
      egb:    -15.148537579
    econs:      0.000000000
    esurf:      0.000000000
    Total:    -17.535898951
     frms:      0.000496503
====== rms.dat  ======================================================
#Frame      all_heavy
       1       0.5367
