====== tleap.out =====================================================
-I: Adding /home/case/amber24/dat/leap/prep to search path.
-I: Adding /home/case/amber24/dat/leap/lib to search path.
-I: Adding /home/case/amber24/dat/leap/parm to search path.
-I: Adding /home/case/amber24/dat/leap/cmd to search path.
-f: Source leap.in.

Welcome to LEaP!
(no leaprc in search path)
Sourcing: ./leap.in
Using Bondi radii
----- Source: /home/case/amber24/dat/leap/cmd/leaprc.gaff2
----- Source of /home/case/amber24/dat/leap/cmd/leaprc.gaff2 done
Log file: ./leap.log
Loading parameters: /home/case/amber24/dat/leap/parm/gaff2.dat
Reading title:
AMBER General Force Field for organic molecules (Version 2.2.20, March 2021)
Loading parameters: ./J7Z.frcmod
Reading force field modification type file (frcmod)
Reading title:
Remark line goes here
Loading Mol2 file: ./J7Z.mol2
Reading MOLECULE named J7Z
Checking Unit.
Building topology.
"order_residues" off: keep input residue order.
Building atom parameters.
Building bond parameters.
Building angle parameters.
Building proper torsion parameters.
Building improper torsion parameters.
 total 22 improper torsions applied
Building H-Bond parameters.
Incorporating Non-Bonded adjustments.
Not Marking per-residue atom chain types.
Marking per-residue atom chain types.
  (Residues lacking connect0/connect1 - 
   these don't have chain types marked:

	res	total affected

	J7Z	1
  )
 (no restraints)
	Quit

Exiting LEaP: Errors = 0; Warnings = 0; Notes = 0.
====== min.o =========================================================
Reading parm file (J7Z.parm7)
title:
J7Z                                                                             
no velocities were found
no velocities were found
	mm_options:  ntpr=5
	mm_options:  gb=1
	mm_options:  kappa=0.10395
	mm_options:  rgbmax=99.
	mm_options:  cut=99.0
	mm_options:  wcons=0.
     bond:      6.056144696
    angle:     11.951116817
 dihedral:    110.117608866
    enb14:     26.168799388
    eel14:    438.495296241
      enb:     -9.343111115
      eel:   -346.534051251
      egb:    -52.565287401
    econs:      0.000000000
    esurf:      0.000000000
    Total:    184.346516242
     frms:      7.584309323
Starting TNCG minimisation
 MIN: Iter =    0  NFunc =     1  E =     184.34652  RMSG = 7.5843093e+00
 MIN: Iter =    1  NFunc =     7  E =     157.80814  RMSG = 2.1539772e+00
 MIN: Iter =    2  NFunc =    18  E =     150.89526  RMSG = 1.8296231e+00
 MIN: Iter =    3  NFunc =    35  E =     147.90557  RMSG = 1.0885044e+00
 MIN: Iter =    4  NFunc =    46  E =     147.05181  RMSG = 3.5729417e-01
 MIN: Iter =    5  NFunc =    98  E =     146.82176  RMSG = 3.8223203e-01
 MIN: Iter =    6  NFunc =   124  E =     146.21943  RMSG = 1.1676013e+00
 MIN: Iter =    7  NFunc =   130  E =     145.96231  RMSG = 2.1639139e-01
 MIN: Iter =    8  NFunc =   157  E =     145.64591  RMSG = 5.1012800e-01
 MIN: Iter =    9  NFunc =   166  E =     145.51604  RMSG = 1.5448168e-01
 MIN: Iter =   10  NFunc =   218  E =     145.39933  RMSG = 4.7834175e-01
 MIN: Iter =   11  NFunc =   224  E =     145.27360  RMSG = 7.2764974e-01
 MIN: Iter =   12  NFunc =   230  E =     145.06552  RMSG = 6.6157920e-01
 MIN: Iter =   13  NFunc =   236  E =     144.84235  RMSG = 1.0409129e+00
 MIN: Iter =   14  NFunc =   242  E =     144.45270  RMSG = 8.2840260e-01
 MIN: Iter =   15  NFunc =   248  E =     144.10635  RMSG = 9.8533514e-01
 MIN: Iter =   16  NFunc =   254  E =     143.70450  RMSG = 7.6103134e-01
 MIN: Iter =   17  NFunc =   260  E =     143.46995  RMSG = 4.3512140e-01
 MIN: Iter =   18  NFunc =   266  E =     143.36548  RMSG = 2.8669073e-01
 MIN: Iter =   19  NFunc =   317  E =     143.02676  RMSG = 4.4882875e-01
 MIN: Iter =   20  NFunc =   325  E =     142.78199  RMSG = 3.4235500e-01
 MIN: Iter =   21  NFunc =   345  E =     142.39148  RMSG = 4.5986692e-01
 MIN: Iter =   22  NFunc =   355  E =     142.06747  RMSG = 4.0170049e-01
 MIN: Iter =   23  NFunc =   361  E =     141.85201  RMSG = 3.1689469e-01
 MIN: Iter =   24  NFunc =   367  E =     141.70357  RMSG = 2.4544436e-01
 MIN: Iter =   25  NFunc =   418  E =     141.33568  RMSG = 3.3182478e-01
 MIN: Iter =   26  NFunc =   443  E =     140.96016  RMSG = 3.7390551e-01
 MIN: Iter =   27  NFunc =   450  E =     140.81658  RMSG = 2.0584744e-01
 MIN: Iter =   28  NFunc =   480  E =     140.54545  RMSG = 3.1143231e-01
 MIN: Iter =   29  NFunc =   494  E =     140.35230  RMSG = 3.0946821e-01
 MIN: Iter =   30  NFunc =   502  E =     140.25867  RMSG = 1.4639536e-01
 MIN: Iter =   31  NFunc =   553  E =     140.05098  RMSG = 3.4696377e-01
 MIN: Iter =   32  NFunc =   560  E =     139.97157  RMSG = 1.3997734e-01
 MIN: Iter =   33  NFunc =   592  E =     139.84714  RMSG = 3.4913683e-01
 MIN: Iter =   34  NFunc =   600  E =     139.77000  RMSG = 1.1163008e-01
 MIN: Iter =   35  NFunc =   634  E =     139.66569  RMSG = 2.6254565e-01
 MIN: Iter =   36  NFunc =   641  E =     139.61324  RMSG = 1.0249460e-01
 MIN: Iter =   37  NFunc =   668  E =     139.53543  RMSG = 2.3563152e-01
 MIN: Iter =   38  NFunc =   676  E =     139.49333  RMSG = 8.0515334e-02
 MIN: Iter =   39  NFunc =   710  E =     139.44740  RMSG = 2.5367252e-01
 MIN: Iter =   40  NFunc =   716  E =     139.41495  RMSG = 8.1161846e-02
 MIN: Iter =   41  NFunc =   747  E =     139.36403  RMSG = 2.1472049e-01
 MIN: Iter =   42  NFunc =   754  E =     139.33103  RMSG = 8.8867908e-02
 MIN: Iter =   43  NFunc =   768  E =     139.30611  RMSG = 1.7365583e-01
 MIN: Iter =   44  NFunc =   775  E =     139.28609  RMSG = 8.0000367e-02
 MIN: Iter =   45  NFunc =   792  E =     139.26136  RMSG = 2.0831374e-01
 MIN: Iter =   46  NFunc =   798  E =     139.24153  RMSG = 6.9873507e-02
 MIN: Iter =   47  NFunc =   819  E =     139.22709  RMSG = 5.8728268e-02
 MIN: Iter =   48  NFunc =   831  E =     139.21286  RMSG = 5.0895701e-02
 MIN: Iter =   49  NFunc =   882  E =     139.19683  RMSG = 7.3891910e-02
 MIN: Iter =   50  NFunc =   908  E =     139.17726  RMSG = 2.1931523e-01
 MIN: Iter =   51  NFunc =   914  E =     139.15178  RMSG = 7.8759767e-02
 MIN: Iter =   52  NFunc =   945  E =     139.13107  RMSG = 8.7550579e-02
 MIN: Iter =   53  NFunc =   954  E =     139.10973  RMSG = 2.2814906e-01
 MIN: Iter =   54  NFunc =   960  E =     139.07347  RMSG = 8.5594897e-02
 MIN: Iter =   55  NFunc =   968  E =     139.05589  RMSG = 8.5128606e-02
 MIN: Iter =   56  NFunc =   976  E =     139.03382  RMSG = 2.4251287e-01
 MIN: Iter =   57  NFunc =   982  E =     138.98260  RMSG = 1.1532886e-01
 MIN: Iter =   58  NFunc =   990  E =     138.95539  RMSG = 1.2666309e-01
 MIN: Iter =   59  NFunc =   996  E =     138.91938  RMSG = 2.4372364e-01
 MIN: Iter =   60  NFunc =  1003  E =     138.88091  RMSG = 7.5791544e-02
 MIN: Iter =   61  NFunc =  1021  E =     138.85015  RMSG = 9.3396054e-02
 MIN: Iter =   62  NFunc =  1030  E =     138.81994  RMSG = 9.4166871e-02
 MIN: Iter =   63  NFunc =  1052  E =     138.78857  RMSG = 1.1627592e-01
 MIN: Iter =   64  NFunc =  1059  E =     138.77956  RMSG = 4.9466901e-02
 MIN: Iter =   65  NFunc =  1072  E =     138.77108  RMSG = 4.6344416e-02
 MIN: Iter =   66  NFunc =  1110  E =     138.74005  RMSG = 8.5253885e-02
 MIN: Iter =   67  NFunc =  1117  E =     138.73591  RMSG = 2.9800034e-02
 MIN: Iter =   68  NFunc =  1168  E =     138.71249  RMSG = 1.2323369e-01
 MIN: Iter =   69  NFunc =  1186  E =     138.69162  RMSG = 3.9186546e-02
 MIN: Iter =   70  NFunc =  1237  E =     138.67355  RMSG = 1.0545925e-01
 MIN: Iter =   71  NFunc =  1243  E =     138.66791  RMSG = 3.6159965e-02
 MIN: Iter =   72  NFunc =  1294  E =     138.65613  RMSG = 4.3732788e-02
 MIN: Iter =   73  NFunc =  1345  E =     138.64248  RMSG = 8.6019780e-02
 MIN: Iter =   74  NFunc =  1351  E =     138.63881  RMSG = 2.8972553e-02
 MIN: Iter =   75  NFunc =  1403  E =     138.62914  RMSG = 3.1928314e-02
 MIN: Iter =   76  NFunc =  1432  E =     138.62023  RMSG = 4.7209769e-02
 MIN: Iter =   77  NFunc =  1447  E =     138.61165  RMSG = 8.5815676e-02
 MIN: Iter =   78  NFunc =  1463  E =     138.60163  RMSG = 4.2911655e-02
 MIN: Iter =   79  NFunc =  1494  E =     138.59507  RMSG = 1.0732390e-01
 MIN: Iter =   80  NFunc =  1500  E =     138.58977  RMSG = 3.0738440e-02
 MIN: Iter =   81  NFunc =  1529  E =     138.58475  RMSG = 4.4595572e-02
 MIN: Iter =   82  NFunc =  1537  E =     138.58261  RMSG = 2.1042246e-02
 MIN: Iter =   83  NFunc =  1547  E =     138.58099  RMSG = 3.0474338e-02
 MIN: Iter =   84  NFunc =  1565  E =     138.57925  RMSG = 1.3668992e-02
 MIN: Iter =   85  NFunc =  1616  E =     138.57280  RMSG = 6.6692715e-02
 MIN: Iter =   86  NFunc =  1622  E =     138.57054  RMSG = 2.3903765e-02
 MIN: Iter =   87  NFunc =  1673  E =     138.56509  RMSG = 3.0454869e-02
 MIN: Iter =   88  NFunc =  1724  E =     138.55934  RMSG = 2.9590124e-02
 MIN: Iter =   89  NFunc =  1748  E =     138.55577  RMSG = 1.7291487e-02
 MIN: Iter =   90  NFunc =  1799  E =     138.55100  RMSG = 2.3598033e-02
 MIN: Iter =   91  NFunc =  1850  E =     138.54641  RMSG = 2.5429617e-02
 MIN: Iter =   92  NFunc =  1901  E =     138.54134  RMSG = 3.1990453e-02
 MIN: Iter =   93  NFunc =  1952  E =     138.53643  RMSG = 2.6271951e-02
 MIN: Iter =   94  NFunc =  2003  E =     138.53022  RMSG = 6.0000857e-02
 MIN: Iter =   95  NFunc =  2009  E =     138.52827  RMSG = 2.4810431e-02
 MIN: Iter =   96  NFunc =  2060  E =     138.52081  RMSG = 5.3479099e-02
 MIN: Iter =   97  NFunc =  2067  E =     138.51787  RMSG = 2.6180301e-02
 MIN: Iter =   98  NFunc =  2091  E =     138.51181  RMSG = 5.4043834e-02
 MIN: Iter =   99  NFunc =  2106  E =     138.50669  RMSG = 3.3229539e-02
 MIN: Iter =  100  NFunc =  2117  E =     138.50338  RMSG = 3.7418027e-02
----------------------------------------------------------------
 END:          :-)  E =     138.50338  RMSG =   0.0374180

     bond:      5.006452437
    angle:      9.845614278
 dihedral:    103.717258203
    enb14:     17.121249274
    eel14:    428.110395514
      enb:    -16.462193198
      eel:   -354.051793660
      egb:    -54.783603493
    econs:      0.000000000
    esurf:      0.000000000
    Total:    138.503379355
     frms:      0.037418027
====== rms.dat  ======================================================
#Frame      all_heavy
       1       1.4024
