====== tleap.out =====================================================
-I: Adding /home/case/amber24/dat/leap/prep to search path.
-I: Adding /home/case/amber24/dat/leap/lib to search path.
-I: Adding /home/case/amber24/dat/leap/parm to search path.
-I: Adding /home/case/amber24/dat/leap/cmd to search path.
-f: Source leap.in.

Welcome to LEaP!
(no leaprc in search path)
Sourcing: ./leap.in
Using Bondi radii
----- Source: /home/case/amber24/dat/leap/cmd/leaprc.gaff2
----- Source of /home/case/amber24/dat/leap/cmd/leaprc.gaff2 done
Log file: ./leap.log
Loading parameters: /home/case/amber24/dat/leap/parm/gaff2.dat
Reading title:
AMBER General Force Field for organic molecules (Version 2.2.20, March 2021)
Loading parameters: ./J8Y.frcmod
Reading force field modification type file (frcmod)
Reading title:
Remark line goes here
Loading Mol2 file: ./J8Y.mol2
Reading MOLECULE named J8Y
Checking Unit.
Building topology.
"order_residues" off: keep input residue order.
Building atom parameters.
Building bond parameters.
Building angle parameters.
Building proper torsion parameters.
Building improper torsion parameters.
 total 16 improper torsions applied
Building H-Bond parameters.
Incorporating Non-Bonded adjustments.
Not Marking per-residue atom chain types.
Marking per-residue atom chain types.
  (Residues lacking connect0/connect1 - 
   these don't have chain types marked:

	res	total affected

	J8Y	1
  )
 (no restraints)
	Quit

Exiting LEaP: Errors = 0; Warnings = 0; Notes = 0.
====== min.o =========================================================
Reading parm file (J8Y.parm7)
title:
J8Y                                                                             
no velocities were found
no velocities were found
	mm_options:  ntpr=5
	mm_options:  gb=1
	mm_options:  kappa=0.10395
	mm_options:  rgbmax=99.
	mm_options:  cut=99.0
	mm_options:  wcons=0.
     bond:      3.513157640
    angle:      7.076590770
 dihedral:      7.402877835
    enb14:     10.526488214
    eel14:   -100.670272551
      enb:      3.986453260
      eel:     23.269367196
      egb:    -28.520968252
    econs:      0.000000000
    esurf:      0.000000000
    Total:    -73.416305887
     frms:     10.780958946
Starting TNCG minimisation
 MIN: Iter =    0  NFunc =     1  E =     -73.41631  RMSG = 1.0780959e+01
 MIN: Iter =    1  NFunc =     7  E =     -80.49539  RMSG = 2.0124899e+00
 MIN: Iter =    2  NFunc =    15  E =     -82.48597  RMSG = 1.1960395e+00
 MIN: Iter =    3  NFunc =    21  E =     -82.82180  RMSG = 5.6786813e-01
 MIN: Iter =    4  NFunc =    33  E =     -82.90123  RMSG = 2.2866158e-01
 MIN: Iter =    5  NFunc =    57  E =     -82.95887  RMSG = 5.9804424e-01
 MIN: Iter =    6  NFunc =    63  E =     -82.98343  RMSG = 1.1289991e-01
 MIN: Iter =    7  NFunc =    82  E =     -82.99507  RMSG = 1.8309072e-01
 MIN: Iter =    8  NFunc =    88  E =     -82.99779  RMSG = 5.3895700e-02
 MIN: Iter =    9  NFunc =   114  E =     -83.00469  RMSG = 5.0284079e-02
 MIN: Iter =   10  NFunc =   143  E =     -83.00660  RMSG = 1.7249814e-02
 MIN: Iter =   11  NFunc =   162  E =     -83.00698  RMSG = 1.1475198e-02
 MIN: Iter =   12  NFunc =   171  E =     -83.00706  RMSG = 7.0815704e-03
 MIN: Iter =   13  NFunc =   222  E =     -83.00729  RMSG = 5.1561870e-02
 MIN: Iter =   14  NFunc =   228  E =     -83.00748  RMSG = 5.8640716e-03
 MIN: Iter =   15  NFunc =   266  E =     -83.00759  RMSG = 1.0976298e-02
 MIN: Iter =   16  NFunc =   272  E =     -83.00760  RMSG = 3.5695885e-03
 MIN: Iter =   17  NFunc =   280  E =     -83.00760  RMSG = 1.7573225e-03
 MIN: Iter =   18  NFunc =   295  E =     -83.00760  RMSG = 9.8129703e-04
 MIN: Iter =   19  NFunc =   309  E =     -83.00760  RMSG = 5.6761173e-04
 MIN: Iter =   20  NFunc =   339  E =     -83.00760  RMSG = 4.6695521e-04
----------------------------------------------------------------
 END:          :-)  E =     -83.00760  RMSG =   0.0004670

     bond:      1.421427680
    angle:      6.359948703
 dihedral:      7.144665178
    enb14:      7.417264469
    eel14:   -101.224880052
      enb:      1.289131112
      eel:     24.303971115
      egb:    -29.719132831
    econs:      0.000000000
    esurf:      0.000000000
    Total:    -83.007604627
     frms:      0.000466955
====== rms.dat  ======================================================
#Frame      all_heavy
       1       0.1246
