====== tleap.out =====================================================
-I: Adding /home/case/amber24/dat/leap/prep to search path.
-I: Adding /home/case/amber24/dat/leap/lib to search path.
-I: Adding /home/case/amber24/dat/leap/parm to search path.
-I: Adding /home/case/amber24/dat/leap/cmd to search path.
-f: Source leap.in.

Welcome to LEaP!
(no leaprc in search path)
Sourcing: ./leap.in
Using Bondi radii
----- Source: /home/case/amber24/dat/leap/cmd/leaprc.gaff2
----- Source of /home/case/amber24/dat/leap/cmd/leaprc.gaff2 done
Log file: ./leap.log
Loading parameters: /home/case/amber24/dat/leap/parm/gaff2.dat
Reading title:
AMBER General Force Field for organic molecules (Version 2.2.20, March 2021)
Loading parameters: ./J9K.frcmod
Reading force field modification type file (frcmod)
Reading title:
Remark line goes here
Loading Mol2 file: ./J9K.mol2
Reading MOLECULE named J9K
Checking Unit.
Building topology.
"order_residues" off: keep input residue order.
Building atom parameters.
Building bond parameters.
Building angle parameters.
Building proper torsion parameters.
Building improper torsion parameters.
 total 15 improper torsions applied
Building H-Bond parameters.
Incorporating Non-Bonded adjustments.
Not Marking per-residue atom chain types.
Marking per-residue atom chain types.
  (Residues lacking connect0/connect1 - 
   these don't have chain types marked:

	res	total affected

	J9K	1
  )
 (no restraints)
	Quit

Exiting LEaP: Errors = 0; Warnings = 0; Notes = 0.
====== min.o =========================================================
Reading parm file (J9K.parm7)
title:
J9K                                                                             
no velocities were found
no velocities were found
	mm_options:  ntpr=5
	mm_options:  gb=1
	mm_options:  kappa=0.10395
	mm_options:  rgbmax=99.
	mm_options:  cut=99.0
	mm_options:  wcons=0.
     bond:      2.457763274
    angle:      4.343226779
 dihedral:     27.416799553
    enb14:     14.592930038
    eel14:   -186.810330246
      enb:     -6.468820880
      eel:     56.559802952
      egb:    -30.456817641
    econs:      0.000000000
    esurf:      0.000000000
    Total:   -118.365446171
     frms:      5.680929107
Starting TNCG minimisation
 MIN: Iter =    0  NFunc =     1  E =    -118.36545  RMSG = 5.6809291e+00
 MIN: Iter =    1  NFunc =     7  E =    -123.57000  RMSG = 1.6192852e+00
 MIN: Iter =    2  NFunc =    24  E =    -126.06998  RMSG = 1.0140461e+00
 MIN: Iter =    3  NFunc =    55  E =    -126.77086  RMSG = 9.0332856e-01
 MIN: Iter =    4  NFunc =    69  E =    -127.19169  RMSG = 5.3418483e-01
 MIN: Iter =    5  NFunc =    77  E =    -127.33674  RMSG = 3.2361106e-01
 MIN: Iter =    6  NFunc =    92  E =    -127.45203  RMSG = 3.1014679e-01
 MIN: Iter =    7  NFunc =   105  E =    -127.55338  RMSG = 2.8450024e-01
 MIN: Iter =    8  NFunc =   147  E =    -127.70157  RMSG = 2.5600286e-01
 MIN: Iter =    9  NFunc =   175  E =    -127.78012  RMSG = 2.0338553e-01
 MIN: Iter =   10  NFunc =   190  E =    -127.80517  RMSG = 1.0360123e-01
 MIN: Iter =   11  NFunc =   211  E =    -127.82727  RMSG = 1.1124499e-01
 MIN: Iter =   12  NFunc =   262  E =    -127.88353  RMSG = 3.0874882e-01
 MIN: Iter =   13  NFunc =   268  E =    -127.90362  RMSG = 7.9976429e-02
 MIN: Iter =   14  NFunc =   294  E =    -127.92316  RMSG = 9.4551056e-02
 MIN: Iter =   15  NFunc =   345  E =    -127.94504  RMSG = 1.2763468e-01
 MIN: Iter =   16  NFunc =   360  E =    -127.95650  RMSG = 5.3978605e-02
 MIN: Iter =   17  NFunc =   400  E =    -127.96702  RMSG = 1.0743976e-01
 MIN: Iter =   18  NFunc =   406  E =    -127.96919  RMSG = 3.2233074e-02
 MIN: Iter =   19  NFunc =   457  E =    -127.97612  RMSG = 9.0769064e-02
 MIN: Iter =   20  NFunc =   484  E =    -127.98408  RMSG = 4.1461533e-02
 MIN: Iter =   21  NFunc =   526  E =    -127.98838  RMSG = 2.6337898e-02
 MIN: Iter =   22  NFunc =   577  E =    -127.99167  RMSG = 2.3773198e-02
 MIN: Iter =   23  NFunc =   628  E =    -127.99348  RMSG = 1.7395466e-02
 MIN: Iter =   24  NFunc =   673  E =    -127.99488  RMSG = 1.8509898e-02
 MIN: Iter =   25  NFunc =   695  E =    -127.99523  RMSG = 6.8416691e-03
 MIN: Iter =   26  NFunc =   746  E =    -127.99546  RMSG = 7.4960761e-03
 MIN: Iter =   27  NFunc =   797  E =    -127.99581  RMSG = 1.0875043e-02
 MIN: Iter =   28  NFunc =   819  E =    -127.99594  RMSG = 4.7654952e-03
 MIN: Iter =   29  NFunc =   870  E =    -127.99614  RMSG = 7.8295051e-03
 MIN: Iter =   30  NFunc =   898  E =    -127.99622  RMSG = 3.2271794e-03
 MIN: Iter =   31  NFunc =   913  E =    -127.99623  RMSG = 2.0373106e-03
 MIN: Iter =   32  NFunc =   964  E =    -127.99628  RMSG = 3.2162012e-03
 MIN: Iter =   33  NFunc =   973  E =    -127.99628  RMSG = 2.2294552e-03
 MIN: Iter =   34  NFunc =  1021  E =    -127.99631  RMSG = 1.5148432e-03
 MIN: Iter =   35  NFunc =  1051  E =    -127.99633  RMSG = 1.3917523e-03
 MIN: Iter =   36  NFunc =  1102  E =    -127.99634  RMSG = 1.1492969e-03
 MIN: Iter =   37  NFunc =  1150  E =    -127.99634  RMSG = 4.9994885e-04
----------------------------------------------------------------
 END:          :-)  E =    -127.99634  RMSG =   0.0004999

     bond:      0.947920658
    angle:      3.996523781
 dihedral:     25.036313332
    enb14:     10.354990939
    eel14:   -186.554151402
      enb:     -7.255893640
      eel:     57.548123111
      egb:    -32.070169253
    econs:      0.000000000
    esurf:      0.000000000
    Total:   -127.996342474
     frms:      0.000499949
====== rms.dat  ======================================================
#Frame      all_heavy
       1       0.4634
