====== tleap.out =====================================================
-I: Adding /home/case/amber24/dat/leap/prep to search path.
-I: Adding /home/case/amber24/dat/leap/lib to search path.
-I: Adding /home/case/amber24/dat/leap/parm to search path.
-I: Adding /home/case/amber24/dat/leap/cmd to search path.
-f: Source leap.in.

Welcome to LEaP!
(no leaprc in search path)
Sourcing: ./leap.in
Using Bondi radii
----- Source: /home/case/amber24/dat/leap/cmd/leaprc.gaff2
----- Source of /home/case/amber24/dat/leap/cmd/leaprc.gaff2 done
Log file: ./leap.log
Loading parameters: /home/case/amber24/dat/leap/parm/gaff2.dat
Reading title:
AMBER General Force Field for organic molecules (Version 2.2.20, March 2021)
Loading parameters: ./JA5.frcmod
Reading force field modification type file (frcmod)
Reading title:
Remark line goes here
Loading Mol2 file: ./JA5.mol2
Reading MOLECULE named JA5
Checking Unit.
Building topology.
"order_residues" off: keep input residue order.
Building atom parameters.
Building bond parameters.
Building angle parameters.
Building proper torsion parameters.
Building improper torsion parameters.
 total 8 improper torsions applied
Building H-Bond parameters.
Incorporating Non-Bonded adjustments.
Not Marking per-residue atom chain types.
Marking per-residue atom chain types.
  (Residues lacking connect0/connect1 - 
   these don't have chain types marked:

	res	total affected

	JA5	1
  )
 (no restraints)
	Quit

Exiting LEaP: Errors = 0; Warnings = 0; Notes = 0.
====== min.o =========================================================
Reading parm file (JA5.parm7)
title:
JA5                                                                             
no velocities were found
no velocities were found
	mm_options:  ntpr=5
	mm_options:  gb=1
	mm_options:  kappa=0.10395
	mm_options:  rgbmax=99.
	mm_options:  cut=99.0
	mm_options:  wcons=0.
     bond:      2.246270262
    angle:     32.893987942
 dihedral:      0.300037673
    enb14:      2.606673171
    eel14:      1.680156002
      enb:     -1.284751720
      eel:    -20.555791132
      egb:    -18.916381112
    econs:      0.000000000
    esurf:      0.000000000
    Total:     -1.029798914
     frms:     17.822651480
Starting TNCG minimisation
 MIN: Iter =    0  NFunc =     1  E =      -1.02980  RMSG = 1.7822651e+01
 MIN: Iter =    1  NFunc =     7  E =      -9.15340  RMSG = 2.3665053e+00
 MIN: Iter =    2  NFunc =    19  E =     -10.52031  RMSG = 1.1032065e+00
 MIN: Iter =    3  NFunc =    31  E =     -11.14393  RMSG = 1.8524104e+00
 MIN: Iter =    4  NFunc =    37  E =     -11.35709  RMSG = 6.7445345e-01
 MIN: Iter =    5  NFunc =    46  E =     -11.41844  RMSG = 4.9097187e-01
 MIN: Iter =    6  NFunc =    82  E =     -11.50167  RMSG = 1.1933398e+00
 MIN: Iter =    7  NFunc =    88  E =     -11.59630  RMSG = 3.8577043e-01
 MIN: Iter =    8  NFunc =    95  E =     -11.63469  RMSG = 3.9217858e-01
 MIN: Iter =    9  NFunc =   102  E =     -11.67264  RMSG = 3.9558713e-01
 MIN: Iter =   10  NFunc =   108  E =     -11.72098  RMSG = 9.3550615e-01
 MIN: Iter =   11  NFunc =   114  E =     -11.78124  RMSG = 2.7878319e-01
 MIN: Iter =   12  NFunc =   121  E =     -11.80347  RMSG = 2.6335565e-01
 MIN: Iter =   13  NFunc =   129  E =     -11.83132  RMSG = 4.8229029e-01
 MIN: Iter =   14  NFunc =   138  E =     -11.85770  RMSG = 2.0105450e-01
 MIN: Iter =   15  NFunc =   146  E =     -11.87113  RMSG = 2.3820373e-01
 MIN: Iter =   16  NFunc =   152  E =     -11.88598  RMSG = 3.2918203e-01
 MIN: Iter =   17  NFunc =   158  E =     -11.89708  RMSG = 1.2399819e-01
 MIN: Iter =   18  NFunc =   165  E =     -11.90189  RMSG = 1.4887625e-01
 MIN: Iter =   19  NFunc =   180  E =     -11.90779  RMSG = 1.6057633e-01
 MIN: Iter =   20  NFunc =   186  E =     -11.91023  RMSG = 6.7781880e-02
 MIN: Iter =   21  NFunc =   195  E =     -11.91168  RMSG = 1.3229329e-01
 MIN: Iter =   22  NFunc =   201  E =     -11.91269  RMSG = 3.6221442e-02
 MIN: Iter =   23  NFunc =   228  E =     -11.91368  RMSG = 3.6643715e-02
 MIN: Iter =   24  NFunc =   241  E =     -11.91471  RMSG = 4.7459269e-02
 MIN: Iter =   25  NFunc =   247  E =     -11.91492  RMSG = 2.0390531e-02
 MIN: Iter =   26  NFunc =   263  E =     -11.91521  RMSG = 1.9442766e-02
 MIN: Iter =   27  NFunc =   269  E =     -11.91524  RMSG = 5.9675382e-03
 MIN: Iter =   28  NFunc =   290  E =     -11.91526  RMSG = 2.7745005e-03
 MIN: Iter =   29  NFunc =   297  E =     -11.91526  RMSG = 1.2163607e-03
 MIN: Iter =   30  NFunc =   337  E =     -11.91527  RMSG = 1.7290448e-03
 MIN: Iter =   31  NFunc =   343  E =     -11.91527  RMSG = 5.7487540e-04
 MIN: Iter =   32  NFunc =   356  E =     -11.91527  RMSG = 3.9265176e-04
----------------------------------------------------------------
 END:          :-)  E =     -11.91527  RMSG =   0.0003927

     bond:      2.756771769
    angle:     24.546567540
 dihedral:      0.003037861
    enb14:      0.804911454
    eel14:      3.229506182
      enb:     -1.239107340
      eel:    -20.921297252
      egb:    -21.095656821
    econs:      0.000000000
    esurf:      0.000000000
    Total:    -11.915266608
     frms:      0.000392652
====== rms.dat  ======================================================
#Frame      all_heavy
       1       0.3746
