====== tleap.out =====================================================
-I: Adding /home/case/amber24/dat/leap/prep to search path.
-I: Adding /home/case/amber24/dat/leap/lib to search path.
-I: Adding /home/case/amber24/dat/leap/parm to search path.
-I: Adding /home/case/amber24/dat/leap/cmd to search path.
-f: Source leap.in.

Welcome to LEaP!
(no leaprc in search path)
Sourcing: ./leap.in
Using Bondi radii
----- Source: /home/case/amber24/dat/leap/cmd/leaprc.gaff2
----- Source of /home/case/amber24/dat/leap/cmd/leaprc.gaff2 done
Log file: ./leap.log
Loading parameters: /home/case/amber24/dat/leap/parm/gaff2.dat
Reading title:
AMBER General Force Field for organic molecules (Version 2.2.20, March 2021)
Loading parameters: ./JAS.frcmod
Reading force field modification type file (frcmod)
Reading title:
Remark line goes here
Loading Mol2 file: ./JAS.mol2
Reading MOLECULE named JAS
Checking Unit.
Building topology.
"order_residues" off: keep input residue order.
Building atom parameters.
Building bond parameters.
Building angle parameters.
Building proper torsion parameters.
Building improper torsion parameters.
 total 17 improper torsions applied
Building H-Bond parameters.
Incorporating Non-Bonded adjustments.
Not Marking per-residue atom chain types.
Marking per-residue atom chain types.
  (Residues lacking connect0/connect1 - 
   these don't have chain types marked:

	res	total affected

	JAS	1
  )
 (no restraints)
	Quit

Exiting LEaP: Errors = 0; Warnings = 0; Notes = 0.
====== min.o =========================================================
Reading parm file (JAS.parm7)
title:
JAS                                                                             
no velocities were found
no velocities were found
	mm_options:  ntpr=5
	mm_options:  gb=1
	mm_options:  kappa=0.10395
	mm_options:  rgbmax=99.
	mm_options:  cut=99.0
	mm_options:  wcons=0.
     bond:      5.911929844
    angle:     29.880255627
 dihedral:     99.338856981
    enb14:     24.182243981
    eel14:   -185.145826541
      enb:    -14.974901371
      eel:     82.868385200
      egb:    -44.140528270
    econs:      0.000000000
    esurf:      0.000000000
    Total:     -2.079584550
     frms:      9.465860142
Starting TNCG minimisation
 MIN: Iter =    0  NFunc =     1  E =      -2.07958  RMSG = 9.4658601e+00
 MIN: Iter =    1  NFunc =     7  E =     -26.82754  RMSG = 2.3022481e+00
 MIN: Iter =    2  NFunc =    19  E =     -34.42730  RMSG = 1.3070055e+00
 MIN: Iter =    3  NFunc =    29  E =     -36.30246  RMSG = 6.4906911e-01
 MIN: Iter =    4  NFunc =    54  E =     -37.55293  RMSG = 1.0367130e+00
 MIN: Iter =    5  NFunc =    60  E =     -37.95180  RMSG = 3.5702237e-01
 MIN: Iter =    6  NFunc =   109  E =     -38.76879  RMSG = 3.7390443e-01
 MIN: Iter =    7  NFunc =   134  E =     -39.15744  RMSG = 4.4599948e-01
 MIN: Iter =    8  NFunc =   143  E =     -39.22169  RMSG = 1.0822020e-01
 MIN: Iter =    9  NFunc =   158  E =     -39.25109  RMSG = 6.1149170e-02
 MIN: Iter =   10  NFunc =   209  E =     -39.34271  RMSG = 2.4322652e-01
 MIN: Iter =   11  NFunc =   217  E =     -39.36510  RMSG = 9.2089915e-02
 MIN: Iter =   12  NFunc =   268  E =     -39.42472  RMSG = 1.9656971e-01
 MIN: Iter =   13  NFunc =   274  E =     -39.43540  RMSG = 5.7556965e-02
 MIN: Iter =   14  NFunc =   325  E =     -39.47747  RMSG = 9.9666916e-02
 MIN: Iter =   15  NFunc =   352  E =     -39.51074  RMSG = 9.4170181e-02
 MIN: Iter =   16  NFunc =   383  E =     -39.53554  RMSG = 8.1728437e-02
 MIN: Iter =   17  NFunc =   434  E =     -39.56755  RMSG = 1.1400024e-01
 MIN: Iter =   18  NFunc =   485  E =     -39.64173  RMSG = 2.7038594e-01
 MIN: Iter =   19  NFunc =   503  E =     -39.72212  RMSG = 3.1809535e-01
 MIN: Iter =   20  NFunc =   512  E =     -39.81622  RMSG = 3.2772515e-01
 MIN: Iter =   21  NFunc =   518  E =     -39.90796  RMSG = 3.2422553e-01
 MIN: Iter =   22  NFunc =   524  E =     -40.00672  RMSG = 2.9458994e-01
 MIN: Iter =   23  NFunc =   540  E =     -40.14822  RMSG = 3.0186437e-01
 MIN: Iter =   24  NFunc =   550  E =     -40.29783  RMSG = 3.3008815e-01
 MIN: Iter =   25  NFunc =   556  E =     -40.46287  RMSG = 3.6571964e-01
 MIN: Iter =   26  NFunc =   562  E =     -40.61700  RMSG = 4.0032684e-01
 MIN: Iter =   27  NFunc =   569  E =     -40.78568  RMSG = 3.7780032e-01
 MIN: Iter =   28  NFunc =   575  E =     -40.94426  RMSG = 3.8329703e-01
 MIN: Iter =   29  NFunc =   591  E =     -41.21438  RMSG = 3.8328477e-01
 MIN: Iter =   30  NFunc =   603  E =     -41.47435  RMSG = 3.5769855e-01
 MIN: Iter =   31  NFunc =   614  E =     -41.66791  RMSG = 3.0278388e-01
 MIN: Iter =   32  NFunc =   623  E =     -41.85598  RMSG = 2.7857523e-01
 MIN: Iter =   33  NFunc =   643  E =     -42.07987  RMSG = 2.5271549e-01
 MIN: Iter =   34  NFunc =   679  E =     -42.31372  RMSG = 2.9358220e-01
 MIN: Iter =   35  NFunc =   685  E =     -42.37308  RMSG = 1.4945055e-01
 MIN: Iter =   36  NFunc =   717  E =     -42.54414  RMSG = 2.6630627e-01
 MIN: Iter =   37  NFunc =   768  E =     -42.76168  RMSG = 3.4415699e-01
 MIN: Iter =   38  NFunc =   777  E =     -42.85675  RMSG = 1.4733800e-01
 MIN: Iter =   39  NFunc =   828  E =     -43.00803  RMSG = 1.6338415e-01
 MIN: Iter =   40  NFunc =   853  E =     -43.13544  RMSG = 1.8410554e-01
 MIN: Iter =   41  NFunc =   879  E =     -43.23653  RMSG = 2.0896343e-01
 MIN: Iter =   42  NFunc =   897  E =     -43.32729  RMSG = 2.1065037e-01
 MIN: Iter =   43  NFunc =   906  E =     -43.39609  RMSG = 1.8927499e-01
 MIN: Iter =   44  NFunc =   917  E =     -43.44892  RMSG = 1.8157237e-01
 MIN: Iter =   45  NFunc =   929  E =     -43.48295  RMSG = 8.4995663e-02
 MIN: Iter =   46  NFunc =   949  E =     -43.50908  RMSG = 1.5867319e-01
 MIN: Iter =   47  NFunc =  1000  E =     -43.57231  RMSG = 1.7937500e-01
 MIN: Iter =   48  NFunc =  1006  E =     -43.58290  RMSG = 5.1049792e-02
 MIN: Iter =   49  NFunc =  1047  E =     -43.60607  RMSG = 5.6130835e-02
 MIN: Iter =   50  NFunc =  1098  E =     -43.62230  RMSG = 6.5870698e-02
 MIN: Iter =   51  NFunc =  1149  E =     -43.65617  RMSG = 1.3042504e-01
 MIN: Iter =   52  NFunc =  1183  E =     -43.69370  RMSG = 1.6539547e-01
 MIN: Iter =   53  NFunc =  1192  E =     -43.71104  RMSG = 6.4986415e-02
 MIN: Iter =   54  NFunc =  1233  E =     -43.74728  RMSG = 1.5511616e-01
 MIN: Iter =   55  NFunc =  1245  E =     -43.76610  RMSG = 5.5298737e-02
 MIN: Iter =   56  NFunc =  1261  E =     -43.77670  RMSG = 6.4972838e-02
 MIN: Iter =   57  NFunc =  1312  E =     -43.79141  RMSG = 4.9048099e-02
 MIN: Iter =   58  NFunc =  1331  E =     -43.79804  RMSG = 2.5855192e-02
 MIN: Iter =   59  NFunc =  1382  E =     -43.80394  RMSG = 2.3919530e-02
 MIN: Iter =   60  NFunc =  1431  E =     -43.80814  RMSG = 1.9604390e-02
 MIN: Iter =   61  NFunc =  1473  E =     -43.80956  RMSG = 9.6281686e-03
 MIN: Iter =   62  NFunc =  1515  E =     -43.81018  RMSG = 5.9104365e-03
 MIN: Iter =   63  NFunc =  1566  E =     -43.81065  RMSG = 5.0499997e-03
 MIN: Iter =   64  NFunc =  1617  E =     -43.81086  RMSG = 4.1965422e-03
 MIN: Iter =   65  NFunc =  1667  E =     -43.81099  RMSG = 2.0901910e-03
 MIN: Iter =   66  NFunc =  1718  E =     -43.81109  RMSG = 2.8189198e-03
 MIN: Iter =   67  NFunc =  1742  E =     -43.81112  RMSG = 1.5953782e-03
 MIN: Iter =   68  NFunc =  1793  E =     -43.81114  RMSG = 9.4689112e-04
 MIN: Iter =   69  NFunc =  1832  E =     -43.81115  RMSG = 7.1646734e-04
 MIN: Iter =   70  NFunc =  1883  E =     -43.81115  RMSG = 4.9937103e-04
----------------------------------------------------------------
 END:          :-)  E =     -43.81115  RMSG =   0.0004994

     bond:      4.269459404
    angle:     18.913891313
 dihedral:     93.617420478
    enb14:     15.735979746
    eel14:   -179.913355276
      enb:    -22.203434025
      eel:     71.345504904
      egb:    -45.576620794
    econs:      0.000000000
    esurf:      0.000000000
    Total:    -43.811154250
     frms:      0.000499371
====== rms.dat  ======================================================
#Frame      all_heavy
       1       1.9635
