====== tleap.out =====================================================
-I: Adding /home/case/amber24/dat/leap/prep to search path.
-I: Adding /home/case/amber24/dat/leap/lib to search path.
-I: Adding /home/case/amber24/dat/leap/parm to search path.
-I: Adding /home/case/amber24/dat/leap/cmd to search path.
-f: Source leap.in.

Welcome to LEaP!
(no leaprc in search path)
Sourcing: ./leap.in
Using Bondi radii
----- Source: /home/case/amber24/dat/leap/cmd/leaprc.gaff2
----- Source of /home/case/amber24/dat/leap/cmd/leaprc.gaff2 done
Log file: ./leap.log
Loading parameters: /home/case/amber24/dat/leap/parm/gaff2.dat
Reading title:
AMBER General Force Field for organic molecules (Version 2.2.20, March 2021)
Loading parameters: ./JBQ.frcmod
Reading force field modification type file (frcmod)
Reading title:
Remark line goes here
Loading Mol2 file: ./JBQ.mol2
Reading MOLECULE named JBQ
Checking Unit.
Building topology.
"order_residues" off: keep input residue order.
Building atom parameters.
Building bond parameters.
Building angle parameters.
Building proper torsion parameters.
Building improper torsion parameters.
 total 8 improper torsions applied
Building H-Bond parameters.
Incorporating Non-Bonded adjustments.
Not Marking per-residue atom chain types.
Marking per-residue atom chain types.
  (Residues lacking connect0/connect1 - 
   these don't have chain types marked:

	res	total affected

	JBQ	1
  )
 (no restraints)
	Quit

Exiting LEaP: Errors = 0; Warnings = 0; Notes = 0.
====== min.o =========================================================
Reading parm file (JBQ.parm7)
title:
JBQ                                                                             
no velocities were found
no velocities were found
	mm_options:  ntpr=5
	mm_options:  gb=1
	mm_options:  kappa=0.10395
	mm_options:  rgbmax=99.
	mm_options:  cut=99.0
	mm_options:  wcons=0.
     bond:      1.613008638
    angle:      2.250628203
 dihedral:      1.036371337
    enb14:      8.257130881
    eel14:   -294.650347454
      enb:     -1.259772709
      eel:    139.638124281
      egb:    -19.522601490
    econs:      0.000000000
    esurf:      0.000000000
    Total:   -162.637458313
     frms:     11.943484439
Starting TNCG minimisation
 MIN: Iter =    0  NFunc =     1  E =    -162.63746  RMSG = 1.1943484e+01
 MIN: Iter =    1  NFunc =     7  E =    -168.03304  RMSG = 2.1174819e+00
 MIN: Iter =    2  NFunc =    13  E =    -168.45841  RMSG = 1.1348465e+00
 MIN: Iter =    3  NFunc =    28  E =    -168.72695  RMSG = 1.5119817e+00
 MIN: Iter =    4  NFunc =    35  E =    -168.96830  RMSG = 1.7953190e+00
 MIN: Iter =    5  NFunc =    41  E =    -169.22891  RMSG = 2.3487975e+00
 MIN: Iter =    6  NFunc =    47  E =    -169.39705  RMSG = 7.7682352e-01
 MIN: Iter =    7  NFunc =    59  E =    -169.51127  RMSG = 1.2564255e+00
 MIN: Iter =    8  NFunc =    65  E =    -169.58262  RMSG = 5.9625929e-01
 MIN: Iter =    9  NFunc =    74  E =    -169.65201  RMSG = 1.0077042e+00
 MIN: Iter =   10  NFunc =    80  E =    -169.72801  RMSG = 2.2892100e+00
 MIN: Iter =   11  NFunc =    87  E =    -169.92737  RMSG = 1.1016505e+00
 MIN: Iter =   12  NFunc =    94  E =    -170.03283  RMSG = 1.4669551e+00
 MIN: Iter =   13  NFunc =   100  E =    -170.19897  RMSG = 3.8126589e+00
 MIN: Iter =   14  NFunc =   106  E =    -170.55836  RMSG = 8.0484258e-01
 MIN: Iter =   15  NFunc =   113  E =    -170.69476  RMSG = 1.2544677e+00
 MIN: Iter =   16  NFunc =   119  E =    -170.83065  RMSG = 1.5086599e+00
 MIN: Iter =   17  NFunc =   125  E =    -170.90063  RMSG = 3.8093756e-01
 MIN: Iter =   18  NFunc =   147  E =    -170.96988  RMSG = 9.6997196e-01
 MIN: Iter =   19  NFunc =   153  E =    -171.00557  RMSG = 3.4923743e-01
 MIN: Iter =   20  NFunc =   160  E =    -171.03207  RMSG = 8.0378048e-01
 MIN: Iter =   21  NFunc =   166  E =    -171.04715  RMSG = 1.9654751e-01
 MIN: Iter =   22  NFunc =   173  E =    -171.05432  RMSG = 2.3504177e-01
 MIN: Iter =   23  NFunc =   181  E =    -171.05798  RMSG = 7.4345936e-02
 MIN: Iter =   24  NFunc =   195  E =    -171.06103  RMSG = 9.0718597e-02
 MIN: Iter =   25  NFunc =   201  E =    -171.06143  RMSG = 2.7025739e-02
 MIN: Iter =   26  NFunc =   208  E =    -171.06153  RMSG = 1.1546030e-02
 MIN: Iter =   27  NFunc =   229  E =    -171.06158  RMSG = 5.6402340e-03
 MIN: Iter =   28  NFunc =   237  E =    -171.06158  RMSG = 2.3044459e-03
 MIN: Iter =   29  NFunc =   247  E =    -171.06158  RMSG = 7.7221176e-04
 MIN: Iter =   30  NFunc =   253  E =    -171.06158  RMSG = 6.2772415e-04
 MIN: Iter =   31  NFunc =   260  E =    -171.06158  RMSG = 2.6150545e-04
----------------------------------------------------------------
 END:          :-)  E =    -171.06158  RMSG =   0.0002615

     bond:      0.746772441
    angle:      3.800439311
 dihedral:      1.403702829
    enb14:      6.138958717
    eel14:   -310.306524865
      enb:     -1.150819670
      eel:    144.597978640
      egb:    -16.292091096
    econs:      0.000000000
    esurf:      0.000000000
    Total:   -171.061583694
     frms:      0.000261505
====== rms.dat  ======================================================
#Frame      all_heavy
       1       0.1518
