====== tleap.out =====================================================
-I: Adding /home/case/amber24/dat/leap/prep to search path.
-I: Adding /home/case/amber24/dat/leap/lib to search path.
-I: Adding /home/case/amber24/dat/leap/parm to search path.
-I: Adding /home/case/amber24/dat/leap/cmd to search path.
-f: Source leap.in.

Welcome to LEaP!
(no leaprc in search path)
Sourcing: ./leap.in
Using Bondi radii
----- Source: /home/case/amber24/dat/leap/cmd/leaprc.gaff2
----- Source of /home/case/amber24/dat/leap/cmd/leaprc.gaff2 done
Log file: ./leap.log
Loading parameters: /home/case/amber24/dat/leap/parm/gaff2.dat
Reading title:
AMBER General Force Field for organic molecules (Version 2.2.20, March 2021)
Loading parameters: ./JGD.frcmod
Reading force field modification type file (frcmod)
Reading title:
Remark line goes here
Loading Mol2 file: ./JGD.mol2
Reading MOLECULE named JGD
Checking Unit.
Building topology.
"order_residues" off: keep input residue order.
Building atom parameters.
Building bond parameters.
Building angle parameters.
Building proper torsion parameters.
Building improper torsion parameters.
 total 6 improper torsions applied
Building H-Bond parameters.
Incorporating Non-Bonded adjustments.
Not Marking per-residue atom chain types.
Marking per-residue atom chain types.
  (Residues lacking connect0/connect1 - 
   these don't have chain types marked:

	res	total affected

	JGD	1
  )
 (no restraints)
	Quit

Exiting LEaP: Errors = 0; Warnings = 0; Notes = 0.
====== min.o =========================================================
Reading parm file (JGD.parm7)
title:
JGD                                                                             
no velocities were found
no velocities were found
	mm_options:  ntpr=5
	mm_options:  gb=1
	mm_options:  kappa=0.10395
	mm_options:  rgbmax=99.
	mm_options:  cut=99.0
	mm_options:  wcons=0.
     bond:      1.462162075
    angle:      1.546603852
 dihedral:      1.968966359
    enb14:      6.639498255
    eel14:   -134.391433230
      enb:      1.486705451
      eel:     66.548471503
      egb:    -10.731684989
    econs:      0.000000000
    esurf:      0.000000000
    Total:    -65.470710724
     frms:     10.546859460
Starting TNCG minimisation
 MIN: Iter =    0  NFunc =     1  E =     -65.47071  RMSG = 1.0546859e+01
 MIN: Iter =    1  NFunc =     7  E =     -69.78888  RMSG = 1.6361286e+00
 MIN: Iter =    2  NFunc =    13  E =     -70.19312  RMSG = 6.3595285e-01
 MIN: Iter =    3  NFunc =    19  E =     -70.22837  RMSG = 1.9309288e-01
 MIN: Iter =    4  NFunc =    25  E =     -70.23022  RMSG = 2.1051709e-02
 MIN: Iter =    5  NFunc =    39  E =     -70.23496  RMSG = 1.6686713e-01
 MIN: Iter =    6  NFunc =    45  E =     -70.23855  RMSG = 6.9027664e-02
 MIN: Iter =    7  NFunc =    67  E =     -70.25272  RMSG = 1.6226335e-01
 MIN: Iter =    8  NFunc =    76  E =     -70.25649  RMSG = 6.8748055e-02
 MIN: Iter =    9  NFunc =    94  E =     -70.28050  RMSG = 2.5477529e-01
 MIN: Iter =   10  NFunc =   103  E =     -70.28833  RMSG = 9.8098241e-02
 MIN: Iter =   11  NFunc =   118  E =     -70.34254  RMSG = 7.7261697e-01
 MIN: Iter =   12  NFunc =   124  E =     -70.36625  RMSG = 1.2719358e-01
 MIN: Iter =   13  NFunc =   157  E =     -70.43042  RMSG = 6.1959862e-01
 MIN: Iter =   14  NFunc =   163  E =     -70.44845  RMSG = 1.0944391e-01
 MIN: Iter =   15  NFunc =   187  E =     -70.47380  RMSG = 1.4025525e-01
 MIN: Iter =   16  NFunc =   195  E =     -70.48285  RMSG = 1.3824642e-01
 MIN: Iter =   17  NFunc =   202  E =     -70.48641  RMSG = 8.9829685e-02
 MIN: Iter =   18  NFunc =   209  E =     -70.48785  RMSG = 4.4153872e-02
 MIN: Iter =   19  NFunc =   228  E =     -70.48847  RMSG = 1.0398514e-02
 MIN: Iter =   20  NFunc =   234  E =     -70.48848  RMSG = 4.2332421e-03
 MIN: Iter =   21  NFunc =   252  E =     -70.48849  RMSG = 1.5321092e-03
 MIN: Iter =   22  NFunc =   268  E =     -70.48849  RMSG = 1.3054891e-03
 MIN: Iter =   23  NFunc =   283  E =     -70.48849  RMSG = 8.6250161e-04
 MIN: Iter =   24  NFunc =   302  E =     -70.48849  RMSG = 5.2158893e-04
 MIN: Iter =   25  NFunc =   311  E =     -70.48850  RMSG = 3.5148976e-04
----------------------------------------------------------------
 END:          :-)  E =     -70.48850  RMSG =   0.0003515

     bond:      0.389513079
    angle:      0.518707476
 dihedral:      3.073331724
    enb14:      4.701353264
    eel14:   -133.048683916
      enb:     -0.268847046
      eel:     65.315275648
      egb:    -11.169145306
    econs:      0.000000000
    esurf:      0.000000000
    Total:    -70.488495078
     frms:      0.000351490
====== rms.dat  ======================================================
#Frame      all_heavy
       1       0.2023
