====== tleap.out =====================================================
-I: Adding /home/case/amber24/dat/leap/prep to search path.
-I: Adding /home/case/amber24/dat/leap/lib to search path.
-I: Adding /home/case/amber24/dat/leap/parm to search path.
-I: Adding /home/case/amber24/dat/leap/cmd to search path.
-f: Source leap.in.

Welcome to LEaP!
(no leaprc in search path)
Sourcing: ./leap.in
Using Bondi radii
----- Source: /home/case/amber24/dat/leap/cmd/leaprc.gaff2
----- Source of /home/case/amber24/dat/leap/cmd/leaprc.gaff2 done
Log file: ./leap.log
Loading parameters: /home/case/amber24/dat/leap/parm/gaff2.dat
Reading title:
AMBER General Force Field for organic molecules (Version 2.2.20, March 2021)
Loading parameters: ./JGE.frcmod
Reading force field modification type file (frcmod)
Reading title:
Remark line goes here
Loading Mol2 file: ./JGE.mol2
Reading MOLECULE named JGE
Checking Unit.

/home/case/amber24/bin/teLeap: Warning!
The unperturbed charge of the unit (-0.999999) is not zero.

/home/case/amber24/bin/teLeap: Note.
Ignoring the warning from Unit Checking.

Building topology.
"order_residues" off: keep input residue order.
Building atom parameters.
Building bond parameters.
Building angle parameters.
Building proper torsion parameters.
Building improper torsion parameters.
 total 14 improper torsions applied
Building H-Bond parameters.
Incorporating Non-Bonded adjustments.
Not Marking per-residue atom chain types.
Marking per-residue atom chain types.
  (Residues lacking connect0/connect1 - 
   these don't have chain types marked:

	res	total affected

	JGE	1
  )
 (no restraints)
	Quit

Exiting LEaP: Errors = 0; Warnings = 1; Notes = 1.
====== min.o =========================================================
Reading parm file (JGE.parm7)
title:
JGE                                                                             
no velocities were found
no velocities were found
	mm_options:  ntpr=5
	mm_options:  gb=1
	mm_options:  kappa=0.10395
	mm_options:  rgbmax=99.
	mm_options:  cut=99.0
	mm_options:  wcons=0.
     bond:      1.449602463
    angle:      3.477517561
 dihedral:     29.930130998
    enb14:      9.820392679
    eel14:     26.291597184
      enb:     -1.542027077
      eel:    -12.807552673
      egb:    -75.005850941
    econs:      0.000000000
    esurf:      0.000000000
    Total:    -18.386189805
     frms:      6.507351083
Starting TNCG minimisation
 MIN: Iter =    0  NFunc =     1  E =     -18.38619  RMSG = 6.5073511e+00
 MIN: Iter =    1  NFunc =     7  E =     -22.66333  RMSG = 2.1941679e+00
 MIN: Iter =    2  NFunc =    20  E =     -23.93181  RMSG = 3.3672613e+00
 MIN: Iter =    3  NFunc =    26  E =     -25.23485  RMSG = 2.4161106e+00
 MIN: Iter =    4  NFunc =    31  E =     -26.95594  RMSG = 3.4771344e+00
 MIN: Iter =    5  NFunc =    40  E =     -29.24382  RMSG = 4.7085424e+00
 MIN: Iter =    6  NFunc =    46  E =     -31.83204  RMSG = 4.0219044e+00
 MIN: Iter =    7  NFunc =    52  E =     -34.03225  RMSG = 3.3644803e+00
 MIN: Iter =    8  NFunc =    58  E =     -35.76116  RMSG = 2.7961676e+00
 MIN: Iter =    9  NFunc =    64  E =     -36.93161  RMSG = 1.9633183e+00
 MIN: Iter =   10  NFunc =    70  E =     -37.61650  RMSG = 1.6361193e+00
 MIN: Iter =   11  NFunc =    76  E =     -37.90936  RMSG = 6.1661880e-01
 MIN: Iter =   12  NFunc =    92  E =     -38.09301  RMSG = 4.4211085e-01
 MIN: Iter =   13  NFunc =   121  E =     -38.20681  RMSG = 3.3839064e-01
 MIN: Iter =   14  NFunc =   127  E =     -38.22046  RMSG = 1.0243234e-01
 MIN: Iter =   15  NFunc =   160  E =     -38.25197  RMSG = 1.5093604e-01
 MIN: Iter =   16  NFunc =   176  E =     -38.27327  RMSG = 2.8411944e-01
 MIN: Iter =   17  NFunc =   182  E =     -38.27978  RMSG = 7.6696631e-02
 MIN: Iter =   18  NFunc =   209  E =     -38.28553  RMSG = 1.5835286e-01
 MIN: Iter =   19  NFunc =   227  E =     -38.29147  RMSG = 5.3265614e-02
 MIN: Iter =   20  NFunc =   236  E =     -38.29281  RMSG = 3.4832057e-02
 MIN: Iter =   21  NFunc =   246  E =     -38.29310  RMSG = 1.8679868e-02
 MIN: Iter =   22  NFunc =   266  E =     -38.29332  RMSG = 9.1383775e-03
 MIN: Iter =   23  NFunc =   288  E =     -38.29344  RMSG = 4.4257501e-03
 MIN: Iter =   24  NFunc =   324  E =     -38.29349  RMSG = 2.7244945e-03
 MIN: Iter =   25  NFunc =   332  E =     -38.29350  RMSG = 1.6651359e-03
 MIN: Iter =   26  NFunc =   375  E =     -38.29352  RMSG = 2.0176211e-03
 MIN: Iter =   27  NFunc =   385  E =     -38.29352  RMSG = 9.4104381e-04
 MIN: Iter =   28  NFunc =   392  E =     -38.29352  RMSG = 4.9777015e-04
----------------------------------------------------------------
 END:          :-)  E =     -38.29352  RMSG =   0.0004978

     bond:      1.009078561
    angle:      3.440908652
 dihedral:     15.636982844
    enb14:      7.012528742
    eel14:     25.512981239
      enb:     -2.212733665
      eel:    -13.177790685
      egb:    -75.515479254
    econs:      0.000000000
    esurf:      0.000000000
    Total:    -38.293523567
     frms:      0.000497770
====== rms.dat  ======================================================
#Frame      all_heavy
       1       0.4887
