====== tleap.out =====================================================
-I: Adding /home/case/amber24/dat/leap/prep to search path.
-I: Adding /home/case/amber24/dat/leap/lib to search path.
-I: Adding /home/case/amber24/dat/leap/parm to search path.
-I: Adding /home/case/amber24/dat/leap/cmd to search path.
-f: Source leap.in.

Welcome to LEaP!
(no leaprc in search path)
Sourcing: ./leap.in
Using Bondi radii
----- Source: /home/case/amber24/dat/leap/cmd/leaprc.gaff2
----- Source of /home/case/amber24/dat/leap/cmd/leaprc.gaff2 done
Log file: ./leap.log
Loading parameters: /home/case/amber24/dat/leap/parm/gaff2.dat
Reading title:
AMBER General Force Field for organic molecules (Version 2.2.20, March 2021)
Loading parameters: ./JIS.frcmod
Reading force field modification type file (frcmod)
Reading title:
Remark line goes here
Loading Mol2 file: ./JIS.mol2
Reading MOLECULE named JIS
Checking Unit.
Building topology.
"order_residues" off: keep input residue order.
Building atom parameters.
Building bond parameters.
Building angle parameters.
Building proper torsion parameters.
Building improper torsion parameters.
 total 16 improper torsions applied
Building H-Bond parameters.
Incorporating Non-Bonded adjustments.
Not Marking per-residue atom chain types.
Marking per-residue atom chain types.
  (Residues lacking connect0/connect1 - 
   these don't have chain types marked:

	res	total affected

	JIS	1
  )
 (no restraints)
	Quit

Exiting LEaP: Errors = 0; Warnings = 0; Notes = 0.
====== min.o =========================================================
Reading parm file (JIS.parm7)
title:
JIS                                                                             
no velocities were found
no velocities were found
	mm_options:  ntpr=5
	mm_options:  gb=1
	mm_options:  kappa=0.10395
	mm_options:  rgbmax=99.
	mm_options:  cut=99.0
	mm_options:  wcons=0.
     bond:      5.794484979
    angle:     22.262609936
 dihedral:      3.177588857
    enb14:     17.714449853
    eel14:    -37.106535727
      enb:      1.432841234
      eel:      6.696733905
      egb:    -14.132065993
    econs:      0.000000000
    esurf:      0.000000000
    Total:      5.840107043
     frms:     13.781205729
Starting TNCG minimisation
 MIN: Iter =    0  NFunc =     1  E =       5.84011  RMSG = 1.3781206e+01
 MIN: Iter =    1  NFunc =     7  E =      -9.47014  RMSG = 2.6895499e+00
 MIN: Iter =    2  NFunc =    15  E =     -11.58984  RMSG = 1.1633531e+00
 MIN: Iter =    3  NFunc =    24  E =     -11.96345  RMSG = 3.8763327e-01
 MIN: Iter =    4  NFunc =    37  E =     -12.07414  RMSG = 2.0247160e-01
 MIN: Iter =    5  NFunc =    73  E =     -12.29490  RMSG = 6.6636738e-01
 MIN: Iter =    6  NFunc =    79  E =     -12.37851  RMSG = 2.2974786e-01
 MIN: Iter =    7  NFunc =   112  E =     -12.73247  RMSG = 6.0388125e-01
 MIN: Iter =    8  NFunc =   118  E =     -12.81408  RMSG = 2.3379856e-01
 MIN: Iter =    9  NFunc =   150  E =     -13.24695  RMSG = 5.3396814e-01
 MIN: Iter =   10  NFunc =   156  E =     -13.32360  RMSG = 2.1300847e-01
 MIN: Iter =   11  NFunc =   207  E =     -13.70047  RMSG = 4.4644938e-01
 MIN: Iter =   12  NFunc =   213  E =     -13.92402  RMSG = 6.7955780e-01
 MIN: Iter =   13  NFunc =   219  E =     -14.14693  RMSG = 3.2489706e-01
 MIN: Iter =   14  NFunc =   225  E =     -14.22283  RMSG = 2.9672258e-01
 MIN: Iter =   15  NFunc =   252  E =     -14.39342  RMSG = 3.6293245e-01
 MIN: Iter =   16  NFunc =   260  E =     -14.42875  RMSG = 1.4695420e-01
 MIN: Iter =   17  NFunc =   305  E =     -14.58025  RMSG = 4.1779890e-01
 MIN: Iter =   18  NFunc =   352  E =     -14.74738  RMSG = 5.4715600e-01
 MIN: Iter =   19  NFunc =   360  E =     -14.82113  RMSG = 2.1283447e-01
 MIN: Iter =   20  NFunc =   378  E =     -14.90882  RMSG = 4.2304444e-01
 MIN: Iter =   21  NFunc =   384  E =     -14.93274  RMSG = 1.0373020e-01
 MIN: Iter =   22  NFunc =   435  E =     -14.98327  RMSG = 4.0623083e-01
 MIN: Iter =   23  NFunc =   441  E =     -15.00416  RMSG = 1.1051256e-01
 MIN: Iter =   24  NFunc =   485  E =     -15.05205  RMSG = 2.8289366e-01
 MIN: Iter =   25  NFunc =   491  E =     -15.06508  RMSG = 7.9209249e-02
 MIN: Iter =   26  NFunc =   542  E =     -15.11055  RMSG = 2.8957808e-01
 MIN: Iter =   27  NFunc =   549  E =     -15.13282  RMSG = 1.2805865e-01
 MIN: Iter =   28  NFunc =   559  E =     -15.14649  RMSG = 1.1948608e-01
 MIN: Iter =   29  NFunc =   577  E =     -15.15465  RMSG = 5.0645591e-02
 MIN: Iter =   30  NFunc =   593  E =     -15.15853  RMSG = 3.6999050e-02
 MIN: Iter =   31  NFunc =   636  E =     -15.16620  RMSG = 1.2894678e-01
 MIN: Iter =   32  NFunc =   642  E =     -15.16878  RMSG = 2.9012238e-02
 MIN: Iter =   33  NFunc =   675  E =     -15.17039  RMSG = 1.4986482e-02
 MIN: Iter =   34  NFunc =   699  E =     -15.17071  RMSG = 8.0762047e-03
 MIN: Iter =   35  NFunc =   720  E =     -15.17084  RMSG = 4.9568825e-03
 MIN: Iter =   36  NFunc =   730  E =     -15.17086  RMSG = 3.2287233e-03
 MIN: Iter =   37  NFunc =   781  E =     -15.17095  RMSG = 5.6218350e-03
 MIN: Iter =   38  NFunc =   794  E =     -15.17097  RMSG = 3.2141199e-03
 MIN: Iter =   39  NFunc =   830  E =     -15.17099  RMSG = 1.4611311e-03
 MIN: Iter =   40  NFunc =   881  E =     -15.17101  RMSG = 1.9559501e-03
 MIN: Iter =   41  NFunc =   890  E =     -15.17101  RMSG = 1.3245247e-03
 MIN: Iter =   42  NFunc =   918  E =     -15.17102  RMSG = 8.6140558e-04
 MIN: Iter =   43  NFunc =   943  E =     -15.17102  RMSG = 6.8013644e-04
 MIN: Iter =   44  NFunc =   957  E =     -15.17102  RMSG = 3.6069636e-04
----------------------------------------------------------------
 END:          :-)  E =     -15.17102  RMSG =   0.0003607

     bond:      2.581015178
    angle:     13.093832388
 dihedral:      5.863427210
    enb14:     13.490242196
    eel14:    -35.628522935
      enb:     -5.324371243
      eel:      6.687740847
      egb:    -15.934382599
    econs:      0.000000000
    esurf:      0.000000000
    Total:    -15.171018959
     frms:      0.000360696
====== rms.dat  ======================================================
#Frame      all_heavy
       1       0.5256
