====== tleap.out =====================================================
-I: Adding /home/case/amber24/dat/leap/prep to search path.
-I: Adding /home/case/amber24/dat/leap/lib to search path.
-I: Adding /home/case/amber24/dat/leap/parm to search path.
-I: Adding /home/case/amber24/dat/leap/cmd to search path.
-f: Source leap.in.

Welcome to LEaP!
(no leaprc in search path)
Sourcing: ./leap.in
Using Bondi radii
----- Source: /home/case/amber24/dat/leap/cmd/leaprc.gaff2
----- Source of /home/case/amber24/dat/leap/cmd/leaprc.gaff2 done
Log file: ./leap.log
Loading parameters: /home/case/amber24/dat/leap/parm/gaff2.dat
Reading title:
AMBER General Force Field for organic molecules (Version 2.2.20, March 2021)
Loading parameters: ./JLY.frcmod
Reading force field modification type file (frcmod)
Reading title:
Remark line goes here
Loading Mol2 file: ./JLY.mol2
Reading MOLECULE named JLY
Checking Unit.
Building topology.
"order_residues" off: keep input residue order.
Building atom parameters.
Building bond parameters.
Building angle parameters.
Building proper torsion parameters.
Building improper torsion parameters.
 total 11 improper torsions applied
Building H-Bond parameters.
Incorporating Non-Bonded adjustments.
Not Marking per-residue atom chain types.
Marking per-residue atom chain types.
  (Residues lacking connect0/connect1 - 
   these don't have chain types marked:

	res	total affected

	JLY	1
  )
 (no restraints)
	Quit

Exiting LEaP: Errors = 0; Warnings = 0; Notes = 0.
====== min.o =========================================================
Reading parm file (JLY.parm7)
title:
JLY                                                                             
no velocities were found
no velocities were found
	mm_options:  ntpr=5
	mm_options:  gb=1
	mm_options:  kappa=0.10395
	mm_options:  rgbmax=99.
	mm_options:  cut=99.0
	mm_options:  wcons=0.
     bond:      1.752659167
    angle:      4.810798825
 dihedral:      8.828356482
    enb14:      8.592665197
    eel14:     12.496233983
      enb:     -0.879097774
      eel:     -9.030672424
      egb:     -9.894765289
    econs:      0.000000000
    esurf:      0.000000000
    Total:     16.676178167
     frms:      9.092207396
Starting TNCG minimisation
 MIN: Iter =    0  NFunc =     1  E =      16.67618  RMSG = 9.0922074e+00
 MIN: Iter =    1  NFunc =     7  E =      11.80201  RMSG = 1.8596502e+00
 MIN: Iter =    2  NFunc =    14  E =      11.01953  RMSG = 9.3811808e-01
 MIN: Iter =    3  NFunc =    20  E =      10.82863  RMSG = 4.7016175e-01
 MIN: Iter =    4  NFunc =    26  E =      10.77403  RMSG = 2.3361214e-01
 MIN: Iter =    5  NFunc =    55  E =      10.70527  RMSG = 2.3008841e-01
 MIN: Iter =    6  NFunc =    71  E =      10.69174  RMSG = 8.1139429e-02
 MIN: Iter =    7  NFunc =   106  E =      10.67351  RMSG = 1.6608930e-01
 MIN: Iter =    8  NFunc =   112  E =      10.67096  RMSG = 4.2982502e-02
 MIN: Iter =    9  NFunc =   123  E =      10.67045  RMSG = 1.7830882e-02
 MIN: Iter =   10  NFunc =   137  E =      10.67016  RMSG = 1.1379587e-02
 MIN: Iter =   11  NFunc =   144  E =      10.67012  RMSG = 6.6297637e-03
 MIN: Iter =   12  NFunc =   150  E =      10.67011  RMSG = 3.3657769e-03
 MIN: Iter =   13  NFunc =   170  E =      10.67010  RMSG = 1.9377279e-03
 MIN: Iter =   14  NFunc =   195  E =      10.67009  RMSG = 1.7340617e-03
 MIN: Iter =   15  NFunc =   205  E =      10.67009  RMSG = 8.9411414e-04
 MIN: Iter =   16  NFunc =   215  E =      10.67009  RMSG = 5.3328606e-04
 MIN: Iter =   17  NFunc =   233  E =      10.67009  RMSG = 4.1836667e-04
----------------------------------------------------------------
 END:          :-)  E =      10.67009  RMSG =   0.0004184

     bond:      0.982246120
    angle:      3.093214911
 dihedral:      9.017568901
    enb14:      6.288266532
    eel14:     12.394190484
      enb:     -1.557809620
      eel:     -9.052044825
      egb:    -10.495543952
    econs:      0.000000000
    esurf:      0.000000000
    Total:     10.670088551
     frms:      0.000418367
====== rms.dat  ======================================================
#Frame      all_heavy
       1       0.1039
