====== tleap.out =====================================================
-I: Adding /home/case/amber24/dat/leap/prep to search path.
-I: Adding /home/case/amber24/dat/leap/lib to search path.
-I: Adding /home/case/amber24/dat/leap/parm to search path.
-I: Adding /home/case/amber24/dat/leap/cmd to search path.
-f: Source leap.in.

Welcome to LEaP!
(no leaprc in search path)
Sourcing: ./leap.in
Using Bondi radii
----- Source: /home/case/amber24/dat/leap/cmd/leaprc.gaff2
----- Source of /home/case/amber24/dat/leap/cmd/leaprc.gaff2 done
Log file: ./leap.log
Loading parameters: /home/case/amber24/dat/leap/parm/gaff2.dat
Reading title:
AMBER General Force Field for organic molecules (Version 2.2.20, March 2021)
Loading parameters: ./JUE.frcmod
Reading force field modification type file (frcmod)
Reading title:
Remark line goes here
Loading Mol2 file: ./JUE.mol2
Reading MOLECULE named JUE
Checking Unit.
Building topology.
"order_residues" off: keep input residue order.
Building atom parameters.
Building bond parameters.
Building angle parameters.
Building proper torsion parameters.
Building improper torsion parameters.
 total 20 improper torsions applied
Building H-Bond parameters.
Incorporating Non-Bonded adjustments.
Not Marking per-residue atom chain types.
Marking per-residue atom chain types.
  (Residues lacking connect0/connect1 - 
   these don't have chain types marked:

	res	total affected

	JUE	1
  )
 (no restraints)
	Quit

Exiting LEaP: Errors = 0; Warnings = 0; Notes = 0.
====== min.o =========================================================
Reading parm file (JUE.parm7)
title:
JUE                                                                             
no velocities were found
no velocities were found
	mm_options:  ntpr=5
	mm_options:  gb=1
	mm_options:  kappa=0.10395
	mm_options:  rgbmax=99.
	mm_options:  cut=99.0
	mm_options:  wcons=0.
     bond:      2.544908232
    angle:      6.575755932
 dihedral:     36.050142465
    enb14:     16.945393041
    eel14:   -107.516434040
      enb:     -2.985775562
      eel:      2.478905396
      egb:    -31.047026187
    econs:      0.000000000
    esurf:      0.000000000
    Total:    -76.954130724
     frms:      7.877617339
Starting TNCG minimisation
 MIN: Iter =    0  NFunc =     1  E =     -76.95413  RMSG = 7.8776173e+00
 MIN: Iter =    1  NFunc =     7  E =     -84.98703  RMSG = 2.4252660e+00
 MIN: Iter =    2  NFunc =    26  E =     -86.92807  RMSG = 4.0731779e+00
 MIN: Iter =    3  NFunc =    34  E =     -90.31211  RMSG = 1.2884863e+00
 MIN: Iter =    4  NFunc =    56  E =     -91.63076  RMSG = 1.8376798e+00
 MIN: Iter =    5  NFunc =    64  E =     -92.50908  RMSG = 1.2251940e+00
 MIN: Iter =    6  NFunc =    70  E =     -92.83971  RMSG = 4.3341587e-01
 MIN: Iter =    7  NFunc =    78  E =     -92.90301  RMSG = 1.9622742e-01
 MIN: Iter =    8  NFunc =    88  E =     -92.93682  RMSG = 1.1095377e-01
 MIN: Iter =    9  NFunc =   107  E =     -92.98062  RMSG = 1.5762862e-01
 MIN: Iter =   10  NFunc =   158  E =     -93.02841  RMSG = 5.2024819e-01
 MIN: Iter =   11  NFunc =   164  E =     -93.06861  RMSG = 1.3555238e-01
 MIN: Iter =   12  NFunc =   192  E =     -93.09345  RMSG = 1.1100114e-01
 MIN: Iter =   13  NFunc =   206  E =     -93.10678  RMSG = 9.2811602e-02
 MIN: Iter =   14  NFunc =   223  E =     -93.11348  RMSG = 5.2907754e-02
 MIN: Iter =   15  NFunc =   274  E =     -93.12479  RMSG = 6.6452099e-02
 MIN: Iter =   16  NFunc =   291  E =     -93.12719  RMSG = 1.7305785e-02
 MIN: Iter =   17  NFunc =   324  E =     -93.12871  RMSG = 1.4334703e-02
 MIN: Iter =   18  NFunc =   375  E =     -93.13020  RMSG = 2.0540514e-02
 MIN: Iter =   19  NFunc =   386  E =     -93.13038  RMSG = 9.0416198e-03
 MIN: Iter =   20  NFunc =   437  E =     -93.13096  RMSG = 1.5751242e-02
 MIN: Iter =   21  NFunc =   474  E =     -93.13172  RMSG = 2.2959914e-02
 MIN: Iter =   22  NFunc =   480  E =     -93.13185  RMSG = 1.0754853e-02
 MIN: Iter =   23  NFunc =   488  E =     -93.13192  RMSG = 7.5088561e-03
 MIN: Iter =   24  NFunc =   514  E =     -93.13211  RMSG = 6.6954219e-03
 MIN: Iter =   25  NFunc =   555  E =     -93.13272  RMSG = 1.5705073e-02
 MIN: Iter =   26  NFunc =   576  E =     -93.13302  RMSG = 1.0035691e-02
 MIN: Iter =   27  NFunc =   627  E =     -93.13319  RMSG = 6.1567483e-03
 MIN: Iter =   28  NFunc =   667  E =     -93.13332  RMSG = 4.4213220e-03
 MIN: Iter =   29  NFunc =   676  E =     -93.13333  RMSG = 2.3576971e-03
 MIN: Iter =   30  NFunc =   695  E =     -93.13333  RMSG = 1.1095660e-03
 MIN: Iter =   31  NFunc =   719  E =     -93.13334  RMSG = 7.4976739e-04
 MIN: Iter =   32  NFunc =   762  E =     -93.13334  RMSG = 5.3720495e-04
 MIN: Iter =   33  NFunc =   810  E =     -93.13334  RMSG = 4.2284374e-04
----------------------------------------------------------------
 END:          :-)  E =     -93.13334  RMSG =   0.0004228

     bond:      1.323357801
    angle:      5.941905607
 dihedral:     29.617649331
    enb14:     12.616246258
    eel14:   -113.222535979
      enb:     -4.995410635
      eel:      8.260330493
      egb:    -32.674884352
    econs:      0.000000000
    esurf:      0.000000000
    Total:    -93.133341478
     frms:      0.000422844
====== rms.dat  ======================================================
#Frame      all_heavy
       1       0.2917
