====== tleap.out =====================================================
-I: Adding /home/case/amber24/dat/leap/prep to search path.
-I: Adding /home/case/amber24/dat/leap/lib to search path.
-I: Adding /home/case/amber24/dat/leap/parm to search path.
-I: Adding /home/case/amber24/dat/leap/cmd to search path.
-f: Source leap.in.

Welcome to LEaP!
(no leaprc in search path)
Sourcing: ./leap.in
Using Bondi radii
----- Source: /home/case/amber24/dat/leap/cmd/leaprc.gaff2
----- Source of /home/case/amber24/dat/leap/cmd/leaprc.gaff2 done
Log file: ./leap.log
Loading parameters: /home/case/amber24/dat/leap/parm/gaff2.dat
Reading title:
AMBER General Force Field for organic molecules (Version 2.2.20, March 2021)
Loading parameters: ./JUV.frcmod
Reading force field modification type file (frcmod)
Reading title:
Remark line goes here
Loading Mol2 file: ./JUV.mol2
Reading MOLECULE named JUV
Checking Unit.

/home/case/amber24/bin/teLeap: Warning!
The unperturbed charge of the unit (-1.000000) is not zero.

/home/case/amber24/bin/teLeap: Note.
Ignoring the warning from Unit Checking.

Building topology.
"order_residues" off: keep input residue order.
Building atom parameters.
Building bond parameters.
Building angle parameters.
Building proper torsion parameters.
Building improper torsion parameters.
 total 16 improper torsions applied
Building H-Bond parameters.
Incorporating Non-Bonded adjustments.
Not Marking per-residue atom chain types.
Marking per-residue atom chain types.
  (Residues lacking connect0/connect1 - 
   these don't have chain types marked:

	res	total affected

	JUV	1
  )
 (no restraints)
	Quit

Exiting LEaP: Errors = 0; Warnings = 1; Notes = 1.
====== min.o =========================================================
Reading parm file (JUV.parm7)
title:
JUV                                                                             
no velocities were found
no velocities were found
	mm_options:  ntpr=5
	mm_options:  gb=1
	mm_options:  kappa=0.10395
	mm_options:  rgbmax=99.
	mm_options:  cut=99.0
	mm_options:  wcons=0.
     bond:      2.327411959
    angle:      4.827029691
 dihedral:      8.531027049
    enb14:     11.666999777
    eel14:     52.425486378
      enb:     -2.350463785
      eel:    -67.932231179
      egb:    -88.515648512
    econs:      0.000000000
    esurf:      0.000000000
    Total:    -79.020388624
     frms:      8.736011617
Starting TNCG minimisation
 MIN: Iter =    0  NFunc =     1  E =     -79.02039  RMSG = 8.7360116e+00
 MIN: Iter =    1  NFunc =     7  E =     -85.32162  RMSG = 2.1247740e+00
 MIN: Iter =    2  NFunc =    14  E =     -86.89622  RMSG = 1.1719077e+00
 MIN: Iter =    3  NFunc =    25  E =     -87.38889  RMSG = 3.4763567e-01
 MIN: Iter =    4  NFunc =    35  E =     -87.47404  RMSG = 2.0759884e-01
 MIN: Iter =    5  NFunc =    54  E =     -87.53466  RMSG = 1.7025753e-01
 MIN: Iter =    6  NFunc =    68  E =     -87.55178  RMSG = 9.7797509e-02
 MIN: Iter =    7  NFunc =    81  E =     -87.55631  RMSG = 4.3412534e-02
 MIN: Iter =    8  NFunc =   132  E =     -87.56296  RMSG = 5.8401922e-02
 MIN: Iter =    9  NFunc =   145  E =     -87.56499  RMSG = 3.7220027e-02
 MIN: Iter =   10  NFunc =   167  E =     -87.56854  RMSG = 3.5157203e-02
 MIN: Iter =   11  NFunc =   181  E =     -87.56919  RMSG = 1.5942637e-02
 MIN: Iter =   12  NFunc =   193  E =     -87.56944  RMSG = 1.1899265e-02
 MIN: Iter =   13  NFunc =   225  E =     -87.56969  RMSG = 6.5064406e-03
 MIN: Iter =   14  NFunc =   237  E =     -87.56972  RMSG = 3.7519786e-03
 MIN: Iter =   15  NFunc =   288  E =     -87.56998  RMSG = 2.6520237e-02
 MIN: Iter =   16  NFunc =   294  E =     -87.57005  RMSG = 7.9067080e-03
 MIN: Iter =   17  NFunc =   310  E =     -87.57011  RMSG = 3.7466205e-03
 MIN: Iter =   18  NFunc =   329  E =     -87.57012  RMSG = 1.8432852e-03
 MIN: Iter =   19  NFunc =   345  E =     -87.57012  RMSG = 1.3109502e-03
 MIN: Iter =   20  NFunc =   351  E =     -87.57012  RMSG = 6.6008770e-04
 MIN: Iter =   21  NFunc =   402  E =     -87.57013  RMSG = 7.2195520e-04
 MIN: Iter =   22  NFunc =   425  E =     -87.57013  RMSG = 4.8248457e-04
----------------------------------------------------------------
 END:          :-)  E =     -87.57013  RMSG =   0.0004825

     bond:      1.305583905
    angle:      4.034149871
 dihedral:      8.456991643
    enb14:      8.289467161
    eel14:     48.071140654
      enb:     -3.196866826
      eel:    -64.096478808
      egb:    -90.434116120
    econs:      0.000000000
    esurf:      0.000000000
    Total:    -87.570128521
     frms:      0.000482485
====== rms.dat  ======================================================
#Frame      all_heavy
       1       0.1207
