====== tleap.out =====================================================
-I: Adding /home/case/amber24/dat/leap/prep to search path.
-I: Adding /home/case/amber24/dat/leap/lib to search path.
-I: Adding /home/case/amber24/dat/leap/parm to search path.
-I: Adding /home/case/amber24/dat/leap/cmd to search path.
-f: Source leap.in.

Welcome to LEaP!
(no leaprc in search path)
Sourcing: ./leap.in
Using Bondi radii
----- Source: /home/case/amber24/dat/leap/cmd/leaprc.gaff2
----- Source of /home/case/amber24/dat/leap/cmd/leaprc.gaff2 done
Log file: ./leap.log
Loading parameters: /home/case/amber24/dat/leap/parm/gaff2.dat
Reading title:
AMBER General Force Field for organic molecules (Version 2.2.20, March 2021)
Loading parameters: ./JV8.frcmod
Reading force field modification type file (frcmod)
Reading title:
Remark line goes here
Loading Mol2 file: ./JV8.mol2
Reading MOLECULE named JV8
Checking Unit.
Building topology.
"order_residues" off: keep input residue order.
Building atom parameters.
Building bond parameters.
Building angle parameters.
Building proper torsion parameters.
Building improper torsion parameters.
 total 17 improper torsions applied
Building H-Bond parameters.
Incorporating Non-Bonded adjustments.
Not Marking per-residue atom chain types.
Marking per-residue atom chain types.
  (Residues lacking connect0/connect1 - 
   these don't have chain types marked:

	res	total affected

	JV8	1
  )
 (no restraints)
	Quit

Exiting LEaP: Errors = 0; Warnings = 0; Notes = 0.
====== min.o =========================================================
Reading parm file (JV8.parm7)
title:
JV8                                                                             
no velocities were found
no velocities were found
	mm_options:  ntpr=5
	mm_options:  gb=1
	mm_options:  kappa=0.10395
	mm_options:  rgbmax=99.
	mm_options:  cut=99.0
	mm_options:  wcons=0.
     bond:      3.000919775
    angle:      3.523253153
 dihedral:      3.616774608
    enb14:     13.745975344
    eel14:    -34.796296891
      enb:      0.625694927
      eel:     17.261921264
      egb:    -19.521445176
    econs:      0.000000000
    esurf:      0.000000000
    Total:    -12.543202996
     frms:     12.017158073
Starting TNCG minimisation
 MIN: Iter =    0  NFunc =     1  E =     -12.54320  RMSG = 1.2017158e+01
 MIN: Iter =    1  NFunc =     7  E =     -18.75201  RMSG = 2.2565147e+00
 MIN: Iter =    2  NFunc =    16  E =     -21.25774  RMSG = 1.5065964e+00
 MIN: Iter =    3  NFunc =    22  E =     -21.87378  RMSG = 7.9937870e-01
 MIN: Iter =    4  NFunc =    32  E =     -22.04393  RMSG = 3.0611418e-01
 MIN: Iter =    5  NFunc =    53  E =     -22.17064  RMSG = 2.3546511e-01
 MIN: Iter =    6  NFunc =    68  E =     -22.20164  RMSG = 1.0569059e-01
 MIN: Iter =    7  NFunc =    75  E =     -22.20372  RMSG = 4.5085284e-02
 MIN: Iter =    8  NFunc =    90  E =     -22.20505  RMSG = 2.2157703e-02
 MIN: Iter =    9  NFunc =   109  E =     -22.20593  RMSG = 1.4594555e-02
 MIN: Iter =   10  NFunc =   143  E =     -22.20724  RMSG = 3.2629336e-02
 MIN: Iter =   11  NFunc =   162  E =     -22.20772  RMSG = 9.5789332e-03
 MIN: Iter =   12  NFunc =   198  E =     -22.20803  RMSG = 7.3885820e-03
 MIN: Iter =   13  NFunc =   217  E =     -22.20808  RMSG = 3.9034056e-03
 MIN: Iter =   14  NFunc =   228  E =     -22.20809  RMSG = 3.0121860e-03
 MIN: Iter =   15  NFunc =   244  E =     -22.20810  RMSG = 1.8828706e-03
 MIN: Iter =   16  NFunc =   278  E =     -22.20813  RMSG = 2.6408479e-03
 MIN: Iter =   17  NFunc =   329  E =     -22.20819  RMSG = 5.5261838e-03
 MIN: Iter =   18  NFunc =   370  E =     -22.20832  RMSG = 1.0580568e-02
 MIN: Iter =   19  NFunc =   376  E =     -22.20834  RMSG = 4.7015943e-03
 MIN: Iter =   20  NFunc =   398  E =     -22.20838  RMSG = 4.3918686e-03
 MIN: Iter =   21  NFunc =   408  E =     -22.20839  RMSG = 1.4241833e-03
 MIN: Iter =   22  NFunc =   446  E =     -22.20839  RMSG = 5.4800741e-04
 MIN: Iter =   23  NFunc =   497  E =     -22.20840  RMSG = 6.4462460e-04
 MIN: Iter =   24  NFunc =   506  E =     -22.20840  RMSG = 3.8293283e-04
----------------------------------------------------------------
 END:          :-)  E =     -22.20840  RMSG =   0.0003829

     bond:      1.129345026
    angle:      2.759649504
 dihedral:      3.575716206
    enb14:     10.330738789
    eel14:    -35.537081702
      enb:     -1.276689384
      eel:     17.566920154
      egb:    -20.756993858
    econs:      0.000000000
    esurf:      0.000000000
    Total:    -22.208395264
     frms:      0.000382933
====== rms.dat  ======================================================
#Frame      all_heavy
       1       0.1524
