====== tleap.out =====================================================
-I: Adding /home/case/amber24/dat/leap/prep to search path.
-I: Adding /home/case/amber24/dat/leap/lib to search path.
-I: Adding /home/case/amber24/dat/leap/parm to search path.
-I: Adding /home/case/amber24/dat/leap/cmd to search path.
-f: Source leap.in.

Welcome to LEaP!
(no leaprc in search path)
Sourcing: ./leap.in
Using Bondi radii
----- Source: /home/case/amber24/dat/leap/cmd/leaprc.gaff2
----- Source of /home/case/amber24/dat/leap/cmd/leaprc.gaff2 done
Log file: ./leap.log
Loading parameters: /home/case/amber24/dat/leap/parm/gaff2.dat
Reading title:
AMBER General Force Field for organic molecules (Version 2.2.20, March 2021)
Loading parameters: ./JWT.frcmod
Reading force field modification type file (frcmod)
Reading title:
Remark line goes here
Loading Mol2 file: ./JWT.mol2
Reading MOLECULE named JWT
Checking Unit.
Building topology.
"order_residues" off: keep input residue order.
Building atom parameters.
Building bond parameters.
Building angle parameters.
Building proper torsion parameters.
Building improper torsion parameters.
 total 20 improper torsions applied
Building H-Bond parameters.
Incorporating Non-Bonded adjustments.
Not Marking per-residue atom chain types.
Marking per-residue atom chain types.
  (Residues lacking connect0/connect1 - 
   these don't have chain types marked:

	res	total affected

	JWT	1
  )
 (no restraints)
	Quit

Exiting LEaP: Errors = 0; Warnings = 0; Notes = 0.
====== min.o =========================================================
Reading parm file (JWT.parm7)
title:
JWT                                                                             
no velocities were found
no velocities were found
	mm_options:  ntpr=5
	mm_options:  gb=1
	mm_options:  kappa=0.10395
	mm_options:  rgbmax=99.
	mm_options:  cut=99.0
	mm_options:  wcons=0.
     bond:      3.287945152
    angle:      5.917859120
 dihedral:     24.786341369
    enb14:     17.130593806
    eel14:   -137.279123719
      enb:     -5.384015826
      eel:    -63.454707781
      egb:    -29.090173669
    econs:      0.000000000
    esurf:      0.000000000
    Total:   -184.085281549
     frms:     11.035988689
Starting TNCG minimisation
 MIN: Iter =    0  NFunc =     1  E =    -184.08528  RMSG = 1.1035989e+01
 MIN: Iter =    1  NFunc =     7  E =    -195.28883  RMSG = 2.3346616e+00
 MIN: Iter =    2  NFunc =    18  E =    -197.25504  RMSG = 1.2950593e+00
 MIN: Iter =    3  NFunc =    24  E =    -197.42303  RMSG = 4.1666163e-01
 MIN: Iter =    4  NFunc =    34  E =    -197.53214  RMSG = 3.1005145e-01
 MIN: Iter =    5  NFunc =    61  E =    -197.61822  RMSG = 3.6501724e-01
 MIN: Iter =    6  NFunc =    74  E =    -197.69110  RMSG = 6.4698939e-01
 MIN: Iter =    7  NFunc =    80  E =    -197.73569  RMSG = 1.7704330e-01
 MIN: Iter =    8  NFunc =    98  E =    -197.76750  RMSG = 2.5258864e-01
 MIN: Iter =    9  NFunc =   108  E =    -197.79047  RMSG = 1.7151608e-01
 MIN: Iter =   10  NFunc =   140  E =    -197.85336  RMSG = 3.7786691e-01
 MIN: Iter =   11  NFunc =   146  E =    -197.87918  RMSG = 1.1363889e-01
 MIN: Iter =   12  NFunc =   164  E =    -197.89581  RMSG = 1.4031309e-01
 MIN: Iter =   13  NFunc =   170  E =    -197.89874  RMSG = 7.3375259e-02
 MIN: Iter =   14  NFunc =   185  E =    -197.90880  RMSG = 6.9619846e-02
 MIN: Iter =   15  NFunc =   236  E =    -197.92730  RMSG = 2.0233820e-01
 MIN: Iter =   16  NFunc =   242  E =    -197.93389  RMSG = 8.0674615e-02
 MIN: Iter =   17  NFunc =   293  E =    -197.97201  RMSG = 3.2067541e-01
 MIN: Iter =   18  NFunc =   300  E =    -198.01557  RMSG = 4.1367751e-01
 MIN: Iter =   19  NFunc =   308  E =    -198.09974  RMSG = 3.8650056e-01
 MIN: Iter =   20  NFunc =   315  E =    -198.17963  RMSG = 5.3141563e-01
 MIN: Iter =   21  NFunc =   324  E =    -198.30775  RMSG = 5.1050387e-01
 MIN: Iter =   22  NFunc =   331  E =    -198.45984  RMSG = 5.6252392e-01
 MIN: Iter =   23  NFunc =   337  E =    -198.60874  RMSG = 6.1028232e-01
 MIN: Iter =   24  NFunc =   343  E =    -198.77014  RMSG = 5.7622615e-01
 MIN: Iter =   25  NFunc =   349  E =    -198.94837  RMSG = 5.5195426e-01
 MIN: Iter =   26  NFunc =   355  E =    -199.12150  RMSG = 5.0773448e-01
 MIN: Iter =   27  NFunc =   361  E =    -199.27802  RMSG = 4.5119534e-01
 MIN: Iter =   28  NFunc =   367  E =    -199.41969  RMSG = 4.4982158e-01
 MIN: Iter =   29  NFunc =   375  E =    -199.57718  RMSG = 3.9277651e-01
 MIN: Iter =   30  NFunc =   422  E =    -199.89728  RMSG = 4.6270892e-01
 MIN: Iter =   31  NFunc =   448  E =    -200.17128  RMSG = 4.7802267e-01
 MIN: Iter =   32  NFunc =   454  E =    -200.28278  RMSG = 3.3295139e-01
 MIN: Iter =   33  NFunc =   464  E =    -200.37542  RMSG = 2.9327402e-01
 MIN: Iter =   34  NFunc =   487  E =    -200.55456  RMSG = 4.2739248e-01
 MIN: Iter =   35  NFunc =   493  E =    -200.60957  RMSG = 1.9533480e-01
 MIN: Iter =   36  NFunc =   507  E =    -200.68771  RMSG = 3.4271459e-01
 MIN: Iter =   37  NFunc =   513  E =    -200.71285  RMSG = 1.5931047e-01
 MIN: Iter =   38  NFunc =   542  E =    -200.76661  RMSG = 3.0788174e-01
 MIN: Iter =   39  NFunc =   548  E =    -200.78428  RMSG = 9.4812095e-02
 MIN: Iter =   40  NFunc =   571  E =    -200.82336  RMSG = 2.3693598e-01
 MIN: Iter =   41  NFunc =   577  E =    -200.83345  RMSG = 7.3867981e-02
 MIN: Iter =   42  NFunc =   616  E =    -200.85128  RMSG = 8.3654796e-02
 MIN: Iter =   43  NFunc =   628  E =    -200.85372  RMSG = 3.8697351e-02
 MIN: Iter =   44  NFunc =   640  E =    -200.85464  RMSG = 1.7693285e-02
 MIN: Iter =   45  NFunc =   691  E =    -200.85666  RMSG = 3.0872947e-02
 MIN: Iter =   46  NFunc =   697  E =    -200.85682  RMSG = 1.4085740e-02
 MIN: Iter =   47  NFunc =   724  E =    -200.85769  RMSG = 1.5340864e-02
 MIN: Iter =   48  NFunc =   730  E =    -200.85773  RMSG = 6.7181233e-03
 MIN: Iter =   49  NFunc =   781  E =    -200.85794  RMSG = 4.7010009e-03
 MIN: Iter =   50  NFunc =   808  E =    -200.85799  RMSG = 3.7282794e-03
 MIN: Iter =   51  NFunc =   821  E =    -200.85801  RMSG = 2.7235875e-03
 MIN: Iter =   52  NFunc =   863  E =    -200.85803  RMSG = 1.6169985e-03
 MIN: Iter =   53  NFunc =   875  E =    -200.85803  RMSG = 6.5920906e-04
 MIN: Iter =   54  NFunc =   920  E =    -200.85803  RMSG = 2.8394969e-04
----------------------------------------------------------------
 END:          :-)  E =    -200.85803  RMSG =   0.0002839

     bond:      2.058655242
    angle:      2.616663715
 dihedral:     24.612692887
    enb14:     13.014664739
    eel14:   -147.200638458
      enb:     -7.589458296
      eel:    -60.354751442
      egb:    -28.015855900
    econs:      0.000000000
    esurf:      0.000000000
    Total:   -200.858027512
     frms:      0.000283950
====== rms.dat  ======================================================
#Frame      all_heavy
       1       1.5564
