====== tleap.out =====================================================
-I: Adding /home/case/amber24/dat/leap/prep to search path.
-I: Adding /home/case/amber24/dat/leap/lib to search path.
-I: Adding /home/case/amber24/dat/leap/parm to search path.
-I: Adding /home/case/amber24/dat/leap/cmd to search path.
-f: Source leap.in.

Welcome to LEaP!
(no leaprc in search path)
Sourcing: ./leap.in
Using Bondi radii
----- Source: /home/case/amber24/dat/leap/cmd/leaprc.gaff2
----- Source of /home/case/amber24/dat/leap/cmd/leaprc.gaff2 done
Log file: ./leap.log
Loading parameters: /home/case/amber24/dat/leap/parm/gaff2.dat
Reading title:
AMBER General Force Field for organic molecules (Version 2.2.20, March 2021)
Loading parameters: ./JXX.frcmod
Reading force field modification type file (frcmod)
Reading title:
Remark line goes here
Loading Mol2 file: ./JXX.mol2
Reading MOLECULE named JXX
Checking Unit.
Building topology.
"order_residues" off: keep input residue order.
Building atom parameters.
Building bond parameters.
Building angle parameters.
Building proper torsion parameters.
Building improper torsion parameters.
 total 9 improper torsions applied
Building H-Bond parameters.
Incorporating Non-Bonded adjustments.
Not Marking per-residue atom chain types.
Marking per-residue atom chain types.
  (Residues lacking connect0/connect1 - 
   these don't have chain types marked:

	res	total affected

	JXX	1
  )
 (no restraints)
	Quit

Exiting LEaP: Errors = 0; Warnings = 0; Notes = 0.
====== min.o =========================================================
Reading parm file (JXX.parm7)
title:
JXX                                                                             
no velocities were found
no velocities were found
	mm_options:  ntpr=5
	mm_options:  gb=1
	mm_options:  kappa=0.10395
	mm_options:  rgbmax=99.
	mm_options:  cut=99.0
	mm_options:  wcons=0.
     bond:      4.264182409
    angle:      3.579696755
 dihedral:      9.395377139
    enb14:     14.219082740
    eel14:    -10.092955496
      enb:     -0.142677922
      eel:     14.098691683
      egb:     -9.232799305
    econs:      0.000000000
    esurf:      0.000000000
    Total:     26.088598003
     frms:     13.503422160
Starting TNCG minimisation
 MIN: Iter =    0  NFunc =     1  E =      26.08860  RMSG = 1.3503422e+01
 MIN: Iter =    1  NFunc =     7  E =      15.93859  RMSG = 3.0472310e+00
 MIN: Iter =    2  NFunc =    13  E =      14.79540  RMSG = 1.1533873e+00
 MIN: Iter =    3  NFunc =    43  E =      13.76306  RMSG = 8.9737178e-01
 MIN: Iter =    4  NFunc =    57  E =      13.01474  RMSG = 7.8535781e-01
 MIN: Iter =    5  NFunc =    64  E =      12.64781  RMSG = 6.8202421e-01
 MIN: Iter =    6  NFunc =    73  E =      12.43571  RMSG = 4.7369862e-01
 MIN: Iter =    7  NFunc =    85  E =      12.31244  RMSG = 2.9719093e-01
 MIN: Iter =    8  NFunc =    93  E =      12.29692  RMSG = 1.2880269e-01
 MIN: Iter =    9  NFunc =   101  E =      12.28988  RMSG = 8.4977807e-02
 MIN: Iter =   10  NFunc =   107  E =      12.28818  RMSG = 4.5092301e-02
 MIN: Iter =   11  NFunc =   125  E =      12.28645  RMSG = 2.6399490e-02
 MIN: Iter =   12  NFunc =   150  E =      12.28472  RMSG = 2.0971098e-02
 MIN: Iter =   13  NFunc =   163  E =      12.28445  RMSG = 1.1563008e-02
 MIN: Iter =   14  NFunc =   170  E =      12.28442  RMSG = 5.9415068e-03
 MIN: Iter =   15  NFunc =   177  E =      12.28441  RMSG = 3.1617153e-03
 MIN: Iter =   16  NFunc =   192  E =      12.28441  RMSG = 1.9408352e-03
 MIN: Iter =   17  NFunc =   216  E =      12.28440  RMSG = 1.2163239e-03
 MIN: Iter =   18  NFunc =   223  E =      12.28440  RMSG = 8.8846438e-04
 MIN: Iter =   19  NFunc =   233  E =      12.28440  RMSG = 6.0416850e-04
 MIN: Iter =   20  NFunc =   250  E =      12.28440  RMSG = 4.1222444e-04
----------------------------------------------------------------
 END:          :-)  E =      12.28440  RMSG =   0.0004122

     bond:      1.493807018
    angle:      1.333592144
 dihedral:      9.541874264
    enb14:      9.917391184
    eel14:     -9.964276943
      enb:     -3.102336571
      eel:     13.234923622
      egb:    -10.170578230
    econs:      0.000000000
    esurf:      0.000000000
    Total:     12.284396488
     frms:      0.000412224
====== rms.dat  ======================================================
#Frame      all_heavy
       1       0.3016
