====== tleap.out =====================================================
-I: Adding /home/case/amber24/dat/leap/prep to search path.
-I: Adding /home/case/amber24/dat/leap/lib to search path.
-I: Adding /home/case/amber24/dat/leap/parm to search path.
-I: Adding /home/case/amber24/dat/leap/cmd to search path.
-f: Source leap.in.

Welcome to LEaP!
(no leaprc in search path)
Sourcing: ./leap.in
Using Bondi radii
----- Source: /home/case/amber24/dat/leap/cmd/leaprc.gaff2
----- Source of /home/case/amber24/dat/leap/cmd/leaprc.gaff2 done
Log file: ./leap.log
Loading parameters: /home/case/amber24/dat/leap/parm/gaff2.dat
Reading title:
AMBER General Force Field for organic molecules (Version 2.2.20, March 2021)
Loading parameters: ./Y09.frcmod
Reading force field modification type file (frcmod)
Reading title:
Remark line goes here
Loading Mol2 file: ./Y09.mol2
Reading MOLECULE named Y09
Checking Unit.

/home/case/amber24/bin/teLeap: Warning!
The unperturbed charge of the unit (-2.001000) is not zero.

/home/case/amber24/bin/teLeap: Note.
Ignoring the warning from Unit Checking.

Building topology.
"order_residues" off: keep input residue order.
Building atom parameters.
Building bond parameters.
Building angle parameters.
Building proper torsion parameters.
Building improper torsion parameters.
 total 14 improper torsions applied
Building H-Bond parameters.
Incorporating Non-Bonded adjustments.
Not Marking per-residue atom chain types.
Marking per-residue atom chain types.
  (Residues lacking connect0/connect1 - 
   these don't have chain types marked:

	res	total affected

	Y09	1
  )
 (no restraints)
	Quit

Exiting LEaP: Errors = 0; Warnings = 1; Notes = 1.
====== min.o =========================================================
Reading parm file (Y09.parm7)
title:
Y09                                                                             
no velocities were found
no velocities were found
	mm_options:  ntpr=5
	mm_options:  gb=1
	mm_options:  kappa=0.10395
	mm_options:  rgbmax=99.
	mm_options:  cut=99.0
	mm_options:  wcons=0.
     bond:      4.811798423
    angle:     10.542037052
 dihedral:     18.926012687
    enb14:     10.406916893
    eel14:   -130.219535362
      enb:      5.793211074
      eel:     76.291906068
      egb:   -210.990755861
    econs:      0.000000000
    esurf:      0.000000000
    Total:   -214.438409027
     frms:     12.946372025
Starting TNCG minimisation
 MIN: Iter =    0  NFunc =     1  E =    -214.43841  RMSG = 1.2946372e+01
 MIN: Iter =    1  NFunc =     7  E =    -226.52440  RMSG = 3.3414784e+00
 MIN: Iter =    2  NFunc =    13  E =    -228.78082  RMSG = 1.6594874e+00
 MIN: Iter =    3  NFunc =    22  E =    -229.55923  RMSG = 7.7186248e-01
 MIN: Iter =    4  NFunc =    44  E =    -230.36866  RMSG = 1.0046803e+00
 MIN: Iter =    5  NFunc =    59  E =    -230.79425  RMSG = 6.7426518e-01
 MIN: Iter =    6  NFunc =    68  E =    -230.93794  RMSG = 3.6490938e-01
 MIN: Iter =    7  NFunc =    76  E =    -230.99790  RMSG = 2.9331810e-01
 MIN: Iter =    8  NFunc =   100  E =    -231.08868  RMSG = 6.5076068e-01
 MIN: Iter =    9  NFunc =   106  E =    -231.11825  RMSG = 1.5007284e-01
 MIN: Iter =   10  NFunc =   128  E =    -231.13492  RMSG = 1.6658514e-01
 MIN: Iter =   11  NFunc =   165  E =    -231.15516  RMSG = 1.8812088e-01
 MIN: Iter =   12  NFunc =   171  E =    -231.15719  RMSG = 4.6754461e-02
 MIN: Iter =   13  NFunc =   222  E =    -231.16595  RMSG = 1.3771284e-01
 MIN: Iter =   14  NFunc =   229  E =    -231.16782  RMSG = 4.0363278e-02
 MIN: Iter =   15  NFunc =   238  E =    -231.16827  RMSG = 1.9631665e-02
 MIN: Iter =   16  NFunc =   263  E =    -231.16921  RMSG = 1.3146294e-02
 MIN: Iter =   17  NFunc =   314  E =    -231.17102  RMSG = 1.0984461e-01
 MIN: Iter =   18  NFunc =   333  E =    -231.17458  RMSG = 4.9530357e-02
 MIN: Iter =   19  NFunc =   363  E =    -231.17635  RMSG = 5.3026397e-02
 MIN: Iter =   20  NFunc =   377  E =    -231.17798  RMSG = 3.5902924e-02
 MIN: Iter =   21  NFunc =   389  E =    -231.17862  RMSG = 1.8086794e-02
 MIN: Iter =   22  NFunc =   399  E =    -231.17881  RMSG = 9.9826949e-03
 MIN: Iter =   23  NFunc =   427  E =    -231.17916  RMSG = 1.1295147e-02
 MIN: Iter =   24  NFunc =   448  E =    -231.17954  RMSG = 1.1345729e-02
 MIN: Iter =   25  NFunc =   481  E =    -231.17988  RMSG = 7.3253557e-03
 MIN: Iter =   26  NFunc =   494  E =    -231.17992  RMSG = 3.9892623e-03
 MIN: Iter =   27  NFunc =   510  E =    -231.17994  RMSG = 3.0056335e-03
 MIN: Iter =   28  NFunc =   543  E =    -231.17996  RMSG = 1.7415482e-03
 MIN: Iter =   29  NFunc =   561  E =    -231.17997  RMSG = 1.1467200e-03
 MIN: Iter =   30  NFunc =   573  E =    -231.17997  RMSG = 7.8118620e-04
 MIN: Iter =   31  NFunc =   590  E =    -231.17997  RMSG = 8.1762689e-04
 MIN: Iter =   32  NFunc =   606  E =    -231.17997  RMSG = 4.5028331e-04
----------------------------------------------------------------
 END:          :-)  E =    -231.17997  RMSG =   0.0004503

     bond:      1.049447317
    angle:     11.800207684
 dihedral:     14.971349582
    enb14:      7.902462345
    eel14:   -129.168050319
      enb:     -2.236509222
      eel:     87.390024708
      egb:   -222.888901943
    econs:      0.000000000
    esurf:      0.000000000
    Total:   -231.179969849
     frms:      0.000450283
====== rms.dat  ======================================================
#Frame      all_heavy
       1       0.3318
