====== tleap.out =====================================================
-I: Adding /home/case/amber24/dat/leap/prep to search path.
-I: Adding /home/case/amber24/dat/leap/lib to search path.
-I: Adding /home/case/amber24/dat/leap/parm to search path.
-I: Adding /home/case/amber24/dat/leap/cmd to search path.
-f: Source leap.in.

Welcome to LEaP!
(no leaprc in search path)
Sourcing: ./leap.in
Using Bondi radii
----- Source: /home/case/amber24/dat/leap/cmd/leaprc.gaff2
----- Source of /home/case/amber24/dat/leap/cmd/leaprc.gaff2 done
Log file: ./leap.log
Loading parameters: /home/case/amber24/dat/leap/parm/gaff2.dat
Reading title:
AMBER General Force Field for organic molecules (Version 2.2.20, March 2021)
Loading parameters: ./Y0E.frcmod
Reading force field modification type file (frcmod)
Reading title:
Remark line goes here
Loading Mol2 file: ./Y0E.mol2
Reading MOLECULE named Y0E
Checking Unit.
Building topology.
"order_residues" off: keep input residue order.
Building atom parameters.
Building bond parameters.
Building angle parameters.
Building proper torsion parameters.
Building improper torsion parameters.
 total 29 improper torsions applied
Building H-Bond parameters.
Incorporating Non-Bonded adjustments.
Not Marking per-residue atom chain types.
Marking per-residue atom chain types.
  (Residues lacking connect0/connect1 - 
   these don't have chain types marked:

	res	total affected

	Y0E	1
  )
 (no restraints)
	Quit

Exiting LEaP: Errors = 0; Warnings = 0; Notes = 0.
====== min.o =========================================================
Reading parm file (Y0E.parm7)
title:
Y0E                                                                             
no velocities were found
no velocities were found
	mm_options:  ntpr=5
	mm_options:  gb=1
	mm_options:  kappa=0.10395
	mm_options:  rgbmax=99.
	mm_options:  cut=99.0
	mm_options:  wcons=0.
     bond:      1.771770480
    angle:      1.745080831
 dihedral:     49.588754101
    enb14:     20.983590336
    eel14:     33.096547794
      enb:     -9.669006273
      eel:    -70.369703284
      egb:    -27.230323008
    econs:      0.000000000
    esurf:      0.000000000
    Total:     -0.083289023
     frms:      6.528131606
Starting TNCG minimisation
 MIN: Iter =    0  NFunc =     1  E =      -0.08329  RMSG = 6.5281316e+00
 MIN: Iter =    1  NFunc =     7  E =      -7.29653  RMSG = 2.0162095e+00
 MIN: Iter =    2  NFunc =    14  E =      -9.38191  RMSG = 9.9313470e-01
 MIN: Iter =    3  NFunc =    65  E =     -10.10713  RMSG = 8.6212253e-01
 MIN: Iter =    4  NFunc =    73  E =     -10.60356  RMSG = 7.2073578e-01
 MIN: Iter =    5  NFunc =    82  E =     -10.99991  RMSG = 6.7076956e-01
 MIN: Iter =    6  NFunc =    96  E =     -11.28963  RMSG = 4.6374569e-01
 MIN: Iter =    7  NFunc =   139  E =     -11.56739  RMSG = 6.2720912e-01
 MIN: Iter =    8  NFunc =   145  E =     -11.64831  RMSG = 2.1366181e-01
 MIN: Iter =    9  NFunc =   172  E =     -11.79535  RMSG = 4.0076077e-01
 MIN: Iter =   10  NFunc =   178  E =     -11.83603  RMSG = 1.3972006e-01
 MIN: Iter =   11  NFunc =   190  E =     -11.86930  RMSG = 1.2481877e-01
 MIN: Iter =   12  NFunc =   206  E =     -11.89148  RMSG = 8.9237602e-02
 MIN: Iter =   13  NFunc =   257  E =     -11.94178  RMSG = 2.1925630e-01
 MIN: Iter =   14  NFunc =   263  E =     -11.95194  RMSG = 5.9756898e-02
 MIN: Iter =   15  NFunc =   287  E =     -11.96192  RMSG = 4.0433469e-02
 MIN: Iter =   16  NFunc =   309  E =     -11.96476  RMSG = 2.0826869e-02
 MIN: Iter =   17  NFunc =   360  E =     -11.96977  RMSG = 6.4672294e-02
 MIN: Iter =   18  NFunc =   372  E =     -11.97281  RMSG = 3.3069438e-02
 MIN: Iter =   19  NFunc =   388  E =     -11.97521  RMSG = 2.6456572e-02
 MIN: Iter =   20  NFunc =   433  E =     -11.98004  RMSG = 6.8601186e-02
 MIN: Iter =   21  NFunc =   439  E =     -11.98132  RMSG = 2.2696859e-02
 MIN: Iter =   22  NFunc =   470  E =     -11.98334  RMSG = 2.4349334e-02
 MIN: Iter =   23  NFunc =   496  E =     -11.98443  RMSG = 1.3002894e-02
 MIN: Iter =   24  NFunc =   518  E =     -11.98487  RMSG = 8.5745426e-03
 MIN: Iter =   25  NFunc =   551  E =     -11.98509  RMSG = 5.0197335e-03
 MIN: Iter =   26  NFunc =   594  E =     -11.98514  RMSG = 2.2353749e-03
 MIN: Iter =   27  NFunc =   645  E =     -11.98517  RMSG = 1.4119586e-03
 MIN: Iter =   28  NFunc =   665  E =     -11.98518  RMSG = 7.9088560e-04
 MIN: Iter =   29  NFunc =   691  E =     -11.98518  RMSG = 5.3549078e-04
 MIN: Iter =   30  NFunc =   730  E =     -11.98518  RMSG = 4.7073308e-04
----------------------------------------------------------------
 END:          :-)  E =     -11.98518  RMSG =   0.0004707

     bond:      2.422574028
    angle:      3.387799969
 dihedral:     44.153973117
    enb14:     15.545303258
    eel14:     30.363384321
      enb:    -10.566029273
      eel:    -69.371256334
      egb:    -27.920930425
    econs:      0.000000000
    esurf:      0.000000000
    Total:    -11.985181339
     frms:      0.000470733
====== rms.dat  ======================================================
#Frame      all_heavy
       1       0.3636
