====== tleap.out =====================================================
-I: Adding /home/case/amber24/dat/leap/prep to search path.
-I: Adding /home/case/amber24/dat/leap/lib to search path.
-I: Adding /home/case/amber24/dat/leap/parm to search path.
-I: Adding /home/case/amber24/dat/leap/cmd to search path.
-f: Source leap.in.

Welcome to LEaP!
(no leaprc in search path)
Sourcing: ./leap.in
Using Bondi radii
----- Source: /home/case/amber24/dat/leap/cmd/leaprc.gaff2
----- Source of /home/case/amber24/dat/leap/cmd/leaprc.gaff2 done
Log file: ./leap.log
Loading parameters: /home/case/amber24/dat/leap/parm/gaff2.dat
Reading title:
AMBER General Force Field for organic molecules (Version 2.2.20, March 2021)
Loading parameters: ./Y25.frcmod
Reading force field modification type file (frcmod)
Reading title:
Remark line goes here
Loading Mol2 file: ./Y25.mol2
Reading MOLECULE named Y25
Checking Unit.
Building topology.
"order_residues" off: keep input residue order.
Building atom parameters.
Building bond parameters.
Building angle parameters.
Building proper torsion parameters.
Building improper torsion parameters.
 total 5 improper torsions applied
Building H-Bond parameters.
Incorporating Non-Bonded adjustments.
Not Marking per-residue atom chain types.
Marking per-residue atom chain types.
  (Residues lacking connect0/connect1 - 
   these don't have chain types marked:

	res	total affected

	Y25	1
  )
 (no restraints)
	Quit

Exiting LEaP: Errors = 0; Warnings = 0; Notes = 0.
====== min.o =========================================================
Reading parm file (Y25.parm7)
title:
Y25                                                                             
no velocities were found
no velocities were found
	mm_options:  ntpr=5
	mm_options:  gb=1
	mm_options:  kappa=0.10395
	mm_options:  rgbmax=99.
	mm_options:  cut=99.0
	mm_options:  wcons=0.
     bond:      0.821951899
    angle:      1.004120305
 dihedral:      0.000234240
    enb14:      4.338513388
    eel14:     43.894260372
      enb:     -0.336828183
      eel:    -25.966869245
      egb:    -12.003907103
    econs:      0.000000000
    esurf:      0.000000000
    Total:     11.751475674
     frms:     11.276875666
Starting TNCG minimisation
 MIN: Iter =    0  NFunc =     1  E =      11.75148  RMSG = 1.1276876e+01
 MIN: Iter =    1  NFunc =     7  E =       8.67645  RMSG = 1.2188422e+00
 MIN: Iter =    2  NFunc =    13  E =       8.62890  RMSG = 1.8607265e-01
 MIN: Iter =    3  NFunc =    19  E =       8.62703  RMSG = 4.3250784e-02
 MIN: Iter =    4  NFunc =    25  E =       8.62692  RMSG = 6.6506005e-03
 MIN: Iter =    5  NFunc =    33  E =       8.62691  RMSG = 2.0130235e-03
 MIN: Iter =    6  NFunc =    40  E =       8.62691  RMSG = 1.0879081e-03
 MIN: Iter =    7  NFunc =    46  E =       8.62691  RMSG = 9.2929685e-04
 MIN: Iter =    8  NFunc =    52  E =       8.62691  RMSG = 1.6771827e-04
----------------------------------------------------------------
 END:          :-)  E =       8.62691  RMSG =   0.0001677

     bond:      0.600202413
    angle:      0.283990184
 dihedral:      0.000000002
    enb14:      3.176886332
    eel14:     43.341559990
      enb:     -0.310511701
      eel:    -25.655266345
      egb:    -12.809947953
    econs:      0.000000000
    esurf:      0.000000000
    Total:      8.626912921
     frms:      0.000167718
====== rms.dat  ======================================================
#Frame      all_heavy
       1       0.0400
