====== tleap.out =====================================================
-I: Adding /home/case/amber24/dat/leap/prep to search path.
-I: Adding /home/case/amber24/dat/leap/lib to search path.
-I: Adding /home/case/amber24/dat/leap/parm to search path.
-I: Adding /home/case/amber24/dat/leap/cmd to search path.
-f: Source leap.in.

Welcome to LEaP!
(no leaprc in search path)
Sourcing: ./leap.in
Using Bondi radii
----- Source: /home/case/amber24/dat/leap/cmd/leaprc.gaff2
----- Source of /home/case/amber24/dat/leap/cmd/leaprc.gaff2 done
Log file: ./leap.log
Loading parameters: /home/case/amber24/dat/leap/parm/gaff2.dat
Reading title:
AMBER General Force Field for organic molecules (Version 2.2.20, March 2021)
Loading parameters: ./Y4O.frcmod
Reading force field modification type file (frcmod)
Reading title:
Remark line goes here
Loading Mol2 file: ./Y4O.mol2
Reading MOLECULE named Y4O
Checking Unit.
Building topology.
"order_residues" off: keep input residue order.
Building atom parameters.
Building bond parameters.
Building angle parameters.
Building proper torsion parameters.
Building improper torsion parameters.
 total 26 improper torsions applied
Building H-Bond parameters.
Incorporating Non-Bonded adjustments.
Not Marking per-residue atom chain types.
Marking per-residue atom chain types.
  (Residues lacking connect0/connect1 - 
   these don't have chain types marked:

	res	total affected

	Y4O	1
  )
 (no restraints)
	Quit

Exiting LEaP: Errors = 0; Warnings = 0; Notes = 0.
====== min.o =========================================================
Reading parm file (Y4O.parm7)
title:
Y4O                                                                             
no velocities were found
no velocities were found
	mm_options:  ntpr=5
	mm_options:  gb=1
	mm_options:  kappa=0.10395
	mm_options:  rgbmax=99.
	mm_options:  cut=99.0
	mm_options:  wcons=0.
     bond:      1.693240889
    angle:      3.940836121
 dihedral:     27.351426081
    enb14:     22.605542031
    eel14:   -142.488461155
      enb:      1.689893923
      eel:     39.791130341
      egb:    -32.309841114
    econs:      0.000000000
    esurf:      0.000000000
    Total:    -77.726232885
     frms:      6.680692924
Starting TNCG minimisation
 MIN: Iter =    0  NFunc =     1  E =     -77.72623  RMSG = 6.6806929e+00
 MIN: Iter =    1  NFunc =     7  E =     -84.57742  RMSG = 1.7575358e+00
 MIN: Iter =    2  NFunc =    23  E =     -87.52063  RMSG = 8.7751391e-01
 MIN: Iter =    3  NFunc =    45  E =     -88.30868  RMSG = 5.1920428e-01
 MIN: Iter =    4  NFunc =    82  E =     -88.84756  RMSG = 4.7733688e-01
 MIN: Iter =    5  NFunc =   100  E =     -89.09134  RMSG = 3.2585733e-01
 MIN: Iter =    6  NFunc =   109  E =     -89.14257  RMSG = 1.7356425e-01
 MIN: Iter =    7  NFunc =   122  E =     -89.17912  RMSG = 1.0813833e-01
 MIN: Iter =    8  NFunc =   173  E =     -89.31969  RMSG = 1.6369824e-01
 MIN: Iter =    9  NFunc =   198  E =     -89.41697  RMSG = 2.0424764e-01
 MIN: Iter =   10  NFunc =   218  E =     -89.49239  RMSG = 1.8488286e-01
 MIN: Iter =   11  NFunc =   238  E =     -89.54586  RMSG = 1.6800163e-01
 MIN: Iter =   12  NFunc =   260  E =     -89.59036  RMSG = 1.3250187e-01
 MIN: Iter =   13  NFunc =   311  E =     -89.70444  RMSG = 1.9037610e-01
 MIN: Iter =   14  NFunc =   318  E =     -89.73271  RMSG = 1.3317538e-01
 MIN: Iter =   15  NFunc =   350  E =     -89.81345  RMSG = 1.9508360e-01
 MIN: Iter =   16  NFunc =   369  E =     -89.87514  RMSG = 1.8131744e-01
 MIN: Iter =   17  NFunc =   383  E =     -89.90762  RMSG = 1.1937471e-01
 MIN: Iter =   18  NFunc =   399  E =     -89.93645  RMSG = 1.4021707e-01
 MIN: Iter =   19  NFunc =   421  E =     -89.96230  RMSG = 1.0892130e-01
 MIN: Iter =   20  NFunc =   460  E =     -90.00367  RMSG = 1.9924015e-01
 MIN: Iter =   21  NFunc =   466  E =     -90.01167  RMSG = 6.1768549e-02
 MIN: Iter =   22  NFunc =   517  E =     -90.02467  RMSG = 1.5190742e-01
 MIN: Iter =   23  NFunc =   523  E =     -90.02878  RMSG = 6.3417356e-02
 MIN: Iter =   24  NFunc =   552  E =     -90.03592  RMSG = 6.5679039e-02
 MIN: Iter =   25  NFunc =   603  E =     -90.04319  RMSG = 4.8052111e-02
 MIN: Iter =   26  NFunc =   623  E =     -90.04537  RMSG = 2.0746291e-02
 MIN: Iter =   27  NFunc =   675  E =     -90.05234  RMSG = 4.9432333e-02
 MIN: Iter =   28  NFunc =   685  E =     -90.05607  RMSG = 5.5193370e-02
 MIN: Iter =   29  NFunc =   711  E =     -90.06120  RMSG = 1.1367935e-01
 MIN: Iter =   30  NFunc =   718  E =     -90.06343  RMSG = 3.0961691e-02
 MIN: Iter =   31  NFunc =   770  E =     -90.06989  RMSG = 7.3255347e-02
 MIN: Iter =   32  NFunc =   784  E =     -90.07377  RMSG = 3.4983165e-02
 MIN: Iter =   33  NFunc =   836  E =     -90.08081  RMSG = 8.9032691e-02
 MIN: Iter =   34  NFunc =   843  E =     -90.08468  RMSG = 4.8387753e-02
 MIN: Iter =   35  NFunc =   858  E =     -90.08784  RMSG = 5.2688463e-02
 MIN: Iter =   36  NFunc =   869  E =     -90.08911  RMSG = 2.2539169e-02
 MIN: Iter =   37  NFunc =   921  E =     -90.09286  RMSG = 5.8390479e-02
 MIN: Iter =   38  NFunc =   945  E =     -90.09632  RMSG = 5.3837227e-02
 MIN: Iter =   39  NFunc =   965  E =     -90.09868  RMSG = 4.0206737e-02
 MIN: Iter =   40  NFunc =   980  E =     -90.10045  RMSG = 3.8883810e-02
 MIN: Iter =   41  NFunc =   988  E =     -90.10130  RMSG = 2.3559334e-02
 MIN: Iter =   42  NFunc =  1040  E =     -90.10409  RMSG = 5.5162270e-02
 MIN: Iter =   43  NFunc =  1047  E =     -90.10501  RMSG = 2.0630482e-02
 MIN: Iter =   44  NFunc =  1076  E =     -90.10735  RMSG = 5.5813897e-02
 MIN: Iter =   45  NFunc =  1082  E =     -90.10785  RMSG = 1.9503629e-02
 MIN: Iter =   46  NFunc =  1134  E =     -90.11108  RMSG = 4.9134111e-02
 MIN: Iter =   47  NFunc =  1154  E =     -90.11319  RMSG = 3.5703230e-02
 MIN: Iter =   48  NFunc =  1165  E =     -90.11412  RMSG = 2.0809008e-02
 MIN: Iter =   49  NFunc =  1176  E =     -90.11475  RMSG = 2.1462858e-02
 MIN: Iter =   50  NFunc =  1207  E =     -90.11579  RMSG = 1.7874465e-02
 MIN: Iter =   51  NFunc =  1258  E =     -90.11671  RMSG = 2.5804455e-02
 MIN: Iter =   52  NFunc =  1300  E =     -90.11794  RMSG = 5.4176680e-02
 MIN: Iter =   53  NFunc =  1306  E =     -90.11848  RMSG = 1.7157579e-02
 MIN: Iter =   54  NFunc =  1358  E =     -90.11921  RMSG = 1.6456808e-02
 MIN: Iter =   55  NFunc =  1386  E =     -90.12000  RMSG = 2.2410750e-02
 MIN: Iter =   56  NFunc =  1401  E =     -90.12053  RMSG = 1.4897304e-02
 MIN: Iter =   57  NFunc =  1423  E =     -90.12110  RMSG = 2.5793156e-02
 MIN: Iter =   58  NFunc =  1432  E =     -90.12130  RMSG = 9.8424151e-03
 MIN: Iter =   59  NFunc =  1483  E =     -90.12219  RMSG = 3.1690564e-02
 MIN: Iter =   60  NFunc =  1489  E =     -90.12240  RMSG = 1.1033620e-02
 MIN: Iter =   61  NFunc =  1522  E =     -90.12264  RMSG = 4.5594060e-03
 MIN: Iter =   62  NFunc =  1568  E =     -90.12281  RMSG = 4.4770079e-03
 MIN: Iter =   63  NFunc =  1619  E =     -90.12295  RMSG = 5.2505880e-03
 MIN: Iter =   64  NFunc =  1670  E =     -90.12304  RMSG = 3.2463923e-03
 MIN: Iter =   65  NFunc =  1685  E =     -90.12306  RMSG = 1.9652340e-03
 MIN: Iter =   66  NFunc =  1718  E =     -90.12308  RMSG = 1.7830459e-03
 MIN: Iter =   67  NFunc =  1769  E =     -90.12323  RMSG = 5.4028421e-03
 MIN: Iter =   68  NFunc =  1802  E =     -90.12330  RMSG = 2.8140069e-03
 MIN: Iter =   69  NFunc =  1853  E =     -90.12338  RMSG = 2.8267681e-03
 MIN: Iter =   70  NFunc =  1893  E =     -90.12343  RMSG = 2.2369964e-03
 MIN: Iter =   71  NFunc =  1920  E =     -90.12344  RMSG = 1.2234134e-03
 MIN: Iter =   72  NFunc =  1971  E =     -90.12345  RMSG = 1.2377762e-03
 MIN: Iter =   73  NFunc =  2022  E =     -90.12350  RMSG = 4.4020907e-03
 MIN: Iter =   74  NFunc =  2036  E =     -90.12351  RMSG = 2.3496194e-03
 MIN: Iter =   75  NFunc =  2064  E =     -90.12354  RMSG = 1.7560861e-03
 MIN: Iter =   76  NFunc =  2115  E =     -90.12358  RMSG = 3.2916682e-03
 MIN: Iter =   77  NFunc =  2123  E =     -90.12358  RMSG = 1.1836755e-03
 MIN: Iter =   78  NFunc =  2174  E =     -90.12360  RMSG = 1.5375865e-03
 MIN: Iter =   79  NFunc =  2225  E =     -90.12361  RMSG = 1.1076820e-03
 MIN: Iter =   80  NFunc =  2240  E =     -90.12362  RMSG = 8.3007617e-04
 MIN: Iter =   81  NFunc =  2262  E =     -90.12362  RMSG = 6.2835353e-04
 MIN: Iter =   82  NFunc =  2288  E =     -90.12362  RMSG = 4.1777489e-04
----------------------------------------------------------------
 END:          :-)  E =     -90.12362  RMSG =   0.0004178

     bond:      2.217009216
    angle:      5.454352363
 dihedral:     21.898339219
    enb14:     17.578615901
    eel14:   -141.423605528
      enb:     -1.859709567
      eel:     39.986119135
      egb:    -33.974741577
    econs:      0.000000000
    esurf:      0.000000000
    Total:    -90.123620840
     frms:      0.000417775
====== rms.dat  ======================================================
#Frame      all_heavy
       1       1.3578
