====== tleap.out =====================================================
-I: Adding /home/case/amber24/dat/leap/prep to search path.
-I: Adding /home/case/amber24/dat/leap/lib to search path.
-I: Adding /home/case/amber24/dat/leap/parm to search path.
-I: Adding /home/case/amber24/dat/leap/cmd to search path.
-f: Source leap.in.

Welcome to LEaP!
(no leaprc in search path)
Sourcing: ./leap.in
Using Bondi radii
----- Source: /home/case/amber24/dat/leap/cmd/leaprc.gaff2
----- Source of /home/case/amber24/dat/leap/cmd/leaprc.gaff2 done
Log file: ./leap.log
Loading parameters: /home/case/amber24/dat/leap/parm/gaff2.dat
Reading title:
AMBER General Force Field for organic molecules (Version 2.2.20, March 2021)
Loading parameters: ./Y99.frcmod
Reading force field modification type file (frcmod)
Reading title:
Remark line goes here
Loading Mol2 file: ./Y99.mol2
Reading MOLECULE named Y99
Checking Unit.
Building topology.
"order_residues" off: keep input residue order.
Building atom parameters.
Building bond parameters.
Building angle parameters.
Building proper torsion parameters.
Building improper torsion parameters.
 total 13 improper torsions applied
Building H-Bond parameters.
Incorporating Non-Bonded adjustments.
Not Marking per-residue atom chain types.
Marking per-residue atom chain types.
  (Residues lacking connect0/connect1 - 
   these don't have chain types marked:

	res	total affected

	Y99	1
  )
 (no restraints)
	Quit

Exiting LEaP: Errors = 0; Warnings = 0; Notes = 0.
====== min.o =========================================================
Reading parm file (Y99.parm7)
title:
Y99                                                                             
no velocities were found
no velocities were found
	mm_options:  ntpr=5
	mm_options:  gb=1
	mm_options:  kappa=0.10395
	mm_options:  rgbmax=99.
	mm_options:  cut=99.0
	mm_options:  wcons=0.
     bond:      3.366080434
    angle:      4.914524944
 dihedral:     36.768646922
    enb14:     17.879504918
    eel14:     62.146167453
      enb:      2.358713677
      eel:    -46.245147609
      egb:    -31.173887430
    econs:      0.000000000
    esurf:      0.000000000
    Total:     50.014603309
     frms:      9.185416939
Starting TNCG minimisation
 MIN: Iter =    0  NFunc =     1  E =      50.01460  RMSG = 9.1854169e+00
 MIN: Iter =    1  NFunc =     7  E =      39.39198  RMSG = 2.3903490e+00
 MIN: Iter =    2  NFunc =    19  E =      37.67103  RMSG = 2.4636264e+00
 MIN: Iter =    3  NFunc =    25  E =      36.69999  RMSG = 8.4326596e-01
 MIN: Iter =    4  NFunc =    35  E =      36.16511  RMSG = 4.8964656e-01
 MIN: Iter =    5  NFunc =    86  E =      35.87244  RMSG = 8.8250337e-01
 MIN: Iter =    6  NFunc =    93  E =      35.57821  RMSG = 1.0053355e+00
 MIN: Iter =    7  NFunc =    99  E =      35.19764  RMSG = 8.7339212e-01
 MIN: Iter =    8  NFunc =   105  E =      34.89521  RMSG = 7.4579907e-01
 MIN: Iter =    9  NFunc =   136  E =      34.53034  RMSG = 7.6820469e-01
 MIN: Iter =   10  NFunc =   148  E =      34.39398  RMSG = 2.4191809e-01
 MIN: Iter =   11  NFunc =   164  E =      34.31574  RMSG = 3.0379108e-01
 MIN: Iter =   12  NFunc =   184  E =      34.24280  RMSG = 3.3576981e-01
 MIN: Iter =   13  NFunc =   197  E =      34.21734  RMSG = 1.0335190e-01
 MIN: Iter =   14  NFunc =   248  E =      34.13900  RMSG = 3.1161354e-01
 MIN: Iter =   15  NFunc =   260  E =      34.11219  RMSG = 1.0127411e-01
 MIN: Iter =   16  NFunc =   281  E =      34.08432  RMSG = 1.6712901e-01
 MIN: Iter =   17  NFunc =   310  E =      34.06543  RMSG = 7.3985603e-02
 MIN: Iter =   18  NFunc =   361  E =      34.02851  RMSG = 2.8032721e-01
 MIN: Iter =   19  NFunc =   376  E =      33.98234  RMSG = 2.0279623e-01
 MIN: Iter =   20  NFunc =   417  E =      33.91892  RMSG = 2.8075411e-01
 MIN: Iter =   21  NFunc =   438  E =      33.84941  RMSG = 2.9702309e-01
 MIN: Iter =   22  NFunc =   450  E =      33.78105  RMSG = 2.7433553e-01
 MIN: Iter =   23  NFunc =   460  E =      33.72474  RMSG = 2.6972924e-01
 MIN: Iter =   24  NFunc =   466  E =      33.68182  RMSG = 2.1705426e-01
 MIN: Iter =   25  NFunc =   474  E =      33.64337  RMSG = 2.1264921e-01
 MIN: Iter =   26  NFunc =   481  E =      33.61333  RMSG = 2.2250106e-01
 MIN: Iter =   27  NFunc =   492  E =      33.58031  RMSG = 1.8964307e-01
 MIN: Iter =   28  NFunc =   506  E =      33.54950  RMSG = 1.1660099e-01
 MIN: Iter =   29  NFunc =   540  E =      33.50178  RMSG = 3.0368493e-01
 MIN: Iter =   30  NFunc =   554  E =      33.45476  RMSG = 1.6173162e-01
 MIN: Iter =   31  NFunc =   563  E =      33.42926  RMSG = 2.0965022e-01
 MIN: Iter =   32  NFunc =   614  E =      33.36377  RMSG = 5.0709704e-01
 MIN: Iter =   33  NFunc =   620  E =      33.32288  RMSG = 1.9495634e-01
 MIN: Iter =   34  NFunc =   654  E =      33.25943  RMSG = 3.9507869e-01
 MIN: Iter =   35  NFunc =   662  E =      33.19491  RMSG = 1.6954788e-01
 MIN: Iter =   36  NFunc =   695  E =      33.11429  RMSG = 3.7749521e-01
 MIN: Iter =   37  NFunc =   701  E =      33.06411  RMSG = 2.1220132e-01
 MIN: Iter =   38  NFunc =   733  E =      32.98621  RMSG = 3.4501035e-01
 MIN: Iter =   39  NFunc =   741  E =      32.95009  RMSG = 1.2880350e-01
 MIN: Iter =   40  NFunc =   772  E =      32.90750  RMSG = 4.0882336e-01
 MIN: Iter =   41  NFunc =   778  E =      32.88052  RMSG = 1.3943555e-01
 MIN: Iter =   42  NFunc =   797  E =      32.86074  RMSG = 2.4186095e-01
 MIN: Iter =   43  NFunc =   803  E =      32.85109  RMSG = 8.6597546e-02
 MIN: Iter =   44  NFunc =   818  E =      32.84091  RMSG = 9.3370252e-02
 MIN: Iter =   45  NFunc =   869  E =      32.81235  RMSG = 3.1647901e-01
 MIN: Iter =   46  NFunc =   875  E =      32.79747  RMSG = 1.1973682e-01
 MIN: Iter =   47  NFunc =   897  E =      32.78542  RMSG = 1.0069827e-01
 MIN: Iter =   48  NFunc =   948  E =      32.76989  RMSG = 1.1045818e-01
 MIN: Iter =   49  NFunc =  1000  E =      32.75723  RMSG = 1.1164904e-01
 MIN: Iter =   50  NFunc =  1030  E =      32.74503  RMSG = 1.2143760e-01
 MIN: Iter =   51  NFunc =  1050  E =      32.72922  RMSG = 2.6433780e-01
 MIN: Iter =   52  NFunc =  1057  E =      32.71513  RMSG = 8.0852637e-02
 MIN: Iter =   53  NFunc =  1078  E =      32.70323  RMSG = 1.0972609e-01
 MIN: Iter =   54  NFunc =  1084  E =      32.69489  RMSG = 1.1972394e-01
 MIN: Iter =   55  NFunc =  1093  E =      32.68756  RMSG = 1.0013913e-01
 MIN: Iter =   56  NFunc =  1103  E =      32.68237  RMSG = 6.7993669e-02
 MIN: Iter =   57  NFunc =  1140  E =      32.66521  RMSG = 2.8130634e-01
 MIN: Iter =   58  NFunc =  1146  E =      32.65541  RMSG = 9.1144228e-02
 MIN: Iter =   59  NFunc =  1172  E =      32.64939  RMSG = 7.0933489e-02
 MIN: Iter =   60  NFunc =  1186  E =      32.64517  RMSG = 1.5227096e-01
 MIN: Iter =   61  NFunc =  1194  E =      32.64130  RMSG = 3.5006990e-02
 MIN: Iter =   62  NFunc =  1246  E =      32.62838  RMSG = 7.1305760e-02
 MIN: Iter =   63  NFunc =  1272  E =      32.60905  RMSG = 1.3975333e-01
 MIN: Iter =   64  NFunc =  1278  E =      32.60444  RMSG = 6.6659994e-02
 MIN: Iter =   65  NFunc =  1303  E =      32.59173  RMSG = 1.2559669e-01
 MIN: Iter =   66  NFunc =  1320  E =      32.57530  RMSG = 1.4937901e-01
 MIN: Iter =   67  NFunc =  1344  E =      32.55197  RMSG = 2.6743907e-01
 MIN: Iter =   68  NFunc =  1356  E =      32.51296  RMSG = 4.0172439e-01
 MIN: Iter =   69  NFunc =  1366  E =      32.45036  RMSG = 5.9123692e-01
 MIN: Iter =   70  NFunc =  1376  E =      32.33538  RMSG = 8.0952558e-01
 MIN: Iter =   71  NFunc =  1386  E =      32.15128  RMSG = 9.6411767e-01
 MIN: Iter =   72  NFunc =  1396  E =      31.86933  RMSG = 1.1193159e+00
 MIN: Iter =   73  NFunc =  1407  E =      31.45973  RMSG = 1.1795848e+00
 MIN: Iter =   74  NFunc =  1413  E =      30.95349  RMSG = 1.0678713e+00
 MIN: Iter =   75  NFunc =  1419  E =      30.48418  RMSG = 8.1622808e-01
 MIN: Iter =   76  NFunc =  1428  E =      30.18305  RMSG = 4.7814762e-01
 MIN: Iter =   77  NFunc =  1448  E =      29.88975  RMSG = 4.2356353e-01
 MIN: Iter =   78  NFunc =  1461  E =      29.75822  RMSG = 2.4157603e-01
 MIN: Iter =   79  NFunc =  1493  E =      29.63396  RMSG = 2.0811510e-01
 MIN: Iter =   80  NFunc =  1511  E =      29.58253  RMSG = 1.4252595e-01
 MIN: Iter =   81  NFunc =  1562  E =      29.53563  RMSG = 1.9153425e-01
 MIN: Iter =   82  NFunc =  1574  E =      29.51971  RMSG = 8.6917134e-02
 MIN: Iter =   83  NFunc =  1608  E =      29.50024  RMSG = 1.7444403e-01
 MIN: Iter =   84  NFunc =  1615  E =      29.49441  RMSG = 5.9371275e-02
 MIN: Iter =   85  NFunc =  1666  E =      29.46763  RMSG = 1.3795622e-01
 MIN: Iter =   86  NFunc =  1672  E =      29.46359  RMSG = 5.4718951e-02
 MIN: Iter =   87  NFunc =  1723  E =      29.45197  RMSG = 8.2931060e-02
 MIN: Iter =   88  NFunc =  1729  E =      29.45089  RMSG = 2.6469698e-02
 MIN: Iter =   89  NFunc =  1760  E =      29.44894  RMSG = 2.2148602e-02
 MIN: Iter =   90  NFunc =  1811  E =      29.44671  RMSG = 3.0394324e-02
 MIN: Iter =   91  NFunc =  1822  E =      29.44645  RMSG = 9.2538767e-03
 MIN: Iter =   92  NFunc =  1871  E =      29.44531  RMSG = 3.8232562e-02
 MIN: Iter =   93  NFunc =  1877  E =      29.44513  RMSG = 1.3486044e-02
 MIN: Iter =   94  NFunc =  1915  E =      29.44490  RMSG = 5.5514657e-03
 MIN: Iter =   95  NFunc =  1936  E =      29.44486  RMSG = 2.9427396e-03
 MIN: Iter =   96  NFunc =  1973  E =      29.44478  RMSG = 3.5560282e-03
 MIN: Iter =   97  NFunc =  2000  E =      29.44476  RMSG = 1.6774282e-03
 MIN: Iter =   98  NFunc =  2051  E =      29.44474  RMSG = 2.4656836e-03
 MIN: Iter =   99  NFunc =  2075  E =      29.44473  RMSG = 1.5086765e-03
 MIN: Iter =  100  NFunc =  2110  E =      29.44473  RMSG = 8.1980887e-04
----------------------------------------------------------------
 END:          :-)  E =      29.44473  RMSG =   0.0008198

     bond:      2.170764630
    angle:      3.708857797
 dihedral:     34.515969357
    enb14:     11.856974442
    eel14:     58.799102256
      enb:     -4.408691373
      eel:    -46.166934969
      egb:    -31.031316250
    econs:      0.000000000
    esurf:      0.000000000
    Total:     29.444725891
     frms:      0.000819809
====== rms.dat  ======================================================
#Frame      all_heavy
       1       2.5484
