====== tleap.out =====================================================
-I: Adding /home/case/amber24/dat/leap/prep to search path.
-I: Adding /home/case/amber24/dat/leap/lib to search path.
-I: Adding /home/case/amber24/dat/leap/parm to search path.
-I: Adding /home/case/amber24/dat/leap/cmd to search path.
-f: Source leap.in.

Welcome to LEaP!
(no leaprc in search path)
Sourcing: ./leap.in
Using Bondi radii
----- Source: /home/case/amber24/dat/leap/cmd/leaprc.gaff2
----- Source of /home/case/amber24/dat/leap/cmd/leaprc.gaff2 done
Log file: ./leap.log
Loading parameters: /home/case/amber24/dat/leap/parm/gaff2.dat
Reading title:
AMBER General Force Field for organic molecules (Version 2.2.20, March 2021)
Loading parameters: ./YCP.frcmod
Reading force field modification type file (frcmod)
Reading title:
Remark line goes here
Loading Mol2 file: ./YCP.mol2
Reading MOLECULE named YCP
Checking Unit.

/home/case/amber24/bin/teLeap: Warning!
The unperturbed charge of the unit (-0.999000) is not zero.

/home/case/amber24/bin/teLeap: Note.
Ignoring the warning from Unit Checking.

Building topology.
"order_residues" off: keep input residue order.
Building atom parameters.
Building bond parameters.
Building angle parameters.
Building proper torsion parameters.
Building improper torsion parameters.
 total 1 improper torsion applied
Building H-Bond parameters.
Incorporating Non-Bonded adjustments.
Not Marking per-residue atom chain types.
Marking per-residue atom chain types.
  (Residues lacking connect0/connect1 - 
   these don't have chain types marked:

	res	total affected

	YCP	1
  )
 (no restraints)
	Quit

Exiting LEaP: Errors = 0; Warnings = 1; Notes = 1.
====== min.o =========================================================
Reading parm file (YCP.parm7)
title:
YCP                                                                             
no velocities were found
no velocities were found
	mm_options:  ntpr=5
	mm_options:  gb=1
	mm_options:  kappa=0.10395
	mm_options:  rgbmax=99.
	mm_options:  cut=99.0
	mm_options:  wcons=0.
     bond:      1.304208132
    angle:      3.310591018
 dihedral:     31.369522680
    enb14:      6.389947339
    eel14:    136.948867632
      enb:      0.311954381
      eel:    -68.972609187
      egb:    -79.411382679
    econs:      0.000000000
    esurf:      0.000000000
    Total:     31.251099316
     frms:      9.359573577
Starting TNCG minimisation
 MIN: Iter =    0  NFunc =     1  E =      31.25110  RMSG = 9.3595736e+00
 MIN: Iter =    1  NFunc =     7  E =      25.29197  RMSG = 3.0667904e+00
 MIN: Iter =    2  NFunc =    15  E =      24.18303  RMSG = 1.5713070e+00
 MIN: Iter =    3  NFunc =    28  E =      23.69458  RMSG = 4.4963421e+00
 MIN: Iter =    4  NFunc =    34  E =      23.17088  RMSG = 6.8239220e-01
 MIN: Iter =    5  NFunc =    42  E =      22.93434  RMSG = 1.5229138e+00
 MIN: Iter =    6  NFunc =    48  E =      22.72430  RMSG = 1.1955417e+00
 MIN: Iter =    7  NFunc =    55  E =      22.52918  RMSG = 1.5318361e+00
 MIN: Iter =    8  NFunc =    61  E =      22.39243  RMSG = 6.6942995e-01
 MIN: Iter =    9  NFunc =    67  E =      22.31848  RMSG = 1.3210212e+00
 MIN: Iter =   10  NFunc =    74  E =      22.24605  RMSG = 2.9443908e-01
 MIN: Iter =   11  NFunc =    93  E =      22.14540  RMSG = 1.5473616e+00
 MIN: Iter =   12  NFunc =    99  E =      22.07188  RMSG = 3.0356491e-01
 MIN: Iter =   13  NFunc =   110  E =      22.02887  RMSG = 4.7297423e-01
 MIN: Iter =   14  NFunc =   119  E =      22.00598  RMSG = 1.7976330e-01
 MIN: Iter =   15  NFunc =   125  E =      21.99966  RMSG = 1.1760757e-01
 MIN: Iter =   16  NFunc =   137  E =      21.99641  RMSG = 5.9782931e-02
 MIN: Iter =   17  NFunc =   146  E =      21.99546  RMSG = 3.4516149e-02
 MIN: Iter =   18  NFunc =   159  E =      21.99485  RMSG = 1.6613543e-02
 MIN: Iter =   19  NFunc =   185  E =      21.99359  RMSG = 6.7274379e-02
 MIN: Iter =   20  NFunc =   199  E =      21.99112  RMSG = 2.4233010e-01
 MIN: Iter =   21  NFunc =   212  E =      21.98524  RMSG = 3.7922735e-01
 MIN: Iter =   22  NFunc =   228  E =      21.96804  RMSG = 6.6610792e-01
 MIN: Iter =   23  NFunc =   235  E =      21.92803  RMSG = 5.9067706e-01
 MIN: Iter =   24  NFunc =   255  E =      21.85207  RMSG = 1.7553903e+00
 MIN: Iter =   25  NFunc =   262  E =      21.63057  RMSG = 8.1754903e-01
 MIN: Iter =   26  NFunc =   269  E =      21.48471  RMSG = 1.6339035e+00
 MIN: Iter =   27  NFunc =   277  E =      21.27977  RMSG = 4.6387330e-01
 MIN: Iter =   28  NFunc =   283  E =      21.23195  RMSG = 8.1907687e-01
 MIN: Iter =   29  NFunc =   289  E =      21.19379  RMSG = 2.2101798e-01
 MIN: Iter =   30  NFunc =   295  E =      21.18626  RMSG = 1.1542242e-01
 MIN: Iter =   31  NFunc =   301  E =      21.18506  RMSG = 3.5757207e-02
 MIN: Iter =   32  NFunc =   307  E =      21.18493  RMSG = 1.2319751e-02
 MIN: Iter =   33  NFunc =   313  E =      21.18491  RMSG = 5.5416584e-03
 MIN: Iter =   34  NFunc =   324  E =      21.18489  RMSG = 3.5560543e-03
 MIN: Iter =   35  NFunc =   333  E =      21.18489  RMSG = 1.6286999e-03
 MIN: Iter =   36  NFunc =   344  E =      21.18488  RMSG = 9.8619054e-04
 MIN: Iter =   37  NFunc =   363  E =      21.18488  RMSG = 9.0638430e-04
 MIN: Iter =   38  NFunc =   380  E =      21.18488  RMSG = 2.8787865e-04
----------------------------------------------------------------
 END:          :-)  E =      21.18488  RMSG =   0.0002879

     bond:      2.081839499
    angle:      5.952377551
 dihedral:     27.312454587
    enb14:      3.704808430
    eel14:    131.498748470
      enb:     -1.095127599
      eel:    -66.713625207
      egb:    -81.556592289
    econs:      0.000000000
    esurf:      0.000000000
    Total:     21.184883442
     frms:      0.000287879
====== rms.dat  ======================================================
#Frame      all_heavy
       1       0.6494
