====== tleap.out =====================================================
-I: Adding /home/case/amber24/dat/leap/prep to search path.
-I: Adding /home/case/amber24/dat/leap/lib to search path.
-I: Adding /home/case/amber24/dat/leap/parm to search path.
-I: Adding /home/case/amber24/dat/leap/cmd to search path.
-f: Source leap.in.

Welcome to LEaP!
(no leaprc in search path)
Sourcing: ./leap.in
Using Bondi radii
----- Source: /home/case/amber24/dat/leap/cmd/leaprc.gaff2
----- Source of /home/case/amber24/dat/leap/cmd/leaprc.gaff2 done
Log file: ./leap.log
Loading parameters: /home/case/amber24/dat/leap/parm/gaff2.dat
Reading title:
AMBER General Force Field for organic molecules (Version 2.2.20, March 2021)
Loading parameters: ./YEX.frcmod
Reading force field modification type file (frcmod)
Reading title:
Remark line goes here
Loading Mol2 file: ./YEX.mol2
Reading MOLECULE named YEX
Checking Unit.
Building topology.
"order_residues" off: keep input residue order.
Building atom parameters.
Building bond parameters.
Building angle parameters.
Building proper torsion parameters.
Building improper torsion parameters.
 total 17 improper torsions applied
Building H-Bond parameters.
Incorporating Non-Bonded adjustments.
Not Marking per-residue atom chain types.
Marking per-residue atom chain types.
  (Residues lacking connect0/connect1 - 
   these don't have chain types marked:

	res	total affected

	YEX	1
  )
 (no restraints)
	Quit

Exiting LEaP: Errors = 0; Warnings = 0; Notes = 0.
====== min.o =========================================================
Reading parm file (YEX.parm7)
title:
YEX                                                                             
no velocities were found
no velocities were found
	mm_options:  ntpr=5
	mm_options:  gb=1
	mm_options:  kappa=0.10395
	mm_options:  rgbmax=99.
	mm_options:  cut=99.0
	mm_options:  wcons=0.
     bond:      1.889659482
    angle:     33.970773830
 dihedral:      8.882664921
    enb14:      6.958496982
    eel14:    -54.672369634
      enb:      1.349720077
      eel:     19.594054907
      egb:    -21.455542459
    econs:      0.000000000
    esurf:      0.000000000
    Total:     -3.482541895
     frms:      9.537280775
Starting TNCG minimisation
 MIN: Iter =    0  NFunc =     1  E =      -3.48254  RMSG = 9.5372808e+00
 MIN: Iter =    1  NFunc =     7  E =     -10.13147  RMSG = 2.5375394e+00
 MIN: Iter =    2  NFunc =    14  E =     -11.02465  RMSG = 9.9155209e-01
 MIN: Iter =    3  NFunc =    21  E =     -11.26162  RMSG = 4.6042725e-01
 MIN: Iter =    4  NFunc =    28  E =     -11.31138  RMSG = 2.6924784e-01
 MIN: Iter =    5  NFunc =    43  E =     -11.35619  RMSG = 1.1534362e-01
 MIN: Iter =    6  NFunc =    49  E =     -11.35795  RMSG = 3.7571493e-02
 MIN: Iter =    7  NFunc =    69  E =     -11.36001  RMSG = 2.6584464e-02
 MIN: Iter =    8  NFunc =    82  E =     -11.36040  RMSG = 1.3094279e-02
 MIN: Iter =    9  NFunc =    93  E =     -11.36047  RMSG = 6.2149014e-03
 MIN: Iter =   10  NFunc =   116  E =     -11.36054  RMSG = 4.8335951e-03
 MIN: Iter =   11  NFunc =   126  E =     -11.36055  RMSG = 2.9239100e-03
 MIN: Iter =   12  NFunc =   136  E =     -11.36056  RMSG = 2.4738261e-03
 MIN: Iter =   13  NFunc =   142  E =     -11.36056  RMSG = 1.0565354e-03
 MIN: Iter =   14  NFunc =   168  E =     -11.36056  RMSG = 4.1683144e-04
----------------------------------------------------------------
 END:          :-)  E =     -11.36056  RMSG =   0.0004168

     bond:      1.437557462
    angle:     32.000864169
 dihedral:      8.860000090
    enb14:      4.988681209
    eel14:    -55.363055254
      enb:     -0.870551870
      eel:     19.829504527
      egb:    -22.243559889
    econs:      0.000000000
    esurf:      0.000000000
    Total:    -11.360559555
     frms:      0.000416831
====== rms.dat  ======================================================
#Frame      all_heavy
       1       0.0693
