====== tleap.out =====================================================
-I: Adding /home/case/amber24/dat/leap/prep to search path.
-I: Adding /home/case/amber24/dat/leap/lib to search path.
-I: Adding /home/case/amber24/dat/leap/parm to search path.
-I: Adding /home/case/amber24/dat/leap/cmd to search path.
-f: Source leap.in.

Welcome to LEaP!
(no leaprc in search path)
Sourcing: ./leap.in
Using Bondi radii
----- Source: /home/case/amber24/dat/leap/cmd/leaprc.gaff2
----- Source of /home/case/amber24/dat/leap/cmd/leaprc.gaff2 done
Log file: ./leap.log
Loading parameters: /home/case/amber24/dat/leap/parm/gaff2.dat
Reading title:
AMBER General Force Field for organic molecules (Version 2.2.20, March 2021)
Loading parameters: ./YHL.frcmod
Reading force field modification type file (frcmod)
Reading title:
Remark line goes here
Loading Mol2 file: ./YHL.mol2
Reading MOLECULE named YHL
Checking Unit.
Building topology.
"order_residues" off: keep input residue order.
Building atom parameters.
Building bond parameters.
Building angle parameters.
Building proper torsion parameters.
Building improper torsion parameters.
 total 7 improper torsions applied
Building H-Bond parameters.
Incorporating Non-Bonded adjustments.
Not Marking per-residue atom chain types.
Marking per-residue atom chain types.
  (Residues lacking connect0/connect1 - 
   these don't have chain types marked:

	res	total affected

	YHL	1
  )
 (no restraints)
	Quit

Exiting LEaP: Errors = 0; Warnings = 0; Notes = 0.
====== min.o =========================================================
Reading parm file (YHL.parm7)
title:
YHL                                                                             
no velocities were found
no velocities were found
	mm_options:  ntpr=5
	mm_options:  gb=1
	mm_options:  kappa=0.10395
	mm_options:  rgbmax=99.
	mm_options:  cut=99.0
	mm_options:  wcons=0.
     bond:      1.951949153
    angle:      7.573119928
 dihedral:     40.532086519
    enb14:     15.898347217
    eel14:    -53.453316302
      enb:     -2.311682807
      eel:      9.547465393
      egb:    -13.412270600
    econs:      0.000000000
    esurf:      0.000000000
    Total:      6.325698501
     frms:      8.925007796
Starting TNCG minimisation
 MIN: Iter =    0  NFunc =     1  E =       6.32570  RMSG = 8.9250078e+00
 MIN: Iter =    1  NFunc =     8  E =      -2.63217  RMSG = 1.9937976e+00
 MIN: Iter =    2  NFunc =    15  E =      -4.38369  RMSG = 9.8379804e-01
 MIN: Iter =    3  NFunc =    27  E =      -5.09469  RMSG = 5.8884488e-01
 MIN: Iter =    4  NFunc =    38  E =      -5.26627  RMSG = 2.2255553e-01
 MIN: Iter =    5  NFunc =    45  E =      -5.28312  RMSG = 1.1736332e-01
 MIN: Iter =    6  NFunc =    87  E =      -5.33210  RMSG = 2.1109362e-01
 MIN: Iter =    7  NFunc =    93  E =      -5.33665  RMSG = 5.9651081e-02
 MIN: Iter =    8  NFunc =   107  E =      -5.34173  RMSG = 4.0959571e-02
 MIN: Iter =    9  NFunc =   121  E =      -5.34356  RMSG = 2.2789991e-02
 MIN: Iter =   10  NFunc =   168  E =      -5.34808  RMSG = 3.5761841e-02
 MIN: Iter =   11  NFunc =   184  E =      -5.34877  RMSG = 1.0698239e-02
 MIN: Iter =   12  NFunc =   201  E =      -5.34897  RMSG = 5.8281624e-03
 MIN: Iter =   13  NFunc =   211  E =      -5.34899  RMSG = 3.8220317e-03
 MIN: Iter =   14  NFunc =   247  E =      -5.34904  RMSG = 1.8641549e-03
 MIN: Iter =   15  NFunc =   269  E =      -5.34905  RMSG = 1.3271139e-03
 MIN: Iter =   16  NFunc =   279  E =      -5.34905  RMSG = 9.6256834e-04
 MIN: Iter =   17  NFunc =   287  E =      -5.34905  RMSG = 7.9247775e-04
 MIN: Iter =   18  NFunc =   309  E =      -5.34905  RMSG = 3.6037652e-04
----------------------------------------------------------------
 END:          :-)  E =      -5.34905  RMSG =   0.0003604

     bond:      1.626707022
    angle:      5.839572672
 dihedral:     39.376032965
    enb14:     10.348822842
    eel14:    -54.506721747
      enb:     -4.014266185
      eel:     10.333231288
      egb:    -14.352430951
    econs:      0.000000000
    esurf:      0.000000000
    Total:     -5.349052094
     frms:      0.000360377
====== rms.dat  ======================================================
#Frame      all_heavy
       1       0.1146
