====== tleap.out =====================================================
-I: Adding /home/case/amber24/dat/leap/prep to search path.
-I: Adding /home/case/amber24/dat/leap/lib to search path.
-I: Adding /home/case/amber24/dat/leap/parm to search path.
-I: Adding /home/case/amber24/dat/leap/cmd to search path.
-f: Source leap.in.

Welcome to LEaP!
(no leaprc in search path)
Sourcing: ./leap.in
Using Bondi radii
----- Source: /home/case/amber24/dat/leap/cmd/leaprc.gaff2
----- Source of /home/case/amber24/dat/leap/cmd/leaprc.gaff2 done
Log file: ./leap.log
Loading parameters: /home/case/amber24/dat/leap/parm/gaff2.dat
Reading title:
AMBER General Force Field for organic molecules (Version 2.2.20, March 2021)
Loading parameters: ./YNL.frcmod
Reading force field modification type file (frcmod)
Reading title:
Remark line goes here
Loading Mol2 file: ./YNL.mol2
Reading MOLECULE named YNL
Checking Unit.
Building topology.
"order_residues" off: keep input residue order.
Building atom parameters.
Building bond parameters.
Building angle parameters.
Building proper torsion parameters.
Building improper torsion parameters.
 total 15 improper torsions applied
Building H-Bond parameters.
Incorporating Non-Bonded adjustments.
Not Marking per-residue atom chain types.
Marking per-residue atom chain types.
  (Residues lacking connect0/connect1 - 
   these don't have chain types marked:

	res	total affected

	YNL	1
  )
 (no restraints)
	Quit

Exiting LEaP: Errors = 0; Warnings = 0; Notes = 0.
====== min.o =========================================================
Reading parm file (YNL.parm7)
title:
YNL                                                                             
no velocities were found
no velocities were found
	mm_options:  ntpr=5
	mm_options:  gb=1
	mm_options:  kappa=0.10395
	mm_options:  rgbmax=99.
	mm_options:  cut=99.0
	mm_options:  wcons=0.
     bond:      1.543132962
    angle:      2.176605759
 dihedral:     48.892103374
    enb14:     15.014669105
    eel14:     51.538401949
      enb:     -3.183596609
      eel:    -38.557951443
      egb:    -17.035902220
    econs:      0.000000000
    esurf:      0.000000000
    Total:     60.387462877
     frms:      7.811438484
Starting TNCG minimisation
 MIN: Iter =    0  NFunc =     1  E =      60.38746  RMSG = 7.8114385e+00
 MIN: Iter =    1  NFunc =     7  E =      51.98819  RMSG = 2.7199625e+00
 MIN: Iter =    2  NFunc =    15  E =      50.06157  RMSG = 1.4205913e+00
 MIN: Iter =    3  NFunc =    31  E =      49.38279  RMSG = 1.6832218e+00
 MIN: Iter =    4  NFunc =    41  E =      49.08925  RMSG = 4.9475826e-01
 MIN: Iter =    5  NFunc =    92  E =      48.82278  RMSG = 7.2154294e-01
 MIN: Iter =    6  NFunc =   100  E =      48.64059  RMSG = 6.6426534e-01
 MIN: Iter =    7  NFunc =   106  E =      48.49425  RMSG = 4.8205724e-01
 MIN: Iter =    8  NFunc =   112  E =      48.40500  RMSG = 3.7466956e-01
 MIN: Iter =    9  NFunc =   119  E =      48.35575  RMSG = 2.1067123e-01
 MIN: Iter =   10  NFunc =   132  E =      48.31826  RMSG = 1.0757463e-01
 MIN: Iter =   11  NFunc =   146  E =      48.30606  RMSG = 7.4423479e-02
 MIN: Iter =   12  NFunc =   195  E =      48.27595  RMSG = 1.8079152e-01
 MIN: Iter =   13  NFunc =   201  E =      48.27293  RMSG = 3.8225479e-02
 MIN: Iter =   14  NFunc =   224  E =      48.27081  RMSG = 2.1437362e-02
 MIN: Iter =   15  NFunc =   251  E =      48.26961  RMSG = 1.1785998e-02
 MIN: Iter =   16  NFunc =   260  E =      48.26956  RMSG = 5.2485871e-03
 MIN: Iter =   17  NFunc =   274  E =      48.26953  RMSG = 3.8019508e-03
 MIN: Iter =   18  NFunc =   294  E =      48.26952  RMSG = 2.4850638e-03
 MIN: Iter =   19  NFunc =   339  E =      48.26950  RMSG = 1.0793397e-03
 MIN: Iter =   20  NFunc =   357  E =      48.26950  RMSG = 5.6468030e-04
 MIN: Iter =   21  NFunc =   363  E =      48.26950  RMSG = 2.7835069e-04
----------------------------------------------------------------
 END:          :-)  E =      48.26950  RMSG =   0.0002784

     bond:      1.791227675
    angle:      1.497854605
 dihedral:     46.189139661
    enb14:      9.980925822
    eel14:     48.764018175
      enb:     -3.936739493
      eel:    -38.373066269
      egb:    -17.643860649
    econs:      0.000000000
    esurf:      0.000000000
    Total:     48.269499527
     frms:      0.000278351
====== rms.dat  ======================================================
#Frame      all_heavy
       1       0.2569
