====== tleap.out =====================================================
-I: Adding /home/case/amber24/dat/leap/prep to search path.
-I: Adding /home/case/amber24/dat/leap/lib to search path.
-I: Adding /home/case/amber24/dat/leap/parm to search path.
-I: Adding /home/case/amber24/dat/leap/cmd to search path.
-f: Source leap.in.

Welcome to LEaP!
(no leaprc in search path)
Sourcing: ./leap.in
Using Bondi radii
----- Source: /home/case/amber24/dat/leap/cmd/leaprc.gaff2
----- Source of /home/case/amber24/dat/leap/cmd/leaprc.gaff2 done
Log file: ./leap.log
Loading parameters: /home/case/amber24/dat/leap/parm/gaff2.dat
Reading title:
AMBER General Force Field for organic molecules (Version 2.2.20, March 2021)
Loading parameters: ./YOT.frcmod
Reading force field modification type file (frcmod)
Reading title:
Remark line goes here
Loading Mol2 file: ./YOT.mol2
Reading MOLECULE named YOT
Checking Unit.
Building topology.
"order_residues" off: keep input residue order.
Building atom parameters.
Building bond parameters.
Building angle parameters.
Building proper torsion parameters.
Building improper torsion parameters.
 total 19 improper torsions applied
Building H-Bond parameters.
Incorporating Non-Bonded adjustments.
Not Marking per-residue atom chain types.
Marking per-residue atom chain types.
  (Residues lacking connect0/connect1 - 
   these don't have chain types marked:

	res	total affected

	YOT	1
  )
 (no restraints)
	Quit

Exiting LEaP: Errors = 0; Warnings = 0; Notes = 0.
====== min.o =========================================================
Reading parm file (YOT.parm7)
title:
YOT                                                                             
no velocities were found
no velocities were found
	mm_options:  ntpr=5
	mm_options:  gb=1
	mm_options:  kappa=0.10395
	mm_options:  rgbmax=99.
	mm_options:  cut=99.0
	mm_options:  wcons=0.
     bond:      2.909707649
    angle:     33.292073365
 dihedral:     60.584827508
    enb14:     11.054848392
    eel14:   -132.212364117
      enb:      1.387904408
      eel:     -9.899801457
      egb:    -30.597801316
    econs:      0.000000000
    esurf:      0.000000000
    Total:    -63.480605568
     frms:     11.689965575
Starting TNCG minimisation
 MIN: Iter =    0  NFunc =     1  E =     -63.48061  RMSG = 1.1689966e+01
 MIN: Iter =    1  NFunc =     7  E =     -73.87558  RMSG = 2.3315069e+00
 MIN: Iter =    2  NFunc =    18  E =     -77.66900  RMSG = 1.4351159e+00
 MIN: Iter =    3  NFunc =    24  E =     -78.82674  RMSG = 7.4672810e-01
 MIN: Iter =    4  NFunc =    58  E =     -79.55342  RMSG = 6.8423139e-01
 MIN: Iter =    5  NFunc =    75  E =     -79.90475  RMSG = 5.8790686e-01
 MIN: Iter =    6  NFunc =    81  E =     -79.96695  RMSG = 1.9024720e-01
 MIN: Iter =    7  NFunc =    98  E =     -80.00460  RMSG = 1.4685726e-01
 MIN: Iter =    8  NFunc =   133  E =     -80.10752  RMSG = 6.9479597e-01
 MIN: Iter =    9  NFunc =   139  E =     -80.15622  RMSG = 1.7018432e-01
 MIN: Iter =   10  NFunc =   187  E =     -80.21341  RMSG = 5.6472904e-01
 MIN: Iter =   11  NFunc =   193  E =     -80.25223  RMSG = 1.5513733e-01
 MIN: Iter =   12  NFunc =   237  E =     -80.30779  RMSG = 3.3421725e-01
 MIN: Iter =   13  NFunc =   243  E =     -80.32653  RMSG = 1.2093050e-01
 MIN: Iter =   14  NFunc =   272  E =     -80.39819  RMSG = 4.1524156e-01
 MIN: Iter =   15  NFunc =   279  E =     -80.42684  RMSG = 1.3941040e-01
 MIN: Iter =   16  NFunc =   312  E =     -80.52303  RMSG = 3.6542086e-01
 MIN: Iter =   17  NFunc =   318  E =     -80.54255  RMSG = 1.4092460e-01
 MIN: Iter =   18  NFunc =   360  E =     -80.65181  RMSG = 3.7340769e-01
 MIN: Iter =   19  NFunc =   366  E =     -80.67364  RMSG = 1.2332083e-01
 MIN: Iter =   20  NFunc =   402  E =     -80.76745  RMSG = 3.7372791e-01
 MIN: Iter =   21  NFunc =   408  E =     -80.82359  RMSG = 2.1469400e-01
 MIN: Iter =   22  NFunc =   421  E =     -80.87097  RMSG = 3.8186998e-01
 MIN: Iter =   23  NFunc =   429  E =     -80.89952  RMSG = 1.2993967e-01
 MIN: Iter =   24  NFunc =   436  E =     -80.91070  RMSG = 1.2855308e-01
 MIN: Iter =   25  NFunc =   443  E =     -80.91428  RMSG = 5.7066468e-02
 MIN: Iter =   26  NFunc =   476  E =     -80.92953  RMSG = 5.0882588e-02
 MIN: Iter =   27  NFunc =   489  E =     -80.93086  RMSG = 2.0417777e-02
 MIN: Iter =   28  NFunc =   527  E =     -80.93262  RMSG = 2.0282895e-02
 MIN: Iter =   29  NFunc =   557  E =     -80.93326  RMSG = 1.1322960e-02
 MIN: Iter =   30  NFunc =   576  E =     -80.93336  RMSG = 4.7858260e-03
 MIN: Iter =   31  NFunc =   608  E =     -80.93360  RMSG = 5.8601425e-03
 MIN: Iter =   32  NFunc =   622  E =     -80.93363  RMSG = 3.7659459e-03
 MIN: Iter =   33  NFunc =   651  E =     -80.93366  RMSG = 2.3280587e-03
 MIN: Iter =   34  NFunc =   669  E =     -80.93367  RMSG = 1.1241022e-03
 MIN: Iter =   35  NFunc =   705  E =     -80.93368  RMSG = 9.8207372e-04
 MIN: Iter =   36  NFunc =   739  E =     -80.93368  RMSG = 6.5789099e-04
 MIN: Iter =   37  NFunc =   771  E =     -80.93368  RMSG = 3.6799181e-04
----------------------------------------------------------------
 END:          :-)  E =     -80.93368  RMSG =   0.0003680

     bond:      3.240177693
    angle:     27.538737930
 dihedral:     59.425022616
    enb14:      7.735662031
    eel14:   -135.698425730
      enb:     -4.397052131
      eel:     -5.177879267
      egb:    -33.599923955
    econs:      0.000000000
    esurf:      0.000000000
    Total:    -80.933680814
     frms:      0.000367992
====== rms.dat  ======================================================
#Frame      all_heavy
       1       0.4894
