====== tleap.out =====================================================
-I: Adding /home/case/amber24/dat/leap/prep to search path.
-I: Adding /home/case/amber24/dat/leap/lib to search path.
-I: Adding /home/case/amber24/dat/leap/parm to search path.
-I: Adding /home/case/amber24/dat/leap/cmd to search path.
-f: Source leap.in.

Welcome to LEaP!
(no leaprc in search path)
Sourcing: ./leap.in
Using Bondi radii
----- Source: /home/case/amber24/dat/leap/cmd/leaprc.gaff2
----- Source of /home/case/amber24/dat/leap/cmd/leaprc.gaff2 done
Log file: ./leap.log
Loading parameters: /home/case/amber24/dat/leap/parm/gaff2.dat
Reading title:
AMBER General Force Field for organic molecules (Version 2.2.20, March 2021)
Loading parameters: ./YS2.frcmod
Reading force field modification type file (frcmod)
Reading title:
Remark line goes here
Loading Mol2 file: ./YS2.mol2
Reading MOLECULE named YS2
Checking Unit.
Building topology.
"order_residues" off: keep input residue order.
Building atom parameters.
Building bond parameters.
Building angle parameters.
Building proper torsion parameters.
Building improper torsion parameters.
 total 6 improper torsions applied
Building H-Bond parameters.
Incorporating Non-Bonded adjustments.
Not Marking per-residue atom chain types.
Marking per-residue atom chain types.
  (Residues lacking connect0/connect1 - 
   these don't have chain types marked:

	res	total affected

	YS2	1
  )
 (no restraints)
	Quit

Exiting LEaP: Errors = 0; Warnings = 0; Notes = 0.
====== min.o =========================================================
Reading parm file (YS2.parm7)
title:
YS2                                                                             
no velocities were found
no velocities were found
	mm_options:  ntpr=5
	mm_options:  gb=1
	mm_options:  kappa=0.10395
	mm_options:  rgbmax=99.
	mm_options:  cut=99.0
	mm_options:  wcons=0.
     bond:      1.261291326
    angle:     14.006621334
 dihedral:      9.394859042
    enb14:     30.566844800
    eel14:    -12.206308761
      enb:      3.634585983
      eel:     -8.628340517
      egb:    -18.434180639
    econs:      0.000000000
    esurf:      0.000000000
    Total:     19.595372567
     frms:      9.721377510
Starting TNCG minimisation
 MIN: Iter =    0  NFunc =     1  E =      19.59537  RMSG = 9.7213775e+00
 MIN: Iter =    1  NFunc =     7  E =       5.42204  RMSG = 2.8167591e+00
 MIN: Iter =    2  NFunc =    17  E =       1.76251  RMSG = 1.1100886e+00
 MIN: Iter =    3  NFunc =    28  E =       0.87123  RMSG = 6.4088101e-01
 MIN: Iter =    4  NFunc =    50  E =       0.31678  RMSG = 5.8548220e-01
 MIN: Iter =    5  NFunc =    99  E =      -0.00150  RMSG = 4.0140506e-01
 MIN: Iter =    6  NFunc =   125  E =      -0.14691  RMSG = 2.1076988e-01
 MIN: Iter =    7  NFunc =   138  E =      -0.18153  RMSG = 1.3122416e-01
 MIN: Iter =    8  NFunc =   187  E =      -0.23641  RMSG = 3.3407629e-01
 MIN: Iter =    9  NFunc =   194  E =      -0.25508  RMSG = 7.2194140e-02
 MIN: Iter =   10  NFunc =   216  E =      -0.27056  RMSG = 1.3257044e-01
 MIN: Iter =   11  NFunc =   223  E =      -0.27362  RMSG = 3.3566645e-02
 MIN: Iter =   12  NFunc =   241  E =      -0.27551  RMSG = 2.4377129e-02
 MIN: Iter =   13  NFunc =   290  E =      -0.27797  RMSG = 1.9935677e-02
 MIN: Iter =   14  NFunc =   341  E =      -0.27896  RMSG = 1.3363270e-02
 MIN: Iter =   15  NFunc =   392  E =      -0.28019  RMSG = 2.2450791e-02
 MIN: Iter =   16  NFunc =   415  E =      -0.28057  RMSG = 6.8061285e-03
 MIN: Iter =   17  NFunc =   424  E =      -0.28063  RMSG = 4.9846810e-03
 MIN: Iter =   18  NFunc =   471  E =      -0.28083  RMSG = 5.0782924e-03
 MIN: Iter =   19  NFunc =   477  E =      -0.28084  RMSG = 2.2003056e-03
 MIN: Iter =   20  NFunc =   491  E =      -0.28085  RMSG = 1.3412145e-03
 MIN: Iter =   21  NFunc =   542  E =      -0.28086  RMSG = 1.2840919e-03
 MIN: Iter =   22  NFunc =   560  E =      -0.28087  RMSG = 6.7974749e-04
 MIN: Iter =   23  NFunc =   575  E =      -0.28087  RMSG = 4.0837699e-04
----------------------------------------------------------------
 END:          :-)  E =      -0.28087  RMSG =   0.0004084

     bond:      4.899405003
    angle:     11.738549851
 dihedral:      9.038195122
    enb14:     17.052146349
    eel14:    -12.361215721
      enb:     -1.793012483
      eel:     -8.956563517
      egb:    -19.898371059
    econs:      0.000000000
    esurf:      0.000000000
    Total:     -0.280866454
     frms:      0.000408377
====== rms.dat  ======================================================
#Frame      all_heavy
       1       0.2788
