====== tleap.out =====================================================
-I: Adding /home/case/amber24/dat/leap/prep to search path.
-I: Adding /home/case/amber24/dat/leap/lib to search path.
-I: Adding /home/case/amber24/dat/leap/parm to search path.
-I: Adding /home/case/amber24/dat/leap/cmd to search path.
-f: Source leap.in.

Welcome to LEaP!
(no leaprc in search path)
Sourcing: ./leap.in
Using Bondi radii
----- Source: /home/case/amber24/dat/leap/cmd/leaprc.gaff2
----- Source of /home/case/amber24/dat/leap/cmd/leaprc.gaff2 done
Log file: ./leap.log
Loading parameters: /home/case/amber24/dat/leap/parm/gaff2.dat
Reading title:
AMBER General Force Field for organic molecules (Version 2.2.20, March 2021)
Loading parameters: ./YTW.frcmod
Reading force field modification type file (frcmod)
Reading title:
Remark line goes here
Loading Mol2 file: ./YTW.mol2
Reading MOLECULE named YTW
Checking Unit.
Building topology.
"order_residues" off: keep input residue order.
Building atom parameters.
Building bond parameters.
Building angle parameters.
Building proper torsion parameters.
Building improper torsion parameters.
 total 0 improper torsions applied
Building H-Bond parameters.
Incorporating Non-Bonded adjustments.
Not Marking per-residue atom chain types.
Marking per-residue atom chain types.
  (Residues lacking connect0/connect1 - 
   these don't have chain types marked:

	res	total affected

	YTW	1
  )
 (no restraints)
	Quit

Exiting LEaP: Errors = 0; Warnings = 0; Notes = 0.
====== min.o =========================================================
Reading parm file (YTW.parm7)
title:
YTW                                                                             
no velocities were found
no velocities were found
	mm_options:  ntpr=5
	mm_options:  gb=1
	mm_options:  kappa=0.10395
	mm_options:  rgbmax=99.
	mm_options:  cut=99.0
	mm_options:  wcons=0.
     bond:      2.409272320
    angle:     10.604584470
 dihedral:     29.467474745
    enb14:      7.837151953
    eel14:      8.389955024
      enb:     -1.671624414
      eel:    -83.943299448
      egb:    -31.879516321
    econs:      0.000000000
    esurf:      0.000000000
    Total:    -58.786001670
     frms:     11.610094661
Starting TNCG minimisation
 MIN: Iter =    0  NFunc =     1  E =     -58.78600  RMSG = 1.1610095e+01
 MIN: Iter =    1  NFunc =     9  E =     -71.26034  RMSG = 5.3904885e+00
 MIN: Iter =    2  NFunc =    15  E =     -73.84712  RMSG = 1.2251252e+00
 MIN: Iter =    3  NFunc =    22  E =     -74.10429  RMSG = 4.9877881e-01
 MIN: Iter =    4  NFunc =    34  E =     -74.27773  RMSG = 1.7095087e+00
 MIN: Iter =    5  NFunc =    40  E =     -74.35863  RMSG = 2.8529654e-01
 MIN: Iter =    6  NFunc =    57  E =     -74.39112  RMSG = 3.4369133e-01
 MIN: Iter =    7  NFunc =    63  E =     -74.40414  RMSG = 2.5231538e-01
 MIN: Iter =    8  NFunc =    69  E =     -74.40930  RMSG = 8.5454752e-02
 MIN: Iter =    9  NFunc =    83  E =     -74.41420  RMSG = 9.3409499e-02
 MIN: Iter =   10  NFunc =    90  E =     -74.41517  RMSG = 3.2952997e-02
 MIN: Iter =   11  NFunc =   108  E =     -74.41598  RMSG = 1.4517440e-02
 MIN: Iter =   12  NFunc =   122  E =     -74.41608  RMSG = 5.1172608e-03
 MIN: Iter =   13  NFunc =   130  E =     -74.41609  RMSG = 1.9127089e-03
 MIN: Iter =   14  NFunc =   140  E =     -74.41609  RMSG = 1.0909135e-03
 MIN: Iter =   15  NFunc =   149  E =     -74.41609  RMSG = 4.8108748e-04
----------------------------------------------------------------
 END:          :-)  E =     -74.41609  RMSG =   0.0004811

     bond:      2.408248125
    angle:      6.592464467
 dihedral:     31.018720606
    enb14:      4.274325282
    eel14:      2.563279143
      enb:     -2.341692110
      eel:    -85.007290046
      egb:    -33.924149377
    econs:      0.000000000
    esurf:      0.000000000
    Total:    -74.416093910
     frms:      0.000481087
====== rms.dat  ======================================================
#Frame      all_heavy
       1       0.0892
