====== tleap.out =====================================================
-I: Adding /home/case/amber24/dat/leap/prep to search path.
-I: Adding /home/case/amber24/dat/leap/lib to search path.
-I: Adding /home/case/amber24/dat/leap/parm to search path.
-I: Adding /home/case/amber24/dat/leap/cmd to search path.
-f: Source leap.in.

Welcome to LEaP!
(no leaprc in search path)
Sourcing: ./leap.in
Using Bondi radii
----- Source: /home/case/amber24/dat/leap/cmd/leaprc.gaff2
----- Source of /home/case/amber24/dat/leap/cmd/leaprc.gaff2 done
Log file: ./leap.log
Loading parameters: /home/case/amber24/dat/leap/parm/gaff2.dat
Reading title:
AMBER General Force Field for organic molecules (Version 2.2.20, March 2021)
Loading parameters: ./YW4.frcmod
Reading force field modification type file (frcmod)
Reading title:
Remark line goes here
Loading Mol2 file: ./YW4.mol2
Reading MOLECULE named YW4
Checking Unit.
Building topology.
"order_residues" off: keep input residue order.
Building atom parameters.
Building bond parameters.
Building angle parameters.
Building proper torsion parameters.
Building improper torsion parameters.
 total 24 improper torsions applied
Building H-Bond parameters.
Incorporating Non-Bonded adjustments.
Not Marking per-residue atom chain types.
Marking per-residue atom chain types.
  (Residues lacking connect0/connect1 - 
   these don't have chain types marked:

	res	total affected

	YW4	1
  )
 (no restraints)
	Quit

Exiting LEaP: Errors = 0; Warnings = 0; Notes = 0.
====== min.o =========================================================
Reading parm file (YW4.parm7)
title:
YW4                                                                             
no velocities were found
no velocities were found
	mm_options:  ntpr=5
	mm_options:  gb=1
	mm_options:  kappa=0.10395
	mm_options:  rgbmax=99.
	mm_options:  cut=99.0
	mm_options:  wcons=0.
     bond:      2.820860328
    angle:     34.267876715
 dihedral:     18.564014670
    enb14:     13.505642810
    eel14:    -65.525198410
      enb:     -5.451917593
      eel:     -8.537542102
      egb:    -26.006383796
    econs:      0.000000000
    esurf:      0.000000000
    Total:    -36.362647380
     frms:      9.278176684
Starting TNCG minimisation
 MIN: Iter =    0  NFunc =     1  E =     -36.36265  RMSG = 9.2781767e+00
 MIN: Iter =    1  NFunc =     7  E =     -47.07034  RMSG = 2.1694614e+00
 MIN: Iter =    2  NFunc =    14  E =     -48.68389  RMSG = 8.8027605e-01
 MIN: Iter =    3  NFunc =    28  E =     -49.51169  RMSG = 7.3001070e-01
 MIN: Iter =    4  NFunc =    58  E =     -50.01664  RMSG = 8.3262863e-01
 MIN: Iter =    5  NFunc =    64  E =     -50.12956  RMSG = 3.0166389e-01
 MIN: Iter =    6  NFunc =    89  E =     -50.29492  RMSG = 3.2756932e-01
 MIN: Iter =    7  NFunc =    98  E =     -50.34152  RMSG = 1.5289049e-01
 MIN: Iter =    8  NFunc =   114  E =     -50.37934  RMSG = 9.7666679e-02
 MIN: Iter =    9  NFunc =   166  E =     -50.43764  RMSG = 1.7601773e-01
 MIN: Iter =   10  NFunc =   182  E =     -50.48350  RMSG = 3.4329505e-01
 MIN: Iter =   11  NFunc =   188  E =     -50.51259  RMSG = 1.7669865e-01
 MIN: Iter =   12  NFunc =   217  E =     -50.54694  RMSG = 4.3603374e-01
 MIN: Iter =   13  NFunc =   223  E =     -50.58906  RMSG = 1.4282265e-01
 MIN: Iter =   14  NFunc =   244  E =     -50.61763  RMSG = 3.6744517e-01
 MIN: Iter =   15  NFunc =   250  E =     -50.65694  RMSG = 1.2837527e-01
 MIN: Iter =   16  NFunc =   279  E =     -50.68804  RMSG = 3.0797706e-01
 MIN: Iter =   17  NFunc =   285  E =     -50.72105  RMSG = 1.3060076e-01
 MIN: Iter =   18  NFunc =   305  E =     -50.75594  RMSG = 2.9382551e-01
 MIN: Iter =   19  NFunc =   311  E =     -50.79549  RMSG = 1.8099990e-01
 MIN: Iter =   20  NFunc =   341  E =     -50.84132  RMSG = 3.0623810e-01
 MIN: Iter =   21  NFunc =   347  E =     -50.88108  RMSG = 1.9367514e-01
 MIN: Iter =   22  NFunc =   370  E =     -50.94966  RMSG = 4.2234804e-01
 MIN: Iter =   23  NFunc =   378  E =     -51.01113  RMSG = 1.6232011e-01
 MIN: Iter =   24  NFunc =   386  E =     -51.03622  RMSG = 1.9551940e-01
 MIN: Iter =   25  NFunc =   397  E =     -51.06835  RMSG = 1.0794726e-01
 MIN: Iter =   26  NFunc =   444  E =     -51.15002  RMSG = 4.7611211e-01
 MIN: Iter =   27  NFunc =   450  E =     -51.19182  RMSG = 1.3024006e-01
 MIN: Iter =   28  NFunc =   474  E =     -51.22286  RMSG = 3.2811750e-01
 MIN: Iter =   29  NFunc =   480  E =     -51.24632  RMSG = 8.5906659e-02
 MIN: Iter =   30  NFunc =   500  E =     -51.25968  RMSG = 2.0797385e-01
 MIN: Iter =   31  NFunc =   506  E =     -51.26907  RMSG = 5.2077168e-02
 MIN: Iter =   32  NFunc =   557  E =     -51.28231  RMSG = 1.6560100e-01
 MIN: Iter =   33  NFunc =   563  E =     -51.28892  RMSG = 5.3317006e-02
 MIN: Iter =   34  NFunc =   599  E =     -51.29891  RMSG = 4.8449609e-02
 MIN: Iter =   35  NFunc =   610  E =     -51.30076  RMSG = 2.4657912e-02
 MIN: Iter =   36  NFunc =   661  E =     -51.30502  RMSG = 3.1253793e-02
 MIN: Iter =   37  NFunc =   712  E =     -51.30867  RMSG = 3.3560235e-02
 MIN: Iter =   38  NFunc =   725  E =     -51.30940  RMSG = 1.6348709e-02
 MIN: Iter =   39  NFunc =   763  E =     -51.31083  RMSG = 1.6093933e-02
 MIN: Iter =   40  NFunc =   783  E =     -51.31109  RMSG = 7.7300181e-03
 MIN: Iter =   41  NFunc =   830  E =     -51.31152  RMSG = 5.6938331e-03
 MIN: Iter =   42  NFunc =   853  E =     -51.31158  RMSG = 2.9218607e-03
 MIN: Iter =   43  NFunc =   904  E =     -51.31162  RMSG = 2.4113363e-03
 MIN: Iter =   44  NFunc =   951  E =     -51.31167  RMSG = 1.7557107e-03
 MIN: Iter =   45  NFunc =   966  E =     -51.31167  RMSG = 7.8265845e-04
 MIN: Iter =   46  NFunc =  1017  E =     -51.31168  RMSG = 1.6746617e-03
 MIN: Iter =   47  NFunc =  1029  E =     -51.31168  RMSG = 1.1548523e-03
 MIN: Iter =   48  NFunc =  1055  E =     -51.31169  RMSG = 7.0768267e-04
 MIN: Iter =   49  NFunc =  1078  E =     -51.31169  RMSG = 3.6291401e-04
----------------------------------------------------------------
 END:          :-)  E =     -51.31169  RMSG =   0.0003629

     bond:      2.204452560
    angle:     28.108857679
 dihedral:     15.057769371
    enb14:     10.112569286
    eel14:    -66.942969007
      enb:     -5.513888591
      eel:     -8.192591296
      egb:    -26.145887416
    econs:      0.000000000
    esurf:      0.000000000
    Total:    -51.311687415
     frms:      0.000362914
====== rms.dat  ======================================================
#Frame      all_heavy
       1       0.4645
