====== tleap.out =====================================================
-I: Adding /home/case/amber24/dat/leap/prep to search path.
-I: Adding /home/case/amber24/dat/leap/lib to search path.
-I: Adding /home/case/amber24/dat/leap/parm to search path.
-I: Adding /home/case/amber24/dat/leap/cmd to search path.
-f: Source leap.in.

Welcome to LEaP!
(no leaprc in search path)
Sourcing: ./leap.in
Using Bondi radii
----- Source: /home/case/amber24/dat/leap/cmd/leaprc.gaff2
----- Source of /home/case/amber24/dat/leap/cmd/leaprc.gaff2 done
Log file: ./leap.log
Loading parameters: /home/case/amber24/dat/leap/parm/gaff2.dat
Reading title:
AMBER General Force Field for organic molecules (Version 2.2.20, March 2021)
Loading parameters: ./623.frcmod
Reading force field modification type file (frcmod)
Reading title:
Remark line goes here
Loading Mol2 file: ./623.mol2
Reading MOLECULE named 623
Checking Unit.

/home/case/amber24/bin/teLeap: Warning!
The unperturbed charge of the unit (1.000001) is not zero.

/home/case/amber24/bin/teLeap: Note.
Ignoring the warning from Unit Checking.

Building topology.
"order_residues" off: keep input residue order.
Building atom parameters.
Building bond parameters.
Building angle parameters.
Building proper torsion parameters.
Building improper torsion parameters.
 total 22 improper torsions applied
Building H-Bond parameters.
Incorporating Non-Bonded adjustments.
Not Marking per-residue atom chain types.
Marking per-residue atom chain types.
  (Residues lacking connect0/connect1 - 
   these don't have chain types marked:

	res	total affected

	623	1
  )
 (no restraints)
	Quit

Exiting LEaP: Errors = 0; Warnings = 1; Notes = 1.
====== min.o =========================================================
Reading parm file (623.parm7)
title:
623                                                                             
no velocities were found
no velocities were found
	mm_options:  ntpr=5
	mm_options:  gb=1
	mm_options:  kappa=0.10395
	mm_options:  rgbmax=99.
	mm_options:  cut=99.0
	mm_options:  wcons=0.
     bond:      6.027138286
    angle:      8.639055377
 dihedral:     19.209456275
    enb14:     18.479052099
    eel14:   -210.622250548
      enb:     -1.917901357
      eel:     41.110213301
      egb:    -69.005383215
    econs:      0.000000000
    esurf:      0.000000000
    Total:   -188.080619782
     frms:     16.350559184
Starting TNCG minimisation
 MIN: Iter =    0  NFunc =     1  E =    -188.08062  RMSG = 1.6350559e+01
 MIN: Iter =    1  NFunc =     7  E =    -204.53618  RMSG = 3.5907063e+00
 MIN: Iter =    2  NFunc =    14  E =    -208.13505  RMSG = 1.9487562e+00
 MIN: Iter =    3  NFunc =    26  E =    -209.05652  RMSG = 8.5806580e-01
 MIN: Iter =    4  NFunc =    39  E =    -209.35739  RMSG = 1.8409442e+00
 MIN: Iter =    5  NFunc =    45  E =    -209.52471  RMSG = 3.1296323e-01
 MIN: Iter =    6  NFunc =    57  E =    -209.60145  RMSG = 3.2079659e-01
 MIN: Iter =    7  NFunc =    89  E =    -209.68962  RMSG = 1.8185611e-01
 MIN: Iter =    8  NFunc =    95  E =    -209.69546  RMSG = 8.4254308e-02
 MIN: Iter =    9  NFunc =   141  E =    -209.71219  RMSG = 1.2101342e-01
 MIN: Iter =   10  NFunc =   147  E =    -209.71413  RMSG = 3.9597309e-02
 MIN: Iter =   11  NFunc =   199  E =    -209.72055  RMSG = 9.5059852e-02
 MIN: Iter =   12  NFunc =   205  E =    -209.72591  RMSG = 1.8162107e-01
 MIN: Iter =   13  NFunc =   211  E =    -209.73171  RMSG = 7.3971183e-02
 MIN: Iter =   14  NFunc =   226  E =    -209.73692  RMSG = 1.1680905e-01
 MIN: Iter =   15  NFunc =   233  E =    -209.74181  RMSG = 7.0742822e-02
 MIN: Iter =   16  NFunc =   241  E =    -209.74473  RMSG = 1.0951121e-01
 MIN: Iter =   17  NFunc =   248  E =    -209.74695  RMSG = 4.2249842e-02
 MIN: Iter =   18  NFunc =   254  E =    -209.74791  RMSG = 5.7842231e-02
 MIN: Iter =   19  NFunc =   305  E =    -209.75504  RMSG = 1.7410117e-01
 MIN: Iter =   20  NFunc =   311  E =    -209.75884  RMSG = 6.0449335e-02
 MIN: Iter =   21  NFunc =   338  E =    -209.76807  RMSG = 8.4030509e-02
 MIN: Iter =   22  NFunc =   362  E =    -209.78908  RMSG = 3.9314036e-01
 MIN: Iter =   23  NFunc =   368  E =    -209.80791  RMSG = 8.7110991e-02
 MIN: Iter =   24  NFunc =   407  E =    -209.85296  RMSG = 3.2363945e-01
 MIN: Iter =   25  NFunc =   413  E =    -209.86811  RMSG = 9.4382352e-02
 MIN: Iter =   26  NFunc =   464  E =    -209.92901  RMSG = 2.7602543e-01
 MIN: Iter =   27  NFunc =   470  E =    -209.94172  RMSG = 8.3437883e-02
 MIN: Iter =   28  NFunc =   522  E =    -209.96028  RMSG = 1.1371028e-01
 MIN: Iter =   29  NFunc =   573  E =    -210.02584  RMSG = 3.1354129e-01
 MIN: Iter =   30  NFunc =   579  E =    -210.06502  RMSG = 2.1602060e-01
 MIN: Iter =   31  NFunc =   600  E =    -210.11295  RMSG = 4.0959864e-01
 MIN: Iter =   32  NFunc =   607  E =    -210.14105  RMSG = 1.5573147e-01
 MIN: Iter =   33  NFunc =   622  E =    -210.16962  RMSG = 3.4795030e-01
 MIN: Iter =   34  NFunc =   629  E =    -210.18771  RMSG = 1.0228517e-01
 MIN: Iter =   35  NFunc =   635  E =    -210.19535  RMSG = 1.1474473e-01
 MIN: Iter =   36  NFunc =   671  E =    -210.21247  RMSG = 1.5491079e-01
 MIN: Iter =   37  NFunc =   677  E =    -210.21532  RMSG = 4.9784944e-02
 MIN: Iter =   38  NFunc =   691  E =    -210.21878  RMSG = 3.5946794e-02
 MIN: Iter =   39  NFunc =   703  E =    -210.21987  RMSG = 2.4754658e-02
 MIN: Iter =   40  NFunc =   738  E =    -210.22247  RMSG = 3.1288172e-02
 MIN: Iter =   41  NFunc =   774  E =    -210.22397  RMSG = 3.4761432e-02
 MIN: Iter =   42  NFunc =   793  E =    -210.22463  RMSG = 1.3963271e-02
 MIN: Iter =   43  NFunc =   799  E =    -210.22467  RMSG = 6.1562006e-03
 MIN: Iter =   44  NFunc =   840  E =    -210.22491  RMSG = 6.2548061e-03
 MIN: Iter =   45  NFunc =   883  E =    -210.22524  RMSG = 6.1110639e-03
 MIN: Iter =   46  NFunc =   926  E =    -210.22536  RMSG = 2.9498466e-03
 MIN: Iter =   47  NFunc =   975  E =    -210.22549  RMSG = 4.6927375e-03
 MIN: Iter =   48  NFunc =  1012  E =    -210.22552  RMSG = 1.9273859e-03
 MIN: Iter =   49  NFunc =  1027  E =    -210.22553  RMSG = 6.9720225e-04
 MIN: Iter =   50  NFunc =  1068  E =    -210.22553  RMSG = 6.4114190e-04
 MIN: Iter =   51  NFunc =  1108  E =    -210.22553  RMSG = 4.3521310e-04
----------------------------------------------------------------
 END:          :-)  E =    -210.22553  RMSG =   0.0004352

     bond:      2.508396702
    angle:      6.175975342
 dihedral:     19.072606447
    enb14:     12.022637735
    eel14:   -227.636461423
      enb:     -3.325766833
      eel:     50.540116380
      egb:    -69.583036029
    econs:      0.000000000
    esurf:      0.000000000
    Total:   -210.225531679
     frms:      0.000435213
====== rms.dat  ======================================================
#Frame      all_heavy
       1       0.5499
