====== tleap.out =====================================================
-I: Adding /home/case/amber24/dat/leap/prep to search path.
-I: Adding /home/case/amber24/dat/leap/lib to search path.
-I: Adding /home/case/amber24/dat/leap/parm to search path.
-I: Adding /home/case/amber24/dat/leap/cmd to search path.
-f: Source leap.in.

Welcome to LEaP!
(no leaprc in search path)
Sourcing: ./leap.in
Using Bondi radii
----- Source: /home/case/amber24/dat/leap/cmd/leaprc.gaff2
----- Source of /home/case/amber24/dat/leap/cmd/leaprc.gaff2 done
Log file: ./leap.log
Loading parameters: /home/case/amber24/dat/leap/parm/gaff2.dat
Reading title:
AMBER General Force Field for organic molecules (Version 2.2.20, March 2021)
Loading parameters: ./637.frcmod
Reading force field modification type file (frcmod)
Reading title:
Remark line goes here
Loading Mol2 file: ./637.mol2
Reading MOLECULE named 637
Checking Unit.
Building topology.
"order_residues" off: keep input residue order.
Building atom parameters.
Building bond parameters.
Building angle parameters.
Building proper torsion parameters.
Building improper torsion parameters.
 total 22 improper torsions applied
Building H-Bond parameters.
Incorporating Non-Bonded adjustments.
Not Marking per-residue atom chain types.
Marking per-residue atom chain types.
  (Residues lacking connect0/connect1 - 
   these don't have chain types marked:

	res	total affected

	637	1
  )
 (no restraints)
	Quit

Exiting LEaP: Errors = 0; Warnings = 0; Notes = 0.
====== min.o =========================================================
Reading parm file (637.parm7)
title:
637                                                                             
no velocities were found
no velocities were found
	mm_options:  ntpr=5
	mm_options:  gb=1
	mm_options:  kappa=0.10395
	mm_options:  rgbmax=99.
	mm_options:  cut=99.0
	mm_options:  wcons=0.
     bond:      4.543217223
    angle:     18.878334796
 dihedral:     28.241095694
    enb14:     19.938618403
    eel14:     65.068749763
      enb:     -3.720944965
      eel:   -126.110894201
      egb:    -33.704778815
    econs:      0.000000000
    esurf:      0.000000000
    Total:    -26.866602103
     frms:     12.747430657
Starting TNCG minimisation
 MIN: Iter =    0  NFunc =     1  E =     -26.86660  RMSG = 1.2747431e+01
 MIN: Iter =    1  NFunc =     7  E =     -43.40926  RMSG = 3.4455945e+00
 MIN: Iter =    2  NFunc =    13  E =     -46.26411  RMSG = 1.7061245e+00
 MIN: Iter =    3  NFunc =    23  E =     -47.78341  RMSG = 8.4844786e-01
 MIN: Iter =    4  NFunc =    40  E =     -48.44643  RMSG = 1.7155543e+00
 MIN: Iter =    5  NFunc =    46  E =     -48.68818  RMSG = 5.0037082e-01
 MIN: Iter =    6  NFunc =    97  E =     -48.97286  RMSG = 5.7251491e-01
 MIN: Iter =    7  NFunc =   103  E =     -49.20104  RMSG = 6.3641343e-01
 MIN: Iter =    8  NFunc =   109  E =     -49.43084  RMSG = 5.6050244e-01
 MIN: Iter =    9  NFunc =   115  E =     -49.63419  RMSG = 4.6993676e-01
 MIN: Iter =   10  NFunc =   121  E =     -49.79202  RMSG = 4.8642483e-01
 MIN: Iter =   11  NFunc =   172  E =     -50.03706  RMSG = 5.2773119e-01
 MIN: Iter =   12  NFunc =   178  E =     -50.22310  RMSG = 4.8236562e-01
 MIN: Iter =   13  NFunc =   184  E =     -50.37629  RMSG = 3.7405462e-01
 MIN: Iter =   14  NFunc =   190  E =     -50.50471  RMSG = 3.7251190e-01
 MIN: Iter =   15  NFunc =   203  E =     -50.71059  RMSG = 3.4756174e-01
 MIN: Iter =   16  NFunc =   215  E =     -50.85430  RMSG = 3.4805619e-01
 MIN: Iter =   17  NFunc =   266  E =     -51.08931  RMSG = 4.7787379e-01
 MIN: Iter =   18  NFunc =   317  E =     -51.25748  RMSG = 5.4567891e-01
 MIN: Iter =   19  NFunc =   323  E =     -51.39814  RMSG = 6.4486024e-01
 MIN: Iter =   20  NFunc =   329  E =     -51.54002  RMSG = 3.9756129e-01
 MIN: Iter =   21  NFunc =   335  E =     -51.64094  RMSG = 6.0651517e-01
 MIN: Iter =   22  NFunc =   354  E =     -51.83650  RMSG = 3.7761445e-01
 MIN: Iter =   23  NFunc =   362  E =     -51.90875  RMSG = 2.1433062e-01
 MIN: Iter =   24  NFunc =   393  E =     -52.03940  RMSG = 2.4981120e-01
 MIN: Iter =   25  NFunc =   418  E =     -52.13520  RMSG = 2.6585715e-01
 MIN: Iter =   26  NFunc =   436  E =     -52.18231  RMSG = 1.1958216e-01
 MIN: Iter =   27  NFunc =   487  E =     -52.26156  RMSG = 2.5147058e-01
 MIN: Iter =   28  NFunc =   522  E =     -52.36898  RMSG = 4.0971916e-01
 MIN: Iter =   29  NFunc =   540  E =     -52.49785  RMSG = 3.5903451e-01
 MIN: Iter =   30  NFunc =   550  E =     -52.61882  RMSG = 3.7627654e-01
 MIN: Iter =   31  NFunc =   556  E =     -52.73453  RMSG = 2.6921766e-01
 MIN: Iter =   32  NFunc =   564  E =     -52.83659  RMSG = 3.6526010e-01
 MIN: Iter =   33  NFunc =   572  E =     -52.95267  RMSG = 3.8451907e-01
 MIN: Iter =   34  NFunc =   581  E =     -53.07568  RMSG = 3.4978542e-01
 MIN: Iter =   35  NFunc =   590  E =     -53.18074  RMSG = 3.9752735e-01
 MIN: Iter =   36  NFunc =   639  E =     -53.45116  RMSG = 4.7192550e-01
 MIN: Iter =   37  NFunc =   652  E =     -53.62812  RMSG = 4.0643352e-01
 MIN: Iter =   38  NFunc =   663  E =     -53.77213  RMSG = 3.4556969e-01
 MIN: Iter =   39  NFunc =   669  E =     -53.84647  RMSG = 2.3757239e-01
 MIN: Iter =   40  NFunc =   686  E =     -53.93395  RMSG = 1.9897379e-01
 MIN: Iter =   41  NFunc =   698  E =     -53.95092  RMSG = 5.7156634e-02
 MIN: Iter =   42  NFunc =   721  E =     -53.96503  RMSG = 5.7449782e-02
 MIN: Iter =   43  NFunc =   745  E =     -53.96794  RMSG = 2.2925946e-02
 MIN: Iter =   44  NFunc =   772  E =     -53.96905  RMSG = 1.2713139e-02
 MIN: Iter =   45  NFunc =   823  E =     -53.97045  RMSG = 1.7133101e-02
 MIN: Iter =   46  NFunc =   834  E =     -53.97061  RMSG = 8.3029157e-03
 MIN: Iter =   47  NFunc =   882  E =     -53.97091  RMSG = 5.0728382e-03
 MIN: Iter =   48  NFunc =   926  E =     -53.97104  RMSG = 3.5024432e-03
 MIN: Iter =   49  NFunc =   953  E =     -53.97108  RMSG = 2.4510936e-03
 MIN: Iter =   50  NFunc =   976  E =     -53.97109  RMSG = 1.0840254e-03
 MIN: Iter =   51  NFunc =  1027  E =     -53.97110  RMSG = 9.5781547e-04
 MIN: Iter =   52  NFunc =  1065  E =     -53.97110  RMSG = 6.3625997e-04
 MIN: Iter =   53  NFunc =  1094  E =     -53.97110  RMSG = 3.7721355e-04
----------------------------------------------------------------
 END:          :-)  E =     -53.97110  RMSG =   0.0003772

     bond:      3.446015523
    angle:     11.290385735
 dihedral:     26.553847348
    enb14:     16.188674950
    eel14:     70.266084791
      enb:    -10.696391460
      eel:   -135.691766601
      egb:    -35.327951108
    econs:      0.000000000
    esurf:      0.000000000
    Total:    -53.971100822
     frms:      0.000377214
====== rms.dat  ======================================================
#Frame      all_heavy
       1       1.3645
