====== tleap.out =====================================================
-I: Adding /home/case/amber24/dat/leap/prep to search path.
-I: Adding /home/case/amber24/dat/leap/lib to search path.
-I: Adding /home/case/amber24/dat/leap/parm to search path.
-I: Adding /home/case/amber24/dat/leap/cmd to search path.
-f: Source leap.in.

Welcome to LEaP!
(no leaprc in search path)
Sourcing: ./leap.in
Using Bondi radii
----- Source: /home/case/amber24/dat/leap/cmd/leaprc.gaff2
----- Source of /home/case/amber24/dat/leap/cmd/leaprc.gaff2 done
Log file: ./leap.log
Loading parameters: /home/case/amber24/dat/leap/parm/gaff2.dat
Reading title:
AMBER General Force Field for organic molecules (Version 2.2.20, March 2021)
Loading parameters: ./63B.frcmod
Reading force field modification type file (frcmod)
Reading title:
Remark line goes here
Loading Mol2 file: ./63B.mol2
Reading MOLECULE named 63B
Checking Unit.
Building topology.
"order_residues" off: keep input residue order.
Building atom parameters.
Building bond parameters.
Building angle parameters.
Building proper torsion parameters.
Building improper torsion parameters.
 total 22 improper torsions applied
Building H-Bond parameters.
Incorporating Non-Bonded adjustments.
Not Marking per-residue atom chain types.
Marking per-residue atom chain types.
  (Residues lacking connect0/connect1 - 
   these don't have chain types marked:

	res	total affected

	63B	1
  )
 (no restraints)
	Quit

Exiting LEaP: Errors = 0; Warnings = 0; Notes = 0.
====== min.o =========================================================
Reading parm file (63B.parm7)
title:
63B                                                                             
no velocities were found
no velocities were found
	mm_options:  ntpr=5
	mm_options:  gb=1
	mm_options:  kappa=0.10395
	mm_options:  rgbmax=99.
	mm_options:  cut=99.0
	mm_options:  wcons=0.
     bond:      1.784968387
    angle:     46.683512316
 dihedral:     11.020502413
    enb14:     13.927341086
    eel14:   -199.304668977
      enb:     -6.267029721
      eel:     66.788712775
      egb:    -25.934548241
    econs:      0.000000000
    esurf:      0.000000000
    Total:    -91.301209963
     frms:     14.632607902
Starting TNCG minimisation
 MIN: Iter =    0  NFunc =     1  E =     -91.30121  RMSG = 1.4632608e+01
 MIN: Iter =    1  NFunc =     7  E =    -103.25871  RMSG = 1.7262147e+00
 MIN: Iter =    2  NFunc =    18  E =    -104.24935  RMSG = 8.0638489e-01
 MIN: Iter =    3  NFunc =    33  E =    -104.68935  RMSG = 4.1653549e-01
 MIN: Iter =    4  NFunc =    79  E =    -104.98399  RMSG = 3.5659757e-01
 MIN: Iter =    5  NFunc =   102  E =    -105.17827  RMSG = 3.2635901e-01
 MIN: Iter =    6  NFunc =   116  E =    -105.31031  RMSG = 3.5037644e-01
 MIN: Iter =    7  NFunc =   123  E =    -105.36328  RMSG = 1.9877665e-01
 MIN: Iter =    8  NFunc =   134  E =    -105.41774  RMSG = 2.2809512e-01
 MIN: Iter =    9  NFunc =   143  E =    -105.44022  RMSG = 1.0059022e-01
 MIN: Iter =   10  NFunc =   172  E =    -105.47322  RMSG = 2.6259223e-01
 MIN: Iter =   11  NFunc =   178  E =    -105.47990  RMSG = 4.7735126e-02
 MIN: Iter =   12  NFunc =   197  E =    -105.48757  RMSG = 5.7863071e-02
 MIN: Iter =   13  NFunc =   214  E =    -105.48970  RMSG = 2.3996469e-02
 MIN: Iter =   14  NFunc =   227  E =    -105.49015  RMSG = 1.3950740e-02
 MIN: Iter =   15  NFunc =   241  E =    -105.49036  RMSG = 8.4751350e-03
 MIN: Iter =   16  NFunc =   292  E =    -105.49072  RMSG = 8.0354962e-03
 MIN: Iter =   17  NFunc =   313  E =    -105.49091  RMSG = 7.0852383e-03
 MIN: Iter =   18  NFunc =   332  E =    -105.49096  RMSG = 4.0191103e-03
 MIN: Iter =   19  NFunc =   356  E =    -105.49098  RMSG = 1.7776899e-03
 MIN: Iter =   20  NFunc =   407  E =    -105.49100  RMSG = 2.1214980e-03
 MIN: Iter =   21  NFunc =   458  E =    -105.49102  RMSG = 1.9139903e-03
 MIN: Iter =   22  NFunc =   480  E =    -105.49102  RMSG = 9.4762570e-04
 MIN: Iter =   23  NFunc =   512  E =    -105.49103  RMSG = 9.1218843e-04
 MIN: Iter =   24  NFunc =   538  E =    -105.49103  RMSG = 3.9132127e-04
----------------------------------------------------------------
 END:          :-)  E =    -105.49103  RMSG =   0.0003913

     bond:      4.143078645
    angle:     34.128818250
 dihedral:      8.557152497
    enb14:     11.761144388
    eel14:   -198.918063777
      enb:     -5.385806353
      eel:     67.638934009
      egb:    -27.416286471
    econs:      0.000000000
    esurf:      0.000000000
    Total:   -105.491028812
     frms:      0.000391321
====== rms.dat  ======================================================
#Frame      all_heavy
       1       0.3729
