====== tleap.out =====================================================
-I: Adding /home/case/amber24/dat/leap/prep to search path.
-I: Adding /home/case/amber24/dat/leap/lib to search path.
-I: Adding /home/case/amber24/dat/leap/parm to search path.
-I: Adding /home/case/amber24/dat/leap/cmd to search path.
-f: Source leap.in.

Welcome to LEaP!
(no leaprc in search path)
Sourcing: ./leap.in
Using Bondi radii
----- Source: /home/case/amber24/dat/leap/cmd/leaprc.gaff2
----- Source of /home/case/amber24/dat/leap/cmd/leaprc.gaff2 done
Log file: ./leap.log
Loading parameters: /home/case/amber24/dat/leap/parm/gaff2.dat
Reading title:
AMBER General Force Field for organic molecules (Version 2.2.20, March 2021)
Loading parameters: ./683.frcmod
Reading force field modification type file (frcmod)
Reading title:
Remark line goes here
Loading Mol2 file: ./683.mol2
Reading MOLECULE named 683
Checking Unit.

/home/case/amber24/bin/teLeap: Warning!
The unperturbed charge of the unit (-2.003999) is not zero.

/home/case/amber24/bin/teLeap: Note.
Ignoring the warning from Unit Checking.

Building topology.
"order_residues" off: keep input residue order.
Building atom parameters.
Building bond parameters.
Building angle parameters.
Building proper torsion parameters.
Building improper torsion parameters.
 total 15 improper torsions applied
Building H-Bond parameters.
Incorporating Non-Bonded adjustments.
Not Marking per-residue atom chain types.
Marking per-residue atom chain types.
  (Residues lacking connect0/connect1 - 
   these don't have chain types marked:

	res	total affected

	683	1
  )
 (no restraints)
	Quit

Exiting LEaP: Errors = 0; Warnings = 1; Notes = 1.
====== min.o =========================================================
Reading parm file (683.parm7)
title:
683                                                                             
no velocities were found
no velocities were found
	mm_options:  ntpr=5
	mm_options:  gb=1
	mm_options:  kappa=0.10395
	mm_options:  rgbmax=99.
	mm_options:  cut=99.0
	mm_options:  wcons=0.
     bond:      3.252601901
    angle:      6.419795255
 dihedral:      4.255157686
    enb14:      9.675511173
    eel14:   -298.296025841
      enb:      4.729117368
      eel:    263.164903366
      egb:   -192.725489662
    econs:      0.000000000
    esurf:      0.000000000
    Total:   -199.524428754
     frms:     12.051612044
Starting TNCG minimisation
 MIN: Iter =    0  NFunc =     1  E =    -199.52443  RMSG = 1.2051612e+01
 MIN: Iter =    1  NFunc =     7  E =    -206.56832  RMSG = 1.9361880e+00
 MIN: Iter =    2  NFunc =    14  E =    -207.22867  RMSG = 9.5489062e-01
 MIN: Iter =    3  NFunc =    40  E =    -207.89699  RMSG = 2.3365995e+00
 MIN: Iter =    4  NFunc =    46  E =    -208.19530  RMSG = 5.8946504e-01
 MIN: Iter =    5  NFunc =    58  E =    -208.38903  RMSG = 6.0554044e-01
 MIN: Iter =    6  NFunc =    65  E =    -208.48870  RMSG = 4.4798519e-01
 MIN: Iter =    7  NFunc =    71  E =    -208.51004  RMSG = 1.5450191e-01
 MIN: Iter =    8  NFunc =    87  E =    -208.53009  RMSG = 1.0527149e-01
 MIN: Iter =    9  NFunc =    98  E =    -208.53618  RMSG = 7.1366819e-02
 MIN: Iter =   10  NFunc =   116  E =    -208.54025  RMSG = 3.6889579e-02
 MIN: Iter =   11  NFunc =   143  E =    -208.54647  RMSG = 5.9632385e-02
 MIN: Iter =   12  NFunc =   169  E =    -208.54757  RMSG = 2.1759462e-02
 MIN: Iter =   13  NFunc =   184  E =    -208.54771  RMSG = 1.0687306e-02
 MIN: Iter =   14  NFunc =   231  E =    -208.54824  RMSG = 2.9298076e-02
 MIN: Iter =   15  NFunc =   237  E =    -208.54857  RMSG = 3.2421459e-02
 MIN: Iter =   16  NFunc =   243  E =    -208.54877  RMSG = 2.0616086e-02
 MIN: Iter =   17  NFunc =   259  E =    -208.54898  RMSG = 2.2621527e-02
 MIN: Iter =   18  NFunc =   265  E =    -208.54903  RMSG = 9.4363024e-03
 MIN: Iter =   19  NFunc =   271  E =    -208.54907  RMSG = 8.3197196e-03
 MIN: Iter =   20  NFunc =   285  E =    -208.54911  RMSG = 4.6279122e-03
 MIN: Iter =   21  NFunc =   296  E =    -208.54912  RMSG = 2.4425429e-03
 MIN: Iter =   22  NFunc =   313  E =    -208.54913  RMSG = 1.5186279e-03
 MIN: Iter =   23  NFunc =   321  E =    -208.54913  RMSG = 7.8834106e-04
 MIN: Iter =   24  NFunc =   344  E =    -208.54913  RMSG = 5.5015604e-04
 MIN: Iter =   25  NFunc =   361  E =    -208.54913  RMSG = 3.0756543e-04
----------------------------------------------------------------
 END:          :-)  E =    -208.54913  RMSG =   0.0003076

     bond:      0.764663791
    angle:      5.619410141
 dihedral:      6.720332921
    enb14:      7.745091660
    eel14:   -302.053574818
      enb:     -0.420335562
      eel:    269.311389708
      egb:   -196.236105347
    econs:      0.000000000
    esurf:      0.000000000
    Total:   -208.549127506
     frms:      0.000307565
====== rms.dat  ======================================================
#Frame      all_heavy
       1       0.2004
