====== tleap.out =====================================================
-I: Adding /home/case/amber24/dat/leap/prep to search path.
-I: Adding /home/case/amber24/dat/leap/lib to search path.
-I: Adding /home/case/amber24/dat/leap/parm to search path.
-I: Adding /home/case/amber24/dat/leap/cmd to search path.
-f: Source leap.in.

Welcome to LEaP!
(no leaprc in search path)
Sourcing: ./leap.in
Using Bondi radii
----- Source: /home/case/amber24/dat/leap/cmd/leaprc.gaff2
----- Source of /home/case/amber24/dat/leap/cmd/leaprc.gaff2 done
Log file: ./leap.log
Loading parameters: /home/case/amber24/dat/leap/parm/gaff2.dat
Reading title:
AMBER General Force Field for organic molecules (Version 2.2.20, March 2021)
Loading parameters: ./69Y.frcmod
Reading force field modification type file (frcmod)
Reading title:
Remark line goes here
Loading Mol2 file: ./69Y.mol2
Reading MOLECULE named 69Y
Checking Unit.
Building topology.
"order_residues" off: keep input residue order.
Building atom parameters.
Building bond parameters.
Building angle parameters.
Building proper torsion parameters.
Building improper torsion parameters.
 total 9 improper torsions applied
Building H-Bond parameters.
Incorporating Non-Bonded adjustments.
Not Marking per-residue atom chain types.
Marking per-residue atom chain types.
  (Residues lacking connect0/connect1 - 
   these don't have chain types marked:

	res	total affected

	69Y	1
  )
 (no restraints)
	Quit

Exiting LEaP: Errors = 0; Warnings = 0; Notes = 0.
====== min.o =========================================================
Reading parm file (69Y.parm7)
title:
69Y                                                                             
no velocities were found
no velocities were found
	mm_options:  ntpr=5
	mm_options:  gb=1
	mm_options:  kappa=0.10395
	mm_options:  rgbmax=99.
	mm_options:  cut=99.0
	mm_options:  wcons=0.
     bond:      2.529461783
    angle:      2.852045133
 dihedral:     37.114268010
    enb14:     12.745564920
    eel14:     -9.288282847
      enb:     -0.609342767
      eel:    -28.493802118
      egb:    -15.872631236
    econs:      0.000000000
    esurf:      0.000000000
    Total:      0.977280877
     frms:      7.147745219
Starting TNCG minimisation
 MIN: Iter =    0  NFunc =     1  E =       0.97728  RMSG = 7.1477452e+00
 MIN: Iter =    1  NFunc =     7  E =      -5.59637  RMSG = 2.2838681e+00
 MIN: Iter =    2  NFunc =    16  E =      -8.00370  RMSG = 1.0127808e+00
 MIN: Iter =    3  NFunc =    24  E =      -8.44600  RMSG = 4.4804304e-01
 MIN: Iter =    4  NFunc =    40  E =      -8.62475  RMSG = 2.1716264e-01
 MIN: Iter =    5  NFunc =    91  E =      -8.73271  RMSG = 3.4630475e-01
 MIN: Iter =    6  NFunc =   110  E =      -8.82099  RMSG = 3.3917533e-01
 MIN: Iter =    7  NFunc =   117  E =      -8.84529  RMSG = 1.2465035e-01
 MIN: Iter =    8  NFunc =   126  E =      -8.86207  RMSG = 1.3124544e-01
 MIN: Iter =    9  NFunc =   142  E =      -8.87861  RMSG = 5.6891243e-02
 MIN: Iter =   10  NFunc =   178  E =      -8.89423  RMSG = 1.4059658e-01
 MIN: Iter =   11  NFunc =   184  E =      -8.89662  RMSG = 4.4761449e-02
 MIN: Iter =   12  NFunc =   196  E =      -8.89873  RMSG = 3.3503587e-02
 MIN: Iter =   13  NFunc =   223  E =      -8.90143  RMSG = 2.3715403e-02
 MIN: Iter =   14  NFunc =   238  E =      -8.90206  RMSG = 1.3971017e-02
 MIN: Iter =   15  NFunc =   275  E =      -8.90307  RMSG = 1.2692827e-02
 MIN: Iter =   16  NFunc =   295  E =      -8.90324  RMSG = 6.7117710e-03
 MIN: Iter =   17  NFunc =   346  E =      -8.90354  RMSG = 7.5729470e-03
 MIN: Iter =   18  NFunc =   353  E =      -8.90355  RMSG = 2.6564472e-03
 MIN: Iter =   19  NFunc =   391  E =      -8.90361  RMSG = 2.9019430e-03
 MIN: Iter =   20  NFunc =   411  E =      -8.90362  RMSG = 1.4579403e-03
 MIN: Iter =   21  NFunc =   420  E =      -8.90362  RMSG = 7.4141349e-04
 MIN: Iter =   22  NFunc =   452  E =      -8.90363  RMSG = 7.0166288e-04
 MIN: Iter =   23  NFunc =   475  E =      -8.90363  RMSG = 4.0561515e-04
----------------------------------------------------------------
 END:          :-)  E =      -8.90363  RMSG =   0.0004056

     bond:      1.118549472
    angle:      3.794939731
 dihedral:     34.969873549
    enb14:      7.993482756
    eel14:    -10.453612171
      enb:     -2.712822409
      eel:    -26.837969354
      egb:    -16.776069101
    econs:      0.000000000
    esurf:      0.000000000
    Total:     -8.903627528
     frms:      0.000405615
====== rms.dat  ======================================================
#Frame      all_heavy
       1       0.3020
