====== tleap.out =====================================================
-I: Adding /home/case/amber26/dat/leap/prep to search path.
-I: Adding /home/case/amber26/dat/leap/lib to search path.
-I: Adding /home/case/amber26/dat/leap/parm to search path.
-I: Adding /home/case/amber26/dat/leap/cmd to search path.
-f: Source leap.in.

Welcome to LEaP!
(no leaprc in search path)
Sourcing: ./leap.in
Using Bondi radii
----- Source: /home/case/amber26/dat/leap/cmd/leaprc.gaff2
----- Source of /home/case/amber26/dat/leap/cmd/leaprc.gaff2 done
Log file: ./leap.log
Loading parameters: /home/case/amber26/dat/leap/parm/gaff2.dat
Reading title:
AMBER General Force Field for organic molecules (Version 2.2.30, Oct 2025)
Loading parameters: ./6AC.frcmod
Reading force field modification type file (frcmod)
Reading title:
Remark line goes here
Loading Mol2 file: ./6AC.mol2
Reading MOLECULE named 6AC
Checking Unit.
Building topology.
"order_residues" off: keep input residue order.
Building atom parameters.
Building bond parameters.
Building angle parameters.
Building proper torsion parameters.
Building improper torsion parameters.
 total 2 improper torsions applied
Building H-Bond parameters.
Incorporating Non-Bonded adjustments.
Not Marking per-residue atom chain types.
Marking per-residue atom chain types.
  (Residues lacking connect0/connect1 - 
   these don't have chain types marked:

	res	total affected

	6AC	1
  )
 (no restraints)
	Quit

Exiting LEaP: Errors = 0; Warnings = 0; Notes = 0.
====== min.o =========================================================
Reading parm file (6AC.parm7)
title:
6AC                                                                             
no velocities were found
no velocities were found
	mm_options:  ntpr=5
	mm_options:  gb=1
	mm_options:  kappa=0.10395
	mm_options:  rgbmax=99.
	mm_options:  cut=99.0
	mm_options:  wcons=0.
     bond:      0.256339018
    angle:      0.132210653
 dihedral:      0.000073062
    enb14:      0.194839798
    eel14:     17.300775976
      enb:     -0.050201756
      eel:    -13.393577187
      egb:    -10.494593898
    econs:      0.000000000
    esurf:      0.000000000
    Total:     -6.054134334
     frms:      8.113966357
Starting TNCG minimisation
 MIN: Iter =    0  NFunc =     1  E =      -6.05413  RMSG = 8.1139664e+00
 MIN: Iter =    1  NFunc =     7  E =      -6.60525  RMSG = 1.3210877e+00
 MIN: Iter =    2  NFunc =    13  E =      -6.63452  RMSG = 7.0742331e-01
 MIN: Iter =    3  NFunc =    19  E =      -6.64268  RMSG = 9.7140828e-02
 MIN: Iter =    4  NFunc =    28  E =      -6.64362  RMSG = 1.2406279e-01
 MIN: Iter =    5  NFunc =    41  E =      -6.64453  RMSG = 1.3595949e-01
 MIN: Iter =    6  NFunc =    48  E =      -6.64564  RMSG = 1.5505769e-01
 MIN: Iter =    7  NFunc =    54  E =      -6.64722  RMSG = 1.6790032e-01
 MIN: Iter =    8  NFunc =    60  E =      -6.64861  RMSG = 5.9315488e-02
 MIN: Iter =    9  NFunc =    67  E =      -6.64918  RMSG = 6.6881169e-02
 MIN: Iter =   10  NFunc =    73  E =      -6.64968  RMSG = 6.6037102e-02
 MIN: Iter =   11  NFunc =    79  E =      -6.64992  RMSG = 1.8398463e-02
 MIN: Iter =   12  NFunc =    85  E =      -6.64998  RMSG = 1.4885215e-02
 MIN: Iter =   13  NFunc =    91  E =      -6.64999  RMSG = 1.1516391e-03
 MIN: Iter =   14  NFunc =    97  E =      -6.64999  RMSG = 8.0608899e-05
----------------------------------------------------------------
 END:          :-)  E =      -6.64999  RMSG =   0.0000806

     bond:      0.039008028
    angle:      0.108876995
 dihedral:      0.000000000
    enb14:      0.110134832
    eel14:     17.066313113
      enb:     -0.048639466
      eel:    -13.273117359
      egb:    -10.652568075
    econs:      0.000000000
    esurf:      0.000000000
    Total:     -6.649991932
     frms:      0.000080609
====== rms.dat  ======================================================
#Frame      all_heavy
       1       0.0212
