====== tleap.out =====================================================
-I: Adding /home/case/amber24/dat/leap/prep to search path.
-I: Adding /home/case/amber24/dat/leap/lib to search path.
-I: Adding /home/case/amber24/dat/leap/parm to search path.
-I: Adding /home/case/amber24/dat/leap/cmd to search path.
-f: Source leap.in.

Welcome to LEaP!
(no leaprc in search path)
Sourcing: ./leap.in
Using Bondi radii
----- Source: /home/case/amber24/dat/leap/cmd/leaprc.gaff2
----- Source of /home/case/amber24/dat/leap/cmd/leaprc.gaff2 done
Log file: ./leap.log
Loading parameters: /home/case/amber24/dat/leap/parm/gaff2.dat
Reading title:
AMBER General Force Field for organic molecules (Version 2.2.20, March 2021)
Loading parameters: ./6AN.frcmod
Reading force field modification type file (frcmod)
Reading title:
Remark line goes here
Loading Mol2 file: ./6AN.mol2
Reading MOLECULE named 6AN
Checking Unit.

/home/case/amber24/bin/teLeap: Warning!
The unperturbed charge of the unit (-0.997999) is not zero.

/home/case/amber24/bin/teLeap: Note.
Ignoring the warning from Unit Checking.

Building topology.
"order_residues" off: keep input residue order.
Building atom parameters.
Building bond parameters.
Building angle parameters.
Building proper torsion parameters.
Building improper torsion parameters.
 total 15 improper torsions applied
Building H-Bond parameters.
Incorporating Non-Bonded adjustments.
Not Marking per-residue atom chain types.
Marking per-residue atom chain types.
  (Residues lacking connect0/connect1 - 
   these don't have chain types marked:

	res	total affected

	6AN	1
  )
 (no restraints)
	Quit

Exiting LEaP: Errors = 0; Warnings = 1; Notes = 1.
====== min.o =========================================================
Reading parm file (6AN.parm7)
title:
6AN                                                                             
no velocities were found
no velocities were found
	mm_options:  ntpr=5
	mm_options:  gb=1
	mm_options:  kappa=0.10395
	mm_options:  rgbmax=99.
	mm_options:  cut=99.0
	mm_options:  wcons=0.
     bond:      3.257666595
    angle:      8.857834673
 dihedral:      8.687971009
    enb14:      9.761097902
    eel14:     -4.007737031
      enb:     -2.173883400
      eel:    -22.792219554
      egb:    -72.451178980
    econs:      0.000000000
    esurf:      0.000000000
    Total:    -70.860448785
     frms:     14.271693704
Starting TNCG minimisation
 MIN: Iter =    0  NFunc =     1  E =     -70.86045  RMSG = 1.4271694e+01
 MIN: Iter =    1  NFunc =     7  E =     -78.66843  RMSG = 1.8646931e+00
 MIN: Iter =    2  NFunc =    17  E =     -79.15528  RMSG = 4.2797830e-01
 MIN: Iter =    3  NFunc =    23  E =     -79.20432  RMSG = 2.4527262e-01
 MIN: Iter =    4  NFunc =    74  E =     -79.44593  RMSG = 6.4005524e-01
 MIN: Iter =    5  NFunc =    80  E =     -79.62790  RMSG = 8.0012311e-01
 MIN: Iter =    6  NFunc =    86  E =     -79.78981  RMSG = 4.7117992e-01
 MIN: Iter =    7  NFunc =    97  E =     -79.96806  RMSG = 7.2287195e-01
 MIN: Iter =    8  NFunc =   107  E =     -80.18551  RMSG = 4.9389005e-01
 MIN: Iter =    9  NFunc =   113  E =     -80.31108  RMSG = 5.4921773e-01
 MIN: Iter =   10  NFunc =   121  E =     -80.43299  RMSG = 5.0760371e-01
 MIN: Iter =   11  NFunc =   129  E =     -80.52700  RMSG = 3.4752599e-01
 MIN: Iter =   12  NFunc =   136  E =     -80.59352  RMSG = 3.9491131e-01
 MIN: Iter =   13  NFunc =   143  E =     -80.64664  RMSG = 2.6737302e-01
 MIN: Iter =   14  NFunc =   166  E =     -80.73338  RMSG = 4.3320137e-01
 MIN: Iter =   15  NFunc =   177  E =     -80.80448  RMSG = 2.3027296e-01
 MIN: Iter =   16  NFunc =   185  E =     -80.84512  RMSG = 5.0618444e-01
 MIN: Iter =   17  NFunc =   191  E =     -80.90587  RMSG = 2.1667040e-01
 MIN: Iter =   18  NFunc =   197  E =     -80.93804  RMSG = 5.4026073e-01
 MIN: Iter =   19  NFunc =   203  E =     -80.99092  RMSG = 2.3568162e-01
 MIN: Iter =   20  NFunc =   209  E =     -81.02027  RMSG = 5.3649806e-01
 MIN: Iter =   21  NFunc =   215  E =     -81.07969  RMSG = 2.7124803e-01
 MIN: Iter =   22  NFunc =   223  E =     -81.10309  RMSG = 2.3576707e-01
 MIN: Iter =   23  NFunc =   230  E =     -81.12814  RMSG = 2.4250716e-01
 MIN: Iter =   24  NFunc =   239  E =     -81.15951  RMSG = 2.4100987e-01
 MIN: Iter =   25  NFunc =   247  E =     -81.17018  RMSG = 1.1876505e-01
 MIN: Iter =   26  NFunc =   256  E =     -81.17690  RMSG = 1.1674248e-01
 MIN: Iter =   27  NFunc =   263  E =     -81.17907  RMSG = 4.4980892e-02
 MIN: Iter =   28  NFunc =   290  E =     -81.18164  RMSG = 2.2400650e-02
 MIN: Iter =   29  NFunc =   337  E =     -81.18285  RMSG = 2.0046107e-02
 MIN: Iter =   30  NFunc =   351  E =     -81.18303  RMSG = 9.5722662e-03
 MIN: Iter =   31  NFunc =   385  E =     -81.18334  RMSG = 8.8348915e-03
 MIN: Iter =   32  NFunc =   437  E =     -81.18392  RMSG = 2.6683738e-02
 MIN: Iter =   33  NFunc =   444  E =     -81.18452  RMSG = 4.5599626e-02
 MIN: Iter =   34  NFunc =   451  E =     -81.18516  RMSG = 3.3566215e-02
 MIN: Iter =   35  NFunc =   458  E =     -81.18565  RMSG = 5.5342917e-02
 MIN: Iter =   36  NFunc =   465  E =     -81.18630  RMSG = 3.0644589e-02
 MIN: Iter =   37  NFunc =   475  E =     -81.18680  RMSG = 3.0471505e-02
 MIN: Iter =   38  NFunc =   483  E =     -81.18738  RMSG = 4.8002101e-02
 MIN: Iter =   39  NFunc =   489  E =     -81.18785  RMSG = 2.2312655e-02
 MIN: Iter =   40  NFunc =   496  E =     -81.18817  RMSG = 2.7946363e-02
 MIN: Iter =   41  NFunc =   503  E =     -81.18849  RMSG = 2.2634391e-02
 MIN: Iter =   42  NFunc =   537  E =     -81.19018  RMSG = 4.2124705e-02
 MIN: Iter =   43  NFunc =   550  E =     -81.19101  RMSG = 3.5110296e-02
 MIN: Iter =   44  NFunc =   557  E =     -81.19136  RMSG = 1.7582537e-02
 MIN: Iter =   45  NFunc =   565  E =     -81.19152  RMSG = 1.3119749e-02
 MIN: Iter =   46  NFunc =   573  E =     -81.19156  RMSG = 6.8699478e-03
 MIN: Iter =   47  NFunc =   608  E =     -81.19171  RMSG = 9.6241530e-03
 MIN: Iter =   48  NFunc =   628  E =     -81.19180  RMSG = 7.1205790e-03
 MIN: Iter =   49  NFunc =   655  E =     -81.19185  RMSG = 6.5463224e-03
 MIN: Iter =   50  NFunc =   662  E =     -81.19186  RMSG = 2.6742607e-03
 MIN: Iter =   51  NFunc =   676  E =     -81.19186  RMSG = 1.3742176e-03
 MIN: Iter =   52  NFunc =   703  E =     -81.19187  RMSG = 1.6687333e-03
 MIN: Iter =   53  NFunc =   710  E =     -81.19187  RMSG = 7.5764053e-04
 MIN: Iter =   54  NFunc =   746  E =     -81.19187  RMSG = 5.7398938e-04
 MIN: Iter =   55  NFunc =   771  E =     -81.19188  RMSG = 4.2125194e-04
----------------------------------------------------------------
 END:          :-)  E =     -81.19188  RMSG =   0.0004213

     bond:      0.677604023
    angle:      3.617389439
 dihedral:      8.500716763
    enb14:      8.065848373
    eel14:     -4.674126178
      enb:     -3.071791632
      eel:    -21.892824445
      egb:    -72.414691362
    econs:      0.000000000
    esurf:      0.000000000
    Total:    -81.191875018
     frms:      0.000421252
====== rms.dat  ======================================================
#Frame      all_heavy
       1       0.9299
