====== tleap.out =====================================================
-I: Adding /home/case/amber24/dat/leap/prep to search path.
-I: Adding /home/case/amber24/dat/leap/lib to search path.
-I: Adding /home/case/amber24/dat/leap/parm to search path.
-I: Adding /home/case/amber24/dat/leap/cmd to search path.
-f: Source leap.in.

Welcome to LEaP!
(no leaprc in search path)
Sourcing: ./leap.in
Using Bondi radii
----- Source: /home/case/amber24/dat/leap/cmd/leaprc.gaff2
----- Source of /home/case/amber24/dat/leap/cmd/leaprc.gaff2 done
Log file: ./leap.log
Loading parameters: /home/case/amber24/dat/leap/parm/gaff2.dat
Reading title:
AMBER General Force Field for organic molecules (Version 2.2.20, March 2021)
Loading parameters: ./6AQ.frcmod
Reading force field modification type file (frcmod)
Reading title:
Remark line goes here
Loading Mol2 file: ./6AQ.mol2
Reading MOLECULE named 6AQ
Checking Unit.
Building topology.
"order_residues" off: keep input residue order.
Building atom parameters.
Building bond parameters.
Building angle parameters.
Building proper torsion parameters.
Building improper torsion parameters.
 total 10 improper torsions applied
Building H-Bond parameters.
Incorporating Non-Bonded adjustments.
Not Marking per-residue atom chain types.
Marking per-residue atom chain types.
  (Residues lacking connect0/connect1 - 
   these don't have chain types marked:

	res	total affected

	6AQ	1
  )
 (no restraints)
	Quit

Exiting LEaP: Errors = 0; Warnings = 0; Notes = 0.
====== min.o =========================================================
Reading parm file (6AQ.parm7)
title:
6AQ                                                                             
no velocities were found
no velocities were found
	mm_options:  ntpr=5
	mm_options:  gb=1
	mm_options:  kappa=0.10395
	mm_options:  rgbmax=99.
	mm_options:  cut=99.0
	mm_options:  wcons=0.
     bond:      0.998559314
    angle:     19.102538963
 dihedral:      1.128559318
    enb14:      3.715500840
    eel14:     -2.618647118
      enb:     -1.044828992
      eel:     -0.079139639
      egb:    -10.477322884
    econs:      0.000000000
    esurf:      0.000000000
    Total:     10.725219803
     frms:     12.604358509
Starting TNCG minimisation
 MIN: Iter =    0  NFunc =     1  E =      10.72522  RMSG = 1.2604359e+01
 MIN: Iter =    1  NFunc =     7  E =       5.78787  RMSG = 7.7158256e-01
 MIN: Iter =    2  NFunc =    13  E =       5.73834  RMSG = 3.1454315e-01
 MIN: Iter =    3  NFunc =    26  E =       5.58688  RMSG = 2.3594222e+00
 MIN: Iter =    4  NFunc =    33  E =       5.30859  RMSG = 6.2947781e-01
 MIN: Iter =    5  NFunc =    42  E =       4.78609  RMSG = 2.4872378e+00
 MIN: Iter =    6  NFunc =    57  E =       3.87055  RMSG = 2.1247140e+00
 MIN: Iter =    7  NFunc =    64  E =       3.53624  RMSG = 5.3375766e-01
 MIN: Iter =    8  NFunc =    72  E =       3.46403  RMSG = 4.5393871e-01
 MIN: Iter =    9  NFunc =    94  E =       3.27613  RMSG = 9.6335879e-01
 MIN: Iter =   10  NFunc =   100  E =       3.14999  RMSG = 4.3607165e-01
 MIN: Iter =   11  NFunc =   106  E =       3.08664  RMSG = 8.9117749e-01
 MIN: Iter =   12  NFunc =   112  E =       3.02400  RMSG = 3.0241832e-01
 MIN: Iter =   13  NFunc =   118  E =       2.99969  RMSG = 3.9111298e-01
 MIN: Iter =   14  NFunc =   125  E =       2.97729  RMSG = 1.3958082e-01
 MIN: Iter =   15  NFunc =   132  E =       2.97143  RMSG = 1.0064200e-01
 MIN: Iter =   16  NFunc =   142  E =       2.96876  RMSG = 4.5426402e-02
 MIN: Iter =   17  NFunc =   151  E =       2.96785  RMSG = 3.0647835e-02
 MIN: Iter =   18  NFunc =   157  E =       2.96778  RMSG = 1.0026607e-02
 MIN: Iter =   19  NFunc =   176  E =       2.96775  RMSG = 2.6300726e-03
 MIN: Iter =   20  NFunc =   184  E =       2.96775  RMSG = 1.4780468e-03
 MIN: Iter =   21  NFunc =   217  E =       2.96774  RMSG = 1.2791911e-03
 MIN: Iter =   22  NFunc =   223  E =       2.96774  RMSG = 3.3205254e-04
----------------------------------------------------------------
 END:          :-)  E =       2.96774  RMSG =   0.0003321

     bond:      0.335304512
    angle:      5.631764843
 dihedral:      9.010461456
    enb14:      3.126782405
    eel14:     -2.746720097
      enb:     -1.470594238
      eel:     -0.796484703
      egb:    -10.122770472
    econs:      0.000000000
    esurf:      0.000000000
    Total:      2.967743707
     frms:      0.000332053
====== rms.dat  ======================================================
#Frame      all_heavy
       1       0.4590
