====== tleap.out =====================================================
-I: Adding /home/case/amber24/dat/leap/prep to search path.
-I: Adding /home/case/amber24/dat/leap/lib to search path.
-I: Adding /home/case/amber24/dat/leap/parm to search path.
-I: Adding /home/case/amber24/dat/leap/cmd to search path.
-f: Source leap.in.

Welcome to LEaP!
(no leaprc in search path)
Sourcing: ./leap.in
Using Bondi radii
----- Source: /home/case/amber24/dat/leap/cmd/leaprc.gaff2
----- Source of /home/case/amber24/dat/leap/cmd/leaprc.gaff2 done
Log file: ./leap.log
Loading parameters: /home/case/amber24/dat/leap/parm/gaff2.dat
Reading title:
AMBER General Force Field for organic molecules (Version 2.2.20, March 2021)
Loading parameters: ./6BT.frcmod
Reading force field modification type file (frcmod)
Reading title:
Remark line goes here
Loading Mol2 file: ./6BT.mol2
Reading MOLECULE named 6BT
Checking Unit.
Building topology.
"order_residues" off: keep input residue order.
Building atom parameters.
Building bond parameters.
Building angle parameters.
Building proper torsion parameters.
Building improper torsion parameters.
 total 6 improper torsions applied
Building H-Bond parameters.
Incorporating Non-Bonded adjustments.
Not Marking per-residue atom chain types.
Marking per-residue atom chain types.
  (Residues lacking connect0/connect1 - 
   these don't have chain types marked:

	res	total affected

	6BT	1
  )
 (no restraints)
	Quit

Exiting LEaP: Errors = 0; Warnings = 0; Notes = 0.
====== min.o =========================================================
Reading parm file (6BT.parm7)
title:
6BT                                                                             
no velocities were found
no velocities were found
	mm_options:  ntpr=5
	mm_options:  gb=1
	mm_options:  kappa=0.10395
	mm_options:  rgbmax=99.
	mm_options:  cut=99.0
	mm_options:  wcons=0.
     bond:      0.669139712
    angle:      0.946244001
 dihedral:      2.357606462
    enb14:      7.392214410
    eel14:     67.248339137
      enb:     -1.237846102
      eel:    -45.043809214
      egb:    -12.233862694
    econs:      0.000000000
    esurf:      0.000000000
    Total:     20.098025711
     frms:      6.261423657
Starting TNCG minimisation
 MIN: Iter =    0  NFunc =     1  E =      20.09803  RMSG = 6.2614237e+00
 MIN: Iter =    1  NFunc =     7  E =      16.12458  RMSG = 2.3930957e+00
 MIN: Iter =    2  NFunc =    13  E =      15.48577  RMSG = 7.3545137e-01
 MIN: Iter =    3  NFunc =    20  E =      15.40154  RMSG = 3.4951944e-01
 MIN: Iter =    4  NFunc =    43  E =      15.21591  RMSG = 1.2357573e+00
 MIN: Iter =    5  NFunc =    49  E =      15.14631  RMSG = 2.6667233e-01
 MIN: Iter =    6  NFunc =    62  E =      15.10142  RMSG = 3.5101613e-01
 MIN: Iter =    7  NFunc =    68  E =      15.09103  RMSG = 1.0931866e-01
 MIN: Iter =    8  NFunc =    86  E =      15.08414  RMSG = 3.6004755e-01
 MIN: Iter =    9  NFunc =    92  E =      15.08113  RMSG = 5.0486446e-02
 MIN: Iter =   10  NFunc =   115  E =      15.07914  RMSG = 2.6107412e-02
 MIN: Iter =   11  NFunc =   121  E =      15.07908  RMSG = 7.4766747e-03
 MIN: Iter =   12  NFunc =   128  E =      15.07907  RMSG = 3.2808300e-03
 MIN: Iter =   13  NFunc =   140  E =      15.07906  RMSG = 1.6079175e-03
 MIN: Iter =   14  NFunc =   151  E =      15.07906  RMSG = 9.1512144e-04
 MIN: Iter =   15  NFunc =   157  E =      15.07906  RMSG = 5.1097218e-04
 MIN: Iter =   16  NFunc =   170  E =      15.07906  RMSG = 2.9532419e-04
----------------------------------------------------------------
 END:          :-)  E =      15.07906  RMSG =   0.0002953

     bond:      1.240214144
    angle:      0.718895783
 dihedral:      1.465649810
    enb14:      5.179272178
    eel14:     63.761923270
      enb:     -1.244388638
      eel:    -42.432645653
      egb:    -13.609858844
    econs:      0.000000000
    esurf:      0.000000000
    Total:     15.079062050
     frms:      0.000295324
====== rms.dat  ======================================================
#Frame      all_heavy
       1       0.1110
