====== tleap.out =====================================================
-I: Adding /home/case/amber24/dat/leap/prep to search path.
-I: Adding /home/case/amber24/dat/leap/lib to search path.
-I: Adding /home/case/amber24/dat/leap/parm to search path.
-I: Adding /home/case/amber24/dat/leap/cmd to search path.
-f: Source leap.in.

Welcome to LEaP!
(no leaprc in search path)
Sourcing: ./leap.in
Using Bondi radii
----- Source: /home/case/amber24/dat/leap/cmd/leaprc.gaff2
----- Source of /home/case/amber24/dat/leap/cmd/leaprc.gaff2 done
Log file: ./leap.log
Loading parameters: /home/case/amber24/dat/leap/parm/gaff2.dat
Reading title:
AMBER General Force Field for organic molecules (Version 2.2.20, March 2021)
Loading parameters: ./6H3.frcmod
Reading force field modification type file (frcmod)
Reading title:
Remark line goes here
Loading Mol2 file: ./6H3.mol2
Reading MOLECULE named 6H3
Checking Unit.
Building topology.
"order_residues" off: keep input residue order.
Building atom parameters.
Building bond parameters.
Building angle parameters.
Building proper torsion parameters.
Building improper torsion parameters.
 total 21 improper torsions applied
Building H-Bond parameters.
Incorporating Non-Bonded adjustments.
Not Marking per-residue atom chain types.
Marking per-residue atom chain types.
  (Residues lacking connect0/connect1 - 
   these don't have chain types marked:

	res	total affected

	6H3	1
  )
 (no restraints)
	Quit

Exiting LEaP: Errors = 0; Warnings = 0; Notes = 0.
====== min.o =========================================================
Reading parm file (6H3.parm7)
title:
6H3                                                                             
no velocities were found
no velocities were found
	mm_options:  ntpr=5
	mm_options:  gb=1
	mm_options:  kappa=0.10395
	mm_options:  rgbmax=99.
	mm_options:  cut=99.0
	mm_options:  wcons=0.
     bond:      3.360662597
    angle:      5.382041114
 dihedral:     31.612807646
    enb14:     22.739367911
    eel14:   -105.330755147
      enb:      1.738622834
      eel:     16.220463880
      egb:    -25.127613404
    econs:      0.000000000
    esurf:      0.000000000
    Total:    -49.404402569
     frms:      9.981203424
Starting TNCG minimisation
 MIN: Iter =    0  NFunc =     1  E =     -49.40440  RMSG = 9.9812034e+00
 MIN: Iter =    1  NFunc =     7  E =     -61.62566  RMSG = 2.8931392e+00
 MIN: Iter =    2  NFunc =    18  E =     -66.48798  RMSG = 1.4464521e+00
 MIN: Iter =    3  NFunc =    27  E =     -67.60252  RMSG = 7.6854722e-01
 MIN: Iter =    4  NFunc =    49  E =     -68.43660  RMSG = 1.2298604e+00
 MIN: Iter =    5  NFunc =    79  E =     -69.36717  RMSG = 1.8316167e+00
 MIN: Iter =    6  NFunc =   130  E =     -69.94491  RMSG = 1.9965103e+00
 MIN: Iter =    7  NFunc =   154  E =     -71.31841  RMSG = 1.9170454e+00
 MIN: Iter =    8  NFunc =   165  E =     -72.53803  RMSG = 1.5167572e+00
 MIN: Iter =    9  NFunc =   171  E =     -73.22237  RMSG = 7.8267147e-01
 MIN: Iter =   10  NFunc =   177  E =     -73.48915  RMSG = 5.0185304e-01
 MIN: Iter =   11  NFunc =   211  E =     -73.92317  RMSG = 4.7236177e-01
 MIN: Iter =   12  NFunc =   227  E =     -74.24501  RMSG = 4.3904040e-01
 MIN: Iter =   13  NFunc =   235  E =     -74.49525  RMSG = 3.6776275e-01
 MIN: Iter =   14  NFunc =   241  E =     -74.64128  RMSG = 3.3420778e-01
 MIN: Iter =   15  NFunc =   254  E =     -74.73585  RMSG = 2.0741900e-01
 MIN: Iter =   16  NFunc =   305  E =     -74.87755  RMSG = 1.8692733e-01
 MIN: Iter =   17  NFunc =   333  E =     -74.97479  RMSG = 1.5158046e-01
 MIN: Iter =   18  NFunc =   344  E =     -75.03155  RMSG = 1.6080782e-01
 MIN: Iter =   19  NFunc =   364  E =     -75.08157  RMSG = 1.2115926e-01
 MIN: Iter =   20  NFunc =   383  E =     -75.11460  RMSG = 1.2746019e-01
 MIN: Iter =   21  NFunc =   434  E =     -75.18364  RMSG = 3.5843385e-01
 MIN: Iter =   22  NFunc =   442  E =     -75.22407  RMSG = 1.3447168e-01
 MIN: Iter =   23  NFunc =   466  E =     -75.26892  RMSG = 2.6317582e-01
 MIN: Iter =   24  NFunc =   473  E =     -75.28100  RMSG = 7.8720559e-02
 MIN: Iter =   25  NFunc =   524  E =     -75.30614  RMSG = 2.0251314e-01
 MIN: Iter =   26  NFunc =   530  E =     -75.31204  RMSG = 5.8361147e-02
 MIN: Iter =   27  NFunc =   581  E =     -75.32204  RMSG = 4.7030213e-02
 MIN: Iter =   28  NFunc =   622  E =     -75.32904  RMSG = 2.7699120e-02
 MIN: Iter =   29  NFunc =   673  E =     -75.33590  RMSG = 8.5972481e-02
 MIN: Iter =   30  NFunc =   680  E =     -75.33728  RMSG = 2.4608837e-02
 MIN: Iter =   31  NFunc =   731  E =     -75.34279  RMSG = 9.5957818e-02
 MIN: Iter =   32  NFunc =   737  E =     -75.34406  RMSG = 2.7010344e-02
 MIN: Iter =   33  NFunc =   756  E =     -75.34480  RMSG = 1.2363952e-02
 MIN: Iter =   34  NFunc =   775  E =     -75.34515  RMSG = 8.7554613e-03
 MIN: Iter =   35  NFunc =   795  E =     -75.34529  RMSG = 4.9351111e-03
 MIN: Iter =   36  NFunc =   827  E =     -75.34537  RMSG = 2.5574694e-03
 MIN: Iter =   37  NFunc =   857  E =     -75.34539  RMSG = 1.3305997e-03
 MIN: Iter =   38  NFunc =   908  E =     -75.34541  RMSG = 1.3487717e-03
 MIN: Iter =   39  NFunc =   946  E =     -75.34542  RMSG = 1.4182771e-03
 MIN: Iter =   40  NFunc =   953  E =     -75.34542  RMSG = 7.4960368e-04
 MIN: Iter =   41  NFunc =  1004  E =     -75.34543  RMSG = 7.8134641e-04
 MIN: Iter =   42  NFunc =  1026  E =     -75.34543  RMSG = 4.9626983e-04
----------------------------------------------------------------
 END:          :-)  E =     -75.34543  RMSG =   0.0004963

     bond:      2.277476354
    angle:      4.312849315
 dihedral:     25.556110790
    enb14:     14.906466744
    eel14:   -108.606827904
      enb:     -4.395468508
      eel:     16.520869317
      egb:    -25.916906591
    econs:      0.000000000
    esurf:      0.000000000
    Total:    -75.345430484
     frms:      0.000496270
====== rms.dat  ======================================================
#Frame      all_heavy
       1       0.7560
