====== tleap.out =====================================================
-I: Adding /home/case/amber24/dat/leap/prep to search path.
-I: Adding /home/case/amber24/dat/leap/lib to search path.
-I: Adding /home/case/amber24/dat/leap/parm to search path.
-I: Adding /home/case/amber24/dat/leap/cmd to search path.
-f: Source leap.in.

Welcome to LEaP!
(no leaprc in search path)
Sourcing: ./leap.in
Using Bondi radii
----- Source: /home/case/amber24/dat/leap/cmd/leaprc.gaff2
----- Source of /home/case/amber24/dat/leap/cmd/leaprc.gaff2 done
Log file: ./leap.log
Loading parameters: /home/case/amber24/dat/leap/parm/gaff2.dat
Reading title:
AMBER General Force Field for organic molecules (Version 2.2.20, March 2021)
Loading parameters: ./6H8.frcmod
Reading force field modification type file (frcmod)
Reading title:
Remark line goes here
Loading Mol2 file: ./6H8.mol2
Reading MOLECULE named 6H8
Checking Unit.
Building topology.
"order_residues" off: keep input residue order.
Building atom parameters.
Building bond parameters.
Building angle parameters.
Building proper torsion parameters.
Building improper torsion parameters.
 total 12 improper torsions applied
Building H-Bond parameters.
Incorporating Non-Bonded adjustments.
Not Marking per-residue atom chain types.
Marking per-residue atom chain types.
  (Residues lacking connect0/connect1 - 
   these don't have chain types marked:

	res	total affected

	6H8	1
  )
 (no restraints)
	Quit

Exiting LEaP: Errors = 0; Warnings = 0; Notes = 0.
====== min.o =========================================================
Reading parm file (6H8.parm7)
title:
6H8                                                                             
no velocities were found
no velocities were found
	mm_options:  ntpr=5
	mm_options:  gb=1
	mm_options:  kappa=0.10395
	mm_options:  rgbmax=99.
	mm_options:  cut=99.0
	mm_options:  wcons=0.
     bond:      0.888436149
    angle:     17.152730594
 dihedral:      3.411030636
    enb14:      4.287953864
    eel14:   -565.768504378
      enb:      4.225942131
      eel:    208.426005685
      egb:    -35.491995061
    econs:      0.000000000
    esurf:      0.000000000
    Total:   -362.868400379
     frms:     13.290060330
Starting TNCG minimisation
 MIN: Iter =    0  NFunc =     1  E =    -362.86840  RMSG = 1.3290060e+01
 MIN: Iter =    1  NFunc =     7  E =    -371.93090  RMSG = 3.0370509e+00
 MIN: Iter =    2  NFunc =    14  E =    -373.58381  RMSG = 1.7888239e+00
 MIN: Iter =    3  NFunc =    26  E =    -374.64256  RMSG = 2.3072666e+00
 MIN: Iter =    4  NFunc =    33  E =    -375.07743  RMSG = 6.6486741e-01
 MIN: Iter =    5  NFunc =    49  E =    -375.34605  RMSG = 1.1057877e+00
 MIN: Iter =    6  NFunc =    80  E =    -375.53096  RMSG = 1.4266112e+00
 MIN: Iter =    7  NFunc =    87  E =    -375.63773  RMSG = 3.7863856e-01
 MIN: Iter =    8  NFunc =   106  E =    -375.87032  RMSG = 1.2724006e+00
 MIN: Iter =    9  NFunc =   116  E =    -376.04169  RMSG = 5.3331430e-01
 MIN: Iter =   10  NFunc =   131  E =    -376.32992  RMSG = 1.0305158e+00
 MIN: Iter =   11  NFunc =   147  E =    -376.63884  RMSG = 1.2295501e+00
 MIN: Iter =   12  NFunc =   154  E =    -376.93750  RMSG = 1.0509333e+00
 MIN: Iter =   13  NFunc =   160  E =    -377.17148  RMSG = 8.2597584e-01
 MIN: Iter =   14  NFunc =   166  E =    -377.27908  RMSG = 4.8335193e-01
 MIN: Iter =   15  NFunc =   177  E =    -377.34631  RMSG = 5.1119523e-01
 MIN: Iter =   16  NFunc =   187  E =    -377.36717  RMSG = 1.5376585e-01
 MIN: Iter =   17  NFunc =   194  E =    -377.37247  RMSG = 8.3228237e-02
 MIN: Iter =   18  NFunc =   217  E =    -377.39192  RMSG = 2.5556125e-01
 MIN: Iter =   19  NFunc =   223  E =    -377.39598  RMSG = 1.0521569e-01
 MIN: Iter =   20  NFunc =   232  E =    -377.40097  RMSG = 1.0166141e-01
 MIN: Iter =   21  NFunc =   255  E =    -377.40723  RMSG = 1.6029731e-01
 MIN: Iter =   22  NFunc =   261  E =    -377.40864  RMSG = 4.0017361e-02
 MIN: Iter =   23  NFunc =   278  E =    -377.41020  RMSG = 3.4250631e-02
 MIN: Iter =   24  NFunc =   294  E =    -377.41074  RMSG = 1.7489115e-02
 MIN: Iter =   25  NFunc =   326  E =    -377.41147  RMSG = 2.8675609e-02
 MIN: Iter =   26  NFunc =   341  E =    -377.41162  RMSG = 1.0539296e-02
 MIN: Iter =   27  NFunc =   361  E =    -377.41167  RMSG = 4.7757695e-03
 MIN: Iter =   28  NFunc =   382  E =    -377.41174  RMSG = 5.7388252e-03
 MIN: Iter =   29  NFunc =   414  E =    -377.41178  RMSG = 3.5631458e-03
 MIN: Iter =   30  NFunc =   421  E =    -377.41178  RMSG = 1.5430529e-03
 MIN: Iter =   31  NFunc =   447  E =    -377.41179  RMSG = 1.4500410e-03
 MIN: Iter =   32  NFunc =   454  E =    -377.41179  RMSG = 7.2747932e-04
 MIN: Iter =   33  NFunc =   465  E =    -377.41179  RMSG = 3.7868163e-04
----------------------------------------------------------------
 END:          :-)  E =    -377.41179  RMSG =   0.0003787

     bond:      6.162623207
    angle:     17.648917015
 dihedral:      6.925446593
    enb14:      3.503230393
    eel14:   -594.561205057
      enb:     -1.847901777
      eel:    219.768101798
      egb:    -35.011000304
    econs:      0.000000000
    esurf:      0.000000000
    Total:   -377.411788133
     frms:      0.000378682
====== rms.dat  ======================================================
#Frame      all_heavy
       1       0.3811
