====== tleap.out =====================================================
-I: Adding /home/case/amber24/dat/leap/prep to search path.
-I: Adding /home/case/amber24/dat/leap/lib to search path.
-I: Adding /home/case/amber24/dat/leap/parm to search path.
-I: Adding /home/case/amber24/dat/leap/cmd to search path.
-f: Source leap.in.

Welcome to LEaP!
(no leaprc in search path)
Sourcing: ./leap.in
Using Bondi radii
----- Source: /home/case/amber24/dat/leap/cmd/leaprc.gaff2
----- Source of /home/case/amber24/dat/leap/cmd/leaprc.gaff2 done
Log file: ./leap.log
Loading parameters: /home/case/amber24/dat/leap/parm/gaff2.dat
Reading title:
AMBER General Force Field for organic molecules (Version 2.2.20, March 2021)
Loading parameters: ./6HL.frcmod
Reading force field modification type file (frcmod)
Reading title:
Remark line goes here
Loading Mol2 file: ./6HL.mol2
Reading MOLECULE named 6HL
Checking Unit.
Building topology.
"order_residues" off: keep input residue order.
Building atom parameters.
Building bond parameters.
Building angle parameters.
Building proper torsion parameters.
Building improper torsion parameters.
 total 21 improper torsions applied
Building H-Bond parameters.
Incorporating Non-Bonded adjustments.
Not Marking per-residue atom chain types.
Marking per-residue atom chain types.
  (Residues lacking connect0/connect1 - 
   these don't have chain types marked:

	res	total affected

	6HL	1
  )
 (no restraints)
	Quit

Exiting LEaP: Errors = 0; Warnings = 0; Notes = 0.
====== min.o =========================================================
Reading parm file (6HL.parm7)
title:
6HL                                                                             
no velocities were found
no velocities were found
	mm_options:  ntpr=5
	mm_options:  gb=1
	mm_options:  kappa=0.10395
	mm_options:  rgbmax=99.
	mm_options:  cut=99.0
	mm_options:  wcons=0.
     bond:      5.510342714
    angle:     26.687117899
 dihedral:     23.387142479
    enb14:     17.991037751
    eel14:   -150.616012396
      enb:     -2.562655878
      eel:     40.329391361
      egb:    -24.837830489
    econs:      0.000000000
    esurf:      0.000000000
    Total:    -64.111466559
     frms:     12.154753135
Starting TNCG minimisation
 MIN: Iter =    0  NFunc =     1  E =     -64.11147  RMSG = 1.2154753e+01
 MIN: Iter =    1  NFunc =     7  E =     -77.74089  RMSG = 2.7582747e+00
 MIN: Iter =    2  NFunc =    23  E =     -80.74086  RMSG = 2.2743524e+00
 MIN: Iter =    3  NFunc =    30  E =     -81.24412  RMSG = 5.7910884e-01
 MIN: Iter =    4  NFunc =    63  E =     -81.97440  RMSG = 4.1600962e-01
 MIN: Iter =    5  NFunc =    79  E =     -82.28136  RMSG = 5.4373881e-01
 MIN: Iter =    6  NFunc =    85  E =     -82.34707  RMSG = 2.2910120e-01
 MIN: Iter =    7  NFunc =   127  E =     -82.46997  RMSG = 3.7675728e-01
 MIN: Iter =    8  NFunc =   136  E =     -82.50006  RMSG = 1.3862463e-01
 MIN: Iter =    9  NFunc =   153  E =     -82.52347  RMSG = 9.4728726e-02
 MIN: Iter =   10  NFunc =   184  E =     -82.55663  RMSG = 1.2702540e-01
 MIN: Iter =   11  NFunc =   201  E =     -82.56301  RMSG = 3.9496701e-02
 MIN: Iter =   12  NFunc =   223  E =     -82.56983  RMSG = 3.9910544e-02
 MIN: Iter =   13  NFunc =   274  E =     -82.57568  RMSG = 5.8024749e-02
 MIN: Iter =   14  NFunc =   280  E =     -82.57619  RMSG = 2.0245291e-02
 MIN: Iter =   15  NFunc =   331  E =     -82.57979  RMSG = 4.5962998e-02
 MIN: Iter =   16  NFunc =   340  E =     -82.58074  RMSG = 2.6978909e-02
 MIN: Iter =   17  NFunc =   392  E =     -82.58402  RMSG = 4.1683343e-02
 MIN: Iter =   18  NFunc =   418  E =     -82.58727  RMSG = 8.2802997e-02
 MIN: Iter =   19  NFunc =   424  E =     -82.58829  RMSG = 2.6915947e-02
 MIN: Iter =   20  NFunc =   469  E =     -82.59145  RMSG = 5.3054076e-02
 MIN: Iter =   21  NFunc =   478  E =     -82.59306  RMSG = 3.8510879e-02
 MIN: Iter =   22  NFunc =   495  E =     -82.59472  RMSG = 3.9827298e-02
 MIN: Iter =   23  NFunc =   509  E =     -82.59542  RMSG = 1.5720854e-02
 MIN: Iter =   24  NFunc =   560  E =     -82.59621  RMSG = 2.6200891e-02
 MIN: Iter =   25  NFunc =   566  E =     -82.59631  RMSG = 9.6887972e-03
 MIN: Iter =   26  NFunc =   598  E =     -82.59649  RMSG = 4.7428854e-03
 MIN: Iter =   27  NFunc =   647  E =     -82.59663  RMSG = 3.0604022e-03
 MIN: Iter =   28  NFunc =   689  E =     -82.59667  RMSG = 2.4400028e-03
 MIN: Iter =   29  NFunc =   740  E =     -82.59669  RMSG = 1.8109878e-03
 MIN: Iter =   30  NFunc =   764  E =     -82.59670  RMSG = 1.2047350e-03
 MIN: Iter =   31  NFunc =   800  E =     -82.59672  RMSG = 1.4146533e-03
 MIN: Iter =   32  NFunc =   851  E =     -82.59675  RMSG = 2.1530129e-03
 MIN: Iter =   33  NFunc =   889  E =     -82.59676  RMSG = 1.2861056e-03
 MIN: Iter =   34  NFunc =   924  E =     -82.59676  RMSG = 8.1129592e-04
 MIN: Iter =   35  NFunc =   933  E =     -82.59676  RMSG = 5.1263586e-04
 MIN: Iter =   36  NFunc =   966  E =     -82.59676  RMSG = 4.4216516e-04
----------------------------------------------------------------
 END:          :-)  E =     -82.59676  RMSG =   0.0004422

     bond:      3.108023131
    angle:     17.240313169
 dihedral:     25.823271657
    enb14:     13.996687269
    eel14:   -155.237417577
      enb:     -5.422405437
      eel:     44.010601417
      egb:    -26.115837760
    econs:      0.000000000
    esurf:      0.000000000
    Total:    -82.596764132
     frms:      0.000442165
====== rms.dat  ======================================================
#Frame      all_heavy
       1       0.3274
