====== tleap.out =====================================================
-I: Adding /home/case/amber24/dat/leap/prep to search path.
-I: Adding /home/case/amber24/dat/leap/lib to search path.
-I: Adding /home/case/amber24/dat/leap/parm to search path.
-I: Adding /home/case/amber24/dat/leap/cmd to search path.
-f: Source leap.in.

Welcome to LEaP!
(no leaprc in search path)
Sourcing: ./leap.in
Using Bondi radii
----- Source: /home/case/amber24/dat/leap/cmd/leaprc.gaff2
----- Source of /home/case/amber24/dat/leap/cmd/leaprc.gaff2 done
Log file: ./leap.log
Loading parameters: /home/case/amber24/dat/leap/parm/gaff2.dat
Reading title:
AMBER General Force Field for organic molecules (Version 2.2.20, March 2021)
Loading parameters: ./6JT.frcmod
Reading force field modification type file (frcmod)
Reading title:
Remark line goes here
Loading Mol2 file: ./6JT.mol2
Reading MOLECULE named 6JT
Checking Unit.
Building topology.
"order_residues" off: keep input residue order.
Building atom parameters.
Building bond parameters.
Building angle parameters.
Building proper torsion parameters.
Building improper torsion parameters.
 total 12 improper torsions applied
Building H-Bond parameters.
Incorporating Non-Bonded adjustments.
Not Marking per-residue atom chain types.
Marking per-residue atom chain types.
  (Residues lacking connect0/connect1 - 
   these don't have chain types marked:

	res	total affected

	6JT	1
  )
 (no restraints)
	Quit

Exiting LEaP: Errors = 0; Warnings = 0; Notes = 0.
====== min.o =========================================================
Reading parm file (6JT.parm7)
title:
6JT                                                                             
no velocities were found
no velocities were found
	mm_options:  ntpr=5
	mm_options:  gb=1
	mm_options:  kappa=0.10395
	mm_options:  rgbmax=99.
	mm_options:  cut=99.0
	mm_options:  wcons=0.
     bond:      3.141174116
    angle:     26.046807241
 dihedral:     27.308783136
    enb14:      7.882527284
    eel14:     67.132328836
      enb:     -6.294942349
      eel:    -60.246753264
      egb:    -26.740000239
    econs:      0.000000000
    esurf:      0.000000000
    Total:     38.229924761
     frms:      9.883642065
Starting TNCG minimisation
 MIN: Iter =    0  NFunc =     1  E =      38.22992  RMSG = 9.8836421e+00
 MIN: Iter =    1  NFunc =     7  E =      29.06453  RMSG = 2.4988643e+00
 MIN: Iter =    2  NFunc =    16  E =      26.19089  RMSG = 1.4862356e+00
 MIN: Iter =    3  NFunc =    29  E =      25.48115  RMSG = 4.1357864e+00
 MIN: Iter =    4  NFunc =    35  E =      24.71804  RMSG = 4.5276949e-01
 MIN: Iter =    5  NFunc =    69  E =      24.30792  RMSG = 1.2924948e+00
 MIN: Iter =    6  NFunc =    76  E =      24.10029  RMSG = 4.1533788e-01
 MIN: Iter =    7  NFunc =    86  E =      23.94170  RMSG = 1.3570278e+00
 MIN: Iter =    8  NFunc =    92  E =      23.83170  RMSG = 2.3643202e-01
 MIN: Iter =    9  NFunc =   101  E =      23.78597  RMSG = 3.3126437e-01
 MIN: Iter =   10  NFunc =   129  E =      23.72266  RMSG = 2.3631269e-01
 MIN: Iter =   11  NFunc =   171  E =      23.64291  RMSG = 3.9104654e-01
 MIN: Iter =   12  NFunc =   177  E =      23.62064  RMSG = 1.1265178e-01
 MIN: Iter =   13  NFunc =   205  E =      23.58592  RMSG = 3.1397600e-01
 MIN: Iter =   14  NFunc =   211  E =      23.57140  RMSG = 9.0569376e-02
 MIN: Iter =   15  NFunc =   224  E =      23.56344  RMSG = 5.9960147e-02
 MIN: Iter =   16  NFunc =   244  E =      23.55605  RMSG = 6.2053176e-02
 MIN: Iter =   17  NFunc =   295  E =      23.54089  RMSG = 2.3917374e-01
 MIN: Iter =   18  NFunc =   301  E =      23.53081  RMSG = 7.6277232e-02
 MIN: Iter =   19  NFunc =   329  E =      23.51966  RMSG = 1.7780586e-01
 MIN: Iter =   20  NFunc =   335  E =      23.51351  RMSG = 6.4387521e-02
 MIN: Iter =   21  NFunc =   357  E =      23.50252  RMSG = 2.5443237e-01
 MIN: Iter =   22  NFunc =   363  E =      23.49315  RMSG = 7.9254769e-02
 MIN: Iter =   23  NFunc =   414  E =      23.47253  RMSG = 1.8888256e-01
 MIN: Iter =   24  NFunc =   420  E =      23.46041  RMSG = 8.6257439e-02
 MIN: Iter =   25  NFunc =   456  E =      23.44227  RMSG = 1.8679989e-01
 MIN: Iter =   26  NFunc =   462  E =      23.43290  RMSG = 6.8621193e-02
 MIN: Iter =   27  NFunc =   500  E =      23.42442  RMSG = 6.3281404e-02
 MIN: Iter =   28  NFunc =   515  E =      23.41830  RMSG = 7.8168387e-02
 MIN: Iter =   29  NFunc =   524  E =      23.41539  RMSG = 3.1549590e-02
 MIN: Iter =   30  NFunc =   576  E =      23.40909  RMSG = 4.1203294e-02
 MIN: Iter =   31  NFunc =   601  E =      23.40518  RMSG = 4.6961389e-02
 MIN: Iter =   32  NFunc =   609  E =      23.40442  RMSG = 1.4420687e-02
 MIN: Iter =   33  NFunc =   634  E =      23.40387  RMSG = 1.2011328e-02
 MIN: Iter =   34  NFunc =   685  E =      23.40350  RMSG = 1.0476546e-02
 MIN: Iter =   35  NFunc =   696  E =      23.40340  RMSG = 6.1314644e-03
 MIN: Iter =   36  NFunc =   737  E =      23.40328  RMSG = 5.9962827e-03
 MIN: Iter =   37  NFunc =   748  E =      23.40326  RMSG = 2.1307672e-03
 MIN: Iter =   38  NFunc =   799  E =      23.40324  RMSG = 2.6231088e-03
 MIN: Iter =   39  NFunc =   823  E =      23.40322  RMSG = 1.6117369e-03
 MIN: Iter =   40  NFunc =   854  E =      23.40321  RMSG = 1.6431700e-03
 MIN: Iter =   41  NFunc =   875  E =      23.40321  RMSG = 6.6050129e-04
 MIN: Iter =   42  NFunc =   906  E =      23.40320  RMSG = 4.3043917e-04
----------------------------------------------------------------
 END:          :-)  E =      23.40320  RMSG =   0.0004304

     bond:      1.781361658
    angle:     22.134243115
 dihedral:     23.332121386
    enb14:      5.406853527
    eel14:     62.704826179
      enb:     -6.578635953
      eel:    -55.345771201
      egb:    -30.031794274
    econs:      0.000000000
    esurf:      0.000000000
    Total:     23.403204437
     frms:      0.000430439
====== rms.dat  ======================================================
#Frame      all_heavy
       1       0.6618
