====== tleap.out =====================================================
-I: Adding /home/case/amber24/dat/leap/prep to search path.
-I: Adding /home/case/amber24/dat/leap/lib to search path.
-I: Adding /home/case/amber24/dat/leap/parm to search path.
-I: Adding /home/case/amber24/dat/leap/cmd to search path.
-f: Source leap.in.

Welcome to LEaP!
(no leaprc in search path)
Sourcing: ./leap.in
Using Bondi radii
----- Source: /home/case/amber24/dat/leap/cmd/leaprc.gaff2
----- Source of /home/case/amber24/dat/leap/cmd/leaprc.gaff2 done
Log file: ./leap.log
Loading parameters: /home/case/amber24/dat/leap/parm/gaff2.dat
Reading title:
AMBER General Force Field for organic molecules (Version 2.2.20, March 2021)
Loading parameters: ./6LT.frcmod
Reading force field modification type file (frcmod)
Reading title:
Remark line goes here
Loading Mol2 file: ./6LT.mol2
Reading MOLECULE named 6LT
Checking Unit.
Building topology.
"order_residues" off: keep input residue order.
Building atom parameters.
Building bond parameters.
Building angle parameters.
Building proper torsion parameters.
Building improper torsion parameters.
 total 22 improper torsions applied
Building H-Bond parameters.
Incorporating Non-Bonded adjustments.
Not Marking per-residue atom chain types.
Marking per-residue atom chain types.
  (Residues lacking connect0/connect1 - 
   these don't have chain types marked:

	res	total affected

	6LT	1
  )
 (no restraints)
	Quit

Exiting LEaP: Errors = 0; Warnings = 0; Notes = 0.
====== min.o =========================================================
Reading parm file (6LT.parm7)
title:
6LT                                                                             
no velocities were found
no velocities were found
	mm_options:  ntpr=5
	mm_options:  gb=1
	mm_options:  kappa=0.10395
	mm_options:  rgbmax=99.
	mm_options:  cut=99.0
	mm_options:  wcons=0.
     bond:      2.313885364
    angle:     12.585435454
 dihedral:     14.635314524
    enb14:     13.553787727
    eel14:     -4.686884805
      enb:     -2.533125076
      eel:     -7.697224641
      egb:    -26.936830501
    econs:      0.000000000
    esurf:      0.000000000
    Total:      1.234358047
     frms:      7.769355637
Starting TNCG minimisation
 MIN: Iter =    0  NFunc =     1  E =       1.23436  RMSG = 7.7693556e+00
 MIN: Iter =    1  NFunc =     7  E =      -7.59904  RMSG = 2.3326662e+00
 MIN: Iter =    2  NFunc =    15  E =     -11.81082  RMSG = 1.6625756e+00
 MIN: Iter =    3  NFunc =    66  E =     -13.12507  RMSG = 1.5987132e+00
 MIN: Iter =    4  NFunc =    74  E =     -14.37780  RMSG = 1.3252104e+00
 MIN: Iter =    5  NFunc =    80  E =     -15.48188  RMSG = 9.6970105e-01
 MIN: Iter =    6  NFunc =    86  E =     -16.14510  RMSG = 8.7250987e-01
 MIN: Iter =    7  NFunc =    98  E =     -16.68717  RMSG = 6.2211558e-01
 MIN: Iter =    8  NFunc =   107  E =     -16.82930  RMSG = 2.5066052e-01
 MIN: Iter =    9  NFunc =   159  E =     -16.91155  RMSG = 2.9310930e-01
 MIN: Iter =   10  NFunc =   172  E =     -16.97757  RMSG = 6.3962163e-01
 MIN: Iter =   11  NFunc =   179  E =     -17.05626  RMSG = 1.4963436e-01
 MIN: Iter =   12  NFunc =   193  E =     -17.09117  RMSG = 1.7360340e-01
 MIN: Iter =   13  NFunc =   200  E =     -17.12692  RMSG = 3.1503474e-01
 MIN: Iter =   14  NFunc =   211  E =     -17.16916  RMSG = 1.8506411e-01
 MIN: Iter =   15  NFunc =   219  E =     -17.19302  RMSG = 2.0044055e-01
 MIN: Iter =   16  NFunc =   225  E =     -17.20906  RMSG = 1.0811722e-01
 MIN: Iter =   17  NFunc =   276  E =     -17.31181  RMSG = 3.2977134e-01
 MIN: Iter =   18  NFunc =   284  E =     -17.36490  RMSG = 1.4919483e-01
 MIN: Iter =   19  NFunc =   300  E =     -17.43387  RMSG = 3.0879293e-01
 MIN: Iter =   20  NFunc =   309  E =     -17.48312  RMSG = 1.3486961e-01
 MIN: Iter =   21  NFunc =   318  E =     -17.51245  RMSG = 1.6228090e-01
 MIN: Iter =   22  NFunc =   333  E =     -17.53955  RMSG = 1.1211013e-01
 MIN: Iter =   23  NFunc =   384  E =     -17.58518  RMSG = 2.0576369e-01
 MIN: Iter =   24  NFunc =   390  E =     -17.59210  RMSG = 6.4518426e-02
 MIN: Iter =   25  NFunc =   441  E =     -17.60564  RMSG = 1.2053306e-01
 MIN: Iter =   26  NFunc =   447  E =     -17.60806  RMSG = 4.2846594e-02
 MIN: Iter =   27  NFunc =   498  E =     -17.61673  RMSG = 1.4659810e-01
 MIN: Iter =   28  NFunc =   507  E =     -17.62192  RMSG = 3.7198397e-02
 MIN: Iter =   29  NFunc =   559  E =     -17.62865  RMSG = 4.2740119e-02
 MIN: Iter =   30  NFunc =   584  E =     -17.63543  RMSG = 6.6968311e-02
 MIN: Iter =   31  NFunc =   601  E =     -17.64044  RMSG = 5.6472818e-02
 MIN: Iter =   32  NFunc =   613  E =     -17.64275  RMSG = 2.8416861e-02
 MIN: Iter =   33  NFunc =   626  E =     -17.64423  RMSG = 4.2973017e-02
 MIN: Iter =   34  NFunc =   677  E =     -17.64759  RMSG = 4.1740280e-02
 MIN: Iter =   35  NFunc =   694  E =     -17.64926  RMSG = 2.9175083e-02
 MIN: Iter =   36  NFunc =   721  E =     -17.65083  RMSG = 6.2364379e-02
 MIN: Iter =   37  NFunc =   731  E =     -17.65183  RMSG = 1.9228701e-02
 MIN: Iter =   38  NFunc =   783  E =     -17.65329  RMSG = 3.4029333e-02
 MIN: Iter =   39  NFunc =   793  E =     -17.65428  RMSG = 2.2260564e-02
 MIN: Iter =   40  NFunc =   815  E =     -17.65562  RMSG = 3.6418240e-02
 MIN: Iter =   41  NFunc =   823  E =     -17.65596  RMSG = 1.0415141e-02
 MIN: Iter =   42  NFunc =   852  E =     -17.65659  RMSG = 1.0981770e-02
 MIN: Iter =   43  NFunc =   903  E =     -17.65685  RMSG = 6.3505496e-03
 MIN: Iter =   44  NFunc =   918  E =     -17.65688  RMSG = 2.6268231e-03
 MIN: Iter =   45  NFunc =   969  E =     -17.65694  RMSG = 3.4357456e-03
 MIN: Iter =   46  NFunc =   990  E =     -17.65696  RMSG = 1.3849410e-03
 MIN: Iter =   47  NFunc =  1000  E =     -17.65696  RMSG = 6.1198477e-04
 MIN: Iter =   48  NFunc =  1043  E =     -17.65696  RMSG = 4.4808434e-04
----------------------------------------------------------------
 END:          :-)  E =     -17.65696  RMSG =   0.0004481

     bond:      2.279923278
    angle:      9.674086564
 dihedral:      8.826018439
    enb14:      9.266262671
    eel14:     -4.665418408
      enb:     -7.899929496
      eel:     -6.599533986
      egb:    -28.538369989
    econs:      0.000000000
    esurf:      0.000000000
    Total:    -17.656960927
     frms:      0.000448084
====== rms.dat  ======================================================
#Frame      all_heavy
       1       0.7338
