====== tleap.out =====================================================
-I: Adding /home/case/amber24/dat/leap/prep to search path.
-I: Adding /home/case/amber24/dat/leap/lib to search path.
-I: Adding /home/case/amber24/dat/leap/parm to search path.
-I: Adding /home/case/amber24/dat/leap/cmd to search path.
-f: Source leap.in.

Welcome to LEaP!
(no leaprc in search path)
Sourcing: ./leap.in
Using Bondi radii
----- Source: /home/case/amber24/dat/leap/cmd/leaprc.gaff2
----- Source of /home/case/amber24/dat/leap/cmd/leaprc.gaff2 done
Log file: ./leap.log
Loading parameters: /home/case/amber24/dat/leap/parm/gaff2.dat
Reading title:
AMBER General Force Field for organic molecules (Version 2.2.20, March 2021)
Loading parameters: ./6M5.frcmod
Reading force field modification type file (frcmod)
Reading title:
Remark line goes here
Loading Mol2 file: ./6M5.mol2
Reading MOLECULE named 6M5
Checking Unit.
Building topology.
"order_residues" off: keep input residue order.
Building atom parameters.
Building bond parameters.
Building angle parameters.
Building proper torsion parameters.
Building improper torsion parameters.
 total 19 improper torsions applied
Building H-Bond parameters.
Incorporating Non-Bonded adjustments.
Not Marking per-residue atom chain types.
Marking per-residue atom chain types.
  (Residues lacking connect0/connect1 - 
   these don't have chain types marked:

	res	total affected

	6M5	1
  )
 (no restraints)
	Quit

Exiting LEaP: Errors = 0; Warnings = 0; Notes = 0.
====== min.o =========================================================
Reading parm file (6M5.parm7)
title:
6M5                                                                             
no velocities were found
no velocities were found
	mm_options:  ntpr=5
	mm_options:  gb=1
	mm_options:  kappa=0.10395
	mm_options:  rgbmax=99.
	mm_options:  cut=99.0
	mm_options:  wcons=0.
     bond:      4.561871952
    angle:     14.290439682
 dihedral:     58.021776519
    enb14:     28.764697996
    eel14:     59.402102657
      enb:     -2.431239717
      eel:    -49.837553716
      egb:    -32.032397040
    econs:      0.000000000
    esurf:      0.000000000
    Total:     80.739698332
     frms:      9.825973755
Starting TNCG minimisation
 MIN: Iter =    0  NFunc =     1  E =      80.73970  RMSG = 9.8259738e+00
 MIN: Iter =    1  NFunc =     8  E =      64.47967  RMSG = 2.9175783e+00
 MIN: Iter =    2  NFunc =    18  E =      59.07102  RMSG = 1.2374908e+00
 MIN: Iter =    3  NFunc =    30  E =      57.55559  RMSG = 6.0033723e-01
 MIN: Iter =    4  NFunc =    76  E =      56.48440  RMSG = 5.6429618e-01
 MIN: Iter =    5  NFunc =    91  E =      56.02975  RMSG = 3.8454737e-01
 MIN: Iter =    6  NFunc =   104  E =      55.86267  RMSG = 1.6318044e-01
 MIN: Iter =    7  NFunc =   142  E =      55.72853  RMSG = 2.6102245e-01
 MIN: Iter =    8  NFunc =   193  E =      55.58209  RMSG = 2.3647382e-01
 MIN: Iter =    9  NFunc =   214  E =      55.50183  RMSG = 1.8745661e-01
 MIN: Iter =   10  NFunc =   240  E =      55.46210  RMSG = 7.7127259e-02
 MIN: Iter =   11  NFunc =   291  E =      55.42991  RMSG = 1.5478679e-01
 MIN: Iter =   12  NFunc =   307  E =      55.41332  RMSG = 4.8836014e-02
 MIN: Iter =   13  NFunc =   358  E =      55.38631  RMSG = 1.5105232e-01
 MIN: Iter =   14  NFunc =   364  E =      55.37986  RMSG = 5.4344544e-02
 MIN: Iter =   15  NFunc =   390  E =      55.36245  RMSG = 6.7868363e-02
 MIN: Iter =   16  NFunc =   441  E =      55.33333  RMSG = 1.8775838e-01
 MIN: Iter =   17  NFunc =   453  E =      55.31587  RMSG = 6.4258224e-02
 MIN: Iter =   18  NFunc =   504  E =      55.28535  RMSG = 1.4566890e-01
 MIN: Iter =   19  NFunc =   548  E =      55.24115  RMSG = 2.2108352e-01
 MIN: Iter =   20  NFunc =   570  E =      55.18369  RMSG = 1.8122516e-01
 MIN: Iter =   21  NFunc =   581  E =      55.13718  RMSG = 1.7582903e-01
 MIN: Iter =   22  NFunc =   590  E =      55.10507  RMSG = 1.3812097e-01
 MIN: Iter =   23  NFunc =   599  E =      55.08819  RMSG = 8.1645559e-02
 MIN: Iter =   24  NFunc =   629  E =      55.06364  RMSG = 9.9060426e-02
 MIN: Iter =   25  NFunc =   680  E =      55.02606  RMSG = 1.3858405e-01
 MIN: Iter =   26  NFunc =   693  E =      55.01155  RMSG = 5.3578357e-02
 MIN: Iter =   27  NFunc =   732  E =      54.98924  RMSG = 7.5578249e-02
 MIN: Iter =   28  NFunc =   741  E =      54.98526  RMSG = 3.9962862e-02
 MIN: Iter =   29  NFunc =   763  E =      54.98177  RMSG = 2.2365995e-02
 MIN: Iter =   30  NFunc =   789  E =      54.98011  RMSG = 1.5231457e-02
 MIN: Iter =   31  NFunc =   840  E =      54.97600  RMSG = 2.9355642e-02
 MIN: Iter =   32  NFunc =   875  E =      54.97313  RMSG = 1.7169644e-02
 MIN: Iter =   33  NFunc =   926  E =      54.97132  RMSG = 1.6167254e-02
 MIN: Iter =   34  NFunc =   947  E =      54.97066  RMSG = 1.0643760e-02
 MIN: Iter =   35  NFunc =   994  E =      54.97020  RMSG = 5.0772683e-03
 MIN: Iter =   36  NFunc =  1015  E =      54.97011  RMSG = 3.5648914e-03
 MIN: Iter =   37  NFunc =  1043  E =      54.97005  RMSG = 2.2808929e-03
 MIN: Iter =   38  NFunc =  1071  E =      54.97002  RMSG = 1.5977347e-03
 MIN: Iter =   39  NFunc =  1122  E =      54.96999  RMSG = 2.2318162e-03
 MIN: Iter =   40  NFunc =  1173  E =      54.96997  RMSG = 1.3940755e-03
 MIN: Iter =   41  NFunc =  1221  E =      54.96995  RMSG = 8.7390536e-04
 MIN: Iter =   42  NFunc =  1242  E =      54.96995  RMSG = 5.6960938e-04
 MIN: Iter =   43  NFunc =  1293  E =      54.96995  RMSG = 5.3850367e-04
 MIN: Iter =   44  NFunc =  1315  E =      54.96995  RMSG = 4.3134403e-04
----------------------------------------------------------------
 END:          :-)  E =      54.96995  RMSG =   0.0004313

     bond:      3.135901855
    angle:      8.438498585
 dihedral:     59.552598969
    enb14:     18.420347885
    eel14:     57.042209956
      enb:    -10.111461857
      eel:    -47.617385312
      egb:    -33.890761394
    econs:      0.000000000
    esurf:      0.000000000
    Total:     54.969948688
     frms:      0.000431344
====== rms.dat  ======================================================
#Frame      all_heavy
       1       0.8320
