====== tleap.out =====================================================
-I: Adding /home/case/amber24/dat/leap/prep to search path.
-I: Adding /home/case/amber24/dat/leap/lib to search path.
-I: Adding /home/case/amber24/dat/leap/parm to search path.
-I: Adding /home/case/amber24/dat/leap/cmd to search path.
-f: Source leap.in.

Welcome to LEaP!
(no leaprc in search path)
Sourcing: ./leap.in
Using Bondi radii
----- Source: /home/case/amber24/dat/leap/cmd/leaprc.gaff2
----- Source of /home/case/amber24/dat/leap/cmd/leaprc.gaff2 done
Log file: ./leap.log
Loading parameters: /home/case/amber24/dat/leap/parm/gaff2.dat
Reading title:
AMBER General Force Field for organic molecules (Version 2.2.20, March 2021)
Loading parameters: ./6MJ.frcmod
Reading force field modification type file (frcmod)
Reading title:
Remark line goes here
Loading Mol2 file: ./6MJ.mol2
Reading MOLECULE named 6MJ
Checking Unit.
Building topology.
"order_residues" off: keep input residue order.
Building atom parameters.
Building bond parameters.
Building angle parameters.
Building proper torsion parameters.
Building improper torsion parameters.
 total 0 improper torsions applied
Building H-Bond parameters.
Incorporating Non-Bonded adjustments.
Not Marking per-residue atom chain types.
Marking per-residue atom chain types.
  (Residues lacking connect0/connect1 - 
   these don't have chain types marked:

	res	total affected

	6MJ	1
  )
 (no restraints)
	Quit

Exiting LEaP: Errors = 0; Warnings = 0; Notes = 0.
====== min.o =========================================================
Reading parm file (6MJ.parm7)
title:
6MJ                                                                             
no velocities were found
no velocities were found
	mm_options:  ntpr=5
	mm_options:  gb=1
	mm_options:  kappa=0.10395
	mm_options:  rgbmax=99.
	mm_options:  cut=99.0
	mm_options:  wcons=0.
     bond:      1.837452109
    angle:      1.444784251
 dihedral:     20.343852023
    enb14:      5.767643172
    eel14:    159.298395687
      enb:     -1.488959546
      eel:   -112.538641303
      egb:    -21.125349501
    econs:      0.000000000
    esurf:      0.000000000
    Total:     53.539176893
     frms:      9.997398315
Starting TNCG minimisation
 MIN: Iter =    0  NFunc =     1  E =      53.53918  RMSG = 9.9973983e+00
 MIN: Iter =    1  NFunc =     7  E =      45.79677  RMSG = 3.3398176e+00
 MIN: Iter =    2  NFunc =    15  E =      44.64981  RMSG = 1.1217086e+00
 MIN: Iter =    3  NFunc =    25  E =      44.35704  RMSG = 1.7546125e+00
 MIN: Iter =    4  NFunc =    31  E =      44.26811  RMSG = 3.9370718e-01
 MIN: Iter =    5  NFunc =    46  E =      44.20194  RMSG = 7.1205619e-01
 MIN: Iter =    6  NFunc =    54  E =      44.18481  RMSG = 1.1962379e-01
 MIN: Iter =    7  NFunc =    66  E =      44.17771  RMSG = 6.2548997e-02
 MIN: Iter =    8  NFunc =    81  E =      44.17566  RMSG = 4.2562597e-02
 MIN: Iter =    9  NFunc =    92  E =      44.17521  RMSG = 1.5739671e-02
 MIN: Iter =   10  NFunc =   103  E =      44.17510  RMSG = 7.9216019e-03
 MIN: Iter =   11  NFunc =   113  E =      44.17507  RMSG = 4.6890020e-03
 MIN: Iter =   12  NFunc =   119  E =      44.17507  RMSG = 2.6960710e-03
 MIN: Iter =   13  NFunc =   127  E =      44.17507  RMSG = 1.6112410e-03
 MIN: Iter =   14  NFunc =   134  E =      44.17507  RMSG = 7.3617498e-04
 MIN: Iter =   15  NFunc =   148  E =      44.17506  RMSG = 6.0167745e-04
 MIN: Iter =   16  NFunc =   155  E =      44.17506  RMSG = 2.3876864e-04
----------------------------------------------------------------
 END:          :-)  E =      44.17506  RMSG =   0.0002388

     bond:      1.405225337
    angle:      1.058969774
 dihedral:     19.534428372
    enb14:      3.288927479
    eel14:    156.318917715
      enb:     -1.327641666
      eel:   -112.903893851
      egb:    -23.199868267
    econs:      0.000000000
    esurf:      0.000000000
    Total:     44.175064894
     frms:      0.000238769
====== rms.dat  ======================================================
#Frame      all_heavy
       1       0.1064
