====== tleap.out =====================================================
-I: Adding /home/case/amber24/dat/leap/prep to search path.
-I: Adding /home/case/amber24/dat/leap/lib to search path.
-I: Adding /home/case/amber24/dat/leap/parm to search path.
-I: Adding /home/case/amber24/dat/leap/cmd to search path.
-f: Source leap.in.

Welcome to LEaP!
(no leaprc in search path)
Sourcing: ./leap.in
Using Bondi radii
----- Source: /home/case/amber24/dat/leap/cmd/leaprc.gaff2
----- Source of /home/case/amber24/dat/leap/cmd/leaprc.gaff2 done
Log file: ./leap.log
Loading parameters: /home/case/amber24/dat/leap/parm/gaff2.dat
Reading title:
AMBER General Force Field for organic molecules (Version 2.2.20, March 2021)
Loading parameters: ./6NR.frcmod
Reading force field modification type file (frcmod)
Reading title:
Remark line goes here
Loading Mol2 file: ./6NR.mol2
Reading MOLECULE named 6NR
Checking Unit.

/home/case/amber24/bin/teLeap: Warning!
The unperturbed charge of the unit (-0.999000) is not zero.

/home/case/amber24/bin/teLeap: Note.
Ignoring the warning from Unit Checking.

Building topology.
"order_residues" off: keep input residue order.
Building atom parameters.
Building bond parameters.
Building angle parameters.
Building proper torsion parameters.
Building improper torsion parameters.
 total 9 improper torsions applied
Building H-Bond parameters.
Incorporating Non-Bonded adjustments.
Not Marking per-residue atom chain types.
Marking per-residue atom chain types.
  (Residues lacking connect0/connect1 - 
   these don't have chain types marked:

	res	total affected

	6NR	1
  )
 (no restraints)
	Quit

Exiting LEaP: Errors = 0; Warnings = 1; Notes = 1.
====== min.o =========================================================
Reading parm file (6NR.parm7)
title:
6NR                                                                             
no velocities were found
no velocities were found
	mm_options:  ntpr=5
	mm_options:  gb=1
	mm_options:  kappa=0.10395
	mm_options:  rgbmax=99.
	mm_options:  cut=99.0
	mm_options:  wcons=0.
     bond:      3.485028537
    angle:     21.971935458
 dihedral:     27.163011113
    enb14:      8.817079969
    eel14:    209.765779785
      enb:     -6.161869150
      eel:   -178.436502222
      egb:    -99.260829907
    econs:      0.000000000
    esurf:      0.000000000
    Total:    -12.656366417
     frms:     11.486375588
Starting TNCG minimisation
 MIN: Iter =    0  NFunc =     1  E =     -12.65637  RMSG = 1.1486376e+01
 MIN: Iter =    1  NFunc =     7  E =     -24.56113  RMSG = 3.1456035e+00
 MIN: Iter =    2  NFunc =    19  E =     -25.55125  RMSG = 3.5127510e+00
 MIN: Iter =    3  NFunc =    25  E =     -27.33099  RMSG = 1.2819491e+00
 MIN: Iter =    4  NFunc =    43  E =     -28.56637  RMSG = 2.5818242e+00
 MIN: Iter =    5  NFunc =    49  E =     -29.01875  RMSG = 5.8562489e-01
 MIN: Iter =    6  NFunc =    65  E =     -29.30043  RMSG = 8.0092114e-01
 MIN: Iter =    7  NFunc =    72  E =     -29.52229  RMSG = 1.1774959e+00
 MIN: Iter =    8  NFunc =    78  E =     -29.64336  RMSG = 3.5532565e-01
 MIN: Iter =    9  NFunc =   130  E =     -29.73335  RMSG = 8.6433812e-01
 MIN: Iter =   10  NFunc =   137  E =     -29.81363  RMSG = 9.0263038e-01
 MIN: Iter =   11  NFunc =   144  E =     -29.92993  RMSG = 1.0641874e+00
 MIN: Iter =   12  NFunc =   150  E =     -30.11811  RMSG = 2.5455741e+00
 MIN: Iter =   13  NFunc =   156  E =     -30.64676  RMSG = 9.8778302e-01
 MIN: Iter =   14  NFunc =   162  E =     -30.99861  RMSG = 2.6269562e+00
 MIN: Iter =   15  NFunc =   168  E =     -31.68474  RMSG = 1.2666688e+00
 MIN: Iter =   16  NFunc =   174  E =     -32.05052  RMSG = 2.2153147e+00
 MIN: Iter =   17  NFunc =   180  E =     -32.31346  RMSG = 2.9565502e-01
 MIN: Iter =   18  NFunc =   192  E =     -32.41594  RMSG = 5.9791472e-01
 MIN: Iter =   19  NFunc =   198  E =     -32.43619  RMSG = 1.4182211e-01
 MIN: Iter =   20  NFunc =   249  E =     -32.51278  RMSG = 3.1253034e-01
 MIN: Iter =   21  NFunc =   280  E =     -32.58630  RMSG = 3.2352864e-01
 MIN: Iter =   22  NFunc =   300  E =     -32.66450  RMSG = 3.3386144e-01
 MIN: Iter =   23  NFunc =   314  E =     -32.73398  RMSG = 3.1105802e-01
 MIN: Iter =   24  NFunc =   322  E =     -32.78369  RMSG = 1.8815312e-01
 MIN: Iter =   25  NFunc =   333  E =     -32.82953  RMSG = 2.8543657e-01
 MIN: Iter =   26  NFunc =   345  E =     -32.87817  RMSG = 2.1642462e-01
 MIN: Iter =   27  NFunc =   352  E =     -32.90606  RMSG = 2.1043234e-01
 MIN: Iter =   28  NFunc =   359  E =     -32.92797  RMSG = 1.5693897e-01
 MIN: Iter =   29  NFunc =   409  E =     -33.00849  RMSG = 3.5785984e-01
 MIN: Iter =   30  NFunc =   415  E =     -33.03303  RMSG = 1.7731011e-01
 MIN: Iter =   31  NFunc =   441  E =     -33.08558  RMSG = 3.4230429e-01
 MIN: Iter =   32  NFunc =   456  E =     -33.13920  RMSG = 1.6967792e-01
 MIN: Iter =   33  NFunc =   483  E =     -33.19671  RMSG = 3.8083353e-01
 MIN: Iter =   34  NFunc =   490  E =     -33.25138  RMSG = 1.9329629e-01
 MIN: Iter =   35  NFunc =   524  E =     -33.32209  RMSG = 3.4166393e-01
 MIN: Iter =   36  NFunc =   540  E =     -33.40359  RMSG = 3.5184422e-01
 MIN: Iter =   37  NFunc =   549  E =     -33.49008  RMSG = 2.9181979e-01
 MIN: Iter =   38  NFunc =   555  E =     -33.55299  RMSG = 3.0859049e-01
 MIN: Iter =   39  NFunc =   561  E =     -33.62031  RMSG = 3.6628063e-01
 MIN: Iter =   40  NFunc =   567  E =     -33.67688  RMSG = 2.7923955e-01
 MIN: Iter =   41  NFunc =   575  E =     -33.72189  RMSG = 1.7152129e-01
 MIN: Iter =   42  NFunc =   585  E =     -33.75159  RMSG = 2.2457775e-01
 MIN: Iter =   43  NFunc =   595  E =     -33.77200  RMSG = 1.1339107e-01
 MIN: Iter =   44  NFunc =   614  E =     -33.79355  RMSG = 1.2511584e-01
 MIN: Iter =   45  NFunc =   643  E =     -33.82430  RMSG = 2.3004904e-01
 MIN: Iter =   46  NFunc =   662  E =     -33.83791  RMSG = 6.9415614e-02
 MIN: Iter =   47  NFunc =   690  E =     -33.84623  RMSG = 8.6720650e-02
 MIN: Iter =   48  NFunc =   737  E =     -33.85400  RMSG = 6.6705488e-02
 MIN: Iter =   49  NFunc =   764  E =     -33.85589  RMSG = 2.4769095e-02
 MIN: Iter =   50  NFunc =   795  E =     -33.85762  RMSG = 1.7376867e-02
 MIN: Iter =   51  NFunc =   819  E =     -33.85828  RMSG = 1.6737009e-02
 MIN: Iter =   52  NFunc =   827  E =     -33.85836  RMSG = 8.1329055e-03
 MIN: Iter =   53  NFunc =   846  E =     -33.85845  RMSG = 4.2903709e-03
 MIN: Iter =   54  NFunc =   897  E =     -33.85869  RMSG = 5.8164968e-03
 MIN: Iter =   55  NFunc =   947  E =     -33.85888  RMSG = 5.5529626e-03
 MIN: Iter =   56  NFunc =   971  E =     -33.85892  RMSG = 2.6128410e-03
 MIN: Iter =   57  NFunc =  1009  E =     -33.85895  RMSG = 1.6976727e-03
 MIN: Iter =   58  NFunc =  1045  E =     -33.85896  RMSG = 1.1866024e-03
 MIN: Iter =   59  NFunc =  1068  E =     -33.85896  RMSG = 5.5144198e-04
 MIN: Iter =   60  NFunc =  1104  E =     -33.85896  RMSG = 4.3281744e-04
----------------------------------------------------------------
 END:          :-)  E =     -33.85896  RMSG =   0.0004328

     bond:      3.937491599
    angle:     16.974664901
 dihedral:     24.827247033
    enb14:      7.946654467
    eel14:    210.861811597
      enb:     -6.310284925
      eel:   -195.489457322
      egb:    -96.607087395
    econs:      0.000000000
    esurf:      0.000000000
    Total:    -33.858960045
     frms:      0.000432817
====== rms.dat  ======================================================
#Frame      all_heavy
       1       1.5700
