====== tleap.out =====================================================
-I: Adding /home/case/amber24/dat/leap/prep to search path.
-I: Adding /home/case/amber24/dat/leap/lib to search path.
-I: Adding /home/case/amber24/dat/leap/parm to search path.
-I: Adding /home/case/amber24/dat/leap/cmd to search path.
-f: Source leap.in.

Welcome to LEaP!
(no leaprc in search path)
Sourcing: ./leap.in
Using Bondi radii
----- Source: /home/case/amber24/dat/leap/cmd/leaprc.gaff2
----- Source of /home/case/amber24/dat/leap/cmd/leaprc.gaff2 done
Log file: ./leap.log
Loading parameters: /home/case/amber24/dat/leap/parm/gaff2.dat
Reading title:
AMBER General Force Field for organic molecules (Version 2.2.20, March 2021)
Loading parameters: ./6OR.frcmod
Reading force field modification type file (frcmod)
Reading title:
Remark line goes here
Loading Mol2 file: ./6OR.mol2
Reading MOLECULE named 6OR
Checking Unit.

/home/case/amber24/bin/teLeap: Warning!
The unperturbed charge of the unit (-0.999999) is not zero.

/home/case/amber24/bin/teLeap: Note.
Ignoring the warning from Unit Checking.

Building topology.
"order_residues" off: keep input residue order.
Building atom parameters.
Building bond parameters.
Building angle parameters.
Building proper torsion parameters.
Building improper torsion parameters.
 total 6 improper torsions applied
Building H-Bond parameters.
Incorporating Non-Bonded adjustments.
Not Marking per-residue atom chain types.
Marking per-residue atom chain types.
  (Residues lacking connect0/connect1 - 
   these don't have chain types marked:

	res	total affected

	6OR	1
  )
 (no restraints)
	Quit

Exiting LEaP: Errors = 0; Warnings = 1; Notes = 1.
====== min.o =========================================================
Reading parm file (6OR.parm7)
title:
6OR                                                                             
no velocities were found
no velocities were found
	mm_options:  ntpr=5
	mm_options:  gb=1
	mm_options:  kappa=0.10395
	mm_options:  rgbmax=99.
	mm_options:  cut=99.0
	mm_options:  wcons=0.
     bond:      1.351437458
    angle:      7.602889256
 dihedral:      7.857732499
    enb14:      5.359665472
    eel14:     55.393452959
      enb:     -0.842365588
      eel:    -76.924939659
      egb:    -67.821638670
    econs:      0.000000000
    esurf:      0.000000000
    Total:    -68.023766273
     frms:     15.437947913
Starting TNCG minimisation
 MIN: Iter =    0  NFunc =     1  E =     -68.02377  RMSG = 1.5437948e+01
 MIN: Iter =    1  NFunc =     7  E =     -74.59658  RMSG = 2.2707574e+00
 MIN: Iter =    2  NFunc =    14  E =     -74.89979  RMSG = 3.7425521e-01
 MIN: Iter =    3  NFunc =    21  E =     -74.92255  RMSG = 1.8490197e-01
 MIN: Iter =    4  NFunc =    31  E =     -74.93135  RMSG = 9.3034923e-02
 MIN: Iter =    5  NFunc =    41  E =     -74.93483  RMSG = 6.9834214e-02
 MIN: Iter =    6  NFunc =    50  E =     -74.93515  RMSG = 2.5278611e-02
 MIN: Iter =    7  NFunc =    58  E =     -74.93526  RMSG = 1.0218032e-02
 MIN: Iter =    8  NFunc =    85  E =     -74.93609  RMSG = 7.2933978e-02
 MIN: Iter =    9  NFunc =    91  E =     -74.93631  RMSG = 2.2701881e-02
 MIN: Iter =   10  NFunc =   102  E =     -74.93650  RMSG = 3.1636480e-02
 MIN: Iter =   11  NFunc =   108  E =     -74.93652  RMSG = 6.1886894e-03
 MIN: Iter =   12  NFunc =   116  E =     -74.93652  RMSG = 1.7174050e-03
 MIN: Iter =   13  NFunc =   122  E =     -74.93652  RMSG = 9.9566756e-04
 MIN: Iter =   14  NFunc =   128  E =     -74.93652  RMSG = 5.6186100e-04
 MIN: Iter =   15  NFunc =   134  E =     -74.93652  RMSG = 3.3995922e-04
----------------------------------------------------------------
 END:          :-)  E =     -74.93652  RMSG =   0.0003400

     bond:      0.423221382
    angle:      3.405287164
 dihedral:      7.747699612
    enb14:      3.728747240
    eel14:     53.860055332
      enb:     -0.782085307
      eel:    -76.856368185
      egb:    -66.463082229
    econs:      0.000000000
    esurf:      0.000000000
    Total:    -74.936524990
     frms:      0.000339959
====== rms.dat  ======================================================
#Frame      all_heavy
       1       0.0580
