====== tleap.out =====================================================
-I: Adding /home/case/amber24/dat/leap/prep to search path.
-I: Adding /home/case/amber24/dat/leap/lib to search path.
-I: Adding /home/case/amber24/dat/leap/parm to search path.
-I: Adding /home/case/amber24/dat/leap/cmd to search path.
-f: Source leap.in.

Welcome to LEaP!
(no leaprc in search path)
Sourcing: ./leap.in
Using Bondi radii
----- Source: /home/case/amber24/dat/leap/cmd/leaprc.gaff2
----- Source of /home/case/amber24/dat/leap/cmd/leaprc.gaff2 done
Log file: ./leap.log
Loading parameters: /home/case/amber24/dat/leap/parm/gaff2.dat
Reading title:
AMBER General Force Field for organic molecules (Version 2.2.20, March 2021)
Loading parameters: ./6P1.frcmod
Reading force field modification type file (frcmod)
Reading title:
Remark line goes here
Loading Mol2 file: ./6P1.mol2
Reading MOLECULE named 6P1
Checking Unit.
Building topology.
"order_residues" off: keep input residue order.
Building atom parameters.
Building bond parameters.
Building angle parameters.
Building proper torsion parameters.
Building improper torsion parameters.
 total 13 improper torsions applied
Building H-Bond parameters.
Incorporating Non-Bonded adjustments.
Not Marking per-residue atom chain types.
Marking per-residue atom chain types.
  (Residues lacking connect0/connect1 - 
   these don't have chain types marked:

	res	total affected

	6P1	1
  )
 (no restraints)
	Quit

Exiting LEaP: Errors = 0; Warnings = 0; Notes = 0.
====== min.o =========================================================
Reading parm file (6P1.parm7)
title:
6P1                                                                             
no velocities were found
no velocities were found
	mm_options:  ntpr=5
	mm_options:  gb=1
	mm_options:  kappa=0.10395
	mm_options:  rgbmax=99.
	mm_options:  cut=99.0
	mm_options:  wcons=0.
     bond:      2.139911902
    angle:     15.841317075
 dihedral:     15.526359190
    enb14:      5.721852094
    eel14:    -44.209201596
      enb:     -3.074870097
      eel:     11.618840885
      egb:    -17.798787943
    econs:      0.000000000
    esurf:      0.000000000
    Total:    -14.234578490
     frms:      9.825964768
Starting TNCG minimisation
 MIN: Iter =    0  NFunc =     1  E =     -14.23458  RMSG = 9.8259648e+00
 MIN: Iter =    1  NFunc =     7  E =     -23.83636  RMSG = 2.9556426e+00
 MIN: Iter =    2  NFunc =    15  E =     -26.84169  RMSG = 1.6578428e+00
 MIN: Iter =    3  NFunc =    31  E =     -28.73331  RMSG = 1.4370967e+00
 MIN: Iter =    4  NFunc =    39  E =     -29.95252  RMSG = 1.3198182e+00
 MIN: Iter =    5  NFunc =    45  E =     -30.87443  RMSG = 1.1408252e+00
 MIN: Iter =    6  NFunc =    58  E =     -31.58751  RMSG = 1.2775374e+00
 MIN: Iter =    7  NFunc =    64  E =     -31.99645  RMSG = 6.8432882e-01
 MIN: Iter =    8  NFunc =    79  E =     -32.44789  RMSG = 1.1815510e+00
 MIN: Iter =    9  NFunc =    85  E =     -32.67195  RMSG = 5.0655496e-01
 MIN: Iter =   10  NFunc =   105  E =     -32.90947  RMSG = 6.8788526e-01
 MIN: Iter =   11  NFunc =   134  E =     -33.22361  RMSG = 6.1536655e-01
 MIN: Iter =   12  NFunc =   142  E =     -33.33433  RMSG = 3.1787867e-01
 MIN: Iter =   13  NFunc =   162  E =     -33.48895  RMSG = 4.2241543e-01
 MIN: Iter =   14  NFunc =   178  E =     -33.57062  RMSG = 2.4088357e-01
 MIN: Iter =   15  NFunc =   187  E =     -33.59388  RMSG = 1.4087854e-01
 MIN: Iter =   16  NFunc =   238  E =     -33.67383  RMSG = 4.3141602e-01
 MIN: Iter =   17  NFunc =   244  E =     -33.70736  RMSG = 1.4993948e-01
 MIN: Iter =   18  NFunc =   266  E =     -33.74246  RMSG = 3.1951932e-01
 MIN: Iter =   19  NFunc =   272  E =     -33.75714  RMSG = 8.3881560e-02
 MIN: Iter =   20  NFunc =   287  E =     -33.76692  RMSG = 5.6720226e-02
 MIN: Iter =   21  NFunc =   338  E =     -33.78359  RMSG = 3.3156843e-01
 MIN: Iter =   22  NFunc =   344  E =     -33.79669  RMSG = 9.9370959e-02
 MIN: Iter =   23  NFunc =   373  E =     -33.81394  RMSG = 1.0282883e-01
 MIN: Iter =   24  NFunc =   389  E =     -33.82705  RMSG = 2.4530232e-01
 MIN: Iter =   25  NFunc =   395  E =     -33.83470  RMSG = 6.1555918e-02
 MIN: Iter =   26  NFunc =   446  E =     -33.84751  RMSG = 1.2093054e-01
 MIN: Iter =   27  NFunc =   452  E =     -33.85483  RMSG = 9.3580000e-02
 MIN: Iter =   28  NFunc =   468  E =     -33.86435  RMSG = 1.7104262e-01
 MIN: Iter =   29  NFunc =   474  E =     -33.86990  RMSG = 6.8838045e-02
 MIN: Iter =   30  NFunc =   504  E =     -33.87845  RMSG = 7.5851385e-02
 MIN: Iter =   31  NFunc =   517  E =     -33.88615  RMSG = 1.0919373e-01
 MIN: Iter =   32  NFunc =   527  E =     -33.89408  RMSG = 1.2849819e-01
 MIN: Iter =   33  NFunc =   533  E =     -33.89680  RMSG = 4.7335246e-02
 MIN: Iter =   34  NFunc =   539  E =     -33.89816  RMSG = 4.1446301e-02
 MIN: Iter =   35  NFunc =   591  E =     -33.90522  RMSG = 9.9847228e-02
 MIN: Iter =   36  NFunc =   600  E =     -33.91228  RMSG = 9.8632938e-02
 MIN: Iter =   37  NFunc =   613  E =     -33.92053  RMSG = 1.6302073e-01
 MIN: Iter =   38  NFunc =   621  E =     -33.92946  RMSG = 8.7958969e-02
 MIN: Iter =   39  NFunc =   628  E =     -33.93409  RMSG = 2.1854307e-01
 MIN: Iter =   40  NFunc =   634  E =     -33.94177  RMSG = 7.1149138e-02
 MIN: Iter =   41  NFunc =   650  E =     -33.94623  RMSG = 9.0757625e-02
 MIN: Iter =   42  NFunc =   657  E =     -33.95138  RMSG = 9.8278340e-02
 MIN: Iter =   43  NFunc =   663  E =     -33.95387  RMSG = 5.5399966e-02
 MIN: Iter =   44  NFunc =   689  E =     -33.95829  RMSG = 8.3589096e-02
 MIN: Iter =   45  NFunc =   707  E =     -33.96450  RMSG = 1.4808877e-01
 MIN: Iter =   46  NFunc =   722  E =     -33.97421  RMSG = 7.7518291e-02
 MIN: Iter =   47  NFunc =   731  E =     -33.97939  RMSG = 9.6422492e-02
 MIN: Iter =   48  NFunc =   742  E =     -33.98253  RMSG = 3.9722419e-02
 MIN: Iter =   49  NFunc =   750  E =     -33.98423  RMSG = 3.8594363e-02
 MIN: Iter =   50  NFunc =   759  E =     -33.98484  RMSG = 1.9921000e-02
 MIN: Iter =   51  NFunc =   785  E =     -33.98565  RMSG = 1.4607822e-02
 MIN: Iter =   52  NFunc =   832  E =     -33.98754  RMSG = 3.0982878e-02
 MIN: Iter =   53  NFunc =   838  E =     -33.98767  RMSG = 9.5896160e-03
 MIN: Iter =   54  NFunc =   875  E =     -33.98778  RMSG = 5.0280170e-03
 MIN: Iter =   55  NFunc =   915  E =     -33.98790  RMSG = 7.6694056e-03
 MIN: Iter =   56  NFunc =   928  E =     -33.98792  RMSG = 2.8138316e-03
 MIN: Iter =   57  NFunc =   980  E =     -33.98806  RMSG = 1.7667769e-02
 MIN: Iter =   58  NFunc =   986  E =     -33.98817  RMSG = 1.4087460e-02
 MIN: Iter =   59  NFunc =   992  E =     -33.98825  RMSG = 1.5258374e-02
 MIN: Iter =   60  NFunc =   999  E =     -33.98831  RMSG = 1.0134130e-02
 MIN: Iter =   61  NFunc =  1013  E =     -33.98839  RMSG = 2.4488563e-02
 MIN: Iter =   62  NFunc =  1019  E =     -33.98845  RMSG = 6.6025673e-03
 MIN: Iter =   63  NFunc =  1037  E =     -33.98850  RMSG = 9.6639082e-03
 MIN: Iter =   64  NFunc =  1045  E =     -33.98852  RMSG = 4.8589512e-03
 MIN: Iter =   65  NFunc =  1055  E =     -33.98853  RMSG = 5.9815571e-03
 MIN: Iter =   66  NFunc =  1074  E =     -33.98855  RMSG = 3.6345553e-03
 MIN: Iter =   67  NFunc =  1089  E =     -33.98855  RMSG = 4.5236069e-03
 MIN: Iter =   68  NFunc =  1101  E =     -33.98856  RMSG = 1.5902729e-03
 MIN: Iter =   69  NFunc =  1134  E =     -33.98857  RMSG = 2.6043805e-03
 MIN: Iter =   70  NFunc =  1156  E =     -33.98857  RMSG = 4.7962247e-03
 MIN: Iter =   71  NFunc =  1162  E =     -33.98858  RMSG = 1.2119387e-03
 MIN: Iter =   72  NFunc =  1195  E =     -33.98858  RMSG = 1.6991308e-03
 MIN: Iter =   73  NFunc =  1217  E =     -33.98858  RMSG = 3.7118311e-03
 MIN: Iter =   74  NFunc =  1223  E =     -33.98859  RMSG = 1.4476102e-03
 MIN: Iter =   75  NFunc =  1264  E =     -33.98859  RMSG = 3.4264631e-03
 MIN: Iter =   76  NFunc =  1283  E =     -33.98860  RMSG = 8.8183053e-03
 MIN: Iter =   77  NFunc =  1289  E =     -33.98861  RMSG = 1.9729554e-03
 MIN: Iter =   78  NFunc =  1304  E =     -33.98861  RMSG = 3.0779139e-03
 MIN: Iter =   79  NFunc =  1310  E =     -33.98862  RMSG = 2.5831771e-03
 MIN: Iter =   80  NFunc =  1321  E =     -33.98862  RMSG = 3.7961060e-03
 MIN: Iter =   81  NFunc =  1327  E =     -33.98862  RMSG = 1.0717714e-03
 MIN: Iter =   82  NFunc =  1355  E =     -33.98862  RMSG = 1.2946108e-03
 MIN: Iter =   83  NFunc =  1399  E =     -33.98864  RMSG = 5.0938311e-03
 MIN: Iter =   84  NFunc =  1405  E =     -33.98864  RMSG = 9.0395285e-04
 MIN: Iter =   85  NFunc =  1456  E =     -33.98865  RMSG = 1.5147917e-03
 MIN: Iter =   86  NFunc =  1484  E =     -33.98865  RMSG = 3.6257637e-03
 MIN: Iter =   87  NFunc =  1496  E =     -33.98866  RMSG = 1.4211860e-03
 MIN: Iter =   88  NFunc =  1548  E =     -33.98867  RMSG = 4.3742897e-03
 MIN: Iter =   89  NFunc =  1554  E =     -33.98867  RMSG = 1.8261940e-03
 MIN: Iter =   90  NFunc =  1562  E =     -33.98867  RMSG = 1.0551729e-03
 MIN: Iter =   91  NFunc =  1582  E =     -33.98867  RMSG = 7.3944198e-04
 MIN: Iter =   92  NFunc =  1589  E =     -33.98867  RMSG = 3.7579226e-04
----------------------------------------------------------------
 END:          :-)  E =     -33.98867  RMSG =   0.0003758

     bond:      1.329294118
    angle:     11.253056748
 dihedral:      2.996400021
    enb14:      4.536886743
    eel14:    -44.061675332
      enb:     -3.092601461
      eel:     11.505031309
      egb:    -18.455064292
    econs:      0.000000000
    esurf:      0.000000000
    Total:    -33.988672147
     frms:      0.000375792
====== rms.dat  ======================================================
#Frame      all_heavy
       1       0.9423
