====== tleap.out =====================================================
-I: Adding /home/case/amber24/dat/leap/prep to search path.
-I: Adding /home/case/amber24/dat/leap/lib to search path.
-I: Adding /home/case/amber24/dat/leap/parm to search path.
-I: Adding /home/case/amber24/dat/leap/cmd to search path.
-f: Source leap.in.

Welcome to LEaP!
(no leaprc in search path)
Sourcing: ./leap.in
Using Bondi radii
----- Source: /home/case/amber24/dat/leap/cmd/leaprc.gaff2
----- Source of /home/case/amber24/dat/leap/cmd/leaprc.gaff2 done
Log file: ./leap.log
Loading parameters: /home/case/amber24/dat/leap/parm/gaff2.dat
Reading title:
AMBER General Force Field for organic molecules (Version 2.2.20, March 2021)
Loading parameters: ./6Q7.frcmod
Reading force field modification type file (frcmod)
Reading title:
Remark line goes here
Loading Mol2 file: ./6Q7.mol2
Reading MOLECULE named 6Q7
Checking Unit.

/home/case/amber24/bin/teLeap: Warning!
The unperturbed charge of the unit (-0.999996) is not zero.

/home/case/amber24/bin/teLeap: Note.
Ignoring the warning from Unit Checking.

Building topology.
"order_residues" off: keep input residue order.
Building atom parameters.
Building bond parameters.
Building angle parameters.
Building proper torsion parameters.
Building improper torsion parameters.
 total 23 improper torsions applied
Building H-Bond parameters.
Incorporating Non-Bonded adjustments.
Not Marking per-residue atom chain types.
Marking per-residue atom chain types.
  (Residues lacking connect0/connect1 - 
   these don't have chain types marked:

	res	total affected

	6Q7	1
  )
 (no restraints)
	Quit

Exiting LEaP: Errors = 0; Warnings = 1; Notes = 1.
====== min.o =========================================================
Reading parm file (6Q7.parm7)
title:
6Q7                                                                             
no velocities were found
no velocities were found
	mm_options:  ntpr=5
	mm_options:  gb=1
	mm_options:  kappa=0.10395
	mm_options:  rgbmax=99.
	mm_options:  cut=99.0
	mm_options:  wcons=0.
     bond:      2.928232072
    angle:     26.829086278
 dihedral:     23.536572576
    enb14:     15.982372278
    eel14:     20.261260151
      enb:     -2.509578204
      eel:    -53.293653487
      egb:    -83.074572824
    econs:      0.000000000
    esurf:      0.000000000
    Total:    -49.340281161
     frms:      9.801259872
Starting TNCG minimisation
 MIN: Iter =    0  NFunc =     1  E =     -49.34028  RMSG = 9.8012599e+00
 MIN: Iter =    1  NFunc =     7  E =     -61.66776  RMSG = 2.1716379e+00
 MIN: Iter =    2  NFunc =    23  E =     -65.17188  RMSG = 1.0968621e+00
 MIN: Iter =    3  NFunc =    32  E =     -66.36582  RMSG = 9.2396550e-01
 MIN: Iter =    4  NFunc =    66  E =     -67.56017  RMSG = 7.7454438e-01
 MIN: Iter =    5  NFunc =    82  E =     -68.48151  RMSG = 8.0526278e-01
 MIN: Iter =    6  NFunc =    90  E =     -69.02744  RMSG = 5.4995370e-01
 MIN: Iter =    7  NFunc =    98  E =     -69.33025  RMSG = 5.9418534e-01
 MIN: Iter =    8  NFunc =   113  E =     -69.56771  RMSG = 2.7739180e-01
 MIN: Iter =    9  NFunc =   128  E =     -69.72670  RMSG = 2.4714689e-01
 MIN: Iter =   10  NFunc =   179  E =     -69.90791  RMSG = 5.4371665e-01
 MIN: Iter =   11  NFunc =   189  E =     -69.98161  RMSG = 1.7721069e-01
 MIN: Iter =   12  NFunc =   207  E =     -70.05925  RMSG = 4.2433144e-01
 MIN: Iter =   13  NFunc =   213  E =     -70.08385  RMSG = 1.0961247e-01
 MIN: Iter =   14  NFunc =   264  E =     -70.15917  RMSG = 4.0694440e-01
 MIN: Iter =   15  NFunc =   271  E =     -70.18353  RMSG = 9.7537361e-02
 MIN: Iter =   16  NFunc =   302  E =     -70.20090  RMSG = 3.8326790e-01
 MIN: Iter =   17  NFunc =   308  E =     -70.21539  RMSG = 7.2633364e-02
 MIN: Iter =   18  NFunc =   317  E =     -70.21722  RMSG = 2.8516716e-02
 MIN: Iter =   19  NFunc =   368  E =     -70.22263  RMSG = 8.2255967e-02
 MIN: Iter =   20  NFunc =   375  E =     -70.22341  RMSG = 2.2309783e-02
 MIN: Iter =   21  NFunc =   390  E =     -70.22427  RMSG = 1.5359580e-02
 MIN: Iter =   22  NFunc =   430  E =     -70.22534  RMSG = 1.0624029e-02
 MIN: Iter =   23  NFunc =   481  E =     -70.22565  RMSG = 6.8149310e-03
 MIN: Iter =   24  NFunc =   502  E =     -70.22572  RMSG = 3.5491013e-03
 MIN: Iter =   25  NFunc =   520  E =     -70.22579  RMSG = 4.0457349e-03
 MIN: Iter =   26  NFunc =   543  E =     -70.22581  RMSG = 1.7588490e-03
 MIN: Iter =   27  NFunc =   591  E =     -70.22582  RMSG = 7.0437731e-04
 MIN: Iter =   28  NFunc =   642  E =     -70.22582  RMSG = 6.9481401e-04
 MIN: Iter =   29  NFunc =   654  E =     -70.22582  RMSG = 2.6259593e-04
----------------------------------------------------------------
 END:          :-)  E =     -70.22582  RMSG =   0.0002626

     bond:      2.878628515
    angle:     18.660650490
 dihedral:     15.997483372
    enb14:     11.847948441
    eel14:     19.051875781
      enb:     -2.490186859
      eel:    -51.136251391
      egb:    -85.035970294
    econs:      0.000000000
    esurf:      0.000000000
    Total:    -70.225821946
     frms:      0.000262596
====== rms.dat  ======================================================
#Frame      all_heavy
       1       0.5020
