====== tleap.out =====================================================
-I: Adding /home/case/amber24/dat/leap/prep to search path.
-I: Adding /home/case/amber24/dat/leap/lib to search path.
-I: Adding /home/case/amber24/dat/leap/parm to search path.
-I: Adding /home/case/amber24/dat/leap/cmd to search path.
-f: Source leap.in.

Welcome to LEaP!
(no leaprc in search path)
Sourcing: ./leap.in
Using Bondi radii
----- Source: /home/case/amber24/dat/leap/cmd/leaprc.gaff2
----- Source of /home/case/amber24/dat/leap/cmd/leaprc.gaff2 done
Log file: ./leap.log
Loading parameters: /home/case/amber24/dat/leap/parm/gaff2.dat
Reading title:
AMBER General Force Field for organic molecules (Version 2.2.20, March 2021)
Loading parameters: ./6Q8.frcmod
Reading force field modification type file (frcmod)
Reading title:
Remark line goes here
Loading Mol2 file: ./6Q8.mol2
Reading MOLECULE named 6Q8
Checking Unit.
Building topology.
"order_residues" off: keep input residue order.
Building atom parameters.
Building bond parameters.
Building angle parameters.
Building proper torsion parameters.
Building improper torsion parameters.
 total 22 improper torsions applied
Building H-Bond parameters.
Incorporating Non-Bonded adjustments.
Not Marking per-residue atom chain types.
Marking per-residue atom chain types.
  (Residues lacking connect0/connect1 - 
   these don't have chain types marked:

	res	total affected

	6Q8	1
  )
 (no restraints)
	Quit

Exiting LEaP: Errors = 0; Warnings = 0; Notes = 0.
====== min.o =========================================================
Reading parm file (6Q8.parm7)
title:
6Q8                                                                             
no velocities were found
no velocities were found
	mm_options:  ntpr=5
	mm_options:  gb=1
	mm_options:  kappa=0.10395
	mm_options:  rgbmax=99.
	mm_options:  cut=99.0
	mm_options:  wcons=0.
     bond:      7.118769615
    angle:     29.941481755
 dihedral:     22.658766448
    enb14:      8.148718209
    eel14:   -265.492901953
      enb:     -5.683431767
      eel:    112.583721375
      egb:    -41.284867379
    econs:      0.000000000
    esurf:      0.000000000
    Total:   -132.009743698
     frms:     16.536688124
Starting TNCG minimisation
 MIN: Iter =    0  NFunc =     1  E =    -132.00974  RMSG = 1.6536688e+01
 MIN: Iter =    1  NFunc =     7  E =    -152.14183  RMSG = 3.8498612e+00
 MIN: Iter =    2  NFunc =    19  E =    -156.09816  RMSG = 2.1458738e+00
 MIN: Iter =    3  NFunc =    26  E =    -157.19711  RMSG = 1.0955599e+00
 MIN: Iter =    4  NFunc =    40  E =    -157.66781  RMSG = 6.1253390e-01
 MIN: Iter =    5  NFunc =    83  E =    -158.09388  RMSG = 6.7797088e-01
 MIN: Iter =    6  NFunc =    89  E =    -158.41363  RMSG = 5.5777949e-01
 MIN: Iter =    7  NFunc =    95  E =    -158.70152  RMSG = 5.7764194e-01
 MIN: Iter =    8  NFunc =   101  E =    -158.98167  RMSG = 5.7738961e-01
 MIN: Iter =    9  NFunc =   107  E =    -159.26602  RMSG = 6.1193134e-01
 MIN: Iter =   10  NFunc =   113  E =    -159.56116  RMSG = 5.8322010e-01
 MIN: Iter =   11  NFunc =   122  E =    -159.83384  RMSG = 6.2003466e-01
 MIN: Iter =   12  NFunc =   130  E =    -160.03194  RMSG = 4.2025370e-01
 MIN: Iter =   13  NFunc =   139  E =    -160.16724  RMSG = 4.7848943e-01
 MIN: Iter =   14  NFunc =   145  E =    -160.22416  RMSG = 2.1983689e-01
 MIN: Iter =   15  NFunc =   169  E =    -160.29428  RMSG = 5.9236577e-01
 MIN: Iter =   16  NFunc =   175  E =    -160.36052  RMSG = 1.8076066e-01
 MIN: Iter =   17  NFunc =   197  E =    -160.41642  RMSG = 1.9278562e-01
 MIN: Iter =   18  NFunc =   207  E =    -160.45964  RMSG = 3.7859109e-01
 MIN: Iter =   19  NFunc =   213  E =    -160.49067  RMSG = 1.1845118e-01
 MIN: Iter =   20  NFunc =   221  E =    -160.50354  RMSG = 1.7206076e-01
 MIN: Iter =   21  NFunc =   249  E =    -160.53695  RMSG = 2.0358588e-01
 MIN: Iter =   22  NFunc =   258  E =    -160.54584  RMSG = 7.9442418e-02
 MIN: Iter =   23  NFunc =   275  E =    -160.55245  RMSG = 6.0284503e-02
 MIN: Iter =   24  NFunc =   326  E =    -160.56193  RMSG = 1.8313006e-01
 MIN: Iter =   25  NFunc =   332  E =    -160.56669  RMSG = 4.3703734e-02
 MIN: Iter =   26  NFunc =   384  E =    -160.57855  RMSG = 7.1762757e-02
 MIN: Iter =   27  NFunc =   424  E =    -160.60412  RMSG = 3.6359928e-01
 MIN: Iter =   28  NFunc =   430  E =    -160.63369  RMSG = 1.4989997e-01
 MIN: Iter =   29  NFunc =   468  E =    -160.67214  RMSG = 3.4814933e-01
 MIN: Iter =   30  NFunc =   475  E =    -160.71433  RMSG = 2.3390881e-01
 MIN: Iter =   31  NFunc =   526  E =    -160.77658  RMSG = 4.1153935e-01
 MIN: Iter =   32  NFunc =   534  E =    -160.86769  RMSG = 3.8802469e-01
 MIN: Iter =   33  NFunc =   540  E =    -160.95094  RMSG = 3.6051576e-01
 MIN: Iter =   34  NFunc =   546  E =    -161.02550  RMSG = 3.6227260e-01
 MIN: Iter =   35  NFunc =   552  E =    -161.09687  RMSG = 3.6683937e-01
 MIN: Iter =   36  NFunc =   560  E =    -161.17372  RMSG = 3.0051193e-01
 MIN: Iter =   37  NFunc =   574  E =    -161.25078  RMSG = 3.0735875e-01
 MIN: Iter =   38  NFunc =   584  E =    -161.31849  RMSG = 2.8086861e-01
 MIN: Iter =   39  NFunc =   591  E =    -161.37109  RMSG = 2.5484534e-01
 MIN: Iter =   40  NFunc =   599  E =    -161.41365  RMSG = 2.6629107e-01
 MIN: Iter =   41  NFunc =   608  E =    -161.45104  RMSG = 2.9270438e-01
 MIN: Iter =   42  NFunc =   616  E =    -161.48018  RMSG = 1.4426273e-01
 MIN: Iter =   43  NFunc =   650  E =    -161.54862  RMSG = 2.5404899e-01
 MIN: Iter =   44  NFunc =   656  E =    -161.56610  RMSG = 1.4368485e-01
 MIN: Iter =   45  NFunc =   676  E =    -161.59162  RMSG = 2.4498119e-01
 MIN: Iter =   46  NFunc =   682  E =    -161.60379  RMSG = 9.0607670e-02
 MIN: Iter =   47  NFunc =   709  E =    -161.62550  RMSG = 3.1794949e-01
 MIN: Iter =   48  NFunc =   715  E =    -161.64493  RMSG = 8.9132535e-02
 MIN: Iter =   49  NFunc =   728  E =    -161.65320  RMSG = 1.0753962e-01
 MIN: Iter =   50  NFunc =   738  E =    -161.65876  RMSG = 6.0590829e-02
 MIN: Iter =   51  NFunc =   790  E =    -161.67541  RMSG = 8.5241429e-02
 MIN: Iter =   52  NFunc =   817  E =    -161.69347  RMSG = 1.2667733e-01
 MIN: Iter =   53  NFunc =   829  E =    -161.69903  RMSG = 5.5318481e-02
 MIN: Iter =   54  NFunc =   841  E =    -161.70184  RMSG = 3.7043479e-02
 MIN: Iter =   55  NFunc =   866  E =    -161.70494  RMSG = 2.8756859e-02
 MIN: Iter =   56  NFunc =   891  E =    -161.70675  RMSG = 2.0290944e-02
 MIN: Iter =   57  NFunc =   917  E =    -161.70770  RMSG = 1.4541478e-02
 MIN: Iter =   58  NFunc =   941  E =    -161.70812  RMSG = 7.8087792e-03
 MIN: Iter =   59  NFunc =   992  E =    -161.70912  RMSG = 2.3389963e-02
 MIN: Iter =   60  NFunc =  1012  E =    -161.70942  RMSG = 7.7691842e-03
 MIN: Iter =   61  NFunc =  1034  E =    -161.70951  RMSG = 4.1333484e-03
 MIN: Iter =   62  NFunc =  1056  E =    -161.70954  RMSG = 2.6271193e-03
 MIN: Iter =   63  NFunc =  1107  E =    -161.70962  RMSG = 5.5049364e-03
 MIN: Iter =   64  NFunc =  1130  E =    -161.70968  RMSG = 3.2236474e-03
 MIN: Iter =   65  NFunc =  1169  E =    -161.70973  RMSG = 2.4117679e-03
 MIN: Iter =   66  NFunc =  1182  E =    -161.70973  RMSG = 1.3777918e-03
 MIN: Iter =   67  NFunc =  1233  E =    -161.70976  RMSG = 3.0766578e-03
 MIN: Iter =   68  NFunc =  1256  E =    -161.70978  RMSG = 1.8257839e-03
 MIN: Iter =   69  NFunc =  1294  E =    -161.70979  RMSG = 1.1415624e-03
 MIN: Iter =   70  NFunc =  1307  E =    -161.70979  RMSG = 5.9539229e-04
 MIN: Iter =   71  NFunc =  1317  E =    -161.70979  RMSG = 4.9023111e-04
----------------------------------------------------------------
 END:          :-)  E =    -161.70979  RMSG =   0.0004902

     bond:      2.759272624
    angle:     20.644551250
 dihedral:     10.047997825
    enb14:      6.308616874
    eel14:   -267.560071504
      enb:     -4.755254397
      eel:    113.814891984
      egb:    -42.969797041
    econs:      0.000000000
    esurf:      0.000000000
    Total:   -161.709792386
     frms:      0.000490231
====== rms.dat  ======================================================
#Frame      all_heavy
       1       1.1971
