====== tleap.out =====================================================
-I: Adding /home/case/amber24/dat/leap/prep to search path.
-I: Adding /home/case/amber24/dat/leap/lib to search path.
-I: Adding /home/case/amber24/dat/leap/parm to search path.
-I: Adding /home/case/amber24/dat/leap/cmd to search path.
-f: Source leap.in.

Welcome to LEaP!
(no leaprc in search path)
Sourcing: ./leap.in
Using Bondi radii
----- Source: /home/case/amber24/dat/leap/cmd/leaprc.gaff2
----- Source of /home/case/amber24/dat/leap/cmd/leaprc.gaff2 done
Log file: ./leap.log
Loading parameters: /home/case/amber24/dat/leap/parm/gaff2.dat
Reading title:
AMBER General Force Field for organic molecules (Version 2.2.20, March 2021)
Loading parameters: ./6SH.frcmod
Reading force field modification type file (frcmod)
Reading title:
Remark line goes here
Loading Mol2 file: ./6SH.mol2
Reading MOLECULE named 6SH
Checking Unit.
Building topology.
"order_residues" off: keep input residue order.
Building atom parameters.
Building bond parameters.
Building angle parameters.
Building proper torsion parameters.
Building improper torsion parameters.
 total 23 improper torsions applied
Building H-Bond parameters.
Incorporating Non-Bonded adjustments.
Not Marking per-residue atom chain types.
Marking per-residue atom chain types.
  (Residues lacking connect0/connect1 - 
   these don't have chain types marked:

	res	total affected

	6SH	1
  )
 (no restraints)
	Quit

Exiting LEaP: Errors = 0; Warnings = 0; Notes = 0.
====== min.o =========================================================
Reading parm file (6SH.parm7)
title:
6SH                                                                             
no velocities were found
no velocities were found
	mm_options:  ntpr=5
	mm_options:  gb=1
	mm_options:  kappa=0.10395
	mm_options:  rgbmax=99.
	mm_options:  cut=99.0
	mm_options:  wcons=0.
     bond:      3.104585551
    angle:     12.454604971
 dihedral:     27.687454115
    enb14:     16.837951227
    eel14:   -104.534918945
      enb:     -5.295866822
      eel:    -17.683323177
      egb:    -42.061653688
    econs:      0.000000000
    esurf:      0.000000000
    Total:   -109.491166769
     frms:      8.185714864
Starting TNCG minimisation
 MIN: Iter =    0  NFunc =     1  E =    -109.49117  RMSG = 8.1857149e+00
 MIN: Iter =    1  NFunc =     7  E =    -119.07150  RMSG = 2.1481385e+00
 MIN: Iter =    2  NFunc =    16  E =    -121.82347  RMSG = 1.3979771e+00
 MIN: Iter =    3  NFunc =    30  E =    -122.95541  RMSG = 7.2162668e-01
 MIN: Iter =    4  NFunc =    63  E =    -123.62444  RMSG = 7.0714237e-01
 MIN: Iter =    5  NFunc =    80  E =    -124.17460  RMSG = 6.7428027e-01
 MIN: Iter =    6  NFunc =    89  E =    -124.52208  RMSG = 4.5879039e-01
 MIN: Iter =    7  NFunc =    97  E =    -124.70713  RMSG = 4.0476354e-01
 MIN: Iter =    8  NFunc =   128  E =    -124.99026  RMSG = 5.1801323e-01
 MIN: Iter =    9  NFunc =   135  E =    -125.08752  RMSG = 2.3770873e-01
 MIN: Iter =   10  NFunc =   161  E =    -125.22310  RMSG = 5.3894387e-01
 MIN: Iter =   11  NFunc =   167  E =    -125.30728  RMSG = 2.2109759e-01
 MIN: Iter =   12  NFunc =   180  E =    -125.36010  RMSG = 1.8160300e-01
 MIN: Iter =   13  NFunc =   188  E =    -125.40531  RMSG = 3.8480024e-01
 MIN: Iter =   14  NFunc =   194  E =    -125.44733  RMSG = 1.2980855e-01
 MIN: Iter =   15  NFunc =   205  E =    -125.46368  RMSG = 1.0450255e-01
 MIN: Iter =   16  NFunc =   217  E =    -125.48261  RMSG = 2.7923527e-01
 MIN: Iter =   17  NFunc =   225  E =    -125.50893  RMSG = 8.9255959e-02
 MIN: Iter =   18  NFunc =   233  E =    -125.51949  RMSG = 8.2707807e-02
 MIN: Iter =   19  NFunc =   239  E =    -125.52968  RMSG = 1.4694107e-01
 MIN: Iter =   20  NFunc =   245  E =    -125.53984  RMSG = 6.5454635e-02
 MIN: Iter =   21  NFunc =   297  E =    -125.57497  RMSG = 2.4974520e-01
 MIN: Iter =   22  NFunc =   319  E =    -125.63132  RMSG = 4.8212908e-01
 MIN: Iter =   23  NFunc =   325  E =    -125.67159  RMSG = 1.4980155e-01
 MIN: Iter =   24  NFunc =   377  E =    -125.71935  RMSG = 2.0602425e-01
 MIN: Iter =   25  NFunc =   384  E =    -125.75943  RMSG = 2.3982916e-01
 MIN: Iter =   26  NFunc =   391  E =    -125.80592  RMSG = 2.5551851e-01
 MIN: Iter =   27  NFunc =   397  E =    -125.86228  RMSG = 3.2428463e-01
 MIN: Iter =   28  NFunc =   404  E =    -125.90342  RMSG = 1.3864302e-01
 MIN: Iter =   29  NFunc =   452  E =    -125.99489  RMSG = 3.1529852e-01
 MIN: Iter =   30  NFunc =   458  E =    -126.03005  RMSG = 1.1849229e-01
 MIN: Iter =   31  NFunc =   481  E =    -126.07447  RMSG = 3.0417191e-01
 MIN: Iter =   32  NFunc =   487  E =    -126.09628  RMSG = 7.2640366e-02
 MIN: Iter =   33  NFunc =   538  E =    -126.13782  RMSG = 2.7773109e-01
 MIN: Iter =   34  NFunc =   563  E =    -126.21584  RMSG = 2.9333583e-01
 MIN: Iter =   35  NFunc =   569  E =    -126.23631  RMSG = 1.1914118e-01
 MIN: Iter =   36  NFunc =   620  E =    -126.28914  RMSG = 2.5145769e-01
 MIN: Iter =   37  NFunc =   628  E =    -126.32024  RMSG = 1.2082181e-01
 MIN: Iter =   38  NFunc =   649  E =    -126.35819  RMSG = 2.5798064e-01
 MIN: Iter =   39  NFunc =   656  E =    -126.37634  RMSG = 8.9843373e-02
 MIN: Iter =   40  NFunc =   667  E =    -126.39256  RMSG = 1.3530293e-01
 MIN: Iter =   41  NFunc =   676  E =    -126.40250  RMSG = 6.2632602e-02
 MIN: Iter =   42  NFunc =   727  E =    -126.46550  RMSG = 1.5898221e-01
 MIN: Iter =   43  NFunc =   740  E =    -126.52583  RMSG = 2.2090849e-01
 MIN: Iter =   44  NFunc =   747  E =    -126.57430  RMSG = 1.5677219e-01
 MIN: Iter =   45  NFunc =   758  E =    -126.61755  RMSG = 2.1227685e-01
 MIN: Iter =   46  NFunc =   767  E =    -126.65154  RMSG = 1.3544495e-01
 MIN: Iter =   47  NFunc =   777  E =    -126.67765  RMSG = 1.7252483e-01
 MIN: Iter =   48  NFunc =   785  E =    -126.69297  RMSG = 7.1872576e-02
 MIN: Iter =   49  NFunc =   791  E =    -126.69874  RMSG = 8.7934930e-02
 MIN: Iter =   50  NFunc =   814  E =    -126.71375  RMSG = 7.4600762e-02
 MIN: Iter =   51  NFunc =   865  E =    -126.75127  RMSG = 2.1107712e-01
 MIN: Iter =   52  NFunc =   871  E =    -126.76542  RMSG = 8.5690222e-02
 MIN: Iter =   53  NFunc =   912  E =    -126.79524  RMSG = 1.7829548e-01
 MIN: Iter =   54  NFunc =   919  E =    -126.80713  RMSG = 8.7117294e-02
 MIN: Iter =   55  NFunc =   959  E =    -126.83770  RMSG = 1.7172396e-01
 MIN: Iter =   56  NFunc =   981  E =    -126.86852  RMSG = 1.3287991e-01
 MIN: Iter =   57  NFunc =   999  E =    -126.89108  RMSG = 1.5155067e-01
 MIN: Iter =   58  NFunc =  1008  E =    -126.90851  RMSG = 1.0030944e-01
 MIN: Iter =   59  NFunc =  1026  E =    -126.92867  RMSG = 1.4225937e-01
 MIN: Iter =   60  NFunc =  1042  E =    -126.94963  RMSG = 1.2524326e-01
 MIN: Iter =   61  NFunc =  1057  E =    -126.96751  RMSG = 1.2169160e-01
 MIN: Iter =   62  NFunc =  1066  E =    -126.98147  RMSG = 9.6344752e-02
 MIN: Iter =   63  NFunc =  1073  E =    -126.99069  RMSG = 1.2903755e-01
 MIN: Iter =   64  NFunc =  1095  E =    -127.01113  RMSG = 5.4889636e-02
 MIN: Iter =   65  NFunc =  1106  E =    -127.01768  RMSG = 6.7926530e-02
 MIN: Iter =   66  NFunc =  1157  E =    -127.03892  RMSG = 9.2162405e-02
 MIN: Iter =   67  NFunc =  1163  E =    -127.04150  RMSG = 3.6994001e-02
 MIN: Iter =   68  NFunc =  1214  E =    -127.05118  RMSG = 7.1041057e-02
 MIN: Iter =   69  NFunc =  1258  E =    -127.06292  RMSG = 6.8895463e-02
 MIN: Iter =   70  NFunc =  1264  E =    -127.06426  RMSG = 2.4305743e-02
 MIN: Iter =   71  NFunc =  1315  E =    -127.07067  RMSG = 5.7929078e-02
 MIN: Iter =   72  NFunc =  1321  E =    -127.07175  RMSG = 2.2672354e-02
 MIN: Iter =   73  NFunc =  1362  E =    -127.07528  RMSG = 2.2456758e-02
 MIN: Iter =   74  NFunc =  1398  E =    -127.07868  RMSG = 2.5519076e-02
 MIN: Iter =   75  NFunc =  1426  E =    -127.07950  RMSG = 9.2492517e-03
 MIN: Iter =   76  NFunc =  1477  E =    -127.08019  RMSG = 1.1511460e-02
 MIN: Iter =   77  NFunc =  1528  E =    -127.08123  RMSG = 1.3563870e-02
 MIN: Iter =   78  NFunc =  1579  E =    -127.08190  RMSG = 1.1352238e-02
 MIN: Iter =   79  NFunc =  1630  E =    -127.08265  RMSG = 8.5640307e-03
 MIN: Iter =   80  NFunc =  1665  E =    -127.08330  RMSG = 8.4896679e-03
 MIN: Iter =   81  NFunc =  1716  E =    -127.08398  RMSG = 1.8181913e-02
 MIN: Iter =   82  NFunc =  1740  E =    -127.08479  RMSG = 1.5007486e-02
 MIN: Iter =   83  NFunc =  1777  E =    -127.08520  RMSG = 7.2138695e-03
 MIN: Iter =   84  NFunc =  1828  E =    -127.08594  RMSG = 2.5078556e-02
 MIN: Iter =   85  NFunc =  1869  E =    -127.08676  RMSG = 1.5628355e-02
 MIN: Iter =   86  NFunc =  1891  E =    -127.08700  RMSG = 6.7205906e-03
 MIN: Iter =   87  NFunc =  1921  E =    -127.08719  RMSG = 6.5185094e-03
 MIN: Iter =   88  NFunc =  1946  E =    -127.08726  RMSG = 2.7568709e-03
 MIN: Iter =   89  NFunc =  1997  E =    -127.08733  RMSG = 4.1718762e-03
 MIN: Iter =   90  NFunc =  2048  E =    -127.08744  RMSG = 3.1912574e-03
 MIN: Iter =   91  NFunc =  2099  E =    -127.08750  RMSG = 2.5660574e-03
 MIN: Iter =   92  NFunc =  2117  E =    -127.08751  RMSG = 1.5222048e-03
 MIN: Iter =   93  NFunc =  2168  E =    -127.08753  RMSG = 1.7784370e-03
 MIN: Iter =   94  NFunc =  2213  E =    -127.08754  RMSG = 8.3215554e-04
 MIN: Iter =   95  NFunc =  2258  E =    -127.08755  RMSG = 6.9380313e-04
 MIN: Iter =   96  NFunc =  2285  E =    -127.08755  RMSG = 4.6187431e-04
----------------------------------------------------------------
 END:          :-)  E =    -127.08755  RMSG =   0.0004619

     bond:      2.144123823
    angle:     10.249076835
 dihedral:     19.130903195
    enb14:     12.199357827
    eel14:   -111.625227716
      enb:     -6.469485243
      eel:    -11.416042504
      egb:    -41.300258678
    econs:      0.000000000
    esurf:      0.000000000
    Total:   -127.087552462
     frms:      0.000461874
====== rms.dat  ======================================================
#Frame      all_heavy
       1       2.2676
