====== tleap.out =====================================================
-I: Adding /home/case/amber24/dat/leap/prep to search path.
-I: Adding /home/case/amber24/dat/leap/lib to search path.
-I: Adding /home/case/amber24/dat/leap/parm to search path.
-I: Adding /home/case/amber24/dat/leap/cmd to search path.
-f: Source leap.in.

Welcome to LEaP!
(no leaprc in search path)
Sourcing: ./leap.in
Using Bondi radii
----- Source: /home/case/amber24/dat/leap/cmd/leaprc.gaff2
----- Source of /home/case/amber24/dat/leap/cmd/leaprc.gaff2 done
Log file: ./leap.log
Loading parameters: /home/case/amber24/dat/leap/parm/gaff2.dat
Reading title:
AMBER General Force Field for organic molecules (Version 2.2.20, March 2021)
Loading parameters: ./6TL.frcmod
Reading force field modification type file (frcmod)
Reading title:
Remark line goes here
Loading Mol2 file: ./6TL.mol2
Reading MOLECULE named 6TL
Checking Unit.
Building topology.
"order_residues" off: keep input residue order.
Building atom parameters.
Building bond parameters.
Building angle parameters.
Building proper torsion parameters.
Building improper torsion parameters.
 total 23 improper torsions applied
Building H-Bond parameters.
Incorporating Non-Bonded adjustments.
Not Marking per-residue atom chain types.
Marking per-residue atom chain types.
  (Residues lacking connect0/connect1 - 
   these don't have chain types marked:

	res	total affected

	6TL	1
  )
 (no restraints)
	Quit

Exiting LEaP: Errors = 0; Warnings = 0; Notes = 0.
====== min.o =========================================================
Reading parm file (6TL.parm7)
title:
6TL                                                                             
no velocities were found
no velocities were found
	mm_options:  ntpr=5
	mm_options:  gb=1
	mm_options:  kappa=0.10395
	mm_options:  rgbmax=99.
	mm_options:  cut=99.0
	mm_options:  wcons=0.
     bond:      3.131105531
    angle:     17.432437544
 dihedral:     29.768873507
    enb14:     20.059246407
    eel14:    -38.329362865
      enb:     -7.994636390
      eel:     21.831819642
      egb:    -29.894822803
    econs:      0.000000000
    esurf:      0.000000000
    Total:     16.004660574
     frms:      9.182890456
Starting TNCG minimisation
 MIN: Iter =    0  NFunc =     1  E =      16.00466  RMSG = 9.1828905e+00
 MIN: Iter =    1  NFunc =     7  E =       3.72567  RMSG = 2.2464058e+00
 MIN: Iter =    2  NFunc =    16  E =      -0.16497  RMSG = 1.2600465e+00
 MIN: Iter =    3  NFunc =    26  E =      -1.92549  RMSG = 7.2752763e-01
 MIN: Iter =    4  NFunc =    43  E =      -2.64160  RMSG = 5.3529922e-01
 MIN: Iter =    5  NFunc =    67  E =      -3.04096  RMSG = 6.4626117e-01
 MIN: Iter =    6  NFunc =    80  E =      -3.24424  RMSG = 2.7464827e-01
 MIN: Iter =    7  NFunc =    88  E =      -3.32891  RMSG = 2.0243606e-01
 MIN: Iter =    8  NFunc =   139  E =      -3.48738  RMSG = 3.7942570e-01
 MIN: Iter =    9  NFunc =   145  E =      -3.52199  RMSG = 1.4547905e-01
 MIN: Iter =   10  NFunc =   196  E =      -3.59356  RMSG = 1.6867806e-01
 MIN: Iter =   11  NFunc =   213  E =      -3.64201  RMSG = 1.6967357e-01
 MIN: Iter =   12  NFunc =   228  E =      -3.67603  RMSG = 9.5088191e-02
 MIN: Iter =   13  NFunc =   248  E =      -3.70005  RMSG = 1.2283886e-01
 MIN: Iter =   14  NFunc =   286  E =      -3.73240  RMSG = 8.8106747e-02
 MIN: Iter =   15  NFunc =   292  E =      -3.73498  RMSG = 3.8603985e-02
 MIN: Iter =   16  NFunc =   343  E =      -3.74930  RMSG = 6.6203912e-02
 MIN: Iter =   17  NFunc =   391  E =      -3.76240  RMSG = 8.1029064e-02
 MIN: Iter =   18  NFunc =   397  E =      -3.76426  RMSG = 3.2877298e-02
 MIN: Iter =   19  NFunc =   423  E =      -3.76736  RMSG = 1.9866477e-02
 MIN: Iter =   20  NFunc =   474  E =      -3.77190  RMSG = 9.7998402e-02
 MIN: Iter =   21  NFunc =   480  E =      -3.77493  RMSG = 3.1805536e-02
 MIN: Iter =   22  NFunc =   512  E =      -3.77703  RMSG = 1.7689859e-02
 MIN: Iter =   23  NFunc =   563  E =      -3.77962  RMSG = 3.8578796e-02
 MIN: Iter =   24  NFunc =   614  E =      -3.78270  RMSG = 6.3158374e-02
 MIN: Iter =   25  NFunc =   620  E =      -3.78365  RMSG = 2.1352508e-02
 MIN: Iter =   26  NFunc =   672  E =      -3.78753  RMSG = 5.5828050e-02
 MIN: Iter =   27  NFunc =   680  E =      -3.79011  RMSG = 3.5653235e-02
 MIN: Iter =   28  NFunc =   701  E =      -3.79254  RMSG = 3.8734331e-02
 MIN: Iter =   29  NFunc =   711  E =      -3.79545  RMSG = 6.3264035e-02
 MIN: Iter =   30  NFunc =   721  E =      -3.79770  RMSG = 3.0034699e-02
 MIN: Iter =   31  NFunc =   731  E =      -3.79926  RMSG = 3.4253839e-02
 MIN: Iter =   32  NFunc =   738  E =      -3.80061  RMSG = 4.0308447e-02
 MIN: Iter =   33  NFunc =   744  E =      -3.80144  RMSG = 2.2888726e-02
 MIN: Iter =   34  NFunc =   784  E =      -3.80410  RMSG = 3.0022849e-02
 MIN: Iter =   35  NFunc =   807  E =      -3.80692  RMSG = 7.0196258e-02
 MIN: Iter =   36  NFunc =   813  E =      -3.80802  RMSG = 2.1117916e-02
 MIN: Iter =   37  NFunc =   860  E =      -3.80941  RMSG = 2.2432842e-02
 MIN: Iter =   38  NFunc =   883  E =      -3.81041  RMSG = 1.8498741e-02
 MIN: Iter =   39  NFunc =   916  E =      -3.81110  RMSG = 1.6779050e-02
 MIN: Iter =   40  NFunc =   967  E =      -3.81285  RMSG = 3.1854438e-02
 MIN: Iter =   41  NFunc =  1002  E =      -3.81471  RMSG = 2.9029544e-02
 MIN: Iter =   42  NFunc =  1008  E =      -3.81495  RMSG = 1.1386834e-02
 MIN: Iter =   43  NFunc =  1059  E =      -3.81544  RMSG = 1.5515427e-02
 MIN: Iter =   44  NFunc =  1078  E =      -3.81563  RMSG = 5.8384450e-03
 MIN: Iter =   45  NFunc =  1129  E =      -3.81588  RMSG = 8.1297178e-03
 MIN: Iter =   46  NFunc =  1159  E =      -3.81600  RMSG = 3.7780763e-03
 MIN: Iter =   47  NFunc =  1200  E =      -3.81611  RMSG = 4.9643940e-03
 MIN: Iter =   48  NFunc =  1251  E =      -3.81623  RMSG = 4.2618027e-03
 MIN: Iter =   49  NFunc =  1275  E =      -3.81626  RMSG = 1.7757684e-03
 MIN: Iter =   50  NFunc =  1318  E =      -3.81628  RMSG = 1.4427311e-03
 MIN: Iter =   51  NFunc =  1348  E =      -3.81630  RMSG = 1.1594668e-03
 MIN: Iter =   52  NFunc =  1399  E =      -3.81631  RMSG = 1.1236600e-03
 MIN: Iter =   53  NFunc =  1415  E =      -3.81631  RMSG = 6.6729998e-04
 MIN: Iter =   54  NFunc =  1466  E =      -3.81632  RMSG = 6.5887573e-04
 MIN: Iter =   55  NFunc =  1478  E =      -3.81632  RMSG = 4.8406590e-04
----------------------------------------------------------------
 END:          :-)  E =      -3.81632  RMSG =   0.0004841

     bond:      3.689072548
    angle:     13.861410495
 dihedral:     23.928438292
    enb14:     13.766733108
    eel14:    -40.863301542
      enb:     -8.825746290
      eel:     22.304057371
      egb:    -31.676980948
    econs:      0.000000000
    esurf:      0.000000000
    Total:     -3.816316968
     frms:      0.000484066
====== rms.dat  ======================================================
#Frame      all_heavy
       1       0.5553
