====== tleap.out =====================================================
-I: Adding /home/case/amber24/dat/leap/prep to search path.
-I: Adding /home/case/amber24/dat/leap/lib to search path.
-I: Adding /home/case/amber24/dat/leap/parm to search path.
-I: Adding /home/case/amber24/dat/leap/cmd to search path.
-f: Source leap.in.

Welcome to LEaP!
(no leaprc in search path)
Sourcing: ./leap.in
Using Bondi radii
----- Source: /home/case/amber24/dat/leap/cmd/leaprc.gaff2
----- Source of /home/case/amber24/dat/leap/cmd/leaprc.gaff2 done
Log file: ./leap.log
Loading parameters: /home/case/amber24/dat/leap/parm/gaff2.dat
Reading title:
AMBER General Force Field for organic molecules (Version 2.2.20, March 2021)
Loading parameters: ./6TM.frcmod
Reading force field modification type file (frcmod)
Reading title:
Remark line goes here
Loading Mol2 file: ./6TM.mol2
Reading MOLECULE named 6TM
Checking Unit.
Building topology.
"order_residues" off: keep input residue order.
Building atom parameters.
Building bond parameters.
Building angle parameters.
Building proper torsion parameters.
Building improper torsion parameters.
 total 22 improper torsions applied
Building H-Bond parameters.
Incorporating Non-Bonded adjustments.
Not Marking per-residue atom chain types.
Marking per-residue atom chain types.
  (Residues lacking connect0/connect1 - 
   these don't have chain types marked:

	res	total affected

	6TM	1
  )
 (no restraints)
	Quit

Exiting LEaP: Errors = 0; Warnings = 0; Notes = 0.
====== min.o =========================================================
Reading parm file (6TM.parm7)
title:
6TM                                                                             
no velocities were found
no velocities were found
	mm_options:  ntpr=5
	mm_options:  gb=1
	mm_options:  kappa=0.10395
	mm_options:  rgbmax=99.
	mm_options:  cut=99.0
	mm_options:  wcons=0.
     bond:      7.202580949
    angle:     22.852539386
 dihedral:     33.139445043
    enb14:     21.092633950
    eel14:      3.071486300
      enb:     -8.113235525
      eel:     -5.838888953
      egb:    -38.970515692
    econs:      0.000000000
    esurf:      0.000000000
    Total:     34.436045458
     frms:     11.578019067
Starting TNCG minimisation
 MIN: Iter =    0  NFunc =     1  E =      34.43605  RMSG = 1.1578019e+01
 MIN: Iter =    1  NFunc =     7  E =      15.11922  RMSG = 2.5507761e+00
 MIN: Iter =    2  NFunc =    15  E =      10.88291  RMSG = 1.1989731e+00
 MIN: Iter =    3  NFunc =    30  E =       8.79312  RMSG = 8.2980945e-01
 MIN: Iter =    4  NFunc =    45  E =       8.12612  RMSG = 5.0438509e-01
 MIN: Iter =    5  NFunc =    60  E =       7.76643  RMSG = 5.2434537e-01
 MIN: Iter =    6  NFunc =    71  E =       7.64022  RMSG = 2.2507335e-01
 MIN: Iter =    7  NFunc =    99  E =       7.49384  RMSG = 5.7182039e-01
 MIN: Iter =    8  NFunc =   106  E =       7.43475  RMSG = 1.5448921e-01
 MIN: Iter =    9  NFunc =   157  E =       7.25418  RMSG = 1.6719633e-01
 MIN: Iter =   10  NFunc =   183  E =       7.14714  RMSG = 1.6415078e-01
 MIN: Iter =   11  NFunc =   200  E =       7.06961  RMSG = 1.7018369e-01
 MIN: Iter =   12  NFunc =   216  E =       7.01774  RMSG = 1.2981106e-01
 MIN: Iter =   13  NFunc =   267  E =       6.93312  RMSG = 2.6385408e-01
 MIN: Iter =   14  NFunc =   273  E =       6.89715  RMSG = 1.3864649e-01
 MIN: Iter =   15  NFunc =   296  E =       6.83151  RMSG = 2.4552810e-01
 MIN: Iter =   16  NFunc =   303  E =       6.80100  RMSG = 1.1146387e-01
 MIN: Iter =   17  NFunc =   332  E =       6.75603  RMSG = 1.9798990e-01
 MIN: Iter =   18  NFunc =   346  E =       6.71356  RMSG = 1.8142926e-01
 MIN: Iter =   19  NFunc =   358  E =       6.67198  RMSG = 1.8623610e-01
 MIN: Iter =   20  NFunc =   366  E =       6.63299  RMSG = 2.2541856e-01
 MIN: Iter =   21  NFunc =   373  E =       6.58880  RMSG = 2.2623816e-01
 MIN: Iter =   22  NFunc =   379  E =       6.54220  RMSG = 2.1748998e-01
 MIN: Iter =   23  NFunc =   385  E =       6.48403  RMSG = 2.5696831e-01
 MIN: Iter =   24  NFunc =   391  E =       6.41441  RMSG = 2.3995437e-01
 MIN: Iter =   25  NFunc =   403  E =       6.31207  RMSG = 3.5951052e-01
 MIN: Iter =   26  NFunc =   417  E =       6.15716  RMSG = 3.9753539e-01
 MIN: Iter =   27  NFunc =   424  E =       5.99720  RMSG = 4.8649603e-01
 MIN: Iter =   28  NFunc =   430  E =       5.82206  RMSG = 4.1441945e-01
 MIN: Iter =   29  NFunc =   436  E =       5.64782  RMSG = 4.4966786e-01
 MIN: Iter =   30  NFunc =   481  E =       5.33971  RMSG = 4.9426857e-01
 MIN: Iter =   31  NFunc =   503  E =       5.00665  RMSG = 5.3827669e-01
 MIN: Iter =   32  NFunc =   514  E =       4.68745  RMSG = 5.3452574e-01
 MIN: Iter =   33  NFunc =   520  E =       4.37684  RMSG = 5.2466899e-01
 MIN: Iter =   34  NFunc =   526  E =       4.10968  RMSG = 4.5965555e-01
 MIN: Iter =   35  NFunc =   532  E =       3.85915  RMSG = 4.0140949e-01
 MIN: Iter =   36  NFunc =   538  E =       3.65255  RMSG = 3.4478133e-01
 MIN: Iter =   37  NFunc =   544  E =       3.50366  RMSG = 2.3928723e-01
 MIN: Iter =   38  NFunc =   554  E =       3.37470  RMSG = 1.9035614e-01
 MIN: Iter =   39  NFunc =   605  E =       3.14638  RMSG = 1.8922387e-01
 MIN: Iter =   40  NFunc =   631  E =       2.95118  RMSG = 1.9503094e-01
 MIN: Iter =   41  NFunc =   643  E =       2.75164  RMSG = 2.0127890e-01
 MIN: Iter =   42  NFunc =   654  E =       2.56913  RMSG = 2.0575587e-01
 MIN: Iter =   43  NFunc =   664  E =       2.40476  RMSG = 2.1191792e-01
 MIN: Iter =   44  NFunc =   672  E =       2.25372  RMSG = 2.3023053e-01
 MIN: Iter =   45  NFunc =   678  E =       2.11899  RMSG = 2.3522727e-01
 MIN: Iter =   46  NFunc =   684  E =       2.00050  RMSG = 2.3264815e-01
 MIN: Iter =   47  NFunc =   691  E =       1.87996  RMSG = 2.3048064e-01
 MIN: Iter =   48  NFunc =   701  E =       1.74422  RMSG = 2.0694864e-01
 MIN: Iter =   49  NFunc =   712  E =       1.62784  RMSG = 2.1112613e-01
 MIN: Iter =   50  NFunc =   718  E =       1.51751  RMSG = 1.9696662e-01
 MIN: Iter =   51  NFunc =   724  E =       1.41859  RMSG = 1.9109964e-01
 MIN: Iter =   52  NFunc =   730  E =       1.32893  RMSG = 1.9750124e-01
 MIN: Iter =   53  NFunc =   736  E =       1.23994  RMSG = 1.8504698e-01
 MIN: Iter =   54  NFunc =   742  E =       1.15210  RMSG = 1.8774362e-01
 MIN: Iter =   55  NFunc =   748  E =       1.06476  RMSG = 1.8555063e-01
 MIN: Iter =   56  NFunc =   754  E =       0.97930  RMSG = 1.8718086e-01
 MIN: Iter =   57  NFunc =   760  E =       0.89789  RMSG = 1.7598719e-01
 MIN: Iter =   58  NFunc =   766  E =       0.82041  RMSG = 1.7423694e-01
 MIN: Iter =   59  NFunc =   772  E =       0.75015  RMSG = 1.6041034e-01
 MIN: Iter =   60  NFunc =   778  E =       0.68280  RMSG = 1.4951821e-01
 MIN: Iter =   61  NFunc =   784  E =       0.61940  RMSG = 1.4529382e-01
 MIN: Iter =   62  NFunc =   790  E =       0.55896  RMSG = 1.3317108e-01
 MIN: Iter =   63  NFunc =   796  E =       0.50111  RMSG = 1.2682216e-01
 MIN: Iter =   64  NFunc =   802  E =       0.44700  RMSG = 1.2439236e-01
 MIN: Iter =   65  NFunc =   808  E =       0.39868  RMSG = 1.1367049e-01
 MIN: Iter =   66  NFunc =   814  E =       0.35358  RMSG = 1.1991233e-01
 MIN: Iter =   67  NFunc =   820  E =       0.30545  RMSG = 1.3229212e-01
 MIN: Iter =   68  NFunc =   826  E =       0.25760  RMSG = 1.2605358e-01
 MIN: Iter =   69  NFunc =   833  E =       0.21158  RMSG = 1.2949900e-01
 MIN: Iter =   70  NFunc =   840  E =       0.16567  RMSG = 1.3288035e-01
 MIN: Iter =   71  NFunc =   846  E =       0.12375  RMSG = 1.2145124e-01
 MIN: Iter =   72  NFunc =   853  E =       0.08069  RMSG = 1.2361561e-01
 MIN: Iter =   73  NFunc =   860  E =       0.02910  RMSG = 1.3416437e-01
 MIN: Iter =   74  NFunc =   866  E =      -0.01419  RMSG = 1.4612500e-01
 MIN: Iter =   75  NFunc =   872  E =      -0.05273  RMSG = 1.4488455e-01
 MIN: Iter =   76  NFunc =   879  E =      -0.09322  RMSG = 1.2652780e-01
 MIN: Iter =   77  NFunc =   885  E =      -0.13814  RMSG = 1.5631172e-01
 MIN: Iter =   78  NFunc =   892  E =      -0.17427  RMSG = 1.2919953e-01
 MIN: Iter =   79  NFunc =   937  E =      -0.26543  RMSG = 1.3436982e-01
 MIN: Iter =   80  NFunc =   961  E =      -0.36727  RMSG = 1.3828592e-01
 MIN: Iter =   81  NFunc =   968  E =      -0.43965  RMSG = 1.5633820e-01
 MIN: Iter =   82  NFunc =   989  E =      -0.50777  RMSG = 1.1802024e-01
 MIN: Iter =   83  NFunc =   999  E =      -0.52724  RMSG = 6.1827536e-02
 MIN: Iter =   84  NFunc =  1005  E =      -0.52899  RMSG = 3.3722873e-02
 MIN: Iter =   85  NFunc =  1056  E =      -0.54938  RMSG = 1.1739601e-01
 MIN: Iter =   86  NFunc =  1062  E =      -0.55416  RMSG = 6.5716296e-02
 MIN: Iter =   87  NFunc =  1087  E =      -0.56942  RMSG = 1.1493992e-01
 MIN: Iter =   88  NFunc =  1093  E =      -0.57388  RMSG = 4.3830752e-02
 MIN: Iter =   89  NFunc =  1123  E =      -0.58241  RMSG = 4.2680064e-02
 MIN: Iter =   90  NFunc =  1174  E =      -0.59335  RMSG = 7.9323523e-02
 MIN: Iter =   91  NFunc =  1202  E =      -0.59887  RMSG = 2.7154689e-02
 MIN: Iter =   92  NFunc =  1237  E =      -0.60146  RMSG = 1.7519155e-02
 MIN: Iter =   93  NFunc =  1288  E =      -0.60311  RMSG = 1.5105296e-02
 MIN: Iter =   94  NFunc =  1314  E =      -0.60362  RMSG = 7.6597233e-03
 MIN: Iter =   95  NFunc =  1365  E =      -0.60472  RMSG = 1.4059911e-02
 MIN: Iter =   96  NFunc =  1405  E =      -0.60560  RMSG = 8.6700874e-03
 MIN: Iter =   97  NFunc =  1456  E =      -0.60630  RMSG = 1.0519007e-02
 MIN: Iter =   98  NFunc =  1479  E =      -0.60643  RMSG = 3.6518793e-03
 MIN: Iter =   99  NFunc =  1530  E =      -0.60663  RMSG = 6.3147209e-03
 MIN: Iter =  100  NFunc =  1543  E =      -0.60667  RMSG = 2.6882631e-03
----------------------------------------------------------------
 END:          :-)  E =      -0.60667  RMSG =   0.0026883

     bond:      3.876223985
    angle:     18.048154346
 dihedral:     23.707883781
    enb14:     14.615615469
    eel14:      3.674747971
      enb:    -12.535671850
      eel:    -12.422449374
      egb:    -39.571169387
    econs:      0.000000000
    esurf:      0.000000000
    Total:     -0.606665059
     frms:      0.002688263
====== rms.dat  ======================================================
#Frame      all_heavy
       1       4.3337
