====== tleap.out =====================================================
-I: Adding /home/case/amber24/dat/leap/prep to search path.
-I: Adding /home/case/amber24/dat/leap/lib to search path.
-I: Adding /home/case/amber24/dat/leap/parm to search path.
-I: Adding /home/case/amber24/dat/leap/cmd to search path.
-f: Source leap.in.

Welcome to LEaP!
(no leaprc in search path)
Sourcing: ./leap.in
Using Bondi radii
----- Source: /home/case/amber24/dat/leap/cmd/leaprc.gaff2
----- Source of /home/case/amber24/dat/leap/cmd/leaprc.gaff2 done
Log file: ./leap.log
Loading parameters: /home/case/amber24/dat/leap/parm/gaff2.dat
Reading title:
AMBER General Force Field for organic molecules (Version 2.2.20, March 2021)
Loading parameters: ./6UJ.frcmod
Reading force field modification type file (frcmod)
Reading title:
Remark line goes here
Loading Mol2 file: ./6UJ.mol2
Reading MOLECULE named 6UJ
Checking Unit.
Building topology.
"order_residues" off: keep input residue order.
Building atom parameters.
Building bond parameters.
Building angle parameters.
Building proper torsion parameters.
Building improper torsion parameters.
 total 23 improper torsions applied
Building H-Bond parameters.
Incorporating Non-Bonded adjustments.
Not Marking per-residue atom chain types.
Marking per-residue atom chain types.
  (Residues lacking connect0/connect1 - 
   these don't have chain types marked:

	res	total affected

	6UJ	1
  )
 (no restraints)
	Quit

Exiting LEaP: Errors = 0; Warnings = 0; Notes = 0.
====== min.o =========================================================
Reading parm file (6UJ.parm7)
title:
6UJ                                                                             
no velocities were found
no velocities were found
	mm_options:  ntpr=5
	mm_options:  gb=1
	mm_options:  kappa=0.10395
	mm_options:  rgbmax=99.
	mm_options:  cut=99.0
	mm_options:  wcons=0.
     bond:      3.019126016
    angle:      2.697017330
 dihedral:     12.040684465
    enb14:     17.625121195
    eel14:     -6.467605508
      enb:     -3.371887110
      eel:    -15.840328406
      egb:    -16.175731911
    econs:      0.000000000
    esurf:      0.000000000
    Total:     -6.473603930
     frms:     10.459362946
Starting TNCG minimisation
 MIN: Iter =    0  NFunc =     1  E =      -6.47360  RMSG = 1.0459363e+01
 MIN: Iter =    1  NFunc =     7  E =     -13.25816  RMSG = 1.9288238e+00
 MIN: Iter =    2  NFunc =    20  E =     -15.60744  RMSG = 8.9735287e-01
 MIN: Iter =    3  NFunc =    51  E =     -16.33627  RMSG = 6.4617704e-01
 MIN: Iter =    4  NFunc =    62  E =     -16.70305  RMSG = 5.0394175e-01
 MIN: Iter =    5  NFunc =    68  E =     -16.81105  RMSG = 3.2570898e-01
 MIN: Iter =    6  NFunc =   119  E =     -17.15236  RMSG = 3.0750949e-01
 MIN: Iter =    7  NFunc =   146  E =     -17.43084  RMSG = 3.7864100e-01
 MIN: Iter =    8  NFunc =   159  E =     -17.66465  RMSG = 4.2670764e-01
 MIN: Iter =    9  NFunc =   165  E =     -17.85557  RMSG = 4.5510819e-01
 MIN: Iter =   10  NFunc =   172  E =     -18.00276  RMSG = 3.2219914e-01
 MIN: Iter =   11  NFunc =   192  E =     -18.18587  RMSG = 3.8208564e-01
 MIN: Iter =   12  NFunc =   201  E =     -18.33325  RMSG = 3.6048566e-01
 MIN: Iter =   13  NFunc =   219  E =     -18.46304  RMSG = 3.4391293e-01
 MIN: Iter =   14  NFunc =   227  E =     -18.54686  RMSG = 2.6017058e-01
 MIN: Iter =   15  NFunc =   237  E =     -18.61737  RMSG = 3.2402358e-01
 MIN: Iter =   16  NFunc =   246  E =     -18.67369  RMSG = 1.3564847e-01
 MIN: Iter =   17  NFunc =   252  E =     -18.70343  RMSG = 2.6532506e-01
 MIN: Iter =   18  NFunc =   258  E =     -18.72969  RMSG = 1.8819085e-01
 MIN: Iter =   19  NFunc =   304  E =     -18.80486  RMSG = 2.2662650e-01
 MIN: Iter =   20  NFunc =   316  E =     -18.83060  RMSG = 9.0049322e-02
 MIN: Iter =   21  NFunc =   336  E =     -18.84545  RMSG = 1.7271770e-01
 MIN: Iter =   22  NFunc =   342  E =     -18.85182  RMSG = 8.3560854e-02
 MIN: Iter =   23  NFunc =   349  E =     -18.85376  RMSG = 3.5027474e-02
 MIN: Iter =   24  NFunc =   378  E =     -18.85650  RMSG = 4.8024721e-02
 MIN: Iter =   25  NFunc =   384  E =     -18.85714  RMSG = 1.8508177e-02
 MIN: Iter =   26  NFunc =   418  E =     -18.85869  RMSG = 1.7325917e-02
 MIN: Iter =   27  NFunc =   446  E =     -18.85951  RMSG = 1.2189779e-02
 MIN: Iter =   28  NFunc =   469  E =     -18.85968  RMSG = 5.2389750e-03
 MIN: Iter =   29  NFunc =   520  E =     -18.85987  RMSG = 2.6848578e-02
 MIN: Iter =   30  NFunc =   526  E =     -18.85993  RMSG = 4.8573849e-03
 MIN: Iter =   31  NFunc =   578  E =     -18.86012  RMSG = 2.2795712e-02
 MIN: Iter =   32  NFunc =   584  E =     -18.86029  RMSG = 1.8548240e-02
 MIN: Iter =   33  NFunc =   590  E =     -18.86042  RMSG = 2.1644756e-02
 MIN: Iter =   34  NFunc =   597  E =     -18.86055  RMSG = 1.4367773e-02
 MIN: Iter =   35  NFunc =   618  E =     -18.86074  RMSG = 1.7646561e-02
 MIN: Iter =   36  NFunc =   628  E =     -18.86095  RMSG = 2.3022343e-02
 MIN: Iter =   37  NFunc =   634  E =     -18.86107  RMSG = 1.0884548e-02
 MIN: Iter =   38  NFunc =   662  E =     -18.86127  RMSG = 2.2218834e-02
 MIN: Iter =   39  NFunc =   668  E =     -18.86145  RMSG = 1.7948406e-02
 MIN: Iter =   40  NFunc =   679  E =     -18.86160  RMSG = 4.6346816e-02
 MIN: Iter =   41  NFunc =   685  E =     -18.86181  RMSG = 1.0797438e-02
 MIN: Iter =   42  NFunc =   711  E =     -18.86192  RMSG = 1.6446250e-02
 MIN: Iter =   43  NFunc =   721  E =     -18.86203  RMSG = 2.7110711e-02
 MIN: Iter =   44  NFunc =   727  E =     -18.86215  RMSG = 9.4594159e-03
 MIN: Iter =   45  NFunc =   736  E =     -18.86220  RMSG = 1.2539374e-02
 MIN: Iter =   46  NFunc =   742  E =     -18.86225  RMSG = 7.4958179e-03
 MIN: Iter =   47  NFunc =   748  E =     -18.86227  RMSG = 6.6414327e-03
 MIN: Iter =   48  NFunc =   754  E =     -18.86228  RMSG = 3.1553154e-03
 MIN: Iter =   49  NFunc =   805  E =     -18.86232  RMSG = 1.2093260e-02
 MIN: Iter =   50  NFunc =   811  E =     -18.86234  RMSG = 3.1741845e-03
 MIN: Iter =   51  NFunc =   863  E =     -18.86241  RMSG = 5.8107801e-03
 MIN: Iter =   52  NFunc =   871  E =     -18.86245  RMSG = 7.2805978e-03
 MIN: Iter =   53  NFunc =   890  E =     -18.86249  RMSG = 6.9295606e-03
 MIN: Iter =   54  NFunc =   899  E =     -18.86250  RMSG = 2.4530325e-03
 MIN: Iter =   55  NFunc =   926  E =     -18.86252  RMSG = 3.4311905e-03
 MIN: Iter =   56  NFunc =   953  E =     -18.86254  RMSG = 1.5710244e-03
 MIN: Iter =   57  NFunc =   989  E =     -18.86254  RMSG = 1.0296513e-03
 MIN: Iter =   58  NFunc =  1040  E =     -18.86256  RMSG = 3.6828369e-03
 MIN: Iter =   59  NFunc =  1049  E =     -18.86256  RMSG = 1.1874342e-03
 MIN: Iter =   60  NFunc =  1100  E =     -18.86257  RMSG = 4.1069500e-03
 MIN: Iter =   61  NFunc =  1119  E =     -18.86257  RMSG = 1.5597252e-03
 MIN: Iter =   62  NFunc =  1160  E =     -18.86258  RMSG = 2.0059586e-03
 MIN: Iter =   63  NFunc =  1179  E =     -18.86258  RMSG = 6.6389278e-04
 MIN: Iter =   64  NFunc =  1193  E =     -18.86258  RMSG = 4.5050515e-04
----------------------------------------------------------------
 END:          :-)  E =     -18.86258  RMSG =   0.0004505

     bond:      1.476547331
    angle:      2.759409721
 dihedral:      4.877404201
    enb14:     13.628372446
    eel14:     -7.476066921
      enb:     -2.136476584
      eel:    -16.740059524
      egb:    -15.251713154
    econs:      0.000000000
    esurf:      0.000000000
    Total:    -18.862582485
     frms:      0.000450505
====== rms.dat  ======================================================
#Frame      all_heavy
       1       1.0367
