====== tleap.out =====================================================
-I: Adding /home/case/amber24/dat/leap/prep to search path.
-I: Adding /home/case/amber24/dat/leap/lib to search path.
-I: Adding /home/case/amber24/dat/leap/parm to search path.
-I: Adding /home/case/amber24/dat/leap/cmd to search path.
-f: Source leap.in.

Welcome to LEaP!
(no leaprc in search path)
Sourcing: ./leap.in
Using Bondi radii
----- Source: /home/case/amber24/dat/leap/cmd/leaprc.gaff2
----- Source of /home/case/amber24/dat/leap/cmd/leaprc.gaff2 done
Log file: ./leap.log
Loading parameters: /home/case/amber24/dat/leap/parm/gaff2.dat
Reading title:
AMBER General Force Field for organic molecules (Version 2.2.20, March 2021)
Loading parameters: ./6WR.frcmod
Reading force field modification type file (frcmod)
Reading title:
Remark line goes here
Loading Mol2 file: ./6WR.mol2
Reading MOLECULE named 6WR
Checking Unit.
Building topology.
"order_residues" off: keep input residue order.
Building atom parameters.
Building bond parameters.
Building angle parameters.
Building proper torsion parameters.
Building improper torsion parameters.
 total 8 improper torsions applied
Building H-Bond parameters.
Incorporating Non-Bonded adjustments.
Not Marking per-residue atom chain types.
Marking per-residue atom chain types.
  (Residues lacking connect0/connect1 - 
   these don't have chain types marked:

	res	total affected

	6WR	1
  )
 (no restraints)
	Quit

Exiting LEaP: Errors = 0; Warnings = 0; Notes = 0.
====== min.o =========================================================
Reading parm file (6WR.parm7)
title:
6WR                                                                             
no velocities were found
no velocities were found
	mm_options:  ntpr=5
	mm_options:  gb=1
	mm_options:  kappa=0.10395
	mm_options:  rgbmax=99.
	mm_options:  cut=99.0
	mm_options:  wcons=0.
     bond:      1.133796250
    angle:      3.200410082
 dihedral:     15.906289294
    enb14:      8.881980407
    eel14:    -54.469855194
      enb:     -3.272517240
      eel:     23.939896966
      egb:    -14.250723965
    econs:      0.000000000
    esurf:      0.000000000
    Total:    -18.930723401
     frms:      7.540000378
Starting TNCG minimisation
 MIN: Iter =    0  NFunc =     1  E =     -18.93072  RMSG = 7.5400004e+00
 MIN: Iter =    1  NFunc =     7  E =     -24.61107  RMSG = 1.6878001e+00
 MIN: Iter =    2  NFunc =    13  E =     -25.15914  RMSG = 7.4228512e-01
 MIN: Iter =    3  NFunc =    20  E =     -25.32225  RMSG = 4.1414315e-01
 MIN: Iter =    4  NFunc =    47  E =     -25.44199  RMSG = 1.0453195e+00
 MIN: Iter =    5  NFunc =    53  E =     -25.52100  RMSG = 2.3160801e-01
 MIN: Iter =    6  NFunc =    65  E =     -25.55645  RMSG = 1.1637283e-01
 MIN: Iter =    7  NFunc =    76  E =     -25.56426  RMSG = 6.2992016e-02
 MIN: Iter =    8  NFunc =    92  E =     -25.56776  RMSG = 5.1243095e-02
 MIN: Iter =    9  NFunc =   105  E =     -25.56820  RMSG = 1.3220761e-02
 MIN: Iter =   10  NFunc =   121  E =     -25.56835  RMSG = 7.0808622e-03
 MIN: Iter =   11  NFunc =   172  E =     -25.56879  RMSG = 1.2279768e-02
 MIN: Iter =   12  NFunc =   187  E =     -25.56886  RMSG = 5.4060567e-03
 MIN: Iter =   13  NFunc =   197  E =     -25.56888  RMSG = 3.0209842e-03
 MIN: Iter =   14  NFunc =   207  E =     -25.56889  RMSG = 1.4591881e-03
 MIN: Iter =   15  NFunc =   233  E =     -25.56889  RMSG = 6.7766949e-04
 MIN: Iter =   16  NFunc =   247  E =     -25.56889  RMSG = 5.5545683e-04
 MIN: Iter =   17  NFunc =   262  E =     -25.56889  RMSG = 3.0067603e-04
----------------------------------------------------------------
 END:          :-)  E =     -25.56889  RMSG =   0.0003007

     bond:      0.672339430
    angle:      1.231724915
 dihedral:     14.975090835
    enb14:      6.336512818
    eel14:    -54.386068426
      enb:     -3.551955624
      eel:     24.258991542
      egb:    -15.105526682
    econs:      0.000000000
    esurf:      0.000000000
    Total:    -25.568891193
     frms:      0.000300676
====== rms.dat  ======================================================
#Frame      all_heavy
       1       0.0676
