====== tleap.out =====================================================
-I: Adding /home/case/amber24/dat/leap/prep to search path.
-I: Adding /home/case/amber24/dat/leap/lib to search path.
-I: Adding /home/case/amber24/dat/leap/parm to search path.
-I: Adding /home/case/amber24/dat/leap/cmd to search path.
-f: Source leap.in.

Welcome to LEaP!
(no leaprc in search path)
Sourcing: ./leap.in
Using Bondi radii
----- Source: /home/case/amber24/dat/leap/cmd/leaprc.gaff2
----- Source of /home/case/amber24/dat/leap/cmd/leaprc.gaff2 done
Log file: ./leap.log
Loading parameters: /home/case/amber24/dat/leap/parm/gaff2.dat
Reading title:
AMBER General Force Field for organic molecules (Version 2.2.20, March 2021)
Loading parameters: ./6XH.frcmod
Reading force field modification type file (frcmod)
Reading title:
Remark line goes here
Loading Mol2 file: ./6XH.mol2
Reading MOLECULE named 6XH
Checking Unit.
Building topology.
"order_residues" off: keep input residue order.
Building atom parameters.
Building bond parameters.
Building angle parameters.
Building proper torsion parameters.
Building improper torsion parameters.
 total 17 improper torsions applied
Building H-Bond parameters.
Incorporating Non-Bonded adjustments.
Not Marking per-residue atom chain types.
Marking per-residue atom chain types.
  (Residues lacking connect0/connect1 - 
   these don't have chain types marked:

	res	total affected

	6XH	1
  )
 (no restraints)
	Quit

Exiting LEaP: Errors = 0; Warnings = 0; Notes = 0.
====== min.o =========================================================
Reading parm file (6XH.parm7)
title:
6XH                                                                             
no velocities were found
no velocities were found
	mm_options:  ntpr=5
	mm_options:  gb=1
	mm_options:  kappa=0.10395
	mm_options:  rgbmax=99.
	mm_options:  cut=99.0
	mm_options:  wcons=0.
     bond:      3.814022373
    angle:     25.057538206
 dihedral:     42.883980882
    enb14:     11.982538080
    eel14:   -139.257255389
      enb:      1.594420260
      eel:     22.559628961
      egb:    -29.129942412
    econs:      0.000000000
    esurf:      0.000000000
    Total:    -60.495069039
     frms:     11.981936102
Starting TNCG minimisation
 MIN: Iter =    0  NFunc =     1  E =     -60.49507  RMSG = 1.1981936e+01
 MIN: Iter =    1  NFunc =     7  E =     -76.55246  RMSG = 2.5701873e+00
 MIN: Iter =    2  NFunc =    18  E =     -79.47285  RMSG = 1.0987909e+00
 MIN: Iter =    3  NFunc =    60  E =     -80.16398  RMSG = 1.3959663e+00
 MIN: Iter =    4  NFunc =    81  E =     -81.46162  RMSG = 1.0127272e+00
 MIN: Iter =    5  NFunc =    97  E =     -82.25720  RMSG = 1.0128110e+00
 MIN: Iter =    6  NFunc =   105  E =     -82.82888  RMSG = 7.5186881e-01
 MIN: Iter =    7  NFunc =   111  E =     -83.15748  RMSG = 6.3031900e-01
 MIN: Iter =    8  NFunc =   118  E =     -83.35226  RMSG = 3.5888446e-01
 MIN: Iter =    9  NFunc =   126  E =     -83.42836  RMSG = 2.1436196e-01
 MIN: Iter =   10  NFunc =   147  E =     -83.55860  RMSG = 3.2458168e-01
 MIN: Iter =   11  NFunc =   156  E =     -83.58807  RMSG = 1.2098007e-01
 MIN: Iter =   12  NFunc =   207  E =     -83.66461  RMSG = 4.8522189e-01
 MIN: Iter =   13  NFunc =   213  E =     -83.71709  RMSG = 1.7675738e-01
 MIN: Iter =   14  NFunc =   219  E =     -83.74535  RMSG = 4.6879330e-01
 MIN: Iter =   15  NFunc =   225  E =     -83.78946  RMSG = 1.6731263e-01
 MIN: Iter =   16  NFunc =   243  E =     -83.82832  RMSG = 3.9241398e-01
 MIN: Iter =   17  NFunc =   249  E =     -83.86570  RMSG = 1.6538413e-01
 MIN: Iter =   18  NFunc =   269  E =     -83.88837  RMSG = 1.5634059e-01
 MIN: Iter =   19  NFunc =   276  E =     -83.90616  RMSG = 1.5877467e-01
 MIN: Iter =   20  NFunc =   285  E =     -83.92136  RMSG = 1.2354683e-01
 MIN: Iter =   21  NFunc =   295  E =     -83.92987  RMSG = 7.6127243e-02
 MIN: Iter =   22  NFunc =   304  E =     -83.93534  RMSG = 1.2736160e-01
 MIN: Iter =   23  NFunc =   355  E =     -83.97285  RMSG = 2.5965073e-01
 MIN: Iter =   24  NFunc =   365  E =     -83.99512  RMSG = 9.2678057e-02
 MIN: Iter =   25  NFunc =   416  E =     -84.02674  RMSG = 4.6448883e-01
 MIN: Iter =   26  NFunc =   424  E =     -84.09742  RMSG = 2.4824407e-01
 MIN: Iter =   27  NFunc =   430  E =     -84.15118  RMSG = 5.9760925e-01
 MIN: Iter =   28  NFunc =   436  E =     -84.27575  RMSG = 3.5867569e-01
 MIN: Iter =   29  NFunc =   443  E =     -84.38244  RMSG = 6.2893186e-01
 MIN: Iter =   30  NFunc =   449  E =     -84.55211  RMSG = 5.0040609e-01
 MIN: Iter =   31  NFunc =   455  E =     -84.68137  RMSG = 5.0152190e-01
 MIN: Iter =   32  NFunc =   461  E =     -84.76828  RMSG = 2.6398519e-01
 MIN: Iter =   33  NFunc =   470  E =     -84.82518  RMSG = 2.6908901e-01
 MIN: Iter =   34  NFunc =   521  E =     -84.91940  RMSG = 4.7230597e-01
 MIN: Iter =   35  NFunc =   527  E =     -84.95086  RMSG = 1.4325598e-01
 MIN: Iter =   36  NFunc =   578  E =     -85.00117  RMSG = 4.5234582e-01
 MIN: Iter =   37  NFunc =   584  E =     -85.02720  RMSG = 1.1177653e-01
 MIN: Iter =   38  NFunc =   601  E =     -85.04539  RMSG = 2.9003070e-01
 MIN: Iter =   39  NFunc =   607  E =     -85.05691  RMSG = 7.1107587e-02
 MIN: Iter =   40  NFunc =   659  E =     -85.07245  RMSG = 1.1659500e-01
 MIN: Iter =   41  NFunc =   675  E =     -85.08426  RMSG = 1.2972421e-01
 MIN: Iter =   42  NFunc =   684  E =     -85.09064  RMSG = 5.2863841e-02
 MIN: Iter =   43  NFunc =   707  E =     -85.09572  RMSG = 1.1710377e-01
 MIN: Iter =   44  NFunc =   713  E =     -85.09827  RMSG = 4.4518818e-02
 MIN: Iter =   45  NFunc =   752  E =     -85.10400  RMSG = 7.1424342e-02
 MIN: Iter =   46  NFunc =   774  E =     -85.10853  RMSG = 9.3774335e-02
 MIN: Iter =   47  NFunc =   780  E =     -85.11040  RMSG = 4.2633506e-02
 MIN: Iter =   48  NFunc =   799  E =     -85.11273  RMSG = 4.8114036e-02
 MIN: Iter =   49  NFunc =   810  E =     -85.11486  RMSG = 7.8845264e-02
 MIN: Iter =   50  NFunc =   819  E =     -85.11692  RMSG = 2.9153781e-02
 MIN: Iter =   51  NFunc =   828  E =     -85.11809  RMSG = 4.6844386e-02
 MIN: Iter =   52  NFunc =   837  E =     -85.11976  RMSG = 5.7239765e-02
 MIN: Iter =   53  NFunc =   864  E =     -85.12802  RMSG = 1.7774832e-01
 MIN: Iter =   54  NFunc =   870  E =     -85.13335  RMSG = 5.7707662e-02
 MIN: Iter =   55  NFunc =   915  E =     -85.13725  RMSG = 8.1336762e-02
 MIN: Iter =   56  NFunc =   931  E =     -85.14261  RMSG = 1.0926273e-01
 MIN: Iter =   57  NFunc =   941  E =     -85.14686  RMSG = 4.5804785e-02
 MIN: Iter =   58  NFunc =   969  E =     -85.15143  RMSG = 8.1789498e-02
 MIN: Iter =   59  NFunc =   978  E =     -85.15735  RMSG = 1.1810210e-01
 MIN: Iter =   60  NFunc =   984  E =     -85.16266  RMSG = 7.5951716e-02
 MIN: Iter =   61  NFunc =   991  E =     -85.16618  RMSG = 1.2859883e-01
 MIN: Iter =   62  NFunc =   998  E =     -85.17099  RMSG = 5.6362097e-02
 MIN: Iter =   63  NFunc =  1014  E =     -85.17561  RMSG = 8.2080144e-02
 MIN: Iter =   64  NFunc =  1022  E =     -85.18113  RMSG = 7.5547874e-02
 MIN: Iter =   65  NFunc =  1028  E =     -85.18289  RMSG = 3.7996058e-02
 MIN: Iter =   66  NFunc =  1060  E =     -85.18713  RMSG = 6.6650314e-02
 MIN: Iter =   67  NFunc =  1067  E =     -85.19011  RMSG = 6.2760530e-02
 MIN: Iter =   68  NFunc =  1078  E =     -85.19361  RMSG = 8.4649806e-02
 MIN: Iter =   69  NFunc =  1085  E =     -85.19534  RMSG = 3.1210108e-02
 MIN: Iter =   70  NFunc =  1095  E =     -85.19647  RMSG = 4.8495687e-02
 MIN: Iter =   71  NFunc =  1104  E =     -85.19722  RMSG = 1.7921434e-02
 MIN: Iter =   72  NFunc =  1155  E =     -85.20372  RMSG = 1.1411563e-01
 MIN: Iter =   73  NFunc =  1161  E =     -85.20599  RMSG = 3.4772572e-02
 MIN: Iter =   74  NFunc =  1180  E =     -85.20763  RMSG = 1.8960435e-02
 MIN: Iter =   75  NFunc =  1202  E =     -85.20825  RMSG = 1.1451819e-02
 MIN: Iter =   76  NFunc =  1220  E =     -85.20837  RMSG = 5.4054503e-03
 MIN: Iter =   77  NFunc =  1271  E =     -85.20851  RMSG = 6.5268143e-03
 MIN: Iter =   78  NFunc =  1283  E =     -85.20854  RMSG = 3.1825860e-03
 MIN: Iter =   79  NFunc =  1334  E =     -85.20866  RMSG = 1.7072352e-02
 MIN: Iter =   80  NFunc =  1340  E =     -85.20870  RMSG = 3.8644264e-03
 MIN: Iter =   81  NFunc =  1348  E =     -85.20871  RMSG = 2.0371353e-03
 MIN: Iter =   82  NFunc =  1371  E =     -85.20872  RMSG = 1.0937452e-03
 MIN: Iter =   83  NFunc =  1422  E =     -85.20875  RMSG = 5.6979023e-03
 MIN: Iter =   84  NFunc =  1446  E =     -85.20878  RMSG = 8.0327443e-03
 MIN: Iter =   85  NFunc =  1453  E =     -85.20880  RMSG = 3.0627971e-03
 MIN: Iter =   86  NFunc =  1468  E =     -85.20881  RMSG = 3.0098079e-03
 MIN: Iter =   87  NFunc =  1511  E =     -85.20882  RMSG = 3.1544188e-03
 MIN: Iter =   88  NFunc =  1517  E =     -85.20882  RMSG = 1.1218015e-03
 MIN: Iter =   89  NFunc =  1549  E =     -85.20883  RMSG = 8.6562317e-04
 MIN: Iter =   90  NFunc =  1581  E =     -85.20883  RMSG = 5.4653666e-04
 MIN: Iter =   91  NFunc =  1623  E =     -85.20883  RMSG = 2.5710704e-04
----------------------------------------------------------------
 END:          :-)  E =     -85.20883  RMSG =   0.0002571

     bond:      2.731464213
    angle:     18.879521845
 dihedral:     38.740016557
    enb14:      7.316880969
    eel14:   -138.867000605
      enb:     -4.510057259
      eel:     21.303949310
      egb:    -30.803604572
    econs:      0.000000000
    esurf:      0.000000000
    Total:    -85.208829541
     frms:      0.000257107
====== rms.dat  ======================================================
#Frame      all_heavy
       1       0.9198
