====== tleap.out =====================================================
-I: Adding /home/case/amber24/dat/leap/prep to search path.
-I: Adding /home/case/amber24/dat/leap/lib to search path.
-I: Adding /home/case/amber24/dat/leap/parm to search path.
-I: Adding /home/case/amber24/dat/leap/cmd to search path.
-f: Source leap.in.

Welcome to LEaP!
(no leaprc in search path)
Sourcing: ./leap.in
Using Bondi radii
----- Source: /home/case/amber24/dat/leap/cmd/leaprc.gaff2
----- Source of /home/case/amber24/dat/leap/cmd/leaprc.gaff2 done
Log file: ./leap.log
Loading parameters: /home/case/amber24/dat/leap/parm/gaff2.dat
Reading title:
AMBER General Force Field for organic molecules (Version 2.2.20, March 2021)
Loading parameters: ./6YC.frcmod
Reading force field modification type file (frcmod)
Reading title:
Remark line goes here
Loading Mol2 file: ./6YC.mol2
Reading MOLECULE named 6YC
Checking Unit.
Building topology.
"order_residues" off: keep input residue order.
Building atom parameters.
Building bond parameters.
Building angle parameters.
Building proper torsion parameters.
Building improper torsion parameters.
 total 12 improper torsions applied
Building H-Bond parameters.
Incorporating Non-Bonded adjustments.
Not Marking per-residue atom chain types.
Marking per-residue atom chain types.
  (Residues lacking connect0/connect1 - 
   these don't have chain types marked:

	res	total affected

	6YC	1
  )
 (no restraints)
	Quit

Exiting LEaP: Errors = 0; Warnings = 0; Notes = 0.
====== min.o =========================================================
Reading parm file (6YC.parm7)
title:
6YC                                                                             
no velocities were found
no velocities were found
	mm_options:  ntpr=5
	mm_options:  gb=1
	mm_options:  kappa=0.10395
	mm_options:  rgbmax=99.
	mm_options:  cut=99.0
	mm_options:  wcons=0.
     bond:      3.716412605
    angle:      3.250778050
 dihedral:     29.355903663
    enb14:     15.014347023
    eel14:     42.571509660
      enb:     -6.469700344
      eel:    -42.927586768
      egb:    -19.144895891
    econs:      0.000000000
    esurf:      0.000000000
    Total:     25.366767998
     frms:      9.629836061
Starting TNCG minimisation
 MIN: Iter =    0  NFunc =     1  E =      25.36677  RMSG = 9.6298361e+00
 MIN: Iter =    1  NFunc =     7  E =      17.35304  RMSG = 2.7071791e+00
 MIN: Iter =    2  NFunc =    19  E =      15.21708  RMSG = 9.5093801e-01
 MIN: Iter =    3  NFunc =    33  E =      14.57936  RMSG = 5.0687822e-01
 MIN: Iter =    4  NFunc =    52  E =      14.27800  RMSG = 4.3069332e-01
 MIN: Iter =    5  NFunc =   103  E =      14.04378  RMSG = 3.5171840e-01
 MIN: Iter =    6  NFunc =   110  E =      14.00484  RMSG = 1.6498902e-01
 MIN: Iter =    7  NFunc =   156  E =      14.00211  RMSG = 1.6442068e-01
 MIN: Iter =    8  NFunc =   208  E =      13.95279  RMSG = 3.2008655e-01
 MIN: Iter =    9  NFunc =   217  E =      13.92837  RMSG = 2.0057187e-01
 MIN: Iter =   10  NFunc =   258  E =      13.82922  RMSG = 2.3165519e-01
 MIN: Iter =   11  NFunc =   265  E =      13.80705  RMSG = 1.3848576e-01
 MIN: Iter =   12  NFunc =   298  E =      13.75405  RMSG = 2.2205610e-01
 MIN: Iter =   13  NFunc =   305  E =      13.73929  RMSG = 1.0449488e-01
 MIN: Iter =   14  NFunc =   320  E =      13.71918  RMSG = 1.2171350e-01
 MIN: Iter =   15  NFunc =   347  E =      13.70351  RMSG = 2.1210587e-01
 MIN: Iter =   16  NFunc =   353  E =      13.69530  RMSG = 1.0618111e-01
 MIN: Iter =   17  NFunc =   388  E =      13.68394  RMSG = 7.9962235e-02
 MIN: Iter =   18  NFunc =   414  E =      13.67124  RMSG = 7.8189969e-02
 MIN: Iter =   19  NFunc =   420  E =      13.67010  RMSG = 3.3908031e-02
 MIN: Iter =   20  NFunc =   471  E =      13.66694  RMSG = 1.2857117e-01
 MIN: Iter =   21  NFunc =   477  E =      13.66381  RMSG = 2.5254454e-02
 MIN: Iter =   22  NFunc =   518  E =      13.66144  RMSG = 1.9846073e-02
 MIN: Iter =   23  NFunc =   539  E =      13.66102  RMSG = 1.3712352e-02
 MIN: Iter =   24  NFunc =   553  E =      13.66086  RMSG = 6.2591358e-03
 MIN: Iter =   25  NFunc =   574  E =      13.66077  RMSG = 6.1578463e-03
 MIN: Iter =   26  NFunc =   586  E =      13.66074  RMSG = 3.5019952e-03
 MIN: Iter =   27  NFunc =   637  E =      13.66069  RMSG = 2.9346453e-03
 MIN: Iter =   28  NFunc =   676  E =      13.66067  RMSG = 1.2713788e-03
 MIN: Iter =   29  NFunc =   727  E =      13.66066  RMSG = 1.4748139e-03
 MIN: Iter =   30  NFunc =   736  E =      13.66066  RMSG = 8.5840365e-04
 MIN: Iter =   31  NFunc =   771  E =      13.66065  RMSG = 9.4923577e-04
 MIN: Iter =   32  NFunc =   792  E =      13.66065  RMSG = 7.0731978e-04
 MIN: Iter =   33  NFunc =   800  E =      13.66065  RMSG = 4.4541722e-04
----------------------------------------------------------------
 END:          :-)  E =      13.66065  RMSG =   0.0004454

     bond:      1.897737403
    angle:      1.810926492
 dihedral:     25.792961511
    enb14:     10.875004599
    eel14:     41.188112435
      enb:     -5.691568208
      eel:    -42.489508666
      egb:    -19.723016069
    econs:      0.000000000
    esurf:      0.000000000
    Total:     13.660649499
     frms:      0.000445417
====== rms.dat  ======================================================
#Frame      all_heavy
       1       0.4330
