====== tleap.out =====================================================
-I: Adding /home/case/amber24/dat/leap/prep to search path.
-I: Adding /home/case/amber24/dat/leap/lib to search path.
-I: Adding /home/case/amber24/dat/leap/parm to search path.
-I: Adding /home/case/amber24/dat/leap/cmd to search path.
-f: Source leap.in.

Welcome to LEaP!
(no leaprc in search path)
Sourcing: ./leap.in
Using Bondi radii
----- Source: /home/case/amber24/dat/leap/cmd/leaprc.gaff2
----- Source of /home/case/amber24/dat/leap/cmd/leaprc.gaff2 done
Log file: ./leap.log
Loading parameters: /home/case/amber24/dat/leap/parm/gaff2.dat
Reading title:
AMBER General Force Field for organic molecules (Version 2.2.20, March 2021)
Loading parameters: ./11C.frcmod
Reading force field modification type file (frcmod)
Reading title:
Remark line goes here
Loading Mol2 file: ./11C.mol2
Reading MOLECULE named 11C
Checking Unit.

/home/case/amber24/bin/teLeap: Warning!
The unperturbed charge of the unit (-2.002000) is not zero.

/home/case/amber24/bin/teLeap: Note.
Ignoring the warning from Unit Checking.

Building topology.
"order_residues" off: keep input residue order.
Building atom parameters.
Building bond parameters.
Building angle parameters.
Building proper torsion parameters.
Building improper torsion parameters.
 total 2 improper torsions applied
Building H-Bond parameters.
Incorporating Non-Bonded adjustments.
Not Marking per-residue atom chain types.
Marking per-residue atom chain types.
  (Residues lacking connect0/connect1 - 
   these don't have chain types marked:

	res	total affected

	11C	1
  )
 (no restraints)
	Quit

Exiting LEaP: Errors = 0; Warnings = 1; Notes = 1.
====== min.o =========================================================
Reading parm file (11C.parm7)
title:
11C                                                                             
no velocities were found
no velocities were found
	mm_options:  ntpr=5
	mm_options:  gb=1
	mm_options:  kappa=0.10395
	mm_options:  rgbmax=99.
	mm_options:  cut=99.0
	mm_options:  wcons=0.
     bond:      2.408389891
    angle:      5.866756057
 dihedral:     45.798941186
    enb14:      3.209459273
    eel14:    190.505579423
      enb:     -0.421425767
      eel:    -83.920324066
      egb:   -207.806116008
    econs:      0.000000000
    esurf:      0.000000000
    Total:    -44.358740009
     frms:     10.680730275
Starting TNCG minimisation
 MIN: Iter =    0  NFunc =     1  E =     -44.35874  RMSG = 1.0680730e+01
 MIN: Iter =    1  NFunc =     7  E =     -49.37200  RMSG = 2.5710762e+00
 MIN: Iter =    2  NFunc =    15  E =     -50.22253  RMSG = 1.0339675e+00
 MIN: Iter =    3  NFunc =    41  E =     -50.38996  RMSG = 1.3034705e+00
 MIN: Iter =    4  NFunc =    57  E =     -50.75131  RMSG = 2.4068300e+00
 MIN: Iter =    5  NFunc =    69  E =     -51.41943  RMSG = 5.4396176e+00
 MIN: Iter =    6  NFunc =    93  E =     -52.49005  RMSG = 6.1078171e+00
 MIN: Iter =    7  NFunc =   104  E =     -54.69258  RMSG = 5.7350548e+00
 MIN: Iter =    8  NFunc =   110  E =     -57.01475  RMSG = 5.6005383e+00
 MIN: Iter =    9  NFunc =   116  E =     -59.44535  RMSG = 4.8940059e+00
 MIN: Iter =   10  NFunc =   122  E =     -61.64811  RMSG = 3.9132038e+00
 MIN: Iter =   11  NFunc =   128  E =     -62.87923  RMSG = 2.0265897e+00
 MIN: Iter =   12  NFunc =   134  E =     -63.14353  RMSG = 6.8755547e-01
 MIN: Iter =   13  NFunc =   150  E =     -63.55071  RMSG = 2.0429861e+00
 MIN: Iter =   14  NFunc =   156  E =     -63.71359  RMSG = 4.7580455e-01
 MIN: Iter =   15  NFunc =   162  E =     -63.77312  RMSG = 4.6664562e-01
 MIN: Iter =   16  NFunc =   181  E =     -63.87185  RMSG = 1.4467127e+00
 MIN: Iter =   17  NFunc =   187  E =     -63.92267  RMSG = 2.3183316e-01
 MIN: Iter =   18  NFunc =   210  E =     -63.95574  RMSG = 3.7702290e-01
 MIN: Iter =   19  NFunc =   222  E =     -63.97562  RMSG = 2.3849748e-01
 MIN: Iter =   20  NFunc =   229  E =     -63.97965  RMSG = 1.0841240e-01
 MIN: Iter =   21  NFunc =   242  E =     -63.98319  RMSG = 6.4745757e-02
 MIN: Iter =   22  NFunc =   253  E =     -63.98472  RMSG = 3.8178728e-02
 MIN: Iter =   23  NFunc =   262  E =     -63.98517  RMSG = 2.6490579e-02
 MIN: Iter =   24  NFunc =   273  E =     -63.98535  RMSG = 1.3289432e-02
 MIN: Iter =   25  NFunc =   290  E =     -63.98545  RMSG = 8.1737381e-03
 MIN: Iter =   26  NFunc =   304  E =     -63.98550  RMSG = 5.1732871e-03
 MIN: Iter =   27  NFunc =   313  E =     -63.98551  RMSG = 2.5445368e-03
 MIN: Iter =   28  NFunc =   322  E =     -63.98551  RMSG = 2.4637404e-03
 MIN: Iter =   29  NFunc =   336  E =     -63.98551  RMSG = 1.5312002e-03
 MIN: Iter =   30  NFunc =   348  E =     -63.98551  RMSG = 8.3500918e-04
 MIN: Iter =   31  NFunc =   357  E =     -63.98551  RMSG = 6.5398910e-04
 MIN: Iter =   32  NFunc =   374  E =     -63.98551  RMSG = 2.9124325e-04
----------------------------------------------------------------
 END:          :-)  E =     -63.98551  RMSG =   0.0002912

     bond:      1.627162392
    angle:      7.106063480
 dihedral:     31.877558191
    enb14:      1.608912477
    eel14:    184.015521970
      enb:     -0.978005636
      eel:    -79.380022270
      egb:   -209.862704237
    econs:      0.000000000
    esurf:      0.000000000
    Total:    -63.985513632
     frms:      0.000291243
====== rms.dat  ======================================================
#Frame      all_heavy
       1       0.6785
