====== tleap.out =====================================================
-I: Adding /home/case/amber24/dat/leap/prep to search path.
-I: Adding /home/case/amber24/dat/leap/lib to search path.
-I: Adding /home/case/amber24/dat/leap/parm to search path.
-I: Adding /home/case/amber24/dat/leap/cmd to search path.
-f: Source leap.in.

Welcome to LEaP!
(no leaprc in search path)
Sourcing: ./leap.in
Using Bondi radii
----- Source: /home/case/amber24/dat/leap/cmd/leaprc.gaff2
----- Source of /home/case/amber24/dat/leap/cmd/leaprc.gaff2 done
Log file: ./leap.log
Loading parameters: /home/case/amber24/dat/leap/parm/gaff2.dat
Reading title:
AMBER General Force Field for organic molecules (Version 2.2.20, March 2021)

/home/case/amber24/bin/teLeap: Error!
Decimal point follows exponent in NUMBER-like token (11E.frcmod).
Loading parameters: ./11E.frcmod
Reading force field modification type file (frcmod)
Reading title:
Remark line goes here

/home/case/amber24/bin/teLeap: Error!
Decimal point follows exponent in NUMBER-like token (11E.mol2).
Loading Mol2 file: ./11E.mol2
Reading MOLECULE named 11E

/home/case/amber24/bin/teLeap: Error!
Decimal point follows exponent in NUMBER-like token (11E.parm7).

/home/case/amber24/bin/teLeap: Error!
Decimal point follows exponent in NUMBER-like token (11E.x).
Checking Unit.

/home/case/amber24/bin/teLeap: Warning!
The unperturbed charge of the unit (-0.999000) is not zero.

/home/case/amber24/bin/teLeap: Note.
Ignoring the warning from Unit Checking.

Building topology.
"order_residues" off: keep input residue order.
Building atom parameters.
Building bond parameters.
Building angle parameters.
Building proper torsion parameters.
Building improper torsion parameters.
 total 11 improper torsions applied
Building H-Bond parameters.
Incorporating Non-Bonded adjustments.
Not Marking per-residue atom chain types.
Marking per-residue atom chain types.
  (Residues lacking connect0/connect1 - 
   these don't have chain types marked:

	res	total affected

	11E	1
  )
 (no restraints)
	Quit

Exiting LEaP: Errors = 4; Warnings = 1; Notes = 1.
====== min.o =========================================================
Reading parm file (11E.parm7)
title:
11E                                                                             
no velocities were found
no velocities were found
	mm_options:  ntpr=5
	mm_options:  gb=1
	mm_options:  kappa=0.10395
	mm_options:  rgbmax=99.
	mm_options:  cut=99.0
	mm_options:  wcons=0.
     bond:      3.100229080
    angle:     11.407758000
 dihedral:     11.090452258
    enb14:      6.181322565
    eel14:     37.352037728
      enb:     -1.201301547
      eel:   -114.999032978
      egb:    -87.842807183
    econs:      0.000000000
    esurf:      0.000000000
    Total:   -134.911342078
     frms:     16.045221975
Starting TNCG minimisation
 MIN: Iter =    0  NFunc =     1  E =    -134.91134  RMSG = 1.6045222e+01
 MIN: Iter =    1  NFunc =     7  E =    -143.60321  RMSG = 2.8270017e+00
 MIN: Iter =    2  NFunc =    19  E =    -144.79148  RMSG = 2.3750560e+00
 MIN: Iter =    3  NFunc =    25  E =    -145.02459  RMSG = 6.3849673e-01
 MIN: Iter =    4  NFunc =    44  E =    -145.18063  RMSG = 6.8099672e-01
 MIN: Iter =    5  NFunc =    50  E =    -145.20209  RMSG = 1.6123693e-01
 MIN: Iter =    6  NFunc =    93  E =    -145.25350  RMSG = 5.5953485e-01
 MIN: Iter =    7  NFunc =    99  E =    -145.27357  RMSG = 1.7686840e-01
 MIN: Iter =    8  NFunc =   118  E =    -145.29502  RMSG = 5.4362112e-01
 MIN: Iter =    9  NFunc =   124  E =    -145.30508  RMSG = 1.0337792e-01
 MIN: Iter =   10  NFunc =   137  E =    -145.30948  RMSG = 1.2218256e-01
 MIN: Iter =   11  NFunc =   146  E =    -145.31104  RMSG = 4.3109674e-02
 MIN: Iter =   12  NFunc =   154  E =    -145.31155  RMSG = 2.8782117e-02
 MIN: Iter =   13  NFunc =   163  E =    -145.31180  RMSG = 1.5596198e-02
 MIN: Iter =   14  NFunc =   183  E =    -145.31196  RMSG = 8.6262949e-03
 MIN: Iter =   15  NFunc =   209  E =    -145.31207  RMSG = 8.9454957e-03
 MIN: Iter =   16  NFunc =   216  E =    -145.31209  RMSG = 4.6275145e-03
 MIN: Iter =   17  NFunc =   267  E =    -145.31236  RMSG = 3.9392267e-02
 MIN: Iter =   18  NFunc =   273  E =    -145.31240  RMSG = 6.6352781e-03
 MIN: Iter =   19  NFunc =   320  E =    -145.31267  RMSG = 4.3353035e-02
 MIN: Iter =   20  NFunc =   326  E =    -145.31273  RMSG = 5.5186605e-03
 MIN: Iter =   21  NFunc =   368  E =    -145.31302  RMSG = 4.3132024e-02
 MIN: Iter =   22  NFunc =   374  E =    -145.31307  RMSG = 1.0013807e-02
 MIN: Iter =   23  NFunc =   405  E =    -145.31336  RMSG = 4.2379428e-02
 MIN: Iter =   24  NFunc =   411  E =    -145.31343  RMSG = 1.1614140e-02
 MIN: Iter =   25  NFunc =   447  E =    -145.31372  RMSG = 4.4621245e-02
 MIN: Iter =   26  NFunc =   453  E =    -145.31402  RMSG = 8.1778206e-02
 MIN: Iter =   27  NFunc =   459  E =    -145.31435  RMSG = 2.2735515e-02
 MIN: Iter =   28  NFunc =   465  E =    -145.31451  RMSG = 5.5792593e-02
 MIN: Iter =   29  NFunc =   471  E =    -145.31463  RMSG = 9.2558750e-03
 MIN: Iter =   30  NFunc =   479  E =    -145.31466  RMSG = 1.1592429e-02
 MIN: Iter =   31  NFunc =   485  E =    -145.31466  RMSG = 3.2183272e-03
 MIN: Iter =   32  NFunc =   525  E =    -145.31470  RMSG = 2.9204237e-03
 MIN: Iter =   33  NFunc =   546  E =    -145.31471  RMSG = 1.3169739e-03
 MIN: Iter =   34  NFunc =   554  E =    -145.31471  RMSG = 8.4358181e-04
 MIN: Iter =   35  NFunc =   566  E =    -145.31471  RMSG = 4.6398199e-04
----------------------------------------------------------------
 END:          :-)  E =    -145.31471  RMSG =   0.0004640

     bond:      1.583564585
    angle:      7.996076334
 dihedral:     11.096171359
    enb14:      4.209622235
    eel14:     29.026838586
      enb:     -1.325884318
      eel:   -107.710321584
      egb:    -90.190777730
    econs:      0.000000000
    esurf:      0.000000000
    Total:   -145.314710533
     frms:      0.000463982
====== rms.dat  ======================================================
#Frame      all_heavy
       1       0.2150
