====== tleap.out =====================================================
-I: Adding /home/case/amber24/dat/leap/prep to search path.
-I: Adding /home/case/amber24/dat/leap/lib to search path.
-I: Adding /home/case/amber24/dat/leap/parm to search path.
-I: Adding /home/case/amber24/dat/leap/cmd to search path.
-f: Source leap.in.

Welcome to LEaP!
(no leaprc in search path)
Sourcing: ./leap.in
Using Bondi radii
----- Source: /home/case/amber24/dat/leap/cmd/leaprc.gaff2
----- Source of /home/case/amber24/dat/leap/cmd/leaprc.gaff2 done
Log file: ./leap.log
Loading parameters: /home/case/amber24/dat/leap/parm/gaff2.dat
Reading title:
AMBER General Force Field for organic molecules (Version 2.2.20, March 2021)
Loading parameters: ./138.frcmod
Reading force field modification type file (frcmod)
Reading title:
Remark line goes here
Loading Mol2 file: ./138.mol2
Reading MOLECULE named 138
Checking Unit.

/home/case/amber24/bin/teLeap: Warning!
The unperturbed charge of the unit (-4.001001) is not zero.

/home/case/amber24/bin/teLeap: Note.
Ignoring the warning from Unit Checking.

Building topology.
"order_residues" off: keep input residue order.
Building atom parameters.
Building bond parameters.
Building angle parameters.
Building proper torsion parameters.
Building improper torsion parameters.
 total 21 improper torsions applied
Building H-Bond parameters.
Incorporating Non-Bonded adjustments.
Not Marking per-residue atom chain types.
Marking per-residue atom chain types.
  (Residues lacking connect0/connect1 - 
   these don't have chain types marked:

	res	total affected

	138	1
  )
 (no restraints)
	Quit

Exiting LEaP: Errors = 0; Warnings = 1; Notes = 1.
====== min.o =========================================================
Reading parm file (138.parm7)
title:
138                                                                             
no velocities were found
no velocities were found
	mm_options:  ntpr=5
	mm_options:  gb=1
	mm_options:  kappa=0.10395
	mm_options:  rgbmax=99.
	mm_options:  cut=99.0
	mm_options:  wcons=0.
     bond:     13.480169176
    angle:     32.472593740
 dihedral:    100.464753518
    enb14:     25.098971495
    eel14:    168.572125588
      enb:     -9.519153790
      eel:   -128.288879975
      egb:   -563.922893504
    econs:      0.000000000
    esurf:      0.000000000
    Total:   -361.642313752
     frms:     16.506542852
Starting TNCG minimisation
 MIN: Iter =    0  NFunc =     1  E =    -361.64231  RMSG = 1.6506543e+01
 MIN: Iter =    1  NFunc =     7  E =    -396.17422  RMSG = 4.0077073e+00
 MIN: Iter =    2  NFunc =    26  E =    -400.20008  RMSG = 4.2378765e+00
 MIN: Iter =    3  NFunc =    35  E =    -406.38092  RMSG = 2.0181090e+00
 MIN: Iter =    4  NFunc =    49  E =    -409.05569  RMSG = 2.5496557e+00
 MIN: Iter =    5  NFunc =    63  E =    -411.92202  RMSG = 2.7396838e+00
 MIN: Iter =    6  NFunc =    69  E =    -414.73179  RMSG = 2.3776440e+00
 MIN: Iter =    7  NFunc =    75  E =    -417.20280  RMSG = 1.8945463e+00
 MIN: Iter =    8  NFunc =    81  E =    -418.75738  RMSG = 1.1387734e+00
 MIN: Iter =    9  NFunc =    87  E =    -419.21764  RMSG = 4.2142298e-01
 MIN: Iter =   10  NFunc =   118  E =    -419.72425  RMSG = 7.9709464e-01
 MIN: Iter =   11  NFunc =   135  E =    -420.29733  RMSG = 9.6606749e-01
 MIN: Iter =   12  NFunc =   143  E =    -420.82023  RMSG = 8.3654161e-01
 MIN: Iter =   13  NFunc =   149  E =    -421.13130  RMSG = 5.1190932e-01
 MIN: Iter =   14  NFunc =   155  E =    -421.28544  RMSG = 3.5725455e-01
 MIN: Iter =   15  NFunc =   206  E =    -421.64576  RMSG = 9.9029966e-01
 MIN: Iter =   16  NFunc =   212  E =    -422.04475  RMSG = 1.1061413e+00
 MIN: Iter =   17  NFunc =   220  E =    -422.71237  RMSG = 1.2018617e+00
 MIN: Iter =   18  NFunc =   226  E =    -423.41884  RMSG = 1.2777483e+00
 MIN: Iter =   19  NFunc =   232  E =    -424.14303  RMSG = 1.2147621e+00
 MIN: Iter =   20  NFunc =   238  E =    -424.81532  RMSG = 1.0310431e+00
 MIN: Iter =   21  NFunc =   244  E =    -425.08661  RMSG = 2.7355913e-01
 MIN: Iter =   22  NFunc =   274  E =    -425.29561  RMSG = 4.7526647e-01
 MIN: Iter =   23  NFunc =   289  E =    -425.47391  RMSG = 8.3143291e-01
 MIN: Iter =   24  NFunc =   296  E =    -425.61181  RMSG = 2.5651660e-01
 MIN: Iter =   25  NFunc =   304  E =    -425.67678  RMSG = 2.9144017e-01
 MIN: Iter =   26  NFunc =   310  E =    -425.74271  RMSG = 4.2512603e-01
 MIN: Iter =   27  NFunc =   348  E =    -425.93287  RMSG = 7.0103459e-01
 MIN: Iter =   28  NFunc =   354  E =    -426.04096  RMSG = 2.6207239e-01
 MIN: Iter =   29  NFunc =   380  E =    -426.25320  RMSG = 7.1143011e-01
 MIN: Iter =   30  NFunc =   386  E =    -426.39091  RMSG = 3.3347651e-01
 MIN: Iter =   31  NFunc =   414  E =    -426.66920  RMSG = 9.7740072e-01
 MIN: Iter =   32  NFunc =   420  E =    -426.86524  RMSG = 3.8773592e-01
 MIN: Iter =   33  NFunc =   442  E =    -427.13991  RMSG = 1.1658768e+00
 MIN: Iter =   34  NFunc =   450  E =    -427.44184  RMSG = 3.1028111e-01
 MIN: Iter =   35  NFunc =   456  E =    -427.65187  RMSG = 9.2871035e-01
 MIN: Iter =   36  NFunc =   466  E =    -427.97614  RMSG = 1.1546671e+00
 MIN: Iter =   37  NFunc =   472  E =    -428.18295  RMSG = 2.4919288e-01
 MIN: Iter =   38  NFunc =   488  E =    -428.36872  RMSG = 2.2993775e-01
 MIN: Iter =   39  NFunc =   539  E =    -428.63440  RMSG = 4.6600402e-01
 MIN: Iter =   40  NFunc =   553  E =    -428.77878  RMSG = 3.5598095e-01
 MIN: Iter =   41  NFunc =   576  E =    -428.92425  RMSG = 4.2266203e-01
 MIN: Iter =   42  NFunc =   624  E =    -429.09111  RMSG = 3.3311763e-01
 MIN: Iter =   43  NFunc =   631  E =    -429.12730  RMSG = 1.5660920e-01
 MIN: Iter =   44  NFunc =   682  E =    -429.23666  RMSG = 3.1775247e-01
 MIN: Iter =   45  NFunc =   688  E =    -429.30717  RMSG = 3.8360609e-01
 MIN: Iter =   46  NFunc =   698  E =    -429.37862  RMSG = 1.6941967e-01
 MIN: Iter =   47  NFunc =   742  E =    -429.48939  RMSG = 3.0939311e-01
 MIN: Iter =   48  NFunc =   764  E =    -429.58943  RMSG = 3.3020373e-01
 MIN: Iter =   49  NFunc =   778  E =    -429.67516  RMSG = 2.8630601e-01
 MIN: Iter =   50  NFunc =   785  E =    -429.72963  RMSG = 2.6291014e-01
 MIN: Iter =   51  NFunc =   791  E =    -429.75891  RMSG = 1.4595745e-01
 MIN: Iter =   52  NFunc =   802  E =    -429.79998  RMSG = 2.4468407e-01
 MIN: Iter =   53  NFunc =   853  E =    -429.91685  RMSG = 3.3677706e-01
 MIN: Iter =   54  NFunc =   880  E =    -430.04035  RMSG = 4.0387814e-01
 MIN: Iter =   55  NFunc =   894  E =    -430.18073  RMSG = 4.9129403e-01
 MIN: Iter =   56  NFunc =   903  E =    -430.34047  RMSG = 3.7520542e-01
 MIN: Iter =   57  NFunc =   909  E =    -430.43195  RMSG = 3.7495866e-01
 MIN: Iter =   58  NFunc =   915  E =    -430.47881  RMSG = 1.9930398e-01
 MIN: Iter =   59  NFunc =   926  E =    -430.52057  RMSG = 1.4020797e-01
 MIN: Iter =   60  NFunc =   964  E =    -430.62441  RMSG = 3.9800970e-01
 MIN: Iter =   61  NFunc =  1001  E =    -430.73551  RMSG = 3.2852667e-01
 MIN: Iter =   62  NFunc =  1020  E =    -430.80737  RMSG = 2.3726078e-01
 MIN: Iter =   63  NFunc =  1034  E =    -430.84714  RMSG = 1.6372022e-01
 MIN: Iter =   64  NFunc =  1043  E =    -430.86647  RMSG = 1.1841943e-01
 MIN: Iter =   65  NFunc =  1094  E =    -430.93527  RMSG = 3.0485203e-01
 MIN: Iter =   66  NFunc =  1103  E =    -430.96211  RMSG = 9.1358281e-02
 MIN: Iter =   67  NFunc =  1116  E =    -430.98654  RMSG = 2.0868349e-01
 MIN: Iter =   68  NFunc =  1128  E =    -431.00232  RMSG = 6.2665947e-02
 MIN: Iter =   69  NFunc =  1179  E =    -431.02624  RMSG = 2.3771870e-01
 MIN: Iter =   70  NFunc =  1185  E =    -431.03675  RMSG = 7.9721330e-02
 MIN: Iter =   71  NFunc =  1216  E =    -431.05426  RMSG = 1.7454434e-01
 MIN: Iter =   72  NFunc =  1222  E =    -431.05904  RMSG = 4.5139984e-02
 MIN: Iter =   73  NFunc =  1273  E =    -431.06736  RMSG = 5.1416168e-02
 MIN: Iter =   74  NFunc =  1280  E =    -431.06804  RMSG = 1.9284578e-02
 MIN: Iter =   75  NFunc =  1320  E =    -431.06983  RMSG = 1.5567144e-02
 MIN: Iter =   76  NFunc =  1327  E =    -431.06995  RMSG = 8.0346345e-03
 MIN: Iter =   77  NFunc =  1354  E =    -431.07028  RMSG = 6.1951343e-03
 MIN: Iter =   78  NFunc =  1405  E =    -431.07076  RMSG = 8.4965737e-03
 MIN: Iter =   79  NFunc =  1456  E =    -431.07130  RMSG = 1.1265866e-02
 MIN: Iter =   80  NFunc =  1488  E =    -431.07158  RMSG = 5.5047216e-03
 MIN: Iter =   81  NFunc =  1519  E =    -431.07169  RMSG = 3.2243295e-03
 MIN: Iter =   82  NFunc =  1570  E =    -431.07196  RMSG = 4.8175387e-03
 MIN: Iter =   83  NFunc =  1621  E =    -431.07207  RMSG = 3.4041626e-03
 MIN: Iter =   84  NFunc =  1672  E =    -431.07227  RMSG = 5.6604358e-03
 MIN: Iter =   85  NFunc =  1696  E =    -431.07231  RMSG = 2.3873655e-03
 MIN: Iter =   86  NFunc =  1747  E =    -431.07241  RMSG = 3.1899547e-03
 MIN: Iter =   87  NFunc =  1770  E =    -431.07244  RMSG = 1.8169190e-03
 MIN: Iter =   88  NFunc =  1821  E =    -431.07247  RMSG = 2.2992231e-03
 MIN: Iter =   89  NFunc =  1850  E =    -431.07248  RMSG = 1.3429878e-03
 MIN: Iter =   90  NFunc =  1901  E =    -431.07250  RMSG = 1.1762830e-03
 MIN: Iter =   91  NFunc =  1935  E =    -431.07250  RMSG = 7.3672277e-04
 MIN: Iter =   92  NFunc =  1986  E =    -431.07251  RMSG = 9.1313178e-04
 MIN: Iter =   93  NFunc =  2017  E =    -431.07251  RMSG = 5.7327357e-04
 MIN: Iter =   94  NFunc =  2068  E =    -431.07252  RMSG = 4.8311465e-04
----------------------------------------------------------------
 END:          :-)  E =    -431.07252  RMSG =   0.0004831

     bond:      4.960574437
    angle:     23.501768162
 dihedral:     75.594881214
    enb14:     19.113108870
    eel14:    158.548923948
      enb:     -9.261494612
      eel:   -143.834484914
      egb:   -559.695792314
    econs:      0.000000000
    esurf:      0.000000000
    Total:   -431.072515208
     frms:      0.000483115
====== rms.dat  ======================================================
#Frame      all_heavy
       1       1.7307
