====== tleap.out =====================================================
-I: Adding /home/case/amber24/dat/leap/prep to search path.
-I: Adding /home/case/amber24/dat/leap/lib to search path.
-I: Adding /home/case/amber24/dat/leap/parm to search path.
-I: Adding /home/case/amber24/dat/leap/cmd to search path.
-f: Source leap.in.

Welcome to LEaP!
(no leaprc in search path)
Sourcing: ./leap.in
Using Bondi radii
----- Source: /home/case/amber24/dat/leap/cmd/leaprc.gaff2
----- Source of /home/case/amber24/dat/leap/cmd/leaprc.gaff2 done
Log file: ./leap.log
Loading parameters: /home/case/amber24/dat/leap/parm/gaff2.dat
Reading title:
AMBER General Force Field for organic molecules (Version 2.2.20, March 2021)
Loading parameters: ./14V.frcmod
Reading force field modification type file (frcmod)
Reading title:
Remark line goes here
Loading Mol2 file: ./14V.mol2
Reading MOLECULE named 14V
Checking Unit.

/home/case/amber24/bin/teLeap: Warning!
The unperturbed charge of the unit (-1.002001) is not zero.

/home/case/amber24/bin/teLeap: Note.
Ignoring the warning from Unit Checking.

Building topology.
"order_residues" off: keep input residue order.
Building atom parameters.
Building bond parameters.
Building angle parameters.
Building proper torsion parameters.
Building improper torsion parameters.
 total 3 improper torsions applied
Building H-Bond parameters.
Incorporating Non-Bonded adjustments.
Not Marking per-residue atom chain types.
Marking per-residue atom chain types.
  (Residues lacking connect0/connect1 - 
   these don't have chain types marked:

	res	total affected

	14V	1
  )
 (no restraints)
	Quit

Exiting LEaP: Errors = 0; Warnings = 1; Notes = 1.
====== min.o =========================================================
Reading parm file (14V.parm7)
title:
14V                                                                             
no velocities were found
no velocities were found
	mm_options:  ntpr=5
	mm_options:  gb=1
	mm_options:  kappa=0.10395
	mm_options:  rgbmax=99.
	mm_options:  cut=99.0
	mm_options:  wcons=0.
     bond:      1.860269101
    angle:      3.913682794
 dihedral:     95.693226312
    enb14:      8.079810648
    eel14:   -270.294823599
      enb:     -4.138472152
      eel:    158.480364368
      egb:    -78.360624660
    econs:      0.000000000
    esurf:      0.000000000
    Total:    -84.766567188
     frms:      6.217323322
Starting TNCG minimisation
 MIN: Iter =    0  NFunc =     1  E =     -84.76657  RMSG = 6.2173233e+00
 MIN: Iter =    1  NFunc =     7  E =     -89.37180  RMSG = 1.3405392e+00
 MIN: Iter =    2  NFunc =    31  E =     -90.26939  RMSG = 1.5411602e+00
 MIN: Iter =    3  NFunc =    47  E =     -91.18356  RMSG = 2.1094436e+00
 MIN: Iter =    4  NFunc =    66  E =     -92.28711  RMSG = 2.9558505e+00
 MIN: Iter =    5  NFunc =    84  E =     -94.08608  RMSG = 3.5120629e+00
 MIN: Iter =    6  NFunc =    92  E =     -96.70331  RMSG = 3.8555896e+00
 MIN: Iter =    7  NFunc =    98  E =    -100.11833  RMSG = 3.8766566e+00
 MIN: Iter =    8  NFunc =   104  E =    -103.66228  RMSG = 3.1396219e+00
 MIN: Iter =    9  NFunc =   110  E =    -105.91312  RMSG = 1.8241011e+00
 MIN: Iter =   10  NFunc =   116  E =    -106.77018  RMSG = 1.0874213e+00
 MIN: Iter =   11  NFunc =   133  E =    -107.38363  RMSG = 8.6902225e-01
 MIN: Iter =   12  NFunc =   143  E =    -107.54307  RMSG = 3.2436849e-01
 MIN: Iter =   13  NFunc =   179  E =    -107.78528  RMSG = 6.2528227e-01
 MIN: Iter =   14  NFunc =   186  E =    -107.87056  RMSG = 1.7676962e-01
 MIN: Iter =   15  NFunc =   207  E =    -108.13198  RMSG = 5.2354055e-01
 MIN: Iter =   16  NFunc =   232  E =    -108.44537  RMSG = 8.0381415e-01
 MIN: Iter =   17  NFunc =   239  E =    -108.80492  RMSG = 8.0449053e-01
 MIN: Iter =   18  NFunc =   245  E =    -109.13966  RMSG = 8.6562034e-01
 MIN: Iter =   19  NFunc =   251  E =    -109.47507  RMSG = 5.7217125e-01
 MIN: Iter =   20  NFunc =   257  E =    -109.65689  RMSG = 3.9787855e-01
 MIN: Iter =   21  NFunc =   267  E =    -109.82946  RMSG = 3.4716128e-01
 MIN: Iter =   22  NFunc =   292  E =    -110.07519  RMSG = 3.0296240e-01
 MIN: Iter =   23  NFunc =   324  E =    -110.21715  RMSG = 2.4154213e-01
 MIN: Iter =   24  NFunc =   349  E =    -110.29767  RMSG = 2.5348662e-01
 MIN: Iter =   25  NFunc =   362  E =    -110.34615  RMSG = 1.1912175e-01
 MIN: Iter =   26  NFunc =   397  E =    -110.41978  RMSG = 1.9156519e-01
 MIN: Iter =   27  NFunc =   404  E =    -110.42929  RMSG = 8.9627132e-02
 MIN: Iter =   28  NFunc =   438  E =    -110.46454  RMSG = 1.5179980e-01
 MIN: Iter =   29  NFunc =   446  E =    -110.47042  RMSG = 4.5792167e-02
 MIN: Iter =   30  NFunc =   482  E =    -110.48527  RMSG = 1.3156460e-01
 MIN: Iter =   31  NFunc =   488  E =    -110.48755  RMSG = 3.9895408e-02
 MIN: Iter =   32  NFunc =   537  E =    -110.50171  RMSG = 1.3562831e-01
 MIN: Iter =   33  NFunc =   543  E =    -110.50488  RMSG = 5.2849087e-02
 MIN: Iter =   34  NFunc =   570  E =    -110.51280  RMSG = 1.0145102e-01
 MIN: Iter =   35  NFunc =   584  E =    -110.51765  RMSG = 5.2306558e-02
 MIN: Iter =   36  NFunc =   636  E =    -110.52674  RMSG = 1.3605888e-01
 MIN: Iter =   37  NFunc =   657  E =    -110.53665  RMSG = 1.3240588e-01
 MIN: Iter =   38  NFunc =   666  E =    -110.54207  RMSG = 5.5800047e-02
 MIN: Iter =   39  NFunc =   673  E =    -110.54465  RMSG = 5.6898141e-02
 MIN: Iter =   40  NFunc =   725  E =    -110.55374  RMSG = 1.2620871e-01
 MIN: Iter =   41  NFunc =   746  E =    -110.56492  RMSG = 1.6857823e-01
 MIN: Iter =   42  NFunc =   774  E =    -110.58227  RMSG = 3.4003208e-01
 MIN: Iter =   43  NFunc =   782  E =    -110.60510  RMSG = 9.4166689e-02
 MIN: Iter =   44  NFunc =   793  E =    -110.63376  RMSG = 3.8742246e-01
 MIN: Iter =   45  NFunc =   799  E =    -110.66885  RMSG = 1.8581869e-01
 MIN: Iter =   46  NFunc =   805  E =    -110.70492  RMSG = 5.0719050e-01
 MIN: Iter =   47  NFunc =   814  E =    -110.83676  RMSG = 6.4475986e-01
 MIN: Iter =   48  NFunc =   821  E =    -111.01522  RMSG = 5.3219594e-01
 MIN: Iter =   49  NFunc =   830  E =    -111.19065  RMSG = 5.8506160e-01
 MIN: Iter =   50  NFunc =   841  E =    -111.37373  RMSG = 5.4567252e-01
 MIN: Iter =   51  NFunc =   847  E =    -111.52590  RMSG = 5.2890474e-01
 MIN: Iter =   52  NFunc =   853  E =    -111.63179  RMSG = 2.8294387e-01
 MIN: Iter =   53  NFunc =   871  E =    -111.78407  RMSG = 2.6211366e-01
 MIN: Iter =   54  NFunc =   894  E =    -111.82406  RMSG = 1.0417766e-01
 MIN: Iter =   55  NFunc =   937  E =    -111.85466  RMSG = 1.9474460e-01
 MIN: Iter =   56  NFunc =   943  E =    -111.86059  RMSG = 8.0664024e-02
 MIN: Iter =   57  NFunc =   963  E =    -111.87517  RMSG = 1.8113169e-01
 MIN: Iter =   58  NFunc =   969  E =    -111.87992  RMSG = 6.7029010e-02
 MIN: Iter =   59  NFunc =  1014  E =    -111.89433  RMSG = 1.1053550e-01
 MIN: Iter =   60  NFunc =  1031  E =    -111.90552  RMSG = 1.6688314e-01
 MIN: Iter =   61  NFunc =  1038  E =    -111.91221  RMSG = 8.0030233e-02
 MIN: Iter =   62  NFunc =  1044  E =    -111.91657  RMSG = 9.8943785e-02
 MIN: Iter =   63  NFunc =  1050  E =    -111.91857  RMSG = 4.5764843e-02
 MIN: Iter =   64  NFunc =  1095  E =    -111.92749  RMSG = 8.9340459e-02
 MIN: Iter =   65  NFunc =  1109  E =    -111.93342  RMSG = 5.0897546e-02
 MIN: Iter =   66  NFunc =  1129  E =    -111.93727  RMSG = 1.1403966e-01
 MIN: Iter =   67  NFunc =  1137  E =    -111.93967  RMSG = 3.0549333e-02
 MIN: Iter =   68  NFunc =  1165  E =    -111.94543  RMSG = 1.0115901e-01
 MIN: Iter =   69  NFunc =  1171  E =    -111.94678  RMSG = 2.4989212e-02
 MIN: Iter =   70  NFunc =  1210  E =    -111.95146  RMSG = 8.7578129e-02
 MIN: Iter =   71  NFunc =  1216  E =    -111.95245  RMSG = 2.2527326e-02
 MIN: Iter =   72  NFunc =  1267  E =    -111.95503  RMSG = 3.1851922e-02
 MIN: Iter =   73  NFunc =  1275  E =    -111.95523  RMSG = 9.8219481e-03
 MIN: Iter =   74  NFunc =  1316  E =    -111.95622  RMSG = 1.2036263e-02
 MIN: Iter =   75  NFunc =  1336  E =    -111.95640  RMSG = 7.8485898e-03
 MIN: Iter =   76  NFunc =  1373  E =    -111.95667  RMSG = 4.8173505e-03
 MIN: Iter =   77  NFunc =  1394  E =    -111.95681  RMSG = 4.9152742e-03
 MIN: Iter =   78  NFunc =  1415  E =    -111.95686  RMSG = 3.8345835e-03
 MIN: Iter =   79  NFunc =  1443  E =    -111.95693  RMSG = 3.1967343e-03
 MIN: Iter =   80  NFunc =  1449  E =    -111.95693  RMSG = 2.7348197e-03
 MIN: Iter =   81  NFunc =  1472  E =    -111.95695  RMSG = 1.9074121e-03
 MIN: Iter =   82  NFunc =  1503  E =    -111.95700  RMSG = 2.9654985e-03
 MIN: Iter =   83  NFunc =  1551  E =    -111.95708  RMSG = 3.3508269e-03
 MIN: Iter =   84  NFunc =  1569  E =    -111.95711  RMSG = 1.9896335e-03
 MIN: Iter =   85  NFunc =  1589  E =    -111.95712  RMSG = 1.2356180e-03
 MIN: Iter =   86  NFunc =  1621  E =    -111.95713  RMSG = 8.8180500e-04
 MIN: Iter =   87  NFunc =  1647  E =    -111.95713  RMSG = 7.0549340e-04
 MIN: Iter =   88  NFunc =  1682  E =    -111.95714  RMSG = 5.3466044e-04
 MIN: Iter =   89  NFunc =  1702  E =    -111.95714  RMSG = 4.0708237e-04
----------------------------------------------------------------
 END:          :-)  E =    -111.95714  RMSG =   0.0004071

     bond:      0.437585028
    angle:      5.323525975
 dihedral:     72.726817245
    enb14:      5.225043447
    eel14:   -271.029592873
      enb:     -4.769657139
      eel:    162.986698187
      egb:    -82.857556799
    econs:      0.000000000
    esurf:      0.000000000
    Total:   -111.957136929
     frms:      0.000407082
====== rms.dat  ======================================================
#Frame      all_heavy
       1       1.3979
