====== tleap.out =====================================================
-I: Adding /home/case/amber24/dat/leap/prep to search path.
-I: Adding /home/case/amber24/dat/leap/lib to search path.
-I: Adding /home/case/amber24/dat/leap/parm to search path.
-I: Adding /home/case/amber24/dat/leap/cmd to search path.
-f: Source leap.in.

Welcome to LEaP!
(no leaprc in search path)
Sourcing: ./leap.in
Using Bondi radii
----- Source: /home/case/amber24/dat/leap/cmd/leaprc.gaff2
----- Source of /home/case/amber24/dat/leap/cmd/leaprc.gaff2 done
Log file: ./leap.log
Loading parameters: /home/case/amber24/dat/leap/parm/gaff2.dat
Reading title:
AMBER General Force Field for organic molecules (Version 2.2.20, March 2021)
Loading parameters: ./1D8.frcmod
Reading force field modification type file (frcmod)
Reading title:
Remark line goes here
Loading Mol2 file: ./1D8.mol2
Reading MOLECULE named 1D8
Checking Unit.

/home/case/amber24/bin/teLeap: Warning!
The unperturbed charge of the unit (-0.997999) is not zero.

/home/case/amber24/bin/teLeap: Note.
Ignoring the warning from Unit Checking.

Building topology.
"order_residues" off: keep input residue order.
Building atom parameters.
Building bond parameters.
Building angle parameters.
Building proper torsion parameters.
Building improper torsion parameters.
 total 24 improper torsions applied
Building H-Bond parameters.
Incorporating Non-Bonded adjustments.
Not Marking per-residue atom chain types.
Marking per-residue atom chain types.
  (Residues lacking connect0/connect1 - 
   these don't have chain types marked:

	res	total affected

	1D8	1
  )
 (no restraints)
	Quit

Exiting LEaP: Errors = 0; Warnings = 1; Notes = 1.
====== min.o =========================================================
Reading parm file (1D8.parm7)
title:
1D8                                                                             
no velocities were found
no velocities were found
	mm_options:  ntpr=5
	mm_options:  gb=1
	mm_options:  kappa=0.10395
	mm_options:  rgbmax=99.
	mm_options:  cut=99.0
	mm_options:  wcons=0.
     bond:      4.604810179
    angle:     29.068041042
 dihedral:     49.667383721
    enb14:     14.191557142
    eel14:     55.323050023
      enb:    -11.800513335
      eel:    -41.943122886
      egb:    -89.181383229
    econs:      0.000000000
    esurf:      0.000000000
    Total:      9.929822657
     frms:     14.156605700
Starting TNCG minimisation
 MIN: Iter =    0  NFunc =     1  E =       9.92982  RMSG = 1.4156606e+01
 MIN: Iter =    1  NFunc =     7  E =      -5.40577  RMSG = 2.6583315e+00
 MIN: Iter =    2  NFunc =    13  E =      -7.08096  RMSG = 1.0441317e+00
 MIN: Iter =    3  NFunc =    28  E =      -7.93643  RMSG = 5.5944051e-01
 MIN: Iter =    4  NFunc =    54  E =      -8.55965  RMSG = 4.9681668e-01
 MIN: Iter =    5  NFunc =    68  E =      -8.95960  RMSG = 4.8478337e-01
 MIN: Iter =    6  NFunc =    74  E =      -9.18713  RMSG = 4.8829966e-01
 MIN: Iter =    7  NFunc =    85  E =      -9.34487  RMSG = 2.7251677e-01
 MIN: Iter =    8  NFunc =   113  E =      -9.53953  RMSG = 2.9521497e-01
 MIN: Iter =    9  NFunc =   120  E =      -9.56345  RMSG = 1.4354621e-01
 MIN: Iter =   10  NFunc =   171  E =      -9.62650  RMSG = 3.1002305e-01
 MIN: Iter =   11  NFunc =   177  E =      -9.63857  RMSG = 8.3966499e-02
 MIN: Iter =   12  NFunc =   229  E =      -9.65664  RMSG = 8.9948076e-02
 MIN: Iter =   13  NFunc =   272  E =      -9.66585  RMSG = 1.4571787e-01
 MIN: Iter =   14  NFunc =   278  E =      -9.67195  RMSG = 8.2933040e-02
 MIN: Iter =   15  NFunc =   321  E =      -9.68064  RMSG = 1.3658975e-01
 MIN: Iter =   16  NFunc =   335  E =      -9.68984  RMSG = 1.5019940e-01
 MIN: Iter =   17  NFunc =   346  E =      -9.70149  RMSG = 3.4162059e-01
 MIN: Iter =   18  NFunc =   352  E =      -9.71859  RMSG = 1.0917255e-01
 MIN: Iter =   19  NFunc =   362  E =      -9.72814  RMSG = 1.5733995e-01
 MIN: Iter =   20  NFunc =   368  E =      -9.73994  RMSG = 2.1762246e-01
 MIN: Iter =   21  NFunc =   374  E =      -9.75058  RMSG = 9.2509341e-02
 MIN: Iter =   22  NFunc =   380  E =      -9.75514  RMSG = 1.5216808e-01
 MIN: Iter =   23  NFunc =   386  E =      -9.75844  RMSG = 4.5976944e-02
 MIN: Iter =   24  NFunc =   416  E =      -9.77722  RMSG = 2.9558005e-01
 MIN: Iter =   25  NFunc =   422  E =      -9.78816  RMSG = 5.7883621e-02
 MIN: Iter =   26  NFunc =   452  E =      -9.79281  RMSG = 2.9377438e-02
 MIN: Iter =   27  NFunc =   474  E =      -9.79440  RMSG = 1.9189997e-02
 MIN: Iter =   28  NFunc =   484  E =      -9.79471  RMSG = 1.2470142e-02
 MIN: Iter =   29  NFunc =   511  E =      -9.79551  RMSG = 1.3480809e-02
 MIN: Iter =   30  NFunc =   520  E =      -9.79559  RMSG = 7.4247985e-03
 MIN: Iter =   31  NFunc =   548  E =      -9.79583  RMSG = 6.3712299e-03
 MIN: Iter =   32  NFunc =   581  E =      -9.79596  RMSG = 4.1907514e-03
 MIN: Iter =   33  NFunc =   591  E =      -9.79597  RMSG = 2.5819721e-03
 MIN: Iter =   34  NFunc =   613  E =      -9.79598  RMSG = 1.2383434e-03
 MIN: Iter =   35  NFunc =   636  E =      -9.79598  RMSG = 7.9778344e-04
 MIN: Iter =   36  NFunc =   671  E =      -9.79598  RMSG = 3.9357587e-04
----------------------------------------------------------------
 END:          :-)  E =      -9.79598  RMSG =   0.0003936

     bond:      3.088444292
    angle:     22.236155078
 dihedral:     44.205304830
    enb14:     10.465273248
    eel14:     54.207955528
      enb:    -11.446955272
      eel:    -40.736233341
      egb:    -91.815925375
    econs:      0.000000000
    esurf:      0.000000000
    Total:     -9.795981012
     frms:      0.000393576
====== rms.dat  ======================================================
#Frame      all_heavy
       1       0.3998
