====== tleap.out =====================================================
-I: Adding /home/case/amber24/dat/leap/prep to search path.
-I: Adding /home/case/amber24/dat/leap/lib to search path.
-I: Adding /home/case/amber24/dat/leap/parm to search path.
-I: Adding /home/case/amber24/dat/leap/cmd to search path.
-f: Source leap.in.

Welcome to LEaP!
(no leaprc in search path)
Sourcing: ./leap.in
Using Bondi radii
----- Source: /home/case/amber24/dat/leap/cmd/leaprc.gaff2
----- Source of /home/case/amber24/dat/leap/cmd/leaprc.gaff2 done
Log file: ./leap.log
Loading parameters: /home/case/amber24/dat/leap/parm/gaff2.dat
Reading title:
AMBER General Force Field for organic molecules (Version 2.2.20, March 2021)
Loading parameters: ./1G1.frcmod
Reading force field modification type file (frcmod)
Reading title:
Remark line goes here
Loading Mol2 file: ./1G1.mol2
Reading MOLECULE named 1G1
Checking Unit.
Building topology.
"order_residues" off: keep input residue order.
Building atom parameters.
Building bond parameters.
Building angle parameters.
Building proper torsion parameters.
Building improper torsion parameters.
 total 18 improper torsions applied
Building H-Bond parameters.
Incorporating Non-Bonded adjustments.
Not Marking per-residue atom chain types.
Marking per-residue atom chain types.
  (Residues lacking connect0/connect1 - 
   these don't have chain types marked:

	res	total affected

	1G1	1
  )
 (no restraints)
	Quit

Exiting LEaP: Errors = 0; Warnings = 0; Notes = 0.
====== min.o =========================================================
Reading parm file (1G1.parm7)
title:
1G1                                                                             
no velocities were found
no velocities were found
	mm_options:  ntpr=5
	mm_options:  gb=1
	mm_options:  kappa=0.10395
	mm_options:  rgbmax=99.
	mm_options:  cut=99.0
	mm_options:  wcons=0.
     bond:      3.218156223
    angle:      8.742866285
 dihedral:     31.438443319
    enb14:     20.860066284
    eel14:    168.688539716
      enb:    -19.865950942
      eel:   -236.546904570
      egb:    -39.273110833
    econs:      0.000000000
    esurf:      0.000000000
    Total:    -62.737894518
     frms:      5.913344963
Starting TNCG minimisation
 MIN: Iter =    0  NFunc =     1  E =     -62.73789  RMSG = 5.9133450e+00
 MIN: Iter =    1  NFunc =    12  E =     -65.66191  RMSG = 5.9076784e+00
 MIN: Iter =    2  NFunc =    18  E =     -73.37870  RMSG = 1.7573223e+00
 MIN: Iter =    3  NFunc =    29  E =     -76.59684  RMSG = 9.9680905e-01
 MIN: Iter =    4  NFunc =    53  E =     -77.70636  RMSG = 2.3326441e+00
 MIN: Iter =    5  NFunc =    59  E =     -78.70730  RMSG = 7.1212710e-01
 MIN: Iter =    6  NFunc =    86  E =     -79.54722  RMSG = 9.7031223e-01
 MIN: Iter =    7  NFunc =   102  E =     -80.19904  RMSG = 7.7878021e-01
 MIN: Iter =    8  NFunc =   110  E =     -80.60018  RMSG = 5.0232191e-01
 MIN: Iter =    9  NFunc =   116  E =     -80.77287  RMSG = 3.7599044e-01
 MIN: Iter =   10  NFunc =   141  E =     -81.04390  RMSG = 6.5958957e-01
 MIN: Iter =   11  NFunc =   148  E =     -81.15142  RMSG = 2.2552712e-01
 MIN: Iter =   12  NFunc =   168  E =     -81.25806  RMSG = 5.2398319e-01
 MIN: Iter =   13  NFunc =   175  E =     -81.33465  RMSG = 1.8815791e-01
 MIN: Iter =   14  NFunc =   188  E =     -81.39717  RMSG = 5.4886993e-01
 MIN: Iter =   15  NFunc =   194  E =     -81.45266  RMSG = 1.3732208e-01
 MIN: Iter =   16  NFunc =   245  E =     -81.58838  RMSG = 3.7410922e-01
 MIN: Iter =   17  NFunc =   251  E =     -81.64501  RMSG = 1.6108826e-01
 MIN: Iter =   18  NFunc =   301  E =     -81.74278  RMSG = 3.1251929e-01
 MIN: Iter =   19  NFunc =   307  E =     -81.79115  RMSG = 1.2939442e-01
 MIN: Iter =   20  NFunc =   330  E =     -81.84321  RMSG = 3.6297349e-01
 MIN: Iter =   21  NFunc =   336  E =     -81.88448  RMSG = 1.1659519e-01
 MIN: Iter =   22  NFunc =   363  E =     -81.91911  RMSG = 1.3047146e-01
 MIN: Iter =   23  NFunc =   377  E =     -81.94881  RMSG = 2.6181261e-01
 MIN: Iter =   24  NFunc =   385  E =     -81.98377  RMSG = 9.1237367e-02
 MIN: Iter =   25  NFunc =   392  E =     -81.99709  RMSG = 9.6581681e-02
 MIN: Iter =   26  NFunc =   398  E =     -82.00938  RMSG = 9.5628971e-02
 MIN: Iter =   27  NFunc =   404  E =     -82.01554  RMSG = 5.7335438e-02
 MIN: Iter =   28  NFunc =   453  E =     -82.03587  RMSG = 3.9000168e-01
 MIN: Iter =   29  NFunc =   459  E =     -82.05340  RMSG = 7.2497943e-02
 MIN: Iter =   30  NFunc =   481  E =     -82.06589  RMSG = 1.5064855e-01
 MIN: Iter =   31  NFunc =   487  E =     -82.07139  RMSG = 4.6587718e-02
 MIN: Iter =   32  NFunc =   516  E =     -82.07791  RMSG = 5.2002675e-02
 MIN: Iter =   33  NFunc =   545  E =     -82.08261  RMSG = 3.0170740e-02
 MIN: Iter =   34  NFunc =   568  E =     -82.08485  RMSG = 1.8205082e-02
 MIN: Iter =   35  NFunc =   596  E =     -82.08657  RMSG = 1.9522526e-02
 MIN: Iter =   36  NFunc =   637  E =     -82.08795  RMSG = 2.4485472e-02
 MIN: Iter =   37  NFunc =   659  E =     -82.08845  RMSG = 7.7081444e-03
 MIN: Iter =   38  NFunc =   710  E =     -82.08895  RMSG = 1.5104024e-02
 MIN: Iter =   39  NFunc =   754  E =     -82.08947  RMSG = 6.9439063e-03
 MIN: Iter =   40  NFunc =   805  E =     -82.08979  RMSG = 6.8674608e-03
 MIN: Iter =   41  NFunc =   833  E =     -82.08994  RMSG = 4.2611922e-03
 MIN: Iter =   42  NFunc =   884  E =     -82.09008  RMSG = 4.4347476e-03
 MIN: Iter =   43  NFunc =   935  E =     -82.09017  RMSG = 2.6295484e-03
 MIN: Iter =   44  NFunc =   977  E =     -82.09021  RMSG = 1.7936776e-03
 MIN: Iter =   45  NFunc =  1028  E =     -82.09024  RMSG = 1.7147181e-03
 MIN: Iter =   46  NFunc =  1073  E =     -82.09027  RMSG = 1.5731890e-03
 MIN: Iter =   47  NFunc =  1095  E =     -82.09028  RMSG = 9.4823530e-04
 MIN: Iter =   48  NFunc =  1132  E =     -82.09029  RMSG = 1.2026932e-03
 MIN: Iter =   49  NFunc =  1183  E =     -82.09030  RMSG = 7.9035188e-04
 MIN: Iter =   50  NFunc =  1206  E =     -82.09030  RMSG = 5.1863203e-04
 MIN: Iter =   51  NFunc =  1223  E =     -82.09030  RMSG = 3.7380345e-04
----------------------------------------------------------------
 END:          :-)  E =     -82.09030  RMSG =   0.0003738

     bond:      2.583386300
    angle:      6.497580271
 dihedral:     27.911272251
    enb14:     13.154790760
    eel14:    157.427299069
      enb:    -20.294967310
      eel:   -225.910258270
      egb:    -43.459404574
    econs:      0.000000000
    esurf:      0.000000000
    Total:    -82.090301503
     frms:      0.000373803
====== rms.dat  ======================================================
#Frame      all_heavy
       1       0.6945
