====== tleap.out =====================================================
-I: Adding /home/case/amber24/dat/leap/prep to search path.
-I: Adding /home/case/amber24/dat/leap/lib to search path.
-I: Adding /home/case/amber24/dat/leap/parm to search path.
-I: Adding /home/case/amber24/dat/leap/cmd to search path.
-f: Source leap.in.

Welcome to LEaP!
(no leaprc in search path)
Sourcing: ./leap.in
Using Bondi radii
----- Source: /home/case/amber24/dat/leap/cmd/leaprc.gaff2
----- Source of /home/case/amber24/dat/leap/cmd/leaprc.gaff2 done
Log file: ./leap.log
Loading parameters: /home/case/amber24/dat/leap/parm/gaff2.dat
Reading title:
AMBER General Force Field for organic molecules (Version 2.2.20, March 2021)
Loading parameters: ./1GU.frcmod
Reading force field modification type file (frcmod)
Reading title:
Remark line goes here
Loading Mol2 file: ./1GU.mol2
Reading MOLECULE named 1GU
Checking Unit.
Building topology.
"order_residues" off: keep input residue order.
Building atom parameters.
Building bond parameters.
Building angle parameters.
Building proper torsion parameters.
Building improper torsion parameters.
 total 16 improper torsions applied
Building H-Bond parameters.
Incorporating Non-Bonded adjustments.
Not Marking per-residue atom chain types.
Marking per-residue atom chain types.
  (Residues lacking connect0/connect1 - 
   these don't have chain types marked:

	res	total affected

	1GU	1
  )
 (no restraints)
	Quit

Exiting LEaP: Errors = 0; Warnings = 0; Notes = 0.
====== min.o =========================================================
Reading parm file (1GU.parm7)
title:
1GU                                                                             
no velocities were found
no velocities were found
	mm_options:  ntpr=5
	mm_options:  gb=1
	mm_options:  kappa=0.10395
	mm_options:  rgbmax=99.
	mm_options:  cut=99.0
	mm_options:  wcons=0.
     bond:      4.773969803
    angle:     20.892849758
 dihedral:      6.375931140
    enb14:      8.704123897
    eel14:   -101.362110870
      enb:     -4.899913303
      eel:     45.946070560
      egb:    -19.092206236
    econs:      0.000000000
    esurf:      0.000000000
    Total:    -38.661285250
     frms:     13.928471724
Starting TNCG minimisation
 MIN: Iter =    0  NFunc =     1  E =     -38.66129  RMSG = 1.3928472e+01
 MIN: Iter =    1  NFunc =     7  E =     -48.53787  RMSG = 2.5971005e+00
 MIN: Iter =    2  NFunc =    14  E =     -49.81257  RMSG = 9.9716311e-01
 MIN: Iter =    3  NFunc =    23  E =     -50.48362  RMSG = 6.4406598e-01
 MIN: Iter =    4  NFunc =    53  E =     -50.83312  RMSG = 7.9307685e-01
 MIN: Iter =    5  NFunc =    59  E =     -50.88574  RMSG = 1.8014894e-01
 MIN: Iter =    6  NFunc =    70  E =     -50.91102  RMSG = 1.1835660e-01
 MIN: Iter =    7  NFunc =   107  E =     -50.94077  RMSG = 1.7194026e-01
 MIN: Iter =    8  NFunc =   113  E =     -50.94412  RMSG = 4.7323135e-02
 MIN: Iter =    9  NFunc =   125  E =     -50.94594  RMSG = 2.9689630e-02
 MIN: Iter =   10  NFunc =   146  E =     -50.94733  RMSG = 2.0966937e-02
 MIN: Iter =   11  NFunc =   185  E =     -50.94804  RMSG = 8.5538833e-03
 MIN: Iter =   12  NFunc =   200  E =     -50.94809  RMSG = 4.1742964e-03
 MIN: Iter =   13  NFunc =   227  E =     -50.94815  RMSG = 2.3180123e-03
 MIN: Iter =   14  NFunc =   237  E =     -50.94816  RMSG = 1.3030810e-03
 MIN: Iter =   15  NFunc =   261  E =     -50.94816  RMSG = 7.7476859e-04
 MIN: Iter =   16  NFunc =   276  E =     -50.94816  RMSG = 3.2736802e-04
----------------------------------------------------------------
 END:          :-)  E =     -50.94816  RMSG =   0.0003274

     bond:      1.879269762
    angle:     14.982276174
 dihedral:      5.586726397
    enb14:      6.914207570
    eel14:   -101.254601927
      enb:     -4.651045211
      eel:     45.023883171
      egb:    -19.428875387
    econs:      0.000000000
    esurf:      0.000000000
    Total:    -50.948159451
     frms:      0.000327368
====== rms.dat  ======================================================
#Frame      all_heavy
       1       0.1309
