====== tleap.out =====================================================
-I: Adding /home/case/amber24/dat/leap/prep to search path.
-I: Adding /home/case/amber24/dat/leap/lib to search path.
-I: Adding /home/case/amber24/dat/leap/parm to search path.
-I: Adding /home/case/amber24/dat/leap/cmd to search path.
-f: Source leap.in.

Welcome to LEaP!
(no leaprc in search path)
Sourcing: ./leap.in
Using Bondi radii
----- Source: /home/case/amber24/dat/leap/cmd/leaprc.gaff2
----- Source of /home/case/amber24/dat/leap/cmd/leaprc.gaff2 done
Log file: ./leap.log
Loading parameters: /home/case/amber24/dat/leap/parm/gaff2.dat
Reading title:
AMBER General Force Field for organic molecules (Version 2.2.20, March 2021)
Loading parameters: ./1HQ.frcmod
Reading force field modification type file (frcmod)
Reading title:
Remark line goes here
Loading Mol2 file: ./1HQ.mol2
Reading MOLECULE named 1HQ
Checking Unit.
Building topology.
"order_residues" off: keep input residue order.
Building atom parameters.
Building bond parameters.
Building angle parameters.
Building proper torsion parameters.
Building improper torsion parameters.
 total 15 improper torsions applied
Building H-Bond parameters.
Incorporating Non-Bonded adjustments.
Not Marking per-residue atom chain types.
Marking per-residue atom chain types.
  (Residues lacking connect0/connect1 - 
   these don't have chain types marked:

	res	total affected

	1HQ	1
  )
 (no restraints)
	Quit

Exiting LEaP: Errors = 0; Warnings = 0; Notes = 0.
====== min.o =========================================================
Reading parm file (1HQ.parm7)
title:
1HQ                                                                             
no velocities were found
no velocities were found
	mm_options:  ntpr=5
	mm_options:  gb=1
	mm_options:  kappa=0.10395
	mm_options:  rgbmax=99.
	mm_options:  cut=99.0
	mm_options:  wcons=0.
     bond:      2.595841634
    angle:      7.168619063
 dihedral:      7.347968332
    enb14:     19.749616759
    eel14:   -133.727961372
      enb:      2.863817859
      eel:    -10.032842412
      egb:    -30.115510786
    econs:      0.000000000
    esurf:      0.000000000
    Total:   -134.150450924
     frms:     11.038072458
Starting TNCG minimisation
 MIN: Iter =    0  NFunc =     1  E =    -134.15045  RMSG = 1.1038072e+01
 MIN: Iter =    1  NFunc =     7  E =    -144.93500  RMSG = 3.5901474e+00
 MIN: Iter =    2  NFunc =    16  E =    -148.58670  RMSG = 1.6601194e+00
 MIN: Iter =    3  NFunc =    22  E =    -149.06414  RMSG = 6.7544926e-01
 MIN: Iter =    4  NFunc =    35  E =    -149.28129  RMSG = 3.0827320e-01
 MIN: Iter =    5  NFunc =    55  E =    -149.38090  RMSG = 2.0167790e-01
 MIN: Iter =    6  NFunc =    87  E =    -149.38521  RMSG = 2.0320054e-01
 MIN: Iter =    7  NFunc =    99  E =    -149.39823  RMSG = 8.6556141e-02
 MIN: Iter =    8  NFunc =   121  E =    -149.42216  RMSG = 9.0119550e-02
 MIN: Iter =    9  NFunc =   142  E =    -149.42730  RMSG = 3.7469780e-02
 MIN: Iter =   10  NFunc =   170  E =    -149.43097  RMSG = 3.8552424e-02
 MIN: Iter =   11  NFunc =   208  E =    -149.43505  RMSG = 5.5235888e-02
 MIN: Iter =   12  NFunc =   214  E =    -149.43533  RMSG = 1.5261588e-02
 MIN: Iter =   13  NFunc =   234  E =    -149.43565  RMSG = 8.5762703e-03
 MIN: Iter =   14  NFunc =   242  E =    -149.43567  RMSG = 4.9597151e-03
 MIN: Iter =   15  NFunc =   269  E =    -149.43571  RMSG = 2.8302911e-03
 MIN: Iter =   16  NFunc =   293  E =    -149.43572  RMSG = 1.6569530e-03
 MIN: Iter =   17  NFunc =   344  E =    -149.43575  RMSG = 3.0394656e-03
 MIN: Iter =   18  NFunc =   384  E =    -149.43583  RMSG = 1.8243793e-02
 MIN: Iter =   19  NFunc =   390  E =    -149.43586  RMSG = 4.9088430e-03
 MIN: Iter =   20  NFunc =   403  E =    -149.43587  RMSG = 2.1453842e-03
 MIN: Iter =   21  NFunc =   411  E =    -149.43587  RMSG = 1.7766396e-03
 MIN: Iter =   22  NFunc =   440  E =    -149.43589  RMSG = 1.4024677e-03
 MIN: Iter =   23  NFunc =   457  E =    -149.43589  RMSG = 8.4163492e-04
 MIN: Iter =   24  NFunc =   492  E =    -149.43589  RMSG = 8.4275788e-04
 MIN: Iter =   25  NFunc =   513  E =    -149.43589  RMSG = 6.2975103e-04
 MIN: Iter =   26  NFunc =   531  E =    -149.43589  RMSG = 4.3354640e-04
----------------------------------------------------------------
 END:          :-)  E =    -149.43589  RMSG =   0.0004335

     bond:      4.354570772
    angle:      5.955071862
 dihedral:      8.631451172
    enb14:     12.906761828
    eel14:   -140.947554244
      enb:     -1.443357727
      eel:     -7.000753272
      egb:    -31.892084709
    econs:      0.000000000
    esurf:      0.000000000
    Total:   -149.435894317
     frms:      0.000433546
====== rms.dat  ======================================================
#Frame      all_heavy
       1       0.1592
