====== tleap.out =====================================================
-I: Adding /home/case/amber24/dat/leap/prep to search path.
-I: Adding /home/case/amber24/dat/leap/lib to search path.
-I: Adding /home/case/amber24/dat/leap/parm to search path.
-I: Adding /home/case/amber24/dat/leap/cmd to search path.
-f: Source leap.in.

Welcome to LEaP!
(no leaprc in search path)
Sourcing: ./leap.in
Using Bondi radii
----- Source: /home/case/amber24/dat/leap/cmd/leaprc.gaff2
----- Source of /home/case/amber24/dat/leap/cmd/leaprc.gaff2 done
Log file: ./leap.log
Loading parameters: /home/case/amber24/dat/leap/parm/gaff2.dat
Reading title:
AMBER General Force Field for organic molecules (Version 2.2.20, March 2021)
Loading parameters: ./1HU.frcmod
Reading force field modification type file (frcmod)
Reading title:
Remark line goes here
Loading Mol2 file: ./1HU.mol2
Reading MOLECULE named 1HU
Checking Unit.
Building topology.
"order_residues" off: keep input residue order.
Building atom parameters.
Building bond parameters.
Building angle parameters.
Building proper torsion parameters.
Building improper torsion parameters.
 total 9 improper torsions applied
Building H-Bond parameters.
Incorporating Non-Bonded adjustments.
Not Marking per-residue atom chain types.
Marking per-residue atom chain types.
  (Residues lacking connect0/connect1 - 
   these don't have chain types marked:

	res	total affected

	1HU	1
  )
 (no restraints)
	Quit

Exiting LEaP: Errors = 0; Warnings = 0; Notes = 0.
====== min.o =========================================================
Reading parm file (1HU.parm7)
title:
1HU                                                                             
no velocities were found
no velocities were found
	mm_options:  ntpr=5
	mm_options:  gb=1
	mm_options:  kappa=0.10395
	mm_options:  rgbmax=99.
	mm_options:  cut=99.0
	mm_options:  wcons=0.
     bond:      0.887624885
    angle:     15.487064659
 dihedral:      0.178393174
    enb14:      3.189969732
    eel14:      0.847349299
      enb:     -2.129516838
      eel:      2.784417676
      egb:    -13.817244991
    econs:      0.000000000
    esurf:      0.000000000
    Total:      7.428057596
     frms:     12.390984431
Starting TNCG minimisation
 MIN: Iter =    0  NFunc =     1  E =       7.42806  RMSG = 1.2390984e+01
 MIN: Iter =    1  NFunc =     7  E =       2.43906  RMSG = 1.5418659e+00
 MIN: Iter =    2  NFunc =    16  E =       2.01363  RMSG = 4.9967617e-01
 MIN: Iter =    3  NFunc =    22  E =       1.96647  RMSG = 3.0728716e-01
 MIN: Iter =    4  NFunc =    36  E =       1.94022  RMSG = 1.1351334e-01
 MIN: Iter =    5  NFunc =    55  E =       1.92733  RMSG = 8.2739306e-02
 MIN: Iter =    6  NFunc =    70  E =       1.92340  RMSG = 4.0363408e-02
 MIN: Iter =    7  NFunc =    81  E =       1.92304  RMSG = 1.6755871e-02
 MIN: Iter =    8  NFunc =    97  E =       1.92283  RMSG = 9.2301698e-03
 MIN: Iter =    9  NFunc =   114  E =       1.92275  RMSG = 4.1432852e-03
 MIN: Iter =   10  NFunc =   142  E =       1.92268  RMSG = 3.9888559e-03
 MIN: Iter =   11  NFunc =   148  E =       1.92268  RMSG = 1.6169174e-03
 MIN: Iter =   12  NFunc =   165  E =       1.92267  RMSG = 8.6668921e-04
 MIN: Iter =   13  NFunc =   190  E =       1.92267  RMSG = 6.7973282e-04
 MIN: Iter =   14  NFunc =   212  E =       1.92267  RMSG = 2.9087853e-04
----------------------------------------------------------------
 END:          :-)  E =       1.92267  RMSG =   0.0002909

     bond:      1.399588057
    angle:     10.823747336
 dihedral:      0.103356526
    enb14:      2.680927842
    eel14:      0.496186374
      enb:     -2.013103476
      eel:      2.774436657
      egb:    -14.342467771
    econs:      0.000000000
    esurf:      0.000000000
    Total:      1.922671544
     frms:      0.000290879
====== rms.dat  ======================================================
#Frame      all_heavy
       1       0.0492
