====== tleap.out =====================================================
-I: Adding /home/case/amber24/dat/leap/prep to search path.
-I: Adding /home/case/amber24/dat/leap/lib to search path.
-I: Adding /home/case/amber24/dat/leap/parm to search path.
-I: Adding /home/case/amber24/dat/leap/cmd to search path.
-f: Source leap.in.

Welcome to LEaP!
(no leaprc in search path)
Sourcing: ./leap.in
Using Bondi radii
----- Source: /home/case/amber24/dat/leap/cmd/leaprc.gaff2
----- Source of /home/case/amber24/dat/leap/cmd/leaprc.gaff2 done
Log file: ./leap.log
Loading parameters: /home/case/amber24/dat/leap/parm/gaff2.dat
Reading title:
AMBER General Force Field for organic molecules (Version 2.2.20, March 2021)
Loading parameters: ./1JC.frcmod
Reading force field modification type file (frcmod)
Reading title:
Remark line goes here
Loading Mol2 file: ./1JC.mol2
Reading MOLECULE named 1JC
Checking Unit.
Building topology.
"order_residues" off: keep input residue order.
Building atom parameters.
Building bond parameters.
Building angle parameters.
Building proper torsion parameters.
Building improper torsion parameters.
 total 23 improper torsions applied
Building H-Bond parameters.
Incorporating Non-Bonded adjustments.
Not Marking per-residue atom chain types.
Marking per-residue atom chain types.
  (Residues lacking connect0/connect1 - 
   these don't have chain types marked:

	res	total affected

	1JC	1
  )
 (no restraints)
	Quit

Exiting LEaP: Errors = 0; Warnings = 0; Notes = 0.
====== min.o =========================================================
Reading parm file (1JC.parm7)
title:
1JC                                                                             
no velocities were found
no velocities were found
	mm_options:  ntpr=5
	mm_options:  gb=1
	mm_options:  kappa=0.10395
	mm_options:  rgbmax=99.
	mm_options:  cut=99.0
	mm_options:  wcons=0.
     bond:      4.277221311
    angle:     29.785188632
 dihedral:     36.171238642
    enb14:     20.680170445
    eel14:    -61.135371915
      enb:     -6.622464597
      eel:    -51.152332912
      egb:    -41.078331494
    econs:      0.000000000
    esurf:      0.000000000
    Total:    -69.074681889
     frms:     10.762720598
Starting TNCG minimisation
 MIN: Iter =    0  NFunc =     1  E =     -69.07468  RMSG = 1.0762721e+01
 MIN: Iter =    1  NFunc =     7  E =     -83.43700  RMSG = 3.0578205e+00
 MIN: Iter =    2  NFunc =    18  E =     -86.86903  RMSG = 2.1542126e+00
 MIN: Iter =    3  NFunc =    24  E =     -87.87671  RMSG = 1.1340075e+00
 MIN: Iter =    4  NFunc =    75  E =     -89.17465  RMSG = 1.1168998e+00
 MIN: Iter =    5  NFunc =   100  E =     -90.20079  RMSG = 1.1313355e+00
 MIN: Iter =    6  NFunc =   112  E =     -91.09772  RMSG = 1.0502481e+00
 MIN: Iter =    7  NFunc =   118  E =     -91.84395  RMSG = 8.2101922e-01
 MIN: Iter =    8  NFunc =   124  E =     -92.39674  RMSG = 6.6906417e-01
 MIN: Iter =    9  NFunc =   130  E =     -92.83379  RMSG = 5.9686124e-01
 MIN: Iter =   10  NFunc =   136  E =     -93.12795  RMSG = 5.0318403e-01
 MIN: Iter =   11  NFunc =   150  E =     -93.46891  RMSG = 4.7332018e-01
 MIN: Iter =   12  NFunc =   160  E =     -93.72064  RMSG = 4.7025182e-01
 MIN: Iter =   13  NFunc =   174  E =     -93.94641  RMSG = 4.3367446e-01
 MIN: Iter =   14  NFunc =   181  E =     -94.07147  RMSG = 2.6676492e-01
 MIN: Iter =   15  NFunc =   199  E =     -94.25920  RMSG = 3.3847023e-01
 MIN: Iter =   16  NFunc =   207  E =     -94.36813  RMSG = 2.1054278e-01
 MIN: Iter =   17  NFunc =   225  E =     -94.47260  RMSG = 2.7997202e-01
 MIN: Iter =   18  NFunc =   260  E =     -94.60934  RMSG = 2.9080301e-01
 MIN: Iter =   19  NFunc =   267  E =     -94.64571  RMSG = 1.7454275e-01
 MIN: Iter =   20  NFunc =   290  E =     -94.69711  RMSG = 4.1949716e-01
 MIN: Iter =   21  NFunc =   296  E =     -94.72451  RMSG = 1.3899842e-01
 MIN: Iter =   22  NFunc =   307  E =     -94.75076  RMSG = 2.8735891e-01
 MIN: Iter =   23  NFunc =   313  E =     -94.76204  RMSG = 8.9325722e-02
 MIN: Iter =   24  NFunc =   364  E =     -94.80785  RMSG = 2.3969512e-01
 MIN: Iter =   25  NFunc =   370  E =     -94.81551  RMSG = 5.7296975e-02
 MIN: Iter =   26  NFunc =   411  E =     -94.83545  RMSG = 1.7833872e-01
 MIN: Iter =   27  NFunc =   417  E =     -94.83964  RMSG = 3.4460672e-02
 MIN: Iter =   28  NFunc =   441  E =     -94.84475  RMSG = 2.8287428e-02
 MIN: Iter =   29  NFunc =   490  E =     -94.84824  RMSG = 1.8986751e-02
 MIN: Iter =   30  NFunc =   529  E =     -94.85037  RMSG = 2.5481292e-02
 MIN: Iter =   31  NFunc =   577  E =     -94.85277  RMSG = 3.9056432e-02
 MIN: Iter =   32  NFunc =   583  E =     -94.85315  RMSG = 1.4482621e-02
 MIN: Iter =   33  NFunc =   598  E =     -94.85362  RMSG = 1.0472236e-02
 MIN: Iter =   34  NFunc =   649  E =     -94.85439  RMSG = 1.3503639e-02
 MIN: Iter =   35  NFunc =   669  E =     -94.85465  RMSG = 6.7398689e-03
 MIN: Iter =   36  NFunc =   704  E =     -94.85488  RMSG = 5.0635977e-03
 MIN: Iter =   37  NFunc =   755  E =     -94.85513  RMSG = 9.6444433e-03
 MIN: Iter =   38  NFunc =   770  E =     -94.85521  RMSG = 4.1265931e-03
 MIN: Iter =   39  NFunc =   780  E =     -94.85524  RMSG = 3.1153419e-03
 MIN: Iter =   40  NFunc =   831  E =     -94.85529  RMSG = 2.1220952e-03
 MIN: Iter =   41  NFunc =   882  E =     -94.85531  RMSG = 2.1061195e-03
 MIN: Iter =   42  NFunc =   933  E =     -94.85533  RMSG = 1.5834763e-03
 MIN: Iter =   43  NFunc =   960  E =     -94.85533  RMSG = 7.1489111e-04
 MIN: Iter =   44  NFunc =   972  E =     -94.85533  RMSG = 3.7062865e-04
----------------------------------------------------------------
 END:          :-)  E =     -94.85533  RMSG =   0.0003706

     bond:      2.547350306
    angle:     16.792411291
 dihedral:     37.603918509
    enb14:     14.402669940
    eel14:    -72.319556068
      enb:     -7.468096896
      eel:    -41.539222150
      egb:    -44.874805347
    econs:      0.000000000
    esurf:      0.000000000
    Total:    -94.855330416
     frms:      0.000370629
====== rms.dat  ======================================================
#Frame      all_heavy
       1       0.7337
