====== tleap.out =====================================================
-I: Adding /home/case/amber24/dat/leap/prep to search path.
-I: Adding /home/case/amber24/dat/leap/lib to search path.
-I: Adding /home/case/amber24/dat/leap/parm to search path.
-I: Adding /home/case/amber24/dat/leap/cmd to search path.
-f: Source leap.in.

Welcome to LEaP!
(no leaprc in search path)
Sourcing: ./leap.in
Using Bondi radii
----- Source: /home/case/amber24/dat/leap/cmd/leaprc.gaff2
----- Source of /home/case/amber24/dat/leap/cmd/leaprc.gaff2 done
Log file: ./leap.log
Loading parameters: /home/case/amber24/dat/leap/parm/gaff2.dat
Reading title:
AMBER General Force Field for organic molecules (Version 2.2.20, March 2021)
Loading parameters: ./1LA.frcmod
Reading force field modification type file (frcmod)
Reading title:
Remark line goes here
Loading Mol2 file: ./1LA.mol2
Reading MOLECULE named 1LA
Checking Unit.
Building topology.
"order_residues" off: keep input residue order.
Building atom parameters.
Building bond parameters.
Building angle parameters.
Building proper torsion parameters.
Building improper torsion parameters.
 total 9 improper torsions applied
Building H-Bond parameters.
Incorporating Non-Bonded adjustments.
Not Marking per-residue atom chain types.
Marking per-residue atom chain types.
  (Residues lacking connect0/connect1 - 
   these don't have chain types marked:

	res	total affected

	1LA	1
  )
 (no restraints)
	Quit

Exiting LEaP: Errors = 0; Warnings = 0; Notes = 0.
====== min.o =========================================================
Reading parm file (1LA.parm7)
title:
1LA                                                                             
no velocities were found
no velocities were found
	mm_options:  ntpr=5
	mm_options:  gb=1
	mm_options:  kappa=0.10395
	mm_options:  rgbmax=99.
	mm_options:  cut=99.0
	mm_options:  wcons=0.
     bond:      5.173530637
    angle:      8.641670735
 dihedral:     46.714731308
    enb14:     30.858048057
    eel14:    116.517284348
      enb:    -14.752720398
      eel:   -151.626205497
      egb:    -40.884325063
    econs:      0.000000000
    esurf:      0.000000000
    Total:      0.642014126
     frms:      6.329902392
Starting TNCG minimisation
 MIN: Iter =    0  NFunc =     1  E =       0.64201  RMSG = 6.3299024e+00
 MIN: Iter =    1  NFunc =     7  E =     -14.94051  RMSG = 2.3000622e+00
 MIN: Iter =    2  NFunc =    19  E =     -20.61812  RMSG = 1.7844527e+00
 MIN: Iter =    3  NFunc =    32  E =     -22.61579  RMSG = 6.9955863e-01
 MIN: Iter =    4  NFunc =    51  E =     -24.08061  RMSG = 7.1648559e-01
 MIN: Iter =    5  NFunc =    68  E =     -24.61601  RMSG = 2.9492390e-01
 MIN: Iter =    6  NFunc =   109  E =     -25.01117  RMSG = 7.2105750e-01
 MIN: Iter =    7  NFunc =   115  E =     -25.14642  RMSG = 1.8231044e-01
 MIN: Iter =    8  NFunc =   167  E =     -25.24681  RMSG = 2.4762196e-01
 MIN: Iter =    9  NFunc =   184  E =     -25.32984  RMSG = 3.4256287e-01
 MIN: Iter =   10  NFunc =   192  E =     -25.44858  RMSG = 1.0357724e+00
 MIN: Iter =   11  NFunc =   198  E =     -25.70405  RMSG = 2.6950484e-01
 MIN: Iter =   12  NFunc =   205  E =     -25.83516  RMSG = 4.7840332e-01
 MIN: Iter =   13  NFunc =   211  E =     -26.01967  RMSG = 1.2784513e+00
 MIN: Iter =   14  NFunc =   217  E =     -26.46989  RMSG = 4.4095754e-01
 MIN: Iter =   15  NFunc =   223  E =     -26.69359  RMSG = 1.5314620e+00
 MIN: Iter =   16  NFunc =   229  E =     -27.18970  RMSG = 2.9854497e-01
 MIN: Iter =   17  NFunc =   236  E =     -27.33889  RMSG = 3.7459070e-01
 MIN: Iter =   18  NFunc =   243  E =     -27.50371  RMSG = 4.6585662e-01
 MIN: Iter =   19  NFunc =   249  E =     -27.65437  RMSG = 4.4528321e-01
 MIN: Iter =   20  NFunc =   259  E =     -27.74791  RMSG = 1.9439345e-01
 MIN: Iter =   21  NFunc =   279  E =     -27.82048  RMSG = 3.3451214e-01
 MIN: Iter =   22  NFunc =   285  E =     -27.84345  RMSG = 8.8217058e-02
 MIN: Iter =   23  NFunc =   336  E =     -27.91399  RMSG = 2.5901370e-01
 MIN: Iter =   24  NFunc =   342  E =     -27.93815  RMSG = 6.1864498e-02
 MIN: Iter =   25  NFunc =   394  E =     -27.98451  RMSG = 7.7209348e-02
 MIN: Iter =   26  NFunc =   418  E =     -28.02221  RMSG = 1.0745842e-01
 MIN: Iter =   27  NFunc =   430  E =     -28.06766  RMSG = 1.6364574e-01
 MIN: Iter =   28  NFunc =   441  E =     -28.11663  RMSG = 1.3582623e-01
 MIN: Iter =   29  NFunc =   452  E =     -28.15245  RMSG = 1.2373769e-01
 MIN: Iter =   30  NFunc =   459  E =     -28.18370  RMSG = 1.2317967e-01
 MIN: Iter =   31  NFunc =   470  E =     -28.21188  RMSG = 1.0708508e-01
 MIN: Iter =   32  NFunc =   477  E =     -28.22879  RMSG = 7.7016354e-02
 MIN: Iter =   33  NFunc =   501  E =     -28.24712  RMSG = 7.7806886e-02
 MIN: Iter =   34  NFunc =   513  E =     -28.27044  RMSG = 1.8474299e-01
 MIN: Iter =   35  NFunc =   520  E =     -28.28815  RMSG = 4.8508079e-02
 MIN: Iter =   36  NFunc =   534  E =     -28.30290  RMSG = 7.5842754e-02
 MIN: Iter =   37  NFunc =   542  E =     -28.31471  RMSG = 6.0844433e-02
 MIN: Iter =   38  NFunc =   553  E =     -28.32376  RMSG = 5.9676586e-02
 MIN: Iter =   39  NFunc =   565  E =     -28.33106  RMSG = 4.4104465e-02
 MIN: Iter =   40  NFunc =   571  E =     -28.33496  RMSG = 3.2038837e-02
 MIN: Iter =   41  NFunc =   623  E =     -28.35333  RMSG = 5.3057586e-02
 MIN: Iter =   42  NFunc =   651  E =     -28.37874  RMSG = 1.1681108e-01
 MIN: Iter =   43  NFunc =   657  E =     -28.38430  RMSG = 3.3732555e-02
 MIN: Iter =   44  NFunc =   701  E =     -28.40655  RMSG = 5.8563745e-02
 MIN: Iter =   45  NFunc =   709  E =     -28.40851  RMSG = 2.0364926e-02
 MIN: Iter =   46  NFunc =   760  E =     -28.41787  RMSG = 7.8425758e-02
 MIN: Iter =   47  NFunc =   766  E =     -28.42081  RMSG = 2.9339475e-02
 MIN: Iter =   48  NFunc =   817  E =     -28.42775  RMSG = 7.8009492e-02
 MIN: Iter =   49  NFunc =   823  E =     -28.43056  RMSG = 2.5253441e-02
 MIN: Iter =   50  NFunc =   873  E =     -28.43678  RMSG = 5.7393406e-02
 MIN: Iter =   51  NFunc =   879  E =     -28.43819  RMSG = 1.9845491e-02
 MIN: Iter =   52  NFunc =   930  E =     -28.44198  RMSG = 2.0217598e-02
 MIN: Iter =   53  NFunc =   981  E =     -28.44508  RMSG = 2.3289823e-02
 MIN: Iter =   54  NFunc =  1032  E =     -28.44880  RMSG = 3.9734605e-02
 MIN: Iter =   55  NFunc =  1053  E =     -28.45121  RMSG = 1.5287523e-02
 MIN: Iter =   56  NFunc =  1104  E =     -28.45386  RMSG = 2.8263412e-02
 MIN: Iter =   57  NFunc =  1111  E =     -28.45435  RMSG = 8.2966138e-03
 MIN: Iter =   58  NFunc =  1162  E =     -28.45605  RMSG = 1.7732575e-02
 MIN: Iter =   59  NFunc =  1169  E =     -28.45623  RMSG = 5.7769451e-03
 MIN: Iter =   60  NFunc =  1220  E =     -28.45712  RMSG = 9.5531077e-03
 MIN: Iter =   61  NFunc =  1271  E =     -28.45844  RMSG = 1.0758535e-02
 MIN: Iter =   62  NFunc =  1322  E =     -28.45961  RMSG = 8.4554073e-03
 MIN: Iter =   63  NFunc =  1373  E =     -28.46050  RMSG = 8.2616989e-03
 MIN: Iter =   64  NFunc =  1424  E =     -28.46104  RMSG = 5.1223562e-03
 MIN: Iter =   65  NFunc =  1475  E =     -28.46199  RMSG = 1.2565554e-02
 MIN: Iter =   66  NFunc =  1526  E =     -28.46315  RMSG = 1.2530775e-02
 MIN: Iter =   67  NFunc =  1564  E =     -28.46401  RMSG = 8.4310959e-03
 MIN: Iter =   68  NFunc =  1615  E =     -28.46493  RMSG = 8.5651710e-03
 MIN: Iter =   69  NFunc =  1666  E =     -28.46569  RMSG = 8.5847023e-03
 MIN: Iter =   70  NFunc =  1717  E =     -28.46628  RMSG = 5.8599851e-03
 MIN: Iter =   71  NFunc =  1768  E =     -28.46727  RMSG = 1.0925874e-02
 MIN: Iter =   72  NFunc =  1819  E =     -28.46980  RMSG = 1.9119942e-02
 MIN: Iter =   73  NFunc =  1870  E =     -28.47212  RMSG = 1.5387279e-02
 MIN: Iter =   74  NFunc =  1921  E =     -28.47511  RMSG = 2.7366115e-02
 MIN: Iter =   75  NFunc =  1937  E =     -28.47632  RMSG = 1.0267797e-02
 MIN: Iter =   76  NFunc =  1988  E =     -28.47817  RMSG = 1.3910738e-02
 MIN: Iter =   77  NFunc =  2039  E =     -28.47950  RMSG = 1.0193915e-02
 MIN: Iter =   78  NFunc =  2090  E =     -28.48086  RMSG = 9.7535385e-03
 MIN: Iter =   79  NFunc =  2141  E =     -28.48292  RMSG = 1.6719483e-02
 MIN: Iter =   80  NFunc =  2192  E =     -28.48551  RMSG = 1.8621170e-02
 MIN: Iter =   81  NFunc =  2243  E =     -28.48813  RMSG = 1.8815495e-02
 MIN: Iter =   82  NFunc =  2294  E =     -28.49043  RMSG = 1.4492148e-02
 MIN: Iter =   83  NFunc =  2345  E =     -28.49233  RMSG = 1.4171984e-02
 MIN: Iter =   84  NFunc =  2396  E =     -28.49428  RMSG = 1.7101888e-02
 MIN: Iter =   85  NFunc =  2418  E =     -28.49504  RMSG = 6.0320469e-03
 MIN: Iter =   86  NFunc =  2469  E =     -28.49577  RMSG = 5.2404848e-03
 MIN: Iter =   87  NFunc =  2517  E =     -28.49611  RMSG = 3.7780812e-03
 MIN: Iter =   88  NFunc =  2568  E =     -28.49631  RMSG = 3.0171851e-03
 MIN: Iter =   89  NFunc =  2608  E =     -28.49641  RMSG = 1.9941553e-03
 MIN: Iter =   90  NFunc =  2659  E =     -28.49652  RMSG = 2.7580498e-03
 MIN: Iter =   91  NFunc =  2710  E =     -28.49661  RMSG = 2.7065374e-03
 MIN: Iter =   92  NFunc =  2761  E =     -28.49667  RMSG = 1.5921588e-03
 MIN: Iter =   93  NFunc =  2812  E =     -28.49672  RMSG = 1.5086950e-03
 MIN: Iter =   94  NFunc =  2863  E =     -28.49678  RMSG = 1.6459812e-03
 MIN: Iter =   95  NFunc =  2914  E =     -28.49683  RMSG = 1.4800236e-03
 MIN: Iter =   96  NFunc =  2965  E =     -28.49688  RMSG = 1.5789647e-03
 MIN: Iter =   97  NFunc =  3015  E =     -28.49691  RMSG = 1.0558654e-03
 MIN: Iter =   98  NFunc =  3066  E =     -28.49693  RMSG = 9.4694670e-04
 MIN: Iter =   99  NFunc =  3115  E =     -28.49694  RMSG = 5.1755889e-04
 MIN: Iter =  100  NFunc =  3166  E =     -28.49695  RMSG = 5.9073198e-04
----------------------------------------------------------------
 END:          :-)  E =     -28.49695  RMSG =   0.0005907

     bond:      3.759155700
    angle:      5.778782797
 dihedral:     43.356931387
    enb14:     20.680531521
    eel14:    115.001832228
      enb:    -16.606326546
      eel:   -158.757535485
      egb:    -41.710319955
    econs:      0.000000000
    esurf:      0.000000000
    Total:    -28.496948355
     frms:      0.000590732
====== rms.dat  ======================================================
#Frame      all_heavy
       1       1.0630
