====== tleap.out =====================================================
-I: Adding /home/case/amber24/dat/leap/prep to search path.
-I: Adding /home/case/amber24/dat/leap/lib to search path.
-I: Adding /home/case/amber24/dat/leap/parm to search path.
-I: Adding /home/case/amber24/dat/leap/cmd to search path.
-f: Source leap.in.

Welcome to LEaP!
(no leaprc in search path)
Sourcing: ./leap.in
Using Bondi radii
----- Source: /home/case/amber24/dat/leap/cmd/leaprc.gaff2
----- Source of /home/case/amber24/dat/leap/cmd/leaprc.gaff2 done
Log file: ./leap.log
Loading parameters: /home/case/amber24/dat/leap/parm/gaff2.dat
Reading title:
AMBER General Force Field for organic molecules (Version 2.2.20, March 2021)
Loading parameters: ./1OI.frcmod
Reading force field modification type file (frcmod)
Reading title:
Remark line goes here
Loading Mol2 file: ./1OI.mol2
Reading MOLECULE named 1OI
Checking Unit.
Building topology.
"order_residues" off: keep input residue order.
Building atom parameters.
Building bond parameters.
Building angle parameters.
Building proper torsion parameters.
Building improper torsion parameters.
 total 12 improper torsions applied
Building H-Bond parameters.
Incorporating Non-Bonded adjustments.
Not Marking per-residue atom chain types.
Marking per-residue atom chain types.
  (Residues lacking connect0/connect1 - 
   these don't have chain types marked:

	res	total affected

	1OI	1
  )
 (no restraints)
	Quit

Exiting LEaP: Errors = 0; Warnings = 0; Notes = 0.
====== min.o =========================================================
Reading parm file (1OI.parm7)
title:
1OI                                                                             
no velocities were found
no velocities were found
	mm_options:  ntpr=5
	mm_options:  gb=1
	mm_options:  kappa=0.10395
	mm_options:  rgbmax=99.
	mm_options:  cut=99.0
	mm_options:  wcons=0.
     bond:      1.850591971
    angle:      4.116543092
 dihedral:      4.003494096
    enb14:      7.088135327
    eel14:    -52.329960238
      enb:     -0.432708247
      eel:      3.248385911
      egb:    -13.299935057
    econs:      0.000000000
    esurf:      0.000000000
    Total:    -45.755453144
     frms:     10.261461361
Starting TNCG minimisation
 MIN: Iter =    0  NFunc =     1  E =     -45.75545  RMSG = 1.0261461e+01
 MIN: Iter =    1  NFunc =     7  E =     -50.63916  RMSG = 2.5785898e+00
 MIN: Iter =    2  NFunc =    13  E =     -51.28756  RMSG = 8.5993182e-01
 MIN: Iter =    3  NFunc =    20  E =     -51.41459  RMSG = 2.8909705e-01
 MIN: Iter =    4  NFunc =    26  E =     -51.42345  RMSG = 1.3189868e-01
 MIN: Iter =    5  NFunc =    32  E =     -51.42612  RMSG = 5.8247066e-02
 MIN: Iter =    6  NFunc =    42  E =     -51.42854  RMSG = 2.5813285e-02
 MIN: Iter =    7  NFunc =    48  E =     -51.42864  RMSG = 7.3616172e-03
 MIN: Iter =    8  NFunc =    64  E =     -51.42869  RMSG = 4.8470942e-03
 MIN: Iter =    9  NFunc =    77  E =     -51.42870  RMSG = 2.8837733e-03
 MIN: Iter =   10  NFunc =    92  E =     -51.42871  RMSG = 2.9054598e-03
 MIN: Iter =   11  NFunc =    98  E =     -51.42871  RMSG = 1.2779331e-03
 MIN: Iter =   12  NFunc =   110  E =     -51.42871  RMSG = 6.5479501e-04
 MIN: Iter =   13  NFunc =   116  E =     -51.42872  RMSG = 4.7862282e-04
----------------------------------------------------------------
 END:          :-)  E =     -51.42872  RMSG =   0.0004786

     bond:      0.496071545
    angle:      2.354287149
 dihedral:      4.000200699
    enb14:      5.255724866
    eel14:    -52.516681049
      enb:     -0.864316215
      eel:      3.556242083
      egb:    -13.710244092
    econs:      0.000000000
    esurf:      0.000000000
    Total:    -51.428715015
     frms:      0.000478623
====== rms.dat  ======================================================
#Frame      all_heavy
       1       0.0566
