====== tleap.out =====================================================
-I: Adding /home/case/amber24/dat/leap/prep to search path.
-I: Adding /home/case/amber24/dat/leap/lib to search path.
-I: Adding /home/case/amber24/dat/leap/parm to search path.
-I: Adding /home/case/amber24/dat/leap/cmd to search path.
-f: Source leap.in.

Welcome to LEaP!
(no leaprc in search path)
Sourcing: ./leap.in
Using Bondi radii
----- Source: /home/case/amber24/dat/leap/cmd/leaprc.gaff2
----- Source of /home/case/amber24/dat/leap/cmd/leaprc.gaff2 done
Log file: ./leap.log
Loading parameters: /home/case/amber24/dat/leap/parm/gaff2.dat
Reading title:
AMBER General Force Field for organic molecules (Version 2.2.20, March 2021)
Loading parameters: ./1QO.frcmod
Reading force field modification type file (frcmod)
Reading title:
Remark line goes here
Loading Mol2 file: ./1QO.mol2
Reading MOLECULE named 1QO
Checking Unit.
Building topology.
"order_residues" off: keep input residue order.
Building atom parameters.
Building bond parameters.
Building angle parameters.
Building proper torsion parameters.
Building improper torsion parameters.
 total 16 improper torsions applied
Building H-Bond parameters.
Incorporating Non-Bonded adjustments.
Not Marking per-residue atom chain types.
Marking per-residue atom chain types.
  (Residues lacking connect0/connect1 - 
   these don't have chain types marked:

	res	total affected

	1QO	1
  )
 (no restraints)
	Quit

Exiting LEaP: Errors = 0; Warnings = 0; Notes = 0.
====== min.o =========================================================
Reading parm file (1QO.parm7)
title:
1QO                                                                             
no velocities were found
no velocities were found
	mm_options:  ntpr=5
	mm_options:  gb=1
	mm_options:  kappa=0.10395
	mm_options:  rgbmax=99.
	mm_options:  cut=99.0
	mm_options:  wcons=0.
     bond:      1.794894043
    angle:      1.333420818
 dihedral:      1.211739446
    enb14:     15.756620994
    eel14:   -124.618938294
      enb:     -1.085819311
      eel:     44.179035650
      egb:    -13.752006190
    econs:      0.000000000
    esurf:      0.000000000
    Total:    -75.181052844
     frms:      7.275558030
Starting TNCG minimisation
 MIN: Iter =    0  NFunc =     1  E =     -75.18105  RMSG = 7.2755580e+00
 MIN: Iter =    1  NFunc =     7  E =     -79.22724  RMSG = 2.0637426e+00
 MIN: Iter =    2  NFunc =    14  E =     -80.62001  RMSG = 1.0112547e+00
 MIN: Iter =    3  NFunc =    21  E =     -80.86810  RMSG = 4.9709732e-01
 MIN: Iter =    4  NFunc =    27  E =     -80.90811  RMSG = 1.8122211e-01
 MIN: Iter =    5  NFunc =    64  E =     -81.15155  RMSG = 4.4290388e-01
 MIN: Iter =    6  NFunc =    77  E =     -81.24343  RMSG = 2.6982604e-01
 MIN: Iter =    7  NFunc =    93  E =     -81.31786  RMSG = 4.4568798e-01
 MIN: Iter =    8  NFunc =    99  E =     -81.33918  RMSG = 1.7506378e-01
 MIN: Iter =    9  NFunc =   110  E =     -81.34934  RMSG = 8.4102984e-02
 MIN: Iter =   10  NFunc =   147  E =     -81.37559  RMSG = 3.1846882e-01
 MIN: Iter =   11  NFunc =   153  E =     -81.38967  RMSG = 9.0126944e-02
 MIN: Iter =   12  NFunc =   173  E =     -81.39996  RMSG = 8.0782237e-02
 MIN: Iter =   13  NFunc =   218  E =     -81.41451  RMSG = 1.0821473e-01
 MIN: Iter =   14  NFunc =   224  E =     -81.41811  RMSG = 7.9418731e-02
 MIN: Iter =   15  NFunc =   236  E =     -81.42132  RMSG = 4.3782595e-02
 MIN: Iter =   16  NFunc =   284  E =     -81.42646  RMSG = 4.8770765e-02
 MIN: Iter =   17  NFunc =   298  E =     -81.43002  RMSG = 9.0922934e-02
 MIN: Iter =   18  NFunc =   307  E =     -81.43259  RMSG = 3.7972291e-02
 MIN: Iter =   19  NFunc =   313  E =     -81.43345  RMSG = 2.9822773e-02
 MIN: Iter =   20  NFunc =   349  E =     -81.43542  RMSG = 3.1491326e-02
 MIN: Iter =   21  NFunc =   358  E =     -81.43570  RMSG = 1.4475534e-02
 MIN: Iter =   22  NFunc =   371  E =     -81.43585  RMSG = 8.0308446e-03
 MIN: Iter =   23  NFunc =   392  E =     -81.43615  RMSG = 1.0752581e-02
 MIN: Iter =   24  NFunc =   408  E =     -81.43621  RMSG = 3.9840307e-03
 MIN: Iter =   25  NFunc =   418  E =     -81.43623  RMSG = 2.7065721e-03
 MIN: Iter =   26  NFunc =   449  E =     -81.43627  RMSG = 3.2209939e-03
 MIN: Iter =   27  NFunc =   497  E =     -81.43633  RMSG = 3.1242530e-03
 MIN: Iter =   28  NFunc =   506  E =     -81.43634  RMSG = 1.8288874e-03
 MIN: Iter =   29  NFunc =   533  E =     -81.43635  RMSG = 1.5935371e-03
 MIN: Iter =   30  NFunc =   569  E =     -81.43636  RMSG = 9.6951042e-04
 MIN: Iter =   31  NFunc =   592  E =     -81.43636  RMSG = 8.7130481e-04
 MIN: Iter =   32  NFunc =   598  E =     -81.43636  RMSG = 6.0178209e-04
 MIN: Iter =   33  NFunc =   609  E =     -81.43636  RMSG = 3.9651945e-04
----------------------------------------------------------------
 END:          :-)  E =     -81.43636  RMSG =   0.0003965

     bond:      0.754434984
    angle:      1.307238806
 dihedral:      0.535203392
    enb14:     11.698194529
    eel14:   -123.099604457
      enb:     -1.810149329
      eel:     43.841863811
      egb:    -14.663544317
    econs:      0.000000000
    esurf:      0.000000000
    Total:    -81.436362580
     frms:      0.000396519
====== rms.dat  ======================================================
#Frame      all_heavy
       1       0.2741
