====== tleap.out =====================================================
-I: Adding /home/case/amber24/dat/leap/prep to search path.
-I: Adding /home/case/amber24/dat/leap/lib to search path.
-I: Adding /home/case/amber24/dat/leap/parm to search path.
-I: Adding /home/case/amber24/dat/leap/cmd to search path.
-f: Source leap.in.

Welcome to LEaP!
(no leaprc in search path)
Sourcing: ./leap.in
Using Bondi radii
----- Source: /home/case/amber24/dat/leap/cmd/leaprc.gaff2
----- Source of /home/case/amber24/dat/leap/cmd/leaprc.gaff2 done
Log file: ./leap.log
Loading parameters: /home/case/amber24/dat/leap/parm/gaff2.dat
Reading title:
AMBER General Force Field for organic molecules (Version 2.2.20, March 2021)
Loading parameters: ./1TM.frcmod
Reading force field modification type file (frcmod)
Reading title:
Remark line goes here
Loading Mol2 file: ./1TM.mol2
Reading MOLECULE named 1TM
Checking Unit.
Building topology.
"order_residues" off: keep input residue order.
Building atom parameters.
Building bond parameters.
Building angle parameters.
Building proper torsion parameters.
Building improper torsion parameters.
 total 17 improper torsions applied
Building H-Bond parameters.
Incorporating Non-Bonded adjustments.
Not Marking per-residue atom chain types.
Marking per-residue atom chain types.
  (Residues lacking connect0/connect1 - 
   these don't have chain types marked:

	res	total affected

	1TM	1
  )
 (no restraints)
	Quit

Exiting LEaP: Errors = 0; Warnings = 0; Notes = 0.
====== min.o =========================================================
Reading parm file (1TM.parm7)
title:
1TM                                                                             
no velocities were found
no velocities were found
	mm_options:  ntpr=5
	mm_options:  gb=1
	mm_options:  kappa=0.10395
	mm_options:  rgbmax=99.
	mm_options:  cut=99.0
	mm_options:  wcons=0.
     bond:      1.528191729
    angle:     16.390574563
 dihedral:     21.378304000
    enb14:      6.860820988
    eel14:    -99.170806726
      enb:     -3.409141272
      eel:     -0.336547266
      egb:    -30.263025016
    econs:      0.000000000
    esurf:      0.000000000
    Total:    -87.021629000
     frms:     11.983375434
Starting TNCG minimisation
 MIN: Iter =    0  NFunc =     1  E =     -87.02163  RMSG = 1.1983375e+01
 MIN: Iter =    1  NFunc =     7  E =     -97.44582  RMSG = 2.6271565e+00
 MIN: Iter =    2  NFunc =    26  E =     -99.98500  RMSG = 1.6823720e+00
 MIN: Iter =    3  NFunc =    35  E =    -101.13838  RMSG = 9.2339851e-01
 MIN: Iter =    4  NFunc =    47  E =    -101.36490  RMSG = 4.7873860e-01
 MIN: Iter =    5  NFunc =    63  E =    -101.46719  RMSG = 5.9844050e-01
 MIN: Iter =    6  NFunc =    84  E =    -101.53931  RMSG = 3.8947413e-01
 MIN: Iter =    7  NFunc =    90  E =    -101.54845  RMSG = 9.2072976e-02
 MIN: Iter =    8  NFunc =   104  E =    -101.55555  RMSG = 6.2207379e-02
 MIN: Iter =    9  NFunc =   113  E =    -101.55721  RMSG = 4.0057043e-02
 MIN: Iter =   10  NFunc =   125  E =    -101.55812  RMSG = 2.4646880e-02
 MIN: Iter =   11  NFunc =   137  E =    -101.55836  RMSG = 1.2705474e-02
 MIN: Iter =   12  NFunc =   154  E =    -101.55856  RMSG = 8.7842379e-03
 MIN: Iter =   13  NFunc =   164  E =    -101.55859  RMSG = 5.4752154e-03
 MIN: Iter =   14  NFunc =   172  E =    -101.55860  RMSG = 2.3050555e-03
 MIN: Iter =   15  NFunc =   186  E =    -101.55860  RMSG = 1.1608456e-03
 MIN: Iter =   16  NFunc =   199  E =    -101.55860  RMSG = 1.0519040e-03
 MIN: Iter =   17  NFunc =   215  E =    -101.55860  RMSG = 4.7460680e-04
----------------------------------------------------------------
 END:          :-)  E =    -101.55860  RMSG =   0.0004746

     bond:      1.982643483
    angle:     10.753695587
 dihedral:     11.771882077
    enb14:      5.737313223
    eel14:   -100.312656722
      enb:     -1.223323824
      eel:      0.827757405
      egb:    -31.095913844
    econs:      0.000000000
    esurf:      0.000000000
    Total:   -101.558602614
     frms:      0.000474607
====== rms.dat  ======================================================
#Frame      all_heavy
       1       0.1589
