====== tleap.out =====================================================
-I: Adding /home/case/amber24/dat/leap/prep to search path.
-I: Adding /home/case/amber24/dat/leap/lib to search path.
-I: Adding /home/case/amber24/dat/leap/parm to search path.
-I: Adding /home/case/amber24/dat/leap/cmd to search path.
-f: Source leap.in.

Welcome to LEaP!
(no leaprc in search path)
Sourcing: ./leap.in
Using Bondi radii
----- Source: /home/case/amber24/dat/leap/cmd/leaprc.gaff2
----- Source of /home/case/amber24/dat/leap/cmd/leaprc.gaff2 done
Log file: ./leap.log
Loading parameters: /home/case/amber24/dat/leap/parm/gaff2.dat
Reading title:
AMBER General Force Field for organic molecules (Version 2.2.20, March 2021)
Loading parameters: ./1XK.frcmod
Reading force field modification type file (frcmod)
Reading title:
Remark line goes here
Loading Mol2 file: ./1XK.mol2
Reading MOLECULE named 1XK
Checking Unit.
Building topology.
"order_residues" off: keep input residue order.
Building atom parameters.
Building bond parameters.
Building angle parameters.
Building proper torsion parameters.

/home/case/amber24/bin/teLeap: Note.
1-4: angle 18 20 duplicates bond ('triangular' bond) or angle ('square' bond)


/home/case/amber24/bin/teLeap: Note.
1-4: angle 18 19 duplicates bond ('triangular' bond) or angle ('square' bond)


/home/case/amber24/bin/teLeap: Note.
1-4: angle 19 20 duplicates bond ('triangular' bond) or angle ('square' bond)

Building improper torsion parameters.
 total 19 improper torsions applied
Building H-Bond parameters.
Incorporating Non-Bonded adjustments.
Not Marking per-residue atom chain types.
Marking per-residue atom chain types.
  (Residues lacking connect0/connect1 - 
   these don't have chain types marked:

	res	total affected

	1XK	1
  )
 (no restraints)
	Quit

Exiting LEaP: Errors = 0; Warnings = 0; Notes = 3.
====== min.o =========================================================
Reading parm file (1XK.parm7)
title:
1XK                                                                             
no velocities were found
no velocities were found
	mm_options:  ntpr=5
	mm_options:  gb=1
	mm_options:  kappa=0.10395
	mm_options:  rgbmax=99.
	mm_options:  cut=99.0
	mm_options:  wcons=0.
     bond:      2.867634088
    angle:     24.762185555
 dihedral:     59.298296524
    enb14:     15.420099718
    eel14:    -34.216053286
      enb:      0.772432735
      eel:     -4.754996479
      egb:    -33.897756856
    econs:      0.000000000
    esurf:      0.000000000
    Total:     30.251841999
     frms:     10.486765021
Starting TNCG minimisation
 MIN: Iter =    0  NFunc =     1  E =      30.25184  RMSG = 1.0486765e+01
 MIN: Iter =    1  NFunc =     7  E =      17.63380  RMSG = 2.8407748e+00
 MIN: Iter =    2  NFunc =    16  E =      14.69536  RMSG = 1.1296429e+00
 MIN: Iter =    3  NFunc =    30  E =      13.62019  RMSG = 5.5852789e-01
 MIN: Iter =    4  NFunc =    52  E =      13.17733  RMSG = 5.5058191e-01
 MIN: Iter =    5  NFunc =   103  E =      12.79957  RMSG = 7.4177114e-01
 MIN: Iter =    6  NFunc =   111  E =      12.52117  RMSG = 6.4360759e-01
 MIN: Iter =    7  NFunc =   127  E =      12.22259  RMSG = 4.3019406e-01
 MIN: Iter =    8  NFunc =   137  E =      12.06931  RMSG = 3.0130461e-01
 MIN: Iter =    9  NFunc =   188  E =      11.85494  RMSG = 3.0099358e-01
 MIN: Iter =   10  NFunc =   213  E =      11.70210  RMSG = 2.9802242e-01
 MIN: Iter =   11  NFunc =   236  E =      11.59892  RMSG = 2.0103752e-01
 MIN: Iter =   12  NFunc =   253  E =      11.55569  RMSG = 1.1581705e-01
 MIN: Iter =   13  NFunc =   304  E =      11.48591  RMSG = 2.4509496e-01
 MIN: Iter =   14  NFunc =   311  E =      11.46351  RMSG = 1.0899572e-01
 MIN: Iter =   15  NFunc =   329  E =      11.43810  RMSG = 1.7163002e-01
 MIN: Iter =   16  NFunc =   335  E =      11.43087  RMSG = 6.8080970e-02
 MIN: Iter =   17  NFunc =   356  E =      11.41842  RMSG = 5.5351608e-02
 MIN: Iter =   18  NFunc =   401  E =      11.40728  RMSG = 5.1482210e-02
 MIN: Iter =   19  NFunc =   452  E =      11.39413  RMSG = 1.5408338e-01
 MIN: Iter =   20  NFunc =   473  E =      11.37490  RMSG = 1.2481996e-01
 MIN: Iter =   21  NFunc =   483  E =      11.36877  RMSG = 4.9186664e-02
 MIN: Iter =   22  NFunc =   504  E =      11.36440  RMSG = 4.2320835e-02
 MIN: Iter =   23  NFunc =   531  E =      11.36165  RMSG = 2.7915801e-02
 MIN: Iter =   24  NFunc =   576  E =      11.35813  RMSG = 6.1081276e-02
 MIN: Iter =   25  NFunc =   582  E =      11.35753  RMSG = 1.5118546e-02
 MIN: Iter =   26  NFunc =   608  E =      11.35700  RMSG = 1.0823954e-02
 MIN: Iter =   27  NFunc =   660  E =      11.35600  RMSG = 3.3249261e-02
 MIN: Iter =   28  NFunc =   666  E =      11.35509  RMSG = 4.7061476e-02
 MIN: Iter =   29  NFunc =   672  E =      11.35437  RMSG = 2.6803690e-02
 MIN: Iter =   30  NFunc =   699  E =      11.35319  RMSG = 4.7862715e-02
 MIN: Iter =   31  NFunc =   707  E =      11.35220  RMSG = 3.1259494e-02
 MIN: Iter =   32  NFunc =   713  E =      11.35149  RMSG = 5.4137828e-02
 MIN: Iter =   33  NFunc =   719  E =      11.35084  RMSG = 1.5444724e-02
 MIN: Iter =   34  NFunc =   726  E =      11.35056  RMSG = 1.8252998e-02
 MIN: Iter =   35  NFunc =   733  E =      11.35028  RMSG = 2.4595330e-02
 MIN: Iter =   36  NFunc =   744  E =      11.35000  RMSG = 1.3766186e-02
 MIN: Iter =   37  NFunc =   795  E =      11.34848  RMSG = 3.9446046e-02
 MIN: Iter =   38  NFunc =   805  E =      11.34808  RMSG = 1.2728791e-02
 MIN: Iter =   39  NFunc =   856  E =      11.34758  RMSG = 5.7115048e-02
 MIN: Iter =   40  NFunc =   862  E =      11.34719  RMSG = 8.7481448e-03
 MIN: Iter =   41  NFunc =   890  E =      11.34704  RMSG = 9.0263517e-03
 MIN: Iter =   42  NFunc =   905  E =      11.34694  RMSG = 1.0191859e-02
 MIN: Iter =   43  NFunc =   912  E =      11.34691  RMSG = 3.4870626e-03
 MIN: Iter =   44  NFunc =   963  E =      11.34679  RMSG = 6.2277050e-03
 MIN: Iter =   45  NFunc =  1014  E =      11.34668  RMSG = 5.8572670e-03
 MIN: Iter =   46  NFunc =  1032  E =      11.34661  RMSG = 3.4832294e-03
 MIN: Iter =   47  NFunc =  1083  E =      11.34651  RMSG = 5.3833316e-03
 MIN: Iter =   48  NFunc =  1107  E =      11.34641  RMSG = 4.3613062e-03
 MIN: Iter =   49  NFunc =  1148  E =      11.34636  RMSG = 2.4243100e-03
 MIN: Iter =   50  NFunc =  1191  E =      11.34632  RMSG = 2.1030987e-03
 MIN: Iter =   51  NFunc =  1242  E =      11.34628  RMSG = 2.1678481e-03
 MIN: Iter =   52  NFunc =  1265  E =      11.34627  RMSG = 1.0438153e-03
 MIN: Iter =   53  NFunc =  1316  E =      11.34627  RMSG = 1.6184301e-03
 MIN: Iter =   54  NFunc =  1350  E =      11.34626  RMSG = 1.0635992e-03
 MIN: Iter =   55  NFunc =  1401  E =      11.34625  RMSG = 1.5770035e-03
 MIN: Iter =   56  NFunc =  1416  E =      11.34625  RMSG = 7.5234159e-04
 MIN: Iter =   57  NFunc =  1438  E =      11.34624  RMSG = 5.2993279e-04
 MIN: Iter =   58  NFunc =  1489  E =      11.34624  RMSG = 5.5265316e-04
 MIN: Iter =   59  NFunc =  1512  E =      11.34624  RMSG = 3.1965317e-04
----------------------------------------------------------------
 END:          :-)  E =      11.34624  RMSG =   0.0003197

     bond:      3.223842369
    angle:     16.610634853
 dihedral:     58.727966182
    enb14:     10.968176698
    eel14:    -36.805363046
      enb:     -3.738401445
      eel:     -0.968902638
      egb:    -36.671711135
    econs:      0.000000000
    esurf:      0.000000000
    Total:     11.346241839
     frms:      0.000319653
====== rms.dat  ======================================================
#Frame      all_heavy
       1       0.5717
