====== tleap.out =====================================================
-I: Adding /home/case/amber24/dat/leap/prep to search path.
-I: Adding /home/case/amber24/dat/leap/lib to search path.
-I: Adding /home/case/amber24/dat/leap/parm to search path.
-I: Adding /home/case/amber24/dat/leap/cmd to search path.
-f: Source leap.in.

Welcome to LEaP!
(no leaprc in search path)
Sourcing: ./leap.in
Using Bondi radii
----- Source: /home/case/amber24/dat/leap/cmd/leaprc.gaff2
----- Source of /home/case/amber24/dat/leap/cmd/leaprc.gaff2 done
Log file: ./leap.log
Loading parameters: /home/case/amber24/dat/leap/parm/gaff2.dat
Reading title:
AMBER General Force Field for organic molecules (Version 2.2.20, March 2021)
Loading parameters: ./1XU.frcmod
Reading force field modification type file (frcmod)
Reading title:
Remark line goes here
Loading Mol2 file: ./1XU.mol2
Reading MOLECULE named 1XU
Checking Unit.

/home/case/amber24/bin/teLeap: Warning!
The unperturbed charge of the unit (-1.000000) is not zero.

/home/case/amber24/bin/teLeap: Note.
Ignoring the warning from Unit Checking.

Building topology.
"order_residues" off: keep input residue order.
Building atom parameters.
Building bond parameters.
Building angle parameters.
Building proper torsion parameters.
Building improper torsion parameters.
 total 29 improper torsions applied
Building H-Bond parameters.
Incorporating Non-Bonded adjustments.
Not Marking per-residue atom chain types.
Marking per-residue atom chain types.
  (Residues lacking connect0/connect1 - 
   these don't have chain types marked:

	res	total affected

	1XU	1
  )
 (no restraints)
	Quit

Exiting LEaP: Errors = 0; Warnings = 1; Notes = 1.
====== min.o =========================================================
Reading parm file (1XU.parm7)
title:
1XU                                                                             
no velocities were found
no velocities were found
	mm_options:  ntpr=5
	mm_options:  gb=1
	mm_options:  kappa=0.10395
	mm_options:  rgbmax=99.
	mm_options:  cut=99.0
	mm_options:  wcons=0.
     bond:      4.301219817
    angle:     37.913400928
 dihedral:     37.397910587
    enb14:     13.860486354
    eel14:     44.660180222
      enb:     -6.839027951
      eel:    -39.099292653
      egb:    -86.943361286
    econs:      0.000000000
    esurf:      0.000000000
    Total:      5.251516017
     frms:     11.705386967
Starting TNCG minimisation
 MIN: Iter =    0  NFunc =     1  E =       5.25152  RMSG = 1.1705387e+01
 MIN: Iter =    1  NFunc =     7  E =     -11.18136  RMSG = 2.6935701e+00
 MIN: Iter =    2  NFunc =    58  E =     -12.86628  RMSG = 2.7644696e+00
 MIN: Iter =    3  NFunc =    65  E =     -14.63995  RMSG = 2.4321607e+00
 MIN: Iter =    4  NFunc =    71  E =     -16.81353  RMSG = 1.9132047e+00
 MIN: Iter =    5  NFunc =    77  E =     -19.35314  RMSG = 1.5065520e+00
 MIN: Iter =    6  NFunc =    83  E =     -21.32794  RMSG = 8.4742332e-01
 MIN: Iter =    7  NFunc =    92  E =     -22.10297  RMSG = 6.6461506e-01
 MIN: Iter =    8  NFunc =   124  E =     -22.57659  RMSG = 4.4925469e-01
 MIN: Iter =    9  NFunc =   142  E =     -22.84033  RMSG = 3.2943353e-01
 MIN: Iter =   10  NFunc =   154  E =     -22.95697  RMSG = 2.4997967e-01
 MIN: Iter =   11  NFunc =   160  E =     -22.98560  RMSG = 1.5999070e-01
 MIN: Iter =   12  NFunc =   177  E =     -23.02323  RMSG = 1.3517340e-01
 MIN: Iter =   13  NFunc =   197  E =     -23.04287  RMSG = 6.9238537e-02
 MIN: Iter =   14  NFunc =   216  E =     -23.04980  RMSG = 3.9875345e-02
 MIN: Iter =   15  NFunc =   267  E =     -23.06208  RMSG = 1.4608046e-01
 MIN: Iter =   16  NFunc =   273  E =     -23.06575  RMSG = 5.1161262e-02
 MIN: Iter =   17  NFunc =   325  E =     -23.07611  RMSG = 6.8537279e-02
 MIN: Iter =   18  NFunc =   352  E =     -23.08322  RMSG = 2.1407547e-01
 MIN: Iter =   19  NFunc =   358  E =     -23.08923  RMSG = 4.8883533e-02
 MIN: Iter =   20  NFunc =   384  E =     -23.09204  RMSG = 9.1790445e-02
 MIN: Iter =   21  NFunc =   390  E =     -23.09301  RMSG = 2.5502955e-02
 MIN: Iter =   22  NFunc =   416  E =     -23.09452  RMSG = 7.9843483e-02
 MIN: Iter =   23  NFunc =   422  E =     -23.09531  RMSG = 1.9454646e-02
 MIN: Iter =   24  NFunc =   472  E =     -23.09889  RMSG = 5.6647338e-02
 MIN: Iter =   25  NFunc =   493  E =     -23.10211  RMSG = 6.9731329e-02
 MIN: Iter =   26  NFunc =   503  E =     -23.10370  RMSG = 2.5491890e-02
 MIN: Iter =   27  NFunc =   514  E =     -23.10456  RMSG = 3.0329261e-02
 MIN: Iter =   28  NFunc =   534  E =     -23.10539  RMSG = 1.9791051e-02
 MIN: Iter =   29  NFunc =   585  E =     -23.10672  RMSG = 5.8999404e-02
 MIN: Iter =   30  NFunc =   591  E =     -23.10717  RMSG = 1.6174803e-02
 MIN: Iter =   31  NFunc =   643  E =     -23.10843  RMSG = 3.4854158e-02
 MIN: Iter =   32  NFunc =   661  E =     -23.10958  RMSG = 4.3443118e-02
 MIN: Iter =   33  NFunc =   669  E =     -23.11072  RMSG = 4.4866012e-02
 MIN: Iter =   34  NFunc =   675  E =     -23.11145  RMSG = 3.1959817e-02
 MIN: Iter =   35  NFunc =   681  E =     -23.11185  RMSG = 2.1593199e-02
 MIN: Iter =   36  NFunc =   697  E =     -23.11217  RMSG = 1.3954327e-02
 MIN: Iter =   37  NFunc =   709  E =     -23.11228  RMSG = 5.5966782e-03
 MIN: Iter =   38  NFunc =   743  E =     -23.11262  RMSG = 6.3045071e-03
 MIN: Iter =   39  NFunc =   794  E =     -23.11274  RMSG = 5.5012240e-03
 MIN: Iter =   40  NFunc =   808  E =     -23.11278  RMSG = 3.6992537e-03
 MIN: Iter =   41  NFunc =   837  E =     -23.11283  RMSG = 2.1569937e-03
 MIN: Iter =   42  NFunc =   863  E =     -23.11284  RMSG = 1.4966757e-03
 MIN: Iter =   43  NFunc =   898  E =     -23.11286  RMSG = 1.1988857e-03
 MIN: Iter =   44  NFunc =   949  E =     -23.11287  RMSG = 1.2347750e-03
 MIN: Iter =   45  NFunc =   982  E =     -23.11287  RMSG = 9.9454209e-04
 MIN: Iter =   46  NFunc =  1033  E =     -23.11288  RMSG = 1.2259199e-03
 MIN: Iter =   47  NFunc =  1043  E =     -23.11288  RMSG = 7.3146514e-04
 MIN: Iter =   48  NFunc =  1094  E =     -23.11288  RMSG = 1.2561446e-03
 MIN: Iter =   49  NFunc =  1115  E =     -23.11288  RMSG = 6.3966123e-04
 MIN: Iter =   50  NFunc =  1138  E =     -23.11289  RMSG = 3.8488348e-04
----------------------------------------------------------------
 END:          :-)  E =     -23.11289  RMSG =   0.0003849

     bond:      2.687551521
    angle:     26.874126637
 dihedral:     23.270864886
    enb14:     10.365081878
    eel14:     43.967914833
      enb:     -3.957919284
      eel:    -36.079232286
      egb:    -90.241273586
    econs:      0.000000000
    esurf:      0.000000000
    Total:    -23.112885401
     frms:      0.000384883
====== rms.dat  ======================================================
#Frame      all_heavy
       1       0.4845
