====== tleap.out =====================================================
-I: Adding /home/case/amber24/dat/leap/prep to search path.
-I: Adding /home/case/amber24/dat/leap/lib to search path.
-I: Adding /home/case/amber24/dat/leap/parm to search path.
-I: Adding /home/case/amber24/dat/leap/cmd to search path.
-f: Source leap.in.

Welcome to LEaP!
(no leaprc in search path)
Sourcing: ./leap.in
Using Bondi radii
----- Source: /home/case/amber24/dat/leap/cmd/leaprc.gaff2
----- Source of /home/case/amber24/dat/leap/cmd/leaprc.gaff2 done
Log file: ./leap.log
Loading parameters: /home/case/amber24/dat/leap/parm/gaff2.dat
Reading title:
AMBER General Force Field for organic molecules (Version 2.2.20, March 2021)
Loading parameters: ./E0L.frcmod
Reading force field modification type file (frcmod)
Reading title:
Remark line goes here
Loading Mol2 file: ./E0L.mol2
Reading MOLECULE named E0L
Checking Unit.

/home/case/amber24/bin/teLeap: Warning!
The unperturbed charge of the unit (-0.997001) is not zero.

/home/case/amber24/bin/teLeap: Note.
Ignoring the warning from Unit Checking.

Building topology.
"order_residues" off: keep input residue order.
Building atom parameters.
Building bond parameters.
Building angle parameters.
Building proper torsion parameters.
Building improper torsion parameters.
 total 20 improper torsions applied
Building H-Bond parameters.
Incorporating Non-Bonded adjustments.
Not Marking per-residue atom chain types.
Marking per-residue atom chain types.
  (Residues lacking connect0/connect1 - 
   these don't have chain types marked:

	res	total affected

	E0L	1
  )
 (no restraints)
	Quit

Exiting LEaP: Errors = 0; Warnings = 1; Notes = 1.
====== min.o =========================================================
Reading parm file (E0L.parm7)
title:
E0L                                                                             
no velocities were found
no velocities were found
	mm_options:  ntpr=5
	mm_options:  gb=1
	mm_options:  kappa=0.10395
	mm_options:  rgbmax=99.
	mm_options:  cut=99.0
	mm_options:  wcons=0.
     bond:      3.599251011
    angle:      8.211732986
 dihedral:      8.281891650
    enb14:     14.265135950
    eel14:    -24.613150865
      enb:      3.856592919
      eel:    -31.883255878
      egb:    -91.221401138
    econs:      0.000000000
    esurf:      0.000000000
    Total:   -109.503203366
     frms:     12.321035925
Starting TNCG minimisation
 MIN: Iter =    0  NFunc =     1  E =    -109.50320  RMSG = 1.2321036e+01
 MIN: Iter =    1  NFunc =     7  E =    -119.17821  RMSG = 2.3604961e+00
 MIN: Iter =    2  NFunc =    15  E =    -121.45897  RMSG = 1.8143400e+00
 MIN: Iter =    3  NFunc =    21  E =    -122.04120  RMSG = 8.5969200e-01
 MIN: Iter =    4  NFunc =    30  E =    -122.33653  RMSG = 4.9744016e-01
 MIN: Iter =    5  NFunc =    45  E =    -122.52024  RMSG = 1.1610789e+00
 MIN: Iter =    6  NFunc =    51  E =    -122.57987  RMSG = 2.1034975e-01
 MIN: Iter =    7  NFunc =    71  E =    -122.60650  RMSG = 1.4282096e-01
 MIN: Iter =    8  NFunc =    82  E =    -122.61133  RMSG = 6.0441898e-02
 MIN: Iter =    9  NFunc =   133  E =    -122.62729  RMSG = 1.1503337e-01
 MIN: Iter =   10  NFunc =   150  E =    -122.63065  RMSG = 4.1240997e-02
 MIN: Iter =   11  NFunc =   181  E =    -122.63729  RMSG = 9.1640958e-02
 MIN: Iter =   12  NFunc =   187  E =    -122.63829  RMSG = 3.7098507e-02
 MIN: Iter =   13  NFunc =   231  E =    -122.64476  RMSG = 4.8249179e-02
 MIN: Iter =   14  NFunc =   239  E =    -122.64633  RMSG = 4.2982810e-02
 MIN: Iter =   15  NFunc =   255  E =    -122.64886  RMSG = 6.3697025e-02
 MIN: Iter =   16  NFunc =   261  E =    -122.64951  RMSG = 2.4862918e-02
 MIN: Iter =   17  NFunc =   306  E =    -122.65142  RMSG = 6.9340286e-02
 MIN: Iter =   18  NFunc =   313  E =    -122.65193  RMSG = 2.1031651e-02
 MIN: Iter =   19  NFunc =   331  E =    -122.65272  RMSG = 7.1046331e-02
 MIN: Iter =   20  NFunc =   337  E =    -122.65300  RMSG = 1.3433825e-02
 MIN: Iter =   21  NFunc =   387  E =    -122.65371  RMSG = 4.0336183e-02
 MIN: Iter =   22  NFunc =   393  E =    -122.65387  RMSG = 1.2545733e-02
 MIN: Iter =   23  NFunc =   428  E =    -122.65426  RMSG = 2.1362648e-02
 MIN: Iter =   24  NFunc =   442  E =    -122.65434  RMSG = 5.5026031e-03
 MIN: Iter =   25  NFunc =   487  E =    -122.65442  RMSG = 3.2243320e-03
 MIN: Iter =   26  NFunc =   530  E =    -122.65445  RMSG = 2.4171180e-03
 MIN: Iter =   27  NFunc =   581  E =    -122.65449  RMSG = 4.9753694e-03
 MIN: Iter =   28  NFunc =   595  E =    -122.65450  RMSG = 1.5871670e-03
 MIN: Iter =   29  NFunc =   646  E =    -122.65451  RMSG = 2.5020862e-03
 MIN: Iter =   30  NFunc =   697  E =    -122.65453  RMSG = 4.5911716e-03
 MIN: Iter =   31  NFunc =   742  E =    -122.65455  RMSG = 2.9778788e-03
 MIN: Iter =   32  NFunc =   748  E =    -122.65455  RMSG = 1.2737015e-03
 MIN: Iter =   33  NFunc =   766  E =    -122.65456  RMSG = 6.0282075e-04
 MIN: Iter =   34  NFunc =   781  E =    -122.65456  RMSG = 5.1518812e-04
 MIN: Iter =   35  NFunc =   809  E =    -122.65456  RMSG = 4.0358133e-04
----------------------------------------------------------------
 END:          :-)  E =    -122.65456  RMSG =   0.0004036

     bond:      2.028301242
    angle:      7.038174364
 dihedral:      4.281923140
    enb14:     10.065783353
    eel14:    -27.015205254
      enb:      1.042938661
      eel:    -26.703115087
      egb:    -93.393357867
    econs:      0.000000000
    esurf:      0.000000000
    Total:   -122.654557449
     frms:      0.000403581
====== rms.dat  ======================================================
#Frame      all_heavy
       1       0.2454
