====== tleap.out =====================================================
-I: Adding /home/case/amber24/dat/leap/prep to search path.
-I: Adding /home/case/amber24/dat/leap/lib to search path.
-I: Adding /home/case/amber24/dat/leap/parm to search path.
-I: Adding /home/case/amber24/dat/leap/cmd to search path.
-f: Source leap.in.

Welcome to LEaP!
(no leaprc in search path)
Sourcing: ./leap.in
Using Bondi radii
----- Source: /home/case/amber24/dat/leap/cmd/leaprc.gaff2
----- Source of /home/case/amber24/dat/leap/cmd/leaprc.gaff2 done
Log file: ./leap.log
Loading parameters: /home/case/amber24/dat/leap/parm/gaff2.dat
Reading title:
AMBER General Force Field for organic molecules (Version 2.2.20, March 2021)
Loading parameters: ./E1M.frcmod
Reading force field modification type file (frcmod)
Reading title:
Remark line goes here
Loading Mol2 file: ./E1M.mol2
Reading MOLECULE named E1M
Checking Unit.

/home/case/amber24/bin/teLeap: Warning!
The unperturbed charge of the unit (-1.002000) is not zero.

/home/case/amber24/bin/teLeap: Note.
Ignoring the warning from Unit Checking.

Building topology.
"order_residues" off: keep input residue order.
Building atom parameters.
Building bond parameters.
Building angle parameters.
Building proper torsion parameters.

/home/case/amber24/bin/teLeap: Note.
1-4: angle 21 23 duplicates bond ('triangular' bond) or angle ('square' bond)


/home/case/amber24/bin/teLeap: Note.
1-4: angle 21 22 duplicates bond ('triangular' bond) or angle ('square' bond)


/home/case/amber24/bin/teLeap: Note.
1-4: angle 22 23 duplicates bond ('triangular' bond) or angle ('square' bond)

Building improper torsion parameters.
 total 19 improper torsions applied
Building H-Bond parameters.
Incorporating Non-Bonded adjustments.
Not Marking per-residue atom chain types.
Marking per-residue atom chain types.
  (Residues lacking connect0/connect1 - 
   these don't have chain types marked:

	res	total affected

	E1M	1
  )
 (no restraints)
	Quit

Exiting LEaP: Errors = 0; Warnings = 1; Notes = 4.
====== min.o =========================================================
Reading parm file (E1M.parm7)
title:
E1M                                                                             
no velocities were found
no velocities were found
	mm_options:  ntpr=5
	mm_options:  gb=1
	mm_options:  kappa=0.10395
	mm_options:  rgbmax=99.
	mm_options:  cut=99.0
	mm_options:  wcons=0.
     bond:      5.164455616
    angle:      8.270080538
 dihedral:     12.950915057
    enb14:     15.026735932
    eel14:     43.372816928
      enb:     -2.604240476
      eel:    -59.916095562
      egb:    -88.031511730
    econs:      0.000000000
    esurf:      0.000000000
    Total:    -65.766843697
     frms:     11.867865534
Starting TNCG minimisation
 MIN: Iter =    0  NFunc =     1  E =     -65.76684  RMSG = 1.1867866e+01
 MIN: Iter =    1  NFunc =     7  E =     -75.21159  RMSG = 1.9740886e+00
 MIN: Iter =    2  NFunc =    14  E =     -76.56431  RMSG = 9.7218015e-01
 MIN: Iter =    3  NFunc =    20  E =     -76.76610  RMSG = 4.4148810e-01
 MIN: Iter =    4  NFunc =    35  E =     -76.90807  RMSG = 2.3459756e-01
 MIN: Iter =    5  NFunc =    61  E =     -76.98154  RMSG = 2.3123662e-01
 MIN: Iter =    6  NFunc =    83  E =     -77.01023  RMSG = 1.1325695e-01
 MIN: Iter =    7  NFunc =   125  E =     -77.04956  RMSG = 1.7224646e-01
 MIN: Iter =    8  NFunc =   131  E =     -77.05410  RMSG = 6.1236192e-02
 MIN: Iter =    9  NFunc =   146  E =     -77.05822  RMSG = 3.4371010e-02
 MIN: Iter =   10  NFunc =   167  E =     -77.05954  RMSG = 1.8288096e-02
 MIN: Iter =   11  NFunc =   197  E =     -77.06048  RMSG = 1.2443962e-02
 MIN: Iter =   12  NFunc =   246  E =     -77.06135  RMSG = 9.0491790e-03
 MIN: Iter =   13  NFunc =   266  E =     -77.06150  RMSG = 5.5870300e-03
 MIN: Iter =   14  NFunc =   282  E =     -77.06155  RMSG = 3.6612432e-03
 MIN: Iter =   15  NFunc =   300  E =     -77.06157  RMSG = 2.0309705e-03
 MIN: Iter =   16  NFunc =   316  E =     -77.06157  RMSG = 1.2796807e-03
 MIN: Iter =   17  NFunc =   349  E =     -77.06158  RMSG = 6.9190555e-04
 MIN: Iter =   18  NFunc =   367  E =     -77.06158  RMSG = 4.6992322e-04
----------------------------------------------------------------
 END:          :-)  E =     -77.06158  RMSG =   0.0004699

     bond:      2.474657196
    angle:      7.055600901
 dihedral:     11.739436669
    enb14:     11.925700801
    eel14:     42.458166974
      enb:     -5.263887256
      eel:    -59.534843013
      egb:    -87.916410265
    econs:      0.000000000
    esurf:      0.000000000
    Total:    -77.061577993
     frms:      0.000469923
====== rms.dat  ======================================================
#Frame      all_heavy
       1       0.1197
