====== tleap.out =====================================================
-I: Adding /home/case/amber24/dat/leap/prep to search path.
-I: Adding /home/case/amber24/dat/leap/lib to search path.
-I: Adding /home/case/amber24/dat/leap/parm to search path.
-I: Adding /home/case/amber24/dat/leap/cmd to search path.
-f: Source leap.in.

Welcome to LEaP!
(no leaprc in search path)
Sourcing: ./leap.in
Using Bondi radii
----- Source: /home/case/amber24/dat/leap/cmd/leaprc.gaff2
----- Source of /home/case/amber24/dat/leap/cmd/leaprc.gaff2 done
Log file: ./leap.log
Loading parameters: /home/case/amber24/dat/leap/parm/gaff2.dat
Reading title:
AMBER General Force Field for organic molecules (Version 2.2.20, March 2021)
Loading parameters: ./E20.frcmod
Reading force field modification type file (frcmod)
Reading title:
Remark line goes here
Loading Mol2 file: ./E20.mol2
Reading MOLECULE named E20
Checking Unit.
Building topology.
"order_residues" off: keep input residue order.
Building atom parameters.
Building bond parameters.
Building angle parameters.
Building proper torsion parameters.
Building improper torsion parameters.
 total 13 improper torsions applied
Building H-Bond parameters.
Incorporating Non-Bonded adjustments.
Not Marking per-residue atom chain types.
Marking per-residue atom chain types.
  (Residues lacking connect0/connect1 - 
   these don't have chain types marked:

	res	total affected

	E20	1
  )
 (no restraints)
	Quit

Exiting LEaP: Errors = 0; Warnings = 0; Notes = 0.
====== min.o =========================================================
Reading parm file (E20.parm7)
title:
E20                                                                             
no velocities were found
no velocities were found
	mm_options:  ntpr=5
	mm_options:  gb=1
	mm_options:  kappa=0.10395
	mm_options:  rgbmax=99.
	mm_options:  cut=99.0
	mm_options:  wcons=0.
     bond:      2.499311526
    angle:     11.547368743
 dihedral:     20.516454846
    enb14:     16.592309069
    eel14:     37.110575877
      enb:     -3.308233255
      eel:    -31.268417957
      egb:    -15.778288425
    econs:      0.000000000
    esurf:      0.000000000
    Total:     37.911080424
     frms:      9.478487904
Starting TNCG minimisation
 MIN: Iter =    0  NFunc =     1  E =      37.91108  RMSG = 9.4784879e+00
 MIN: Iter =    1  NFunc =     7  E =      27.72124  RMSG = 2.2356292e+00
 MIN: Iter =    2  NFunc =    15  E =      25.17389  RMSG = 1.0636946e+00
 MIN: Iter =    3  NFunc =    26  E =      24.44514  RMSG = 4.1929303e-01
 MIN: Iter =    4  NFunc =    45  E =      24.09973  RMSG = 3.2778540e-01
 MIN: Iter =    5  NFunc =    68  E =      23.88341  RMSG = 3.1140107e-01
 MIN: Iter =    6  NFunc =    74  E =      23.85819  RMSG = 1.4659359e-01
 MIN: Iter =    7  NFunc =   125  E =      23.69678  RMSG = 3.5367480e-01
 MIN: Iter =    8  NFunc =   131  E =      23.62455  RMSG = 2.9247912e-01
 MIN: Iter =    9  NFunc =   182  E =      23.48199  RMSG = 5.4926750e-01
 MIN: Iter =   10  NFunc =   192  E =      23.33115  RMSG = 4.3854705e-01
 MIN: Iter =   11  NFunc =   198  E =      23.22337  RMSG = 3.7160792e-01
 MIN: Iter =   12  NFunc =   249  E =      22.99914  RMSG = 5.1508874e-01
 MIN: Iter =   13  NFunc =   275  E =      22.77363  RMSG = 5.6595950e-01
 MIN: Iter =   14  NFunc =   291  E =      22.54177  RMSG = 5.7713167e-01
 MIN: Iter =   15  NFunc =   299  E =      22.32968  RMSG = 5.4211060e-01
 MIN: Iter =   16  NFunc =   305  E =      22.16678  RMSG = 3.9570611e-01
 MIN: Iter =   17  NFunc =   321  E =      21.96305  RMSG = 3.1469632e-01
 MIN: Iter =   18  NFunc =   329  E =      21.81713  RMSG = 3.0805348e-01
 MIN: Iter =   19  NFunc =   335  E =      21.72136  RMSG = 2.4948249e-01
 MIN: Iter =   20  NFunc =   342  E =      21.69033  RMSG = 1.3821178e-01
 MIN: Iter =   21  NFunc =   382  E =      21.59375  RMSG = 2.7302387e-01
 MIN: Iter =   22  NFunc =   388  E =      21.57903  RMSG = 9.1673040e-02
 MIN: Iter =   23  NFunc =   403  E =      21.55812  RMSG = 8.5054941e-02
 MIN: Iter =   24  NFunc =   454  E =      21.53506  RMSG = 1.4846489e-01
 MIN: Iter =   25  NFunc =   498  E =      21.50331  RMSG = 1.5104668e-01
 MIN: Iter =   26  NFunc =   504  E =      21.49794  RMSG = 5.2919449e-02
 MIN: Iter =   27  NFunc =   548  E =      21.48524  RMSG = 1.5410556e-01
 MIN: Iter =   28  NFunc =   554  E =      21.47914  RMSG = 5.5771353e-02
 MIN: Iter =   29  NFunc =   567  E =      21.47690  RMSG = 2.5908444e-02
 MIN: Iter =   30  NFunc =   580  E =      21.47615  RMSG = 1.6209654e-02
 MIN: Iter =   31  NFunc =   629  E =      21.47401  RMSG = 1.3404404e-02
 MIN: Iter =   32  NFunc =   680  E =      21.47350  RMSG = 7.7302614e-03
 MIN: Iter =   33  NFunc =   712  E =      21.47327  RMSG = 5.5175458e-03
 MIN: Iter =   34  NFunc =   736  E =      21.47321  RMSG = 3.1088229e-03
 MIN: Iter =   35  NFunc =   771  E =      21.47317  RMSG = 2.4507614e-03
 MIN: Iter =   36  NFunc =   781  E =      21.47316  RMSG = 1.2951900e-03
 MIN: Iter =   37  NFunc =   813  E =      21.47316  RMSG = 9.5111832e-04
 MIN: Iter =   38  NFunc =   860  E =      21.47315  RMSG = 8.8516817e-04
 MIN: Iter =   39  NFunc =   896  E =      21.47314  RMSG = 7.0087278e-04
 MIN: Iter =   40  NFunc =   911  E =      21.47314  RMSG = 6.0240250e-04
 MIN: Iter =   41  NFunc =   933  E =      21.47314  RMSG = 4.8133031e-04
----------------------------------------------------------------
 END:          :-)  E =      21.47314  RMSG =   0.0004813

     bond:      2.128333203
    angle:      8.286673203
 dihedral:     16.834565482
    enb14:     10.495497566
    eel14:     35.926619645
      enb:     -5.088487600
      eel:    -29.808143443
      egb:    -17.301915354
    econs:      0.000000000
    esurf:      0.000000000
    Total:     21.473142702
     frms:      0.000481330
====== rms.dat  ======================================================
#Frame      all_heavy
       1       0.7053
