====== tleap.out =====================================================
-I: Adding /home/case/amber24/dat/leap/prep to search path.
-I: Adding /home/case/amber24/dat/leap/lib to search path.
-I: Adding /home/case/amber24/dat/leap/parm to search path.
-I: Adding /home/case/amber24/dat/leap/cmd to search path.
-f: Source leap.in.

Welcome to LEaP!
(no leaprc in search path)
Sourcing: ./leap.in
Using Bondi radii
----- Source: /home/case/amber24/dat/leap/cmd/leaprc.gaff2
----- Source of /home/case/amber24/dat/leap/cmd/leaprc.gaff2 done
Log file: ./leap.log
Loading parameters: /home/case/amber24/dat/leap/parm/gaff2.dat
Reading title:
AMBER General Force Field for organic molecules (Version 2.2.20, March 2021)
Loading parameters: ./E3K.frcmod
Reading force field modification type file (frcmod)
Reading title:
Remark line goes here
Loading Mol2 file: ./E3K.mol2
Reading MOLECULE named E3K
Checking Unit.

/home/case/amber24/bin/teLeap: Warning!
The unperturbed charge of the unit (1.002000) is not zero.

/home/case/amber24/bin/teLeap: Note.
Ignoring the warning from Unit Checking.

Building topology.
"order_residues" off: keep input residue order.
Building atom parameters.
Building bond parameters.
Building angle parameters.
Building proper torsion parameters.
Building improper torsion parameters.
 total 9 improper torsions applied
Building H-Bond parameters.
Incorporating Non-Bonded adjustments.
Not Marking per-residue atom chain types.
Marking per-residue atom chain types.
  (Residues lacking connect0/connect1 - 
   these don't have chain types marked:

	res	total affected

	E3K	1
  )
 (no restraints)
	Quit

Exiting LEaP: Errors = 0; Warnings = 1; Notes = 1.
====== min.o =========================================================
Reading parm file (E3K.parm7)
title:
E3K                                                                             
no velocities were found
no velocities were found
	mm_options:  ntpr=5
	mm_options:  gb=1
	mm_options:  kappa=0.10395
	mm_options:  rgbmax=99.
	mm_options:  cut=99.0
	mm_options:  wcons=0.
     bond:      9.128488940
    angle:    139.830089523
 dihedral:     30.668118954
    enb14:     13.498447146
    eel14:     72.776565549
      enb:     -5.213320222
      eel:   -126.701174266
      egb:    -94.575435925
    econs:      0.000000000
    esurf:      0.000000000
    Total:     39.411779700
     frms:     43.508796923
Starting TNCG minimisation
 MIN: Iter =    0  NFunc =     1  E =      39.41178  RMSG = 4.3508797e+01
 MIN: Iter =    1  NFunc =     5  E =      -9.74843  RMSG = 4.2297791e+01
 MIN: Iter =    2  NFunc =    10  E =     -66.18768  RMSG = 2.7646886e+01
 MIN: Iter =    3  NFunc =    16  E =     -97.41752  RMSG = 8.2493982e+00
 MIN: Iter =    4  NFunc =    25  E =    -104.03232  RMSG = 1.7666546e+00
 MIN: Iter =    5  NFunc =    34  E =    -105.45786  RMSG = 1.1672333e+00
 MIN: Iter =    6  NFunc =    47  E =    -106.12227  RMSG = 3.3982861e+00
 MIN: Iter =    7  NFunc =    53  E =    -106.80089  RMSG = 6.3936328e-01
 MIN: Iter =    8  NFunc =    83  E =    -107.27803  RMSG = 1.7979195e+00
 MIN: Iter =    9  NFunc =   122  E =    -107.79782  RMSG = 2.0024970e+00
 MIN: Iter =   10  NFunc =   173  E =    -108.47040  RMSG = 2.1827403e+00
 MIN: Iter =   11  NFunc =   176  E =    -109.07585  RMSG = 2.0503799e+00
 MIN: Iter =   12  NFunc =   185  E =    -110.14913  RMSG = 2.6985476e+00
 MIN: Iter =   13  NFunc =   191  E =    -111.19427  RMSG = 1.0275726e+00
 MIN: Iter =   14  NFunc =   197  E =    -111.59149  RMSG = 1.3090621e+00
 MIN: Iter =   15  NFunc =   210  E =    -111.96669  RMSG = 1.4358969e+00
 MIN: Iter =   16  NFunc =   216  E =    -112.09917  RMSG = 3.2021851e-01
 MIN: Iter =   17  NFunc =   237  E =    -112.21687  RMSG = 9.8322742e-01
 MIN: Iter =   18  NFunc =   259  E =    -112.40947  RMSG = 2.6116854e+00
 MIN: Iter =   19  NFunc =   265  E =    -112.86263  RMSG = 7.2258140e-01
 MIN: Iter =   20  NFunc =   274  E =    -113.17404  RMSG = 2.9937361e+00
 MIN: Iter =   21  NFunc =   280  E =    -113.85619  RMSG = 8.7323097e-01
 MIN: Iter =   22  NFunc =   286  E =    -114.12233  RMSG = 2.6413693e+00
 MIN: Iter =   23  NFunc =   292  E =    -114.43937  RMSG = 2.9925900e-01
 MIN: Iter =   24  NFunc =   303  E =    -114.54900  RMSG = 7.0294951e-01
 MIN: Iter =   25  NFunc =   309  E =    -114.58032  RMSG = 1.7585041e-01
 MIN: Iter =   26  NFunc =   361  E =    -114.63983  RMSG = 2.4301216e-01
 MIN: Iter =   27  NFunc =   375  E =    -114.67791  RMSG = 3.3403853e-01
 MIN: Iter =   28  NFunc =   384  E =    -114.70122  RMSG = 1.2390043e-01
 MIN: Iter =   29  NFunc =   395  E =    -114.71696  RMSG = 1.4923352e-01
 MIN: Iter =   30  NFunc =   409  E =    -114.73010  RMSG = 6.4903114e-02
 MIN: Iter =   31  NFunc =   424  E =    -114.73263  RMSG = 2.8265865e-02
 MIN: Iter =   32  NFunc =   475  E =    -114.73484  RMSG = 1.7688656e-02
 MIN: Iter =   33  NFunc =   485  E =    -114.73498  RMSG = 8.7660407e-03
 MIN: Iter =   34  NFunc =   530  E =    -114.73538  RMSG = 7.1326687e-03
 MIN: Iter =   35  NFunc =   581  E =    -114.73574  RMSG = 1.3559599e-02
 MIN: Iter =   36  NFunc =   599  E =    -114.73589  RMSG = 4.6096490e-03
 MIN: Iter =   37  NFunc =   615  E =    -114.73593  RMSG = 2.8780851e-03
 MIN: Iter =   38  NFunc =   663  E =    -114.73597  RMSG = 1.7764302e-03
 MIN: Iter =   39  NFunc =   680  E =    -114.73598  RMSG = 1.0168770e-03
 MIN: Iter =   40  NFunc =   706  E =    -114.73598  RMSG = 4.6254226e-04
----------------------------------------------------------------
 END:          :-)  E =    -114.73598  RMSG =   0.0004625

     bond:      2.247453397
    angle:     16.895879979
 dihedral:     29.800944209
    enb14:      7.798771870
    eel14:     70.882853981
      enb:     -4.687040510
      eel:   -152.442103854
      egb:    -85.232740229
    econs:      0.000000000
    esurf:      0.000000000
    Total:   -114.735981156
     frms:      0.000462542
====== rms.dat  ======================================================
#Frame      all_heavy
       1       0.4059
