====== tleap.out =====================================================
-I: Adding /home/case/amber24/dat/leap/prep to search path.
-I: Adding /home/case/amber24/dat/leap/lib to search path.
-I: Adding /home/case/amber24/dat/leap/parm to search path.
-I: Adding /home/case/amber24/dat/leap/cmd to search path.
-f: Source leap.in.

Welcome to LEaP!
(no leaprc in search path)
Sourcing: ./leap.in
Using Bondi radii
----- Source: /home/case/amber24/dat/leap/cmd/leaprc.gaff2
----- Source of /home/case/amber24/dat/leap/cmd/leaprc.gaff2 done
Log file: ./leap.log
Loading parameters: /home/case/amber24/dat/leap/parm/gaff2.dat
Reading title:
AMBER General Force Field for organic molecules (Version 2.2.20, March 2021)
Loading parameters: ./E42.frcmod
Reading force field modification type file (frcmod)
Reading title:
Remark line goes here
Loading Mol2 file: ./E42.mol2
Reading MOLECULE named E42
Checking Unit.

/home/case/amber24/bin/teLeap: Warning!
The unperturbed charge of the unit (-1.000000) is not zero.

/home/case/amber24/bin/teLeap: Note.
Ignoring the warning from Unit Checking.

Building topology.
"order_residues" off: keep input residue order.
Building atom parameters.
Building bond parameters.
Building angle parameters.
Building proper torsion parameters.
Building improper torsion parameters.
 total 13 improper torsions applied
Building H-Bond parameters.
Incorporating Non-Bonded adjustments.
Not Marking per-residue atom chain types.
Marking per-residue atom chain types.
  (Residues lacking connect0/connect1 - 
   these don't have chain types marked:

	res	total affected

	E42	1
  )
 (no restraints)
	Quit

Exiting LEaP: Errors = 0; Warnings = 1; Notes = 1.
====== min.o =========================================================
Reading parm file (E42.parm7)
title:
E42                                                                             
no velocities were found
no velocities were found
	mm_options:  ntpr=5
	mm_options:  gb=1
	mm_options:  kappa=0.10395
	mm_options:  rgbmax=99.
	mm_options:  cut=99.0
	mm_options:  wcons=0.
     bond:      1.807198233
    angle:      3.757449925
 dihedral:      8.369200936
    enb14:      9.481824054
    eel14:    144.357392137
      enb:     -1.550377526
      eel:   -107.931512501
      egb:    -82.344204856
    econs:      0.000000000
    esurf:      0.000000000
    Total:    -24.053029598
     frms:      8.015485664
Starting TNCG minimisation
 MIN: Iter =    0  NFunc =     1  E =     -24.05303  RMSG = 8.0154857e+00
 MIN: Iter =    1  NFunc =     7  E =     -28.94268  RMSG = 2.4193680e+00
 MIN: Iter =    2  NFunc =    14  E =     -30.08569  RMSG = 1.0270069e+00
 MIN: Iter =    3  NFunc =    20  E =     -30.29757  RMSG = 5.3440775e-01
 MIN: Iter =    4  NFunc =    29  E =     -30.44699  RMSG = 4.6439864e-01
 MIN: Iter =    5  NFunc =    67  E =     -30.57384  RMSG = 7.6663403e-01
 MIN: Iter =    6  NFunc =    75  E =     -30.66814  RMSG = 1.8265280e+00
 MIN: Iter =    7  NFunc =    81  E =     -30.85633  RMSG = 4.0575304e-01
 MIN: Iter =    8  NFunc =    91  E =     -30.93397  RMSG = 4.8199928e-01
 MIN: Iter =    9  NFunc =    97  E =     -31.03201  RMSG = 9.5148032e-01
 MIN: Iter =   10  NFunc =   103  E =     -31.09395  RMSG = 2.1140970e-01
 MIN: Iter =   11  NFunc =   109  E =     -31.11390  RMSG = 7.3288636e-01
 MIN: Iter =   12  NFunc =   115  E =     -31.13936  RMSG = 1.5092952e-01
 MIN: Iter =   13  NFunc =   122  E =     -31.14791  RMSG = 1.7578974e-01
 MIN: Iter =   14  NFunc =   139  E =     -31.15539  RMSG = 7.0627979e-02
 MIN: Iter =   15  NFunc =   150  E =     -31.15740  RMSG = 3.5170816e-02
 MIN: Iter =   16  NFunc =   177  E =     -31.16629  RMSG = 2.1946488e-01
 MIN: Iter =   17  NFunc =   183  E =     -31.16912  RMSG = 5.3172429e-02
 MIN: Iter =   18  NFunc =   224  E =     -31.17467  RMSG = 1.4064670e-01
 MIN: Iter =   19  NFunc =   231  E =     -31.17648  RMSG = 3.8120940e-02
 MIN: Iter =   20  NFunc =   248  E =     -31.17868  RMSG = 9.9490544e-02
 MIN: Iter =   21  NFunc =   254  E =     -31.17917  RMSG = 2.0032914e-02
 MIN: Iter =   22  NFunc =   274  E =     -31.17958  RMSG = 1.6210962e-02
 MIN: Iter =   23  NFunc =   311  E =     -31.18020  RMSG = 1.2110228e-02
 MIN: Iter =   24  NFunc =   329  E =     -31.18033  RMSG = 7.9604882e-03
 MIN: Iter =   25  NFunc =   339  E =     -31.18035  RMSG = 3.8695453e-03
 MIN: Iter =   26  NFunc =   380  E =     -31.18038  RMSG = 2.6839036e-03
 MIN: Iter =   27  NFunc =   389  E =     -31.18039  RMSG = 1.4634448e-03
 MIN: Iter =   28  NFunc =   398  E =     -31.18039  RMSG = 7.8296674e-04
 MIN: Iter =   29  NFunc =   409  E =     -31.18039  RMSG = 5.9319723e-04
 MIN: Iter =   30  NFunc =   427  E =     -31.18039  RMSG = 5.9165614e-04
 MIN: Iter =   31  NFunc =   434  E =     -31.18039  RMSG = 5.0468422e-04
 MIN: Iter =   32  NFunc =   447  E =     -31.18039  RMSG = 2.6401754e-04
----------------------------------------------------------------
 END:          :-)  E =     -31.18039  RMSG =   0.0002640

     bond:      1.958964466
    angle:      3.868498162
 dihedral:      8.040994946
    enb14:      6.648449429
    eel14:    138.173047254
      enb:     -2.122679558
      eel:   -102.634889897
      egb:    -85.112774253
    econs:      0.000000000
    esurf:      0.000000000
    Total:    -31.180389452
     frms:      0.000264018
====== rms.dat  ======================================================
#Frame      all_heavy
       1       0.2488
