====== tleap.out =====================================================
-I: Adding /home/case/amber24/dat/leap/prep to search path.
-I: Adding /home/case/amber24/dat/leap/lib to search path.
-I: Adding /home/case/amber24/dat/leap/parm to search path.
-I: Adding /home/case/amber24/dat/leap/cmd to search path.
-f: Source leap.in.

Welcome to LEaP!
(no leaprc in search path)
Sourcing: ./leap.in
Using Bondi radii
----- Source: /home/case/amber24/dat/leap/cmd/leaprc.gaff2
----- Source of /home/case/amber24/dat/leap/cmd/leaprc.gaff2 done
Log file: ./leap.log
Loading parameters: /home/case/amber24/dat/leap/parm/gaff2.dat
Reading title:
AMBER General Force Field for organic molecules (Version 2.2.20, March 2021)
Loading parameters: ./E4I.frcmod
Reading force field modification type file (frcmod)
Reading title:
Remark line goes here
Loading Mol2 file: ./E4I.mol2
Reading MOLECULE named E4I
Checking Unit.
Building topology.
"order_residues" off: keep input residue order.
Building atom parameters.
Building bond parameters.
Building angle parameters.
Building proper torsion parameters.
Building improper torsion parameters.
 total 4 improper torsions applied
Building H-Bond parameters.
Incorporating Non-Bonded adjustments.
Not Marking per-residue atom chain types.
Marking per-residue atom chain types.
  (Residues lacking connect0/connect1 - 
   these don't have chain types marked:

	res	total affected

	E4I	1
  )
 (no restraints)
	Quit

Exiting LEaP: Errors = 0; Warnings = 0; Notes = 0.
====== min.o =========================================================
Reading parm file (E4I.parm7)
title:
E4I                                                                             
no velocities were found
no velocities were found
	mm_options:  ntpr=5
	mm_options:  gb=1
	mm_options:  kappa=0.10395
	mm_options:  rgbmax=99.
	mm_options:  cut=99.0
	mm_options:  wcons=0.
     bond:      1.842279171
    angle:      2.717569842
 dihedral:     26.899428368
    enb14:      0.024974906
    eel14:     56.903442506
      enb:     -0.725022438
      eel:   -103.645321588
      egb:    -26.654815523
    econs:      0.000000000
    esurf:      0.000000000
    Total:    -42.637464756
     frms:     10.592832095
Starting TNCG minimisation
 MIN: Iter =    0  NFunc =     1  E =     -42.63746  RMSG = 1.0592832e+01
 MIN: Iter =    1  NFunc =     8  E =     -51.04355  RMSG = 1.0225439e+01
 MIN: Iter =    2  NFunc =    14  E =     -53.93260  RMSG = 2.0170435e+00
 MIN: Iter =    3  NFunc =    25  E =     -54.61834  RMSG = 8.2985619e-01
 MIN: Iter =    4  NFunc =    44  E =     -54.76114  RMSG = 5.1830109e-01
 MIN: Iter =    5  NFunc =    68  E =     -54.81239  RMSG = 1.0873803e+00
 MIN: Iter =    6  NFunc =    74  E =     -54.84480  RMSG = 2.6138647e-01
 MIN: Iter =    7  NFunc =    88  E =     -54.91606  RMSG = 9.6470894e-01
 MIN: Iter =    8  NFunc =   103  E =     -54.98929  RMSG = 1.1373334e+00
 MIN: Iter =    9  NFunc =   109  E =     -55.08152  RMSG = 2.6901069e+00
 MIN: Iter =   10  NFunc =   115  E =     -55.24862  RMSG = 2.6724386e-01
 MIN: Iter =   11  NFunc =   122  E =     -55.31150  RMSG = 8.6837533e-01
 MIN: Iter =   12  NFunc =   128  E =     -55.37142  RMSG = 6.9397102e-01
 MIN: Iter =   13  NFunc =   135  E =     -55.40992  RMSG = 4.2404860e-01
 MIN: Iter =   14  NFunc =   141  E =     -55.42082  RMSG = 1.6483224e-01
 MIN: Iter =   15  NFunc =   149  E =     -55.42632  RMSG = 1.0679486e-01
 MIN: Iter =   16  NFunc =   155  E =     -55.42832  RMSG = 7.4851956e-02
 MIN: Iter =   17  NFunc =   195  E =     -55.45500  RMSG = 4.3283730e-01
 MIN: Iter =   18  NFunc =   201  E =     -55.47788  RMSG = 8.2024721e-01
 MIN: Iter =   19  NFunc =   207  E =     -55.51309  RMSG = 2.7670267e-01
 MIN: Iter =   20  NFunc =   215  E =     -55.53504  RMSG = 5.1366875e-01
 MIN: Iter =   21  NFunc =   221  E =     -55.56761  RMSG = 5.7510190e-01
 MIN: Iter =   22  NFunc =   227  E =     -55.59635  RMSG = 4.7481332e-01
 MIN: Iter =   23  NFunc =   241  E =     -55.62693  RMSG = 5.6379559e-01
 MIN: Iter =   24  NFunc =   250  E =     -55.67092  RMSG = 6.8415392e-01
 MIN: Iter =   25  NFunc =   256  E =     -55.72198  RMSG = 1.0826032e+00
 MIN: Iter =   26  NFunc =   262  E =     -55.78313  RMSG = 4.9442375e-01
 MIN: Iter =   27  NFunc =   269  E =     -55.81932  RMSG = 6.1320488e-01
 MIN: Iter =   28  NFunc =   276  E =     -55.87298  RMSG = 8.2469625e-01
 MIN: Iter =   29  NFunc =   283  E =     -55.96556  RMSG = 1.7331185e+00
 MIN: Iter =   30  NFunc =   289  E =     -56.11210  RMSG = 5.5908536e-01
 MIN: Iter =   31  NFunc =   296  E =     -56.17885  RMSG = 1.8632415e+00
 MIN: Iter =   32  NFunc =   302  E =     -56.30232  RMSG = 3.9802699e-01
 MIN: Iter =   33  NFunc =   309  E =     -56.34309  RMSG = 4.9228779e-01
 MIN: Iter =   34  NFunc =   315  E =     -56.37931  RMSG = 1.3395791e+00
 MIN: Iter =   35  NFunc =   321  E =     -56.42976  RMSG = 1.5755039e-01
 MIN: Iter =   36  NFunc =   328  E =     -56.43975  RMSG = 2.0449918e-01
 MIN: Iter =   37  NFunc =   334  E =     -56.44570  RMSG = 1.3750885e-01
 MIN: Iter =   38  NFunc =   345  E =     -56.44863  RMSG = 4.4598629e-02
 MIN: Iter =   39  NFunc =   351  E =     -56.44897  RMSG = 3.1128748e-02
 MIN: Iter =   40  NFunc =   360  E =     -56.44931  RMSG = 2.2136719e-02
 MIN: Iter =   41  NFunc =   366  E =     -56.44935  RMSG = 1.3154341e-02
 MIN: Iter =   42  NFunc =   412  E =     -56.44998  RMSG = 7.7019960e-02
 MIN: Iter =   43  NFunc =   418  E =     -56.45066  RMSG = 6.2392833e-02
 MIN: Iter =   44  NFunc =   424  E =     -56.45124  RMSG = 7.8414332e-02
 MIN: Iter =   45  NFunc =   430  E =     -56.45179  RMSG = 3.6945823e-02
 MIN: Iter =   46  NFunc =   436  E =     -56.45206  RMSG = 9.7806704e-02
 MIN: Iter =   47  NFunc =   442  E =     -56.45253  RMSG = 1.7236280e-02
 MIN: Iter =   48  NFunc =   449  E =     -56.45269  RMSG = 3.1272421e-02
 MIN: Iter =   49  NFunc =   455  E =     -56.45287  RMSG = 4.2366077e-02
 MIN: Iter =   50  NFunc =   461  E =     -56.45301  RMSG = 1.6974627e-02
 MIN: Iter =   51  NFunc =   468  E =     -56.45307  RMSG = 1.6750008e-02
 MIN: Iter =   52  NFunc =   474  E =     -56.45314  RMSG = 2.3332124e-02
 MIN: Iter =   53  NFunc =   503  E =     -56.45353  RMSG = 2.4925721e-02
 MIN: Iter =   54  NFunc =   510  E =     -56.45358  RMSG = 1.0830355e-02
 MIN: Iter =   55  NFunc =   525  E =     -56.45364  RMSG = 1.9138502e-02
 MIN: Iter =   56  NFunc =   533  E =     -56.45366  RMSG = 4.6962765e-03
 MIN: Iter =   57  NFunc =   543  E =     -56.45367  RMSG = 1.6279352e-03
 MIN: Iter =   58  NFunc =   559  E =     -56.45367  RMSG = 4.7308061e-04
----------------------------------------------------------------
 END:          :-)  E =     -56.45367  RMSG =   0.0004731

     bond:      1.378508282
    angle:      4.811943912
 dihedral:     25.605920294
    enb14:     -0.251783437
    eel14:     46.433216547
      enb:     -0.705264639
      eel:   -110.331002719
      egb:    -23.395205366
    econs:      0.000000000
    esurf:      0.000000000
    Total:    -56.453667125
     frms:      0.000473081
====== rms.dat  ======================================================
#Frame      all_heavy
       1       1.0323
