====== tleap.out =====================================================
-I: Adding /home/case/amber24/dat/leap/prep to search path.
-I: Adding /home/case/amber24/dat/leap/lib to search path.
-I: Adding /home/case/amber24/dat/leap/parm to search path.
-I: Adding /home/case/amber24/dat/leap/cmd to search path.
-f: Source leap.in.

Welcome to LEaP!
(no leaprc in search path)
Sourcing: ./leap.in
Using Bondi radii
----- Source: /home/case/amber24/dat/leap/cmd/leaprc.gaff2
----- Source of /home/case/amber24/dat/leap/cmd/leaprc.gaff2 done
Log file: ./leap.log
Loading parameters: /home/case/amber24/dat/leap/parm/gaff2.dat
Reading title:
AMBER General Force Field for organic molecules (Version 2.2.20, March 2021)
Loading parameters: ./E8B.frcmod
Reading force field modification type file (frcmod)
Reading title:
Remark line goes here
Loading Mol2 file: ./E8B.mol2
Reading MOLECULE named E8B
Checking Unit.
Building topology.
"order_residues" off: keep input residue order.
Building atom parameters.
Building bond parameters.
Building angle parameters.
Building proper torsion parameters.
Building improper torsion parameters.
 total 14 improper torsions applied
Building H-Bond parameters.
Incorporating Non-Bonded adjustments.
Not Marking per-residue atom chain types.
Marking per-residue atom chain types.
  (Residues lacking connect0/connect1 - 
   these don't have chain types marked:

	res	total affected

	E8B	1
  )
 (no restraints)
	Quit

Exiting LEaP: Errors = 0; Warnings = 0; Notes = 0.
====== min.o =========================================================
Reading parm file (E8B.parm7)
title:
E8B                                                                             
no velocities were found
no velocities were found
	mm_options:  ntpr=5
	mm_options:  gb=1
	mm_options:  kappa=0.10395
	mm_options:  rgbmax=99.
	mm_options:  cut=99.0
	mm_options:  wcons=0.
     bond:      0.950843185
    angle:      2.501847347
 dihedral:     21.273177712
    enb14:     10.396535267
    eel14:    -29.211474565
      enb:      0.547959535
      eel:      9.263145482
      egb:    -16.851907847
    econs:      0.000000000
    esurf:      0.000000000
    Total:     -1.129873883
     frms:      5.120513488
Starting TNCG minimisation
 MIN: Iter =    0  NFunc =     1  E =      -1.12987  RMSG = 5.1205135e+00
 MIN: Iter =    1  NFunc =     7  E =      -5.28853  RMSG = 2.3542800e+00
 MIN: Iter =    2  NFunc =    18  E =      -7.35377  RMSG = 9.9764300e-01
 MIN: Iter =    3  NFunc =    27  E =      -7.75074  RMSG = 4.8915336e-01
 MIN: Iter =    4  NFunc =    74  E =      -8.20621  RMSG = 1.4388133e+00
 MIN: Iter =    5  NFunc =    80  E =      -8.40646  RMSG = 3.5402213e-01
 MIN: Iter =    6  NFunc =   103  E =      -8.62029  RMSG = 1.1782156e+00
 MIN: Iter =    7  NFunc =   109  E =      -8.77425  RMSG = 3.1684397e-01
 MIN: Iter =    8  NFunc =   121  E =      -8.87355  RMSG = 3.4052988e-01
 MIN: Iter =    9  NFunc =   127  E =      -8.93288  RMSG = 2.8469074e-01
 MIN: Iter =   10  NFunc =   140  E =      -8.98175  RMSG = 3.9336111e-01
 MIN: Iter =   11  NFunc =   153  E =      -9.01771  RMSG = 1.7535094e-01
 MIN: Iter =   12  NFunc =   168  E =      -9.04656  RMSG = 2.3675720e-01
 MIN: Iter =   13  NFunc =   179  E =      -9.08403  RMSG = 4.4380535e-01
 MIN: Iter =   14  NFunc =   185  E =      -9.11301  RMSG = 1.3932396e-01
 MIN: Iter =   15  NFunc =   200  E =      -9.13881  RMSG = 2.0528612e-01
 MIN: Iter =   16  NFunc =   207  E =      -9.16769  RMSG = 2.8649728e-01
 MIN: Iter =   17  NFunc =   216  E =      -9.19333  RMSG = 1.7012289e-01
 MIN: Iter =   18  NFunc =   227  E =      -9.20797  RMSG = 1.9762048e-01
 MIN: Iter =   19  NFunc =   236  E =      -9.21607  RMSG = 6.2529703e-02
 MIN: Iter =   20  NFunc =   242  E =      -9.21932  RMSG = 8.3004046e-02
 MIN: Iter =   21  NFunc =   293  E =      -9.23770  RMSG = 2.4495589e-01
 MIN: Iter =   22  NFunc =   299  E =      -9.24258  RMSG = 4.6781415e-02
 MIN: Iter =   23  NFunc =   312  E =      -9.24520  RMSG = 3.5595833e-02
 MIN: Iter =   24  NFunc =   332  E =      -9.24779  RMSG = 2.9123335e-02
 MIN: Iter =   25  NFunc =   371  E =      -9.25268  RMSG = 1.0864106e-01
 MIN: Iter =   26  NFunc =   377  E =      -9.25399  RMSG = 2.8288198e-02
 MIN: Iter =   27  NFunc =   422  E =      -9.25594  RMSG = 3.5093335e-02
 MIN: Iter =   28  NFunc =   473  E =      -9.25733  RMSG = 2.0847847e-02
 MIN: Iter =   29  NFunc =   491  E =      -9.25771  RMSG = 1.0117712e-02
 MIN: Iter =   30  NFunc =   509  E =      -9.25790  RMSG = 8.3286851e-03
 MIN: Iter =   31  NFunc =   549  E =      -9.25803  RMSG = 4.4594102e-03
 MIN: Iter =   32  NFunc =   600  E =      -9.25822  RMSG = 8.4609500e-03
 MIN: Iter =   33  NFunc =   632  E =      -9.25829  RMSG = 2.8027094e-03
 MIN: Iter =   34  NFunc =   655  E =      -9.25831  RMSG = 1.5218222e-03
 MIN: Iter =   35  NFunc =   676  E =      -9.25831  RMSG = 1.4822378e-03
 MIN: Iter =   36  NFunc =   727  E =      -9.25834  RMSG = 2.1148468e-03
 MIN: Iter =   37  NFunc =   753  E =      -9.25834  RMSG = 8.6779711e-04
 MIN: Iter =   38  NFunc =   765  E =      -9.25834  RMSG = 5.5068222e-04
 MIN: Iter =   39  NFunc =   798  E =      -9.25834  RMSG = 3.4299318e-04
----------------------------------------------------------------
 END:          :-)  E =      -9.25834  RMSG =   0.0003430

     bond:      0.849489429
    angle:      2.334502912
 dihedral:     19.751800229
    enb14:      7.211610653
    eel14:    -28.999709379
      enb:     -1.928754630
      eel:     10.430034745
      egb:    -18.907318887
    econs:      0.000000000
    esurf:      0.000000000
    Total:     -9.258344928
     frms:      0.000342993
====== rms.dat  ======================================================
#Frame      all_heavy
       1       0.3610
