====== tleap.out =====================================================
-I: Adding /home/case/amber24/dat/leap/prep to search path.
-I: Adding /home/case/amber24/dat/leap/lib to search path.
-I: Adding /home/case/amber24/dat/leap/parm to search path.
-I: Adding /home/case/amber24/dat/leap/cmd to search path.
-f: Source leap.in.

Welcome to LEaP!
(no leaprc in search path)
Sourcing: ./leap.in
Using Bondi radii
----- Source: /home/case/amber24/dat/leap/cmd/leaprc.gaff2
----- Source of /home/case/amber24/dat/leap/cmd/leaprc.gaff2 done
Log file: ./leap.log
Loading parameters: /home/case/amber24/dat/leap/parm/gaff2.dat
Reading title:
AMBER General Force Field for organic molecules (Version 2.2.20, March 2021)
Loading parameters: ./ECK.frcmod
Reading force field modification type file (frcmod)
Reading title:
Remark line goes here
Loading Mol2 file: ./ECK.mol2
Reading MOLECULE named ECK
Checking Unit.
Building topology.
"order_residues" off: keep input residue order.
Building atom parameters.
Building bond parameters.
Building angle parameters.
Building proper torsion parameters.
Building improper torsion parameters.
 total 2 improper torsions applied
Building H-Bond parameters.
Incorporating Non-Bonded adjustments.
Not Marking per-residue atom chain types.
Marking per-residue atom chain types.
  (Residues lacking connect0/connect1 - 
   these don't have chain types marked:

	res	total affected

	ECK	1
  )
 (no restraints)
	Quit

Exiting LEaP: Errors = 0; Warnings = 0; Notes = 0.
====== min.o =========================================================
Reading parm file (ECK.parm7)
title:
ECK                                                                             
no velocities were found
no velocities were found
	mm_options:  ntpr=5
	mm_options:  gb=1
	mm_options:  kappa=0.10395
	mm_options:  rgbmax=99.
	mm_options:  cut=99.0
	mm_options:  wcons=0.
     bond:      1.380839648
    angle:     10.056825503
 dihedral:     14.448546293
    enb14:     33.134336671
    eel14:    -49.375435803
      enb:     -1.758016277
      eel:     15.281020354
      egb:    -10.669198445
    econs:      0.000000000
    esurf:      0.000000000
    Total:     12.498917943
     frms:      7.041791139
Starting TNCG minimisation
 MIN: Iter =    0  NFunc =     1  E =      12.49892  RMSG = 7.0417911e+00
 MIN: Iter =    1  NFunc =     7  E =      -0.05303  RMSG = 2.1986383e+00
 MIN: Iter =    2  NFunc =    20  E =      -4.02383  RMSG = 8.9460772e-01
 MIN: Iter =    3  NFunc =    27  E =      -4.57229  RMSG = 5.0696010e-01
 MIN: Iter =    4  NFunc =    37  E =      -4.83950  RMSG = 2.3640783e-01
 MIN: Iter =    5  NFunc =    84  E =      -5.26709  RMSG = 4.1781319e-01
 MIN: Iter =    6  NFunc =   105  E =      -5.44333  RMSG = 2.1718901e-01
 MIN: Iter =    7  NFunc =   113  E =      -5.48229  RMSG = 1.2153089e-01
 MIN: Iter =    8  NFunc =   123  E =      -5.51050  RMSG = 8.9937844e-02
 MIN: Iter =    9  NFunc =   137  E =      -5.52498  RMSG = 4.9281328e-02
 MIN: Iter =   10  NFunc =   181  E =      -5.54901  RMSG = 9.5904898e-02
 MIN: Iter =   11  NFunc =   189  E =      -5.55218  RMSG = 2.7410145e-02
 MIN: Iter =   12  NFunc =   219  E =      -5.55687  RMSG = 1.9684623e-02
 MIN: Iter =   13  NFunc =   265  E =      -5.56029  RMSG = 1.4357954e-02
 MIN: Iter =   14  NFunc =   294  E =      -5.56135  RMSG = 8.8559560e-03
 MIN: Iter =   15  NFunc =   314  E =      -5.56154  RMSG = 4.0599511e-03
 MIN: Iter =   16  NFunc =   365  E =      -5.56166  RMSG = 3.2392473e-03
 MIN: Iter =   17  NFunc =   397  E =      -5.56173  RMSG = 1.8268959e-03
 MIN: Iter =   18  NFunc =   416  E =      -5.56174  RMSG = 1.0664979e-03
 MIN: Iter =   19  NFunc =   437  E =      -5.56174  RMSG = 5.0468954e-04
 MIN: Iter =   20  NFunc =   456  E =      -5.56174  RMSG = 2.9002005e-04
----------------------------------------------------------------
 END:          :-)  E =      -5.56174  RMSG =   0.0002900

     bond:      5.979405819
    angle:      9.776714730
 dihedral:     13.079216025
    enb14:     19.109318631
    eel14:    -49.233021932
      enb:     -8.137961709
      eel:     15.431853135
      egb:    -11.567267259
    econs:      0.000000000
    esurf:      0.000000000
    Total:     -5.561742560
     frms:      0.000290020
====== rms.dat  ======================================================
#Frame      all_heavy
       1       0.2200
