====== tleap.out =====================================================
-I: Adding /home/case/amber24/dat/leap/prep to search path.
-I: Adding /home/case/amber24/dat/leap/lib to search path.
-I: Adding /home/case/amber24/dat/leap/parm to search path.
-I: Adding /home/case/amber24/dat/leap/cmd to search path.
-f: Source leap.in.

Welcome to LEaP!
(no leaprc in search path)
Sourcing: ./leap.in
Using Bondi radii
----- Source: /home/case/amber24/dat/leap/cmd/leaprc.gaff2
----- Source of /home/case/amber24/dat/leap/cmd/leaprc.gaff2 done
Log file: ./leap.log
Loading parameters: /home/case/amber24/dat/leap/parm/gaff2.dat
Reading title:
AMBER General Force Field for organic molecules (Version 2.2.20, March 2021)
Loading parameters: ./EJN.frcmod
Reading force field modification type file (frcmod)
Reading title:
Remark line goes here
Loading Mol2 file: ./EJN.mol2
Reading MOLECULE named EJN
Checking Unit.
Building topology.
"order_residues" off: keep input residue order.
Building atom parameters.
Building bond parameters.
Building angle parameters.
Building proper torsion parameters.
Building improper torsion parameters.
 total 12 improper torsions applied
Building H-Bond parameters.
Incorporating Non-Bonded adjustments.
Not Marking per-residue atom chain types.
Marking per-residue atom chain types.
  (Residues lacking connect0/connect1 - 
   these don't have chain types marked:

	res	total affected

	EJN	1
  )
 (no restraints)
	Quit

Exiting LEaP: Errors = 0; Warnings = 0; Notes = 0.
====== min.o =========================================================
Reading parm file (EJN.parm7)
title:
EJN                                                                             
no velocities were found
no velocities were found
	mm_options:  ntpr=5
	mm_options:  gb=1
	mm_options:  kappa=0.10395
	mm_options:  rgbmax=99.
	mm_options:  cut=99.0
	mm_options:  wcons=0.
     bond:      3.427281770
    angle:      4.229682382
 dihedral:     23.584173127
    enb14:     16.352255417
    eel14:    153.321658440
      enb:     -3.962693091
      eel:    -95.737920321
      egb:    -31.157978570
    econs:      0.000000000
    esurf:      0.000000000
    Total:     70.056459155
     frms:      9.364032405
Starting TNCG minimisation
 MIN: Iter =    0  NFunc =     1  E =      70.05646  RMSG = 9.3640324e+00
 MIN: Iter =    1  NFunc =     7  E =      57.02177  RMSG = 2.8258860e+00
 MIN: Iter =    2  NFunc =    13  E =      55.02246  RMSG = 1.3612004e+00
 MIN: Iter =    3  NFunc =    24  E =      54.08149  RMSG = 1.0703896e+00
 MIN: Iter =    4  NFunc =    31  E =      53.85211  RMSG = 5.4288189e-01
 MIN: Iter =    5  NFunc =    50  E =      53.61217  RMSG = 1.3665751e+00
 MIN: Iter =    6  NFunc =    56  E =      53.45792  RMSG = 5.4837231e-01
 MIN: Iter =    7  NFunc =    62  E =      53.33623  RMSG = 1.1782967e+00
 MIN: Iter =    8  NFunc =    68  E =      53.23105  RMSG = 4.1370817e-01
 MIN: Iter =    9  NFunc =    98  E =      53.11209  RMSG = 2.1309915e+00
 MIN: Iter =   10  NFunc =   104  E =      52.86946  RMSG = 5.6392117e-01
 MIN: Iter =   11  NFunc =   124  E =      52.67911  RMSG = 2.4802479e+00
 MIN: Iter =   12  NFunc =   130  E =      52.31769  RMSG = 6.3949587e-01
 MIN: Iter =   13  NFunc =   164  E =      52.04470  RMSG = 2.9257663e+00
 MIN: Iter =   14  NFunc =   170  E =      51.54022  RMSG = 8.0116904e-01
 MIN: Iter =   15  NFunc =   177  E =      51.26060  RMSG = 1.2152201e+00
 MIN: Iter =   16  NFunc =   183  E =      50.96862  RMSG = 2.3132436e+00
 MIN: Iter =   17  NFunc =   189  E =      50.70075  RMSG = 4.0875525e-01
 MIN: Iter =   18  NFunc =   195  E =      50.61222  RMSG = 8.9689729e-01
 MIN: Iter =   19  NFunc =   210  E =      50.50907  RMSG = 6.8858438e-01
 MIN: Iter =   20  NFunc =   216  E =      50.48025  RMSG = 1.5688353e-01
 MIN: Iter =   21  NFunc =   260  E =      50.38903  RMSG = 3.5973892e-01
 MIN: Iter =   22  NFunc =   266  E =      50.36429  RMSG = 1.1232385e-01
 MIN: Iter =   23  NFunc =   286  E =      50.34182  RMSG = 1.7763796e-01
 MIN: Iter =   24  NFunc =   292  E =      50.33564  RMSG = 7.0648226e-02
 MIN: Iter =   25  NFunc =   302  E =      50.33155  RMSG = 4.1633049e-02
 MIN: Iter =   26  NFunc =   353  E =      50.32113  RMSG = 5.4070976e-02
 MIN: Iter =   27  NFunc =   373  E =      50.31906  RMSG = 1.9442872e-02
 MIN: Iter =   28  NFunc =   392  E =      50.31868  RMSG = 9.4704178e-03
 MIN: Iter =   29  NFunc =   405  E =      50.31856  RMSG = 7.2808145e-03
 MIN: Iter =   30  NFunc =   456  E =      50.31836  RMSG = 6.7181718e-03
 MIN: Iter =   31  NFunc =   463  E =      50.31834  RMSG = 3.7380183e-03
 MIN: Iter =   32  NFunc =   482  E =      50.31831  RMSG = 2.3728072e-03
 MIN: Iter =   33  NFunc =   499  E =      50.31830  RMSG = 1.1132575e-03
 MIN: Iter =   34  NFunc =   531  E =      50.31830  RMSG = 6.2388840e-04
 MIN: Iter =   35  NFunc =   559  E =      50.31830  RMSG = 3.4719611e-04
----------------------------------------------------------------
 END:          :-)  E =      50.31830  RMSG =   0.0003472

     bond:      2.541820637
    angle:      2.609558100
 dihedral:     21.075125973
    enb14:     11.052372910
    eel14:    151.427194948
      enb:     -3.733631487
      eel:   -104.239886497
      egb:    -30.414258817
    econs:      0.000000000
    esurf:      0.000000000
    Total:     50.318295769
     frms:      0.000347196
====== rms.dat  ======================================================
#Frame      all_heavy
       1       0.4348
