====== tleap.out =====================================================
-I: Adding /home/case/amber24/dat/leap/prep to search path.
-I: Adding /home/case/amber24/dat/leap/lib to search path.
-I: Adding /home/case/amber24/dat/leap/parm to search path.
-I: Adding /home/case/amber24/dat/leap/cmd to search path.
-f: Source leap.in.

Welcome to LEaP!
(no leaprc in search path)
Sourcing: ./leap.in
Using Bondi radii
----- Source: /home/case/amber24/dat/leap/cmd/leaprc.gaff2
----- Source of /home/case/amber24/dat/leap/cmd/leaprc.gaff2 done
Log file: ./leap.log
Loading parameters: /home/case/amber24/dat/leap/parm/gaff2.dat
Reading title:
AMBER General Force Field for organic molecules (Version 2.2.20, March 2021)
Loading parameters: ./EN2.frcmod
Reading force field modification type file (frcmod)
Reading title:
Remark line goes here
Loading Mol2 file: ./EN2.mol2
Reading MOLECULE named EN2
Checking Unit.
Building topology.
"order_residues" off: keep input residue order.
Building atom parameters.
Building bond parameters.
Building angle parameters.
Building proper torsion parameters.
Building improper torsion parameters.
 total 16 improper torsions applied
Building H-Bond parameters.
Incorporating Non-Bonded adjustments.
Not Marking per-residue atom chain types.
Marking per-residue atom chain types.
  (Residues lacking connect0/connect1 - 
   these don't have chain types marked:

	res	total affected

	EN2	1
  )
 (no restraints)
	Quit

Exiting LEaP: Errors = 0; Warnings = 0; Notes = 0.
====== min.o =========================================================
Reading parm file (EN2.parm7)
title:
EN2                                                                             
no velocities were found
no velocities were found
	mm_options:  ntpr=5
	mm_options:  gb=1
	mm_options:  kappa=0.10395
	mm_options:  rgbmax=99.
	mm_options:  cut=99.0
	mm_options:  wcons=0.
     bond:      2.688373020
    angle:      3.795417661
 dihedral:     15.745943474
    enb14:     12.631574533
    eel14:    -78.045119367
      enb:     -1.782627756
      eel:    -14.691295656
      egb:    -33.315071985
    econs:      0.000000000
    esurf:      0.000000000
    Total:    -92.972806076
     frms:      8.575933246
Starting TNCG minimisation
 MIN: Iter =    0  NFunc =     1  E =     -92.97281  RMSG = 8.5759332e+00
 MIN: Iter =    1  NFunc =     7  E =     -99.40554  RMSG = 2.0125509e+00
 MIN: Iter =    2  NFunc =    22  E =    -101.92098  RMSG = 1.6154192e+00
 MIN: Iter =    3  NFunc =    30  E =    -102.78542  RMSG = 9.4614553e-01
 MIN: Iter =    4  NFunc =    48  E =    -103.34874  RMSG = 9.5865888e-01
 MIN: Iter =    5  NFunc =    58  E =    -103.62172  RMSG = 5.4646306e-01
 MIN: Iter =    6  NFunc =    64  E =    -103.69397  RMSG = 2.9830440e-01
 MIN: Iter =    7  NFunc =    81  E =    -103.75596  RMSG = 1.8243947e-01
 MIN: Iter =    8  NFunc =    95  E =    -103.78073  RMSG = 1.1225723e-01
 MIN: Iter =    9  NFunc =   112  E =    -103.78895  RMSG = 5.8537035e-02
 MIN: Iter =   10  NFunc =   136  E =    -103.79189  RMSG = 2.5891310e-02
 MIN: Iter =   11  NFunc =   147  E =    -103.79223  RMSG = 1.5560358e-02
 MIN: Iter =   12  NFunc =   198  E =    -103.79538  RMSG = 4.7015382e-02
 MIN: Iter =   13  NFunc =   243  E =    -103.80105  RMSG = 1.0190101e-01
 MIN: Iter =   14  NFunc =   253  E =    -103.80520  RMSG = 6.4566233e-02
 MIN: Iter =   15  NFunc =   260  E =    -103.80765  RMSG = 6.2993711e-02
 MIN: Iter =   16  NFunc =   297  E =    -103.81198  RMSG = 1.8268456e-01
 MIN: Iter =   17  NFunc =   303  E =    -103.81593  RMSG = 5.4521890e-02
 MIN: Iter =   18  NFunc =   344  E =    -103.82048  RMSG = 9.2821912e-02
 MIN: Iter =   19  NFunc =   356  E =    -103.82531  RMSG = 8.0435164e-02
 MIN: Iter =   20  NFunc =   368  E =    -103.82952  RMSG = 8.3060303e-02
 MIN: Iter =   21  NFunc =   376  E =    -103.83150  RMSG = 4.3977956e-02
 MIN: Iter =   22  NFunc =   382  E =    -103.83261  RMSG = 5.0487236e-02
 MIN: Iter =   23  NFunc =   416  E =    -103.83564  RMSG = 9.9670266e-02
 MIN: Iter =   24  NFunc =   424  E =    -103.83738  RMSG = 2.6779735e-02
 MIN: Iter =   25  NFunc =   451  E =    -103.83842  RMSG = 3.9255295e-02
 MIN: Iter =   26  NFunc =   459  E =    -103.83890  RMSG = 1.9737386e-02
 MIN: Iter =   27  NFunc =   479  E =    -103.83957  RMSG = 2.8234426e-02
 MIN: Iter =   28  NFunc =   486  E =    -103.83969  RMSG = 8.4387263e-03
 MIN: Iter =   29  NFunc =   537  E =    -103.84010  RMSG = 3.6942780e-02
 MIN: Iter =   30  NFunc =   543  E =    -103.84026  RMSG = 1.0508151e-02
 MIN: Iter =   31  NFunc =   558  E =    -103.84040  RMSG = 8.7890568e-03
 MIN: Iter =   32  NFunc =   582  E =    -103.84071  RMSG = 1.6069973e-02
 MIN: Iter =   33  NFunc =   590  E =    -103.84076  RMSG = 6.3220614e-03
 MIN: Iter =   34  NFunc =   641  E =    -103.84103  RMSG = 3.0644962e-02
 MIN: Iter =   35  NFunc =   647  E =    -103.84115  RMSG = 7.5996641e-03
 MIN: Iter =   36  NFunc =   698  E =    -103.84145  RMSG = 2.1367408e-02
 MIN: Iter =   37  NFunc =   704  E =    -103.84150  RMSG = 6.4362358e-03
 MIN: Iter =   38  NFunc =   755  E =    -103.84177  RMSG = 3.0234511e-02
 MIN: Iter =   39  NFunc =   761  E =    -103.84190  RMSG = 6.1847151e-03
 MIN: Iter =   40  NFunc =   802  E =    -103.84208  RMSG = 1.6809523e-02
 MIN: Iter =   41  NFunc =   808  E =    -103.84211  RMSG = 3.9834794e-03
 MIN: Iter =   42  NFunc =   819  E =    -103.84212  RMSG = 2.3691661e-03
 MIN: Iter =   43  NFunc =   835  E =    -103.84213  RMSG = 1.8547428e-03
 MIN: Iter =   44  NFunc =   882  E =    -103.84215  RMSG = 1.4083638e-03
 MIN: Iter =   45  NFunc =   933  E =    -103.84216  RMSG = 2.3773511e-03
 MIN: Iter =   46  NFunc =   959  E =    -103.84218  RMSG = 1.4698939e-03
 MIN: Iter =   47  NFunc =   993  E =    -103.84220  RMSG = 2.9275658e-03
 MIN: Iter =   48  NFunc =  1040  E =    -103.84222  RMSG = 2.2389216e-03
 MIN: Iter =   49  NFunc =  1065  E =    -103.84222  RMSG = 6.9607229e-04
 MIN: Iter =   50  NFunc =  1104  E =    -103.84223  RMSG = 8.6446552e-04
 MIN: Iter =   51  NFunc =  1155  E =    -103.84225  RMSG = 3.0661798e-03
 MIN: Iter =   52  NFunc =  1170  E =    -103.84226  RMSG = 1.5842944e-03
 MIN: Iter =   53  NFunc =  1221  E =    -103.84227  RMSG = 1.2005103e-03
 MIN: Iter =   54  NFunc =  1236  E =    -103.84227  RMSG = 8.4166459e-04
 MIN: Iter =   55  NFunc =  1245  E =    -103.84227  RMSG = 5.7765779e-04
 MIN: Iter =   56  NFunc =  1292  E =    -103.84227  RMSG = 2.6792760e-04
----------------------------------------------------------------
 END:          :-)  E =    -103.84227  RMSG =   0.0002679

     bond:      1.052272153
    angle:      2.453236110
 dihedral:     10.606260556
    enb14:      9.331431022
    eel14:    -78.335269208
      enb:     -2.104740127
      eel:    -12.494307675
      egb:    -34.351150395
    econs:      0.000000000
    esurf:      0.000000000
    Total:   -103.842267564
     frms:      0.000267928
====== rms.dat  ======================================================
#Frame      all_heavy
       1       0.3847
