====== tleap.out =====================================================
-I: Adding /home/case/amber24/dat/leap/prep to search path.
-I: Adding /home/case/amber24/dat/leap/lib to search path.
-I: Adding /home/case/amber24/dat/leap/parm to search path.
-I: Adding /home/case/amber24/dat/leap/cmd to search path.
-f: Source leap.in.

Welcome to LEaP!
(no leaprc in search path)
Sourcing: ./leap.in
Using Bondi radii
----- Source: /home/case/amber24/dat/leap/cmd/leaprc.gaff2
----- Source of /home/case/amber24/dat/leap/cmd/leaprc.gaff2 done
Log file: ./leap.log
Loading parameters: /home/case/amber24/dat/leap/parm/gaff2.dat
Reading title:
AMBER General Force Field for organic molecules (Version 2.2.20, March 2021)
Loading parameters: ./ETD.frcmod
Reading force field modification type file (frcmod)
Reading title:
Remark line goes here
Loading Mol2 file: ./ETD.mol2
Reading MOLECULE named ETD
Checking Unit.
Building topology.
"order_residues" off: keep input residue order.
Building atom parameters.
Building bond parameters.
Building angle parameters.
Building proper torsion parameters.
Building improper torsion parameters.
 total 0 improper torsions applied
Building H-Bond parameters.
Incorporating Non-Bonded adjustments.
Not Marking per-residue atom chain types.
Marking per-residue atom chain types.
  (Residues lacking connect0/connect1 - 
   these don't have chain types marked:

	res	total affected

	ETD	1
  )
 (no restraints)
	Quit

Exiting LEaP: Errors = 0; Warnings = 0; Notes = 0.
====== min.o =========================================================
Reading parm file (ETD.parm7)
title:
ETD                                                                             
no velocities were found
no velocities were found
	mm_options:  ntpr=5
	mm_options:  gb=1
	mm_options:  kappa=0.10395
	mm_options:  rgbmax=99.
	mm_options:  cut=99.0
	mm_options:  wcons=0.
     bond:      0.062638562
    angle:      0.010050317
 dihedral:      0.000000000
    enb14:     -0.005861349
    eel14:      5.190194541
      enb:      0.000000000
      eel:      0.000000000
      egb:     -4.700850840
    econs:      0.000000000
    esurf:      0.000000000
    Total:      0.556171231
     frms:      4.854106495
Starting TNCG minimisation
 MIN: Iter =    0  NFunc =     1  E =       0.55617  RMSG = 4.8541065e+00
 MIN: Iter =    1  NFunc =     5  E =       0.40403  RMSG = 8.9165208e-02
 MIN: Iter =    2  NFunc =    11  E =       0.40394  RMSG = 6.7608578e-05
----------------------------------------------------------------
 END:          :-)  E =       0.40394  RMSG =   0.0000676

     bond:      0.046285086
    angle:      0.000004376
 dihedral:      0.000000000
    enb14:     -0.005664427
    eel14:      5.147854092
      enb:      0.000000000
      eel:      0.000000000
      egb:     -4.784535113
    econs:      0.000000000
    esurf:      0.000000000
    Total:      0.403944014
     frms:      0.000067609
====== rms.dat  ======================================================
