====== tleap.out =====================================================
-I: Adding /home/case/amber24/dat/leap/prep to search path.
-I: Adding /home/case/amber24/dat/leap/lib to search path.
-I: Adding /home/case/amber24/dat/leap/parm to search path.
-I: Adding /home/case/amber24/dat/leap/cmd to search path.
-f: Source leap.in.

Welcome to LEaP!
(no leaprc in search path)
Sourcing: ./leap.in
Using Bondi radii
----- Source: /home/case/amber24/dat/leap/cmd/leaprc.gaff2
----- Source of /home/case/amber24/dat/leap/cmd/leaprc.gaff2 done
Log file: ./leap.log
Loading parameters: /home/case/amber24/dat/leap/parm/gaff2.dat
Reading title:
AMBER General Force Field for organic molecules (Version 2.2.20, March 2021)
Loading parameters: ./ETL.frcmod
Reading force field modification type file (frcmod)
Reading title:
Remark line goes here
Loading Mol2 file: ./ETL.mol2
Reading MOLECULE named ETL
Checking Unit.
Building topology.
"order_residues" off: keep input residue order.
Building atom parameters.
Building bond parameters.
Building angle parameters.
Building proper torsion parameters.
Building improper torsion parameters.
 total 17 improper torsions applied
Building H-Bond parameters.
Incorporating Non-Bonded adjustments.
Not Marking per-residue atom chain types.
Marking per-residue atom chain types.
  (Residues lacking connect0/connect1 - 
   these don't have chain types marked:

	res	total affected

	ETL	1
  )
 (no restraints)
	Quit

Exiting LEaP: Errors = 0; Warnings = 0; Notes = 0.
====== min.o =========================================================
Reading parm file (ETL.parm7)
title:
ETL                                                                             
no velocities were found
no velocities were found
	mm_options:  ntpr=5
	mm_options:  gb=1
	mm_options:  kappa=0.10395
	mm_options:  rgbmax=99.
	mm_options:  cut=99.0
	mm_options:  wcons=0.
     bond:      3.026341972
    angle:     34.152864746
 dihedral:     33.177952099
    enb14:     13.849688394
    eel14:     25.952357467
      enb:      0.089917043
      eel:    -50.455103192
      egb:    -28.785684335
    econs:      0.000000000
    esurf:      0.000000000
    Total:     31.008334193
     frms:     12.852976172
Starting TNCG minimisation
 MIN: Iter =    0  NFunc =     1  E =      31.00833  RMSG = 1.2852976e+01
 MIN: Iter =    1  NFunc =     7  E =      17.04155  RMSG = 2.9064825e+00
 MIN: Iter =    2  NFunc =    15  E =      13.64794  RMSG = 1.4578204e+00
 MIN: Iter =    3  NFunc =    28  E =      12.35544  RMSG = 6.8374235e-01
 MIN: Iter =    4  NFunc =    45  E =      11.88677  RMSG = 4.1688976e-01
 MIN: Iter =    5  NFunc =    65  E =      11.65710  RMSG = 3.5647497e-01
 MIN: Iter =    6  NFunc =   116  E =      11.33660  RMSG = 4.9817961e-01
 MIN: Iter =    7  NFunc =   124  E =      11.14790  RMSG = 4.3118923e-01
 MIN: Iter =    8  NFunc =   130  E =      11.01769  RMSG = 3.3049512e-01
 MIN: Iter =    9  NFunc =   145  E =      10.85002  RMSG = 2.7286878e-01
 MIN: Iter =   10  NFunc =   171  E =      10.76187  RMSG = 1.9348267e-01
 MIN: Iter =   11  NFunc =   180  E =      10.75244  RMSG = 6.2557843e-02
 MIN: Iter =   12  NFunc =   223  E =      10.71978  RMSG = 1.2310393e-01
 MIN: Iter =   13  NFunc =   257  E =      10.69727  RMSG = 8.2396169e-02
 MIN: Iter =   14  NFunc =   294  E =      10.68200  RMSG = 5.4232554e-02
 MIN: Iter =   15  NFunc =   302  E =      10.68083  RMSG = 3.0811813e-02
 MIN: Iter =   16  NFunc =   333  E =      10.67635  RMSG = 2.9263736e-02
 MIN: Iter =   17  NFunc =   384  E =      10.67254  RMSG = 4.5778783e-02
 MIN: Iter =   18  NFunc =   400  E =      10.67109  RMSG = 2.1869011e-02
 MIN: Iter =   19  NFunc =   415  E =      10.66965  RMSG = 2.7911342e-02
 MIN: Iter =   20  NFunc =   446  E =      10.66836  RMSG = 1.5389105e-02
 MIN: Iter =   21  NFunc =   497  E =      10.66729  RMSG = 3.6309175e-02
 MIN: Iter =   22  NFunc =   503  E =      10.66698  RMSG = 1.4784404e-02
 MIN: Iter =   23  NFunc =   541  E =      10.66599  RMSG = 3.3364307e-02
 MIN: Iter =   24  NFunc =   547  E =      10.66577  RMSG = 1.0313063e-02
 MIN: Iter =   25  NFunc =   568  E =      10.66564  RMSG = 4.9675075e-03
 MIN: Iter =   26  NFunc =   579  E =      10.66562  RMSG = 3.0390869e-03
 MIN: Iter =   27  NFunc =   589  E =      10.66561  RMSG = 2.0195030e-03
 MIN: Iter =   28  NFunc =   640  E =      10.66558  RMSG = 2.9259082e-03
 MIN: Iter =   29  NFunc =   680  E =      10.66554  RMSG = 2.0872419e-03
 MIN: Iter =   30  NFunc =   718  E =      10.66552  RMSG = 1.7835163e-03
 MIN: Iter =   31  NFunc =   769  E =      10.66549  RMSG = 2.8606479e-03
 MIN: Iter =   32  NFunc =   811  E =      10.66545  RMSG = 4.3679823e-03
 MIN: Iter =   33  NFunc =   818  E =      10.66544  RMSG = 1.8536651e-03
 MIN: Iter =   34  NFunc =   835  E =      10.66544  RMSG = 1.3553582e-03
 MIN: Iter =   35  NFunc =   886  E =      10.66543  RMSG = 2.2325883e-03
 MIN: Iter =   36  NFunc =   903  E =      10.66542  RMSG = 1.1326195e-03
 MIN: Iter =   37  NFunc =   936  E =      10.66542  RMSG = 6.6886138e-04
 MIN: Iter =   38  NFunc =   960  E =      10.66542  RMSG = 4.0465598e-04
----------------------------------------------------------------
 END:          :-)  E =      10.66542  RMSG =   0.0004047

     bond:      4.468360734
    angle:     26.780987431
 dihedral:     29.579950307
    enb14:     10.250750865
    eel14:     20.525545657
      enb:     -5.394240549
      eel:    -43.471807265
      egb:    -32.074129713
    econs:      0.000000000
    esurf:      0.000000000
    Total:     10.665417467
     frms:      0.000404656
====== rms.dat  ======================================================
#Frame      all_heavy
       1       0.5083
