====== tleap.out =====================================================
-I: Adding /home/case/amber24/dat/leap/prep to search path.
-I: Adding /home/case/amber24/dat/leap/lib to search path.
-I: Adding /home/case/amber24/dat/leap/parm to search path.
-I: Adding /home/case/amber24/dat/leap/cmd to search path.
-f: Source leap.in.

Welcome to LEaP!
(no leaprc in search path)
Sourcing: ./leap.in
Using Bondi radii
----- Source: /home/case/amber24/dat/leap/cmd/leaprc.gaff2
----- Source of /home/case/amber24/dat/leap/cmd/leaprc.gaff2 done
Log file: ./leap.log
Loading parameters: /home/case/amber24/dat/leap/parm/gaff2.dat
Reading title:
AMBER General Force Field for organic molecules (Version 2.2.20, March 2021)
Loading parameters: ./EUI.frcmod
Reading force field modification type file (frcmod)
Reading title:
Remark line goes here
Loading Mol2 file: ./EUI.mol2
Reading MOLECULE named EUI
Checking Unit.
Building topology.
"order_residues" off: keep input residue order.
Building atom parameters.
Building bond parameters.
Building angle parameters.
Building proper torsion parameters.

/home/case/amber24/bin/teLeap: Note.
1-4: angle 20 22 duplicates bond ('triangular' bond) or angle ('square' bond)


/home/case/amber24/bin/teLeap: Note.
1-4: angle 21 23 duplicates bond ('triangular' bond) or angle ('square' bond)

Building improper torsion parameters.
 total 15 improper torsions applied
Building H-Bond parameters.
Incorporating Non-Bonded adjustments.
Not Marking per-residue atom chain types.
Marking per-residue atom chain types.
  (Residues lacking connect0/connect1 - 
   these don't have chain types marked:

	res	total affected

	EUI	1
  )
 (no restraints)
	Quit

Exiting LEaP: Errors = 0; Warnings = 0; Notes = 2.
====== min.o =========================================================
Reading parm file (EUI.parm7)
title:
EUI                                                                             
no velocities were found
no velocities were found
	mm_options:  ntpr=5
	mm_options:  gb=1
	mm_options:  kappa=0.10395
	mm_options:  rgbmax=99.
	mm_options:  cut=99.0
	mm_options:  wcons=0.
     bond:      3.559798449
    angle:     77.645125970
 dihedral:     22.463819613
    enb14:     15.712531661
    eel14:     28.983008383
      enb:     -9.337650648
      eel:    -24.970948433
      egb:    -29.505630569
    econs:      0.000000000
    esurf:      0.000000000
    Total:     84.550054425
     frms:     17.246714870
Starting TNCG minimisation
 MIN: Iter =    0  NFunc =     1  E =      84.55005  RMSG = 1.7246715e+01
 MIN: Iter =    1  NFunc =     6  E =      63.43034  RMSG = 1.5678262e+01
 MIN: Iter =    2  NFunc =    12  E =      48.50983  RMSG = 1.3548076e+01
 MIN: Iter =    3  NFunc =    18  E =      30.26001  RMSG = 7.6120714e+00
 MIN: Iter =    4  NFunc =    24  E =      22.56674  RMSG = 2.6906881e+00
 MIN: Iter =    5  NFunc =    30  E =      20.81567  RMSG = 1.4736755e+00
 MIN: Iter =    6  NFunc =    40  E =      20.01478  RMSG = 7.2095107e-01
 MIN: Iter =    7  NFunc =    66  E =      19.55647  RMSG = 5.8494218e-01
 MIN: Iter =    8  NFunc =    79  E =      19.17155  RMSG = 4.6240558e-01
 MIN: Iter =    9  NFunc =    85  E =      18.86418  RMSG = 4.3176292e-01
 MIN: Iter =   10  NFunc =    91  E =      18.64961  RMSG = 3.3270726e-01
 MIN: Iter =   11  NFunc =    97  E =      18.52383  RMSG = 2.2906149e-01
 MIN: Iter =   12  NFunc =   118  E =      18.30097  RMSG = 2.5101235e-01
 MIN: Iter =   13  NFunc =   131  E =      18.17906  RMSG = 2.6869599e-01
 MIN: Iter =   14  NFunc =   177  E =      18.02504  RMSG = 6.3560345e-01
 MIN: Iter =   15  NFunc =   183  E =      17.97342  RMSG = 2.2879037e-01
 MIN: Iter =   16  NFunc =   208  E =      17.85881  RMSG = 3.2062328e-01
 MIN: Iter =   17  NFunc =   216  E =      17.81800  RMSG = 1.7596061e-01
 MIN: Iter =   18  NFunc =   241  E =      17.75974  RMSG = 2.5085397e-01
 MIN: Iter =   19  NFunc =   248  E =      17.74053  RMSG = 1.1926749e-01
 MIN: Iter =   20  NFunc =   257  E =      17.72832  RMSG = 1.0037612e-01
 MIN: Iter =   21  NFunc =   275  E =      17.71738  RMSG = 7.5295896e-02
 MIN: Iter =   22  NFunc =   308  E =      17.71067  RMSG = 4.1103859e-02
 MIN: Iter =   23  NFunc =   351  E =      17.70783  RMSG = 1.5716236e-02
 MIN: Iter =   24  NFunc =   388  E =      17.70612  RMSG = 2.3605500e-02
 MIN: Iter =   25  NFunc =   425  E =      17.70528  RMSG = 1.4627946e-02
 MIN: Iter =   26  NFunc =   442  E =      17.70509  RMSG = 6.6563577e-03
 MIN: Iter =   27  NFunc =   481  E =      17.70486  RMSG = 7.0159911e-03
 MIN: Iter =   28  NFunc =   499  E =      17.70482  RMSG = 3.6054911e-03
 MIN: Iter =   29  NFunc =   541  E =      17.70469  RMSG = 3.9404167e-03
 MIN: Iter =   30  NFunc =   560  E =      17.70465  RMSG = 3.3030568e-03
 MIN: Iter =   31  NFunc =   573  E =      17.70464  RMSG = 1.7147712e-03
 MIN: Iter =   32  NFunc =   613  E =      17.70463  RMSG = 8.1128778e-04
 MIN: Iter =   33  NFunc =   636  E =      17.70463  RMSG = 5.2798393e-04
 MIN: Iter =   34  NFunc =   656  E =      17.70463  RMSG = 2.1461796e-04
----------------------------------------------------------------
 END:          :-)  E =      17.70463  RMSG =   0.0002146

     bond:      3.512117006
    angle:      8.931653942
 dihedral:     24.734041287
    enb14:     14.401450207
    eel14:     26.990911377
      enb:     -5.335451664
      eel:    -24.889779132
      egb:    -30.640311858
    econs:      0.000000000
    esurf:      0.000000000
    Total:     17.704631166
     frms:      0.000214618
====== rms.dat  ======================================================
#Frame      all_heavy
       1       0.6030
