====== tleap.out =====================================================
-I: Adding /home/case/amber24/dat/leap/prep to search path.
-I: Adding /home/case/amber24/dat/leap/lib to search path.
-I: Adding /home/case/amber24/dat/leap/parm to search path.
-I: Adding /home/case/amber24/dat/leap/cmd to search path.
-f: Source leap.in.

Welcome to LEaP!
(no leaprc in search path)
Sourcing: ./leap.in
Using Bondi radii
----- Source: /home/case/amber24/dat/leap/cmd/leaprc.gaff2
----- Source of /home/case/amber24/dat/leap/cmd/leaprc.gaff2 done
Log file: ./leap.log
Loading parameters: /home/case/amber24/dat/leap/parm/gaff2.dat
Reading title:
AMBER General Force Field for organic molecules (Version 2.2.20, March 2021)
Loading parameters: ./EVB.frcmod
Reading force field modification type file (frcmod)
Reading title:
Remark line goes here
Loading Mol2 file: ./EVB.mol2
Reading MOLECULE named EVB
Checking Unit.

/home/case/amber24/bin/teLeap: Warning!
The unperturbed charge of the unit (-7.998000) is not zero.

/home/case/amber24/bin/teLeap: Note.
Ignoring the warning from Unit Checking.

Building topology.
"order_residues" off: keep input residue order.
Building atom parameters.
Building bond parameters.
Building angle parameters.
Building proper torsion parameters.
Building improper torsion parameters.
 total 48 improper torsions applied
Building H-Bond parameters.
Incorporating Non-Bonded adjustments.
Not Marking per-residue atom chain types.
Marking per-residue atom chain types.
  (Residues lacking connect0/connect1 - 
   these don't have chain types marked:

	res	total affected

	EVB	1
  )
 (no restraints)
	Quit

Exiting LEaP: Errors = 0; Warnings = 1; Notes = 1.
====== min.o =========================================================
Reading parm file (EVB.parm7)
title:
EVB                                                                             
no velocities were found
no velocities were found
	mm_options:  ntpr=5
	mm_options:  gb=1
	mm_options:  kappa=0.10395
	mm_options:  rgbmax=99.
	mm_options:  cut=99.0
	mm_options:  wcons=0.
     bond:      5.543745007
    angle:     69.011024002
 dihedral:     69.850578331
    enb14:     44.660955772
    eel14:   -226.464486918
      enb:     -6.770990212
      eel:    644.150242933
      egb:  -1309.177767834
    econs:      0.000000000
    esurf:      0.000000000
    Total:   -709.196698918
     frms:     13.861769879
Starting TNCG minimisation
 MIN: Iter =    0  NFunc =     1  E =    -709.19670  RMSG = 1.3861770e+01
 MIN: Iter =    1  NFunc =     7  E =    -753.96725  RMSG = 3.2824146e+00
 MIN: Iter =    2  NFunc =    13  E =    -758.95667  RMSG = 1.3956869e+00
 MIN: Iter =    3  NFunc =    23  E =    -760.39217  RMSG = 5.9285997e-01
 MIN: Iter =    4  NFunc =    36  E =    -760.83923  RMSG = 3.4346514e-01
 MIN: Iter =    5  NFunc =    87  E =    -761.53497  RMSG = 4.1094229e-01
 MIN: Iter =    6  NFunc =   115  E =    -761.98372  RMSG = 5.3194750e-01
 MIN: Iter =    7  NFunc =   129  E =    -762.33390  RMSG = 6.2860441e-01
 MIN: Iter =    8  NFunc =   137  E =    -762.58850  RMSG = 3.0557509e-01
 MIN: Iter =    9  NFunc =   148  E =    -762.75471  RMSG = 3.7449629e-01
 MIN: Iter =   10  NFunc =   157  E =    -762.84538  RMSG = 1.9021637e-01
 MIN: Iter =   11  NFunc =   199  E =    -763.01472  RMSG = 7.1980399e-01
 MIN: Iter =   12  NFunc =   205  E =    -763.11088  RMSG = 1.2488316e-01
 MIN: Iter =   13  NFunc =   231  E =    -763.16310  RMSG = 1.5681906e-01
 MIN: Iter =   14  NFunc =   244  E =    -763.21013  RMSG = 4.0660662e-01
 MIN: Iter =   15  NFunc =   250  E =    -763.24322  RMSG = 9.8783912e-02
 MIN: Iter =   16  NFunc =   264  E =    -763.26492  RMSG = 1.0354791e-01
 MIN: Iter =   17  NFunc =   274  E =    -763.27913  RMSG = 1.1011506e-01
 MIN: Iter =   18  NFunc =   280  E =    -763.28320  RMSG = 3.9786257e-02
 MIN: Iter =   19  NFunc =   327  E =    -763.30304  RMSG = 1.2821290e-01
 MIN: Iter =   20  NFunc =   333  E =    -763.30610  RMSG = 3.2341325e-02
 MIN: Iter =   21  NFunc =   367  E =    -763.31687  RMSG = 1.1118676e-01
 MIN: Iter =   22  NFunc =   373  E =    -763.31915  RMSG = 2.2151286e-02
 MIN: Iter =   23  NFunc =   416  E =    -763.32324  RMSG = 7.2499014e-02
 MIN: Iter =   24  NFunc =   423  E =    -763.32434  RMSG = 1.6848678e-02
 MIN: Iter =   25  NFunc =   474  E =    -763.33261  RMSG = 5.5221249e-02
 MIN: Iter =   26  NFunc =   522  E =    -763.34318  RMSG = 4.9200488e-02
 MIN: Iter =   27  NFunc =   532  E =    -763.34423  RMSG = 1.5142985e-02
 MIN: Iter =   28  NFunc =   583  E =    -763.34878  RMSG = 4.5423637e-02
 MIN: Iter =   29  NFunc =   590  E =    -763.34933  RMSG = 1.2426493e-02
 MIN: Iter =   30  NFunc =   624  E =    -763.35055  RMSG = 1.1809448e-02
 MIN: Iter =   31  NFunc =   637  E =    -763.35067  RMSG = 4.5516206e-03
 MIN: Iter =   32  NFunc =   674  E =    -763.35100  RMSG = 4.6917011e-03
 MIN: Iter =   33  NFunc =   725  E =    -763.35120  RMSG = 3.4446758e-03
 MIN: Iter =   34  NFunc =   768  E =    -763.35136  RMSG = 2.5444018e-03
 MIN: Iter =   35  NFunc =   813  E =    -763.35145  RMSG = 1.8937145e-03
 MIN: Iter =   36  NFunc =   823  E =    -763.35146  RMSG = 1.0285674e-03
 MIN: Iter =   37  NFunc =   861  E =    -763.35147  RMSG = 9.3356344e-04
 MIN: Iter =   38  NFunc =   901  E =    -763.35149  RMSG = 9.4983592e-04
 MIN: Iter =   39  NFunc =   943  E =    -763.35150  RMSG = 7.8456452e-04
 MIN: Iter =   40  NFunc =   994  E =    -763.35152  RMSG = 9.4458025e-04
 MIN: Iter =   41  NFunc =  1039  E =    -763.35154  RMSG = 6.9631687e-04
 MIN: Iter =   42  NFunc =  1051  E =    -763.35154  RMSG = 5.0211979e-04
 MIN: Iter =   43  NFunc =  1089  E =    -763.35154  RMSG = 3.1352401e-04
----------------------------------------------------------------
 END:          :-)  E =    -763.35154  RMSG =   0.0003135

     bond:      5.582816254
    angle:     31.131109161
 dihedral:     67.269020536
    enb14:     34.528934657
    eel14:   -228.047614705
      enb:     -8.767110913
      eel:    636.955762931
      egb:  -1302.004456138
    econs:      0.000000000
    esurf:      0.000000000
    Total:   -763.351538215
     frms:      0.000313524
====== rms.dat  ======================================================
#Frame      all_heavy
       1       0.5428
