====== tleap.out =====================================================
-I: Adding /home/case/amber24/dat/leap/prep to search path.
-I: Adding /home/case/amber24/dat/leap/lib to search path.
-I: Adding /home/case/amber24/dat/leap/parm to search path.
-I: Adding /home/case/amber24/dat/leap/cmd to search path.
-f: Source leap.in.

Welcome to LEaP!
(no leaprc in search path)
Sourcing: ./leap.in
Using Bondi radii
----- Source: /home/case/amber24/dat/leap/cmd/leaprc.gaff2
----- Source of /home/case/amber24/dat/leap/cmd/leaprc.gaff2 done
Log file: ./leap.log
Loading parameters: /home/case/amber24/dat/leap/parm/gaff2.dat
Reading title:
AMBER General Force Field for organic molecules (Version 2.2.20, March 2021)
Loading parameters: ./EXM.frcmod
Reading force field modification type file (frcmod)
Reading title:
Remark line goes here
Loading Mol2 file: ./EXM.mol2
Reading MOLECULE named EXM
Checking Unit.
Building topology.
"order_residues" off: keep input residue order.
Building atom parameters.
Building bond parameters.
Building angle parameters.
Building proper torsion parameters.
Building improper torsion parameters.
 total 8 improper torsions applied
Building H-Bond parameters.
Incorporating Non-Bonded adjustments.
Not Marking per-residue atom chain types.
Marking per-residue atom chain types.
  (Residues lacking connect0/connect1 - 
   these don't have chain types marked:

	res	total affected

	EXM	1
  )
 (no restraints)
	Quit

Exiting LEaP: Errors = 0; Warnings = 0; Notes = 0.
====== min.o =========================================================
Reading parm file (EXM.parm7)
title:
EXM                                                                             
no velocities were found
no velocities were found
	mm_options:  ntpr=5
	mm_options:  gb=1
	mm_options:  kappa=0.10395
	mm_options:  rgbmax=99.
	mm_options:  cut=99.0
	mm_options:  wcons=0.
     bond:      2.003677596
    angle:      6.396949543
 dihedral:     42.344660525
    enb14:     12.620292125
    eel14:     11.525646722
      enb:     -2.476580869
      eel:    -34.117811320
      egb:    -14.501464360
    econs:      0.000000000
    esurf:      0.000000000
    Total:     23.795369963
     frms:      7.558626377
Starting TNCG minimisation
 MIN: Iter =    0  NFunc =     1  E =      23.79537  RMSG = 7.5586264e+00
 MIN: Iter =    1  NFunc =     7  E =      16.85787  RMSG = 2.5079074e+00
 MIN: Iter =    2  NFunc =    13  E =      15.39324  RMSG = 1.0512369e+00
 MIN: Iter =    3  NFunc =    39  E =      14.68885  RMSG = 1.2992333e+00
 MIN: Iter =    4  NFunc =    63  E =      13.91575  RMSG = 1.6498158e+00
 MIN: Iter =    5  NFunc =    70  E =      13.44857  RMSG = 9.2678580e-01
 MIN: Iter =    6  NFunc =    78  E =      13.23113  RMSG = 3.6263225e-01
 MIN: Iter =    7  NFunc =    84  E =      13.21214  RMSG = 1.3024132e-01
 MIN: Iter =    8  NFunc =   110  E =      13.16046  RMSG = 2.2155488e-01
 MIN: Iter =    9  NFunc =   116  E =      13.15441  RMSG = 7.2698789e-02
 MIN: Iter =   10  NFunc =   133  E =      13.14548  RMSG = 5.3327914e-02
 MIN: Iter =   11  NFunc =   148  E =      13.14266  RMSG = 2.9056432e-02
 MIN: Iter =   12  NFunc =   156  E =      13.14239  RMSG = 1.2763672e-02
 MIN: Iter =   13  NFunc =   167  E =      13.14225  RMSG = 8.8749975e-03
 MIN: Iter =   14  NFunc =   180  E =      13.14218  RMSG = 4.9776698e-03
 MIN: Iter =   15  NFunc =   200  E =      13.14214  RMSG = 3.0705337e-03
 MIN: Iter =   16  NFunc =   211  E =      13.14213  RMSG = 1.7944193e-03
 MIN: Iter =   17  NFunc =   233  E =      13.14212  RMSG = 1.3127268e-03
 MIN: Iter =   18  NFunc =   242  E =      13.14212  RMSG = 5.8576040e-04
 MIN: Iter =   19  NFunc =   253  E =      13.14212  RMSG = 3.2799284e-04
----------------------------------------------------------------
 END:          :-)  E =      13.14212  RMSG =   0.0003280

     bond:      2.156402744
    angle:      6.443693012
 dihedral:     38.406890325
    enb14:      8.449143453
    eel14:     10.827450039
      enb:     -4.577986694
      eel:    -33.626988577
      egb:    -14.936481838
    econs:      0.000000000
    esurf:      0.000000000
    Total:     13.142122463
     frms:      0.000327993
====== rms.dat  ======================================================
#Frame      all_heavy
       1       0.1731
