====== tleap.out =====================================================
-I: Adding /home/case/amber24/dat/leap/prep to search path.
-I: Adding /home/case/amber24/dat/leap/lib to search path.
-I: Adding /home/case/amber24/dat/leap/parm to search path.
-I: Adding /home/case/amber24/dat/leap/cmd to search path.
-f: Source leap.in.

Welcome to LEaP!
(no leaprc in search path)
Sourcing: ./leap.in
Using Bondi radii
----- Source: /home/case/amber24/dat/leap/cmd/leaprc.gaff2
----- Source of /home/case/amber24/dat/leap/cmd/leaprc.gaff2 done
Log file: ./leap.log
Loading parameters: /home/case/amber24/dat/leap/parm/gaff2.dat
Reading title:
AMBER General Force Field for organic molecules (Version 2.2.20, March 2021)
Loading parameters: ./EYN.frcmod
Reading force field modification type file (frcmod)
Reading title:
Remark line goes here
Loading Mol2 file: ./EYN.mol2
Reading MOLECULE named EYN
Checking Unit.
Building topology.
"order_residues" off: keep input residue order.
Building atom parameters.
Building bond parameters.
Building angle parameters.
Building proper torsion parameters.
Building improper torsion parameters.
 total 18 improper torsions applied
Building H-Bond parameters.
Incorporating Non-Bonded adjustments.
Not Marking per-residue atom chain types.
Marking per-residue atom chain types.
  (Residues lacking connect0/connect1 - 
   these don't have chain types marked:

	res	total affected

	EYN	1
  )
 (no restraints)
	Quit

Exiting LEaP: Errors = 0; Warnings = 0; Notes = 0.
====== min.o =========================================================
Reading parm file (EYN.parm7)
title:
EYN                                                                             
no velocities were found
no velocities were found
	mm_options:  ntpr=5
	mm_options:  gb=1
	mm_options:  kappa=0.10395
	mm_options:  rgbmax=99.
	mm_options:  cut=99.0
	mm_options:  wcons=0.
     bond:      2.653856818
    angle:      6.233627550
 dihedral:     92.967205645
    enb14:     19.827725179
    eel14:    -13.865981417
      enb:     -8.747957523
      eel:    -28.838278005
      egb:    -31.031068222
    econs:      0.000000000
    esurf:      0.000000000
    Total:     39.199130025
     frms:      8.196134904
Starting TNCG minimisation
 MIN: Iter =    0  NFunc =     1  E =      39.19913  RMSG = 8.1961349e+00
 MIN: Iter =    1  NFunc =     7  E =      27.81072  RMSG = 2.6152507e+00
 MIN: Iter =    2  NFunc =    15  E =      25.21811  RMSG = 1.3562864e+00
 MIN: Iter =    3  NFunc =    24  E =      24.14585  RMSG = 7.7935912e-01
 MIN: Iter =    4  NFunc =    35  E =      23.58707  RMSG = 6.7939233e-01
 MIN: Iter =    5  NFunc =    86  E =      23.18634  RMSG = 7.9803144e-01
 MIN: Iter =    6  NFunc =    95  E =      22.98744  RMSG = 3.8203089e-01
 MIN: Iter =    7  NFunc =   114  E =      22.78328  RMSG = 6.1935948e-01
 MIN: Iter =    8  NFunc =   120  E =      22.72160  RMSG = 1.9307712e-01
 MIN: Iter =    9  NFunc =   170  E =      22.55616  RMSG = 2.4417811e-01
 MIN: Iter =   10  NFunc =   195  E =      22.46177  RMSG = 2.4160720e-01
 MIN: Iter =   11  NFunc =   210  E =      22.42823  RMSG = 9.2270095e-02
 MIN: Iter =   12  NFunc =   229  E =      22.41700  RMSG = 4.3626055e-02
 MIN: Iter =   13  NFunc =   269  E =      22.40718  RMSG = 1.7684840e-01
 MIN: Iter =   14  NFunc =   275  E =      22.40359  RMSG = 2.7115191e-02
 MIN: Iter =   15  NFunc =   298  E =      22.40211  RMSG = 1.8569686e-02
 MIN: Iter =   16  NFunc =   344  E =      22.39995  RMSG = 3.0090571e-02
 MIN: Iter =   17  NFunc =   352  E =      22.39974  RMSG = 1.0936776e-02
 MIN: Iter =   18  NFunc =   373  E =      22.39943  RMSG = 8.0241285e-03
 MIN: Iter =   19  NFunc =   416  E =      22.39918  RMSG = 4.1199589e-03
 MIN: Iter =   20  NFunc =   429  E =      22.39916  RMSG = 2.2554219e-03
 MIN: Iter =   21  NFunc =   466  E =      22.39914  RMSG = 1.4951134e-03
 MIN: Iter =   22  NFunc =   481  E =      22.39914  RMSG = 8.8653899e-04
 MIN: Iter =   23  NFunc =   508  E =      22.39914  RMSG = 5.1227421e-04
 MIN: Iter =   24  NFunc =   535  E =      22.39913  RMSG = 3.4332766e-04
----------------------------------------------------------------
 END:          :-)  E =      22.39913  RMSG =   0.0003433

     bond:      2.120905847
    angle:      4.596092588
 dihedral:     85.240842911
    enb14:     13.954573695
    eel14:    -13.234663876
      enb:     -8.752463936
      eel:    -29.117742830
      egb:    -32.408410121
    econs:      0.000000000
    esurf:      0.000000000
    Total:     22.399134278
     frms:      0.000343328
====== rms.dat  ======================================================
#Frame      all_heavy
       1       0.3955
