====== tleap.out =====================================================
-I: Adding /home/case/amber24/dat/leap/prep to search path.
-I: Adding /home/case/amber24/dat/leap/lib to search path.
-I: Adding /home/case/amber24/dat/leap/parm to search path.
-I: Adding /home/case/amber24/dat/leap/cmd to search path.
-f: Source leap.in.

Welcome to LEaP!
(no leaprc in search path)
Sourcing: ./leap.in
Using Bondi radii
----- Source: /home/case/amber24/dat/leap/cmd/leaprc.gaff2
----- Source of /home/case/amber24/dat/leap/cmd/leaprc.gaff2 done
Log file: ./leap.log
Loading parameters: /home/case/amber24/dat/leap/parm/gaff2.dat
Reading title:
AMBER General Force Field for organic molecules (Version 2.2.20, March 2021)
Loading parameters: ./EZ8.frcmod
Reading force field modification type file (frcmod)
Reading title:
Remark line goes here
Loading Mol2 file: ./EZ8.mol2
Reading MOLECULE named EZ8
Checking Unit.

/home/case/amber24/bin/teLeap: Warning!
The unperturbed charge of the unit (1.002000) is not zero.

/home/case/amber24/bin/teLeap: Note.
Ignoring the warning from Unit Checking.

Building topology.
"order_residues" off: keep input residue order.
Building atom parameters.
Building bond parameters.
Building angle parameters.
Building proper torsion parameters.
Building improper torsion parameters.
 total 19 improper torsions applied
Building H-Bond parameters.
Incorporating Non-Bonded adjustments.
Not Marking per-residue atom chain types.
Marking per-residue atom chain types.
  (Residues lacking connect0/connect1 - 
   these don't have chain types marked:

	res	total affected

	EZ8	1
  )
 (no restraints)
	Quit

Exiting LEaP: Errors = 0; Warnings = 1; Notes = 1.
====== min.o =========================================================
Reading parm file (EZ8.parm7)
title:
EZ8                                                                             
no velocities were found
no velocities were found
	mm_options:  ntpr=5
	mm_options:  gb=1
	mm_options:  kappa=0.10395
	mm_options:  rgbmax=99.
	mm_options:  cut=99.0
	mm_options:  wcons=0.
     bond:      5.523429085
    angle:      9.756421372
 dihedral:    120.221413080
    enb14:     25.247623870
    eel14:    181.426789645
      enb:    -20.602605099
      eel:   -196.965732302
      egb:   -120.178274220
    econs:      0.000000000
    esurf:      0.000000000
    Total:      4.429065429
     frms:      8.258273888
Starting TNCG minimisation
 MIN: Iter =    0  NFunc =     1  E =       4.42907  RMSG = 8.2582739e+00
 MIN: Iter =    1  NFunc =     7  E =     -14.81745  RMSG = 2.7099480e+00
 MIN: Iter =    2  NFunc =    18  E =     -20.62686  RMSG = 1.2810835e+00
 MIN: Iter =    3  NFunc =    69  E =     -22.44118  RMSG = 1.3403054e+00
 MIN: Iter =    4  NFunc =    75  E =     -23.89915  RMSG = 1.1274670e+00
 MIN: Iter =    5  NFunc =    96  E =     -26.00131  RMSG = 1.1882012e+00
 MIN: Iter =    6  NFunc =   107  E =     -27.13230  RMSG = 7.9123638e-01
 MIN: Iter =    7  NFunc =   134  E =     -27.91419  RMSG = 7.1239552e-01
 MIN: Iter =    8  NFunc =   155  E =     -28.67846  RMSG = 7.0697537e-01
 MIN: Iter =    9  NFunc =   165  E =     -29.25558  RMSG = 5.7961210e-01
 MIN: Iter =   10  NFunc =   172  E =     -29.63326  RMSG = 4.7032776e-01
 MIN: Iter =   11  NFunc =   186  E =     -30.09464  RMSG = 6.5358434e-01
 MIN: Iter =   12  NFunc =   193  E =     -30.37054  RMSG = 4.3554554e-01
 MIN: Iter =   13  NFunc =   225  E =     -30.91846  RMSG = 5.2892391e-01
 MIN: Iter =   14  NFunc =   241  E =     -31.28431  RMSG = 3.5361043e-01
 MIN: Iter =   15  NFunc =   249  E =     -31.39871  RMSG = 1.6040315e-01
 MIN: Iter =   16  NFunc =   262  E =     -31.50167  RMSG = 3.1718323e-01
 MIN: Iter =   17  NFunc =   313  E =     -31.72105  RMSG = 2.8770740e-01
 MIN: Iter =   18  NFunc =   323  E =     -31.85844  RMSG = 2.6373108e-01
 MIN: Iter =   19  NFunc =   330  E =     -31.90911  RMSG = 1.6016123e-01
 MIN: Iter =   20  NFunc =   381  E =     -32.08308  RMSG = 2.0612315e-01
 MIN: Iter =   21  NFunc =   389  E =     -32.21800  RMSG = 3.1705699e-01
 MIN: Iter =   22  NFunc =   412  E =     -32.37549  RMSG = 2.9819224e-01
 MIN: Iter =   23  NFunc =   424  E =     -32.51414  RMSG = 2.8820882e-01
 MIN: Iter =   24  NFunc =   450  E =     -32.63019  RMSG = 2.5688583e-01
 MIN: Iter =   25  NFunc =   457  E =     -32.68388  RMSG = 2.1530546e-01
 MIN: Iter =   26  NFunc =   483  E =     -32.79665  RMSG = 1.9274345e-01
 MIN: Iter =   27  NFunc =   495  E =     -32.88155  RMSG = 1.8118313e-01
 MIN: Iter =   28  NFunc =   502  E =     -32.94022  RMSG = 1.5335611e-01
 MIN: Iter =   29  NFunc =   509  E =     -32.97214  RMSG = 9.4155918e-02
 MIN: Iter =   30  NFunc =   518  E =     -32.98589  RMSG = 6.5500477e-02
 MIN: Iter =   31  NFunc =   557  E =     -33.04678  RMSG = 9.9080864e-02
 MIN: Iter =   32  NFunc =   588  E =     -33.08501  RMSG = 1.4182282e-01
 MIN: Iter =   33  NFunc =   605  E =     -33.10619  RMSG = 6.1493377e-02
 MIN: Iter =   34  NFunc =   634  E =     -33.12455  RMSG = 8.7624207e-02
 MIN: Iter =   35  NFunc =   640  E =     -33.12746  RMSG = 3.0497009e-02
 MIN: Iter =   36  NFunc =   692  E =     -33.14744  RMSG = 9.6642503e-02
 MIN: Iter =   37  NFunc =   699  E =     -33.15802  RMSG = 5.8628878e-02
 MIN: Iter =   38  NFunc =   716  E =     -33.17268  RMSG = 8.6981035e-02
 MIN: Iter =   39  NFunc =   723  E =     -33.18160  RMSG = 6.3464072e-02
 MIN: Iter =   40  NFunc =   740  E =     -33.18860  RMSG = 1.3273455e-01
 MIN: Iter =   41  NFunc =   746  E =     -33.19463  RMSG = 4.1002841e-02
 MIN: Iter =   42  NFunc =   798  E =     -33.20627  RMSG = 9.0957462e-02
 MIN: Iter =   43  NFunc =   805  E =     -33.21062  RMSG = 3.8305834e-02
 MIN: Iter =   44  NFunc =   827  E =     -33.21841  RMSG = 8.3145820e-02
 MIN: Iter =   45  NFunc =   834  E =     -33.22028  RMSG = 2.5274505e-02
 MIN: Iter =   46  NFunc =   844  E =     -33.22151  RMSG = 1.5346445e-02
 MIN: Iter =   47  NFunc =   895  E =     -33.22694  RMSG = 8.1939824e-02
 MIN: Iter =   48  NFunc =   901  E =     -33.22877  RMSG = 2.5253502e-02
 MIN: Iter =   49  NFunc =   952  E =     -33.23514  RMSG = 1.2761357e-01
 MIN: Iter =   50  NFunc =   958  E =     -33.24040  RMSG = 2.6026799e-02
 MIN: Iter =   51  NFunc =  1005  E =     -33.24417  RMSG = 2.5925535e-02
 MIN: Iter =   52  NFunc =  1028  E =     -33.24760  RMSG = 8.1659614e-02
 MIN: Iter =   53  NFunc =  1034  E =     -33.24987  RMSG = 1.7408092e-02
 MIN: Iter =   54  NFunc =  1056  E =     -33.25102  RMSG = 1.7381788e-02
 MIN: Iter =   55  NFunc =  1072  E =     -33.25148  RMSG = 9.1682365e-03
 MIN: Iter =   56  NFunc =  1123  E =     -33.25240  RMSG = 1.7569835e-02
 MIN: Iter =   57  NFunc =  1144  E =     -33.25295  RMSG = 7.4296953e-03
 MIN: Iter =   58  NFunc =  1184  E =     -33.25317  RMSG = 3.4600417e-03
 MIN: Iter =   59  NFunc =  1235  E =     -33.25336  RMSG = 4.6669201e-03
 MIN: Iter =   60  NFunc =  1265  E =     -33.25341  RMSG = 1.7213507e-03
 MIN: Iter =   61  NFunc =  1278  E =     -33.25342  RMSG = 1.4709526e-03
 MIN: Iter =   62  NFunc =  1321  E =     -33.25344  RMSG = 9.1219378e-04
 MIN: Iter =   63  NFunc =  1372  E =     -33.25345  RMSG = 1.0068205e-03
 MIN: Iter =   64  NFunc =  1423  E =     -33.25346  RMSG = 6.7891779e-04
 MIN: Iter =   65  NFunc =  1468  E =     -33.25346  RMSG = 3.8451420e-04
----------------------------------------------------------------
 END:          :-)  E =     -33.25346  RMSG =   0.0003845

     bond:      3.220624335
    angle:      6.676975467
 dihedral:    104.541478685
    enb14:     15.482649510
    eel14:    177.307968297
      enb:    -18.702956184
      eel:   -193.523781514
      egb:   -128.256418751
    econs:      0.000000000
    esurf:      0.000000000
    Total:    -33.253460154
     frms:      0.000384514
====== rms.dat  ======================================================
#Frame      all_heavy
       1       1.4358
