====== tleap.out =====================================================
-I: Adding /home/case/amber24/dat/leap/prep to search path.
-I: Adding /home/case/amber24/dat/leap/lib to search path.
-I: Adding /home/case/amber24/dat/leap/parm to search path.
-I: Adding /home/case/amber24/dat/leap/cmd to search path.
-f: Source leap.in.

Welcome to LEaP!
(no leaprc in search path)
Sourcing: ./leap.in
Using Bondi radii
----- Source: /home/case/amber24/dat/leap/cmd/leaprc.gaff2
----- Source of /home/case/amber24/dat/leap/cmd/leaprc.gaff2 done
Log file: ./leap.log
Loading parameters: /home/case/amber24/dat/leap/parm/gaff2.dat
Reading title:
AMBER General Force Field for organic molecules (Version 2.2.20, March 2021)
Loading parameters: ./F15.frcmod
Reading force field modification type file (frcmod)
Reading title:
Remark line goes here
Loading Mol2 file: ./F15.mol2
Reading MOLECULE named F15
Checking Unit.

/home/case/amber24/bin/teLeap: Warning!
The unperturbed charge of the unit (-1.003000) is not zero.

/home/case/amber24/bin/teLeap: Note.
Ignoring the warning from Unit Checking.

Building topology.
"order_residues" off: keep input residue order.
Building atom parameters.
Building bond parameters.
Building angle parameters.
Building proper torsion parameters.
Building improper torsion parameters.
 total 1 improper torsion applied
Building H-Bond parameters.
Incorporating Non-Bonded adjustments.
Not Marking per-residue atom chain types.
Marking per-residue atom chain types.
  (Residues lacking connect0/connect1 - 
   these don't have chain types marked:

	res	total affected

	F15	1
  )
 (no restraints)
	Quit

Exiting LEaP: Errors = 0; Warnings = 1; Notes = 1.
====== min.o =========================================================
Reading parm file (F15.parm7)
title:
F15                                                                             
no velocities were found
no velocities were found
	mm_options:  ntpr=5
	mm_options:  gb=1
	mm_options:  kappa=0.10395
	mm_options:  rgbmax=99.
	mm_options:  cut=99.0
	mm_options:  wcons=0.
     bond:      1.508818631
    angle:      3.410384793
 dihedral:     39.748334487
    enb14:      4.753334256
    eel14:      2.556672165
      enb:     -2.440186518
      eel:     -2.394832820
      egb:    -74.910583850
    econs:      0.000000000
    esurf:      0.000000000
    Total:    -27.768058855
     frms:      5.772427356
Starting TNCG minimisation
 MIN: Iter =    0  NFunc =     1  E =     -27.76806  RMSG = 5.7724274e+00
 MIN: Iter =    1  NFunc =     7  E =     -30.69284  RMSG = 1.0558515e+00
 MIN: Iter =    2  NFunc =    22  E =     -31.59363  RMSG = 2.2576105e+00
 MIN: Iter =    3  NFunc =    36  E =     -32.46649  RMSG = 3.5473145e+00
 MIN: Iter =    4  NFunc =    55  E =     -33.90628  RMSG = 4.4459817e+00
 MIN: Iter =    5  NFunc =    66  E =     -36.50422  RMSG = 4.2558069e+00
 MIN: Iter =    6  NFunc =    72  E =     -39.45599  RMSG = 4.1687567e+00
 MIN: Iter =    7  NFunc =    78  E =     -42.40511  RMSG = 2.8081613e+00
 MIN: Iter =    8  NFunc =    84  E =     -43.53299  RMSG = 1.0720104e+00
 MIN: Iter =    9  NFunc =    90  E =     -43.79049  RMSG = 4.7922814e-01
 MIN: Iter =   10  NFunc =   105  E =     -44.15093  RMSG = 1.0488957e+00
 MIN: Iter =   11  NFunc =   111  E =     -44.26589  RMSG = 2.9966140e-01
 MIN: Iter =   12  NFunc =   137  E =     -44.37764  RMSG = 3.3771279e-01
 MIN: Iter =   13  NFunc =   150  E =     -44.43483  RMSG = 2.3859807e-01
 MIN: Iter =   14  NFunc =   162  E =     -44.45829  RMSG = 1.3807278e-01
 MIN: Iter =   15  NFunc =   181  E =     -44.47979  RMSG = 1.7974985e-01
 MIN: Iter =   16  NFunc =   192  E =     -44.48894  RMSG = 5.6469998e-02
 MIN: Iter =   17  NFunc =   221  E =     -44.50158  RMSG = 1.1691900e-01
 MIN: Iter =   18  NFunc =   240  E =     -44.51033  RMSG = 1.1086295e-01
 MIN: Iter =   19  NFunc =   256  E =     -44.51459  RMSG = 3.8914539e-02
 MIN: Iter =   20  NFunc =   267  E =     -44.51568  RMSG = 2.0753221e-02
 MIN: Iter =   21  NFunc =   293  E =     -44.51640  RMSG = 1.0592158e-02
 MIN: Iter =   22  NFunc =   312  E =     -44.51665  RMSG = 1.0279602e-02
 MIN: Iter =   23  NFunc =   322  E =     -44.51671  RMSG = 4.9934823e-03
 MIN: Iter =   24  NFunc =   343  E =     -44.51677  RMSG = 3.4952275e-03
 MIN: Iter =   25  NFunc =   360  E =     -44.51678  RMSG = 1.8152433e-03
 MIN: Iter =   26  NFunc =   367  E =     -44.51678  RMSG = 1.0168001e-03
 MIN: Iter =   27  NFunc =   381  E =     -44.51679  RMSG = 8.6553504e-04
 MIN: Iter =   28  NFunc =   412  E =     -44.51679  RMSG = 5.9574494e-04
 MIN: Iter =   29  NFunc =   463  E =     -44.51679  RMSG = 5.6444402e-04
 MIN: Iter =   30  NFunc =   479  E =     -44.51679  RMSG = 3.5460332e-04
----------------------------------------------------------------
 END:          :-)  E =     -44.51679  RMSG =   0.0003546

     bond:      0.311089763
    angle:      3.622160583
 dihedral:     26.064962117
    enb14:      3.403858752
    eel14:      2.771599673
      enb:     -2.708496144
      eel:     -2.397176059
      egb:    -75.584789567
    econs:      0.000000000
    esurf:      0.000000000
    Total:    -44.516790882
     frms:      0.000354603
====== rms.dat  ======================================================
#Frame      all_heavy
       1       0.4309
