====== tleap.out =====================================================
-I: Adding /home/case/amber24/dat/leap/prep to search path.
-I: Adding /home/case/amber24/dat/leap/lib to search path.
-I: Adding /home/case/amber24/dat/leap/parm to search path.
-I: Adding /home/case/amber24/dat/leap/cmd to search path.
-f: Source leap.in.

Welcome to LEaP!
(no leaprc in search path)
Sourcing: ./leap.in
Using Bondi radii
----- Source: /home/case/amber24/dat/leap/cmd/leaprc.gaff2
----- Source of /home/case/amber24/dat/leap/cmd/leaprc.gaff2 done
Log file: ./leap.log
Loading parameters: /home/case/amber24/dat/leap/parm/gaff2.dat
Reading title:
AMBER General Force Field for organic molecules (Version 2.2.20, March 2021)
Loading parameters: ./F2C.frcmod
Reading force field modification type file (frcmod)
Reading title:
Remark line goes here
Loading Mol2 file: ./F2C.mol2
Reading MOLECULE named F2C
Checking Unit.

/home/case/amber24/bin/teLeap: Warning!
The unperturbed charge of the unit (-1.002000) is not zero.

/home/case/amber24/bin/teLeap: Note.
Ignoring the warning from Unit Checking.

Building topology.
"order_residues" off: keep input residue order.
Building atom parameters.
Building bond parameters.
Building angle parameters.
Building proper torsion parameters.
Building improper torsion parameters.
 total 16 improper torsions applied
Building H-Bond parameters.
Incorporating Non-Bonded adjustments.
Not Marking per-residue atom chain types.
Marking per-residue atom chain types.
  (Residues lacking connect0/connect1 - 
   these don't have chain types marked:

	res	total affected

	F2C	1
  )
 (no restraints)
	Quit

Exiting LEaP: Errors = 0; Warnings = 1; Notes = 1.
====== min.o =========================================================
Reading parm file (F2C.parm7)
title:
F2C                                                                             
no velocities were found
no velocities were found
	mm_options:  ntpr=5
	mm_options:  gb=1
	mm_options:  kappa=0.10395
	mm_options:  rgbmax=99.
	mm_options:  cut=99.0
	mm_options:  wcons=0.
     bond:      2.657388956
    angle:     11.338922631
 dihedral:     24.361158384
    enb14:     13.328004689
    eel14:    159.695988411
      enb:     -3.306360529
      eel:    -54.861065105
      egb:    -81.400786717
    econs:      0.000000000
    esurf:      0.000000000
    Total:     71.813250720
     frms:      9.946528754
Starting TNCG minimisation
 MIN: Iter =    0  NFunc =     1  E =      71.81325  RMSG = 9.9465288e+00
 MIN: Iter =    1  NFunc =     7  E =      62.67289  RMSG = 1.9088928e+00
 MIN: Iter =    2  NFunc =    23  E =      60.19282  RMSG = 7.6452625e-01
 MIN: Iter =    3  NFunc =    32  E =      59.62825  RMSG = 5.1992688e-01
 MIN: Iter =    4  NFunc =    43  E =      59.47808  RMSG = 2.1873408e-01
 MIN: Iter =    5  NFunc =    70  E =      59.34800  RMSG = 1.7161837e-01
 MIN: Iter =    6  NFunc =   121  E =      59.28809  RMSG = 1.5810879e-01
 MIN: Iter =    7  NFunc =   127  E =      59.28303  RMSG = 6.3276156e-02
 MIN: Iter =    8  NFunc =   150  E =      59.27863  RMSG = 3.0047827e-02
 MIN: Iter =    9  NFunc =   159  E =      59.27788  RMSG = 1.8777151e-02
 MIN: Iter =   10  NFunc =   176  E =      59.27733  RMSG = 1.3593937e-02
 MIN: Iter =   11  NFunc =   194  E =      59.27693  RMSG = 9.3750001e-03
 MIN: Iter =   12  NFunc =   214  E =      59.27669  RMSG = 6.6886269e-03
 MIN: Iter =   13  NFunc =   265  E =      59.27608  RMSG = 1.1582848e-02
 MIN: Iter =   14  NFunc =   299  E =      59.27577  RMSG = 6.7267971e-03
 MIN: Iter =   15  NFunc =   326  E =      59.27565  RMSG = 3.8757233e-03
 MIN: Iter =   16  NFunc =   343  E =      59.27564  RMSG = 1.5823945e-03
 MIN: Iter =   17  NFunc =   364  E =      59.27563  RMSG = 1.0420665e-03
 MIN: Iter =   18  NFunc =   415  E =      59.27562  RMSG = 1.3417781e-03
 MIN: Iter =   19  NFunc =   446  E =      59.27560  RMSG = 1.8807954e-03
 MIN: Iter =   20  NFunc =   492  E =      59.27559  RMSG = 1.2987692e-03
 MIN: Iter =   21  NFunc =   505  E =      59.27559  RMSG = 5.5962937e-04
 MIN: Iter =   22  NFunc =   556  E =      59.27559  RMSG = 6.1317187e-04
 MIN: Iter =   23  NFunc =   590  E =      59.27559  RMSG = 4.7292702e-04
----------------------------------------------------------------
 END:          :-)  E =      59.27559  RMSG =   0.0004729

     bond:      3.088302251
    angle:      9.162320546
 dihedral:     23.399468106
    enb14:      9.464916434
    eel14:    153.684326788
      enb:     -3.442284487
      eel:    -52.996454793
      egb:    -83.085006792
    econs:      0.000000000
    esurf:      0.000000000
    Total:     59.275588053
     frms:      0.000472927
====== rms.dat  ======================================================
#Frame      all_heavy
       1       0.2050
