====== tleap.out =====================================================
-I: Adding /home/case/amber24/dat/leap/prep to search path.
-I: Adding /home/case/amber24/dat/leap/lib to search path.
-I: Adding /home/case/amber24/dat/leap/parm to search path.
-I: Adding /home/case/amber24/dat/leap/cmd to search path.
-f: Source leap.in.

Welcome to LEaP!
(no leaprc in search path)
Sourcing: ./leap.in
Using Bondi radii
----- Source: /home/case/amber24/dat/leap/cmd/leaprc.gaff2
----- Source of /home/case/amber24/dat/leap/cmd/leaprc.gaff2 done
Log file: ./leap.log
Loading parameters: /home/case/amber24/dat/leap/parm/gaff2.dat
Reading title:
AMBER General Force Field for organic molecules (Version 2.2.20, March 2021)
Loading parameters: ./F4N.frcmod
Reading force field modification type file (frcmod)
Reading title:
Remark line goes here
Loading Mol2 file: ./F4N.mol2
Reading MOLECULE named F4N
Checking Unit.
Building topology.
"order_residues" off: keep input residue order.
Building atom parameters.
Building bond parameters.
Building angle parameters.
Building proper torsion parameters.
Building improper torsion parameters.
 total 17 improper torsions applied
Building H-Bond parameters.
Incorporating Non-Bonded adjustments.
Not Marking per-residue atom chain types.
Marking per-residue atom chain types.
  (Residues lacking connect0/connect1 - 
   these don't have chain types marked:

	res	total affected

	F4N	1
  )
 (no restraints)
	Quit

Exiting LEaP: Errors = 0; Warnings = 0; Notes = 0.
====== min.o =========================================================
Reading parm file (F4N.parm7)
title:
F4N                                                                             
no velocities were found
no velocities were found
	mm_options:  ntpr=5
	mm_options:  gb=1
	mm_options:  kappa=0.10395
	mm_options:  rgbmax=99.
	mm_options:  cut=99.0
	mm_options:  wcons=0.
     bond:      2.510135863
    angle:     24.178239746
 dihedral:     12.439805115
    enb14:     13.384754414
    eel14:     40.077593152
      enb:     -0.370333308
      eel:    -46.229306765
      egb:    -24.020796717
    econs:      0.000000000
    esurf:      0.000000000
    Total:     21.970091500
     frms:     14.743375901
Starting TNCG minimisation
 MIN: Iter =    0  NFunc =     1  E =      21.97009  RMSG = 1.4743376e+01
 MIN: Iter =    1  NFunc =     7  E =       7.41471  RMSG = 3.3169510e+00
 MIN: Iter =    2  NFunc =    16  E =       4.41811  RMSG = 1.1619120e+00
 MIN: Iter =    3  NFunc =    25  E =       3.80481  RMSG = 6.6073610e-01
 MIN: Iter =    4  NFunc =    36  E =       3.61199  RMSG = 3.5416336e-01
 MIN: Iter =    5  NFunc =    57  E =       3.51890  RMSG = 6.7489338e-01
 MIN: Iter =    6  NFunc =    63  E =       3.48246  RMSG = 1.4373383e-01
 MIN: Iter =    7  NFunc =   108  E =       3.39442  RMSG = 4.8698200e-01
 MIN: Iter =    8  NFunc =   118  E =       3.36102  RMSG = 1.4200335e-01
 MIN: Iter =    9  NFunc =   169  E =       3.28275  RMSG = 5.3373681e-01
 MIN: Iter =   10  NFunc =   175  E =       3.20866  RMSG = 3.9920375e-01
 MIN: Iter =   11  NFunc =   181  E =       3.15684  RMSG = 3.4615329e-01
 MIN: Iter =   12  NFunc =   187  E =       3.12276  RMSG = 2.3224682e-01
 MIN: Iter =   13  NFunc =   200  E =       3.08717  RMSG = 1.6814847e-01
 MIN: Iter =   14  NFunc =   251  E =       3.01950  RMSG = 4.1445634e-01
 MIN: Iter =   15  NFunc =   258  E =       2.98719  RMSG = 1.8096720e-01
 MIN: Iter =   16  NFunc =   271  E =       2.96117  RMSG = 4.4494689e-01
 MIN: Iter =   17  NFunc =   278  E =       2.93212  RMSG = 1.5991639e-01
 MIN: Iter =   18  NFunc =   290  E =       2.91150  RMSG = 4.4478099e-01
 MIN: Iter =   19  NFunc =   296  E =       2.89153  RMSG = 1.2122680e-01
 MIN: Iter =   20  NFunc =   321  E =       2.86931  RMSG = 4.0241469e-01
 MIN: Iter =   21  NFunc =   327  E =       2.85609  RMSG = 9.3180755e-02
 MIN: Iter =   22  NFunc =   378  E =       2.83363  RMSG = 2.8290383e-01
 MIN: Iter =   23  NFunc =   384  E =       2.82177  RMSG = 1.1937662e-01
 MIN: Iter =   24  NFunc =   411  E =       2.80948  RMSG = 9.4763848e-02
 MIN: Iter =   25  NFunc =   426  E =       2.80030  RMSG = 1.0415785e-01
 MIN: Iter =   26  NFunc =   436  E =       2.79741  RMSG = 3.5112428e-02
 MIN: Iter =   27  NFunc =   488  E =       2.78976  RMSG = 6.4485110e-02
 MIN: Iter =   28  NFunc =   503  E =       2.78102  RMSG = 1.7458399e-01
 MIN: Iter =   29  NFunc =   510  E =       2.77573  RMSG = 8.0623357e-02
 MIN: Iter =   30  NFunc =   532  E =       2.76955  RMSG = 6.3500029e-02
 MIN: Iter =   31  NFunc =   544  E =       2.76650  RMSG = 5.8708286e-02
 MIN: Iter =   32  NFunc =   557  E =       2.76504  RMSG = 2.8470276e-02
 MIN: Iter =   33  NFunc =   577  E =       2.76233  RMSG = 4.1843247e-02
 MIN: Iter =   34  NFunc =   614  E =       2.75891  RMSG = 4.9885913e-02
 MIN: Iter =   35  NFunc =   620  E =       2.75859  RMSG = 1.6295144e-02
 MIN: Iter =   36  NFunc =   646  E =       2.75781  RMSG = 1.2886575e-02
 MIN: Iter =   37  NFunc =   671  E =       2.75761  RMSG = 6.2165824e-03
 MIN: Iter =   38  NFunc =   713  E =       2.75732  RMSG = 8.7657558e-03
 MIN: Iter =   39  NFunc =   762  E =       2.75710  RMSG = 5.5402469e-03
 MIN: Iter =   40  NFunc =   807  E =       2.75699  RMSG = 4.8252035e-03
 MIN: Iter =   41  NFunc =   818  E =       2.75698  RMSG = 2.1735029e-03
 MIN: Iter =   42  NFunc =   833  E =       2.75697  RMSG = 1.1946030e-03
 MIN: Iter =   43  NFunc =   844  E =       2.75697  RMSG = 9.1614961e-04
 MIN: Iter =   44  NFunc =   894  E =       2.75697  RMSG = 5.4508037e-04
 MIN: Iter =   45  NFunc =   944  E =       2.75697  RMSG = 5.0348198e-04
 MIN: Iter =   46  NFunc =   956  E =       2.75697  RMSG = 3.6608520e-04
----------------------------------------------------------------
 END:          :-)  E =       2.75697  RMSG =   0.0003661

     bond:      2.472015284
    angle:     17.877805864
 dihedral:     11.211059704
    enb14:      8.959977015
    eel14:     35.020812671
      enb:     -3.450457148
      eel:    -43.828840224
      egb:    -25.505407758
    econs:      0.000000000
    esurf:      0.000000000
    Total:      2.756965410
     frms:      0.000366085
====== rms.dat  ======================================================
#Frame      all_heavy
       1       0.6150
