====== tleap.out =====================================================
-I: Adding /home/case/amber24/dat/leap/prep to search path.
-I: Adding /home/case/amber24/dat/leap/lib to search path.
-I: Adding /home/case/amber24/dat/leap/parm to search path.
-I: Adding /home/case/amber24/dat/leap/cmd to search path.
-f: Source leap.in.

Welcome to LEaP!
(no leaprc in search path)
Sourcing: ./leap.in
Using Bondi radii
----- Source: /home/case/amber24/dat/leap/cmd/leaprc.gaff2
----- Source of /home/case/amber24/dat/leap/cmd/leaprc.gaff2 done
Log file: ./leap.log
Loading parameters: /home/case/amber24/dat/leap/parm/gaff2.dat
Reading title:
AMBER General Force Field for organic molecules (Version 2.2.20, March 2021)
Loading parameters: ./F77.frcmod
Reading force field modification type file (frcmod)
Reading title:
Remark line goes here
Loading Mol2 file: ./F77.mol2
Reading MOLECULE named F77
Checking Unit.

/home/case/amber24/bin/teLeap: Warning!
The unperturbed charge of the unit (-1.001000) is not zero.

/home/case/amber24/bin/teLeap: Note.
Ignoring the warning from Unit Checking.

Building topology.
"order_residues" off: keep input residue order.
Building atom parameters.
Building bond parameters.
Building angle parameters.
Building proper torsion parameters.
Building improper torsion parameters.
 total 14 improper torsions applied
Building H-Bond parameters.
Incorporating Non-Bonded adjustments.
Not Marking per-residue atom chain types.
Marking per-residue atom chain types.
  (Residues lacking connect0/connect1 - 
   these don't have chain types marked:

	res	total affected

	F77	1
  )
 (no restraints)
	Quit

Exiting LEaP: Errors = 0; Warnings = 1; Notes = 1.
====== min.o =========================================================
Reading parm file (F77.parm7)
title:
F77                                                                             
no velocities were found
no velocities were found
	mm_options:  ntpr=5
	mm_options:  gb=1
	mm_options:  kappa=0.10395
	mm_options:  rgbmax=99.
	mm_options:  cut=99.0
	mm_options:  wcons=0.
     bond:      4.437538645
    angle:      6.634665978
 dihedral:     16.656080129
    enb14:     10.225400094
    eel14:   -264.038768221
      enb:      2.285896085
      eel:    108.152705407
      egb:    -65.190668948
    econs:      0.000000000
    esurf:      0.000000000
    Total:   -180.837150831
     frms:     11.333856560
Starting TNCG minimisation
 MIN: Iter =    0  NFunc =     1  E =    -180.83715  RMSG = 1.1333857e+01
 MIN: Iter =    1  NFunc =     7  E =    -191.09311  RMSG = 2.7046097e+00
 MIN: Iter =    2  NFunc =    13  E =    -192.22303  RMSG = 7.9377043e-01
 MIN: Iter =    3  NFunc =    28  E =    -192.91114  RMSG = 8.3999085e-01
 MIN: Iter =    4  NFunc =    53  E =    -193.31486  RMSG = 4.6797158e-01
 MIN: Iter =    5  NFunc =    72  E =    -193.57492  RMSG = 3.6119894e-01
 MIN: Iter =    6  NFunc =    81  E =    -193.71705  RMSG = 4.0864324e-01
 MIN: Iter =    7  NFunc =    88  E =    -193.76773  RMSG = 2.3839637e-01
 MIN: Iter =    8  NFunc =    95  E =    -193.79387  RMSG = 1.7831778e-01
 MIN: Iter =    9  NFunc =   109  E =    -193.83024  RMSG = 1.7414081e-01
 MIN: Iter =   10  NFunc =   134  E =    -193.87802  RMSG = 2.0824873e-01
 MIN: Iter =   11  NFunc =   185  E =    -193.94523  RMSG = 3.0804941e-01
 MIN: Iter =   12  NFunc =   191  E =    -193.96686  RMSG = 1.4806654e-01
 MIN: Iter =   13  NFunc =   213  E =    -193.99631  RMSG = 3.0764998e-01
 MIN: Iter =   14  NFunc =   219  E =    -194.01074  RMSG = 1.1473347e-01
 MIN: Iter =   15  NFunc =   241  E =    -194.02049  RMSG = 2.2921313e-01
 MIN: Iter =   16  NFunc =   247  E =    -194.02718  RMSG = 7.0569374e-02
 MIN: Iter =   17  NFunc =   261  E =    -194.03007  RMSG = 3.4671626e-02
 MIN: Iter =   18  NFunc =   304  E =    -194.03616  RMSG = 5.9534153e-02
 MIN: Iter =   19  NFunc =   310  E =    -194.03679  RMSG = 2.7139445e-02
 MIN: Iter =   20  NFunc =   325  E =    -194.03787  RMSG = 2.0249421e-02
 MIN: Iter =   21  NFunc =   343  E =    -194.03820  RMSG = 9.4533577e-03
 MIN: Iter =   22  NFunc =   365  E =    -194.03833  RMSG = 6.9046637e-03
 MIN: Iter =   23  NFunc =   377  E =    -194.03836  RMSG = 4.1943349e-03
 MIN: Iter =   24  NFunc =   396  E =    -194.03838  RMSG = 1.9104657e-03
 MIN: Iter =   25  NFunc =   447  E =    -194.03846  RMSG = 6.7362358e-03
 MIN: Iter =   26  NFunc =   454  E =    -194.03848  RMSG = 3.0873763e-03
 MIN: Iter =   27  NFunc =   461  E =    -194.03848  RMSG = 1.4360412e-03
 MIN: Iter =   28  NFunc =   482  E =    -194.03848  RMSG = 7.2726281e-04
 MIN: Iter =   29  NFunc =   525  E =    -194.03848  RMSG = 6.4666436e-04
 MIN: Iter =   30  NFunc =   547  E =    -194.03848  RMSG = 3.6086858e-04
----------------------------------------------------------------
 END:          :-)  E =    -194.03848  RMSG =   0.0003609

     bond:      1.721306890
    angle:      5.435871314
 dihedral:     15.991251305
    enb14:      7.619105640
    eel14:   -266.763499055
      enb:     -3.101935472
      eel:    113.569969459
      egb:    -68.510553979
    econs:      0.000000000
    esurf:      0.000000000
    Total:   -194.038483897
     frms:      0.000360869
====== rms.dat  ======================================================
#Frame      all_heavy
       1       0.4983
