====== tleap.out =====================================================
-I: Adding /home/case/amber24/dat/leap/prep to search path.
-I: Adding /home/case/amber24/dat/leap/lib to search path.
-I: Adding /home/case/amber24/dat/leap/parm to search path.
-I: Adding /home/case/amber24/dat/leap/cmd to search path.
-f: Source leap.in.

Welcome to LEaP!
(no leaprc in search path)
Sourcing: ./leap.in
Using Bondi radii
----- Source: /home/case/amber24/dat/leap/cmd/leaprc.gaff2
----- Source of /home/case/amber24/dat/leap/cmd/leaprc.gaff2 done
Log file: ./leap.log
Loading parameters: /home/case/amber24/dat/leap/parm/gaff2.dat
Reading title:
AMBER General Force Field for organic molecules (Version 2.2.20, March 2021)
Loading parameters: ./F7A.frcmod
Reading force field modification type file (frcmod)
Reading title:
Remark line goes here
Loading Mol2 file: ./F7A.mol2
Reading MOLECULE named F7A
Checking Unit.
Building topology.
"order_residues" off: keep input residue order.
Building atom parameters.
Building bond parameters.
Building angle parameters.
Building proper torsion parameters.
Building improper torsion parameters.
 total 20 improper torsions applied
Building H-Bond parameters.
Incorporating Non-Bonded adjustments.
Not Marking per-residue atom chain types.
Marking per-residue atom chain types.
  (Residues lacking connect0/connect1 - 
   these don't have chain types marked:

	res	total affected

	F7A	1
  )
 (no restraints)
	Quit

Exiting LEaP: Errors = 0; Warnings = 0; Notes = 0.
====== min.o =========================================================
Reading parm file (F7A.parm7)
title:
F7A                                                                             
no velocities were found
no velocities were found
	mm_options:  ntpr=5
	mm_options:  gb=1
	mm_options:  kappa=0.10395
	mm_options:  rgbmax=99.
	mm_options:  cut=99.0
	mm_options:  wcons=0.
     bond:      1.339243073
    angle:      2.545362130
 dihedral:     13.876726595
    enb14:     12.981485820
    eel14:    -25.332885293
      enb:      0.990794243
      eel:     13.028236198
      egb:    -14.006023969
    econs:      0.000000000
    esurf:      0.000000000
    Total:      5.422938797
     frms:      7.032081803
Starting TNCG minimisation
 MIN: Iter =    0  NFunc =     1  E =       5.42294  RMSG = 7.0320818e+00
 MIN: Iter =    1  NFunc =     7  E =       0.31625  RMSG = 1.9992807e+00
 MIN: Iter =    2  NFunc =    20  E =      -1.55862  RMSG = 7.8557550e-01
 MIN: Iter =    3  NFunc =    71  E =      -2.03249  RMSG = 8.2701496e-01
 MIN: Iter =    4  NFunc =    77  E =      -2.39681  RMSG = 8.2772722e-01
 MIN: Iter =    5  NFunc =    83  E =      -2.71416  RMSG = 6.9266674e-01
 MIN: Iter =    6  NFunc =    89  E =      -2.89899  RMSG = 5.1558670e-01
 MIN: Iter =    7  NFunc =    99  E =      -3.02746  RMSG = 3.2431147e-01
 MIN: Iter =    8  NFunc =   107  E =      -3.06213  RMSG = 1.5984406e-01
 MIN: Iter =    9  NFunc =   158  E =      -3.17290  RMSG = 3.0225817e-01
 MIN: Iter =   10  NFunc =   164  E =      -3.25886  RMSG = 4.0466263e-01
 MIN: Iter =   11  NFunc =   170  E =      -3.34749  RMSG = 3.0534913e-01
 MIN: Iter =   12  NFunc =   182  E =      -3.44072  RMSG = 3.5011222e-01
 MIN: Iter =   13  NFunc =   188  E =      -3.49591  RMSG = 2.8574227e-01
 MIN: Iter =   14  NFunc =   223  E =      -3.56424  RMSG = 3.3851938e-01
 MIN: Iter =   15  NFunc =   232  E =      -3.60269  RMSG = 1.6928271e-01
 MIN: Iter =   16  NFunc =   244  E =      -3.63110  RMSG = 1.8128435e-01
 MIN: Iter =   17  NFunc =   289  E =      -3.70934  RMSG = 3.5387311e-01
 MIN: Iter =   18  NFunc =   298  E =      -3.73981  RMSG = 1.5995763e-01
 MIN: Iter =   19  NFunc =   312  E =      -3.77453  RMSG = 2.5539721e-01
 MIN: Iter =   20  NFunc =   319  E =      -3.79144  RMSG = 1.1387225e-01
 MIN: Iter =   21  NFunc =   335  E =      -3.81010  RMSG = 1.3642384e-01
 MIN: Iter =   22  NFunc =   350  E =      -3.81958  RMSG = 6.6969290e-02
 MIN: Iter =   23  NFunc =   359  E =      -3.82174  RMSG = 3.8214987e-02
 MIN: Iter =   24  NFunc =   399  E =      -3.83126  RMSG = 1.1318688e-01
 MIN: Iter =   25  NFunc =   405  E =      -3.83334  RMSG = 3.9642514e-02
 MIN: Iter =   26  NFunc =   457  E =      -3.83935  RMSG = 4.1626438e-02
 MIN: Iter =   27  NFunc =   487  E =      -3.84348  RMSG = 1.7357689e-01
 MIN: Iter =   28  NFunc =   493  E =      -3.84631  RMSG = 5.0726988e-02
 MIN: Iter =   29  NFunc =   500  E =      -3.84734  RMSG = 2.5340361e-02
 MIN: Iter =   30  NFunc =   546  E =      -3.85052  RMSG = 3.9581234e-02
 MIN: Iter =   31  NFunc =   562  E =      -3.85345  RMSG = 5.5481360e-02
 MIN: Iter =   32  NFunc =   572  E =      -3.85682  RMSG = 7.4751230e-02
 MIN: Iter =   33  NFunc =   578  E =      -3.86020  RMSG = 1.5908748e-01
 MIN: Iter =   34  NFunc =   585  E =      -3.86382  RMSG = 5.6312194e-02
 MIN: Iter =   35  NFunc =   592  E =      -3.86545  RMSG = 7.5200330e-02
 MIN: Iter =   36  NFunc =   606  E =      -3.86760  RMSG = 2.7769026e-02
 MIN: Iter =   37  NFunc =   620  E =      -3.86827  RMSG = 2.0832391e-02
 MIN: Iter =   38  NFunc =   638  E =      -3.86858  RMSG = 9.6032961e-03
 MIN: Iter =   39  NFunc =   671  E =      -3.86881  RMSG = 7.2337316e-03
 MIN: Iter =   40  NFunc =   687  E =      -3.86886  RMSG = 5.1096728e-03
 MIN: Iter =   41  NFunc =   704  E =      -3.86890  RMSG = 3.5923774e-03
 MIN: Iter =   42  NFunc =   724  E =      -3.86892  RMSG = 2.2134385e-03
 MIN: Iter =   43  NFunc =   730  E =      -3.86892  RMSG = 1.3699899e-03
 MIN: Iter =   44  NFunc =   754  E =      -3.86892  RMSG = 9.1091550e-04
 MIN: Iter =   45  NFunc =   793  E =      -3.86893  RMSG = 6.3159668e-04
 MIN: Iter =   46  NFunc =   843  E =      -3.86894  RMSG = 1.3431771e-03
 MIN: Iter =   47  NFunc =   862  E =      -3.86894  RMSG = 7.4657488e-04
 MIN: Iter =   48  NFunc =   886  E =      -3.86894  RMSG = 6.7935230e-04
 MIN: Iter =   49  NFunc =   909  E =      -3.86894  RMSG = 3.5604367e-04
----------------------------------------------------------------
 END:          :-)  E =      -3.86894  RMSG =   0.0003560

     bond:      1.814634969
    angle:      2.839285303
 dihedral:      8.416389566
    enb14:      9.913744060
    eel14:    -25.447643160
      enb:     -0.406282523
      eel:     13.957213768
      egb:    -14.956281361
    econs:      0.000000000
    esurf:      0.000000000
    Total:     -3.868939379
     frms:      0.000356044
====== rms.dat  ======================================================
#Frame      all_heavy
       1       0.7251
