====== tleap.out =====================================================
-I: Adding /home/case/amber24/dat/leap/prep to search path.
-I: Adding /home/case/amber24/dat/leap/lib to search path.
-I: Adding /home/case/amber24/dat/leap/parm to search path.
-I: Adding /home/case/amber24/dat/leap/cmd to search path.
-f: Source leap.in.

Welcome to LEaP!
(no leaprc in search path)
Sourcing: ./leap.in
Using Bondi radii
----- Source: /home/case/amber24/dat/leap/cmd/leaprc.gaff2
----- Source of /home/case/amber24/dat/leap/cmd/leaprc.gaff2 done
Log file: ./leap.log
Loading parameters: /home/case/amber24/dat/leap/parm/gaff2.dat
Reading title:
AMBER General Force Field for organic molecules (Version 2.2.20, March 2021)
Loading parameters: ./F8M.frcmod
Reading force field modification type file (frcmod)
Reading title:
Remark line goes here
Loading Mol2 file: ./F8M.mol2
Reading MOLECULE named F8M
Checking Unit.

/home/case/amber24/bin/teLeap: Warning!
The unperturbed charge of the unit (-0.998002) is not zero.

/home/case/amber24/bin/teLeap: Note.
Ignoring the warning from Unit Checking.

Building topology.
"order_residues" off: keep input residue order.
Building atom parameters.
Building bond parameters.
Building angle parameters.
Building proper torsion parameters.
Building improper torsion parameters.
 total 14 improper torsions applied
Building H-Bond parameters.
Incorporating Non-Bonded adjustments.
Not Marking per-residue atom chain types.
Marking per-residue atom chain types.
  (Residues lacking connect0/connect1 - 
   these don't have chain types marked:

	res	total affected

	F8M	1
  )
 (no restraints)
	Quit

Exiting LEaP: Errors = 0; Warnings = 1; Notes = 1.
====== min.o =========================================================
Reading parm file (F8M.parm7)
title:
F8M                                                                             
no velocities were found
no velocities were found
	mm_options:  ntpr=5
	mm_options:  gb=1
	mm_options:  kappa=0.10395
	mm_options:  rgbmax=99.
	mm_options:  cut=99.0
	mm_options:  wcons=0.
     bond:      4.821662744
    angle:      7.515085483
 dihedral:      1.416072692
    enb14:     14.090443880
    eel14:   -601.055129404
      enb:      1.122486056
      eel:    317.671782131
      egb:    -78.600970645
    econs:      0.000000000
    esurf:      0.000000000
    Total:   -333.018567064
     frms:     12.469855260
Starting TNCG minimisation
 MIN: Iter =    0  NFunc =     1  E =    -333.01857  RMSG = 1.2469855e+01
 MIN: Iter =    1  NFunc =     7  E =    -343.05284  RMSG = 2.3222995e+00
 MIN: Iter =    2  NFunc =    14  E =    -344.44208  RMSG = 1.1415631e+00
 MIN: Iter =    3  NFunc =    26  E =    -344.93754  RMSG = 1.5234833e+00
 MIN: Iter =    4  NFunc =    55  E =    -345.14972  RMSG = 1.6838836e+00
 MIN: Iter =    5  NFunc =    67  E =    -345.44599  RMSG = 2.3656294e+00
 MIN: Iter =    6  NFunc =    73  E =    -345.75958  RMSG = 5.4142369e-01
 MIN: Iter =    7  NFunc =   104  E =    -345.90088  RMSG = 6.2157889e-01
 MIN: Iter =    8  NFunc =   112  E =    -346.01065  RMSG = 1.4028062e+00
 MIN: Iter =    9  NFunc =   118  E =    -346.15238  RMSG = 3.1181199e-01
 MIN: Iter =   10  NFunc =   125  E =    -346.19650  RMSG = 7.6797925e-01
 MIN: Iter =   11  NFunc =   131  E =    -346.22731  RMSG = 1.1761224e-01
 MIN: Iter =   12  NFunc =   139  E =    -346.23586  RMSG = 7.6530909e-02
 MIN: Iter =   13  NFunc =   190  E =    -346.25207  RMSG = 1.6249429e-01
 MIN: Iter =   14  NFunc =   197  E =    -346.25671  RMSG = 6.0142344e-02
 MIN: Iter =   15  NFunc =   211  E =    -346.25924  RMSG = 2.9357246e-02
 MIN: Iter =   16  NFunc =   237  E =    -346.26155  RMSG = 2.2438607e-02
 MIN: Iter =   17  NFunc =   247  E =    -346.26170  RMSG = 9.2371926e-03
 MIN: Iter =   18  NFunc =   257  E =    -346.26176  RMSG = 5.3092913e-03
 MIN: Iter =   19  NFunc =   308  E =    -346.26234  RMSG = 2.8642297e-02
 MIN: Iter =   20  NFunc =   315  E =    -346.26255  RMSG = 1.4159564e-02
 MIN: Iter =   21  NFunc =   353  E =    -346.26361  RMSG = 2.2964219e-02
 MIN: Iter =   22  NFunc =   374  E =    -346.26421  RMSG = 2.5163475e-02
 MIN: Iter =   23  NFunc =   380  E =    -346.26429  RMSG = 8.2086972e-03
 MIN: Iter =   24  NFunc =   393  E =    -346.26434  RMSG = 4.3770699e-03
 MIN: Iter =   25  NFunc =   426  E =    -346.26440  RMSG = 5.6600127e-03
 MIN: Iter =   26  NFunc =   443  E =    -346.26442  RMSG = 2.1943336e-03
 MIN: Iter =   27  NFunc =   494  E =    -346.26444  RMSG = 2.3481943e-03
 MIN: Iter =   28  NFunc =   504  E =    -346.26445  RMSG = 1.6078563e-03
 MIN: Iter =   29  NFunc =   525  E =    -346.26445  RMSG = 9.1355941e-04
 MIN: Iter =   30  NFunc =   535  E =    -346.26445  RMSG = 7.5485825e-04
 MIN: Iter =   31  NFunc =   546  E =    -346.26445  RMSG = 4.5572710e-04
----------------------------------------------------------------
 END:          :-)  E =    -346.26445  RMSG =   0.0004557

     bond:      1.776400224
    angle:      6.907174598
 dihedral:      4.718549187
    enb14:     11.664990250
    eel14:   -612.990836178
      enb:     -1.962090514
      eel:    324.096029629
      egb:    -80.474669447
    econs:      0.000000000
    esurf:      0.000000000
    Total:   -346.264452252
     frms:      0.000455727
====== rms.dat  ======================================================
#Frame      all_heavy
       1       0.1759
