====== tleap.out =====================================================
-I: Adding /home/case/amber24/dat/leap/prep to search path.
-I: Adding /home/case/amber24/dat/leap/lib to search path.
-I: Adding /home/case/amber24/dat/leap/parm to search path.
-I: Adding /home/case/amber24/dat/leap/cmd to search path.
-f: Source leap.in.

Welcome to LEaP!
(no leaprc in search path)
Sourcing: ./leap.in
Using Bondi radii
----- Source: /home/case/amber24/dat/leap/cmd/leaprc.gaff2
----- Source of /home/case/amber24/dat/leap/cmd/leaprc.gaff2 done
Log file: ./leap.log
Loading parameters: /home/case/amber24/dat/leap/parm/gaff2.dat
Reading title:
AMBER General Force Field for organic molecules (Version 2.2.20, March 2021)
Loading parameters: ./F9D.frcmod
Reading force field modification type file (frcmod)
Reading title:
Remark line goes here
Loading Mol2 file: ./F9D.mol2
Reading MOLECULE named F9D
Checking Unit.

/home/case/amber24/bin/teLeap: Warning!
The unperturbed charge of the unit (-1.000000) is not zero.

/home/case/amber24/bin/teLeap: Note.
Ignoring the warning from Unit Checking.

Building topology.
"order_residues" off: keep input residue order.
Building atom parameters.
Building bond parameters.
Building angle parameters.
Building proper torsion parameters.
Building improper torsion parameters.
 total 1 improper torsion applied
Building H-Bond parameters.
Incorporating Non-Bonded adjustments.
Not Marking per-residue atom chain types.
Marking per-residue atom chain types.
  (Residues lacking connect0/connect1 - 
   these don't have chain types marked:

	res	total affected

	F9D	1
  )
 (no restraints)
	Quit

Exiting LEaP: Errors = 0; Warnings = 1; Notes = 1.
====== min.o =========================================================
Reading parm file (F9D.parm7)
title:
F9D                                                                             
no velocities were found
no velocities were found
	mm_options:  ntpr=5
	mm_options:  gb=1
	mm_options:  kappa=0.10395
	mm_options:  rgbmax=99.
	mm_options:  cut=99.0
	mm_options:  wcons=0.
     bond:      1.208536290
    angle:      2.988781850
 dihedral:      5.305709756
    enb14:      3.406695990
    eel14:    188.273112862
      enb:     -0.452264800
      eel:   -100.859564048
      egb:    -82.786407671
    econs:      0.000000000
    esurf:      0.000000000
    Total:     17.084600229
     frms:     10.435660857
Starting TNCG minimisation
 MIN: Iter =    0  NFunc =     1  E =      17.08460  RMSG = 1.0435661e+01
 MIN: Iter =    1  NFunc =     5  E =      13.47716  RMSG = 8.7863389e+00
 MIN: Iter =    2  NFunc =    11  E =      10.91167  RMSG = 2.4241296e+00
 MIN: Iter =    3  NFunc =    16  E =      10.78424  RMSG = 3.4619336e+00
 MIN: Iter =    4  NFunc =    22  E =      10.50477  RMSG = 7.1774477e-01
 MIN: Iter =    5  NFunc =    38  E =      10.33174  RMSG = 8.7371642e-01
 MIN: Iter =    6  NFunc =    44  E =      10.24400  RMSG = 2.6510139e+00
 MIN: Iter =    7  NFunc =    50  E =      10.11626  RMSG = 3.3995348e-01
 MIN: Iter =    8  NFunc =    58  E =      10.10470  RMSG = 3.4682827e-01
 MIN: Iter =    9  NFunc =    65  E =      10.08932  RMSG = 3.0262404e-01
 MIN: Iter =   10  NFunc =    71  E =      10.08440  RMSG = 1.2048177e-01
 MIN: Iter =   11  NFunc =    86  E =      10.08288  RMSG = 1.3457613e-01
 MIN: Iter =   12  NFunc =   113  E =      10.07092  RMSG = 2.7560735e-01
 MIN: Iter =   13  NFunc =   119  E =      10.06144  RMSG = 8.6231435e-01
 MIN: Iter =   14  NFunc =   125  E =      10.04204  RMSG = 1.4326196e-01
 MIN: Iter =   15  NFunc =   132  E =      10.03382  RMSG = 2.7003784e-01
 MIN: Iter =   16  NFunc =   138  E =      10.02601  RMSG = 7.2762714e-01
 MIN: Iter =   17  NFunc =   144  E =      10.01441  RMSG = 9.4581674e-02
 MIN: Iter =   18  NFunc =   154  E =      10.00858  RMSG = 2.0935768e-01
 MIN: Iter =   19  NFunc =   160  E =      10.00240  RMSG = 4.4222406e-01
 MIN: Iter =   20  NFunc =   166  E =       9.99564  RMSG = 1.3342429e-01
 MIN: Iter =   21  NFunc =   179  E =       9.99243  RMSG = 1.3907601e-01
 MIN: Iter =   22  NFunc =   185  E =       9.98937  RMSG = 2.1721871e-01
 MIN: Iter =   23  NFunc =   194  E =       9.98814  RMSG = 1.6942870e-01
 MIN: Iter =   24  NFunc =   200  E =       9.98686  RMSG = 5.1075595e-02
 MIN: Iter =   25  NFunc =   220  E =       9.98453  RMSG = 4.2542461e-02
 MIN: Iter =   26  NFunc =   226  E =       9.98435  RMSG = 2.7947072e-02
 MIN: Iter =   27  NFunc =   240  E =       9.98416  RMSG = 2.3131398e-02
 MIN: Iter =   28  NFunc =   246  E =       9.98400  RMSG = 4.0643477e-02
 MIN: Iter =   29  NFunc =   252  E =       9.98389  RMSG = 1.6138917e-02
 MIN: Iter =   30  NFunc =   263  E =       9.98385  RMSG = 1.2608264e-02
 MIN: Iter =   31  NFunc =   269  E =       9.98380  RMSG = 2.4459693e-02
 MIN: Iter =   32  NFunc =   275  E =       9.98377  RMSG = 4.7719311e-03
 MIN: Iter =   33  NFunc =   294  E =       9.98376  RMSG = 4.6801728e-03
 MIN: Iter =   34  NFunc =   302  E =       9.98375  RMSG = 5.4362384e-03
 MIN: Iter =   35  NFunc =   311  E =       9.98374  RMSG = 2.0498997e-03
 MIN: Iter =   36  NFunc =   326  E =       9.98374  RMSG = 3.2133272e-03
 MIN: Iter =   37  NFunc =   337  E =       9.98374  RMSG = 1.6707184e-03
 MIN: Iter =   38  NFunc =   357  E =       9.98373  RMSG = 1.3211078e-03
 MIN: Iter =   39  NFunc =   365  E =       9.98373  RMSG = 5.8393142e-04
 MIN: Iter =   40  NFunc =   379  E =       9.98373  RMSG = 1.4217963e-04
----------------------------------------------------------------
 END:          :-)  E =       9.98373  RMSG =   0.0001422

     bond:      2.098983939
    angle:      4.852715955
 dihedral:      4.874412413
    enb14:      1.007903972
    eel14:    173.139478671
      enb:     -0.881804597
      eel:    -87.406426443
      egb:    -87.701531315
    econs:      0.000000000
    esurf:      0.000000000
    Total:      9.983732594
     frms:      0.000142180
====== rms.dat  ======================================================
#Frame      all_heavy
       1       0.3035
