====== tleap.out =====================================================
-I: Adding /home/case/amber24/dat/leap/prep to search path.
-I: Adding /home/case/amber24/dat/leap/lib to search path.
-I: Adding /home/case/amber24/dat/leap/parm to search path.
-I: Adding /home/case/amber24/dat/leap/cmd to search path.
-f: Source leap.in.

Welcome to LEaP!
(no leaprc in search path)
Sourcing: ./leap.in
Using Bondi radii
----- Source: /home/case/amber24/dat/leap/cmd/leaprc.gaff2
----- Source of /home/case/amber24/dat/leap/cmd/leaprc.gaff2 done
Log file: ./leap.log
Loading parameters: /home/case/amber24/dat/leap/parm/gaff2.dat
Reading title:
AMBER General Force Field for organic molecules (Version 2.2.20, March 2021)
Loading parameters: ./FDA.frcmod
Reading force field modification type file (frcmod)
Reading title:
Remark line goes here
Loading Mol2 file: ./FDA.mol2
Reading MOLECULE named FDA
Checking Unit.

/home/case/amber24/bin/teLeap: Warning!
The unperturbed charge of the unit (-1.998000) is not zero.

/home/case/amber24/bin/teLeap: Note.
Ignoring the warning from Unit Checking.

Building topology.
"order_residues" off: keep input residue order.
Building atom parameters.
Building bond parameters.
Building angle parameters.
Building proper torsion parameters.
Building improper torsion parameters.
 total 21 improper torsions applied
Building H-Bond parameters.
Incorporating Non-Bonded adjustments.
Not Marking per-residue atom chain types.
Marking per-residue atom chain types.
  (Residues lacking connect0/connect1 - 
   these don't have chain types marked:

	res	total affected

	FDA	1
  )
 (no restraints)
	Quit

Exiting LEaP: Errors = 0; Warnings = 1; Notes = 1.
====== min.o =========================================================
Reading parm file (FDA.parm7)
title:
FDA                                                                             
no velocities were found
no velocities were found
	mm_options:  ntpr=5
	mm_options:  gb=1
	mm_options:  kappa=0.10395
	mm_options:  rgbmax=99.
	mm_options:  cut=99.0
	mm_options:  wcons=0.
     bond:      5.629892243
    angle:     49.531858854
 dihedral:     89.109277945
    enb14:     26.177923537
    eel14:   -603.108396872
      enb:    -10.726105446
      eel:    255.048829673
      egb:   -257.566453510
    econs:      0.000000000
    esurf:      0.000000000
    Total:   -445.903173577
     frms:     15.464764109
Starting TNCG minimisation
 MIN: Iter =    0  NFunc =     1  E =    -445.90317  RMSG = 1.5464764e+01
 MIN: Iter =    1  NFunc =     7  E =    -480.70123  RMSG = 4.4568575e+00
 MIN: Iter =    2  NFunc =    15  E =    -487.86838  RMSG = 1.8766480e+00
 MIN: Iter =    3  NFunc =    32  E =    -489.43840  RMSG = 2.4764136e+00
 MIN: Iter =    4  NFunc =    57  E =    -490.79046  RMSG = 3.2179944e+00
 MIN: Iter =    5  NFunc =    71  E =    -493.40247  RMSG = 3.1054669e+00
 MIN: Iter =    6  NFunc =    77  E =    -495.65426  RMSG = 2.9976089e+00
 MIN: Iter =    7  NFunc =    83  E =    -497.88831  RMSG = 2.5693493e+00
 MIN: Iter =    8  NFunc =   101  E =    -499.32236  RMSG = 2.6707041e+00
 MIN: Iter =    9  NFunc =   110  E =    -500.95809  RMSG = 2.7018051e+00
 MIN: Iter =   10  NFunc =   116  E =    -502.88736  RMSG = 2.2101182e+00
 MIN: Iter =   11  NFunc =   122  E =    -504.07604  RMSG = 1.1815325e+00
 MIN: Iter =   12  NFunc =   132  E =    -504.56638  RMSG = 5.4102140e-01
 MIN: Iter =   13  NFunc =   183  E =    -505.13480  RMSG = 5.6541574e-01
 MIN: Iter =   14  NFunc =   197  E =    -505.51444  RMSG = 5.4609997e-01
 MIN: Iter =   15  NFunc =   206  E =    -505.87249  RMSG = 5.5418251e-01
 MIN: Iter =   16  NFunc =   212  E =    -506.11944  RMSG = 4.7109107e-01
 MIN: Iter =   17  NFunc =   218  E =    -506.28680  RMSG = 3.6307774e-01
 MIN: Iter =   18  NFunc =   225  E =    -506.39713  RMSG = 2.5666113e-01
 MIN: Iter =   19  NFunc =   268  E =    -506.65651  RMSG = 7.5703119e-01
 MIN: Iter =   20  NFunc =   319  E =    -507.04485  RMSG = 1.0261734e+00
 MIN: Iter =   21  NFunc =   325  E =    -507.29844  RMSG = 3.8949774e-01
 MIN: Iter =   22  NFunc =   360  E =    -507.71285  RMSG = 9.6426493e-01
 MIN: Iter =   23  NFunc =   366  E =    -508.00660  RMSG = 5.6623612e-01
 MIN: Iter =   24  NFunc =   377  E =    -508.26750  RMSG = 5.3566712e-01
 MIN: Iter =   25  NFunc =   390  E =    -508.40245  RMSG = 2.4346796e-01
 MIN: Iter =   26  NFunc =   441  E =    -508.62067  RMSG = 6.7685756e-01
 MIN: Iter =   27  NFunc =   447  E =    -508.76417  RMSG = 2.6052409e-01
 MIN: Iter =   28  NFunc =   498  E =    -509.01384  RMSG = 4.7871297e-01
 MIN: Iter =   29  NFunc =   523  E =    -509.24779  RMSG = 6.4382559e-01
 MIN: Iter =   30  NFunc =   536  E =    -509.50577  RMSG = 6.9386270e-01
 MIN: Iter =   31  NFunc =   543  E =    -509.77046  RMSG = 7.1818200e-01
 MIN: Iter =   32  NFunc =   549  E =    -510.04235  RMSG = 8.0134337e-01
 MIN: Iter =   33  NFunc =   555  E =    -510.35882  RMSG = 8.2332299e-01
 MIN: Iter =   34  NFunc =   561  E =    -510.69997  RMSG = 7.4776403e-01
 MIN: Iter =   35  NFunc =   568  E =    -511.08119  RMSG = 7.2781297e-01
 MIN: Iter =   36  NFunc =   619  E =    -511.67040  RMSG = 8.8370181e-01
 MIN: Iter =   37  NFunc =   670  E =    -512.34206  RMSG = 9.8743294e-01
 MIN: Iter =   38  NFunc =   679  E =    -512.96558  RMSG = 9.6300333e-01
 MIN: Iter =   39  NFunc =   685  E =    -513.56680  RMSG = 9.3033723e-01
 MIN: Iter =   40  NFunc =   691  E =    -514.14284  RMSG = 8.1645930e-01
 MIN: Iter =   41  NFunc =   697  E =    -514.71335  RMSG = 7.7562257e-01
 MIN: Iter =   42  NFunc =   703  E =    -515.25066  RMSG = 6.5233756e-01
 MIN: Iter =   43  NFunc =   709  E =    -515.62410  RMSG = 5.4794985e-01
 MIN: Iter =   44  NFunc =   760  E =    -516.30351  RMSG = 6.2844021e-01
 MIN: Iter =   45  NFunc =   785  E =    -517.03474  RMSG = 6.7243215e-01
 MIN: Iter =   46  NFunc =   797  E =    -517.72129  RMSG = 6.1610466e-01
 MIN: Iter =   47  NFunc =   803  E =    -518.18823  RMSG = 6.1030466e-01
 MIN: Iter =   48  NFunc =   809  E =    -518.50203  RMSG = 4.6252063e-01
 MIN: Iter =   49  NFunc =   859  E =    -519.00229  RMSG = 6.2465890e-01
 MIN: Iter =   50  NFunc =   885  E =    -519.67448  RMSG = 6.7470150e-01
 MIN: Iter =   51  NFunc =   898  E =    -520.27023  RMSG = 6.8268637e-01
 MIN: Iter =   52  NFunc =   906  E =    -520.59095  RMSG = 4.3605061e-01
 MIN: Iter =   53  NFunc =   957  E =    -521.19082  RMSG = 5.6378256e-01
 MIN: Iter =   54  NFunc =   985  E =    -521.67732  RMSG = 5.3721254e-01
 MIN: Iter =   55  NFunc =   999  E =    -522.07451  RMSG = 5.1019387e-01
 MIN: Iter =   56  NFunc =  1006  E =    -522.30797  RMSG = 4.0479461e-01
 MIN: Iter =   57  NFunc =  1019  E =    -522.47704  RMSG = 2.8547294e-01
 MIN: Iter =   58  NFunc =  1040  E =    -522.64294  RMSG = 3.0607249e-01
 MIN: Iter =   59  NFunc =  1078  E =    -522.82659  RMSG = 2.9927802e-01
 MIN: Iter =   60  NFunc =  1110  E =    -523.00632  RMSG = 5.0530064e-01
 MIN: Iter =   61  NFunc =  1116  E =    -523.06160  RMSG = 1.5635420e-01
 MIN: Iter =   62  NFunc =  1160  E =    -523.17024  RMSG = 2.0516308e-01
 MIN: Iter =   63  NFunc =  1184  E =    -523.25413  RMSG = 2.2548116e-01
 MIN: Iter =   64  NFunc =  1196  E =    -523.30155  RMSG = 1.5953581e-01
 MIN: Iter =   65  NFunc =  1213  E =    -523.34762  RMSG = 1.3490368e-01
 MIN: Iter =   66  NFunc =  1222  E =    -523.36105  RMSG = 6.7234925e-02
 MIN: Iter =   67  NFunc =  1268  E =    -523.42443  RMSG = 1.0522545e-01
 MIN: Iter =   68  NFunc =  1291  E =    -523.45731  RMSG = 9.1101984e-02
 MIN: Iter =   69  NFunc =  1330  E =    -523.48427  RMSG = 8.7406809e-02
 MIN: Iter =   70  NFunc =  1381  E =    -523.51132  RMSG = 1.0708154e-01
 MIN: Iter =   71  NFunc =  1422  E =    -523.54104  RMSG = 1.1938244e-01
 MIN: Iter =   72  NFunc =  1434  E =    -523.54924  RMSG = 4.7922357e-02
 MIN: Iter =   73  NFunc =  1485  E =    -523.57361  RMSG = 1.1050405e-01
 MIN: Iter =   74  NFunc =  1516  E =    -523.59039  RMSG = 6.2908898e-02
 MIN: Iter =   75  NFunc =  1537  E =    -523.59843  RMSG = 3.7950676e-02
 MIN: Iter =   76  NFunc =  1588  E =    -523.60712  RMSG = 6.4439983e-02
 MIN: Iter =   77  NFunc =  1599  E =    -523.60938  RMSG = 2.4919945e-02
 MIN: Iter =   78  NFunc =  1642  E =    -523.61411  RMSG = 5.3934885e-02
 MIN: Iter =   79  NFunc =  1649  E =    -523.61505  RMSG = 2.1215018e-02
 MIN: Iter =   80  NFunc =  1700  E =    -523.61811  RMSG = 2.9394639e-02
 MIN: Iter =   81  NFunc =  1751  E =    -523.62193  RMSG = 4.5449254e-02
 MIN: Iter =   82  NFunc =  1798  E =    -523.62601  RMSG = 2.9521835e-02
 MIN: Iter =   83  NFunc =  1849  E =    -523.62826  RMSG = 2.3887335e-02
 MIN: Iter =   84  NFunc =  1900  E =    -523.62975  RMSG = 1.2998681e-02
 MIN: Iter =   85  NFunc =  1951  E =    -523.63080  RMSG = 1.3476909e-02
 MIN: Iter =   86  NFunc =  1982  E =    -523.63112  RMSG = 5.2821687e-03
 MIN: Iter =   87  NFunc =  2033  E =    -523.63145  RMSG = 5.9847210e-03
 MIN: Iter =   88  NFunc =  2084  E =    -523.63171  RMSG = 6.7915958e-03
 MIN: Iter =   89  NFunc =  2094  E =    -523.63175  RMSG = 3.4864755e-03
 MIN: Iter =   90  NFunc =  2145  E =    -523.63187  RMSG = 4.0215240e-03
 MIN: Iter =   91  NFunc =  2176  E =    -523.63197  RMSG = 3.2837248e-03
 MIN: Iter =   92  NFunc =  2200  E =    -523.63201  RMSG = 2.2884760e-03
 MIN: Iter =   93  NFunc =  2243  E =    -523.63205  RMSG = 1.5609586e-03
 MIN: Iter =   94  NFunc =  2291  E =    -523.63206  RMSG = 8.3374448e-04
 MIN: Iter =   95  NFunc =  2315  E =    -523.63206  RMSG = 5.5629622e-04
 MIN: Iter =   96  NFunc =  2343  E =    -523.63207  RMSG = 3.9340503e-04
----------------------------------------------------------------
 END:          :-)  E =    -523.63207  RMSG =   0.0003934

     bond:      7.877007498
    angle:     34.552026420
 dihedral:     63.689197145
    enb14:     21.604138389
    eel14:   -638.031471902
      enb:     -8.114075296
      eel:    235.775844173
      egb:   -240.984732276
    econs:      0.000000000
    esurf:      0.000000000
    Total:   -523.632065849
     frms:      0.000393405
====== rms.dat  ======================================================
#Frame      all_heavy
       1       2.1626
