====== tleap.out =====================================================
-I: Adding /home/case/amber24/dat/leap/prep to search path.
-I: Adding /home/case/amber24/dat/leap/lib to search path.
-I: Adding /home/case/amber24/dat/leap/parm to search path.
-I: Adding /home/case/amber24/dat/leap/cmd to search path.
-f: Source leap.in.

Welcome to LEaP!
(no leaprc in search path)
Sourcing: ./leap.in
Using Bondi radii
----- Source: /home/case/amber24/dat/leap/cmd/leaprc.gaff2
----- Source of /home/case/amber24/dat/leap/cmd/leaprc.gaff2 done
Log file: ./leap.log
Loading parameters: /home/case/amber24/dat/leap/parm/gaff2.dat
Reading title:
AMBER General Force Field for organic molecules (Version 2.2.20, March 2021)
Loading parameters: ./FF3.frcmod
Reading force field modification type file (frcmod)
Reading title:
Remark line goes here
Loading Mol2 file: ./FF3.mol2
Reading MOLECULE named FF3
Checking Unit.
Building topology.
"order_residues" off: keep input residue order.
Building atom parameters.
Building bond parameters.
Building angle parameters.
Building proper torsion parameters.
Building improper torsion parameters.
 total 3 improper torsions applied
Building H-Bond parameters.
Incorporating Non-Bonded adjustments.
Not Marking per-residue atom chain types.
Marking per-residue atom chain types.
  (Residues lacking connect0/connect1 - 
   these don't have chain types marked:

	res	total affected

	FF3	1
  )
 (no restraints)
	Quit

Exiting LEaP: Errors = 0; Warnings = 0; Notes = 0.
====== min.o =========================================================
Reading parm file (FF3.parm7)
title:
FF3                                                                             
no velocities were found
no velocities were found
	mm_options:  ntpr=5
	mm_options:  gb=1
	mm_options:  kappa=0.10395
	mm_options:  rgbmax=99.
	mm_options:  cut=99.0
	mm_options:  wcons=0.
     bond:      3.886451822
    angle:      7.895592341
 dihedral:     21.725098174
    enb14:      1.860828777
    eel14:   -214.814024876
      enb:     -0.597489870
      eel:     54.672911043
      egb:    -26.588812496
    econs:      0.000000000
    esurf:      0.000000000
    Total:   -151.959445083
     frms:     18.694746828
Starting TNCG minimisation
 MIN: Iter =    0  NFunc =     1  E =    -151.95945  RMSG = 1.8694747e+01
 MIN: Iter =    1  NFunc =     6  E =    -161.47990  RMSG = 1.9332501e+01
 MIN: Iter =    2  NFunc =    12  E =    -170.64546  RMSG = 4.1132426e+00
 MIN: Iter =    3  NFunc =    18  E =    -172.03341  RMSG = 1.5813460e+00
 MIN: Iter =    4  NFunc =    25  E =    -172.19413  RMSG = 4.8859626e-01
 MIN: Iter =    5  NFunc =    35  E =    -172.27523  RMSG = 2.6348416e-01
 MIN: Iter =    6  NFunc =    44  E =    -172.28930  RMSG = 1.0577856e-01
 MIN: Iter =    7  NFunc =    61  E =    -172.29343  RMSG = 5.3412438e-02
 MIN: Iter =    8  NFunc =   100  E =    -172.30225  RMSG = 2.0829244e-01
 MIN: Iter =    9  NFunc =   106  E =    -172.30372  RMSG = 6.5127158e-02
 MIN: Iter =   10  NFunc =   130  E =    -172.31420  RMSG = 2.3233817e-01
 MIN: Iter =   11  NFunc =   137  E =    -172.31698  RMSG = 6.7963635e-02
 MIN: Iter =   12  NFunc =   155  E =    -172.33153  RMSG = 3.1885319e-01
 MIN: Iter =   13  NFunc =   163  E =    -172.33584  RMSG = 8.9576488e-02
 MIN: Iter =   14  NFunc =   181  E =    -172.35519  RMSG = 3.2799084e-01
 MIN: Iter =   15  NFunc =   199  E =    -172.37977  RMSG = 6.1653496e-01
 MIN: Iter =   16  NFunc =   205  E =    -172.42231  RMSG = 7.2026337e-01
 MIN: Iter =   17  NFunc =   211  E =    -172.47522  RMSG = 7.3812552e-01
 MIN: Iter =   18  NFunc =   217  E =    -172.53368  RMSG = 8.7864745e-01
 MIN: Iter =   19  NFunc =   223  E =    -172.60453  RMSG = 6.7630284e-01
 MIN: Iter =   20  NFunc =   229  E =    -172.66072  RMSG = 1.2496046e+00
 MIN: Iter =   21  NFunc =   235  E =    -172.74343  RMSG = 3.0082878e-01
 MIN: Iter =   22  NFunc =   242  E =    -172.78215  RMSG = 5.4902221e-01
 MIN: Iter =   23  NFunc =   248  E =    -172.83414  RMSG = 7.5325619e-01
 MIN: Iter =   24  NFunc =   256  E =    -172.88325  RMSG = 4.5247642e-01
 MIN: Iter =   25  NFunc =   263  E =    -172.90740  RMSG = 5.2422900e-01
 MIN: Iter =   26  NFunc =   269  E =    -172.92218  RMSG = 2.0186806e-01
 MIN: Iter =   27  NFunc =   283  E =    -172.93762  RMSG = 7.2749668e-01
 MIN: Iter =   28  NFunc =   291  E =    -172.95410  RMSG = 1.5009941e-01
 MIN: Iter =   29  NFunc =   297  E =    -172.95663  RMSG = 6.2805354e-02
 MIN: Iter =   30  NFunc =   307  E =    -172.95770  RMSG = 2.9076276e-02
 MIN: Iter =   31  NFunc =   316  E =    -172.95803  RMSG = 2.1961729e-02
 MIN: Iter =   32  NFunc =   330  E =    -172.95830  RMSG = 1.7135883e-02
 MIN: Iter =   33  NFunc =   336  E =    -172.95834  RMSG = 9.7857991e-03
 MIN: Iter =   34  NFunc =   342  E =    -172.95835  RMSG = 7.0920340e-03
 MIN: Iter =   35  NFunc =   366  E =    -172.95843  RMSG = 4.2972769e-03
 MIN: Iter =   36  NFunc =   373  E =    -172.95843  RMSG = 2.5480911e-03
 MIN: Iter =   37  NFunc =   392  E =    -172.95845  RMSG = 3.6465653e-03
 MIN: Iter =   38  NFunc =   400  E =    -172.95845  RMSG = 1.8830310e-03
 MIN: Iter =   39  NFunc =   406  E =    -172.95845  RMSG = 9.1077001e-04
 MIN: Iter =   40  NFunc =   431  E =    -172.95845  RMSG = 5.5873307e-04
 MIN: Iter =   41  NFunc =   437  E =    -172.95845  RMSG = 3.2161193e-04
----------------------------------------------------------------
 END:          :-)  E =    -172.95845  RMSG =   0.0003216

     bond:      1.459463545
    angle:      6.757058941
 dihedral:     20.901324732
    enb14:      0.713933724
    eel14:   -228.865573334
      enb:     -1.119196735
      eel:     54.020685036
      egb:    -26.826147719
    econs:      0.000000000
    esurf:      0.000000000
    Total:   -172.958451810
     frms:      0.000321612
====== rms.dat  ======================================================
#Frame      all_heavy
       1       0.6607
