====== tleap.out =====================================================
-I: Adding /home/case/amber24/dat/leap/prep to search path.
-I: Adding /home/case/amber24/dat/leap/lib to search path.
-I: Adding /home/case/amber24/dat/leap/parm to search path.
-I: Adding /home/case/amber24/dat/leap/cmd to search path.
-f: Source leap.in.

Welcome to LEaP!
(no leaprc in search path)
Sourcing: ./leap.in
Using Bondi radii
----- Source: /home/case/amber24/dat/leap/cmd/leaprc.gaff2
----- Source of /home/case/amber24/dat/leap/cmd/leaprc.gaff2 done
Log file: ./leap.log
Loading parameters: /home/case/amber24/dat/leap/parm/gaff2.dat
Reading title:
AMBER General Force Field for organic molecules (Version 2.2.20, March 2021)
Loading parameters: ./FHO.frcmod
Reading force field modification type file (frcmod)
Reading title:
Remark line goes here
Loading Mol2 file: ./FHO.mol2
Reading MOLECULE named FHO
Checking Unit.

/home/case/amber24/bin/teLeap: Warning!
The unperturbed charge of the unit (-1.000000) is not zero.

/home/case/amber24/bin/teLeap: Note.
Ignoring the warning from Unit Checking.

Building topology.
"order_residues" off: keep input residue order.
Building atom parameters.
Building bond parameters.
Building angle parameters.
Building proper torsion parameters.
Building improper torsion parameters.
 total 3 improper torsions applied
Building H-Bond parameters.
Incorporating Non-Bonded adjustments.
Not Marking per-residue atom chain types.
Marking per-residue atom chain types.
  (Residues lacking connect0/connect1 - 
   these don't have chain types marked:

	res	total affected

	FHO	1
  )
 (no restraints)
	Quit

Exiting LEaP: Errors = 0; Warnings = 1; Notes = 1.
====== min.o =========================================================
Reading parm file (FHO.parm7)
title:
FHO                                                                             
no velocities were found
no velocities were found
	mm_options:  ntpr=5
	mm_options:  gb=1
	mm_options:  kappa=0.10395
	mm_options:  rgbmax=99.
	mm_options:  cut=99.0
	mm_options:  wcons=0.
     bond:      2.560192029
    angle:      5.234854545
 dihedral:      8.105049448
    enb14:      3.492845684
    eel14:    235.770864180
      enb:     -1.406281833
      eel:   -144.760642742
      egb:    -87.182573823
    econs:      0.000000000
    esurf:      0.000000000
    Total:     21.814307488
     frms:     12.289632512
Starting TNCG minimisation
 MIN: Iter =    0  NFunc =     1  E =      21.81431  RMSG = 1.2289633e+01
 MIN: Iter =    1  NFunc =     7  E =      12.88077  RMSG = 3.4210612e+00
 MIN: Iter =    2  NFunc =    15  E =      11.70254  RMSG = 1.0182184e+00
 MIN: Iter =    3  NFunc =    29  E =      11.40215  RMSG = 7.4960901e-01
 MIN: Iter =    4  NFunc =    50  E =      11.21715  RMSG = 1.5777525e+00
 MIN: Iter =    5  NFunc =    58  E =      11.11128  RMSG = 3.3721179e-01
 MIN: Iter =    6  NFunc =    66  E =      11.06351  RMSG = 7.1007523e-01
 MIN: Iter =    7  NFunc =    79  E =      11.02340  RMSG = 1.7634590e-01
 MIN: Iter =    8  NFunc =    95  E =      11.00195  RMSG = 1.2843008e-01
 MIN: Iter =    9  NFunc =   103  E =      10.99937  RMSG = 4.5278936e-02
 MIN: Iter =   10  NFunc =   116  E =      10.99774  RMSG = 2.8350625e-02
 MIN: Iter =   11  NFunc =   140  E =      10.99721  RMSG = 1.8327201e-02
 MIN: Iter =   12  NFunc =   152  E =      10.99714  RMSG = 8.1162081e-03
 MIN: Iter =   13  NFunc =   161  E =      10.99713  RMSG = 4.3776065e-03
 MIN: Iter =   14  NFunc =   167  E =      10.99712  RMSG = 2.3348204e-03
 MIN: Iter =   15  NFunc =   175  E =      10.99712  RMSG = 1.5932494e-03
 MIN: Iter =   16  NFunc =   182  E =      10.99712  RMSG = 8.6007511e-04
 MIN: Iter =   17  NFunc =   200  E =      10.99712  RMSG = 6.5163498e-04
 MIN: Iter =   18  NFunc =   206  E =      10.99712  RMSG = 6.8579185e-04
 MIN: Iter =   19  NFunc =   220  E =      10.99712  RMSG = 5.0844889e-04
 MIN: Iter =   20  NFunc =   239  E =      10.99712  RMSG = 4.5582701e-04
----------------------------------------------------------------
 END:          :-)  E =      10.99712  RMSG =   0.0004558

     bond:      2.145126437
    angle:      5.415274110
 dihedral:      7.575141400
    enb14:      1.633768594
    eel14:    220.481158246
      enb:     -1.731522601
      eel:   -133.394208654
      egb:    -91.127621659
    econs:      0.000000000
    esurf:      0.000000000
    Total:     10.997115872
     frms:      0.000455827
====== rms.dat  ======================================================
#Frame      all_heavy
       1       0.2237
