====== tleap.out =====================================================
-I: Adding /home/case/amber24/dat/leap/prep to search path.
-I: Adding /home/case/amber24/dat/leap/lib to search path.
-I: Adding /home/case/amber24/dat/leap/parm to search path.
-I: Adding /home/case/amber24/dat/leap/cmd to search path.
-f: Source leap.in.

Welcome to LEaP!
(no leaprc in search path)
Sourcing: ./leap.in
Using Bondi radii
----- Source: /home/case/amber24/dat/leap/cmd/leaprc.gaff2
----- Source of /home/case/amber24/dat/leap/cmd/leaprc.gaff2 done
Log file: ./leap.log
Loading parameters: /home/case/amber24/dat/leap/parm/gaff2.dat
Reading title:
AMBER General Force Field for organic molecules (Version 2.2.20, March 2021)
Loading parameters: ./FJK.frcmod
Reading force field modification type file (frcmod)
Reading title:
Remark line goes here
Loading Mol2 file: ./FJK.mol2
Reading MOLECULE named FJK
Checking Unit.
Building topology.
"order_residues" off: keep input residue order.
Building atom parameters.
Building bond parameters.
Building angle parameters.
Building proper torsion parameters.
Building improper torsion parameters.
 total 27 improper torsions applied
Building H-Bond parameters.
Incorporating Non-Bonded adjustments.
Not Marking per-residue atom chain types.
Marking per-residue atom chain types.
  (Residues lacking connect0/connect1 - 
   these don't have chain types marked:

	res	total affected

	FJK	1
  )
 (no restraints)
	Quit

Exiting LEaP: Errors = 0; Warnings = 0; Notes = 0.
====== min.o =========================================================
Reading parm file (FJK.parm7)
title:
FJK                                                                             
no velocities were found
no velocities were found
	mm_options:  ntpr=5
	mm_options:  gb=1
	mm_options:  kappa=0.10395
	mm_options:  rgbmax=99.
	mm_options:  cut=99.0
	mm_options:  wcons=0.
     bond:     10.872394876
    angle:     23.081252822
 dihedral:     27.826309472
    enb14:     24.885733319
    eel14:   -203.644014953
      enb:     -9.747265493
      eel:     80.721006951
      egb:    -44.562156537
    econs:      0.000000000
    esurf:      0.000000000
    Total:    -90.566739542
     frms:     12.726918237
Starting TNCG minimisation
 MIN: Iter =    0  NFunc =     1  E =     -90.56674  RMSG = 1.2726918e+01
 MIN: Iter =    1  NFunc =     7  E =    -111.15771  RMSG = 3.1977103e+00
 MIN: Iter =    2  NFunc =    15  E =    -116.55809  RMSG = 1.2758490e+00
 MIN: Iter =    3  NFunc =    50  E =    -118.89501  RMSG = 1.0520560e+00
 MIN: Iter =    4  NFunc =    67  E =    -120.56151  RMSG = 1.0332843e+00
 MIN: Iter =    5  NFunc =    75  E =    -121.33175  RMSG = 5.6855914e-01
 MIN: Iter =    6  NFunc =    95  E =    -121.76143  RMSG = 5.3030534e-01
 MIN: Iter =    7  NFunc =   109  E =    -121.89711  RMSG = 1.6864728e-01
 MIN: Iter =    8  NFunc =   126  E =    -121.93428  RMSG = 7.6718911e-02
 MIN: Iter =    9  NFunc =   152  E =    -121.95466  RMSG = 6.2256950e-02
 MIN: Iter =   10  NFunc =   198  E =    -121.96682  RMSG = 5.3672425e-02
 MIN: Iter =   11  NFunc =   249  E =    -121.97709  RMSG = 4.7559265e-02
 MIN: Iter =   12  NFunc =   300  E =    -121.98784  RMSG = 3.7891456e-02
 MIN: Iter =   13  NFunc =   351  E =    -121.99792  RMSG = 7.2299987e-02
 MIN: Iter =   14  NFunc =   379  E =    -122.00383  RMSG = 2.6345310e-02
 MIN: Iter =   15  NFunc =   411  E =    -122.00683  RMSG = 1.9761005e-02
 MIN: Iter =   16  NFunc =   462  E =    -122.00946  RMSG = 2.2553244e-02
 MIN: Iter =   17  NFunc =   513  E =    -122.01114  RMSG = 2.1562368e-02
 MIN: Iter =   18  NFunc =   564  E =    -122.01405  RMSG = 5.8843178e-02
 MIN: Iter =   19  NFunc =   570  E =    -122.01503  RMSG = 1.6932144e-02
 MIN: Iter =   20  NFunc =   603  E =    -122.01669  RMSG = 1.6666928e-02
 MIN: Iter =   21  NFunc =   654  E =    -122.01746  RMSG = 1.0269842e-02
 MIN: Iter =   22  NFunc =   675  E =    -122.01778  RMSG = 6.9664207e-03
 MIN: Iter =   23  NFunc =   700  E =    -122.01796  RMSG = 4.6166596e-03
 MIN: Iter =   24  NFunc =   751  E =    -122.01821  RMSG = 7.3409384e-03
 MIN: Iter =   25  NFunc =   800  E =    -122.01859  RMSG = 5.0450529e-03
 MIN: Iter =   26  NFunc =   851  E =    -122.01873  RMSG = 3.6466956e-03
 MIN: Iter =   27  NFunc =   902  E =    -122.01879  RMSG = 2.5960416e-03
 MIN: Iter =   28  NFunc =   953  E =    -122.01885  RMSG = 2.1102442e-03
 MIN: Iter =   29  NFunc =  1002  E =    -122.01888  RMSG = 1.5321500e-03
 MIN: Iter =   30  NFunc =  1042  E =    -122.01890  RMSG = 9.9946091e-04
 MIN: Iter =   31  NFunc =  1093  E =    -122.01891  RMSG = 1.1425450e-03
 MIN: Iter =   32  NFunc =  1144  E =    -122.01893  RMSG = 1.2616831e-03
 MIN: Iter =   33  NFunc =  1195  E =    -122.01894  RMSG = 1.0535335e-03
 MIN: Iter =   34  NFunc =  1246  E =    -122.01894  RMSG = 8.6753861e-04
 MIN: Iter =   35  NFunc =  1274  E =    -122.01895  RMSG = 6.3595460e-04
 MIN: Iter =   36  NFunc =  1325  E =    -122.01895  RMSG = 6.6994743e-04
 MIN: Iter =   37  NFunc =  1376  E =    -122.01896  RMSG = 5.2688566e-04
 MIN: Iter =   38  NFunc =  1398  E =    -122.01896  RMSG = 2.3729131e-04
----------------------------------------------------------------
 END:          :-)  E =    -122.01896  RMSG =   0.0002373

     bond:      2.476159905
    angle:     17.304287826
 dihedral:     22.775679191
    enb14:     18.447469974
    eel14:   -202.583564346
      enb:    -13.122135359
      eel:     78.386237474
      egb:    -45.703090424
    econs:      0.000000000
    esurf:      0.000000000
    Total:   -122.018955759
     frms:      0.000237291
====== rms.dat  ======================================================
#Frame      all_heavy
       1       0.2891
