====== tleap.out =====================================================
-I: Adding /home/case/amber24/dat/leap/prep to search path.
-I: Adding /home/case/amber24/dat/leap/lib to search path.
-I: Adding /home/case/amber24/dat/leap/parm to search path.
-I: Adding /home/case/amber24/dat/leap/cmd to search path.
-f: Source leap.in.

Welcome to LEaP!
(no leaprc in search path)
Sourcing: ./leap.in
Using Bondi radii
----- Source: /home/case/amber24/dat/leap/cmd/leaprc.gaff2
----- Source of /home/case/amber24/dat/leap/cmd/leaprc.gaff2 done
Log file: ./leap.log
Loading parameters: /home/case/amber24/dat/leap/parm/gaff2.dat
Reading title:
AMBER General Force Field for organic molecules (Version 2.2.20, March 2021)
Loading parameters: ./FKC.frcmod
Reading force field modification type file (frcmod)
Reading title:
Remark line goes here
Loading Mol2 file: ./FKC.mol2
Reading MOLECULE named FKC
Checking Unit.

/home/case/amber24/bin/teLeap: Warning!
The unperturbed charge of the unit (-0.999003) is not zero.

/home/case/amber24/bin/teLeap: Note.
Ignoring the warning from Unit Checking.

Building topology.
"order_residues" off: keep input residue order.
Building atom parameters.
Building bond parameters.
Building angle parameters.
Building proper torsion parameters.
Building improper torsion parameters.
 total 1 improper torsion applied
Building H-Bond parameters.
Incorporating Non-Bonded adjustments.
Not Marking per-residue atom chain types.
Marking per-residue atom chain types.
  (Residues lacking connect0/connect1 - 
   these don't have chain types marked:

	res	total affected

	FKC	1
  )
 (no restraints)
	Quit

Exiting LEaP: Errors = 0; Warnings = 1; Notes = 1.
====== min.o =========================================================
Reading parm file (FKC.parm7)
title:
FKC                                                                             
no velocities were found
no velocities were found
	mm_options:  ntpr=5
	mm_options:  gb=1
	mm_options:  kappa=0.10395
	mm_options:  rgbmax=99.
	mm_options:  cut=99.0
	mm_options:  wcons=0.
     bond:      2.128702288
    angle:     12.593007615
 dihedral:     51.820428255
    enb14:  19027.024197138
    eel14:    -34.211230694
      enb:      0.022315898
      eel:      4.914923557
      egb:    -77.185012949
    econs:      0.000000000
    esurf:      0.000000000
    Total:  18987.107331107
     frms:  16262.734819256
Starting TNCG minimisation
 MIN: Iter =    0  NFunc =     1  E =   18987.10733  RMSG = 1.6262735e+04
 MIN: Iter =    1  NFunc =     5  E =    7796.27687  RMSG = 6.1988377e+03
 MIN: Iter =    2  NFunc =     9  E =    3231.31795  RMSG = 2.3573507e+03
 MIN: Iter =    3  NFunc =    13  E =    1400.07026  RMSG = 8.8981286e+02
 MIN: Iter =    4  NFunc =    18  E =     679.09165  RMSG = 3.2697902e+02
 MIN: Iter =    5  NFunc =    23  E =     425.30040  RMSG = 1.1130325e+02
 MIN: Iter =    6  NFunc =    29  E =     373.68095  RMSG = 7.0362538e+01
 MIN: Iter =    7  NFunc =    35  E =     352.82214  RMSG = 3.9220626e+01
 MIN: Iter =    8  NFunc =    42  E =     330.73165  RMSG = 1.2702736e+01
 MIN: Iter =    9  NFunc =    48  E =     320.18831  RMSG = 3.0209627e+00
 MIN: Iter =   10  NFunc =    65  E =     317.08434  RMSG = 3.3034077e+00
 MIN: Iter =   11  NFunc =    87  E =     313.51545  RMSG = 3.7354605e+00
 MIN: Iter =   12  NFunc =   100  E =     305.56581  RMSG = 3.5791614e+00
 MIN: Iter =   13  NFunc =   109  E =     300.80916  RMSG = 2.9081454e+00
 MIN: Iter =   14  NFunc =   115  E =     298.11369  RMSG = 1.6741442e+00
 MIN: Iter =   15  NFunc =   122  E =     296.83377  RMSG = 1.0397413e+00
 MIN: Iter =   16  NFunc =   132  E =     296.04203  RMSG = 1.0062278e+00
 MIN: Iter =   17  NFunc =   140  E =     295.76348  RMSG = 5.4851329e-01
 MIN: Iter =   18  NFunc =   162  E =     295.23238  RMSG = 3.3098338e-01
 MIN: Iter =   19  NFunc =   174  E =     295.09049  RMSG = 2.2274961e-01
 MIN: Iter =   20  NFunc =   184  E =     295.05964  RMSG = 2.3544460e-01
 MIN: Iter =   21  NFunc =   196  E =     295.03213  RMSG = 1.3379645e-01
 MIN: Iter =   22  NFunc =   208  E =     295.00531  RMSG = 1.2218901e-01
 MIN: Iter =   23  NFunc =   218  E =     294.99301  RMSG = 1.1235867e-01
 MIN: Iter =   24  NFunc =   228  E =     294.98482  RMSG = 5.6118324e-02
 MIN: Iter =   25  NFunc =   252  E =     294.97505  RMSG = 4.2063564e-02
 MIN: Iter =   26  NFunc =   271  E =     294.97116  RMSG = 3.5763234e-02
 MIN: Iter =   27  NFunc =   295  E =     294.96917  RMSG = 3.1058444e-02
 MIN: Iter =   28  NFunc =   330  E =     294.96799  RMSG = 1.4940621e-02
 MIN: Iter =   29  NFunc =   357  E =     294.96726  RMSG = 1.5969444e-02
 MIN: Iter =   30  NFunc =   391  E =     294.96659  RMSG = 1.0419817e-02
 MIN: Iter =   31  NFunc =   402  E =     294.96649  RMSG = 9.5447838e-03
 MIN: Iter =   32  NFunc =   417  E =     294.96639  RMSG = 7.3085863e-03
 MIN: Iter =   33  NFunc =   430  E =     294.96632  RMSG = 4.7938684e-03
 MIN: Iter =   34  NFunc =   441  E =     294.96628  RMSG = 6.2500365e-03
 MIN: Iter =   35  NFunc =   456  E =     294.96624  RMSG = 3.9640621e-03
 MIN: Iter =   36  NFunc =   467  E =     294.96620  RMSG = 5.1534297e-03
 MIN: Iter =   37  NFunc =   482  E =     294.96617  RMSG = 2.9778052e-03
 MIN: Iter =   38  NFunc =   493  E =     294.96616  RMSG = 4.2417389e-03
 MIN: Iter =   39  NFunc =   500  E =     294.96615  RMSG = 2.3561729e-03
 MIN: Iter =   40  NFunc =   509  E =     294.96615  RMSG = 3.0628285e-03
 MIN: Iter =   41  NFunc =   520  E =     294.96614  RMSG = 2.0393511e-03
 MIN: Iter =   42  NFunc =   531  E =     294.96614  RMSG = 2.4902108e-03
 MIN: Iter =   43  NFunc =   541  E =     294.96613  RMSG = 1.6588786e-03
 MIN: Iter =   44  NFunc =   557  E =     294.96612  RMSG = 1.6833377e-03
 MIN: Iter =   45  NFunc =   569  E =     294.96612  RMSG = 1.1480250e-03
 MIN: Iter =   46  NFunc =   576  E =     294.96612  RMSG = 9.4489532e-04
 MIN: Iter =   47  NFunc =   592  E =     294.96612  RMSG = 7.7212624e-04
 MIN: Iter =   48  NFunc =   604  E =     294.96612  RMSG = 4.5588428e-04
----------------------------------------------------------------
 END:          :-)  E =     294.96612  RMSG =   0.0004559

     bond:    232.537894449
    angle:     13.345407031
 dihedral:     37.704207487
    enb14:    124.481801600
    eel14:    -33.932343208
      enb:     -5.480770240
      eel:      4.657610942
      egb:    -78.347688680
    econs:      0.000000000
    esurf:      0.000000000
    Total:    294.966119382
     frms:      0.000455884
====== rms.dat  ======================================================
#Frame      all_heavy
       1       0.3945
