====== tleap.out =====================================================
-I: Adding /home/case/amber24/dat/leap/prep to search path.
-I: Adding /home/case/amber24/dat/leap/lib to search path.
-I: Adding /home/case/amber24/dat/leap/parm to search path.
-I: Adding /home/case/amber24/dat/leap/cmd to search path.
-f: Source leap.in.

Welcome to LEaP!
(no leaprc in search path)
Sourcing: ./leap.in
Using Bondi radii
----- Source: /home/case/amber24/dat/leap/cmd/leaprc.gaff2
----- Source of /home/case/amber24/dat/leap/cmd/leaprc.gaff2 done
Log file: ./leap.log
Loading parameters: /home/case/amber24/dat/leap/parm/gaff2.dat
Reading title:
AMBER General Force Field for organic molecules (Version 2.2.20, March 2021)
Loading parameters: ./FM5.frcmod
Reading force field modification type file (frcmod)
Reading title:
Remark line goes here
Loading Mol2 file: ./FM5.mol2
Reading MOLECULE named FM5
Checking Unit.

/home/case/amber24/bin/teLeap: Warning!
The unperturbed charge of the unit (-1.998001) is not zero.

/home/case/amber24/bin/teLeap: Note.
Ignoring the warning from Unit Checking.

Building topology.
"order_residues" off: keep input residue order.
Building atom parameters.
Building bond parameters.
Building angle parameters.
Building proper torsion parameters.
Building improper torsion parameters.
 total 8 improper torsions applied
Building H-Bond parameters.
Incorporating Non-Bonded adjustments.
Not Marking per-residue atom chain types.
Marking per-residue atom chain types.
  (Residues lacking connect0/connect1 - 
   these don't have chain types marked:

	res	total affected

	FM5	1
  )
 (no restraints)
	Quit

Exiting LEaP: Errors = 0; Warnings = 1; Notes = 1.
====== min.o =========================================================
Reading parm file (FM5.parm7)
title:
FM5                                                                             
no velocities were found
no velocities were found
	mm_options:  ntpr=5
	mm_options:  gb=1
	mm_options:  kappa=0.10395
	mm_options:  rgbmax=99.
	mm_options:  cut=99.0
	mm_options:  wcons=0.
     bond:      5.933976799
    angle:     10.966721047
 dihedral:     26.397812346
    enb14:      8.340353634
    eel14:     16.502066941
      enb:     -1.443632023
      eel:    -23.623741461
      egb:   -217.320742404
    econs:      0.000000000
    esurf:      0.000000000
    Total:   -174.247185122
     frms:     13.039342703
Starting TNCG minimisation
 MIN: Iter =    0  NFunc =     1  E =    -174.24719  RMSG = 1.3039343e+01
 MIN: Iter =    1  NFunc =     7  E =    -188.21139  RMSG = 3.0418094e+00
 MIN: Iter =    2  NFunc =    17  E =    -190.16752  RMSG = 1.1199415e+00
 MIN: Iter =    3  NFunc =    23  E =    -190.33033  RMSG = 4.1431161e-01
 MIN: Iter =    4  NFunc =    74  E =    -190.70079  RMSG = 1.6243881e+00
 MIN: Iter =    5  NFunc =    81  E =    -190.91856  RMSG = 4.5409065e-01
 MIN: Iter =    6  NFunc =   101  E =    -191.19801  RMSG = 8.5331046e-01
 MIN: Iter =    7  NFunc =   107  E =    -191.32694  RMSG = 4.1281351e-01
 MIN: Iter =    8  NFunc =   113  E =    -191.38627  RMSG = 3.3552420e-01
 MIN: Iter =    9  NFunc =   144  E =    -191.51470  RMSG = 6.5449253e-01
 MIN: Iter =   10  NFunc =   150  E =    -191.57282  RMSG = 2.9242500e-01
 MIN: Iter =   11  NFunc =   167  E =    -191.64220  RMSG = 5.6847488e-01
 MIN: Iter =   12  NFunc =   173  E =    -191.67508  RMSG = 1.8363116e-01
 MIN: Iter =   13  NFunc =   194  E =    -191.69829  RMSG = 5.3500245e-01
 MIN: Iter =   14  NFunc =   200  E =    -191.71953  RMSG = 8.6681029e-02
 MIN: Iter =   15  NFunc =   212  E =    -191.72464  RMSG = 7.0960606e-02
 MIN: Iter =   16  NFunc =   221  E =    -191.72706  RMSG = 3.9972559e-02
 MIN: Iter =   17  NFunc =   241  E =    -191.73413  RMSG = 9.2863786e-02
 MIN: Iter =   18  NFunc =   263  E =    -191.73785  RMSG = 3.5166363e-02
 MIN: Iter =   19  NFunc =   293  E =    -191.73972  RMSG = 3.0024256e-02
 MIN: Iter =   20  NFunc =   301  E =    -191.73997  RMSG = 1.4315375e-02
 MIN: Iter =   21  NFunc =   318  E =    -191.74026  RMSG = 1.1589774e-02
 MIN: Iter =   22  NFunc =   333  E =    -191.74033  RMSG = 5.6216750e-03
 MIN: Iter =   23  NFunc =   341  E =    -191.74034  RMSG = 4.1185599e-03
 MIN: Iter =   24  NFunc =   354  E =    -191.74036  RMSG = 2.9172492e-03
 MIN: Iter =   25  NFunc =   368  E =    -191.74037  RMSG = 2.5546312e-03
 MIN: Iter =   26  NFunc =   397  E =    -191.74038  RMSG = 1.3194550e-03
 MIN: Iter =   27  NFunc =   428  E =    -191.74039  RMSG = 9.3160740e-04
 MIN: Iter =   28  NFunc =   450  E =    -191.74039  RMSG = 4.4227985e-04
----------------------------------------------------------------
 END:          :-)  E =    -191.74039  RMSG =   0.0004423

     bond:      1.012173433
    angle:     11.708319347
 dihedral:     24.566940635
    enb14:      4.782403619
    eel14:     14.628246791
      enb:     -3.644180370
      eel:    -21.262827324
      egb:   -223.531463495
    econs:      0.000000000
    esurf:      0.000000000
    Total:   -191.740387364
     frms:      0.000442280
====== rms.dat  ======================================================
#Frame      all_heavy
       1       0.4616
