====== tleap.out =====================================================
-I: Adding /home/case/amber24/dat/leap/prep to search path.
-I: Adding /home/case/amber24/dat/leap/lib to search path.
-I: Adding /home/case/amber24/dat/leap/parm to search path.
-I: Adding /home/case/amber24/dat/leap/cmd to search path.
-f: Source leap.in.

Welcome to LEaP!
(no leaprc in search path)
Sourcing: ./leap.in
Using Bondi radii
----- Source: /home/case/amber24/dat/leap/cmd/leaprc.gaff2
----- Source of /home/case/amber24/dat/leap/cmd/leaprc.gaff2 done
Log file: ./leap.log
Loading parameters: /home/case/amber24/dat/leap/parm/gaff2.dat
Reading title:
AMBER General Force Field for organic molecules (Version 2.2.20, March 2021)
Loading parameters: ./FP7.frcmod
Reading force field modification type file (frcmod)
Reading title:
Remark line goes here
Loading Mol2 file: ./FP7.mol2
Reading MOLECULE named FP7
Checking Unit.
Building topology.
"order_residues" off: keep input residue order.
Building atom parameters.
Building bond parameters.
Building angle parameters.
Building proper torsion parameters.
Building improper torsion parameters.
 total 15 improper torsions applied
Building H-Bond parameters.
Incorporating Non-Bonded adjustments.
Not Marking per-residue atom chain types.
Marking per-residue atom chain types.
  (Residues lacking connect0/connect1 - 
   these don't have chain types marked:

	res	total affected

	FP7	1
  )
 (no restraints)
	Quit

Exiting LEaP: Errors = 0; Warnings = 0; Notes = 0.
====== min.o =========================================================
Reading parm file (FP7.parm7)
title:
FP7                                                                             
no velocities were found
no velocities were found
	mm_options:  ntpr=5
	mm_options:  gb=1
	mm_options:  kappa=0.10395
	mm_options:  rgbmax=99.
	mm_options:  cut=99.0
	mm_options:  wcons=0.
     bond:      2.570305153
    angle:     13.573113793
 dihedral:     20.833459831
    enb14:      9.884128983
    eel14:    -13.882312163
      enb:     -5.255475651
      eel:    -23.131969631
      egb:    -22.268566652
    econs:      0.000000000
    esurf:      0.000000000
    Total:    -17.677316336
     frms:     10.009363145
Starting TNCG minimisation
 MIN: Iter =    0  NFunc =     1  E =     -17.67732  RMSG = 1.0009363e+01
 MIN: Iter =    1  NFunc =     7  E =     -27.43660  RMSG = 2.9401920e+00
 MIN: Iter =    2  NFunc =    58  E =     -29.50691  RMSG = 2.8048570e+00
 MIN: Iter =    3  NFunc =    67  E =     -31.11092  RMSG = 2.5265356e+00
 MIN: Iter =    4  NFunc =    73  E =     -32.78758  RMSG = 2.1327539e+00
 MIN: Iter =    5  NFunc =    79  E =     -34.12926  RMSG = 1.5725120e+00
 MIN: Iter =    6  NFunc =    85  E =     -35.20351  RMSG = 1.1723399e+00
 MIN: Iter =    7  NFunc =    92  E =     -36.12019  RMSG = 8.6204595e-01
 MIN: Iter =    8  NFunc =    99  E =     -36.80525  RMSG = 6.5026369e-01
 MIN: Iter =    9  NFunc =   113  E =     -37.21376  RMSG = 7.0593653e-01
 MIN: Iter =   10  NFunc =   122  E =     -37.39535  RMSG = 4.5193736e-01
 MIN: Iter =   11  NFunc =   130  E =     -37.47772  RMSG = 2.7934916e-01
 MIN: Iter =   12  NFunc =   163  E =     -37.67384  RMSG = 4.8814908e-01
 MIN: Iter =   13  NFunc =   169  E =     -37.71862  RMSG = 1.9148710e-01
 MIN: Iter =   14  NFunc =   190  E =     -37.77648  RMSG = 2.7183443e-01
 MIN: Iter =   15  NFunc =   197  E =     -37.78843  RMSG = 1.0219797e-01
 MIN: Iter =   16  NFunc =   225  E =     -37.81129  RMSG = 1.1659414e-01
 MIN: Iter =   17  NFunc =   261  E =     -37.84729  RMSG = 1.6829788e-01
 MIN: Iter =   18  NFunc =   267  E =     -37.85068  RMSG = 6.0384450e-02
 MIN: Iter =   19  NFunc =   279  E =     -37.85315  RMSG = 3.0383766e-02
 MIN: Iter =   20  NFunc =   331  E =     -37.86484  RMSG = 5.3220744e-02
 MIN: Iter =   21  NFunc =   339  E =     -37.87864  RMSG = 1.4998475e-01
 MIN: Iter =   22  NFunc =   345  E =     -37.89213  RMSG = 1.5377324e-01
 MIN: Iter =   23  NFunc =   351  E =     -37.90363  RMSG = 1.2468435e-01
 MIN: Iter =   24  NFunc =   357  E =     -37.91273  RMSG = 1.4769074e-01
 MIN: Iter =   25  NFunc =   366  E =     -37.92199  RMSG = 1.2247725e-01
 MIN: Iter =   26  NFunc =   373  E =     -37.92854  RMSG = 1.0080673e-01
 MIN: Iter =   27  NFunc =   379  E =     -37.93443  RMSG = 1.0994831e-01
 MIN: Iter =   28  NFunc =   387  E =     -37.94078  RMSG = 1.0235199e-01
 MIN: Iter =   29  NFunc =   395  E =     -37.94760  RMSG = 1.5893769e-01
 MIN: Iter =   30  NFunc =   403  E =     -37.95692  RMSG = 9.9849442e-02
 MIN: Iter =   31  NFunc =   412  E =     -37.96429  RMSG = 1.4085888e-01
 MIN: Iter =   32  NFunc =   419  E =     -37.97569  RMSG = 1.6527196e-01
 MIN: Iter =   33  NFunc =   427  E =     -37.99143  RMSG = 1.6156031e-01
 MIN: Iter =   34  NFunc =   434  E =     -38.00936  RMSG = 2.7343041e-01
 MIN: Iter =   35  NFunc =   440  E =     -38.03106  RMSG = 1.3075252e-01
 MIN: Iter =   36  NFunc =   450  E =     -38.04813  RMSG = 1.6473102e-01
 MIN: Iter =   37  NFunc =   457  E =     -38.07244  RMSG = 2.9180433e-01
 MIN: Iter =   38  NFunc =   467  E =     -38.11726  RMSG = 2.2645241e-01
 MIN: Iter =   39  NFunc =   474  E =     -38.15011  RMSG = 2.2522969e-01
 MIN: Iter =   40  NFunc =   483  E =     -38.17714  RMSG = 2.5217965e-01
 MIN: Iter =   41  NFunc =   525  E =     -38.26724  RMSG = 4.7974318e-01
 MIN: Iter =   42  NFunc =   531  E =     -38.30135  RMSG = 2.0412075e-01
 MIN: Iter =   43  NFunc =   569  E =     -38.35571  RMSG = 4.4558982e-01
 MIN: Iter =   44  NFunc =   575  E =     -38.38351  RMSG = 1.2425516e-01
 MIN: Iter =   45  NFunc =   593  E =     -38.40187  RMSG = 3.1134432e-01
 MIN: Iter =   46  NFunc =   599  E =     -38.41480  RMSG = 8.8184665e-02
 MIN: Iter =   47  NFunc =   627  E =     -38.42576  RMSG = 6.5483765e-02
 MIN: Iter =   48  NFunc =   650  E =     -38.43042  RMSG = 3.1815995e-02
 MIN: Iter =   49  NFunc =   666  E =     -38.43179  RMSG = 1.9800204e-02
 MIN: Iter =   50  NFunc =   717  E =     -38.43455  RMSG = 2.8120085e-02
 MIN: Iter =   51  NFunc =   729  E =     -38.43498  RMSG = 1.1487577e-02
 MIN: Iter =   52  NFunc =   738  E =     -38.43505  RMSG = 6.8339606e-03
 MIN: Iter =   53  NFunc =   750  E =     -38.43509  RMSG = 4.5119749e-03
 MIN: Iter =   54  NFunc =   801  E =     -38.43522  RMSG = 4.9520104e-03
 MIN: Iter =   55  NFunc =   808  E =     -38.43523  RMSG = 3.6106637e-03
 MIN: Iter =   56  NFunc =   854  E =     -38.43530  RMSG = 2.7649695e-03
 MIN: Iter =   57  NFunc =   874  E =     -38.43530  RMSG = 1.0369071e-03
 MIN: Iter =   58  NFunc =   916  E =     -38.43531  RMSG = 6.8974518e-04
 MIN: Iter =   59  NFunc =   929  E =     -38.43531  RMSG = 4.0368835e-04
----------------------------------------------------------------
 END:          :-)  E =     -38.43531  RMSG =   0.0004037

     bond:      1.529325024
    angle:     11.197715388
 dihedral:      3.885606411
    enb14:      7.846446080
    eel14:    -13.142432430
      enb:     -2.393459027
      eel:    -25.125113100
      egb:    -22.233397373
    econs:      0.000000000
    esurf:      0.000000000
    Total:    -38.435309028
     frms:      0.000403688
====== rms.dat  ======================================================
#Frame      all_heavy
       1       1.1726
