====== tleap.out =====================================================
-I: Adding /home/case/amber24/dat/leap/prep to search path.
-I: Adding /home/case/amber24/dat/leap/lib to search path.
-I: Adding /home/case/amber24/dat/leap/parm to search path.
-I: Adding /home/case/amber24/dat/leap/cmd to search path.
-f: Source leap.in.

Welcome to LEaP!
(no leaprc in search path)
Sourcing: ./leap.in
Using Bondi radii
----- Source: /home/case/amber24/dat/leap/cmd/leaprc.gaff2
----- Source of /home/case/amber24/dat/leap/cmd/leaprc.gaff2 done
Log file: ./leap.log
Loading parameters: /home/case/amber24/dat/leap/parm/gaff2.dat
Reading title:
AMBER General Force Field for organic molecules (Version 2.2.20, March 2021)
Loading parameters: ./FQ6.frcmod
Reading force field modification type file (frcmod)
Reading title:
Remark line goes here
Loading Mol2 file: ./FQ6.mol2
Reading MOLECULE named FQ6
Checking Unit.
Building topology.
"order_residues" off: keep input residue order.
Building atom parameters.
Building bond parameters.
Building angle parameters.
Building proper torsion parameters.
Building improper torsion parameters.
 total 7 improper torsions applied
Building H-Bond parameters.
Incorporating Non-Bonded adjustments.
Not Marking per-residue atom chain types.
Marking per-residue atom chain types.
  (Residues lacking connect0/connect1 - 
   these don't have chain types marked:

	res	total affected

	FQ6	1
  )
 (no restraints)
	Quit

Exiting LEaP: Errors = 0; Warnings = 0; Notes = 0.
====== min.o =========================================================
Reading parm file (FQ6.parm7)
title:
FQ6                                                                             
no velocities were found
no velocities were found
	mm_options:  ntpr=5
	mm_options:  gb=1
	mm_options:  kappa=0.10395
	mm_options:  rgbmax=99.
	mm_options:  cut=99.0
	mm_options:  wcons=0.
     bond:      1.633097193
    angle:      1.345349557
 dihedral:      1.897956419
    enb14:      7.764460644
    eel14:    -27.521408943
      enb:     -1.070278725
      eel:      4.072148099
      egb:    -12.553817747
    econs:      0.000000000
    esurf:      0.000000000
    Total:    -24.432493503
     frms:      9.831799543
Starting TNCG minimisation
 MIN: Iter =    0  NFunc =     1  E =     -24.43249  RMSG = 9.8317995e+00
 MIN: Iter =    1  NFunc =     7  E =     -28.88341  RMSG = 2.1144107e+00
 MIN: Iter =    2  NFunc =    13  E =     -29.26193  RMSG = 6.2445108e-01
 MIN: Iter =    3  NFunc =    25  E =     -29.34520  RMSG = 2.2501711e-01
 MIN: Iter =    4  NFunc =    42  E =     -29.38368  RMSG = 1.7394536e-01
 MIN: Iter =    5  NFunc =    50  E =     -29.38866  RMSG = 6.4335458e-02
 MIN: Iter =    6  NFunc =    56  E =     -29.38929  RMSG = 2.7762494e-02
 MIN: Iter =    7  NFunc =    66  E =     -29.38949  RMSG = 1.3121047e-02
 MIN: Iter =    8  NFunc =    73  E =     -29.38952  RMSG = 7.4719759e-03
 MIN: Iter =    9  NFunc =    89  E =     -29.38953  RMSG = 2.6415682e-03
 MIN: Iter =   10  NFunc =    96  E =     -29.38953  RMSG = 9.7556416e-04
 MIN: Iter =   11  NFunc =   104  E =     -29.38953  RMSG = 4.5240029e-04
----------------------------------------------------------------
 END:          :-)  E =     -29.38953  RMSG =   0.0004524

     bond:      0.401720767
    angle:      0.317368594
 dihedral:      1.836716448
    enb14:      5.589411688
    eel14:    -27.006981160
      enb:     -1.055948291
      eel:      3.936546482
      egb:    -13.408367704
    econs:      0.000000000
    esurf:      0.000000000
    Total:    -29.389533177
     frms:      0.000452400
====== rms.dat  ======================================================
#Frame      all_heavy
       1       0.0511
