====== tleap.out =====================================================
-I: Adding /home/case/amber24/dat/leap/prep to search path.
-I: Adding /home/case/amber24/dat/leap/lib to search path.
-I: Adding /home/case/amber24/dat/leap/parm to search path.
-I: Adding /home/case/amber24/dat/leap/cmd to search path.
-f: Source leap.in.

Welcome to LEaP!
(no leaprc in search path)
Sourcing: ./leap.in
Using Bondi radii
----- Source: /home/case/amber24/dat/leap/cmd/leaprc.gaff2
----- Source of /home/case/amber24/dat/leap/cmd/leaprc.gaff2 done
Log file: ./leap.log
Loading parameters: /home/case/amber24/dat/leap/parm/gaff2.dat
Reading title:
AMBER General Force Field for organic molecules (Version 2.2.20, March 2021)
Loading parameters: ./FRX.frcmod
Reading force field modification type file (frcmod)
Reading title:
Remark line goes here
Loading Mol2 file: ./FRX.mol2
Reading MOLECULE named FRX
Checking Unit.
Building topology.
"order_residues" off: keep input residue order.
Building atom parameters.
Building bond parameters.
Building angle parameters.
Building proper torsion parameters.
Building improper torsion parameters.
 total 19 improper torsions applied
Building H-Bond parameters.
Incorporating Non-Bonded adjustments.
Not Marking per-residue atom chain types.
Marking per-residue atom chain types.
  (Residues lacking connect0/connect1 - 
   these don't have chain types marked:

	res	total affected

	FRX	1
  )
 (no restraints)
	Quit

Exiting LEaP: Errors = 0; Warnings = 0; Notes = 0.
====== min.o =========================================================
Reading parm file (FRX.parm7)
title:
FRX                                                                             
no velocities were found
no velocities were found
	mm_options:  ntpr=5
	mm_options:  gb=1
	mm_options:  kappa=0.10395
	mm_options:  rgbmax=99.
	mm_options:  cut=99.0
	mm_options:  wcons=0.
     bond:      3.828528380
    angle:     34.227982218
 dihedral:     45.526097091
    enb14:     13.195569264
    eel14:    136.873503828
      enb:     -4.366526486
      eel:   -173.485398704
      egb:    -38.321067953
    econs:      0.000000000
    esurf:      0.000000000
    Total:     17.478687638
     frms:     12.846498185
Starting TNCG minimisation
 MIN: Iter =    0  NFunc =     1  E =      17.47869  RMSG = 1.2846498e+01
 MIN: Iter =    1  NFunc =     8  E =       3.00941  RMSG = 3.5400216e+00
 MIN: Iter =    2  NFunc =    15  E =      -2.12814  RMSG = 2.1641346e+00
 MIN: Iter =    3  NFunc =    22  E =      -3.65368  RMSG = 1.1504372e+00
 MIN: Iter =    4  NFunc =    60  E =      -5.03161  RMSG = 9.3721588e-01
 MIN: Iter =    5  NFunc =    80  E =      -5.69487  RMSG = 9.9441081e-01
 MIN: Iter =    6  NFunc =    91  E =      -5.94319  RMSG = 3.1727213e-01
 MIN: Iter =    7  NFunc =   113  E =      -6.13287  RMSG = 5.0065994e-01
 MIN: Iter =    8  NFunc =   137  E =      -6.30771  RMSG = 6.4619118e-01
 MIN: Iter =    9  NFunc =   143  E =      -6.35727  RMSG = 1.9811553e-01
 MIN: Iter =   10  NFunc =   194  E =      -6.45130  RMSG = 4.3385548e-01
 MIN: Iter =   11  NFunc =   201  E =      -6.52310  RMSG = 3.8914190e-01
 MIN: Iter =   12  NFunc =   207  E =      -6.57208  RMSG = 1.8399070e-01
 MIN: Iter =   13  NFunc =   225  E =      -6.61058  RMSG = 5.1546559e-01
 MIN: Iter =   14  NFunc =   231  E =      -6.64100  RMSG = 1.2636861e-01
 MIN: Iter =   15  NFunc =   248  E =      -6.66550  RMSG = 2.1726647e-01
 MIN: Iter =   16  NFunc =   263  E =      -6.67738  RMSG = 6.9701130e-02
 MIN: Iter =   17  NFunc =   293  E =      -6.68669  RMSG = 8.3933795e-02
 MIN: Iter =   18  NFunc =   319  E =      -6.69151  RMSG = 4.0598498e-02
 MIN: Iter =   19  NFunc =   336  E =      -6.69316  RMSG = 2.2951999e-02
 MIN: Iter =   20  NFunc =   387  E =      -6.69461  RMSG = 2.3195448e-02
 MIN: Iter =   21  NFunc =   398  E =      -6.69492  RMSG = 1.3057098e-02
 MIN: Iter =   22  NFunc =   448  E =      -6.69589  RMSG = 1.2288590e-02
 MIN: Iter =   23  NFunc =   461  E =      -6.69601  RMSG = 6.6157471e-03
 MIN: Iter =   24  NFunc =   512  E =      -6.69616  RMSG = 5.7832589e-03
 MIN: Iter =   25  NFunc =   532  E =      -6.69619  RMSG = 2.5577414e-03
 MIN: Iter =   26  NFunc =   538  E =      -6.69619  RMSG = 1.8311644e-03
 MIN: Iter =   27  NFunc =   569  E =      -6.69620  RMSG = 1.3002943e-03
 MIN: Iter =   28  NFunc =   597  E =      -6.69620  RMSG = 5.7582825e-04
 MIN: Iter =   29  NFunc =   631  E =      -6.69620  RMSG = 4.2577883e-04
----------------------------------------------------------------
 END:          :-)  E =      -6.69620  RMSG =   0.0004258

     bond:      3.993749336
    angle:     22.435882431
 dihedral:     42.108224367
    enb14:      7.212601512
    eel14:    127.194783980
      enb:     -5.333697764
      eel:   -159.678045979
      egb:    -44.629699403
    econs:      0.000000000
    esurf:      0.000000000
    Total:     -6.696201519
     frms:      0.000425779
====== rms.dat  ======================================================
#Frame      all_heavy
       1       0.4881
