====== tleap.out =====================================================
-I: Adding /home/case/amber24/dat/leap/prep to search path.
-I: Adding /home/case/amber24/dat/leap/lib to search path.
-I: Adding /home/case/amber24/dat/leap/parm to search path.
-I: Adding /home/case/amber24/dat/leap/cmd to search path.
-f: Source leap.in.

Welcome to LEaP!
(no leaprc in search path)
Sourcing: ./leap.in
Using Bondi radii
----- Source: /home/case/amber24/dat/leap/cmd/leaprc.gaff2
----- Source of /home/case/amber24/dat/leap/cmd/leaprc.gaff2 done
Log file: ./leap.log
Loading parameters: /home/case/amber24/dat/leap/parm/gaff2.dat
Reading title:
AMBER General Force Field for organic molecules (Version 2.2.20, March 2021)
Loading parameters: ./FUL.frcmod
Reading force field modification type file (frcmod)
Reading title:
Remark line goes here
Loading Mol2 file: ./FUL.mol2
Reading MOLECULE named FUL
Checking Unit.
Building topology.
"order_residues" off: keep input residue order.
Building atom parameters.
Building bond parameters.
Building angle parameters.
Building proper torsion parameters.
Building improper torsion parameters.
 total 0 improper torsions applied
Building H-Bond parameters.
Incorporating Non-Bonded adjustments.
Not Marking per-residue atom chain types.
Marking per-residue atom chain types.
  (Residues lacking connect0/connect1 - 
   these don't have chain types marked:

	res	total affected

	FUL	1
  )
 (no restraints)
	Quit

Exiting LEaP: Errors = 0; Warnings = 0; Notes = 0.
====== min.o =========================================================
Reading parm file (FUL.parm7)
title:
FUL                                                                             
no velocities were found
no velocities were found
	mm_options:  ntpr=5
	mm_options:  gb=1
	mm_options:  kappa=0.10395
	mm_options:  rgbmax=99.
	mm_options:  cut=99.0
	mm_options:  wcons=0.
     bond:      1.653168663
    angle:      2.440978628
 dihedral:     18.937004278
    enb14:      5.918385855
    eel14:    152.097851771
      enb:     -1.163930523
      eel:   -123.444205814
      egb:    -31.886882175
    econs:      0.000000000
    esurf:      0.000000000
    Total:     24.552370683
     frms:     11.253181166
Starting TNCG minimisation
 MIN: Iter =    0  NFunc =     1  E =      24.55237  RMSG = 1.1253181e+01
 MIN: Iter =    1  NFunc =     7  E =      16.90786  RMSG = 2.6513274e+00
 MIN: Iter =    2  NFunc =    17  E =      16.18960  RMSG = 1.1964916e+00
 MIN: Iter =    3  NFunc =    28  E =      15.88918  RMSG = 2.3689272e+00
 MIN: Iter =    4  NFunc =    34  E =      15.47565  RMSG = 2.8431231e+00
 MIN: Iter =    5  NFunc =    40  E =      14.94254  RMSG = 3.2337737e+00
 MIN: Iter =    6  NFunc =    46  E =      14.24596  RMSG = 4.5003246e+00
 MIN: Iter =    7  NFunc =    52  E =      13.27997  RMSG = 2.7761614e+00
 MIN: Iter =    8  NFunc =    58  E =      12.55943  RMSG = 4.7181796e+00
 MIN: Iter =    9  NFunc =    64  E =      11.68463  RMSG = 1.8677403e+00
 MIN: Iter =   10  NFunc =    71  E =      11.30491  RMSG = 2.1177111e+00
 MIN: Iter =   11  NFunc =    77  E =      10.90647  RMSG = 3.1250656e+00
 MIN: Iter =   12  NFunc =    84  E =      10.62375  RMSG = 5.8446245e-01
 MIN: Iter =   13  NFunc =    91  E =      10.51954  RMSG = 5.9000858e-01
 MIN: Iter =   14  NFunc =   101  E =      10.47646  RMSG = 3.0541446e-01
 MIN: Iter =   15  NFunc =   112  E =      10.45263  RMSG = 3.2222347e-01
 MIN: Iter =   16  NFunc =   127  E =      10.44064  RMSG = 2.3546054e-01
 MIN: Iter =   17  NFunc =   140  E =      10.43510  RMSG = 9.3318200e-02
 MIN: Iter =   18  NFunc =   147  E =      10.43417  RMSG = 3.4156029e-02
 MIN: Iter =   19  NFunc =   155  E =      10.43372  RMSG = 2.0779229e-02
 MIN: Iter =   20  NFunc =   161  E =      10.43365  RMSG = 1.1219516e-02
 MIN: Iter =   21  NFunc =   178  E =      10.43358  RMSG = 6.4197587e-03
 MIN: Iter =   22  NFunc =   187  E =      10.43357  RMSG = 3.1433968e-03
 MIN: Iter =   23  NFunc =   195  E =      10.43357  RMSG = 1.6704777e-03
 MIN: Iter =   24  NFunc =   201  E =      10.43357  RMSG = 5.0184091e-04
 MIN: Iter =   25  NFunc =   207  E =      10.43357  RMSG = 3.8322210e-04
----------------------------------------------------------------
 END:          :-)  E =      10.43357  RMSG =   0.0003832

     bond:      1.427731584
    angle:      1.400433596
 dihedral:     19.371398772
    enb14:      3.996660117
    eel14:    149.627678596
      enb:     -1.242997454
      eel:   -141.826752643
      egb:    -22.320587129
    econs:      0.000000000
    esurf:      0.000000000
    Total:     10.433565439
     frms:      0.000383222
====== rms.dat  ======================================================
#Frame      all_heavy
       1       0.0574
