====== tleap.out =====================================================
-I: Adding /home/case/amber26/dat/leap/prep to search path.
-I: Adding /home/case/amber26/dat/leap/lib to search path.
-I: Adding /home/case/amber26/dat/leap/parm to search path.
-I: Adding /home/case/amber26/dat/leap/cmd to search path.
-f: Source leap.in.

Welcome to LEaP!
(no leaprc in search path)
Sourcing: ./leap.in
Using Bondi radii
----- Source: /home/case/amber26/dat/leap/cmd/leaprc.gaff2
----- Source of /home/case/amber26/dat/leap/cmd/leaprc.gaff2 done
Log file: ./leap.log
Loading parameters: /home/case/amber26/dat/leap/parm/gaff2.dat
Reading title:
AMBER General Force Field for organic molecules (Version 2.2.30, Oct 2025)
Loading parameters: ./FV5.frcmod
Reading force field modification type file (frcmod)
Reading title:
Remark line goes here
Loading Mol2 file: ./FV5.mol2
Reading MOLECULE named FV5
Checking Unit.

/home/case/amber26/bin/teLeap: Warning!
The unperturbed charge of the unit (-1.001001) is not zero.

/home/case/amber26/bin/teLeap: Note.
Ignoring the warning from Unit Checking.

Building topology.
"order_residues" off: keep input residue order.
Building atom parameters.
Building bond parameters.
Building angle parameters.
Building proper torsion parameters.

/home/case/amber26/bin/teLeap: Note.
1-4: angle 5 20 duplicates bond ('triangular' bond) or angle ('square' bond)


/home/case/amber26/bin/teLeap: Note.
1-4: angle 6 23 duplicates bond ('triangular' bond) or angle ('square' bond)

Building improper torsion parameters.
 total 6 improper torsions applied
Building H-Bond parameters.
Incorporating Non-Bonded adjustments.
Not Marking per-residue atom chain types.
Marking per-residue atom chain types.
  (Residues lacking connect0/connect1 - 
   these don't have chain types marked:

	res	total affected

	FV5	1
  )
 (no restraints)
	Quit

Exiting LEaP: Errors = 0; Warnings = 1; Notes = 3.
====== min.o =========================================================
Reading parm file (FV5.parm7)
title:
FV5                                                                             
no velocities were found
no velocities were found
	mm_options:  ntpr=5
	mm_options:  gb=1
	mm_options:  kappa=0.10395
	mm_options:  rgbmax=99.
	mm_options:  cut=99.0
	mm_options:  wcons=0.
     bond:      6.126558777
    angle:     17.495118461
 dihedral:     74.256845749
    enb14:     15.407676905
    eel14:      0.356358565
      enb:     -9.174131655
      eel:   -134.456571046
      egb:    -89.426910407
    econs:      0.000000000
    esurf:      0.000000000
    Total:   -119.415054650
     frms:      9.734443640
Starting TNCG minimisation
 MIN: Iter =    0  NFunc =     1  E =    -119.41505  RMSG = 9.7344436e+00
 MIN: Iter =    1  NFunc =     7  E =    -134.27198  RMSG = 3.0669708e+00
 MIN: Iter =    2  NFunc =    18  E =    -138.43421  RMSG = 1.3782765e+00
 MIN: Iter =    3  NFunc =    47  E =    -140.25769  RMSG = 9.5984629e-01
 MIN: Iter =    4  NFunc =    62  E =    -141.20349  RMSG = 6.6410761e-01
 MIN: Iter =    5  NFunc =    76  E =    -141.57360  RMSG = 3.2085991e-01
 MIN: Iter =    6  NFunc =    96  E =    -141.83585  RMSG = 3.0734324e-01
 MIN: Iter =    7  NFunc =   128  E =    -142.04324  RMSG = 3.5094680e-01
 MIN: Iter =    8  NFunc =   151  E =    -142.12649  RMSG = 1.2312991e-01
 MIN: Iter =    9  NFunc =   195  E =    -142.18143  RMSG = 3.3803914e-01
 MIN: Iter =   10  NFunc =   201  E =    -142.20125  RMSG = 7.8336668e-02
 MIN: Iter =   11  NFunc =   241  E =    -142.22259  RMSG = 1.8757881e-01
 MIN: Iter =   12  NFunc =   247  E =    -142.22771  RMSG = 4.3152962e-02
 MIN: Iter =   13  NFunc =   298  E =    -142.23590  RMSG = 9.2767294e-02
 MIN: Iter =   14  NFunc =   308  E =    -142.23854  RMSG = 3.4693287e-02
 MIN: Iter =   15  NFunc =   356  E =    -142.24426  RMSG = 6.1876410e-02
 MIN: Iter =   16  NFunc =   362  E =    -142.24517  RMSG = 2.6635990e-02
 MIN: Iter =   17  NFunc =   387  E =    -142.24690  RMSG = 1.8154379e-02
 MIN: Iter =   18  NFunc =   438  E =    -142.24807  RMSG = 1.2683874e-02
 MIN: Iter =   19  NFunc =   457  E =    -142.24850  RMSG = 8.8032670e-03
 MIN: Iter =   20  NFunc =   508  E =    -142.24938  RMSG = 1.8233973e-02
 MIN: Iter =   21  NFunc =   559  E =    -142.25066  RMSG = 7.1055227e-02
 MIN: Iter =   22  NFunc =   565  E =    -142.25156  RMSG = 1.8831655e-02
 MIN: Iter =   23  NFunc =   606  E =    -142.25336  RMSG = 3.8303069e-02
 MIN: Iter =   24  NFunc =   658  E =    -142.25582  RMSG = 7.0549807e-02
 MIN: Iter =   25  NFunc =   666  E =    -142.25986  RMSG = 9.7922896e-02
 MIN: Iter =   26  NFunc =   673  E =    -142.26387  RMSG = 8.6133266e-02
 MIN: Iter =   27  NFunc =   679  E =    -142.26734  RMSG = 4.6959120e-02
 MIN: Iter =   28  NFunc =   697  E =    -142.27068  RMSG = 2.6944205e-02
 MIN: Iter =   29  NFunc =   743  E =    -142.27787  RMSG = 1.1655210e-01
 MIN: Iter =   30  NFunc =   749  E =    -142.28048  RMSG = 3.1332373e-02
 MIN: Iter =   31  NFunc =   800  E =    -142.28420  RMSG = 4.3757036e-02
 MIN: Iter =   32  NFunc =   833  E =    -142.28685  RMSG = 1.9188027e-02
 MIN: Iter =   33  NFunc =   881  E =    -142.28920  RMSG = 1.7233425e-02
 MIN: Iter =   34  NFunc =   910  E =    -142.28992  RMSG = 1.1678848e-02
 MIN: Iter =   35  NFunc =   961  E =    -142.29078  RMSG = 1.1697454e-02
 MIN: Iter =   36  NFunc =   982  E =    -142.29104  RMSG = 8.0084981e-03
 MIN: Iter =   37  NFunc =  1033  E =    -142.29157  RMSG = 8.7204458e-03
 MIN: Iter =   38  NFunc =  1043  E =    -142.29161  RMSG = 4.4950258e-03
 MIN: Iter =   39  NFunc =  1094  E =    -142.29174  RMSG = 2.7825437e-03
 MIN: Iter =   40  NFunc =  1145  E =    -142.29185  RMSG = 3.2195033e-03
 MIN: Iter =   41  NFunc =  1159  E =    -142.29186  RMSG = 1.8946075e-03
 MIN: Iter =   42  NFunc =  1210  E =    -142.29191  RMSG = 3.0447343e-03
 MIN: Iter =   43  NFunc =  1236  E =    -142.29193  RMSG = 1.2480394e-03
 MIN: Iter =   44  NFunc =  1274  E =    -142.29194  RMSG = 7.4872070e-04
 MIN: Iter =   45  NFunc =  1325  E =    -142.29194  RMSG = 6.5252609e-04
 MIN: Iter =   46  NFunc =  1371  E =    -142.29195  RMSG = 6.0681186e-04
 MIN: Iter =   47  NFunc =  1414  E =    -142.29195  RMSG = 3.8822104e-04
----------------------------------------------------------------
 END:          :-)  E =    -142.29195  RMSG =   0.0003882

     bond:      3.948073846
    angle:     16.927067658
 dihedral:     65.313817256
    enb14:      9.233959688
    eel14:     -8.931701153
      enb:     -9.459202324
      eel:   -128.405410647
      egb:    -90.918552117
    econs:      0.000000000
    esurf:      0.000000000
    Total:   -142.291947793
     frms:      0.000388221
====== rms.dat  ======================================================
#Frame      all_heavy
       1       0.4591
