====== tleap.out =====================================================
-I: Adding /home/case/amber24/dat/leap/prep to search path.
-I: Adding /home/case/amber24/dat/leap/lib to search path.
-I: Adding /home/case/amber24/dat/leap/parm to search path.
-I: Adding /home/case/amber24/dat/leap/cmd to search path.
-f: Source leap.in.

Welcome to LEaP!
(no leaprc in search path)
Sourcing: ./leap.in
Using Bondi radii
----- Source: /home/case/amber24/dat/leap/cmd/leaprc.gaff2
----- Source of /home/case/amber24/dat/leap/cmd/leaprc.gaff2 done
Log file: ./leap.log
Loading parameters: /home/case/amber24/dat/leap/parm/gaff2.dat
Reading title:
AMBER General Force Field for organic molecules (Version 2.2.20, March 2021)
Loading parameters: ./FVD.frcmod
Reading force field modification type file (frcmod)
Reading title:
Remark line goes here
Loading Mol2 file: ./FVD.mol2
Reading MOLECULE named FVD
Checking Unit.
Building topology.
"order_residues" off: keep input residue order.
Building atom parameters.
Building bond parameters.
Building angle parameters.
Building proper torsion parameters.
Building improper torsion parameters.
 total 17 improper torsions applied
Building H-Bond parameters.
Incorporating Non-Bonded adjustments.
Not Marking per-residue atom chain types.
Marking per-residue atom chain types.
  (Residues lacking connect0/connect1 - 
   these don't have chain types marked:

	res	total affected

	FVD	1
  )
 (no restraints)
	Quit

Exiting LEaP: Errors = 0; Warnings = 0; Notes = 0.
====== min.o =========================================================
Reading parm file (FVD.parm7)
title:
FVD                                                                             
no velocities were found
no velocities were found
	mm_options:  ntpr=5
	mm_options:  gb=1
	mm_options:  kappa=0.10395
	mm_options:  rgbmax=99.
	mm_options:  cut=99.0
	mm_options:  wcons=0.
     bond:      1.926329836
    angle:     19.535714235
 dihedral:     11.622561477
    enb14:     18.173687503
    eel14:     46.268201672
      enb:     -7.400010497
      eel:    -36.932498193
      egb:    -21.420660398
    econs:      0.000000000
    esurf:      0.000000000
    Total:     31.773325635
     frms:      9.651829372
Starting TNCG minimisation
 MIN: Iter =    0  NFunc =     1  E =      31.77333  RMSG = 9.6518294e+00
 MIN: Iter =    1  NFunc =     7  E =      19.66061  RMSG = 2.6413090e+00
 MIN: Iter =    2  NFunc =    15  E =      16.90346  RMSG = 8.6805564e-01
 MIN: Iter =    3  NFunc =    26  E =      16.38632  RMSG = 4.6010921e-01
 MIN: Iter =    4  NFunc =    63  E =      16.00018  RMSG = 3.8568850e-01
 MIN: Iter =    5  NFunc =    78  E =      15.82281  RMSG = 4.0441340e-01
 MIN: Iter =    6  NFunc =    86  E =      15.74800  RMSG = 1.8946426e-01
 MIN: Iter =    7  NFunc =    92  E =      15.72714  RMSG = 1.1640929e-01
 MIN: Iter =    8  NFunc =   106  E =      15.70900  RMSG = 7.0271813e-02
 MIN: Iter =    9  NFunc =   145  E =      15.67873  RMSG = 7.1341912e-02
 MIN: Iter =   10  NFunc =   192  E =      15.66683  RMSG = 5.1261320e-02
 MIN: Iter =   11  NFunc =   243  E =      15.65995  RMSG = 5.5534243e-02
 MIN: Iter =   12  NFunc =   290  E =      15.65444  RMSG = 3.6992111e-02
 MIN: Iter =   13  NFunc =   304  E =      15.65365  RMSG = 1.2694428e-02
 MIN: Iter =   14  NFunc =   355  E =      15.65172  RMSG = 5.1442643e-02
 MIN: Iter =   15  NFunc =   364  E =      15.65083  RMSG = 1.7040592e-02
 MIN: Iter =   16  NFunc =   416  E =      15.64764  RMSG = 4.0259765e-02
 MIN: Iter =   17  NFunc =   436  E =      15.64516  RMSG = 3.5394555e-02
 MIN: Iter =   18  NFunc =   451  E =      15.64351  RMSG = 2.3744850e-02
 MIN: Iter =   19  NFunc =   464  E =      15.64247  RMSG = 2.2862346e-02
 MIN: Iter =   20  NFunc =   507  E =      15.63917  RMSG = 7.8585223e-02
 MIN: Iter =   21  NFunc =   513  E =      15.63791  RMSG = 2.4327120e-02
 MIN: Iter =   22  NFunc =   553  E =      15.63689  RMSG = 6.4112947e-02
 MIN: Iter =   23  NFunc =   559  E =      15.63613  RMSG = 2.1419746e-02
 MIN: Iter =   24  NFunc =   574  E =      15.63581  RMSG = 9.2535405e-03
 MIN: Iter =   25  NFunc =   584  E =      15.63573  RMSG = 5.6826829e-03
 MIN: Iter =   26  NFunc =   593  E =      15.63569  RMSG = 4.5339073e-03
 MIN: Iter =   27  NFunc =   630  E =      15.63559  RMSG = 3.6407118e-03
 MIN: Iter =   28  NFunc =   663  E =      15.63557  RMSG = 1.5454821e-03
 MIN: Iter =   29  NFunc =   714  E =      15.63555  RMSG = 2.0865573e-03
 MIN: Iter =   30  NFunc =   740  E =      15.63553  RMSG = 1.4372547e-03
 MIN: Iter =   31  NFunc =   791  E =      15.63552  RMSG = 1.3783568e-03
 MIN: Iter =   32  NFunc =   800  E =      15.63552  RMSG = 8.9461089e-04
 MIN: Iter =   33  NFunc =   839  E =      15.63551  RMSG = 6.6752250e-04
 MIN: Iter =   34  NFunc =   890  E =      15.63551  RMSG = 6.6968877e-04
 MIN: Iter =   35  NFunc =   901  E =      15.63551  RMSG = 5.3277167e-04
 MIN: Iter =   36  NFunc =   912  E =      15.63551  RMSG = 3.4376334e-04
----------------------------------------------------------------
 END:          :-)  E =      15.63551  RMSG =   0.0003438

     bond:      2.929538884
    angle:     13.832449533
 dihedral:     11.758407904
    enb14:     11.864584075
    eel14:     44.426990494
      enb:     -9.446227658
      eel:    -34.900893474
      egb:    -24.829342825
    econs:      0.000000000
    esurf:      0.000000000
    Total:     15.635506933
     frms:      0.000343763
====== rms.dat  ======================================================
#Frame      all_heavy
       1       0.2702
