====== tleap.out =====================================================
-I: Adding /home/case/amber24/dat/leap/prep to search path.
-I: Adding /home/case/amber24/dat/leap/lib to search path.
-I: Adding /home/case/amber24/dat/leap/parm to search path.
-I: Adding /home/case/amber24/dat/leap/cmd to search path.
-f: Source leap.in.

Welcome to LEaP!
(no leaprc in search path)
Sourcing: ./leap.in
Using Bondi radii
----- Source: /home/case/amber24/dat/leap/cmd/leaprc.gaff2
----- Source of /home/case/amber24/dat/leap/cmd/leaprc.gaff2 done
Log file: ./leap.log
Loading parameters: /home/case/amber24/dat/leap/parm/gaff2.dat
Reading title:
AMBER General Force Field for organic molecules (Version 2.2.20, March 2021)
Loading parameters: ./FWE.frcmod
Reading force field modification type file (frcmod)
Reading title:
Remark line goes here
Loading Mol2 file: ./FWE.mol2
Reading MOLECULE named FWE
Checking Unit.

/home/case/amber24/bin/teLeap: Warning!
The unperturbed charge of the unit (-1.004001) is not zero.

/home/case/amber24/bin/teLeap: Note.
Ignoring the warning from Unit Checking.

Building topology.
"order_residues" off: keep input residue order.
Building atom parameters.
Building bond parameters.
Building angle parameters.
Building proper torsion parameters.
Building improper torsion parameters.
 total 46 improper torsions applied
Building H-Bond parameters.
Incorporating Non-Bonded adjustments.
Not Marking per-residue atom chain types.
Marking per-residue atom chain types.
  (Residues lacking connect0/connect1 - 
   these don't have chain types marked:

	res	total affected

	FWE	1
  )
 (no restraints)
	Quit

Exiting LEaP: Errors = 0; Warnings = 1; Notes = 1.
====== min.o =========================================================
Reading parm file (FWE.parm7)
title:
FWE                                                                             
no velocities were found
no velocities were found
	mm_options:  ntpr=5
	mm_options:  gb=1
	mm_options:  kappa=0.10395
	mm_options:  rgbmax=99.
	mm_options:  cut=99.0
	mm_options:  wcons=0.
     bond:      9.233600029
    angle:     33.933028582
 dihedral:     49.118725170
    enb14:     31.054429915
    eel14:   -311.613818099
      enb:     14.228891587
      eel:    100.808232060
      egb:   -118.642469093
    econs:      0.000000000
    esurf:      0.000000000
    Total:   -191.879379849
     frms:     12.336297632
Starting TNCG minimisation
 MIN: Iter =    0  NFunc =     1  E =    -191.87938  RMSG = 1.2336298e+01
 MIN: Iter =    1  NFunc =     7  E =    -217.50871  RMSG = 3.0519244e+00
 MIN: Iter =    2  NFunc =    15  E =    -223.88581  RMSG = 1.4551427e+00
 MIN: Iter =    3  NFunc =    35  E =    -227.65593  RMSG = 1.2410806e+00
 MIN: Iter =    4  NFunc =    63  E =    -228.90208  RMSG = 7.5590371e-01
 MIN: Iter =    5  NFunc =    78  E =    -229.31259  RMSG = 4.0291045e-01
 MIN: Iter =    6  NFunc =   121  E =    -229.63991  RMSG = 5.9571038e-01
 MIN: Iter =    7  NFunc =   127  E =    -229.75399  RMSG = 2.0100884e-01
 MIN: Iter =    8  NFunc =   156  E =    -229.91945  RMSG = 5.2069775e-01
 MIN: Iter =    9  NFunc =   162  E =    -229.99623  RMSG = 1.6098965e-01
 MIN: Iter =   10  NFunc =   192  E =    -230.09769  RMSG = 5.3012571e-01
 MIN: Iter =   11  NFunc =   199  E =    -230.20520  RMSG = 1.7519323e-01
 MIN: Iter =   12  NFunc =   229  E =    -230.31167  RMSG = 5.5888458e-01
 MIN: Iter =   13  NFunc =   235  E =    -230.46485  RMSG = 3.1104819e-01
 MIN: Iter =   14  NFunc =   254  E =    -230.63401  RMSG = 5.9810375e-01
 MIN: Iter =   15  NFunc =   261  E =    -230.85221  RMSG = 3.7986785e-01
 MIN: Iter =   16  NFunc =   267  E =    -231.00549  RMSG = 5.8202272e-01
 MIN: Iter =   17  NFunc =   273  E =    -231.12842  RMSG = 2.2833474e-01
 MIN: Iter =   18  NFunc =   298  E =    -231.28687  RMSG = 7.5813221e-01
 MIN: Iter =   19  NFunc =   304  E =    -231.42235  RMSG = 1.6949696e-01
 MIN: Iter =   20  NFunc =   329  E =    -231.49448  RMSG = 1.8430476e-01
 MIN: Iter =   21  NFunc =   347  E =    -231.54897  RMSG = 3.8938130e-01
 MIN: Iter =   22  NFunc =   359  E =    -231.62766  RMSG = 1.7656074e-01
 MIN: Iter =   23  NFunc =   410  E =    -231.72118  RMSG = 4.4669446e-01
 MIN: Iter =   24  NFunc =   416  E =    -231.83854  RMSG = 5.0735598e-01
 MIN: Iter =   25  NFunc =   422  E =    -232.01775  RMSG = 3.7720927e-01
 MIN: Iter =   26  NFunc =   428  E =    -232.14567  RMSG = 3.9988440e-01
 MIN: Iter =   27  NFunc =   434  E =    -232.23369  RMSG = 1.9214618e-01
 MIN: Iter =   28  NFunc =   456  E =    -232.35535  RMSG = 4.3485008e-01
 MIN: Iter =   29  NFunc =   462  E =    -232.40825  RMSG = 1.4127737e-01
 MIN: Iter =   30  NFunc =   482  E =    -232.44875  RMSG = 3.5592982e-01
 MIN: Iter =   31  NFunc =   488  E =    -232.47684  RMSG = 1.0208102e-01
 MIN: Iter =   32  NFunc =   534  E =    -232.52607  RMSG = 1.6579372e-01
 MIN: Iter =   33  NFunc =   541  E =    -232.53319  RMSG = 5.3389116e-02
 MIN: Iter =   34  NFunc =   592  E =    -232.57668  RMSG = 1.1566098e-01
 MIN: Iter =   35  NFunc =   613  E =    -232.61073  RMSG = 1.4250074e-01
 MIN: Iter =   36  NFunc =   623  E =    -232.62989  RMSG = 7.3657407e-02
 MIN: Iter =   37  NFunc =   674  E =    -232.66424  RMSG = 1.1571537e-01
 MIN: Iter =   38  NFunc =   695  E =    -232.69813  RMSG = 1.8868854e-01
 MIN: Iter =   39  NFunc =   716  E =    -232.73217  RMSG = 1.5380038e-01
 MIN: Iter =   40  NFunc =   732  E =    -232.76200  RMSG = 1.6051590e-01
 MIN: Iter =   41  NFunc =   739  E =    -232.78510  RMSG = 1.2101851e-01
 MIN: Iter =   42  NFunc =   745  E =    -232.80282  RMSG = 1.3237063e-01
 MIN: Iter =   43  NFunc =   755  E =    -232.82186  RMSG = 9.4934651e-02
 MIN: Iter =   44  NFunc =   767  E =    -232.83727  RMSG = 1.2754854e-01
 MIN: Iter =   45  NFunc =   778  E =    -232.85165  RMSG = 8.0651766e-02
 MIN: Iter =   46  NFunc =   786  E =    -232.86097  RMSG = 8.5733381e-02
 MIN: Iter =   47  NFunc =   837  E =    -232.90757  RMSG = 2.0501231e-01
 MIN: Iter =   48  NFunc =   844  E =    -232.91891  RMSG = 6.6926882e-02
 MIN: Iter =   49  NFunc =   871  E =    -232.94996  RMSG = 1.2641922e-01
 MIN: Iter =   50  NFunc =   885  E =    -232.97097  RMSG = 1.1215285e-01
 MIN: Iter =   51  NFunc =   907  E =    -232.98916  RMSG = 1.1698227e-01
 MIN: Iter =   52  NFunc =   921  E =    -233.00543  RMSG = 6.9051413e-02
 MIN: Iter =   53  NFunc =   947  E =    -233.02366  RMSG = 1.2468172e-01
 MIN: Iter =   54  NFunc =   962  E =    -233.04200  RMSG = 1.0350942e-01
 MIN: Iter =   55  NFunc =   975  E =    -233.05667  RMSG = 1.1458195e-01
 MIN: Iter =   56  NFunc =   985  E =    -233.06809  RMSG = 8.1467332e-02
 MIN: Iter =   57  NFunc =   993  E =    -233.07564  RMSG = 7.7973459e-02
 MIN: Iter =   58  NFunc =  1003  E =    -233.08131  RMSG = 4.3818408e-02
 MIN: Iter =   59  NFunc =  1013  E =    -233.08371  RMSG = 3.1206261e-02
 MIN: Iter =   60  NFunc =  1035  E =    -233.08948  RMSG = 4.6730620e-02
 MIN: Iter =   61  NFunc =  1086  E =    -233.09904  RMSG = 5.5800898e-02
 MIN: Iter =   62  NFunc =  1115  E =    -233.10301  RMSG = 2.5489704e-02
 MIN: Iter =   63  NFunc =  1166  E =    -233.10616  RMSG = 2.1890082e-02
 MIN: Iter =   64  NFunc =  1217  E =    -233.10833  RMSG = 1.8849579e-02
 MIN: Iter =   65  NFunc =  1242  E =    -233.10925  RMSG = 1.1462089e-02
 MIN: Iter =   66  NFunc =  1293  E =    -233.11088  RMSG = 2.9555569e-02
 MIN: Iter =   67  NFunc =  1299  E =    -233.11107  RMSG = 9.4618895e-03
 MIN: Iter =   68  NFunc =  1350  E =    -233.11205  RMSG = 1.3082948e-02
 MIN: Iter =   69  NFunc =  1375  E =    -233.11236  RMSG = 5.4805037e-03
 MIN: Iter =   70  NFunc =  1426  E =    -233.11274  RMSG = 7.3241782e-03
 MIN: Iter =   71  NFunc =  1477  E =    -233.11333  RMSG = 1.4791240e-02
 MIN: Iter =   72  NFunc =  1528  E =    -233.11406  RMSG = 1.8858330e-02
 MIN: Iter =   73  NFunc =  1551  E =    -233.11455  RMSG = 9.0695659e-03
 MIN: Iter =   74  NFunc =  1585  E =    -233.11519  RMSG = 2.3982553e-02
 MIN: Iter =   75  NFunc =  1594  E =    -233.11546  RMSG = 9.2727827e-03
 MIN: Iter =   76  NFunc =  1627  E =    -233.11586  RMSG = 1.1053654e-02
 MIN: Iter =   77  NFunc =  1634  E =    -233.11591  RMSG = 5.0886742e-03
 MIN: Iter =   78  NFunc =  1685  E =    -233.11618  RMSG = 5.8607335e-03
 MIN: Iter =   79  NFunc =  1736  E =    -233.11667  RMSG = 1.2516827e-02
 MIN: Iter =   80  NFunc =  1757  E =    -233.11692  RMSG = 6.3142975e-03
 MIN: Iter =   81  NFunc =  1785  E =    -233.11704  RMSG = 3.4848939e-03
 MIN: Iter =   82  NFunc =  1836  E =    -233.11726  RMSG = 1.0043737e-02
 MIN: Iter =   83  NFunc =  1887  E =    -233.11756  RMSG = 5.9967052e-03
 MIN: Iter =   84  NFunc =  1938  E =    -233.11774  RMSG = 4.5563382e-03
 MIN: Iter =   85  NFunc =  1989  E =    -233.11795  RMSG = 6.0207723e-03
 MIN: Iter =   86  NFunc =  2040  E =    -233.11824  RMSG = 1.0689108e-02
 MIN: Iter =   87  NFunc =  2091  E =    -233.11844  RMSG = 4.1767208e-03
 MIN: Iter =   88  NFunc =  2128  E =    -233.11853  RMSG = 2.3720333e-03
 MIN: Iter =   89  NFunc =  2176  E =    -233.11856  RMSG = 1.3179140e-03
 MIN: Iter =   90  NFunc =  2227  E =    -233.11859  RMSG = 1.4089851e-03
 MIN: Iter =   91  NFunc =  2278  E =    -233.11861  RMSG = 1.7465009e-03
 MIN: Iter =   92  NFunc =  2329  E =    -233.11863  RMSG = 1.1510898e-03
 MIN: Iter =   93  NFunc =  2380  E =    -233.11864  RMSG = 6.8396494e-04
 MIN: Iter =   94  NFunc =  2396  E =    -233.11864  RMSG = 5.2606963e-04
 MIN: Iter =   95  NFunc =  2447  E =    -233.11864  RMSG = 5.6919243e-04
 MIN: Iter =   96  NFunc =  2498  E =    -233.11865  RMSG = 6.4678302e-04
 MIN: Iter =   97  NFunc =  2549  E =    -233.11866  RMSG = 1.0552289e-03
 MIN: Iter =   98  NFunc =  2594  E =    -233.11866  RMSG = 8.0821546e-04
 MIN: Iter =   99  NFunc =  2645  E =    -233.11867  RMSG = 4.7304915e-04
----------------------------------------------------------------
 END:          :-)  E =    -233.11867  RMSG =   0.0004730

     bond:      6.420851675
    angle:     28.574627898
 dihedral:     29.917751509
    enb14:     23.540370699
    eel14:   -319.507674330
      enb:      9.294653385
      eel:    106.498355805
      egb:   -117.857604637
    econs:      0.000000000
    esurf:      0.000000000
    Total:   -233.118667995
     frms:      0.000473049
====== rms.dat  ======================================================
#Frame      all_heavy
       1       1.2228
