====== tleap.out =====================================================
-I: Adding /home/case/amber24/dat/leap/prep to search path.
-I: Adding /home/case/amber24/dat/leap/lib to search path.
-I: Adding /home/case/amber24/dat/leap/parm to search path.
-I: Adding /home/case/amber24/dat/leap/cmd to search path.
-f: Source leap.in.

Welcome to LEaP!
(no leaprc in search path)
Sourcing: ./leap.in
Using Bondi radii
----- Source: /home/case/amber24/dat/leap/cmd/leaprc.gaff2
----- Source of /home/case/amber24/dat/leap/cmd/leaprc.gaff2 done
Log file: ./leap.log
Loading parameters: /home/case/amber24/dat/leap/parm/gaff2.dat
Reading title:
AMBER General Force Field for organic molecules (Version 2.2.20, March 2021)
Loading parameters: ./FWM.frcmod
Reading force field modification type file (frcmod)
Reading title:
Remark line goes here
Loading Mol2 file: ./FWM.mol2
Reading MOLECULE named FWM
Checking Unit.
Building topology.
"order_residues" off: keep input residue order.
Building atom parameters.
Building bond parameters.
Building angle parameters.
Building proper torsion parameters.
Building improper torsion parameters.
 total 11 improper torsions applied
Building H-Bond parameters.
Incorporating Non-Bonded adjustments.
Not Marking per-residue atom chain types.
Marking per-residue atom chain types.
  (Residues lacking connect0/connect1 - 
   these don't have chain types marked:

	res	total affected

	FWM	1
  )
 (no restraints)
	Quit

Exiting LEaP: Errors = 0; Warnings = 0; Notes = 0.
====== min.o =========================================================
Reading parm file (FWM.parm7)
title:
FWM                                                                             
no velocities were found
no velocities were found
	mm_options:  ntpr=5
	mm_options:  gb=1
	mm_options:  kappa=0.10395
	mm_options:  rgbmax=99.
	mm_options:  cut=99.0
	mm_options:  wcons=0.
     bond:      4.570655888
    angle:      5.801314513
 dihedral:     56.436923198
    enb14:     18.621161856
    eel14:    -47.633805205
      enb:     -1.332142548
      eel:    -23.215090188
      egb:    -24.348440186
    econs:      0.000000000
    esurf:      0.000000000
    Total:    -11.099422671
     frms:      9.943567101
Starting TNCG minimisation
 MIN: Iter =    0  NFunc =     1  E =     -11.09942  RMSG = 9.9435671e+00
 MIN: Iter =    1  NFunc =     7  E =     -21.16568  RMSG = 2.3857196e+00
 MIN: Iter =    2  NFunc =    19  E =     -24.49352  RMSG = 1.1864687e+00
 MIN: Iter =    3  NFunc =    32  E =     -25.19134  RMSG = 5.2039665e-01
 MIN: Iter =    4  NFunc =    40  E =     -25.31024  RMSG = 3.1727565e-01
 MIN: Iter =    5  NFunc =    67  E =     -25.51422  RMSG = 2.7285466e-01
 MIN: Iter =    6  NFunc =    74  E =     -25.53317  RMSG = 1.2343533e-01
 MIN: Iter =    7  NFunc =   126  E =     -25.56951  RMSG = 1.3687210e-01
 MIN: Iter =    8  NFunc =   135  E =     -25.58568  RMSG = 2.2437576e-01
 MIN: Iter =    9  NFunc =   141  E =     -25.59313  RMSG = 8.0518271e-02
 MIN: Iter =   10  NFunc =   179  E =     -25.61437  RMSG = 1.2033756e-01
 MIN: Iter =   11  NFunc =   197  E =     -25.62055  RMSG = 3.8095201e-02
 MIN: Iter =   12  NFunc =   237  E =     -25.62799  RMSG = 4.0470266e-02
 MIN: Iter =   13  NFunc =   288  E =     -25.63643  RMSG = 7.4499905e-02
 MIN: Iter =   14  NFunc =   308  E =     -25.64265  RMSG = 4.1978742e-02
 MIN: Iter =   15  NFunc =   319  E =     -25.64396  RMSG = 2.0958171e-02
 MIN: Iter =   16  NFunc =   349  E =     -25.64470  RMSG = 8.9159578e-03
 MIN: Iter =   17  NFunc =   364  E =     -25.64480  RMSG = 4.5538919e-03
 MIN: Iter =   18  NFunc =   377  E =     -25.64481  RMSG = 2.6107188e-03
 MIN: Iter =   19  NFunc =   428  E =     -25.64490  RMSG = 3.4917658e-03
 MIN: Iter =   20  NFunc =   479  E =     -25.64505  RMSG = 6.3500704e-03
 MIN: Iter =   21  NFunc =   506  E =     -25.64513  RMSG = 3.3555405e-03
 MIN: Iter =   22  NFunc =   555  E =     -25.64520  RMSG = 2.7922195e-03
 MIN: Iter =   23  NFunc =   578  E =     -25.64521  RMSG = 2.1072243e-03
 MIN: Iter =   24  NFunc =   586  E =     -25.64522  RMSG = 1.0737388e-03
 MIN: Iter =   25  NFunc =   600  E =     -25.64522  RMSG = 7.2202407e-04
 MIN: Iter =   26  NFunc =   618  E =     -25.64522  RMSG = 3.3442080e-04
----------------------------------------------------------------
 END:          :-)  E =     -25.64522  RMSG =   0.0003344

     bond:      2.164778636
    angle:      5.258557131
 dihedral:     54.351621240
    enb14:     13.120426590
    eel14:    -48.722182826
      enb:     -4.232327631
      eel:    -21.422302203
      egb:    -26.163789600
    econs:      0.000000000
    esurf:      0.000000000
    Total:    -25.645218663
     frms:      0.000334421
====== rms.dat  ======================================================
#Frame      all_heavy
       1       0.2404
