====== tleap.out =====================================================
-I: Adding /home/case/amber24/dat/leap/prep to search path.
-I: Adding /home/case/amber24/dat/leap/lib to search path.
-I: Adding /home/case/amber24/dat/leap/parm to search path.
-I: Adding /home/case/amber24/dat/leap/cmd to search path.
-f: Source leap.in.

Welcome to LEaP!
(no leaprc in search path)
Sourcing: ./leap.in
Using Bondi radii
----- Source: /home/case/amber24/dat/leap/cmd/leaprc.gaff2
----- Source of /home/case/amber24/dat/leap/cmd/leaprc.gaff2 done
Log file: ./leap.log
Loading parameters: /home/case/amber24/dat/leap/parm/gaff2.dat
Reading title:
AMBER General Force Field for organic molecules (Version 2.2.20, March 2021)
Loading parameters: ./FZ8.frcmod
Reading force field modification type file (frcmod)
Reading title:
Remark line goes here
Loading Mol2 file: ./FZ8.mol2
Reading MOLECULE named FZ8
Checking Unit.
Building topology.
"order_residues" off: keep input residue order.
Building atom parameters.
Building bond parameters.
Building angle parameters.
Building proper torsion parameters.
Building improper torsion parameters.
 total 15 improper torsions applied
Building H-Bond parameters.
Incorporating Non-Bonded adjustments.
Not Marking per-residue atom chain types.
Marking per-residue atom chain types.
  (Residues lacking connect0/connect1 - 
   these don't have chain types marked:

	res	total affected

	FZ8	1
  )
 (no restraints)
	Quit

Exiting LEaP: Errors = 0; Warnings = 0; Notes = 0.
====== min.o =========================================================
Reading parm file (FZ8.parm7)
title:
FZ8                                                                             
no velocities were found
no velocities were found
	mm_options:  ntpr=5
	mm_options:  gb=1
	mm_options:  kappa=0.10395
	mm_options:  rgbmax=99.
	mm_options:  cut=99.0
	mm_options:  wcons=0.
     bond:      2.668984859
    angle:     41.817919495
 dihedral:      6.163044132
    enb14:     13.302906525
    eel14:   -123.420409056
      enb:     -1.257914175
      eel:     37.034788036
      egb:    -26.224684253
    econs:      0.000000000
    esurf:      0.000000000
    Total:    -49.915364436
     frms:     14.097251236
Starting TNCG minimisation
 MIN: Iter =    0  NFunc =     1  E =     -49.91536  RMSG = 1.4097251e+01
 MIN: Iter =    1  NFunc =     7  E =     -62.45612  RMSG = 2.9979324e+00
 MIN: Iter =    2  NFunc =    13  E =     -63.60667  RMSG = 9.7696031e-01
 MIN: Iter =    3  NFunc =    20  E =     -63.89752  RMSG = 5.5156324e-01
 MIN: Iter =    4  NFunc =    46  E =     -64.38569  RMSG = 6.2159607e-01
 MIN: Iter =    5  NFunc =    76  E =     -64.82734  RMSG = 6.6631933e-01
 MIN: Iter =    6  NFunc =    83  E =     -65.23715  RMSG = 6.3545491e-01
 MIN: Iter =    7  NFunc =    89  E =     -65.56606  RMSG = 5.8785781e-01
 MIN: Iter =    8  NFunc =    95  E =     -65.79775  RMSG = 3.8244827e-01
 MIN: Iter =    9  NFunc =   112  E =     -66.03829  RMSG = 3.7491419e-01
 MIN: Iter =   10  NFunc =   122  E =     -66.20971  RMSG = 3.9279618e-01
 MIN: Iter =   11  NFunc =   128  E =     -66.30764  RMSG = 3.6484454e-01
 MIN: Iter =   12  NFunc =   134  E =     -66.36976  RMSG = 2.6911419e-01
 MIN: Iter =   13  NFunc =   181  E =     -66.66650  RMSG = 3.7929604e-01
 MIN: Iter =   14  NFunc =   200  E =     -66.98824  RMSG = 5.1331876e-01
 MIN: Iter =   15  NFunc =   210  E =     -67.27854  RMSG = 6.1740663e-01
 MIN: Iter =   16  NFunc =   216  E =     -67.55070  RMSG = 6.3696493e-01
 MIN: Iter =   17  NFunc =   222  E =     -67.79144  RMSG = 5.7716749e-01
 MIN: Iter =   18  NFunc =   228  E =     -68.00867  RMSG = 5.4968343e-01
 MIN: Iter =   19  NFunc =   234  E =     -68.20497  RMSG = 5.0443781e-01
 MIN: Iter =   20  NFunc =   240  E =     -68.35159  RMSG = 4.1911631e-01
 MIN: Iter =   21  NFunc =   247  E =     -68.42313  RMSG = 2.9508601e-01
 MIN: Iter =   22  NFunc =   253  E =     -68.46112  RMSG = 2.1406117e-01
 MIN: Iter =   23  NFunc =   265  E =     -68.51628  RMSG = 1.6135334e-01
 MIN: Iter =   24  NFunc =   307  E =     -68.64826  RMSG = 3.1627174e-01
 MIN: Iter =   25  NFunc =   313  E =     -68.66828  RMSG = 1.1493856e-01
 MIN: Iter =   26  NFunc =   333  E =     -68.68503  RMSG = 8.8082328e-02
 MIN: Iter =   27  NFunc =   344  E =     -68.68756  RMSG = 4.1651416e-02
 MIN: Iter =   28  NFunc =   352  E =     -68.68825  RMSG = 1.9175374e-02
 MIN: Iter =   29  NFunc =   403  E =     -68.69195  RMSG = 1.3124018e-01
 MIN: Iter =   30  NFunc =   409  E =     -68.69446  RMSG = 5.2532237e-02
 MIN: Iter =   31  NFunc =   423  E =     -68.69677  RMSG = 5.7274269e-02
 MIN: Iter =   32  NFunc =   429  E =     -68.69730  RMSG = 2.0743859e-02
 MIN: Iter =   33  NFunc =   464  E =     -68.69858  RMSG = 1.3406426e-02
 MIN: Iter =   34  NFunc =   475  E =     -68.69878  RMSG = 1.1779397e-02
 MIN: Iter =   35  NFunc =   524  E =     -68.69952  RMSG = 1.1302570e-02
 MIN: Iter =   36  NFunc =   571  E =     -68.69979  RMSG = 7.1982152e-03
 MIN: Iter =   37  NFunc =   593  E =     -68.69984  RMSG = 3.7847749e-03
 MIN: Iter =   38  NFunc =   601  E =     -68.69984  RMSG = 1.6937871e-03
 MIN: Iter =   39  NFunc =   640  E =     -68.69986  RMSG = 1.4876444e-03
 MIN: Iter =   40  NFunc =   682  E =     -68.69987  RMSG = 1.3173690e-03
 MIN: Iter =   41  NFunc =   694  E =     -68.69987  RMSG = 7.7959810e-04
 MIN: Iter =   42  NFunc =   715  E =     -68.69987  RMSG = 4.8532802e-04
----------------------------------------------------------------
 END:          :-)  E =     -68.69987  RMSG =   0.0004853

     bond:      3.923226982
    angle:     28.576048175
 dihedral:      8.456386039
    enb14:     10.617118213
    eel14:   -124.403524595
      enb:     -4.971385899
      eel:     36.270072967
      egb:    -27.167816562
    econs:      0.000000000
    esurf:      0.000000000
    Total:    -68.699874680
     frms:      0.000485328
====== rms.dat  ======================================================
#Frame      all_heavy
       1       0.8841
