====== tleap.out =====================================================
-I: Adding /home/case/amber24/dat/leap/prep to search path.
-I: Adding /home/case/amber24/dat/leap/lib to search path.
-I: Adding /home/case/amber24/dat/leap/parm to search path.
-I: Adding /home/case/amber24/dat/leap/cmd to search path.
-f: Source leap.in.

Welcome to LEaP!
(no leaprc in search path)
Sourcing: ./leap.in
Using Bondi radii
----- Source: /home/case/amber24/dat/leap/cmd/leaprc.gaff2
----- Source of /home/case/amber24/dat/leap/cmd/leaprc.gaff2 done
Log file: ./leap.log
Loading parameters: /home/case/amber24/dat/leap/parm/gaff2.dat
Reading title:
AMBER General Force Field for organic molecules (Version 2.2.20, March 2021)
Loading parameters: ./FZN.frcmod
Reading force field modification type file (frcmod)
Reading title:
Remark line goes here
Loading Mol2 file: ./FZN.mol2
Reading MOLECULE named FZN
Checking Unit.

/home/case/amber24/bin/teLeap: Warning!
The unperturbed charge of the unit (-2.999000) is not zero.

/home/case/amber24/bin/teLeap: Note.
Ignoring the warning from Unit Checking.

Building topology.
"order_residues" off: keep input residue order.
Building atom parameters.
Building bond parameters.
Building angle parameters.
Building proper torsion parameters.
Building improper torsion parameters.
 total 9 improper torsions applied
Building H-Bond parameters.
Incorporating Non-Bonded adjustments.
Not Marking per-residue atom chain types.
Marking per-residue atom chain types.
  (Residues lacking connect0/connect1 - 
   these don't have chain types marked:

	res	total affected

	FZN	1
  )
 (no restraints)
	Quit

Exiting LEaP: Errors = 0; Warnings = 1; Notes = 1.
====== min.o =========================================================
Reading parm file (FZN.parm7)
title:
FZN                                                                             
no velocities were found
no velocities were found
	mm_options:  ntpr=5
	mm_options:  gb=1
	mm_options:  kappa=0.10395
	mm_options:  rgbmax=99.
	mm_options:  cut=99.0
	mm_options:  wcons=0.
     bond:      6.534108401
    angle:     45.277755484
 dihedral:     84.342833386
    enb14:     15.929008919
    eel14:   -215.855810178
      enb:    -11.383729152
      eel:     96.703425980
      egb:   -355.457736051
    econs:      0.000000000
    esurf:      0.000000000
    Total:   -333.910143212
     frms:     15.910360764
Starting TNCG minimisation
 MIN: Iter =    0  NFunc =     1  E =    -333.91014  RMSG = 1.5910361e+01
 MIN: Iter =    1  NFunc =     7  E =    -372.55779  RMSG = 4.1122931e+00
 MIN: Iter =    2  NFunc =    15  E =    -380.24620  RMSG = 2.4054782e+00
 MIN: Iter =    3  NFunc =    26  E =    -382.90248  RMSG = 1.8767838e+00
 MIN: Iter =    4  NFunc =    74  E =    -384.14053  RMSG = 1.7050441e+00
 MIN: Iter =    5  NFunc =    88  E =    -385.19667  RMSG = 1.2438867e+00
 MIN: Iter =    6  NFunc =    95  E =    -385.93914  RMSG = 8.8029803e-01
 MIN: Iter =    7  NFunc =   102  E =    -386.31373  RMSG = 4.2076415e-01
 MIN: Iter =    8  NFunc =   150  E =    -386.71988  RMSG = 5.3472371e-01
 MIN: Iter =    9  NFunc =   174  E =    -387.04409  RMSG = 4.9337932e-01
 MIN: Iter =   10  NFunc =   187  E =    -387.29117  RMSG = 3.9177841e-01
 MIN: Iter =   11  NFunc =   198  E =    -387.45470  RMSG = 3.6503003e-01
 MIN: Iter =   12  NFunc =   207  E =    -387.55148  RMSG = 2.4744623e-01
 MIN: Iter =   13  NFunc =   258  E =    -387.81515  RMSG = 4.5026029e-01
 MIN: Iter =   14  NFunc =   265  E =    -388.00333  RMSG = 4.4040200e-01
 MIN: Iter =   15  NFunc =   294  E =    -388.29774  RMSG = 5.8823231e-01
 MIN: Iter =   16  NFunc =   311  E =    -388.59437  RMSG = 5.3531473e-01
 MIN: Iter =   17  NFunc =   322  E =    -388.83839  RMSG = 5.0405819e-01
 MIN: Iter =   18  NFunc =   331  E =    -389.06787  RMSG = 5.3614142e-01
 MIN: Iter =   19  NFunc =   337  E =    -389.29360  RMSG = 5.1472809e-01
 MIN: Iter =   20  NFunc =   343  E =    -389.54399  RMSG = 5.7166890e-01
 MIN: Iter =   21  NFunc =   349  E =    -389.80179  RMSG = 4.9562427e-01
 MIN: Iter =   22  NFunc =   356  E =    -390.03404  RMSG = 4.3692131e-01
 MIN: Iter =   23  NFunc =   365  E =    -390.27868  RMSG = 5.2150603e-01
 MIN: Iter =   24  NFunc =   371  E =    -390.48969  RMSG = 4.5181381e-01
 MIN: Iter =   25  NFunc =   377  E =    -390.63817  RMSG = 3.4763705e-01
 MIN: Iter =   26  NFunc =   391  E =    -390.83401  RMSG = 3.6081494e-01
 MIN: Iter =   27  NFunc =   425  E =    -391.07420  RMSG = 3.6928633e-01
 MIN: Iter =   28  NFunc =   431  E =    -391.13029  RMSG = 1.7064666e-01
 MIN: Iter =   29  NFunc =   481  E =    -391.38679  RMSG = 3.3315948e-01
 MIN: Iter =   30  NFunc =   532  E =    -391.66078  RMSG = 5.1477677e-01
 MIN: Iter =   31  NFunc =   539  E =    -391.89038  RMSG = 4.8288966e-01
 MIN: Iter =   32  NFunc =   560  E =    -392.19545  RMSG = 5.7780140e-01
 MIN: Iter =   33  NFunc =   572  E =    -392.46459  RMSG = 4.4838834e-01
 MIN: Iter =   34  NFunc =   579  E =    -392.59646  RMSG = 2.4876542e-01
 MIN: Iter =   35  NFunc =   602  E =    -392.77217  RMSG = 4.6771247e-01
 MIN: Iter =   36  NFunc =   628  E =    -392.97276  RMSG = 4.0679534e-01
 MIN: Iter =   37  NFunc =   636  E =    -393.02999  RMSG = 1.5608388e-01
 MIN: Iter =   38  NFunc =   687  E =    -393.22095  RMSG = 3.2439806e-01
 MIN: Iter =   39  NFunc =   708  E =    -393.38480  RMSG = 4.2919848e-01
 MIN: Iter =   40  NFunc =   720  E =    -393.56799  RMSG = 4.0729396e-01
 MIN: Iter =   41  NFunc =   729  E =    -393.70318  RMSG = 3.8494360e-01
 MIN: Iter =   42  NFunc =   746  E =    -393.87304  RMSG = 3.4071931e-01
 MIN: Iter =   43  NFunc =   754  E =    -394.02332  RMSG = 3.0783284e-01
 MIN: Iter =   44  NFunc =   780  E =    -394.20588  RMSG = 3.7104846e-01
 MIN: Iter =   45  NFunc =   793  E =    -394.36938  RMSG = 3.8043123e-01
 MIN: Iter =   46  NFunc =   800  E =    -394.48588  RMSG = 3.4149110e-01
 MIN: Iter =   47  NFunc =   811  E =    -394.60926  RMSG = 2.7927997e-01
 MIN: Iter =   48  NFunc =   822  E =    -394.71004  RMSG = 2.6741680e-01
 MIN: Iter =   49  NFunc =   831  E =    -394.78370  RMSG = 2.3610833e-01
 MIN: Iter =   50  NFunc =   838  E =    -394.83247  RMSG = 2.0330845e-01
 MIN: Iter =   51  NFunc =   871  E =    -395.02371  RMSG = 2.4228702e-01
 MIN: Iter =   52  NFunc =   891  E =    -395.11486  RMSG = 1.9574555e-01
 MIN: Iter =   53  NFunc =   906  E =    -395.14794  RMSG = 9.0614959e-02
 MIN: Iter =   54  NFunc =   957  E =    -395.22092  RMSG = 1.7735362e-01
 MIN: Iter =   55  NFunc =   965  E =    -395.24166  RMSG = 9.4483215e-02
 MIN: Iter =   56  NFunc =  1016  E =    -395.31005  RMSG = 1.6258954e-01
 MIN: Iter =   57  NFunc =  1046  E =    -395.37398  RMSG = 2.3744208e-01
 MIN: Iter =   58  NFunc =  1063  E =    -395.43296  RMSG = 1.8878787e-01
 MIN: Iter =   59  NFunc =  1076  E =    -395.47745  RMSG = 1.8951842e-01
 MIN: Iter =   60  NFunc =  1084  E =    -395.50153  RMSG = 1.1882654e-01
 MIN: Iter =   61  NFunc =  1095  E =    -395.53651  RMSG = 1.7661482e-01
 MIN: Iter =   62  NFunc =  1106  E =    -395.57458  RMSG = 1.7780000e-01
 MIN: Iter =   63  NFunc =  1112  E =    -395.59591  RMSG = 1.4136048e-01
 MIN: Iter =   64  NFunc =  1122  E =    -395.63253  RMSG = 1.0749244e-01
 MIN: Iter =   65  NFunc =  1173  E =    -395.71948  RMSG = 4.2654769e-01
 MIN: Iter =   66  NFunc =  1179  E =    -395.75647  RMSG = 1.1402520e-01
 MIN: Iter =   67  NFunc =  1227  E =    -395.80583  RMSG = 1.5048079e-01
 MIN: Iter =   68  NFunc =  1250  E =    -395.83842  RMSG = 1.8235762e-01
 MIN: Iter =   69  NFunc =  1257  E =    -395.84580  RMSG = 6.7902226e-02
 MIN: Iter =   70  NFunc =  1288  E =    -395.86021  RMSG = 1.2781839e-01
 MIN: Iter =   71  NFunc =  1294  E =    -395.86323  RMSG = 3.5584276e-02
 MIN: Iter =   72  NFunc =  1334  E =    -395.87066  RMSG = 4.5376475e-02
 MIN: Iter =   73  NFunc =  1343  E =    -395.87130  RMSG = 1.3281610e-02
 MIN: Iter =   74  NFunc =  1394  E =    -395.87626  RMSG = 3.0199148e-02
 MIN: Iter =   75  NFunc =  1445  E =    -395.88023  RMSG = 5.9428907e-02
 MIN: Iter =   76  NFunc =  1452  E =    -395.88104  RMSG = 1.9578466e-02
 MIN: Iter =   77  NFunc =  1503  E =    -395.88377  RMSG = 3.8908252e-02
 MIN: Iter =   78  NFunc =  1554  E =    -395.88739  RMSG = 3.3167715e-02
 MIN: Iter =   79  NFunc =  1591  E =    -395.88941  RMSG = 1.6701745e-02
 MIN: Iter =   80  NFunc =  1642  E =    -395.89075  RMSG = 1.4801931e-02
 MIN: Iter =   81  NFunc =  1693  E =    -395.89233  RMSG = 2.0273226e-02
 MIN: Iter =   82  NFunc =  1712  E =    -395.89282  RMSG = 8.5355352e-03
 MIN: Iter =   83  NFunc =  1763  E =    -395.89472  RMSG = 2.9838665e-02
 MIN: Iter =   84  NFunc =  1782  E =    -395.89552  RMSG = 1.1575241e-02
 MIN: Iter =   85  NFunc =  1827  E =    -395.89663  RMSG = 1.0967870e-02
 MIN: Iter =   86  NFunc =  1840  E =    -395.89673  RMSG = 5.5270401e-03
 MIN: Iter =   87  NFunc =  1891  E =    -395.89697  RMSG = 4.4904439e-03
 MIN: Iter =   88  NFunc =  1942  E =    -395.89734  RMSG = 8.5427796e-03
 MIN: Iter =   89  NFunc =  1962  E =    -395.89746  RMSG = 3.8115708e-03
 MIN: Iter =   90  NFunc =  1983  E =    -395.89753  RMSG = 2.9475645e-03
 MIN: Iter =   91  NFunc =  2034  E =    -395.89767  RMSG = 4.3081418e-03
 MIN: Iter =   92  NFunc =  2085  E =    -395.89784  RMSG = 5.3020641e-03
 MIN: Iter =   93  NFunc =  2136  E =    -395.89810  RMSG = 7.3906406e-03
 MIN: Iter =   94  NFunc =  2163  E =    -395.89822  RMSG = 3.9082121e-03
 MIN: Iter =   95  NFunc =  2214  E =    -395.89834  RMSG = 4.1731200e-03
 MIN: Iter =   96  NFunc =  2256  E =    -395.89847  RMSG = 3.5685039e-03
 MIN: Iter =   97  NFunc =  2281  E =    -395.89849  RMSG = 1.5824160e-03
 MIN: Iter =   98  NFunc =  2332  E =    -395.89853  RMSG = 2.6957451e-03
 MIN: Iter =   99  NFunc =  2383  E =    -395.89858  RMSG = 1.9521935e-03
 MIN: Iter =  100  NFunc =  2413  E =    -395.89861  RMSG = 1.5337364e-03
----------------------------------------------------------------
 END:          :-)  E =    -395.89861  RMSG =   0.0015337

     bond:      7.238666971
    angle:     28.180898163
 dihedral:     74.948869733
    enb14:     16.639657711
    eel14:   -227.159076044
      enb:    -12.739136360
      eel:     85.563811873
      egb:   -368.572299452
    econs:      0.000000000
    esurf:      0.000000000
    Total:   -395.898607406
     frms:      0.001533736
====== rms.dat  ======================================================
#Frame      all_heavy
       1       2.6653
