====== tleap.out =====================================================
-I: Adding /home/case/amber24/dat/leap/prep to search path.
-I: Adding /home/case/amber24/dat/leap/lib to search path.
-I: Adding /home/case/amber24/dat/leap/parm to search path.
-I: Adding /home/case/amber24/dat/leap/cmd to search path.
-f: Source leap.in.

Welcome to LEaP!
(no leaprc in search path)
Sourcing: ./leap.in
Using Bondi radii
----- Source: /home/case/amber24/dat/leap/cmd/leaprc.gaff2
----- Source of /home/case/amber24/dat/leap/cmd/leaprc.gaff2 done
Log file: ./leap.log
Loading parameters: /home/case/amber24/dat/leap/parm/gaff2.dat
Reading title:
AMBER General Force Field for organic molecules (Version 2.2.20, March 2021)
Loading parameters: ./S2U.frcmod
Reading force field modification type file (frcmod)
Reading title:
Remark line goes here
Loading Mol2 file: ./S2U.mol2
Reading MOLECULE named S2U
Checking Unit.
Building topology.
"order_residues" off: keep input residue order.
Building atom parameters.
Building bond parameters.
Building angle parameters.
Building proper torsion parameters.
Building improper torsion parameters.
 total 20 improper torsions applied
Building H-Bond parameters.
Incorporating Non-Bonded adjustments.
Not Marking per-residue atom chain types.
Marking per-residue atom chain types.
  (Residues lacking connect0/connect1 - 
   these don't have chain types marked:

	res	total affected

	S2U	1
  )
 (no restraints)
	Quit

Exiting LEaP: Errors = 0; Warnings = 0; Notes = 0.
====== min.o =========================================================
Reading parm file (S2U.parm7)
title:
S2U                                                                             
no velocities were found
no velocities were found
	mm_options:  ntpr=5
	mm_options:  gb=1
	mm_options:  kappa=0.10395
	mm_options:  rgbmax=99.
	mm_options:  cut=99.0
	mm_options:  wcons=0.
     bond:      1.827961117
    angle:      6.633019676
 dihedral:     22.971068085
    enb14:     13.273916898
    eel14:   -187.337574905
      enb:      0.528327343
      eel:     45.837308406
      egb:    -27.236837999
    econs:      0.000000000
    esurf:      0.000000000
    Total:   -123.502811380
     frms:      8.756010987
Starting TNCG minimisation
 MIN: Iter =    0  NFunc =     1  E =    -123.50281  RMSG = 8.7560110e+00
 MIN: Iter =    1  NFunc =     8  E =    -132.51628  RMSG = 2.4829046e+00
 MIN: Iter =    2  NFunc =    15  E =    -134.19667  RMSG = 1.1295027e+00
 MIN: Iter =    3  NFunc =    28  E =    -135.13539  RMSG = 1.3707029e+00
 MIN: Iter =    4  NFunc =    42  E =    -135.67553  RMSG = 7.1238784e-01
 MIN: Iter =    5  NFunc =    70  E =    -136.08820  RMSG = 7.7943077e-01
 MIN: Iter =    6  NFunc =    79  E =    -136.21788  RMSG = 3.0222256e-01
 MIN: Iter =    7  NFunc =   110  E =    -136.31030  RMSG = 9.9794948e-01
 MIN: Iter =    8  NFunc =   116  E =    -136.37799  RMSG = 1.7401769e-01
 MIN: Iter =    9  NFunc =   167  E =    -136.49114  RMSG = 3.2298455e-01
 MIN: Iter =   10  NFunc =   184  E =    -136.55624  RMSG = 1.7352869e-01
 MIN: Iter =   11  NFunc =   210  E =    -136.59510  RMSG = 1.3187979e-01
 MIN: Iter =   12  NFunc =   233  E =    -136.60721  RMSG = 6.1735396e-02
 MIN: Iter =   13  NFunc =   244  E =    -136.60925  RMSG = 3.1361165e-02
 MIN: Iter =   14  NFunc =   275  E =    -136.61254  RMSG = 2.5806373e-02
 MIN: Iter =   15  NFunc =   310  E =    -136.61448  RMSG = 2.5660181e-02
 MIN: Iter =   16  NFunc =   361  E =    -136.61745  RMSG = 4.8620295e-02
 MIN: Iter =   17  NFunc =   412  E =    -136.62282  RMSG = 6.3302500e-02
 MIN: Iter =   18  NFunc =   463  E =    -136.63303  RMSG = 2.0387284e-01
 MIN: Iter =   19  NFunc =   474  E =    -136.64715  RMSG = 7.1638636e-02
 MIN: Iter =   20  NFunc =   485  E =    -136.65318  RMSG = 1.9297369e-01
 MIN: Iter =   21  NFunc =   492  E =    -136.65893  RMSG = 5.6727126e-02
 MIN: Iter =   22  NFunc =   513  E =    -136.66635  RMSG = 7.4295600e-02
 MIN: Iter =   23  NFunc =   519  E =    -136.66741  RMSG = 3.1986135e-02
 MIN: Iter =   24  NFunc =   536  E =    -136.66901  RMSG = 1.7436863e-02
 MIN: Iter =   25  NFunc =   587  E =    -136.67072  RMSG = 2.2039886e-02
 MIN: Iter =   26  NFunc =   604  E =    -136.67110  RMSG = 9.4520999e-03
 MIN: Iter =   27  NFunc =   655  E =    -136.67164  RMSG = 1.0246439e-02
 MIN: Iter =   28  NFunc =   674  E =    -136.67179  RMSG = 5.7381909e-03
 MIN: Iter =   29  NFunc =   723  E =    -136.67194  RMSG = 4.0747458e-03
 MIN: Iter =   30  NFunc =   750  E =    -136.67197  RMSG = 2.0278328e-03
 MIN: Iter =   31  NFunc =   771  E =    -136.67198  RMSG = 1.1316601e-03
 MIN: Iter =   32  NFunc =   799  E =    -136.67198  RMSG = 5.6422284e-04
 MIN: Iter =   33  NFunc =   850  E =    -136.67199  RMSG = 9.1250116e-04
 MIN: Iter =   34  NFunc =   901  E =    -136.67200  RMSG = 1.6056473e-03
 MIN: Iter =   35  NFunc =   952  E =    -136.67202  RMSG = 1.3366700e-03
 MIN: Iter =   36  NFunc =   977  E =    -136.67202  RMSG = 7.2482734e-04
 MIN: Iter =   37  NFunc =   990  E =    -136.67202  RMSG = 5.6038239e-04
 MIN: Iter =   38  NFunc =  1004  E =    -136.67202  RMSG = 3.8292373e-04
----------------------------------------------------------------
 END:          :-)  E =    -136.67202  RMSG =   0.0003829

     bond:      2.883809456
    angle:      8.810763085
 dihedral:     18.716720597
    enb14:      9.201336016
    eel14:   -196.124582941
      enb:     -1.444620992
      eel:     49.214308367
      egb:    -27.929755208
    econs:      0.000000000
    esurf:      0.000000000
    Total:   -136.672021619
     frms:      0.000382924
====== rms.dat  ======================================================
#Frame      all_heavy
       1       0.5379
