====== tleap.out =====================================================
-I: Adding /home/case/amber24/dat/leap/prep to search path.
-I: Adding /home/case/amber24/dat/leap/lib to search path.
-I: Adding /home/case/amber24/dat/leap/parm to search path.
-I: Adding /home/case/amber24/dat/leap/cmd to search path.
-f: Source leap.in.

Welcome to LEaP!
(no leaprc in search path)
Sourcing: ./leap.in
Using Bondi radii
----- Source: /home/case/amber24/dat/leap/cmd/leaprc.gaff2
----- Source of /home/case/amber24/dat/leap/cmd/leaprc.gaff2 done
Log file: ./leap.log
Loading parameters: /home/case/amber24/dat/leap/parm/gaff2.dat
Reading title:
AMBER General Force Field for organic molecules (Version 2.2.20, March 2021)
Loading parameters: ./S5E.frcmod
Reading force field modification type file (frcmod)
Reading title:
Remark line goes here
Loading Mol2 file: ./S5E.mol2
Reading MOLECULE named S5E
Checking Unit.
Building topology.
"order_residues" off: keep input residue order.
Building atom parameters.
Building bond parameters.
Building angle parameters.
Building proper torsion parameters.
Building improper torsion parameters.
 total 23 improper torsions applied
Building H-Bond parameters.
Incorporating Non-Bonded adjustments.
Not Marking per-residue atom chain types.
Marking per-residue atom chain types.
  (Residues lacking connect0/connect1 - 
   these don't have chain types marked:

	res	total affected

	S5E	1
  )
 (no restraints)
	Quit

Exiting LEaP: Errors = 0; Warnings = 0; Notes = 0.
====== min.o =========================================================
Reading parm file (S5E.parm7)
title:
S5E                                                                             
no velocities were found
no velocities were found
	mm_options:  ntpr=5
	mm_options:  gb=1
	mm_options:  kappa=0.10395
	mm_options:  rgbmax=99.
	mm_options:  cut=99.0
	mm_options:  wcons=0.
     bond:      3.192119059
    angle:     28.670141224
 dihedral:     39.019378840
    enb14:     15.065832838
    eel14:   -200.127478389
      enb:     -9.508333613
      eel:     49.499155813
      egb:    -41.710847312
    econs:      0.000000000
    esurf:      0.000000000
    Total:   -115.900031540
     frms:      8.629867016
Starting TNCG minimisation
 MIN: Iter =    0  NFunc =     1  E =    -115.90003  RMSG = 8.6298670e+00
 MIN: Iter =    1  NFunc =     7  E =    -126.97295  RMSG = 2.1523772e+00
 MIN: Iter =    2  NFunc =    18  E =    -130.67221  RMSG = 1.2650483e+00
 MIN: Iter =    3  NFunc =    29  E =    -131.93792  RMSG = 7.2904976e-01
 MIN: Iter =    4  NFunc =    80  E =    -132.82325  RMSG = 6.7530459e-01
 MIN: Iter =    5  NFunc =   105  E =    -133.54165  RMSG = 6.2111806e-01
 MIN: Iter =    6  NFunc =   118  E =    -133.98448  RMSG = 5.0862182e-01
 MIN: Iter =    7  NFunc =   143  E =    -134.28600  RMSG = 3.6026466e-01
 MIN: Iter =    8  NFunc =   161  E =    -134.50617  RMSG = 3.3629888e-01
 MIN: Iter =    9  NFunc =   177  E =    -134.69164  RMSG = 2.3653946e-01
 MIN: Iter =   10  NFunc =   193  E =    -134.79025  RMSG = 1.4946395e-01
 MIN: Iter =   11  NFunc =   244  E =    -134.87199  RMSG = 2.4036185e-01
 MIN: Iter =   12  NFunc =   255  E =    -134.89593  RMSG = 7.9168815e-02
 MIN: Iter =   13  NFunc =   287  E =    -134.91769  RMSG = 1.2667778e-01
 MIN: Iter =   14  NFunc =   314  E =    -134.93427  RMSG = 7.2890923e-02
 MIN: Iter =   15  NFunc =   321  E =    -134.93608  RMSG = 3.1666051e-02
 MIN: Iter =   16  NFunc =   362  E =    -134.94282  RMSG = 3.2557139e-02
 MIN: Iter =   17  NFunc =   413  E =    -134.94646  RMSG = 2.6671215e-02
 MIN: Iter =   18  NFunc =   438  E =    -134.94817  RMSG = 1.5386377e-02
 MIN: Iter =   19  NFunc =   480  E =    -134.94975  RMSG = 1.2394417e-02
 MIN: Iter =   20  NFunc =   490  E =    -134.94988  RMSG = 6.7800380e-03
 MIN: Iter =   21  NFunc =   541  E =    -134.95042  RMSG = 8.9442108e-03
 MIN: Iter =   22  NFunc =   570  E =    -134.95075  RMSG = 6.1658228e-03
 MIN: Iter =   23  NFunc =   597  E =    -134.95086  RMSG = 3.4938663e-03
 MIN: Iter =   24  NFunc =   641  E =    -134.95096  RMSG = 2.7442373e-03
 MIN: Iter =   25  NFunc =   668  E =    -134.95098  RMSG = 1.5132173e-03
 MIN: Iter =   26  NFunc =   706  E =    -134.95100  RMSG = 1.5823280e-03
 MIN: Iter =   27  NFunc =   757  E =    -134.95101  RMSG = 9.5070736e-04
 MIN: Iter =   28  NFunc =   808  E =    -134.95103  RMSG = 1.2109194e-03
 MIN: Iter =   29  NFunc =   833  E =    -134.95103  RMSG = 7.8369756e-04
 MIN: Iter =   30  NFunc =   884  E =    -134.95103  RMSG = 7.3124863e-04
 MIN: Iter =   31  NFunc =   923  E =    -134.95104  RMSG = 4.8737203e-04
----------------------------------------------------------------
 END:          :-)  E =    -134.95104  RMSG =   0.0004874

     bond:      1.751231237
    angle:     22.195456845
 dihedral:     34.312026034
    enb14:     11.739617919
    eel14:   -202.019253646
      enb:    -13.044422484
      eel:     52.123761179
      egb:    -42.009453713
    econs:      0.000000000
    esurf:      0.000000000
    Total:   -134.951036629
     frms:      0.000487372
====== rms.dat  ======================================================
#Frame      all_heavy
       1       0.5305
