====== tleap.out =====================================================
-I: Adding /home/case/amber24/dat/leap/prep to search path.
-I: Adding /home/case/amber24/dat/leap/lib to search path.
-I: Adding /home/case/amber24/dat/leap/parm to search path.
-I: Adding /home/case/amber24/dat/leap/cmd to search path.
-f: Source leap.in.

Welcome to LEaP!
(no leaprc in search path)
Sourcing: ./leap.in
Using Bondi radii
----- Source: /home/case/amber24/dat/leap/cmd/leaprc.gaff2
----- Source of /home/case/amber24/dat/leap/cmd/leaprc.gaff2 done
Log file: ./leap.log
Loading parameters: /home/case/amber24/dat/leap/parm/gaff2.dat
Reading title:
AMBER General Force Field for organic molecules (Version 2.2.20, March 2021)
Loading parameters: ./S5W.frcmod
Reading force field modification type file (frcmod)
Reading title:
Remark line goes here
Loading Mol2 file: ./S5W.mol2
Reading MOLECULE named S5W
Checking Unit.
Building topology.
"order_residues" off: keep input residue order.
Building atom parameters.
Building bond parameters.
Building angle parameters.
Building proper torsion parameters.
Building improper torsion parameters.
 total 21 improper torsions applied
Building H-Bond parameters.
Incorporating Non-Bonded adjustments.
Not Marking per-residue atom chain types.
Marking per-residue atom chain types.
  (Residues lacking connect0/connect1 - 
   these don't have chain types marked:

	res	total affected

	S5W	1
  )
 (no restraints)
	Quit

Exiting LEaP: Errors = 0; Warnings = 0; Notes = 0.
====== min.o =========================================================
Reading parm file (S5W.parm7)
title:
S5W                                                                             
no velocities were found
no velocities were found
	mm_options:  ntpr=5
	mm_options:  gb=1
	mm_options:  kappa=0.10395
	mm_options:  rgbmax=99.
	mm_options:  cut=99.0
	mm_options:  wcons=0.
     bond:      4.028770617
    angle:     12.163173694
 dihedral:     73.225383563
    enb14:     36.033446590
    eel14:     52.480907247
      enb:    -14.420996737
      eel:    -64.830356100
      egb:    -26.463840067
    econs:      0.000000000
    esurf:      0.000000000
    Total:     72.216488807
     frms:      8.406607399
Starting TNCG minimisation
 MIN: Iter =    0  NFunc =     1  E =      72.21649  RMSG = 8.4066074e+00
 MIN: Iter =    1  NFunc =     7  E =      52.70786  RMSG = 2.9786269e+00
 MIN: Iter =    2  NFunc =    14  E =      46.63674  RMSG = 1.3451802e+00
 MIN: Iter =    3  NFunc =    26  E =      44.44554  RMSG = 6.1529127e-01
 MIN: Iter =    4  NFunc =    66  E =      43.92982  RMSG = 1.4687981e+00
 MIN: Iter =    5  NFunc =    80  E =      43.16424  RMSG = 4.0662511e-01
 MIN: Iter =    6  NFunc =   101  E =      42.64594  RMSG = 1.1270037e+00
 MIN: Iter =    7  NFunc =   152  E =      41.94714  RMSG = 1.4769842e+00
 MIN: Iter =    8  NFunc =   159  E =      41.02760  RMSG = 1.3963389e+00
 MIN: Iter =    9  NFunc =   165  E =      40.11568  RMSG = 1.4422387e+00
 MIN: Iter =   10  NFunc =   171  E =      39.08953  RMSG = 1.5505516e+00
 MIN: Iter =   11  NFunc =   178  E =      37.90300  RMSG = 1.6059644e+00
 MIN: Iter =   12  NFunc =   184  E =      36.60137  RMSG = 1.7238972e+00
 MIN: Iter =   13  NFunc =   190  E =      35.13961  RMSG = 1.6908503e+00
 MIN: Iter =   14  NFunc =   196  E =      33.54377  RMSG = 1.6084812e+00
 MIN: Iter =   15  NFunc =   202  E =      32.05510  RMSG = 1.3600486e+00
 MIN: Iter =   16  NFunc =   208  E =      30.88403  RMSG = 1.0998808e+00
 MIN: Iter =   17  NFunc =   216  E =      30.33466  RMSG = 4.3546264e-01
 MIN: Iter =   18  NFunc =   230  E =      29.97129  RMSG = 4.1276713e-01
 MIN: Iter =   19  NFunc =   266  E =      29.42380  RMSG = 3.6792822e-01
 MIN: Iter =   20  NFunc =   296  E =      29.18379  RMSG = 2.3109929e-01
 MIN: Iter =   21  NFunc =   347  E =      29.00219  RMSG = 1.9115636e-01
 MIN: Iter =   22  NFunc =   380  E =      28.87163  RMSG = 1.7772500e-01
 MIN: Iter =   23  NFunc =   399  E =      28.78909  RMSG = 1.5368563e-01
 MIN: Iter =   24  NFunc =   412  E =      28.74242  RMSG = 1.3165455e-01
 MIN: Iter =   25  NFunc =   418  E =      28.73117  RMSG = 6.0948378e-02
 MIN: Iter =   26  NFunc =   469  E =      28.69244  RMSG = 1.2966392e-01
 MIN: Iter =   27  NFunc =   484  E =      28.67776  RMSG = 4.8061217e-02
 MIN: Iter =   28  NFunc =   517  E =      28.66903  RMSG = 2.9481234e-02
 MIN: Iter =   29  NFunc =   558  E =      28.65915  RMSG = 2.7578299e-02
 MIN: Iter =   30  NFunc =   601  E =      28.65562  RMSG = 1.6231739e-02
 MIN: Iter =   31  NFunc =   648  E =      28.65462  RMSG = 7.2287644e-03
 MIN: Iter =   32  NFunc =   673  E =      28.65445  RMSG = 3.9880281e-03
 MIN: Iter =   33  NFunc =   724  E =      28.65432  RMSG = 3.1561250e-03
 MIN: Iter =   34  NFunc =   734  E =      28.65431  RMSG = 1.9969841e-03
 MIN: Iter =   35  NFunc =   752  E =      28.65429  RMSG = 1.5484076e-03
 MIN: Iter =   36  NFunc =   803  E =      28.65427  RMSG = 1.1182165e-03
 MIN: Iter =   37  NFunc =   854  E =      28.65426  RMSG = 1.1729633e-03
 MIN: Iter =   38  NFunc =   883  E =      28.65425  RMSG = 7.4275395e-04
 MIN: Iter =   39  NFunc =   910  E =      28.65425  RMSG = 4.4768189e-04
----------------------------------------------------------------
 END:          :-)  E =      28.65425  RMSG =   0.0004477

     bond:      4.761254012
    angle:      9.757149881
 dihedral:     52.281664224
    enb14:     22.756561559
    eel14:     50.825414270
      enb:    -19.095218031
      eel:    -62.720376419
      egb:    -29.912200376
    econs:      0.000000000
    esurf:      0.000000000
    Total:     28.654249121
     frms:      0.000447682
====== rms.dat  ======================================================
#Frame      all_heavy
       1       0.6203
