====== tleap.out =====================================================
-I: Adding /home/case/amber26/dat/leap/prep to search path.
-I: Adding /home/case/amber26/dat/leap/lib to search path.
-I: Adding /home/case/amber26/dat/leap/parm to search path.
-I: Adding /home/case/amber26/dat/leap/cmd to search path.
-f: Source leap.in.

Welcome to LEaP!
(no leaprc in search path)
Sourcing: ./leap.in
Using Bondi radii
----- Source: /home/case/amber26/dat/leap/cmd/leaprc.gaff2
----- Source of /home/case/amber26/dat/leap/cmd/leaprc.gaff2 done
Log file: ./leap.log
Loading parameters: /home/case/amber26/dat/leap/parm/gaff2.dat
Reading title:
AMBER General Force Field for organic molecules (Version 2.2.30, Oct 2025)
Loading parameters: ./S8X.frcmod
Reading force field modification type file (frcmod)
Reading title:
Remark line goes here
Loading Mol2 file: ./S8X.mol2
Reading MOLECULE named S8X
Checking Unit.
Building topology.
"order_residues" off: keep input residue order.
Building atom parameters.
Building bond parameters.
Building angle parameters.
Building proper torsion parameters.
Building improper torsion parameters.
 total 14 improper torsions applied
Building H-Bond parameters.
Incorporating Non-Bonded adjustments.
Not Marking per-residue atom chain types.
Marking per-residue atom chain types.
  (Residues lacking connect0/connect1 - 
   these don't have chain types marked:

	res	total affected

	S8X	1
  )
 (no restraints)
	Quit

Exiting LEaP: Errors = 0; Warnings = 0; Notes = 0.
====== min.o =========================================================
Reading parm file (S8X.parm7)
title:
S8X                                                                             
no velocities were found
no velocities were found
	mm_options:  ntpr=5
	mm_options:  gb=1
	mm_options:  kappa=0.10395
	mm_options:  rgbmax=99.
	mm_options:  cut=99.0
	mm_options:  wcons=0.
     bond:      1.547694063
    angle:     41.255254766
 dihedral:      0.079295977
    enb14:      5.207948732
    eel14:    -49.743154415
      enb:     -9.080623837
      eel:     20.650431043
      egb:    -11.434651050
    econs:      0.000000000
    esurf:      0.000000000
    Total:     -1.517804722
     frms:     14.654419054
Starting TNCG minimisation
 MIN: Iter =    0  NFunc =     1  E =      -1.51780  RMSG = 1.4654419e+01
 MIN: Iter =    1  NFunc =     7  E =     -10.39949  RMSG = 2.4195623e+00
 MIN: Iter =    2  NFunc =    13  E =     -11.20180  RMSG = 6.3858336e-01
 MIN: Iter =    3  NFunc =    22  E =     -11.36504  RMSG = 3.4418040e-01
 MIN: Iter =    4  NFunc =    33  E =     -11.65640  RMSG = 2.1710975e+00
 MIN: Iter =    5  NFunc =    39  E =     -12.05088  RMSG = 6.6591398e-01
 MIN: Iter =    6  NFunc =    49  E =     -12.75826  RMSG = 3.0210768e+00
 MIN: Iter =    7  NFunc =    55  E =     -13.40479  RMSG = 7.6203283e-01
 MIN: Iter =    8  NFunc =    72  E =     -13.87277  RMSG = 2.2315312e+00
 MIN: Iter =    9  NFunc =    78  E =     -14.14894  RMSG = 3.8564782e-01
 MIN: Iter =   10  NFunc =   100  E =     -14.29393  RMSG = 4.3006549e-01
 MIN: Iter =   11  NFunc =   111  E =     -14.45164  RMSG = 7.0585187e-01
 MIN: Iter =   12  NFunc =   117  E =     -14.49765  RMSG = 2.1632447e-01
 MIN: Iter =   13  NFunc =   151  E =     -14.55656  RMSG = 1.7061726e-01
 MIN: Iter =   14  NFunc =   190  E =     -14.59094  RMSG = 1.7900523e-01
 MIN: Iter =   15  NFunc =   196  E =     -14.59524  RMSG = 7.2046326e-02
 MIN: Iter =   16  NFunc =   211  E =     -14.60139  RMSG = 5.4777863e-02
 MIN: Iter =   17  NFunc =   228  E =     -14.60610  RMSG = 4.4189954e-02
 MIN: Iter =   18  NFunc =   261  E =     -14.60973  RMSG = 2.2287943e-02
 MIN: Iter =   19  NFunc =   293  E =     -14.61099  RMSG = 2.0810223e-02
 MIN: Iter =   20  NFunc =   312  E =     -14.61124  RMSG = 9.7862745e-03
 MIN: Iter =   21  NFunc =   337  E =     -14.61152  RMSG = 1.0397280e-02
 MIN: Iter =   22  NFunc =   364  E =     -14.61163  RMSG = 5.9559594e-03
 MIN: Iter =   23  NFunc =   388  E =     -14.61167  RMSG = 3.2263548e-03
 MIN: Iter =   24  NFunc =   411  E =     -14.61169  RMSG = 1.9981224e-03
 MIN: Iter =   25  NFunc =   423  E =     -14.61169  RMSG = 7.5074080e-04
 MIN: Iter =   26  NFunc =   451  E =     -14.61169  RMSG = 3.9793472e-04
----------------------------------------------------------------
 END:          :-)  E =     -14.61169  RMSG =   0.0003979

     bond:      0.881086868
    angle:     18.777545557
 dihedral:     11.173352834
    enb14:      4.194397515
    eel14:    -50.640117143
      enb:     -8.403786940
      eel:     21.179748023
      egb:    -11.773914844
    econs:      0.000000000
    esurf:      0.000000000
    Total:    -14.611688130
     frms:      0.000397935
====== rms.dat  ======================================================
#Frame      all_heavy
       1       0.3128
