====== tleap.out =====================================================
-I: Adding /home/case/amber24/dat/leap/prep to search path.
-I: Adding /home/case/amber24/dat/leap/lib to search path.
-I: Adding /home/case/amber24/dat/leap/parm to search path.
-I: Adding /home/case/amber24/dat/leap/cmd to search path.
-f: Source leap.in.

Welcome to LEaP!
(no leaprc in search path)
Sourcing: ./leap.in
Using Bondi radii
----- Source: /home/case/amber24/dat/leap/cmd/leaprc.gaff2
----- Source of /home/case/amber24/dat/leap/cmd/leaprc.gaff2 done
Log file: ./leap.log
Loading parameters: /home/case/amber24/dat/leap/parm/gaff2.dat
Reading title:
AMBER General Force Field for organic molecules (Version 2.2.20, March 2021)
Loading parameters: ./S9D.frcmod
Reading force field modification type file (frcmod)
Reading title:
Remark line goes here
Loading Mol2 file: ./S9D.mol2
Reading MOLECULE named S9D
Checking Unit.
Building topology.
"order_residues" off: keep input residue order.
Building atom parameters.
Building bond parameters.
Building angle parameters.
Building proper torsion parameters.
Building improper torsion parameters.
 total 10 improper torsions applied
Building H-Bond parameters.
Incorporating Non-Bonded adjustments.
Not Marking per-residue atom chain types.
Marking per-residue atom chain types.
  (Residues lacking connect0/connect1 - 
   these don't have chain types marked:

	res	total affected

	S9D	1
  )
 (no restraints)
	Quit

Exiting LEaP: Errors = 0; Warnings = 0; Notes = 0.
====== min.o =========================================================
Reading parm file (S9D.parm7)
title:
S9D                                                                             
no velocities were found
no velocities were found
	mm_options:  ntpr=5
	mm_options:  gb=1
	mm_options:  kappa=0.10395
	mm_options:  rgbmax=99.
	mm_options:  cut=99.0
	mm_options:  wcons=0.
     bond:      1.384571527
    angle:      5.793059357
 dihedral:     18.522793784
    enb14:     12.786137602
    eel14:    -17.873197152
      enb:     -1.193130490
      eel:     15.439398858
      egb:    -12.211835474
    econs:      0.000000000
    esurf:      0.000000000
    Total:     22.647798013
     frms:      8.922353567
Starting TNCG minimisation
 MIN: Iter =    0  NFunc =     1  E =      22.64780  RMSG = 8.9223536e+00
 MIN: Iter =    1  NFunc =     7  E =      15.64774  RMSG = 2.6011131e+00
 MIN: Iter =    2  NFunc =    15  E =      14.21485  RMSG = 7.6327147e-01
 MIN: Iter =    3  NFunc =    30  E =      13.88283  RMSG = 4.9527932e-01
 MIN: Iter =    4  NFunc =    50  E =      13.69029  RMSG = 6.2739699e-01
 MIN: Iter =    5  NFunc =    58  E =      13.63775  RMSG = 2.1611264e-01
 MIN: Iter =    6  NFunc =    67  E =      13.60328  RMSG = 2.3849312e-01
 MIN: Iter =    7  NFunc =   109  E =      13.49527  RMSG = 7.7483452e-01
 MIN: Iter =    8  NFunc =   115  E =      13.42980  RMSG = 2.4006615e-01
 MIN: Iter =    9  NFunc =   134  E =      13.37307  RMSG = 6.3828540e-01
 MIN: Iter =   10  NFunc =   140  E =      13.32373  RMSG = 2.0125586e-01
 MIN: Iter =   11  NFunc =   149  E =      13.29486  RMSG = 5.4471592e-01
 MIN: Iter =   12  NFunc =   155  E =      13.26185  RMSG = 1.2616891e-01
 MIN: Iter =   13  NFunc =   200  E =      13.20388  RMSG = 4.5594235e-01
 MIN: Iter =   14  NFunc =   207  E =      13.16272  RMSG = 2.3379422e-01
 MIN: Iter =   15  NFunc =   222  E =      13.12507  RMSG = 2.4651934e-01
 MIN: Iter =   16  NFunc =   237  E =      13.08725  RMSG = 5.0602520e-01
 MIN: Iter =   17  NFunc =   243  E =      13.05540  RMSG = 1.4154855e-01
 MIN: Iter =   18  NFunc =   295  E =      13.01892  RMSG = 2.4328011e-01
 MIN: Iter =   19  NFunc =   312  E =      12.99300  RMSG = 5.3429446e-01
 MIN: Iter =   20  NFunc =   318  E =      12.95990  RMSG = 1.8649941e-01
 MIN: Iter =   21  NFunc =   337  E =      12.93247  RMSG = 1.9872930e-01
 MIN: Iter =   22  NFunc =   347  E =      12.90627  RMSG = 1.9429698e-01
 MIN: Iter =   23  NFunc =   353  E =      12.88221  RMSG = 4.0170200e-01
 MIN: Iter =   24  NFunc =   359  E =      12.86027  RMSG = 1.2676725e-01
 MIN: Iter =   25  NFunc =   410  E =      12.75837  RMSG = 6.4951086e-01
 MIN: Iter =   26  NFunc =   418  E =      12.66743  RMSG = 3.3586307e-01
 MIN: Iter =   27  NFunc =   432  E =      12.58004  RMSG = 5.2250754e-01
 MIN: Iter =   28  NFunc =   439  E =      12.53198  RMSG = 2.4525438e-01
 MIN: Iter =   29  NFunc =   451  E =      12.48339  RMSG = 5.4630222e-01
 MIN: Iter =   30  NFunc =   457  E =      12.45360  RMSG = 1.8841113e-01
 MIN: Iter =   31  NFunc =   463  E =      12.44288  RMSG = 1.5490431e-01
 MIN: Iter =   32  NFunc =   473  E =      12.42747  RMSG = 1.1709664e-01
 MIN: Iter =   33  NFunc =   482  E =      12.42015  RMSG = 8.2220114e-02
 MIN: Iter =   34  NFunc =   503  E =      12.41507  RMSG = 4.5023982e-02
 MIN: Iter =   35  NFunc =   526  E =      12.41167  RMSG = 4.5316183e-02
 MIN: Iter =   36  NFunc =   532  E =      12.41145  RMSG = 1.2287615e-02
 MIN: Iter =   37  NFunc =   582  E =      12.41087  RMSG = 1.0642378e-02
 MIN: Iter =   38  NFunc =   588  E =      12.41085  RMSG = 3.8823586e-03
 MIN: Iter =   39  NFunc =   596  E =      12.41085  RMSG = 1.8795890e-03
 MIN: Iter =   40  NFunc =   618  E =      12.41083  RMSG = 1.2840848e-03
 MIN: Iter =   41  NFunc =   661  E =      12.41083  RMSG = 9.6421513e-04
 MIN: Iter =   42  NFunc =   682  E =      12.41083  RMSG = 3.4281551e-04
----------------------------------------------------------------
 END:          :-)  E =      12.41083  RMSG =   0.0003428

     bond:      0.981855121
    angle:      3.241864528
 dihedral:     17.323907527
    enb14:      8.724814183
    eel14:    -18.682181185
      enb:     -2.038128459
      eel:     16.865632151
      egb:    -14.006936565
    econs:      0.000000000
    esurf:      0.000000000
    Total:     12.410827300
     frms:      0.000342816
====== rms.dat  ======================================================
#Frame      all_heavy
       1       0.5935
