====== tleap.out =====================================================
-I: Adding /home/case/amber24/dat/leap/prep to search path.
-I: Adding /home/case/amber24/dat/leap/lib to search path.
-I: Adding /home/case/amber24/dat/leap/parm to search path.
-I: Adding /home/case/amber24/dat/leap/cmd to search path.
-f: Source leap.in.

Welcome to LEaP!
(no leaprc in search path)
Sourcing: ./leap.in
Using Bondi radii
----- Source: /home/case/amber24/dat/leap/cmd/leaprc.gaff2
----- Source of /home/case/amber24/dat/leap/cmd/leaprc.gaff2 done
Log file: ./leap.log
Loading parameters: /home/case/amber24/dat/leap/parm/gaff2.dat
Reading title:
AMBER General Force Field for organic molecules (Version 2.2.20, March 2021)
Loading parameters: ./SCJ.frcmod
Reading force field modification type file (frcmod)
Reading title:
Remark line goes here
Loading Mol2 file: ./SCJ.mol2
Reading MOLECULE named SCJ
Checking Unit.
Building topology.
"order_residues" off: keep input residue order.
Building atom parameters.
Building bond parameters.
Building angle parameters.
Building proper torsion parameters.
Building improper torsion parameters.
 total 19 improper torsions applied
Building H-Bond parameters.
Incorporating Non-Bonded adjustments.
Not Marking per-residue atom chain types.
Marking per-residue atom chain types.
  (Residues lacking connect0/connect1 - 
   these don't have chain types marked:

	res	total affected

	SCJ	1
  )
 (no restraints)
	Quit

Exiting LEaP: Errors = 0; Warnings = 0; Notes = 0.
====== min.o =========================================================
Reading parm file (SCJ.parm7)
title:
SCJ                                                                             
no velocities were found
no velocities were found
	mm_options:  ntpr=5
	mm_options:  gb=1
	mm_options:  kappa=0.10395
	mm_options:  rgbmax=99.
	mm_options:  cut=99.0
	mm_options:  wcons=0.
     bond:      2.960849646
    angle:     33.014196978
 dihedral:      6.936832084
    enb14:     15.640628876
    eel14:   -108.182635861
      enb:     -2.128360468
      eel:     36.920299669
      egb:    -20.027777597
    econs:      0.000000000
    esurf:      0.000000000
    Total:    -34.865966673
     frms:     16.248673331
Starting TNCG minimisation
 MIN: Iter =    0  NFunc =     1  E =     -34.86597  RMSG = 1.6248673e+01
 MIN: Iter =    1  NFunc =     7  E =     -49.35950  RMSG = 2.7353037e+00
 MIN: Iter =    2  NFunc =    13  E =     -51.18547  RMSG = 1.4689407e+00
 MIN: Iter =    3  NFunc =    24  E =     -51.82894  RMSG = 5.4930021e-01
 MIN: Iter =    4  NFunc =    48  E =     -52.22131  RMSG = 4.7905382e-01
 MIN: Iter =    5  NFunc =    60  E =     -52.30988  RMSG = 2.0961666e-01
 MIN: Iter =    6  NFunc =    87  E =     -52.41487  RMSG = 3.0244321e-01
 MIN: Iter =    7  NFunc =    95  E =     -52.44658  RMSG = 1.4406923e-01
 MIN: Iter =    8  NFunc =   130  E =     -52.48566  RMSG = 3.6664516e-01
 MIN: Iter =    9  NFunc =   136  E =     -52.50260  RMSG = 1.2183581e-01
 MIN: Iter =   10  NFunc =   146  E =     -52.51171  RMSG = 9.8667072e-02
 MIN: Iter =   11  NFunc =   170  E =     -52.52591  RMSG = 2.4253777e-01
 MIN: Iter =   12  NFunc =   176  E =     -52.53272  RMSG = 8.4246105e-02
 MIN: Iter =   13  NFunc =   193  E =     -52.53763  RMSG = 8.2652778e-02
 MIN: Iter =   14  NFunc =   227  E =     -52.54528  RMSG = 2.0937481e-01
 MIN: Iter =   15  NFunc =   233  E =     -52.55093  RMSG = 4.6738727e-02
 MIN: Iter =   16  NFunc =   251  E =     -52.55500  RMSG = 7.6405418e-02
 MIN: Iter =   17  NFunc =   261  E =     -52.55669  RMSG = 3.7085643e-02
 MIN: Iter =   18  NFunc =   280  E =     -52.55830  RMSG = 2.7089199e-02
 MIN: Iter =   19  NFunc =   290  E =     -52.55860  RMSG = 1.2561094e-02
 MIN: Iter =   20  NFunc =   322  E =     -52.55928  RMSG = 1.3688578e-02
 MIN: Iter =   21  NFunc =   331  E =     -52.55933  RMSG = 6.5152165e-03
 MIN: Iter =   22  NFunc =   346  E =     -52.55941  RMSG = 6.0792669e-03
 MIN: Iter =   23  NFunc =   375  E =     -52.55953  RMSG = 4.9480230e-03
 MIN: Iter =   24  NFunc =   402  E =     -52.55958  RMSG = 3.6962010e-03
 MIN: Iter =   25  NFunc =   453  E =     -52.55974  RMSG = 1.4790071e-02
 MIN: Iter =   26  NFunc =   475  E =     -52.56000  RMSG = 2.9195624e-02
 MIN: Iter =   27  NFunc =   481  E =     -52.56012  RMSG = 9.6661615e-03
 MIN: Iter =   28  NFunc =   531  E =     -52.56044  RMSG = 1.6403750e-02
 MIN: Iter =   29  NFunc =   537  E =     -52.56048  RMSG = 5.3187968e-03
 MIN: Iter =   30  NFunc =   567  E =     -52.56067  RMSG = 7.4856978e-03
 MIN: Iter =   31  NFunc =   618  E =     -52.56086  RMSG = 8.6235070e-03
 MIN: Iter =   32  NFunc =   630  E =     -52.56090  RMSG = 5.2043012e-03
 MIN: Iter =   33  NFunc =   640  E =     -52.56092  RMSG = 2.8533014e-03
 MIN: Iter =   34  NFunc =   659  E =     -52.56093  RMSG = 2.2081985e-03
 MIN: Iter =   35  NFunc =   693  E =     -52.56097  RMSG = 3.2113932e-03
 MIN: Iter =   36  NFunc =   699  E =     -52.56097  RMSG = 1.3725664e-03
 MIN: Iter =   37  NFunc =   734  E =     -52.56098  RMSG = 1.2904100e-03
 MIN: Iter =   38  NFunc =   785  E =     -52.56100  RMSG = 2.5944153e-03
 MIN: Iter =   39  NFunc =   798  E =     -52.56101  RMSG = 1.0616023e-03
 MIN: Iter =   40  NFunc =   808  E =     -52.56101  RMSG = 7.9101617e-04
 MIN: Iter =   41  NFunc =   858  E =     -52.56102  RMSG = 7.2620467e-04
 MIN: Iter =   42  NFunc =   872  E =     -52.56102  RMSG = 3.6134815e-04
----------------------------------------------------------------
 END:          :-)  E =     -52.56102  RMSG =   0.0003613

     bond:      2.535299744
    angle:     25.084164334
 dihedral:      3.338739892
    enb14:     12.404733430
    eel14:   -111.875745284
      enb:     -1.585362972
      eel:     39.507829579
      egb:    -21.970674673
    econs:      0.000000000
    esurf:      0.000000000
    Total:    -52.561015949
     frms:      0.000361348
====== rms.dat  ======================================================
#Frame      all_heavy
       1       0.2342
