====== tleap.out =====================================================
-I: Adding /home/case/amber24/dat/leap/prep to search path.
-I: Adding /home/case/amber24/dat/leap/lib to search path.
-I: Adding /home/case/amber24/dat/leap/parm to search path.
-I: Adding /home/case/amber24/dat/leap/cmd to search path.
-f: Source leap.in.

Welcome to LEaP!
(no leaprc in search path)
Sourcing: ./leap.in
Using Bondi radii
----- Source: /home/case/amber24/dat/leap/cmd/leaprc.gaff2
----- Source of /home/case/amber24/dat/leap/cmd/leaprc.gaff2 done
Log file: ./leap.log
Loading parameters: /home/case/amber24/dat/leap/parm/gaff2.dat
Reading title:
AMBER General Force Field for organic molecules (Version 2.2.20, March 2021)
Loading parameters: ./SCL.frcmod
Reading force field modification type file (frcmod)
Reading title:
Remark line goes here
Loading Mol2 file: ./SCL.mol2
Reading MOLECULE named SCL
Checking Unit.
Building topology.
"order_residues" off: keep input residue order.
Building atom parameters.
Building bond parameters.
Building angle parameters.
Building proper torsion parameters.
Building improper torsion parameters.
 total 9 improper torsions applied
Building H-Bond parameters.
Incorporating Non-Bonded adjustments.
Not Marking per-residue atom chain types.
Marking per-residue atom chain types.
  (Residues lacking connect0/connect1 - 
   these don't have chain types marked:

	res	total affected

	SCL	1
  )
 (no restraints)
	Quit

Exiting LEaP: Errors = 0; Warnings = 0; Notes = 0.
====== min.o =========================================================
Reading parm file (SCL.parm7)
title:
SCL                                                                             
no velocities were found
no velocities were found
	mm_options:  ntpr=5
	mm_options:  gb=1
	mm_options:  kappa=0.10395
	mm_options:  rgbmax=99.
	mm_options:  cut=99.0
	mm_options:  wcons=0.
     bond:      2.240561166
    angle:      3.058620256
 dihedral:     27.546379870
    enb14:      8.275461690
    eel14:    -44.566327181
      enb:      2.730743769
      eel:    -14.609867284
      egb:    -15.773003410
    econs:      0.000000000
    esurf:      0.000000000
    Total:    -31.097431124
     frms:     11.370549107
Starting TNCG minimisation
 MIN: Iter =    0  NFunc =     1  E =     -31.09743  RMSG = 1.1370549e+01
 MIN: Iter =    1  NFunc =     7  E =     -37.25302  RMSG = 3.0193646e+00
 MIN: Iter =    2  NFunc =    14  E =     -38.87053  RMSG = 1.4292662e+00
 MIN: Iter =    3  NFunc =    40  E =     -39.54050  RMSG = 1.3847098e+00
 MIN: Iter =    4  NFunc =    53  E =     -40.08479  RMSG = 1.4823577e+00
 MIN: Iter =    5  NFunc =    59  E =     -40.40234  RMSG = 6.9771775e-01
 MIN: Iter =    6  NFunc =    74  E =     -40.57988  RMSG = 1.1630884e+00
 MIN: Iter =    7  NFunc =    80  E =     -40.65025  RMSG = 3.8561038e-01
 MIN: Iter =    8  NFunc =   103  E =     -40.72885  RMSG = 4.5163616e-01
 MIN: Iter =    9  NFunc =   110  E =     -40.79924  RMSG = 5.3686333e-01
 MIN: Iter =   10  NFunc =   117  E =     -40.87134  RMSG = 5.7687473e-01
 MIN: Iter =   11  NFunc =   123  E =     -40.95313  RMSG = 1.2081505e+00
 MIN: Iter =   12  NFunc =   129  E =     -41.03092  RMSG = 2.5780025e-01
 MIN: Iter =   13  NFunc =   136  E =     -41.05989  RMSG = 2.8891419e-01
 MIN: Iter =   14  NFunc =   142  E =     -41.08693  RMSG = 3.7179617e-01
 MIN: Iter =   15  NFunc =   154  E =     -41.12584  RMSG = 2.5496430e-01
 MIN: Iter =   16  NFunc =   179  E =     -41.15703  RMSG = 4.1374122e-01
 MIN: Iter =   17  NFunc =   186  E =     -41.16358  RMSG = 8.8092697e-02
 MIN: Iter =   18  NFunc =   193  E =     -41.16667  RMSG = 6.7781099e-02
 MIN: Iter =   19  NFunc =   210  E =     -41.16918  RMSG = 3.7603088e-02
 MIN: Iter =   20  NFunc =   231  E =     -41.17001  RMSG = 1.9387309e-02
 MIN: Iter =   21  NFunc =   250  E =     -41.17022  RMSG = 1.0096661e-02
 MIN: Iter =   22  NFunc =   257  E =     -41.17024  RMSG = 5.7277751e-03
 MIN: Iter =   23  NFunc =   278  E =     -41.17028  RMSG = 3.6480035e-03
 MIN: Iter =   24  NFunc =   289  E =     -41.17028  RMSG = 2.1280339e-03
 MIN: Iter =   25  NFunc =   313  E =     -41.17029  RMSG = 1.3532709e-03
 MIN: Iter =   26  NFunc =   339  E =     -41.17029  RMSG = 8.8075111e-04
 MIN: Iter =   27  NFunc =   366  E =     -41.17029  RMSG = 2.9456852e-04
----------------------------------------------------------------
 END:          :-)  E =     -41.17029  RMSG =   0.0002946

     bond:      1.132627583
    angle:      5.335675556
 dihedral:     21.517195540
    enb14:      5.438785184
    eel14:    -44.782851920
      enb:      1.768250255
      eel:    -14.647679966
      egb:    -16.932294319
    econs:      0.000000000
    esurf:      0.000000000
    Total:    -41.170292087
     frms:      0.000294569
====== rms.dat  ======================================================
#Frame      all_heavy
       1       0.3068
