====== tleap.out =====================================================
-I: Adding /home/case/amber24/dat/leap/prep to search path.
-I: Adding /home/case/amber24/dat/leap/lib to search path.
-I: Adding /home/case/amber24/dat/leap/parm to search path.
-I: Adding /home/case/amber24/dat/leap/cmd to search path.
-f: Source leap.in.

Welcome to LEaP!
(no leaprc in search path)
Sourcing: ./leap.in
Using Bondi radii
----- Source: /home/case/amber24/dat/leap/cmd/leaprc.gaff2
----- Source of /home/case/amber24/dat/leap/cmd/leaprc.gaff2 done
Log file: ./leap.log
Loading parameters: /home/case/amber24/dat/leap/parm/gaff2.dat
Reading title:
AMBER General Force Field for organic molecules (Version 2.2.20, March 2021)
Loading parameters: ./SG5.frcmod
Reading force field modification type file (frcmod)
Reading title:
Remark line goes here
Loading Mol2 file: ./SG5.mol2
Reading MOLECULE named SG5
Checking Unit.
Building topology.
"order_residues" off: keep input residue order.
Building atom parameters.
Building bond parameters.
Building angle parameters.
Building proper torsion parameters.
Building improper torsion parameters.
 total 3 improper torsions applied
Building H-Bond parameters.
Incorporating Non-Bonded adjustments.
Not Marking per-residue atom chain types.
Marking per-residue atom chain types.
  (Residues lacking connect0/connect1 - 
   these don't have chain types marked:

	res	total affected

	SG5	1
  )
 (no restraints)
	Quit

Exiting LEaP: Errors = 0; Warnings = 0; Notes = 0.
====== min.o =========================================================
Reading parm file (SG5.parm7)
title:
SG5                                                                             
no velocities were found
no velocities were found
	mm_options:  ntpr=5
	mm_options:  gb=1
	mm_options:  kappa=0.10395
	mm_options:  rgbmax=99.
	mm_options:  cut=99.0
	mm_options:  wcons=0.
     bond:      5.407043978
    angle:      7.799051259
 dihedral:    107.954958678
    enb14:     13.892149336
    eel14:    -59.287942280
      enb:     -7.380225379
      eel:   -148.082644915
      egb:    -33.906229849
    econs:      0.000000000
    esurf:      0.000000000
    Total:   -113.603839170
     frms:     10.247229468
Starting TNCG minimisation
 MIN: Iter =    0  NFunc =     1  E =    -113.60384  RMSG = 1.0247229e+01
 MIN: Iter =    1  NFunc =    11  E =    -129.61820  RMSG = 7.3985738e+00
 MIN: Iter =    2  NFunc =    17  E =    -137.43437  RMSG = 3.0184892e+00
 MIN: Iter =    3  NFunc =    29  E =    -140.21445  RMSG = 1.2351876e+00
 MIN: Iter =    4  NFunc =    50  E =    -141.44096  RMSG = 1.2282410e+00
 MIN: Iter =    5  NFunc =    60  E =    -142.09502  RMSG = 1.1291334e+00
 MIN: Iter =    6  NFunc =    66  E =    -142.42063  RMSG = 5.3285965e-01
 MIN: Iter =    7  NFunc =   117  E =    -142.62661  RMSG = 1.7447622e+00
 MIN: Iter =    8  NFunc =   123  E =    -142.98619  RMSG = 6.7553286e-01
 MIN: Iter =    9  NFunc =   130  E =    -143.20646  RMSG = 1.4596944e+00
 MIN: Iter =   10  NFunc =   136  E =    -143.49693  RMSG = 7.0619865e-01
 MIN: Iter =   11  NFunc =   142  E =    -143.70083  RMSG = 1.2918844e+00
 MIN: Iter =   12  NFunc =   150  E =    -143.90851  RMSG = 3.1479143e-01
 MIN: Iter =   13  NFunc =   157  E =    -143.98600  RMSG = 3.2657543e-01
 MIN: Iter =   14  NFunc =   163  E =    -144.06764  RMSG = 8.5319669e-01
 MIN: Iter =   15  NFunc =   178  E =    -144.28194  RMSG = 4.7895300e-01
 MIN: Iter =   16  NFunc =   214  E =    -144.44568  RMSG = 8.6822318e-01
 MIN: Iter =   17  NFunc =   220  E =    -144.52660  RMSG = 2.4558165e-01
 MIN: Iter =   18  NFunc =   235  E =    -144.63053  RMSG = 7.6454999e-01
 MIN: Iter =   19  NFunc =   241  E =    -144.70642  RMSG = 2.3692697e-01
 MIN: Iter =   20  NFunc =   247  E =    -144.75358  RMSG = 4.0815974e-01
 MIN: Iter =   21  NFunc =   298  E =    -144.84883  RMSG = 8.8777590e-01
 MIN: Iter =   22  NFunc =   306  E =    -145.02787  RMSG = 5.2947131e-01
 MIN: Iter =   23  NFunc =   313  E =    -145.24187  RMSG = 8.6211792e-01
 MIN: Iter =   24  NFunc =   319  E =    -145.54161  RMSG = 7.3328056e-01
 MIN: Iter =   25  NFunc =   325  E =    -145.79744  RMSG = 7.8943582e-01
 MIN: Iter =   26  NFunc =   331  E =    -146.07073  RMSG = 5.8808664e-01
 MIN: Iter =   27  NFunc =   337  E =    -146.23255  RMSG = 5.7178883e-01
 MIN: Iter =   28  NFunc =   344  E =    -146.33910  RMSG = 3.1253240e-01
 MIN: Iter =   29  NFunc =   388  E =    -146.60141  RMSG = 5.3819911e-01
 MIN: Iter =   30  NFunc =   411  E =    -146.84550  RMSG = 4.7943110e-01
 MIN: Iter =   31  NFunc =   423  E =    -147.00524  RMSG = 5.2618765e-01
 MIN: Iter =   32  NFunc =   442  E =    -147.13885  RMSG = 3.9537943e-01
 MIN: Iter =   33  NFunc =   448  E =    -147.18378  RMSG = 2.0500350e-01
 MIN: Iter =   34  NFunc =   472  E =    -147.25539  RMSG = 3.4847111e-01
 MIN: Iter =   35  NFunc =   478  E =    -147.28084  RMSG = 1.4455512e-01
 MIN: Iter =   36  NFunc =   499  E =    -147.30624  RMSG = 1.2247760e-01
 MIN: Iter =   37  NFunc =   510  E =    -147.31850  RMSG = 6.9565154e-02
 MIN: Iter =   38  NFunc =   524  E =    -147.32370  RMSG = 5.4149907e-02
 MIN: Iter =   39  NFunc =   560  E =    -147.33162  RMSG = 1.4167390e-01
 MIN: Iter =   40  NFunc =   566  E =    -147.33374  RMSG = 3.4109511e-02
 MIN: Iter =   41  NFunc =   618  E =    -147.33764  RMSG = 5.6898165e-02
 MIN: Iter =   42  NFunc =   625  E =    -147.33991  RMSG = 6.8828772e-02
 MIN: Iter =   43  NFunc =   636  E =    -147.34232  RMSG = 5.6956670e-02
 MIN: Iter =   44  NFunc =   682  E =    -147.34820  RMSG = 1.1624919e-01
 MIN: Iter =   45  NFunc =   688  E =    -147.34993  RMSG = 4.0860434e-02
 MIN: Iter =   46  NFunc =   708  E =    -147.35152  RMSG = 5.8903148e-02
 MIN: Iter =   47  NFunc =   714  E =    -147.35198  RMSG = 2.2824413e-02
 MIN: Iter =   48  NFunc =   734  E =    -147.35263  RMSG = 1.8208516e-02
 MIN: Iter =   49  NFunc =   746  E =    -147.35283  RMSG = 8.4350859e-03
 MIN: Iter =   50  NFunc =   784  E =    -147.35328  RMSG = 1.3374280e-02
 MIN: Iter =   51  NFunc =   816  E =    -147.35340  RMSG = 3.8516789e-03
 MIN: Iter =   52  NFunc =   863  E =    -147.35350  RMSG = 3.1737111e-03
 MIN: Iter =   53  NFunc =   878  E =    -147.35352  RMSG = 2.4570170e-03
 MIN: Iter =   54  NFunc =   899  E =    -147.35352  RMSG = 1.2342967e-03
 MIN: Iter =   55  NFunc =   949  E =    -147.35353  RMSG = 1.0528227e-03
 MIN: Iter =   56  NFunc =   979  E =    -147.35353  RMSG = 5.6712592e-04
 MIN: Iter =   57  NFunc =  1005  E =    -147.35354  RMSG = 4.4064314e-04
----------------------------------------------------------------
 END:          :-)  E =    -147.35354  RMSG =   0.0004406

     bond:      3.489799115
    angle:     10.766026191
 dihedral:     98.842125940
    enb14:      8.170726313
    eel14:    -82.292827100
      enb:     -9.332311673
      eel:   -143.868738135
      egb:    -33.128335961
    econs:      0.000000000
    esurf:      0.000000000
    Total:   -147.353535309
     frms:      0.000440643
====== rms.dat  ======================================================
#Frame      all_heavy
       1       0.5273
