====== tleap.out =====================================================
-I: Adding /home/case/amber24/dat/leap/prep to search path.
-I: Adding /home/case/amber24/dat/leap/lib to search path.
-I: Adding /home/case/amber24/dat/leap/parm to search path.
-I: Adding /home/case/amber24/dat/leap/cmd to search path.
-f: Source leap.in.

Welcome to LEaP!
(no leaprc in search path)
Sourcing: ./leap.in
Using Bondi radii
----- Source: /home/case/amber24/dat/leap/cmd/leaprc.gaff2
----- Source of /home/case/amber24/dat/leap/cmd/leaprc.gaff2 done
Log file: ./leap.log
Loading parameters: /home/case/amber24/dat/leap/parm/gaff2.dat
Reading title:
AMBER General Force Field for organic molecules (Version 2.2.20, March 2021)
Loading parameters: ./SH9.frcmod
Reading force field modification type file (frcmod)
Reading title:
Remark line goes here
Loading Mol2 file: ./SH9.mol2
Reading MOLECULE named SH9
Checking Unit.
Building topology.
"order_residues" off: keep input residue order.
Building atom parameters.
Building bond parameters.
Building angle parameters.
Building proper torsion parameters.
Building improper torsion parameters.
 total 10 improper torsions applied
Building H-Bond parameters.
Incorporating Non-Bonded adjustments.
Not Marking per-residue atom chain types.
Marking per-residue atom chain types.
  (Residues lacking connect0/connect1 - 
   these don't have chain types marked:

	res	total affected

	SH9	1
  )
 (no restraints)
	Quit

Exiting LEaP: Errors = 0; Warnings = 0; Notes = 0.
====== min.o =========================================================
Reading parm file (SH9.parm7)
title:
SH9                                                                             
no velocities were found
no velocities were found
	mm_options:  ntpr=5
	mm_options:  gb=1
	mm_options:  kappa=0.10395
	mm_options:  rgbmax=99.
	mm_options:  cut=99.0
	mm_options:  wcons=0.
     bond:      1.620976695
    angle:     12.271005432
 dihedral:     11.472347817
    enb14:      4.445600575
    eel14:   -128.677580240
      enb:     -0.495919866
      eel:     14.447719527
      egb:    -19.098720101
    econs:      0.000000000
    esurf:      0.000000000
    Total:   -104.014570161
     frms:     12.897395038
Starting TNCG minimisation
 MIN: Iter =    0  NFunc =     1  E =    -104.01457  RMSG = 1.2897395e+01
 MIN: Iter =    1  NFunc =     7  E =    -110.75586  RMSG = 2.1227992e+00
 MIN: Iter =    2  NFunc =    14  E =    -111.35033  RMSG = 7.3475263e-01
 MIN: Iter =    3  NFunc =    21  E =    -111.45225  RMSG = 3.6729691e-01
 MIN: Iter =    4  NFunc =    41  E =    -111.54137  RMSG = 1.9075732e-01
 MIN: Iter =    5  NFunc =    65  E =    -111.57161  RMSG = 1.0916698e-01
 MIN: Iter =    6  NFunc =    85  E =    -111.58032  RMSG = 6.4974441e-02
 MIN: Iter =    7  NFunc =   100  E =    -111.58185  RMSG = 2.6758492e-02
 MIN: Iter =    8  NFunc =   122  E =    -111.58265  RMSG = 1.5263635e-02
 MIN: Iter =    9  NFunc =   141  E =    -111.58281  RMSG = 6.9151600e-03
 MIN: Iter =   10  NFunc =   166  E =    -111.58295  RMSG = 4.8871041e-03
 MIN: Iter =   11  NFunc =   181  E =    -111.58297  RMSG = 3.2317063e-03
 MIN: Iter =   12  NFunc =   193  E =    -111.58297  RMSG = 2.4135811e-03
 MIN: Iter =   13  NFunc =   201  E =    -111.58298  RMSG = 1.0968143e-03
 MIN: Iter =   14  NFunc =   213  E =    -111.58298  RMSG = 9.3609206e-04
 MIN: Iter =   15  NFunc =   231  E =    -111.58298  RMSG = 5.5906784e-04
 MIN: Iter =   16  NFunc =   260  E =    -111.58298  RMSG = 2.4654628e-04
----------------------------------------------------------------
 END:          :-)  E =    -111.58298  RMSG =   0.0002465

     bond:      1.919893772
    angle:      9.156170772
 dihedral:     11.867600331
    enb14:      3.695497128
    eel14:   -133.622048035
      enb:     -1.133305664
      eel:     15.793849643
      egb:    -19.260637111
    econs:      0.000000000
    esurf:      0.000000000
    Total:   -111.582979165
     frms:      0.000246546
====== rms.dat  ======================================================
#Frame      all_heavy
       1       0.0659
