====== tleap.out =====================================================
-I: Adding /home/case/amber24/dat/leap/prep to search path.
-I: Adding /home/case/amber24/dat/leap/lib to search path.
-I: Adding /home/case/amber24/dat/leap/parm to search path.
-I: Adding /home/case/amber24/dat/leap/cmd to search path.
-f: Source leap.in.

Welcome to LEaP!
(no leaprc in search path)
Sourcing: ./leap.in
Using Bondi radii
----- Source: /home/case/amber24/dat/leap/cmd/leaprc.gaff2
----- Source of /home/case/amber24/dat/leap/cmd/leaprc.gaff2 done
Log file: ./leap.log
Loading parameters: /home/case/amber24/dat/leap/parm/gaff2.dat
Reading title:
AMBER General Force Field for organic molecules (Version 2.2.20, March 2021)
Loading parameters: ./SHX.frcmod
Reading force field modification type file (frcmod)
Reading title:
Remark line goes here
Loading Mol2 file: ./SHX.mol2
Reading MOLECULE named SHX
Checking Unit.
Building topology.
"order_residues" off: keep input residue order.
Building atom parameters.
Building bond parameters.
Building angle parameters.
Building proper torsion parameters.
Building improper torsion parameters.
 total 18 improper torsions applied
Building H-Bond parameters.
Incorporating Non-Bonded adjustments.
Not Marking per-residue atom chain types.
Marking per-residue atom chain types.
  (Residues lacking connect0/connect1 - 
   these don't have chain types marked:

	res	total affected

	SHX	1
  )
 (no restraints)
	Quit

Exiting LEaP: Errors = 0; Warnings = 0; Notes = 0.
====== min.o =========================================================
Reading parm file (SHX.parm7)
title:
SHX                                                                             
no velocities were found
no velocities were found
	mm_options:  ntpr=5
	mm_options:  gb=1
	mm_options:  kappa=0.10395
	mm_options:  rgbmax=99.
	mm_options:  cut=99.0
	mm_options:  wcons=0.
     bond:      2.708448084
    angle:      2.380258415
 dihedral:     10.134877761
    enb14:     21.939423037
    eel14:    106.003523207
      enb:     -4.031792475
      eel:   -123.374198429
      egb:    -24.839920091
    econs:      0.000000000
    esurf:      0.000000000
    Total:     -9.079380490
     frms:      8.892211514
Starting TNCG minimisation
 MIN: Iter =    0  NFunc =     1  E =      -9.07938  RMSG = 8.8922115e+00
 MIN: Iter =    1  NFunc =     8  E =     -20.67398  RMSG = 2.8578905e+00
 MIN: Iter =    2  NFunc =    15  E =     -22.95989  RMSG = 1.1604103e+00
 MIN: Iter =    3  NFunc =    26  E =     -23.58756  RMSG = 5.8615546e-01
 MIN: Iter =    4  NFunc =    54  E =     -24.10860  RMSG = 7.0367548e-01
 MIN: Iter =    5  NFunc =    68  E =     -24.34332  RMSG = 6.6439290e-01
 MIN: Iter =    6  NFunc =    80  E =     -24.46408  RMSG = 3.4370873e-01
 MIN: Iter =    7  NFunc =   111  E =     -24.63741  RMSG = 1.0123641e+00
 MIN: Iter =    8  NFunc =   118  E =     -24.78421  RMSG = 3.3533127e-01
 MIN: Iter =    9  NFunc =   145  E =     -25.00956  RMSG = 9.6292080e-01
 MIN: Iter =   10  NFunc =   151  E =     -25.14118  RMSG = 3.4117567e-01
 MIN: Iter =   11  NFunc =   181  E =     -25.40380  RMSG = 8.2814351e-01
 MIN: Iter =   12  NFunc =   190  E =     -25.70544  RMSG = 8.0357307e-01
 MIN: Iter =   13  NFunc =   197  E =     -25.94039  RMSG = 6.5948576e-01
 MIN: Iter =   14  NFunc =   203  E =     -26.06073  RMSG = 3.6625269e-01
 MIN: Iter =   15  NFunc =   210  E =     -26.12836  RMSG = 3.2258514e-01
 MIN: Iter =   16  NFunc =   261  E =     -26.36049  RMSG = 5.2540268e-01
 MIN: Iter =   17  NFunc =   272  E =     -26.48732  RMSG = 4.1701496e-01
 MIN: Iter =   18  NFunc =   280  E =     -26.56096  RMSG = 2.5159418e-01
 MIN: Iter =   19  NFunc =   299  E =     -26.66448  RMSG = 2.9234203e-01
 MIN: Iter =   20  NFunc =   311  E =     -26.72362  RMSG = 2.0845387e-01
 MIN: Iter =   21  NFunc =   321  E =     -26.74970  RMSG = 1.4669129e-01
 MIN: Iter =   22  NFunc =   341  E =     -26.77048  RMSG = 1.3296237e-01
 MIN: Iter =   23  NFunc =   354  E =     -26.77684  RMSG = 5.5762944e-02
 MIN: Iter =   24  NFunc =   400  E =     -26.78446  RMSG = 2.0434319e-01
 MIN: Iter =   25  NFunc =   406  E =     -26.78824  RMSG = 3.0204154e-02
 MIN: Iter =   26  NFunc =   457  E =     -26.79486  RMSG = 6.1911194e-02
 MIN: Iter =   27  NFunc =   489  E =     -26.80095  RMSG = 4.1205272e-02
 MIN: Iter =   28  NFunc =   522  E =     -26.80504  RMSG = 4.5961319e-02
 MIN: Iter =   29  NFunc =   528  E =     -26.80543  RMSG = 2.0688838e-02
 MIN: Iter =   30  NFunc =   569  E =     -26.80711  RMSG = 3.6380945e-02
 MIN: Iter =   31  NFunc =   591  E =     -26.80757  RMSG = 9.5309201e-03
 MIN: Iter =   32  NFunc =   625  E =     -26.80811  RMSG = 7.5132446e-03
 MIN: Iter =   33  NFunc =   663  E =     -26.80853  RMSG = 7.8178192e-03
 MIN: Iter =   34  NFunc =   674  E =     -26.80862  RMSG = 6.3021107e-03
 MIN: Iter =   35  NFunc =   704  E =     -26.80876  RMSG = 5.1841577e-03
 MIN: Iter =   36  NFunc =   750  E =     -26.80890  RMSG = 3.4313619e-03
 MIN: Iter =   37  NFunc =   794  E =     -26.80896  RMSG = 2.3851836e-03
 MIN: Iter =   38  NFunc =   820  E =     -26.80899  RMSG = 2.4964883e-03
 MIN: Iter =   39  NFunc =   851  E =     -26.80903  RMSG = 2.9053683e-03
 MIN: Iter =   40  NFunc =   868  E =     -26.80904  RMSG = 1.6679924e-03
 MIN: Iter =   41  NFunc =   919  E =     -26.80905  RMSG = 1.7143331e-03
 MIN: Iter =   42  NFunc =   947  E =     -26.80906  RMSG = 9.1007829e-04
 MIN: Iter =   43  NFunc =   958  E =     -26.80906  RMSG = 7.8819186e-04
 MIN: Iter =   44  NFunc =  1001  E =     -26.80906  RMSG = 4.9501243e-04
----------------------------------------------------------------
 END:          :-)  E =     -26.80906  RMSG =   0.0004950

     bond:      2.436987421
    angle:      2.775052342
 dihedral:      7.831326726
    enb14:     14.533639787
    eel14:     96.070585280
      enb:     -5.599723007
      eel:   -123.736395380
      egb:    -21.120533437
    econs:      0.000000000
    esurf:      0.000000000
    Total:    -26.809060268
     frms:      0.000495012
====== rms.dat  ======================================================
#Frame      all_heavy
       1       0.6422
