====== tleap.out =====================================================
-I: Adding /home/case/amber24/dat/leap/prep to search path.
-I: Adding /home/case/amber24/dat/leap/lib to search path.
-I: Adding /home/case/amber24/dat/leap/parm to search path.
-I: Adding /home/case/amber24/dat/leap/cmd to search path.
-f: Source leap.in.

Welcome to LEaP!
(no leaprc in search path)
Sourcing: ./leap.in
Using Bondi radii
----- Source: /home/case/amber24/dat/leap/cmd/leaprc.gaff2
----- Source of /home/case/amber24/dat/leap/cmd/leaprc.gaff2 done
Log file: ./leap.log
Loading parameters: /home/case/amber24/dat/leap/parm/gaff2.dat
Reading title:
AMBER General Force Field for organic molecules (Version 2.2.20, March 2021)
Loading parameters: ./SNV.frcmod
Reading force field modification type file (frcmod)
Reading title:
Remark line goes here
Loading Mol2 file: ./SNV.mol2
Reading MOLECULE named SNV
Checking Unit.
Building topology.
"order_residues" off: keep input residue order.
Building atom parameters.
Building bond parameters.
Building angle parameters.
Building proper torsion parameters.
Building improper torsion parameters.
 total 8 improper torsions applied
Building H-Bond parameters.
Incorporating Non-Bonded adjustments.
Not Marking per-residue atom chain types.
Marking per-residue atom chain types.
  (Residues lacking connect0/connect1 - 
   these don't have chain types marked:

	res	total affected

	SNV	1
  )
 (no restraints)
	Quit

Exiting LEaP: Errors = 0; Warnings = 0; Notes = 0.
====== min.o =========================================================
Reading parm file (SNV.parm7)
title:
SNV                                                                             
no velocities were found
no velocities were found
	mm_options:  ntpr=5
	mm_options:  gb=1
	mm_options:  kappa=0.10395
	mm_options:  rgbmax=99.
	mm_options:  cut=99.0
	mm_options:  wcons=0.
     bond:      1.101926896
    angle:      2.250907051
 dihedral:      9.457538082
    enb14:     10.825217925
    eel14:    214.934627733
      enb:     -2.847451133
      eel:   -135.683089692
      egb:    -18.203370215
    econs:      0.000000000
    esurf:      0.000000000
    Total:     81.836306647
     frms:      8.523243004
Starting TNCG minimisation
 MIN: Iter =    0  NFunc =     1  E =      81.83631  RMSG = 8.5232430e+00
 MIN: Iter =    1  NFunc =     8  E =      73.71139  RMSG = 2.9302506e+00
 MIN: Iter =    2  NFunc =    17  E =      71.26599  RMSG = 1.3760864e+00
 MIN: Iter =    3  NFunc =    25  E =      70.91216  RMSG = 4.7630913e-01
 MIN: Iter =    4  NFunc =    41  E =      70.63679  RMSG = 1.3294447e+00
 MIN: Iter =    5  NFunc =    47  E =      70.55283  RMSG = 2.8152078e-01
 MIN: Iter =    6  NFunc =    62  E =      70.48710  RMSG = 3.7344535e-01
 MIN: Iter =    7  NFunc =    70  E =      70.47216  RMSG = 1.1218184e-01
 MIN: Iter =    8  NFunc =   107  E =      70.43267  RMSG = 1.1573999e-01
 MIN: Iter =    9  NFunc =   117  E =      70.42959  RMSG = 4.3466279e-02
 MIN: Iter =   10  NFunc =   152  E =      70.42288  RMSG = 6.3759338e-02
 MIN: Iter =   11  NFunc =   193  E =      70.41749  RMSG = 5.1200217e-02
 MIN: Iter =   12  NFunc =   228  E =      70.41536  RMSG = 2.0514429e-02
 MIN: Iter =   13  NFunc =   235  E =      70.41530  RMSG = 8.5864869e-03
 MIN: Iter =   14  NFunc =   275  E =      70.41512  RMSG = 5.8089539e-03
 MIN: Iter =   15  NFunc =   286  E =      70.41511  RMSG = 2.6434668e-03
 MIN: Iter =   16  NFunc =   302  E =      70.41510  RMSG = 2.0836363e-03
 MIN: Iter =   17  NFunc =   324  E =      70.41509  RMSG = 1.4079236e-03
 MIN: Iter =   18  NFunc =   337  E =      70.41508  RMSG = 9.8996672e-04
 MIN: Iter =   19  NFunc =   360  E =      70.41508  RMSG = 4.8598822e-04
----------------------------------------------------------------
 END:          :-)  E =      70.41508  RMSG =   0.0004860

     bond:      2.549605200
    angle:      1.983609655
 dihedral:      7.376505988
    enb14:      5.885921478
    eel14:    204.001999931
      enb:     -3.161182312
      eel:   -127.901418223
      egb:    -20.319958155
    econs:      0.000000000
    esurf:      0.000000000
    Total:     70.415083561
     frms:      0.000485988
====== rms.dat  ======================================================
#Frame      all_heavy
       1       0.1874
