====== tleap.out =====================================================
-I: Adding /home/case/amber24/dat/leap/prep to search path.
-I: Adding /home/case/amber24/dat/leap/lib to search path.
-I: Adding /home/case/amber24/dat/leap/parm to search path.
-I: Adding /home/case/amber24/dat/leap/cmd to search path.
-f: Source leap.in.

Welcome to LEaP!
(no leaprc in search path)
Sourcing: ./leap.in
Using Bondi radii
----- Source: /home/case/amber24/dat/leap/cmd/leaprc.gaff2
----- Source of /home/case/amber24/dat/leap/cmd/leaprc.gaff2 done
Log file: ./leap.log
Loading parameters: /home/case/amber24/dat/leap/parm/gaff2.dat
Reading title:
AMBER General Force Field for organic molecules (Version 2.2.20, March 2021)
Loading parameters: ./SPC.frcmod
Reading force field modification type file (frcmod)
Reading title:
Remark line goes here
Loading Mol2 file: ./SPC.mol2
Reading MOLECULE named SPC
Checking Unit.
Building topology.
"order_residues" off: keep input residue order.
Building atom parameters.
Building bond parameters.
Building angle parameters.
Building proper torsion parameters.
Building improper torsion parameters.
 total 8 improper torsions applied
Building H-Bond parameters.
Incorporating Non-Bonded adjustments.
Not Marking per-residue atom chain types.
Marking per-residue atom chain types.
  (Residues lacking connect0/connect1 - 
   these don't have chain types marked:

	res	total affected

	SPC	1
  )
 (no restraints)
	Quit

Exiting LEaP: Errors = 0; Warnings = 0; Notes = 0.
====== min.o =========================================================
Reading parm file (SPC.parm7)
title:
SPC                                                                             
no velocities were found
no velocities were found
	mm_options:  ntpr=5
	mm_options:  gb=1
	mm_options:  kappa=0.10395
	mm_options:  rgbmax=99.
	mm_options:  cut=99.0
	mm_options:  wcons=0.
     bond:      3.368325731
    angle:     11.135939622
 dihedral:     46.937039274
    enb14:      8.608953636
    eel14:    161.917730968
      enb:     -5.062181708
      eel:   -172.505672245
      egb:    -29.589873898
    econs:      0.000000000
    esurf:      0.000000000
    Total:     24.810261382
     frms:     11.074790327
Starting TNCG minimisation
 MIN: Iter =    0  NFunc =     1  E =      24.81026  RMSG = 1.1074790e+01
 MIN: Iter =    1  NFunc =     7  E =      10.96535  RMSG = 4.0379708e+00
 MIN: Iter =    2  NFunc =    13  E =       8.78214  RMSG = 1.3051522e+00
 MIN: Iter =    3  NFunc =    21  E =       8.13579  RMSG = 6.4963671e-01
 MIN: Iter =    4  NFunc =    58  E =       7.63191  RMSG = 1.1692941e+00
 MIN: Iter =    5  NFunc =    76  E =       6.98214  RMSG = 1.6351953e+00
 MIN: Iter =    6  NFunc =    87  E =       6.46702  RMSG = 1.4429049e+00
 MIN: Iter =    7  NFunc =   101  E =       6.07561  RMSG = 3.4179699e+00
 MIN: Iter =    8  NFunc =   107  E =       5.40977  RMSG = 7.3289406e-01
 MIN: Iter =    9  NFunc =   113  E =       5.10963  RMSG = 1.9693867e+00
 MIN: Iter =   10  NFunc =   119  E =       4.84211  RMSG = 5.5278837e-01
 MIN: Iter =   11  NFunc =   144  E =       4.52513  RMSG = 8.4412090e-01
 MIN: Iter =   12  NFunc =   156  E =       4.33817  RMSG = 6.7616332e-01
 MIN: Iter =   13  NFunc =   163  E =       4.26644  RMSG = 2.9979390e-01
 MIN: Iter =   14  NFunc =   210  E =       4.12772  RMSG = 3.6264102e-01
 MIN: Iter =   15  NFunc =   236  E =       4.06789  RMSG = 2.4689623e-01
 MIN: Iter =   16  NFunc =   249  E =       4.04878  RMSG = 9.2396067e-02
 MIN: Iter =   17  NFunc =   276  E =       4.03605  RMSG = 8.1293018e-02
 MIN: Iter =   18  NFunc =   290  E =       4.03133  RMSG = 4.1383355e-02
 MIN: Iter =   19  NFunc =   341  E =       4.01873  RMSG = 2.4422573e-01
 MIN: Iter =   20  NFunc =   347  E =       4.01424  RMSG = 5.2864160e-02
 MIN: Iter =   21  NFunc =   379  E =       3.98986  RMSG = 3.6835193e-01
 MIN: Iter =   22  NFunc =   385  E =       3.97661  RMSG = 9.4197135e-02
 MIN: Iter =   23  NFunc =   417  E =       3.91696  RMSG = 2.9956360e-01
 MIN: Iter =   24  NFunc =   468  E =       3.84048  RMSG = 4.7247853e-01
 MIN: Iter =   25  NFunc =   474  E =       3.75708  RMSG = 6.1132372e-01
 MIN: Iter =   26  NFunc =   481  E =       3.63822  RMSG = 6.0547279e-01
 MIN: Iter =   27  NFunc =   487  E =       3.50117  RMSG = 6.2396894e-01
 MIN: Iter =   28  NFunc =   493  E =       3.34258  RMSG = 6.0925902e-01
 MIN: Iter =   29  NFunc =   499  E =       3.17424  RMSG = 6.2791041e-01
 MIN: Iter =   30  NFunc =   505  E =       3.00910  RMSG = 5.8080333e-01
 MIN: Iter =   31  NFunc =   511  E =       2.86331  RMSG = 4.6949490e-01
 MIN: Iter =   32  NFunc =   517  E =       2.74685  RMSG = 4.7249062e-01
 MIN: Iter =   33  NFunc =   523  E =       2.65927  RMSG = 3.8563685e-01
 MIN: Iter =   34  NFunc =   539  E =       2.54927  RMSG = 3.9017109e-01
 MIN: Iter =   35  NFunc =   549  E =       2.48410  RMSG = 1.9864368e-01
 MIN: Iter =   36  NFunc =   591  E =       2.39531  RMSG = 3.0172734e-01
 MIN: Iter =   37  NFunc =   598  E =       2.36283  RMSG = 1.5917909e-01
 MIN: Iter =   38  NFunc =   614  E =       2.31239  RMSG = 4.4238012e-01
 MIN: Iter =   39  NFunc =   620  E =       2.29651  RMSG = 1.4176050e-01
 MIN: Iter =   40  NFunc =   642  E =       2.27275  RMSG = 2.1417061e-01
 MIN: Iter =   41  NFunc =   693  E =       2.21702  RMSG = 2.8738960e-01
 MIN: Iter =   42  NFunc =   716  E =       2.16363  RMSG = 3.4504847e-01
 MIN: Iter =   43  NFunc =   732  E =       2.10511  RMSG = 3.5629106e-01
 MIN: Iter =   44  NFunc =   740  E =       2.04833  RMSG = 3.0237931e-01
 MIN: Iter =   45  NFunc =   746  E =       2.01147  RMSG = 2.6209326e-01
 MIN: Iter =   46  NFunc =   753  E =       1.97960  RMSG = 1.8717867e-01
 MIN: Iter =   47  NFunc =   759  E =       1.96799  RMSG = 1.1501679e-01
 MIN: Iter =   48  NFunc =   769  E =       1.96169  RMSG = 6.6313919e-02
 MIN: Iter =   49  NFunc =   784  E =       1.95350  RMSG = 5.7414902e-02
 MIN: Iter =   50  NFunc =   825  E =       1.94784  RMSG = 4.1559633e-02
 MIN: Iter =   51  NFunc =   844  E =       1.94653  RMSG = 1.6145713e-02
 MIN: Iter =   52  NFunc =   872  E =       1.94603  RMSG = 8.6521769e-03
 MIN: Iter =   53  NFunc =   907  E =       1.94587  RMSG = 4.2754355e-03
 MIN: Iter =   54  NFunc =   923  E =       1.94585  RMSG = 2.2039413e-03
 MIN: Iter =   55  NFunc =   947  E =       1.94585  RMSG = 1.5712769e-03
 MIN: Iter =   56  NFunc =   998  E =       1.94583  RMSG = 2.2722653e-03
 MIN: Iter =   57  NFunc =  1005  E =       1.94583  RMSG = 1.2513503e-03
 MIN: Iter =   58  NFunc =  1034  E =       1.94582  RMSG = 8.4708411e-04
 MIN: Iter =   59  NFunc =  1062  E =       1.94582  RMSG = 1.4170379e-03
 MIN: Iter =   60  NFunc =  1079  E =       1.94582  RMSG = 7.8056217e-04
 MIN: Iter =   61  NFunc =  1090  E =       1.94581  RMSG = 4.9707028e-04
----------------------------------------------------------------
 END:          :-)  E =       1.94581  RMSG =   0.0004971

     bond:      2.257395344
    angle:      5.310955719
 dihedral:     37.418646482
    enb14:      7.231053651
    eel14:    161.640952326
      enb:     -4.094489910
      eel:   -172.729934257
      egb:    -35.088764677
    econs:      0.000000000
    esurf:      0.000000000
    Total:      1.945814678
     frms:      0.000497070
====== rms.dat  ======================================================
#Frame      all_heavy
       1       1.4741
