====== tleap.out =====================================================
-I: Adding /home/case/amber24/dat/leap/prep to search path.
-I: Adding /home/case/amber24/dat/leap/lib to search path.
-I: Adding /home/case/amber24/dat/leap/parm to search path.
-I: Adding /home/case/amber24/dat/leap/cmd to search path.
-f: Source leap.in.

Welcome to LEaP!
(no leaprc in search path)
Sourcing: ./leap.in
Using Bondi radii
----- Source: /home/case/amber24/dat/leap/cmd/leaprc.gaff2
----- Source of /home/case/amber24/dat/leap/cmd/leaprc.gaff2 done
Log file: ./leap.log
Loading parameters: /home/case/amber24/dat/leap/parm/gaff2.dat
Reading title:
AMBER General Force Field for organic molecules (Version 2.2.20, March 2021)
Loading parameters: ./STK.frcmod
Reading force field modification type file (frcmod)
Reading title:
Remark line goes here
Loading Mol2 file: ./STK.mol2
Reading MOLECULE named STK
Checking Unit.
Building topology.
"order_residues" off: keep input residue order.
Building atom parameters.
Building bond parameters.
Building angle parameters.
Building proper torsion parameters.
Building improper torsion parameters.
 total 13 improper torsions applied
Building H-Bond parameters.
Incorporating Non-Bonded adjustments.
Not Marking per-residue atom chain types.
Marking per-residue atom chain types.
  (Residues lacking connect0/connect1 - 
   these don't have chain types marked:

	res	total affected

	STK	1
  )
 (no restraints)
	Quit

Exiting LEaP: Errors = 0; Warnings = 0; Notes = 0.
====== min.o =========================================================
Reading parm file (STK.parm7)
title:
STK                                                                             
no velocities were found
no velocities were found
	mm_options:  ntpr=5
	mm_options:  gb=1
	mm_options:  kappa=0.10395
	mm_options:  rgbmax=99.
	mm_options:  cut=99.0
	mm_options:  wcons=0.
     bond:      1.917697428
    angle:     41.714180860
 dihedral:      9.279762760
    enb14:      7.645517341
    eel14:     26.618605099
      enb:     -2.425994409
      eel:    -31.163129994
      egb:    -20.153864826
    econs:      0.000000000
    esurf:      0.000000000
    Total:     33.432774259
     frms:     17.243005074
Starting TNCG minimisation
 MIN: Iter =    0  NFunc =     1  E =      33.43277  RMSG = 1.7243005e+01
 MIN: Iter =    1  NFunc =     7  E =      22.10460  RMSG = 3.0650192e+00
 MIN: Iter =    2  NFunc =    13  E =      21.22758  RMSG = 1.1848542e+00
 MIN: Iter =    3  NFunc =    24  E =      20.60957  RMSG = 7.2032558e-01
 MIN: Iter =    4  NFunc =    43  E =      19.95209  RMSG = 6.4341380e-01
 MIN: Iter =    5  NFunc =    54  E =      19.49710  RMSG = 6.2910278e-01
 MIN: Iter =    6  NFunc =    61  E =      19.26589  RMSG = 7.5469964e-01
 MIN: Iter =    7  NFunc =    85  E =      18.94092  RMSG = 6.6466415e-01
 MIN: Iter =    8  NFunc =    92  E =      18.73563  RMSG = 5.5240725e-01
 MIN: Iter =    9  NFunc =    99  E =      18.59267  RMSG = 6.0698892e-01
 MIN: Iter =   10  NFunc =   105  E =      18.54562  RMSG = 2.3395705e-01
 MIN: Iter =   11  NFunc =   111  E =      18.53204  RMSG = 1.5100968e-01
 MIN: Iter =   12  NFunc =   136  E =      18.50676  RMSG = 9.9176629e-02
 MIN: Iter =   13  NFunc =   143  E =      18.50495  RMSG = 5.1947869e-02
 MIN: Iter =   14  NFunc =   150  E =      18.50433  RMSG = 2.7516570e-02
 MIN: Iter =   15  NFunc =   179  E =      18.50098  RMSG = 4.9962082e-02
 MIN: Iter =   16  NFunc =   185  E =      18.50063  RMSG = 2.0073149e-02
 MIN: Iter =   17  NFunc =   215  E =      18.50021  RMSG = 1.1640387e-02
 MIN: Iter =   18  NFunc =   227  E =      18.50018  RMSG = 3.9539758e-03
 MIN: Iter =   19  NFunc =   254  E =      18.50017  RMSG = 2.7458076e-03
 MIN: Iter =   20  NFunc =   275  E =      18.50016  RMSG = 1.8183218e-03
 MIN: Iter =   21  NFunc =   284  E =      18.50016  RMSG = 1.3320610e-03
 MIN: Iter =   22  NFunc =   325  E =      18.50016  RMSG = 9.2961849e-04
 MIN: Iter =   23  NFunc =   333  E =      18.50016  RMSG = 5.4513686e-04
 MIN: Iter =   24  NFunc =   339  E =      18.50015  RMSG = 3.2224798e-04
----------------------------------------------------------------
 END:          :-)  E =      18.50015  RMSG =   0.0003222

     bond:      1.004832519
    angle:     31.200353095
 dihedral:      9.303822842
    enb14:      6.088828672
    eel14:     23.685642857
      enb:     -2.689984499
      eel:    -30.148268735
      egb:    -19.945071766
    econs:      0.000000000
    esurf:      0.000000000
    Total:     18.500154986
     frms:      0.000322248
====== rms.dat  ======================================================
#Frame      all_heavy
       1       0.5263
