====== tleap.out =====================================================
-I: Adding /home/case/amber24/dat/leap/prep to search path.
-I: Adding /home/case/amber24/dat/leap/lib to search path.
-I: Adding /home/case/amber24/dat/leap/parm to search path.
-I: Adding /home/case/amber24/dat/leap/cmd to search path.
-f: Source leap.in.

Welcome to LEaP!
(no leaprc in search path)
Sourcing: ./leap.in
Using Bondi radii
----- Source: /home/case/amber24/dat/leap/cmd/leaprc.gaff2
----- Source of /home/case/amber24/dat/leap/cmd/leaprc.gaff2 done
Log file: ./leap.log
Loading parameters: /home/case/amber24/dat/leap/parm/gaff2.dat
Reading title:
AMBER General Force Field for organic molecules (Version 2.2.20, March 2021)
Loading parameters: ./STX.frcmod
Reading force field modification type file (frcmod)
Reading title:
Remark line goes here
Loading Mol2 file: ./STX.mol2
Reading MOLECULE named STX
Checking Unit.
Building topology.
"order_residues" off: keep input residue order.
Building atom parameters.
Building bond parameters.
Building angle parameters.
Building proper torsion parameters.
Building improper torsion parameters.
 total 3 improper torsions applied
Building H-Bond parameters.
Incorporating Non-Bonded adjustments.
Not Marking per-residue atom chain types.
Marking per-residue atom chain types.
  (Residues lacking connect0/connect1 - 
   these don't have chain types marked:

	res	total affected

	STX	1
  )
 (no restraints)
	Quit

Exiting LEaP: Errors = 0; Warnings = 0; Notes = 0.
====== min.o =========================================================
Reading parm file (STX.parm7)
title:
STX                                                                             
no velocities were found
no velocities were found
	mm_options:  ntpr=5
	mm_options:  gb=1
	mm_options:  kappa=0.10395
	mm_options:  rgbmax=99.
	mm_options:  cut=99.0
	mm_options:  wcons=0.
     bond:      1.824653510
    angle:      5.614598839
 dihedral:      5.670957555
    enb14:      5.151314066
    eel14:    106.793296338
      enb:     -1.890402762
      eel:    -30.270544139
      egb:    -15.224190803
    econs:      0.000000000
    esurf:      0.000000000
    Total:     77.669682603
     frms:     10.645271897
Starting TNCG minimisation
 MIN: Iter =    0  NFunc =     1  E =      77.66968  RMSG = 1.0645272e+01
 MIN: Iter =    1  NFunc =     7  E =      71.74855  RMSG = 2.6321793e+00
 MIN: Iter =    2  NFunc =    16  E =      69.87081  RMSG = 8.5004184e-01
 MIN: Iter =    3  NFunc =    24  E =      69.59170  RMSG = 5.0032990e-01
 MIN: Iter =    4  NFunc =    38  E =      69.51396  RMSG = 1.8757021e-01
 MIN: Iter =    5  NFunc =    56  E =      69.48117  RMSG = 2.7507462e-01
 MIN: Iter =    6  NFunc =    63  E =      69.47483  RMSG = 7.7056000e-02
 MIN: Iter =    7  NFunc =    82  E =      69.46024  RMSG = 1.5108528e-01
 MIN: Iter =    8  NFunc =    91  E =      69.45780  RMSG = 3.5603026e-02
 MIN: Iter =    9  NFunc =   102  E =      69.45628  RMSG = 2.8007788e-02
 MIN: Iter =   10  NFunc =   133  E =      69.45259  RMSG = 7.3166890e-02
 MIN: Iter =   11  NFunc =   147  E =      69.45164  RMSG = 2.2270217e-02
 MIN: Iter =   12  NFunc =   165  E =      69.45118  RMSG = 1.0073903e-02
 MIN: Iter =   13  NFunc =   216  E =      69.45039  RMSG = 9.6226006e-02
 MIN: Iter =   14  NFunc =   222  E =      69.44998  RMSG = 1.3963573e-02
 MIN: Iter =   15  NFunc =   233  E =      69.44974  RMSG = 1.2182941e-02
 MIN: Iter =   16  NFunc =   247  E =      69.44961  RMSG = 9.1674027e-03
 MIN: Iter =   17  NFunc =   255  E =      69.44959  RMSG = 4.5821506e-03
 MIN: Iter =   18  NFunc =   283  E =      69.44951  RMSG = 3.2319833e-03
 MIN: Iter =   19  NFunc =   301  E =      69.44948  RMSG = 2.9300980e-03
 MIN: Iter =   20  NFunc =   319  E =      69.44947  RMSG = 1.9776816e-03
 MIN: Iter =   21  NFunc =   342  E =      69.44946  RMSG = 2.1468555e-03
 MIN: Iter =   22  NFunc =   351  E =      69.44945  RMSG = 1.3570927e-03
 MIN: Iter =   23  NFunc =   374  E =      69.44945  RMSG = 1.2652743e-03
 MIN: Iter =   24  NFunc =   404  E =      69.44944  RMSG = 1.6606750e-03
 MIN: Iter =   25  NFunc =   414  E =      69.44944  RMSG = 1.0404839e-03
 MIN: Iter =   26  NFunc =   432  E =      69.44943  RMSG = 4.3800221e-04
----------------------------------------------------------------
 END:          :-)  E =      69.44943  RMSG =   0.0004380

     bond:      1.604148516
    angle:      4.392265993
 dihedral:      5.703097251
    enb14:      2.952915862
    eel14:    103.208430254
      enb:     -1.910273846
      eel:    -30.241298868
      egb:    -16.259850459
    econs:      0.000000000
    esurf:      0.000000000
    Total:     69.449434702
     frms:      0.000438002
====== rms.dat  ======================================================
#Frame      all_heavy
       1       0.1033
