====== tleap.out =====================================================
-I: Adding /home/case/amber24/dat/leap/prep to search path.
-I: Adding /home/case/amber24/dat/leap/lib to search path.
-I: Adding /home/case/amber24/dat/leap/parm to search path.
-I: Adding /home/case/amber24/dat/leap/cmd to search path.
-f: Source leap.in.

Welcome to LEaP!
(no leaprc in search path)
Sourcing: ./leap.in
Using Bondi radii
----- Source: /home/case/amber24/dat/leap/cmd/leaprc.gaff2
----- Source of /home/case/amber24/dat/leap/cmd/leaprc.gaff2 done
Log file: ./leap.log
Loading parameters: /home/case/amber24/dat/leap/parm/gaff2.dat
Reading title:
AMBER General Force Field for organic molecules (Version 2.2.20, March 2021)
Loading parameters: ./SVE.frcmod
Reading force field modification type file (frcmod)
Reading title:
Remark line goes here
Loading Mol2 file: ./SVE.mol2
Reading MOLECULE named SVE
Checking Unit.
Building topology.
"order_residues" off: keep input residue order.
Building atom parameters.
Building bond parameters.
Building angle parameters.
Building proper torsion parameters.
Building improper torsion parameters.
 total 25 improper torsions applied
Building H-Bond parameters.
Incorporating Non-Bonded adjustments.
Not Marking per-residue atom chain types.
Marking per-residue atom chain types.
  (Residues lacking connect0/connect1 - 
   these don't have chain types marked:

	res	total affected

	SVE	1
  )
 (no restraints)
	Quit

Exiting LEaP: Errors = 0; Warnings = 0; Notes = 0.
====== min.o =========================================================
Reading parm file (SVE.parm7)
title:
SVE                                                                             
no velocities were found
no velocities were found
	mm_options:  ntpr=5
	mm_options:  gb=1
	mm_options:  kappa=0.10395
	mm_options:  rgbmax=99.
	mm_options:  cut=99.0
	mm_options:  wcons=0.
     bond:      7.223124996
    angle:     23.209381354
 dihedral:     33.204717946
    enb14:     27.375941163
    eel14:   -106.743384554
      enb:     -6.338424206
      eel:      6.249843102
      egb:    -30.767347515
    econs:      0.000000000
    esurf:      0.000000000
    Total:    -46.586147714
     frms:     10.733085840
Starting TNCG minimisation
 MIN: Iter =    0  NFunc =     1  E =     -46.58615  RMSG = 1.0733086e+01
 MIN: Iter =    1  NFunc =     7  E =     -66.08234  RMSG = 2.7347076e+00
 MIN: Iter =    2  NFunc =    19  E =     -71.13777  RMSG = 1.0978075e+00
 MIN: Iter =    3  NFunc =    34  E =     -72.66058  RMSG = 5.7536896e-01
 MIN: Iter =    4  NFunc =    46  E =     -73.08926  RMSG = 3.5373554e-01
 MIN: Iter =    5  NFunc =    73  E =     -73.53074  RMSG = 5.2214911e-01
 MIN: Iter =    6  NFunc =    80  E =     -73.61183  RMSG = 2.0858148e-01
 MIN: Iter =    7  NFunc =   131  E =     -73.83069  RMSG = 4.1781105e-01
 MIN: Iter =    8  NFunc =   137  E =     -73.99156  RMSG = 4.2909374e-01
 MIN: Iter =    9  NFunc =   149  E =     -74.19815  RMSG = 6.2524875e-01
 MIN: Iter =   10  NFunc =   156  E =     -74.47084  RMSG = 5.0704297e-01
 MIN: Iter =   11  NFunc =   163  E =     -74.70933  RMSG = 6.3256825e-01
 MIN: Iter =   12  NFunc =   169  E =     -75.02306  RMSG = 5.5710694e-01
 MIN: Iter =   13  NFunc =   175  E =     -75.30207  RMSG = 6.6913505e-01
 MIN: Iter =   14  NFunc =   182  E =     -75.66325  RMSG = 6.4973589e-01
 MIN: Iter =   15  NFunc =   188  E =     -76.01785  RMSG = 7.0773613e-01
 MIN: Iter =   16  NFunc =   194  E =     -76.42927  RMSG = 6.6666515e-01
 MIN: Iter =   17  NFunc =   200  E =     -76.81604  RMSG = 6.0314029e-01
 MIN: Iter =   18  NFunc =   206  E =     -77.04638  RMSG = 3.6747115e-01
 MIN: Iter =   19  NFunc =   222  E =     -77.43786  RMSG = 5.1918679e-01
 MIN: Iter =   20  NFunc =   228  E =     -77.54827  RMSG = 2.8863814e-01
 MIN: Iter =   21  NFunc =   240  E =     -77.65425  RMSG = 3.3875998e-01
 MIN: Iter =   22  NFunc =   248  E =     -77.69351  RMSG = 1.3434333e-01
 MIN: Iter =   23  NFunc =   290  E =     -77.83110  RMSG = 5.0556031e-01
 MIN: Iter =   24  NFunc =   296  E =     -77.89579  RMSG = 1.7372193e-01
 MIN: Iter =   25  NFunc =   322  E =     -77.95299  RMSG = 1.4436683e-01
 MIN: Iter =   26  NFunc =   336  E =     -77.98683  RMSG = 1.2925339e-01
 MIN: Iter =   27  NFunc =   343  E =     -77.99434  RMSG = 5.3864377e-02
 MIN: Iter =   28  NFunc =   351  E =     -77.99703  RMSG = 3.0756268e-02
 MIN: Iter =   29  NFunc =   402  E =     -78.01137  RMSG = 7.2153342e-02
 MIN: Iter =   30  NFunc =   453  E =     -78.03250  RMSG = 1.1850285e-01
 MIN: Iter =   31  NFunc =   461  E =     -78.03849  RMSG = 5.3343596e-02
 MIN: Iter =   32  NFunc =   513  E =     -78.05359  RMSG = 6.7049825e-02
 MIN: Iter =   33  NFunc =   540  E =     -78.06549  RMSG = 8.3661224e-02
 MIN: Iter =   34  NFunc =   546  E =     -78.06738  RMSG = 3.1423056e-02
 MIN: Iter =   35  NFunc =   598  E =     -78.07480  RMSG = 4.0508221e-02
 MIN: Iter =   36  NFunc =   624  E =     -78.07924  RMSG = 4.2055620e-02
 MIN: Iter =   37  NFunc =   633  E =     -78.07993  RMSG = 1.5126555e-02
 MIN: Iter =   38  NFunc =   654  E =     -78.08072  RMSG = 1.0682936e-02
 MIN: Iter =   39  NFunc =   705  E =     -78.08183  RMSG = 1.3138620e-02
 MIN: Iter =   40  NFunc =   756  E =     -78.08305  RMSG = 1.0781006e-02
 MIN: Iter =   41  NFunc =   807  E =     -78.08394  RMSG = 1.1983930e-02
 MIN: Iter =   42  NFunc =   842  E =     -78.08470  RMSG = 9.7936893e-03
 MIN: Iter =   43  NFunc =   893  E =     -78.08565  RMSG = 1.0999887e-02
 MIN: Iter =   44  NFunc =   920  E =     -78.08619  RMSG = 7.1140447e-03
 MIN: Iter =   45  NFunc =   966  E =     -78.08681  RMSG = 7.4648405e-03
 MIN: Iter =   46  NFunc =   985  E =     -78.08701  RMSG = 5.6072747e-03
 MIN: Iter =   47  NFunc =  1036  E =     -78.08731  RMSG = 4.8551033e-03
 MIN: Iter =   48  NFunc =  1081  E =     -78.08744  RMSG = 2.6575940e-03
 MIN: Iter =   49  NFunc =  1103  E =     -78.08746  RMSG = 1.8345584e-03
 MIN: Iter =   50  NFunc =  1154  E =     -78.08751  RMSG = 2.4860403e-03
 MIN: Iter =   51  NFunc =  1180  E =     -78.08753  RMSG = 1.5352480e-03
 MIN: Iter =   52  NFunc =  1216  E =     -78.08754  RMSG = 8.4656511e-04
 MIN: Iter =   53  NFunc =  1267  E =     -78.08755  RMSG = 1.0315261e-03
 MIN: Iter =   54  NFunc =  1281  E =     -78.08756  RMSG = 6.8474946e-04
 MIN: Iter =   55  NFunc =  1322  E =     -78.08756  RMSG = 5.5406876e-04
 MIN: Iter =   56  NFunc =  1347  E =     -78.08756  RMSG = 3.5163562e-04
----------------------------------------------------------------
 END:          :-)  E =     -78.08756  RMSG =   0.0003516

     bond:      3.458613513
    angle:     16.314945115
 dihedral:     23.831977792
    enb14:     19.631692239
    eel14:   -106.919425191
      enb:     -8.722192147
      eel:      6.710766807
      egb:    -32.393940096
    econs:      0.000000000
    esurf:      0.000000000
    Total:    -78.087561968
     frms:      0.000351636
====== rms.dat  ======================================================
#Frame      all_heavy
       1       0.7818
