====== tleap.out =====================================================
-I: Adding /home/case/amber24/dat/leap/prep to search path.
-I: Adding /home/case/amber24/dat/leap/lib to search path.
-I: Adding /home/case/amber24/dat/leap/parm to search path.
-I: Adding /home/case/amber24/dat/leap/cmd to search path.
-f: Source leap.in.

Welcome to LEaP!
(no leaprc in search path)
Sourcing: ./leap.in
Using Bondi radii
----- Source: /home/case/amber24/dat/leap/cmd/leaprc.gaff2
----- Source of /home/case/amber24/dat/leap/cmd/leaprc.gaff2 done
Log file: ./leap.log
Loading parameters: /home/case/amber24/dat/leap/parm/gaff2.dat
Reading title:
AMBER General Force Field for organic molecules (Version 2.2.20, March 2021)
Loading parameters: ./SWP.frcmod
Reading force field modification type file (frcmod)
Reading title:
Remark line goes here
Loading Mol2 file: ./SWP.mol2
Reading MOLECULE named SWP
Checking Unit.
Building topology.
"order_residues" off: keep input residue order.
Building atom parameters.
Building bond parameters.
Building angle parameters.
Building proper torsion parameters.
Building improper torsion parameters.
 total 25 improper torsions applied
Building H-Bond parameters.
Incorporating Non-Bonded adjustments.
Not Marking per-residue atom chain types.
Marking per-residue atom chain types.
  (Residues lacking connect0/connect1 - 
   these don't have chain types marked:

	res	total affected

	SWP	1
  )
 (no restraints)
	Quit

Exiting LEaP: Errors = 0; Warnings = 0; Notes = 0.
====== min.o =========================================================
Reading parm file (SWP.parm7)
title:
SWP                                                                             
no velocities were found
no velocities were found
	mm_options:  ntpr=5
	mm_options:  gb=1
	mm_options:  kappa=0.10395
	mm_options:  rgbmax=99.
	mm_options:  cut=99.0
	mm_options:  wcons=0.
     bond:      3.813477798
    angle:      7.243427624
 dihedral:     38.434270896
    enb14:     25.041352760
    eel14:   -100.140895648
      enb:     -3.730261681
      eel:     16.117038249
      egb:    -29.878722408
    econs:      0.000000000
    esurf:      0.000000000
    Total:    -43.100312409
     frms:      7.768913574
Starting TNCG minimisation
 MIN: Iter =    0  NFunc =     1  E =     -43.10031  RMSG = 7.7689136e+00
 MIN: Iter =    1  NFunc =     7  E =     -56.18864  RMSG = 2.2479578e+00
 MIN: Iter =    2  NFunc =    20  E =     -61.66899  RMSG = 1.2335727e+00
 MIN: Iter =    3  NFunc =    27  E =     -62.80795  RMSG = 8.8950379e-01
 MIN: Iter =    4  NFunc =    40  E =     -63.43506  RMSG = 4.0342785e-01
 MIN: Iter =    5  NFunc =    59  E =     -63.59448  RMSG = 1.8832954e-01
 MIN: Iter =    6  NFunc =    72  E =     -63.63646  RMSG = 1.0709187e-01
 MIN: Iter =    7  NFunc =   123  E =     -63.71676  RMSG = 3.8575248e-01
 MIN: Iter =    8  NFunc =   129  E =     -63.77521  RMSG = 1.7631279e-01
 MIN: Iter =    9  NFunc =   155  E =     -63.86911  RMSG = 4.7242968e-01
 MIN: Iter =   10  NFunc =   161  E =     -63.94733  RMSG = 1.7920122e-01
 MIN: Iter =   11  NFunc =   184  E =     -64.05791  RMSG = 4.1220335e-01
 MIN: Iter =   12  NFunc =   191  E =     -64.13860  RMSG = 1.7990228e-01
 MIN: Iter =   13  NFunc =   233  E =     -64.31476  RMSG = 4.1890132e-01
 MIN: Iter =   14  NFunc =   239  E =     -64.44891  RMSG = 3.8401050e-01
 MIN: Iter =   15  NFunc =   247  E =     -64.55884  RMSG = 2.9525540e-01
 MIN: Iter =   16  NFunc =   259  E =     -64.63806  RMSG = 1.3122979e-01
 MIN: Iter =   17  NFunc =   298  E =     -64.72564  RMSG = 3.1666158e-01
 MIN: Iter =   18  NFunc =   304  E =     -64.74637  RMSG = 6.1303056e-02
 MIN: Iter =   19  NFunc =   348  E =     -64.78584  RMSG = 1.9328782e-01
 MIN: Iter =   20  NFunc =   354  E =     -64.79298  RMSG = 3.8620417e-02
 MIN: Iter =   21  NFunc =   405  E =     -64.80843  RMSG = 7.7557154e-02
 MIN: Iter =   22  NFunc =   411  E =     -64.80980  RMSG = 3.3506636e-02
 MIN: Iter =   23  NFunc =   463  E =     -64.81575  RMSG = 4.9812582e-02
 MIN: Iter =   24  NFunc =   481  E =     -64.81851  RMSG = 4.1646640e-02
 MIN: Iter =   25  NFunc =   514  E =     -64.82085  RMSG = 5.4579180e-02
 MIN: Iter =   26  NFunc =   525  E =     -64.82147  RMSG = 1.3829406e-02
 MIN: Iter =   27  NFunc =   536  E =     -64.82168  RMSG = 8.5721218e-03
 MIN: Iter =   28  NFunc =   587  E =     -64.82202  RMSG = 1.0336671e-02
 MIN: Iter =   29  NFunc =   593  E =     -64.82204  RMSG = 3.4324720e-03
 MIN: Iter =   30  NFunc =   641  E =     -64.82209  RMSG = 2.0748019e-03
 MIN: Iter =   31  NFunc =   686  E =     -64.82211  RMSG = 1.5289120e-03
 MIN: Iter =   32  NFunc =   713  E =     -64.82212  RMSG = 9.0173800e-04
 MIN: Iter =   33  NFunc =   743  E =     -64.82212  RMSG = 4.7103526e-04
----------------------------------------------------------------
 END:          :-)  E =     -64.82212  RMSG =   0.0004710

     bond:      2.703175431
    angle:      6.788230323
 dihedral:     31.877551806
    enb14:     16.510002800
    eel14:    -98.419165589
      enb:     -8.306655294
      eel:     17.479224443
      egb:    -33.454487266
    econs:      0.000000000
    esurf:      0.000000000
    Total:    -64.822123346
     frms:      0.000471035
====== rms.dat  ======================================================
#Frame      all_heavy
       1       0.5406
