====== tleap.out =====================================================
-I: Adding /home/case/amber24/dat/leap/prep to search path.
-I: Adding /home/case/amber24/dat/leap/lib to search path.
-I: Adding /home/case/amber24/dat/leap/parm to search path.
-I: Adding /home/case/amber24/dat/leap/cmd to search path.
-f: Source leap.in.

Welcome to LEaP!
(no leaprc in search path)
Sourcing: ./leap.in
Using Bondi radii
----- Source: /home/case/amber24/dat/leap/cmd/leaprc.gaff2
----- Source of /home/case/amber24/dat/leap/cmd/leaprc.gaff2 done
Log file: ./leap.log
Loading parameters: /home/case/amber24/dat/leap/parm/gaff2.dat
Reading title:
AMBER General Force Field for organic molecules (Version 2.2.20, March 2021)
Loading parameters: ./SZ8.frcmod
Reading force field modification type file (frcmod)
Reading title:
Remark line goes here
Loading Mol2 file: ./SZ8.mol2
Reading MOLECULE named SZ8
Checking Unit.
Building topology.
"order_residues" off: keep input residue order.
Building atom parameters.
Building bond parameters.
Building angle parameters.
Building proper torsion parameters.
Building improper torsion parameters.
 total 1 improper torsion applied
Building H-Bond parameters.
Incorporating Non-Bonded adjustments.
Not Marking per-residue atom chain types.
Marking per-residue atom chain types.
  (Residues lacking connect0/connect1 - 
   these don't have chain types marked:

	res	total affected

	SZ8	1
  )
 (no restraints)
	Quit

Exiting LEaP: Errors = 0; Warnings = 0; Notes = 0.
====== min.o =========================================================
Reading parm file (SZ8.parm7)
title:
SZ8                                                                             
no velocities were found
no velocities were found
	mm_options:  ntpr=5
	mm_options:  gb=1
	mm_options:  kappa=0.10395
	mm_options:  rgbmax=99.
	mm_options:  cut=99.0
	mm_options:  wcons=0.
     bond:      1.524541472
    angle:      2.515504171
 dihedral:     13.906247551
    enb14:      4.144661533
    eel14:    126.802232999
      enb:     -1.725362570
      eel:    -75.460916165
      egb:    -13.686446092
    econs:      0.000000000
    esurf:      0.000000000
    Total:     58.020462898
     frms:      8.199741367
Starting TNCG minimisation
 MIN: Iter =    0  NFunc =     1  E =      58.02046  RMSG = 8.1997414e+00
 MIN: Iter =    1  NFunc =     7  E =      52.25887  RMSG = 3.2215305e+00
 MIN: Iter =    2  NFunc =    13  E =      50.45751  RMSG = 1.3503291e+00
 MIN: Iter =    3  NFunc =    28  E =      49.56194  RMSG = 8.0743930e-01
 MIN: Iter =    4  NFunc =    38  E =      49.33914  RMSG = 3.1967660e-01
 MIN: Iter =    5  NFunc =    54  E =      49.26890  RMSG = 2.7258942e-01
 MIN: Iter =    6  NFunc =    89  E =      49.19429  RMSG = 7.4876822e-01
 MIN: Iter =    7  NFunc =    95  E =      49.16698  RMSG = 1.6014140e-01
 MIN: Iter =    8  NFunc =   105  E =      49.14930  RMSG = 2.0361409e-01
 MIN: Iter =    9  NFunc =   122  E =      49.13340  RMSG = 9.1178074e-02
 MIN: Iter =   10  NFunc =   130  E =      49.13101  RMSG = 5.5170656e-02
 MIN: Iter =   11  NFunc =   143  E =      49.12866  RMSG = 4.6800686e-02
 MIN: Iter =   12  NFunc =   158  E =      49.12815  RMSG = 1.3170727e-02
 MIN: Iter =   13  NFunc =   178  E =      49.12795  RMSG = 1.3666343e-02
 MIN: Iter =   14  NFunc =   193  E =      49.12786  RMSG = 6.8989141e-03
 MIN: Iter =   15  NFunc =   210  E =      49.12781  RMSG = 4.5851259e-03
 MIN: Iter =   16  NFunc =   219  E =      49.12780  RMSG = 1.9678543e-03
 MIN: Iter =   17  NFunc =   244  E =      49.12780  RMSG = 9.4164333e-04
 MIN: Iter =   18  NFunc =   273  E =      49.12780  RMSG = 7.3018891e-04
 MIN: Iter =   19  NFunc =   292  E =      49.12780  RMSG = 3.5772799e-04
----------------------------------------------------------------
 END:          :-)  E =      49.12780  RMSG =   0.0003577

     bond:      1.141921916
    angle:      2.481342477
 dihedral:     11.886661485
    enb14:      2.109603507
    eel14:    121.729683701
      enb:     -1.648810512
      eel:    -73.455790772
      egb:    -15.116816687
    econs:      0.000000000
    esurf:      0.000000000
    Total:     49.127795115
     frms:      0.000357728
====== rms.dat  ======================================================
#Frame      all_heavy
       1       0.1566
