====== tleap.out =====================================================
-I: Adding /home/case/amber24/dat/leap/prep to search path.
-I: Adding /home/case/amber24/dat/leap/lib to search path.
-I: Adding /home/case/amber24/dat/leap/parm to search path.
-I: Adding /home/case/amber24/dat/leap/cmd to search path.
-f: Source leap.in.

Welcome to LEaP!
(no leaprc in search path)
Sourcing: ./leap.in
Using Bondi radii
----- Source: /home/case/amber24/dat/leap/cmd/leaprc.gaff2
----- Source of /home/case/amber24/dat/leap/cmd/leaprc.gaff2 done
Log file: ./leap.log
Loading parameters: /home/case/amber24/dat/leap/parm/gaff2.dat
Reading title:
AMBER General Force Field for organic molecules (Version 2.2.20, March 2021)
Loading parameters: ./V1X.frcmod
Reading force field modification type file (frcmod)
Reading title:
Remark line goes here
Loading Mol2 file: ./V1X.mol2
Reading MOLECULE named V1X
Checking Unit.
Building topology.
"order_residues" off: keep input residue order.
Building atom parameters.
Building bond parameters.
Building angle parameters.
Building proper torsion parameters.
Building improper torsion parameters.
 total 17 improper torsions applied
Building H-Bond parameters.
Incorporating Non-Bonded adjustments.
Not Marking per-residue atom chain types.
Marking per-residue atom chain types.
  (Residues lacking connect0/connect1 - 
   these don't have chain types marked:

	res	total affected

	V1X	1
  )
 (no restraints)
	Quit

Exiting LEaP: Errors = 0; Warnings = 0; Notes = 0.
====== min.o =========================================================
Reading parm file (V1X.parm7)
title:
V1X                                                                             
no velocities were found
no velocities were found
	mm_options:  ntpr=5
	mm_options:  gb=1
	mm_options:  kappa=0.10395
	mm_options:  rgbmax=99.
	mm_options:  cut=99.0
	mm_options:  wcons=0.
     bond:      4.579424227
    angle:      3.447117820
 dihedral:     21.483474231
    enb14:     12.062284574
    eel14:   -210.747551878
      enb:      1.775893406
      eel:     86.564118347
      egb:    -28.410516514
    econs:      0.000000000
    esurf:      0.000000000
    Total:   -109.245755788
     frms:     11.372598528
Starting TNCG minimisation
 MIN: Iter =    0  NFunc =     1  E =    -109.24576  RMSG = 1.1372599e+01
 MIN: Iter =    1  NFunc =     7  E =    -119.93626  RMSG = 2.7573101e+00
 MIN: Iter =    2  NFunc =    15  E =    -122.22756  RMSG = 1.4406995e+00
 MIN: Iter =    3  NFunc =    22  E =    -123.02720  RMSG = 9.7960376e-01
 MIN: Iter =    4  NFunc =    28  E =    -123.43511  RMSG = 7.8399937e-01
 MIN: Iter =    5  NFunc =    47  E =    -124.34948  RMSG = 1.3512629e+00
 MIN: Iter =    6  NFunc =    53  E =    -124.59889  RMSG = 5.6221952e-01
 MIN: Iter =    7  NFunc =    76  E =    -124.88547  RMSG = 9.4640453e-01
 MIN: Iter =    8  NFunc =    82  E =    -124.98906  RMSG = 3.2110549e-01
 MIN: Iter =    9  NFunc =   106  E =    -125.16636  RMSG = 8.9744011e-01
 MIN: Iter =   10  NFunc =   115  E =    -125.31280  RMSG = 3.1967605e-01
 MIN: Iter =   11  NFunc =   122  E =    -125.39750  RMSG = 8.3868297e-01
 MIN: Iter =   12  NFunc =   131  E =    -125.57211  RMSG = 5.1043087e-01
 MIN: Iter =   13  NFunc =   140  E =    -125.71509  RMSG = 7.3784005e-01
 MIN: Iter =   14  NFunc =   146  E =    -125.89933  RMSG = 5.7315550e-01
 MIN: Iter =   15  NFunc =   153  E =    -126.07381  RMSG = 7.5140695e-01
 MIN: Iter =   16  NFunc =   159  E =    -126.27980  RMSG = 7.7177897e-01
 MIN: Iter =   17  NFunc =   165  E =    -126.50766  RMSG = 7.8304844e-01
 MIN: Iter =   18  NFunc =   171  E =    -126.75592  RMSG = 7.4373986e-01
 MIN: Iter =   19  NFunc =   178  E =    -127.03713  RMSG = 7.9394787e-01
 MIN: Iter =   20  NFunc =   184  E =    -127.31814  RMSG = 8.0438269e-01
 MIN: Iter =   21  NFunc =   190  E =    -127.55819  RMSG = 6.0180737e-01
 MIN: Iter =   22  NFunc =   205  E =    -127.89969  RMSG = 7.2834305e-01
 MIN: Iter =   23  NFunc =   213  E =    -128.15831  RMSG = 6.3831927e-01
 MIN: Iter =   24  NFunc =   220  E =    -128.33109  RMSG = 5.0028908e-01
 MIN: Iter =   25  NFunc =   238  E =    -128.62540  RMSG = 5.1619070e-01
 MIN: Iter =   26  NFunc =   249  E =    -128.76478  RMSG = 3.6925433e-01
 MIN: Iter =   27  NFunc =   262  E =    -128.84710  RMSG = 4.9572078e-01
 MIN: Iter =   28  NFunc =   272  E =    -128.89262  RMSG = 1.7133468e-01
 MIN: Iter =   29  NFunc =   306  E =    -129.00074  RMSG = 5.4312215e-01
 MIN: Iter =   30  NFunc =   313  E =    -129.02925  RMSG = 1.7073995e-01
 MIN: Iter =   31  NFunc =   328  E =    -129.06593  RMSG = 2.1657864e-01
 MIN: Iter =   32  NFunc =   342  E =    -129.08767  RMSG = 1.2603763e-01
 MIN: Iter =   33  NFunc =   379  E =    -129.10694  RMSG = 1.4564236e-01
 MIN: Iter =   34  NFunc =   385  E =    -129.10938  RMSG = 5.9520499e-02
 MIN: Iter =   35  NFunc =   402  E =    -129.11388  RMSG = 4.0392711e-02
 MIN: Iter =   36  NFunc =   453  E =    -129.13683  RMSG = 1.5674764e-01
 MIN: Iter =   37  NFunc =   463  E =    -129.14617  RMSG = 6.3893768e-02
 MIN: Iter =   38  NFunc =   473  E =    -129.14982  RMSG = 5.4542339e-02
 MIN: Iter =   39  NFunc =   498  E =    -129.15505  RMSG = 9.0594808e-02
 MIN: Iter =   40  NFunc =   519  E =    -129.15795  RMSG = 3.4070430e-02
 MIN: Iter =   41  NFunc =   530  E =    -129.15888  RMSG = 2.1329237e-02
 MIN: Iter =   42  NFunc =   580  E =    -129.15984  RMSG = 1.8135249e-02
 MIN: Iter =   43  NFunc =   598  E =    -129.16003  RMSG = 6.9686157e-03
 MIN: Iter =   44  NFunc =   623  E =    -129.16012  RMSG = 4.4319896e-03
 MIN: Iter =   45  NFunc =   647  E =    -129.16015  RMSG = 2.3273598e-03
 MIN: Iter =   46  NFunc =   684  E =    -129.16017  RMSG = 2.2537427e-03
 MIN: Iter =   47  NFunc =   692  E =    -129.16017  RMSG = 1.6761157e-03
 MIN: Iter =   48  NFunc =   743  E =    -129.16018  RMSG = 8.1399350e-04
 MIN: Iter =   49  NFunc =   794  E =    -129.16019  RMSG = 1.0436965e-03
 MIN: Iter =   50  NFunc =   827  E =    -129.16020  RMSG = 1.0742730e-03
 MIN: Iter =   51  NFunc =   852  E =    -129.16020  RMSG = 8.8658643e-04
 MIN: Iter =   52  NFunc =   886  E =    -129.16020  RMSG = 6.1320571e-04
 MIN: Iter =   53  NFunc =   927  E =    -129.16020  RMSG = 3.9074620e-04
----------------------------------------------------------------
 END:          :-)  E =    -129.16020  RMSG =   0.0003907

     bond:      2.049977403
    angle:      5.467797186
 dihedral:      6.381485689
    enb14:      8.213158782
    eel14:   -208.575882346
      enb:      1.459452801
      eel:     83.856096476
      egb:    -28.012290618
    econs:      0.000000000
    esurf:      0.000000000
    Total:   -129.160204626
     frms:      0.000390746
====== rms.dat  ======================================================
#Frame      all_heavy
       1       1.1987
