====== tleap.out =====================================================
-I: Adding /home/case/amber24/dat/leap/prep to search path.
-I: Adding /home/case/amber24/dat/leap/lib to search path.
-I: Adding /home/case/amber24/dat/leap/parm to search path.
-I: Adding /home/case/amber24/dat/leap/cmd to search path.
-f: Source leap.in.

Welcome to LEaP!
(no leaprc in search path)
Sourcing: ./leap.in
Using Bondi radii
----- Source: /home/case/amber24/dat/leap/cmd/leaprc.gaff2
----- Source of /home/case/amber24/dat/leap/cmd/leaprc.gaff2 done
Log file: ./leap.log
Loading parameters: /home/case/amber24/dat/leap/parm/gaff2.dat
Reading title:
AMBER General Force Field for organic molecules (Version 2.2.20, March 2021)
Loading parameters: ./V29.frcmod
Reading force field modification type file (frcmod)
Reading title:
Remark line goes here
Loading Mol2 file: ./V29.mol2
Reading MOLECULE named V29
Checking Unit.

/home/case/amber24/bin/teLeap: Warning!
The unperturbed charge of the unit (-1.000000) is not zero.

/home/case/amber24/bin/teLeap: Note.
Ignoring the warning from Unit Checking.

Building topology.
"order_residues" off: keep input residue order.
Building atom parameters.
Building bond parameters.
Building angle parameters.
Building proper torsion parameters.
Building improper torsion parameters.
 total 7 improper torsions applied
Building H-Bond parameters.
Incorporating Non-Bonded adjustments.
Not Marking per-residue atom chain types.
Marking per-residue atom chain types.
  (Residues lacking connect0/connect1 - 
   these don't have chain types marked:

	res	total affected

	V29	1
  )
 (no restraints)
	Quit

Exiting LEaP: Errors = 0; Warnings = 1; Notes = 1.
====== min.o =========================================================
Reading parm file (V29.parm7)
title:
V29                                                                             
no velocities were found
no velocities were found
	mm_options:  ntpr=5
	mm_options:  gb=1
	mm_options:  kappa=0.10395
	mm_options:  rgbmax=99.
	mm_options:  cut=99.0
	mm_options:  wcons=0.
     bond:      1.974369673
    angle:      7.185692401
 dihedral:     13.917576578
    enb14:      6.667983380
    eel14:    159.285045298
      enb:     -2.229432837
      eel:    -90.933028172
      egb:    -75.060575127
    econs:      0.000000000
    esurf:      0.000000000
    Total:     20.807631195
     frms:      8.367113808
Starting TNCG minimisation
 MIN: Iter =    0  NFunc =     1  E =      20.80763  RMSG = 8.3671138e+00
 MIN: Iter =    1  NFunc =     7  E =      14.30704  RMSG = 2.1583966e+00
 MIN: Iter =    2  NFunc =    17  E =      12.50467  RMSG = 1.2732887e+00
 MIN: Iter =    3  NFunc =    27  E =      12.17724  RMSG = 5.6459497e-01
 MIN: Iter =    4  NFunc =    52  E =      12.05336  RMSG = 7.6641603e-01
 MIN: Iter =    5  NFunc =    58  E =      11.93664  RMSG = 1.1022888e+00
 MIN: Iter =    6  NFunc =    66  E =      11.79921  RMSG = 4.5638239e-01
 MIN: Iter =    7  NFunc =    72  E =      11.74439  RMSG = 9.8055363e-01
 MIN: Iter =    8  NFunc =    78  E =      11.69265  RMSG = 1.8552128e-01
 MIN: Iter =    9  NFunc =    84  E =      11.67721  RMSG = 1.9946117e-01
 MIN: Iter =   10  NFunc =   113  E =      11.62007  RMSG = 3.1924919e-01
 MIN: Iter =   11  NFunc =   120  E =      11.60749  RMSG = 1.0365317e-01
 MIN: Iter =   12  NFunc =   139  E =      11.58444  RMSG = 1.9601486e-01
 MIN: Iter =   13  NFunc =   145  E =      11.58093  RMSG = 6.1797925e-02
 MIN: Iter =   14  NFunc =   174  E =      11.57481  RMSG = 8.4642691e-02
 MIN: Iter =   15  NFunc =   205  E =      11.57089  RMSG = 5.3422605e-02
 MIN: Iter =   16  NFunc =   215  E =      11.57037  RMSG = 2.1738358e-02
 MIN: Iter =   17  NFunc =   267  E =      11.56696  RMSG = 4.3134864e-02
 MIN: Iter =   18  NFunc =   273  E =      11.56589  RMSG = 3.8861499e-02
 MIN: Iter =   19  NFunc =   284  E =      11.56482  RMSG = 3.6229765e-02
 MIN: Iter =   20  NFunc =   307  E =      11.56332  RMSG = 3.2817454e-02
 MIN: Iter =   21  NFunc =   313  E =      11.56312  RMSG = 1.7856701e-02
 MIN: Iter =   22  NFunc =   324  E =      11.56300  RMSG = 7.4453043e-03
 MIN: Iter =   23  NFunc =   354  E =      11.56291  RMSG = 4.3442667e-03
 MIN: Iter =   24  NFunc =   374  E =      11.56286  RMSG = 3.4886226e-03
 MIN: Iter =   25  NFunc =   400  E =      11.56284  RMSG = 1.5464555e-03
 MIN: Iter =   26  NFunc =   409  E =      11.56284  RMSG = 1.0010047e-03
 MIN: Iter =   27  NFunc =   426  E =      11.56283  RMSG = 6.0763273e-04
 MIN: Iter =   28  NFunc =   442  E =      11.56283  RMSG = 3.6764179e-04
----------------------------------------------------------------
 END:          :-)  E =      11.56283  RMSG =   0.0003676

     bond:      1.929496660
    angle:      7.568005261
 dihedral:     13.037007379
    enb14:      4.898567811
    eel14:    151.368502975
      enb:     -2.797358978
      eel:    -89.231195835
      egb:    -75.210190520
    econs:      0.000000000
    esurf:      0.000000000
    Total:     11.562834753
     frms:      0.000367642
====== rms.dat  ======================================================
#Frame      all_heavy
       1       0.2898
