====== tleap.out =====================================================
-I: Adding /home/case/amber24/dat/leap/prep to search path.
-I: Adding /home/case/amber24/dat/leap/lib to search path.
-I: Adding /home/case/amber24/dat/leap/parm to search path.
-I: Adding /home/case/amber24/dat/leap/cmd to search path.
-f: Source leap.in.

Welcome to LEaP!
(no leaprc in search path)
Sourcing: ./leap.in
Using Bondi radii
----- Source: /home/case/amber24/dat/leap/cmd/leaprc.gaff2
----- Source of /home/case/amber24/dat/leap/cmd/leaprc.gaff2 done
Log file: ./leap.log
Loading parameters: /home/case/amber24/dat/leap/parm/gaff2.dat
Reading title:
AMBER General Force Field for organic molecules (Version 2.2.20, March 2021)
Loading parameters: ./V30.frcmod
Reading force field modification type file (frcmod)
Reading title:
Remark line goes here
Loading Mol2 file: ./V30.mol2
Reading MOLECULE named V30
Checking Unit.
Building topology.
"order_residues" off: keep input residue order.
Building atom parameters.
Building bond parameters.
Building angle parameters.
Building proper torsion parameters.
Building improper torsion parameters.
 total 9 improper torsions applied
Building H-Bond parameters.
Incorporating Non-Bonded adjustments.
Not Marking per-residue atom chain types.
Marking per-residue atom chain types.
  (Residues lacking connect0/connect1 - 
   these don't have chain types marked:

	res	total affected

	V30	1
  )
 (no restraints)
	Quit

Exiting LEaP: Errors = 0; Warnings = 0; Notes = 0.
====== min.o =========================================================
Reading parm file (V30.parm7)
title:
V30                                                                             
no velocities were found
no velocities were found
	mm_options:  ntpr=5
	mm_options:  gb=1
	mm_options:  kappa=0.10395
	mm_options:  rgbmax=99.
	mm_options:  cut=99.0
	mm_options:  wcons=0.
     bond:      2.621943550
    angle:      7.343505467
 dihedral:     10.074815704
    enb14:      8.952082682
    eel14:    -64.016688517
      enb:     -2.212154888
      eel:    -52.423252060
      egb:    -27.641115886
    econs:      0.000000000
    esurf:      0.000000000
    Total:   -117.300863949
     frms:     10.981643731
Starting TNCG minimisation
 MIN: Iter =    0  NFunc =     1  E =    -117.30086  RMSG = 1.0981644e+01
 MIN: Iter =    1  NFunc =     7  E =    -125.26005  RMSG = 2.9876732e+00
 MIN: Iter =    2  NFunc =    14  E =    -127.69729  RMSG = 1.4116721e+00
 MIN: Iter =    3  NFunc =    25  E =    -128.55399  RMSG = 7.9899086e-01
 MIN: Iter =    4  NFunc =    48  E =    -128.74515  RMSG = 6.6918245e-01
 MIN: Iter =    5  NFunc =    58  E =    -128.85905  RMSG = 6.7920852e-01
 MIN: Iter =    6  NFunc =    64  E =    -128.88726  RMSG = 1.4594814e-01
 MIN: Iter =    7  NFunc =    81  E =    -128.92112  RMSG = 5.9810548e-01
 MIN: Iter =    8  NFunc =    87  E =    -128.94379  RMSG = 1.0049947e-01
 MIN: Iter =    9  NFunc =   106  E =    -128.96156  RMSG = 1.4104310e-01
 MIN: Iter =   10  NFunc =   118  E =    -128.96820  RMSG = 5.5576419e-02
 MIN: Iter =   11  NFunc =   143  E =    -128.97496  RMSG = 7.3037704e-02
 MIN: Iter =   12  NFunc =   165  E =    -128.97833  RMSG = 3.5554558e-02
 MIN: Iter =   13  NFunc =   217  E =    -128.98574  RMSG = 1.1251109e-01
 MIN: Iter =   14  NFunc =   224  E =    -128.98905  RMSG = 5.9884745e-02
 MIN: Iter =   15  NFunc =   247  E =    -128.99425  RMSG = 1.1196601e-01
 MIN: Iter =   16  NFunc =   255  E =    -128.99758  RMSG = 5.8074740e-02
 MIN: Iter =   17  NFunc =   268  E =    -129.00010  RMSG = 1.2538046e-01
 MIN: Iter =   18  NFunc =   274  E =    -129.00169  RMSG = 4.5256569e-02
 MIN: Iter =   19  NFunc =   283  E =    -129.00257  RMSG = 6.4254255e-02
 MIN: Iter =   20  NFunc =   291  E =    -129.00304  RMSG = 1.8289108e-02
 MIN: Iter =   21  NFunc =   319  E =    -129.00373  RMSG = 1.3273934e-02
 MIN: Iter =   22  NFunc =   345  E =    -129.00393  RMSG = 6.2473516e-03
 MIN: Iter =   23  NFunc =   363  E =    -129.00397  RMSG = 3.3028975e-03
 MIN: Iter =   24  NFunc =   392  E =    -129.00399  RMSG = 2.0968419e-03
 MIN: Iter =   25  NFunc =   441  E =    -129.00401  RMSG = 1.2085486e-03
 MIN: Iter =   26  NFunc =   468  E =    -129.00401  RMSG = 1.0987722e-03
 MIN: Iter =   27  NFunc =   502  E =    -129.00401  RMSG = 3.6110455e-04
----------------------------------------------------------------
 END:          :-)  E =    -129.00401  RMSG =   0.0003611

     bond:      0.977983782
    angle:      3.719597864
 dihedral:      9.680608769
    enb14:      5.350821711
    eel14:    -67.748904221
      enb:     -2.316492954
      eel:    -48.943445449
      egb:    -29.724181235
    econs:      0.000000000
    esurf:      0.000000000
    Total:   -129.004011733
     frms:      0.000361105
====== rms.dat  ======================================================
#Frame      all_heavy
       1       0.2059
