====== tleap.out =====================================================
-I: Adding /home/case/amber24/dat/leap/prep to search path.
-I: Adding /home/case/amber24/dat/leap/lib to search path.
-I: Adding /home/case/amber24/dat/leap/parm to search path.
-I: Adding /home/case/amber24/dat/leap/cmd to search path.
-f: Source leap.in.

Welcome to LEaP!
(no leaprc in search path)
Sourcing: ./leap.in
Using Bondi radii
----- Source: /home/case/amber24/dat/leap/cmd/leaprc.gaff2
----- Source of /home/case/amber24/dat/leap/cmd/leaprc.gaff2 done
Log file: ./leap.log
Loading parameters: /home/case/amber24/dat/leap/parm/gaff2.dat
Reading title:
AMBER General Force Field for organic molecules (Version 2.2.20, March 2021)
Loading parameters: ./V3B.frcmod
Reading force field modification type file (frcmod)
Reading title:
Remark line goes here
Loading Mol2 file: ./V3B.mol2
Reading MOLECULE named V3B
Checking Unit.
Building topology.
"order_residues" off: keep input residue order.
Building atom parameters.
Building bond parameters.
Building angle parameters.
Building proper torsion parameters.
Building improper torsion parameters.
 total 12 improper torsions applied
Building H-Bond parameters.
Incorporating Non-Bonded adjustments.
Not Marking per-residue atom chain types.
Marking per-residue atom chain types.
  (Residues lacking connect0/connect1 - 
   these don't have chain types marked:

	res	total affected

	V3B	1
  )
 (no restraints)
	Quit

Exiting LEaP: Errors = 0; Warnings = 0; Notes = 0.
====== min.o =========================================================
Reading parm file (V3B.parm7)
title:
V3B                                                                             
no velocities were found
no velocities were found
	mm_options:  ntpr=5
	mm_options:  gb=1
	mm_options:  kappa=0.10395
	mm_options:  rgbmax=99.
	mm_options:  cut=99.0
	mm_options:  wcons=0.
     bond:      2.467639595
    angle:      3.533727389
 dihedral:     30.818940277
    enb14:     16.062136224
    eel14:     62.715431453
      enb:     -0.802526231
      eel:    -82.429882238
      egb:    -27.008965859
    econs:      0.000000000
    esurf:      0.000000000
    Total:      5.356500611
     frms:      8.338047976
Starting TNCG minimisation
 MIN: Iter =    0  NFunc =     1  E =       5.35650  RMSG = 8.3380480e+00
 MIN: Iter =    1  NFunc =     9  E =      -4.41488  RMSG = 2.6653526e+00
 MIN: Iter =    2  NFunc =    16  E =      -6.71935  RMSG = 1.3500888e+00
 MIN: Iter =    3  NFunc =    48  E =      -7.71787  RMSG = 1.3780678e+00
 MIN: Iter =    4  NFunc =    57  E =      -8.35734  RMSG = 1.2771542e+00
 MIN: Iter =    5  NFunc =    63  E =      -8.62622  RMSG = 4.8278643e-01
 MIN: Iter =    6  NFunc =    69  E =      -8.74196  RMSG = 3.5657018e-01
 MIN: Iter =    7  NFunc =    99  E =      -9.05101  RMSG = 7.0497033e-01
 MIN: Iter =    8  NFunc =   105  E =      -9.11377  RMSG = 2.8327655e-01
 MIN: Iter =    9  NFunc =   122  E =      -9.17815  RMSG = 2.4042280e-01
 MIN: Iter =   10  NFunc =   130  E =      -9.18768  RMSG = 9.8130055e-02
 MIN: Iter =   11  NFunc =   157  E =      -9.20095  RMSG = 7.0116717e-02
 MIN: Iter =   12  NFunc =   176  E =      -9.20397  RMSG = 2.6850077e-02
 MIN: Iter =   13  NFunc =   214  E =      -9.20535  RMSG = 1.5737003e-02
 MIN: Iter =   14  NFunc =   226  E =      -9.20551  RMSG = 9.0366094e-03
 MIN: Iter =   15  NFunc =   260  E =      -9.20566  RMSG = 4.7576863e-03
 MIN: Iter =   16  NFunc =   283  E =      -9.20570  RMSG = 2.9506297e-03
 MIN: Iter =   17  NFunc =   334  E =      -9.20575  RMSG = 3.1309062e-03
 MIN: Iter =   18  NFunc =   347  E =      -9.20575  RMSG = 1.1120413e-03
 MIN: Iter =   19  NFunc =   361  E =      -9.20576  RMSG = 6.7028412e-04
 MIN: Iter =   20  NFunc =   388  E =      -9.20576  RMSG = 2.6449802e-04
----------------------------------------------------------------
 END:          :-)  E =      -9.20576  RMSG =   0.0002645

     bond:      1.794025347
    angle:      3.607255816
 dihedral:     24.226936958
    enb14:      9.474731398
    eel14:     61.413695971
      enb:     -1.198772526
      eel:    -80.097518735
      egb:    -28.426110060
    econs:      0.000000000
    esurf:      0.000000000
    Total:     -9.205755832
     frms:      0.000264498
====== rms.dat  ======================================================
#Frame      all_heavy
       1       0.2625
