====== tleap.out =====================================================
-I: Adding /home/case/amber24/dat/leap/prep to search path.
-I: Adding /home/case/amber24/dat/leap/lib to search path.
-I: Adding /home/case/amber24/dat/leap/parm to search path.
-I: Adding /home/case/amber24/dat/leap/cmd to search path.
-f: Source leap.in.

Welcome to LEaP!
(no leaprc in search path)
Sourcing: ./leap.in
Using Bondi radii
----- Source: /home/case/amber24/dat/leap/cmd/leaprc.gaff2
----- Source of /home/case/amber24/dat/leap/cmd/leaprc.gaff2 done
Log file: ./leap.log
Loading parameters: /home/case/amber24/dat/leap/parm/gaff2.dat
Reading title:
AMBER General Force Field for organic molecules (Version 2.2.20, March 2021)
Loading parameters: ./V88.frcmod
Reading force field modification type file (frcmod)
Reading title:
Remark line goes here
Loading Mol2 file: ./V88.mol2
Reading MOLECULE named V88
Checking Unit.
Building topology.
"order_residues" off: keep input residue order.
Building atom parameters.
Building bond parameters.
Building angle parameters.
Building proper torsion parameters.
Building improper torsion parameters.
 total 16 improper torsions applied
Building H-Bond parameters.
Incorporating Non-Bonded adjustments.
Not Marking per-residue atom chain types.
Marking per-residue atom chain types.
  (Residues lacking connect0/connect1 - 
   these don't have chain types marked:

	res	total affected

	V88	1
  )
 (no restraints)
	Quit

Exiting LEaP: Errors = 0; Warnings = 0; Notes = 0.
====== min.o =========================================================
Reading parm file (V88.parm7)
title:
V88                                                                             
no velocities were found
no velocities were found
	mm_options:  ntpr=5
	mm_options:  gb=1
	mm_options:  kappa=0.10395
	mm_options:  rgbmax=99.
	mm_options:  cut=99.0
	mm_options:  wcons=0.
     bond:      5.611675869
    angle:     21.296183225
 dihedral:     12.819241598
    enb14:     29.516397529
    eel14:   -199.070427433
      enb:     -8.956720223
      eel:     92.550336497
      egb:    -25.439771827
    econs:      0.000000000
    esurf:      0.000000000
    Total:    -71.673084766
     frms:     10.707901975
Starting TNCG minimisation
 MIN: Iter =    0  NFunc =     1  E =     -71.67308  RMSG = 1.0707902e+01
 MIN: Iter =    1  NFunc =     7  E =     -88.05019  RMSG = 2.7351000e+00
 MIN: Iter =    2  NFunc =    14  E =     -91.80163  RMSG = 1.1813491e+00
 MIN: Iter =    3  NFunc =    31  E =     -93.53937  RMSG = 7.6929135e-01
 MIN: Iter =    4  NFunc =    49  E =     -94.09301  RMSG = 4.4843015e-01
 MIN: Iter =    5  NFunc =    72  E =     -94.39657  RMSG = 3.9414373e-01
 MIN: Iter =    6  NFunc =    86  E =     -94.52604  RMSG = 2.1035432e-01
 MIN: Iter =    7  NFunc =   115  E =     -94.65741  RMSG = 3.6980276e-01
 MIN: Iter =    8  NFunc =   121  E =     -94.69248  RMSG = 1.2451958e-01
 MIN: Iter =    9  NFunc =   145  E =     -94.73867  RMSG = 1.6950258e-01
 MIN: Iter =   10  NFunc =   188  E =     -94.78968  RMSG = 1.4648783e-01
 MIN: Iter =   11  NFunc =   240  E =     -94.83305  RMSG = 2.6157698e-01
 MIN: Iter =   12  NFunc =   246  E =     -94.86217  RMSG = 1.3451810e-01
 MIN: Iter =   13  NFunc =   258  E =     -94.88632  RMSG = 1.2538071e-01
 MIN: Iter =   14  NFunc =   266  E =     -94.90570  RMSG = 1.4521364e-01
 MIN: Iter =   15  NFunc =   272  E =     -94.91148  RMSG = 5.3027148e-02
 MIN: Iter =   16  NFunc =   323  E =     -94.93415  RMSG = 1.6625528e-01
 MIN: Iter =   17  NFunc =   332  E =     -94.94242  RMSG = 4.9370370e-02
 MIN: Iter =   18  NFunc =   374  E =     -94.95508  RMSG = 8.9465056e-02
 MIN: Iter =   19  NFunc =   380  E =     -94.95721  RMSG = 2.8140473e-02
 MIN: Iter =   20  NFunc =   431  E =     -94.96049  RMSG = 2.2404075e-02
 MIN: Iter =   21  NFunc =   475  E =     -94.96386  RMSG = 2.0450958e-02
 MIN: Iter =   22  NFunc =   498  E =     -94.96437  RMSG = 6.3977560e-03
 MIN: Iter =   23  NFunc =   549  E =     -94.96481  RMSG = 6.8422344e-03
 MIN: Iter =   24  NFunc =   600  E =     -94.96528  RMSG = 7.0736815e-03
 MIN: Iter =   25  NFunc =   651  E =     -94.96570  RMSG = 6.2672217e-03
 MIN: Iter =   26  NFunc =   687  E =     -94.96592  RMSG = 4.6724547e-03
 MIN: Iter =   27  NFunc =   733  E =     -94.96609  RMSG = 3.3306651e-03
 MIN: Iter =   28  NFunc =   784  E =     -94.96617  RMSG = 3.2798938e-03
 MIN: Iter =   29  NFunc =   808  E =     -94.96620  RMSG = 1.6818623e-03
 MIN: Iter =   30  NFunc =   859  E =     -94.96623  RMSG = 1.3368721e-03
 MIN: Iter =   31  NFunc =   897  E =     -94.96624  RMSG = 7.7414591e-04
 MIN: Iter =   32  NFunc =   948  E =     -94.96624  RMSG = 7.9881547e-04
 MIN: Iter =   33  NFunc =   966  E =     -94.96625  RMSG = 5.7824476e-04
 MIN: Iter =   34  NFunc =  1017  E =     -94.96625  RMSG = 6.1985560e-04
 MIN: Iter =   35  NFunc =  1068  E =     -94.96625  RMSG = 5.9741776e-04
 MIN: Iter =   36  NFunc =  1082  E =     -94.96625  RMSG = 3.4442191e-04
----------------------------------------------------------------
 END:          :-)  E =     -94.96625  RMSG =   0.0003444

     bond:      3.654867308
    angle:     15.493064185
 dihedral:     11.381047909
    enb14:     19.627202192
    eel14:   -199.511980503
      enb:    -10.140696663
      eel:     92.564270380
      egb:    -28.034027864
    econs:      0.000000000
    esurf:      0.000000000
    Total:    -94.966253056
     frms:      0.000344422
====== rms.dat  ======================================================
#Frame      all_heavy
       1       0.2826
