====== tleap.out =====================================================
-I: Adding /home/case/amber24/dat/leap/prep to search path.
-I: Adding /home/case/amber24/dat/leap/lib to search path.
-I: Adding /home/case/amber24/dat/leap/parm to search path.
-I: Adding /home/case/amber24/dat/leap/cmd to search path.
-f: Source leap.in.

Welcome to LEaP!
(no leaprc in search path)
Sourcing: ./leap.in
Using Bondi radii
----- Source: /home/case/amber24/dat/leap/cmd/leaprc.gaff2
----- Source of /home/case/amber24/dat/leap/cmd/leaprc.gaff2 done
Log file: ./leap.log
Loading parameters: /home/case/amber24/dat/leap/parm/gaff2.dat
Reading title:
AMBER General Force Field for organic molecules (Version 2.2.20, March 2021)
Loading parameters: ./V9Y.frcmod
Reading force field modification type file (frcmod)
Reading title:
Remark line goes here
Loading Mol2 file: ./V9Y.mol2
Reading MOLECULE named V9Y
Checking Unit.
Building topology.
"order_residues" off: keep input residue order.
Building atom parameters.
Building bond parameters.
Building angle parameters.
Building proper torsion parameters.
Building improper torsion parameters.
 total 8 improper torsions applied
Building H-Bond parameters.
Incorporating Non-Bonded adjustments.
Not Marking per-residue atom chain types.
Marking per-residue atom chain types.
  (Residues lacking connect0/connect1 - 
   these don't have chain types marked:

	res	total affected

	V9Y	1
  )
 (no restraints)
	Quit

Exiting LEaP: Errors = 0; Warnings = 0; Notes = 0.
====== min.o =========================================================
Reading parm file (V9Y.parm7)
title:
V9Y                                                                             
no velocities were found
no velocities were found
	mm_options:  ntpr=5
	mm_options:  gb=1
	mm_options:  kappa=0.10395
	mm_options:  rgbmax=99.
	mm_options:  cut=99.0
	mm_options:  wcons=0.
     bond:      1.938931693
    angle:     12.716875828
 dihedral:     19.989381959
    enb14:      3.182040187
    eel14:    167.123694103
      enb:     -1.189006967
      eel:    -92.736381981
      egb:    -31.469984533
    econs:      0.000000000
    esurf:      0.000000000
    Total:     79.555550289
     frms:     15.781201285
Starting TNCG minimisation
 MIN: Iter =    0  NFunc =     1  E =      79.55555  RMSG = 1.5781201e+01
 MIN: Iter =    1  NFunc =     7  E =      70.01638  RMSG = 4.5280803e+00
 MIN: Iter =    2  NFunc =    20  E =      68.57099  RMSG = 4.1850863e+00
 MIN: Iter =    3  NFunc =    26  E =      67.53591  RMSG = 2.7261228e+00
 MIN: Iter =    4  NFunc =    32  E =      67.28287  RMSG = 8.2710390e-01
 MIN: Iter =    5  NFunc =    47  E =      67.13941  RMSG = 8.9753089e-01
 MIN: Iter =    6  NFunc =    55  E =      67.09802  RMSG = 2.5955314e-01
 MIN: Iter =    7  NFunc =    61  E =      67.08448  RMSG = 1.9810414e-01
 MIN: Iter =    8  NFunc =    72  E =      67.06815  RMSG = 1.6936169e-01
 MIN: Iter =    9  NFunc =    79  E =      67.06660  RMSG = 3.6806704e-02
 MIN: Iter =   10  NFunc =    92  E =      67.06612  RMSG = 1.5198368e-02
 MIN: Iter =   11  NFunc =    98  E =      67.06601  RMSG = 1.5811349e-02
 MIN: Iter =   12  NFunc =   105  E =      67.06598  RMSG = 8.8824328e-03
 MIN: Iter =   13  NFunc =   112  E =      67.06597  RMSG = 5.1037961e-03
 MIN: Iter =   14  NFunc =   130  E =      67.06596  RMSG = 2.0796931e-03
 MIN: Iter =   15  NFunc =   136  E =      67.06595  RMSG = 1.4032629e-03
 MIN: Iter =   16  NFunc =   151  E =      67.06595  RMSG = 7.0791418e-04
 MIN: Iter =   17  NFunc =   157  E =      67.06595  RMSG = 2.3286997e-04
----------------------------------------------------------------
 END:          :-)  E =      67.06595  RMSG =   0.0002329

     bond:      1.832508434
    angle:     10.240441274
 dihedral:     17.012940539
    enb14:      1.566871402
    eel14:    161.253379025
      enb:     -1.057764423
      eel:    -87.008233843
      egb:    -36.774188625
    econs:      0.000000000
    esurf:      0.000000000
    Total:     67.065953782
     frms:      0.000232870
====== rms.dat  ======================================================
#Frame      all_heavy
       1       0.1179
