====== tleap.out =====================================================
-I: Adding /home/case/amber24/dat/leap/prep to search path.
-I: Adding /home/case/amber24/dat/leap/lib to search path.
-I: Adding /home/case/amber24/dat/leap/parm to search path.
-I: Adding /home/case/amber24/dat/leap/cmd to search path.
-f: Source leap.in.

Welcome to LEaP!
(no leaprc in search path)
Sourcing: ./leap.in
Using Bondi radii
----- Source: /home/case/amber24/dat/leap/cmd/leaprc.gaff2
----- Source of /home/case/amber24/dat/leap/cmd/leaprc.gaff2 done
Log file: ./leap.log
Loading parameters: /home/case/amber24/dat/leap/parm/gaff2.dat
Reading title:
AMBER General Force Field for organic molecules (Version 2.2.20, March 2021)
Loading parameters: ./VA9.frcmod
Reading force field modification type file (frcmod)
Reading title:
Remark line goes here
Loading Mol2 file: ./VA9.mol2
Reading MOLECULE named VA9
Checking Unit.

/home/case/amber24/bin/teLeap: Warning!
The unperturbed charge of the unit (-2.000000) is not zero.

/home/case/amber24/bin/teLeap: Note.
Ignoring the warning from Unit Checking.

Building topology.
"order_residues" off: keep input residue order.
Building atom parameters.
Building bond parameters.
Building angle parameters.
Building proper torsion parameters.
Building improper torsion parameters.
 total 24 improper torsions applied
Building H-Bond parameters.
Incorporating Non-Bonded adjustments.
Not Marking per-residue atom chain types.
Marking per-residue atom chain types.
  (Residues lacking connect0/connect1 - 
   these don't have chain types marked:

	res	total affected

	VA9	1
  )
 (no restraints)
	Quit

Exiting LEaP: Errors = 0; Warnings = 1; Notes = 1.
====== min.o =========================================================
Reading parm file (VA9.parm7)
title:
VA9                                                                             
no velocities were found
no velocities were found
	mm_options:  ntpr=5
	mm_options:  gb=1
	mm_options:  kappa=0.10395
	mm_options:  rgbmax=99.
	mm_options:  cut=99.0
	mm_options:  wcons=0.
     bond:      6.292340684
    angle:     10.621368196
 dihedral:     47.753938108
    enb14:     20.463107639
    eel14:     31.500513209
      enb:      2.100800756
      eel:    -42.757450017
      egb:   -219.189439554
    econs:      0.000000000
    esurf:      0.000000000
    Total:   -143.214820979
     frms:     11.969900426
Starting TNCG minimisation
 MIN: Iter =    0  NFunc =     1  E =    -143.21482  RMSG = 1.1969900e+01
 MIN: Iter =    1  NFunc =     7  E =    -158.48346  RMSG = 2.8692786e+00
 MIN: Iter =    2  NFunc =    15  E =    -161.06731  RMSG = 1.2308537e+00
 MIN: Iter =    3  NFunc =    28  E =    -162.22271  RMSG = 6.2326516e-01
 MIN: Iter =    4  NFunc =    48  E =    -162.72623  RMSG = 6.1344694e-01
 MIN: Iter =    5  NFunc =    61  E =    -162.83538  RMSG = 2.5754807e-01
 MIN: Iter =    6  NFunc =    85  E =    -162.90680  RMSG = 1.6318482e-01
 MIN: Iter =    7  NFunc =   136  E =    -162.97789  RMSG = 4.8086960e-01
 MIN: Iter =    8  NFunc =   187  E =    -163.10553  RMSG = 7.3475010e-01
 MIN: Iter =    9  NFunc =   195  E =    -163.24672  RMSG = 5.0414026e-01
 MIN: Iter =   10  NFunc =   202  E =    -163.28959  RMSG = 1.9487565e-01
 MIN: Iter =   11  NFunc =   227  E =    -163.34372  RMSG = 1.9883746e-01
 MIN: Iter =   12  NFunc =   242  E =    -163.36020  RMSG = 7.8774166e-02
 MIN: Iter =   13  NFunc =   258  E =    -163.36866  RMSG = 5.6936869e-02
 MIN: Iter =   14  NFunc =   271  E =    -163.37083  RMSG = 3.1488960e-02
 MIN: Iter =   15  NFunc =   295  E =    -163.37336  RMSG = 2.3799312e-02
 MIN: Iter =   16  NFunc =   346  E =    -163.37629  RMSG = 2.0551996e-02
 MIN: Iter =   17  NFunc =   365  E =    -163.37669  RMSG = 9.1994339e-03
 MIN: Iter =   18  NFunc =   385  E =    -163.37681  RMSG = 4.8393783e-03
 MIN: Iter =   19  NFunc =   410  E =    -163.37685  RMSG = 2.8604408e-03
 MIN: Iter =   20  NFunc =   434  E =    -163.37687  RMSG = 1.8661215e-03
 MIN: Iter =   21  NFunc =   485  E =    -163.37689  RMSG = 1.4207340e-03
 MIN: Iter =   22  NFunc =   502  E =    -163.37689  RMSG = 8.6667192e-04
 MIN: Iter =   23  NFunc =   532  E =    -163.37689  RMSG = 4.6347593e-04
----------------------------------------------------------------
 END:          :-)  E =    -163.37689  RMSG =   0.0004635

     bond:      3.826028721
    angle:      9.068745322
 dihedral:     45.833771705
    enb14:     14.662542233
    eel14:     31.321767826
      enb:      0.413007365
      eel:    -50.779441039
      egb:   -217.723316997
    econs:      0.000000000
    esurf:      0.000000000
    Total:   -163.376894863
     frms:      0.000463476
====== rms.dat  ======================================================
#Frame      all_heavy
       1       0.3261
