====== tleap.out =====================================================
-I: Adding /home/case/amber24/dat/leap/prep to search path.
-I: Adding /home/case/amber24/dat/leap/lib to search path.
-I: Adding /home/case/amber24/dat/leap/parm to search path.
-I: Adding /home/case/amber24/dat/leap/cmd to search path.
-f: Source leap.in.

Welcome to LEaP!
(no leaprc in search path)
Sourcing: ./leap.in
Using Bondi radii
----- Source: /home/case/amber24/dat/leap/cmd/leaprc.gaff2
----- Source of /home/case/amber24/dat/leap/cmd/leaprc.gaff2 done
Log file: ./leap.log
Loading parameters: /home/case/amber24/dat/leap/parm/gaff2.dat
Reading title:
AMBER General Force Field for organic molecules (Version 2.2.20, March 2021)
Loading parameters: ./VCJ.frcmod
Reading force field modification type file (frcmod)
Reading title:
Remark line goes here
Loading Mol2 file: ./VCJ.mol2
Reading MOLECULE named VCJ
Checking Unit.

/home/case/amber24/bin/teLeap: Warning!
The unperturbed charge of the unit (0.998000) is not zero.

/home/case/amber24/bin/teLeap: Note.
Ignoring the warning from Unit Checking.

Building topology.
"order_residues" off: keep input residue order.
Building atom parameters.
Building bond parameters.
Building angle parameters.
Building proper torsion parameters.
Building improper torsion parameters.
 total 24 improper torsions applied
Building H-Bond parameters.
Incorporating Non-Bonded adjustments.
Not Marking per-residue atom chain types.
Marking per-residue atom chain types.
  (Residues lacking connect0/connect1 - 
   these don't have chain types marked:

	res	total affected

	VCJ	1
  )
 (no restraints)
	Quit

Exiting LEaP: Errors = 0; Warnings = 1; Notes = 1.
====== min.o =========================================================
Reading parm file (VCJ.parm7)
title:
VCJ                                                                             
no velocities were found
no velocities were found
	mm_options:  ntpr=5
	mm_options:  gb=1
	mm_options:  kappa=0.10395
	mm_options:  rgbmax=99.
	mm_options:  cut=99.0
	mm_options:  wcons=0.
     bond:      2.518155731
    angle:      1.798512223
 dihedral:     35.349948718
    enb14:     13.300510894
    eel14:    -64.506583466
      enb:     -6.055619831
      eel:     76.987356650
      egb:    -48.501391869
    econs:      0.000000000
    esurf:      0.000000000
    Total:     10.890889048
     frms:      5.138424294
Starting TNCG minimisation
 MIN: Iter =    0  NFunc =     1  E =      10.89089  RMSG = 5.1384243e+00
 MIN: Iter =    1  NFunc =     8  E =       4.70637  RMSG = 1.5105436e+00
 MIN: Iter =    2  NFunc =    14  E =       3.69411  RMSG = 5.0022750e-01
 MIN: Iter =    3  NFunc =    21  E =       3.64179  RMSG = 1.9706753e-01
 MIN: Iter =    4  NFunc =    29  E =       3.61116  RMSG = 1.1797256e-01
 MIN: Iter =    5  NFunc =    47  E =       3.53637  RMSG = 1.4662798e-01
 MIN: Iter =    6  NFunc =    58  E =       3.52886  RMSG = 5.4621560e-02
 MIN: Iter =    7  NFunc =    83  E =       3.50422  RMSG = 1.4005903e-01
 MIN: Iter =    8  NFunc =    89  E =       3.50085  RMSG = 5.3713908e-02
 MIN: Iter =    9  NFunc =   108  E =       3.49691  RMSG = 2.7401805e-02
 MIN: Iter =   10  NFunc =   115  E =       3.49621  RMSG = 2.1600601e-02
 MIN: Iter =   11  NFunc =   123  E =       3.49596  RMSG = 1.0689156e-02
 MIN: Iter =   12  NFunc =   131  E =       3.49590  RMSG = 5.9743838e-03
 MIN: Iter =   13  NFunc =   157  E =       3.49576  RMSG = 5.3107541e-03
 MIN: Iter =   14  NFunc =   165  E =       3.49575  RMSG = 2.9576232e-03
 MIN: Iter =   15  NFunc =   183  E =       3.49570  RMSG = 3.9172017e-03
 MIN: Iter =   16  NFunc =   192  E =       3.49569  RMSG = 1.8662933e-03
 MIN: Iter =   17  NFunc =   217  E =       3.49567  RMSG = 1.7206290e-03
 MIN: Iter =   18  NFunc =   224  E =       3.49567  RMSG = 9.3333981e-04
 MIN: Iter =   19  NFunc =   250  E =       3.49566  RMSG = 4.5908800e-04
----------------------------------------------------------------
 END:          :-)  E =       3.49566  RMSG =   0.0004591

     bond:      0.975385032
    angle:      0.714666072
 dihedral:     35.151473206
    enb14:      9.953024213
    eel14:    -63.514844307
      enb:     -6.364325223
      eel:     75.989632617
      egb:    -49.409347292
    econs:      0.000000000
    esurf:      0.000000000
    Total:      3.495664318
     frms:      0.000459088
====== rms.dat  ======================================================
#Frame      all_heavy
       1       0.1056
