====== tleap.out =====================================================
-I: Adding /home/case/amber24/dat/leap/prep to search path.
-I: Adding /home/case/amber24/dat/leap/lib to search path.
-I: Adding /home/case/amber24/dat/leap/parm to search path.
-I: Adding /home/case/amber24/dat/leap/cmd to search path.
-f: Source leap.in.

Welcome to LEaP!
(no leaprc in search path)
Sourcing: ./leap.in
Using Bondi radii
----- Source: /home/case/amber24/dat/leap/cmd/leaprc.gaff2
----- Source of /home/case/amber24/dat/leap/cmd/leaprc.gaff2 done
Log file: ./leap.log
Loading parameters: /home/case/amber24/dat/leap/parm/gaff2.dat
Reading title:
AMBER General Force Field for organic molecules (Version 2.2.20, March 2021)
Loading parameters: ./VDH.frcmod
Reading force field modification type file (frcmod)
Reading title:
Remark line goes here
Loading Mol2 file: ./VDH.mol2
Reading MOLECULE named VDH
Checking Unit.
Building topology.
"order_residues" off: keep input residue order.
Building atom parameters.
Building bond parameters.
Building angle parameters.
Building proper torsion parameters.
Building improper torsion parameters.
 total 19 improper torsions applied
Building H-Bond parameters.
Incorporating Non-Bonded adjustments.
Not Marking per-residue atom chain types.
Marking per-residue atom chain types.
  (Residues lacking connect0/connect1 - 
   these don't have chain types marked:

	res	total affected

	VDH	1
  )
 (no restraints)
	Quit

Exiting LEaP: Errors = 0; Warnings = 0; Notes = 0.
====== min.o =========================================================
Reading parm file (VDH.parm7)
title:
VDH                                                                             
no velocities were found
no velocities were found
	mm_options:  ntpr=5
	mm_options:  gb=1
	mm_options:  kappa=0.10395
	mm_options:  rgbmax=99.
	mm_options:  cut=99.0
	mm_options:  wcons=0.
     bond:      3.853792391
    angle:     36.170852377
 dihedral:     62.124831066
    enb14:     15.044854707
    eel14:   -330.615183400
      enb:     -0.752312498
      eel:    148.015819518
      egb:    -32.865299608
    econs:      0.000000000
    esurf:      0.000000000
    Total:    -99.022645446
     frms:     16.132947984
Starting TNCG minimisation
 MIN: Iter =    0  NFunc =     1  E =     -99.02265  RMSG = 1.6132948e+01
 MIN: Iter =    1  NFunc =     7  E =    -120.55637  RMSG = 3.7645004e+00
 MIN: Iter =    2  NFunc =    32  E =    -123.91852  RMSG = 2.9161029e+00
 MIN: Iter =    3  NFunc =    44  E =    -126.63972  RMSG = 2.1132441e+00
 MIN: Iter =    4  NFunc =    50  E =    -128.43137  RMSG = 1.1908652e+00
 MIN: Iter =    5  NFunc =    57  E =    -128.93631  RMSG = 6.9674030e-01
 MIN: Iter =    6  NFunc =    83  E =    -129.47325  RMSG = 1.2280216e+00
 MIN: Iter =    7  NFunc =    89  E =    -129.79315  RMSG = 5.0667434e-01
 MIN: Iter =    8  NFunc =   102  E =    -130.09875  RMSG = 9.7283214e-01
 MIN: Iter =    9  NFunc =   110  E =    -130.33599  RMSG = 4.8824974e-01
 MIN: Iter =   10  NFunc =   123  E =    -130.55272  RMSG = 5.6656474e-01
 MIN: Iter =   11  NFunc =   131  E =    -130.66431  RMSG = 2.7457745e-01
 MIN: Iter =   12  NFunc =   165  E =    -130.92200  RMSG = 3.5785823e-01
 MIN: Iter =   13  NFunc =   185  E =    -131.09993  RMSG = 3.8756036e-01
 MIN: Iter =   14  NFunc =   195  E =    -131.18778  RMSG = 2.4155047e-01
 MIN: Iter =   15  NFunc =   202  E =    -131.21957  RMSG = 1.5625507e-01
 MIN: Iter =   16  NFunc =   253  E =    -131.29208  RMSG = 2.5660109e-01
 MIN: Iter =   17  NFunc =   272  E =    -131.34857  RMSG = 2.5768707e-01
 MIN: Iter =   18  NFunc =   284  E =    -131.38168  RMSG = 1.3116932e-01
 MIN: Iter =   19  NFunc =   291  E =    -131.39368  RMSG = 1.0810177e-01
 MIN: Iter =   20  NFunc =   301  E =    -131.40015  RMSG = 6.0190620e-02
 MIN: Iter =   21  NFunc =   352  E =    -131.41399  RMSG = 1.1620528e-01
 MIN: Iter =   22  NFunc =   374  E =    -131.42378  RMSG = 6.0515217e-02
 MIN: Iter =   23  NFunc =   403  E =    -131.43050  RMSG = 5.3507816e-02
 MIN: Iter =   24  NFunc =   411  E =    -131.43142  RMSG = 2.3078593e-02
 MIN: Iter =   25  NFunc =   428  E =    -131.43213  RMSG = 1.4573317e-02
 MIN: Iter =   26  NFunc =   461  E =    -131.43246  RMSG = 6.3275515e-03
 MIN: Iter =   27  NFunc =   512  E =    -131.43271  RMSG = 1.0994883e-02
 MIN: Iter =   28  NFunc =   563  E =    -131.43290  RMSG = 5.1865172e-03
 MIN: Iter =   29  NFunc =   614  E =    -131.43298  RMSG = 3.7047967e-03
 MIN: Iter =   30  NFunc =   625  E =    -131.43299  RMSG = 1.6052892e-03
 MIN: Iter =   31  NFunc =   675  E =    -131.43300  RMSG = 6.8509616e-04
 MIN: Iter =   32  NFunc =   709  E =    -131.43301  RMSG = 8.9110456e-04
 MIN: Iter =   33  NFunc =   721  E =    -131.43301  RMSG = 5.1787476e-04
 MIN: Iter =   34  NFunc =   739  E =    -131.43301  RMSG = 4.0480348e-04
----------------------------------------------------------------
 END:          :-)  E =    -131.43301  RMSG =   0.0004048

     bond:      2.608621782
    angle:     23.381366442
 dihedral:     49.027671412
    enb14:     11.184777583
    eel14:   -333.401248808
      enb:     -1.784948774
      eel:    150.985362158
      egb:    -33.434609569
    econs:      0.000000000
    esurf:      0.000000000
    Total:   -131.433007774
     frms:      0.000404803
====== rms.dat  ======================================================
#Frame      all_heavy
       1       0.5203
