====== tleap.out =====================================================
-I: Adding /home/case/amber24/dat/leap/prep to search path.
-I: Adding /home/case/amber24/dat/leap/lib to search path.
-I: Adding /home/case/amber24/dat/leap/parm to search path.
-I: Adding /home/case/amber24/dat/leap/cmd to search path.
-f: Source leap.in.

Welcome to LEaP!
(no leaprc in search path)
Sourcing: ./leap.in
Using Bondi radii
----- Source: /home/case/amber24/dat/leap/cmd/leaprc.gaff2
----- Source of /home/case/amber24/dat/leap/cmd/leaprc.gaff2 done
Log file: ./leap.log
Loading parameters: /home/case/amber24/dat/leap/parm/gaff2.dat
Reading title:
AMBER General Force Field for organic molecules (Version 2.2.20, March 2021)
Loading parameters: ./VDK.frcmod
Reading force field modification type file (frcmod)
Reading title:
Remark line goes here
Loading Mol2 file: ./VDK.mol2
Reading MOLECULE named VDK
Checking Unit.
Building topology.
"order_residues" off: keep input residue order.
Building atom parameters.
Building bond parameters.
Building angle parameters.
Building proper torsion parameters.
Building improper torsion parameters.
 total 1 improper torsion applied
Building H-Bond parameters.
Incorporating Non-Bonded adjustments.
Not Marking per-residue atom chain types.
Marking per-residue atom chain types.
  (Residues lacking connect0/connect1 - 
   these don't have chain types marked:

	res	total affected

	VDK	1
  )
 (no restraints)
	Quit

Exiting LEaP: Errors = 0; Warnings = 0; Notes = 0.
====== min.o =========================================================
Reading parm file (VDK.parm7)
title:
VDK                                                                             
no velocities were found
no velocities were found
	mm_options:  ntpr=5
	mm_options:  gb=1
	mm_options:  kappa=0.10395
	mm_options:  rgbmax=99.
	mm_options:  cut=99.0
	mm_options:  wcons=0.
     bond:      1.623063383
    angle:      2.563230275
 dihedral:     71.095555247
    enb14:      4.174145369
    eel14:     23.366973710
      enb:     -1.233964550
      eel:    -58.205807859
      egb:    -60.528036936
    econs:      0.000000000
    esurf:      0.000000000
    Total:    -17.144841361
     frms:      8.001768639
Starting TNCG minimisation
 MIN: Iter =    0  NFunc =     1  E =     -17.14484  RMSG = 8.0017686e+00
 MIN: Iter =    1  NFunc =     7  E =     -21.99304  RMSG = 4.4675267e+00
 MIN: Iter =    2  NFunc =    22  E =     -23.15006  RMSG = 5.3257202e+00
 MIN: Iter =    3  NFunc =    37  E =     -24.90681  RMSG = 5.5260366e+00
 MIN: Iter =    4  NFunc =    43  E =     -26.96629  RMSG = 4.9638477e+00
 MIN: Iter =    5  NFunc =    49  E =     -29.14521  RMSG = 4.6366201e+00
 MIN: Iter =    6  NFunc =    55  E =     -31.23260  RMSG = 4.3928539e+00
 MIN: Iter =    7  NFunc =    61  E =     -33.19048  RMSG = 4.1080969e+00
 MIN: Iter =    8  NFunc =    67  E =     -34.89413  RMSG = 3.1200649e+00
 MIN: Iter =    9  NFunc =    73  E =     -35.73451  RMSG = 1.5847952e+00
 MIN: Iter =   10  NFunc =    79  E =     -36.01822  RMSG = 1.0465299e+00
 MIN: Iter =   11  NFunc =    85  E =     -36.09530  RMSG = 3.6470615e-01
 MIN: Iter =   12  NFunc =    95  E =     -36.14087  RMSG = 2.2198546e-01
 MIN: Iter =   13  NFunc =   103  E =     -36.14681  RMSG = 6.8383300e-02
 MIN: Iter =   14  NFunc =   109  E =     -36.14785  RMSG = 3.3771573e-02
 MIN: Iter =   15  NFunc =   120  E =     -36.14840  RMSG = 1.7100610e-02
 MIN: Iter =   16  NFunc =   129  E =     -36.14850  RMSG = 7.4425414e-03
 MIN: Iter =   17  NFunc =   137  E =     -36.14852  RMSG = 3.4448586e-03
 MIN: Iter =   18  NFunc =   148  E =     -36.14853  RMSG = 1.6985542e-03
 MIN: Iter =   19  NFunc =   156  E =     -36.14853  RMSG = 7.5083151e-04
 MIN: Iter =   20  NFunc =   164  E =     -36.14853  RMSG = 3.7367869e-04
----------------------------------------------------------------
 END:          :-)  E =     -36.14853  RMSG =   0.0003737

     bond:      0.467841432
    angle:      3.381501365
 dihedral:     56.887911970
    enb14:      2.115231146
    eel14:     22.192597577
      enb:     -1.698291089
      eel:    -56.920498910
      egb:    -62.574822249
    econs:      0.000000000
    esurf:      0.000000000
    Total:    -36.148528759
     frms:      0.000373679
====== rms.dat  ======================================================
#Frame      all_heavy
       1       0.6062
