====== tleap.out =====================================================
-I: Adding /home/case/amber24/dat/leap/prep to search path.
-I: Adding /home/case/amber24/dat/leap/lib to search path.
-I: Adding /home/case/amber24/dat/leap/parm to search path.
-I: Adding /home/case/amber24/dat/leap/cmd to search path.
-f: Source leap.in.

Welcome to LEaP!
(no leaprc in search path)
Sourcing: ./leap.in
Using Bondi radii
----- Source: /home/case/amber24/dat/leap/cmd/leaprc.gaff2
----- Source of /home/case/amber24/dat/leap/cmd/leaprc.gaff2 done
Log file: ./leap.log
Loading parameters: /home/case/amber24/dat/leap/parm/gaff2.dat
Reading title:
AMBER General Force Field for organic molecules (Version 2.2.20, March 2021)
Loading parameters: ./VF1.frcmod
Reading force field modification type file (frcmod)
Reading title:
Remark line goes here
Loading Mol2 file: ./VF1.mol2
Reading MOLECULE named VF1
Checking Unit.
Building topology.
"order_residues" off: keep input residue order.
Building atom parameters.
Building bond parameters.
Building angle parameters.
Building proper torsion parameters.
Building improper torsion parameters.
 total 14 improper torsions applied
Building H-Bond parameters.
Incorporating Non-Bonded adjustments.
Not Marking per-residue atom chain types.
Marking per-residue atom chain types.
  (Residues lacking connect0/connect1 - 
   these don't have chain types marked:

	res	total affected

	VF1	1
  )
 (no restraints)
	Quit

Exiting LEaP: Errors = 0; Warnings = 0; Notes = 0.
====== min.o =========================================================
Reading parm file (VF1.parm7)
title:
VF1                                                                             
no velocities were found
no velocities were found
	mm_options:  ntpr=5
	mm_options:  gb=1
	mm_options:  kappa=0.10395
	mm_options:  rgbmax=99.
	mm_options:  cut=99.0
	mm_options:  wcons=0.
     bond:      2.088437418
    angle:     18.709469920
 dihedral:     21.563196930
    enb14:     34.373661930
    eel14:     79.904792342
      enb:     -0.520907775
      eel:    -74.934797626
      egb:    -15.486095896
    econs:      0.000000000
    esurf:      0.000000000
    Total:     65.697757243
     frms:      7.968483902
Starting TNCG minimisation
 MIN: Iter =    0  NFunc =     1  E =      65.69776  RMSG = 7.9684839e+00
 MIN: Iter =    1  NFunc =     7  E =      48.91184  RMSG = 2.5938428e+00
 MIN: Iter =    2  NFunc =    14  E =      45.96767  RMSG = 1.2369550e+00
 MIN: Iter =    3  NFunc =    20  E =      45.37536  RMSG = 5.9647225e-01
 MIN: Iter =    4  NFunc =    33  E =      44.80268  RMSG = 4.4865510e-01
 MIN: Iter =    5  NFunc =    53  E =      44.52113  RMSG = 3.0584707e-01
 MIN: Iter =    6  NFunc =   103  E =      44.32539  RMSG = 2.2774982e-01
 MIN: Iter =    7  NFunc =   130  E =      44.24653  RMSG = 1.8845215e-01
 MIN: Iter =    8  NFunc =   175  E =      44.18179  RMSG = 2.1832496e-01
 MIN: Iter =    9  NFunc =   181  E =      44.16560  RMSG = 8.2689065e-02
 MIN: Iter =   10  NFunc =   202  E =      44.14535  RMSG = 9.9149273e-02
 MIN: Iter =   11  NFunc =   239  E =      44.13213  RMSG = 4.1665914e-02
 MIN: Iter =   12  NFunc =   253  E =      44.13028  RMSG = 2.1094194e-02
 MIN: Iter =   13  NFunc =   278  E =      44.12927  RMSG = 1.0771624e-02
 MIN: Iter =   14  NFunc =   287  E =      44.12918  RMSG = 6.3477516e-03
 MIN: Iter =   15  NFunc =   312  E =      44.12907  RMSG = 3.1709575e-03
 MIN: Iter =   16  NFunc =   318  E =      44.12906  RMSG = 1.9329924e-03
 MIN: Iter =   17  NFunc =   332  E =      44.12906  RMSG = 1.0539069e-03
 MIN: Iter =   18  NFunc =   350  E =      44.12906  RMSG = 6.5639889e-04
 MIN: Iter =   19  NFunc =   358  E =      44.12906  RMSG = 2.8926419e-04
----------------------------------------------------------------
 END:          :-)  E =      44.12906  RMSG =   0.0002893

     bond:      6.998803562
    angle:     14.647561011
 dihedral:     21.287762839
    enb14:     22.151814772
    eel14:     77.337965881
      enb:     -6.981266847
      eel:    -73.632939514
      egb:    -17.680646131
    econs:      0.000000000
    esurf:      0.000000000
    Total:     44.129055574
     frms:      0.000289264
====== rms.dat  ======================================================
#Frame      all_heavy
       1       0.2180
