====== tleap.out =====================================================
-I: Adding /home/case/amber24/dat/leap/prep to search path.
-I: Adding /home/case/amber24/dat/leap/lib to search path.
-I: Adding /home/case/amber24/dat/leap/parm to search path.
-I: Adding /home/case/amber24/dat/leap/cmd to search path.
-f: Source leap.in.

Welcome to LEaP!
(no leaprc in search path)
Sourcing: ./leap.in
Using Bondi radii
----- Source: /home/case/amber24/dat/leap/cmd/leaprc.gaff2
----- Source of /home/case/amber24/dat/leap/cmd/leaprc.gaff2 done
Log file: ./leap.log
Loading parameters: /home/case/amber24/dat/leap/parm/gaff2.dat
Reading title:
AMBER General Force Field for organic molecules (Version 2.2.20, March 2021)
Loading parameters: ./VIE.frcmod
Reading force field modification type file (frcmod)
Reading title:
Remark line goes here
Loading Mol2 file: ./VIE.mol2
Reading MOLECULE named VIE
Checking Unit.
Building topology.
"order_residues" off: keep input residue order.
Building atom parameters.
Building bond parameters.
Building angle parameters.
Building proper torsion parameters.
Building improper torsion parameters.
 total 6 improper torsions applied
Building H-Bond parameters.
Incorporating Non-Bonded adjustments.
Not Marking per-residue atom chain types.
Marking per-residue atom chain types.
  (Residues lacking connect0/connect1 - 
   these don't have chain types marked:

	res	total affected

	VIE	1
  )
 (no restraints)
	Quit

Exiting LEaP: Errors = 0; Warnings = 0; Notes = 0.
====== min.o =========================================================
Reading parm file (VIE.parm7)
title:
VIE                                                                             
no velocities were found
no velocities were found
	mm_options:  ntpr=5
	mm_options:  gb=1
	mm_options:  kappa=0.10395
	mm_options:  rgbmax=99.
	mm_options:  cut=99.0
	mm_options:  wcons=0.
     bond:      0.390071094
    angle:     11.747349137
 dihedral:      3.929459017
    enb14:      7.280199729
    eel14:     78.295300629
      enb:      0.157857655
      eel:    -57.015489049
      egb:    -10.206284224
    econs:      0.000000000
    esurf:      0.000000000
    Total:     34.578463988
     frms:      8.879614846
Starting TNCG minimisation
 MIN: Iter =    0  NFunc =     1  E =      34.57846  RMSG = 8.8796148e+00
 MIN: Iter =    1  NFunc =     7  E =      28.29137  RMSG = 2.5235458e+00
 MIN: Iter =    2  NFunc =    15  E =      27.30810  RMSG = 1.0497266e+00
 MIN: Iter =    3  NFunc =    29  E =      26.94601  RMSG = 2.0514342e+00
 MIN: Iter =    4  NFunc =    35  E =      26.78176  RMSG = 2.6942595e-01
 MIN: Iter =    5  NFunc =    44  E =      26.74392  RMSG = 2.3712784e-01
 MIN: Iter =    6  NFunc =    52  E =      26.73061  RMSG = 1.2142110e-01
 MIN: Iter =    7  NFunc =    64  E =      26.72440  RMSG = 4.9852945e-02
 MIN: Iter =    8  NFunc =    86  E =      26.72265  RMSG = 2.3754151e-02
 MIN: Iter =    9  NFunc =   103  E =      26.72226  RMSG = 1.1247642e-02
 MIN: Iter =   10  NFunc =   109  E =      26.72222  RMSG = 7.2562773e-03
 MIN: Iter =   11  NFunc =   124  E =      26.72216  RMSG = 4.4974769e-03
 MIN: Iter =   12  NFunc =   137  E =      26.72216  RMSG = 1.9868457e-03
 MIN: Iter =   13  NFunc =   150  E =      26.72215  RMSG = 1.0826022e-03
 MIN: Iter =   14  NFunc =   158  E =      26.72215  RMSG = 6.7934108e-04
 MIN: Iter =   15  NFunc =   176  E =      26.72215  RMSG = 4.5043694e-04
----------------------------------------------------------------
 END:          :-)  E =      26.72215  RMSG =   0.0004504

     bond:      2.938811007
    angle:      7.813891117
 dihedral:      3.203339260
    enb14:      4.973212631
    eel14:     76.814292759
      enb:     -1.354013314
      eel:    -56.155380416
      egb:    -11.512000831
    econs:      0.000000000
    esurf:      0.000000000
    Total:     26.722152213
     frms:      0.000450437
====== rms.dat  ======================================================
#Frame      all_heavy
       1       0.0573
