====== tleap.out =====================================================
-I: Adding /home/case/amber24/dat/leap/prep to search path.
-I: Adding /home/case/amber24/dat/leap/lib to search path.
-I: Adding /home/case/amber24/dat/leap/parm to search path.
-I: Adding /home/case/amber24/dat/leap/cmd to search path.
-f: Source leap.in.

Welcome to LEaP!
(no leaprc in search path)
Sourcing: ./leap.in
Using Bondi radii
----- Source: /home/case/amber24/dat/leap/cmd/leaprc.gaff2
----- Source of /home/case/amber24/dat/leap/cmd/leaprc.gaff2 done
Log file: ./leap.log
Loading parameters: /home/case/amber24/dat/leap/parm/gaff2.dat
Reading title:
AMBER General Force Field for organic molecules (Version 2.2.20, March 2021)
Loading parameters: ./VK1.frcmod
Reading force field modification type file (frcmod)
Reading title:
Remark line goes here
Loading Mol2 file: ./VK1.mol2
Reading MOLECULE named VK1
Checking Unit.
Building topology.
"order_residues" off: keep input residue order.
Building atom parameters.
Building bond parameters.
Building angle parameters.
Building proper torsion parameters.

/home/case/amber24/bin/teLeap: Note.
1-4: angle 4 6 duplicates bond ('triangular' bond) or angle ('square' bond)


/home/case/amber24/bin/teLeap: Note.
1-4: angle 4 5 duplicates bond ('triangular' bond) or angle ('square' bond)


/home/case/amber24/bin/teLeap: Note.
1-4: angle 5 6 duplicates bond ('triangular' bond) or angle ('square' bond)

Building improper torsion parameters.
 total 5 improper torsions applied
Building H-Bond parameters.
Incorporating Non-Bonded adjustments.
Not Marking per-residue atom chain types.
Marking per-residue atom chain types.
  (Residues lacking connect0/connect1 - 
   these don't have chain types marked:

	res	total affected

	VK1	1
  )
 (no restraints)
	Quit

Exiting LEaP: Errors = 0; Warnings = 0; Notes = 3.
====== min.o =========================================================
Reading parm file (VK1.parm7)
title:
VK1                                                                             
no velocities were found
no velocities were found
	mm_options:  ntpr=5
	mm_options:  gb=1
	mm_options:  kappa=0.10395
	mm_options:  rgbmax=99.
	mm_options:  cut=99.0
	mm_options:  wcons=0.
     bond:      4.556473176
    angle:     12.144729909
 dihedral:     52.780270043
    enb14:     15.938270115
    eel14:   -334.692446999
      enb:     -0.056427596
      eel:    106.696644301
      egb:    -22.554773824
    econs:      0.000000000
    esurf:      0.000000000
    Total:   -165.187260875
     frms:     13.218499527
Starting TNCG minimisation
 MIN: Iter =    0  NFunc =     1  E =    -165.18726  RMSG = 1.3218500e+01
 MIN: Iter =    1  NFunc =    12  E =    -176.52304  RMSG = 1.3685168e+01
 MIN: Iter =    2  NFunc =    18  E =    -195.73492  RMSG = 5.1955515e+00
 MIN: Iter =    3  NFunc =    24  E =    -202.17972  RMSG = 2.5962984e+00
 MIN: Iter =    4  NFunc =    30  E =    -203.51924  RMSG = 1.0581459e+00
 MIN: Iter =    5  NFunc =    60  E =    -203.98953  RMSG = 2.7523127e+00
 MIN: Iter =    6  NFunc =    69  E =    -204.88268  RMSG = 9.1471778e-01
 MIN: Iter =    7  NFunc =    87  E =    -205.46214  RMSG = 2.2900025e+00
 MIN: Iter =    8  NFunc =    93  E =    -205.98268  RMSG = 7.8980034e-01
 MIN: Iter =    9  NFunc =    99  E =    -206.27011  RMSG = 1.7435400e+00
 MIN: Iter =   10  NFunc =   105  E =    -206.49461  RMSG = 4.1282534e-01
 MIN: Iter =   11  NFunc =   111  E =    -206.55933  RMSG = 5.0213880e-01
 MIN: Iter =   12  NFunc =   137  E =    -206.84617  RMSG = 4.9260885e-01
 MIN: Iter =   13  NFunc =   152  E =    -207.06402  RMSG = 5.6971085e-01
 MIN: Iter =   14  NFunc =   160  E =    -207.21295  RMSG = 4.3385098e-01
 MIN: Iter =   15  NFunc =   166  E =    -207.27270  RMSG = 3.2315081e-01
 MIN: Iter =   16  NFunc =   206  E =    -207.44644  RMSG = 6.2429147e-01
 MIN: Iter =   17  NFunc =   213  E =    -207.50040  RMSG = 1.9465252e-01
 MIN: Iter =   18  NFunc =   232  E =    -207.56616  RMSG = 5.9234051e-01
 MIN: Iter =   19  NFunc =   238  E =    -207.59285  RMSG = 1.1942219e-01
 MIN: Iter =   20  NFunc =   249  E =    -207.60483  RMSG = 9.0307301e-02
 MIN: Iter =   21  NFunc =   300  E =    -207.62138  RMSG = 2.6453376e-01
 MIN: Iter =   22  NFunc =   307  E =    -207.62994  RMSG = 7.8676595e-02
 MIN: Iter =   23  NFunc =   347  E =    -207.64026  RMSG = 1.3343842e-01
 MIN: Iter =   24  NFunc =   356  E =    -207.64486  RMSG = 6.0820445e-02
 MIN: Iter =   25  NFunc =   370  E =    -207.64888  RMSG = 6.5249347e-02
 MIN: Iter =   26  NFunc =   377  E =    -207.65225  RMSG = 1.0203784e-01
 MIN: Iter =   27  NFunc =   383  E =    -207.65431  RMSG = 3.4625929e-02
 MIN: Iter =   28  NFunc =   389  E =    -207.65487  RMSG = 3.2161655e-02
 MIN: Iter =   29  NFunc =   397  E =    -207.65545  RMSG = 1.7577761e-02
 MIN: Iter =   30  NFunc =   418  E =    -207.65640  RMSG = 2.3937520e-02
 MIN: Iter =   31  NFunc =   452  E =    -207.65779  RMSG = 1.9608170e-02
 MIN: Iter =   32  NFunc =   470  E =    -207.65819  RMSG = 1.1675196e-02
 MIN: Iter =   33  NFunc =   506  E =    -207.65846  RMSG = 6.4922308e-03
 MIN: Iter =   34  NFunc =   519  E =    -207.65853  RMSG = 4.4082476e-03
 MIN: Iter =   35  NFunc =   530  E =    -207.65854  RMSG = 2.6485302e-03
 MIN: Iter =   36  NFunc =   578  E =    -207.65859  RMSG = 2.7440379e-03
 MIN: Iter =   37  NFunc =   599  E =    -207.65860  RMSG = 1.8670470e-03
 MIN: Iter =   38  NFunc =   626  E =    -207.65861  RMSG = 1.3641457e-03
 MIN: Iter =   39  NFunc =   643  E =    -207.65862  RMSG = 1.0315086e-03
 MIN: Iter =   40  NFunc =   664  E =    -207.65862  RMSG = 9.3241911e-04
 MIN: Iter =   41  NFunc =   714  E =    -207.65863  RMSG = 1.1457302e-03
 MIN: Iter =   42  NFunc =   743  E =    -207.65863  RMSG = 4.8590193e-04
----------------------------------------------------------------
 END:          :-)  E =    -207.65863  RMSG =   0.0004859

     bond:      4.063031931
    angle:     12.744278278
 dihedral:     45.808758384
    enb14:      9.800364676
    eel14:   -369.630162935
      enb:     -4.665195165
      eel:    116.591020893
      egb:    -22.370725467
    econs:      0.000000000
    esurf:      0.000000000
    Total:   -207.658629404
     frms:      0.000485902
====== rms.dat  ======================================================
#Frame      all_heavy
       1       0.4514
