====== tleap.out =====================================================
-I: Adding /home/case/amber24/dat/leap/prep to search path.
-I: Adding /home/case/amber24/dat/leap/lib to search path.
-I: Adding /home/case/amber24/dat/leap/parm to search path.
-I: Adding /home/case/amber24/dat/leap/cmd to search path.
-f: Source leap.in.

Welcome to LEaP!
(no leaprc in search path)
Sourcing: ./leap.in
Using Bondi radii
----- Source: /home/case/amber24/dat/leap/cmd/leaprc.gaff2
----- Source of /home/case/amber24/dat/leap/cmd/leaprc.gaff2 done
Log file: ./leap.log
Loading parameters: /home/case/amber24/dat/leap/parm/gaff2.dat
Reading title:
AMBER General Force Field for organic molecules (Version 2.2.20, March 2021)
Loading parameters: ./VM3.frcmod
Reading force field modification type file (frcmod)
Reading title:
Remark line goes here
Loading Mol2 file: ./VM3.mol2
Reading MOLECULE named VM3
Checking Unit.
Building topology.
"order_residues" off: keep input residue order.
Building atom parameters.
Building bond parameters.
Building angle parameters.
Building proper torsion parameters.

/home/case/amber24/bin/teLeap: Note.
1-4: angle 1 16 duplicates bond ('triangular' bond) or angle ('square' bond)


/home/case/amber24/bin/teLeap: Note.
1-4: angle 1 15 duplicates bond ('triangular' bond) or angle ('square' bond)


/home/case/amber24/bin/teLeap: Note.
1-4: angle 15 16 duplicates bond ('triangular' bond) or angle ('square' bond)

Building improper torsion parameters.
 total 18 improper torsions applied
Building H-Bond parameters.
Incorporating Non-Bonded adjustments.
Not Marking per-residue atom chain types.
Marking per-residue atom chain types.
  (Residues lacking connect0/connect1 - 
   these don't have chain types marked:

	res	total affected

	VM3	1
  )
 (no restraints)
	Quit

Exiting LEaP: Errors = 0; Warnings = 0; Notes = 3.
====== min.o =========================================================
Reading parm file (VM3.parm7)
title:
VM3                                                                             
no velocities were found
no velocities were found
	mm_options:  ntpr=5
	mm_options:  gb=1
	mm_options:  kappa=0.10395
	mm_options:  rgbmax=99.
	mm_options:  cut=99.0
	mm_options:  wcons=0.
     bond:      1.606092318
    angle:     22.424973287
 dihedral:     10.892764938
    enb14:     10.884719664
    eel14:     10.545377943
      enb:     -2.752537610
      eel:    -16.771941316
      egb:    -12.818717968
    econs:      0.000000000
    esurf:      0.000000000
    Total:     24.010731256
     frms:     14.415541353
Starting TNCG minimisation
 MIN: Iter =    0  NFunc =     1  E =      24.01073  RMSG = 1.4415541e+01
 MIN: Iter =    1  NFunc =     7  E =      15.47133  RMSG = 1.8855916e+00
 MIN: Iter =    2  NFunc =    14  E =      14.48884  RMSG = 8.5154496e-01
 MIN: Iter =    3  NFunc =    20  E =      14.33383  RMSG = 3.3765217e-01
 MIN: Iter =    4  NFunc =    32  E =      14.27998  RMSG = 1.8723914e-01
 MIN: Iter =    5  NFunc =    76  E =      14.19194  RMSG = 3.3940833e-01
 MIN: Iter =    6  NFunc =    82  E =      14.17549  RMSG = 1.2744579e-01
 MIN: Iter =    7  NFunc =    98  E =      14.15578  RMSG = 8.4139798e-02
 MIN: Iter =    8  NFunc =   106  E =      14.15304  RMSG = 3.5531996e-02
 MIN: Iter =    9  NFunc =   115  E =      14.15247  RMSG = 1.6921671e-02
 MIN: Iter =   10  NFunc =   167  E =      14.14808  RMSG = 5.1981136e-02
 MIN: Iter =   11  NFunc =   173  E =      14.14613  RMSG = 4.5142044e-02
 MIN: Iter =   12  NFunc =   182  E =      14.14520  RMSG = 2.6444724e-02
 MIN: Iter =   13  NFunc =   230  E =      14.14198  RMSG = 6.1436828e-02
 MIN: Iter =   14  NFunc =   236  E =      14.14149  RMSG = 1.4348365e-02
 MIN: Iter =   15  NFunc =   257  E =      14.14113  RMSG = 8.0137115e-03
 MIN: Iter =   16  NFunc =   289  E =      14.14081  RMSG = 8.0687973e-03
 MIN: Iter =   17  NFunc =   307  E =      14.14073  RMSG = 6.1883900e-03
 MIN: Iter =   18  NFunc =   319  E =      14.14072  RMSG = 2.9695568e-03
 MIN: Iter =   19  NFunc =   367  E =      14.14068  RMSG = 2.0705120e-03
 MIN: Iter =   20  NFunc =   383  E =      14.14067  RMSG = 1.4331925e-03
 MIN: Iter =   21  NFunc =   391  E =      14.14067  RMSG = 7.2897744e-04
 MIN: Iter =   22  NFunc =   435  E =      14.14067  RMSG = 5.4827388e-04
 MIN: Iter =   23  NFunc =   445  E =      14.14067  RMSG = 3.4095155e-04
----------------------------------------------------------------
 END:          :-)  E =      14.14067  RMSG =   0.0003410

     bond:      1.841161319
    angle:     14.916235592
 dihedral:     11.083804202
    enb14:      9.302285779
    eel14:     10.625320987
      enb:     -3.825662241
      eel:    -16.679197689
      egb:    -13.123279110
    econs:      0.000000000
    esurf:      0.000000000
    Total:     14.140668838
     frms:      0.000340952
====== rms.dat  ======================================================
#Frame      all_heavy
       1       0.1474
