====== tleap.out =====================================================
-I: Adding /home/case/amber24/dat/leap/prep to search path.
-I: Adding /home/case/amber24/dat/leap/lib to search path.
-I: Adding /home/case/amber24/dat/leap/parm to search path.
-I: Adding /home/case/amber24/dat/leap/cmd to search path.
-f: Source leap.in.

Welcome to LEaP!
(no leaprc in search path)
Sourcing: ./leap.in
Using Bondi radii
----- Source: /home/case/amber24/dat/leap/cmd/leaprc.gaff2
----- Source of /home/case/amber24/dat/leap/cmd/leaprc.gaff2 done
Log file: ./leap.log
Loading parameters: /home/case/amber24/dat/leap/parm/gaff2.dat
Reading title:
AMBER General Force Field for organic molecules (Version 2.2.20, March 2021)
Loading parameters: ./VPU.frcmod
Reading force field modification type file (frcmod)
Reading title:
Remark line goes here
Loading Mol2 file: ./VPU.mol2
Reading MOLECULE named VPU
Checking Unit.
Building topology.
"order_residues" off: keep input residue order.
Building atom parameters.
Building bond parameters.
Building angle parameters.
Building proper torsion parameters.
Building improper torsion parameters.
 total 11 improper torsions applied
Building H-Bond parameters.
Incorporating Non-Bonded adjustments.
Not Marking per-residue atom chain types.
Marking per-residue atom chain types.
  (Residues lacking connect0/connect1 - 
   these don't have chain types marked:

	res	total affected

	VPU	1
  )
 (no restraints)
	Quit

Exiting LEaP: Errors = 0; Warnings = 0; Notes = 0.
====== min.o =========================================================
Reading parm file (VPU.parm7)
title:
VPU                                                                             
no velocities were found
no velocities were found
	mm_options:  ntpr=5
	mm_options:  gb=1
	mm_options:  kappa=0.10395
	mm_options:  rgbmax=99.
	mm_options:  cut=99.0
	mm_options:  wcons=0.
     bond:      3.000758083
    angle:      4.898610547
 dihedral:     36.521387675
    enb14:     17.038835752
    eel14:    169.675119359
      enb:     -2.780314761
      eel:   -146.909760071
      egb:    -36.787315921
    econs:      0.000000000
    esurf:      0.000000000
    Total:     44.657320662
     frms:      9.512966272
Starting TNCG minimisation
 MIN: Iter =    0  NFunc =     1  E =      44.65732  RMSG = 9.5129663e+00
 MIN: Iter =    1  NFunc =    19  E =      37.43146  RMSG = 8.1216931e+00
 MIN: Iter =    2  NFunc =    25  E =      31.35433  RMSG = 2.3860176e+00
 MIN: Iter =    3  NFunc =    37  E =      28.28060  RMSG = 9.7067571e-01
 MIN: Iter =    4  NFunc =    66  E =      27.54649  RMSG = 1.0886957e+00
 MIN: Iter =    5  NFunc =    72  E =      27.22969  RMSG = 5.7399694e-01
 MIN: Iter =    6  NFunc =   115  E =      26.71272  RMSG = 6.9525442e-01
 MIN: Iter =    7  NFunc =   124  E =      26.36860  RMSG = 7.2284950e-01
 MIN: Iter =    8  NFunc =   131  E =      26.12523  RMSG = 5.4188890e-01
 MIN: Iter =    9  NFunc =   144  E =      25.89944  RMSG = 5.2867537e-01
 MIN: Iter =   10  NFunc =   185  E =      25.69502  RMSG = 4.2065309e-01
 MIN: Iter =   11  NFunc =   191  E =      25.66541  RMSG = 1.8063173e-01
 MIN: Iter =   12  NFunc =   242  E =      25.58884  RMSG = 4.6780067e-01
 MIN: Iter =   13  NFunc =   248  E =      25.54535  RMSG = 2.3427374e-01
 MIN: Iter =   14  NFunc =   262  E =      25.50265  RMSG = 4.2923174e-01
 MIN: Iter =   15  NFunc =   268  E =      25.47129  RMSG = 1.9858763e-01
 MIN: Iter =   16  NFunc =   283  E =      25.44271  RMSG = 4.7144065e-01
 MIN: Iter =   17  NFunc =   289  E =      25.40974  RMSG = 1.5956026e-01
 MIN: Iter =   18  NFunc =   300  E =      25.38817  RMSG = 1.7913831e-01
 MIN: Iter =   19  NFunc =   307  E =      25.36427  RMSG = 5.2575668e-01
 MIN: Iter =   20  NFunc =   313  E =      25.30510  RMSG = 1.9824143e-01
 MIN: Iter =   21  NFunc =   334  E =      25.24777  RMSG = 6.9137028e-01
 MIN: Iter =   22  NFunc =   340  E =      25.11197  RMSG = 3.7724969e-01
 MIN: Iter =   23  NFunc =   376  E =      24.91897  RMSG = 8.7841153e-01
 MIN: Iter =   24  NFunc =   382  E =      24.64275  RMSG = 8.5571352e-01
 MIN: Iter =   25  NFunc =   388  E =      24.31901  RMSG = 9.8896633e-01
 MIN: Iter =   26  NFunc =   394  E =      23.93505  RMSG = 7.5747884e-01
 MIN: Iter =   27  NFunc =   400  E =      23.70945  RMSG = 6.1961804e-01
 MIN: Iter =   28  NFunc =   422  E =      23.46251  RMSG = 8.0363006e-01
 MIN: Iter =   29  NFunc =   430  E =      23.38989  RMSG = 2.0688898e-01
 MIN: Iter =   30  NFunc =   463  E =      23.29027  RMSG = 7.5579308e-01
 MIN: Iter =   31  NFunc =   469  E =      23.22368  RMSG = 1.7778905e-01
 MIN: Iter =   32  NFunc =   483  E =      23.19729  RMSG = 1.2661384e-01
 MIN: Iter =   33  NFunc =   515  E =      23.17217  RMSG = 1.5351762e-01
 MIN: Iter =   34  NFunc =   535  E =      23.16349  RMSG = 4.4953784e-02
 MIN: Iter =   35  NFunc =   581  E =      23.15619  RMSG = 6.5503205e-02
 MIN: Iter =   36  NFunc =   630  E =      23.14911  RMSG = 6.2908654e-02
 MIN: Iter =   37  NFunc =   652  E =      23.14739  RMSG = 1.6864414e-02
 MIN: Iter =   38  NFunc =   678  E =      23.14699  RMSG = 9.6456221e-03
 MIN: Iter =   39  NFunc =   693  E =      23.14688  RMSG = 5.3203257e-03
 MIN: Iter =   40  NFunc =   744  E =      23.14675  RMSG = 5.1860347e-03
 MIN: Iter =   41  NFunc =   759  E =      23.14672  RMSG = 3.8841846e-03
 MIN: Iter =   42  NFunc =   810  E =      23.14664  RMSG = 3.0407441e-03
 MIN: Iter =   43  NFunc =   825  E =      23.14662  RMSG = 2.5218143e-03
 MIN: Iter =   44  NFunc =   857  E =      23.14659  RMSG = 2.0922765e-03
 MIN: Iter =   45  NFunc =   873  E =      23.14659  RMSG = 1.2541879e-03
 MIN: Iter =   46  NFunc =   902  E =      23.14658  RMSG = 1.6063886e-03
 MIN: Iter =   47  NFunc =   953  E =      23.14657  RMSG = 1.8178141e-03
 MIN: Iter =   48  NFunc =   986  E =      23.14656  RMSG = 1.4363237e-03
 MIN: Iter =   49  NFunc =  1003  E =      23.14656  RMSG = 4.2348802e-04
----------------------------------------------------------------
 END:          :-)  E =      23.14656  RMSG =   0.0004235

     bond:      2.216575379
    angle:      4.267075972
 dihedral:     32.296778862
    enb14:      9.806755912
    eel14:    164.668119032
      enb:     -4.816210882
      eel:   -144.767200155
      egb:    -40.525336643
    econs:      0.000000000
    esurf:      0.000000000
    Total:     23.146557477
     frms:      0.000423488
====== rms.dat  ======================================================
#Frame      all_heavy
       1       0.6781
