====== tleap.out =====================================================
-I: Adding /home/case/amber24/dat/leap/prep to search path.
-I: Adding /home/case/amber24/dat/leap/lib to search path.
-I: Adding /home/case/amber24/dat/leap/parm to search path.
-I: Adding /home/case/amber24/dat/leap/cmd to search path.
-f: Source leap.in.

Welcome to LEaP!
(no leaprc in search path)
Sourcing: ./leap.in
Using Bondi radii
----- Source: /home/case/amber24/dat/leap/cmd/leaprc.gaff2
----- Source of /home/case/amber24/dat/leap/cmd/leaprc.gaff2 done
Log file: ./leap.log
Loading parameters: /home/case/amber24/dat/leap/parm/gaff2.dat
Reading title:
AMBER General Force Field for organic molecules (Version 2.2.20, March 2021)
Loading parameters: ./VQN.frcmod
Reading force field modification type file (frcmod)
Reading title:
Remark line goes here
Loading Mol2 file: ./VQN.mol2
Reading MOLECULE named VQN
Checking Unit.
Building topology.
"order_residues" off: keep input residue order.
Building atom parameters.
Building bond parameters.
Building angle parameters.
Building proper torsion parameters.
Building improper torsion parameters.
 total 29 improper torsions applied
Building H-Bond parameters.
Incorporating Non-Bonded adjustments.
Not Marking per-residue atom chain types.
Marking per-residue atom chain types.
  (Residues lacking connect0/connect1 - 
   these don't have chain types marked:

	res	total affected

	VQN	1
  )
 (no restraints)
	Quit

Exiting LEaP: Errors = 0; Warnings = 0; Notes = 0.
====== min.o =========================================================
Reading parm file (VQN.parm7)
title:
VQN                                                                             
no velocities were found
no velocities were found
	mm_options:  ntpr=5
	mm_options:  gb=1
	mm_options:  kappa=0.10395
	mm_options:  rgbmax=99.
	mm_options:  cut=99.0
	mm_options:  wcons=0.
     bond:      6.178324146
    angle:     33.561131107
 dihedral:    117.424522753
    enb14:     34.194089817
    eel14:     85.561111932
      enb:    -19.120795798
      eel:   -255.583391657
      egb:    -56.206140503
    econs:      0.000000000
    esurf:      0.000000000
    Total:    -53.991148202
     frms:      8.486078214
Starting TNCG minimisation
 MIN: Iter =    0  NFunc =     1  E =     -53.99115  RMSG = 8.4860782e+00
 MIN: Iter =    1  NFunc =     7  E =     -76.03877  RMSG = 2.6031910e+00
 MIN: Iter =    2  NFunc =    18  E =     -82.65406  RMSG = 1.2120503e+00
 MIN: Iter =    3  NFunc =    27  E =     -84.54896  RMSG = 7.2373522e-01
 MIN: Iter =    4  NFunc =    45  E =     -85.82306  RMSG = 5.6707563e-01
 MIN: Iter =    5  NFunc =    77  E =     -86.70485  RMSG = 5.5322831e-01
 MIN: Iter =    6  NFunc =   102  E =     -87.46694  RMSG = 5.6383215e-01
 MIN: Iter =    7  NFunc =   111  E =     -87.84427  RMSG = 4.8123848e-01
 MIN: Iter =    8  NFunc =   139  E =     -88.28804  RMSG = 3.7931787e-01
 MIN: Iter =    9  NFunc =   156  E =     -88.57471  RMSG = 2.9026403e-01
 MIN: Iter =   10  NFunc =   164  E =     -88.67411  RMSG = 1.7528807e-01
 MIN: Iter =   11  NFunc =   209  E =     -88.99931  RMSG = 2.6455557e-01
 MIN: Iter =   12  NFunc =   215  E =     -89.04591  RMSG = 1.4592880e-01
 MIN: Iter =   13  NFunc =   248  E =     -89.20130  RMSG = 1.8598958e-01
 MIN: Iter =   14  NFunc =   299  E =     -89.36908  RMSG = 2.1143255e-01
 MIN: Iter =   15  NFunc =   311  E =     -89.46207  RMSG = 1.6575379e-01
 MIN: Iter =   16  NFunc =   362  E =     -89.63104  RMSG = 2.2226140e-01
 MIN: Iter =   17  NFunc =   387  E =     -89.78117  RMSG = 2.3845298e-01
 MIN: Iter =   18  NFunc =   411  E =     -89.91628  RMSG = 2.3845188e-01
 MIN: Iter =   19  NFunc =   426  E =     -90.02774  RMSG = 2.2026880e-01
 MIN: Iter =   20  NFunc =   434  E =     -90.07607  RMSG = 1.0227010e-01
 MIN: Iter =   21  NFunc =   485  E =     -90.21806  RMSG = 2.1305185e-01
 MIN: Iter =   22  NFunc =   525  E =     -90.33615  RMSG = 2.2436920e-01
 MIN: Iter =   23  NFunc =   546  E =     -90.42228  RMSG = 1.7169057e-01
 MIN: Iter =   24  NFunc =   565  E =     -90.48704  RMSG = 1.5868845e-01
 MIN: Iter =   25  NFunc =   579  E =     -90.52904  RMSG = 1.2716556e-01
 MIN: Iter =   26  NFunc =   587  E =     -90.54849  RMSG = 7.3762604e-02
 MIN: Iter =   27  NFunc =   638  E =     -90.63275  RMSG = 1.4380560e-01
 MIN: Iter =   28  NFunc =   663  E =     -90.68139  RMSG = 1.0303667e-01
 MIN: Iter =   29  NFunc =   684  E =     -90.69903  RMSG = 4.6293235e-02
 MIN: Iter =   30  NFunc =   735  E =     -90.72602  RMSG = 1.3859565e-01
 MIN: Iter =   31  NFunc =   741  E =     -90.73513  RMSG = 6.2824321e-02
 MIN: Iter =   32  NFunc =   754  E =     -90.74351  RMSG = 4.1228923e-02
 MIN: Iter =   33  NFunc =   805  E =     -90.75631  RMSG = 4.5618127e-02
 MIN: Iter =   34  NFunc =   856  E =     -90.76740  RMSG = 7.3783584e-02
 MIN: Iter =   35  NFunc =   862  E =     -90.76997  RMSG = 3.2314698e-02
 MIN: Iter =   36  NFunc =   914  E =     -90.77773  RMSG = 3.4485669e-02
 MIN: Iter =   37  NFunc =   941  E =     -90.78456  RMSG = 6.0158310e-02
 MIN: Iter =   38  NFunc =   949  E =     -90.78644  RMSG = 2.4469900e-02
 MIN: Iter =   39  NFunc =  1000  E =     -90.79649  RMSG = 8.6270936e-02
 MIN: Iter =   40  NFunc =  1006  E =     -90.80015  RMSG = 4.2418219e-02
 MIN: Iter =   41  NFunc =  1057  E =     -90.81469  RMSG = 7.1105686e-02
 MIN: Iter =   42  NFunc =  1074  E =     -90.83048  RMSG = 1.0559107e-01
 MIN: Iter =   43  NFunc =  1082  E =     -90.84865  RMSG = 1.1795384e-01
 MIN: Iter =   44  NFunc =  1088  E =     -90.86541  RMSG = 9.6173293e-02
 MIN: Iter =   45  NFunc =  1099  E =     -90.88563  RMSG = 7.5748257e-02
 MIN: Iter =   46  NFunc =  1110  E =     -90.90266  RMSG = 8.6077824e-02
 MIN: Iter =   47  NFunc =  1161  E =     -90.95495  RMSG = 1.3380399e-01
 MIN: Iter =   48  NFunc =  1198  E =     -91.00628  RMSG = 1.3494235e-01
 MIN: Iter =   49  NFunc =  1220  E =     -91.03966  RMSG = 7.8937678e-02
 MIN: Iter =   50  NFunc =  1265  E =     -91.07974  RMSG = 1.2158712e-01
 MIN: Iter =   51  NFunc =  1273  E =     -91.09086  RMSG = 6.3894816e-02
 MIN: Iter =   52  NFunc =  1283  E =     -91.09657  RMSG = 4.1754679e-02
 MIN: Iter =   53  NFunc =  1293  E =     -91.09921  RMSG = 2.5740545e-02
 MIN: Iter =   54  NFunc =  1344  E =     -91.11827  RMSG = 6.9344182e-02
 MIN: Iter =   55  NFunc =  1395  E =     -91.14519  RMSG = 7.1285068e-02
 MIN: Iter =   56  NFunc =  1410  E =     -91.15210  RMSG = 3.4393362e-02
 MIN: Iter =   57  NFunc =  1461  E =     -91.16566  RMSG = 3.6340488e-02
 MIN: Iter =   58  NFunc =  1512  E =     -91.17482  RMSG = 3.5652557e-02
 MIN: Iter =   59  NFunc =  1563  E =     -91.18055  RMSG = 2.8856935e-02
 MIN: Iter =   60  NFunc =  1611  E =     -91.18655  RMSG = 4.3259071e-02
 MIN: Iter =   61  NFunc =  1617  E =     -91.18732  RMSG = 1.5952123e-02
 MIN: Iter =   62  NFunc =  1668  E =     -91.18946  RMSG = 1.8604198e-02
 MIN: Iter =   63  NFunc =  1719  E =     -91.19038  RMSG = 8.1855377e-03
 MIN: Iter =   64  NFunc =  1743  E =     -91.19068  RMSG = 5.4748386e-03
 MIN: Iter =   65  NFunc =  1794  E =     -91.19098  RMSG = 4.8078201e-03
 MIN: Iter =   66  NFunc =  1845  E =     -91.19123  RMSG = 4.4780313e-03
 MIN: Iter =   67  NFunc =  1896  E =     -91.19161  RMSG = 6.2798731e-03
 MIN: Iter =   68  NFunc =  1947  E =     -91.19181  RMSG = 3.2205041e-03
 MIN: Iter =   69  NFunc =  1998  E =     -91.19191  RMSG = 2.8944336e-03
 MIN: Iter =   70  NFunc =  2049  E =     -91.19207  RMSG = 3.8037773e-03
 MIN: Iter =   71  NFunc =  2100  E =     -91.19215  RMSG = 2.0341492e-03
 MIN: Iter =   72  NFunc =  2133  E =     -91.19219  RMSG = 1.5692987e-03
 MIN: Iter =   73  NFunc =  2184  E =     -91.19222  RMSG = 1.4371269e-03
 MIN: Iter =   74  NFunc =  2235  E =     -91.19225  RMSG = 1.8826445e-03
 MIN: Iter =   75  NFunc =  2281  E =     -91.19227  RMSG = 9.0734037e-04
 MIN: Iter =   76  NFunc =  2302  E =     -91.19228  RMSG = 5.6554360e-04
 MIN: Iter =   77  NFunc =  2353  E =     -91.19229  RMSG = 7.7346196e-04
 MIN: Iter =   78  NFunc =  2404  E =     -91.19229  RMSG = 4.2946469e-04
----------------------------------------------------------------
 END:          :-)  E =     -91.19229  RMSG =   0.0004295

     bond:      5.131384228
    angle:     34.623548195
 dihedral:    103.919217940
    enb14:     21.243411893
    eel14:     72.755469017
      enb:    -24.148638154
      eel:   -248.892339923
      egb:    -55.824342013
    econs:      0.000000000
    esurf:      0.000000000
    Total:    -91.192288818
     frms:      0.000429465
====== rms.dat  ======================================================
#Frame      all_heavy
       1       1.7834
