====== tleap.out =====================================================
-I: Adding /home/case/amber24/dat/leap/prep to search path.
-I: Adding /home/case/amber24/dat/leap/lib to search path.
-I: Adding /home/case/amber24/dat/leap/parm to search path.
-I: Adding /home/case/amber24/dat/leap/cmd to search path.
-f: Source leap.in.

Welcome to LEaP!
(no leaprc in search path)
Sourcing: ./leap.in
Using Bondi radii
----- Source: /home/case/amber24/dat/leap/cmd/leaprc.gaff2
----- Source of /home/case/amber24/dat/leap/cmd/leaprc.gaff2 done
Log file: ./leap.log
Loading parameters: /home/case/amber24/dat/leap/parm/gaff2.dat
Reading title:
AMBER General Force Field for organic molecules (Version 2.2.20, March 2021)
Loading parameters: ./VTY.frcmod
Reading force field modification type file (frcmod)
Reading title:
Remark line goes here
Loading Mol2 file: ./VTY.mol2
Reading MOLECULE named VTY
Checking Unit.
Building topology.
"order_residues" off: keep input residue order.
Building atom parameters.
Building bond parameters.
Building angle parameters.
Building proper torsion parameters.
Building improper torsion parameters.
 total 3 improper torsions applied
Building H-Bond parameters.
Incorporating Non-Bonded adjustments.
Not Marking per-residue atom chain types.
Marking per-residue atom chain types.
  (Residues lacking connect0/connect1 - 
   these don't have chain types marked:

	res	total affected

	VTY	1
  )
 (no restraints)
	Quit

Exiting LEaP: Errors = 0; Warnings = 0; Notes = 0.
====== min.o =========================================================
Reading parm file (VTY.parm7)
title:
VTY                                                                             
no velocities were found
no velocities were found
	mm_options:  ntpr=5
	mm_options:  gb=1
	mm_options:  kappa=0.10395
	mm_options:  rgbmax=99.
	mm_options:  cut=99.0
	mm_options:  wcons=0.
     bond:      1.539347137
    angle:      7.837011447
 dihedral:      6.972216375
    enb14:     -0.044215272
    eel14:    -57.952391869
      enb:     -0.427805819
      eel:     20.246712233
      egb:    -15.045984612
    econs:      0.000000000
    esurf:      0.000000000
    Total:    -36.875110379
     frms:     13.420514795
Starting TNCG minimisation
 MIN: Iter =    0  NFunc =     1  E =     -36.87511  RMSG = 1.3420515e+01
 MIN: Iter =    1  NFunc =     7  E =     -40.66016  RMSG = 1.6758771e+00
 MIN: Iter =    2  NFunc =    29  E =     -40.88939  RMSG = 2.3809903e+00
 MIN: Iter =    3  NFunc =    35  E =     -41.08561  RMSG = 4.2278839e+00
 MIN: Iter =    4  NFunc =    41  E =     -41.31715  RMSG = 5.9842006e-01
 MIN: Iter =    5  NFunc =    48  E =     -41.37061  RMSG = 1.5053232e+00
 MIN: Iter =    6  NFunc =    54  E =     -41.40409  RMSG = 2.2891067e-01
 MIN: Iter =    7  NFunc =    65  E =     -41.42418  RMSG = 2.8790946e-01
 MIN: Iter =    8  NFunc =    72  E =     -41.42665  RMSG = 7.7936474e-02
 MIN: Iter =    9  NFunc =    78  E =     -41.42744  RMSG = 3.9843560e-02
 MIN: Iter =   10  NFunc =    84  E =     -41.42762  RMSG = 2.0259013e-02
 MIN: Iter =   11  NFunc =   102  E =     -41.42897  RMSG = 1.1552484e-01
 MIN: Iter =   12  NFunc =   108  E =     -41.42980  RMSG = 4.1423579e-02
 MIN: Iter =   13  NFunc =   130  E =     -41.43249  RMSG = 1.3074581e-01
 MIN: Iter =   14  NFunc =   136  E =     -41.43333  RMSG = 3.6417373e-02
 MIN: Iter =   15  NFunc =   160  E =     -41.43766  RMSG = 1.4510461e-01
 MIN: Iter =   16  NFunc =   167  E =     -41.43878  RMSG = 4.2500861e-02
 MIN: Iter =   17  NFunc =   188  E =     -41.44393  RMSG = 1.4621100e-01
 MIN: Iter =   18  NFunc =   196  E =     -41.44511  RMSG = 4.6125412e-02
 MIN: Iter =   19  NFunc =   226  E =     -41.45077  RMSG = 1.4748209e-01
 MIN: Iter =   20  NFunc =   248  E =     -41.45495  RMSG = 1.6919317e-01
 MIN: Iter =   21  NFunc =   255  E =     -41.45908  RMSG = 2.0907338e-01
 MIN: Iter =   22  NFunc =   261  E =     -41.46259  RMSG = 1.3345266e-01
 MIN: Iter =   23  NFunc =   267  E =     -41.46387  RMSG = 4.7242471e-02
 MIN: Iter =   24  NFunc =   273  E =     -41.46406  RMSG = 1.7058591e-02
 MIN: Iter =   25  NFunc =   280  E =     -41.46409  RMSG = 9.4742782e-03
 MIN: Iter =   26  NFunc =   286  E =     -41.46410  RMSG = 6.6042467e-03
 MIN: Iter =   27  NFunc =   297  E =     -41.46411  RMSG = 2.3662593e-03
 MIN: Iter =   28  NFunc =   311  E =     -41.46411  RMSG = 1.0229749e-03
 MIN: Iter =   29  NFunc =   317  E =     -41.46411  RMSG = 3.2540062e-04
----------------------------------------------------------------
 END:          :-)  E =     -41.46411  RMSG =   0.0003254

     bond:      0.193246566
    angle:      5.787649100
 dihedral:      6.664442979
    enb14:     -0.089774405
    eel14:    -60.687349656
      enb:     -0.373836215
      eel:     20.690441602
      egb:    -13.648934677
    econs:      0.000000000
    esurf:      0.000000000
    Total:    -41.464114706
     frms:      0.000325401
====== rms.dat  ======================================================
#Frame      all_heavy
       1       0.0331
