====== tleap.out =====================================================
-I: Adding /home/case/amber24/dat/leap/prep to search path.
-I: Adding /home/case/amber24/dat/leap/lib to search path.
-I: Adding /home/case/amber24/dat/leap/parm to search path.
-I: Adding /home/case/amber24/dat/leap/cmd to search path.
-f: Source leap.in.

Welcome to LEaP!
(no leaprc in search path)
Sourcing: ./leap.in
Using Bondi radii
----- Source: /home/case/amber24/dat/leap/cmd/leaprc.gaff2
----- Source of /home/case/amber24/dat/leap/cmd/leaprc.gaff2 done
Log file: ./leap.log
Loading parameters: /home/case/amber24/dat/leap/parm/gaff2.dat
Reading title:
AMBER General Force Field for organic molecules (Version 2.2.20, March 2021)
Loading parameters: ./VV9.frcmod
Reading force field modification type file (frcmod)
Reading title:
Remark line goes here
Loading Mol2 file: ./VV9.mol2
Reading MOLECULE named VV9
Checking Unit.
Building topology.
"order_residues" off: keep input residue order.
Building atom parameters.
Building bond parameters.
Building angle parameters.
Building proper torsion parameters.
Building improper torsion parameters.
 total 12 improper torsions applied
Building H-Bond parameters.
Incorporating Non-Bonded adjustments.
Not Marking per-residue atom chain types.
Marking per-residue atom chain types.
  (Residues lacking connect0/connect1 - 
   these don't have chain types marked:

	res	total affected

	VV9	1
  )
 (no restraints)
	Quit

Exiting LEaP: Errors = 0; Warnings = 0; Notes = 0.
====== min.o =========================================================
Reading parm file (VV9.parm7)
title:
VV9                                                                             
no velocities were found
no velocities were found
	mm_options:  ntpr=5
	mm_options:  gb=1
	mm_options:  kappa=0.10395
	mm_options:  rgbmax=99.
	mm_options:  cut=99.0
	mm_options:  wcons=0.
     bond:      3.354969819
    angle:      5.742483506
 dihedral:     33.710720076
    enb14:     10.485425572
    eel14:    -83.542773106
      enb:     -4.310887521
      eel:     -0.818070169
      egb:    -19.868030341
    econs:      0.000000000
    esurf:      0.000000000
    Total:    -55.246162165
     frms:      8.213339693
Starting TNCG minimisation
 MIN: Iter =    0  NFunc =     1  E =     -55.24616  RMSG = 8.2133397e+00
 MIN: Iter =    1  NFunc =     7  E =     -63.39217  RMSG = 2.2068381e+00
 MIN: Iter =    2  NFunc =    58  E =     -64.12115  RMSG = 2.2448676e+00
 MIN: Iter =    3  NFunc =    64  E =     -64.88447  RMSG = 2.0363721e+00
 MIN: Iter =    4  NFunc =    70  E =     -65.73747  RMSG = 1.5976395e+00
 MIN: Iter =    5  NFunc =    76  E =     -66.48062  RMSG = 1.0833699e+00
 MIN: Iter =    6  NFunc =    82  E =     -66.93700  RMSG = 9.1973391e-01
 MIN: Iter =    7  NFunc =    88  E =     -67.18135  RMSG = 5.4205586e-01
 MIN: Iter =    8  NFunc =   129  E =     -67.57457  RMSG = 6.7355976e-01
 MIN: Iter =    9  NFunc =   143  E =     -67.84412  RMSG = 5.7084124e-01
 MIN: Iter =   10  NFunc =   152  E =     -68.04772  RMSG = 5.2881753e-01
 MIN: Iter =   11  NFunc =   158  E =     -68.14195  RMSG = 3.0012824e-01
 MIN: Iter =   12  NFunc =   175  E =     -68.23972  RMSG = 3.3786251e-01
 MIN: Iter =   13  NFunc =   226  E =     -68.41342  RMSG = 5.6966234e-01
 MIN: Iter =   14  NFunc =   232  E =     -68.59682  RMSG = 7.0207781e-01
 MIN: Iter =   15  NFunc =   238  E =     -68.79666  RMSG = 7.2410873e-01
 MIN: Iter =   16  NFunc =   244  E =     -69.00158  RMSG = 6.6818359e-01
 MIN: Iter =   17  NFunc =   250  E =     -69.20067  RMSG = 6.1418702e-01
 MIN: Iter =   18  NFunc =   256  E =     -69.39321  RMSG = 5.3643896e-01
 MIN: Iter =   19  NFunc =   262  E =     -69.56698  RMSG = 5.4088694e-01
 MIN: Iter =   20  NFunc =   287  E =     -69.83532  RMSG = 7.1872702e-01
 MIN: Iter =   21  NFunc =   295  E =     -70.09283  RMSG = 6.6727227e-01
 MIN: Iter =   22  NFunc =   302  E =     -70.30745  RMSG = 5.9227948e-01
 MIN: Iter =   23  NFunc =   308  E =     -70.46549  RMSG = 5.2956525e-01
 MIN: Iter =   24  NFunc =   320  E =     -70.65394  RMSG = 4.1775760e-01
 MIN: Iter =   25  NFunc =   330  E =     -70.77561  RMSG = 5.1076086e-01
 MIN: Iter =   26  NFunc =   337  E =     -70.89118  RMSG = 4.5736539e-01
 MIN: Iter =   27  NFunc =   343  E =     -70.97566  RMSG = 4.1259124e-01
 MIN: Iter =   28  NFunc =   351  E =     -71.05817  RMSG = 4.1803680e-01
 MIN: Iter =   29  NFunc =   395  E =     -71.22155  RMSG = 4.3812774e-01
 MIN: Iter =   30  NFunc =   404  E =     -71.28400  RMSG = 2.2656012e-01
 MIN: Iter =   31  NFunc =   422  E =     -71.33767  RMSG = 3.5231545e-01
 MIN: Iter =   32  NFunc =   428  E =     -71.35135  RMSG = 9.6446550e-02
 MIN: Iter =   33  NFunc =   468  E =     -71.37798  RMSG = 2.5138784e-01
 MIN: Iter =   34  NFunc =   474  E =     -71.38550  RMSG = 6.6013927e-02
 MIN: Iter =   35  NFunc =   499  E =     -71.39070  RMSG = 5.0249635e-02
 MIN: Iter =   36  NFunc =   526  E =     -71.39381  RMSG = 1.9334133e-02
 MIN: Iter =   37  NFunc =   542  E =     -71.39432  RMSG = 1.4051815e-02
 MIN: Iter =   38  NFunc =   559  E =     -71.39457  RMSG = 9.7286533e-03
 MIN: Iter =   39  NFunc =   599  E =     -71.39491  RMSG = 9.7256045e-03
 MIN: Iter =   40  NFunc =   605  E =     -71.39494  RMSG = 6.6770891e-03
 MIN: Iter =   41  NFunc =   656  E =     -71.39507  RMSG = 4.3899600e-03
 MIN: Iter =   42  NFunc =   687  E =     -71.39512  RMSG = 2.1643054e-03
 MIN: Iter =   43  NFunc =   732  E =     -71.39513  RMSG = 1.1333656e-03
 MIN: Iter =   44  NFunc =   739  E =     -71.39513  RMSG = 7.1361455e-04
 MIN: Iter =   45  NFunc =   770  E =     -71.39513  RMSG = 4.2826670e-04
----------------------------------------------------------------
 END:          :-)  E =     -71.39513  RMSG =   0.0004283

     bond:      0.653062353
    angle:      1.776454840
 dihedral:     27.412849434
    enb14:      7.761136889
    eel14:    -83.119485424
      enb:     -4.803666473
      eel:     -0.068518765
      egb:    -21.006964273
    econs:      0.000000000
    esurf:      0.000000000
    Total:    -71.395131418
     frms:      0.000428267
====== rms.dat  ======================================================
#Frame      all_heavy
       1       1.3620
