====== tleap.out =====================================================
-I: Adding /home/case/amber24/dat/leap/prep to search path.
-I: Adding /home/case/amber24/dat/leap/lib to search path.
-I: Adding /home/case/amber24/dat/leap/parm to search path.
-I: Adding /home/case/amber24/dat/leap/cmd to search path.
-f: Source leap.in.

Welcome to LEaP!
(no leaprc in search path)
Sourcing: ./leap.in
Using Bondi radii
----- Source: /home/case/amber24/dat/leap/cmd/leaprc.gaff2
----- Source of /home/case/amber24/dat/leap/cmd/leaprc.gaff2 done
Log file: ./leap.log
Loading parameters: /home/case/amber24/dat/leap/parm/gaff2.dat
Reading title:
AMBER General Force Field for organic molecules (Version 2.2.20, March 2021)
Loading parameters: ./VVF.frcmod
Reading force field modification type file (frcmod)
Reading title:
Remark line goes here
Loading Mol2 file: ./VVF.mol2
Reading MOLECULE named VVF
Checking Unit.
Building topology.
"order_residues" off: keep input residue order.
Building atom parameters.
Building bond parameters.
Building angle parameters.
Building proper torsion parameters.
Building improper torsion parameters.
 total 8 improper torsions applied
Building H-Bond parameters.
Incorporating Non-Bonded adjustments.
Not Marking per-residue atom chain types.
Marking per-residue atom chain types.
  (Residues lacking connect0/connect1 - 
   these don't have chain types marked:

	res	total affected

	VVF	1
  )
 (no restraints)
	Quit

Exiting LEaP: Errors = 0; Warnings = 0; Notes = 0.
====== min.o =========================================================
Reading parm file (VVF.parm7)
title:
VVF                                                                             
no velocities were found
no velocities were found
	mm_options:  ntpr=5
	mm_options:  gb=1
	mm_options:  kappa=0.10395
	mm_options:  rgbmax=99.
	mm_options:  cut=99.0
	mm_options:  wcons=0.
     bond:      0.658798444
    angle:      1.423812237
 dihedral:     15.132754949
    enb14:      5.120747291
    eel14:    -72.074298061
      enb:      1.905133125
      eel:     34.368861189
      egb:    -17.802566446
    econs:      0.000000000
    esurf:      0.000000000
    Total:    -31.266757272
     frms:      8.700893593
Starting TNCG minimisation
 MIN: Iter =    0  NFunc =     1  E =     -31.26676  RMSG = 8.7008936e+00
 MIN: Iter =    1  NFunc =     7  E =     -34.80618  RMSG = 2.3370564e+00
 MIN: Iter =    2  NFunc =    17  E =     -35.17113  RMSG = 2.2387925e+00
 MIN: Iter =    3  NFunc =    24  E =     -35.65230  RMSG = 5.9403290e-01
 MIN: Iter =    4  NFunc =    43  E =     -35.94985  RMSG = 1.1380337e+00
 MIN: Iter =    5  NFunc =    49  E =     -35.99764  RMSG = 3.0894564e-01
 MIN: Iter =    6  NFunc =    64  E =     -36.05848  RMSG = 3.8765078e-01
 MIN: Iter =    7  NFunc =    77  E =     -36.07034  RMSG = 2.9770499e-01
 MIN: Iter =    8  NFunc =    86  E =     -36.08220  RMSG = 1.2734844e-01
 MIN: Iter =    9  NFunc =    92  E =     -36.08577  RMSG = 7.6556664e-02
 MIN: Iter =   10  NFunc =   104  E =     -36.08851  RMSG = 5.3762954e-02
 MIN: Iter =   11  NFunc =   114  E =     -36.08929  RMSG = 2.8458640e-02
 MIN: Iter =   12  NFunc =   145  E =     -36.09574  RMSG = 1.4727568e-01
 MIN: Iter =   13  NFunc =   151  E =     -36.09787  RMSG = 6.5174297e-02
 MIN: Iter =   14  NFunc =   165  E =     -36.10031  RMSG = 1.6276250e-01
 MIN: Iter =   15  NFunc =   171  E =     -36.10136  RMSG = 3.8842560e-02
 MIN: Iter =   16  NFunc =   196  E =     -36.10238  RMSG = 3.7762969e-02
 MIN: Iter =   17  NFunc =   210  E =     -36.10317  RMSG = 7.5823966e-02
 MIN: Iter =   18  NFunc =   216  E =     -36.10341  RMSG = 2.0430235e-02
 MIN: Iter =   19  NFunc =   229  E =     -36.10348  RMSG = 7.9616373e-03
 MIN: Iter =   20  NFunc =   240  E =     -36.10351  RMSG = 3.7762955e-03
 MIN: Iter =   21  NFunc =   280  E =     -36.10360  RMSG = 1.6692474e-02
 MIN: Iter =   22  NFunc =   286  E =     -36.10361  RMSG = 3.7728720e-03
 MIN: Iter =   23  NFunc =   336  E =     -36.10367  RMSG = 1.3619011e-02
 MIN: Iter =   24  NFunc =   342  E =     -36.10368  RMSG = 4.1487705e-03
 MIN: Iter =   25  NFunc =   350  E =     -36.10369  RMSG = 2.3189903e-03
 MIN: Iter =   26  NFunc =   359  E =     -36.10369  RMSG = 8.7365079e-04
 MIN: Iter =   27  NFunc =   375  E =     -36.10369  RMSG = 7.6017300e-04
 MIN: Iter =   28  NFunc =   385  E =     -36.10369  RMSG = 3.4610923e-04
----------------------------------------------------------------
 END:          :-)  E =     -36.10369  RMSG =   0.0003461

     bond:      0.532358958
    angle:      1.882940394
 dihedral:     13.873436596
    enb14:      3.813289504
    eel14:    -71.999359841
      enb:     -0.308986680
      eel:     35.005018800
      egb:    -18.902385242
    econs:      0.000000000
    esurf:      0.000000000
    Total:    -36.103687511
     frms:      0.000346109
====== rms.dat  ======================================================
#Frame      all_heavy
       1       0.1900
