====== tleap.out =====================================================
-I: Adding /home/case/amber24/dat/leap/prep to search path.
-I: Adding /home/case/amber24/dat/leap/lib to search path.
-I: Adding /home/case/amber24/dat/leap/parm to search path.
-I: Adding /home/case/amber24/dat/leap/cmd to search path.
-f: Source leap.in.

Welcome to LEaP!
(no leaprc in search path)
Sourcing: ./leap.in
Using Bondi radii
----- Source: /home/case/amber24/dat/leap/cmd/leaprc.gaff2
----- Source of /home/case/amber24/dat/leap/cmd/leaprc.gaff2 done
Log file: ./leap.log
Loading parameters: /home/case/amber24/dat/leap/parm/gaff2.dat
Reading title:
AMBER General Force Field for organic molecules (Version 2.2.20, March 2021)
Loading parameters: ./00H.frcmod
Reading force field modification type file (frcmod)
Reading title:
Remark line goes here
Loading Mol2 file: ./00H.mol2
Reading MOLECULE named 00H
Checking Unit.

/home/case/amber24/bin/teLeap: Warning!
The unperturbed charge of the unit (-2.001000) is not zero.

/home/case/amber24/bin/teLeap: Note.
Ignoring the warning from Unit Checking.

Building topology.
"order_residues" off: keep input residue order.
Building atom parameters.
Building bond parameters.
Building angle parameters.
Building proper torsion parameters.
Building improper torsion parameters.
 total 7 improper torsions applied
Building H-Bond parameters.
Incorporating Non-Bonded adjustments.
Not Marking per-residue atom chain types.
Marking per-residue atom chain types.
  (Residues lacking connect0/connect1 - 
   these don't have chain types marked:

	res	total affected

	00H	1
  )
 (no restraints)
	Quit

Exiting LEaP: Errors = 0; Warnings = 1; Notes = 1.
====== min.o =========================================================
Reading parm file (00H.parm7)
title:
00H                                                                             
no velocities were found
no velocities were found
	mm_options:  ntpr=5
	mm_options:  gb=1
	mm_options:  kappa=0.10395
	mm_options:  rgbmax=99.
	mm_options:  cut=99.0
	mm_options:  wcons=0.
     bond:      2.597714801
    angle:      6.600984683
 dihedral:     41.274371299
    enb14:      5.267469374
    eel14:    393.594582200
      enb:     -2.814798140
      eel:   -221.892845726
      egb:   -208.831024602
    econs:      0.000000000
    esurf:      0.000000000
    Total:     15.796453889
     frms:      9.506904865
Starting TNCG minimisation
 MIN: Iter =    0  NFunc =     1  E =      15.79645  RMSG = 9.5069049e+00
 MIN: Iter =    1  NFunc =     7  E =       7.69293  RMSG = 3.4480847e+00
 MIN: Iter =    2  NFunc =    15  E =       5.25154  RMSG = 2.0272048e+00
 MIN: Iter =    3  NFunc =    21  E =       4.45941  RMSG = 1.2667155e+00
 MIN: Iter =    4  NFunc =    28  E =       4.16985  RMSG = 5.8216604e-01
 MIN: Iter =    5  NFunc =    44  E =       3.77984  RMSG = 2.4726071e+00
 MIN: Iter =    6  NFunc =    64  E =       3.10303  RMSG = 4.1970487e+00
 MIN: Iter =    7  NFunc =    88  E =       2.05659  RMSG = 4.7060729e+00
 MIN: Iter =    8  NFunc =   105  E =       0.08723  RMSG = 5.1036304e+00
 MIN: Iter =    9  NFunc =   113  E =      -2.25670  RMSG = 4.7121390e+00
 MIN: Iter =   10  NFunc =   119  E =      -4.82746  RMSG = 4.0449865e+00
 MIN: Iter =   11  NFunc =   125  E =      -7.05980  RMSG = 2.8298680e+00
 MIN: Iter =   12  NFunc =   131  E =      -7.94039  RMSG = 1.0545824e+00
 MIN: Iter =   13  NFunc =   137  E =      -8.10151  RMSG = 4.9548866e-01
 MIN: Iter =   14  NFunc =   167  E =      -8.34622  RMSG = 1.3810948e+00
 MIN: Iter =   15  NFunc =   173  E =      -8.53198  RMSG = 5.8866176e-01
 MIN: Iter =   16  NFunc =   179  E =      -8.63227  RMSG = 1.0331549e+00
 MIN: Iter =   17  NFunc =   188  E =      -8.79966  RMSG = 5.1713717e-01
 MIN: Iter =   18  NFunc =   196  E =      -8.87314  RMSG = 4.4045319e-01
 MIN: Iter =   19  NFunc =   202  E =      -8.89927  RMSG = 1.7201789e-01
 MIN: Iter =   20  NFunc =   254  E =      -8.96508  RMSG = 3.3333255e-01
 MIN: Iter =   21  NFunc =   260  E =      -8.99456  RMSG = 2.3259235e-01
 MIN: Iter =   22  NFunc =   286  E =      -9.03004  RMSG = 2.7750071e-01
 MIN: Iter =   23  NFunc =   296  E =      -9.05477  RMSG = 2.6929441e-01
 MIN: Iter =   24  NFunc =   302  E =      -9.06447  RMSG = 9.7688071e-02
 MIN: Iter =   25  NFunc =   308  E =      -9.06673  RMSG = 6.5174357e-02
 MIN: Iter =   26  NFunc =   339  E =      -9.07086  RMSG = 7.5687468e-02
 MIN: Iter =   27  NFunc =   363  E =      -9.07295  RMSG = 3.1431992e-02
 MIN: Iter =   28  NFunc =   395  E =      -9.07389  RMSG = 2.2895693e-02
 MIN: Iter =   29  NFunc =   414  E =      -9.07417  RMSG = 1.0504374e-02
 MIN: Iter =   30  NFunc =   438  E =      -9.07458  RMSG = 1.7487092e-02
 MIN: Iter =   31  NFunc =   451  E =      -9.07464  RMSG = 6.2749869e-03
 MIN: Iter =   32  NFunc =   477  E =      -9.07477  RMSG = 6.1342679e-03
 MIN: Iter =   33  NFunc =   498  E =      -9.07485  RMSG = 4.7069395e-03
 MIN: Iter =   34  NFunc =   519  E =      -9.07487  RMSG = 2.4870357e-03
 MIN: Iter =   35  NFunc =   544  E =      -9.07489  RMSG = 2.3223959e-03
 MIN: Iter =   36  NFunc =   553  E =      -9.07489  RMSG = 1.4593995e-03
 MIN: Iter =   37  NFunc =   584  E =      -9.07490  RMSG = 9.1420506e-04
 MIN: Iter =   38  NFunc =   611  E =      -9.07490  RMSG = 6.2063854e-04
 MIN: Iter =   39  NFunc =   633  E =      -9.07490  RMSG = 3.2587777e-04
----------------------------------------------------------------
 END:          :-)  E =      -9.07490  RMSG =   0.0003259

     bond:      3.151434490
    angle:      8.841152708
 dihedral:     27.692085519
    enb14:      3.379461461
    eel14:    369.111715316
      enb:     -3.392762580
      eel:   -205.031832365
      egb:   -212.826154233
    econs:      0.000000000
    esurf:      0.000000000
    Total:     -9.074899684
     frms:      0.000325878
====== rms.dat  ======================================================
#Frame      all_heavy
       1       0.5734
