====== tleap.out =====================================================
-I: Adding /home/case/amber24/dat/leap/prep to search path.
-I: Adding /home/case/amber24/dat/leap/lib to search path.
-I: Adding /home/case/amber24/dat/leap/parm to search path.
-I: Adding /home/case/amber24/dat/leap/cmd to search path.
-f: Source leap.in.

Welcome to LEaP!
(no leaprc in search path)
Sourcing: ./leap.in
Using Bondi radii
----- Source: /home/case/amber24/dat/leap/cmd/leaprc.gaff2
----- Source of /home/case/amber24/dat/leap/cmd/leaprc.gaff2 done
Log file: ./leap.log
Loading parameters: /home/case/amber24/dat/leap/parm/gaff2.dat
Reading title:
AMBER General Force Field for organic molecules (Version 2.2.20, March 2021)
Loading parameters: ./015.frcmod
Reading force field modification type file (frcmod)
Reading title:
Remark line goes here
Loading Mol2 file: ./015.mol2
Reading MOLECULE named 015
Checking Unit.
Building topology.
"order_residues" off: keep input residue order.
Building atom parameters.
Building bond parameters.
Building angle parameters.
Building proper torsion parameters.
Building improper torsion parameters.
 total 12 improper torsions applied
Building H-Bond parameters.
Incorporating Non-Bonded adjustments.
Not Marking per-residue atom chain types.
Marking per-residue atom chain types.
  (Residues lacking connect0/connect1 - 
   these don't have chain types marked:

	res	total affected

	015	1
  )
 (no restraints)
	Quit

Exiting LEaP: Errors = 0; Warnings = 0; Notes = 0.
====== min.o =========================================================
Reading parm file (015.parm7)
title:
015                                                                             
no velocities were found
no velocities were found
	mm_options:  ntpr=5
	mm_options:  gb=1
	mm_options:  kappa=0.10395
	mm_options:  rgbmax=99.
	mm_options:  cut=99.0
	mm_options:  wcons=0.
     bond:      0.714517438
    angle:      1.792533144
 dihedral:      3.612762380
    enb14:     11.538560678
    eel14:     28.125562196
      enb:      0.568748107
      eel:    -40.023730195
      egb:    -16.335895767
    econs:      0.000000000
    esurf:      0.000000000
    Total:    -10.006942020
     frms:      6.006138587
Starting TNCG minimisation
 MIN: Iter =    0  NFunc =     1  E =     -10.00694  RMSG = 6.0061386e+00
 MIN: Iter =    1  NFunc =     8  E =     -15.21329  RMSG = 2.3891260e+00
 MIN: Iter =    2  NFunc =    21  E =     -16.98475  RMSG = 7.4773496e-01
 MIN: Iter =    3  NFunc =    37  E =     -17.26230  RMSG = 3.4998188e-01
 MIN: Iter =    4  NFunc =    54  E =     -17.36446  RMSG = 2.0357484e-01
 MIN: Iter =    5  NFunc =   105  E =     -17.45052  RMSG = 5.3065831e-01
 MIN: Iter =    6  NFunc =   111  E =     -17.50430  RMSG = 1.6416017e-01
 MIN: Iter =    7  NFunc =   139  E =     -17.53394  RMSG = 1.5155202e-01
 MIN: Iter =    8  NFunc =   145  E =     -17.55480  RMSG = 1.4599737e-01
 MIN: Iter =    9  NFunc =   154  E =     -17.57035  RMSG = 1.0262339e-01
 MIN: Iter =   10  NFunc =   168  E =     -17.58647  RMSG = 1.1740481e-01
 MIN: Iter =   11  NFunc =   176  E =     -17.59060  RMSG = 5.1113532e-02
 MIN: Iter =   12  NFunc =   186  E =     -17.59442  RMSG = 4.3463744e-02
 MIN: Iter =   13  NFunc =   211  E =     -17.59998  RMSG = 5.9472105e-02
 MIN: Iter =   14  NFunc =   217  E =     -17.60071  RMSG = 2.6932778e-02
 MIN: Iter =   15  NFunc =   261  E =     -17.60928  RMSG = 5.1760427e-02
 MIN: Iter =   16  NFunc =   281  E =     -17.61475  RMSG = 4.8396755e-02
 MIN: Iter =   17  NFunc =   288  E =     -17.61549  RMSG = 2.0752648e-02
 MIN: Iter =   18  NFunc =   297  E =     -17.61574  RMSG = 1.2796523e-02
 MIN: Iter =   19  NFunc =   348  E =     -17.61644  RMSG = 1.3605075e-02
 MIN: Iter =   20  NFunc =   357  E =     -17.61655  RMSG = 7.7004980e-03
 MIN: Iter =   21  NFunc =   381  E =     -17.61671  RMSG = 4.7255403e-03
 MIN: Iter =   22  NFunc =   425  E =     -17.61682  RMSG = 2.8646347e-03
 MIN: Iter =   23  NFunc =   455  E =     -17.61685  RMSG = 2.4228971e-03
 MIN: Iter =   24  NFunc =   470  E =     -17.61686  RMSG = 2.0419473e-03
 MIN: Iter =   25  NFunc =   478  E =     -17.61686  RMSG = 8.6571619e-04
 MIN: Iter =   26  NFunc =   506  E =     -17.61686  RMSG = 8.8932047e-04
 MIN: Iter =   27  NFunc =   533  E =     -17.61687  RMSG = 4.4049931e-04
----------------------------------------------------------------
 END:          :-)  E =     -17.61687  RMSG =   0.0004405

     bond:      1.748858828
    angle:      2.358031399
 dihedral:      3.649026314
    enb14:      8.875503630
    eel14:     28.418662930
      enb:      0.722865364
      eel:    -45.130333859
      egb:    -18.259481847
    econs:      0.000000000
    esurf:      0.000000000
    Total:    -17.616867243
     frms:      0.000440499
====== rms.dat  ======================================================
#Frame      all_heavy
       1       0.2467
