====== tleap.out =====================================================
-I: Adding /home/case/amber24/dat/leap/prep to search path.
-I: Adding /home/case/amber24/dat/leap/lib to search path.
-I: Adding /home/case/amber24/dat/leap/parm to search path.
-I: Adding /home/case/amber24/dat/leap/cmd to search path.
-f: Source leap.in.

Welcome to LEaP!
(no leaprc in search path)
Sourcing: ./leap.in
Using Bondi radii
----- Source: /home/case/amber24/dat/leap/cmd/leaprc.gaff2
----- Source of /home/case/amber24/dat/leap/cmd/leaprc.gaff2 done
Log file: ./leap.log
Loading parameters: /home/case/amber24/dat/leap/parm/gaff2.dat
Reading title:
AMBER General Force Field for organic molecules (Version 2.2.20, March 2021)
Loading parameters: ./01A.frcmod
Reading force field modification type file (frcmod)
Reading title:
Remark line goes here
Loading Mol2 file: ./01A.mol2
Reading MOLECULE named 01A
Checking Unit.

/home/case/amber24/bin/teLeap: Warning!
The unperturbed charge of the unit (-4.002997) is not zero.

/home/case/amber24/bin/teLeap: Note.
Ignoring the warning from Unit Checking.

Building topology.
"order_residues" off: keep input residue order.
Building atom parameters.
Building bond parameters.
Building angle parameters.
Building proper torsion parameters.
Building improper torsion parameters.
 total 18 improper torsions applied
Building H-Bond parameters.
Incorporating Non-Bonded adjustments.
Not Marking per-residue atom chain types.
Marking per-residue atom chain types.
  (Residues lacking connect0/connect1 - 
   these don't have chain types marked:

	res	total affected

	01A	1
  )
 (no restraints)
	Quit

Exiting LEaP: Errors = 0; Warnings = 1; Notes = 1.
====== min.o =========================================================
Reading parm file (01A.parm7)
title:
01A                                                                             
no velocities were found
no velocities were found
	mm_options:  ntpr=5
	mm_options:  gb=1
	mm_options:  kappa=0.10395
	mm_options:  rgbmax=99.
	mm_options:  cut=99.0
	mm_options:  wcons=0.
     bond:      8.052202287
    angle:     45.058121553
 dihedral:     98.186069631
    enb14:     19.825822689
    eel14:   -457.531153492
      enb:     -9.270614584
      eel:    254.581086692
      egb:   -571.797815311
    econs:      0.000000000
    esurf:      0.000000000
    Total:   -612.896280533
     frms:     13.883445661
Starting TNCG minimisation
 MIN: Iter =    0  NFunc =     1  E =    -612.89628  RMSG = 1.3883446e+01
 MIN: Iter =    1  NFunc =     7  E =    -646.30857  RMSG = 3.5023558e+00
 MIN: Iter =    2  NFunc =    17  E =    -653.66191  RMSG = 1.5326830e+00
 MIN: Iter =    3  NFunc =    33  E =    -655.62100  RMSG = 1.0369469e+00
 MIN: Iter =    4  NFunc =    77  E =    -656.89700  RMSG = 8.6154256e-01
 MIN: Iter =    5  NFunc =    99  E =    -657.64317  RMSG = 6.8753064e-01
 MIN: Iter =    6  NFunc =   105  E =    -657.83193  RMSG = 2.9328040e-01
 MIN: Iter =    7  NFunc =   156  E =    -658.11760  RMSG = 3.2475803e-01
 MIN: Iter =    8  NFunc =   167  E =    -658.30794  RMSG = 3.4174128e-01
 MIN: Iter =    9  NFunc =   185  E =    -658.48147  RMSG = 3.2075846e-01
 MIN: Iter =   10  NFunc =   196  E =    -658.62976  RMSG = 2.9223363e-01
 MIN: Iter =   11  NFunc =   203  E =    -658.73186  RMSG = 2.6643797e-01
 MIN: Iter =   12  NFunc =   227  E =    -658.88139  RMSG = 2.7527764e-01
 MIN: Iter =   13  NFunc =   238  E =    -659.00695  RMSG = 2.3731451e-01
 MIN: Iter =   14  NFunc =   247  E =    -659.06663  RMSG = 1.3096212e-01
 MIN: Iter =   15  NFunc =   289  E =    -659.17499  RMSG = 2.2699446e-01
 MIN: Iter =   16  NFunc =   310  E =    -659.23883  RMSG = 1.1228718e-01
 MIN: Iter =   17  NFunc =   326  E =    -659.26410  RMSG = 6.8704528e-02
 MIN: Iter =   18  NFunc =   377  E =    -659.30558  RMSG = 1.9523748e-01
 MIN: Iter =   19  NFunc =   383  E =    -659.31594  RMSG = 6.7756539e-02
 MIN: Iter =   20  NFunc =   428  E =    -659.35639  RMSG = 1.4250026e-01
 MIN: Iter =   21  NFunc =   434  E =    -659.36151  RMSG = 4.8789709e-02
 MIN: Iter =   22  NFunc =   485  E =    -659.39426  RMSG = 2.2596052e-01
 MIN: Iter =   23  NFunc =   491  E =    -659.40386  RMSG = 6.3987016e-02
 MIN: Iter =   24  NFunc =   542  E =    -659.43530  RMSG = 3.2378880e-01
 MIN: Iter =   25  NFunc =   548  E =    -659.45233  RMSG = 6.8025829e-02
 MIN: Iter =   26  NFunc =   599  E =    -659.49174  RMSG = 1.5384783e-01
 MIN: Iter =   27  NFunc =   608  E =    -659.50137  RMSG = 5.9559796e-02
 MIN: Iter =   28  NFunc =   659  E =    -659.51629  RMSG = 1.8952089e-01
 MIN: Iter =   29  NFunc =   665  E =    -659.52314  RMSG = 3.4495755e-02
 MIN: Iter =   30  NFunc =   716  E =    -659.53154  RMSG = 7.8934676e-02
 MIN: Iter =   31  NFunc =   731  E =    -659.53578  RMSG = 2.6760933e-02
 MIN: Iter =   32  NFunc =   770  E =    -659.54048  RMSG = 4.0592588e-02
 MIN: Iter =   33  NFunc =   796  E =    -659.54211  RMSG = 1.3138322e-02
 MIN: Iter =   34  NFunc =   838  E =    -659.54380  RMSG = 1.5638364e-02
 MIN: Iter =   35  NFunc =   872  E =    -659.54468  RMSG = 9.0077550e-03
 MIN: Iter =   36  NFunc =   908  E =    -659.54505  RMSG = 5.2808970e-03
 MIN: Iter =   37  NFunc =   959  E =    -659.54546  RMSG = 8.9968310e-03
 MIN: Iter =   38  NFunc =  1010  E =    -659.54589  RMSG = 9.2245485e-03
 MIN: Iter =   39  NFunc =  1028  E =    -659.54600  RMSG = 4.2015326e-03
 MIN: Iter =   40  NFunc =  1058  E =    -659.54612  RMSG = 3.1902533e-03
 MIN: Iter =   41  NFunc =  1096  E =    -659.54619  RMSG = 2.3942555e-03
 MIN: Iter =   42  NFunc =  1147  E =    -659.54627  RMSG = 3.3120400e-03
 MIN: Iter =   43  NFunc =  1174  E =    -659.54630  RMSG = 2.1965588e-03
 MIN: Iter =   44  NFunc =  1225  E =    -659.54634  RMSG = 1.8472847e-03
 MIN: Iter =   45  NFunc =  1270  E =    -659.54636  RMSG = 9.7324693e-04
 MIN: Iter =   46  NFunc =  1321  E =    -659.54637  RMSG = 1.0030207e-03
 MIN: Iter =   47  NFunc =  1372  E =    -659.54639  RMSG = 1.6535767e-03
 MIN: Iter =   48  NFunc =  1423  E =    -659.54641  RMSG = 1.0476690e-03
 MIN: Iter =   49  NFunc =  1448  E =    -659.54641  RMSG = 7.7543989e-04
 MIN: Iter =   50  NFunc =  1479  E =    -659.54642  RMSG = 6.6454721e-04
 MIN: Iter =   51  NFunc =  1530  E =    -659.54642  RMSG = 5.3588960e-04
 MIN: Iter =   52  NFunc =  1573  E =    -659.54642  RMSG = 3.2866868e-04
----------------------------------------------------------------
 END:          :-)  E =    -659.54642  RMSG =   0.0003287

     bond:      8.502729395
    angle:     36.932880119
 dihedral:     90.640389075
    enb14:     16.040193678
    eel14:   -509.006437024
      enb:     -8.862294835
      eel:    281.083770864
      egb:   -574.877655351
    econs:      0.000000000
    esurf:      0.000000000
    Total:   -659.546424079
     frms:      0.000328669
====== rms.dat  ======================================================
#Frame      all_heavy
       1       0.8338
