====== tleap.out =====================================================
-I: Adding /home/case/amber24/dat/leap/prep to search path.
-I: Adding /home/case/amber24/dat/leap/lib to search path.
-I: Adding /home/case/amber24/dat/leap/parm to search path.
-I: Adding /home/case/amber24/dat/leap/cmd to search path.
-f: Source leap.in.

Welcome to LEaP!
(no leaprc in search path)
Sourcing: ./leap.in
Using Bondi radii
----- Source: /home/case/amber24/dat/leap/cmd/leaprc.gaff2
----- Source of /home/case/amber24/dat/leap/cmd/leaprc.gaff2 done
Log file: ./leap.log
Loading parameters: /home/case/amber24/dat/leap/parm/gaff2.dat
Reading title:
AMBER General Force Field for organic molecules (Version 2.2.20, March 2021)
Loading parameters: ./02P.frcmod
Reading force field modification type file (frcmod)
Reading title:
Remark line goes here
Loading Mol2 file: ./02P.mol2
Reading MOLECULE named 02P
Checking Unit.

/home/case/amber24/bin/teLeap: Warning!
The unperturbed charge of the unit (1.002999) is not zero.

/home/case/amber24/bin/teLeap: Note.
Ignoring the warning from Unit Checking.

Building topology.
"order_residues" off: keep input residue order.
Building atom parameters.
Building bond parameters.
Building angle parameters.
Building proper torsion parameters.
Building improper torsion parameters.
 total 16 improper torsions applied
Building H-Bond parameters.
Incorporating Non-Bonded adjustments.
Not Marking per-residue atom chain types.
Marking per-residue atom chain types.
  (Residues lacking connect0/connect1 - 
   these don't have chain types marked:

	res	total affected

	02P	1
  )
 (no restraints)
	Quit

Exiting LEaP: Errors = 0; Warnings = 1; Notes = 1.
====== min.o =========================================================
Reading parm file (02P.parm7)
title:
02P                                                                             
no velocities were found
no velocities were found
	mm_options:  ntpr=5
	mm_options:  gb=1
	mm_options:  kappa=0.10395
	mm_options:  rgbmax=99.
	mm_options:  cut=99.0
	mm_options:  wcons=0.
     bond:      4.663716570
    angle:      5.637667025
 dihedral:     23.485397073
    enb14:     15.294777847
    eel14:    206.979255255
      enb:     -4.407186783
      eel:   -141.732414436
      egb:    -74.856199012
    econs:      0.000000000
    esurf:      0.000000000
    Total:     35.065013541
     frms:      9.191170689
Starting TNCG minimisation
 MIN: Iter =    0  NFunc =     1  E =      35.06501  RMSG = 9.1911707e+00
 MIN: Iter =    1  NFunc =     7  E =      21.99346  RMSG = 2.9772862e+00
 MIN: Iter =    2  NFunc =    13  E =      19.93148  RMSG = 1.1623838e+00
 MIN: Iter =    3  NFunc =    26  E =      18.33511  RMSG = 7.5592763e-01
 MIN: Iter =    4  NFunc =    50  E =      17.26723  RMSG = 4.6806240e-01
 MIN: Iter =    5  NFunc =    65  E =      16.73295  RMSG = 6.3025959e-01
 MIN: Iter =    6  NFunc =    77  E =      16.38071  RMSG = 6.8295856e-01
 MIN: Iter =    7  NFunc =   112  E =      15.98656  RMSG = 7.4530977e-01
 MIN: Iter =    8  NFunc =   124  E =      15.73419  RMSG = 5.1204984e-01
 MIN: Iter =    9  NFunc =   132  E =      15.59484  RMSG = 3.3067979e-01
 MIN: Iter =   10  NFunc =   150  E =      15.49474  RMSG = 2.3084571e-01
 MIN: Iter =   11  NFunc =   177  E =      15.38805  RMSG = 4.0947655e-01
 MIN: Iter =   12  NFunc =   183  E =      15.36069  RMSG = 1.4300351e-01
 MIN: Iter =   13  NFunc =   206  E =      15.31220  RMSG = 2.6336696e-01
 MIN: Iter =   14  NFunc =   212  E =      15.29876  RMSG = 1.0764002e-01
 MIN: Iter =   15  NFunc =   231  E =      15.27060  RMSG = 1.2388274e-01
 MIN: Iter =   16  NFunc =   247  E =      15.25119  RMSG = 7.4296510e-02
 MIN: Iter =   17  NFunc =   270  E =      15.23347  RMSG = 6.8932057e-02
 MIN: Iter =   18  NFunc =   316  E =      15.20845  RMSG = 1.1186786e-01
 MIN: Iter =   19  NFunc =   324  E =      15.20500  RMSG = 4.5464917e-02
 MIN: Iter =   20  NFunc =   343  E =      15.20105  RMSG = 3.3695720e-02
 MIN: Iter =   21  NFunc =   376  E =      15.19854  RMSG = 1.7377491e-02
 MIN: Iter =   22  NFunc =   427  E =      15.19594  RMSG = 3.0384557e-02
 MIN: Iter =   23  NFunc =   433  E =      15.19567  RMSG = 1.7454083e-02
 MIN: Iter =   24  NFunc =   485  E =      15.19231  RMSG = 2.9304629e-02
 MIN: Iter =   25  NFunc =   499  E =      15.19055  RMSG = 3.2091426e-02
 MIN: Iter =   26  NFunc =   550  E =      15.18768  RMSG = 6.1850672e-02
 MIN: Iter =   27  NFunc =   562  E =      15.18584  RMSG = 2.6609818e-02
 MIN: Iter =   28  NFunc =   614  E =      15.18313  RMSG = 3.1046796e-02
 MIN: Iter =   29  NFunc =   627  E =      15.17957  RMSG = 4.3500803e-02
 MIN: Iter =   30  NFunc =   639  E =      15.17605  RMSG = 4.9694107e-02
 MIN: Iter =   31  NFunc =   650  E =      15.17240  RMSG = 5.8158490e-02
 MIN: Iter =   32  NFunc =   657  E =      15.16823  RMSG = 1.2773317e-01
 MIN: Iter =   33  NFunc =   663  E =      15.16257  RMSG = 5.0396679e-02
 MIN: Iter =   34  NFunc =   671  E =      15.15994  RMSG = 4.6702167e-02
 MIN: Iter =   35  NFunc =   678  E =      15.15707  RMSG = 5.6651210e-02
 MIN: Iter =   36  NFunc =   685  E =      15.15276  RMSG = 6.7386767e-02
 MIN: Iter =   37  NFunc =   691  E =      15.14695  RMSG = 1.3505310e-01
 MIN: Iter =   38  NFunc =   700  E =      15.13714  RMSG = 7.4078399e-02
 MIN: Iter =   39  NFunc =   716  E =      15.12880  RMSG = 1.8126793e-01
 MIN: Iter =   40  NFunc =   722  E =      15.12214  RMSG = 7.7321392e-02
 MIN: Iter =   41  NFunc =   737  E =      15.11786  RMSG = 5.7335527e-02
 MIN: Iter =   42  NFunc =   746  E =      15.11531  RMSG = 4.7397855e-02
 MIN: Iter =   43  NFunc =   755  E =      15.11383  RMSG = 2.7587912e-02
 MIN: Iter =   44  NFunc =   796  E =      15.11112  RMSG = 2.9555944e-02
 MIN: Iter =   45  NFunc =   847  E =      15.10961  RMSG = 1.9417021e-02
 MIN: Iter =   46  NFunc =   874  E =      15.10916  RMSG = 8.0352882e-03
 MIN: Iter =   47  NFunc =   895  E =      15.10900  RMSG = 5.5007296e-03
 MIN: Iter =   48  NFunc =   935  E =      15.10881  RMSG = 4.8530423e-03
 MIN: Iter =   49  NFunc =   953  E =      15.10878  RMSG = 2.4130957e-03
 MIN: Iter =   50  NFunc =   992  E =      15.10875  RMSG = 1.8047248e-03
 MIN: Iter =   51  NFunc =  1028  E =      15.10873  RMSG = 1.7071957e-03
 MIN: Iter =   52  NFunc =  1038  E =      15.10873  RMSG = 9.4461360e-04
 MIN: Iter =   53  NFunc =  1089  E =      15.10872  RMSG = 9.2318402e-04
 MIN: Iter =   54  NFunc =  1116  E =      15.10872  RMSG = 6.1487904e-04
 MIN: Iter =   55  NFunc =  1167  E =      15.10871  RMSG = 1.0293127e-03
 MIN: Iter =   56  NFunc =  1200  E =      15.10871  RMSG = 6.5171358e-04
 MIN: Iter =   57  NFunc =  1224  E =      15.10871  RMSG = 5.6524732e-04
 MIN: Iter =   58  NFunc =  1257  E =      15.10870  RMSG = 6.4725116e-04
 MIN: Iter =   59  NFunc =  1276  E =      15.10870  RMSG = 3.7682403e-04
----------------------------------------------------------------
 END:          :-)  E =      15.10870  RMSG =   0.0003768

     bond:      2.488918565
    angle:      4.320559263
 dihedral:     20.568747788
    enb14:      9.049750510
    eel14:    196.492558008
      enb:     -6.757208021
      eel:   -130.229492637
      egb:    -80.825130082
    econs:      0.000000000
    esurf:      0.000000000
    Total:     15.108703394
     frms:      0.000376824
====== rms.dat  ======================================================
#Frame      all_heavy
       1       0.8811
