====== tleap.out =====================================================
-I: Adding /home/case/amber24/dat/leap/prep to search path.
-I: Adding /home/case/amber24/dat/leap/lib to search path.
-I: Adding /home/case/amber24/dat/leap/parm to search path.
-I: Adding /home/case/amber24/dat/leap/cmd to search path.
-f: Source leap.in.

Welcome to LEaP!
(no leaprc in search path)
Sourcing: ./leap.in
Using Bondi radii
----- Source: /home/case/amber24/dat/leap/cmd/leaprc.gaff2
----- Source of /home/case/amber24/dat/leap/cmd/leaprc.gaff2 done
Log file: ./leap.log
Loading parameters: /home/case/amber24/dat/leap/parm/gaff2.dat
Reading title:
AMBER General Force Field for organic molecules (Version 2.2.20, March 2021)
Loading parameters: ./03D.frcmod
Reading force field modification type file (frcmod)
Reading title:
Remark line goes here
Loading Mol2 file: ./03D.mol2
Reading MOLECULE named 03D
Checking Unit.
Building topology.
"order_residues" off: keep input residue order.
Building atom parameters.
Building bond parameters.
Building angle parameters.
Building proper torsion parameters.

/home/case/amber24/bin/teLeap: Note.
1-4: angle 15 17 duplicates bond ('triangular' bond) or angle ('square' bond)


/home/case/amber24/bin/teLeap: Note.
1-4: angle 15 16 duplicates bond ('triangular' bond) or angle ('square' bond)


/home/case/amber24/bin/teLeap: Note.
1-4: angle 16 17 duplicates bond ('triangular' bond) or angle ('square' bond)

Building improper torsion parameters.
 total 8 improper torsions applied
Building H-Bond parameters.
Incorporating Non-Bonded adjustments.
Not Marking per-residue atom chain types.
Marking per-residue atom chain types.
  (Residues lacking connect0/connect1 - 
   these don't have chain types marked:

	res	total affected

	03D	1
  )
 (no restraints)
	Quit

Exiting LEaP: Errors = 0; Warnings = 0; Notes = 3.
====== min.o =========================================================
Reading parm file (03D.parm7)
title:
03D                                                                             
no velocities were found
no velocities were found
	mm_options:  ntpr=5
	mm_options:  gb=1
	mm_options:  kappa=0.10395
	mm_options:  rgbmax=99.
	mm_options:  cut=99.0
	mm_options:  wcons=0.
     bond:      1.552523880
    angle:      6.091808413
 dihedral:     27.569972197
    enb14:     18.459574755
    eel14:    114.096301656
      enb:    -11.896902893
      eel:   -112.857493895
      egb:    -27.438212084
    econs:      0.000000000
    esurf:      0.000000000
    Total:     15.577572029
     frms:      5.526027670
Starting TNCG minimisation
 MIN: Iter =    0  NFunc =     1  E =      15.57757  RMSG = 5.5260277e+00
 MIN: Iter =    1  NFunc =     7  E =       8.29389  RMSG = 1.7577807e+00
 MIN: Iter =    2  NFunc =    16  E =       5.39152  RMSG = 9.6820494e-01
 MIN: Iter =    3  NFunc =    29  E =       4.38357  RMSG = 4.9667550e-01
 MIN: Iter =    4  NFunc =    76  E =       4.07635  RMSG = 2.0319241e+00
 MIN: Iter =    5  NFunc =    82  E =       3.76709  RMSG = 2.2042088e-01
 MIN: Iter =    6  NFunc =   112  E =       3.62735  RMSG = 7.2272557e-01
 MIN: Iter =    7  NFunc =   124  E =       3.41294  RMSG = 1.3647237e+00
 MIN: Iter =    8  NFunc =   130  E =       3.16565  RMSG = 4.4960041e-01
 MIN: Iter =    9  NFunc =   144  E =       3.03525  RMSG = 5.9252658e-01
 MIN: Iter =   10  NFunc =   151  E =       2.89076  RMSG = 7.2299289e-01
 MIN: Iter =   11  NFunc =   158  E =       2.71470  RMSG = 8.4911837e-01
 MIN: Iter =   12  NFunc =   165  E =       2.49513  RMSG = 9.9367624e-01
 MIN: Iter =   13  NFunc =   171  E =       2.20353  RMSG = 1.8153209e+00
 MIN: Iter =   14  NFunc =   177  E =       1.83994  RMSG = 3.9088505e-01
 MIN: Iter =   15  NFunc =   184  E =       1.70647  RMSG = 5.4592108e-01
 MIN: Iter =   16  NFunc =   190  E =       1.56439  RMSG = 9.9201641e-01
 MIN: Iter =   17  NFunc =   196  E =       1.43530  RMSG = 2.2617721e-01
 MIN: Iter =   18  NFunc =   202  E =       1.37223  RMSG = 4.2845374e-01
 MIN: Iter =   19  NFunc =   208  E =       1.34206  RMSG = 1.3640647e-01
 MIN: Iter =   20  NFunc =   228  E =       1.28837  RMSG = 9.8413334e-02
 MIN: Iter =   21  NFunc =   270  E =       1.26687  RMSG = 6.7831733e-02
 MIN: Iter =   22  NFunc =   292  E =       1.26318  RMSG = 1.8021763e-02
 MIN: Iter =   23  NFunc =   343  E =       1.25708  RMSG = 4.4835466e-02
 MIN: Iter =   24  NFunc =   389  E =       1.25333  RMSG = 2.3736362e-02
 MIN: Iter =   25  NFunc =   407  E =       1.25241  RMSG = 1.0322824e-02
 MIN: Iter =   26  NFunc =   458  E =       1.25127  RMSG = 1.4083765e-02
 MIN: Iter =   27  NFunc =   472  E =       1.25106  RMSG = 6.4204259e-03
 MIN: Iter =   28  NFunc =   515  E =       1.25069  RMSG = 4.7284952e-03
 MIN: Iter =   29  NFunc =   533  E =       1.25065  RMSG = 2.3050701e-03
 MIN: Iter =   30  NFunc =   584  E =       1.25056  RMSG = 2.7817017e-03
 MIN: Iter =   31  NFunc =   635  E =       1.25046  RMSG = 3.9011625e-03
 MIN: Iter =   32  NFunc =   686  E =       1.25036  RMSG = 3.7216818e-03
 MIN: Iter =   33  NFunc =   696  E =       1.25035  RMSG = 1.6743096e-03
 MIN: Iter =   34  NFunc =   747  E =       1.25032  RMSG = 1.6662728e-03
 MIN: Iter =   35  NFunc =   798  E =       1.25030  RMSG = 1.7043272e-03
 MIN: Iter =   36  NFunc =   828  E =       1.25029  RMSG = 9.4534680e-04
 MIN: Iter =   37  NFunc =   879  E =       1.25028  RMSG = 7.3200701e-04
 MIN: Iter =   38  NFunc =   930  E =       1.25028  RMSG = 6.0873212e-04
 MIN: Iter =   39  NFunc =   981  E =       1.25028  RMSG = 5.7432709e-04
 MIN: Iter =   40  NFunc =  1010  E =       1.25027  RMSG = 5.8957446e-04
 MIN: Iter =   41  NFunc =  1061  E =       1.25027  RMSG = 7.4713009e-04
 MIN: Iter =   42  NFunc =  1090  E =       1.25027  RMSG = 6.0516555e-04
 MIN: Iter =   43  NFunc =  1121  E =       1.25026  RMSG = 3.1009184e-04
----------------------------------------------------------------
 END:          :-)  E =       1.25026  RMSG =   0.0003101

     bond:      2.432703195
    angle:      3.812605373
 dihedral:     27.574925874
    enb14:     13.150041857
    eel14:    113.820397449
      enb:    -13.288099008
      eel:   -118.989540130
      egb:    -27.262770772
    econs:      0.000000000
    esurf:      0.000000000
    Total:      1.250263839
     frms:      0.000310092
====== rms.dat  ======================================================
#Frame      all_heavy
       1       0.2023
