====== tleap.out =====================================================
-I: Adding /home/case/amber24/dat/leap/prep to search path.
-I: Adding /home/case/amber24/dat/leap/lib to search path.
-I: Adding /home/case/amber24/dat/leap/parm to search path.
-I: Adding /home/case/amber24/dat/leap/cmd to search path.
-f: Source leap.in.

Welcome to LEaP!
(no leaprc in search path)
Sourcing: ./leap.in
Using Bondi radii
----- Source: /home/case/amber24/dat/leap/cmd/leaprc.gaff2
----- Source of /home/case/amber24/dat/leap/cmd/leaprc.gaff2 done
Log file: ./leap.log
Loading parameters: /home/case/amber24/dat/leap/parm/gaff2.dat
Reading title:
AMBER General Force Field for organic molecules (Version 2.2.20, March 2021)
Loading parameters: ./03N.frcmod
Reading force field modification type file (frcmod)
Reading title:
Remark line goes here
Loading Mol2 file: ./03N.mol2
Reading MOLECULE named 03N
Checking Unit.
Building topology.
"order_residues" off: keep input residue order.
Building atom parameters.
Building bond parameters.
Building angle parameters.
Building proper torsion parameters.
Building improper torsion parameters.
 total 3 improper torsions applied
Building H-Bond parameters.
Incorporating Non-Bonded adjustments.
Not Marking per-residue atom chain types.
Marking per-residue atom chain types.
  (Residues lacking connect0/connect1 - 
   these don't have chain types marked:

	res	total affected

	03N	1
  )
 (no restraints)
	Quit

Exiting LEaP: Errors = 0; Warnings = 0; Notes = 0.
====== min.o =========================================================
Reading parm file (03N.parm7)
title:
03N                                                                             
no velocities were found
no velocities were found
	mm_options:  ntpr=5
	mm_options:  gb=1
	mm_options:  kappa=0.10395
	mm_options:  rgbmax=99.
	mm_options:  cut=99.0
	mm_options:  wcons=0.
     bond:      0.646874958
    angle:      1.526572756
 dihedral:      5.686854324
    enb14:      7.842752323
    eel14:   -274.899372306
      enb:      1.196692605
      eel:     72.189047893
      egb:    -21.939334816
    econs:      0.000000000
    esurf:      0.000000000
    Total:   -207.749912265
     frms:      8.332650332
Starting TNCG minimisation
 MIN: Iter =    0  NFunc =     1  E =    -207.74991  RMSG = 8.3326503e+00
 MIN: Iter =    1  NFunc =     7  E =    -214.24546  RMSG = 2.6910183e+00
 MIN: Iter =    2  NFunc =    14  E =    -215.51472  RMSG = 1.3740369e+00
 MIN: Iter =    3  NFunc =    54  E =    -216.13244  RMSG = 1.5451527e+00
 MIN: Iter =    4  NFunc =    61  E =    -216.68764  RMSG = 1.5724299e+00
 MIN: Iter =    5  NFunc =    67  E =    -217.25424  RMSG = 1.4537870e+00
 MIN: Iter =    6  NFunc =    73  E =    -217.71996  RMSG = 1.3023929e+00
 MIN: Iter =    7  NFunc =    79  E =    -217.96694  RMSG = 8.0645666e-01
 MIN: Iter =    8  NFunc =    85  E =    -218.09672  RMSG = 6.8243208e-01
 MIN: Iter =    9  NFunc =    95  E =    -218.15949  RMSG = 2.7756826e-01
 MIN: Iter =   10  NFunc =   110  E =    -218.20876  RMSG = 2.3500691e-01
 MIN: Iter =   11  NFunc =   117  E =    -218.22041  RMSG = 1.5334850e-01
 MIN: Iter =   12  NFunc =   129  E =    -218.22696  RMSG = 7.3638649e-02
 MIN: Iter =   13  NFunc =   140  E =    -218.23183  RMSG = 7.5053390e-02
 MIN: Iter =   14  NFunc =   151  E =    -218.23339  RMSG = 2.8714473e-02
 MIN: Iter =   15  NFunc =   164  E =    -218.23406  RMSG = 1.5888319e-02
 MIN: Iter =   16  NFunc =   177  E =    -218.23427  RMSG = 9.4955750e-03
 MIN: Iter =   17  NFunc =   195  E =    -218.23433  RMSG = 4.5011294e-03
 MIN: Iter =   18  NFunc =   213  E =    -218.23435  RMSG = 3.3288859e-03
 MIN: Iter =   19  NFunc =   229  E =    -218.23436  RMSG = 2.5271231e-03
 MIN: Iter =   20  NFunc =   244  E =    -218.23437  RMSG = 1.7232354e-03
 MIN: Iter =   21  NFunc =   262  E =    -218.23437  RMSG = 8.3880006e-04
 MIN: Iter =   22  NFunc =   282  E =    -218.23437  RMSG = 3.9523063e-04
----------------------------------------------------------------
 END:          :-)  E =    -218.23437  RMSG =   0.0003952

     bond:      3.347146210
    angle:      2.743445378
 dihedral:      8.667969956
    enb14:      3.995335838
    eel14:   -288.083213177
      enb:     -1.745508771
      eel:     74.776642942
      egb:    -21.936191169
    econs:      0.000000000
    esurf:      0.000000000
    Total:   -218.234372794
     frms:      0.000395231
====== rms.dat  ======================================================
#Frame      all_heavy
       1       0.3562
