====== tleap.out =====================================================
-I: Adding /home/case/amber24/dat/leap/prep to search path.
-I: Adding /home/case/amber24/dat/leap/lib to search path.
-I: Adding /home/case/amber24/dat/leap/parm to search path.
-I: Adding /home/case/amber24/dat/leap/cmd to search path.
-f: Source leap.in.

Welcome to LEaP!
(no leaprc in search path)
Sourcing: ./leap.in
Using Bondi radii
----- Source: /home/case/amber24/dat/leap/cmd/leaprc.gaff2
----- Source of /home/case/amber24/dat/leap/cmd/leaprc.gaff2 done
Log file: ./leap.log
Loading parameters: /home/case/amber24/dat/leap/parm/gaff2.dat
Reading title:
AMBER General Force Field for organic molecules (Version 2.2.20, March 2021)
Loading parameters: ./049.frcmod
Reading force field modification type file (frcmod)
Reading title:
Remark line goes here
Loading Mol2 file: ./049.mol2
Reading MOLECULE named 049
Checking Unit.
Building topology.
"order_residues" off: keep input residue order.
Building atom parameters.
Building bond parameters.
Building angle parameters.
Building proper torsion parameters.

/home/case/amber24/bin/teLeap: Note.
1-4: angle 6 9 duplicates bond ('triangular' bond) or angle ('square' bond)


/home/case/amber24/bin/teLeap: Note.
1-4: angle 6 8 duplicates bond ('triangular' bond) or angle ('square' bond)


/home/case/amber24/bin/teLeap: Note.
1-4: angle 8 9 duplicates bond ('triangular' bond) or angle ('square' bond)

Building improper torsion parameters.
 total 8 improper torsions applied
Building H-Bond parameters.
Incorporating Non-Bonded adjustments.
Not Marking per-residue atom chain types.
Marking per-residue atom chain types.
  (Residues lacking connect0/connect1 - 
   these don't have chain types marked:

	res	total affected

	049	1
  )
 (no restraints)
	Quit

Exiting LEaP: Errors = 0; Warnings = 0; Notes = 3.
====== min.o =========================================================
Reading parm file (049.parm7)
title:
049                                                                             
no velocities were found
no velocities were found
	mm_options:  ntpr=5
	mm_options:  gb=1
	mm_options:  kappa=0.10395
	mm_options:  rgbmax=99.
	mm_options:  cut=99.0
	mm_options:  wcons=0.
     bond:      1.701791002
    angle:      2.715548762
 dihedral:     42.007243294
    enb14:      7.980682135
    eel14:     15.681426114
      enb:     -3.331747600
      eel:    -47.598448184
      egb:    -20.572207298
    econs:      0.000000000
    esurf:      0.000000000
    Total:     -1.415711776
     frms:      7.316097952
Starting TNCG minimisation
 MIN: Iter =    0  NFunc =     1  E =      -1.41571  RMSG = 7.3160980e+00
 MIN: Iter =    1  NFunc =     7  E =      -5.68831  RMSG = 1.6249543e+00
 MIN: Iter =    2  NFunc =    14  E =      -6.41002  RMSG = 6.4406446e-01
 MIN: Iter =    3  NFunc =    34  E =      -6.73337  RMSG = 1.4897258e+00
 MIN: Iter =    4  NFunc =    43  E =      -6.87895  RMSG = 3.4401713e-01
 MIN: Iter =    5  NFunc =    74  E =      -7.03952  RMSG = 7.5584641e-01
 MIN: Iter =    6  NFunc =    83  E =      -7.12677  RMSG = 3.2178693e-01
 MIN: Iter =    7  NFunc =   105  E =      -7.30462  RMSG = 9.2315432e-01
 MIN: Iter =    8  NFunc =   128  E =      -7.50219  RMSG = 1.5372661e+00
 MIN: Iter =    9  NFunc =   134  E =      -7.68753  RMSG = 3.0819034e-01
 MIN: Iter =   10  NFunc =   149  E =      -7.78501  RMSG = 4.3222934e-01
 MIN: Iter =   11  NFunc =   158  E =      -7.86339  RMSG = 1.0238273e+00
 MIN: Iter =   12  NFunc =   164  E =      -7.95953  RMSG = 2.4498368e-01
 MIN: Iter =   13  NFunc =   171  E =      -7.98281  RMSG = 5.2900363e-01
 MIN: Iter =   14  NFunc =   191  E =      -8.07992  RMSG = 5.6893889e-01
 MIN: Iter =   15  NFunc =   197  E =      -8.11153  RMSG = 1.7876465e-01
 MIN: Iter =   16  NFunc =   215  E =      -8.13925  RMSG = 3.4098321e-01
 MIN: Iter =   17  NFunc =   221  E =      -8.14884  RMSG = 9.8113787e-02
 MIN: Iter =   18  NFunc =   249  E =      -8.17273  RMSG = 1.0684178e-01
 MIN: Iter =   19  NFunc =   255  E =      -8.17430  RMSG = 4.4475084e-02
 MIN: Iter =   20  NFunc =   302  E =      -8.18226  RMSG = 1.6760356e-01
 MIN: Iter =   21  NFunc =   308  E =      -8.18499  RMSG = 4.6099320e-02
 MIN: Iter =   22  NFunc =   342  E =      -8.18981  RMSG = 7.8747439e-02
 MIN: Iter =   23  NFunc =   348  E =      -8.19068  RMSG = 2.5394604e-02
 MIN: Iter =   24  NFunc =   364  E =      -8.19116  RMSG = 1.2236289e-02
 MIN: Iter =   25  NFunc =   377  E =      -8.19127  RMSG = 6.9064505e-03
 MIN: Iter =   26  NFunc =   412  E =      -8.19150  RMSG = 4.5509087e-03
 MIN: Iter =   27  NFunc =   436  E =      -8.19154  RMSG = 2.7032502e-03
 MIN: Iter =   28  NFunc =   464  E =      -8.19156  RMSG = 1.7686311e-03
 MIN: Iter =   29  NFunc =   472  E =      -8.19156  RMSG = 1.0542281e-03
 MIN: Iter =   30  NFunc =   490  E =      -8.19156  RMSG = 7.1041887e-04
 MIN: Iter =   31  NFunc =   497  E =      -8.19156  RMSG = 5.9165272e-04
 MIN: Iter =   32  NFunc =   530  E =      -8.19156  RMSG = 4.4209987e-04
----------------------------------------------------------------
 END:          :-)  E =      -8.19156  RMSG =   0.0004421

     bond:      1.211160050
    angle:      3.151861704
 dihedral:     40.308734145
    enb14:      5.879705794
    eel14:     16.085626633
      enb:     -3.722011399
      eel:    -50.937854189
      egb:    -20.168785139
    econs:      0.000000000
    esurf:      0.000000000
    Total:     -8.191562401
     frms:      0.000442100
====== rms.dat  ======================================================
#Frame      all_heavy
       1       0.2210
