====== tleap.out =====================================================
-I: Adding /home/case/amber24/dat/leap/prep to search path.
-I: Adding /home/case/amber24/dat/leap/lib to search path.
-I: Adding /home/case/amber24/dat/leap/parm to search path.
-I: Adding /home/case/amber24/dat/leap/cmd to search path.
-f: Source leap.in.

Welcome to LEaP!
(no leaprc in search path)
Sourcing: ./leap.in
Using Bondi radii
----- Source: /home/case/amber24/dat/leap/cmd/leaprc.gaff2
----- Source of /home/case/amber24/dat/leap/cmd/leaprc.gaff2 done
Log file: ./leap.log
Loading parameters: /home/case/amber24/dat/leap/parm/gaff2.dat
Reading title:
AMBER General Force Field for organic molecules (Version 2.2.20, March 2021)

/home/case/amber24/bin/teLeap: Error!
Decimal point follows exponent in NUMBER-like token (04E.frcmod).
Loading parameters: ./04E.frcmod
Reading force field modification type file (frcmod)
Reading title:
Remark line goes here

/home/case/amber24/bin/teLeap: Error!
Decimal point follows exponent in NUMBER-like token (04E.mol2).
Loading Mol2 file: ./04E.mol2
Reading MOLECULE named 04E

/home/case/amber24/bin/teLeap: Error!
Decimal point follows exponent in NUMBER-like token (04E.parm7).

/home/case/amber24/bin/teLeap: Error!
Decimal point follows exponent in NUMBER-like token (04E.x).
Checking Unit.

/home/case/amber24/bin/teLeap: Warning!
The unperturbed charge of the unit (-1.000000) is not zero.

/home/case/amber24/bin/teLeap: Note.
Ignoring the warning from Unit Checking.

Building topology.
"order_residues" off: keep input residue order.
Building atom parameters.
Building bond parameters.
Building angle parameters.
Building proper torsion parameters.
Building improper torsion parameters.
 total 1 improper torsion applied
Building H-Bond parameters.
Incorporating Non-Bonded adjustments.
Not Marking per-residue atom chain types.
Marking per-residue atom chain types.
  (Residues lacking connect0/connect1 - 
   these don't have chain types marked:

	res	total affected

	04E	1
  )
 (no restraints)
	Quit

Exiting LEaP: Errors = 4; Warnings = 1; Notes = 1.
====== min.o =========================================================
Reading parm file (04E.parm7)
title:
04E                                                                             
no velocities were found
no velocities were found
	mm_options:  ntpr=5
	mm_options:  gb=1
	mm_options:  kappa=0.10395
	mm_options:  rgbmax=99.
	mm_options:  cut=99.0
	mm_options:  wcons=0.
     bond:      0.836829676
    angle:      3.735847091
 dihedral:      3.520001110
    enb14:      0.357206496
    eel14:     32.915855915
      enb:      0.000000000
      eel:      0.000000000
      egb:    -76.890496219
    econs:      0.000000000
    esurf:      0.000000000
    Total:    -35.524755930
     frms:     14.689446591
Starting TNCG minimisation
 MIN: Iter =    0  NFunc =     1  E =     -35.52476  RMSG = 1.4689447e+01
 MIN: Iter =    1  NFunc =     7  E =     -39.43110  RMSG = 1.4891921e+00
 MIN: Iter =    2  NFunc =    13  E =     -39.49625  RMSG = 1.4498375e-01
 MIN: Iter =    3  NFunc =    19  E =     -39.49730  RMSG = 8.3650619e-03
 MIN: Iter =    4  NFunc =    25  E =     -39.49730  RMSG = 4.0073450e-03
 MIN: Iter =    5  NFunc =    30  E =     -39.49732  RMSG = 3.0875672e-02
 MIN: Iter =    6  NFunc =    37  E =     -39.49738  RMSG = 3.7025670e-02
 MIN: Iter =    7  NFunc =    46  E =     -39.49758  RMSG = 9.3762538e-02
 MIN: Iter =    8  NFunc =    53  E =     -39.49797  RMSG = 2.8898303e-02
 MIN: Iter =    9  NFunc =    58  E =     -39.49815  RMSG = 7.9830246e-02
 MIN: Iter =   10  NFunc =    66  E =     -39.49906  RMSG = 1.3383995e-01
 MIN: Iter =   11  NFunc =    76  E =     -39.50213  RMSG = 2.7234486e-01
 MIN: Iter =   12  NFunc =    87  E =     -39.50825  RMSG = 5.0124445e-01
 MIN: Iter =   13  NFunc =    99  E =     -39.51768  RMSG = 7.4218079e-01
 MIN: Iter =   14  NFunc =   106  E =     -39.53114  RMSG = 7.6258377e-01
 MIN: Iter =   15  NFunc =   113  E =     -39.54609  RMSG = 7.8524396e-01
 MIN: Iter =   16  NFunc =   120  E =     -39.56259  RMSG = 8.0262370e-01
 MIN: Iter =   17  NFunc =   127  E =     -39.58256  RMSG = 8.4297031e-01
 MIN: Iter =   18  NFunc =   134  E =     -39.60772  RMSG = 9.4818788e-01
 MIN: Iter =   19  NFunc =   140  E =     -39.64001  RMSG = 1.8097899e+00
 MIN: Iter =   20  NFunc =   146  E =     -39.69392  RMSG = 3.8623172e-01
 MIN: Iter =   21  NFunc =   153  E =     -39.71356  RMSG = 5.5799586e-01
 MIN: Iter =   22  NFunc =   159  E =     -39.73254  RMSG = 1.4251569e+00
 MIN: Iter =   23  NFunc =   165  E =     -39.76692  RMSG = 1.7302639e-01
 MIN: Iter =   24  NFunc =   172  E =     -39.77948  RMSG = 5.0187180e-01
 MIN: Iter =   25  NFunc =   178  E =     -39.79309  RMSG = 5.1430723e-01
 MIN: Iter =   26  NFunc =   184  E =     -39.80307  RMSG = 2.9765326e-01
 MIN: Iter =   27  NFunc =   190  E =     -39.80894  RMSG = 3.9908984e-01
 MIN: Iter =   28  NFunc =   196  E =     -39.81290  RMSG = 1.1871325e-01
 MIN: Iter =   29  NFunc =   202  E =     -39.81452  RMSG = 2.5432219e-01
 MIN: Iter =   30  NFunc =   208  E =     -39.81550  RMSG = 2.1625876e-02
 MIN: Iter =   31  NFunc =   214  E =     -39.81567  RMSG = 4.2563433e-02
 MIN: Iter =   32  NFunc =   220  E =     -39.81569  RMSG = 2.0441979e-03
 MIN: Iter =   33  NFunc =   226  E =     -39.81569  RMSG = 1.3941611e-04
----------------------------------------------------------------
 END:          :-)  E =     -39.81569  RMSG =   0.0001394

     bond:      0.325737490
    angle:      2.762133891
 dihedral:      3.510756288
    enb14:     -0.151346027
    eel14:     30.222068928
      enb:      0.000000000
      eel:      0.000000000
      egb:    -76.485037966
    econs:      0.000000000
    esurf:      0.000000000
    Total:    -39.815687396
     frms:      0.000139416
====== rms.dat  ======================================================
#Frame      all_heavy
       1       0.6191
