====== tleap.out =====================================================
-I: Adding /home/case/amber24/dat/leap/prep to search path.
-I: Adding /home/case/amber24/dat/leap/lib to search path.
-I: Adding /home/case/amber24/dat/leap/parm to search path.
-I: Adding /home/case/amber24/dat/leap/cmd to search path.
-f: Source leap.in.

Welcome to LEaP!
(no leaprc in search path)
Sourcing: ./leap.in
Using Bondi radii
----- Source: /home/case/amber24/dat/leap/cmd/leaprc.gaff2
----- Source of /home/case/amber24/dat/leap/cmd/leaprc.gaff2 done
Log file: ./leap.log
Loading parameters: /home/case/amber24/dat/leap/parm/gaff2.dat
Reading title:
AMBER General Force Field for organic molecules (Version 2.2.20, March 2021)
Loading parameters: ./04L.frcmod
Reading force field modification type file (frcmod)
Reading title:
Remark line goes here
Loading Mol2 file: ./04L.mol2
Reading MOLECULE named 04L
Checking Unit.
Building topology.
"order_residues" off: keep input residue order.
Building atom parameters.
Building bond parameters.
Building angle parameters.
Building proper torsion parameters.
Building improper torsion parameters.
 total 31 improper torsions applied
Building H-Bond parameters.
Incorporating Non-Bonded adjustments.
Not Marking per-residue atom chain types.
Marking per-residue atom chain types.
  (Residues lacking connect0/connect1 - 
   these don't have chain types marked:

	res	total affected

	04L	1
  )
 (no restraints)
	Quit

Exiting LEaP: Errors = 0; Warnings = 0; Notes = 0.
====== min.o =========================================================
Reading parm file (04L.parm7)
title:
04L                                                                             
no velocities were found
no velocities were found
	mm_options:  ntpr=5
	mm_options:  gb=1
	mm_options:  kappa=0.10395
	mm_options:  rgbmax=99.
	mm_options:  cut=99.0
	mm_options:  wcons=0.
     bond:      2.092378064
    angle:     16.517021158
 dihedral:     12.200245181
    enb14:     18.091211926
    eel14:    -32.805564312
      enb:      2.026685541
      eel:    -24.086828911
      egb:    -33.491983790
    econs:      0.000000000
    esurf:      0.000000000
    Total:    -39.456835143
     frms:      9.062300613
Starting TNCG minimisation
 MIN: Iter =    0  NFunc =     1  E =     -39.45684  RMSG = 9.0623006e+00
 MIN: Iter =    1  NFunc =     7  E =     -47.34328  RMSG = 1.8809879e+00
 MIN: Iter =    2  NFunc =    15  E =     -50.15280  RMSG = 1.2381557e+00
 MIN: Iter =    3  NFunc =    25  E =     -51.38775  RMSG = 6.3917668e-01
 MIN: Iter =    4  NFunc =    51  E =     -52.05866  RMSG = 6.5692290e-01
 MIN: Iter =    5  NFunc =    66  E =     -52.32785  RMSG = 3.9155091e-01
 MIN: Iter =    6  NFunc =    94  E =     -52.60208  RMSG = 5.8852425e-01
 MIN: Iter =    7  NFunc =   100  E =     -52.66714  RMSG = 1.8304690e-01
 MIN: Iter =    8  NFunc =   137  E =     -52.76020  RMSG = 5.3432136e-01
 MIN: Iter =    9  NFunc =   143  E =     -52.79938  RMSG = 9.8265397e-02
 MIN: Iter =   10  NFunc =   194  E =     -52.86065  RMSG = 3.5248913e-01
 MIN: Iter =   11  NFunc =   200  E =     -52.89121  RMSG = 1.2675560e-01
 MIN: Iter =   12  NFunc =   214  E =     -52.91864  RMSG = 1.2180873e-01
 MIN: Iter =   13  NFunc =   222  E =     -52.93654  RMSG = 1.1959307e-01
 MIN: Iter =   14  NFunc =   232  E =     -52.94639  RMSG = 8.6268395e-02
 MIN: Iter =   15  NFunc =   251  E =     -52.95909  RMSG = 6.8629490e-02
 MIN: Iter =   16  NFunc =   295  E =     -52.98217  RMSG = 1.9131471e-01
 MIN: Iter =   17  NFunc =   301  E =     -52.99000  RMSG = 5.0427501e-02
 MIN: Iter =   18  NFunc =   319  E =     -52.99682  RMSG = 5.3416677e-02
 MIN: Iter =   19  NFunc =   371  E =     -53.01047  RMSG = 7.6653769e-02
 MIN: Iter =   20  NFunc =   381  E =     -53.01683  RMSG = 5.3118782e-02
 MIN: Iter =   21  NFunc =   398  E =     -53.02338  RMSG = 6.0501149e-02
 MIN: Iter =   22  NFunc =   430  E =     -53.03056  RMSG = 5.5749093e-02
 MIN: Iter =   23  NFunc =   479  E =     -53.03869  RMSG = 1.9185825e-01
 MIN: Iter =   24  NFunc =   485  E =     -53.04539  RMSG = 4.7633468e-02
 MIN: Iter =   25  NFunc =   508  E =     -53.04836  RMSG = 8.8445583e-02
 MIN: Iter =   26  NFunc =   514  E =     -53.05000  RMSG = 2.8253456e-02
 MIN: Iter =   27  NFunc =   552  E =     -53.05242  RMSG = 4.1054205e-02
 MIN: Iter =   28  NFunc =   558  E =     -53.05306  RMSG = 2.3828834e-02
 MIN: Iter =   29  NFunc =   576  E =     -53.05410  RMSG = 4.0837021e-02
 MIN: Iter =   30  NFunc =   582  E =     -53.05446  RMSG = 1.4847833e-02
 MIN: Iter =   31  NFunc =   617  E =     -53.05568  RMSG = 2.7686868e-02
 MIN: Iter =   32  NFunc =   623  E =     -53.05595  RMSG = 1.5126752e-02
 MIN: Iter =   33  NFunc =   638  E =     -53.05653  RMSG = 1.5544862e-02
 MIN: Iter =   34  NFunc =   647  E =     -53.05682  RMSG = 1.3034140e-02
 MIN: Iter =   35  NFunc =   654  E =     -53.05693  RMSG = 8.1912460e-03
 MIN: Iter =   36  NFunc =   705  E =     -53.05766  RMSG = 1.7493535e-02
 MIN: Iter =   37  NFunc =   725  E =     -53.05807  RMSG = 8.5618676e-03
 MIN: Iter =   38  NFunc =   742  E =     -53.05823  RMSG = 5.2843606e-03
 MIN: Iter =   39  NFunc =   793  E =     -53.05858  RMSG = 7.1025829e-03
 MIN: Iter =   40  NFunc =   844  E =     -53.05904  RMSG = 3.5066596e-02
 MIN: Iter =   41  NFunc =   850  E =     -53.05928  RMSG = 9.8296593e-03
 MIN: Iter =   42  NFunc =   902  E =     -53.05954  RMSG = 1.0627030e-02
 MIN: Iter =   43  NFunc =   953  E =     -53.05988  RMSG = 3.2237365e-02
 MIN: Iter =   44  NFunc =   959  E =     -53.06001  RMSG = 6.3610042e-03
 MIN: Iter =   45  NFunc =   989  E =     -53.06018  RMSG = 1.0572020e-02
 MIN: Iter =   46  NFunc =   995  E =     -53.06020  RMSG = 2.8004839e-03
 MIN: Iter =   47  NFunc =  1023  E =     -53.06024  RMSG = 2.4726206e-03
 MIN: Iter =   48  NFunc =  1045  E =     -53.06026  RMSG = 2.0711995e-03
 MIN: Iter =   49  NFunc =  1082  E =     -53.06028  RMSG = 1.2833032e-03
 MIN: Iter =   50  NFunc =  1116  E =     -53.06028  RMSG = 5.4651551e-04
 MIN: Iter =   51  NFunc =  1129  E =     -53.06028  RMSG = 2.9324115e-04
----------------------------------------------------------------
 END:          :-)  E =     -53.06028  RMSG =   0.0002932

     bond:      3.452017798
    angle:     14.200332489
 dihedral:      6.676226804
    enb14:     13.843593378
    eel14:    -33.907253683
      enb:     -0.055773136
      eel:    -22.036013904
      egb:    -35.233409246
    econs:      0.000000000
    esurf:      0.000000000
    Total:    -53.060279500
     frms:      0.000293241
====== rms.dat  ======================================================
#Frame      all_heavy
       1       0.5493
