====== tleap.out =====================================================
-I: Adding /home/case/amber24/dat/leap/prep to search path.
-I: Adding /home/case/amber24/dat/leap/lib to search path.
-I: Adding /home/case/amber24/dat/leap/parm to search path.
-I: Adding /home/case/amber24/dat/leap/cmd to search path.
-f: Source leap.in.

Welcome to LEaP!
(no leaprc in search path)
Sourcing: ./leap.in
Using Bondi radii
----- Source: /home/case/amber24/dat/leap/cmd/leaprc.gaff2
----- Source of /home/case/amber24/dat/leap/cmd/leaprc.gaff2 done
Log file: ./leap.log
Loading parameters: /home/case/amber24/dat/leap/parm/gaff2.dat
Reading title:
AMBER General Force Field for organic molecules (Version 2.2.20, March 2021)
Loading parameters: ./04Q.frcmod
Reading force field modification type file (frcmod)
Reading title:
Remark line goes here
Loading Mol2 file: ./04Q.mol2
Reading MOLECULE named 04Q
Checking Unit.

/home/case/amber24/bin/teLeap: Warning!
The unperturbed charge of the unit (-1.000000) is not zero.

/home/case/amber24/bin/teLeap: Note.
Ignoring the warning from Unit Checking.

Building topology.
"order_residues" off: keep input residue order.
Building atom parameters.
Building bond parameters.
Building angle parameters.
Building proper torsion parameters.
Building improper torsion parameters.
 total 7 improper torsions applied
Building H-Bond parameters.
Incorporating Non-Bonded adjustments.
Not Marking per-residue atom chain types.
Marking per-residue atom chain types.
  (Residues lacking connect0/connect1 - 
   these don't have chain types marked:

	res	total affected

	04Q	1
  )
 (no restraints)
	Quit

Exiting LEaP: Errors = 0; Warnings = 1; Notes = 1.
====== min.o =========================================================
Reading parm file (04Q.parm7)
title:
04Q                                                                             
no velocities were found
no velocities were found
	mm_options:  ntpr=5
	mm_options:  gb=1
	mm_options:  kappa=0.10395
	mm_options:  rgbmax=99.
	mm_options:  cut=99.0
	mm_options:  wcons=0.
     bond:      1.342623436
    angle:      3.165627448
 dihedral:      4.219334031
    enb14:      5.269197523
    eel14:    169.345647148
      enb:     -0.934913290
      eel:   -107.476496311
      egb:    -76.645555036
    econs:      0.000000000
    esurf:      0.000000000
    Total:     -1.714535051
     frms:      7.852756025
Starting TNCG minimisation
 MIN: Iter =    0  NFunc =     1  E =      -1.71454  RMSG = 7.8527560e+00
 MIN: Iter =    1  NFunc =     7  E =      -5.56322  RMSG = 2.6014878e+00
 MIN: Iter =    2  NFunc =    14  E =      -6.53141  RMSG = 1.1429782e+00
 MIN: Iter =    3  NFunc =    39  E =      -6.93670  RMSG = 1.8643420e+00
 MIN: Iter =    4  NFunc =    47  E =      -7.19638  RMSG = 7.9090816e-01
 MIN: Iter =    5  NFunc =    55  E =      -7.32296  RMSG = 8.1953886e-01
 MIN: Iter =    6  NFunc =    66  E =      -7.41206  RMSG = 8.7483053e-01
 MIN: Iter =    7  NFunc =    73  E =      -7.46303  RMSG = 3.1267653e-01
 MIN: Iter =    8  NFunc =    81  E =      -7.49139  RMSG = 1.0959683e+00
 MIN: Iter =    9  NFunc =    87  E =      -7.53161  RMSG = 2.2345535e-01
 MIN: Iter =   10  NFunc =   116  E =      -7.57862  RMSG = 3.3129091e-01
 MIN: Iter =   11  NFunc =   126  E =      -7.62479  RMSG = 5.4024728e-01
 MIN: Iter =   12  NFunc =   136  E =      -7.65782  RMSG = 2.0883890e-01
 MIN: Iter =   13  NFunc =   157  E =      -7.69235  RMSG = 4.9815572e-01
 MIN: Iter =   14  NFunc =   168  E =      -7.72784  RMSG = 4.5542236e-01
 MIN: Iter =   15  NFunc =   176  E =      -7.74519  RMSG = 1.8661609e-01
 MIN: Iter =   16  NFunc =   182  E =      -7.75172  RMSG = 1.6388431e-01
 MIN: Iter =   17  NFunc =   201  E =      -7.77629  RMSG = 2.5549953e-01
 MIN: Iter =   18  NFunc =   207  E =      -7.79138  RMSG = 2.9532760e-01
 MIN: Iter =   19  NFunc =   213  E =      -7.80116  RMSG = 1.6908012e-01
 MIN: Iter =   20  NFunc =   233  E =      -7.81439  RMSG = 1.5525893e-01
 MIN: Iter =   21  NFunc =   243  E =      -7.82499  RMSG = 1.4875036e-01
 MIN: Iter =   22  NFunc =   249  E =      -7.82689  RMSG = 6.5799966e-02
 MIN: Iter =   23  NFunc =   268  E =      -7.83124  RMSG = 2.7908465e-01
 MIN: Iter =   24  NFunc =   274  E =      -7.83423  RMSG = 3.5146388e-02
 MIN: Iter =   25  NFunc =   297  E =      -7.83553  RMSG = 5.5323662e-02
 MIN: Iter =   26  NFunc =   304  E =      -7.83567  RMSG = 1.3550306e-02
 MIN: Iter =   27  NFunc =   331  E =      -7.83587  RMSG = 9.4640718e-03
 MIN: Iter =   28  NFunc =   353  E =      -7.83593  RMSG = 5.9457527e-03
 MIN: Iter =   29  NFunc =   363  E =      -7.83594  RMSG = 3.2683535e-03
 MIN: Iter =   30  NFunc =   380  E =      -7.83596  RMSG = 3.4545567e-03
 MIN: Iter =   31  NFunc =   405  E =      -7.83598  RMSG = 2.0667182e-03
 MIN: Iter =   32  NFunc =   421  E =      -7.83599  RMSG = 1.4513726e-03
 MIN: Iter =   33  NFunc =   443  E =      -7.83599  RMSG = 1.6877971e-03
 MIN: Iter =   34  NFunc =   451  E =      -7.83599  RMSG = 4.7555250e-04
----------------------------------------------------------------
 END:          :-)  E =      -7.83599  RMSG =   0.0004756

     bond:      1.247983679
    angle:      3.393116868
 dihedral:      3.557245873
    enb14:      3.010535722
    eel14:    159.525774895
      enb:     -1.161384605
      eel:    -96.894220039
      egb:    -80.515045069
    econs:      0.000000000
    esurf:      0.000000000
    Total:     -7.835992677
     frms:      0.000475552
====== rms.dat  ======================================================
#Frame      all_heavy
       1       0.4792
