====== tleap.out =====================================================
-I: Adding /home/case/amber24/dat/leap/prep to search path.
-I: Adding /home/case/amber24/dat/leap/lib to search path.
-I: Adding /home/case/amber24/dat/leap/parm to search path.
-I: Adding /home/case/amber24/dat/leap/cmd to search path.
-f: Source leap.in.

Welcome to LEaP!
(no leaprc in search path)
Sourcing: ./leap.in
Using Bondi radii
----- Source: /home/case/amber24/dat/leap/cmd/leaprc.gaff2
----- Source of /home/case/amber24/dat/leap/cmd/leaprc.gaff2 done
Log file: ./leap.log
Loading parameters: /home/case/amber24/dat/leap/parm/gaff2.dat
Reading title:
AMBER General Force Field for organic molecules (Version 2.2.20, March 2021)
Loading parameters: ./04U.frcmod
Reading force field modification type file (frcmod)
Reading title:
Remark line goes here
Loading Mol2 file: ./04U.mol2
Reading MOLECULE named 04U
Checking Unit.
Building topology.
"order_residues" off: keep input residue order.
Building atom parameters.
Building bond parameters.
Building angle parameters.
Building proper torsion parameters.
Building improper torsion parameters.
 total 1 improper torsion applied
Building H-Bond parameters.
Incorporating Non-Bonded adjustments.
Not Marking per-residue atom chain types.
Marking per-residue atom chain types.
  (Residues lacking connect0/connect1 - 
   these don't have chain types marked:

	res	total affected

	04U	1
  )
 (no restraints)
	Quit

Exiting LEaP: Errors = 0; Warnings = 0; Notes = 0.
====== min.o =========================================================
Reading parm file (04U.parm7)
title:
04U                                                                             
no velocities were found
no velocities were found
	mm_options:  ntpr=5
	mm_options:  gb=1
	mm_options:  kappa=0.10395
	mm_options:  rgbmax=99.
	mm_options:  cut=99.0
	mm_options:  wcons=0.
     bond:      6.937910300
    angle:    122.505979110
 dihedral:     11.189037240
    enb14:      3.323169275
    eel14:    165.242382354
      enb:     -1.105534293
      eel:   -121.875020250
      egb:    -59.633727153
    econs:      0.000000000
    esurf:      0.000000000
    Total:    126.584196582
     frms:     66.501856399
Starting TNCG minimisation
 MIN: Iter =    0  NFunc =     1  E =     126.58420  RMSG = 6.6501856e+01
 MIN: Iter =    1  NFunc =     4  E =      47.27629  RMSG = 2.7823391e+01
 MIN: Iter =    2  NFunc =    10  E =      12.71667  RMSG = 1.1620251e+01
 MIN: Iter =    3  NFunc =    16  E =       1.57293  RMSG = 5.9893662e+00
 MIN: Iter =    4  NFunc =    22  E =       0.16752  RMSG = 1.4340918e+00
 MIN: Iter =    5  NFunc =    28  E =      -0.10613  RMSG = 6.1369251e-01
 MIN: Iter =    6  NFunc =    36  E =      -0.19842  RMSG = 3.3864981e-01
 MIN: Iter =    7  NFunc =    72  E =      -0.23440  RMSG = 5.0206471e-01
 MIN: Iter =    8  NFunc =    84  E =      -0.30197  RMSG = 7.1028193e-01
 MIN: Iter =    9  NFunc =   103  E =      -0.35899  RMSG = 9.1679624e-01
 MIN: Iter =   10  NFunc =   115  E =      -0.42099  RMSG = 7.4980891e-01
 MIN: Iter =   11  NFunc =   122  E =      -0.46964  RMSG = 6.3130782e-01
 MIN: Iter =   12  NFunc =   128  E =      -0.50505  RMSG = 6.1239278e-01
 MIN: Iter =   13  NFunc =   135  E =      -0.53721  RMSG = 5.0565304e-01
 MIN: Iter =   14  NFunc =   154  E =      -0.61624  RMSG = 1.2594840e+00
 MIN: Iter =   15  NFunc =   160  E =      -0.69206  RMSG = 4.4959352e-01
 MIN: Iter =   16  NFunc =   168  E =      -0.75518  RMSG = 1.0887704e+00
 MIN: Iter =   17  NFunc =   174  E =      -0.81988  RMSG = 3.4562755e-01
 MIN: Iter =   18  NFunc =   180  E =      -0.84013  RMSG = 8.3213864e-01
 MIN: Iter =   19  NFunc =   187  E =      -0.86944  RMSG = 2.4970393e-01
 MIN: Iter =   20  NFunc =   203  E =      -0.89738  RMSG = 3.1149525e-01
 MIN: Iter =   21  NFunc =   215  E =      -0.92084  RMSG = 3.9161667e-01
 MIN: Iter =   22  NFunc =   221  E =      -0.94309  RMSG = 4.7405675e-01
 MIN: Iter =   23  NFunc =   227  E =      -0.96299  RMSG = 4.4105260e-01
 MIN: Iter =   24  NFunc =   233  E =      -0.98005  RMSG = 3.2611252e-01
 MIN: Iter =   25  NFunc =   239  E =      -0.99388  RMSG = 5.0382415e-01
 MIN: Iter =   26  NFunc =   245  E =      -1.00653  RMSG = 1.7436615e-01
 MIN: Iter =   27  NFunc =   252  E =      -1.01144  RMSG = 2.0718528e-01
 MIN: Iter =   28  NFunc =   258  E =      -1.01574  RMSG = 1.7242348e-01
 MIN: Iter =   29  NFunc =   273  E =      -1.02129  RMSG = 2.7917182e-01
 MIN: Iter =   30  NFunc =   281  E =      -1.02453  RMSG = 6.5486158e-02
 MIN: Iter =   31  NFunc =   289  E =      -1.02600  RMSG = 8.4764807e-02
 MIN: Iter =   32  NFunc =   295  E =      -1.02748  RMSG = 1.7871762e-01
 MIN: Iter =   33  NFunc =   301  E =      -1.02864  RMSG = 4.1393052e-02
 MIN: Iter =   34  NFunc =   309  E =      -1.02908  RMSG = 9.3431446e-02
 MIN: Iter =   35  NFunc =   316  E =      -1.02949  RMSG = 2.0267170e-02
 MIN: Iter =   36  NFunc =   354  E =      -1.02991  RMSG = 4.7426533e-02
 MIN: Iter =   37  NFunc =   360  E =      -1.02995  RMSG = 4.2387710e-03
 MIN: Iter =   38  NFunc =   367  E =      -1.02996  RMSG = 1.4008393e-03
 MIN: Iter =   39  NFunc =   390  E =      -1.02996  RMSG = 7.8921057e-04
 MIN: Iter =   40  NFunc =   404  E =      -1.02996  RMSG = 5.4579425e-04
 MIN: Iter =   41  NFunc =   411  E =      -1.02996  RMSG = 2.8595795e-04
----------------------------------------------------------------
 END:          :-)  E =      -1.02996  RMSG =   0.0002860

     bond:      1.436702051
    angle:      7.287987377
 dihedral:     11.326919231
    enb14:      1.539660179
    eel14:    154.773844278
      enb:     -1.034429800
      eel:   -110.812907271
      egb:    -65.547735337
    econs:      0.000000000
    esurf:      0.000000000
    Total:     -1.029959293
     frms:      0.000285958
====== rms.dat  ======================================================
#Frame      all_heavy
       1       0.7643
