====== tleap.out =====================================================
-I: Adding /home/case/amber24/dat/leap/prep to search path.
-I: Adding /home/case/amber24/dat/leap/lib to search path.
-I: Adding /home/case/amber24/dat/leap/parm to search path.
-I: Adding /home/case/amber24/dat/leap/cmd to search path.
-f: Source leap.in.

Welcome to LEaP!
(no leaprc in search path)
Sourcing: ./leap.in
Using Bondi radii
----- Source: /home/case/amber24/dat/leap/cmd/leaprc.gaff2
----- Source of /home/case/amber24/dat/leap/cmd/leaprc.gaff2 done
Log file: ./leap.log
Loading parameters: /home/case/amber24/dat/leap/parm/gaff2.dat
Reading title:
AMBER General Force Field for organic molecules (Version 2.2.20, March 2021)
Loading parameters: ./07M.frcmod
Reading force field modification type file (frcmod)
Reading title:
Remark line goes here
Loading Mol2 file: ./07M.mol2
Reading MOLECULE named 07M
Checking Unit.
Building topology.
"order_residues" off: keep input residue order.
Building atom parameters.
Building bond parameters.
Building angle parameters.
Building proper torsion parameters.
Building improper torsion parameters.
 total 10 improper torsions applied
Building H-Bond parameters.
Incorporating Non-Bonded adjustments.
Not Marking per-residue atom chain types.
Marking per-residue atom chain types.
  (Residues lacking connect0/connect1 - 
   these don't have chain types marked:

	res	total affected

	07M	1
  )
 (no restraints)
	Quit

Exiting LEaP: Errors = 0; Warnings = 0; Notes = 0.
====== min.o =========================================================
Reading parm file (07M.parm7)
title:
07M                                                                             
no velocities were found
no velocities were found
	mm_options:  ntpr=5
	mm_options:  gb=1
	mm_options:  kappa=0.10395
	mm_options:  rgbmax=99.
	mm_options:  cut=99.0
	mm_options:  wcons=0.
     bond:      2.728047499
    angle:      3.258542655
 dihedral:      1.633790256
    enb14:     16.610286952
    eel14:   -224.006122705
      enb:     -3.334973456
      eel:    114.062262003
      egb:    -30.367185310
    econs:      0.000000000
    esurf:      0.000000000
    Total:   -119.415352106
     frms:     10.365266368
Starting TNCG minimisation
 MIN: Iter =    0  NFunc =     1  E =    -119.41535  RMSG = 1.0365266e+01
 MIN: Iter =    1  NFunc =     6  E =    -123.19372  RMSG = 8.9150747e+00
 MIN: Iter =    2  NFunc =    12  E =    -126.68414  RMSG = 1.2705463e+00
 MIN: Iter =    3  NFunc =    20  E =    -127.68202  RMSG = 9.6090386e-01
 MIN: Iter =    4  NFunc =    28  E =    -127.77744  RMSG = 9.8955048e-01
 MIN: Iter =    5  NFunc =    40  E =    -128.08573  RMSG = 3.6528630e-01
 MIN: Iter =    6  NFunc =    50  E =    -128.11317  RMSG = 4.2639883e-01
 MIN: Iter =    7  NFunc =    71  E =    -128.25184  RMSG = 3.5269965e-01
 MIN: Iter =    8  NFunc =    80  E =    -128.27543  RMSG = 1.6930506e-01
 MIN: Iter =    9  NFunc =   100  E =    -128.29501  RMSG = 1.0410164e-01
 MIN: Iter =   10  NFunc =   126  E =    -128.30865  RMSG = 8.0105095e-02
 MIN: Iter =   11  NFunc =   151  E =    -128.32007  RMSG = 1.8814217e-01
 MIN: Iter =   12  NFunc =   173  E =    -128.32644  RMSG = 4.6723307e-02
 MIN: Iter =   13  NFunc =   185  E =    -128.32775  RMSG = 2.1009469e-02
 MIN: Iter =   14  NFunc =   219  E =    -128.32818  RMSG = 8.7549237e-03
 MIN: Iter =   15  NFunc =   229  E =    -128.32824  RMSG = 8.4135256e-03
 MIN: Iter =   16  NFunc =   248  E =    -128.32830  RMSG = 4.2393817e-03
 MIN: Iter =   17  NFunc =   299  E =    -128.32865  RMSG = 1.8190140e-02
 MIN: Iter =   18  NFunc =   305  E =    -128.32870  RMSG = 8.7060400e-03
 MIN: Iter =   19  NFunc =   319  E =    -128.32874  RMSG = 4.5199607e-03
 MIN: Iter =   20  NFunc =   329  E =    -128.32875  RMSG = 3.5451702e-03
 MIN: Iter =   21  NFunc =   349  E =    -128.32877  RMSG = 2.4349439e-03
 MIN: Iter =   22  NFunc =   360  E =    -128.32878  RMSG = 1.9737852e-03
 MIN: Iter =   23  NFunc =   372  E =    -128.32878  RMSG = 1.0807097e-03
 MIN: Iter =   24  NFunc =   411  E =    -128.32878  RMSG = 9.2158596e-04
 MIN: Iter =   25  NFunc =   444  E =    -128.32879  RMSG = 4.9105545e-04
----------------------------------------------------------------
 END:          :-)  E =    -128.32879  RMSG =   0.0004911

     bond:      1.056983500
    angle:      1.854540405
 dihedral:      1.561726402
    enb14:     11.924354369
    eel14:   -222.105472607
      enb:     -3.819034151
      eel:    113.319432333
      egb:    -32.121315939
    econs:      0.000000000
    esurf:      0.000000000
    Total:   -128.328785688
     frms:      0.000491055
====== rms.dat  ======================================================
#Frame      all_heavy
       1       0.1655
