====== tleap.out =====================================================
-I: Adding /home/case/amber24/dat/leap/prep to search path.
-I: Adding /home/case/amber24/dat/leap/lib to search path.
-I: Adding /home/case/amber24/dat/leap/parm to search path.
-I: Adding /home/case/amber24/dat/leap/cmd to search path.
-f: Source leap.in.

Welcome to LEaP!
(no leaprc in search path)
Sourcing: ./leap.in
Using Bondi radii
----- Source: /home/case/amber24/dat/leap/cmd/leaprc.gaff2
----- Source of /home/case/amber24/dat/leap/cmd/leaprc.gaff2 done
Log file: ./leap.log
Loading parameters: /home/case/amber24/dat/leap/parm/gaff2.dat
Reading title:
AMBER General Force Field for organic molecules (Version 2.2.20, March 2021)
Loading parameters: ./08K.frcmod
Reading force field modification type file (frcmod)
Reading title:
Remark line goes here
Loading Mol2 file: ./08K.mol2
Reading MOLECULE named 08K
Checking Unit.
Building topology.
"order_residues" off: keep input residue order.
Building atom parameters.
Building bond parameters.
Building angle parameters.
Building proper torsion parameters.
Building improper torsion parameters.
 total 17 improper torsions applied
Building H-Bond parameters.
Incorporating Non-Bonded adjustments.
Not Marking per-residue atom chain types.
Marking per-residue atom chain types.
  (Residues lacking connect0/connect1 - 
   these don't have chain types marked:

	res	total affected

	08K	1
  )
 (no restraints)
	Quit

Exiting LEaP: Errors = 0; Warnings = 0; Notes = 0.
====== min.o =========================================================
Reading parm file (08K.parm7)
title:
08K                                                                             
no velocities were found
no velocities were found
	mm_options:  ntpr=5
	mm_options:  gb=1
	mm_options:  kappa=0.10395
	mm_options:  rgbmax=99.
	mm_options:  cut=99.0
	mm_options:  wcons=0.
     bond:      3.225195455
    angle:     35.709041674
 dihedral:     31.316176858
    enb14:     13.564132605
    eel14:     -2.027251947
      enb:     -4.193549189
      eel:    -12.070126353
      egb:    -13.952344314
    econs:      0.000000000
    esurf:      0.000000000
    Total:     51.571274789
     frms:     15.237473722
Starting TNCG minimisation
 MIN: Iter =    0  NFunc =     1  E =      51.57127  RMSG = 1.5237474e+01
 MIN: Iter =    1  NFunc =     7  E =      35.26604  RMSG = 4.7217087e+00
 MIN: Iter =    2  NFunc =    14  E =      32.15613  RMSG = 1.7220576e+00
 MIN: Iter =    3  NFunc =    30  E =      31.04256  RMSG = 2.4192721e+00
 MIN: Iter =    4  NFunc =    36  E =      30.66979  RMSG = 6.3953774e-01
 MIN: Iter =    5  NFunc =    71  E =      30.39902  RMSG = 1.3940901e+00
 MIN: Iter =    6  NFunc =    79  E =      30.10445  RMSG = 5.4929189e-01
 MIN: Iter =    7  NFunc =    91  E =      29.90037  RMSG = 9.4182388e-01
 MIN: Iter =    8  NFunc =    97  E =      29.80005  RMSG = 3.0755525e-01
 MIN: Iter =    9  NFunc =   125  E =      29.73298  RMSG = 2.8314725e-01
 MIN: Iter =   10  NFunc =   134  E =      29.68587  RMSG = 4.5122796e-01
 MIN: Iter =   11  NFunc =   140  E =      29.66658  RMSG = 1.4643846e-01
 MIN: Iter =   12  NFunc =   148  E =      29.66115  RMSG = 7.3524419e-02
 MIN: Iter =   13  NFunc =   167  E =      29.65619  RMSG = 4.0583939e-02
 MIN: Iter =   14  NFunc =   179  E =      29.65523  RMSG = 2.2801468e-02
 MIN: Iter =   15  NFunc =   207  E =      29.65398  RMSG = 2.2272420e-02
 MIN: Iter =   16  NFunc =   215  E =      29.65387  RMSG = 8.7681826e-03
 MIN: Iter =   17  NFunc =   244  E =      29.65379  RMSG = 3.1989324e-03
 MIN: Iter =   18  NFunc =   266  E =      29.65376  RMSG = 2.7149066e-03
 MIN: Iter =   19  NFunc =   277  E =      29.65376  RMSG = 1.4572633e-03
 MIN: Iter =   20  NFunc =   284  E =      29.65376  RMSG = 1.0646097e-03
 MIN: Iter =   21  NFunc =   303  E =      29.65375  RMSG = 1.1689846e-03
 MIN: Iter =   22  NFunc =   312  E =      29.65375  RMSG = 6.7907715e-04
 MIN: Iter =   23  NFunc =   321  E =      29.65375  RMSG = 3.8783692e-04
----------------------------------------------------------------
 END:          :-)  E =      29.65375  RMSG =   0.0003878

     bond:      2.091663972
    angle:     21.046579952
 dihedral:     29.286894117
    enb14:     10.758486851
    eel14:     -3.862236756
      enb:     -4.214688928
      eel:    -11.160262125
      egb:    -14.292686830
    econs:      0.000000000
    esurf:      0.000000000
    Total:     29.653750253
     frms:      0.000387837
====== rms.dat  ======================================================
#Frame      all_heavy
       1       0.1670
