====== tleap.out =====================================================
-I: Adding /home/case/amber24/dat/leap/prep to search path.
-I: Adding /home/case/amber24/dat/leap/lib to search path.
-I: Adding /home/case/amber24/dat/leap/parm to search path.
-I: Adding /home/case/amber24/dat/leap/cmd to search path.
-f: Source leap.in.

Welcome to LEaP!
(no leaprc in search path)
Sourcing: ./leap.in
Using Bondi radii
----- Source: /home/case/amber24/dat/leap/cmd/leaprc.gaff2
----- Source of /home/case/amber24/dat/leap/cmd/leaprc.gaff2 done
Log file: ./leap.log
Loading parameters: /home/case/amber24/dat/leap/parm/gaff2.dat
Reading title:
AMBER General Force Field for organic molecules (Version 2.2.20, March 2021)
Loading parameters: ./0BI.frcmod
Reading force field modification type file (frcmod)
Reading title:
Remark line goes here
Loading Mol2 file: ./0BI.mol2
Reading MOLECULE named 0BI
Checking Unit.
Building topology.
"order_residues" off: keep input residue order.
Building atom parameters.
Building bond parameters.
Building angle parameters.
Building proper torsion parameters.

/home/case/amber24/bin/teLeap: Note.
1-4: angle 31 33 duplicates bond ('triangular' bond) or angle ('square' bond)


/home/case/amber24/bin/teLeap: Note.
1-4: angle 31 32 duplicates bond ('triangular' bond) or angle ('square' bond)


/home/case/amber24/bin/teLeap: Note.
1-4: angle 32 33 duplicates bond ('triangular' bond) or angle ('square' bond)

Building improper torsion parameters.
 total 21 improper torsions applied
Building H-Bond parameters.
Incorporating Non-Bonded adjustments.
Not Marking per-residue atom chain types.
Marking per-residue atom chain types.
  (Residues lacking connect0/connect1 - 
   these don't have chain types marked:

	res	total affected

	0BI	1
  )
 (no restraints)
	Quit

Exiting LEaP: Errors = 0; Warnings = 0; Notes = 3.
====== min.o =========================================================
Reading parm file (0BI.parm7)
title:
0BI                                                                             
no velocities were found
no velocities were found
	mm_options:  ntpr=5
	mm_options:  gb=1
	mm_options:  kappa=0.10395
	mm_options:  rgbmax=99.
	mm_options:  cut=99.0
	mm_options:  wcons=0.
     bond:      1.969589206
    angle:      6.286277290
 dihedral:     38.000099462
    enb14:     21.486673877
    eel14:     65.502456982
      enb:     -4.445950970
      eel:   -117.803647858
      egb:    -29.203547793
    econs:      0.000000000
    esurf:      0.000000000
    Total:    -18.208049804
     frms:      6.482096152
Starting TNCG minimisation
 MIN: Iter =    0  NFunc =     1  E =     -18.20805  RMSG = 6.4820962e+00
 MIN: Iter =    1  NFunc =     7  E =     -28.61623  RMSG = 2.2968859e+00
 MIN: Iter =    2  NFunc =    17  E =     -32.46686  RMSG = 1.1418480e+00
 MIN: Iter =    3  NFunc =    43  E =     -33.72986  RMSG = 9.9286965e-01
 MIN: Iter =    4  NFunc =    56  E =     -34.51820  RMSG = 8.2733718e-01
 MIN: Iter =    5  NFunc =    63  E =     -34.91050  RMSG = 5.2903432e-01
 MIN: Iter =    6  NFunc =    73  E =     -35.05898  RMSG = 2.3864458e-01
 MIN: Iter =    7  NFunc =    95  E =     -35.21962  RMSG = 2.7140997e-01
 MIN: Iter =    8  NFunc =   122  E =     -35.27987  RMSG = 8.8598363e-02
 MIN: Iter =    9  NFunc =   173  E =     -35.37542  RMSG = 3.4757711e-01
 MIN: Iter =   10  NFunc =   182  E =     -35.45803  RMSG = 1.9049328e-01
 MIN: Iter =   11  NFunc =   193  E =     -35.53870  RMSG = 2.6506370e-01
 MIN: Iter =   12  NFunc =   202  E =     -35.61778  RMSG = 2.3802300e-01
 MIN: Iter =   13  NFunc =   253  E =     -35.77183  RMSG = 3.2825550e-01
 MIN: Iter =   14  NFunc =   304  E =     -36.00264  RMSG = 4.7219524e-01
 MIN: Iter =   15  NFunc =   317  E =     -36.24254  RMSG = 4.0227226e-01
 MIN: Iter =   16  NFunc =   325  E =     -36.44608  RMSG = 3.9991999e-01
 MIN: Iter =   17  NFunc =   334  E =     -36.66587  RMSG = 3.9101622e-01
 MIN: Iter =   18  NFunc =   340  E =     -36.90635  RMSG = 3.5562892e-01
 MIN: Iter =   19  NFunc =   346  E =     -37.10828  RMSG = 3.4621607e-01
 MIN: Iter =   20  NFunc =   352  E =     -37.29843  RMSG = 3.6600393e-01
 MIN: Iter =   21  NFunc =   358  E =     -37.48995  RMSG = 3.5508760e-01
 MIN: Iter =   22  NFunc =   364  E =     -37.66193  RMSG = 3.1345140e-01
 MIN: Iter =   23  NFunc =   370  E =     -37.80112  RMSG = 3.0403341e-01
 MIN: Iter =   24  NFunc =   376  E =     -37.87788  RMSG = 2.0328346e-01
 MIN: Iter =   25  NFunc =   427  E =     -38.10335  RMSG = 2.2743195e-01
 MIN: Iter =   26  NFunc =   458  E =     -38.34794  RMSG = 2.7190899e-01
 MIN: Iter =   27  NFunc =   476  E =     -38.57417  RMSG = 2.7952958e-01
 MIN: Iter =   28  NFunc =   494  E =     -38.76428  RMSG = 2.8996922e-01
 MIN: Iter =   29  NFunc =   509  E =     -38.93480  RMSG = 3.0286052e-01
 MIN: Iter =   30  NFunc =   517  E =     -39.06794  RMSG = 2.3701541e-01
 MIN: Iter =   31  NFunc =   523  E =     -39.15422  RMSG = 2.3074101e-01
 MIN: Iter =   32  NFunc =   533  E =     -39.23534  RMSG = 1.7220762e-01
 MIN: Iter =   33  NFunc =   549  E =     -39.30483  RMSG = 1.6550241e-01
 MIN: Iter =   34  NFunc =   561  E =     -39.34214  RMSG = 1.1188712e-01
 MIN: Iter =   35  NFunc =   597  E =     -39.46669  RMSG = 2.9004711e-01
 MIN: Iter =   36  NFunc =   603  E =     -39.49661  RMSG = 1.2398864e-01
 MIN: Iter =   37  NFunc =   621  E =     -39.53996  RMSG = 1.4336412e-01
 MIN: Iter =   38  NFunc =   627  E =     -39.54564  RMSG = 5.7845457e-02
 MIN: Iter =   39  NFunc =   678  E =     -39.58645  RMSG = 2.8479542e-01
 MIN: Iter =   40  NFunc =   684  E =     -39.60368  RMSG = 8.1783896e-02
 MIN: Iter =   41  NFunc =   736  E =     -39.62811  RMSG = 1.0069941e-01
 MIN: Iter =   42  NFunc =   762  E =     -39.64763  RMSG = 1.4821682e-01
 MIN: Iter =   43  NFunc =   768  E =     -39.65249  RMSG = 4.0522596e-02
 MIN: Iter =   44  NFunc =   818  E =     -39.66406  RMSG = 5.4920851e-02
 MIN: Iter =   45  NFunc =   831  E =     -39.67327  RMSG = 1.1034565e-01
 MIN: Iter =   46  NFunc =   845  E =     -39.68259  RMSG = 6.0915514e-02
 MIN: Iter =   47  NFunc =   854  E =     -39.68559  RMSG = 2.9905516e-02
 MIN: Iter =   48  NFunc =   870  E =     -39.68809  RMSG = 2.7848927e-02
 MIN: Iter =   49  NFunc =   918  E =     -39.69032  RMSG = 1.7503121e-02
 MIN: Iter =   50  NFunc =   969  E =     -39.69306  RMSG = 3.6887618e-02
 MIN: Iter =   51  NFunc =   981  E =     -39.69375  RMSG = 1.1837630e-02
 MIN: Iter =   52  NFunc =  1016  E =     -39.69425  RMSG = 6.5732916e-03
 MIN: Iter =   53  NFunc =  1067  E =     -39.69523  RMSG = 1.2088318e-02
 MIN: Iter =   54  NFunc =  1118  E =     -39.69611  RMSG = 9.8764537e-03
 MIN: Iter =   55  NFunc =  1168  E =     -39.69705  RMSG = 1.1585471e-02
 MIN: Iter =   56  NFunc =  1219  E =     -39.69752  RMSG = 7.2886277e-03
 MIN: Iter =   57  NFunc =  1249  E =     -39.69778  RMSG = 5.7816926e-03
 MIN: Iter =   58  NFunc =  1300  E =     -39.69800  RMSG = 3.6758212e-03
 MIN: Iter =   59  NFunc =  1351  E =     -39.69819  RMSG = 4.9435363e-03
 MIN: Iter =   60  NFunc =  1375  E =     -39.69827  RMSG = 3.2819960e-03
 MIN: Iter =   61  NFunc =  1405  E =     -39.69830  RMSG = 1.4989526e-03
 MIN: Iter =   62  NFunc =  1456  E =     -39.69833  RMSG = 2.3274594e-03
 MIN: Iter =   63  NFunc =  1507  E =     -39.69841  RMSG = 2.1577411e-03
 MIN: Iter =   64  NFunc =  1558  E =     -39.69844  RMSG = 1.6485416e-03
 MIN: Iter =   65  NFunc =  1598  E =     -39.69846  RMSG = 8.6109479e-04
 MIN: Iter =   66  NFunc =  1613  E =     -39.69846  RMSG = 5.4264851e-04
 MIN: Iter =   67  NFunc =  1664  E =     -39.69846  RMSG = 7.0885130e-04
 MIN: Iter =   68  NFunc =  1699  E =     -39.69846  RMSG = 4.3190051e-04
----------------------------------------------------------------
 END:          :-)  E =     -39.69846  RMSG =   0.0004319

     bond:      2.557057890
    angle:      4.961843266
 dihedral:     29.775492593
    enb14:     15.299301313
    eel14:     61.856663849
      enb:     -9.226034354
      eel:   -112.359549175
      egb:    -32.563239622
    econs:      0.000000000
    esurf:      0.000000000
    Total:    -39.698464239
     frms:      0.000431901
====== rms.dat  ======================================================
#Frame      all_heavy
       1       1.3376
