====== tleap.out =====================================================
-I: Adding /home/case/amber24/dat/leap/prep to search path.
-I: Adding /home/case/amber24/dat/leap/lib to search path.
-I: Adding /home/case/amber24/dat/leap/parm to search path.
-I: Adding /home/case/amber24/dat/leap/cmd to search path.
-f: Source leap.in.

Welcome to LEaP!
(no leaprc in search path)
Sourcing: ./leap.in
Using Bondi radii
----- Source: /home/case/amber24/dat/leap/cmd/leaprc.gaff2
----- Source of /home/case/amber24/dat/leap/cmd/leaprc.gaff2 done
Log file: ./leap.log
Loading parameters: /home/case/amber24/dat/leap/parm/gaff2.dat
Reading title:
AMBER General Force Field for organic molecules (Version 2.2.20, March 2021)
Loading parameters: ./0BM.frcmod
Reading force field modification type file (frcmod)
Reading title:
Remark line goes here
Loading Mol2 file: ./0BM.mol2
Reading MOLECULE named 0BM
Checking Unit.
Building topology.
"order_residues" off: keep input residue order.
Building atom parameters.
Building bond parameters.
Building angle parameters.
Building proper torsion parameters.
Building improper torsion parameters.
 total 13 improper torsions applied
Building H-Bond parameters.
Incorporating Non-Bonded adjustments.
Not Marking per-residue atom chain types.
Marking per-residue atom chain types.
  (Residues lacking connect0/connect1 - 
   these don't have chain types marked:

	res	total affected

	0BM	1
  )
 (no restraints)
	Quit

Exiting LEaP: Errors = 0; Warnings = 0; Notes = 0.
====== min.o =========================================================
Reading parm file (0BM.parm7)
title:
0BM                                                                             
no velocities were found
no velocities were found
	mm_options:  ntpr=5
	mm_options:  gb=1
	mm_options:  kappa=0.10395
	mm_options:  rgbmax=99.
	mm_options:  cut=99.0
	mm_options:  wcons=0.
     bond:      4.381889139
    angle:      7.642758798
 dihedral:     54.926701505
    enb14:     17.490928994
    eel14:   -200.237339674
      enb:     -6.991418475
      eel:    -97.520776645
      egb:    -46.160721000
    econs:      0.000000000
    esurf:      0.000000000
    Total:   -266.467977358
     frms:      9.002696331
Starting TNCG minimisation
 MIN: Iter =    0  NFunc =     1  E =    -266.46798  RMSG = 9.0026963e+00
 MIN: Iter =    1  NFunc =     7  E =    -282.32070  RMSG = 5.5972265e+00
 MIN: Iter =    2  NFunc =    13  E =    -286.40314  RMSG = 1.8537333e+00
 MIN: Iter =    3  NFunc =    20  E =    -288.44400  RMSG = 1.4529259e+00
 MIN: Iter =    4  NFunc =    58  E =    -289.59854  RMSG = 1.5254782e+00
 MIN: Iter =    5  NFunc =    75  E =    -291.59858  RMSG = 1.4249237e+00
 MIN: Iter =    6  NFunc =    99  E =    -292.66424  RMSG = 1.3834760e+00
 MIN: Iter =    7  NFunc =   106  E =    -293.04401  RMSG = 5.1148175e-01
 MIN: Iter =    8  NFunc =   128  E =    -293.55081  RMSG = 8.6324838e-01
 MIN: Iter =    9  NFunc =   135  E =    -293.70971  RMSG = 2.6516183e-01
 MIN: Iter =   10  NFunc =   163  E =    -293.99540  RMSG = 4.6067998e-01
 MIN: Iter =   11  NFunc =   181  E =    -294.14843  RMSG = 3.0014118e-01
 MIN: Iter =   12  NFunc =   194  E =    -294.19708  RMSG = 1.3146732e-01
 MIN: Iter =   13  NFunc =   201  E =    -294.20949  RMSG = 8.4703823e-02
 MIN: Iter =   14  NFunc =   251  E =    -294.26297  RMSG = 1.6781694e-01
 MIN: Iter =   15  NFunc =   257  E =    -294.26915  RMSG = 6.7552616e-02
 MIN: Iter =   16  NFunc =   289  E =    -294.28197  RMSG = 5.9733589e-02
 MIN: Iter =   17  NFunc =   340  E =    -294.29296  RMSG = 1.7978228e-01
 MIN: Iter =   18  NFunc =   346  E =    -294.29904  RMSG = 4.4677048e-02
 MIN: Iter =   19  NFunc =   397  E =    -294.30737  RMSG = 7.3040372e-02
 MIN: Iter =   20  NFunc =   414  E =    -294.31243  RMSG = 4.0800112e-02
 MIN: Iter =   21  NFunc =   447  E =    -294.31789  RMSG = 5.8310597e-02
 MIN: Iter =   22  NFunc =   453  E =    -294.31895  RMSG = 2.2610003e-02
 MIN: Iter =   23  NFunc =   500  E =    -294.32320  RMSG = 2.8291203e-02
 MIN: Iter =   24  NFunc =   524  E =    -294.32696  RMSG = 4.6631724e-02
 MIN: Iter =   25  NFunc =   530  E =    -294.32751  RMSG = 2.0213215e-02
 MIN: Iter =   26  NFunc =   582  E =    -294.33237  RMSG = 3.3384017e-02
 MIN: Iter =   27  NFunc =   598  E =    -294.33719  RMSG = 5.6544159e-02
 MIN: Iter =   28  NFunc =   608  E =    -294.34167  RMSG = 8.9391402e-02
 MIN: Iter =   29  NFunc =   617  E =    -294.34587  RMSG = 4.5342518e-02
 MIN: Iter =   30  NFunc =   669  E =    -294.35547  RMSG = 8.2156656e-02
 MIN: Iter =   31  NFunc =   695  E =    -294.37088  RMSG = 1.3259287e-01
 MIN: Iter =   32  NFunc =   710  E =    -294.39215  RMSG = 3.0859017e-01
 MIN: Iter =   33  NFunc =   718  E =    -294.42907  RMSG = 1.3589943e-01
 MIN: Iter =   34  NFunc =   725  E =    -294.45430  RMSG = 3.0490281e-01
 MIN: Iter =   35  NFunc =   734  E =    -294.49793  RMSG = 2.1925090e-01
 MIN: Iter =   36  NFunc =   741  E =    -294.53762  RMSG = 2.5818946e-01
 MIN: Iter =   37  NFunc =   751  E =    -294.60628  RMSG = 2.0800829e-01
 MIN: Iter =   38  NFunc =   789  E =    -294.72136  RMSG = 3.9824910e-01
 MIN: Iter =   39  NFunc =   806  E =    -294.81901  RMSG = 2.3689956e-01
 MIN: Iter =   40  NFunc =   816  E =    -294.86021  RMSG = 1.5261499e-01
 MIN: Iter =   41  NFunc =   864  E =    -294.94038  RMSG = 3.5449649e-01
 MIN: Iter =   42  NFunc =   870  E =    -294.96546  RMSG = 1.4584442e-01
 MIN: Iter =   43  NFunc =   895  E =    -295.02062  RMSG = 2.8471877e-01
 MIN: Iter =   44  NFunc =   902  E =    -295.05460  RMSG = 1.5621158e-01
 MIN: Iter =   45  NFunc =   912  E =    -295.07932  RMSG = 2.1127011e-01
 MIN: Iter =   46  NFunc =   923  E =    -295.09366  RMSG = 6.7885011e-02
 MIN: Iter =   47  NFunc =   930  E =    -295.09860  RMSG = 6.6026773e-02
 MIN: Iter =   48  NFunc =   981  E =    -295.12865  RMSG = 2.7123090e-01
 MIN: Iter =   49  NFunc =   987  E =    -295.14847  RMSG = 7.8501521e-02
 MIN: Iter =   50  NFunc =  1020  E =    -295.16553  RMSG = 8.5979573e-02
 MIN: Iter =   51  NFunc =  1035  E =    -295.17717  RMSG = 1.0541218e-01
 MIN: Iter =   52  NFunc =  1041  E =    -295.18140  RMSG = 5.2289547e-02
 MIN: Iter =   53  NFunc =  1060  E =    -295.18595  RMSG = 4.4172892e-02
 MIN: Iter =   54  NFunc =  1071  E =    -295.18917  RMSG = 6.2753856e-02
 MIN: Iter =   55  NFunc =  1077  E =    -295.19038  RMSG = 2.8543619e-02
 MIN: Iter =   56  NFunc =  1115  E =    -295.19575  RMSG = 3.7751940e-02
 MIN: Iter =   57  NFunc =  1131  E =    -295.19789  RMSG = 2.5739535e-02
 MIN: Iter =   58  NFunc =  1137  E =    -295.19828  RMSG = 1.6814877e-02
 MIN: Iter =   59  NFunc =  1180  E =    -295.19996  RMSG = 1.3760142e-02
 MIN: Iter =   60  NFunc =  1231  E =    -295.20181  RMSG = 2.2153127e-02
 MIN: Iter =   61  NFunc =  1257  E =    -295.20297  RMSG = 1.7993906e-02
 MIN: Iter =   62  NFunc =  1280  E =    -295.20351  RMSG = 8.8577621e-03
 MIN: Iter =   63  NFunc =  1323  E =    -295.20393  RMSG = 8.0921023e-03
 MIN: Iter =   64  NFunc =  1333  E =    -295.20396  RMSG = 3.5757762e-03
 MIN: Iter =   65  NFunc =  1344  E =    -295.20398  RMSG = 2.5327465e-03
 MIN: Iter =   66  NFunc =  1387  E =    -295.20401  RMSG = 1.6784340e-03
 MIN: Iter =   67  NFunc =  1426  E =    -295.20402  RMSG = 1.1907594e-03
 MIN: Iter =   68  NFunc =  1477  E =    -295.20405  RMSG = 2.0337971e-03
 MIN: Iter =   69  NFunc =  1509  E =    -295.20407  RMSG = 1.0444419e-03
 MIN: Iter =   70  NFunc =  1547  E =    -295.20407  RMSG = 5.9178652e-04
 MIN: Iter =   71  NFunc =  1577  E =    -295.20407  RMSG = 4.0124018e-04
----------------------------------------------------------------
 END:          :-)  E =    -295.20407  RMSG =   0.0004012

     bond:      5.565390647
    angle:      7.917659725
 dihedral:     52.913434288
    enb14:      9.728804508
    eel14:   -224.758560964
      enb:    -10.551185289
      eel:    -88.273639931
      egb:    -47.745977700
    econs:      0.000000000
    esurf:      0.000000000
    Total:   -295.204074716
     frms:      0.000401240
====== rms.dat  ======================================================
#Frame      all_heavy
       1       1.1115
