====== tleap.out =====================================================
-I: Adding /home/case/amber24/dat/leap/prep to search path.
-I: Adding /home/case/amber24/dat/leap/lib to search path.
-I: Adding /home/case/amber24/dat/leap/parm to search path.
-I: Adding /home/case/amber24/dat/leap/cmd to search path.
-f: Source leap.in.

Welcome to LEaP!
(no leaprc in search path)
Sourcing: ./leap.in
Using Bondi radii
----- Source: /home/case/amber24/dat/leap/cmd/leaprc.gaff2
----- Source of /home/case/amber24/dat/leap/cmd/leaprc.gaff2 done
Log file: ./leap.log
Loading parameters: /home/case/amber24/dat/leap/parm/gaff2.dat
Reading title:
AMBER General Force Field for organic molecules (Version 2.2.20, March 2021)
Loading parameters: ./0D2.frcmod
Reading force field modification type file (frcmod)
Reading title:
Remark line goes here
Loading Mol2 file: ./0D2.mol2
Reading MOLECULE named 0D2
Checking Unit.
Building topology.
"order_residues" off: keep input residue order.
Building atom parameters.
Building bond parameters.
Building angle parameters.
Building proper torsion parameters.
Building improper torsion parameters.
 total 20 improper torsions applied
Building H-Bond parameters.
Incorporating Non-Bonded adjustments.
Not Marking per-residue atom chain types.
Marking per-residue atom chain types.
  (Residues lacking connect0/connect1 - 
   these don't have chain types marked:

	res	total affected

	0D2	1
  )
 (no restraints)
	Quit

Exiting LEaP: Errors = 0; Warnings = 0; Notes = 0.
====== min.o =========================================================
Reading parm file (0D2.parm7)
title:
0D2                                                                             
no velocities were found
no velocities were found
	mm_options:  ntpr=5
	mm_options:  gb=1
	mm_options:  kappa=0.10395
	mm_options:  rgbmax=99.
	mm_options:  cut=99.0
	mm_options:  wcons=0.
     bond:      2.580460024
    angle:     25.164137523
 dihedral:     50.813293004
    enb14:      9.915483873
    eel14:   -221.758514993
      enb:     -3.854937725
      eel:     51.654497586
      egb:    -26.057564405
    econs:      0.000000000
    esurf:      0.000000000
    Total:   -111.543145114
     frms:     12.816374156
Starting TNCG minimisation
 MIN: Iter =    0  NFunc =     1  E =    -111.54315  RMSG = 1.2816374e+01
 MIN: Iter =    1  NFunc =     7  E =    -124.45973  RMSG = 2.5008549e+00
 MIN: Iter =    2  NFunc =    14  E =    -125.97471  RMSG = 9.0931589e-01
 MIN: Iter =    3  NFunc =    30  E =    -126.36959  RMSG = 5.0798018e-01
 MIN: Iter =    4  NFunc =    55  E =    -126.56732  RMSG = 3.7507135e-01
 MIN: Iter =    5  NFunc =    61  E =    -126.59289  RMSG = 1.1419554e-01
 MIN: Iter =    6  NFunc =    68  E =    -126.59836  RMSG = 5.9979083e-02
 MIN: Iter =    7  NFunc =    75  E =    -126.59929  RMSG = 3.3034723e-02
 MIN: Iter =    8  NFunc =    82  E =    -126.59959  RMSG = 1.7577485e-02
 MIN: Iter =    9  NFunc =    97  E =    -126.59995  RMSG = 1.1413486e-02
 MIN: Iter =   10  NFunc =   113  E =    -126.60009  RMSG = 4.3000868e-03
 MIN: Iter =   11  NFunc =   121  E =    -126.60009  RMSG = 2.0178746e-03
 MIN: Iter =   12  NFunc =   133  E =    -126.60010  RMSG = 7.3804285e-04
 MIN: Iter =   13  NFunc =   152  E =    -126.60010  RMSG = 4.9598035e-04
----------------------------------------------------------------
 END:          :-)  E =    -126.60010  RMSG =   0.0004960

     bond:      5.452754692
    angle:     16.857954372
 dihedral:     50.720392518
    enb14:      6.891305041
    eel14:   -226.376633933
      enb:     -6.655410504
      eel:     53.917737464
      egb:    -27.408196646
    econs:      0.000000000
    esurf:      0.000000000
    Total:   -126.600096996
     frms:      0.000495980
====== rms.dat  ======================================================
#Frame      all_heavy
       1       0.1084
