====== tleap.out =====================================================
-I: Adding /home/case/amber24/dat/leap/prep to search path.
-I: Adding /home/case/amber24/dat/leap/lib to search path.
-I: Adding /home/case/amber24/dat/leap/parm to search path.
-I: Adding /home/case/amber24/dat/leap/cmd to search path.
-f: Source leap.in.

Welcome to LEaP!
(no leaprc in search path)
Sourcing: ./leap.in
Using Bondi radii
----- Source: /home/case/amber24/dat/leap/cmd/leaprc.gaff2
----- Source of /home/case/amber24/dat/leap/cmd/leaprc.gaff2 done
Log file: ./leap.log
Loading parameters: /home/case/amber24/dat/leap/parm/gaff2.dat
Reading title:
AMBER General Force Field for organic molecules (Version 2.2.20, March 2021)
Loading parameters: ./0FO.frcmod
Reading force field modification type file (frcmod)
Reading title:
Remark line goes here
Loading Mol2 file: ./0FO.mol2
Reading MOLECULE named 0FO
Checking Unit.
Building topology.
"order_residues" off: keep input residue order.
Building atom parameters.
Building bond parameters.
Building angle parameters.
Building proper torsion parameters.
Building improper torsion parameters.
 total 9 improper torsions applied
Building H-Bond parameters.
Incorporating Non-Bonded adjustments.
Not Marking per-residue atom chain types.
Marking per-residue atom chain types.
  (Residues lacking connect0/connect1 - 
   these don't have chain types marked:

	res	total affected

	0FO	1
  )
 (no restraints)
	Quit

Exiting LEaP: Errors = 0; Warnings = 0; Notes = 0.
====== min.o =========================================================
Reading parm file (0FO.parm7)
title:
0FO                                                                             
no velocities were found
no velocities were found
	mm_options:  ntpr=5
	mm_options:  gb=1
	mm_options:  kappa=0.10395
	mm_options:  rgbmax=99.
	mm_options:  cut=99.0
	mm_options:  wcons=0.
     bond:      1.507760575
    angle:      3.533225461
 dihedral:      0.002018754
    enb14:      6.626314397
    eel14:   -154.844119167
      enb:     -0.650538306
      eel:     67.295643240
      egb:    -14.537038308
    econs:      0.000000000
    esurf:      0.000000000
    Total:    -91.066733354
     frms:     10.879309580
Starting TNCG minimisation
 MIN: Iter =    0  NFunc =     1  E =     -91.06673  RMSG = 1.0879310e+01
 MIN: Iter =    1  NFunc =     7  E =     -95.29540  RMSG = 3.8413453e+00
 MIN: Iter =    2  NFunc =    13  E =     -95.78120  RMSG = 7.1142373e-01
 MIN: Iter =    3  NFunc =    19  E =     -95.80942  RMSG = 1.6995254e-01
 MIN: Iter =    4  NFunc =    25  E =     -95.81221  RMSG = 7.5214265e-02
 MIN: Iter =    5  NFunc =    31  E =     -95.81289  RMSG = 3.2980375e-02
 MIN: Iter =    6  NFunc =    43  E =     -95.81313  RMSG = 1.2044813e-02
 MIN: Iter =    7  NFunc =    49  E =     -95.81315  RMSG = 5.7052472e-03
 MIN: Iter =    8  NFunc =    62  E =     -95.81316  RMSG = 2.0885803e-03
 MIN: Iter =    9  NFunc =    68  E =     -95.81316  RMSG = 1.2398093e-03
 MIN: Iter =   10  NFunc =    74  E =     -95.81316  RMSG = 2.9461366e-04
----------------------------------------------------------------
 END:          :-)  E =     -95.81316  RMSG =   0.0002946

     bond:      0.263122144
    angle:      1.439888536
 dihedral:      0.000000012
    enb14:      5.208406714
    eel14:   -155.299564157
      enb:     -0.895415223
      eel:     67.909341260
      egb:    -14.438938873
    econs:      0.000000000
    esurf:      0.000000000
    Total:    -95.813159587
     frms:      0.000294614
====== rms.dat  ======================================================
#Frame      all_heavy
       1       0.0511
