====== tleap.out =====================================================
-I: Adding /home/case/amber24/dat/leap/prep to search path.
-I: Adding /home/case/amber24/dat/leap/lib to search path.
-I: Adding /home/case/amber24/dat/leap/parm to search path.
-I: Adding /home/case/amber24/dat/leap/cmd to search path.
-f: Source leap.in.

Welcome to LEaP!
(no leaprc in search path)
Sourcing: ./leap.in
Using Bondi radii
----- Source: /home/case/amber24/dat/leap/cmd/leaprc.gaff2
----- Source of /home/case/amber24/dat/leap/cmd/leaprc.gaff2 done
Log file: ./leap.log
Loading parameters: /home/case/amber24/dat/leap/parm/gaff2.dat
Reading title:
AMBER General Force Field for organic molecules (Version 2.2.20, March 2021)
Loading parameters: ./0GH.frcmod
Reading force field modification type file (frcmod)
Reading title:
Remark line goes here
Loading Mol2 file: ./0GH.mol2
Reading MOLECULE named 0GH
Checking Unit.
Building topology.
"order_residues" off: keep input residue order.
Building atom parameters.
Building bond parameters.
Building angle parameters.
Building proper torsion parameters.
Building improper torsion parameters.
 total 25 improper torsions applied
Building H-Bond parameters.
Incorporating Non-Bonded adjustments.
Not Marking per-residue atom chain types.
Marking per-residue atom chain types.
  (Residues lacking connect0/connect1 - 
   these don't have chain types marked:

	res	total affected

	0GH	1
  )
 (no restraints)
	Quit

Exiting LEaP: Errors = 0; Warnings = 0; Notes = 0.
====== min.o =========================================================
Reading parm file (0GH.parm7)
title:
0GH                                                                             
no velocities were found
no velocities were found
	mm_options:  ntpr=5
	mm_options:  gb=1
	mm_options:  kappa=0.10395
	mm_options:  rgbmax=99.
	mm_options:  cut=99.0
	mm_options:  wcons=0.
     bond:      4.391758394
    angle:      4.897758236
 dihedral:     49.289552873
    enb14:     22.685096242
    eel14:     50.115620413
      enb:    -15.980763836
      eel:   -159.723852202
      egb:    -49.495229557
    econs:      0.000000000
    esurf:      0.000000000
    Total:    -93.820059436
     frms:      7.006097630
Starting TNCG minimisation
 MIN: Iter =    0  NFunc =     1  E =     -93.82006  RMSG = 7.0060976e+00
 MIN: Iter =    1  NFunc =     7  E =    -103.84910  RMSG = 2.1289098e+00
 MIN: Iter =    2  NFunc =    19  E =    -108.39859  RMSG = 1.2661978e+00
 MIN: Iter =    3  NFunc =    31  E =    -110.00013  RMSG = 8.5625530e-01
 MIN: Iter =    4  NFunc =    82  E =    -110.58788  RMSG = 1.0322016e+00
 MIN: Iter =    5  NFunc =    88  E =    -111.09372  RMSG = 1.1624378e+00
 MIN: Iter =    6  NFunc =    94  E =    -111.80000  RMSG = 1.0152267e+00
 MIN: Iter =    7  NFunc =   100  E =    -112.44024  RMSG = 9.5370286e-01
 MIN: Iter =    8  NFunc =   106  E =    -113.07416  RMSG = 9.6271380e-01
 MIN: Iter =    9  NFunc =   115  E =    -113.67890  RMSG = 8.2912970e-01
 MIN: Iter =   10  NFunc =   130  E =    -114.17284  RMSG = 8.5033328e-01
 MIN: Iter =   11  NFunc =   138  E =    -114.37990  RMSG = 3.2338917e-01
 MIN: Iter =   12  NFunc =   169  E =    -114.62665  RMSG = 1.0652873e+00
 MIN: Iter =   13  NFunc =   175  E =    -114.75351  RMSG = 2.3604772e-01
 MIN: Iter =   14  NFunc =   213  E =    -114.83717  RMSG = 3.8517506e-01
 MIN: Iter =   15  NFunc =   227  E =    -114.96717  RMSG = 7.4633968e-01
 MIN: Iter =   16  NFunc =   250  E =    -115.22252  RMSG = 9.9576936e-01
 MIN: Iter =   17  NFunc =   256  E =    -115.31606  RMSG = 1.9663317e-01
 MIN: Iter =   18  NFunc =   283  E =    -115.38282  RMSG = 2.5830729e-01
 MIN: Iter =   19  NFunc =   311  E =    -115.45891  RMSG = 3.7485268e-01
 MIN: Iter =   20  NFunc =   325  E =    -115.54688  RMSG = 4.9775849e-01
 MIN: Iter =   21  NFunc =   331  E =    -115.65108  RMSG = 8.5817003e-01
 MIN: Iter =   22  NFunc =   338  E =    -115.76965  RMSG = 3.0723289e-01
 MIN: Iter =   23  NFunc =   344  E =    -115.81353  RMSG = 8.5393205e-01
 MIN: Iter =   24  NFunc =   350  E =    -115.88023  RMSG = 1.2368836e-01
 MIN: Iter =   25  NFunc =   395  E =    -116.13037  RMSG = 4.4674059e-01
 MIN: Iter =   26  NFunc =   417  E =    -116.36955  RMSG = 5.5081618e-01
 MIN: Iter =   27  NFunc =   428  E =    -116.61785  RMSG = 4.8667847e-01
 MIN: Iter =   28  NFunc =   437  E =    -116.84951  RMSG = 4.4076304e-01
 MIN: Iter =   29  NFunc =   444  E =    -117.02078  RMSG = 3.8710414e-01
 MIN: Iter =   30  NFunc =   451  E =    -117.10928  RMSG = 1.9964284e-01
 MIN: Iter =   31  NFunc =   475  E =    -117.29996  RMSG = 2.5458791e-01
 MIN: Iter =   32  NFunc =   491  E =    -117.39245  RMSG = 1.7824848e-01
 MIN: Iter =   33  NFunc =   506  E =    -117.42816  RMSG = 8.4817252e-02
 MIN: Iter =   34  NFunc =   538  E =    -117.48332  RMSG = 1.5825296e-01
 MIN: Iter =   35  NFunc =   580  E =    -117.54013  RMSG = 1.4243387e-01
 MIN: Iter =   36  NFunc =   631  E =    -117.59599  RMSG = 1.5845451e-01
 MIN: Iter =   37  NFunc =   664  E =    -117.63263  RMSG = 8.0088338e-02
 MIN: Iter =   38  NFunc =   713  E =    -117.65694  RMSG = 8.2219985e-02
 MIN: Iter =   39  NFunc =   719  E =    -117.65909  RMSG = 3.3235024e-02
 MIN: Iter =   40  NFunc =   770  E =    -117.66839  RMSG = 9.4144134e-02
 MIN: Iter =   41  NFunc =   776  E =    -117.67087  RMSG = 4.0475730e-02
 MIN: Iter =   42  NFunc =   822  E =    -117.67910  RMSG = 4.0814530e-02
 MIN: Iter =   43  NFunc =   847  E =    -117.68546  RMSG = 1.3474309e-01
 MIN: Iter =   44  NFunc =   853  E =    -117.69007  RMSG = 3.6068197e-02
 MIN: Iter =   45  NFunc =   905  E =    -117.69561  RMSG = 6.2290359e-02
 MIN: Iter =   46  NFunc =   915  E =    -117.69908  RMSG = 3.3488806e-02
 MIN: Iter =   47  NFunc =   936  E =    -117.70251  RMSG = 3.8754464e-02
 MIN: Iter =   48  NFunc =   947  E =    -117.70576  RMSG = 5.7910217e-02
 MIN: Iter =   49  NFunc =   953  E =    -117.70700  RMSG = 2.9227835e-02
 MIN: Iter =   50  NFunc =   963  E =    -117.70820  RMSG = 3.6208185e-02
 MIN: Iter =   51  NFunc =   988  E =    -117.71194  RMSG = 5.9542676e-02
 MIN: Iter =   52  NFunc =   998  E =    -117.71364  RMSG = 2.2816716e-02
 MIN: Iter =   53  NFunc =  1017  E =    -117.71514  RMSG = 2.3406188e-02
 MIN: Iter =   54  NFunc =  1032  E =    -117.71651  RMSG = 6.5044101e-02
 MIN: Iter =   55  NFunc =  1040  E =    -117.71794  RMSG = 1.7406646e-02
 MIN: Iter =   56  NFunc =  1092  E =    -117.72152  RMSG = 4.9097027e-02
 MIN: Iter =   57  NFunc =  1108  E =    -117.72476  RMSG = 2.8433289e-02
 MIN: Iter =   58  NFunc =  1156  E =    -117.73055  RMSG = 1.3641911e-01
 MIN: Iter =   59  NFunc =  1162  E =    -117.73486  RMSG = 3.3925647e-02
 MIN: Iter =   60  NFunc =  1176  E =    -117.73654  RMSG = 2.1176821e-02
 MIN: Iter =   61  NFunc =  1228  E =    -117.73993  RMSG = 3.2442920e-02
 MIN: Iter =   62  NFunc =  1236  E =    -117.74165  RMSG = 3.3031084e-02
 MIN: Iter =   63  NFunc =  1255  E =    -117.74420  RMSG = 4.7855785e-02
 MIN: Iter =   64  NFunc =  1263  E =    -117.74504  RMSG = 1.7557680e-02
 MIN: Iter =   65  NFunc =  1305  E =    -117.74634  RMSG = 2.8493324e-02
 MIN: Iter =   66  NFunc =  1328  E =    -117.74763  RMSG = 2.3200057e-02
 MIN: Iter =   67  NFunc =  1341  E =    -117.74812  RMSG = 1.0433994e-02
 MIN: Iter =   68  NFunc =  1357  E =    -117.74830  RMSG = 7.5973825e-03
 MIN: Iter =   69  NFunc =  1404  E =    -117.74899  RMSG = 1.5585587e-02
 MIN: Iter =   70  NFunc =  1455  E =    -117.74979  RMSG = 8.9849734e-03
 MIN: Iter =   71  NFunc =  1503  E =    -117.75024  RMSG = 1.2163488e-02
 MIN: Iter =   72  NFunc =  1511  E =    -117.75029  RMSG = 4.3172488e-03
 MIN: Iter =   73  NFunc =  1533  E =    -117.75037  RMSG = 2.5883524e-03
 MIN: Iter =   74  NFunc =  1584  E =    -117.75054  RMSG = 4.7654371e-03
 MIN: Iter =   75  NFunc =  1617  E =    -117.75059  RMSG = 2.1938339e-03
 MIN: Iter =   76  NFunc =  1664  E =    -117.75064  RMSG = 1.7510172e-03
 MIN: Iter =   77  NFunc =  1713  E =    -117.75066  RMSG = 1.1791473e-03
 MIN: Iter =   78  NFunc =  1740  E =    -117.75067  RMSG = 7.9968118e-04
 MIN: Iter =   79  NFunc =  1791  E =    -117.75069  RMSG = 1.6938484e-03
 MIN: Iter =   80  NFunc =  1802  E =    -117.75069  RMSG = 1.0163806e-03
 MIN: Iter =   81  NFunc =  1845  E =    -117.75070  RMSG = 6.9542882e-04
 MIN: Iter =   82  NFunc =  1861  E =    -117.75070  RMSG = 5.5661147e-04
 MIN: Iter =   83  NFunc =  1912  E =    -117.75071  RMSG = 8.0929025e-04
 MIN: Iter =   84  NFunc =  1963  E =    -117.75071  RMSG = 9.8686783e-04
 MIN: Iter =   85  NFunc =  2004  E =    -117.75072  RMSG = 5.6390958e-04
 MIN: Iter =   86  NFunc =  2055  E =    -117.75072  RMSG = 6.9726621e-04
 MIN: Iter =   87  NFunc =  2106  E =    -117.75072  RMSG = 5.3871841e-04
 MIN: Iter =   88  NFunc =  2157  E =    -117.75072  RMSG = 5.0620540e-04
 MIN: Iter =   89  NFunc =  2186  E =    -117.75073  RMSG = 4.2919547e-04
----------------------------------------------------------------
 END:          :-)  E =    -117.75073  RMSG =   0.0004292

     bond:      3.038226935
    angle:      4.196639159
 dihedral:     34.687135438
    enb14:     15.993800097
    eel14:     40.647322642
      enb:    -15.050643574
      eel:   -150.690473469
      egb:    -50.572733541
    econs:      0.000000000
    esurf:      0.000000000
    Total:   -117.750726312
     frms:      0.000429195
====== rms.dat  ======================================================
#Frame      all_heavy
       1       1.0073
