====== tleap.out =====================================================
-I: Adding /home/case/amber24/dat/leap/prep to search path.
-I: Adding /home/case/amber24/dat/leap/lib to search path.
-I: Adding /home/case/amber24/dat/leap/parm to search path.
-I: Adding /home/case/amber24/dat/leap/cmd to search path.
-f: Source leap.in.

Welcome to LEaP!
(no leaprc in search path)
Sourcing: ./leap.in
Using Bondi radii
----- Source: /home/case/amber24/dat/leap/cmd/leaprc.gaff2
----- Source of /home/case/amber24/dat/leap/cmd/leaprc.gaff2 done
Log file: ./leap.log
Loading parameters: /home/case/amber24/dat/leap/parm/gaff2.dat
Reading title:
AMBER General Force Field for organic molecules (Version 2.2.20, March 2021)
Loading parameters: ./0HZ.frcmod
Reading force field modification type file (frcmod)
Reading title:
Remark line goes here
Loading Mol2 file: ./0HZ.mol2
Reading MOLECULE named 0HZ
Checking Unit.

/home/case/amber24/bin/teLeap: Warning!
The unperturbed charge of the unit (1.002000) is not zero.

/home/case/amber24/bin/teLeap: Note.
Ignoring the warning from Unit Checking.

Building topology.
"order_residues" off: keep input residue order.
Building atom parameters.
Building bond parameters.
Building angle parameters.
Building proper torsion parameters.
Building improper torsion parameters.
 total 8 improper torsions applied
Building H-Bond parameters.
Incorporating Non-Bonded adjustments.
Not Marking per-residue atom chain types.
Marking per-residue atom chain types.
  (Residues lacking connect0/connect1 - 
   these don't have chain types marked:

	res	total affected

	0HZ	1
  )
 (no restraints)
	Quit

Exiting LEaP: Errors = 0; Warnings = 1; Notes = 1.
====== min.o =========================================================
Reading parm file (0HZ.parm7)
title:
0HZ                                                                             
no velocities were found
no velocities were found
	mm_options:  ntpr=5
	mm_options:  gb=1
	mm_options:  kappa=0.10395
	mm_options:  rgbmax=99.
	mm_options:  cut=99.0
	mm_options:  wcons=0.
     bond:      2.774182194
    angle:      5.058056325
 dihedral:     34.004721404
    enb14:      6.840315605
    eel14:   -180.734655843
      enb:     -3.693728656
      eel:     73.992132739
      egb:    -78.932675413
    econs:      0.000000000
    esurf:      0.000000000
    Total:   -140.691651646
     frms:     11.096368950
Starting TNCG minimisation
 MIN: Iter =    0  NFunc =     1  E =    -140.69165  RMSG = 1.1096369e+01
 MIN: Iter =    1  NFunc =     7  E =    -149.36660  RMSG = 2.0247034e+00
 MIN: Iter =    2  NFunc =    19  E =    -151.14803  RMSG = 1.0252221e+00
 MIN: Iter =    3  NFunc =    26  E =    -151.34288  RMSG = 4.8920631e-01
 MIN: Iter =    4  NFunc =    65  E =    -151.66755  RMSG = 5.6967730e-01
 MIN: Iter =    5  NFunc =    72  E =    -151.71001  RMSG = 1.8815276e-01
 MIN: Iter =    6  NFunc =    89  E =    -151.74288  RMSG = 1.1346691e-01
 MIN: Iter =    7  NFunc =    96  E =    -151.74675  RMSG = 6.2254107e-02
 MIN: Iter =    8  NFunc =   129  E =    -151.75911  RMSG = 9.2975444e-02
 MIN: Iter =    9  NFunc =   145  E =    -151.76062  RMSG = 2.1895457e-02
 MIN: Iter =   10  NFunc =   178  E =    -151.76143  RMSG = 1.5080656e-02
 MIN: Iter =   11  NFunc =   203  E =    -151.76171  RMSG = 7.4010074e-03
 MIN: Iter =   12  NFunc =   223  E =    -151.76175  RMSG = 4.0921185e-03
 MIN: Iter =   13  NFunc =   272  E =    -151.76192  RMSG = 7.4556577e-03
 MIN: Iter =   14  NFunc =   279  E =    -151.76193  RMSG = 2.3717314e-03
 MIN: Iter =   15  NFunc =   297  E =    -151.76194  RMSG = 2.0565151e-03
 MIN: Iter =   16  NFunc =   320  E =    -151.76194  RMSG = 1.1267277e-03
 MIN: Iter =   17  NFunc =   335  E =    -151.76195  RMSG = 8.5657490e-04
 MIN: Iter =   18  NFunc =   351  E =    -151.76195  RMSG = 5.5277593e-04
 MIN: Iter =   19  NFunc =   376  E =    -151.76195  RMSG = 2.8176548e-04
----------------------------------------------------------------
 END:          :-)  E =    -151.76195  RMSG =   0.0002818

     bond:      2.402849530
    angle:      4.323486996
 dihedral:     31.957394327
    enb14:      3.838694322
    eel14:   -189.356314023
      enb:     -3.740125271
      eel:     77.954385075
      egb:    -79.142318284
    econs:      0.000000000
    esurf:      0.000000000
    Total:   -151.761947328
     frms:      0.000281765
====== rms.dat  ======================================================
#Frame      all_heavy
       1       0.1664
