====== tleap.out =====================================================
-I: Adding /home/case/amber24/dat/leap/prep to search path.
-I: Adding /home/case/amber24/dat/leap/lib to search path.
-I: Adding /home/case/amber24/dat/leap/parm to search path.
-I: Adding /home/case/amber24/dat/leap/cmd to search path.
-f: Source leap.in.

Welcome to LEaP!
(no leaprc in search path)
Sourcing: ./leap.in
Using Bondi radii
----- Source: /home/case/amber24/dat/leap/cmd/leaprc.gaff2
----- Source of /home/case/amber24/dat/leap/cmd/leaprc.gaff2 done
Log file: ./leap.log
Loading parameters: /home/case/amber24/dat/leap/parm/gaff2.dat
Reading title:
AMBER General Force Field for organic molecules (Version 2.2.20, March 2021)
Loading parameters: ./0JF.frcmod
Reading force field modification type file (frcmod)
Reading title:
Remark line goes here
Loading Mol2 file: ./0JF.mol2
Reading MOLECULE named 0JF
Checking Unit.
Building topology.
"order_residues" off: keep input residue order.
Building atom parameters.
Building bond parameters.
Building angle parameters.
Building proper torsion parameters.
Building improper torsion parameters.
 total 20 improper torsions applied
Building H-Bond parameters.
Incorporating Non-Bonded adjustments.
Not Marking per-residue atom chain types.
Marking per-residue atom chain types.
  (Residues lacking connect0/connect1 - 
   these don't have chain types marked:

	res	total affected

	0JF	1
  )
 (no restraints)
	Quit

Exiting LEaP: Errors = 0; Warnings = 0; Notes = 0.
====== min.o =========================================================
Reading parm file (0JF.parm7)
title:
0JF                                                                             
no velocities were found
no velocities were found
	mm_options:  ntpr=5
	mm_options:  gb=1
	mm_options:  kappa=0.10395
	mm_options:  rgbmax=99.
	mm_options:  cut=99.0
	mm_options:  wcons=0.
     bond:      3.481474836
    angle:      8.044283339
 dihedral:     51.096008198
    enb14:     25.298261579
    eel14:   -412.975713943
      enb:      0.827722449
      eel:    206.354395220
      egb:    -31.072451540
    econs:      0.000000000
    esurf:      0.000000000
    Total:   -148.946019861
     frms:      8.925985059
Starting TNCG minimisation
 MIN: Iter =    0  NFunc =     1  E =    -148.94602  RMSG = 8.9259851e+00
 MIN: Iter =    1  NFunc =     7  E =    -163.11825  RMSG = 2.9266654e+00
 MIN: Iter =    2  NFunc =    15  E =    -167.17079  RMSG = 1.1904775e+00
 MIN: Iter =    3  NFunc =    66  E =    -168.30440  RMSG = 1.0613750e+00
 MIN: Iter =    4  NFunc =    81  E =    -169.30961  RMSG = 8.5476725e-01
 MIN: Iter =    5  NFunc =    88  E =    -170.03128  RMSG = 5.9599430e-01
 MIN: Iter =    6  NFunc =    97  E =    -170.43421  RMSG = 5.9046388e-01
 MIN: Iter =    7  NFunc =   118  E =    -170.94080  RMSG = 4.5207936e-01
 MIN: Iter =    8  NFunc =   169  E =    -171.25664  RMSG = 5.2647324e-01
 MIN: Iter =    9  NFunc =   176  E =    -171.40028  RMSG = 3.8384601e-01
 MIN: Iter =   10  NFunc =   195  E =    -171.58846  RMSG = 4.6342162e-01
 MIN: Iter =   11  NFunc =   246  E =    -171.85661  RMSG = 3.8306564e-01
 MIN: Iter =   12  NFunc =   271  E =    -172.03165  RMSG = 3.3656715e-01
 MIN: Iter =   13  NFunc =   283  E =    -172.09929  RMSG = 1.8604692e-01
 MIN: Iter =   14  NFunc =   305  E =    -172.20209  RMSG = 2.9094979e-01
 MIN: Iter =   15  NFunc =   320  E =    -172.29097  RMSG = 2.8821526e-01
 MIN: Iter =   16  NFunc =   334  E =    -172.37803  RMSG = 4.4574401e-01
 MIN: Iter =   17  NFunc =   343  E =    -172.49169  RMSG = 4.5337259e-01
 MIN: Iter =   18  NFunc =   352  E =    -172.61847  RMSG = 5.3269040e-01
 MIN: Iter =   19  NFunc =   359  E =    -172.77737  RMSG = 4.4827842e-01
 MIN: Iter =   20  NFunc =   365  E =    -172.89019  RMSG = 4.8338617e-01
 MIN: Iter =   21  NFunc =   397  E =    -173.33603  RMSG = 6.2510344e-01
 MIN: Iter =   22  NFunc =   413  E =    -173.72262  RMSG = 5.6357045e-01
 MIN: Iter =   23  NFunc =   424  E =    -173.95537  RMSG = 4.0793639e-01
 MIN: Iter =   24  NFunc =   430  E =    -174.02544  RMSG = 2.0325914e-01
 MIN: Iter =   25  NFunc =   440  E =    -174.08182  RMSG = 1.7006475e-01
 MIN: Iter =   26  NFunc =   491  E =    -174.16462  RMSG = 1.9328641e-01
 MIN: Iter =   27  NFunc =   521  E =    -174.22860  RMSG = 1.6861913e-01
 MIN: Iter =   28  NFunc =   572  E =    -174.31011  RMSG = 1.8649275e-01
 MIN: Iter =   29  NFunc =   600  E =    -174.38167  RMSG = 1.9003291e-01
 MIN: Iter =   30  NFunc =   616  E =    -174.43956  RMSG = 1.7875524e-01
 MIN: Iter =   31  NFunc =   623  E =    -174.49109  RMSG = 1.5847535e-01
 MIN: Iter =   32  NFunc =   630  E =    -174.52521  RMSG = 1.5818410e-01
 MIN: Iter =   33  NFunc =   637  E =    -174.55613  RMSG = 1.4257433e-01
 MIN: Iter =   34  NFunc =   649  E =    -174.58568  RMSG = 1.3119148e-01
 MIN: Iter =   35  NFunc =   684  E =    -174.65941  RMSG = 1.6150831e-01
 MIN: Iter =   36  NFunc =   706  E =    -174.72096  RMSG = 1.8326392e-01
 MIN: Iter =   37  NFunc =   712  E =    -174.73679  RMSG = 8.8894222e-02
 MIN: Iter =   38  NFunc =   741  E =    -174.76303  RMSG = 1.4610496e-01
 MIN: Iter =   39  NFunc =   750  E =    -174.77354  RMSG = 6.3430085e-02
 MIN: Iter =   40  NFunc =   772  E =    -174.79017  RMSG = 1.5824204e-01
 MIN: Iter =   41  NFunc =   781  E =    -174.80012  RMSG = 5.9037625e-02
 MIN: Iter =   42  NFunc =   810  E =    -174.80849  RMSG = 5.8185436e-02
 MIN: Iter =   43  NFunc =   833  E =    -174.81469  RMSG = 5.4857427e-02
 MIN: Iter =   44  NFunc =   842  E =    -174.81573  RMSG = 2.0643060e-02
 MIN: Iter =   45  NFunc =   894  E =    -174.81970  RMSG = 6.5033559e-02
 MIN: Iter =   46  NFunc =   900  E =    -174.82118  RMSG = 3.0568579e-02
 MIN: Iter =   47  NFunc =   951  E =    -174.82465  RMSG = 6.0859759e-02
 MIN: Iter =   48  NFunc =   968  E =    -174.82682  RMSG = 3.4152464e-02
 MIN: Iter =   49  NFunc =   980  E =    -174.82813  RMSG = 2.6225647e-02
 MIN: Iter =   50  NFunc =  1011  E =    -174.82965  RMSG = 6.2746351e-02
 MIN: Iter =   51  NFunc =  1017  E =    -174.83026  RMSG = 1.3735918e-02
 MIN: Iter =   52  NFunc =  1035  E =    -174.83063  RMSG = 1.0258562e-02
 MIN: Iter =   53  NFunc =  1069  E =    -174.83143  RMSG = 2.0124030e-02
 MIN: Iter =   54  NFunc =  1076  E =    -174.83154  RMSG = 8.6112772e-03
 MIN: Iter =   55  NFunc =  1127  E =    -174.83199  RMSG = 1.8965278e-02
 MIN: Iter =   56  NFunc =  1140  E =    -174.83216  RMSG = 7.4142674e-03
 MIN: Iter =   57  NFunc =  1176  E =    -174.83237  RMSG = 3.1804547e-02
 MIN: Iter =   58  NFunc =  1182  E =    -174.83251  RMSG = 4.3044897e-03
 MIN: Iter =   59  NFunc =  1234  E =    -174.83267  RMSG = 8.1212047e-03
 MIN: Iter =   60  NFunc =  1262  E =    -174.83277  RMSG = 8.3081470e-03
 MIN: Iter =   61  NFunc =  1290  E =    -174.83283  RMSG = 3.7736001e-03
 MIN: Iter =   62  NFunc =  1341  E =    -174.83288  RMSG = 5.1041200e-03
 MIN: Iter =   63  NFunc =  1392  E =    -174.83304  RMSG = 1.0449238e-02
 MIN: Iter =   64  NFunc =  1398  E =    -174.83307  RMSG = 3.9369055e-03
 MIN: Iter =   65  NFunc =  1417  E =    -174.83311  RMSG = 2.6827088e-03
 MIN: Iter =   66  NFunc =  1427  E =    -174.83312  RMSG = 1.6503201e-03
 MIN: Iter =   67  NFunc =  1478  E =    -174.83315  RMSG = 2.5426851e-03
 MIN: Iter =   68  NFunc =  1491  E =    -174.83315  RMSG = 1.2415922e-03
 MIN: Iter =   69  NFunc =  1512  E =    -174.83316  RMSG = 8.0567822e-04
 MIN: Iter =   70  NFunc =  1558  E =    -174.83316  RMSG = 8.1386491e-04
 MIN: Iter =   71  NFunc =  1590  E =    -174.83317  RMSG = 8.7189002e-04
 MIN: Iter =   72  NFunc =  1639  E =    -174.83318  RMSG = 7.0292568e-04
 MIN: Iter =   73  NFunc =  1679  E =    -174.83318  RMSG = 7.0704030e-04
 MIN: Iter =   74  NFunc =  1721  E =    -174.83319  RMSG = 4.4169968e-04
----------------------------------------------------------------
 END:          :-)  E =    -174.83319  RMSG =   0.0004417

     bond:      1.892700125
    angle:      7.954769148
 dihedral:     41.576599885
    enb14:     17.129366165
    eel14:   -406.934713137
      enb:     -4.222748051
      eel:    199.749427995
      egb:    -31.978589733
    econs:      0.000000000
    esurf:      0.000000000
    Total:   -174.833187604
     frms:      0.000441700
====== rms.dat  ======================================================
#Frame      all_heavy
       1       2.0280
