====== tleap.out =====================================================
-I: Adding /home/case/amber24/dat/leap/prep to search path.
-I: Adding /home/case/amber24/dat/leap/lib to search path.
-I: Adding /home/case/amber24/dat/leap/parm to search path.
-I: Adding /home/case/amber24/dat/leap/cmd to search path.
-f: Source leap.in.

Welcome to LEaP!
(no leaprc in search path)
Sourcing: ./leap.in
Using Bondi radii
----- Source: /home/case/amber24/dat/leap/cmd/leaprc.gaff2
----- Source of /home/case/amber24/dat/leap/cmd/leaprc.gaff2 done
Log file: ./leap.log
Loading parameters: /home/case/amber24/dat/leap/parm/gaff2.dat
Reading title:
AMBER General Force Field for organic molecules (Version 2.2.20, March 2021)
Loading parameters: ./0RU.frcmod
Reading force field modification type file (frcmod)
Reading title:
Remark line goes here
Loading Mol2 file: ./0RU.mol2
Reading MOLECULE named 0RU
Checking Unit.
Building topology.
"order_residues" off: keep input residue order.
Building atom parameters.
Building bond parameters.
Building angle parameters.
Building proper torsion parameters.
Building improper torsion parameters.
 total 13 improper torsions applied
Building H-Bond parameters.
Incorporating Non-Bonded adjustments.
Not Marking per-residue atom chain types.
Marking per-residue atom chain types.
  (Residues lacking connect0/connect1 - 
   these don't have chain types marked:

	res	total affected

	0RU	1
  )
 (no restraints)
	Quit

Exiting LEaP: Errors = 0; Warnings = 0; Notes = 0.
====== min.o =========================================================
Reading parm file (0RU.parm7)
title:
0RU                                                                             
no velocities were found
no velocities were found
	mm_options:  ntpr=5
	mm_options:  gb=1
	mm_options:  kappa=0.10395
	mm_options:  rgbmax=99.
	mm_options:  cut=99.0
	mm_options:  wcons=0.
     bond:      2.316107464
    angle:      8.911879662
 dihedral:      0.002894642
    enb14:     17.600019872
    eel14:   -201.610478903
      enb:     -2.656180752
      eel:     45.926662970
      egb:    -21.125343985
    econs:      0.000000000
    esurf:      0.000000000
    Total:   -150.634439030
     frms:     11.822366759
Starting TNCG minimisation
 MIN: Iter =    0  NFunc =     1  E =    -150.63444  RMSG = 1.1822367e+01
 MIN: Iter =    1  NFunc =    11  E =    -159.66446  RMSG = 3.2033578e+00
 MIN: Iter =    2  NFunc =    18  E =    -161.15299  RMSG = 8.3098366e-01
 MIN: Iter =    3  NFunc =    24  E =    -161.37195  RMSG = 5.7509119e-01
 MIN: Iter =    4  NFunc =    31  E =    -161.41981  RMSG = 1.6743280e-01
 MIN: Iter =    5  NFunc =    42  E =    -161.42432  RMSG = 6.9092053e-02
 MIN: Iter =    6  NFunc =    49  E =    -161.42540  RMSG = 3.4490698e-02
 MIN: Iter =    7  NFunc =    89  E =    -161.43305  RMSG = 1.7264667e-01
 MIN: Iter =    8  NFunc =    96  E =    -161.43553  RMSG = 4.6729854e-02
 MIN: Iter =    9  NFunc =   122  E =    -161.44713  RMSG = 2.0640227e-01
 MIN: Iter =   10  NFunc =   130  E =    -161.45237  RMSG = 6.6727859e-02
 MIN: Iter =   11  NFunc =   152  E =    -161.47063  RMSG = 2.4074656e-01
 MIN: Iter =   12  NFunc =   158  E =    -161.47536  RMSG = 7.6540356e-02
 MIN: Iter =   13  NFunc =   181  E =    -161.49356  RMSG = 1.5066668e-01
 MIN: Iter =   14  NFunc =   203  E =    -161.51429  RMSG = 2.2171727e-01
 MIN: Iter =   15  NFunc =   233  E =    -161.53716  RMSG = 2.8610979e-01
 MIN: Iter =   16  NFunc =   241  E =    -161.56632  RMSG = 3.3022256e-01
 MIN: Iter =   17  NFunc =   248  E =    -161.60416  RMSG = 3.8349010e-01
 MIN: Iter =   18  NFunc =   255  E =    -161.64992  RMSG = 4.2347214e-01
 MIN: Iter =   19  NFunc =   261  E =    -161.70412  RMSG = 9.5652085e-01
 MIN: Iter =   20  NFunc =   267  E =    -161.80221  RMSG = 2.2575307e-01
 MIN: Iter =   21  NFunc =   275  E =    -161.85115  RMSG = 3.2905713e-01
 MIN: Iter =   22  NFunc =   281  E =    -161.91760  RMSG = 8.4267420e-01
 MIN: Iter =   23  NFunc =   287  E =    -162.02033  RMSG = 2.3293889e-01
 MIN: Iter =   24  NFunc =   293  E =    -162.06740  RMSG = 7.6717187e-01
 MIN: Iter =   25  NFunc =   299  E =    -162.15221  RMSG = 2.7212640e-01
 MIN: Iter =   26  NFunc =   306  E =    -162.19793  RMSG = 7.2050684e-01
 MIN: Iter =   27  NFunc =   312  E =    -162.26420  RMSG = 1.9083694e-01
 MIN: Iter =   28  NFunc =   319  E =    -162.28929  RMSG = 2.1661727e-01
 MIN: Iter =   29  NFunc =   332  E =    -162.32749  RMSG = 6.0976831e-01
 MIN: Iter =   30  NFunc =   339  E =    -162.37156  RMSG = 1.4336000e-01
 MIN: Iter =   31  NFunc =   390  E =    -162.47167  RMSG = 4.3010157e-01
 MIN: Iter =   32  NFunc =   396  E =    -162.54714  RMSG = 4.6519990e-01
 MIN: Iter =   33  NFunc =   402  E =    -162.60549  RMSG = 3.6795041e-01
 MIN: Iter =   34  NFunc =   415  E =    -162.67909  RMSG = 6.2582651e-01
 MIN: Iter =   35  NFunc =   421  E =    -162.73266  RMSG = 2.9873635e-01
 MIN: Iter =   36  NFunc =   440  E =    -162.78636  RMSG = 6.0465627e-01
 MIN: Iter =   37  NFunc =   446  E =    -162.82049  RMSG = 1.8018223e-01
 MIN: Iter =   38  NFunc =   465  E =    -162.84722  RMSG = 1.9158020e-01
 MIN: Iter =   39  NFunc =   471  E =    -162.87773  RMSG = 4.2815875e-01
 MIN: Iter =   40  NFunc =   478  E =    -162.91802  RMSG = 2.4945092e-01
 MIN: Iter =   41  NFunc =   484  E =    -162.94484  RMSG = 4.2314567e-01
 MIN: Iter =   42  NFunc =   490  E =    -162.97836  RMSG = 1.7605522e-01
 MIN: Iter =   43  NFunc =   497  E =    -162.99632  RMSG = 1.9509415e-01
 MIN: Iter =   44  NFunc =   503  E =    -163.01859  RMSG = 4.0415905e-01
 MIN: Iter =   45  NFunc =   509  E =    -163.04516  RMSG = 1.5657984e-01
 MIN: Iter =   46  NFunc =   524  E =    -163.06575  RMSG = 1.9091735e-01
 MIN: Iter =   47  NFunc =   531  E =    -163.08960  RMSG = 3.3570933e-01
 MIN: Iter =   48  NFunc =   543  E =    -163.12132  RMSG = 1.7270080e-01
 MIN: Iter =   49  NFunc =   551  E =    -163.13563  RMSG = 4.4240771e-01
 MIN: Iter =   50  NFunc =   557  E =    -163.15933  RMSG = 1.4230665e-01
 MIN: Iter =   51  NFunc =   564  E =    -163.16868  RMSG = 1.6722019e-01
 MIN: Iter =   52  NFunc =   574  E =    -163.18288  RMSG = 1.6859388e-01
 MIN: Iter =   53  NFunc =   591  E =    -163.19911  RMSG = 2.4806136e-01
 MIN: Iter =   54  NFunc =   597  E =    -163.20751  RMSG = 1.0071866e-01
 MIN: Iter =   55  NFunc =   615  E =    -163.21597  RMSG = 1.1385116e-01
 MIN: Iter =   56  NFunc =   627  E =    -163.22479  RMSG = 1.3324349e-01
 MIN: Iter =   57  NFunc =   633  E =    -163.23265  RMSG = 1.3410777e-01
 MIN: Iter =   58  NFunc =   639  E =    -163.23764  RMSG = 8.7628003e-02
 MIN: Iter =   59  NFunc =   650  E =    -163.24197  RMSG = 1.0744799e-01
 MIN: Iter =   60  NFunc =   659  E =    -163.24389  RMSG = 3.5030197e-02
 MIN: Iter =   61  NFunc =   696  E =    -163.25087  RMSG = 2.0562876e-01
 MIN: Iter =   62  NFunc =   702  E =    -163.25393  RMSG = 3.6396473e-02
 MIN: Iter =   63  NFunc =   709  E =    -163.25444  RMSG = 2.2762482e-02
 MIN: Iter =   64  NFunc =   722  E =    -163.25516  RMSG = 1.7242940e-02
 MIN: Iter =   65  NFunc =   747  E =    -163.25595  RMSG = 1.9220043e-02
 MIN: Iter =   66  NFunc =   757  E =    -163.25606  RMSG = 1.0065118e-02
 MIN: Iter =   67  NFunc =   778  E =    -163.25617  RMSG = 5.1609921e-03
 MIN: Iter =   68  NFunc =   812  E =    -163.25639  RMSG = 7.5152138e-03
 MIN: Iter =   69  NFunc =   820  E =    -163.25640  RMSG = 2.3889108e-03
 MIN: Iter =   70  NFunc =   827  E =    -163.25640  RMSG = 1.8504989e-03
 MIN: Iter =   71  NFunc =   878  E =    -163.25643  RMSG = 5.1750889e-03
 MIN: Iter =   72  NFunc =   897  E =    -163.25645  RMSG = 2.7160738e-03
 MIN: Iter =   73  NFunc =   929  E =    -163.25646  RMSG = 1.6709425e-03
 MIN: Iter =   74  NFunc =   959  E =    -163.25648  RMSG = 2.0347031e-03
 MIN: Iter =   75  NFunc =  1002  E =    -163.25649  RMSG = 1.0457036e-03
 MIN: Iter =   76  NFunc =  1039  E =    -163.25650  RMSG = 6.2427258e-04
 MIN: Iter =   77  NFunc =  1053  E =    -163.25650  RMSG = 3.6368560e-04
----------------------------------------------------------------
 END:          :-)  E =    -163.25650  RMSG =   0.0003637

     bond:      0.747625716
    angle:      5.129165995
 dihedral:      0.006097126
    enb14:     11.859608088
    eel14:   -201.429598716
      enb:     -2.800840246
      eel:     41.827239133
      egb:    -18.595794084
    econs:      0.000000000
    esurf:      0.000000000
    Total:   -163.256496989
     frms:      0.000363686
====== rms.dat  ======================================================
#Frame      all_heavy
       1       1.0417
