====== tleap.out =====================================================
-I: Adding /home/case/amber24/dat/leap/prep to search path.
-I: Adding /home/case/amber24/dat/leap/lib to search path.
-I: Adding /home/case/amber24/dat/leap/parm to search path.
-I: Adding /home/case/amber24/dat/leap/cmd to search path.
-f: Source leap.in.

Welcome to LEaP!
(no leaprc in search path)
Sourcing: ./leap.in
Using Bondi radii
----- Source: /home/case/amber24/dat/leap/cmd/leaprc.gaff2
----- Source of /home/case/amber24/dat/leap/cmd/leaprc.gaff2 done
Log file: ./leap.log
Loading parameters: /home/case/amber24/dat/leap/parm/gaff2.dat
Reading title:
AMBER General Force Field for organic molecules (Version 2.2.20, March 2021)
Loading parameters: ./0T7.frcmod
Reading force field modification type file (frcmod)
Reading title:
Remark line goes here
Loading Mol2 file: ./0T7.mol2
Reading MOLECULE named 0T7
Checking Unit.
Building topology.
"order_residues" off: keep input residue order.
Building atom parameters.
Building bond parameters.
Building angle parameters.
Building proper torsion parameters.
Building improper torsion parameters.
 total 20 improper torsions applied
Building H-Bond parameters.
Incorporating Non-Bonded adjustments.
Not Marking per-residue atom chain types.
Marking per-residue atom chain types.
  (Residues lacking connect0/connect1 - 
   these don't have chain types marked:

	res	total affected

	0T7	1
  )
 (no restraints)
	Quit

Exiting LEaP: Errors = 0; Warnings = 0; Notes = 0.
====== min.o =========================================================
Reading parm file (0T7.parm7)
title:
0T7                                                                             
no velocities were found
no velocities were found
	mm_options:  ntpr=5
	mm_options:  gb=1
	mm_options:  kappa=0.10395
	mm_options:  rgbmax=99.
	mm_options:  cut=99.0
	mm_options:  wcons=0.
     bond:      3.647714654
    angle:     23.081565671
 dihedral:      0.628491560
    enb14:     17.372032219
    eel14:    -69.325816485
      enb:     -1.081886486
      eel:     11.929422342
      egb:    -19.501299159
    econs:      0.000000000
    esurf:      0.000000000
    Total:    -33.249775685
     frms:     12.081071287
Starting TNCG minimisation
 MIN: Iter =    0  NFunc =     1  E =     -33.24978  RMSG = 1.2081071e+01
 MIN: Iter =    1  NFunc =     7  E =     -42.50155  RMSG = 1.7848079e+00
 MIN: Iter =    2  NFunc =    18  E =     -45.00115  RMSG = 7.8271879e-01
 MIN: Iter =    3  NFunc =    28  E =     -45.36784  RMSG = 4.0113288e-01
 MIN: Iter =    4  NFunc =    36  E =     -45.44503  RMSG = 1.8403106e-01
 MIN: Iter =    5  NFunc =    87  E =     -45.58420  RMSG = 2.4228980e-01
 MIN: Iter =    6  NFunc =   104  E =     -45.67861  RMSG = 2.4571564e-01
 MIN: Iter =    7  NFunc =   119  E =     -45.75464  RMSG = 2.0765987e-01
 MIN: Iter =    8  NFunc =   135  E =     -45.81462  RMSG = 1.6464879e-01
 MIN: Iter =    9  NFunc =   146  E =     -45.84269  RMSG = 1.3317166e-01
 MIN: Iter =   10  NFunc =   172  E =     -45.89539  RMSG = 3.8531268e-01
 MIN: Iter =   11  NFunc =   202  E =     -45.99358  RMSG = 3.5681620e-01
 MIN: Iter =   12  NFunc =   209  E =     -46.03099  RMSG = 1.6941389e-01
 MIN: Iter =   13  NFunc =   222  E =     -46.07589  RMSG = 3.4707468e-01
 MIN: Iter =   14  NFunc =   229  E =     -46.10929  RMSG = 1.2001799e-01
 MIN: Iter =   15  NFunc =   277  E =     -46.17901  RMSG = 3.1254209e-01
 MIN: Iter =   16  NFunc =   284  E =     -46.20531  RMSG = 1.1634832e-01
 MIN: Iter =   17  NFunc =   305  E =     -46.23334  RMSG = 1.4311866e-01
 MIN: Iter =   18  NFunc =   312  E =     -46.23704  RMSG = 5.2369193e-02
 MIN: Iter =   19  NFunc =   364  E =     -46.25484  RMSG = 7.6032030e-02
 MIN: Iter =   20  NFunc =   381  E =     -46.26744  RMSG = 9.4842980e-02
 MIN: Iter =   21  NFunc =   388  E =     -46.28127  RMSG = 1.2465185e-01
 MIN: Iter =   22  NFunc =   398  E =     -46.29410  RMSG = 1.4931017e-01
 MIN: Iter =   23  NFunc =   407  E =     -46.30221  RMSG = 6.4798972e-02
 MIN: Iter =   24  NFunc =   414  E =     -46.30612  RMSG = 1.2169301e-01
 MIN: Iter =   25  NFunc =   420  E =     -46.30972  RMSG = 5.9329796e-02
 MIN: Iter =   26  NFunc =   434  E =     -46.31299  RMSG = 4.6488653e-02
 MIN: Iter =   27  NFunc =   442  E =     -46.31581  RMSG = 4.9073279e-02
 MIN: Iter =   28  NFunc =   493  E =     -46.32827  RMSG = 2.3812077e-01
 MIN: Iter =   29  NFunc =   499  E =     -46.33767  RMSG = 5.3546921e-02
 MIN: Iter =   30  NFunc =   547  E =     -46.34238  RMSG = 4.8084788e-02
 MIN: Iter =   31  NFunc =   570  E =     -46.34475  RMSG = 3.4450927e-02
 MIN: Iter =   32  NFunc =   582  E =     -46.34525  RMSG = 1.2687385e-02
 MIN: Iter =   33  NFunc =   633  E =     -46.34660  RMSG = 3.0742501e-02
 MIN: Iter =   34  NFunc =   639  E =     -46.34678  RMSG = 1.3073139e-02
 MIN: Iter =   35  NFunc =   673  E =     -46.34763  RMSG = 1.4482315e-02
 MIN: Iter =   36  NFunc =   702  E =     -46.34808  RMSG = 7.5511685e-03
 MIN: Iter =   37  NFunc =   726  E =     -46.34826  RMSG = 5.9057685e-03
 MIN: Iter =   38  NFunc =   759  E =     -46.34836  RMSG = 3.3036097e-03
 MIN: Iter =   39  NFunc =   801  E =     -46.34841  RMSG = 2.5025321e-03
 MIN: Iter =   40  NFunc =   852  E =     -46.34844  RMSG = 1.8858381e-03
 MIN: Iter =   41  NFunc =   886  E =     -46.34846  RMSG = 1.5654486e-03
 MIN: Iter =   42  NFunc =   902  E =     -46.34847  RMSG = 8.7469017e-04
 MIN: Iter =   43  NFunc =   953  E =     -46.34848  RMSG = 1.5575831e-03
 MIN: Iter =   44  NFunc =   969  E =     -46.34848  RMSG = 9.4211675e-04
 MIN: Iter =   45  NFunc =  1017  E =     -46.34849  RMSG = 6.9839263e-04
 MIN: Iter =   46  NFunc =  1034  E =     -46.34849  RMSG = 4.8296357e-04
----------------------------------------------------------------
 END:          :-)  E =     -46.34849  RMSG =   0.0004830

     bond:      2.278306864
    angle:     18.623604005
 dihedral:      0.151872201
    enb14:     13.756893946
    eel14:    -68.297202324
      enb:     -3.437888895
      eel:     12.786022594
      egb:    -22.210096853
    econs:      0.000000000
    esurf:      0.000000000
    Total:    -46.348488461
     frms:      0.000482964
====== rms.dat  ======================================================
#Frame      all_heavy
       1       0.6485
