====== tleap.out =====================================================
-I: Adding /home/case/amber24/dat/leap/prep to search path.
-I: Adding /home/case/amber24/dat/leap/lib to search path.
-I: Adding /home/case/amber24/dat/leap/parm to search path.
-I: Adding /home/case/amber24/dat/leap/cmd to search path.
-f: Source leap.in.

Welcome to LEaP!
(no leaprc in search path)
Sourcing: ./leap.in
Using Bondi radii
----- Source: /home/case/amber24/dat/leap/cmd/leaprc.gaff2
----- Source of /home/case/amber24/dat/leap/cmd/leaprc.gaff2 done
Log file: ./leap.log
Loading parameters: /home/case/amber24/dat/leap/parm/gaff2.dat
Reading title:
AMBER General Force Field for organic molecules (Version 2.2.20, March 2021)
Loading parameters: ./0TI.frcmod
Reading force field modification type file (frcmod)
Reading title:
Remark line goes here
Loading Mol2 file: ./0TI.mol2
Reading MOLECULE named 0TI
Checking Unit.
Building topology.
"order_residues" off: keep input residue order.
Building atom parameters.
Building bond parameters.
Building angle parameters.
Building proper torsion parameters.
Building improper torsion parameters.
 total 8 improper torsions applied
Building H-Bond parameters.
Incorporating Non-Bonded adjustments.
Not Marking per-residue atom chain types.
Marking per-residue atom chain types.
  (Residues lacking connect0/connect1 - 
   these don't have chain types marked:

	res	total affected

	0TI	1
  )
 (no restraints)
	Quit

Exiting LEaP: Errors = 0; Warnings = 0; Notes = 0.
====== min.o =========================================================
Reading parm file (0TI.parm7)
title:
0TI                                                                             
no velocities were found
no velocities were found
	mm_options:  ntpr=5
	mm_options:  gb=1
	mm_options:  kappa=0.10395
	mm_options:  rgbmax=99.
	mm_options:  cut=99.0
	mm_options:  wcons=0.
     bond:      1.041070039
    angle:     19.111963762
 dihedral:      7.164869811
    enb14:      3.081009846
    eel14:     50.602022953
      enb:     -0.900479985
      eel:    -34.296509419
      egb:    -14.013487084
    econs:      0.000000000
    esurf:      0.000000000
    Total:     31.790459922
     frms:     11.380690940
Starting TNCG minimisation
 MIN: Iter =    0  NFunc =     1  E =      31.79046  RMSG = 1.1380691e+01
 MIN: Iter =    1  NFunc =     7  E =      26.71546  RMSG = 1.5424063e+00
 MIN: Iter =    2  NFunc =    13  E =      26.50039  RMSG = 6.8307010e-01
 MIN: Iter =    3  NFunc =    30  E =      26.25340  RMSG = 1.6936671e+00
 MIN: Iter =    4  NFunc =    36  E =      26.20323  RMSG = 1.3377613e-01
 MIN: Iter =    5  NFunc =    43  E =      26.19912  RMSG = 1.0159543e-01
 MIN: Iter =    6  NFunc =    49  E =      26.19803  RMSG = 4.1518779e-02
 MIN: Iter =    7  NFunc =    60  E =      26.19782  RMSG = 1.2158713e-02
 MIN: Iter =    8  NFunc =    70  E =      26.19777  RMSG = 7.9986127e-03
 MIN: Iter =    9  NFunc =    77  E =      26.19777  RMSG = 2.7002070e-03
 MIN: Iter =   10  NFunc =    86  E =      26.19777  RMSG = 1.4127558e-03
 MIN: Iter =   11  NFunc =    92  E =      26.19776  RMSG = 1.1263200e-03
 MIN: Iter =   12  NFunc =   100  E =      26.19776  RMSG = 5.7498698e-04
 MIN: Iter =   13  NFunc =   113  E =      26.19776  RMSG = 3.3829741e-04
----------------------------------------------------------------
 END:          :-)  E =      26.19776  RMSG =   0.0003383

     bond:      1.383975667
    angle:     15.664917557
 dihedral:      7.056535936
    enb14:      2.182526228
    eel14:     49.613632501
      enb:     -0.846008696
      eel:    -34.225700704
      egb:    -14.632114344
    econs:      0.000000000
    esurf:      0.000000000
    Total:     26.197764145
     frms:      0.000338297
====== rms.dat  ======================================================
#Frame      all_heavy
       1       0.0759
