====== tleap.out =====================================================
-I: Adding /home/case/amber24/dat/leap/prep to search path.
-I: Adding /home/case/amber24/dat/leap/lib to search path.
-I: Adding /home/case/amber24/dat/leap/parm to search path.
-I: Adding /home/case/amber24/dat/leap/cmd to search path.
-f: Source leap.in.

Welcome to LEaP!
(no leaprc in search path)
Sourcing: ./leap.in
Using Bondi radii
----- Source: /home/case/amber24/dat/leap/cmd/leaprc.gaff2
----- Source of /home/case/amber24/dat/leap/cmd/leaprc.gaff2 done
Log file: ./leap.log
Loading parameters: /home/case/amber24/dat/leap/parm/gaff2.dat
Reading title:
AMBER General Force Field for organic molecules (Version 2.2.20, March 2021)
Loading parameters: ./0UI.frcmod
Reading force field modification type file (frcmod)
Reading title:
Remark line goes here
Loading Mol2 file: ./0UI.mol2
Reading MOLECULE named 0UI
Checking Unit.
Building topology.
"order_residues" off: keep input residue order.
Building atom parameters.
Building bond parameters.
Building angle parameters.
Building proper torsion parameters.
Building improper torsion parameters.
 total 12 improper torsions applied
Building H-Bond parameters.
Incorporating Non-Bonded adjustments.
Not Marking per-residue atom chain types.
Marking per-residue atom chain types.
  (Residues lacking connect0/connect1 - 
   these don't have chain types marked:

	res	total affected

	0UI	1
  )
 (no restraints)
	Quit

Exiting LEaP: Errors = 0; Warnings = 0; Notes = 0.
====== min.o =========================================================
Reading parm file (0UI.parm7)
title:
0UI                                                                             
no velocities were found
no velocities were found
	mm_options:  ntpr=5
	mm_options:  gb=1
	mm_options:  kappa=0.10395
	mm_options:  rgbmax=99.
	mm_options:  cut=99.0
	mm_options:  wcons=0.
     bond:      1.726455820
    angle:      4.692373641
 dihedral:      4.004465824
    enb14:      5.951593104
    eel14:    -76.055086178
      enb:     -1.212920437
      eel:     16.910287538
      egb:    -16.539445183
    econs:      0.000000000
    esurf:      0.000000000
    Total:    -60.522275869
     frms:     10.585356145
Starting TNCG minimisation
 MIN: Iter =    0  NFunc =     1  E =     -60.52228  RMSG = 1.0585356e+01
 MIN: Iter =    1  NFunc =     7  E =     -64.33586  RMSG = 2.2124016e+00
 MIN: Iter =    2  NFunc =    13  E =     -64.75323  RMSG = 7.7002179e-01
 MIN: Iter =    3  NFunc =    20  E =     -64.87608  RMSG = 3.3601008e-01
 MIN: Iter =    4  NFunc =    26  E =     -64.89310  RMSG = 1.3625396e-01
 MIN: Iter =    5  NFunc =    32  E =     -64.89455  RMSG = 3.6688266e-02
 MIN: Iter =    6  NFunc =    49  E =     -64.89568  RMSG = 1.7924853e-02
 MIN: Iter =    7  NFunc =    55  E =     -64.89573  RMSG = 1.1261574e-02
 MIN: Iter =    8  NFunc =    62  E =     -64.89575  RMSG = 5.4401466e-03
 MIN: Iter =    9  NFunc =    77  E =     -64.89577  RMSG = 1.9335348e-03
 MIN: Iter =   10  NFunc =    85  E =     -64.89577  RMSG = 5.9764723e-04
 MIN: Iter =   11  NFunc =    94  E =     -64.89577  RMSG = 2.6764539e-04
----------------------------------------------------------------
 END:          :-)  E =     -64.89577  RMSG =   0.0002676

     bond:      0.496583833
    angle:      2.950349313
 dihedral:      4.000000033
    enb14:      4.862393657
    eel14:    -76.611777725
      enb:     -1.169543421
      eel:     17.537224261
      egb:    -16.960996234
    econs:      0.000000000
    esurf:      0.000000000
    Total:    -64.895766284
     frms:      0.000267645
====== rms.dat  ======================================================
#Frame      all_heavy
       1       0.0446
