====== tleap.out =====================================================
-I: Adding /home/case/amber24/dat/leap/prep to search path.
-I: Adding /home/case/amber24/dat/leap/lib to search path.
-I: Adding /home/case/amber24/dat/leap/parm to search path.
-I: Adding /home/case/amber24/dat/leap/cmd to search path.
-f: Source leap.in.

Welcome to LEaP!
(no leaprc in search path)
Sourcing: ./leap.in
Using Bondi radii
----- Source: /home/case/amber24/dat/leap/cmd/leaprc.gaff2
----- Source of /home/case/amber24/dat/leap/cmd/leaprc.gaff2 done
Log file: ./leap.log
Loading parameters: /home/case/amber24/dat/leap/parm/gaff2.dat
Reading title:
AMBER General Force Field for organic molecules (Version 2.2.20, March 2021)
Loading parameters: ./0VP.frcmod
Reading force field modification type file (frcmod)
Reading title:
Remark line goes here
Loading Mol2 file: ./0VP.mol2
Reading MOLECULE named 0VP
Checking Unit.
Building topology.
"order_residues" off: keep input residue order.
Building atom parameters.
Building bond parameters.
Building angle parameters.
Building proper torsion parameters.
Building improper torsion parameters.
 total 18 improper torsions applied
Building H-Bond parameters.
Incorporating Non-Bonded adjustments.
Not Marking per-residue atom chain types.
Marking per-residue atom chain types.
  (Residues lacking connect0/connect1 - 
   these don't have chain types marked:

	res	total affected

	0VP	1
  )
 (no restraints)
	Quit

Exiting LEaP: Errors = 0; Warnings = 0; Notes = 0.
====== min.o =========================================================
Reading parm file (0VP.parm7)
title:
0VP                                                                             
no velocities were found
no velocities were found
	mm_options:  ntpr=5
	mm_options:  gb=1
	mm_options:  kappa=0.10395
	mm_options:  rgbmax=99.
	mm_options:  cut=99.0
	mm_options:  wcons=0.
     bond:      1.789886234
    angle:      4.357237201
 dihedral:      8.749961431
    enb14:     20.283795919
    eel14:     21.780878660
      enb:     -2.293948518
      eel:    -47.470017284
      egb:    -22.267591437
    econs:      0.000000000
    esurf:      0.000000000
    Total:    -15.069797795
     frms:      6.202268216
Starting TNCG minimisation
 MIN: Iter =    0  NFunc =     1  E =     -15.06980  RMSG = 6.2022682e+00
 MIN: Iter =    1  NFunc =     7  E =     -23.38008  RMSG = 1.6879397e+00
 MIN: Iter =    2  NFunc =    18  E =     -25.74594  RMSG = 7.0848713e-01
 MIN: Iter =    3  NFunc =    29  E =     -26.21070  RMSG = 3.3178969e-01
 MIN: Iter =    4  NFunc =    55  E =     -26.39586  RMSG = 2.6531323e-01
 MIN: Iter =    5  NFunc =   100  E =     -26.44274  RMSG = 2.9364658e-01
 MIN: Iter =    6  NFunc =   146  E =     -26.49231  RMSG = 3.3899385e-01
 MIN: Iter =    7  NFunc =   198  E =     -26.55932  RMSG = 4.0493565e-01
 MIN: Iter =    8  NFunc =   204  E =     -26.64041  RMSG = 8.2350286e-01
 MIN: Iter =    9  NFunc =   210  E =     -26.79141  RMSG = 1.7000750e-01
 MIN: Iter =   10  NFunc =   217  E =     -26.83426  RMSG = 1.6317858e-01
 MIN: Iter =   11  NFunc =   223  E =     -26.87049  RMSG = 1.7277085e-01
 MIN: Iter =   12  NFunc =   233  E =     -26.89728  RMSG = 9.4937933e-02
 MIN: Iter =   13  NFunc =   246  E =     -26.91074  RMSG = 7.0884531e-02
 MIN: Iter =   14  NFunc =   297  E =     -26.94400  RMSG = 1.9036416e-01
 MIN: Iter =   15  NFunc =   303  E =     -26.94929  RMSG = 4.9413888e-02
 MIN: Iter =   16  NFunc =   355  E =     -26.96499  RMSG = 7.6639695e-02
 MIN: Iter =   17  NFunc =   375  E =     -26.97685  RMSG = 1.0676489e-01
 MIN: Iter =   18  NFunc =   395  E =     -26.98622  RMSG = 7.1730910e-02
 MIN: Iter =   19  NFunc =   439  E =     -26.99587  RMSG = 1.1496141e-01
 MIN: Iter =   20  NFunc =   445  E =     -26.99842  RMSG = 3.4457041e-02
 MIN: Iter =   21  NFunc =   497  E =     -27.00513  RMSG = 7.7328013e-02
 MIN: Iter =   22  NFunc =   504  E =     -27.01144  RMSG = 1.2218452e-01
 MIN: Iter =   23  NFunc =   510  E =     -27.02124  RMSG = 2.7619487e-01
 MIN: Iter =   24  NFunc =   516  E =     -27.04526  RMSG = 1.0104926e-01
 MIN: Iter =   25  NFunc =   529  E =     -27.06332  RMSG = 1.9803307e-01
 MIN: Iter =   26  NFunc =   536  E =     -27.09594  RMSG = 3.1817185e-01
 MIN: Iter =   27  NFunc =   542  E =     -27.15913  RMSG = 5.4778737e-01
 MIN: Iter =   28  NFunc =   548  E =     -27.28378  RMSG = 3.4456737e-01
 MIN: Iter =   29  NFunc =   555  E =     -27.35862  RMSG = 4.0361365e-01
 MIN: Iter =   30  NFunc =   561  E =     -27.46155  RMSG = 9.0066678e-01
 MIN: Iter =   31  NFunc =   567  E =     -27.66200  RMSG = 2.1475275e-01
 MIN: Iter =   32  NFunc =   574  E =     -27.72707  RMSG = 2.6019786e-01
 MIN: Iter =   33  NFunc =   580  E =     -27.79122  RMSG = 5.6726662e-01
 MIN: Iter =   34  NFunc =   586  E =     -27.85412  RMSG = 9.7336397e-02
 MIN: Iter =   35  NFunc =   592  E =     -27.86492  RMSG = 8.1132274e-02
 MIN: Iter =   36  NFunc =   644  E =     -27.89623  RMSG = 1.9485029e-01
 MIN: Iter =   37  NFunc =   651  E =     -27.91754  RMSG = 1.0365980e-01
 MIN: Iter =   38  NFunc =   671  E =     -27.93994  RMSG = 1.8629822e-01
 MIN: Iter =   39  NFunc =   677  E =     -27.95264  RMSG = 9.2276953e-02
 MIN: Iter =   40  NFunc =   685  E =     -27.96303  RMSG = 1.0348902e-01
 MIN: Iter =   41  NFunc =   692  E =     -27.97123  RMSG = 1.1251691e-01
 MIN: Iter =   42  NFunc =   700  E =     -27.97715  RMSG = 4.7067419e-02
 MIN: Iter =   43  NFunc =   727  E =     -27.99156  RMSG = 8.1976495e-02
 MIN: Iter =   44  NFunc =   734  E =     -27.99756  RMSG = 6.7890807e-02
 MIN: Iter =   45  NFunc =   767  E =     -28.00608  RMSG = 1.0104884e-01
 MIN: Iter =   46  NFunc =   783  E =     -28.01453  RMSG = 9.4731783e-02
 MIN: Iter =   47  NFunc =   792  E =     -28.01978  RMSG = 6.0922855e-02
 MIN: Iter =   48  NFunc =   799  E =     -28.02256  RMSG = 5.9292685e-02
 MIN: Iter =   49  NFunc =   806  E =     -28.02435  RMSG = 3.3730386e-02
 MIN: Iter =   50  NFunc =   857  E =     -28.03578  RMSG = 1.6909693e-01
 MIN: Iter =   51  NFunc =   863  E =     -28.04179  RMSG = 5.4680629e-02
 MIN: Iter =   52  NFunc =   900  E =     -28.05035  RMSG = 1.1069087e-01
 MIN: Iter =   53  NFunc =   906  E =     -28.05272  RMSG = 3.5213828e-02
 MIN: Iter =   54  NFunc =   939  E =     -28.05765  RMSG = 5.3832324e-02
 MIN: Iter =   55  NFunc =   947  E =     -28.05839  RMSG = 1.3819704e-02
 MIN: Iter =   56  NFunc =   998  E =     -28.06059  RMSG = 2.6989849e-02
 MIN: Iter =   57  NFunc =  1013  E =     -28.06105  RMSG = 8.7288515e-03
 MIN: Iter =   58  NFunc =  1061  E =     -28.06171  RMSG = 7.3959293e-03
 MIN: Iter =   59  NFunc =  1112  E =     -28.06208  RMSG = 6.6784364e-03
 MIN: Iter =   60  NFunc =  1140  E =     -28.06221  RMSG = 3.5712737e-03
 MIN: Iter =   61  NFunc =  1191  E =     -28.06240  RMSG = 7.4032680e-03
 MIN: Iter =   62  NFunc =  1242  E =     -28.06272  RMSG = 2.1666068e-02
 MIN: Iter =   63  NFunc =  1249  E =     -28.06284  RMSG = 6.9642158e-03
 MIN: Iter =   64  NFunc =  1301  E =     -28.06318  RMSG = 9.2564448e-03
 MIN: Iter =   65  NFunc =  1327  E =     -28.06346  RMSG = 1.4508086e-02
 MIN: Iter =   66  NFunc =  1334  E =     -28.06351  RMSG = 5.1826180e-03
 MIN: Iter =   67  NFunc =  1363  E =     -28.06361  RMSG = 5.1812198e-03
 MIN: Iter =   68  NFunc =  1402  E =     -28.06366  RMSG = 2.0431339e-03
 MIN: Iter =   69  NFunc =  1453  E =     -28.06370  RMSG = 2.2219979e-03
 MIN: Iter =   70  NFunc =  1468  E =     -28.06370  RMSG = 1.0938477e-03
 MIN: Iter =   71  NFunc =  1519  E =     -28.06371  RMSG = 1.0505655e-03
 MIN: Iter =   72  NFunc =  1570  E =     -28.06371  RMSG = 6.5674438e-04
 MIN: Iter =   73  NFunc =  1596  E =     -28.06372  RMSG = 2.9920880e-04
----------------------------------------------------------------
 END:          :-)  E =     -28.06372  RMSG =   0.0002992

     bond:      2.165290584
    angle:      3.668226881
 dihedral:      8.727232136
    enb14:     13.379651254
    eel14:     20.728764177
      enb:     -7.487010119
      eel:    -43.774613069
      egb:    -25.471257045
    econs:      0.000000000
    esurf:      0.000000000
    Total:    -28.063715201
     frms:      0.000299209
====== rms.dat  ======================================================
#Frame      all_heavy
       1       0.4101
