====== tleap.out =====================================================
-I: Adding /home/case/amber24/dat/leap/prep to search path.
-I: Adding /home/case/amber24/dat/leap/lib to search path.
-I: Adding /home/case/amber24/dat/leap/parm to search path.
-I: Adding /home/case/amber24/dat/leap/cmd to search path.
-f: Source leap.in.

Welcome to LEaP!
(no leaprc in search path)
Sourcing: ./leap.in
Using Bondi radii
----- Source: /home/case/amber24/dat/leap/cmd/leaprc.gaff2
----- Source of /home/case/amber24/dat/leap/cmd/leaprc.gaff2 done
Log file: ./leap.log
Loading parameters: /home/case/amber24/dat/leap/parm/gaff2.dat
Reading title:
AMBER General Force Field for organic molecules (Version 2.2.20, March 2021)
Loading parameters: ./0VX.frcmod
Reading force field modification type file (frcmod)
Reading title:
Remark line goes here
Loading Mol2 file: ./0VX.mol2
Reading MOLECULE named 0VX
Checking Unit.
Building topology.
"order_residues" off: keep input residue order.
Building atom parameters.
Building bond parameters.
Building angle parameters.
Building proper torsion parameters.
Building improper torsion parameters.
 total 2 improper torsions applied
Building H-Bond parameters.
Incorporating Non-Bonded adjustments.
Not Marking per-residue atom chain types.
Marking per-residue atom chain types.
  (Residues lacking connect0/connect1 - 
   these don't have chain types marked:

	res	total affected

	0VX	1
  )
 (no restraints)
	Quit

Exiting LEaP: Errors = 0; Warnings = 0; Notes = 0.
====== min.o =========================================================
Reading parm file (0VX.parm7)
title:
0VX                                                                             
no velocities were found
no velocities were found
	mm_options:  ntpr=5
	mm_options:  gb=1
	mm_options:  kappa=0.10395
	mm_options:  rgbmax=99.
	mm_options:  cut=99.0
	mm_options:  wcons=0.
     bond:      2.824615156
    angle:      6.590006739
 dihedral:     48.244799672
    enb14:      1.374275118
    eel14:   -551.922113148
      enb:     -0.724484356
      eel:    217.204201982
      egb:    -30.634093507
    econs:      0.000000000
    esurf:      0.000000000
    Total:   -307.042792343
     frms:     13.002421121
Starting TNCG minimisation
 MIN: Iter =    0  NFunc =     1  E =    -307.04279  RMSG = 1.3002421e+01
 MIN: Iter =    1  NFunc =    11  E =    -316.91676  RMSG = 1.1526529e+01
 MIN: Iter =    2  NFunc =    18  E =    -321.19064  RMSG = 1.9391037e+00
 MIN: Iter =    3  NFunc =    28  E =    -321.88194  RMSG = 1.7346570e+00
 MIN: Iter =    4  NFunc =    55  E =    -322.20949  RMSG = 2.0799322e+00
 MIN: Iter =    5  NFunc =    70  E =    -322.79981  RMSG = 5.4551417e+00
 MIN: Iter =    6  NFunc =    76  E =    -323.59946  RMSG = 1.0880492e+00
 MIN: Iter =    7  NFunc =    84  E =    -324.04659  RMSG = 4.2231676e+00
 MIN: Iter =    8  NFunc =    90  E =    -324.76578  RMSG = 1.7531126e+00
 MIN: Iter =    9  NFunc =    96  E =    -325.17118  RMSG = 4.0664477e+00
 MIN: Iter =   10  NFunc =   102  E =    -325.62264  RMSG = 8.4725947e-01
 MIN: Iter =   11  NFunc =   110  E =    -325.80356  RMSG = 1.1925692e+00
 MIN: Iter =   12  NFunc =   116  E =    -325.94558  RMSG = 1.1309823e+00
 MIN: Iter =   13  NFunc =   122  E =    -326.00583  RMSG = 3.6746899e-01
 MIN: Iter =   14  NFunc =   135  E =    -326.05204  RMSG = 2.5291238e-01
 MIN: Iter =   15  NFunc =   146  E =    -326.06132  RMSG = 9.4097018e-02
 MIN: Iter =   16  NFunc =   157  E =    -326.06489  RMSG = 7.0090475e-02
 MIN: Iter =   17  NFunc =   166  E =    -326.06589  RMSG = 4.0388478e-02
 MIN: Iter =   18  NFunc =   180  E =    -326.06885  RMSG = 7.7330362e-02
 MIN: Iter =   19  NFunc =   190  E =    -326.06992  RMSG = 3.3080789e-02
 MIN: Iter =   20  NFunc =   202  E =    -326.07022  RMSG = 1.5708396e-02
 MIN: Iter =   21  NFunc =   218  E =    -326.07033  RMSG = 6.3556406e-03
 MIN: Iter =   22  NFunc =   225  E =    -326.07034  RMSG = 2.7465553e-03
 MIN: Iter =   23  NFunc =   234  E =    -326.07034  RMSG = 1.3190847e-03
 MIN: Iter =   24  NFunc =   244  E =    -326.07034  RMSG = 5.0533014e-04
 MIN: Iter =   25  NFunc =   250  E =    -326.07034  RMSG = 2.6510257e-04
----------------------------------------------------------------
 END:          :-)  E =    -326.07034  RMSG =   0.0002651

     bond:      4.742868245
    angle:     12.204773631
 dihedral:     48.311732847
    enb14:      1.720007278
    eel14:   -596.459880046
      enb:     -0.545778915
      eel:    230.773626238
      egb:    -26.817689563
    econs:      0.000000000
    esurf:      0.000000000
    Total:   -326.070340285
     frms:      0.000265103
====== rms.dat  ======================================================
#Frame      all_heavy
       1       0.2198
