====== tleap.out =====================================================
-I: Adding /home/case/amber24/dat/leap/prep to search path.
-I: Adding /home/case/amber24/dat/leap/lib to search path.
-I: Adding /home/case/amber24/dat/leap/parm to search path.
-I: Adding /home/case/amber24/dat/leap/cmd to search path.
-f: Source leap.in.

Welcome to LEaP!
(no leaprc in search path)
Sourcing: ./leap.in
Using Bondi radii
----- Source: /home/case/amber24/dat/leap/cmd/leaprc.gaff2
----- Source of /home/case/amber24/dat/leap/cmd/leaprc.gaff2 done
Log file: ./leap.log
Loading parameters: /home/case/amber24/dat/leap/parm/gaff2.dat
Reading title:
AMBER General Force Field for organic molecules (Version 2.2.20, March 2021)
Loading parameters: ./0XZ.frcmod
Reading force field modification type file (frcmod)
Reading title:
Remark line goes here
Loading Mol2 file: ./0XZ.mol2
Reading MOLECULE named 0XZ
Checking Unit.
Building topology.
"order_residues" off: keep input residue order.
Building atom parameters.
Building bond parameters.
Building angle parameters.
Building proper torsion parameters.
Building improper torsion parameters.
 total 16 improper torsions applied
Building H-Bond parameters.
Incorporating Non-Bonded adjustments.
Not Marking per-residue atom chain types.
Marking per-residue atom chain types.
  (Residues lacking connect0/connect1 - 
   these don't have chain types marked:

	res	total affected

	0XZ	1
  )
 (no restraints)
	Quit

Exiting LEaP: Errors = 0; Warnings = 0; Notes = 0.
====== min.o =========================================================
Reading parm file (0XZ.parm7)
title:
0XZ                                                                             
no velocities were found
no velocities were found
	mm_options:  ntpr=5
	mm_options:  gb=1
	mm_options:  kappa=0.10395
	mm_options:  rgbmax=99.
	mm_options:  cut=99.0
	mm_options:  wcons=0.
     bond:      3.630963330
    angle:     24.043186349
 dihedral:     46.474648178
    enb14:     20.054735324
    eel14:    -15.338225089
      enb:     -2.553414899
      eel:    -29.949344244
      egb:    -34.526430305
    econs:      0.000000000
    esurf:      0.000000000
    Total:     11.836118644
     frms:     10.224980958
Starting TNCG minimisation
 MIN: Iter =    0  NFunc =     1  E =      11.83612  RMSG = 1.0224981e+01
 MIN: Iter =    1  NFunc =     7  E =      -2.31744  RMSG = 2.8532127e+00
 MIN: Iter =    2  NFunc =    13  E =      -4.91798  RMSG = 1.5408739e+00
 MIN: Iter =    3  NFunc =    22  E =      -6.24568  RMSG = 6.3360000e-01
 MIN: Iter =    4  NFunc =    73  E =      -6.80026  RMSG = 6.6648422e-01
 MIN: Iter =    5  NFunc =    79  E =      -7.13345  RMSG = 5.4943659e-01
 MIN: Iter =    6  NFunc =   100  E =      -7.55895  RMSG = 4.7148972e-01
 MIN: Iter =    7  NFunc =   111  E =      -7.85827  RMSG = 4.1268680e-01
 MIN: Iter =    8  NFunc =   117  E =      -7.97409  RMSG = 3.3475831e-01
 MIN: Iter =    9  NFunc =   168  E =      -8.27419  RMSG = 3.9968756e-01
 MIN: Iter =   10  NFunc =   175  E =      -8.56921  RMSG = 5.2372011e-01
 MIN: Iter =   11  NFunc =   181  E =      -8.86492  RMSG = 5.9578520e-01
 MIN: Iter =   12  NFunc =   187  E =      -9.16485  RMSG = 6.2438162e-01
 MIN: Iter =   13  NFunc =   193  E =      -9.46620  RMSG = 6.1556027e-01
 MIN: Iter =   14  NFunc =   199  E =      -9.75392  RMSG = 5.8765427e-01
 MIN: Iter =   15  NFunc =   205  E =     -10.01758  RMSG = 5.2434766e-01
 MIN: Iter =   16  NFunc =   211  E =     -10.24299  RMSG = 4.9142262e-01
 MIN: Iter =   17  NFunc =   217  E =     -10.42657  RMSG = 4.3189031e-01
 MIN: Iter =   18  NFunc =   223  E =     -10.57880  RMSG = 4.0442391e-01
 MIN: Iter =   19  NFunc =   229  E =     -10.71504  RMSG = 3.3900047e-01
 MIN: Iter =   20  NFunc =   273  E =     -10.86488  RMSG = 7.4458564e-01
 MIN: Iter =   21  NFunc =   279  E =     -10.99748  RMSG = 4.5854112e-01
 MIN: Iter =   22  NFunc =   303  E =     -11.22769  RMSG = 9.2344866e-01
 MIN: Iter =   23  NFunc =   314  E =     -11.49933  RMSG = 8.8783957e-01
 MIN: Iter =   24  NFunc =   333  E =     -11.91407  RMSG = 1.3489765e+00
 MIN: Iter =   25  NFunc =   361  E =     -12.60581  RMSG = 1.8267350e+00
 MIN: Iter =   26  NFunc =   403  E =     -13.77018  RMSG = 2.3142269e+00
 MIN: Iter =   27  NFunc =   412  E =     -14.96723  RMSG = 2.0335930e+00
 MIN: Iter =   28  NFunc =   418  E =     -16.21625  RMSG = 1.7192237e+00
 MIN: Iter =   29  NFunc =   425  E =     -17.78039  RMSG = 1.9338811e+00
 MIN: Iter =   30  NFunc =   431  E =     -19.50130  RMSG = 1.6188048e+00
 MIN: Iter =   31  NFunc =   442  E =     -21.12094  RMSG = 1.4727830e+00
 MIN: Iter =   32  NFunc =   493  E =     -22.58105  RMSG = 1.4713948e+00
 MIN: Iter =   33  NFunc =   518  E =     -23.98200  RMSG = 1.4933453e+00
 MIN: Iter =   34  NFunc =   531  E =     -25.40181  RMSG = 1.3839803e+00
 MIN: Iter =   35  NFunc =   538  E =     -26.56630  RMSG = 1.2972262e+00
 MIN: Iter =   36  NFunc =   544  E =     -27.48516  RMSG = 1.0248088e+00
 MIN: Iter =   37  NFunc =   550  E =     -28.19859  RMSG = 8.0108506e-01
 MIN: Iter =   38  NFunc =   556  E =     -28.65708  RMSG = 7.2008453e-01
 MIN: Iter =   39  NFunc =   565  E =     -29.10003  RMSG = 6.2761463e-01
 MIN: Iter =   40  NFunc =   596  E =     -29.63870  RMSG = 5.4161793e-01
 MIN: Iter =   41  NFunc =   631  E =     -30.02022  RMSG = 5.2340803e-01
 MIN: Iter =   42  NFunc =   637  E =     -30.26808  RMSG = 4.2509037e-01
 MIN: Iter =   43  NFunc =   665  E =     -30.57734  RMSG = 4.4002916e-01
 MIN: Iter =   44  NFunc =   681  E =     -30.89511  RMSG = 3.8512836e-01
 MIN: Iter =   45  NFunc =   695  E =     -31.12633  RMSG = 3.8568367e-01
 MIN: Iter =   46  NFunc =   704  E =     -31.32016  RMSG = 3.9665226e-01
 MIN: Iter =   47  NFunc =   710  E =     -31.49140  RMSG = 3.3913282e-01
 MIN: Iter =   48  NFunc =   716  E =     -31.62432  RMSG = 3.2323599e-01
 MIN: Iter =   49  NFunc =   722  E =     -31.74520  RMSG = 3.3801864e-01
 MIN: Iter =   50  NFunc =   728  E =     -31.85775  RMSG = 3.0489485e-01
 MIN: Iter =   51  NFunc =   734  E =     -31.95233  RMSG = 2.8062571e-01
 MIN: Iter =   52  NFunc =   744  E =     -32.05623  RMSG = 2.6924249e-01
 MIN: Iter =   53  NFunc =   762  E =     -32.18802  RMSG = 2.7031629e-01
 MIN: Iter =   54  NFunc =   772  E =     -32.27021  RMSG = 2.4393028e-01
 MIN: Iter =   55  NFunc =   778  E =     -32.32975  RMSG = 2.4860180e-01
 MIN: Iter =   56  NFunc =   784  E =     -32.37004  RMSG = 1.7830224e-01
 MIN: Iter =   57  NFunc =   809  E =     -32.46688  RMSG = 2.5299297e-01
 MIN: Iter =   58  NFunc =   815  E =     -32.48288  RMSG = 1.2712259e-01
 MIN: Iter =   59  NFunc =   857  E =     -32.54926  RMSG = 1.7737045e-01
 MIN: Iter =   60  NFunc =   881  E =     -32.59623  RMSG = 2.0442483e-01
 MIN: Iter =   61  NFunc =   896  E =     -32.62027  RMSG = 9.1413680e-02
 MIN: Iter =   62  NFunc =   906  E =     -32.62922  RMSG = 6.9062270e-02
 MIN: Iter =   63  NFunc =   946  E =     -32.65160  RMSG = 1.5560109e-01
 MIN: Iter =   64  NFunc =   966  E =     -32.67037  RMSG = 9.2183133e-02
 MIN: Iter =   65  NFunc =   984  E =     -32.67577  RMSG = 3.5930282e-02
 MIN: Iter =   66  NFunc =  1002  E =     -32.67781  RMSG = 2.1860160e-02
 MIN: Iter =   67  NFunc =  1028  E =     -32.67940  RMSG = 1.6406537e-02
 MIN: Iter =   68  NFunc =  1057  E =     -32.67992  RMSG = 1.0164802e-02
 MIN: Iter =   69  NFunc =  1108  E =     -32.68059  RMSG = 1.2635104e-02
 MIN: Iter =   70  NFunc =  1114  E =     -32.68063  RMSG = 6.0036497e-03
 MIN: Iter =   71  NFunc =  1147  E =     -32.68090  RMSG = 6.0115135e-03
 MIN: Iter =   72  NFunc =  1198  E =     -32.68131  RMSG = 1.2256446e-02
 MIN: Iter =   73  NFunc =  1249  E =     -32.68211  RMSG = 3.4368293e-02
 MIN: Iter =   74  NFunc =  1257  E =     -32.68237  RMSG = 1.2240821e-02
 MIN: Iter =   75  NFunc =  1309  E =     -32.68295  RMSG = 1.3911360e-02
 MIN: Iter =   76  NFunc =  1339  E =     -32.68344  RMSG = 1.8183083e-02
 MIN: Iter =   77  NFunc =  1355  E =     -32.68397  RMSG = 2.6512292e-02
 MIN: Iter =   78  NFunc =  1369  E =     -32.68457  RMSG = 2.0839454e-02
 MIN: Iter =   79  NFunc =  1381  E =     -32.68500  RMSG = 4.0627767e-02
 MIN: Iter =   80  NFunc =  1388  E =     -32.68544  RMSG = 1.3460124e-02
 MIN: Iter =   81  NFunc =  1440  E =     -32.68629  RMSG = 2.8169317e-02
 MIN: Iter =   82  NFunc =  1447  E =     -32.68699  RMSG = 4.0221536e-02
 MIN: Iter =   83  NFunc =  1454  E =     -32.68809  RMSG = 6.8606358e-02
 MIN: Iter =   84  NFunc =  1460  E =     -32.68928  RMSG = 3.1469425e-02
 MIN: Iter =   85  NFunc =  1468  E =     -32.68995  RMSG = 3.0976274e-02
 MIN: Iter =   86  NFunc =  1520  E =     -32.69381  RMSG = 5.2987266e-02
 MIN: Iter =   87  NFunc =  1542  E =     -32.69885  RMSG = 1.0066736e-01
 MIN: Iter =   88  NFunc =  1548  E =     -32.70046  RMSG = 3.2870300e-02
 MIN: Iter =   89  NFunc =  1569  E =     -32.70284  RMSG = 7.7661937e-02
 MIN: Iter =   90  NFunc =  1575  E =     -32.70367  RMSG = 2.5165713e-02
 MIN: Iter =   91  NFunc =  1627  E =     -32.70581  RMSG = 4.5099263e-02
 MIN: Iter =   92  NFunc =  1655  E =     -32.70873  RMSG = 7.7638789e-02
 MIN: Iter =   93  NFunc =  1670  E =     -32.71322  RMSG = 1.1540637e-01
 MIN: Iter =   94  NFunc =  1678  E =     -32.71755  RMSG = 4.7903456e-02
 MIN: Iter =   95  NFunc =  1685  E =     -32.71986  RMSG = 7.1014679e-02
 MIN: Iter =   96  NFunc =  1696  E =     -32.72410  RMSG = 6.5721207e-02
 MIN: Iter =   97  NFunc =  1702  E =     -32.72553  RMSG = 2.8179467e-02
 MIN: Iter =   98  NFunc =  1749  E =     -32.72917  RMSG = 5.6111705e-02
 MIN: Iter =   99  NFunc =  1774  E =     -32.73304  RMSG = 9.1114797e-02
 MIN: Iter =  100  NFunc =  1780  E =     -32.73461  RMSG = 3.5726208e-02
----------------------------------------------------------------
 END:          :-)  E =     -32.73461  RMSG =   0.0357262

     bond:      3.515445368
    angle:     13.720193553
 dihedral:     26.228547654
    enb14:     13.593579448
    eel14:     -7.728136313
      enb:     -6.716106925
      eel:    -42.528916524
      egb:    -32.819213096
    econs:      0.000000000
    esurf:      0.000000000
    Total:    -32.734606834
     frms:      0.035726208
====== rms.dat  ======================================================
#Frame      all_heavy
       1       2.1521
