====== tleap.out =====================================================
-I: Adding /home/case/amber24/dat/leap/prep to search path.
-I: Adding /home/case/amber24/dat/leap/lib to search path.
-I: Adding /home/case/amber24/dat/leap/parm to search path.
-I: Adding /home/case/amber24/dat/leap/cmd to search path.
-f: Source leap.in.

Welcome to LEaP!
(no leaprc in search path)
Sourcing: ./leap.in
Using Bondi radii
----- Source: /home/case/amber24/dat/leap/cmd/leaprc.gaff2
----- Source of /home/case/amber24/dat/leap/cmd/leaprc.gaff2 done
Log file: ./leap.log
Loading parameters: /home/case/amber24/dat/leap/parm/gaff2.dat
Reading title:
AMBER General Force Field for organic molecules (Version 2.2.20, March 2021)
Loading parameters: ./T2G.frcmod
Reading force field modification type file (frcmod)
Reading title:
Remark line goes here
Loading Mol2 file: ./T2G.mol2
Reading MOLECULE named T2G
Checking Unit.
Building topology.
"order_residues" off: keep input residue order.
Building atom parameters.
Building bond parameters.
Building angle parameters.
Building proper torsion parameters.
Building improper torsion parameters.
 total 8 improper torsions applied
Building H-Bond parameters.
Incorporating Non-Bonded adjustments.
Not Marking per-residue atom chain types.
Marking per-residue atom chain types.
  (Residues lacking connect0/connect1 - 
   these don't have chain types marked:

	res	total affected

	T2G	1
  )
 (no restraints)
	Quit

Exiting LEaP: Errors = 0; Warnings = 0; Notes = 0.
====== min.o =========================================================
Reading parm file (T2G.parm7)
title:
T2G                                                                             
no velocities were found
no velocities were found
	mm_options:  ntpr=5
	mm_options:  gb=1
	mm_options:  kappa=0.10395
	mm_options:  rgbmax=99.
	mm_options:  cut=99.0
	mm_options:  wcons=0.
     bond:      1.690927388
    angle:      1.933982996
 dihedral:     34.729428706
    enb14:     10.947434512
    eel14:     29.600564955
      enb:     -0.974834903
      eel:    -33.004433333
      egb:    -12.566879236
    econs:      0.000000000
    esurf:      0.000000000
    Total:     32.356191085
     frms:      6.809211835
Starting TNCG minimisation
 MIN: Iter =    0  NFunc =     1  E =      32.35619  RMSG = 6.8092118e+00
 MIN: Iter =    1  NFunc =     7  E =      25.60367  RMSG = 2.6684836e+00
 MIN: Iter =    2  NFunc =    15  E =      24.49931  RMSG = 1.0054440e+00
 MIN: Iter =    3  NFunc =    21  E =      24.26865  RMSG = 4.9714372e-01
 MIN: Iter =    4  NFunc =    51  E =      23.99046  RMSG = 5.9198163e-01
 MIN: Iter =    5  NFunc =    60  E =      23.94147  RMSG = 1.6840775e-01
 MIN: Iter =    6  NFunc =   110  E =      23.83454  RMSG = 2.9964736e-01
 MIN: Iter =    7  NFunc =   119  E =      23.80314  RMSG = 1.6465541e-01
 MIN: Iter =    8  NFunc =   136  E =      23.71266  RMSG = 5.9408968e-01
 MIN: Iter =    9  NFunc =   150  E =      23.47546  RMSG = 1.4211507e+00
 MIN: Iter =   10  NFunc =   156  E =      23.25443  RMSG = 4.6695055e-01
 MIN: Iter =   11  NFunc =   165  E =      22.94264  RMSG = 9.2639778e-01
 MIN: Iter =   12  NFunc =   208  E =      22.18524  RMSG = 1.5471795e+00
 MIN: Iter =   13  NFunc =   220  E =      21.66585  RMSG = 7.9761593e-01
 MIN: Iter =   14  NFunc =   226  E =      21.52124  RMSG = 3.9805281e-01
 MIN: Iter =   15  NFunc =   249  E =      21.24486  RMSG = 6.2973728e-01
 MIN: Iter =   16  NFunc =   266  E =      21.11154  RMSG = 3.2320808e-01
 MIN: Iter =   17  NFunc =   275  E =      21.06499  RMSG = 1.7476300e-01
 MIN: Iter =   18  NFunc =   303  E =      20.98066  RMSG = 5.3146262e-01
 MIN: Iter =   19  NFunc =   309  E =      20.95549  RMSG = 1.2889546e-01
 MIN: Iter =   20  NFunc =   321  E =      20.94778  RMSG = 5.4613451e-02
 MIN: Iter =   21  NFunc =   372  E =      20.93540  RMSG = 1.1948779e-01
 MIN: Iter =   22  NFunc =   378  E =      20.93325  RMSG = 5.0081498e-02
 MIN: Iter =   23  NFunc =   402  E =      20.92963  RMSG = 4.9632624e-02
 MIN: Iter =   24  NFunc =   434  E =      20.92680  RMSG = 3.1811408e-02
 MIN: Iter =   25  NFunc =   441  E =      20.92658  RMSG = 1.5686942e-02
 MIN: Iter =   26  NFunc =   452  E =      20.92642  RMSG = 8.8532864e-03
 MIN: Iter =   27  NFunc =   472  E =      20.92632  RMSG = 4.1331365e-03
 MIN: Iter =   28  NFunc =   523  E =      20.92623  RMSG = 2.2965853e-02
 MIN: Iter =   29  NFunc =   529  E =      20.92619  RMSG = 4.1250552e-03
 MIN: Iter =   30  NFunc =   551  E =      20.92615  RMSG = 6.0852927e-03
 MIN: Iter =   31  NFunc =   566  E =      20.92614  RMSG = 2.4286335e-03
 MIN: Iter =   32  NFunc =   598  E =      20.92613  RMSG = 1.6428484e-03
 MIN: Iter =   33  NFunc =   605  E =      20.92612  RMSG = 8.8108787e-04
 MIN: Iter =   34  NFunc =   644  E =      20.92612  RMSG = 5.3346618e-04
 MIN: Iter =   35  NFunc =   654  E =      20.92612  RMSG = 3.1436639e-04
----------------------------------------------------------------
 END:          :-)  E =      20.92612  RMSG =   0.0003144

     bond:      1.208848268
    angle:      2.266140993
 dihedral:     30.719103754
    enb14:      6.993276874
    eel14:     27.648628239
      enb:     -2.847141629
      eel:    -30.840868902
      egb:    -14.221864682
    econs:      0.000000000
    esurf:      0.000000000
    Total:     20.926122914
     frms:      0.000314366
====== rms.dat  ======================================================
#Frame      all_heavy
       1       0.4236
