====== tleap.out =====================================================
-I: Adding /home/case/amber24/dat/leap/prep to search path.
-I: Adding /home/case/amber24/dat/leap/lib to search path.
-I: Adding /home/case/amber24/dat/leap/parm to search path.
-I: Adding /home/case/amber24/dat/leap/cmd to search path.
-f: Source leap.in.

Welcome to LEaP!
(no leaprc in search path)
Sourcing: ./leap.in
Using Bondi radii
----- Source: /home/case/amber24/dat/leap/cmd/leaprc.gaff2
----- Source of /home/case/amber24/dat/leap/cmd/leaprc.gaff2 done
Log file: ./leap.log
Loading parameters: /home/case/amber24/dat/leap/parm/gaff2.dat
Reading title:
AMBER General Force Field for organic molecules (Version 2.2.20, March 2021)
Loading parameters: ./T45.frcmod
Reading force field modification type file (frcmod)
Reading title:
Remark line goes here
Loading Mol2 file: ./T45.mol2
Reading MOLECULE named T45
Checking Unit.
Building topology.
"order_residues" off: keep input residue order.
Building atom parameters.
Building bond parameters.
Building angle parameters.
Building proper torsion parameters.
Building improper torsion parameters.
 total 4 improper torsions applied
Building H-Bond parameters.
Incorporating Non-Bonded adjustments.
Not Marking per-residue atom chain types.
Marking per-residue atom chain types.
  (Residues lacking connect0/connect1 - 
   these don't have chain types marked:

	res	total affected

	T45	1
  )
 (no restraints)
	Quit

Exiting LEaP: Errors = 0; Warnings = 0; Notes = 0.
====== min.o =========================================================
Reading parm file (T45.parm7)
title:
T45                                                                             
no velocities were found
no velocities were found
	mm_options:  ntpr=5
	mm_options:  gb=1
	mm_options:  kappa=0.10395
	mm_options:  rgbmax=99.
	mm_options:  cut=99.0
	mm_options:  wcons=0.
     bond:      2.879319047
    angle:     16.588915044
 dihedral:      0.001770838
    enb14:      2.221991833
    eel14:     18.351105610
      enb:     -0.605859800
      eel:      6.683603787
      egb:    -17.285677854
    econs:      0.000000000
    esurf:      0.000000000
    Total:     28.835168505
     frms:     19.443251022
Starting TNCG minimisation
 MIN: Iter =    0  NFunc =     1  E =      28.83517  RMSG = 1.9443251e+01
 MIN: Iter =    1  NFunc =     8  E =      18.27566  RMSG = 3.1379611e+00
 MIN: Iter =    2  NFunc =    14  E =      17.81822  RMSG = 9.8431401e-01
 MIN: Iter =    3  NFunc =    20  E =      17.63010  RMSG = 5.2411073e-01
 MIN: Iter =    4  NFunc =    27  E =      17.59068  RMSG = 2.0305660e-01
 MIN: Iter =    5  NFunc =    33  E =      17.58825  RMSG = 2.9064224e-02
 MIN: Iter =    6  NFunc =    48  E =      17.58816  RMSG = 6.4765377e-03
 MIN: Iter =    7  NFunc =    54  E =      17.58815  RMSG = 4.3044472e-03
 MIN: Iter =    8  NFunc =    63  E =      17.58815  RMSG = 1.5485656e-03
 MIN: Iter =    9  NFunc =    69  E =      17.58815  RMSG = 7.3058606e-04
 MIN: Iter =   10  NFunc =    75  E =      17.58815  RMSG = 3.8642258e-04
----------------------------------------------------------------
 END:          :-)  E =      17.58815  RMSG =   0.0003864

     bond:      1.568114949
    angle:     10.029699475
 dihedral:      0.000116309
    enb14:      1.710540653
    eel14:     16.540101532
      enb:     -0.442766864
      eel:      6.934397424
      egb:    -18.752056722
    econs:      0.000000000
    esurf:      0.000000000
    Total:     17.588146756
     frms:      0.000386423
====== rms.dat  ======================================================
#Frame      all_heavy
       1       0.0937
