====== tleap.out =====================================================
-I: Adding /home/case/amber24/dat/leap/prep to search path.
-I: Adding /home/case/amber24/dat/leap/lib to search path.
-I: Adding /home/case/amber24/dat/leap/parm to search path.
-I: Adding /home/case/amber24/dat/leap/cmd to search path.
-f: Source leap.in.

Welcome to LEaP!
(no leaprc in search path)
Sourcing: ./leap.in
Using Bondi radii
----- Source: /home/case/amber24/dat/leap/cmd/leaprc.gaff2
----- Source of /home/case/amber24/dat/leap/cmd/leaprc.gaff2 done
Log file: ./leap.log
Loading parameters: /home/case/amber24/dat/leap/parm/gaff2.dat
Reading title:
AMBER General Force Field for organic molecules (Version 2.2.20, March 2021)
Loading parameters: ./T4C.frcmod
Reading force field modification type file (frcmod)
Reading title:
Remark line goes here
Loading Mol2 file: ./T4C.mol2
Reading MOLECULE named T4C
Checking Unit.

/home/case/amber24/bin/teLeap: Warning!
The unperturbed charge of the unit (-1.003000) is not zero.

/home/case/amber24/bin/teLeap: Note.
Ignoring the warning from Unit Checking.

Building topology.
"order_residues" off: keep input residue order.
Building atom parameters.
Building bond parameters.
Building angle parameters.
Building proper torsion parameters.
Building improper torsion parameters.
 total 16 improper torsions applied
Building H-Bond parameters.
Incorporating Non-Bonded adjustments.
Not Marking per-residue atom chain types.
Marking per-residue atom chain types.
  (Residues lacking connect0/connect1 - 
   these don't have chain types marked:

	res	total affected

	T4C	1
  )
 (no restraints)
	Quit

Exiting LEaP: Errors = 0; Warnings = 1; Notes = 1.
====== min.o =========================================================
Reading parm file (T4C.parm7)
title:
T4C                                                                             
no velocities were found
no velocities were found
	mm_options:  ntpr=5
	mm_options:  gb=1
	mm_options:  kappa=0.10395
	mm_options:  rgbmax=99.
	mm_options:  cut=99.0
	mm_options:  wcons=0.
     bond:      3.115914979
    angle:     22.088739472
 dihedral:      2.809009742
    enb14:      7.045458364
    eel14:     31.348860170
      enb:     -1.093555477
      eel:    -32.799994271
      egb:    -78.579076665
    econs:      0.000000000
    esurf:      0.000000000
    Total:    -46.064643687
     frms:     13.465720188
Starting TNCG minimisation
 MIN: Iter =    0  NFunc =     1  E =     -46.06464  RMSG = 1.3465720e+01
 MIN: Iter =    1  NFunc =     7  E =     -53.46748  RMSG = 1.6688664e+00
 MIN: Iter =    2  NFunc =    14  E =     -53.77731  RMSG = 7.0290679e-01
 MIN: Iter =    3  NFunc =    20  E =     -53.85863  RMSG = 3.3391854e-01
 MIN: Iter =    4  NFunc =    28  E =     -53.88214  RMSG = 1.5363332e-01
 MIN: Iter =    5  NFunc =    44  E =     -53.91067  RMSG = 8.1271569e-02
 MIN: Iter =    6  NFunc =    69  E =     -53.91771  RMSG = 6.0344462e-02
 MIN: Iter =    7  NFunc =    84  E =     -53.91827  RMSG = 1.2659280e-02
 MIN: Iter =    8  NFunc =    99  E =     -53.91839  RMSG = 6.4735062e-03
 MIN: Iter =    9  NFunc =   119  E =     -53.91844  RMSG = 2.9076428e-03
 MIN: Iter =   10  NFunc =   128  E =     -53.91844  RMSG = 1.6191920e-03
 MIN: Iter =   11  NFunc =   136  E =     -53.91844  RMSG = 7.4672964e-04
 MIN: Iter =   12  NFunc =   159  E =     -53.91844  RMSG = 7.5282993e-04
 MIN: Iter =   13  NFunc =   176  E =     -53.91844  RMSG = 4.8689618e-04
----------------------------------------------------------------
 END:          :-)  E =     -53.91844  RMSG =   0.0004869

     bond:      1.714823553
    angle:     18.210846698
 dihedral:      3.047356604
    enb14:      5.793392164
    eel14:     30.346723530
      enb:     -1.819603844
      eel:    -31.767513523
      egb:    -79.444465826
    econs:      0.000000000
    esurf:      0.000000000
    Total:    -53.918440644
     frms:      0.000486896
====== rms.dat  ======================================================
#Frame      all_heavy
       1       0.0594
