====== tleap.out =====================================================
-I: Adding /home/case/amber26/dat/leap/prep to search path.
-I: Adding /home/case/amber26/dat/leap/lib to search path.
-I: Adding /home/case/amber26/dat/leap/parm to search path.
-I: Adding /home/case/amber26/dat/leap/cmd to search path.
-f: Source leap.in.

Welcome to LEaP!
(no leaprc in search path)
Sourcing: ./leap.in
Using Bondi radii
----- Source: /home/case/amber26/dat/leap/cmd/leaprc.gaff2
----- Source of /home/case/amber26/dat/leap/cmd/leaprc.gaff2 done
Log file: ./leap.log
Loading parameters: /home/case/amber26/dat/leap/parm/gaff2.dat
Reading title:
AMBER General Force Field for organic molecules (Version 2.2.30, Oct 2025)
Loading parameters: ./T6Q.frcmod
Reading force field modification type file (frcmod)
Reading title:
Remark line goes here
Loading Mol2 file: ./T6Q.mol2
Reading MOLECULE named T6Q
Checking Unit.
Building topology.
"order_residues" off: keep input residue order.
Building atom parameters.
Building bond parameters.
Building angle parameters.
Building proper torsion parameters.
Building improper torsion parameters.
 total 18 improper torsions applied
Building H-Bond parameters.
Incorporating Non-Bonded adjustments.
Not Marking per-residue atom chain types.
Marking per-residue atom chain types.
  (Residues lacking connect0/connect1 - 
   these don't have chain types marked:

	res	total affected

	T6Q	1
  )
 (no restraints)
	Quit

Exiting LEaP: Errors = 0; Warnings = 0; Notes = 0.
====== min.o =========================================================
Reading parm file (T6Q.parm7)
title:
T6Q                                                                             
no velocities were found
no velocities were found
	mm_options:  ntpr=5
	mm_options:  gb=1
	mm_options:  kappa=0.10395
	mm_options:  rgbmax=99.
	mm_options:  cut=99.0
	mm_options:  wcons=0.
     bond:      3.736386717
    angle:     12.719982971
 dihedral:     48.941575068
    enb14:     21.175788366
    eel14:   -392.789104997
      enb:      0.219580055
      eel:    149.613995666
      egb:    -28.299270788
    econs:      0.000000000
    esurf:      0.000000000
    Total:   -184.681066940
     frms:     12.451466928
Starting TNCG minimisation
 MIN: Iter =    0  NFunc =     1  E =    -184.68107  RMSG = 1.2451467e+01
 MIN: Iter =    1  NFunc =     7  E =    -199.68286  RMSG = 2.9650013e+00
 MIN: Iter =    2  NFunc =    14  E =    -202.84816  RMSG = 1.5123557e+00
 MIN: Iter =    3  NFunc =    41  E =    -204.78261  RMSG = 1.0304800e+00
 MIN: Iter =    4  NFunc =    55  E =    -206.06596  RMSG = 7.6128169e-01
 MIN: Iter =    5  NFunc =    61  E =    -206.67648  RMSG = 7.0713397e-01
 MIN: Iter =    6  NFunc =    77  E =    -207.13244  RMSG = 6.2758654e-01
 MIN: Iter =    7  NFunc =    87  E =    -207.33375  RMSG = 4.0904772e-01
 MIN: Iter =    8  NFunc =   118  E =    -207.68687  RMSG = 7.0907716e-01
 MIN: Iter =    9  NFunc =   137  E =    -208.00208  RMSG = 7.8599857e-01
 MIN: Iter =   10  NFunc =   143  E =    -208.10831  RMSG = 2.9825902e-01
 MIN: Iter =   11  NFunc =   163  E =    -208.22502  RMSG = 5.8266121e-01
 MIN: Iter =   12  NFunc =   196  E =    -208.46055  RMSG = 4.7663375e-01
 MIN: Iter =   13  NFunc =   205  E =    -208.54241  RMSG = 1.8754637e-01
 MIN: Iter =   14  NFunc =   256  E =    -208.70472  RMSG = 4.9955140e-01
 MIN: Iter =   15  NFunc =   265  E =    -208.88121  RMSG = 5.5010006e-01
 MIN: Iter =   16  NFunc =   272  E =    -209.04351  RMSG = 4.5842960e-01
 MIN: Iter =   17  NFunc =   285  E =    -209.08090  RMSG = 5.1506160e-01
 MIN: Iter =   18  NFunc =   292  E =    -209.20450  RMSG = 5.3567668e-01
 MIN: Iter =   19  NFunc =   300  E =    -209.34254  RMSG = 3.1932464e-01
 MIN: Iter =   20  NFunc =   307  E =    -209.41186  RMSG = 4.3679847e-01
 MIN: Iter =   21  NFunc =   330  E =    -209.55162  RMSG = 3.4932418e-01
 MIN: Iter =   22  NFunc =   345  E =    -209.64399  RMSG = 3.2056399e-01
 MIN: Iter =   23  NFunc =   359  E =    -209.70712  RMSG = 2.1574233e-01
 MIN: Iter =   24  NFunc =   403  E =    -209.81787  RMSG = 3.2098599e-01
 MIN: Iter =   25  NFunc =   424  E =    -209.92880  RMSG = 3.5946076e-01
 MIN: Iter =   26  NFunc =   441  E =    -210.03379  RMSG = 3.2475880e-01
 MIN: Iter =   27  NFunc =   450  E =    -210.11839  RMSG = 2.6912108e-01
 MIN: Iter =   28  NFunc =   458  E =    -210.18438  RMSG = 2.5156873e-01
 MIN: Iter =   29  NFunc =   465  E =    -210.23822  RMSG = 2.1744991e-01
 MIN: Iter =   30  NFunc =   473  E =    -210.27002  RMSG = 1.7206623e-01
 MIN: Iter =   31  NFunc =   480  E =    -210.28265  RMSG = 7.9740546e-02
 MIN: Iter =   32  NFunc =   494  E =    -210.29149  RMSG = 5.2309601e-02
 MIN: Iter =   33  NFunc =   520  E =    -210.30848  RMSG = 6.6000870e-02
 MIN: Iter =   34  NFunc =   551  E =    -210.31956  RMSG = 6.1622081e-02
 MIN: Iter =   35  NFunc =   602  E =    -210.33088  RMSG = 1.4153480e-01
 MIN: Iter =   36  NFunc =   608  E =    -210.33367  RMSG = 4.2333179e-02
 MIN: Iter =   37  NFunc =   659  E =    -210.34287  RMSG = 1.7547978e-01
 MIN: Iter =   38  NFunc =   665  E =    -210.34818  RMSG = 6.7309923e-02
 MIN: Iter =   39  NFunc =   692  E =    -210.35455  RMSG = 1.8614550e-01
 MIN: Iter =   40  NFunc =   698  E =    -210.35883  RMSG = 3.9078543e-02
 MIN: Iter =   41  NFunc =   713  E =    -210.36079  RMSG = 2.5451442e-02
 MIN: Iter =   42  NFunc =   759  E =    -210.36263  RMSG = 1.4990850e-02
 MIN: Iter =   43  NFunc =   795  E =    -210.36366  RMSG = 1.6659661e-02
 MIN: Iter =   44  NFunc =   846  E =    -210.36444  RMSG = 1.2693105e-02
 MIN: Iter =   45  NFunc =   873  E =    -210.36472  RMSG = 5.7319164e-03
 MIN: Iter =   46  NFunc =   924  E =    -210.36501  RMSG = 9.6748819e-03
 MIN: Iter =   47  NFunc =   957  E =    -210.36531  RMSG = 7.2654273e-03
 MIN: Iter =   48  NFunc =   980  E =    -210.36539  RMSG = 4.2140840e-03
 MIN: Iter =   49  NFunc =  1031  E =    -210.36552  RMSG = 7.1830313e-03
 MIN: Iter =   50  NFunc =  1051  E =    -210.36558  RMSG = 3.5552456e-03
 MIN: Iter =   51  NFunc =  1102  E =    -210.36561  RMSG = 2.2603600e-03
 MIN: Iter =   52  NFunc =  1118  E =    -210.36562  RMSG = 1.3619687e-03
 MIN: Iter =   53  NFunc =  1135  E =    -210.36563  RMSG = 1.1386126e-03
 MIN: Iter =   54  NFunc =  1180  E =    -210.36564  RMSG = 9.9067306e-04
 MIN: Iter =   55  NFunc =  1231  E =    -210.36565  RMSG = 1.1712585e-03
 MIN: Iter =   56  NFunc =  1282  E =    -210.36566  RMSG = 6.9476180e-04
 MIN: Iter =   57  NFunc =  1320  E =    -210.36566  RMSG = 5.2434952e-04
 MIN: Iter =   58  NFunc =  1354  E =    -210.36566  RMSG = 4.4843693e-04
----------------------------------------------------------------
 END:          :-)  E =    -210.36566  RMSG =   0.0004484

     bond:      1.871105121
    angle:      7.410597815
 dihedral:     47.293298577
    enb14:     13.769551128
    eel14:   -393.631836173
      enb:     -6.519274650
      eel:    156.709055890
      egb:    -37.268158854
    econs:      0.000000000
    esurf:      0.000000000
    Total:   -210.365661146
     frms:      0.000448437
====== rms.dat  ======================================================
#Frame      all_heavy
       1       1.2637
