====== tleap.out =====================================================
-I: Adding /home/case/amber24/dat/leap/prep to search path.
-I: Adding /home/case/amber24/dat/leap/lib to search path.
-I: Adding /home/case/amber24/dat/leap/parm to search path.
-I: Adding /home/case/amber24/dat/leap/cmd to search path.
-f: Source leap.in.

Welcome to LEaP!
(no leaprc in search path)
Sourcing: ./leap.in
Using Bondi radii
----- Source: /home/case/amber24/dat/leap/cmd/leaprc.gaff2
----- Source of /home/case/amber24/dat/leap/cmd/leaprc.gaff2 done
Log file: ./leap.log
Loading parameters: /home/case/amber24/dat/leap/parm/gaff2.dat
Reading title:
AMBER General Force Field for organic molecules (Version 2.2.20, March 2021)
Loading parameters: ./T74.frcmod
Reading force field modification type file (frcmod)
Reading title:
Remark line goes here
Loading Mol2 file: ./T74.mol2
Reading MOLECULE named T74
Checking Unit.
Building topology.
"order_residues" off: keep input residue order.
Building atom parameters.
Building bond parameters.
Building angle parameters.
Building proper torsion parameters.
Building improper torsion parameters.
 total 21 improper torsions applied
Building H-Bond parameters.
Incorporating Non-Bonded adjustments.
Not Marking per-residue atom chain types.
Marking per-residue atom chain types.
  (Residues lacking connect0/connect1 - 
   these don't have chain types marked:

	res	total affected

	T74	1
  )
 (no restraints)
	Quit

Exiting LEaP: Errors = 0; Warnings = 0; Notes = 0.
====== min.o =========================================================
Reading parm file (T74.parm7)
title:
T74                                                                             
no velocities were found
no velocities were found
	mm_options:  ntpr=5
	mm_options:  gb=1
	mm_options:  kappa=0.10395
	mm_options:  rgbmax=99.
	mm_options:  cut=99.0
	mm_options:  wcons=0.
     bond:      3.205314110
    angle:     29.852623666
 dihedral:     16.706537556
    enb14:     22.354289930
    eel14:   -182.120858733
      enb:     -1.986752514
      eel:     36.656125177
      egb:    -27.769716620
    econs:      0.000000000
    esurf:      0.000000000
    Total:   -103.102437429
     frms:     10.743332920
Starting TNCG minimisation
 MIN: Iter =    0  NFunc =     1  E =    -103.10244  RMSG = 1.0743333e+01
 MIN: Iter =    1  NFunc =     7  E =    -118.17729  RMSG = 2.5783502e+00
 MIN: Iter =    2  NFunc =    17  E =    -121.53685  RMSG = 9.3017393e-01
 MIN: Iter =    3  NFunc =    68  E =    -122.54717  RMSG = 8.5529408e-01
 MIN: Iter =    4  NFunc =    79  E =    -123.26812  RMSG = 7.5715743e-01
 MIN: Iter =    5  NFunc =    85  E =    -123.91330  RMSG = 5.9523869e-01
 MIN: Iter =    6  NFunc =    91  E =    -124.23624  RMSG = 5.1668206e-01
 MIN: Iter =    7  NFunc =   102  E =    -124.51356  RMSG = 2.9348220e-01
 MIN: Iter =    8  NFunc =   141  E =    -124.77604  RMSG = 6.5301643e-01
 MIN: Iter =    9  NFunc =   147  E =    -124.85064  RMSG = 1.4791705e-01
 MIN: Iter =   10  NFunc =   172  E =    -124.93618  RMSG = 4.4694581e-01
 MIN: Iter =   11  NFunc =   178  E =    -124.96927  RMSG = 1.0804942e-01
 MIN: Iter =   12  NFunc =   229  E =    -125.06716  RMSG = 2.6444981e-01
 MIN: Iter =   13  NFunc =   237  E =    -125.09731  RMSG = 1.1950748e-01
 MIN: Iter =   14  NFunc =   262  E =    -125.14872  RMSG = 2.4975189e-01
 MIN: Iter =   15  NFunc =   270  E =    -125.17252  RMSG = 9.7654330e-02
 MIN: Iter =   16  NFunc =   280  E =    -125.18750  RMSG = 2.0294177e-01
 MIN: Iter =   17  NFunc =   292  E =    -125.20880  RMSG = 8.4257944e-02
 MIN: Iter =   18  NFunc =   343  E =    -125.26811  RMSG = 2.9941056e-01
 MIN: Iter =   19  NFunc =   349  E =    -125.30110  RMSG = 1.1261028e-01
 MIN: Iter =   20  NFunc =   400  E =    -125.39008  RMSG = 2.5990495e-01
 MIN: Iter =   21  NFunc =   409  E =    -125.46663  RMSG = 2.3403631e-01
 MIN: Iter =   22  NFunc =   420  E =    -125.53503  RMSG = 2.0057762e-01
 MIN: Iter =   23  NFunc =   427  E =    -125.57913  RMSG = 1.9355264e-01
 MIN: Iter =   24  NFunc =   455  E =    -125.66404  RMSG = 2.2567657e-01
 MIN: Iter =   25  NFunc =   470  E =    -125.72054  RMSG = 1.7235826e-01
 MIN: Iter =   26  NFunc =   482  E =    -125.75476  RMSG = 1.2496826e-01
 MIN: Iter =   27  NFunc =   513  E =    -125.80869  RMSG = 1.8549524e-01
 MIN: Iter =   28  NFunc =   529  E =    -125.85181  RMSG = 1.6591351e-01
 MIN: Iter =   29  NFunc =   537  E =    -125.87295  RMSG = 9.8377120e-02
 MIN: Iter =   30  NFunc =   546  E =    -125.88793  RMSG = 1.0506663e-01
 MIN: Iter =   31  NFunc =   554  E =    -125.89779  RMSG = 6.9508531e-02
 MIN: Iter =   32  NFunc =   584  E =    -125.92582  RMSG = 9.7030143e-02
 MIN: Iter =   33  NFunc =   635  E =    -125.95491  RMSG = 1.1407868e-01
 MIN: Iter =   34  NFunc =   641  E =    -125.95810  RMSG = 4.3956811e-02
 MIN: Iter =   35  NFunc =   663  E =    -125.96568  RMSG = 4.4701736e-02
 MIN: Iter =   36  NFunc =   684  E =    -125.96825  RMSG = 1.9853087e-02
 MIN: Iter =   37  NFunc =   735  E =    -125.97100  RMSG = 1.6888322e-02
 MIN: Iter =   38  NFunc =   765  E =    -125.97235  RMSG = 1.0859251e-02
 MIN: Iter =   39  NFunc =   816  E =    -125.97454  RMSG = 2.6481853e-02
 MIN: Iter =   40  NFunc =   824  E =    -125.97475  RMSG = 1.1027803e-02
 MIN: Iter =   41  NFunc =   845  E =    -125.97505  RMSG = 6.7501383e-03
 MIN: Iter =   42  NFunc =   871  E =    -125.97517  RMSG = 4.0817572e-03
 MIN: Iter =   43  NFunc =   898  E =    -125.97527  RMSG = 3.5604821e-03
 MIN: Iter =   44  NFunc =   948  E =    -125.97545  RMSG = 3.3317122e-03
 MIN: Iter =   45  NFunc =   999  E =    -125.97551  RMSG = 2.5792144e-03
 MIN: Iter =   46  NFunc =  1028  E =    -125.97552  RMSG = 1.1231412e-03
 MIN: Iter =   47  NFunc =  1079  E =    -125.97554  RMSG = 1.4956188e-03
 MIN: Iter =   48  NFunc =  1120  E =    -125.97556  RMSG = 1.1478868e-03
 MIN: Iter =   49  NFunc =  1138  E =    -125.97556  RMSG = 7.6060638e-04
 MIN: Iter =   50  NFunc =  1149  E =    -125.97556  RMSG = 5.5678081e-04
 MIN: Iter =   51  NFunc =  1200  E =    -125.97556  RMSG = 7.2657140e-04
 MIN: Iter =   52  NFunc =  1225  E =    -125.97557  RMSG = 3.7203282e-04
----------------------------------------------------------------
 END:          :-)  E =    -125.97557  RMSG =   0.0003720

     bond:      4.257050460
    angle:     20.915370061
 dihedral:     18.496355497
    enb14:     17.130333635
    eel14:   -185.803606226
      enb:     -9.681160197
      eel:     38.577586709
      egb:    -29.867495284
    econs:      0.000000000
    esurf:      0.000000000
    Total:   -125.975565343
     frms:      0.000372033
====== rms.dat  ======================================================
#Frame      all_heavy
       1       0.7447
