====== tleap.out =====================================================
-I: Adding /home/case/amber24/dat/leap/prep to search path.
-I: Adding /home/case/amber24/dat/leap/lib to search path.
-I: Adding /home/case/amber24/dat/leap/parm to search path.
-I: Adding /home/case/amber24/dat/leap/cmd to search path.
-f: Source leap.in.

Welcome to LEaP!
(no leaprc in search path)
Sourcing: ./leap.in
Using Bondi radii
----- Source: /home/case/amber24/dat/leap/cmd/leaprc.gaff2
----- Source of /home/case/amber24/dat/leap/cmd/leaprc.gaff2 done
Log file: ./leap.log
Loading parameters: /home/case/amber24/dat/leap/parm/gaff2.dat
Reading title:
AMBER General Force Field for organic molecules (Version 2.2.20, March 2021)
Loading parameters: ./T7D.frcmod
Reading force field modification type file (frcmod)
Reading title:
Remark line goes here
Loading Mol2 file: ./T7D.mol2
Reading MOLECULE named T7D
Checking Unit.
Building topology.
"order_residues" off: keep input residue order.
Building atom parameters.
Building bond parameters.
Building angle parameters.
Building proper torsion parameters.
Building improper torsion parameters.
 total 10 improper torsions applied
Building H-Bond parameters.
Incorporating Non-Bonded adjustments.
Not Marking per-residue atom chain types.
Marking per-residue atom chain types.
  (Residues lacking connect0/connect1 - 
   these don't have chain types marked:

	res	total affected

	T7D	1
  )
 (no restraints)
	Quit

Exiting LEaP: Errors = 0; Warnings = 0; Notes = 0.
====== min.o =========================================================
Reading parm file (T7D.parm7)
title:
T7D                                                                             
no velocities were found
no velocities were found
	mm_options:  ntpr=5
	mm_options:  gb=1
	mm_options:  kappa=0.10395
	mm_options:  rgbmax=99.
	mm_options:  cut=99.0
	mm_options:  wcons=0.
     bond:      1.920759770
    angle:      1.519332758
 dihedral:     46.556719211
    enb14:     10.391241551
    eel14:    -77.562985775
      enb:     -0.616727242
      eel:     17.790187325
      egb:    -21.614410164
    econs:      0.000000000
    esurf:      0.000000000
    Total:    -21.615882567
     frms:      7.158502183
Starting TNCG minimisation
 MIN: Iter =    0  NFunc =     1  E =     -21.61588  RMSG = 7.1585022e+00
 MIN: Iter =    1  NFunc =     7  E =     -27.08665  RMSG = 2.1847002e+00
 MIN: Iter =    2  NFunc =    18  E =     -28.32592  RMSG = 8.2921640e-01
 MIN: Iter =    3  NFunc =    39  E =     -28.83497  RMSG = 6.6086126e-01
 MIN: Iter =    4  NFunc =    49  E =     -29.01736  RMSG = 4.4622014e-01
 MIN: Iter =    5  NFunc =    94  E =     -29.23955  RMSG = 6.1427624e-01
 MIN: Iter =    6  NFunc =   101  E =     -29.33314  RMSG = 2.6215029e-01
 MIN: Iter =    7  NFunc =   120  E =     -29.45797  RMSG = 4.8256817e-01
 MIN: Iter =    8  NFunc =   126  E =     -29.51695  RMSG = 2.1952605e-01
 MIN: Iter =    9  NFunc =   144  E =     -29.55564  RMSG = 4.1037637e-01
 MIN: Iter =   10  NFunc =   150  E =     -29.57812  RMSG = 1.6846199e-01
 MIN: Iter =   11  NFunc =   161  E =     -29.59127  RMSG = 1.4768439e-01
 MIN: Iter =   12  NFunc =   185  E =     -29.62807  RMSG = 1.7740380e-01
 MIN: Iter =   13  NFunc =   201  E =     -29.63952  RMSG = 6.5973269e-02
 MIN: Iter =   14  NFunc =   209  E =     -29.64128  RMSG = 3.1490457e-02
 MIN: Iter =   15  NFunc =   234  E =     -29.64299  RMSG = 1.7782381e-02
 MIN: Iter =   16  NFunc =   246  E =     -29.64317  RMSG = 7.7867078e-03
 MIN: Iter =   17  NFunc =   285  E =     -29.64345  RMSG = 8.3786182e-03
 MIN: Iter =   18  NFunc =   311  E =     -29.64352  RMSG = 4.2302993e-03
 MIN: Iter =   19  NFunc =   323  E =     -29.64353  RMSG = 2.0880577e-03
 MIN: Iter =   20  NFunc =   334  E =     -29.64354  RMSG = 2.2013246e-03
 MIN: Iter =   21  NFunc =   367  E =     -29.64354  RMSG = 9.1334522e-04
 MIN: Iter =   22  NFunc =   394  E =     -29.64354  RMSG = 4.5874442e-04
----------------------------------------------------------------
 END:          :-)  E =     -29.64354  RMSG =   0.0004587

     bond:      0.943222385
    angle:      2.520777139
 dihedral:     42.255983020
    enb14:      7.225381963
    eel14:    -76.685709866
      enb:     -1.697655633
      eel:     18.257671149
      egb:    -22.463213911
    econs:      0.000000000
    esurf:      0.000000000
    Total:    -29.643543754
     frms:      0.000458744
====== rms.dat  ======================================================
#Frame      all_heavy
       1       0.3012
