====== tleap.out =====================================================
-I: Adding /home/case/amber24/dat/leap/prep to search path.
-I: Adding /home/case/amber24/dat/leap/lib to search path.
-I: Adding /home/case/amber24/dat/leap/parm to search path.
-I: Adding /home/case/amber24/dat/leap/cmd to search path.
-f: Source leap.in.

Welcome to LEaP!
(no leaprc in search path)
Sourcing: ./leap.in
Using Bondi radii
----- Source: /home/case/amber24/dat/leap/cmd/leaprc.gaff2
----- Source of /home/case/amber24/dat/leap/cmd/leaprc.gaff2 done
Log file: ./leap.log
Loading parameters: /home/case/amber24/dat/leap/parm/gaff2.dat
Reading title:
AMBER General Force Field for organic molecules (Version 2.2.20, March 2021)
Loading parameters: ./T83.frcmod
Reading force field modification type file (frcmod)
Reading title:
Remark line goes here
Loading Mol2 file: ./T83.mol2
Reading MOLECULE named T83
Checking Unit.
Building topology.
"order_residues" off: keep input residue order.
Building atom parameters.
Building bond parameters.
Building angle parameters.
Building proper torsion parameters.
Building improper torsion parameters.
 total 9 improper torsions applied
Building H-Bond parameters.
Incorporating Non-Bonded adjustments.
Not Marking per-residue atom chain types.
Marking per-residue atom chain types.
  (Residues lacking connect0/connect1 - 
   these don't have chain types marked:

	res	total affected

	T83	1
  )
 (no restraints)
	Quit

Exiting LEaP: Errors = 0; Warnings = 0; Notes = 0.
====== min.o =========================================================
Reading parm file (T83.parm7)
title:
T83                                                                             
no velocities were found
no velocities were found
	mm_options:  ntpr=5
	mm_options:  gb=1
	mm_options:  kappa=0.10395
	mm_options:  rgbmax=99.
	mm_options:  cut=99.0
	mm_options:  wcons=0.
     bond:      1.305920331
    angle:      4.068838991
 dihedral:      5.770104629
    enb14:      6.739362716
    eel14:    -41.609615985
      enb:     -1.708504123
      eel:      2.432151133
      egb:    -18.803531813
    econs:      0.000000000
    esurf:      0.000000000
    Total:    -41.805274122
     frms:     12.439776888
Starting TNCG minimisation
 MIN: Iter =    0  NFunc =     1  E =     -41.80527  RMSG = 1.2439777e+01
 MIN: Iter =    1  NFunc =     7  E =     -46.55239  RMSG = 2.3793731e+00
 MIN: Iter =    2  NFunc =    13  E =     -47.01708  RMSG = 7.4824312e-01
 MIN: Iter =    3  NFunc =    36  E =     -47.48430  RMSG = 1.4516542e+00
 MIN: Iter =    4  NFunc =    47  E =     -47.73319  RMSG = 5.7200121e-01
 MIN: Iter =    5  NFunc =    84  E =     -48.12176  RMSG = 1.3991345e+00
 MIN: Iter =    6  NFunc =   100  E =     -48.55210  RMSG = 1.6536070e+00
 MIN: Iter =    7  NFunc =   108  E =     -49.00108  RMSG = 1.3631417e+00
 MIN: Iter =    8  NFunc =   114  E =     -49.36177  RMSG = 1.6167409e+00
 MIN: Iter =    9  NFunc =   120  E =     -49.77753  RMSG = 1.3452724e+00
 MIN: Iter =   10  NFunc =   126  E =     -50.17696  RMSG = 1.4114167e+00
 MIN: Iter =   11  NFunc =   132  E =     -50.39750  RMSG = 7.1226916e-01
 MIN: Iter =   12  NFunc =   138  E =     -50.50052  RMSG = 6.4349773e-01
 MIN: Iter =   13  NFunc =   144  E =     -50.52580  RMSG = 1.6792097e-01
 MIN: Iter =   14  NFunc =   156  E =     -50.53552  RMSG = 9.3516931e-02
 MIN: Iter =   15  NFunc =   172  E =     -50.53932  RMSG = 4.7692613e-02
 MIN: Iter =   16  NFunc =   179  E =     -50.53978  RMSG = 2.2241970e-02
 MIN: Iter =   17  NFunc =   191  E =     -50.53994  RMSG = 1.0335382e-02
 MIN: Iter =   18  NFunc =   203  E =     -50.53998  RMSG = 5.9094404e-03
 MIN: Iter =   19  NFunc =   213  E =     -50.53999  RMSG = 2.7863064e-03
 MIN: Iter =   20  NFunc =   226  E =     -50.53999  RMSG = 1.6120832e-03
 MIN: Iter =   21  NFunc =   247  E =     -50.53999  RMSG = 8.7398453e-04
 MIN: Iter =   22  NFunc =   255  E =     -50.53999  RMSG = 5.3326594e-04
 MIN: Iter =   23  NFunc =   265  E =     -50.53999  RMSG = 1.9174661e-04
----------------------------------------------------------------
 END:          :-)  E =     -50.53999  RMSG =   0.0001917

     bond:      0.549827778
    angle:      2.014067001
 dihedral:      0.000227995
    enb14:      5.785958069
    eel14:    -43.057095145
      enb:     -0.888381850
      eel:      4.598938595
      egb:    -19.543534856
    econs:      0.000000000
    esurf:      0.000000000
    Total:    -50.539992411
     frms:      0.000191747
====== rms.dat  ======================================================
#Frame      all_heavy
       1       0.3030
