====== tleap.out =====================================================
-I: Adding /home/case/amber24/dat/leap/prep to search path.
-I: Adding /home/case/amber24/dat/leap/lib to search path.
-I: Adding /home/case/amber24/dat/leap/parm to search path.
-I: Adding /home/case/amber24/dat/leap/cmd to search path.
-f: Source leap.in.

Welcome to LEaP!
(no leaprc in search path)
Sourcing: ./leap.in
Using Bondi radii
----- Source: /home/case/amber24/dat/leap/cmd/leaprc.gaff2
----- Source of /home/case/amber24/dat/leap/cmd/leaprc.gaff2 done
Log file: ./leap.log
Loading parameters: /home/case/amber24/dat/leap/parm/gaff2.dat
Reading title:
AMBER General Force Field for organic molecules (Version 2.2.20, March 2021)
Loading parameters: ./T89.frcmod
Reading force field modification type file (frcmod)
Reading title:
Remark line goes here
Loading Mol2 file: ./T89.mol2
Reading MOLECULE named T89
Checking Unit.
Building topology.
"order_residues" off: keep input residue order.
Building atom parameters.
Building bond parameters.
Building angle parameters.
Building proper torsion parameters.
Building improper torsion parameters.
 total 8 improper torsions applied
Building H-Bond parameters.
Incorporating Non-Bonded adjustments.
Not Marking per-residue atom chain types.
Marking per-residue atom chain types.
  (Residues lacking connect0/connect1 - 
   these don't have chain types marked:

	res	total affected

	T89	1
  )
 (no restraints)
	Quit

Exiting LEaP: Errors = 0; Warnings = 0; Notes = 0.
====== min.o =========================================================
Reading parm file (T89.parm7)
title:
T89                                                                             
no velocities were found
no velocities were found
	mm_options:  ntpr=5
	mm_options:  gb=1
	mm_options:  kappa=0.10395
	mm_options:  rgbmax=99.
	mm_options:  cut=99.0
	mm_options:  wcons=0.
     bond:      1.499081560
    angle:      1.652219323
 dihedral:     23.328344435
    enb14:      8.700564980
    eel14:     19.967983105
      enb:     -1.041964042
      eel:    -27.181723464
      egb:    -17.433416301
    econs:      0.000000000
    esurf:      0.000000000
    Total:      9.491089597
     frms:      8.253874103
Starting TNCG minimisation
 MIN: Iter =    0  NFunc =     1  E =       9.49109  RMSG = 8.2538741e+00
 MIN: Iter =    1  NFunc =     7  E =       5.11686  RMSG = 1.9772468e+00
 MIN: Iter =    2  NFunc =    15  E =       3.91755  RMSG = 1.1394785e+00
 MIN: Iter =    3  NFunc =    31  E =       2.87867  RMSG = 2.2546649e+00
 MIN: Iter =    4  NFunc =    50  E =       1.82587  RMSG = 2.3071772e+00
 MIN: Iter =    5  NFunc =    60  E =       0.94864  RMSG = 1.3240877e+00
 MIN: Iter =    6  NFunc =    67  E =       0.58439  RMSG = 7.8819266e-01
 MIN: Iter =    7  NFunc =    84  E =       0.07822  RMSG = 5.0160047e-01
 MIN: Iter =    8  NFunc =    94  E =      -0.06156  RMSG = 3.5376775e-01
 MIN: Iter =    9  NFunc =   109  E =      -0.14063  RMSG = 2.0475213e-01
 MIN: Iter =   10  NFunc =   135  E =      -0.23754  RMSG = 5.2855746e-01
 MIN: Iter =   11  NFunc =   141  E =      -0.25464  RMSG = 1.1001466e-01
 MIN: Iter =   12  NFunc =   153  E =      -0.26383  RMSG = 8.2596107e-02
 MIN: Iter =   13  NFunc =   159  E =      -0.26532  RMSG = 5.4973137e-02
 MIN: Iter =   14  NFunc =   183  E =      -0.26919  RMSG = 4.0163163e-02
 MIN: Iter =   15  NFunc =   189  E =      -0.26948  RMSG = 1.8600783e-02
 MIN: Iter =   16  NFunc =   198  E =      -0.26960  RMSG = 8.3400532e-03
 MIN: Iter =   17  NFunc =   207  E =      -0.26962  RMSG = 4.5907612e-03
 MIN: Iter =   18  NFunc =   215  E =      -0.26963  RMSG = 2.6227111e-03
 MIN: Iter =   19  NFunc =   227  E =      -0.26963  RMSG = 2.2052458e-03
 MIN: Iter =   20  NFunc =   236  E =      -0.26964  RMSG = 1.2590914e-03
 MIN: Iter =   21  NFunc =   245  E =      -0.26964  RMSG = 8.3679621e-04
 MIN: Iter =   22  NFunc =   263  E =      -0.26964  RMSG = 4.5185185e-04
----------------------------------------------------------------
 END:          :-)  E =      -0.26964  RMSG =   0.0004519

     bond:      1.112213713
    angle:      1.368687619
 dihedral:     17.889220488
    enb14:      6.636889899
    eel14:     20.267513404
      enb:     -1.821870146
      eel:    -28.372229316
      egb:    -17.350062893
    econs:      0.000000000
    esurf:      0.000000000
    Total:     -0.269637232
     frms:      0.000451852
====== rms.dat  ======================================================
#Frame      all_heavy
       1       0.3877
