====== tleap.out =====================================================
-I: Adding /home/case/amber24/dat/leap/prep to search path.
-I: Adding /home/case/amber24/dat/leap/lib to search path.
-I: Adding /home/case/amber24/dat/leap/parm to search path.
-I: Adding /home/case/amber24/dat/leap/cmd to search path.
-f: Source leap.in.

Welcome to LEaP!
(no leaprc in search path)
Sourcing: ./leap.in
Using Bondi radii
----- Source: /home/case/amber24/dat/leap/cmd/leaprc.gaff2
----- Source of /home/case/amber24/dat/leap/cmd/leaprc.gaff2 done
Log file: ./leap.log
Loading parameters: /home/case/amber24/dat/leap/parm/gaff2.dat
Reading title:
AMBER General Force Field for organic molecules (Version 2.2.20, March 2021)
Loading parameters: ./T8I.frcmod
Reading force field modification type file (frcmod)
Reading title:
Remark line goes here
Loading Mol2 file: ./T8I.mol2
Reading MOLECULE named T8I
Checking Unit.
Building topology.
"order_residues" off: keep input residue order.
Building atom parameters.
Building bond parameters.
Building angle parameters.
Building proper torsion parameters.
Building improper torsion parameters.
 total 18 improper torsions applied
Building H-Bond parameters.
Incorporating Non-Bonded adjustments.
Not Marking per-residue atom chain types.
Marking per-residue atom chain types.
  (Residues lacking connect0/connect1 - 
   these don't have chain types marked:

	res	total affected

	T8I	1
  )
 (no restraints)
	Quit

Exiting LEaP: Errors = 0; Warnings = 0; Notes = 0.
====== min.o =========================================================
Reading parm file (T8I.parm7)
title:
T8I                                                                             
no velocities were found
no velocities were found
	mm_options:  ntpr=5
	mm_options:  gb=1
	mm_options:  kappa=0.10395
	mm_options:  rgbmax=99.
	mm_options:  cut=99.0
	mm_options:  wcons=0.
     bond:      2.877428886
    angle:     16.906642120
 dihedral:     12.315274043
    enb14:     18.381690929
    eel14:     69.028798941
      enb:     -2.741014536
      eel:   -154.264835109
      egb:    -39.033824592
    econs:      0.000000000
    esurf:      0.000000000
    Total:    -76.529839318
     frms:     12.164910076
Starting TNCG minimisation
 MIN: Iter =    0  NFunc =     1  E =     -76.52984  RMSG = 1.2164910e+01
 MIN: Iter =    1  NFunc =     7  E =     -86.95465  RMSG = 2.8943787e+00
 MIN: Iter =    2  NFunc =    16  E =     -89.45373  RMSG = 1.1929500e+00
 MIN: Iter =    3  NFunc =    32  E =     -90.25461  RMSG = 8.6291840e-01
 MIN: Iter =    4  NFunc =    39  E =     -90.46983  RMSG = 4.3117924e-01
 MIN: Iter =    5  NFunc =    69  E =     -90.80599  RMSG = 7.9845215e-01
 MIN: Iter =    6  NFunc =    76  E =     -90.86953  RMSG = 1.7197215e-01
 MIN: Iter =    7  NFunc =   105  E =     -90.97026  RMSG = 1.9570079e-01
 MIN: Iter =    8  NFunc =   156  E =     -91.10253  RMSG = 2.4390848e-01
 MIN: Iter =    9  NFunc =   172  E =     -91.21168  RMSG = 3.0484282e-01
 MIN: Iter =   10  NFunc =   180  E =     -91.32428  RMSG = 3.1147033e-01
 MIN: Iter =   11  NFunc =   187  E =     -91.43000  RMSG = 3.3368454e-01
 MIN: Iter =   12  NFunc =   193  E =     -91.52329  RMSG = 3.4594386e-01
 MIN: Iter =   13  NFunc =   199  E =     -91.60571  RMSG = 3.0717363e-01
 MIN: Iter =   14  NFunc =   205  E =     -91.67153  RMSG = 2.5944757e-01
 MIN: Iter =   15  NFunc =   215  E =     -91.74033  RMSG = 2.4215475e-01
 MIN: Iter =   16  NFunc =   226  E =     -91.79051  RMSG = 1.8432067e-01
 MIN: Iter =   17  NFunc =   233  E =     -91.81041  RMSG = 1.4441425e-01
 MIN: Iter =   18  NFunc =   284  E =     -91.89560  RMSG = 3.3853732e-01
 MIN: Iter =   19  NFunc =   293  E =     -91.95370  RMSG = 1.7087336e-01
 MIN: Iter =   20  NFunc =   324  E =     -92.03274  RMSG = 2.7033669e-01
 MIN: Iter =   21  NFunc =   335  E =     -92.07897  RMSG = 1.6056953e-01
 MIN: Iter =   22  NFunc =   342  E =     -92.10907  RMSG = 1.9015791e-01
 MIN: Iter =   23  NFunc =   348  E =     -92.12404  RMSG = 1.2650411e-01
 MIN: Iter =   24  NFunc =   366  E =     -92.15337  RMSG = 2.0970876e-01
 MIN: Iter =   25  NFunc =   372  E =     -92.16090  RMSG = 7.3581467e-02
 MIN: Iter =   26  NFunc =   423  E =     -92.21535  RMSG = 2.0312199e-01
 MIN: Iter =   27  NFunc =   431  E =     -92.26237  RMSG = 2.7336272e-01
 MIN: Iter =   28  NFunc =   437  E =     -92.30690  RMSG = 2.5627558e-01
 MIN: Iter =   29  NFunc =   443  E =     -92.34164  RMSG = 2.2182872e-01
 MIN: Iter =   30  NFunc =   458  E =     -92.39778  RMSG = 2.9567977e-01
 MIN: Iter =   31  NFunc =   465  E =     -92.42419  RMSG = 1.5933992e-01
 MIN: Iter =   32  NFunc =   504  E =     -92.46797  RMSG = 2.8356764e-01
 MIN: Iter =   33  NFunc =   515  E =     -92.51464  RMSG = 2.3510731e-01
 MIN: Iter =   34  NFunc =   524  E =     -92.55288  RMSG = 2.4668100e-01
 MIN: Iter =   35  NFunc =   532  E =     -92.58445  RMSG = 1.9674008e-01
 MIN: Iter =   36  NFunc =   550  E =     -92.62905  RMSG = 2.4241974e-01
 MIN: Iter =   37  NFunc =   560  E =     -92.66376  RMSG = 1.7715584e-01
 MIN: Iter =   38  NFunc =   567  E =     -92.68782  RMSG = 2.2714562e-01
 MIN: Iter =   39  NFunc =   573  E =     -92.70346  RMSG = 1.2726047e-01
 MIN: Iter =   40  NFunc =   624  E =     -92.80047  RMSG = 2.8842500e-01
 MIN: Iter =   41  NFunc =   653  E =     -92.87482  RMSG = 3.0271965e-01
 MIN: Iter =   42  NFunc =   659  E =     -92.89405  RMSG = 1.2851234e-01
 MIN: Iter =   43  NFunc =   689  E =     -92.92089  RMSG = 3.9770213e-01
 MIN: Iter =   44  NFunc =   695  E =     -92.94202  RMSG = 9.3757671e-02
 MIN: Iter =   45  NFunc =   732  E =     -92.97835  RMSG = 2.7858468e-01
 MIN: Iter =   46  NFunc =   738  E =     -92.99353  RMSG = 1.3458498e-01
 MIN: Iter =   47  NFunc =   757  E =     -93.02661  RMSG = 2.6003681e-01
 MIN: Iter =   48  NFunc =   764  E =     -93.04937  RMSG = 1.2995197e-01
 MIN: Iter =   49  NFunc =   771  E =     -93.06574  RMSG = 2.5689545e-01
 MIN: Iter =   50  NFunc =   778  E =     -93.07865  RMSG = 9.4469358e-02
 MIN: Iter =   51  NFunc =   789  E =     -93.08524  RMSG = 1.0118748e-01
 MIN: Iter =   52  NFunc =   795  E =     -93.08732  RMSG = 4.5310595e-02
 MIN: Iter =   53  NFunc =   846  E =     -93.10551  RMSG = 1.1720301e-01
 MIN: Iter =   54  NFunc =   887  E =     -93.13011  RMSG = 2.3303355e-01
 MIN: Iter =   55  NFunc =   893  E =     -93.13753  RMSG = 6.8933571e-02
 MIN: Iter =   56  NFunc =   914  E =     -93.14358  RMSG = 7.4505970e-02
 MIN: Iter =   57  NFunc =   931  E =     -93.14558  RMSG = 1.9018581e-02
 MIN: Iter =   58  NFunc =   982  E =     -93.14840  RMSG = 4.2145384e-02
 MIN: Iter =   59  NFunc =  1003  E =     -93.14962  RMSG = 1.9154604e-02
 MIN: Iter =   60  NFunc =  1054  E =     -93.15124  RMSG = 4.0238617e-02
 MIN: Iter =   61  NFunc =  1077  E =     -93.15232  RMSG = 2.4378441e-02
 MIN: Iter =   62  NFunc =  1110  E =     -93.15316  RMSG = 2.1274837e-02
 MIN: Iter =   63  NFunc =  1121  E =     -93.15338  RMSG = 9.8673926e-03
 MIN: Iter =   64  NFunc =  1141  E =     -93.15352  RMSG = 6.0271922e-03
 MIN: Iter =   65  NFunc =  1174  E =     -93.15369  RMSG = 5.0763066e-03
 MIN: Iter =   66  NFunc =  1225  E =     -93.15378  RMSG = 8.2654902e-03
 MIN: Iter =   67  NFunc =  1236  E =     -93.15381  RMSG = 4.8667362e-03
 MIN: Iter =   68  NFunc =  1277  E =     -93.15396  RMSG = 1.6371663e-02
 MIN: Iter =   69  NFunc =  1283  E =     -93.15399  RMSG = 3.6453909e-03
 MIN: Iter =   70  NFunc =  1311  E =     -93.15403  RMSG = 2.7769358e-03
 MIN: Iter =   71  NFunc =  1318  E =     -93.15403  RMSG = 1.3427578e-03
 MIN: Iter =   72  NFunc =  1369  E =     -93.15406  RMSG = 3.0156047e-03
 MIN: Iter =   73  NFunc =  1420  E =     -93.15408  RMSG = 2.3301671e-03
 MIN: Iter =   74  NFunc =  1426  E =     -93.15409  RMSG = 1.0752976e-03
 MIN: Iter =   75  NFunc =  1451  E =     -93.15409  RMSG = 1.4934420e-03
 MIN: Iter =   76  NFunc =  1484  E =     -93.15410  RMSG = 8.9599160e-04
 MIN: Iter =   77  NFunc =  1500  E =     -93.15410  RMSG = 5.4237334e-04
 MIN: Iter =   78  NFunc =  1512  E =     -93.15410  RMSG = 2.7347082e-04
----------------------------------------------------------------
 END:          :-)  E =     -93.15410  RMSG =   0.0002735

     bond:      3.214545257
    angle:     12.047398228
 dihedral:      6.910580935
    enb14:     13.838387756
    eel14:     59.676251840
      enb:     -1.634582651
      eel:   -145.415398517
      egb:    -41.791285368
    econs:      0.000000000
    esurf:      0.000000000
    Total:    -93.154102520
     frms:      0.000273471
====== rms.dat  ======================================================
#Frame      all_heavy
       1       1.5728
