====== tleap.out =====================================================
-I: Adding /home/case/amber24/dat/leap/prep to search path.
-I: Adding /home/case/amber24/dat/leap/lib to search path.
-I: Adding /home/case/amber24/dat/leap/parm to search path.
-I: Adding /home/case/amber24/dat/leap/cmd to search path.
-f: Source leap.in.

Welcome to LEaP!
(no leaprc in search path)
Sourcing: ./leap.in
Using Bondi radii
----- Source: /home/case/amber24/dat/leap/cmd/leaprc.gaff2
----- Source of /home/case/amber24/dat/leap/cmd/leaprc.gaff2 done
Log file: ./leap.log
Loading parameters: /home/case/amber24/dat/leap/parm/gaff2.dat
Reading title:
AMBER General Force Field for organic molecules (Version 2.2.20, March 2021)
Loading parameters: ./T8S.frcmod
Reading force field modification type file (frcmod)
Reading title:
Remark line goes here
Loading Mol2 file: ./T8S.mol2
Reading MOLECULE named T8S
Checking Unit.
Building topology.
"order_residues" off: keep input residue order.
Building atom parameters.
Building bond parameters.
Building angle parameters.
Building proper torsion parameters.
Building improper torsion parameters.
 total 4 improper torsions applied
Building H-Bond parameters.
Incorporating Non-Bonded adjustments.
Not Marking per-residue atom chain types.
Marking per-residue atom chain types.
  (Residues lacking connect0/connect1 - 
   these don't have chain types marked:

	res	total affected

	T8S	1
  )
 (no restraints)
	Quit

Exiting LEaP: Errors = 0; Warnings = 0; Notes = 0.
====== min.o =========================================================
Reading parm file (T8S.parm7)
title:
T8S                                                                             
no velocities were found
no velocities were found
	mm_options:  ntpr=5
	mm_options:  gb=1
	mm_options:  kappa=0.10395
	mm_options:  rgbmax=99.
	mm_options:  cut=99.0
	mm_options:  wcons=0.
     bond:      2.125140663
    angle:      3.317871726
 dihedral:     85.465764284
    enb14:     10.804802064
    eel14:    -16.063995881
      enb:      3.539264459
      eel:    -26.395356604
      egb:    -17.674524342
    econs:      0.000000000
    esurf:      0.000000000
    Total:     45.118966370
     frms:      8.423549872
Starting TNCG minimisation
 MIN: Iter =    0  NFunc =     1  E =      45.11897  RMSG = 8.4235499e+00
 MIN: Iter =    1  NFunc =     7  E =      36.55899  RMSG = 2.9292738e+00
 MIN: Iter =    2  NFunc =    17  E =      34.13035  RMSG = 9.3975001e-01
 MIN: Iter =    3  NFunc =    28  E =      33.69491  RMSG = 4.9620138e-01
 MIN: Iter =    4  NFunc =    79  E =      33.44551  RMSG = 1.1450269e+00
 MIN: Iter =    5  NFunc =    85  E =      33.12691  RMSG = 9.9283323e-01
 MIN: Iter =    6  NFunc =    91  E =      32.86021  RMSG = 7.2169535e-01
 MIN: Iter =    7  NFunc =    97  E =      32.72144  RMSG = 3.8963787e-01
 MIN: Iter =    8  NFunc =   105  E =      32.67393  RMSG = 2.2935791e-01
 MIN: Iter =    9  NFunc =   122  E =      32.62384  RMSG = 1.4048615e-01
 MIN: Iter =   10  NFunc =   166  E =      32.59032  RMSG = 1.5408440e-01
 MIN: Iter =   11  NFunc =   188  E =      32.57845  RMSG = 8.9844114e-02
 MIN: Iter =   12  NFunc =   208  E =      32.57099  RMSG = 1.1598441e-01
 MIN: Iter =   13  NFunc =   260  E =      32.55699  RMSG = 2.5403724e-01
 MIN: Iter =   14  NFunc =   276  E =      32.53604  RMSG = 4.1697231e-01
 MIN: Iter =   15  NFunc =   284  E =      32.49661  RMSG = 6.8895892e-01
 MIN: Iter =   16  NFunc =   290  E =      32.44177  RMSG = 1.8690016e-01
 MIN: Iter =   17  NFunc =   299  E =      32.41726  RMSG = 4.4018379e-01
 MIN: Iter =   18  NFunc =   312  E =      32.38294  RMSG = 1.0127519e-01
 MIN: Iter =   19  NFunc =   326  E =      32.37123  RMSG = 5.9407738e-02
 MIN: Iter =   20  NFunc =   351  E =      32.36561  RMSG = 4.9307040e-02
 MIN: Iter =   21  NFunc =   372  E =      32.36211  RMSG = 3.3671979e-02
 MIN: Iter =   22  NFunc =   388  E =      32.36138  RMSG = 1.4676065e-02
 MIN: Iter =   23  NFunc =   419  E =      32.36084  RMSG = 9.9213629e-03
 MIN: Iter =   24  NFunc =   441  E =      32.36071  RMSG = 4.5549318e-03
 MIN: Iter =   25  NFunc =   460  E =      32.36067  RMSG = 3.5097457e-03
 MIN: Iter =   26  NFunc =   483  E =      32.36064  RMSG = 2.0606683e-03
 MIN: Iter =   27  NFunc =   496  E =      32.36063  RMSG = 1.4388299e-03
 MIN: Iter =   28  NFunc =   513  E =      32.36063  RMSG = 7.1780555e-04
 MIN: Iter =   29  NFunc =   532  E =      32.36063  RMSG = 4.5623490e-04
----------------------------------------------------------------
 END:          :-)  E =      32.36063  RMSG =   0.0004562

     bond:      1.314577102
    angle:      4.055223920
 dihedral:     82.734137923
    enb14:      5.631199200
    eel14:    -16.313910990
      enb:     -1.285914651
      eel:    -24.684906191
      egb:    -19.089776701
    econs:      0.000000000
    esurf:      0.000000000
    Total:     32.360629612
     frms:      0.000456235
====== rms.dat  ======================================================
#Frame      all_heavy
       1       0.3546
