====== tleap.out =====================================================
-I: Adding /home/case/amber24/dat/leap/prep to search path.
-I: Adding /home/case/amber24/dat/leap/lib to search path.
-I: Adding /home/case/amber24/dat/leap/parm to search path.
-I: Adding /home/case/amber24/dat/leap/cmd to search path.
-f: Source leap.in.

Welcome to LEaP!
(no leaprc in search path)
Sourcing: ./leap.in
Using Bondi radii
----- Source: /home/case/amber24/dat/leap/cmd/leaprc.gaff2
----- Source of /home/case/amber24/dat/leap/cmd/leaprc.gaff2 done
Log file: ./leap.log
Loading parameters: /home/case/amber24/dat/leap/parm/gaff2.dat
Reading title:
AMBER General Force Field for organic molecules (Version 2.2.20, March 2021)
Loading parameters: ./T9K.frcmod
Reading force field modification type file (frcmod)
Reading title:
Remark line goes here
Loading Mol2 file: ./T9K.mol2
Reading MOLECULE named T9K
Checking Unit.
Building topology.
"order_residues" off: keep input residue order.
Building atom parameters.
Building bond parameters.
Building angle parameters.
Building proper torsion parameters.
Building improper torsion parameters.
 total 7 improper torsions applied
Building H-Bond parameters.
Incorporating Non-Bonded adjustments.
Not Marking per-residue atom chain types.
Marking per-residue atom chain types.
  (Residues lacking connect0/connect1 - 
   these don't have chain types marked:

	res	total affected

	T9K	1
  )
 (no restraints)
	Quit

Exiting LEaP: Errors = 0; Warnings = 0; Notes = 0.
====== min.o =========================================================
Reading parm file (T9K.parm7)
title:
T9K                                                                             
no velocities were found
no velocities were found
	mm_options:  ntpr=5
	mm_options:  gb=1
	mm_options:  kappa=0.10395
	mm_options:  rgbmax=99.
	mm_options:  cut=99.0
	mm_options:  wcons=0.
     bond:      1.545987654
    angle:      5.665381455
 dihedral:      8.915085251
    enb14:      5.963583316
    eel14:     23.489603311
      enb:      0.433868348
      eel:    -22.966223627
      egb:    -16.179446847
    econs:      0.000000000
    esurf:      0.000000000
    Total:      6.867838862
     frms:      8.988259568
Starting TNCG minimisation
 MIN: Iter =    0  NFunc =     1  E =       6.86784  RMSG = 8.9882596e+00
 MIN: Iter =    1  NFunc =     7  E =       2.44369  RMSG = 4.2412870e+00
 MIN: Iter =    2  NFunc =    16  E =       0.35830  RMSG = 2.1220060e+00
 MIN: Iter =    3  NFunc =    22  E =       0.05959  RMSG = 1.0406999e+00
 MIN: Iter =    4  NFunc =    31  E =      -0.11194  RMSG = 3.5517132e-01
 MIN: Iter =    5  NFunc =    51  E =      -0.25956  RMSG = 8.0536027e-01
 MIN: Iter =    6  NFunc =    59  E =      -0.28410  RMSG = 7.3315796e-01
 MIN: Iter =    7  NFunc =    65  E =      -0.31013  RMSG = 2.5996474e-01
 MIN: Iter =    8  NFunc =    79  E =      -0.36188  RMSG = 7.8216323e-01
 MIN: Iter =    9  NFunc =    85  E =      -0.39772  RMSG = 2.3114522e-01
 MIN: Iter =   10  NFunc =    94  E =      -0.41696  RMSG = 1.6826828e-01
 MIN: Iter =   11  NFunc =   118  E =      -0.44761  RMSG = 1.8793153e-01
 MIN: Iter =   12  NFunc =   124  E =      -0.44988  RMSG = 6.3506058e-02
 MIN: Iter =   13  NFunc =   140  E =      -0.45164  RMSG = 3.0765352e-02
 MIN: Iter =   14  NFunc =   162  E =      -0.45313  RMSG = 4.1302220e-02
 MIN: Iter =   15  NFunc =   172  E =      -0.45344  RMSG = 1.5210108e-02
 MIN: Iter =   16  NFunc =   197  E =      -0.45364  RMSG = 7.3225462e-03
 MIN: Iter =   17  NFunc =   206  E =      -0.45366  RMSG = 4.2487820e-03
 MIN: Iter =   18  NFunc =   223  E =      -0.45368  RMSG = 2.1996021e-03
 MIN: Iter =   19  NFunc =   252  E =      -0.45369  RMSG = 2.6789715e-03
 MIN: Iter =   20  NFunc =   267  E =      -0.45370  RMSG = 2.3966123e-03
 MIN: Iter =   21  NFunc =   274  E =      -0.45370  RMSG = 1.2406849e-03
 MIN: Iter =   22  NFunc =   313  E =      -0.45370  RMSG = 1.6223991e-03
 MIN: Iter =   23  NFunc =   322  E =      -0.45370  RMSG = 1.4912460e-03
 MIN: Iter =   24  NFunc =   333  E =      -0.45370  RMSG = 1.3357422e-03
 MIN: Iter =   25  NFunc =   339  E =      -0.45370  RMSG = 5.7231395e-04
 MIN: Iter =   26  NFunc =   345  E =      -0.45370  RMSG = 2.7237684e-04
----------------------------------------------------------------
 END:          :-)  E =      -0.45370  RMSG =   0.0002724

     bond:      0.752231568
    angle:      3.143465015
 dihedral:      8.125508389
    enb14:      4.565884195
    eel14:     22.009127895
      enb:     -0.328036562
      eel:    -21.675696518
      egb:    -17.046186141
    econs:      0.000000000
    esurf:      0.000000000
    Total:     -0.453702159
     frms:      0.000272377
====== rms.dat  ======================================================
#Frame      all_heavy
       1       0.1871
