====== tleap.out =====================================================
-I: Adding /home/case/amber24/dat/leap/prep to search path.
-I: Adding /home/case/amber24/dat/leap/lib to search path.
-I: Adding /home/case/amber24/dat/leap/parm to search path.
-I: Adding /home/case/amber24/dat/leap/cmd to search path.
-f: Source leap.in.

Welcome to LEaP!
(no leaprc in search path)
Sourcing: ./leap.in
Using Bondi radii
----- Source: /home/case/amber24/dat/leap/cmd/leaprc.gaff2
----- Source of /home/case/amber24/dat/leap/cmd/leaprc.gaff2 done
Log file: ./leap.log
Loading parameters: /home/case/amber24/dat/leap/parm/gaff2.dat
Reading title:
AMBER General Force Field for organic molecules (Version 2.2.20, March 2021)
Loading parameters: ./TAY.frcmod
Reading force field modification type file (frcmod)
Reading title:
Remark line goes here
Loading Mol2 file: ./TAY.mol2
Reading MOLECULE named TAY
Checking Unit.
Building topology.
"order_residues" off: keep input residue order.
Building atom parameters.
Building bond parameters.
Building angle parameters.
Building proper torsion parameters.
Building improper torsion parameters.
 total 2 improper torsions applied
Building H-Bond parameters.
Incorporating Non-Bonded adjustments.
Not Marking per-residue atom chain types.
Marking per-residue atom chain types.
  (Residues lacking connect0/connect1 - 
   these don't have chain types marked:

	res	total affected

	TAY	1
  )
 (no restraints)
	Quit

Exiting LEaP: Errors = 0; Warnings = 0; Notes = 0.
====== min.o =========================================================
Reading parm file (TAY.parm7)
title:
TAY                                                                             
no velocities were found
no velocities were found
	mm_options:  ntpr=5
	mm_options:  gb=1
	mm_options:  kappa=0.10395
	mm_options:  rgbmax=99.
	mm_options:  cut=99.0
	mm_options:  wcons=0.
     bond:      0.363112350
    angle:      1.684392788
 dihedral:      8.878511617
    enb14:      3.562178631
    eel14:     -4.451339907
      enb:     -0.108323919
      eel:    -31.308656090
      egb:    -11.876888410
    econs:      0.000000000
    esurf:      0.000000000
    Total:    -33.257012939
     frms:      5.626440868
Starting TNCG minimisation
 MIN: Iter =    0  NFunc =     1  E =     -33.25701  RMSG = 5.6264409e+00
 MIN: Iter =    1  NFunc =     7  E =     -34.95763  RMSG = 1.0139309e+00
 MIN: Iter =    2  NFunc =    13  E =     -35.04186  RMSG = 2.6320911e-01
 MIN: Iter =    3  NFunc =    27  E =     -35.06652  RMSG = 1.4517261e-01
 MIN: Iter =    4  NFunc =    38  E =     -35.06953  RMSG = 2.7581597e-02
 MIN: Iter =    5  NFunc =    44  E =     -35.06960  RMSG = 1.2596750e-02
 MIN: Iter =    6  NFunc =    51  E =     -35.06962  RMSG = 5.5986986e-03
 MIN: Iter =    7  NFunc =    64  E =     -35.06966  RMSG = 5.6821155e-03
 MIN: Iter =    8  NFunc =    70  E =     -35.06966  RMSG = 1.4522611e-03
 MIN: Iter =    9  NFunc =    76  E =     -35.06966  RMSG = 1.0196180e-03
 MIN: Iter =   10  NFunc =    89  E =     -35.06966  RMSG = 4.0421983e-04
----------------------------------------------------------------
 END:          :-)  E =     -35.06966  RMSG =   0.0004042

     bond:      0.634724826
    angle:      1.710997896
 dihedral:      8.782042862
    enb14:      2.318842091
    eel14:     -5.733337680
      enb:     -0.321536467
      eel:    -30.699966586
      egb:    -11.761429041
    econs:      0.000000000
    esurf:      0.000000000
    Total:    -35.069662099
     frms:      0.000404220
====== rms.dat  ======================================================
#Frame      all_heavy
       1       0.0349
