====== tleap.out =====================================================
-I: Adding /home/case/amber24/dat/leap/prep to search path.
-I: Adding /home/case/amber24/dat/leap/lib to search path.
-I: Adding /home/case/amber24/dat/leap/parm to search path.
-I: Adding /home/case/amber24/dat/leap/cmd to search path.
-f: Source leap.in.

Welcome to LEaP!
(no leaprc in search path)
Sourcing: ./leap.in
Using Bondi radii
----- Source: /home/case/amber24/dat/leap/cmd/leaprc.gaff2
----- Source of /home/case/amber24/dat/leap/cmd/leaprc.gaff2 done
Log file: ./leap.log
Loading parameters: /home/case/amber24/dat/leap/parm/gaff2.dat
Reading title:
AMBER General Force Field for organic molecules (Version 2.2.20, March 2021)
Loading parameters: ./TBT.frcmod
Reading force field modification type file (frcmod)
Reading title:
Remark line goes here
Loading Mol2 file: ./TBT.mol2
Reading MOLECULE named TBT
Checking Unit.
Building topology.
"order_residues" off: keep input residue order.
Building atom parameters.
Building bond parameters.
Building angle parameters.
Building proper torsion parameters.
Building improper torsion parameters.
 total 14 improper torsions applied
Building H-Bond parameters.
Incorporating Non-Bonded adjustments.
Not Marking per-residue atom chain types.
Marking per-residue atom chain types.
  (Residues lacking connect0/connect1 - 
   these don't have chain types marked:

	res	total affected

	TBT	1
  )
 (no restraints)
	Quit

Exiting LEaP: Errors = 0; Warnings = 0; Notes = 0.
====== min.o =========================================================
Reading parm file (TBT.parm7)
title:
TBT                                                                             
no velocities were found
no velocities were found
	mm_options:  ntpr=5
	mm_options:  gb=1
	mm_options:  kappa=0.10395
	mm_options:  rgbmax=99.
	mm_options:  cut=99.0
	mm_options:  wcons=0.
     bond:      4.065273317
    angle:      1.889779660
 dihedral:      3.897275029
    enb14:     13.861218889
    eel14:     81.531828751
      enb:     -0.958997691
      eel:    -53.893874648
      egb:    -23.684380899
    econs:      0.000000000
    esurf:      0.000000000
    Total:     26.708122409
     frms:     11.929926802
Starting TNCG minimisation
 MIN: Iter =    0  NFunc =     1  E =      26.70812  RMSG = 1.1929927e+01
 MIN: Iter =    1  NFunc =     7  E =      18.43406  RMSG = 2.7748975e+00
 MIN: Iter =    2  NFunc =    13  E =      17.54422  RMSG = 8.7207176e-01
 MIN: Iter =    3  NFunc =    24  E =      17.26435  RMSG = 4.1066337e-01
 MIN: Iter =    4  NFunc =    38  E =      17.19071  RMSG = 3.4639732e-01
 MIN: Iter =    5  NFunc =    52  E =      17.15809  RMSG = 3.0359227e-01
 MIN: Iter =    6  NFunc =    62  E =      17.14833  RMSG = 1.0566799e-01
 MIN: Iter =    7  NFunc =    69  E =      17.14507  RMSG = 5.4799072e-02
 MIN: Iter =    8  NFunc =   101  E =      17.14268  RMSG = 3.8779950e-02
 MIN: Iter =    9  NFunc =   112  E =      17.14247  RMSG = 8.1347089e-03
 MIN: Iter =   10  NFunc =   134  E =      17.14241  RMSG = 3.6811587e-03
 MIN: Iter =   11  NFunc =   144  E =      17.14241  RMSG = 1.8112432e-03
 MIN: Iter =   12  NFunc =   158  E =      17.14240  RMSG = 1.2606047e-03
 MIN: Iter =   13  NFunc =   175  E =      17.14240  RMSG = 8.4511990e-04
 MIN: Iter =   14  NFunc =   192  E =      17.14240  RMSG = 4.8576620e-04
----------------------------------------------------------------
 END:          :-)  E =      17.14240  RMSG =   0.0004858

     bond:      2.172962916
    angle:      1.970372124
 dihedral:      3.873427233
    enb14:     10.744803945
    eel14:     77.391150048
      enb:     -1.971504059
      eel:    -51.839819607
      egb:    -25.198993216
    econs:      0.000000000
    esurf:      0.000000000
    Total:     17.142399383
     frms:      0.000485766
====== rms.dat  ======================================================
#Frame      all_heavy
       1       0.0664
