====== tleap.out =====================================================
-I: Adding /home/case/amber24/dat/leap/prep to search path.
-I: Adding /home/case/amber24/dat/leap/lib to search path.
-I: Adding /home/case/amber24/dat/leap/parm to search path.
-I: Adding /home/case/amber24/dat/leap/cmd to search path.
-f: Source leap.in.

Welcome to LEaP!
(no leaprc in search path)
Sourcing: ./leap.in
Using Bondi radii
----- Source: /home/case/amber24/dat/leap/cmd/leaprc.gaff2
----- Source of /home/case/amber24/dat/leap/cmd/leaprc.gaff2 done
Log file: ./leap.log
Loading parameters: /home/case/amber24/dat/leap/parm/gaff2.dat
Reading title:
AMBER General Force Field for organic molecules (Version 2.2.20, March 2021)
Loading parameters: ./TCH.frcmod
Reading force field modification type file (frcmod)
Reading title:
Remark line goes here
Loading Mol2 file: ./TCH.mol2
Reading MOLECULE named TCH
Checking Unit.

/home/case/amber24/bin/teLeap: Warning!
The unperturbed charge of the unit (-1.001003) is not zero.

/home/case/amber24/bin/teLeap: Note.
Ignoring the warning from Unit Checking.

Building topology.
"order_residues" off: keep input residue order.
Building atom parameters.
Building bond parameters.
Building angle parameters.
Building proper torsion parameters.
Building improper torsion parameters.
 total 2 improper torsions applied
Building H-Bond parameters.
Incorporating Non-Bonded adjustments.
Not Marking per-residue atom chain types.
Marking per-residue atom chain types.
  (Residues lacking connect0/connect1 - 
   these don't have chain types marked:

	res	total affected

	TCH	1
  )
 (no restraints)
	Quit

Exiting LEaP: Errors = 0; Warnings = 1; Notes = 1.
====== min.o =========================================================
Reading parm file (TCH.parm7)
title:
TCH                                                                             
no velocities were found
no velocities were found
	mm_options:  ntpr=5
	mm_options:  gb=1
	mm_options:  kappa=0.10395
	mm_options:  rgbmax=99.
	mm_options:  cut=99.0
	mm_options:  wcons=0.
     bond:      2.011452215
    angle:     17.843853524
 dihedral:     32.659465219
    enb14:     22.047828666
    eel14:   -150.923892088
      enb:      3.198592913
      eel:     45.928108328
      egb:    -85.706950916
    econs:      0.000000000
    esurf:      0.000000000
    Total:   -112.941542138
     frms:      6.484206024
Starting TNCG minimisation
 MIN: Iter =    0  NFunc =     1  E =    -112.94154  RMSG = 6.4842060e+00
 MIN: Iter =    1  NFunc =     8  E =    -125.79625  RMSG = 2.1994346e+00
 MIN: Iter =    2  NFunc =    14  E =    -127.46472  RMSG = 1.2140168e+00
 MIN: Iter =    3  NFunc =    28  E =    -129.80768  RMSG = 8.2270117e-01
 MIN: Iter =    4  NFunc =    40  E =    -130.16605  RMSG = 3.3259746e-01
 MIN: Iter =    5  NFunc =    70  E =    -130.52579  RMSG = 6.4799007e-01
 MIN: Iter =    6  NFunc =   117  E =    -130.87203  RMSG = 9.4701337e-01
 MIN: Iter =    7  NFunc =   123  E =    -131.04972  RMSG = 3.9726314e-01
 MIN: Iter =    8  NFunc =   140  E =    -131.49160  RMSG = 6.9606056e-01
 MIN: Iter =    9  NFunc =   163  E =    -132.01706  RMSG = 1.0238098e+00
 MIN: Iter =   10  NFunc =   172  E =    -132.59421  RMSG = 9.0528924e-01
 MIN: Iter =   11  NFunc =   178  E =    -132.94993  RMSG = 6.1505521e-01
 MIN: Iter =   12  NFunc =   184  E =    -133.05284  RMSG = 3.0876791e-01
 MIN: Iter =   13  NFunc =   235  E =    -133.49859  RMSG = 5.5655591e-01
 MIN: Iter =   14  NFunc =   263  E =    -133.81174  RMSG = 5.2048064e-01
 MIN: Iter =   15  NFunc =   278  E =    -134.06646  RMSG = 4.7045140e-01
 MIN: Iter =   16  NFunc =   286  E =    -134.26939  RMSG = 3.7795467e-01
 MIN: Iter =   17  NFunc =   294  E =    -134.40613  RMSG = 3.8477139e-01
 MIN: Iter =   18  NFunc =   300  E =    -134.51287  RMSG = 2.7478278e-01
 MIN: Iter =   19  NFunc =   306  E =    -134.56362  RMSG = 1.6096679e-01
 MIN: Iter =   20  NFunc =   346  E =    -134.69523  RMSG = 3.8814285e-01
 MIN: Iter =   21  NFunc =   366  E =    -134.77928  RMSG = 1.8125010e-01
 MIN: Iter =   22  NFunc =   376  E =    -134.79898  RMSG = 1.0533046e-01
 MIN: Iter =   23  NFunc =   397  E =    -134.81668  RMSG = 2.2574919e-01
 MIN: Iter =   24  NFunc =   403  E =    -134.82351  RMSG = 5.4279658e-02
 MIN: Iter =   25  NFunc =   455  E =    -134.84565  RMSG = 1.1053209e-01
 MIN: Iter =   26  NFunc =   464  E =    -134.86169  RMSG = 2.4403218e-01
 MIN: Iter =   27  NFunc =   471  E =    -134.87576  RMSG = 7.1096910e-02
 MIN: Iter =   28  NFunc =   492  E =    -134.89077  RMSG = 1.1834836e-01
 MIN: Iter =   29  NFunc =   505  E =    -134.90535  RMSG = 1.2059853e-01
 MIN: Iter =   30  NFunc =   521  E =    -134.91680  RMSG = 1.8124997e-01
 MIN: Iter =   31  NFunc =   529  E =    -134.92388  RMSG = 5.5023106e-02
 MIN: Iter =   32  NFunc =   545  E =    -134.92870  RMSG = 1.3621355e-01
 MIN: Iter =   33  NFunc =   551  E =    -134.93115  RMSG = 2.6006917e-02
 MIN: Iter =   34  NFunc =   582  E =    -134.93509  RMSG = 2.8434880e-02
 MIN: Iter =   35  NFunc =   615  E =    -134.93694  RMSG = 2.0633675e-02
 MIN: Iter =   36  NFunc =   637  E =    -134.93753  RMSG = 1.4413264e-02
 MIN: Iter =   37  NFunc =   681  E =    -134.93816  RMSG = 1.3829784e-02
 MIN: Iter =   38  NFunc =   704  E =    -134.93832  RMSG = 5.6361680e-03
 MIN: Iter =   39  NFunc =   731  E =    -134.93842  RMSG = 3.8497020e-03
 MIN: Iter =   40  NFunc =   753  E =    -134.93846  RMSG = 3.1190248e-03
 MIN: Iter =   41  NFunc =   804  E =    -134.93859  RMSG = 3.7233505e-03
 MIN: Iter =   42  NFunc =   823  E =    -134.93861  RMSG = 1.4592519e-03
 MIN: Iter =   43  NFunc =   857  E =    -134.93862  RMSG = 1.1069738e-03
 MIN: Iter =   44  NFunc =   865  E =    -134.93862  RMSG = 7.9588109e-04
 MIN: Iter =   45  NFunc =   898  E =    -134.93862  RMSG = 5.3784729e-04
 MIN: Iter =   46  NFunc =   928  E =    -134.93863  RMSG = 4.8433544e-04
----------------------------------------------------------------
 END:          :-)  E =    -134.93863  RMSG =   0.0004843

     bond:      5.026082156
    angle:     16.395918620
 dihedral:     26.449161117
    enb14:     13.112909356
    eel14:   -151.123385154
      enb:     -5.775066061
      eel:     51.256503085
      egb:    -90.280748794
    econs:      0.000000000
    esurf:      0.000000000
    Total:   -134.938625675
     frms:      0.000484335
====== rms.dat  ======================================================
#Frame      all_heavy
       1       0.6245
