====== tleap.out =====================================================
-I: Adding /home/case/amber24/dat/leap/prep to search path.
-I: Adding /home/case/amber24/dat/leap/lib to search path.
-I: Adding /home/case/amber24/dat/leap/parm to search path.
-I: Adding /home/case/amber24/dat/leap/cmd to search path.
-f: Source leap.in.

Welcome to LEaP!
(no leaprc in search path)
Sourcing: ./leap.in
Using Bondi radii
----- Source: /home/case/amber24/dat/leap/cmd/leaprc.gaff2
----- Source of /home/case/amber24/dat/leap/cmd/leaprc.gaff2 done
Log file: ./leap.log
Loading parameters: /home/case/amber24/dat/leap/parm/gaff2.dat
Reading title:
AMBER General Force Field for organic molecules (Version 2.2.20, March 2021)
Loading parameters: ./TE0.frcmod
Reading force field modification type file (frcmod)
Reading title:
Remark line goes here
Loading Mol2 file: ./TE0.mol2
Reading MOLECULE named TE0
Checking Unit.

/home/case/amber24/bin/teLeap: Warning!
The unperturbed charge of the unit (-0.999001) is not zero.

/home/case/amber24/bin/teLeap: Note.
Ignoring the warning from Unit Checking.

Building topology.
"order_residues" off: keep input residue order.
Building atom parameters.
Building bond parameters.
Building angle parameters.
Building proper torsion parameters.
Building improper torsion parameters.
 total 1 improper torsion applied
Building H-Bond parameters.
Incorporating Non-Bonded adjustments.
Not Marking per-residue atom chain types.
Marking per-residue atom chain types.
  (Residues lacking connect0/connect1 - 
   these don't have chain types marked:

	res	total affected

	TE0	1
  )
 (no restraints)
	Quit

Exiting LEaP: Errors = 0; Warnings = 1; Notes = 1.
====== min.o =========================================================
Reading parm file (TE0.parm7)
title:
TE0                                                                             
no velocities were found
no velocities were found
	mm_options:  ntpr=5
	mm_options:  gb=1
	mm_options:  kappa=0.10395
	mm_options:  rgbmax=99.
	mm_options:  cut=99.0
	mm_options:  wcons=0.
     bond:      5.363997734
    angle:      4.591216916
 dihedral:     96.262758899
    enb14:      7.676264099
    eel14:     -5.042471331
      enb:     -0.761494814
      eel:    -66.512138974
      egb:    -74.781116284
    econs:      0.000000000
    esurf:      0.000000000
    Total:    -33.202983755
     frms:     12.667864735
Starting TNCG minimisation
 MIN: Iter =    0  NFunc =     1  E =     -33.20298  RMSG = 1.2667865e+01
 MIN: Iter =    1  NFunc =     7  E =     -42.27936  RMSG = 4.1123968e+00
 MIN: Iter =    2  NFunc =    42  E =     -44.02047  RMSG = 5.4404950e+00
 MIN: Iter =    3  NFunc =    53  E =     -47.80670  RMSG = 4.5224114e+00
 MIN: Iter =    4  NFunc =    59  E =     -50.73281  RMSG = 4.6427015e+00
 MIN: Iter =    5  NFunc =    65  E =     -53.22446  RMSG = 3.1903492e+00
 MIN: Iter =    6  NFunc =    71  E =     -54.94765  RMSG = 2.9574678e+00
 MIN: Iter =    7  NFunc =    77  E =     -56.00426  RMSG = 2.0737447e+00
 MIN: Iter =    8  NFunc =    83  E =     -56.40977  RMSG = 9.9541456e-01
 MIN: Iter =    9  NFunc =    89  E =     -56.51498  RMSG = 4.9306275e-01
 MIN: Iter =   10  NFunc =   106  E =     -56.66051  RMSG = 5.7618409e-01
 MIN: Iter =   11  NFunc =   133  E =     -56.79739  RMSG = 1.2232021e+00
 MIN: Iter =   12  NFunc =   139  E =     -56.85730  RMSG = 2.6709870e-01
 MIN: Iter =   13  NFunc =   163  E =     -56.89059  RMSG = 2.3412343e-01
 MIN: Iter =   14  NFunc =   176  E =     -56.91091  RMSG = 2.0465202e-01
 MIN: Iter =   15  NFunc =   182  E =     -56.91351  RMSG = 7.1770299e-02
 MIN: Iter =   16  NFunc =   205  E =     -56.91898  RMSG = 9.5499138e-02
 MIN: Iter =   17  NFunc =   211  E =     -56.91969  RMSG = 3.3528304e-02
 MIN: Iter =   18  NFunc =   237  E =     -56.92056  RMSG = 1.3591055e-02
 MIN: Iter =   19  NFunc =   257  E =     -56.92071  RMSG = 9.4880371e-03
 MIN: Iter =   20  NFunc =   264  E =     -56.92072  RMSG = 4.1113181e-03
 MIN: Iter =   21  NFunc =   275  E =     -56.92073  RMSG = 2.4155654e-03
 MIN: Iter =   22  NFunc =   298  E =     -56.92075  RMSG = 2.2695173e-03
 MIN: Iter =   23  NFunc =   304  E =     -56.92075  RMSG = 6.3418874e-04
 MIN: Iter =   24  NFunc =   313  E =     -56.92075  RMSG = 3.3683107e-04
----------------------------------------------------------------
 END:          :-)  E =     -56.92075  RMSG =   0.0003368

     bond:      0.649127899
    angle:      3.400747916
 dihedral:     83.245754538
    enb14:      4.798092285
    eel14:     -4.589289847
      enb:     -2.400268040
      eel:    -64.901690081
      egb:    -77.123220694
    econs:      0.000000000
    esurf:      0.000000000
    Total:    -56.920746024
     frms:      0.000336831
====== rms.dat  ======================================================
#Frame      all_heavy
       1       0.5240
