====== tleap.out =====================================================
-I: Adding /home/case/amber24/dat/leap/prep to search path.
-I: Adding /home/case/amber24/dat/leap/lib to search path.
-I: Adding /home/case/amber24/dat/leap/parm to search path.
-I: Adding /home/case/amber24/dat/leap/cmd to search path.
-f: Source leap.in.

Welcome to LEaP!
(no leaprc in search path)
Sourcing: ./leap.in
Using Bondi radii
----- Source: /home/case/amber24/dat/leap/cmd/leaprc.gaff2
----- Source of /home/case/amber24/dat/leap/cmd/leaprc.gaff2 done
Log file: ./leap.log
Loading parameters: /home/case/amber24/dat/leap/parm/gaff2.dat
Reading title:
AMBER General Force Field for organic molecules (Version 2.2.20, March 2021)
Loading parameters: ./TF5.frcmod
Reading force field modification type file (frcmod)
Reading title:
Remark line goes here
Loading Mol2 file: ./TF5.mol2
Reading MOLECULE named TF5
Checking Unit.
Building topology.
"order_residues" off: keep input residue order.
Building atom parameters.
Building bond parameters.
Building angle parameters.
Building proper torsion parameters.
Building improper torsion parameters.
 total 12 improper torsions applied
Building H-Bond parameters.
Incorporating Non-Bonded adjustments.
Not Marking per-residue atom chain types.
Marking per-residue atom chain types.
  (Residues lacking connect0/connect1 - 
   these don't have chain types marked:

	res	total affected

	TF5	1
  )
 (no restraints)
	Quit

Exiting LEaP: Errors = 0; Warnings = 0; Notes = 0.
====== min.o =========================================================
Reading parm file (TF5.parm7)
title:
TF5                                                                             
no velocities were found
no velocities were found
	mm_options:  ntpr=5
	mm_options:  gb=1
	mm_options:  kappa=0.10395
	mm_options:  rgbmax=99.
	mm_options:  cut=99.0
	mm_options:  wcons=0.
     bond:      1.623624841
    angle:      1.806711250
 dihedral:      5.592359302
    enb14:      9.510203706
    eel14:     33.533083237
      enb:     -1.863714591
      eel:    -23.618273064
      egb:    -11.325031956
    econs:      0.000000000
    esurf:      0.000000000
    Total:     15.258962726
     frms:      7.771638691
Starting TNCG minimisation
 MIN: Iter =    0  NFunc =     1  E =      15.25896  RMSG = 7.7716387e+00
 MIN: Iter =    1  NFunc =     7  E =       9.96302  RMSG = 2.0070270e+00
 MIN: Iter =    2  NFunc =    13  E =       9.15575  RMSG = 8.0225342e-01
 MIN: Iter =    3  NFunc =    30  E =       8.95418  RMSG = 8.7064559e-01
 MIN: Iter =    4  NFunc =    37  E =       8.81669  RMSG = 1.1960004e+00
 MIN: Iter =    5  NFunc =    43  E =       8.75393  RMSG = 2.5275843e-01
 MIN: Iter =    6  NFunc =    52  E =       8.72280  RMSG = 1.9183666e-01
 MIN: Iter =    7  NFunc =    74  E =       8.69005  RMSG = 2.2964668e-01
 MIN: Iter =    8  NFunc =    89  E =       8.67070  RMSG = 1.5637137e-01
 MIN: Iter =    9  NFunc =   107  E =       8.66105  RMSG = 6.7430676e-02
 MIN: Iter =   10  NFunc =   114  E =       8.65989  RMSG = 3.5441486e-02
 MIN: Iter =   11  NFunc =   131  E =       8.65841  RMSG = 2.0377604e-02
 MIN: Iter =   12  NFunc =   155  E =       8.65802  RMSG = 8.5722527e-03
 MIN: Iter =   13  NFunc =   172  E =       8.65795  RMSG = 4.1017634e-03
 MIN: Iter =   14  NFunc =   196  E =       8.65790  RMSG = 3.7121041e-03
 MIN: Iter =   15  NFunc =   218  E =       8.65789  RMSG = 2.3993369e-03
 MIN: Iter =   16  NFunc =   228  E =       8.65788  RMSG = 1.3822905e-03
 MIN: Iter =   17  NFunc =   238  E =       8.65788  RMSG = 5.9157023e-04
 MIN: Iter =   18  NFunc =   256  E =       8.65788  RMSG = 4.3119603e-04
----------------------------------------------------------------
 END:          :-)  E =       8.65788  RMSG =   0.0004312

     bond:      0.767196561
    angle:      1.121153859
 dihedral:      5.329909064
    enb14:      7.024047906
    eel14:     34.911505828
      enb:     -2.428900739
      eel:    -26.251858992
      egb:    -11.815172580
    econs:      0.000000000
    esurf:      0.000000000
    Total:      8.657880909
     frms:      0.000431196
====== rms.dat  ======================================================
#Frame      all_heavy
       1       0.1070
