====== tleap.out =====================================================
-I: Adding /home/case/amber24/dat/leap/prep to search path.
-I: Adding /home/case/amber24/dat/leap/lib to search path.
-I: Adding /home/case/amber24/dat/leap/parm to search path.
-I: Adding /home/case/amber24/dat/leap/cmd to search path.
-f: Source leap.in.

Welcome to LEaP!
(no leaprc in search path)
Sourcing: ./leap.in
Using Bondi radii
----- Source: /home/case/amber24/dat/leap/cmd/leaprc.gaff2
----- Source of /home/case/amber24/dat/leap/cmd/leaprc.gaff2 done
Log file: ./leap.log
Loading parameters: /home/case/amber24/dat/leap/parm/gaff2.dat
Reading title:
AMBER General Force Field for organic molecules (Version 2.2.20, March 2021)
Loading parameters: ./TGD.frcmod
Reading force field modification type file (frcmod)
Reading title:
Remark line goes here
Loading Mol2 file: ./TGD.mol2
Reading MOLECULE named TGD
Checking Unit.
Building topology.
"order_residues" off: keep input residue order.
Building atom parameters.
Building bond parameters.
Building angle parameters.
Building proper torsion parameters.
Building improper torsion parameters.
 total 1 improper torsion applied
Building H-Bond parameters.
Incorporating Non-Bonded adjustments.
Not Marking per-residue atom chain types.
Marking per-residue atom chain types.
  (Residues lacking connect0/connect1 - 
   these don't have chain types marked:

	res	total affected

	TGD	1
  )
 (no restraints)
	Quit

Exiting LEaP: Errors = 0; Warnings = 0; Notes = 0.
====== min.o =========================================================
Reading parm file (TGD.parm7)
title:
TGD                                                                             
no velocities were found
no velocities were found
	mm_options:  ntpr=5
	mm_options:  gb=1
	mm_options:  kappa=0.10395
	mm_options:  rgbmax=99.
	mm_options:  cut=99.0
	mm_options:  wcons=0.
     bond:      0.911201108
    angle:      2.756418188
 dihedral:     31.189559411
    enb14:      4.049707258
    eel14:    160.161589058
      enb:     -0.571112601
      eel:   -107.921327997
      egb:    -28.908184411
    econs:      0.000000000
    esurf:      0.000000000
    Total:     61.667850014
     frms:     11.065191406
Starting TNCG minimisation
 MIN: Iter =    0  NFunc =     1  E =      61.66785  RMSG = 1.1065191e+01
 MIN: Iter =    1  NFunc =    11  E =      55.99724  RMSG = 7.8326772e+00
 MIN: Iter =    2  NFunc =    17  E =      53.37166  RMSG = 2.3422849e+00
 MIN: Iter =    3  NFunc =    67  E =      52.69501  RMSG = 3.1379811e+00
 MIN: Iter =    4  NFunc =    75  E =      51.34346  RMSG = 6.3149308e+00
 MIN: Iter =    5  NFunc =    81  E =      50.07520  RMSG = 1.8000950e+00
 MIN: Iter =    6  NFunc =    87  E =      49.52008  RMSG = 4.9817628e+00
 MIN: Iter =    7  NFunc =    93  E =      48.98796  RMSG = 6.8693834e-01
 MIN: Iter =    8  NFunc =   104  E =      48.80682  RMSG = 7.3914891e-01
 MIN: Iter =    9  NFunc =   134  E =      48.72237  RMSG = 7.4118668e-01
 MIN: Iter =   10  NFunc =   144  E =      48.64784  RMSG = 6.6552441e-01
 MIN: Iter =   11  NFunc =   150  E =      48.55076  RMSG = 8.1518669e-01
 MIN: Iter =   12  NFunc =   157  E =      48.48632  RMSG = 3.1119764e-01
 MIN: Iter =   13  NFunc =   163  E =      48.45885  RMSG = 3.6083087e-01
 MIN: Iter =   14  NFunc =   172  E =      48.44375  RMSG = 1.2873518e-01
 MIN: Iter =   15  NFunc =   193  E =      48.42826  RMSG = 3.4751994e-01
 MIN: Iter =   16  NFunc =   199  E =      48.42370  RMSG = 5.8155382e-02
 MIN: Iter =   17  NFunc =   229  E =      48.41830  RMSG = 1.4994533e-01
 MIN: Iter =   18  NFunc =   235  E =      48.41736  RMSG = 3.1002548e-02
 MIN: Iter =   19  NFunc =   241  E =      48.41717  RMSG = 1.7963642e-02
 MIN: Iter =   20  NFunc =   250  E =      48.41709  RMSG = 9.0550501e-03
 MIN: Iter =   21  NFunc =   268  E =      48.41702  RMSG = 5.7578966e-03
 MIN: Iter =   22  NFunc =   290  E =      48.41699  RMSG = 3.7039982e-03
 MIN: Iter =   23  NFunc =   303  E =      48.41698  RMSG = 2.5544480e-03
 MIN: Iter =   24  NFunc =   315  E =      48.41697  RMSG = 1.7227481e-03
 MIN: Iter =   25  NFunc =   330  E =      48.41697  RMSG = 1.3225188e-03
 MIN: Iter =   26  NFunc =   341  E =      48.41697  RMSG = 7.4141388e-04
 MIN: Iter =   27  NFunc =   351  E =      48.41697  RMSG = 3.7579479e-04
----------------------------------------------------------------
 END:          :-)  E =      48.41697  RMSG =   0.0003758

     bond:      1.785554008
    angle:      2.362947552
 dihedral:     31.462802712
    enb14:      3.594891591
    eel14:    167.342654981
      enb:     -0.932570705
      eel:   -134.120933893
      egb:    -23.078375690
    econs:      0.000000000
    esurf:      0.000000000
    Total:     48.416970554
     frms:      0.000375795
====== rms.dat  ======================================================
#Frame      all_heavy
       1       0.1668
