====== tleap.out =====================================================
-I: Adding /home/case/amber24/dat/leap/prep to search path.
-I: Adding /home/case/amber24/dat/leap/lib to search path.
-I: Adding /home/case/amber24/dat/leap/parm to search path.
-I: Adding /home/case/amber24/dat/leap/cmd to search path.
-f: Source leap.in.

Welcome to LEaP!
(no leaprc in search path)
Sourcing: ./leap.in
Using Bondi radii
----- Source: /home/case/amber24/dat/leap/cmd/leaprc.gaff2
----- Source of /home/case/amber24/dat/leap/cmd/leaprc.gaff2 done
Log file: ./leap.log
Loading parameters: /home/case/amber24/dat/leap/parm/gaff2.dat
Reading title:
AMBER General Force Field for organic molecules (Version 2.2.20, March 2021)
Loading parameters: ./TI4.frcmod
Reading force field modification type file (frcmod)
Reading title:
Remark line goes here
Loading Mol2 file: ./TI4.mol2
Reading MOLECULE named TI4
Checking Unit.
Building topology.
"order_residues" off: keep input residue order.
Building atom parameters.
Building bond parameters.
Building angle parameters.
Building proper torsion parameters.
Building improper torsion parameters.
 total 5 improper torsions applied
Building H-Bond parameters.
Incorporating Non-Bonded adjustments.
Not Marking per-residue atom chain types.
Marking per-residue atom chain types.
  (Residues lacking connect0/connect1 - 
   these don't have chain types marked:

	res	total affected

	TI4	1
  )
 (no restraints)
	Quit

Exiting LEaP: Errors = 0; Warnings = 0; Notes = 0.
====== min.o =========================================================
Reading parm file (TI4.parm7)
title:
TI4                                                                             
no velocities were found
no velocities were found
	mm_options:  ntpr=5
	mm_options:  gb=1
	mm_options:  kappa=0.10395
	mm_options:  rgbmax=99.
	mm_options:  cut=99.0
	mm_options:  wcons=0.
     bond:      0.448781380
    angle:      2.768955891
 dihedral:      0.402437331
    enb14:     17.877189621
    eel14:    -24.934304142
      enb:     -2.010675513
      eel:     14.371811333
      egb:     -7.884736958
    econs:      0.000000000
    esurf:      0.000000000
    Total:      1.039458944
     frms:      6.382437449
Starting TNCG minimisation
 MIN: Iter =    0  NFunc =     1  E =       1.03946  RMSG = 6.3824374e+00
 MIN: Iter =    1  NFunc =     7  E =      -3.99511  RMSG = 1.8485263e+00
 MIN: Iter =    2  NFunc =    14  E =      -4.61207  RMSG = 5.5204949e-01
 MIN: Iter =    3  NFunc =    20  E =      -4.67018  RMSG = 1.8129116e-01
 MIN: Iter =    4  NFunc =    27  E =      -4.67630  RMSG = 7.5001199e-02
 MIN: Iter =    5  NFunc =    61  E =      -4.69352  RMSG = 1.8487962e-01
 MIN: Iter =    6  NFunc =    67  E =      -4.69812  RMSG = 3.4627568e-02
 MIN: Iter =    7  NFunc =    76  E =      -4.69861  RMSG = 1.6399087e-02
 MIN: Iter =    8  NFunc =    90  E =      -4.69870  RMSG = 5.7251144e-03
 MIN: Iter =    9  NFunc =   103  E =      -4.69873  RMSG = 2.6507055e-03
 MIN: Iter =   10  NFunc =   125  E =      -4.69874  RMSG = 1.5148580e-03
 MIN: Iter =   11  NFunc =   132  E =      -4.69874  RMSG = 7.3470912e-04
 MIN: Iter =   12  NFunc =   153  E =      -4.69874  RMSG = 2.1980943e-04
----------------------------------------------------------------
 END:          :-)  E =      -4.69874  RMSG =   0.0002198

     bond:      2.141379240
    angle:      2.476264196
 dihedral:      0.323632841
    enb14:     12.749147302
    eel14:    -24.325898967
      enb:     -3.171541524
      eel:     13.865017405
      egb:     -8.756740375
    econs:      0.000000000
    esurf:      0.000000000
    Total:     -4.698739882
     frms:      0.000219809
====== rms.dat  ======================================================
#Frame      all_heavy
       1       0.0614
