====== tleap.out =====================================================
-I: Adding /home/case/amber24/dat/leap/prep to search path.
-I: Adding /home/case/amber24/dat/leap/lib to search path.
-I: Adding /home/case/amber24/dat/leap/parm to search path.
-I: Adding /home/case/amber24/dat/leap/cmd to search path.
-f: Source leap.in.

Welcome to LEaP!
(no leaprc in search path)
Sourcing: ./leap.in
Using Bondi radii
----- Source: /home/case/amber24/dat/leap/cmd/leaprc.gaff2
----- Source of /home/case/amber24/dat/leap/cmd/leaprc.gaff2 done
Log file: ./leap.log
Loading parameters: /home/case/amber24/dat/leap/parm/gaff2.dat
Reading title:
AMBER General Force Field for organic molecules (Version 2.2.20, March 2021)
Loading parameters: ./TIA.frcmod
Reading force field modification type file (frcmod)
Reading title:
Remark line goes here
Loading Mol2 file: ./TIA.mol2
Reading MOLECULE named TIA
Checking Unit.
Building topology.
"order_residues" off: keep input residue order.
Building atom parameters.
Building bond parameters.
Building angle parameters.
Building proper torsion parameters.
Building improper torsion parameters.
 total 5 improper torsions applied
Building H-Bond parameters.
Incorporating Non-Bonded adjustments.
Not Marking per-residue atom chain types.
Marking per-residue atom chain types.
  (Residues lacking connect0/connect1 - 
   these don't have chain types marked:

	res	total affected

	TIA	1
  )
 (no restraints)
	Quit

Exiting LEaP: Errors = 0; Warnings = 0; Notes = 0.
====== min.o =========================================================
Reading parm file (TIA.parm7)
title:
TIA                                                                             
no velocities were found
no velocities were found
	mm_options:  ntpr=5
	mm_options:  gb=1
	mm_options:  kappa=0.10395
	mm_options:  rgbmax=99.
	mm_options:  cut=99.0
	mm_options:  wcons=0.
     bond:      2.366093455
    angle:      4.494154904
 dihedral:     22.134016504
    enb14:      5.540523185
    eel14:    188.337958910
      enb:     -2.759543047
      eel:   -147.915484820
      egb:    -30.041431491
    econs:      0.000000000
    esurf:      0.000000000
    Total:     42.156287601
     frms:     11.923853723
Starting TNCG minimisation
 MIN: Iter =    0  NFunc =     1  E =      42.15629  RMSG = 1.1923854e+01
 MIN: Iter =    1  NFunc =     7  E =      32.88468  RMSG = 3.5431102e+00
 MIN: Iter =    2  NFunc =    14  E =      31.30134  RMSG = 1.1960096e+00
 MIN: Iter =    3  NFunc =    27  E =      30.83329  RMSG = 7.8297837e-01
 MIN: Iter =    4  NFunc =    38  E =      30.71683  RMSG = 2.6113724e-01
 MIN: Iter =    5  NFunc =    64  E =      30.65147  RMSG = 3.6696391e-01
 MIN: Iter =    6  NFunc =    71  E =      30.63320  RMSG = 1.2994242e-01
 MIN: Iter =    7  NFunc =   101  E =      30.60395  RMSG = 5.1931859e-01
 MIN: Iter =    8  NFunc =   107  E =      30.59216  RMSG = 9.0579889e-02
 MIN: Iter =    9  NFunc =   126  E =      30.57706  RMSG = 4.3105558e-01
 MIN: Iter =   10  NFunc =   132  E =      30.57002  RMSG = 1.0672592e-01
 MIN: Iter =   11  NFunc =   175  E =      30.53485  RMSG = 3.8796424e-01
 MIN: Iter =   12  NFunc =   182  E =      30.51813  RMSG = 1.5043124e-01
 MIN: Iter =   13  NFunc =   197  E =      30.50287  RMSG = 1.5510754e-01
 MIN: Iter =   14  NFunc =   205  E =      30.49330  RMSG = 1.3512144e-01
 MIN: Iter =   15  NFunc =   212  E =      30.48953  RMSG = 6.9595368e-02
 MIN: Iter =   16  NFunc =   221  E =      30.48801  RMSG = 3.3885736e-02
 MIN: Iter =   17  NFunc =   239  E =      30.48620  RMSG = 2.4992641e-02
 MIN: Iter =   18  NFunc =   272  E =      30.48561  RMSG = 2.4093576e-02
 MIN: Iter =   19  NFunc =   278  E =      30.48557  RMSG = 8.0082815e-03
 MIN: Iter =   20  NFunc =   310  E =      30.48530  RMSG = 8.5335354e-03
 MIN: Iter =   21  NFunc =   320  E =      30.48528  RMSG = 3.2963583e-03
 MIN: Iter =   22  NFunc =   353  E =      30.48525  RMSG = 3.0150391e-03
 MIN: Iter =   23  NFunc =   379  E =      30.48524  RMSG = 1.3731643e-03
 MIN: Iter =   24  NFunc =   409  E =      30.48523  RMSG = 1.2909374e-03
 MIN: Iter =   25  NFunc =   440  E =      30.48522  RMSG = 1.0938735e-03
 MIN: Iter =   26  NFunc =   459  E =      30.48522  RMSG = 6.7361409e-04
 MIN: Iter =   27  NFunc =   472  E =      30.48522  RMSG = 4.8053980e-04
----------------------------------------------------------------
 END:          :-)  E =      30.48522  RMSG =   0.0004805

     bond:      1.996547239
    angle:      3.510652592
 dihedral:     21.014685355
    enb14:      2.088338847
    eel14:    177.554215985
      enb:     -2.519201577
      eel:   -141.747953747
      egb:    -31.412062623
    econs:      0.000000000
    esurf:      0.000000000
    Total:     30.485222071
     frms:      0.000480540
====== rms.dat  ======================================================
#Frame      all_heavy
       1       0.2794
