====== tleap.out =====================================================
-I: Adding /home/case/amber24/dat/leap/prep to search path.
-I: Adding /home/case/amber24/dat/leap/lib to search path.
-I: Adding /home/case/amber24/dat/leap/parm to search path.
-I: Adding /home/case/amber24/dat/leap/cmd to search path.
-f: Source leap.in.

Welcome to LEaP!
(no leaprc in search path)
Sourcing: ./leap.in
Using Bondi radii
----- Source: /home/case/amber24/dat/leap/cmd/leaprc.gaff2
----- Source of /home/case/amber24/dat/leap/cmd/leaprc.gaff2 done
Log file: ./leap.log
Loading parameters: /home/case/amber24/dat/leap/parm/gaff2.dat
Reading title:
AMBER General Force Field for organic molecules (Version 2.2.20, March 2021)
Loading parameters: ./TIC.frcmod
Reading force field modification type file (frcmod)
Reading title:
Remark line goes here
Loading Mol2 file: ./TIC.mol2
Reading MOLECULE named TIC
Checking Unit.
Building topology.
"order_residues" off: keep input residue order.
Building atom parameters.
Building bond parameters.
Building angle parameters.
Building proper torsion parameters.
Building improper torsion parameters.
 total 10 improper torsions applied
Building H-Bond parameters.
Incorporating Non-Bonded adjustments.
Not Marking per-residue atom chain types.
Marking per-residue atom chain types.
  (Residues lacking connect0/connect1 - 
   these don't have chain types marked:

	res	total affected

	TIC	1
  )
 (no restraints)
	Quit

Exiting LEaP: Errors = 0; Warnings = 0; Notes = 0.
====== min.o =========================================================
Reading parm file (TIC.parm7)
title:
TIC                                                                             
no velocities were found
no velocities were found
	mm_options:  ntpr=5
	mm_options:  gb=1
	mm_options:  kappa=0.10395
	mm_options:  rgbmax=99.
	mm_options:  cut=99.0
	mm_options:  wcons=0.
     bond:      1.556497481
    angle:      4.762841394
 dihedral:      1.038888475
    enb14:      8.226157593
    eel14:     13.020994634
      enb:     -2.967984748
      eel:     -3.485130025
      egb:     -6.733143497
    econs:      0.000000000
    esurf:      0.000000000
    Total:     15.419121307
     frms:      7.696317863
Starting TNCG minimisation
 MIN: Iter =    0  NFunc =     1  E =      15.41912  RMSG = 7.6963179e+00
 MIN: Iter =    1  NFunc =     7  E =      10.09704  RMSG = 2.0367305e+00
 MIN: Iter =    2  NFunc =    14  E =       9.36799  RMSG = 7.9982165e-01
 MIN: Iter =    3  NFunc =    23  E =       9.17346  RMSG = 3.4509939e-01
 MIN: Iter =    4  NFunc =    45  E =       8.98499  RMSG = 5.4485879e-01
 MIN: Iter =    5  NFunc =    60  E =       8.91675  RMSG = 1.8179771e-01
 MIN: Iter =    6  NFunc =    89  E =       8.85333  RMSG = 3.4156731e-01
 MIN: Iter =    7  NFunc =    95  E =       8.84084  RMSG = 6.2825907e-02
 MIN: Iter =    8  NFunc =   130  E =       8.83509  RMSG = 3.5885031e-02
 MIN: Iter =    9  NFunc =   144  E =       8.83465  RMSG = 1.3393498e-02
 MIN: Iter =   10  NFunc =   162  E =       8.83363  RMSG = 2.0230484e-02
 MIN: Iter =   11  NFunc =   178  E =       8.83338  RMSG = 1.1776067e-02
 MIN: Iter =   12  NFunc =   184  E =       8.83335  RMSG = 5.8314442e-03
 MIN: Iter =   13  NFunc =   210  E =       8.83330  RMSG = 3.3013681e-03
 MIN: Iter =   14  NFunc =   240  E =       8.83328  RMSG = 1.7028021e-03
 MIN: Iter =   15  NFunc =   246  E =       8.83328  RMSG = 7.6248287e-04
 MIN: Iter =   16  NFunc =   260  E =       8.83328  RMSG = 3.7909801e-04
----------------------------------------------------------------
 END:          :-)  E =       8.83328  RMSG =   0.0003791

     bond:      1.102868291
    angle:      2.714828083
 dihedral:      0.869338748
    enb14:      5.374663365
    eel14:     12.208749108
      enb:     -3.092206642
      eel:     -2.633209361
      egb:     -7.711752107
    econs:      0.000000000
    esurf:      0.000000000
    Total:      8.833279484
     frms:      0.000379098
====== rms.dat  ======================================================
#Frame      all_heavy
       1       0.1452
