====== tleap.out =====================================================
-I: Adding /home/case/amber24/dat/leap/prep to search path.
-I: Adding /home/case/amber24/dat/leap/lib to search path.
-I: Adding /home/case/amber24/dat/leap/parm to search path.
-I: Adding /home/case/amber24/dat/leap/cmd to search path.
-f: Source leap.in.

Welcome to LEaP!
(no leaprc in search path)
Sourcing: ./leap.in
Using Bondi radii
----- Source: /home/case/amber24/dat/leap/cmd/leaprc.gaff2
----- Source of /home/case/amber24/dat/leap/cmd/leaprc.gaff2 done
Log file: ./leap.log
Loading parameters: /home/case/amber24/dat/leap/parm/gaff2.dat
Reading title:
AMBER General Force Field for organic molecules (Version 2.2.20, March 2021)
Loading parameters: ./TJ5.frcmod
Reading force field modification type file (frcmod)
Reading title:
Remark line goes here
Loading Mol2 file: ./TJ5.mol2
Reading MOLECULE named TJ5
Checking Unit.

/home/case/amber24/bin/teLeap: Warning!
The unperturbed charge of the unit (-1.000000) is not zero.

/home/case/amber24/bin/teLeap: Note.
Ignoring the warning from Unit Checking.

Building topology.
"order_residues" off: keep input residue order.
Building atom parameters.
Building bond parameters.
Building angle parameters.
Building proper torsion parameters.
Building improper torsion parameters.
 total 14 improper torsions applied
Building H-Bond parameters.
Incorporating Non-Bonded adjustments.
Not Marking per-residue atom chain types.
Marking per-residue atom chain types.
  (Residues lacking connect0/connect1 - 
   these don't have chain types marked:

	res	total affected

	TJ5	1
  )
 (no restraints)
	Quit

Exiting LEaP: Errors = 0; Warnings = 1; Notes = 1.
====== min.o =========================================================
Reading parm file (TJ5.parm7)
title:
TJ5                                                                             
no velocities were found
no velocities were found
	mm_options:  ntpr=5
	mm_options:  gb=1
	mm_options:  kappa=0.10395
	mm_options:  rgbmax=99.
	mm_options:  cut=99.0
	mm_options:  wcons=0.
     bond:      2.523662483
    angle:      8.499619774
 dihedral:     20.881689664
    enb14:     11.742272321
    eel14:    185.757463508
      enb:     -2.407266438
      eel:   -118.166819051
      egb:    -83.096214866
    econs:      0.000000000
    esurf:      0.000000000
    Total:     25.734407394
     frms:      8.669878081
Starting TNCG minimisation
 MIN: Iter =    0  NFunc =     1  E =      25.73441  RMSG = 8.6698781e+00
 MIN: Iter =    1  NFunc =     7  E =      17.00763  RMSG = 2.1566781e+00
 MIN: Iter =    2  NFunc =    17  E =      15.66098  RMSG = 8.3163385e-01
 MIN: Iter =    3  NFunc =    26  E =      15.45620  RMSG = 3.4433635e-01
 MIN: Iter =    4  NFunc =    44  E =      15.37206  RMSG = 1.5050345e-01
 MIN: Iter =    5  NFunc =    66  E =      15.30414  RMSG = 2.2039496e-01
 MIN: Iter =    6  NFunc =    79  E =      15.28909  RMSG = 8.1710539e-02
 MIN: Iter =    7  NFunc =    96  E =      15.27416  RMSG = 8.2410373e-02
 MIN: Iter =    8  NFunc =   136  E =      15.25732  RMSG = 1.0928653e-01
 MIN: Iter =    9  NFunc =   153  E =      15.25375  RMSG = 4.0586731e-02
 MIN: Iter =   10  NFunc =   182  E =      15.25039  RMSG = 3.4638638e-02
 MIN: Iter =   11  NFunc =   189  E =      15.25020  RMSG = 1.3506266e-02
 MIN: Iter =   12  NFunc =   235  E =      15.24896  RMSG = 1.8550927e-02
 MIN: Iter =   13  NFunc =   250  E =      15.24864  RMSG = 1.0466895e-02
 MIN: Iter =   14  NFunc =   282  E =      15.24844  RMSG = 5.0177119e-03
 MIN: Iter =   15  NFunc =   324  E =      15.24837  RMSG = 3.6675763e-03
 MIN: Iter =   16  NFunc =   334  E =      15.24835  RMSG = 3.2308620e-03
 MIN: Iter =   17  NFunc =   367  E =      15.24832  RMSG = 2.4593033e-03
 MIN: Iter =   18  NFunc =   390  E =      15.24831  RMSG = 1.1906833e-03
 MIN: Iter =   19  NFunc =   407  E =      15.24831  RMSG = 6.8552061e-04
 MIN: Iter =   20  NFunc =   422  E =      15.24831  RMSG = 4.7388002e-04
----------------------------------------------------------------
 END:          :-)  E =      15.24831  RMSG =   0.0004739

     bond:      2.438004491
    angle:      8.452352827
 dihedral:     19.353919037
    enb14:      8.746975356
    eel14:    177.693150866
      enb:     -2.487437781
      eel:   -114.410964359
      egb:    -84.537691782
    econs:      0.000000000
    esurf:      0.000000000
    Total:     15.248308655
     frms:      0.000473880
====== rms.dat  ======================================================
#Frame      all_heavy
       1       0.1472
