====== tleap.out =====================================================
-I: Adding /home/case/amber24/dat/leap/prep to search path.
-I: Adding /home/case/amber24/dat/leap/lib to search path.
-I: Adding /home/case/amber24/dat/leap/parm to search path.
-I: Adding /home/case/amber24/dat/leap/cmd to search path.
-f: Source leap.in.

Welcome to LEaP!
(no leaprc in search path)
Sourcing: ./leap.in
Using Bondi radii
----- Source: /home/case/amber24/dat/leap/cmd/leaprc.gaff2
----- Source of /home/case/amber24/dat/leap/cmd/leaprc.gaff2 done
Log file: ./leap.log
Loading parameters: /home/case/amber24/dat/leap/parm/gaff2.dat
Reading title:
AMBER General Force Field for organic molecules (Version 2.2.20, March 2021)
Loading parameters: ./TL7.frcmod
Reading force field modification type file (frcmod)
Reading title:
Remark line goes here
Loading Mol2 file: ./TL7.mol2
Reading MOLECULE named TL7
Checking Unit.
Building topology.
"order_residues" off: keep input residue order.
Building atom parameters.
Building bond parameters.
Building angle parameters.
Building proper torsion parameters.
Building improper torsion parameters.
 total 43 improper torsions applied
Building H-Bond parameters.
Incorporating Non-Bonded adjustments.
Not Marking per-residue atom chain types.
Marking per-residue atom chain types.
  (Residues lacking connect0/connect1 - 
   these don't have chain types marked:

	res	total affected

	TL7	1
  )
 (no restraints)
	Quit

Exiting LEaP: Errors = 0; Warnings = 0; Notes = 0.
====== min.o =========================================================
Reading parm file (TL7.parm7)
title:
TL7                                                                             
no velocities were found
no velocities were found
	mm_options:  ntpr=5
	mm_options:  gb=1
	mm_options:  kappa=0.10395
	mm_options:  rgbmax=99.
	mm_options:  cut=99.0
	mm_options:  wcons=0.
     bond:      7.430260503
    angle:     23.742571326
 dihedral:     70.233904981
    enb14:     54.164385284
    eel14:      4.744323776
      enb:    -18.744900205
      eel:   -139.673264248
      egb:    -66.983990183
    econs:      0.000000000
    esurf:      0.000000000
    Total:    -65.086708767
     frms:      8.905997766
Starting TNCG minimisation
 MIN: Iter =    0  NFunc =     1  E =     -65.08671  RMSG = 8.9059978e+00
 MIN: Iter =    1  NFunc =     7  E =     -96.19160  RMSG = 3.0064119e+00
 MIN: Iter =    2  NFunc =    18  E =    -105.91434  RMSG = 1.4851429e+00
 MIN: Iter =    3  NFunc =    33  E =    -109.85760  RMSG = 1.0178553e+00
 MIN: Iter =    4  NFunc =    42  E =    -111.57850  RMSG = 8.2289938e-01
 MIN: Iter =    5  NFunc =    50  E =    -112.70749  RMSG = 7.6221885e-01
 MIN: Iter =    6  NFunc =    62  E =    -113.94621  RMSG = 7.9599341e-01
 MIN: Iter =    7  NFunc =    72  E =    -114.89479  RMSG = 7.0283186e-01
 MIN: Iter =    8  NFunc =   110  E =    -115.58641  RMSG = 7.7611407e-01
 MIN: Iter =    9  NFunc =   128  E =    -116.19630  RMSG = 7.9537888e-01
 MIN: Iter =   10  NFunc =   136  E =    -116.80010  RMSG = 7.1174786e-01
 MIN: Iter =   11  NFunc =   142  E =    -117.27271  RMSG = 5.2390022e-01
 MIN: Iter =   12  NFunc =   148  E =    -117.56193  RMSG = 4.1272323e-01
 MIN: Iter =   13  NFunc =   159  E =    -117.77510  RMSG = 2.6630350e-01
 MIN: Iter =   14  NFunc =   210  E =    -118.09239  RMSG = 2.7241159e-01
 MIN: Iter =   15  NFunc =   236  E =    -118.34594  RMSG = 2.9026297e-01
 MIN: Iter =   16  NFunc =   249  E =    -118.59538  RMSG = 3.0589914e-01
 MIN: Iter =   17  NFunc =   260  E =    -118.80393  RMSG = 2.8557799e-01
 MIN: Iter =   18  NFunc =   266  E =    -118.95023  RMSG = 2.7194692e-01
 MIN: Iter =   19  NFunc =   272  E =    -119.08308  RMSG = 2.5256718e-01
 MIN: Iter =   20  NFunc =   281  E =    -119.22117  RMSG = 2.2836977e-01
 MIN: Iter =   21  NFunc =   290  E =    -119.32825  RMSG = 2.2006605e-01
 MIN: Iter =   22  NFunc =   297  E =    -119.39628  RMSG = 1.5345110e-01
 MIN: Iter =   23  NFunc =   348  E =    -119.66790  RMSG = 2.2419482e-01
 MIN: Iter =   24  NFunc =   372  E =    -119.86585  RMSG = 2.3581898e-01
 MIN: Iter =   25  NFunc =   385  E =    -120.02693  RMSG = 2.0945710e-01
 MIN: Iter =   26  NFunc =   398  E =    -120.14147  RMSG = 1.7952084e-01
 MIN: Iter =   27  NFunc =   449  E =    -120.37135  RMSG = 2.2140526e-01
 MIN: Iter =   28  NFunc =   474  E =    -120.57578  RMSG = 2.1029989e-01
 MIN: Iter =   29  NFunc =   486  E =    -120.69402  RMSG = 1.4220568e-01
 MIN: Iter =   30  NFunc =   508  E =    -120.81884  RMSG = 1.6840292e-01
 MIN: Iter =   31  NFunc =   517  E =    -120.87491  RMSG = 1.2409745e-01
 MIN: Iter =   32  NFunc =   542  E =    -120.97368  RMSG = 1.7235258e-01
 MIN: Iter =   33  NFunc =   562  E =    -121.08776  RMSG = 1.8308247e-01
 MIN: Iter =   34  NFunc =   576  E =    -121.19669  RMSG = 1.5939128e-01
 MIN: Iter =   35  NFunc =   584  E =    -121.24999  RMSG = 1.2787776e-01
 MIN: Iter =   36  NFunc =   593  E =    -121.27997  RMSG = 8.6311249e-02
 MIN: Iter =   37  NFunc =   644  E =    -121.42279  RMSG = 1.6707630e-01
 MIN: Iter =   38  NFunc =   671  E =    -121.55667  RMSG = 2.0619345e-01
 MIN: Iter =   39  NFunc =   677  E =    -121.59848  RMSG = 1.0836821e-01
 MIN: Iter =   40  NFunc =   715  E =    -121.70488  RMSG = 1.6171411e-01
 MIN: Iter =   41  NFunc =   727  E =    -121.78673  RMSG = 1.7772003e-01
 MIN: Iter =   42  NFunc =   735  E =    -121.84999  RMSG = 1.6902633e-01
 MIN: Iter =   43  NFunc =   741  E =    -121.88865  RMSG = 1.2101629e-01
 MIN: Iter =   44  NFunc =   792  E =    -122.01392  RMSG = 1.4646894e-01
 MIN: Iter =   45  NFunc =   802  E =    -122.13002  RMSG = 1.6010450e-01
 MIN: Iter =   46  NFunc =   819  E =    -122.23325  RMSG = 1.6008221e-01
 MIN: Iter =   47  NFunc =   838  E =    -122.32772  RMSG = 1.4168993e-01
 MIN: Iter =   48  NFunc =   889  E =    -122.46920  RMSG = 1.8080918e-01
 MIN: Iter =   49  NFunc =   898  E =    -122.54252  RMSG = 1.3762517e-01
 MIN: Iter =   50  NFunc =   918  E =    -122.64110  RMSG = 1.7013268e-01
 MIN: Iter =   51  NFunc =   969  E =    -122.78378  RMSG = 1.9560487e-01
 MIN: Iter =   52  NFunc =   995  E =    -122.91282  RMSG = 1.6813628e-01
 MIN: Iter =   53  NFunc =  1012  E =    -123.00474  RMSG = 1.4599866e-01
 MIN: Iter =   54  NFunc =  1024  E =    -123.06121  RMSG = 1.2992725e-01
 MIN: Iter =   55  NFunc =  1031  E =    -123.08532  RMSG = 7.9926089e-02
 MIN: Iter =   56  NFunc =  1081  E =    -123.21588  RMSG = 1.4041557e-01
 MIN: Iter =   57  NFunc =  1109  E =    -123.35033  RMSG = 1.8746104e-01
 MIN: Iter =   58  NFunc =  1127  E =    -123.45965  RMSG = 1.6666282e-01
 MIN: Iter =   59  NFunc =  1178  E =    -123.61550  RMSG = 2.1843082e-01
 MIN: Iter =   60  NFunc =  1197  E =    -123.77692  RMSG = 2.4228022e-01
 MIN: Iter =   61  NFunc =  1214  E =    -123.94497  RMSG = 2.5466017e-01
 MIN: Iter =   62  NFunc =  1225  E =    -124.09296  RMSG = 2.3284861e-01
 MIN: Iter =   63  NFunc =  1231  E =    -124.19184  RMSG = 1.5861871e-01
 MIN: Iter =   64  NFunc =  1267  E =    -124.34696  RMSG = 1.6005727e-01
 MIN: Iter =   65  NFunc =  1282  E =    -124.39861  RMSG = 8.2315300e-02
 MIN: Iter =   66  NFunc =  1333  E =    -124.46108  RMSG = 9.9219707e-02
 MIN: Iter =   67  NFunc =  1384  E =    -124.50889  RMSG = 7.9672032e-02
 MIN: Iter =   68  NFunc =  1435  E =    -124.56181  RMSG = 1.3987717e-01
 MIN: Iter =   69  NFunc =  1441  E =    -124.57163  RMSG = 5.2593744e-02
 MIN: Iter =   70  NFunc =  1492  E =    -124.59678  RMSG = 9.7502145e-02
 MIN: Iter =   71  NFunc =  1543  E =    -124.63854  RMSG = 1.2119594e-01
 MIN: Iter =   72  NFunc =  1549  E =    -124.64993  RMSG = 6.5491487e-02
 MIN: Iter =   73  NFunc =  1600  E =    -124.69229  RMSG = 1.3590274e-01
 MIN: Iter =   74  NFunc =  1606  E =    -124.72242  RMSG = 1.0024386e-01
 MIN: Iter =   75  NFunc =  1612  E =    -124.74689  RMSG = 1.2517275e-01
 MIN: Iter =   76  NFunc =  1630  E =    -124.79071  RMSG = 1.1126826e-01
 MIN: Iter =   77  NFunc =  1647  E =    -124.82161  RMSG = 1.2012217e-01
 MIN: Iter =   78  NFunc =  1663  E =    -124.85260  RMSG = 8.5543566e-02
 MIN: Iter =   79  NFunc =  1714  E =    -124.91766  RMSG = 1.8030809e-01
 MIN: Iter =   80  NFunc =  1721  E =    -124.95169  RMSG = 1.0134421e-01
 MIN: Iter =   81  NFunc =  1754  E =    -125.02938  RMSG = 1.4719126e-01
 MIN: Iter =   82  NFunc =  1772  E =    -125.07841  RMSG = 1.1938406e-01
 MIN: Iter =   83  NFunc =  1786  E =    -125.09649  RMSG = 6.0307380e-02
 MIN: Iter =   84  NFunc =  1837  E =    -125.15470  RMSG = 1.3820843e-01
 MIN: Iter =   85  NFunc =  1843  E =    -125.16441  RMSG = 4.8905545e-02
 MIN: Iter =   86  NFunc =  1894  E =    -125.20545  RMSG = 1.2899768e-01
 MIN: Iter =   87  NFunc =  1912  E =    -125.24288  RMSG = 1.1752768e-01
 MIN: Iter =   88  NFunc =  1925  E =    -125.26328  RMSG = 5.6109743e-02
 MIN: Iter =   89  NFunc =  1976  E =    -125.29699  RMSG = 6.5065278e-02
 MIN: Iter =   90  NFunc =  2027  E =    -125.32405  RMSG = 6.1734622e-02
 MIN: Iter =   91  NFunc =  2042  E =    -125.33047  RMSG = 2.9106890e-02
 MIN: Iter =   92  NFunc =  2093  E =    -125.34129  RMSG = 3.2916020e-02
 MIN: Iter =   93  NFunc =  2144  E =    -125.34729  RMSG = 2.1990572e-02
 MIN: Iter =   94  NFunc =  2193  E =    -125.35121  RMSG = 1.7580212e-02
 MIN: Iter =   95  NFunc =  2244  E =    -125.35355  RMSG = 1.2996113e-02
 MIN: Iter =   96  NFunc =  2295  E =    -125.35585  RMSG = 1.5149575e-02
 MIN: Iter =   97  NFunc =  2346  E =    -125.35808  RMSG = 1.3409449e-02
 MIN: Iter =   98  NFunc =  2397  E =    -125.35974  RMSG = 1.4592400e-02
 MIN: Iter =   99  NFunc =  2448  E =    -125.36126  RMSG = 1.1863257e-02
 MIN: Iter =  100  NFunc =  2499  E =    -125.36359  RMSG = 2.0571216e-02
----------------------------------------------------------------
 END:          :-)  E =    -125.36359  RMSG =   0.0205712

     bond:      7.736150308
    angle:     16.089168077
 dihedral:     58.994711258
    enb14:     35.580284715
    eel14:    -19.740127337
      enb:    -27.220775140
      eel:   -123.582249574
      egb:    -73.220756836
    econs:      0.000000000
    esurf:      0.000000000
    Total:   -125.363594527
     frms:      0.020571216
====== rms.dat  ======================================================
#Frame      all_heavy
       1       3.1209
