====== tleap.out =====================================================
-I: Adding /home/case/amber24/dat/leap/prep to search path.
-I: Adding /home/case/amber24/dat/leap/lib to search path.
-I: Adding /home/case/amber24/dat/leap/parm to search path.
-I: Adding /home/case/amber24/dat/leap/cmd to search path.
-f: Source leap.in.

Welcome to LEaP!
(no leaprc in search path)
Sourcing: ./leap.in
Using Bondi radii
----- Source: /home/case/amber24/dat/leap/cmd/leaprc.gaff2
----- Source of /home/case/amber24/dat/leap/cmd/leaprc.gaff2 done
Log file: ./leap.log
Loading parameters: /home/case/amber24/dat/leap/parm/gaff2.dat
Reading title:
AMBER General Force Field for organic molecules (Version 2.2.20, March 2021)
Loading parameters: ./TLH.frcmod
Reading force field modification type file (frcmod)
Reading title:
Remark line goes here
Loading Mol2 file: ./TLH.mol2
Reading MOLECULE named TLH
Checking Unit.
Building topology.
"order_residues" off: keep input residue order.
Building atom parameters.
Building bond parameters.
Building angle parameters.
Building proper torsion parameters.
Building improper torsion parameters.
 total 8 improper torsions applied
Building H-Bond parameters.
Incorporating Non-Bonded adjustments.
Not Marking per-residue atom chain types.
Marking per-residue atom chain types.
  (Residues lacking connect0/connect1 - 
   these don't have chain types marked:

	res	total affected

	TLH	1
  )
 (no restraints)
	Quit

Exiting LEaP: Errors = 0; Warnings = 0; Notes = 0.
====== min.o =========================================================
Reading parm file (TLH.parm7)
title:
TLH                                                                             
no velocities were found
no velocities were found
	mm_options:  ntpr=5
	mm_options:  gb=1
	mm_options:  kappa=0.10395
	mm_options:  rgbmax=99.
	mm_options:  cut=99.0
	mm_options:  wcons=0.
     bond:      3.589777919
    angle:     13.473400700
 dihedral:     16.001254781
    enb14:      5.347475271
    eel14:   -106.818689953
      enb:      3.452393917
      eel:     35.946889835
      egb:    -13.047850210
    econs:      0.000000000
    esurf:      0.000000000
    Total:    -42.055347741
     frms:     14.042822296
Starting TNCG minimisation
 MIN: Iter =    0  NFunc =     1  E =     -42.05535  RMSG = 1.4042822e+01
 MIN: Iter =    1  NFunc =     7  E =     -51.75178  RMSG = 2.5700805e+00
 MIN: Iter =    2  NFunc =    14  E =     -53.20147  RMSG = 1.2046712e+00
 MIN: Iter =    3  NFunc =    21  E =     -53.57121  RMSG = 6.8384935e-01
 MIN: Iter =    4  NFunc =    30  E =     -53.76910  RMSG = 4.8204870e-01
 MIN: Iter =    5  NFunc =    36  E =     -53.80707  RMSG = 2.3334650e-01
 MIN: Iter =    6  NFunc =    74  E =     -53.90193  RMSG = 4.0237673e-01
 MIN: Iter =    7  NFunc =   112  E =     -54.03804  RMSG = 1.3062510e+00
 MIN: Iter =    8  NFunc =   118  E =     -54.13547  RMSG = 3.0239032e-01
 MIN: Iter =    9  NFunc =   142  E =     -54.31591  RMSG = 1.4339213e+00
 MIN: Iter =   10  NFunc =   148  E =     -54.45819  RMSG = 4.5547389e-01
 MIN: Iter =   11  NFunc =   190  E =     -54.66638  RMSG = 1.0440639e+00
 MIN: Iter =   12  NFunc =   198  E =     -54.78931  RMSG = 2.5520885e-01
 MIN: Iter =   13  NFunc =   204  E =     -54.83487  RMSG = 3.5140014e-01
 MIN: Iter =   14  NFunc =   214  E =     -54.86988  RMSG = 1.8161729e-01
 MIN: Iter =   15  NFunc =   226  E =     -54.89014  RMSG = 9.8193126e-02
 MIN: Iter =   16  NFunc =   248  E =     -54.90686  RMSG = 8.0500315e-02
 MIN: Iter =   17  NFunc =   260  E =     -54.91076  RMSG = 5.1301997e-02
 MIN: Iter =   18  NFunc =   282  E =     -54.91373  RMSG = 3.8771628e-02
 MIN: Iter =   19  NFunc =   290  E =     -54.91410  RMSG = 1.7027993e-02
 MIN: Iter =   20  NFunc =   309  E =     -54.91443  RMSG = 7.7638482e-03
 MIN: Iter =   21  NFunc =   320  E =     -54.91445  RMSG = 3.4184377e-03
 MIN: Iter =   22  NFunc =   326  E =     -54.91446  RMSG = 2.1056975e-03
 MIN: Iter =   23  NFunc =   351  E =     -54.91446  RMSG = 9.6013058e-04
 MIN: Iter =   24  NFunc =   374  E =     -54.91446  RMSG = 3.4474110e-04
----------------------------------------------------------------
 END:          :-)  E =     -54.91446  RMSG =   0.0003447

     bond:      1.216745961
    angle:      6.470099130
 dihedral:     18.160298034
    enb14:      2.866113824
    eel14:   -109.947200538
      enb:      1.294318164
      eel:     38.674252842
      egb:    -13.649088555
    econs:      0.000000000
    esurf:      0.000000000
    Total:    -54.914461136
     frms:      0.000344741
====== rms.dat  ======================================================
#Frame      all_heavy
       1       0.3664
