====== tleap.out =====================================================
-I: Adding /home/case/amber24/dat/leap/prep to search path.
-I: Adding /home/case/amber24/dat/leap/lib to search path.
-I: Adding /home/case/amber24/dat/leap/parm to search path.
-I: Adding /home/case/amber24/dat/leap/cmd to search path.
-f: Source leap.in.

Welcome to LEaP!
(no leaprc in search path)
Sourcing: ./leap.in
Using Bondi radii
----- Source: /home/case/amber24/dat/leap/cmd/leaprc.gaff2
----- Source of /home/case/amber24/dat/leap/cmd/leaprc.gaff2 done
Log file: ./leap.log
Loading parameters: /home/case/amber24/dat/leap/parm/gaff2.dat
Reading title:
AMBER General Force Field for organic molecules (Version 2.2.20, March 2021)
Loading parameters: ./TRC.frcmod
Reading force field modification type file (frcmod)
Reading title:
Remark line goes here
Loading Mol2 file: ./TRC.mol2
Reading MOLECULE named TRC
Checking Unit.

/home/case/amber24/bin/teLeap: Warning!
The unperturbed charge of the unit (-3.000000) is not zero.

/home/case/amber24/bin/teLeap: Note.
Ignoring the warning from Unit Checking.

Building topology.
"order_residues" off: keep input residue order.
Building atom parameters.
Building bond parameters.
Building angle parameters.
Building proper torsion parameters.
Building improper torsion parameters.
 total 3 improper torsions applied
Building H-Bond parameters.
Incorporating Non-Bonded adjustments.
Not Marking per-residue atom chain types.
Marking per-residue atom chain types.
  (Residues lacking connect0/connect1 - 
   these don't have chain types marked:

	res	total affected

	TRC	1
  )
 (no restraints)
	Quit

Exiting LEaP: Errors = 0; Warnings = 1; Notes = 1.
====== min.o =========================================================
Reading parm file (TRC.parm7)
title:
TRC                                                                             
no velocities were found
no velocities were found
	mm_options:  ntpr=5
	mm_options:  gb=1
	mm_options:  kappa=0.10395
	mm_options:  rgbmax=99.
	mm_options:  cut=99.0
	mm_options:  wcons=0.
     bond:      3.645106872
    angle:      7.881116301
 dihedral:     95.312283201
    enb14:      3.265850526
    eel14:    146.526353498
      enb:     -0.985515669
      eel:     50.938822024
      egb:   -437.704954519
    econs:      0.000000000
    esurf:      0.000000000
    Total:   -131.120937767
     frms:     13.095424456
Starting TNCG minimisation
 MIN: Iter =    0  NFunc =     1  E =    -131.12094  RMSG = 1.3095424e+01
 MIN: Iter =    1  NFunc =     8  E =    -139.91599  RMSG = 3.8703130e+00
 MIN: Iter =    2  NFunc =    24  E =    -143.32043  RMSG = 6.0561604e+00
 MIN: Iter =    3  NFunc =    32  E =    -147.40027  RMSG = 6.3662731e+00
 MIN: Iter =    4  NFunc =    49  E =    -149.29623  RMSG = 7.8495386e+00
 MIN: Iter =    5  NFunc =    60  E =    -152.98140  RMSG = 7.1221413e+00
 MIN: Iter =    6  NFunc =    66  E =    -155.80001  RMSG = 5.7505106e+00
 MIN: Iter =    7  NFunc =    72  E =    -158.01167  RMSG = 4.7368261e+00
 MIN: Iter =    8  NFunc =    78  E =    -159.72469  RMSG = 3.7097313e+00
 MIN: Iter =    9  NFunc =    84  E =    -160.88997  RMSG = 2.3768281e+00
 MIN: Iter =   10  NFunc =    90  E =    -161.27001  RMSG = 1.0237156e+00
 MIN: Iter =   11  NFunc =   111  E =    -161.69578  RMSG = 1.8800140e+00
 MIN: Iter =   12  NFunc =   120  E =    -162.02174  RMSG = 1.1619092e+00
 MIN: Iter =   13  NFunc =   126  E =    -162.16294  RMSG = 7.9013921e-01
 MIN: Iter =   14  NFunc =   137  E =    -162.25978  RMSG = 7.4981741e-01
 MIN: Iter =   15  NFunc =   143  E =    -162.29967  RMSG = 2.9761676e-01
 MIN: Iter =   16  NFunc =   151  E =    -162.31469  RMSG = 1.7437092e-01
 MIN: Iter =   17  NFunc =   159  E =    -162.31794  RMSG = 7.4468865e-02
 MIN: Iter =   18  NFunc =   173  E =    -162.31871  RMSG = 2.0716669e-02
 MIN: Iter =   19  NFunc =   182  E =    -162.31880  RMSG = 1.2553606e-02
 MIN: Iter =   20  NFunc =   193  E =    -162.31885  RMSG = 8.1889360e-03
 MIN: Iter =   21  NFunc =   199  E =    -162.31887  RMSG = 6.5093199e-03
 MIN: Iter =   22  NFunc =   216  E =    -162.31888  RMSG = 1.8365164e-03
 MIN: Iter =   23  NFunc =   224  E =    -162.31888  RMSG = 1.3541175e-03
 MIN: Iter =   24  NFunc =   234  E =    -162.31888  RMSG = 1.0226657e-03
 MIN: Iter =   25  NFunc =   245  E =    -162.31888  RMSG = 9.2164477e-04
 MIN: Iter =   26  NFunc =   255  E =    -162.31888  RMSG = 4.1944644e-04
----------------------------------------------------------------
 END:          :-)  E =    -162.31888  RMSG =   0.0004194

     bond:      0.869715737
    angle:      9.772949037
 dihedral:     69.623312420
    enb14:      1.924967446
    eel14:    145.555540148
      enb:     -2.022749632
      eel:     51.786709654
      egb:   -439.829321973
    econs:      0.000000000
    esurf:      0.000000000
    Total:   -162.318877163
     frms:      0.000419446
====== rms.dat  ======================================================
#Frame      all_heavy
       1       0.7516
