====== tleap.out =====================================================
-I: Adding /home/case/amber24/dat/leap/prep to search path.
-I: Adding /home/case/amber24/dat/leap/lib to search path.
-I: Adding /home/case/amber24/dat/leap/parm to search path.
-I: Adding /home/case/amber24/dat/leap/cmd to search path.
-f: Source leap.in.

Welcome to LEaP!
(no leaprc in search path)
Sourcing: ./leap.in
Using Bondi radii
----- Source: /home/case/amber24/dat/leap/cmd/leaprc.gaff2
----- Source of /home/case/amber24/dat/leap/cmd/leaprc.gaff2 done
Log file: ./leap.log
Loading parameters: /home/case/amber24/dat/leap/parm/gaff2.dat
Reading title:
AMBER General Force Field for organic molecules (Version 2.2.20, March 2021)
Loading parameters: ./TT4.frcmod
Reading force field modification type file (frcmod)
Reading title:
Remark line goes here
Loading Mol2 file: ./TT4.mol2
Reading MOLECULE named TT4
Checking Unit.
Building topology.
"order_residues" off: keep input residue order.
Building atom parameters.
Building bond parameters.
Building angle parameters.
Building proper torsion parameters.
Building improper torsion parameters.
 total 11 improper torsions applied
Building H-Bond parameters.
Incorporating Non-Bonded adjustments.
Not Marking per-residue atom chain types.
Marking per-residue atom chain types.
  (Residues lacking connect0/connect1 - 
   these don't have chain types marked:

	res	total affected

	TT4	1
  )
 (no restraints)
	Quit

Exiting LEaP: Errors = 0; Warnings = 0; Notes = 0.
====== min.o =========================================================
Reading parm file (TT4.parm7)
title:
TT4                                                                             
no velocities were found
no velocities were found
	mm_options:  ntpr=5
	mm_options:  gb=1
	mm_options:  kappa=0.10395
	mm_options:  rgbmax=99.
	mm_options:  cut=99.0
	mm_options:  wcons=0.
     bond:      1.105811241
    angle:      8.839723618
 dihedral:      4.029631188
    enb14:      4.122709409
    eel14:   -299.672487758
      enb:      0.078129983
      eel:     84.212572598
      egb:    -24.613201961
    econs:      0.000000000
    esurf:      0.000000000
    Total:   -221.897111682
     frms:      9.215591509
Starting TNCG minimisation
 MIN: Iter =    0  NFunc =     1  E =    -221.89711  RMSG = 9.2155915e+00
 MIN: Iter =    1  NFunc =     7  E =    -226.69540  RMSG = 1.9059076e+00
 MIN: Iter =    2  NFunc =    17  E =    -227.25245  RMSG = 9.4802756e-01
 MIN: Iter =    3  NFunc =    24  E =    -227.48055  RMSG = 1.7197546e+00
 MIN: Iter =    4  NFunc =    48  E =    -227.76962  RMSG = 2.1361718e+00
 MIN: Iter =    5  NFunc =    54  E =    -228.04669  RMSG = 9.8038180e-01
 MIN: Iter =    6  NFunc =    78  E =    -228.48993  RMSG = 9.7381204e-01
 MIN: Iter =    7  NFunc =    84  E =    -228.65490  RMSG = 5.1848567e-01
 MIN: Iter =    8  NFunc =    91  E =    -228.78528  RMSG = 6.9767259e-01
 MIN: Iter =    9  NFunc =    97  E =    -228.82937  RMSG = 2.4223870e-01
 MIN: Iter =   10  NFunc =   106  E =    -228.85393  RMSG = 1.4951394e-01
 MIN: Iter =   11  NFunc =   120  E =    -228.86682  RMSG = 9.2544727e-02
 MIN: Iter =   12  NFunc =   129  E =    -228.86868  RMSG = 5.1580726e-02
 MIN: Iter =   13  NFunc =   146  E =    -228.87090  RMSG = 4.5816344e-02
 MIN: Iter =   14  NFunc =   158  E =    -228.87150  RMSG = 2.0857718e-02
 MIN: Iter =   15  NFunc =   171  E =    -228.87166  RMSG = 9.3213450e-03
 MIN: Iter =   16  NFunc =   181  E =    -228.87168  RMSG = 4.0356575e-03
 MIN: Iter =   17  NFunc =   193  E =    -228.87169  RMSG = 1.7365925e-03
 MIN: Iter =   18  NFunc =   224  E =    -228.87169  RMSG = 1.2577332e-03
 MIN: Iter =   19  NFunc =   230  E =    -228.87169  RMSG = 6.8747443e-04
 MIN: Iter =   20  NFunc =   248  E =    -228.87169  RMSG = 5.5296879e-04
 MIN: Iter =   21  NFunc =   262  E =    -228.87169  RMSG = 4.0647139e-04
----------------------------------------------------------------
 END:          :-)  E =    -228.87169  RMSG =   0.0004065

     bond:      2.188229066
    angle:      8.430137543
 dihedral:      6.514735337
    enb14:      3.121228863
    eel14:   -312.279212575
      enb:     -1.381529855
      eel:     88.652596771
      egb:    -24.117878599
    econs:      0.000000000
    esurf:      0.000000000
    Total:   -228.871693450
     frms:      0.000406471
====== rms.dat  ======================================================
#Frame      all_heavy
       1       0.2065
