====== tleap.out =====================================================
-I: Adding /home/case/amber24/dat/leap/prep to search path.
-I: Adding /home/case/amber24/dat/leap/lib to search path.
-I: Adding /home/case/amber24/dat/leap/parm to search path.
-I: Adding /home/case/amber24/dat/leap/cmd to search path.
-f: Source leap.in.

Welcome to LEaP!
(no leaprc in search path)
Sourcing: ./leap.in
Using Bondi radii
----- Source: /home/case/amber24/dat/leap/cmd/leaprc.gaff2
----- Source of /home/case/amber24/dat/leap/cmd/leaprc.gaff2 done
Log file: ./leap.log
Loading parameters: /home/case/amber24/dat/leap/parm/gaff2.dat
Reading title:
AMBER General Force Field for organic molecules (Version 2.2.20, March 2021)
Loading parameters: ./TU2.frcmod
Reading force field modification type file (frcmod)
Reading title:
Remark line goes here
Loading Mol2 file: ./TU2.mol2
Reading MOLECULE named TU2
Checking Unit.
Building topology.
"order_residues" off: keep input residue order.
Building atom parameters.
Building bond parameters.
Building angle parameters.
Building proper torsion parameters.
Building improper torsion parameters.
 total 18 improper torsions applied
Building H-Bond parameters.
Incorporating Non-Bonded adjustments.
Not Marking per-residue atom chain types.
Marking per-residue atom chain types.
  (Residues lacking connect0/connect1 - 
   these don't have chain types marked:

	res	total affected

	TU2	1
  )
 (no restraints)
	Quit

Exiting LEaP: Errors = 0; Warnings = 0; Notes = 0.
====== min.o =========================================================
Reading parm file (TU2.parm7)
title:
TU2                                                                             
no velocities were found
no velocities were found
	mm_options:  ntpr=5
	mm_options:  gb=1
	mm_options:  kappa=0.10395
	mm_options:  rgbmax=99.
	mm_options:  cut=99.0
	mm_options:  wcons=0.
     bond:      2.044724646
    angle:      5.406923130
 dihedral:     13.209836275
    enb14:     18.753854141
    eel14:    112.519512175
      enb:     -0.368827567
      eel:    -71.640507071
      egb:    -24.842636464
    econs:      0.000000000
    esurf:      0.000000000
    Total:     55.082879264
     frms:      8.895860159
Starting TNCG minimisation
 MIN: Iter =    0  NFunc =     1  E =      55.08288  RMSG = 8.8958602e+00
 MIN: Iter =    1  NFunc =     8  E =      43.06728  RMSG = 2.5824878e+00
 MIN: Iter =    2  NFunc =    15  E =      41.22014  RMSG = 9.9860803e-01
 MIN: Iter =    3  NFunc =    26  E =      40.74044  RMSG = 4.1747676e-01
 MIN: Iter =    4  NFunc =    39  E =      40.61426  RMSG = 2.6335071e-01
 MIN: Iter =    5  NFunc =    90  E =      40.44307  RMSG = 4.6381637e-01
 MIN: Iter =    6  NFunc =   141  E =      40.33792  RMSG = 8.2123648e-01
 MIN: Iter =    7  NFunc =   147  E =      40.18577  RMSG = 4.2154374e-01
 MIN: Iter =    8  NFunc =   164  E =      40.07323  RMSG = 4.4161349e-01
 MIN: Iter =    9  NFunc =   170  E =      40.03164  RMSG = 1.3668510e-01
 MIN: Iter =   10  NFunc =   194  E =      39.99428  RMSG = 1.4586428e-01
 MIN: Iter =   11  NFunc =   206  E =      39.96551  RMSG = 5.6791289e-01
 MIN: Iter =   12  NFunc =   212  E =      39.92688  RMSG = 1.3153934e-01
 MIN: Iter =   13  NFunc =   220  E =      39.91018  RMSG = 1.8153934e-01
 MIN: Iter =   14  NFunc =   226  E =      39.89029  RMSG = 3.6478810e-01
 MIN: Iter =   15  NFunc =   232  E =      39.85895  RMSG = 1.5276818e-01
 MIN: Iter =   16  NFunc =   241  E =      39.83601  RMSG = 2.6440230e-01
 MIN: Iter =   17  NFunc =   249  E =      39.81194  RMSG = 2.6931294e-01
 MIN: Iter =   18  NFunc =   256  E =      39.76968  RMSG = 4.2217494e-01
 MIN: Iter =   19  NFunc =   262  E =      39.69438  RMSG = 6.6131965e-01
 MIN: Iter =   20  NFunc =   268  E =      39.59277  RMSG = 2.3864827e-01
 MIN: Iter =   21  NFunc =   296  E =      39.48738  RMSG = 6.9037257e-01
 MIN: Iter =   22  NFunc =   302  E =      39.38994  RMSG = 2.8723876e-01
 MIN: Iter =   23  NFunc =   321  E =      39.27774  RMSG = 5.8598406e-01
 MIN: Iter =   24  NFunc =   329  E =      39.19575  RMSG = 2.5087890e-01
 MIN: Iter =   25  NFunc =   338  E =      39.15057  RMSG = 3.0343488e-01
 MIN: Iter =   26  NFunc =   356  E =      39.09005  RMSG = 1.9817984e-01
 MIN: Iter =   27  NFunc =   367  E =      39.05604  RMSG = 1.4039303e-01
 MIN: Iter =   28  NFunc =   386  E =      39.01654  RMSG = 2.6876029e-01
 MIN: Iter =   29  NFunc =   437  E =      38.94012  RMSG = 4.0205173e-01
 MIN: Iter =   30  NFunc =   443  E =      38.92193  RMSG = 1.0452532e-01
 MIN: Iter =   31  NFunc =   468  E =      38.89890  RMSG = 1.3141413e-01
 MIN: Iter =   32  NFunc =   481  E =      38.89400  RMSG = 4.3671454e-02
 MIN: Iter =   33  NFunc =   518  E =      38.88656  RMSG = 6.4857611e-02
 MIN: Iter =   34  NFunc =   543  E =      38.88155  RMSG = 5.0006554e-02
 MIN: Iter =   35  NFunc =   560  E =      38.88015  RMSG = 2.0136976e-02
 MIN: Iter =   36  NFunc =   594  E =      38.87901  RMSG = 1.4345725e-02
 MIN: Iter =   37  NFunc =   611  E =      38.87883  RMSG = 6.5046534e-03
 MIN: Iter =   38  NFunc =   662  E =      38.87845  RMSG = 6.9966215e-03
 MIN: Iter =   39  NFunc =   698  E =      38.87835  RMSG = 2.7846177e-03
 MIN: Iter =   40  NFunc =   749  E =      38.87832  RMSG = 2.3489168e-03
 MIN: Iter =   41  NFunc =   764  E =      38.87831  RMSG = 1.6470087e-03
 MIN: Iter =   42  NFunc =   775  E =      38.87831  RMSG = 8.9538760e-04
 MIN: Iter =   43  NFunc =   791  E =      38.87831  RMSG = 3.9174650e-04
----------------------------------------------------------------
 END:          :-)  E =      38.87831  RMSG =   0.0003917

     bond:      3.207296566
    angle:      5.022021211
 dihedral:      5.017660257
    enb14:     12.708199442
    eel14:    107.171940584
      enb:      0.263281650
      eel:    -68.582131221
      egb:    -25.929959477
    econs:      0.000000000
    esurf:      0.000000000
    Total:     38.878309011
     frms:      0.000391746
====== rms.dat  ======================================================
#Frame      all_heavy
       1       0.3321
