====== tleap.out =====================================================
-I: Adding /home/case/amber24/dat/leap/prep to search path.
-I: Adding /home/case/amber24/dat/leap/lib to search path.
-I: Adding /home/case/amber24/dat/leap/parm to search path.
-I: Adding /home/case/amber24/dat/leap/cmd to search path.
-f: Source leap.in.

Welcome to LEaP!
(no leaprc in search path)
Sourcing: ./leap.in
Using Bondi radii
----- Source: /home/case/amber24/dat/leap/cmd/leaprc.gaff2
----- Source of /home/case/amber24/dat/leap/cmd/leaprc.gaff2 done
Log file: ./leap.log
Loading parameters: /home/case/amber24/dat/leap/parm/gaff2.dat
Reading title:
AMBER General Force Field for organic molecules (Version 2.2.20, March 2021)
Loading parameters: ./TWN.frcmod
Reading force field modification type file (frcmod)
Reading title:
Remark line goes here
Loading Mol2 file: ./TWN.mol2
Reading MOLECULE named TWN
Checking Unit.
Building topology.
"order_residues" off: keep input residue order.
Building atom parameters.
Building bond parameters.
Building angle parameters.
Building proper torsion parameters.
Building improper torsion parameters.
 total 1 improper torsion applied
Building H-Bond parameters.
Incorporating Non-Bonded adjustments.
Not Marking per-residue atom chain types.
Marking per-residue atom chain types.
  (Residues lacking connect0/connect1 - 
   these don't have chain types marked:

	res	total affected

	TWN	1
  )
 (no restraints)
	Quit

Exiting LEaP: Errors = 0; Warnings = 0; Notes = 0.
====== min.o =========================================================
Reading parm file (TWN.parm7)
title:
TWN                                                                             
no velocities were found
no velocities were found
	mm_options:  ntpr=5
	mm_options:  gb=1
	mm_options:  kappa=0.10395
	mm_options:  rgbmax=99.
	mm_options:  cut=99.0
	mm_options:  wcons=0.
     bond:      1.031453615
    angle:      6.320177350
 dihedral:     33.981726773
    enb14:      8.668947265
    eel14:     -0.442677082
      enb:     -2.454901245
      eel:    -17.726304331
      egb:     -8.144889214
    econs:      0.000000000
    esurf:      0.000000000
    Total:     21.233533132
     frms:      4.643353836
Starting TNCG minimisation
 MIN: Iter =    0  NFunc =     1  E =      21.23353  RMSG = 4.6433538e+00
 MIN: Iter =    1  NFunc =     7  E =      17.22114  RMSG = 1.3940849e+00
 MIN: Iter =    2  NFunc =    22  E =      15.25460  RMSG = 5.9799217e-01
 MIN: Iter =    3  NFunc =    32  E =      14.86166  RMSG = 3.3948331e-01
 MIN: Iter =    4  NFunc =    44  E =      14.76454  RMSG = 1.4952836e-01
 MIN: Iter =    5  NFunc =    87  E =      14.66653  RMSG = 6.4352818e-01
 MIN: Iter =    6  NFunc =    93  E =      14.62360  RMSG = 1.3334639e-01
 MIN: Iter =    7  NFunc =   144  E =      14.56255  RMSG = 5.1978562e-01
 MIN: Iter =    8  NFunc =   150  E =      14.53176  RMSG = 1.1758847e-01
 MIN: Iter =    9  NFunc =   201  E =      14.45838  RMSG = 3.4496553e-01
 MIN: Iter =   10  NFunc =   209  E =      14.39307  RMSG = 3.6357469e-01
 MIN: Iter =   11  NFunc =   224  E =      14.29690  RMSG = 2.3857338e-01
 MIN: Iter =   12  NFunc =   254  E =      14.15066  RMSG = 2.4889731e-01
 MIN: Iter =   13  NFunc =   281  E =      14.01603  RMSG = 3.1610593e-01
 MIN: Iter =   14  NFunc =   310  E =      13.88298  RMSG = 3.3750630e-01
 MIN: Iter =   15  NFunc =   328  E =      13.74411  RMSG = 3.5064914e-01
 MIN: Iter =   16  NFunc =   337  E =      13.61731  RMSG = 3.5040580e-01
 MIN: Iter =   17  NFunc =   344  E =      13.50511  RMSG = 3.2113167e-01
 MIN: Iter =   18  NFunc =   350  E =      13.41721  RMSG = 3.0134847e-01
 MIN: Iter =   19  NFunc =   356  E =      13.31967  RMSG = 2.3994924e-01
 MIN: Iter =   20  NFunc =   365  E =      13.22262  RMSG = 2.7887815e-01
 MIN: Iter =   21  NFunc =   374  E =      13.13424  RMSG = 2.3344907e-01
 MIN: Iter =   22  NFunc =   381  E =      13.07927  RMSG = 1.9424914e-01
 MIN: Iter =   23  NFunc =   389  E =      13.03843  RMSG = 1.9669056e-01
 MIN: Iter =   24  NFunc =   440  E =      12.92740  RMSG = 2.3225582e-01
 MIN: Iter =   25  NFunc =   451  E =      12.87164  RMSG = 1.5775556e-01
 MIN: Iter =   26  NFunc =   471  E =      12.79726  RMSG = 2.0023818e-01
 MIN: Iter =   27  NFunc =   479  E =      12.74601  RMSG = 1.9573915e-01
 MIN: Iter =   28  NFunc =   487  E =      12.71614  RMSG = 1.3021946e-01
 MIN: Iter =   29  NFunc =   533  E =      12.64437  RMSG = 2.2874629e-01
 MIN: Iter =   30  NFunc =   547  E =      12.58373  RMSG = 2.0195671e-01
 MIN: Iter =   31  NFunc =   555  E =      12.54801  RMSG = 1.5524690e-01
 MIN: Iter =   32  NFunc =   561  E =      12.52489  RMSG = 1.3626638e-01
 MIN: Iter =   33  NFunc =   581  E =      12.50457  RMSG = 6.2901663e-02
 MIN: Iter =   34  NFunc =   617  E =      12.47145  RMSG = 2.2003285e-01
 MIN: Iter =   35  NFunc =   623  E =      12.45809  RMSG = 8.9360393e-02
 MIN: Iter =   36  NFunc =   638  E =      12.44342  RMSG = 1.5675830e-01
 MIN: Iter =   37  NFunc =   644  E =      12.43762  RMSG = 4.3992491e-02
 MIN: Iter =   38  NFunc =   692  E =      12.43100  RMSG = 1.4405840e-01
 MIN: Iter =   39  NFunc =   698  E =      12.42701  RMSG = 2.5980221e-02
 MIN: Iter =   40  NFunc =   733  E =      12.42342  RMSG = 2.1554156e-02
 MIN: Iter =   41  NFunc =   784  E =      12.42153  RMSG = 2.1190511e-02
 MIN: Iter =   42  NFunc =   815  E =      12.42061  RMSG = 1.3469259e-02
 MIN: Iter =   43  NFunc =   829  E =      12.42031  RMSG = 7.7236528e-03
 MIN: Iter =   44  NFunc =   871  E =      12.41995  RMSG = 6.8466150e-03
 MIN: Iter =   45  NFunc =   903  E =      12.41984  RMSG = 4.0548938e-03
 MIN: Iter =   46  NFunc =   924  E =      12.41980  RMSG = 2.6069137e-03
 MIN: Iter =   47  NFunc =   975  E =      12.41967  RMSG = 3.9667778e-03
 MIN: Iter =   48  NFunc =   991  E =      12.41964  RMSG = 2.3147228e-03
 MIN: Iter =   49  NFunc =  1042  E =      12.41952  RMSG = 3.9697404e-03
 MIN: Iter =   50  NFunc =  1074  E =      12.41936  RMSG = 4.0777292e-03
 MIN: Iter =   51  NFunc =  1106  E =      12.41931  RMSG = 2.3766470e-03
 MIN: Iter =   52  NFunc =  1122  E =      12.41930  RMSG = 1.7534975e-03
 MIN: Iter =   53  NFunc =  1165  E =      12.41928  RMSG = 1.0677353e-03
 MIN: Iter =   54  NFunc =  1174  E =      12.41928  RMSG = 7.6082215e-04
 MIN: Iter =   55  NFunc =  1225  E =      12.41926  RMSG = 1.9734567e-03
 MIN: Iter =   56  NFunc =  1231  E =      12.41926  RMSG = 1.3979485e-03
 MIN: Iter =   57  NFunc =  1258  E =      12.41926  RMSG = 6.4905348e-04
 MIN: Iter =   58  NFunc =  1277  E =      12.41926  RMSG = 4.8490510e-04
----------------------------------------------------------------
 END:          :-)  E =      12.41926  RMSG =   0.0004849

     bond:      1.068628643
    angle:      6.255509862
 dihedral:     30.233498697
    enb14:      5.704475532
    eel14:     -0.103019054
      enb:     -4.612008683
      eel:    -17.398785953
      egb:     -8.729043582
    econs:      0.000000000
    esurf:      0.000000000
    Total:     12.419255463
     frms:      0.000484905
====== rms.dat  ======================================================
#Frame      all_heavy
       1       2.0713
