====== tleap.out =====================================================
-I: Adding /home/case/amber24/dat/leap/prep to search path.
-I: Adding /home/case/amber24/dat/leap/lib to search path.
-I: Adding /home/case/amber24/dat/leap/parm to search path.
-I: Adding /home/case/amber24/dat/leap/cmd to search path.
-f: Source leap.in.

Welcome to LEaP!
(no leaprc in search path)
Sourcing: ./leap.in
Using Bondi radii
----- Source: /home/case/amber24/dat/leap/cmd/leaprc.gaff2
----- Source of /home/case/amber24/dat/leap/cmd/leaprc.gaff2 done
Log file: ./leap.log
Loading parameters: /home/case/amber24/dat/leap/parm/gaff2.dat
Reading title:
AMBER General Force Field for organic molecules (Version 2.2.20, March 2021)
Loading parameters: ./TYB.frcmod
Reading force field modification type file (frcmod)
Reading title:
Remark line goes here
Loading Mol2 file: ./TYB.mol2
Reading MOLECULE named TYB
Checking Unit.
Building topology.
"order_residues" off: keep input residue order.
Building atom parameters.
Building bond parameters.
Building angle parameters.
Building proper torsion parameters.
Building improper torsion parameters.
 total 7 improper torsions applied
Building H-Bond parameters.
Incorporating Non-Bonded adjustments.
Not Marking per-residue atom chain types.
Marking per-residue atom chain types.
  (Residues lacking connect0/connect1 - 
   these don't have chain types marked:

	res	total affected

	TYB	1
  )
 (no restraints)
	Quit

Exiting LEaP: Errors = 0; Warnings = 0; Notes = 0.
====== min.o =========================================================
Reading parm file (TYB.parm7)
title:
TYB                                                                             
no velocities were found
no velocities were found
	mm_options:  ntpr=5
	mm_options:  gb=1
	mm_options:  kappa=0.10395
	mm_options:  rgbmax=99.
	mm_options:  cut=99.0
	mm_options:  wcons=0.
     bond:      0.634529849
    angle:      2.055673208
 dihedral:      3.683096995
    enb14:      4.967565558
    eel14:     50.138817009
      enb:     -1.195956275
      eel:    -25.399417371
      egb:    -16.311495491
    econs:      0.000000000
    esurf:      0.000000000
    Total:     18.572813482
     frms:      8.311691386
Starting TNCG minimisation
 MIN: Iter =    0  NFunc =     1  E =      18.57281  RMSG = 8.3116914e+00
 MIN: Iter =    1  NFunc =     7  E =      13.28593  RMSG = 2.8682423e+00
 MIN: Iter =    2  NFunc =    14  E =      12.30916  RMSG = 1.3885762e+00
 MIN: Iter =    3  NFunc =    20  E =      12.13682  RMSG = 6.5262259e-01
 MIN: Iter =    4  NFunc =    35  E =      11.90063  RMSG = 8.9370848e-01
 MIN: Iter =    5  NFunc =    43  E =      11.75644  RMSG = 1.1066433e+00
 MIN: Iter =    6  NFunc =    49  E =      11.68685  RMSG = 3.3374009e-01
 MIN: Iter =    7  NFunc =    68  E =      11.62955  RMSG = 4.0573111e-01
 MIN: Iter =    8  NFunc =    78  E =      11.57762  RMSG = 7.3806965e-01
 MIN: Iter =    9  NFunc =    84  E =      11.54787  RMSG = 1.7250539e-01
 MIN: Iter =   10  NFunc =    92  E =      11.53302  RMSG = 2.2825670e-01
 MIN: Iter =   11  NFunc =    98  E =      11.52207  RMSG = 2.6986607e-01
 MIN: Iter =   12  NFunc =   117  E =      11.49125  RMSG = 6.2571256e-01
 MIN: Iter =   13  NFunc =   123  E =      11.47933  RMSG = 1.2210257e-01
 MIN: Iter =   14  NFunc =   148  E =      11.46344  RMSG = 2.9938571e-01
 MIN: Iter =   15  NFunc =   155  E =      11.45838  RMSG = 1.0213011e-01
 MIN: Iter =   16  NFunc =   164  E =      11.45371  RMSG = 6.7810842e-02
 MIN: Iter =   17  NFunc =   171  E =      11.45297  RMSG = 3.8154073e-02
 MIN: Iter =   18  NFunc =   201  E =      11.45151  RMSG = 2.4537832e-02
 MIN: Iter =   19  NFunc =   214  E =      11.45133  RMSG = 8.4918997e-03
 MIN: Iter =   20  NFunc =   225  E =      11.45131  RMSG = 4.7622869e-03
 MIN: Iter =   21  NFunc =   241  E =      11.45129  RMSG = 2.3319375e-03
 MIN: Iter =   22  NFunc =   247  E =      11.45129  RMSG = 1.3533671e-03
 MIN: Iter =   23  NFunc =   278  E =      11.45128  RMSG = 9.6821322e-04
 MIN: Iter =   24  NFunc =   289  E =      11.45128  RMSG = 3.4198573e-04
----------------------------------------------------------------
 END:          :-)  E =      11.45128  RMSG =   0.0003420

     bond:      1.089665226
    angle:      0.900452524
 dihedral:      3.121824763
    enb14:      3.877978221
    eel14:     48.384582141
      enb:     -1.269367908
      eel:    -26.514443382
      egb:    -18.139409463
    econs:      0.000000000
    esurf:      0.000000000
    Total:     11.451282122
     frms:      0.000341986
====== rms.dat  ======================================================
#Frame      all_heavy
       1       0.2089
