====== tleap.out =====================================================
-I: Adding /home/case/amber24/dat/leap/prep to search path.
-I: Adding /home/case/amber24/dat/leap/lib to search path.
-I: Adding /home/case/amber24/dat/leap/parm to search path.
-I: Adding /home/case/amber24/dat/leap/cmd to search path.
-f: Source leap.in.

Welcome to LEaP!
(no leaprc in search path)
Sourcing: ./leap.in
Using Bondi radii
----- Source: /home/case/amber24/dat/leap/cmd/leaprc.gaff2
----- Source of /home/case/amber24/dat/leap/cmd/leaprc.gaff2 done
Log file: ./leap.log
Loading parameters: /home/case/amber24/dat/leap/parm/gaff2.dat
Reading title:
AMBER General Force Field for organic molecules (Version 2.2.20, March 2021)
Loading parameters: ./TYG.frcmod
Reading force field modification type file (frcmod)
Reading title:
Remark line goes here
Loading Mol2 file: ./TYG.mol2
Reading MOLECULE named TYG
Checking Unit.
Building topology.
"order_residues" off: keep input residue order.
Building atom parameters.
Building bond parameters.
Building angle parameters.
Building proper torsion parameters.
Building improper torsion parameters.
 total 14 improper torsions applied
Building H-Bond parameters.
Incorporating Non-Bonded adjustments.
Not Marking per-residue atom chain types.
Marking per-residue atom chain types.
  (Residues lacking connect0/connect1 - 
   these don't have chain types marked:

	res	total affected

	TYG	1
  )
 (no restraints)
	Quit

Exiting LEaP: Errors = 0; Warnings = 0; Notes = 0.
====== min.o =========================================================
Reading parm file (TYG.parm7)
title:
TYG                                                                             
no velocities were found
no velocities were found
	mm_options:  ntpr=5
	mm_options:  gb=1
	mm_options:  kappa=0.10395
	mm_options:  rgbmax=99.
	mm_options:  cut=99.0
	mm_options:  wcons=0.
     bond:      2.123054038
    angle:      8.103477771
 dihedral:      4.035466441
    enb14:     15.730036009
    eel14:   -153.555476198
      enb:     -1.982326962
      eel:     39.696991228
      egb:    -21.848256029
    econs:      0.000000000
    esurf:      0.000000000
    Total:   -107.697033701
     frms:     11.137245905
Starting TNCG minimisation
 MIN: Iter =    0  NFunc =     1  E =    -107.69703  RMSG = 1.1137246e+01
 MIN: Iter =    1  NFunc =     7  E =    -113.78866  RMSG = 2.2788550e+00
 MIN: Iter =    2  NFunc =    17  E =    -116.03611  RMSG = 1.1392328e+00
 MIN: Iter =    3  NFunc =    36  E =    -116.75248  RMSG = 5.9274503e-01
 MIN: Iter =    4  NFunc =    53  E =    -117.14921  RMSG = 5.4122070e-01
 MIN: Iter =    5  NFunc =    59  E =    -117.20604  RMSG = 2.9359926e-01
 MIN: Iter =    6  NFunc =    65  E =    -117.21750  RMSG = 1.1128842e-01
 MIN: Iter =    7  NFunc =    87  E =    -117.22913  RMSG = 7.5329516e-02
 MIN: Iter =    8  NFunc =   132  E =    -117.24582  RMSG = 2.2881676e-01
 MIN: Iter =    9  NFunc =   138  E =    -117.25069  RMSG = 7.5456877e-02
 MIN: Iter =   10  NFunc =   166  E =    -117.26960  RMSG = 2.1676469e-01
 MIN: Iter =   11  NFunc =   172  E =    -117.27421  RMSG = 8.1514614e-02
 MIN: Iter =   12  NFunc =   195  E =    -117.29595  RMSG = 2.3195681e-01
 MIN: Iter =   13  NFunc =   201  E =    -117.30115  RMSG = 8.0242796e-02
 MIN: Iter =   14  NFunc =   225  E =    -117.32354  RMSG = 2.1881723e-01
 MIN: Iter =   15  NFunc =   251  E =    -117.35710  RMSG = 4.0228000e-01
 MIN: Iter =   16  NFunc =   257  E =    -117.38675  RMSG = 1.7108459e-01
 MIN: Iter =   17  NFunc =   275  E =    -117.42438  RMSG = 3.8182016e-01
 MIN: Iter =   18  NFunc =   281  E =    -117.47356  RMSG = 3.7299498e-01
 MIN: Iter =   19  NFunc =   290  E =    -117.51761  RMSG = 6.6257580e-01
 MIN: Iter =   20  NFunc =   296  E =    -117.56284  RMSG = 1.7103321e-01
 MIN: Iter =   21  NFunc =   312  E =    -117.59531  RMSG = 2.1242992e-01
 MIN: Iter =   22  NFunc =   323  E =    -117.63395  RMSG = 2.7391566e-01
 MIN: Iter =   23  NFunc =   331  E =    -117.67956  RMSG = 6.3198523e-01
 MIN: Iter =   24  NFunc =   337  E =    -117.72764  RMSG = 1.8653950e-01
 MIN: Iter =   25  NFunc =   344  E =    -117.74563  RMSG = 1.9495668e-01
 MIN: Iter =   26  NFunc =   350  E =    -117.76168  RMSG = 2.4848705e-01
 MIN: Iter =   27  NFunc =   388  E =    -117.88736  RMSG = 6.5911428e-01
 MIN: Iter =   28  NFunc =   394  E =    -117.96444  RMSG = 2.6379830e-01
 MIN: Iter =   29  NFunc =   412  E =    -118.05473  RMSG = 6.2757337e-01
 MIN: Iter =   30  NFunc =   419  E =    -118.13327  RMSG = 2.6499229e-01
 MIN: Iter =   31  NFunc =   436  E =    -118.18894  RMSG = 5.5109429e-01
 MIN: Iter =   32  NFunc =   442  E =    -118.22909  RMSG = 2.1279201e-01
 MIN: Iter =   33  NFunc =   466  E =    -118.29801  RMSG = 4.7400310e-01
 MIN: Iter =   34  NFunc =   475  E =    -118.38529  RMSG = 3.0640836e-01
 MIN: Iter =   35  NFunc =   482  E =    -118.44675  RMSG = 4.9682559e-01
 MIN: Iter =   36  NFunc =   488  E =    -118.51462  RMSG = 3.0681643e-01
 MIN: Iter =   37  NFunc =   494  E =    -118.55832  RMSG = 5.1198628e-01
 MIN: Iter =   38  NFunc =   500  E =    -118.60604  RMSG = 2.4565039e-01
 MIN: Iter =   39  NFunc =   507  E =    -118.62999  RMSG = 1.9236782e-01
 MIN: Iter =   40  NFunc =   515  E =    -118.65538  RMSG = 2.5359409e-01
 MIN: Iter =   41  NFunc =   521  E =    -118.67518  RMSG = 1.2204482e-01
 MIN: Iter =   42  NFunc =   527  E =    -118.68611  RMSG = 1.8931950e-01
 MIN: Iter =   43  NFunc =   537  E =    -118.69940  RMSG = 1.1139575e-01
 MIN: Iter =   44  NFunc =   564  E =    -118.72451  RMSG = 1.5488596e-01
 MIN: Iter =   45  NFunc =   574  E =    -118.74310  RMSG = 2.7763926e-01
 MIN: Iter =   46  NFunc =   580  E =    -118.74912  RMSG = 5.4679845e-02
 MIN: Iter =   47  NFunc =   587  E =    -118.74996  RMSG = 3.2307354e-02
 MIN: Iter =   48  NFunc =   638  E =    -118.75505  RMSG = 4.6851830e-02
 MIN: Iter =   49  NFunc =   667  E =    -118.75872  RMSG = 1.5120208e-01
 MIN: Iter =   50  NFunc =   673  E =    -118.76178  RMSG = 4.3986953e-02
 MIN: Iter =   51  NFunc =   713  E =    -118.76502  RMSG = 6.2720012e-02
 MIN: Iter =   52  NFunc =   727  E =    -118.76734  RMSG = 5.8315335e-02
 MIN: Iter =   53  NFunc =   738  E =    -118.76895  RMSG = 3.0122682e-02
 MIN: Iter =   54  NFunc =   749  E =    -118.76955  RMSG = 2.5235119e-02
 MIN: Iter =   55  NFunc =   768  E =    -118.77000  RMSG = 1.2002591e-02
 MIN: Iter =   56  NFunc =   793  E =    -118.77050  RMSG = 1.2248938e-02
 MIN: Iter =   57  NFunc =   807  E =    -118.77060  RMSG = 7.0680263e-03
 MIN: Iter =   58  NFunc =   823  E =    -118.77065  RMSG = 4.5143385e-03
 MIN: Iter =   59  NFunc =   853  E =    -118.77071  RMSG = 3.1371689e-03
 MIN: Iter =   60  NFunc =   887  E =    -118.77073  RMSG = 1.3512533e-03
 MIN: Iter =   61  NFunc =   917  E =    -118.77073  RMSG = 8.5748793e-04
 MIN: Iter =   62  NFunc =   927  E =    -118.77073  RMSG = 4.2101019e-04
----------------------------------------------------------------
 END:          :-)  E =    -118.77073  RMSG =   0.0004210

     bond:      1.414676551
    angle:      4.201353754
 dihedral:      4.007034567
    enb14:     10.675848662
    eel14:   -153.092172812
      enb:     -2.082202947
      eel:     37.611209411
      egb:    -21.506478984
    econs:      0.000000000
    esurf:      0.000000000
    Total:   -118.770731798
     frms:      0.000421010
====== rms.dat  ======================================================
#Frame      all_heavy
       1       0.9738
