====== tleap.out =====================================================
-I: Adding /home/case/amber24/dat/leap/prep to search path.
-I: Adding /home/case/amber24/dat/leap/lib to search path.
-I: Adding /home/case/amber24/dat/leap/parm to search path.
-I: Adding /home/case/amber24/dat/leap/cmd to search path.
-f: Source leap.in.

Welcome to LEaP!
(no leaprc in search path)
Sourcing: ./leap.in
Using Bondi radii
----- Source: /home/case/amber24/dat/leap/cmd/leaprc.gaff2
----- Source of /home/case/amber24/dat/leap/cmd/leaprc.gaff2 done
Log file: ./leap.log
Loading parameters: /home/case/amber24/dat/leap/parm/gaff2.dat
Reading title:
AMBER General Force Field for organic molecules (Version 2.2.20, March 2021)
Loading parameters: ./X2J.frcmod
Reading force field modification type file (frcmod)
Reading title:
Remark line goes here
Loading Mol2 file: ./X2J.mol2
Reading MOLECULE named X2J
Checking Unit.
Building topology.
"order_residues" off: keep input residue order.
Building atom parameters.
Building bond parameters.
Building angle parameters.
Building proper torsion parameters.
Building improper torsion parameters.
 total 20 improper torsions applied
Building H-Bond parameters.
Incorporating Non-Bonded adjustments.
Not Marking per-residue atom chain types.
Marking per-residue atom chain types.
  (Residues lacking connect0/connect1 - 
   these don't have chain types marked:

	res	total affected

	X2J	1
  )
 (no restraints)
	Quit

Exiting LEaP: Errors = 0; Warnings = 0; Notes = 0.
====== min.o =========================================================
Reading parm file (X2J.parm7)
title:
X2J                                                                             
no velocities were found
no velocities were found
	mm_options:  ntpr=5
	mm_options:  gb=1
	mm_options:  kappa=0.10395
	mm_options:  rgbmax=99.
	mm_options:  cut=99.0
	mm_options:  wcons=0.
     bond:      7.233800518
    angle:      9.029886371
 dihedral:     21.758714203
    enb14:     16.572288947
    eel14:   -246.917870307
      enb:     -7.258309391
      eel:     81.666423512
      egb:    -42.903758411
    econs:      0.000000000
    esurf:      0.000000000
    Total:   -160.818824559
     frms:     14.389809269
Starting TNCG minimisation
 MIN: Iter =    0  NFunc =     1  E =    -160.81882  RMSG = 1.4389809e+01
 MIN: Iter =    1  NFunc =     7  E =    -177.90920  RMSG = 3.1115280e+00
 MIN: Iter =    2  NFunc =    15  E =    -179.31500  RMSG = 3.7794962e+00
 MIN: Iter =    3  NFunc =    23  E =    -181.38756  RMSG = 1.2715709e+00
 MIN: Iter =    4  NFunc =    32  E =    -181.91494  RMSG = 6.5912139e-01
 MIN: Iter =    5  NFunc =    54  E =    -182.33221  RMSG = 4.6796025e-01
 MIN: Iter =    6  NFunc =    64  E =    -182.39432  RMSG = 1.9393339e-01
 MIN: Iter =    7  NFunc =    99  E =    -182.47779  RMSG = 2.8340324e-01
 MIN: Iter =    8  NFunc =   114  E =    -182.50511  RMSG = 8.5071230e-02
 MIN: Iter =    9  NFunc =   166  E =    -182.52272  RMSG = 1.2242106e-01
 MIN: Iter =   10  NFunc =   184  E =    -182.53288  RMSG = 2.4202705e-01
 MIN: Iter =   11  NFunc =   190  E =    -182.53844  RMSG = 6.6295172e-02
 MIN: Iter =   12  NFunc =   201  E =    -182.54216  RMSG = 1.7013740e-01
 MIN: Iter =   13  NFunc =   208  E =    -182.54489  RMSG = 4.7530483e-02
 MIN: Iter =   14  NFunc =   259  E =    -182.55041  RMSG = 1.0071912e-01
 MIN: Iter =   15  NFunc =   277  E =    -182.55568  RMSG = 2.0055368e-01
 MIN: Iter =   16  NFunc =   283  E =    -182.55952  RMSG = 4.8115374e-02
 MIN: Iter =   17  NFunc =   292  E =    -182.56156  RMSG = 1.2917256e-01
 MIN: Iter =   18  NFunc =   298  E =    -182.56303  RMSG = 3.7500021e-02
 MIN: Iter =   19  NFunc =   322  E =    -182.56452  RMSG = 3.5851213e-02
 MIN: Iter =   20  NFunc =   337  E =    -182.56572  RMSG = 7.8100220e-02
 MIN: Iter =   21  NFunc =   343  E =    -182.56627  RMSG = 1.7236522e-02
 MIN: Iter =   22  NFunc =   364  E =    -182.56693  RMSG = 2.2451701e-02
 MIN: Iter =   23  NFunc =   377  E =    -182.56748  RMSG = 3.5837913e-02
 MIN: Iter =   24  NFunc =   384  E =    -182.56768  RMSG = 1.5830311e-02
 MIN: Iter =   25  NFunc =   432  E =    -182.56894  RMSG = 3.2933229e-02
 MIN: Iter =   26  NFunc =   456  E =    -182.56964  RMSG = 3.1891618e-02
 MIN: Iter =   27  NFunc =   471  E =    -182.56986  RMSG = 9.1413255e-03
 MIN: Iter =   28  NFunc =   522  E =    -182.57020  RMSG = 1.2400786e-02
 MIN: Iter =   29  NFunc =   549  E =    -182.57034  RMSG = 5.7264016e-03
 MIN: Iter =   30  NFunc =   573  E =    -182.57039  RMSG = 3.5549281e-03
 MIN: Iter =   31  NFunc =   591  E =    -182.57042  RMSG = 2.2275277e-03
 MIN: Iter =   32  NFunc =   642  E =    -182.57044  RMSG = 1.7354481e-03
 MIN: Iter =   33  NFunc =   669  E =    -182.57045  RMSG = 1.2971221e-03
 MIN: Iter =   34  NFunc =   697  E =    -182.57045  RMSG = 8.6238425e-04
 MIN: Iter =   35  NFunc =   726  E =    -182.57045  RMSG = 5.1970928e-04
 MIN: Iter =   36  NFunc =   764  E =    -182.57046  RMSG = 5.7049814e-04
 MIN: Iter =   37  NFunc =   794  E =    -182.57046  RMSG = 3.2327939e-04
----------------------------------------------------------------
 END:          :-)  E =    -182.57046  RMSG =   0.0003233

     bond:      1.428633934
    angle:      2.896974946
 dihedral:     20.291396787
    enb14:     11.762469372
    eel14:   -248.320576884
      enb:     -7.843902538
      eel:     82.407093425
      egb:    -45.192546829
    econs:      0.000000000
    esurf:      0.000000000
    Total:   -182.570457788
     frms:      0.000323279
====== rms.dat  ======================================================
#Frame      all_heavy
       1       0.2556
