====== tleap.out =====================================================
-I: Adding /home/case/amber24/dat/leap/prep to search path.
-I: Adding /home/case/amber24/dat/leap/lib to search path.
-I: Adding /home/case/amber24/dat/leap/parm to search path.
-I: Adding /home/case/amber24/dat/leap/cmd to search path.
-f: Source leap.in.

Welcome to LEaP!
(no leaprc in search path)
Sourcing: ./leap.in
Using Bondi radii
----- Source: /home/case/amber24/dat/leap/cmd/leaprc.gaff2
----- Source of /home/case/amber24/dat/leap/cmd/leaprc.gaff2 done
Log file: ./leap.log
Loading parameters: /home/case/amber24/dat/leap/parm/gaff2.dat
Reading title:
AMBER General Force Field for organic molecules (Version 2.2.20, March 2021)
Loading parameters: ./XG8.frcmod
Reading force field modification type file (frcmod)
Reading title:
Remark line goes here
Loading Mol2 file: ./XG8.mol2
Reading MOLECULE named XG8
Checking Unit.
Building topology.
"order_residues" off: keep input residue order.
Building atom parameters.
Building bond parameters.
Building angle parameters.
Building proper torsion parameters.
Building improper torsion parameters.
 total 12 improper torsions applied
Building H-Bond parameters.
Incorporating Non-Bonded adjustments.
Not Marking per-residue atom chain types.
Marking per-residue atom chain types.
  (Residues lacking connect0/connect1 - 
   these don't have chain types marked:

	res	total affected

	XG8	1
  )
 (no restraints)
	Quit

Exiting LEaP: Errors = 0; Warnings = 0; Notes = 0.
====== min.o =========================================================
Reading parm file (XG8.parm7)
title:
XG8                                                                             
no velocities were found
no velocities were found
	mm_options:  ntpr=5
	mm_options:  gb=1
	mm_options:  kappa=0.10395
	mm_options:  rgbmax=99.
	mm_options:  cut=99.0
	mm_options:  wcons=0.
     bond:      2.435605038
    angle:      6.850988237
 dihedral:     21.675372881
    enb14:      7.652414186
    eel14:      9.540306235
      enb:     -2.698112512
      eel:    -82.374897695
      egb:    -24.469882188
    econs:      0.000000000
    esurf:      0.000000000
    Total:    -61.388205818
     frms:      9.862543564
Starting TNCG minimisation
 MIN: Iter =    0  NFunc =     1  E =     -61.38821  RMSG = 9.8625436e+00
 MIN: Iter =    1  NFunc =     7  E =     -69.83816  RMSG = 2.5233135e+00
 MIN: Iter =    2  NFunc =    17  E =     -71.42924  RMSG = 1.2715581e+00
 MIN: Iter =    3  NFunc =    29  E =     -71.85572  RMSG = 5.9036546e-01
 MIN: Iter =    4  NFunc =    50  E =     -72.10549  RMSG = 5.4658747e-01
 MIN: Iter =    5  NFunc =    73  E =     -72.31533  RMSG = 6.4318586e-01
 MIN: Iter =    6  NFunc =    81  E =     -72.38375  RMSG = 2.3026672e-01
 MIN: Iter =    7  NFunc =    90  E =     -72.41743  RMSG = 1.9639450e-01
 MIN: Iter =    8  NFunc =   141  E =     -72.50189  RMSG = 2.9667824e-01
 MIN: Iter =    9  NFunc =   152  E =     -72.55036  RMSG = 3.2902274e-01
 MIN: Iter =   10  NFunc =   168  E =     -72.60639  RMSG = 3.3187315e-01
 MIN: Iter =   11  NFunc =   184  E =     -72.65081  RMSG = 2.3029265e-01
 MIN: Iter =   12  NFunc =   207  E =     -72.69788  RMSG = 2.3454388e-01
 MIN: Iter =   13  NFunc =   222  E =     -72.72010  RMSG = 1.0865936e-01
 MIN: Iter =   14  NFunc =   273  E =     -72.74827  RMSG = 2.1780174e-01
 MIN: Iter =   15  NFunc =   279  E =     -72.75374  RMSG = 7.7316751e-02
 MIN: Iter =   16  NFunc =   323  E =     -72.76397  RMSG = 1.1772960e-01
 MIN: Iter =   17  NFunc =   331  E =     -72.76550  RMSG = 3.2407376e-02
 MIN: Iter =   18  NFunc =   341  E =     -72.76643  RMSG = 2.7841282e-02
 MIN: Iter =   19  NFunc =   371  E =     -72.76873  RMSG = 3.5756802e-02
 MIN: Iter =   20  NFunc =   388  E =     -72.76954  RMSG = 1.6612128e-02
 MIN: Iter =   21  NFunc =   398  E =     -72.76963  RMSG = 7.3230187e-03
 MIN: Iter =   22  NFunc =   410  E =     -72.76966  RMSG = 5.0836704e-03
 MIN: Iter =   23  NFunc =   440  E =     -72.76980  RMSG = 5.3407174e-03
 MIN: Iter =   24  NFunc =   462  E =     -72.76985  RMSG = 5.0512660e-03
 MIN: Iter =   25  NFunc =   509  E =     -72.76999  RMSG = 4.3564392e-03
 MIN: Iter =   26  NFunc =   519  E =     -72.77001  RMSG = 2.3934693e-03
 MIN: Iter =   27  NFunc =   537  E =     -72.77003  RMSG = 2.1062367e-03
 MIN: Iter =   28  NFunc =   558  E =     -72.77004  RMSG = 2.7748975e-03
 MIN: Iter =   29  NFunc =   580  E =     -72.77005  RMSG = 1.1743984e-03
 MIN: Iter =   30  NFunc =   614  E =     -72.77005  RMSG = 6.0731038e-04
 MIN: Iter =   31  NFunc =   626  E =     -72.77005  RMSG = 3.6859892e-04
----------------------------------------------------------------
 END:          :-)  E =     -72.77005  RMSG =   0.0003686

     bond:      2.449200313
    angle:      3.395364388
 dihedral:     20.909555261
    enb14:      4.899823731
    eel14:      3.920795691
      enb:     -2.949646313
      eel:    -79.779121782
      egb:    -25.616023821
    econs:      0.000000000
    esurf:      0.000000000
    Total:    -72.770052531
     frms:      0.000368599
====== rms.dat  ======================================================
#Frame      all_heavy
       1       0.4738
