====== tleap.out =====================================================
-I: Adding /home/case/amber24/dat/leap/prep to search path.
-I: Adding /home/case/amber24/dat/leap/lib to search path.
-I: Adding /home/case/amber24/dat/leap/parm to search path.
-I: Adding /home/case/amber24/dat/leap/cmd to search path.
-f: Source leap.in.

Welcome to LEaP!
(no leaprc in search path)
Sourcing: ./leap.in
Using Bondi radii
----- Source: /home/case/amber24/dat/leap/cmd/leaprc.gaff2
----- Source of /home/case/amber24/dat/leap/cmd/leaprc.gaff2 done
Log file: ./leap.log
Loading parameters: /home/case/amber24/dat/leap/parm/gaff2.dat
Reading title:
AMBER General Force Field for organic molecules (Version 2.2.20, March 2021)
Loading parameters: ./XK9.frcmod
Reading force field modification type file (frcmod)
Reading title:
Remark line goes here
Loading Mol2 file: ./XK9.mol2
Reading MOLECULE named XK9
Checking Unit.
Building topology.
"order_residues" off: keep input residue order.
Building atom parameters.
Building bond parameters.
Building angle parameters.
Building proper torsion parameters.
Building improper torsion parameters.
 total 22 improper torsions applied
Building H-Bond parameters.
Incorporating Non-Bonded adjustments.
Not Marking per-residue atom chain types.
Marking per-residue atom chain types.
  (Residues lacking connect0/connect1 - 
   these don't have chain types marked:

	res	total affected

	XK9	1
  )
 (no restraints)
	Quit

Exiting LEaP: Errors = 0; Warnings = 0; Notes = 0.
====== min.o =========================================================
Reading parm file (XK9.parm7)
title:
XK9                                                                             
no velocities were found
no velocities were found
	mm_options:  ntpr=5
	mm_options:  gb=1
	mm_options:  kappa=0.10395
	mm_options:  rgbmax=99.
	mm_options:  cut=99.0
	mm_options:  wcons=0.
     bond:      2.986526828
    angle:     27.312187638
 dihedral:     13.417775338
    enb14:     14.680531067
    eel14:     11.711065977
      enb:      2.742683331
      eel:    -59.228305434
      egb:    -46.271606364
    econs:      0.000000000
    esurf:      0.000000000
    Total:    -32.649141619
     frms:     13.464228688
Starting TNCG minimisation
 MIN: Iter =    0  NFunc =     1  E =     -32.64914  RMSG = 1.3464229e+01
 MIN: Iter =    1  NFunc =     7  E =     -48.26448  RMSG = 3.6287088e+00
 MIN: Iter =    2  NFunc =    19  E =     -53.09598  RMSG = 2.1157675e+00
 MIN: Iter =    3  NFunc =    25  E =     -55.10719  RMSG = 1.1715559e+00
 MIN: Iter =    4  NFunc =    39  E =     -55.99608  RMSG = 8.1273546e-01
 MIN: Iter =    5  NFunc =    74  E =     -56.68637  RMSG = 1.2224634e+00
 MIN: Iter =    6  NFunc =    82  E =     -57.14642  RMSG = 8.1322266e-01
 MIN: Iter =    7  NFunc =    93  E =     -57.60045  RMSG = 8.1077257e-01
 MIN: Iter =    8  NFunc =   101  E =     -57.86308  RMSG = 4.8096583e-01
 MIN: Iter =    9  NFunc =   110  E =     -57.98176  RMSG = 2.8791592e-01
 MIN: Iter =   10  NFunc =   122  E =     -58.03410  RMSG = 1.7202723e-01
 MIN: Iter =   11  NFunc =   143  E =     -58.08917  RMSG = 1.8547634e-01
 MIN: Iter =   12  NFunc =   155  E =     -58.10055  RMSG = 7.0834944e-02
 MIN: Iter =   13  NFunc =   180  E =     -58.11397  RMSG = 1.6254495e-01
 MIN: Iter =   14  NFunc =   187  E =     -58.11622  RMSG = 3.9138194e-02
 MIN: Iter =   15  NFunc =   224  E =     -58.12443  RMSG = 8.9799481e-02
 MIN: Iter =   16  NFunc =   238  E =     -58.13015  RMSG = 1.4708782e-01
 MIN: Iter =   17  NFunc =   245  E =     -58.13320  RMSG = 4.5642056e-02
 MIN: Iter =   18  NFunc =   266  E =     -58.13665  RMSG = 1.0651224e-01
 MIN: Iter =   19  NFunc =   288  E =     -58.13942  RMSG = 3.1604594e-02
 MIN: Iter =   20  NFunc =   318  E =     -58.14201  RMSG = 1.6762782e-01
 MIN: Iter =   21  NFunc =   324  E =     -58.14382  RMSG = 3.6495047e-02
 MIN: Iter =   22  NFunc =   374  E =     -58.14866  RMSG = 4.1469548e-02
 MIN: Iter =   23  NFunc =   401  E =     -58.15386  RMSG = 9.5740702e-02
 MIN: Iter =   24  NFunc =   407  E =     -58.15529  RMSG = 3.3746553e-02
 MIN: Iter =   25  NFunc =   430  E =     -58.15745  RMSG = 3.5300044e-02
 MIN: Iter =   26  NFunc =   480  E =     -58.16042  RMSG = 7.4953757e-02
 MIN: Iter =   27  NFunc =   486  E =     -58.16142  RMSG = 2.8545731e-02
 MIN: Iter =   28  NFunc =   537  E =     -58.16498  RMSG = 6.3370308e-02
 MIN: Iter =   29  NFunc =   545  E =     -58.16690  RMSG = 4.1868444e-02
 MIN: Iter =   30  NFunc =   569  E =     -58.16924  RMSG = 6.1307716e-02
 MIN: Iter =   31  NFunc =   579  E =     -58.17059  RMSG = 2.8799254e-02
 MIN: Iter =   32  NFunc =   605  E =     -58.17163  RMSG = 4.4185831e-02
 MIN: Iter =   33  NFunc =   612  E =     -58.17197  RMSG = 1.3682931e-02
 MIN: Iter =   34  NFunc =   630  E =     -58.17228  RMSG = 1.2416654e-02
 MIN: Iter =   35  NFunc =   673  E =     -58.17269  RMSG = 6.7177422e-03
 MIN: Iter =   36  NFunc =   703  E =     -58.17276  RMSG = 4.1095621e-03
 MIN: Iter =   37  NFunc =   709  E =     -58.17277  RMSG = 2.3255195e-03
 MIN: Iter =   38  NFunc =   731  E =     -58.17278  RMSG = 1.5119556e-03
 MIN: Iter =   39  NFunc =   745  E =     -58.17278  RMSG = 1.0551122e-03
 MIN: Iter =   40  NFunc =   796  E =     -58.17279  RMSG = 5.7941880e-04
 MIN: Iter =   41  NFunc =   807  E =     -58.17279  RMSG = 3.7940826e-04
----------------------------------------------------------------
 END:          :-)  E =     -58.17279  RMSG =   0.0003794

     bond:      4.145525857
    angle:     23.293529399
 dihedral:      9.299447697
    enb14:      9.578453158
    eel14:     -0.258946732
      enb:     -1.227659702
      eel:    -54.789628874
      egb:    -48.213506393
    econs:      0.000000000
    esurf:      0.000000000
    Total:    -58.172785590
     frms:      0.000379408
====== rms.dat  ======================================================
#Frame      all_heavy
       1       0.4555
