====== tleap.out =====================================================
-I: Adding /home/case/amber24/dat/leap/prep to search path.
-I: Adding /home/case/amber24/dat/leap/lib to search path.
-I: Adding /home/case/amber24/dat/leap/parm to search path.
-I: Adding /home/case/amber24/dat/leap/cmd to search path.
-f: Source leap.in.

Welcome to LEaP!
(no leaprc in search path)
Sourcing: ./leap.in
Using Bondi radii
----- Source: /home/case/amber24/dat/leap/cmd/leaprc.gaff2
----- Source of /home/case/amber24/dat/leap/cmd/leaprc.gaff2 done
Log file: ./leap.log
Loading parameters: /home/case/amber24/dat/leap/parm/gaff2.dat
Reading title:
AMBER General Force Field for organic molecules (Version 2.2.20, March 2021)
Loading parameters: ./XNS.frcmod
Reading force field modification type file (frcmod)
Reading title:
Remark line goes here
Loading Mol2 file: ./XNS.mol2
Reading MOLECULE named XNS
Checking Unit.
Building topology.
"order_residues" off: keep input residue order.
Building atom parameters.
Building bond parameters.
Building angle parameters.
Building proper torsion parameters.
Building improper torsion parameters.
 total 1 improper torsion applied
Building H-Bond parameters.
Incorporating Non-Bonded adjustments.
Not Marking per-residue atom chain types.
Marking per-residue atom chain types.
  (Residues lacking connect0/connect1 - 
   these don't have chain types marked:

	res	total affected

	XNS	1
  )
 (no restraints)
	Quit

Exiting LEaP: Errors = 0; Warnings = 0; Notes = 0.
====== min.o =========================================================
Reading parm file (XNS.parm7)
title:
XNS                                                                             
no velocities were found
no velocities were found
	mm_options:  ntpr=5
	mm_options:  gb=1
	mm_options:  kappa=0.10395
	mm_options:  rgbmax=99.
	mm_options:  cut=99.0
	mm_options:  wcons=0.
     bond:      2.717311113
    angle:      3.585857636
 dihedral:     43.359999020
    enb14:     12.511990495
    eel14:    171.770613223
      enb:     -4.095687155
      eel:   -126.774737920
      egb:    -32.683727264
    econs:      0.000000000
    esurf:      0.000000000
    Total:     70.391619148
     frms:      8.275253942
Starting TNCG minimisation
 MIN: Iter =    0  NFunc =     1  E =      70.39162  RMSG = 8.2752539e+00
 MIN: Iter =    1  NFunc =     8  E =      58.04728  RMSG = 3.0837222e+00
 MIN: Iter =    2  NFunc =    14  E =      56.60808  RMSG = 9.4433631e-01
 MIN: Iter =    3  NFunc =    27  E =      55.55497  RMSG = 3.1575419e+00
 MIN: Iter =    4  NFunc =    33  E =      55.05054  RMSG = 4.3012058e-01
 MIN: Iter =    5  NFunc =    54  E =      54.78072  RMSG = 1.7304909e+00
 MIN: Iter =    6  NFunc =    60  E =      54.59940  RMSG = 3.0652214e-01
 MIN: Iter =    7  NFunc =    79  E =      54.52626  RMSG = 4.4839061e-01
 MIN: Iter =    8  NFunc =    90  E =      54.42187  RMSG = 1.0294562e+00
 MIN: Iter =    9  NFunc =    96  E =      54.24339  RMSG = 1.3334086e+00
 MIN: Iter =   10  NFunc =   102  E =      53.96039  RMSG = 1.7249723e+00
 MIN: Iter =   11  NFunc =   108  E =      53.55713  RMSG = 1.7649292e+00
 MIN: Iter =   12  NFunc =   114  E =      53.08714  RMSG = 2.0800303e+00
 MIN: Iter =   13  NFunc =   120  E =      52.62784  RMSG = 1.0894034e+00
 MIN: Iter =   14  NFunc =   126  E =      52.37323  RMSG = 1.3172269e+00
 MIN: Iter =   15  NFunc =   132  E =      52.24754  RMSG = 2.4264254e-01
 MIN: Iter =   16  NFunc =   140  E =      52.20131  RMSG = 2.7337776e-01
 MIN: Iter =   17  NFunc =   191  E =      52.11554  RMSG = 4.7247798e-01
 MIN: Iter =   18  NFunc =   197  E =      52.08406  RMSG = 1.3772139e-01
 MIN: Iter =   19  NFunc =   248  E =      52.01392  RMSG = 4.6698524e-01
 MIN: Iter =   20  NFunc =   254  E =      51.92635  RMSG = 6.5072350e-01
 MIN: Iter =   21  NFunc =   260  E =      51.76955  RMSG = 7.8731224e-01
 MIN: Iter =   22  NFunc =   266  E =      51.55207  RMSG = 1.0257332e+00
 MIN: Iter =   23  NFunc =   272  E =      51.23672  RMSG = 1.0307949e+00
 MIN: Iter =   24  NFunc =   278  E =      50.90308  RMSG = 8.0594876e-01
 MIN: Iter =   25  NFunc =   285  E =      50.66500  RMSG = 5.6946833e-01
 MIN: Iter =   26  NFunc =   292  E =      50.50702  RMSG = 3.5375149e-01
 MIN: Iter =   27  NFunc =   305  E =      50.36479  RMSG = 5.3249191e-01
 MIN: Iter =   28  NFunc =   313  E =      50.30866  RMSG = 1.5514394e-01
 MIN: Iter =   29  NFunc =   364  E =      50.18631  RMSG = 3.3540210e-01
 MIN: Iter =   30  NFunc =   380  E =      50.08029  RMSG = 4.7837848e-01
 MIN: Iter =   31  NFunc =   389  E =      49.98530  RMSG = 3.6841902e-01
 MIN: Iter =   32  NFunc =   395  E =      49.92652  RMSG = 3.0265245e-01
 MIN: Iter =   33  NFunc =   401  E =      49.88977  RMSG = 1.6197711e-01
 MIN: Iter =   34  NFunc =   422  E =      49.85255  RMSG = 3.3647357e-01
 MIN: Iter =   35  NFunc =   436  E =      49.82155  RMSG = 1.2358471e-01
 MIN: Iter =   36  NFunc =   445  E =      49.80467  RMSG = 1.7317848e-01
 MIN: Iter =   37  NFunc =   466  E =      49.77424  RMSG = 2.0883937e-01
 MIN: Iter =   38  NFunc =   486  E =      49.74616  RMSG = 1.4432291e-01
 MIN: Iter =   39  NFunc =   500  E =      49.73117  RMSG = 7.6000773e-02
 MIN: Iter =   40  NFunc =   528  E =      49.71460  RMSG = 1.0234496e-01
 MIN: Iter =   41  NFunc =   549  E =      49.70799  RMSG = 4.3698878e-02
 MIN: Iter =   42  NFunc =   571  E =      49.70470  RMSG = 2.7156669e-02
 MIN: Iter =   43  NFunc =   608  E =      49.70279  RMSG = 2.2985157e-02
 MIN: Iter =   44  NFunc =   626  E =      49.70237  RMSG = 8.3224439e-03
 MIN: Iter =   45  NFunc =   648  E =      49.70215  RMSG = 6.5206172e-03
 MIN: Iter =   46  NFunc =   669  E =      49.70205  RMSG = 5.0544460e-03
 MIN: Iter =   47  NFunc =   686  E =      49.70200  RMSG = 3.5563276e-03
 MIN: Iter =   48  NFunc =   700  E =      49.70199  RMSG = 1.7464822e-03
 MIN: Iter =   49  NFunc =   725  E =      49.70198  RMSG = 1.7268014e-03
 MIN: Iter =   50  NFunc =   767  E =      49.70193  RMSG = 2.4704951e-03
 MIN: Iter =   51  NFunc =   800  E =      49.70191  RMSG = 1.1877452e-03
 MIN: Iter =   52  NFunc =   848  E =      49.70190  RMSG = 7.5575516e-04
 MIN: Iter =   53  NFunc =   877  E =      49.70190  RMSG = 5.7978377e-04
 MIN: Iter =   54  NFunc =   900  E =      49.70190  RMSG = 4.1271309e-04
----------------------------------------------------------------
 END:          :-)  E =      49.70190  RMSG =   0.0004127

     bond:      2.191307428
    angle:      1.764116081
 dihedral:     40.249489420
    enb14:      7.563204717
    eel14:    169.333638681
      enb:     -4.475116977
      eel:   -134.946027087
      egb:    -31.978711574
    econs:      0.000000000
    esurf:      0.000000000
    Total:     49.701900688
     frms:      0.000412713
====== rms.dat  ======================================================
#Frame      all_heavy
       1       0.5207
