====== tleap.out =====================================================
-I: Adding /home/case/amber24/dat/leap/prep to search path.
-I: Adding /home/case/amber24/dat/leap/lib to search path.
-I: Adding /home/case/amber24/dat/leap/parm to search path.
-I: Adding /home/case/amber24/dat/leap/cmd to search path.
-f: Source leap.in.

Welcome to LEaP!
(no leaprc in search path)
Sourcing: ./leap.in
Using Bondi radii
----- Source: /home/case/amber24/dat/leap/cmd/leaprc.gaff2
----- Source of /home/case/amber24/dat/leap/cmd/leaprc.gaff2 done
Log file: ./leap.log
Loading parameters: /home/case/amber24/dat/leap/parm/gaff2.dat
Reading title:
AMBER General Force Field for organic molecules (Version 2.2.20, March 2021)
Loading parameters: ./XS0.frcmod
Reading force field modification type file (frcmod)
Reading title:
Remark line goes here
Loading Mol2 file: ./XS0.mol2
Reading MOLECULE named XS0
Checking Unit.
Building topology.
"order_residues" off: keep input residue order.
Building atom parameters.
Building bond parameters.
Building angle parameters.
Building proper torsion parameters.
Building improper torsion parameters.
 total 15 improper torsions applied
Building H-Bond parameters.
Incorporating Non-Bonded adjustments.
Not Marking per-residue atom chain types.
Marking per-residue atom chain types.
  (Residues lacking connect0/connect1 - 
   these don't have chain types marked:

	res	total affected

	XS0	1
  )
 (no restraints)
	Quit

Exiting LEaP: Errors = 0; Warnings = 0; Notes = 0.
====== min.o =========================================================
Reading parm file (XS0.parm7)
title:
XS0                                                                             
no velocities were found
no velocities were found
	mm_options:  ntpr=5
	mm_options:  gb=1
	mm_options:  kappa=0.10395
	mm_options:  rgbmax=99.
	mm_options:  cut=99.0
	mm_options:  wcons=0.
     bond:      4.983640340
    angle:     17.647881118
 dihedral:     22.842206664
    enb14:     14.926275443
    eel14:     75.286325136
      enb:     -6.773280417
      eel:    -98.495513587
      egb:    -39.464662427
    econs:      0.000000000
    esurf:      0.000000000
    Total:     -9.047127729
     frms:     13.625212799
Starting TNCG minimisation
 MIN: Iter =    0  NFunc =     1  E =      -9.04713  RMSG = 1.3625213e+01
 MIN: Iter =    1  NFunc =     7  E =     -25.44506  RMSG = 3.7192969e+00
 MIN: Iter =    2  NFunc =    21  E =     -29.60382  RMSG = 1.5718132e+00
 MIN: Iter =    3  NFunc =    28  E =     -30.48473  RMSG = 8.0993147e-01
 MIN: Iter =    4  NFunc =    43  E =     -30.89529  RMSG = 3.4129975e-01
 MIN: Iter =    5  NFunc =    94  E =     -31.10149  RMSG = 8.6757313e-01
 MIN: Iter =    6  NFunc =   100  E =     -31.20848  RMSG = 2.9094871e-01
 MIN: Iter =    7  NFunc =   122  E =     -31.33034  RMSG = 7.3320299e-01
 MIN: Iter =    8  NFunc =   129  E =     -31.41244  RMSG = 2.0513687e-01
 MIN: Iter =    9  NFunc =   137  E =     -31.45153  RMSG = 4.1095288e-01
 MIN: Iter =   10  NFunc =   144  E =     -31.47782  RMSG = 1.2167636e-01
 MIN: Iter =   11  NFunc =   195  E =     -31.55341  RMSG = 5.3564063e-01
 MIN: Iter =   12  NFunc =   201  E =     -31.60633  RMSG = 2.0405719e-01
 MIN: Iter =   13  NFunc =   210  E =     -31.63440  RMSG = 1.9816479e-01
 MIN: Iter =   14  NFunc =   233  E =     -31.67620  RMSG = 2.0622952e-01
 MIN: Iter =   15  NFunc =   284  E =     -31.74177  RMSG = 2.6476614e-01
 MIN: Iter =   16  NFunc =   291  E =     -31.77225  RMSG = 1.6208142e-01
 MIN: Iter =   17  NFunc =   313  E =     -31.82339  RMSG = 2.0650240e-01
 MIN: Iter =   18  NFunc =   324  E =     -31.86909  RMSG = 2.8412411e-01
 MIN: Iter =   19  NFunc =   330  E =     -31.90426  RMSG = 2.5435905e-01
 MIN: Iter =   20  NFunc =   336  E =     -31.92508  RMSG = 1.9024915e-01
 MIN: Iter =   21  NFunc =   359  E =     -31.96574  RMSG = 2.0629023e-01
 MIN: Iter =   22  NFunc =   373  E =     -32.00365  RMSG = 1.8200968e-01
 MIN: Iter =   23  NFunc =   380  E =     -32.03268  RMSG = 2.0442352e-01
 MIN: Iter =   24  NFunc =   431  E =     -32.11761  RMSG = 2.9263551e-01
 MIN: Iter =   25  NFunc =   447  E =     -32.19313  RMSG = 2.6993516e-01
 MIN: Iter =   26  NFunc =   459  E =     -32.25554  RMSG = 3.1639563e-01
 MIN: Iter =   27  NFunc =   467  E =     -32.28274  RMSG = 1.6167395e-01
 MIN: Iter =   28  NFunc =   473  E =     -32.29729  RMSG = 1.4109328e-01
 MIN: Iter =   29  NFunc =   519  E =     -32.35524  RMSG = 1.7435947e-01
 MIN: Iter =   30  NFunc =   543  E =     -32.40043  RMSG = 1.9918308e-01
 MIN: Iter =   31  NFunc =   557  E =     -32.43427  RMSG = 1.5548168e-01
 MIN: Iter =   32  NFunc =   564  E =     -32.44523  RMSG = 1.0590490e-01
 MIN: Iter =   33  NFunc =   609  E =     -32.48125  RMSG = 1.9298290e-01
 MIN: Iter =   34  NFunc =   616  E =     -32.49143  RMSG = 9.3752835e-02
 MIN: Iter =   35  NFunc =   663  E =     -32.51223  RMSG = 1.7865573e-01
 MIN: Iter =   36  NFunc =   679  E =     -32.52659  RMSG = 7.1626168e-02
 MIN: Iter =   37  NFunc =   690  E =     -32.53339  RMSG = 7.4725629e-02
 MIN: Iter =   38  NFunc =   712  E =     -32.54137  RMSG = 8.5801931e-02
 MIN: Iter =   39  NFunc =   739  E =     -32.54909  RMSG = 5.4539868e-02
 MIN: Iter =   40  NFunc =   790  E =     -32.55663  RMSG = 1.1618796e-01
 MIN: Iter =   41  NFunc =   796  E =     -32.55999  RMSG = 4.4720242e-02
 MIN: Iter =   42  NFunc =   810  E =     -32.56208  RMSG = 3.2637401e-02
 MIN: Iter =   43  NFunc =   822  E =     -32.56270  RMSG = 1.6310071e-02
 MIN: Iter =   44  NFunc =   851  E =     -32.56367  RMSG = 1.3014790e-02
 MIN: Iter =   45  NFunc =   878  E =     -32.56386  RMSG = 6.1685178e-03
 MIN: Iter =   46  NFunc =   929  E =     -32.56411  RMSG = 6.7221046e-03
 MIN: Iter =   47  NFunc =   963  E =     -32.56431  RMSG = 4.8570663e-03
 MIN: Iter =   48  NFunc =  1007  E =     -32.56462  RMSG = 8.3876545e-03
 MIN: Iter =   49  NFunc =  1058  E =     -32.56478  RMSG = 4.6630203e-03
 MIN: Iter =   50  NFunc =  1100  E =     -32.56501  RMSG = 7.0673015e-03
 MIN: Iter =   51  NFunc =  1141  E =     -32.56513  RMSG = 5.0156884e-03
 MIN: Iter =   52  NFunc =  1192  E =     -32.56525  RMSG = 5.1343444e-03
 MIN: Iter =   53  NFunc =  1204  E =     -32.56526  RMSG = 1.7303030e-03
 MIN: Iter =   54  NFunc =  1250  E =     -32.56527  RMSG = 9.6398522e-04
 MIN: Iter =   55  NFunc =  1301  E =     -32.56527  RMSG = 8.5970118e-04
 MIN: Iter =   56  NFunc =  1352  E =     -32.56527  RMSG = 5.6318831e-04
 MIN: Iter =   57  NFunc =  1385  E =     -32.56527  RMSG = 2.7860039e-04
----------------------------------------------------------------
 END:          :-)  E =     -32.56527  RMSG =   0.0002786

     bond:      2.583047917
    angle:     10.214979160
 dihedral:     21.476662246
    enb14:     10.776903839
    eel14:     77.097660564
      enb:     -7.787457863
      eel:   -106.669700570
      egb:    -40.257369854
    econs:      0.000000000
    esurf:      0.000000000
    Total:    -32.565274561
     frms:      0.000278600
====== rms.dat  ======================================================
#Frame      all_heavy
       1       1.4441
