====== tleap.out =====================================================
-I: Adding /home/case/amber24/dat/leap/prep to search path.
-I: Adding /home/case/amber24/dat/leap/lib to search path.
-I: Adding /home/case/amber24/dat/leap/parm to search path.
-I: Adding /home/case/amber24/dat/leap/cmd to search path.
-f: Source leap.in.

Welcome to LEaP!
(no leaprc in search path)
Sourcing: ./leap.in
Using Bondi radii
----- Source: /home/case/amber24/dat/leap/cmd/leaprc.gaff2
----- Source of /home/case/amber24/dat/leap/cmd/leaprc.gaff2 done
Log file: ./leap.log
Loading parameters: /home/case/amber24/dat/leap/parm/gaff2.dat
Reading title:
AMBER General Force Field for organic molecules (Version 2.2.20, March 2021)
Loading parameters: ./XTC.frcmod
Reading force field modification type file (frcmod)
Reading title:
Remark line goes here
Loading Mol2 file: ./XTC.mol2
Reading MOLECULE named XTC
Checking Unit.
Building topology.
"order_residues" off: keep input residue order.
Building atom parameters.
Building bond parameters.
Building angle parameters.
Building proper torsion parameters.
Building improper torsion parameters.
 total 15 improper torsions applied
Building H-Bond parameters.
Incorporating Non-Bonded adjustments.
Not Marking per-residue atom chain types.
Marking per-residue atom chain types.
  (Residues lacking connect0/connect1 - 
   these don't have chain types marked:

	res	total affected

	XTC	1
  )
 (no restraints)
	Quit

Exiting LEaP: Errors = 0; Warnings = 0; Notes = 0.
====== min.o =========================================================
Reading parm file (XTC.parm7)
title:
XTC                                                                             
no velocities were found
no velocities were found
	mm_options:  ntpr=5
	mm_options:  gb=1
	mm_options:  kappa=0.10395
	mm_options:  rgbmax=99.
	mm_options:  cut=99.0
	mm_options:  wcons=0.
     bond:      5.814516882
    angle:      5.939664891
 dihedral:     59.312986460
    enb14:     23.717270682
    eel14:   -350.153970766
      enb:      7.720620860
      eel:    171.034800053
      egb:    -39.035842310
    econs:      0.000000000
    esurf:      0.000000000
    Total:   -115.649953248
     frms:     12.651582057
Starting TNCG minimisation
 MIN: Iter =    0  NFunc =     1  E =    -115.64995  RMSG = 1.2651582e+01
 MIN: Iter =    1  NFunc =     7  E =    -131.79838  RMSG = 3.4597523e+00
 MIN: Iter =    2  NFunc =    20  E =    -136.78284  RMSG = 2.2942741e+00
 MIN: Iter =    3  NFunc =    28  E =    -138.07387  RMSG = 1.2159271e+00
 MIN: Iter =    4  NFunc =    39  E =    -139.00898  RMSG = 1.2868019e+00
 MIN: Iter =    5  NFunc =    53  E =    -139.44928  RMSG = 4.3332487e-01
 MIN: Iter =    6  NFunc =   104  E =    -139.87157  RMSG = 7.9297774e-01
 MIN: Iter =    7  NFunc =   111  E =    -140.11182  RMSG = 5.5966650e-01
 MIN: Iter =    8  NFunc =   131  E =    -140.44035  RMSG = 9.4735844e-01
 MIN: Iter =    9  NFunc =   141  E =    -140.71621  RMSG = 6.5867554e-01
 MIN: Iter =   10  NFunc =   150  E =    -140.85476  RMSG = 3.8188484e-01
 MIN: Iter =   11  NFunc =   175  E =    -141.05466  RMSG = 4.0483599e-01
 MIN: Iter =   12  NFunc =   204  E =    -141.20139  RMSG = 3.3115806e-01
 MIN: Iter =   13  NFunc =   220  E =    -141.26927  RMSG = 1.6367584e-01
 MIN: Iter =   14  NFunc =   264  E =    -141.31419  RMSG = 5.5790047e-01
 MIN: Iter =   15  NFunc =   270  E =    -141.34718  RMSG = 1.3309656e-01
 MIN: Iter =   16  NFunc =   298  E =    -141.36796  RMSG = 1.8738354e-01
 MIN: Iter =   17  NFunc =   304  E =    -141.37315  RMSG = 5.7993173e-02
 MIN: Iter =   18  NFunc =   355  E =    -141.38367  RMSG = 2.4749576e-01
 MIN: Iter =   19  NFunc =   361  E =    -141.39071  RMSG = 5.2595760e-02
 MIN: Iter =   20  NFunc =   379  E =    -141.39253  RMSG = 1.9271539e-02
 MIN: Iter =   21  NFunc =   397  E =    -141.39284  RMSG = 7.7400125e-03
 MIN: Iter =   22  NFunc =   417  E =    -141.39290  RMSG = 3.6126014e-03
 MIN: Iter =   23  NFunc =   463  E =    -141.39300  RMSG = 2.9366582e-03
 MIN: Iter =   24  NFunc =   484  E =    -141.39301  RMSG = 1.3763181e-03
 MIN: Iter =   25  NFunc =   508  E =    -141.39302  RMSG = 7.7700364e-04
 MIN: Iter =   26  NFunc =   529  E =    -141.39302  RMSG = 5.4187819e-04
 MIN: Iter =   27  NFunc =   580  E =    -141.39302  RMSG = 6.7488624e-04
 MIN: Iter =   28  NFunc =   603  E =    -141.39303  RMSG = 4.1161424e-04
----------------------------------------------------------------
 END:          :-)  E =    -141.39303  RMSG =   0.0004116

     bond:      4.303123397
    angle:      6.728118162
 dihedral:     48.356570712
    enb14:     15.402147753
    eel14:   -347.212945556
      enb:      2.670278300
      eel:    170.197576431
      egb:    -41.837894346
    econs:      0.000000000
    esurf:      0.000000000
    Total:   -141.393025147
     frms:      0.000411614
====== rms.dat  ======================================================
#Frame      all_heavy
       1       0.5476
