====== tleap.out =====================================================
-I: Adding /home/case/amber24/dat/leap/prep to search path.
-I: Adding /home/case/amber24/dat/leap/lib to search path.
-I: Adding /home/case/amber24/dat/leap/parm to search path.
-I: Adding /home/case/amber24/dat/leap/cmd to search path.
-f: Source leap.in.

Welcome to LEaP!
(no leaprc in search path)
Sourcing: ./leap.in
Using Bondi radii
----- Source: /home/case/amber24/dat/leap/cmd/leaprc.gaff2
----- Source of /home/case/amber24/dat/leap/cmd/leaprc.gaff2 done
Log file: ./leap.log
Loading parameters: /home/case/amber24/dat/leap/parm/gaff2.dat
Reading title:
AMBER General Force Field for organic molecules (Version 2.2.20, March 2021)
Loading parameters: ./XUK.frcmod
Reading force field modification type file (frcmod)
Reading title:
Remark line goes here
Loading Mol2 file: ./XUK.mol2
Reading MOLECULE named XUK
Checking Unit.
Building topology.
"order_residues" off: keep input residue order.
Building atom parameters.
Building bond parameters.
Building angle parameters.
Building proper torsion parameters.
Building improper torsion parameters.
 total 9 improper torsions applied
Building H-Bond parameters.
Incorporating Non-Bonded adjustments.
Not Marking per-residue atom chain types.
Marking per-residue atom chain types.
  (Residues lacking connect0/connect1 - 
   these don't have chain types marked:

	res	total affected

	XUK	1
  )
 (no restraints)
	Quit

Exiting LEaP: Errors = 0; Warnings = 0; Notes = 0.
====== min.o =========================================================
Reading parm file (XUK.parm7)
title:
XUK                                                                             
no velocities were found
no velocities were found
	mm_options:  ntpr=5
	mm_options:  gb=1
	mm_options:  kappa=0.10395
	mm_options:  rgbmax=99.
	mm_options:  cut=99.0
	mm_options:  wcons=0.
     bond:      0.818325350
    angle:     22.115289073
 dihedral:      2.807084510
    enb14:      3.337590371
    eel14:    -75.300007311
      enb:     -0.820343993
      eel:     34.874526511
      egb:    -14.142130292
    econs:      0.000000000
    esurf:      0.000000000
    Total:    -26.309665780
     frms:     19.074198282
Starting TNCG minimisation
 MIN: Iter =    0  NFunc =     1  E =     -26.30967  RMSG = 1.9074198e+01
 MIN: Iter =    1  NFunc =     7  E =     -33.89405  RMSG = 2.6059156e+00
 MIN: Iter =    2  NFunc =    13  E =     -34.20822  RMSG = 7.1192134e-01
 MIN: Iter =    3  NFunc =    20  E =     -34.27778  RMSG = 5.2509330e-01
 MIN: Iter =    4  NFunc =    26  E =     -34.31180  RMSG = 3.9070211e-01
 MIN: Iter =    5  NFunc =    32  E =     -34.32672  RMSG = 1.6317390e-01
 MIN: Iter =    6  NFunc =    42  E =     -34.33759  RMSG = 1.1465956e-01
 MIN: Iter =    7  NFunc =    54  E =     -34.34120  RMSG = 6.0987336e-02
 MIN: Iter =    8  NFunc =    63  E =     -34.34174  RMSG = 2.9480588e-02
 MIN: Iter =    9  NFunc =    69  E =     -34.34192  RMSG = 1.9778354e-02
 MIN: Iter =   10  NFunc =    77  E =     -34.34201  RMSG = 9.9382206e-03
 MIN: Iter =   11  NFunc =    89  E =     -34.34203  RMSG = 3.3130610e-03
 MIN: Iter =   12  NFunc =    95  E =     -34.34203  RMSG = 2.3797323e-03
 MIN: Iter =   13  NFunc =   103  E =     -34.34204  RMSG = 8.0727724e-04
 MIN: Iter =   14  NFunc =   109  E =     -34.34204  RMSG = 3.9166026e-04
----------------------------------------------------------------
 END:          :-)  E =     -34.34204  RMSG =   0.0003917

     bond:      0.856626651
    angle:     15.991232737
 dihedral:      0.303355150
    enb14:      3.012251301
    eel14:    -74.952220193
      enb:     -0.750926905
      eel:     34.716557027
      egb:    -13.518910854
    econs:      0.000000000
    esurf:      0.000000000
    Total:    -34.342035085
     frms:      0.000391660
====== rms.dat  ======================================================
#Frame      all_heavy
       1       0.0490
