====== tleap.out =====================================================
-I: Adding /home/case/amber24/dat/leap/prep to search path.
-I: Adding /home/case/amber24/dat/leap/lib to search path.
-I: Adding /home/case/amber24/dat/leap/parm to search path.
-I: Adding /home/case/amber24/dat/leap/cmd to search path.
-f: Source leap.in.

Welcome to LEaP!
(no leaprc in search path)
Sourcing: ./leap.in
Using Bondi radii
----- Source: /home/case/amber24/dat/leap/cmd/leaprc.gaff2
----- Source of /home/case/amber24/dat/leap/cmd/leaprc.gaff2 done
Log file: ./leap.log
Loading parameters: /home/case/amber24/dat/leap/parm/gaff2.dat
Reading title:
AMBER General Force Field for organic molecules (Version 2.2.20, March 2021)
Loading parameters: ./XWH.frcmod
Reading force field modification type file (frcmod)
Reading title:
Remark line goes here
Loading Mol2 file: ./XWH.mol2
Reading MOLECULE named XWH
Checking Unit.
Building topology.
"order_residues" off: keep input residue order.
Building atom parameters.
Building bond parameters.
Building angle parameters.
Building proper torsion parameters.
Building improper torsion parameters.
 total 9 improper torsions applied
Building H-Bond parameters.
Incorporating Non-Bonded adjustments.
Not Marking per-residue atom chain types.
Marking per-residue atom chain types.
  (Residues lacking connect0/connect1 - 
   these don't have chain types marked:

	res	total affected

	XWH	1
  )
 (no restraints)
	Quit

Exiting LEaP: Errors = 0; Warnings = 0; Notes = 0.
====== min.o =========================================================
Reading parm file (XWH.parm7)
title:
XWH                                                                             
no velocities were found
no velocities were found
	mm_options:  ntpr=5
	mm_options:  gb=1
	mm_options:  kappa=0.10395
	mm_options:  rgbmax=99.
	mm_options:  cut=99.0
	mm_options:  wcons=0.
     bond:      1.676188641
    angle:     12.151704120
 dihedral:      2.189016487
    enb14:      5.294675667
    eel14:    -17.385268421
      enb:     -1.317074107
      eel:     13.930425607
      egb:    -16.927128650
    econs:      0.000000000
    esurf:      0.000000000
    Total:     -0.387460655
     frms:     10.728079768
Starting TNCG minimisation
 MIN: Iter =    0  NFunc =     1  E =      -0.38746  RMSG = 1.0728080e+01
 MIN: Iter =    1  NFunc =     7  E =      -5.91787  RMSG = 3.1204183e+00
 MIN: Iter =    2  NFunc =    13  E =      -7.11487  RMSG = 1.4094314e+00
 MIN: Iter =    3  NFunc =    29  E =      -8.23342  RMSG = 1.3103933e+00
 MIN: Iter =    4  NFunc =    39  E =      -8.49607  RMSG = 6.2398772e-01
 MIN: Iter =    5  NFunc =    52  E =      -8.72686  RMSG = 5.3313829e-01
 MIN: Iter =    6  NFunc =    58  E =      -8.75888  RMSG = 2.4213704e-01
 MIN: Iter =    7  NFunc =    68  E =      -8.77295  RMSG = 1.2079501e-01
 MIN: Iter =    8  NFunc =    80  E =      -8.78111  RMSG = 7.4203400e-02
 MIN: Iter =    9  NFunc =   132  E =      -8.79352  RMSG = 1.9847413e-01
 MIN: Iter =   10  NFunc =   139  E =      -8.80236  RMSG = 2.2462800e-01
 MIN: Iter =   11  NFunc =   145  E =      -8.81355  RMSG = 4.6911263e-01
 MIN: Iter =   12  NFunc =   151  E =      -8.82906  RMSG = 1.0383339e-01
 MIN: Iter =   13  NFunc =   158  E =      -8.83529  RMSG = 1.7836385e-01
 MIN: Iter =   14  NFunc =   164  E =      -8.84285  RMSG = 2.6175477e-01
 MIN: Iter =   15  NFunc =   171  E =      -8.85141  RMSG = 1.8096851e-01
 MIN: Iter =   16  NFunc =   177  E =      -8.85771  RMSG = 1.8571059e-01
 MIN: Iter =   17  NFunc =   183  E =      -8.86274  RMSG = 1.4710290e-01
 MIN: Iter =   18  NFunc =   189  E =      -8.86597  RMSG = 1.1687194e-01
 MIN: Iter =   19  NFunc =   195  E =      -8.86786  RMSG = 7.9757050e-02
 MIN: Iter =   20  NFunc =   202  E =      -8.86914  RMSG = 6.6324695e-02
 MIN: Iter =   21  NFunc =   208  E =      -8.86968  RMSG = 3.2447460e-02
 MIN: Iter =   22  NFunc =   222  E =      -8.87048  RMSG = 4.4294280e-02
 MIN: Iter =   23  NFunc =   229  E =      -8.87061  RMSG = 1.3918220e-02
 MIN: Iter =   24  NFunc =   238  E =      -8.87067  RMSG = 8.7185110e-03
 MIN: Iter =   25  NFunc =   245  E =      -8.87069  RMSG = 5.6291414e-03
 MIN: Iter =   26  NFunc =   254  E =      -8.87070  RMSG = 3.1052748e-03
 MIN: Iter =   27  NFunc =   275  E =      -8.87070  RMSG = 1.9382353e-03
 MIN: Iter =   28  NFunc =   281  E =      -8.87070  RMSG = 8.6903947e-04
 MIN: Iter =   29  NFunc =   291  E =      -8.87071  RMSG = 3.7116603e-04
----------------------------------------------------------------
 END:          :-)  E =      -8.87071  RMSG =   0.0003712

     bond:      1.239228914
    angle:      8.816997424
 dihedral:      0.000000112
    enb14:      3.926323332
    eel14:    -17.216749713
      enb:     -1.114374404
      eel:     13.855059938
      egb:    -18.377190629
    econs:      0.000000000
    esurf:      0.000000000
    Total:     -8.870705026
     frms:      0.000371166
====== rms.dat  ======================================================
#Frame      all_heavy
       1       0.3411
