====== tleap.out =====================================================
-I: Adding /home/case/amber24/dat/leap/prep to search path.
-I: Adding /home/case/amber24/dat/leap/lib to search path.
-I: Adding /home/case/amber24/dat/leap/parm to search path.
-I: Adding /home/case/amber24/dat/leap/cmd to search path.
-f: Source leap.in.

Welcome to LEaP!
(no leaprc in search path)
Sourcing: ./leap.in
Using Bondi radii
----- Source: /home/case/amber24/dat/leap/cmd/leaprc.gaff2
----- Source of /home/case/amber24/dat/leap/cmd/leaprc.gaff2 done
Log file: ./leap.log
Loading parameters: /home/case/amber24/dat/leap/parm/gaff2.dat
Reading title:
AMBER General Force Field for organic molecules (Version 2.2.20, March 2021)
Loading parameters: ./XX9.frcmod
Reading force field modification type file (frcmod)
Reading title:
Remark line goes here
Loading Mol2 file: ./XX9.mol2
Reading MOLECULE named XX9
Checking Unit.
Building topology.
"order_residues" off: keep input residue order.
Building atom parameters.
Building bond parameters.
Building angle parameters.
Building proper torsion parameters.
Building improper torsion parameters.
 total 21 improper torsions applied
Building H-Bond parameters.
Incorporating Non-Bonded adjustments.
Not Marking per-residue atom chain types.
Marking per-residue atom chain types.
  (Residues lacking connect0/connect1 - 
   these don't have chain types marked:

	res	total affected

	XX9	1
  )
 (no restraints)
	Quit

Exiting LEaP: Errors = 0; Warnings = 0; Notes = 0.
====== min.o =========================================================
Reading parm file (XX9.parm7)
title:
XX9                                                                             
no velocities were found
no velocities were found
	mm_options:  ntpr=5
	mm_options:  gb=1
	mm_options:  kappa=0.10395
	mm_options:  rgbmax=99.
	mm_options:  cut=99.0
	mm_options:  wcons=0.
     bond:      3.123889057
    angle:      5.828509267
 dihedral:     58.334575090
    enb14:     19.961947401
    eel14:   -198.053176464
      enb:     -3.702215330
      eel:    117.175081112
      egb:    -23.124896009
    econs:      0.000000000
    esurf:      0.000000000
    Total:    -20.456285877
     frms:      8.801540422
Starting TNCG minimisation
 MIN: Iter =    0  NFunc =     1  E =     -20.45629  RMSG = 8.8015404e+00
 MIN: Iter =    1  NFunc =     7  E =     -32.44890  RMSG = 1.9234652e+00
 MIN: Iter =    2  NFunc =    14  E =     -34.05152  RMSG = 8.7492962e-01
 MIN: Iter =    3  NFunc =    25  E =     -34.66803  RMSG = 4.8150965e-01
 MIN: Iter =    4  NFunc =    76  E =     -35.20692  RMSG = 5.6433007e-01
 MIN: Iter =    5  NFunc =    89  E =     -35.68765  RMSG = 6.2991845e-01
 MIN: Iter =    6  NFunc =    95  E =     -36.15478  RMSG = 6.5361279e-01
 MIN: Iter =    7  NFunc =   103  E =     -36.51773  RMSG = 5.3209911e-01
 MIN: Iter =    8  NFunc =   128  E =     -36.93594  RMSG = 4.6577175e-01
 MIN: Iter =    9  NFunc =   155  E =     -37.21723  RMSG = 5.0294711e-01
 MIN: Iter =   10  NFunc =   171  E =     -37.39377  RMSG = 3.1879470e-01
 MIN: Iter =   11  NFunc =   182  E =     -37.47127  RMSG = 2.0556910e-01
 MIN: Iter =   12  NFunc =   233  E =     -37.61076  RMSG = 3.8475344e-01
 MIN: Iter =   13  NFunc =   244  E =     -37.73353  RMSG = 3.3819181e-01
 MIN: Iter =   14  NFunc =   250  E =     -37.82218  RMSG = 2.6713953e-01
 MIN: Iter =   15  NFunc =   260  E =     -37.90292  RMSG = 2.2236096e-01
 MIN: Iter =   16  NFunc =   270  E =     -37.94307  RMSG = 1.4640130e-01
 MIN: Iter =   17  NFunc =   276  E =     -37.95404  RMSG = 8.6763275e-02
 MIN: Iter =   18  NFunc =   292  E =     -37.96680  RMSG = 8.5904895e-02
 MIN: Iter =   19  NFunc =   343  E =     -37.98905  RMSG = 1.3287140e-01
 MIN: Iter =   20  NFunc =   349  E =     -37.99216  RMSG = 5.0661976e-02
 MIN: Iter =   21  NFunc =   363  E =     -37.99719  RMSG = 3.9034738e-02
 MIN: Iter =   22  NFunc =   398  E =     -38.00514  RMSG = 6.2254149e-02
 MIN: Iter =   23  NFunc =   449  E =     -38.01912  RMSG = 1.3400586e-01
 MIN: Iter =   24  NFunc =   455  E =     -38.02293  RMSG = 4.9350600e-02
 MIN: Iter =   25  NFunc =   480  E =     -38.02595  RMSG = 2.0096849e-02
 MIN: Iter =   26  NFunc =   525  E =     -38.02931  RMSG = 2.8591126e-02
 MIN: Iter =   27  NFunc =   549  E =     -38.02982  RMSG = 9.1388252e-03
 MIN: Iter =   28  NFunc =   584  E =     -38.03004  RMSG = 4.7627973e-03
 MIN: Iter =   29  NFunc =   610  E =     -38.03016  RMSG = 4.2877075e-03
 MIN: Iter =   30  NFunc =   656  E =     -38.03031  RMSG = 3.3597095e-03
 MIN: Iter =   31  NFunc =   676  E =     -38.03033  RMSG = 1.5427637e-03
 MIN: Iter =   32  NFunc =   694  E =     -38.03034  RMSG = 1.3668527e-03
 MIN: Iter =   33  NFunc =   723  E =     -38.03034  RMSG = 8.1113462e-04
 MIN: Iter =   34  NFunc =   774  E =     -38.03035  RMSG = 6.7228949e-04
 MIN: Iter =   35  NFunc =   796  E =     -38.03035  RMSG = 4.6386260e-04
----------------------------------------------------------------
 END:          :-)  E =     -38.03035  RMSG =   0.0004639

     bond:      2.713256902
    angle:      4.213169947
 dihedral:     54.672217839
    enb14:     13.918916791
    eel14:   -196.876142633
      enb:     -8.599534366
      eel:    115.308616800
      egb:    -23.380848212
    econs:      0.000000000
    esurf:      0.000000000
    Total:    -38.030346932
     frms:      0.000463863
====== rms.dat  ======================================================
#Frame      all_heavy
       1       0.6514
