====== tleap.out =====================================================
-I: Adding /home/case/amber24/dat/leap/prep to search path.
-I: Adding /home/case/amber24/dat/leap/lib to search path.
-I: Adding /home/case/amber24/dat/leap/parm to search path.
-I: Adding /home/case/amber24/dat/leap/cmd to search path.
-f: Source leap.in.

Welcome to LEaP!
(no leaprc in search path)
Sourcing: ./leap.in
Using Bondi radii
----- Source: /home/case/amber24/dat/leap/cmd/leaprc.gaff2
----- Source of /home/case/amber24/dat/leap/cmd/leaprc.gaff2 done
Log file: ./leap.log
Loading parameters: /home/case/amber24/dat/leap/parm/gaff2.dat
Reading title:
AMBER General Force Field for organic molecules (Version 2.2.20, March 2021)
Loading parameters: ./U0Z.frcmod
Reading force field modification type file (frcmod)
Reading title:
Remark line goes here
Loading Mol2 file: ./U0Z.mol2
Reading MOLECULE named U0Z
Checking Unit.
Building topology.
"order_residues" off: keep input residue order.
Building atom parameters.
Building bond parameters.
Building angle parameters.
Building proper torsion parameters.
Building improper torsion parameters.
 total 8 improper torsions applied
Building H-Bond parameters.
Incorporating Non-Bonded adjustments.
Not Marking per-residue atom chain types.
Marking per-residue atom chain types.
  (Residues lacking connect0/connect1 - 
   these don't have chain types marked:

	res	total affected

	U0Z	1
  )
 (no restraints)
	Quit

Exiting LEaP: Errors = 0; Warnings = 0; Notes = 0.
====== min.o =========================================================
Reading parm file (U0Z.parm7)
title:
U0Z                                                                             
no velocities were found
no velocities were found
	mm_options:  ntpr=5
	mm_options:  gb=1
	mm_options:  kappa=0.10395
	mm_options:  rgbmax=99.
	mm_options:  cut=99.0
	mm_options:  wcons=0.
     bond:      1.435633696
    angle:      7.723207461
 dihedral:      0.398449253
    enb14:      6.636084225
    eel14:    -13.074037405
      enb:     -1.649126015
      eel:     -7.474971412
      egb:     -9.061495443
    econs:      0.000000000
    esurf:      0.000000000
    Total:    -15.066255641
     frms:     13.052600754
Starting TNCG minimisation
 MIN: Iter =    0  NFunc =     1  E =     -15.06626  RMSG = 1.3052601e+01
 MIN: Iter =    1  NFunc =     7  E =     -20.68896  RMSG = 2.1955955e+00
 MIN: Iter =    2  NFunc =    13  E =     -21.46979  RMSG = 9.2446157e-01
 MIN: Iter =    3  NFunc =    19  E =     -21.58465  RMSG = 3.4685057e-01
 MIN: Iter =    4  NFunc =    32  E =     -21.63131  RMSG = 1.5989129e-01
 MIN: Iter =    5  NFunc =    47  E =     -21.64409  RMSG = 8.8885400e-02
 MIN: Iter =    6  NFunc =    62  E =     -21.64782  RMSG = 4.2474402e-02
 MIN: Iter =    7  NFunc =    68  E =     -21.64808  RMSG = 2.2345838e-02
 MIN: Iter =    8  NFunc =    75  E =     -21.64816  RMSG = 1.1248944e-02
 MIN: Iter =    9  NFunc =    86  E =     -21.64823  RMSG = 7.3983962e-03
 MIN: Iter =   10  NFunc =    92  E =     -21.64824  RMSG = 2.8527675e-03
 MIN: Iter =   11  NFunc =    99  E =     -21.64824  RMSG = 1.0397483e-03
 MIN: Iter =   12  NFunc =   116  E =     -21.64824  RMSG = 4.9179312e-04
----------------------------------------------------------------
 END:          :-)  E =     -21.64824  RMSG =   0.0004918

     bond:      0.756499820
    angle:      4.397626619
 dihedral:      0.460199532
    enb14:      4.647527326
    eel14:    -13.091685028
      enb:     -1.821838111
      eel:     -7.260162637
      egb:     -9.736408746
    econs:      0.000000000
    esurf:      0.000000000
    Total:    -21.648241225
     frms:      0.000491793
====== rms.dat  ======================================================
#Frame      all_heavy
       1       0.0552
