====== tleap.out =====================================================
-I: Adding /home/case/amber24/dat/leap/prep to search path.
-I: Adding /home/case/amber24/dat/leap/lib to search path.
-I: Adding /home/case/amber24/dat/leap/parm to search path.
-I: Adding /home/case/amber24/dat/leap/cmd to search path.
-f: Source leap.in.

Welcome to LEaP!
(no leaprc in search path)
Sourcing: ./leap.in
Using Bondi radii
----- Source: /home/case/amber24/dat/leap/cmd/leaprc.gaff2
----- Source of /home/case/amber24/dat/leap/cmd/leaprc.gaff2 done
Log file: ./leap.log
Loading parameters: /home/case/amber24/dat/leap/parm/gaff2.dat
Reading title:
AMBER General Force Field for organic molecules (Version 2.2.20, March 2021)
Loading parameters: ./U2F.frcmod
Reading force field modification type file (frcmod)
Reading title:
Remark line goes here
Loading Mol2 file: ./U2F.mol2
Reading MOLECULE named U2F
Checking Unit.

/home/case/amber24/bin/teLeap: Warning!
The unperturbed charge of the unit (-2.003000) is not zero.

/home/case/amber24/bin/teLeap: Note.
Ignoring the warning from Unit Checking.

Building topology.
"order_residues" off: keep input residue order.
Building atom parameters.
Building bond parameters.
Building angle parameters.
Building proper torsion parameters.
Building improper torsion parameters.
 total 6 improper torsions applied
Building H-Bond parameters.
Incorporating Non-Bonded adjustments.
Not Marking per-residue atom chain types.
Marking per-residue atom chain types.
  (Residues lacking connect0/connect1 - 
   these don't have chain types marked:

	res	total affected

	U2F	1
  )
 (no restraints)
	Quit

Exiting LEaP: Errors = 0; Warnings = 1; Notes = 1.
====== min.o =========================================================
Reading parm file (U2F.parm7)
title:
U2F                                                                             
no velocities were found
no velocities were found
	mm_options:  ntpr=5
	mm_options:  gb=1
	mm_options:  kappa=0.10395
	mm_options:  rgbmax=99.
	mm_options:  cut=99.0
	mm_options:  wcons=0.
     bond:      4.924694639
    angle:     23.408876055
 dihedral:     72.814891067
    enb14:     13.910568846
    eel14:   -619.508767680
      enb:    -10.566779531
      eel:    313.116888090
      egb:   -215.003462660
    econs:      0.000000000
    esurf:      0.000000000
    Total:   -416.903091175
     frms:     16.776331720
Starting TNCG minimisation
 MIN: Iter =    0  NFunc =     1  E =    -416.90309  RMSG = 1.6776332e+01
 MIN: Iter =    1  NFunc =     7  E =    -447.83341  RMSG = 4.1508767e+00
 MIN: Iter =    2  NFunc =    14  E =    -452.41443  RMSG = 2.0131696e+00
 MIN: Iter =    3  NFunc =    32  E =    -454.31938  RMSG = 2.0190393e+00
 MIN: Iter =    4  NFunc =    40  E =    -455.63553  RMSG = 1.8517995e+00
 MIN: Iter =    5  NFunc =    46  E =    -456.48859  RMSG = 1.3425841e+00
 MIN: Iter =    6  NFunc =    53  E =    -456.86810  RMSG = 7.5224907e-01
 MIN: Iter =    7  NFunc =    64  E =    -457.32742  RMSG = 1.7386807e+00
 MIN: Iter =    8  NFunc =    71  E =    -457.61156  RMSG = 5.9221912e-01
 MIN: Iter =    9  NFunc =   104  E =    -457.74159  RMSG = 8.4273843e-01
 MIN: Iter =   10  NFunc =   112  E =    -457.93848  RMSG = 1.0481938e+00
 MIN: Iter =   11  NFunc =   119  E =    -458.17911  RMSG = 2.5314954e+00
 MIN: Iter =   12  NFunc =   125  E =    -458.68489  RMSG = 6.9358503e-01
 MIN: Iter =   13  NFunc =   132  E =    -458.96171  RMSG = 1.3046343e+00
 MIN: Iter =   14  NFunc =   138  E =    -459.27499  RMSG = 1.0870890e+00
 MIN: Iter =   15  NFunc =   149  E =    -459.56029  RMSG = 1.3518529e+00
 MIN: Iter =   16  NFunc =   155  E =    -459.70454  RMSG = 3.5099581e-01
 MIN: Iter =   17  NFunc =   170  E =    -459.80551  RMSG = 4.4328423e-01
 MIN: Iter =   18  NFunc =   177  E =    -459.87914  RMSG = 5.1578818e-01
 MIN: Iter =   19  NFunc =   183  E =    -459.92084  RMSG = 2.6958722e-01
 MIN: Iter =   20  NFunc =   195  E =    -459.97050  RMSG = 8.0994292e-01
 MIN: Iter =   21  NFunc =   201  E =    -460.01351  RMSG = 1.4037258e-01
 MIN: Iter =   22  NFunc =   239  E =    -460.04585  RMSG = 2.6563145e-01
 MIN: Iter =   23  NFunc =   259  E =    -460.10194  RMSG = 1.2360942e+00
 MIN: Iter =   24  NFunc =   265  E =    -460.24895  RMSG = 5.0177287e-01
 MIN: Iter =   25  NFunc =   272  E =    -460.36631  RMSG = 1.3580399e+00
 MIN: Iter =   26  NFunc =   278  E =    -460.61014  RMSG = 1.1920648e+00
 MIN: Iter =   27  NFunc =   284  E =    -460.86375  RMSG = 1.5001569e+00
 MIN: Iter =   28  NFunc =   290  E =    -461.19937  RMSG = 1.3106304e+00
 MIN: Iter =   29  NFunc =   296  E =    -461.48514  RMSG = 1.1581893e+00
 MIN: Iter =   30  NFunc =   302  E =    -461.68030  RMSG = 7.3649497e-01
 MIN: Iter =   31  NFunc =   308  E =    -461.78285  RMSG = 6.0742898e-01
 MIN: Iter =   32  NFunc =   334  E =    -461.94612  RMSG = 6.0511717e-01
 MIN: Iter =   33  NFunc =   363  E =    -462.09161  RMSG = 5.2665939e-01
 MIN: Iter =   34  NFunc =   372  E =    -462.17366  RMSG = 2.6066737e-01
 MIN: Iter =   35  NFunc =   383  E =    -462.22451  RMSG = 1.8031161e-01
 MIN: Iter =   36  NFunc =   434  E =    -462.35598  RMSG = 3.9873556e-01
 MIN: Iter =   37  NFunc =   440  E =    -462.46959  RMSG = 4.1715256e-01
 MIN: Iter =   38  NFunc =   446  E =    -462.57116  RMSG = 3.9936094e-01
 MIN: Iter =   39  NFunc =   452  E =    -462.66784  RMSG = 3.5334589e-01
 MIN: Iter =   40  NFunc =   458  E =    -462.73475  RMSG = 2.8529151e-01
 MIN: Iter =   41  NFunc =   501  E =    -462.89923  RMSG = 4.1196083e-01
 MIN: Iter =   42  NFunc =   517  E =    -463.05044  RMSG = 5.8897668e-01
 MIN: Iter =   43  NFunc =   528  E =    -463.19192  RMSG = 5.8096950e-01
 MIN: Iter =   44  NFunc =   535  E =    -463.28608  RMSG = 3.7737220e-01
 MIN: Iter =   45  NFunc =   573  E =    -463.44340  RMSG = 9.9822616e-01
 MIN: Iter =   46  NFunc =   579  E =    -463.54494  RMSG = 2.5799846e-01
 MIN: Iter =   47  NFunc =   629  E =    -463.71188  RMSG = 6.4799831e-01
 MIN: Iter =   48  NFunc =   651  E =    -463.87488  RMSG = 9.3150570e-01
 MIN: Iter =   49  NFunc =   657  E =    -463.99147  RMSG = 3.4972033e-01
 MIN: Iter =   50  NFunc =   681  E =    -464.12700  RMSG = 5.6867354e-01
 MIN: Iter =   51  NFunc =   687  E =    -464.17235  RMSG = 1.5676848e-01
 MIN: Iter =   52  NFunc =   730  E =    -464.26483  RMSG = 4.0796520e-01
 MIN: Iter =   53  NFunc =   736  E =    -464.28909  RMSG = 1.4927048e-01
 MIN: Iter =   54  NFunc =   759  E =    -464.32748  RMSG = 1.3826284e-01
 MIN: Iter =   55  NFunc =   780  E =    -464.35322  RMSG = 9.3230614e-02
 MIN: Iter =   56  NFunc =   817  E =    -464.38089  RMSG = 2.1253530e-01
 MIN: Iter =   57  NFunc =   823  E =    -464.38747  RMSG = 6.0481319e-02
 MIN: Iter =   58  NFunc =   864  E =    -464.39568  RMSG = 1.3218169e-01
 MIN: Iter =   59  NFunc =   870  E =    -464.39797  RMSG = 3.5455336e-02
 MIN: Iter =   60  NFunc =   921  E =    -464.40285  RMSG = 5.1895857e-02
 MIN: Iter =   61  NFunc =   945  E =    -464.40627  RMSG = 5.4431040e-02
 MIN: Iter =   62  NFunc =   996  E =    -464.41024  RMSG = 6.3576630e-02
 MIN: Iter =   63  NFunc =  1002  E =    -464.41091  RMSG = 2.2309103e-02
 MIN: Iter =   64  NFunc =  1053  E =    -464.41344  RMSG = 5.4830237e-02
 MIN: Iter =   65  NFunc =  1104  E =    -464.41652  RMSG = 6.9601374e-02
 MIN: Iter =   66  NFunc =  1137  E =    -464.41982  RMSG = 8.3139990e-02
 MIN: Iter =   67  NFunc =  1167  E =    -464.42332  RMSG = 9.8911204e-02
 MIN: Iter =   68  NFunc =  1173  E =    -464.42908  RMSG = 1.9173964e-01
 MIN: Iter =   69  NFunc =  1179  E =    -464.43680  RMSG = 7.2694182e-02
 MIN: Iter =   70  NFunc =  1195  E =    -464.44210  RMSG = 1.5941169e-01
 MIN: Iter =   71  NFunc =  1201  E =    -464.44513  RMSG = 3.8104316e-02
 MIN: Iter =   72  NFunc =  1246  E =    -464.45201  RMSG = 4.9382405e-02
 MIN: Iter =   73  NFunc =  1297  E =    -464.46000  RMSG = 8.9979309e-02
 MIN: Iter =   74  NFunc =  1321  E =    -464.46327  RMSG = 2.4821742e-02
 MIN: Iter =   75  NFunc =  1362  E =    -464.46493  RMSG = 1.5705294e-02
 MIN: Iter =   76  NFunc =  1385  E =    -464.46530  RMSG = 8.7753086e-03
 MIN: Iter =   77  NFunc =  1420  E =    -464.46563  RMSG = 6.4114571e-03
 MIN: Iter =   78  NFunc =  1439  E =    -464.46570  RMSG = 3.9265331e-03
 MIN: Iter =   79  NFunc =  1454  E =    -464.46573  RMSG = 3.4802607e-03
 MIN: Iter =   80  NFunc =  1488  E =    -464.46575  RMSG = 1.7983742e-03
 MIN: Iter =   81  NFunc =  1521  E =    -464.46576  RMSG = 1.0585028e-03
 MIN: Iter =   82  NFunc =  1546  E =    -464.46576  RMSG = 6.4936914e-04
 MIN: Iter =   83  NFunc =  1557  E =    -464.46576  RMSG = 3.4245755e-04
----------------------------------------------------------------
 END:          :-)  E =    -464.46576  RMSG =   0.0003425

     bond:      4.638405988
    angle:     17.475043123
 dihedral:     68.550518553
    enb14:     12.680430905
    eel14:   -656.773715203
      enb:    -10.432807521
      eel:    322.965487077
      egb:   -223.569126802
    econs:      0.000000000
    esurf:      0.000000000
    Total:   -464.465763879
     frms:      0.000342458
====== rms.dat  ======================================================
#Frame      all_heavy
       1       1.5684
