====== tleap.out =====================================================
-I: Adding /home/case/amber24/dat/leap/prep to search path.
-I: Adding /home/case/amber24/dat/leap/lib to search path.
-I: Adding /home/case/amber24/dat/leap/parm to search path.
-I: Adding /home/case/amber24/dat/leap/cmd to search path.
-f: Source leap.in.

Welcome to LEaP!
(no leaprc in search path)
Sourcing: ./leap.in
Using Bondi radii
----- Source: /home/case/amber24/dat/leap/cmd/leaprc.gaff2
----- Source of /home/case/amber24/dat/leap/cmd/leaprc.gaff2 done
Log file: ./leap.log
Loading parameters: /home/case/amber24/dat/leap/parm/gaff2.dat
Reading title:
AMBER General Force Field for organic molecules (Version 2.2.20, March 2021)
Loading parameters: ./U8N.frcmod
Reading force field modification type file (frcmod)
Reading title:
Remark line goes here
Loading Mol2 file: ./U8N.mol2
Reading MOLECULE named U8N
Checking Unit.
Building topology.
"order_residues" off: keep input residue order.
Building atom parameters.
Building bond parameters.
Building angle parameters.
Building proper torsion parameters.
Building improper torsion parameters.
 total 10 improper torsions applied
Building H-Bond parameters.
Incorporating Non-Bonded adjustments.
Not Marking per-residue atom chain types.
Marking per-residue atom chain types.
  (Residues lacking connect0/connect1 - 
   these don't have chain types marked:

	res	total affected

	U8N	1
  )
 (no restraints)
	Quit

Exiting LEaP: Errors = 0; Warnings = 0; Notes = 0.
====== min.o =========================================================
Reading parm file (U8N.parm7)
title:
U8N                                                                             
no velocities were found
no velocities were found
	mm_options:  ntpr=5
	mm_options:  gb=1
	mm_options:  kappa=0.10395
	mm_options:  rgbmax=99.
	mm_options:  cut=99.0
	mm_options:  wcons=0.
     bond:      1.200461330
    angle:      3.512460317
 dihedral:      4.013680542
    enb14:      6.552106297
    eel14:     17.757998508
      enb:     -0.578054838
      eel:    -37.586876414
      egb:    -16.828115466
    econs:      0.000000000
    esurf:      0.000000000
    Total:    -21.956339725
     frms:      8.445844756
Starting TNCG minimisation
 MIN: Iter =    0  NFunc =     1  E =     -21.95634  RMSG = 8.4458448e+00
 MIN: Iter =    1  NFunc =     7  E =     -26.05135  RMSG = 2.4548932e+00
 MIN: Iter =    2  NFunc =    13  E =     -26.44508  RMSG = 8.1388080e-01
 MIN: Iter =    3  NFunc =    19  E =     -26.51554  RMSG = 3.5729570e-01
 MIN: Iter =    4  NFunc =    25  E =     -26.52317  RMSG = 6.1746520e-02
 MIN: Iter =    5  NFunc =    41  E =     -26.52726  RMSG = 6.9657989e-02
 MIN: Iter =    6  NFunc =    53  E =     -26.52766  RMSG = 1.4659350e-02
 MIN: Iter =    7  NFunc =    61  E =     -26.52769  RMSG = 7.6948291e-03
 MIN: Iter =    8  NFunc =    67  E =     -26.52769  RMSG = 3.2815733e-03
 MIN: Iter =    9  NFunc =    74  E =     -26.52769  RMSG = 2.2688511e-03
 MIN: Iter =   10  NFunc =    80  E =     -26.52770  RMSG = 1.1109931e-03
 MIN: Iter =   11  NFunc =    86  E =     -26.52770  RMSG = 5.0583933e-04
 MIN: Iter =   12  NFunc =    94  E =     -26.52770  RMSG = 2.2485457e-04
----------------------------------------------------------------
 END:          :-)  E =     -26.52770  RMSG =   0.0002249

     bond:      0.619949580
    angle:      1.363450690
 dihedral:      4.000000084
    enb14:      5.016416987
    eel14:     17.474056102
      enb:     -0.645442449
      eel:    -37.322395721
      egb:    -17.033731077
    econs:      0.000000000
    esurf:      0.000000000
    Total:    -26.527695803
     frms:      0.000224855
====== rms.dat  ======================================================
#Frame      all_heavy
       1       0.0443
