====== tleap.out =====================================================
-I: Adding /home/case/amber24/dat/leap/prep to search path.
-I: Adding /home/case/amber24/dat/leap/lib to search path.
-I: Adding /home/case/amber24/dat/leap/parm to search path.
-I: Adding /home/case/amber24/dat/leap/cmd to search path.
-f: Source leap.in.

Welcome to LEaP!
(no leaprc in search path)
Sourcing: ./leap.in
Using Bondi radii
----- Source: /home/case/amber24/dat/leap/cmd/leaprc.gaff2
----- Source of /home/case/amber24/dat/leap/cmd/leaprc.gaff2 done
Log file: ./leap.log
Loading parameters: /home/case/amber24/dat/leap/parm/gaff2.dat
Reading title:
AMBER General Force Field for organic molecules (Version 2.2.20, March 2021)
Loading parameters: ./U9Q.frcmod
Reading force field modification type file (frcmod)
Reading title:
Remark line goes here
Loading Mol2 file: ./U9Q.mol2
Reading MOLECULE named U9Q
Checking Unit.
Building topology.
"order_residues" off: keep input residue order.
Building atom parameters.
Building bond parameters.
Building angle parameters.
Building proper torsion parameters.
Building improper torsion parameters.
 total 19 improper torsions applied
Building H-Bond parameters.
Incorporating Non-Bonded adjustments.
Not Marking per-residue atom chain types.
Marking per-residue atom chain types.
  (Residues lacking connect0/connect1 - 
   these don't have chain types marked:

	res	total affected

	U9Q	1
  )
 (no restraints)
	Quit

Exiting LEaP: Errors = 0; Warnings = 0; Notes = 0.
====== min.o =========================================================
Reading parm file (U9Q.parm7)
title:
U9Q                                                                             
no velocities were found
no velocities were found
	mm_options:  ntpr=5
	mm_options:  gb=1
	mm_options:  kappa=0.10395
	mm_options:  rgbmax=99.
	mm_options:  cut=99.0
	mm_options:  wcons=0.
     bond:      5.536826746
    angle:     26.105149086
 dihedral:     36.738221172
    enb14:     16.236331387
    eel14:     89.784101770
      enb:     -1.800658756
      eel:    -66.930121722
      egb:    -25.155623581
    econs:      0.000000000
    esurf:      0.000000000
    Total:     80.514226103
     frms:     12.196270313
Starting TNCG minimisation
 MIN: Iter =    0  NFunc =     1  E =      80.51423  RMSG = 1.2196270e+01
 MIN: Iter =    1  NFunc =     7  E =      66.87581  RMSG = 3.2426270e+00
 MIN: Iter =    2  NFunc =    17  E =      63.71149  RMSG = 1.2278690e+00
 MIN: Iter =    3  NFunc =    31  E =      62.81513  RMSG = 6.8015549e-01
 MIN: Iter =    4  NFunc =    49  E =      62.34564  RMSG = 5.1705302e-01
 MIN: Iter =    5  NFunc =    70  E =      62.06136  RMSG = 4.7388809e-01
 MIN: Iter =    6  NFunc =    85  E =      61.95407  RMSG = 2.2344051e-01
 MIN: Iter =    7  NFunc =   105  E =      61.85797  RMSG = 2.5783386e-01
 MIN: Iter =    8  NFunc =   112  E =      61.84330  RMSG = 1.0143087e-01
 MIN: Iter =    9  NFunc =   127  E =      61.82985  RMSG = 7.2904020e-02
 MIN: Iter =   10  NFunc =   172  E =      61.78269  RMSG = 2.3407714e-01
 MIN: Iter =   11  NFunc =   178  E =      61.77334  RMSG = 6.4204972e-02
 MIN: Iter =   12  NFunc =   229  E =      61.74675  RMSG = 1.9125845e-01
 MIN: Iter =   13  NFunc =   280  E =      61.69803  RMSG = 3.9320004e-01
 MIN: Iter =   14  NFunc =   288  E =      61.64648  RMSG = 1.9575374e-01
 MIN: Iter =   15  NFunc =   312  E =      61.59427  RMSG = 3.0891902e-01
 MIN: Iter =   16  NFunc =   319  E =      61.56100  RMSG = 1.3289250e-01
 MIN: Iter =   17  NFunc =   330  E =      61.54110  RMSG = 1.7206652e-01
 MIN: Iter =   18  NFunc =   349  E =      61.51934  RMSG = 9.6475114e-02
 MIN: Iter =   19  NFunc =   386  E =      61.49653  RMSG = 2.4951329e-01
 MIN: Iter =   20  NFunc =   392  E =      61.48379  RMSG = 7.4879855e-02
 MIN: Iter =   21  NFunc =   408  E =      61.47788  RMSG = 4.5131884e-02
 MIN: Iter =   22  NFunc =   427  E =      61.47510  RMSG = 2.6196667e-02
 MIN: Iter =   23  NFunc =   449  E =      61.47373  RMSG = 2.2094960e-02
 MIN: Iter =   24  NFunc =   478  E =      61.47270  RMSG = 1.2954437e-02
 MIN: Iter =   25  NFunc =   500  E =      61.47230  RMSG = 1.1299585e-02
 MIN: Iter =   26  NFunc =   536  E =      61.47184  RMSG = 8.9523019e-03
 MIN: Iter =   27  NFunc =   585  E =      61.47157  RMSG = 4.8880574e-03
 MIN: Iter =   28  NFunc =   605  E =      61.47155  RMSG = 2.3370331e-03
 MIN: Iter =   29  NFunc =   648  E =      61.47152  RMSG = 2.0308902e-03
 MIN: Iter =   30  NFunc =   677  E =      61.47151  RMSG = 1.1330152e-03
 MIN: Iter =   31  NFunc =   700  E =      61.47151  RMSG = 4.6770907e-04
----------------------------------------------------------------
 END:          :-)  E =      61.47151  RMSG =   0.0004677

     bond:      4.272899306
    angle:     22.076622385
 dihedral:     35.719348199
    enb14:     11.577647234
    eel14:     85.244846223
      enb:     -5.280022188
      eel:    -62.515404252
      egb:    -29.624431632
    econs:      0.000000000
    esurf:      0.000000000
    Total:     61.471505276
     frms:      0.000467709
====== rms.dat  ======================================================
#Frame      all_heavy
       1       0.5423
