====== tleap.out =====================================================
-I: Adding /home/case/amber24/dat/leap/prep to search path.
-I: Adding /home/case/amber24/dat/leap/lib to search path.
-I: Adding /home/case/amber24/dat/leap/parm to search path.
-I: Adding /home/case/amber24/dat/leap/cmd to search path.
-f: Source leap.in.

Welcome to LEaP!
(no leaprc in search path)
Sourcing: ./leap.in
Using Bondi radii
----- Source: /home/case/amber24/dat/leap/cmd/leaprc.gaff2
----- Source of /home/case/amber24/dat/leap/cmd/leaprc.gaff2 done
Log file: ./leap.log
Loading parameters: /home/case/amber24/dat/leap/parm/gaff2.dat
Reading title:
AMBER General Force Field for organic molecules (Version 2.2.20, March 2021)
Loading parameters: ./UBX.frcmod
Reading force field modification type file (frcmod)
Reading title:
Remark line goes here
Loading Mol2 file: ./UBX.mol2
Reading MOLECULE named UBX
Checking Unit.

/home/case/amber24/bin/teLeap: Warning!
The unperturbed charge of the unit (-1.002002) is not zero.

/home/case/amber24/bin/teLeap: Note.
Ignoring the warning from Unit Checking.

Building topology.
"order_residues" off: keep input residue order.
Building atom parameters.
Building bond parameters.
Building angle parameters.
Building proper torsion parameters.
Building improper torsion parameters.
 total 10 improper torsions applied
Building H-Bond parameters.
Incorporating Non-Bonded adjustments.
Not Marking per-residue atom chain types.
Marking per-residue atom chain types.
  (Residues lacking connect0/connect1 - 
   these don't have chain types marked:

	res	total affected

	UBX	1
  )
 (no restraints)
	Quit

Exiting LEaP: Errors = 0; Warnings = 1; Notes = 1.
====== min.o =========================================================
Reading parm file (UBX.parm7)
title:
UBX                                                                             
no velocities were found
no velocities were found
	mm_options:  ntpr=5
	mm_options:  gb=1
	mm_options:  kappa=0.10395
	mm_options:  rgbmax=99.
	mm_options:  cut=99.0
	mm_options:  wcons=0.
     bond:      2.660100349
    angle:      6.112855775
 dihedral:     31.679517584
    enb14:     10.019985605
    eel14:    224.629254161
      enb:     -5.151378524
      eel:   -317.490453788
      egb:    -89.288708269
    econs:      0.000000000
    esurf:      0.000000000
    Total:   -136.828827108
     frms:      8.485721163
Starting TNCG minimisation
 MIN: Iter =    0  NFunc =     1  E =    -136.82883  RMSG = 8.4857212e+00
 MIN: Iter =    1  NFunc =    11  E =    -147.29115  RMSG = 4.9291390e+00
 MIN: Iter =    2  NFunc =    17  E =    -151.60766  RMSG = 2.2448506e+00
 MIN: Iter =    3  NFunc =    25  E =    -153.18979  RMSG = 1.2693291e+00
 MIN: Iter =    4  NFunc =    57  E =    -154.20385  RMSG = 1.6137962e+00
 MIN: Iter =    5  NFunc =   108  E =    -155.26434  RMSG = 1.8066705e+00
 MIN: Iter =    6  NFunc =   114  E =    -156.30175  RMSG = 1.5338005e+00
 MIN: Iter =    7  NFunc =   120  E =    -157.22333  RMSG = 1.2094120e+00
 MIN: Iter =    8  NFunc =   126  E =    -157.92907  RMSG = 9.5698013e-01
 MIN: Iter =    9  NFunc =   132  E =    -158.30214  RMSG = 5.7058501e-01
 MIN: Iter =   10  NFunc =   144  E =    -158.74596  RMSG = 5.7645267e-01
 MIN: Iter =   11  NFunc =   150  E =    -158.93753  RMSG = 4.8634714e-01
 MIN: Iter =   12  NFunc =   200  E =    -159.22751  RMSG = 6.9615035e-01
 MIN: Iter =   13  NFunc =   211  E =    -159.40164  RMSG = 4.4345713e-01
 MIN: Iter =   14  NFunc =   217  E =    -159.50743  RMSG = 4.4857188e-01
 MIN: Iter =   15  NFunc =   234  E =    -159.62869  RMSG = 3.1415404e-01
 MIN: Iter =   16  NFunc =   262  E =    -159.70893  RMSG = 2.2912001e-01
 MIN: Iter =   17  NFunc =   277  E =    -159.72897  RMSG = 8.6669405e-02
 MIN: Iter =   18  NFunc =   288  E =    -159.73676  RMSG = 6.8050396e-02
 MIN: Iter =   19  NFunc =   340  E =    -159.76303  RMSG = 1.2489791e-01
 MIN: Iter =   20  NFunc =   368  E =    -159.79381  RMSG = 4.2532527e-01
 MIN: Iter =   21  NFunc =   374  E =    -159.81226  RMSG = 1.0290797e-01
 MIN: Iter =   22  NFunc =   409  E =    -159.83632  RMSG = 2.9819010e-01
 MIN: Iter =   23  NFunc =   415  E =    -159.84820  RMSG = 8.6096529e-02
 MIN: Iter =   24  NFunc =   445  E =    -159.85961  RMSG = 8.9725263e-02
 MIN: Iter =   25  NFunc =   460  E =    -159.86999  RMSG = 1.6817219e-01
 MIN: Iter =   26  NFunc =   466  E =    -159.87354  RMSG = 5.5986025e-02
 MIN: Iter =   27  NFunc =   482  E =    -159.87677  RMSG = 8.5281663e-02
 MIN: Iter =   28  NFunc =   488  E =    -159.87779  RMSG = 2.9282053e-02
 MIN: Iter =   29  NFunc =   526  E =    -159.88235  RMSG = 3.9379283e-02
 MIN: Iter =   30  NFunc =   535  E =    -159.88278  RMSG = 1.3374105e-02
 MIN: Iter =   31  NFunc =   558  E =    -159.88326  RMSG = 9.3661470e-03
 MIN: Iter =   32  NFunc =   592  E =    -159.88378  RMSG = 1.0261048e-02
 MIN: Iter =   33  NFunc =   643  E =    -159.88446  RMSG = 2.2111435e-02
 MIN: Iter =   34  NFunc =   649  E =    -159.88457  RMSG = 8.8578555e-03
 MIN: Iter =   35  NFunc =   701  E =    -159.88515  RMSG = 1.2694169e-02
 MIN: Iter =   36  NFunc =   711  E =    -159.88567  RMSG = 2.8741362e-02
 MIN: Iter =   37  NFunc =   735  E =    -159.88654  RMSG = 2.7924963e-02
 MIN: Iter =   38  NFunc =   743  E =    -159.88682  RMSG = 1.4776784e-02
 MIN: Iter =   39  NFunc =   755  E =    -159.88702  RMSG = 2.1672694e-02
 MIN: Iter =   40  NFunc =   766  E =    -159.88720  RMSG = 9.3632928e-03
 MIN: Iter =   41  NFunc =   817  E =    -159.88776  RMSG = 2.5058137e-02
 MIN: Iter =   42  NFunc =   823  E =    -159.88787  RMSG = 7.5776168e-03
 MIN: Iter =   43  NFunc =   853  E =    -159.88815  RMSG = 1.4384041e-02
 MIN: Iter =   44  NFunc =   859  E =    -159.88819  RMSG = 4.3782349e-03
 MIN: Iter =   45  NFunc =   911  E =    -159.88850  RMSG = 1.4937548e-02
 MIN: Iter =   46  NFunc =   917  E =    -159.88857  RMSG = 6.3622392e-03
 MIN: Iter =   47  NFunc =   941  E =    -159.88872  RMSG = 8.1034379e-03
 MIN: Iter =   48  NFunc =   954  E =    -159.88884  RMSG = 1.1100616e-02
 MIN: Iter =   49  NFunc =   974  E =    -159.88895  RMSG = 1.1306093e-02
 MIN: Iter =   50  NFunc =  1005  E =    -159.88913  RMSG = 2.1920553e-02
 MIN: Iter =   51  NFunc =  1011  E =    -159.88919  RMSG = 4.2949380e-03
 MIN: Iter =   52  NFunc =  1033  E =    -159.88933  RMSG = 5.2068720e-03
 MIN: Iter =   53  NFunc =  1066  E =    -159.88940  RMSG = 2.7408904e-03
 MIN: Iter =   54  NFunc =  1117  E =    -159.88951  RMSG = 8.4501605e-03
 MIN: Iter =   55  NFunc =  1130  E =    -159.88953  RMSG = 2.5739679e-03
 MIN: Iter =   56  NFunc =  1166  E =    -159.88956  RMSG = 2.5312882e-03
 MIN: Iter =   57  NFunc =  1180  E =    -159.88957  RMSG = 1.9489558e-03
 MIN: Iter =   58  NFunc =  1231  E =    -159.88962  RMSG = 3.1050153e-03
 MIN: Iter =   59  NFunc =  1246  E =    -159.88963  RMSG = 1.7979683e-03
 MIN: Iter =   60  NFunc =  1297  E =    -159.88965  RMSG = 3.3467155e-03
 MIN: Iter =   61  NFunc =  1349  E =    -159.88974  RMSG = 9.8859554e-03
 MIN: Iter =   62  NFunc =  1355  E =    -159.88981  RMSG = 8.6912208e-03
 MIN: Iter =   63  NFunc =  1403  E =    -159.88996  RMSG = 2.5411381e-02
 MIN: Iter =   64  NFunc =  1409  E =    -159.89012  RMSG = 1.1235825e-02
 MIN: Iter =   65  NFunc =  1425  E =    -159.89033  RMSG = 2.5106405e-02
 MIN: Iter =   66  NFunc =  1433  E =    -159.89072  RMSG = 2.6660745e-02
 MIN: Iter =   67  NFunc =  1485  E =    -159.89159  RMSG = 5.4638609e-02
 MIN: Iter =   68  NFunc =  1493  E =    -159.89339  RMSG = 8.4513980e-02
 MIN: Iter =   69  NFunc =  1500  E =    -159.89548  RMSG = 8.5592646e-02
 MIN: Iter =   70  NFunc =  1507  E =    -159.89908  RMSG = 1.2375102e-01
 MIN: Iter =   71  NFunc =  1514  E =    -159.90382  RMSG = 1.3222543e-01
 MIN: Iter =   72  NFunc =  1521  E =    -159.91168  RMSG = 1.8726206e-01
 MIN: Iter =   73  NFunc =  1527  E =    -159.92637  RMSG = 3.5421165e-01
 MIN: Iter =   74  NFunc =  1533  E =    -159.95572  RMSG = 1.7279804e-01
 MIN: Iter =   75  NFunc =  1540  E =    -159.96933  RMSG = 2.0256463e-01
 MIN: Iter =   76  NFunc =  1547  E =    -159.98958  RMSG = 2.3621708e-01
 MIN: Iter =   77  NFunc =  1554  E =    -160.01671  RMSG = 2.7870174e-01
 MIN: Iter =   78  NFunc =  1560  E =    -160.05475  RMSG = 4.7427090e-01
 MIN: Iter =   79  NFunc =  1566  E =    -160.09936  RMSG = 1.4945543e-01
 MIN: Iter =   80  NFunc =  1573  E =    -160.11501  RMSG = 1.5317978e-01
 MIN: Iter =   81  NFunc =  1579  E =    -160.13506  RMSG = 2.7941260e-01
 MIN: Iter =   82  NFunc =  1587  E =    -160.15104  RMSG = 8.2693627e-02
 MIN: Iter =   83  NFunc =  1610  E =    -160.17898  RMSG = 1.7286854e-01
 MIN: Iter =   84  NFunc =  1617  E =    -160.18544  RMSG = 7.7306366e-02
 MIN: Iter =   85  NFunc =  1668  E =    -160.21172  RMSG = 4.1560173e-01
 MIN: Iter =   86  NFunc =  1674  E =    -160.24616  RMSG = 1.3814812e-01
 MIN: Iter =   87  NFunc =  1694  E =    -160.27096  RMSG = 1.2822309e-01
 MIN: Iter =   88  NFunc =  1704  E =    -160.29416  RMSG = 1.9389336e-01
 MIN: Iter =   89  NFunc =  1714  E =    -160.31271  RMSG = 1.1539328e-01
 MIN: Iter =   90  NFunc =  1720  E =    -160.32182  RMSG = 1.0040285e-01
 MIN: Iter =   91  NFunc =  1726  E =    -160.32475  RMSG = 4.7634426e-02
 MIN: Iter =   92  NFunc =  1738  E =    -160.32865  RMSG = 5.2031531e-02
 MIN: Iter =   93  NFunc =  1790  E =    -160.34049  RMSG = 7.5878965e-02
 MIN: Iter =   94  NFunc =  1805  E =    -160.34866  RMSG = 1.1367297e-01
 MIN: Iter =   95  NFunc =  1821  E =    -160.35748  RMSG = 1.3014841e-01
 MIN: Iter =   96  NFunc =  1829  E =    -160.36233  RMSG = 5.4509858e-02
 MIN: Iter =   97  NFunc =  1843  E =    -160.36568  RMSG = 9.8999818e-02
 MIN: Iter =   98  NFunc =  1849  E =    -160.36722  RMSG = 3.1505273e-02
 MIN: Iter =   99  NFunc =  1901  E =    -160.37173  RMSG = 5.7798136e-02
 MIN: Iter =  100  NFunc =  1928  E =    -160.37739  RMSG = 9.0344368e-02
----------------------------------------------------------------
 END:          :-)  E =    -160.37739  RMSG =   0.0903444

     bond:      2.365667540
    angle:     10.577362618
 dihedral:     23.463238969
    enb14:      6.113860855
    eel14:    190.725262150
      enb:     -5.685878197
      eel:   -298.325310596
      egb:    -89.611594146
    econs:      0.000000000
    esurf:      0.000000000
    Total:   -160.377390808
     frms:      0.090344368
====== rms.dat  ======================================================
#Frame      all_heavy
       1       1.3081
