====== tleap.out =====================================================
-I: Adding /home/case/amber24/dat/leap/prep to search path.
-I: Adding /home/case/amber24/dat/leap/lib to search path.
-I: Adding /home/case/amber24/dat/leap/parm to search path.
-I: Adding /home/case/amber24/dat/leap/cmd to search path.
-f: Source leap.in.

Welcome to LEaP!
(no leaprc in search path)
Sourcing: ./leap.in
Using Bondi radii
----- Source: /home/case/amber24/dat/leap/cmd/leaprc.gaff2
----- Source of /home/case/amber24/dat/leap/cmd/leaprc.gaff2 done
Log file: ./leap.log
Loading parameters: /home/case/amber24/dat/leap/parm/gaff2.dat
Reading title:
AMBER General Force Field for organic molecules (Version 2.2.20, March 2021)
Loading parameters: ./UCR.frcmod
Reading force field modification type file (frcmod)
Reading title:
Remark line goes here
Loading Mol2 file: ./UCR.mol2
Reading MOLECULE named UCR
Checking Unit.
Building topology.
"order_residues" off: keep input residue order.
Building atom parameters.
Building bond parameters.
Building angle parameters.
Building proper torsion parameters.
Building improper torsion parameters.
 total 47 improper torsions applied
Building H-Bond parameters.
Incorporating Non-Bonded adjustments.
Not Marking per-residue atom chain types.
Marking per-residue atom chain types.
  (Residues lacking connect0/connect1 - 
   these don't have chain types marked:

	res	total affected

	UCR	1
  )
 (no restraints)
	Quit

Exiting LEaP: Errors = 0; Warnings = 0; Notes = 0.
====== min.o =========================================================
Reading parm file (UCR.parm7)
title:
UCR                                                                             
no velocities were found
no velocities were found
	mm_options:  ntpr=5
	mm_options:  gb=1
	mm_options:  kappa=0.10395
	mm_options:  rgbmax=99.
	mm_options:  cut=99.0
	mm_options:  wcons=0.
     bond:     14.701001713
    angle:     42.459060375
 dihedral:    146.003062048
    enb14:     55.012739728
    eel14:    400.485405638
      enb:    -42.658856001
      eel:   -521.227131695
      egb:    -83.740913116
    econs:      0.000000000
    esurf:      0.000000000
    Total:     11.034368689
     frms:     10.220873612
Starting TNCG minimisation
 MIN: Iter =    0  NFunc =     1  E =      11.03437  RMSG = 1.0220874e+01
 MIN: Iter =    1  NFunc =     7  E =     -29.84960  RMSG = 2.9583450e+00
 MIN: Iter =    2  NFunc =    19  E =     -43.66999  RMSG = 1.5683586e+00
 MIN: Iter =    3  NFunc =    25  E =     -48.48689  RMSG = 1.1411030e+00
 MIN: Iter =    4  NFunc =    39  E =     -50.78893  RMSG = 5.7840581e-01
 MIN: Iter =    5  NFunc =    63  E =     -52.07485  RMSG = 5.5144885e-01
 MIN: Iter =    6  NFunc =   114  E =     -52.82381  RMSG = 4.9396490e-01
 MIN: Iter =    7  NFunc =   133  E =     -53.43155  RMSG = 4.6667706e-01
 MIN: Iter =    8  NFunc =   142  E =     -53.99384  RMSG = 4.0334498e-01
 MIN: Iter =    9  NFunc =   149  E =     -54.44170  RMSG = 3.1879654e-01
 MIN: Iter =   10  NFunc =   155  E =     -54.75035  RMSG = 2.5082491e-01
 MIN: Iter =   11  NFunc =   161  E =     -54.96837  RMSG = 2.8027157e-01
 MIN: Iter =   12  NFunc =   212  E =     -55.57028  RMSG = 2.7828149e-01
 MIN: Iter =   13  NFunc =   237  E =     -56.16317  RMSG = 2.6998929e-01
 MIN: Iter =   14  NFunc =   249  E =     -56.27776  RMSG = 1.2178896e-01
 MIN: Iter =   15  NFunc =   300  E =     -56.50506  RMSG = 1.2855841e-01
 MIN: Iter =   16  NFunc =   342  E =     -56.62229  RMSG = 1.1526077e-01
 MIN: Iter =   17  NFunc =   374  E =     -56.69520  RMSG = 1.0308430e-01
 MIN: Iter =   18  NFunc =   406  E =     -56.73795  RMSG = 7.2279974e-02
 MIN: Iter =   19  NFunc =   457  E =     -56.78262  RMSG = 1.3112761e-01
 MIN: Iter =   20  NFunc =   463  E =     -56.79255  RMSG = 4.1387336e-02
 MIN: Iter =   21  NFunc =   515  E =     -56.82391  RMSG = 8.4622398e-02
 MIN: Iter =   22  NFunc =   566  E =     -56.86097  RMSG = 3.9927740e-01
 MIN: Iter =   23  NFunc =   574  E =     -56.94553  RMSG = 1.2239028e-01
 MIN: Iter =   24  NFunc =   581  E =     -57.02074  RMSG = 3.7708998e-01
 MIN: Iter =   25  NFunc =   632  E =     -57.24106  RMSG = 5.7083604e-01
 MIN: Iter =   26  NFunc =   641  E =     -57.55963  RMSG = 6.3943270e-01
 MIN: Iter =   27  NFunc =   647  E =     -57.93739  RMSG = 6.8008242e-01
 MIN: Iter =   28  NFunc =   653  E =     -58.39794  RMSG = 6.8199373e-01
 MIN: Iter =   29  NFunc =   659  E =     -58.95963  RMSG = 6.9300905e-01
 MIN: Iter =   30  NFunc =   665  E =     -59.53212  RMSG = 6.8367799e-01
 MIN: Iter =   31  NFunc =   671  E =     -60.13650  RMSG = 6.8602379e-01
 MIN: Iter =   32  NFunc =   677  E =     -60.77894  RMSG = 7.0423547e-01
 MIN: Iter =   33  NFunc =   684  E =     -61.45991  RMSG = 7.4291729e-01
 MIN: Iter =   34  NFunc =   691  E =     -62.25314  RMSG = 7.7780111e-01
 MIN: Iter =   35  NFunc =   697  E =     -63.02479  RMSG = 7.6199841e-01
 MIN: Iter =   36  NFunc =   703  E =     -63.84085  RMSG = 7.7444377e-01
 MIN: Iter =   37  NFunc =   709  E =     -64.78893  RMSG = 9.0886201e-01
 MIN: Iter =   38  NFunc =   716  E =     -65.74628  RMSG = 8.7275955e-01
 MIN: Iter =   39  NFunc =   722  E =     -66.62441  RMSG = 8.2249215e-01
 MIN: Iter =   40  NFunc =   728  E =     -67.45848  RMSG = 7.0877635e-01
 MIN: Iter =   41  NFunc =   739  E =     -68.22972  RMSG = 4.4437278e-01
 MIN: Iter =   42  NFunc =   761  E =     -68.92401  RMSG = 3.9133262e-01
 MIN: Iter =   43  NFunc =   812  E =     -69.39205  RMSG = 3.6991228e-01
 MIN: Iter =   44  NFunc =   842  E =     -69.68549  RMSG = 3.6195106e-01
 MIN: Iter =   45  NFunc =   857  E =     -69.96893  RMSG = 4.8136986e-01
 MIN: Iter =   46  NFunc =   865  E =     -70.11314  RMSG = 1.6707752e-01
 MIN: Iter =   47  NFunc =   900  E =     -70.27304  RMSG = 1.7747457e-01
 MIN: Iter =   48  NFunc =   917  E =     -70.38023  RMSG = 1.4611684e-01
 MIN: Iter =   49  NFunc =   932  E =     -70.45432  RMSG = 1.4521829e-01
 MIN: Iter =   50  NFunc =   946  E =     -70.49359  RMSG = 8.7748557e-02
 MIN: Iter =   51  NFunc =   957  E =     -70.51251  RMSG = 7.5741209e-02
 MIN: Iter =   52  NFunc =  1005  E =     -70.61136  RMSG = 1.8534317e-01
 MIN: Iter =   53  NFunc =  1011  E =     -70.63173  RMSG = 6.6805330e-02
 MIN: Iter =   54  NFunc =  1051  E =     -70.66712  RMSG = 2.0713921e-01
 MIN: Iter =   55  NFunc =  1057  E =     -70.69036  RMSG = 6.5319702e-02
 MIN: Iter =   56  NFunc =  1096  E =     -70.70796  RMSG = 7.1288349e-02
 MIN: Iter =   57  NFunc =  1116  E =     -70.72527  RMSG = 1.4647503e-01
 MIN: Iter =   58  NFunc =  1122  E =     -70.73782  RMSG = 6.2105819e-02
 MIN: Iter =   59  NFunc =  1163  E =     -70.75161  RMSG = 1.4478338e-01
 MIN: Iter =   60  NFunc =  1180  E =     -70.76686  RMSG = 1.4511806e-01
 MIN: Iter =   61  NFunc =  1187  E =     -70.78657  RMSG = 1.8657335e-01
 MIN: Iter =   62  NFunc =  1194  E =     -70.81151  RMSG = 2.1495675e-01
 MIN: Iter =   63  NFunc =  1201  E =     -70.84210  RMSG = 2.4109076e-01
 MIN: Iter =   64  NFunc =  1208  E =     -70.87674  RMSG = 2.4895683e-01
 MIN: Iter =   65  NFunc =  1217  E =     -70.93241  RMSG = 4.3807985e-01
 MIN: Iter =   66  NFunc =  1223  E =     -71.05618  RMSG = 7.6872345e-01
 MIN: Iter =   67  NFunc =  1229  E =     -71.24869  RMSG = 2.3198123e-01
 MIN: Iter =   68  NFunc =  1236  E =     -71.36042  RMSG = 4.9450140e-01
 MIN: Iter =   69  NFunc =  1242  E =     -71.52142  RMSG = 5.2948960e-01
 MIN: Iter =   70  NFunc =  1248  E =     -71.65932  RMSG = 1.9460047e-01
 MIN: Iter =   71  NFunc =  1256  E =     -71.73634  RMSG = 2.6469557e-01
 MIN: Iter =   72  NFunc =  1262  E =     -71.81491  RMSG = 4.5611285e-01
 MIN: Iter =   73  NFunc =  1268  E =     -71.87365  RMSG = 6.9721095e-02
 MIN: Iter =   74  NFunc =  1280  E =     -71.91300  RMSG = 1.1599099e-01
 MIN: Iter =   75  NFunc =  1293  E =     -71.94888  RMSG = 7.4101863e-02
 MIN: Iter =   76  NFunc =  1343  E =     -71.98427  RMSG = 9.2590100e-02
 MIN: Iter =   77  NFunc =  1371  E =     -71.99585  RMSG = 2.3158734e-02
 MIN: Iter =   78  NFunc =  1422  E =     -72.00093  RMSG = 1.3140826e-02
 MIN: Iter =   79  NFunc =  1473  E =     -72.00452  RMSG = 1.3584803e-02
 MIN: Iter =   80  NFunc =  1524  E =     -72.00634  RMSG = 8.8306044e-03
 MIN: Iter =   81  NFunc =  1575  E =     -72.00961  RMSG = 2.2534737e-02
 MIN: Iter =   82  NFunc =  1626  E =     -72.01368  RMSG = 2.0382346e-02
 MIN: Iter =   83  NFunc =  1671  E =     -72.01724  RMSG = 1.3657334e-02
 MIN: Iter =   84  NFunc =  1722  E =     -72.02128  RMSG = 2.3160416e-02
 MIN: Iter =   85  NFunc =  1773  E =     -72.02572  RMSG = 2.4216128e-02
 MIN: Iter =   86  NFunc =  1824  E =     -72.02895  RMSG = 1.6551887e-02
 MIN: Iter =   87  NFunc =  1875  E =     -72.03159  RMSG = 1.7752911e-02
 MIN: Iter =   88  NFunc =  1917  E =     -72.03276  RMSG = 6.0673682e-03
 MIN: Iter =   89  NFunc =  1968  E =     -72.03348  RMSG = 4.9030405e-03
 MIN: Iter =   90  NFunc =  2019  E =     -72.03373  RMSG = 3.1349025e-03
 MIN: Iter =   91  NFunc =  2070  E =     -72.03385  RMSG = 2.1784824e-03
 MIN: Iter =   92  NFunc =  2121  E =     -72.03393  RMSG = 1.8777966e-03
 MIN: Iter =   93  NFunc =  2163  E =     -72.03398  RMSG = 1.2398107e-03
 MIN: Iter =   94  NFunc =  2214  E =     -72.03401  RMSG = 8.7251110e-04
 MIN: Iter =   95  NFunc =  2265  E =     -72.03402  RMSG = 8.5946481e-04
 MIN: Iter =   96  NFunc =  2316  E =     -72.03404  RMSG = 9.2124584e-04
 MIN: Iter =   97  NFunc =  2367  E =     -72.03406  RMSG = 8.7980095e-04
 MIN: Iter =   98  NFunc =  2418  E =     -72.03407  RMSG = 7.6731420e-04
 MIN: Iter =   99  NFunc =  2469  E =     -72.03408  RMSG = 9.0164119e-04
 MIN: Iter =  100  NFunc =  2520  E =     -72.03410  RMSG = 7.8297801e-04
----------------------------------------------------------------
 END:          :-)  E =     -72.03410  RMSG =   0.0007830

     bond:      9.363710724
    angle:     29.866366037
 dihedral:    113.830520425
    enb14:     34.670037419
    eel14:    380.568863874
      enb:    -58.781556936
      eel:   -467.345980921
      egb:   -114.206059066
    econs:      0.000000000
    esurf:      0.000000000
    Total:    -72.034098443
     frms:      0.000782978
====== rms.dat  ======================================================
#Frame      all_heavy
       1       0.7682
