====== tleap.out =====================================================
-I: Adding /home/case/amber24/dat/leap/prep to search path.
-I: Adding /home/case/amber24/dat/leap/lib to search path.
-I: Adding /home/case/amber24/dat/leap/parm to search path.
-I: Adding /home/case/amber24/dat/leap/cmd to search path.
-f: Source leap.in.

Welcome to LEaP!
(no leaprc in search path)
Sourcing: ./leap.in
Using Bondi radii
----- Source: /home/case/amber24/dat/leap/cmd/leaprc.gaff2
----- Source of /home/case/amber24/dat/leap/cmd/leaprc.gaff2 done
Log file: ./leap.log
Loading parameters: /home/case/amber24/dat/leap/parm/gaff2.dat
Reading title:
AMBER General Force Field for organic molecules (Version 2.2.20, March 2021)
Loading parameters: ./UF3.frcmod
Reading force field modification type file (frcmod)
Reading title:
Remark line goes here
Loading Mol2 file: ./UF3.mol2
Reading MOLECULE named UF3
Checking Unit.
Building topology.
"order_residues" off: keep input residue order.
Building atom parameters.
Building bond parameters.
Building angle parameters.
Building proper torsion parameters.
Building improper torsion parameters.
 total 13 improper torsions applied
Building H-Bond parameters.
Incorporating Non-Bonded adjustments.
Not Marking per-residue atom chain types.
Marking per-residue atom chain types.
  (Residues lacking connect0/connect1 - 
   these don't have chain types marked:

	res	total affected

	UF3	1
  )
 (no restraints)
	Quit

Exiting LEaP: Errors = 0; Warnings = 0; Notes = 0.
====== min.o =========================================================
Reading parm file (UF3.parm7)
title:
UF3                                                                             
no velocities were found
no velocities were found
	mm_options:  ntpr=5
	mm_options:  gb=1
	mm_options:  kappa=0.10395
	mm_options:  rgbmax=99.
	mm_options:  cut=99.0
	mm_options:  wcons=0.
     bond:      3.422827286
    angle:      2.850003977
 dihedral:      8.011783492
    enb14:     10.358036636
    eel14:     84.227963950
      enb:     -2.114424076
      eel:    -68.753759466
      egb:    -21.887343482
    econs:      0.000000000
    esurf:      0.000000000
    Total:     16.115088318
     frms:     13.105536347
Starting TNCG minimisation
 MIN: Iter =    0  NFunc =     1  E =      16.11509  RMSG = 1.3105536e+01
 MIN: Iter =    1  NFunc =     7  E =       8.25473  RMSG = 1.4499017e+00
 MIN: Iter =    2  NFunc =    15  E =       7.90287  RMSG = 3.9574958e-01
 MIN: Iter =    3  NFunc =    24  E =       7.84473  RMSG = 2.2835897e-01
 MIN: Iter =    4  NFunc =    30  E =       7.84218  RMSG = 4.8706285e-02
 MIN: Iter =    5  NFunc =    44  E =       7.84044  RMSG = 2.8247504e-02
 MIN: Iter =    6  NFunc =    54  E =       7.84017  RMSG = 1.7283722e-02
 MIN: Iter =    7  NFunc =    60  E =       7.84013  RMSG = 7.3220628e-03
 MIN: Iter =    8  NFunc =    71  E =       7.84011  RMSG = 4.1983002e-03
 MIN: Iter =    9  NFunc =    88  E =       7.84010  RMSG = 1.3497560e-03
 MIN: Iter =   10  NFunc =    94  E =       7.84010  RMSG = 6.3882062e-04
 MIN: Iter =   11  NFunc =   100  E =       7.84010  RMSG = 3.1157588e-04
----------------------------------------------------------------
 END:          :-)  E =       7.84010  RMSG =   0.0003116

     bond:      1.480411988
    angle:      1.934437858
 dihedral:      8.000000012
    enb14:      7.779032612
    eel14:     80.095457172
      enb:     -1.852187868
      eel:    -67.137771453
      egb:    -22.459279678
    econs:      0.000000000
    esurf:      0.000000000
    Total:      7.840100643
     frms:      0.000311576
====== rms.dat  ======================================================
#Frame      all_heavy
       1       0.0646
