====== tleap.out =====================================================
-I: Adding /home/case/amber24/dat/leap/prep to search path.
-I: Adding /home/case/amber24/dat/leap/lib to search path.
-I: Adding /home/case/amber24/dat/leap/parm to search path.
-I: Adding /home/case/amber24/dat/leap/cmd to search path.
-f: Source leap.in.

Welcome to LEaP!
(no leaprc in search path)
Sourcing: ./leap.in
Using Bondi radii
----- Source: /home/case/amber24/dat/leap/cmd/leaprc.gaff2
----- Source of /home/case/amber24/dat/leap/cmd/leaprc.gaff2 done
Log file: ./leap.log
Loading parameters: /home/case/amber24/dat/leap/parm/gaff2.dat
Reading title:
AMBER General Force Field for organic molecules (Version 2.2.20, March 2021)
Loading parameters: ./UG6.frcmod
Reading force field modification type file (frcmod)
Reading title:
Remark line goes here
Loading Mol2 file: ./UG6.mol2
Reading MOLECULE named UG6
Checking Unit.
Building topology.
"order_residues" off: keep input residue order.
Building atom parameters.
Building bond parameters.
Building angle parameters.
Building proper torsion parameters.
Building improper torsion parameters.
 total 3 improper torsions applied
Building H-Bond parameters.
Incorporating Non-Bonded adjustments.
Not Marking per-residue atom chain types.
Marking per-residue atom chain types.
  (Residues lacking connect0/connect1 - 
   these don't have chain types marked:

	res	total affected

	UG6	1
  )
 (no restraints)
	Quit

Exiting LEaP: Errors = 0; Warnings = 0; Notes = 0.
====== min.o =========================================================
Reading parm file (UG6.parm7)
title:
UG6                                                                             
no velocities were found
no velocities were found
	mm_options:  ntpr=5
	mm_options:  gb=1
	mm_options:  kappa=0.10395
	mm_options:  rgbmax=99.
	mm_options:  cut=99.0
	mm_options:  wcons=0.
     bond:      1.258364547
    angle:      1.939266461
 dihedral:     33.739097800
    enb14:      4.312129761
    eel14:     47.372824601
      enb:     -1.708905145
      eel:    -77.637014168
      egb:    -19.488735584
    econs:      0.000000000
    esurf:      0.000000000
    Total:    -10.212971726
     frms:      8.297447416
Starting TNCG minimisation
 MIN: Iter =    0  NFunc =     1  E =     -10.21297  RMSG = 8.2974474e+00
 MIN: Iter =    1  NFunc =     8  E =     -13.92819  RMSG = 3.0428528e+00
 MIN: Iter =    2  NFunc =    14  E =     -14.74048  RMSG = 6.3453965e-01
 MIN: Iter =    3  NFunc =    50  E =     -14.98477  RMSG = 1.6757289e+00
 MIN: Iter =    4  NFunc =    62  E =     -15.25286  RMSG = 4.7038251e-01
 MIN: Iter =    5  NFunc =   104  E =     -15.48713  RMSG = 1.4269606e+00
 MIN: Iter =    6  NFunc =   120  E =     -15.80659  RMSG = 1.0943396e+00
 MIN: Iter =    7  NFunc =   126  E =     -15.89372  RMSG = 4.6544405e-01
 MIN: Iter =    8  NFunc =   136  E =     -15.97028  RMSG = 7.4303646e-01
 MIN: Iter =    9  NFunc =   144  E =     -16.01283  RMSG = 2.1415815e-01
 MIN: Iter =   10  NFunc =   158  E =     -16.05246  RMSG = 1.9988786e-01
 MIN: Iter =   11  NFunc =   176  E =     -16.07568  RMSG = 2.1526965e-01
 MIN: Iter =   12  NFunc =   199  E =     -16.09358  RMSG = 6.4279465e-01
 MIN: Iter =   13  NFunc =   205  E =     -16.11398  RMSG = 1.3395590e-01
 MIN: Iter =   14  NFunc =   239  E =     -16.13998  RMSG = 4.4697658e-01
 MIN: Iter =   15  NFunc =   247  E =     -16.15322  RMSG = 1.3466444e-01
 MIN: Iter =   16  NFunc =   271  E =     -16.18120  RMSG = 5.3460622e-01
 MIN: Iter =   17  NFunc =   279  E =     -16.19947  RMSG = 1.6671356e-01
 MIN: Iter =   18  NFunc =   292  E =     -16.21926  RMSG = 2.4626003e-01
 MIN: Iter =   19  NFunc =   311  E =     -16.25272  RMSG = 4.1343042e-01
 MIN: Iter =   20  NFunc =   318  E =     -16.29591  RMSG = 6.0443297e-01
 MIN: Iter =   21  NFunc =   324  E =     -16.35532  RMSG = 1.3557212e+00
 MIN: Iter =   22  NFunc =   330  E =     -16.46731  RMSG = 2.2889965e-01
 MIN: Iter =   23  NFunc =   337  E =     -16.50347  RMSG = 2.5829775e-01
 MIN: Iter =   24  NFunc =   346  E =     -16.55726  RMSG = 5.7041030e-01
 MIN: Iter =   25  NFunc =   352  E =     -16.58948  RMSG = 2.0958094e-01
 MIN: Iter =   26  NFunc =   373  E =     -16.61156  RMSG = 4.9749148e-01
 MIN: Iter =   27  NFunc =   379  E =     -16.62211  RMSG = 9.1496367e-02
 MIN: Iter =   28  NFunc =   400  E =     -16.62994  RMSG = 1.0633370e-01
 MIN: Iter =   29  NFunc =   424  E =     -16.63289  RMSG = 4.6488337e-02
 MIN: Iter =   30  NFunc =   434  E =     -16.63347  RMSG = 2.0663033e-02
 MIN: Iter =   31  NFunc =   453  E =     -16.63403  RMSG = 1.4862665e-02
 MIN: Iter =   32  NFunc =   472  E =     -16.63416  RMSG = 8.3397145e-03
 MIN: Iter =   33  NFunc =   491  E =     -16.63423  RMSG = 4.2817985e-03
 MIN: Iter =   34  NFunc =   505  E =     -16.63423  RMSG = 2.0443354e-03
 MIN: Iter =   35  NFunc =   526  E =     -16.63424  RMSG = 1.0095254e-03
 MIN: Iter =   36  NFunc =   544  E =     -16.63424  RMSG = 4.9851862e-04
----------------------------------------------------------------
 END:          :-)  E =     -16.63424  RMSG =   0.0004985

     bond:      0.575894342
    angle:      1.776704337
 dihedral:     29.827602137
    enb14:      2.456495550
    eel14:     44.530030811
      enb:     -1.675471236
      eel:    -72.793677582
      egb:    -21.331816006
    econs:      0.000000000
    esurf:      0.000000000
    Total:    -16.634237648
     frms:      0.000498519
====== rms.dat  ======================================================
#Frame      all_heavy
       1       0.6057
