====== tleap.out =====================================================
-I: Adding /home/case/amber24/dat/leap/prep to search path.
-I: Adding /home/case/amber24/dat/leap/lib to search path.
-I: Adding /home/case/amber24/dat/leap/parm to search path.
-I: Adding /home/case/amber24/dat/leap/cmd to search path.
-f: Source leap.in.

Welcome to LEaP!
(no leaprc in search path)
Sourcing: ./leap.in
Using Bondi radii
----- Source: /home/case/amber24/dat/leap/cmd/leaprc.gaff2
----- Source of /home/case/amber24/dat/leap/cmd/leaprc.gaff2 done
Log file: ./leap.log
Loading parameters: /home/case/amber24/dat/leap/parm/gaff2.dat
Reading title:
AMBER General Force Field for organic molecules (Version 2.2.20, March 2021)
Loading parameters: ./UIO.frcmod
Reading force field modification type file (frcmod)
Reading title:
Remark line goes here
Loading Mol2 file: ./UIO.mol2
Reading MOLECULE named UIO
Checking Unit.
Building topology.
"order_residues" off: keep input residue order.
Building atom parameters.
Building bond parameters.
Building angle parameters.
Building proper torsion parameters.
Building improper torsion parameters.
 total 13 improper torsions applied
Building H-Bond parameters.
Incorporating Non-Bonded adjustments.
Not Marking per-residue atom chain types.
Marking per-residue atom chain types.
  (Residues lacking connect0/connect1 - 
   these don't have chain types marked:

	res	total affected

	UIO	1
  )
 (no restraints)
	Quit

Exiting LEaP: Errors = 0; Warnings = 0; Notes = 0.
====== min.o =========================================================
Reading parm file (UIO.parm7)
title:
UIO                                                                             
no velocities were found
no velocities were found
	mm_options:  ntpr=5
	mm_options:  gb=1
	mm_options:  kappa=0.10395
	mm_options:  rgbmax=99.
	mm_options:  cut=99.0
	mm_options:  wcons=0.
     bond:      4.452016114
    angle:      7.046295979
 dihedral:     11.552652042
    enb14:     28.017869460
    eel14:    -11.906817073
      enb:      4.352347376
      eel:    -10.404731446
      egb:    -35.820492962
    econs:      0.000000000
    esurf:      0.000000000
    Total:     -2.710860511
     frms:      9.997332858
Starting TNCG minimisation
 MIN: Iter =    0  NFunc =     1  E =      -2.71086  RMSG = 9.9973329e+00
 MIN: Iter =    1  NFunc =     7  E =     -20.77186  RMSG = 2.7552955e+00
 MIN: Iter =    2  NFunc =    16  E =     -23.93423  RMSG = 1.3019065e+00
 MIN: Iter =    3  NFunc =    31  E =     -25.59221  RMSG = 1.3581640e+00
 MIN: Iter =    4  NFunc =    57  E =     -26.42012  RMSG = 5.1150412e-01
 MIN: Iter =    5  NFunc =    70  E =     -26.59609  RMSG = 2.4793482e-01
 MIN: Iter =    6  NFunc =   100  E =     -26.73102  RMSG = 7.1829490e-01
 MIN: Iter =    7  NFunc =   107  E =     -26.84627  RMSG = 2.1080456e-01
 MIN: Iter =    8  NFunc =   156  E =     -26.93070  RMSG = 3.0233697e-01
 MIN: Iter =    9  NFunc =   166  E =     -27.00274  RMSG = 2.0204713e-01
 MIN: Iter =   10  NFunc =   181  E =     -27.05823  RMSG = 4.8560171e-01
 MIN: Iter =   11  NFunc =   187  E =     -27.09921  RMSG = 1.0087312e-01
 MIN: Iter =   12  NFunc =   213  E =     -27.12661  RMSG = 9.3601103e-02
 MIN: Iter =   13  NFunc =   264  E =     -27.16331  RMSG = 1.8856460e-01
 MIN: Iter =   14  NFunc =   270  E =     -27.17108  RMSG = 6.0235638e-02
 MIN: Iter =   15  NFunc =   289  E =     -27.17954  RMSG = 3.3779684e-02
 MIN: Iter =   16  NFunc =   299  E =     -27.18096  RMSG = 2.1188061e-02
 MIN: Iter =   17  NFunc =   350  E =     -27.18423  RMSG = 2.4079847e-02
 MIN: Iter =   18  NFunc =   365  E =     -27.18527  RMSG = 1.6267083e-02
 MIN: Iter =   19  NFunc =   405  E =     -27.18775  RMSG = 1.9997723e-02
 MIN: Iter =   20  NFunc =   456  E =     -27.19024  RMSG = 2.1732092e-02
 MIN: Iter =   21  NFunc =   498  E =     -27.19279  RMSG = 2.3376326e-02
 MIN: Iter =   22  NFunc =   519  E =     -27.19337  RMSG = 8.5691002e-03
 MIN: Iter =   23  NFunc =   570  E =     -27.19390  RMSG = 8.4547592e-03
 MIN: Iter =   24  NFunc =   621  E =     -27.19441  RMSG = 6.9976645e-03
 MIN: Iter =   25  NFunc =   668  E =     -27.19493  RMSG = 8.2217233e-03
 MIN: Iter =   26  NFunc =   719  E =     -27.19535  RMSG = 8.9381707e-03
 MIN: Iter =   27  NFunc =   742  E =     -27.19548  RMSG = 3.8048683e-03
 MIN: Iter =   28  NFunc =   793  E =     -27.19571  RMSG = 6.4692217e-03
 MIN: Iter =   29  NFunc =   844  E =     -27.19628  RMSG = 3.5297988e-02
 MIN: Iter =   30  NFunc =   854  E =     -27.19677  RMSG = 1.3002228e-02
 MIN: Iter =   31  NFunc =   906  E =     -27.19783  RMSG = 2.5708555e-02
 MIN: Iter =   32  NFunc =   934  E =     -27.19892  RMSG = 3.3392332e-02
 MIN: Iter =   33  NFunc =   943  E =     -27.19933  RMSG = 1.1169949e-02
 MIN: Iter =   34  NFunc =   980  E =     -27.20043  RMSG = 2.3977716e-02
 MIN: Iter =   35  NFunc =   995  E =     -27.20125  RMSG = 3.2383234e-02
 MIN: Iter =   36  NFunc =  1004  E =     -27.20174  RMSG = 1.1090119e-02
 MIN: Iter =   37  NFunc =  1017  E =     -27.20208  RMSG = 1.8030917e-02
 MIN: Iter =   38  NFunc =  1068  E =     -27.20301  RMSG = 1.1027947e-02
 MIN: Iter =   39  NFunc =  1100  E =     -27.20377  RMSG = 1.0244047e-02
 MIN: Iter =   40  NFunc =  1113  E =     -27.20385  RMSG = 4.3220435e-03
 MIN: Iter =   41  NFunc =  1164  E =     -27.20395  RMSG = 3.1227561e-03
 MIN: Iter =   42  NFunc =  1201  E =     -27.20400  RMSG = 2.3554376e-03
 MIN: Iter =   43  NFunc =  1223  E =     -27.20402  RMSG = 1.6124190e-03
 MIN: Iter =   44  NFunc =  1274  E =     -27.20406  RMSG = 2.9704231e-03
 MIN: Iter =   45  NFunc =  1311  E =     -27.20412  RMSG = 2.2162212e-03
 MIN: Iter =   46  NFunc =  1341  E =     -27.20414  RMSG = 1.2715756e-03
 MIN: Iter =   47  NFunc =  1375  E =     -27.20415  RMSG = 6.4535194e-04
 MIN: Iter =   48  NFunc =  1420  E =     -27.20415  RMSG = 2.9802217e-04
----------------------------------------------------------------
 END:          :-)  E =     -27.20415  RMSG =   0.0002980

     bond:      4.944250340
    angle:      5.557996706
 dihedral:     13.652743117
    enb14:     18.681906059
    eel14:    -14.856222826
      enb:     -3.822629565
      eel:    -12.248335096
      egb:    -39.113857296
    econs:      0.000000000
    esurf:      0.000000000
    Total:    -27.204148561
     frms:      0.000298022
====== rms.dat  ======================================================
#Frame      all_heavy
       1       0.3661
