====== tleap.out =====================================================
-I: Adding /home/case/amber24/dat/leap/prep to search path.
-I: Adding /home/case/amber24/dat/leap/lib to search path.
-I: Adding /home/case/amber24/dat/leap/parm to search path.
-I: Adding /home/case/amber24/dat/leap/cmd to search path.
-f: Source leap.in.

Welcome to LEaP!
(no leaprc in search path)
Sourcing: ./leap.in
Using Bondi radii
----- Source: /home/case/amber24/dat/leap/cmd/leaprc.gaff2
----- Source of /home/case/amber24/dat/leap/cmd/leaprc.gaff2 done
Log file: ./leap.log
Loading parameters: /home/case/amber24/dat/leap/parm/gaff2.dat
Reading title:
AMBER General Force Field for organic molecules (Version 2.2.20, March 2021)
Loading parameters: ./UKP.frcmod
Reading force field modification type file (frcmod)
Reading title:
Remark line goes here
Loading Mol2 file: ./UKP.mol2
Reading MOLECULE named UKP
Checking Unit.
Building topology.
"order_residues" off: keep input residue order.
Building atom parameters.
Building bond parameters.
Building angle parameters.
Building proper torsion parameters.
Building improper torsion parameters.
 total 18 improper torsions applied
Building H-Bond parameters.
Incorporating Non-Bonded adjustments.
Not Marking per-residue atom chain types.
Marking per-residue atom chain types.
  (Residues lacking connect0/connect1 - 
   these don't have chain types marked:

	res	total affected

	UKP	1
  )
 (no restraints)
	Quit

Exiting LEaP: Errors = 0; Warnings = 0; Notes = 0.
====== min.o =========================================================
Reading parm file (UKP.parm7)
title:
UKP                                                                             
no velocities were found
no velocities were found
	mm_options:  ntpr=5
	mm_options:  gb=1
	mm_options:  kappa=0.10395
	mm_options:  rgbmax=99.
	mm_options:  cut=99.0
	mm_options:  wcons=0.
     bond:      5.427502764
    angle:     14.419128040
 dihedral:     82.921266781
    enb14:     23.660283402
    eel14:   -109.663230174
      enb:      2.778046164
      eel:    -71.102585188
      egb:    -44.013138330
    econs:      0.000000000
    esurf:      0.000000000
    Total:    -95.572726541
     frms:      8.744394895
Starting TNCG minimisation
 MIN: Iter =    0  NFunc =     1  E =     -95.57273  RMSG = 8.7443949e+00
 MIN: Iter =    1  NFunc =    11  E =    -103.52348  RMSG = 9.3155758e+00
 MIN: Iter =    2  NFunc =    17  E =    -123.32689  RMSG = 2.7421054e+00
 MIN: Iter =    3  NFunc =    24  E =    -126.99651  RMSG = 1.4634971e+00
 MIN: Iter =    4  NFunc =    62  E =    -128.77381  RMSG = 1.7697984e+00
 MIN: Iter =    5  NFunc =    72  E =    -130.10770  RMSG = 7.2045754e-01
 MIN: Iter =    6  NFunc =   123  E =    -131.20250  RMSG = 9.4171772e-01
 MIN: Iter =    7  NFunc =   129  E =    -131.92090  RMSG = 8.0599100e-01
 MIN: Iter =    8  NFunc =   143  E =    -132.83167  RMSG = 8.9558250e-01
 MIN: Iter =    9  NFunc =   152  E =    -133.39344  RMSG = 6.7517008e-01
 MIN: Iter =   10  NFunc =   199  E =    -133.95552  RMSG = 8.7339755e-01
 MIN: Iter =   11  NFunc =   209  E =    -134.32582  RMSG = 4.6802627e-01
 MIN: Iter =   12  NFunc =   260  E =    -135.10050  RMSG = 1.0939939e+00
 MIN: Iter =   13  NFunc =   266  E =    -135.36976  RMSG = 4.0322539e-01
 MIN: Iter =   14  NFunc =   312  E =    -135.90169  RMSG = 7.8657298e-01
 MIN: Iter =   15  NFunc =   337  E =    -136.36547  RMSG = 7.0441043e-01
 MIN: Iter =   16  NFunc =   351  E =    -136.70346  RMSG = 4.4201545e-01
 MIN: Iter =   17  NFunc =   360  E =    -136.90283  RMSG = 4.5982842e-01
 MIN: Iter =   18  NFunc =   407  E =    -137.26612  RMSG = 4.3027346e-01
 MIN: Iter =   19  NFunc =   432  E =    -137.51422  RMSG = 2.9211281e-01
 MIN: Iter =   20  NFunc =   449  E =    -137.60242  RMSG = 1.4464279e-01
 MIN: Iter =   21  NFunc =   471  E =    -137.65370  RMSG = 8.4427493e-02
 MIN: Iter =   22  NFunc =   522  E =    -137.69368  RMSG = 2.5973352e-01
 MIN: Iter =   23  NFunc =   528  E =    -137.70735  RMSG = 8.4808551e-02
 MIN: Iter =   24  NFunc =   560  E =    -137.73017  RMSG = 1.4632382e-01
 MIN: Iter =   25  NFunc =   567  E =    -137.73691  RMSG = 4.5611404e-02
 MIN: Iter =   26  NFunc =   618  E =    -137.75090  RMSG = 8.6727376e-02
 MIN: Iter =   27  NFunc =   624  E =    -137.75304  RMSG = 3.4032165e-02
 MIN: Iter =   28  NFunc =   675  E =    -137.76110  RMSG = 6.8757152e-02
 MIN: Iter =   29  NFunc =   702  E =    -137.76707  RMSG = 2.9964570e-02
 MIN: Iter =   30  NFunc =   735  E =    -137.77092  RMSG = 2.5878563e-02
 MIN: Iter =   31  NFunc =   763  E =    -137.77249  RMSG = 1.0364818e-02
 MIN: Iter =   32  NFunc =   785  E =    -137.77291  RMSG = 7.8619105e-03
 MIN: Iter =   33  NFunc =   836  E =    -137.77374  RMSG = 1.0986580e-02
 MIN: Iter =   34  NFunc =   887  E =    -137.77443  RMSG = 9.5999273e-03
 MIN: Iter =   35  NFunc =   913  E =    -137.77470  RMSG = 6.3925918e-03
 MIN: Iter =   36  NFunc =   942  E =    -137.77480  RMSG = 2.3668670e-03
 MIN: Iter =   37  NFunc =   966  E =    -137.77482  RMSG = 1.6145883e-03
 MIN: Iter =   38  NFunc =   986  E =    -137.77483  RMSG = 1.0038951e-03
 MIN: Iter =   39  NFunc =  1037  E =    -137.77483  RMSG = 8.0637028e-04
 MIN: Iter =   40  NFunc =  1068  E =    -137.77483  RMSG = 4.1795641e-04
----------------------------------------------------------------
 END:          :-)  E =    -137.77483  RMSG =   0.0004180

     bond:      7.115540889
    angle:     16.812304301
 dihedral:     76.262454656
    enb14:     15.836061529
    eel14:   -127.530089067
      enb:    -12.026068512
      eel:    -66.511768781
      egb:    -47.733269591
    econs:      0.000000000
    esurf:      0.000000000
    Total:   -137.774834576
     frms:      0.000417956
====== rms.dat  ======================================================
#Frame      all_heavy
       1       0.7859
