====== tleap.out =====================================================
-I: Adding /home/case/amber24/dat/leap/prep to search path.
-I: Adding /home/case/amber24/dat/leap/lib to search path.
-I: Adding /home/case/amber24/dat/leap/parm to search path.
-I: Adding /home/case/amber24/dat/leap/cmd to search path.
-f: Source leap.in.

Welcome to LEaP!
(no leaprc in search path)
Sourcing: ./leap.in
Using Bondi radii
----- Source: /home/case/amber24/dat/leap/cmd/leaprc.gaff2
----- Source of /home/case/amber24/dat/leap/cmd/leaprc.gaff2 done
Log file: ./leap.log
Loading parameters: /home/case/amber24/dat/leap/parm/gaff2.dat
Reading title:
AMBER General Force Field for organic molecules (Version 2.2.20, March 2021)
Loading parameters: ./UL8.frcmod
Reading force field modification type file (frcmod)
Reading title:
Remark line goes here
Loading Mol2 file: ./UL8.mol2
Reading MOLECULE named UL8
Checking Unit.
Building topology.
"order_residues" off: keep input residue order.
Building atom parameters.
Building bond parameters.
Building angle parameters.
Building proper torsion parameters.
Building improper torsion parameters.
 total 17 improper torsions applied
Building H-Bond parameters.
Incorporating Non-Bonded adjustments.
Not Marking per-residue atom chain types.
Marking per-residue atom chain types.
  (Residues lacking connect0/connect1 - 
   these don't have chain types marked:

	res	total affected

	UL8	1
  )
 (no restraints)
	Quit

Exiting LEaP: Errors = 0; Warnings = 0; Notes = 0.
====== min.o =========================================================
Reading parm file (UL8.parm7)
title:
UL8                                                                             
no velocities were found
no velocities were found
	mm_options:  ntpr=5
	mm_options:  gb=1
	mm_options:  kappa=0.10395
	mm_options:  rgbmax=99.
	mm_options:  cut=99.0
	mm_options:  wcons=0.
     bond:      2.725413094
    angle:     11.619466068
 dihedral:     15.982586311
    enb14:     11.695711862
    eel14:    -77.268945346
      enb:     -1.451387551
      eel:     10.924022190
      egb:    -25.111710376
    econs:      0.000000000
    esurf:      0.000000000
    Total:    -50.884843749
     frms:      8.556586912
Starting TNCG minimisation
 MIN: Iter =    0  NFunc =     1  E =     -50.88484  RMSG = 8.5565869e+00
 MIN: Iter =    1  NFunc =     7  E =     -58.31297  RMSG = 2.9204359e+00
 MIN: Iter =    2  NFunc =    14  E =     -60.09203  RMSG = 9.9225447e-01
 MIN: Iter =    3  NFunc =    23  E =     -60.55650  RMSG = 6.0392326e-01
 MIN: Iter =    4  NFunc =    51  E =     -60.97456  RMSG = 9.4014272e-01
 MIN: Iter =    5  NFunc =    81  E =     -61.26567  RMSG = 1.2728954e+00
 MIN: Iter =    6  NFunc =    90  E =     -61.70306  RMSG = 7.1379506e-01
 MIN: Iter =    7  NFunc =    98  E =     -61.96212  RMSG = 1.0516601e+00
 MIN: Iter =    8  NFunc =   108  E =     -62.23802  RMSG = 4.4236401e-01
 MIN: Iter =    9  NFunc =   122  E =     -62.40253  RMSG = 6.8539926e-01
 MIN: Iter =   10  NFunc =   138  E =     -62.54390  RMSG = 2.5707033e-01
 MIN: Iter =   11  NFunc =   175  E =     -62.70774  RMSG = 4.5103275e-01
 MIN: Iter =   12  NFunc =   181  E =     -62.74906  RMSG = 1.6454021e-01
 MIN: Iter =   13  NFunc =   200  E =     -62.79030  RMSG = 2.2640858e-01
 MIN: Iter =   14  NFunc =   216  E =     -62.81796  RMSG = 9.7825784e-02
 MIN: Iter =   15  NFunc =   255  E =     -62.84688  RMSG = 4.2030096e-01
 MIN: Iter =   16  NFunc =   261  E =     -62.86445  RMSG = 7.0460011e-02
 MIN: Iter =   17  NFunc =   274  E =     -62.86955  RMSG = 4.3547866e-02
 MIN: Iter =   18  NFunc =   297  E =     -62.87226  RMSG = 2.7509601e-02
 MIN: Iter =   19  NFunc =   349  E =     -62.87372  RMSG = 3.6867253e-02
 MIN: Iter =   20  NFunc =   368  E =     -62.87483  RMSG = 4.5575417e-02
 MIN: Iter =   21  NFunc =   377  E =     -62.87593  RMSG = 5.0048845e-02
 MIN: Iter =   22  NFunc =   383  E =     -62.87669  RMSG = 2.9211549e-02
 MIN: Iter =   23  NFunc =   397  E =     -62.87741  RMSG = 3.4765942e-02
 MIN: Iter =   24  NFunc =   404  E =     -62.87807  RMSG = 2.8138056e-02
 MIN: Iter =   25  NFunc =   416  E =     -62.87858  RMSG = 3.0871296e-02
 MIN: Iter =   26  NFunc =   425  E =     -62.87912  RMSG = 5.6541055e-02
 MIN: Iter =   27  NFunc =   431  E =     -62.87973  RMSG = 1.8832337e-02
 MIN: Iter =   28  NFunc =   439  E =     -62.88008  RMSG = 3.1528544e-02
 MIN: Iter =   29  NFunc =   474  E =     -62.88183  RMSG = 7.3182997e-02
 MIN: Iter =   30  NFunc =   480  E =     -62.88259  RMSG = 1.9812596e-02
 MIN: Iter =   31  NFunc =   487  E =     -62.88290  RMSG = 2.8280142e-02
 MIN: Iter =   32  NFunc =   493  E =     -62.88320  RMSG = 2.9928527e-02
 MIN: Iter =   33  NFunc =   500  E =     -62.88348  RMSG = 2.5306214e-02
 MIN: Iter =   34  NFunc =   506  E =     -62.88367  RMSG = 1.6506439e-02
 MIN: Iter =   35  NFunc =   519  E =     -62.88385  RMSG = 4.6130436e-02
 MIN: Iter =   36  NFunc =   525  E =     -62.88406  RMSG = 7.1925063e-03
 MIN: Iter =   37  NFunc =   577  E =     -62.88454  RMSG = 2.7334762e-02
 MIN: Iter =   38  NFunc =   583  E =     -62.88483  RMSG = 1.8729413e-02
 MIN: Iter =   39  NFunc =   590  E =     -62.88501  RMSG = 2.3822696e-02
 MIN: Iter =   40  NFunc =   605  E =     -62.88541  RMSG = 2.7917785e-02
 MIN: Iter =   41  NFunc =   611  E =     -62.88551  RMSG = 1.0556520e-02
 MIN: Iter =   42  NFunc =   663  E =     -62.88577  RMSG = 1.9637802e-02
 MIN: Iter =   43  NFunc =   669  E =     -62.88583  RMSG = 8.9670612e-03
 MIN: Iter =   44  NFunc =   690  E =     -62.88592  RMSG = 8.7852237e-03
 MIN: Iter =   45  NFunc =   699  E =     -62.88597  RMSG = 8.4232314e-03
 MIN: Iter =   46  NFunc =   705  E =     -62.88598  RMSG = 2.8969186e-03
 MIN: Iter =   47  NFunc =   756  E =     -62.88604  RMSG = 9.4787683e-03
 MIN: Iter =   48  NFunc =   780  E =     -62.88614  RMSG = 6.7579611e-03
 MIN: Iter =   49  NFunc =   798  E =     -62.88616  RMSG = 2.4472856e-03
 MIN: Iter =   50  NFunc =   833  E =     -62.88618  RMSG = 1.4734399e-03
 MIN: Iter =   51  NFunc =   884  E =     -62.88620  RMSG = 2.5361357e-03
 MIN: Iter =   52  NFunc =   893  E =     -62.88620  RMSG = 1.3053404e-03
 MIN: Iter =   53  NFunc =   913  E =     -62.88621  RMSG = 8.3436355e-04
 MIN: Iter =   54  NFunc =   944  E =     -62.88621  RMSG = 4.9345254e-04
----------------------------------------------------------------
 END:          :-)  E =     -62.88621  RMSG =   0.0004935

     bond:      1.261634882
    angle:      6.248983830
 dihedral:     15.366524727
    enb14:      8.467001570
    eel14:    -76.706217706
      enb:     -3.637183252
      eel:     12.616137063
      egb:    -26.503089553
    econs:      0.000000000
    esurf:      0.000000000
    Total:    -62.886208439
     frms:      0.000493453
====== rms.dat  ======================================================
#Frame      all_heavy
       1       0.3545
