====== tleap.out =====================================================
-I: Adding /home/case/amber24/dat/leap/prep to search path.
-I: Adding /home/case/amber24/dat/leap/lib to search path.
-I: Adding /home/case/amber24/dat/leap/parm to search path.
-I: Adding /home/case/amber24/dat/leap/cmd to search path.
-f: Source leap.in.

Welcome to LEaP!
(no leaprc in search path)
Sourcing: ./leap.in
Using Bondi radii
----- Source: /home/case/amber24/dat/leap/cmd/leaprc.gaff2
----- Source of /home/case/amber24/dat/leap/cmd/leaprc.gaff2 done
Log file: ./leap.log
Loading parameters: /home/case/amber24/dat/leap/parm/gaff2.dat
Reading title:
AMBER General Force Field for organic molecules (Version 2.2.20, March 2021)
Loading parameters: ./UPK.frcmod
Reading force field modification type file (frcmod)
Reading title:
Remark line goes here
Loading Mol2 file: ./UPK.mol2
Reading MOLECULE named UPK
Checking Unit.
Building topology.
"order_residues" off: keep input residue order.
Building atom parameters.
Building bond parameters.
Building angle parameters.
Building proper torsion parameters.
Building improper torsion parameters.
 total 17 improper torsions applied
Building H-Bond parameters.
Incorporating Non-Bonded adjustments.
Not Marking per-residue atom chain types.
Marking per-residue atom chain types.
  (Residues lacking connect0/connect1 - 
   these don't have chain types marked:

	res	total affected

	UPK	1
  )
 (no restraints)
	Quit

Exiting LEaP: Errors = 0; Warnings = 0; Notes = 0.
====== min.o =========================================================
Reading parm file (UPK.parm7)
title:
UPK                                                                             
no velocities were found
no velocities were found
	mm_options:  ntpr=5
	mm_options:  gb=1
	mm_options:  kappa=0.10395
	mm_options:  rgbmax=99.
	mm_options:  cut=99.0
	mm_options:  wcons=0.
     bond:      1.891816663
    angle:      5.644863774
 dihedral:      9.926564794
    enb14:      8.190307202
    eel14:   -102.733232386
      enb:     -1.103604131
      eel:     54.366943738
      egb:    -16.744589645
    econs:      0.000000000
    esurf:      0.000000000
    Total:    -40.560929992
     frms:      9.619173463
Starting TNCG minimisation
 MIN: Iter =    0  NFunc =     1  E =     -40.56093  RMSG = 9.6191735e+00
 MIN: Iter =    1  NFunc =     7  E =     -44.94252  RMSG = 1.6409052e+00
 MIN: Iter =    2  NFunc =    13  E =     -45.36574  RMSG = 6.4538797e-01
 MIN: Iter =    3  NFunc =    34  E =     -45.61694  RMSG = 6.1055556e-01
 MIN: Iter =    4  NFunc =    40  E =     -45.65575  RMSG = 2.5267360e-01
 MIN: Iter =    5  NFunc =    49  E =     -45.67107  RMSG = 1.0905672e-01
 MIN: Iter =    6  NFunc =    80  E =     -45.70651  RMSG = 1.5479065e-01
 MIN: Iter =    7  NFunc =    86  E =     -45.71008  RMSG = 6.2063954e-02
 MIN: Iter =    8  NFunc =   109  E =     -45.71731  RMSG = 5.2382999e-02
 MIN: Iter =    9  NFunc =   120  E =     -45.71784  RMSG = 1.7533899e-02
 MIN: Iter =   10  NFunc =   132  E =     -45.71794  RMSG = 8.0571373e-03
 MIN: Iter =   11  NFunc =   168  E =     -45.71814  RMSG = 5.8459570e-03
 MIN: Iter =   12  NFunc =   189  E =     -45.71818  RMSG = 3.5908412e-03
 MIN: Iter =   13  NFunc =   201  E =     -45.71818  RMSG = 1.1578284e-03
 MIN: Iter =   14  NFunc =   216  E =     -45.71819  RMSG = 8.3221129e-04
 MIN: Iter =   15  NFunc =   245  E =     -45.71819  RMSG = 4.3068672e-04
----------------------------------------------------------------
 END:          :-)  E =     -45.71819  RMSG =   0.0004307

     bond:      0.975721863
    angle:      4.313237500
 dihedral:      9.056674028
    enb14:      6.677750247
    eel14:   -102.296500896
      enb:     -0.790387951
      eel:     53.521916460
      egb:    -17.176598332
    econs:      0.000000000
    esurf:      0.000000000
    Total:    -45.718187081
     frms:      0.000430687
====== rms.dat  ======================================================
#Frame      all_heavy
       1       0.0786
