====== tleap.out =====================================================
-I: Adding /home/case/amber24/dat/leap/prep to search path.
-I: Adding /home/case/amber24/dat/leap/lib to search path.
-I: Adding /home/case/amber24/dat/leap/parm to search path.
-I: Adding /home/case/amber24/dat/leap/cmd to search path.
-f: Source leap.in.

Welcome to LEaP!
(no leaprc in search path)
Sourcing: ./leap.in
Using Bondi radii
----- Source: /home/case/amber24/dat/leap/cmd/leaprc.gaff2
----- Source of /home/case/amber24/dat/leap/cmd/leaprc.gaff2 done
Log file: ./leap.log
Loading parameters: /home/case/amber24/dat/leap/parm/gaff2.dat
Reading title:
AMBER General Force Field for organic molecules (Version 2.2.20, March 2021)
Loading parameters: ./UPM.frcmod
Reading force field modification type file (frcmod)
Reading title:
Remark line goes here
Loading Mol2 file: ./UPM.mol2
Reading MOLECULE named UPM
Checking Unit.

/home/case/amber24/bin/teLeap: Warning!
The unperturbed charge of the unit (-3.001999) is not zero.

/home/case/amber24/bin/teLeap: Note.
Ignoring the warning from Unit Checking.

Building topology.
"order_residues" off: keep input residue order.
Building atom parameters.
Building bond parameters.
Building angle parameters.
Building proper torsion parameters.
Building improper torsion parameters.
 total 9 improper torsions applied
Building H-Bond parameters.
Incorporating Non-Bonded adjustments.
Not Marking per-residue atom chain types.
Marking per-residue atom chain types.
  (Residues lacking connect0/connect1 - 
   these don't have chain types marked:

	res	total affected

	UPM	1
  )
 (no restraints)
	Quit

Exiting LEaP: Errors = 0; Warnings = 1; Notes = 1.
====== min.o =========================================================
Reading parm file (UPM.parm7)
title:
UPM                                                                             
no velocities were found
no velocities were found
	mm_options:  ntpr=5
	mm_options:  gb=1
	mm_options:  kappa=0.10395
	mm_options:  rgbmax=99.
	mm_options:  cut=99.0
	mm_options:  wcons=0.
     bond:      7.552115602
    angle:     23.147638777
 dihedral:    100.098587252
    enb14:     18.912333300
    eel14:   -461.840983060
      enb:    -10.049291425
      eel:    331.782657472
      egb:   -416.723517758
    econs:      0.000000000
    esurf:      0.000000000
    Total:   -407.120459841
     frms:     15.146800777
Starting TNCG minimisation
 MIN: Iter =    0  NFunc =     1  E =    -407.12046  RMSG = 1.5146801e+01
 MIN: Iter =    1  NFunc =     7  E =    -437.13849  RMSG = 3.7031868e+00
 MIN: Iter =    2  NFunc =    14  E =    -442.97997  RMSG = 1.8516670e+00
 MIN: Iter =    3  NFunc =    22  E =    -444.32089  RMSG = 8.2918345e-01
 MIN: Iter =    4  NFunc =    65  E =    -445.66662  RMSG = 1.2267602e+00
 MIN: Iter =    5  NFunc =   116  E =    -447.04904  RMSG = 1.6470231e+00
 MIN: Iter =    6  NFunc =   123  E =    -448.27924  RMSG = 1.5120392e+00
 MIN: Iter =    7  NFunc =   131  E =    -449.49621  RMSG = 1.4742946e+00
 MIN: Iter =    8  NFunc =   137  E =    -450.37890  RMSG = 8.3025096e-01
 MIN: Iter =    9  NFunc =   188  E =    -451.19574  RMSG = 1.1031214e+00
 MIN: Iter =   10  NFunc =   198  E =    -451.78519  RMSG = 9.7008819e-01
 MIN: Iter =   11  NFunc =   206  E =    -452.28378  RMSG = 1.0801144e+00
 MIN: Iter =   12  NFunc =   217  E =    -452.80299  RMSG = 6.4245475e-01
 MIN: Iter =   13  NFunc =   231  E =    -453.08114  RMSG = 5.5793750e-01
 MIN: Iter =   14  NFunc =   246  E =    -453.24765  RMSG = 2.7455767e-01
 MIN: Iter =   15  NFunc =   297  E =    -453.39315  RMSG = 1.0855237e+00
 MIN: Iter =   16  NFunc =   303  E =    -453.47782  RMSG = 1.8536476e-01
 MIN: Iter =   17  NFunc =   328  E =    -453.56305  RMSG = 7.8225345e-01
 MIN: Iter =   18  NFunc =   334  E =    -453.61074  RMSG = 1.6761356e-01
 MIN: Iter =   19  NFunc =   383  E =    -453.64776  RMSG = 4.2458231e-01
 MIN: Iter =   20  NFunc =   395  E =    -453.70688  RMSG = 4.2056315e-01
 MIN: Iter =   21  NFunc =   412  E =    -453.75810  RMSG = 4.9522466e-01
 MIN: Iter =   22  NFunc =   427  E =    -453.82242  RMSG = 6.0358759e-01
 MIN: Iter =   23  NFunc =   434  E =    -453.93018  RMSG = 1.4526091e+00
 MIN: Iter =   24  NFunc =   440  E =    -454.19076  RMSG = 5.7353789e-01
 MIN: Iter =   25  NFunc =   447  E =    -454.32838  RMSG = 8.0261375e-01
 MIN: Iter =   26  NFunc =   454  E =    -454.52683  RMSG = 1.0474438e+00
 MIN: Iter =   27  NFunc =   460  E =    -454.80381  RMSG = 2.0112711e+00
 MIN: Iter =   28  NFunc =   466  E =    -455.24980  RMSG = 5.9097347e-01
 MIN: Iter =   29  NFunc =   472  E =    -455.47634  RMSG = 1.7602147e+00
 MIN: Iter =   30  NFunc =   478  E =    -455.83209  RMSG = 4.6432791e-01
 MIN: Iter =   31  NFunc =   502  E =    -456.24098  RMSG = 6.9506739e-01
 MIN: Iter =   32  NFunc =   508  E =    -456.43700  RMSG = 1.0671384e+00
 MIN: Iter =   33  NFunc =   529  E =    -456.89724  RMSG = 8.3929047e-01
 MIN: Iter =   34  NFunc =   536  E =    -457.23180  RMSG = 7.3401222e-01
 MIN: Iter =   35  NFunc =   542  E =    -457.45471  RMSG = 3.5145633e-01
 MIN: Iter =   36  NFunc =   593  E =    -457.89586  RMSG = 4.8594630e-01
 MIN: Iter =   37  NFunc =   610  E =    -458.25832  RMSG = 6.1354920e-01
 MIN: Iter =   38  NFunc =   618  E =    -458.65142  RMSG = 6.5268523e-01
 MIN: Iter =   39  NFunc =   624  E =    -458.96236  RMSG = 6.2896306e-01
 MIN: Iter =   40  NFunc =   630  E =    -459.28619  RMSG = 5.9392023e-01
 MIN: Iter =   41  NFunc =   636  E =    -459.59250  RMSG = 5.6943654e-01
 MIN: Iter =   42  NFunc =   642  E =    -459.86644  RMSG = 5.7194218e-01
 MIN: Iter =   43  NFunc =   648  E =    -460.15825  RMSG = 6.0713167e-01
 MIN: Iter =   44  NFunc =   654  E =    -460.42775  RMSG = 6.4401241e-01
 MIN: Iter =   45  NFunc =   661  E =    -460.68926  RMSG = 6.0147183e-01
 MIN: Iter =   46  NFunc =   670  E =    -460.95229  RMSG = 6.1391429e-01
 MIN: Iter =   47  NFunc =   721  E =    -461.60140  RMSG = 7.7133175e-01
 MIN: Iter =   48  NFunc =   772  E =    -462.18333  RMSG = 8.8762886e-01
 MIN: Iter =   49  NFunc =   779  E =    -462.76331  RMSG = 9.7359883e-01
 MIN: Iter =   50  NFunc =   785  E =    -463.35278  RMSG = 9.6484378e-01
 MIN: Iter =   51  NFunc =   791  E =    -463.92361  RMSG = 8.8790212e-01
 MIN: Iter =   52  NFunc =   797  E =    -464.43253  RMSG = 7.9407104e-01
 MIN: Iter =   53  NFunc =   804  E =    -464.85654  RMSG = 6.7090216e-01
 MIN: Iter =   54  NFunc =   810  E =    -465.12146  RMSG = 5.2145576e-01
 MIN: Iter =   55  NFunc =   825  E =    -465.41123  RMSG = 5.2573203e-01
 MIN: Iter =   56  NFunc =   852  E =    -465.65805  RMSG = 5.1721459e-01
 MIN: Iter =   57  NFunc =   860  E =    -465.73256  RMSG = 1.8962661e-01
 MIN: Iter =   58  NFunc =   911  E =    -465.85088  RMSG = 4.9017651e-01
 MIN: Iter =   59  NFunc =   917  E =    -465.92539  RMSG = 2.8264365e-01
 MIN: Iter =   60  NFunc =   945  E =    -466.00206  RMSG = 3.9732046e-01
 MIN: Iter =   61  NFunc =   960  E =    -466.07119  RMSG = 1.1197554e+00
 MIN: Iter =   62  NFunc =   966  E =    -466.17272  RMSG = 2.5316448e-01
 MIN: Iter =   63  NFunc =   980  E =    -466.21352  RMSG = 3.1144732e-01
 MIN: Iter =   64  NFunc =   987  E =    -466.27507  RMSG = 5.8605460e-01
 MIN: Iter =   65  NFunc =   993  E =    -466.35628  RMSG = 6.1959634e-01
 MIN: Iter =   66  NFunc =   999  E =    -466.42086  RMSG = 3.4356494e-01
 MIN: Iter =   67  NFunc =  1006  E =    -466.47197  RMSG = 6.2921992e-01
 MIN: Iter =   68  NFunc =  1012  E =    -466.51222  RMSG = 1.4756942e-01
 MIN: Iter =   69  NFunc =  1036  E =    -466.57711  RMSG = 2.5757868e-01
 MIN: Iter =   70  NFunc =  1049  E =    -466.63739  RMSG = 5.7729818e-01
 MIN: Iter =   71  NFunc =  1055  E =    -466.66249  RMSG = 1.0677224e-01
 MIN: Iter =   72  NFunc =  1072  E =    -466.67642  RMSG = 1.6706015e-01
 MIN: Iter =   73  NFunc =  1123  E =    -466.72136  RMSG = 2.7817060e-01
 MIN: Iter =   74  NFunc =  1129  E =    -466.74079  RMSG = 1.3144944e-01
 MIN: Iter =   75  NFunc =  1180  E =    -466.80998  RMSG = 2.6804379e-01
 MIN: Iter =   76  NFunc =  1186  E =    -466.84646  RMSG = 1.4043984e-01
 MIN: Iter =   77  NFunc =  1207  E =    -466.90188  RMSG = 2.1490486e-01
 MIN: Iter =   78  NFunc =  1219  E =    -466.93369  RMSG = 1.1561264e-01
 MIN: Iter =   79  NFunc =  1270  E =    -466.98581  RMSG = 2.3401519e-01
 MIN: Iter =   80  NFunc =  1287  E =    -467.02131  RMSG = 1.7890199e-01
 MIN: Iter =   81  NFunc =  1301  E =    -467.04964  RMSG = 2.1291711e-01
 MIN: Iter =   82  NFunc =  1308  E =    -467.05862  RMSG = 7.1830078e-02
 MIN: Iter =   83  NFunc =  1359  E =    -467.10804  RMSG = 1.2702468e-01
 MIN: Iter =   84  NFunc =  1410  E =    -467.17118  RMSG = 1.8621463e-01
 MIN: Iter =   85  NFunc =  1436  E =    -467.24805  RMSG = 2.4330889e-01
 MIN: Iter =   86  NFunc =  1449  E =    -467.32079  RMSG = 2.4882944e-01
 MIN: Iter =   87  NFunc =  1465  E =    -467.38970  RMSG = 2.5540187e-01
 MIN: Iter =   88  NFunc =  1474  E =    -467.45037  RMSG = 2.2674495e-01
 MIN: Iter =   89  NFunc =  1481  E =    -467.49414  RMSG = 1.9550690e-01
 MIN: Iter =   90  NFunc =  1494  E =    -467.53945  RMSG = 1.7899590e-01
 MIN: Iter =   91  NFunc =  1508  E =    -467.57210  RMSG = 1.3492262e-01
 MIN: Iter =   92  NFunc =  1517  E =    -467.58255  RMSG = 7.6510550e-02
 MIN: Iter =   93  NFunc =  1543  E =    -467.59438  RMSG = 7.5323553e-02
 MIN: Iter =   94  NFunc =  1594  E =    -467.60570  RMSG = 4.8144740e-02
 MIN: Iter =   95  NFunc =  1645  E =    -467.61618  RMSG = 6.4881957e-02
 MIN: Iter =   96  NFunc =  1696  E =    -467.62597  RMSG = 7.3627226e-02
 MIN: Iter =   97  NFunc =  1702  E =    -467.62714  RMSG = 2.8232208e-02
 MIN: Iter =   98  NFunc =  1748  E =    -467.63198  RMSG = 4.3467073e-02
 MIN: Iter =   99  NFunc =  1758  E =    -467.63272  RMSG = 1.5759055e-02
 MIN: Iter =  100  NFunc =  1809  E =    -467.63563  RMSG = 4.8436559e-02
----------------------------------------------------------------
 END:          :-)  E =    -467.63563  RMSG =   0.0484366

     bond:      5.985380080
    angle:     20.807601791
 dihedral:     82.337108087
    enb14:     13.704391831
    eel14:   -503.082341094
      enb:    -14.851770767
      eel:    319.040337820
      egb:   -391.576339270
    econs:      0.000000000
    esurf:      0.000000000
    Total:   -467.635631522
     frms:      0.048436559
====== rms.dat  ======================================================
#Frame      all_heavy
       1       2.1426
