====== tleap.out =====================================================
-I: Adding /home/case/amber24/dat/leap/prep to search path.
-I: Adding /home/case/amber24/dat/leap/lib to search path.
-I: Adding /home/case/amber24/dat/leap/parm to search path.
-I: Adding /home/case/amber24/dat/leap/cmd to search path.
-f: Source leap.in.

Welcome to LEaP!
(no leaprc in search path)
Sourcing: ./leap.in
Using Bondi radii
----- Source: /home/case/amber24/dat/leap/cmd/leaprc.gaff2
----- Source of /home/case/amber24/dat/leap/cmd/leaprc.gaff2 done
Log file: ./leap.log
Loading parameters: /home/case/amber24/dat/leap/parm/gaff2.dat
Reading title:
AMBER General Force Field for organic molecules (Version 2.2.20, March 2021)
Loading parameters: ./UPT.frcmod
Reading force field modification type file (frcmod)
Reading title:
Remark line goes here
Loading Mol2 file: ./UPT.mol2
Reading MOLECULE named UPT
Checking Unit.
Building topology.
"order_residues" off: keep input residue order.
Building atom parameters.
Building bond parameters.
Building angle parameters.
Building proper torsion parameters.
Building improper torsion parameters.
 total 6 improper torsions applied
Building H-Bond parameters.
Incorporating Non-Bonded adjustments.
Not Marking per-residue atom chain types.
Marking per-residue atom chain types.
  (Residues lacking connect0/connect1 - 
   these don't have chain types marked:

	res	total affected

	UPT	1
  )
 (no restraints)
	Quit

Exiting LEaP: Errors = 0; Warnings = 0; Notes = 0.
====== min.o =========================================================
Reading parm file (UPT.parm7)
title:
UPT                                                                             
no velocities were found
no velocities were found
	mm_options:  ntpr=5
	mm_options:  gb=1
	mm_options:  kappa=0.10395
	mm_options:  rgbmax=99.
	mm_options:  cut=99.0
	mm_options:  wcons=0.
     bond:      2.580684674
    angle:      7.880608810
 dihedral:     60.462498165
    enb14:      5.826457309
    eel14:   -117.804932996
      enb:     -3.272370773
      eel:     -6.480424653
      egb:    -31.817589538
    econs:      0.000000000
    esurf:      0.000000000
    Total:    -82.625069003
     frms:     11.290187734
Starting TNCG minimisation
 MIN: Iter =    0  NFunc =     1  E =     -82.62507  RMSG = 1.1290188e+01
 MIN: Iter =    1  NFunc =     7  E =     -92.84249  RMSG = 2.7625568e+00
 MIN: Iter =    2  NFunc =    22  E =     -93.61886  RMSG = 3.2275126e+00
 MIN: Iter =    3  NFunc =    44  E =     -94.90577  RMSG = 5.9058291e+00
 MIN: Iter =    4  NFunc =    50  E =     -96.53629  RMSG = 1.6922867e+00
 MIN: Iter =    5  NFunc =    59  E =     -97.47508  RMSG = 3.6457184e+00
 MIN: Iter =    6  NFunc =    65  E =     -97.99186  RMSG = 6.9018735e-01
 MIN: Iter =    7  NFunc =   102  E =     -98.55326  RMSG = 1.0555771e+00
 MIN: Iter =    8  NFunc =   130  E =     -99.10638  RMSG = 1.1748928e+00
 MIN: Iter =    9  NFunc =   144  E =     -99.58836  RMSG = 1.3152947e+00
 MIN: Iter =   10  NFunc =   150  E =     -99.99457  RMSG = 9.4156165e-01
 MIN: Iter =   11  NFunc =   162  E =    -100.34171  RMSG = 9.3560862e-01
 MIN: Iter =   12  NFunc =   169  E =    -100.63816  RMSG = 7.6350409e-01
 MIN: Iter =   13  NFunc =   176  E =    -100.81677  RMSG = 4.6599282e-01
 MIN: Iter =   14  NFunc =   182  E =    -100.89459  RMSG = 4.4181653e-01
 MIN: Iter =   15  NFunc =   199  E =    -100.98219  RMSG = 6.4576132e-01
 MIN: Iter =   16  NFunc =   214  E =    -101.01762  RMSG = 2.0298757e-01
 MIN: Iter =   17  NFunc =   222  E =    -101.02382  RMSG = 8.3790338e-02
 MIN: Iter =   18  NFunc =   236  E =    -101.02697  RMSG = 5.0293910e-02
 MIN: Iter =   19  NFunc =   250  E =    -101.02785  RMSG = 2.3939776e-02
 MIN: Iter =   20  NFunc =   269  E =    -101.02854  RMSG = 1.7188658e-02
 MIN: Iter =   21  NFunc =   284  E =    -101.02870  RMSG = 1.0044014e-02
 MIN: Iter =   22  NFunc =   290  E =    -101.02872  RMSG = 6.1308203e-03
 MIN: Iter =   23  NFunc =   296  E =    -101.02873  RMSG = 3.3599610e-03
 MIN: Iter =   24  NFunc =   322  E =    -101.02877  RMSG = 2.7688022e-03
 MIN: Iter =   25  NFunc =   334  E =    -101.02877  RMSG = 1.3285239e-03
 MIN: Iter =   26  NFunc =   355  E =    -101.02878  RMSG = 7.4603050e-04
 MIN: Iter =   27  NFunc =   377  E =    -101.02878  RMSG = 2.9990988e-04
----------------------------------------------------------------
 END:          :-)  E =    -101.02878  RMSG =   0.0002999

     bond:      1.415912796
    angle:      5.352645121
 dihedral:     50.668541697
    enb14:      4.666819028
    eel14:   -118.403675737
      enb:     -3.899660530
      eel:     -9.136901623
      egb:    -31.692457316
    econs:      0.000000000
    esurf:      0.000000000
    Total:   -101.028776565
     frms:      0.000299910
====== rms.dat  ======================================================
#Frame      all_heavy
       1       0.5758
