====== tleap.out =====================================================
-I: Adding /home/case/amber24/dat/leap/prep to search path.
-I: Adding /home/case/amber24/dat/leap/lib to search path.
-I: Adding /home/case/amber24/dat/leap/parm to search path.
-I: Adding /home/case/amber24/dat/leap/cmd to search path.
-f: Source leap.in.

Welcome to LEaP!
(no leaprc in search path)
Sourcing: ./leap.in
Using Bondi radii
----- Source: /home/case/amber24/dat/leap/cmd/leaprc.gaff2
----- Source of /home/case/amber24/dat/leap/cmd/leaprc.gaff2 done
Log file: ./leap.log
Loading parameters: /home/case/amber24/dat/leap/parm/gaff2.dat
Reading title:
AMBER General Force Field for organic molecules (Version 2.2.20, March 2021)
Loading parameters: ./URF.frcmod
Reading force field modification type file (frcmod)
Reading title:
Remark line goes here
Loading Mol2 file: ./URF.mol2
Reading MOLECULE named URF
Checking Unit.
Building topology.
"order_residues" off: keep input residue order.
Building atom parameters.
Building bond parameters.
Building angle parameters.
Building proper torsion parameters.
Building improper torsion parameters.
 total 6 improper torsions applied
Building H-Bond parameters.
Incorporating Non-Bonded adjustments.
Not Marking per-residue atom chain types.
Marking per-residue atom chain types.
  (Residues lacking connect0/connect1 - 
   these don't have chain types marked:

	res	total affected

	URF	1
  )
 (no restraints)
	Quit

Exiting LEaP: Errors = 0; Warnings = 0; Notes = 0.
====== min.o =========================================================
Reading parm file (URF.parm7)
title:
URF                                                                             
no velocities were found
no velocities were found
	mm_options:  ntpr=5
	mm_options:  gb=1
	mm_options:  kappa=0.10395
	mm_options:  rgbmax=99.
	mm_options:  cut=99.0
	mm_options:  wcons=0.
     bond:      0.828645069
    angle:      0.531962031
 dihedral:     12.000075812
    enb14:      3.711912816
    eel14:   -129.152865467
      enb:     -0.374362682
      eel:     30.130856204
      egb:    -20.253151271
    econs:      0.000000000
    esurf:      0.000000000
    Total:   -102.576927489
     frms:     10.006670053
Starting TNCG minimisation
 MIN: Iter =    0  NFunc =     1  E =    -102.57693  RMSG = 1.0006670e+01
 MIN: Iter =    1  NFunc =     7  E =    -105.23713  RMSG = 1.2024896e+00
 MIN: Iter =    2  NFunc =    13  E =    -105.28516  RMSG = 1.0963613e-01
 MIN: Iter =    3  NFunc =    19  E =    -105.28561  RMSG = 7.2008160e-03
 MIN: Iter =    4  NFunc =    25  E =    -105.28562  RMSG = 3.7229371e-03
 MIN: Iter =    5  NFunc =    31  E =    -105.28562  RMSG = 8.3663061e-04
 MIN: Iter =    6  NFunc =    40  E =    -105.28562  RMSG = 2.2865734e-04
----------------------------------------------------------------
 END:          :-)  E =    -105.28562  RMSG =   0.0002287

     bond:      0.463527336
    angle:      0.845139758
 dihedral:     12.000000001
    enb14:      2.946092569
    eel14:   -132.083081193
      enb:     -0.366626585
      eel:     30.945954862
      egb:    -20.036624889
    econs:      0.000000000
    esurf:      0.000000000
    Total:   -105.285618141
     frms:      0.000228657
====== rms.dat  ======================================================
#Frame      all_heavy
       1       0.0318
