====== tleap.out =====================================================
-I: Adding /home/case/amber24/dat/leap/prep to search path.
-I: Adding /home/case/amber24/dat/leap/lib to search path.
-I: Adding /home/case/amber24/dat/leap/parm to search path.
-I: Adding /home/case/amber24/dat/leap/cmd to search path.
-f: Source leap.in.

Welcome to LEaP!
(no leaprc in search path)
Sourcing: ./leap.in
Using Bondi radii
----- Source: /home/case/amber24/dat/leap/cmd/leaprc.gaff2
----- Source of /home/case/amber24/dat/leap/cmd/leaprc.gaff2 done
Log file: ./leap.log
Loading parameters: /home/case/amber24/dat/leap/parm/gaff2.dat
Reading title:
AMBER General Force Field for organic molecules (Version 2.2.20, March 2021)
Loading parameters: ./US7.frcmod
Reading force field modification type file (frcmod)
Reading title:
Remark line goes here
Loading Mol2 file: ./US7.mol2
Reading MOLECULE named US7
Checking Unit.
Building topology.
"order_residues" off: keep input residue order.
Building atom parameters.
Building bond parameters.
Building angle parameters.
Building proper torsion parameters.
Building improper torsion parameters.
 total 7 improper torsions applied
Building H-Bond parameters.
Incorporating Non-Bonded adjustments.
Not Marking per-residue atom chain types.
Marking per-residue atom chain types.
  (Residues lacking connect0/connect1 - 
   these don't have chain types marked:

	res	total affected

	US7	1
  )
 (no restraints)
	Quit

Exiting LEaP: Errors = 0; Warnings = 0; Notes = 0.
====== min.o =========================================================
Reading parm file (US7.parm7)
title:
US7                                                                             
no velocities were found
no velocities were found
	mm_options:  ntpr=5
	mm_options:  gb=1
	mm_options:  kappa=0.10395
	mm_options:  rgbmax=99.
	mm_options:  cut=99.0
	mm_options:  wcons=0.
     bond:      1.855414226
    angle:      2.134953022
 dihedral:      9.574019014
    enb14:      8.732543529
    eel14:     -4.800326384
      enb:      1.653945821
      eel:     -4.098624110
      egb:    -17.127753150
    econs:      0.000000000
    esurf:      0.000000000
    Total:     -2.075828032
     frms:      8.074730100
Starting TNCG minimisation
 MIN: Iter =    0  NFunc =     1  E =      -2.07583  RMSG = 8.0747301e+00
 MIN: Iter =    1  NFunc =     7  E =      -9.60621  RMSG = 3.1628863e+00
 MIN: Iter =    2  NFunc =    14  E =     -11.65492  RMSG = 1.3307101e+00
 MIN: Iter =    3  NFunc =    21  E =     -11.95574  RMSG = 6.2626712e-01
 MIN: Iter =    4  NFunc =    60  E =     -12.42183  RMSG = 7.0039777e-01
 MIN: Iter =    5  NFunc =    78  E =     -12.69100  RMSG = 6.6359459e-01
 MIN: Iter =    6  NFunc =    84  E =     -12.75728  RMSG = 1.7766083e-01
 MIN: Iter =    7  NFunc =   100  E =     -12.79314  RMSG = 1.6007244e-01
 MIN: Iter =    8  NFunc =   113  E =     -12.80482  RMSG = 8.0206621e-02
 MIN: Iter =    9  NFunc =   160  E =     -12.82881  RMSG = 2.5701784e-01
 MIN: Iter =   10  NFunc =   166  E =     -12.83452  RMSG = 6.6221016e-02
 MIN: Iter =   11  NFunc =   178  E =     -12.83862  RMSG = 5.3663745e-02
 MIN: Iter =   12  NFunc =   198  E =     -12.84427  RMSG = 1.1355050e-01
 MIN: Iter =   13  NFunc =   217  E =     -12.84692  RMSG = 3.5050266e-02
 MIN: Iter =   14  NFunc =   236  E =     -12.84842  RMSG = 2.5132745e-02
 MIN: Iter =   15  NFunc =   247  E =     -12.84864  RMSG = 1.0021255e-02
 MIN: Iter =   16  NFunc =   265  E =     -12.84871  RMSG = 4.3532993e-03
 MIN: Iter =   17  NFunc =   278  E =     -12.84872  RMSG = 2.1527656e-03
 MIN: Iter =   18  NFunc =   291  E =     -12.84873  RMSG = 1.8087749e-03
 MIN: Iter =   19  NFunc =   306  E =     -12.84873  RMSG = 1.0183975e-03
 MIN: Iter =   20  NFunc =   328  E =     -12.84873  RMSG = 7.7980987e-04
 MIN: Iter =   21  NFunc =   336  E =     -12.84873  RMSG = 4.6932224e-04
----------------------------------------------------------------
 END:          :-)  E =     -12.84873  RMSG =   0.0004693

     bond:      1.674681540
    angle:      1.299647108
 dihedral:     11.009678858
    enb14:      5.128172629
    eel14:     -7.979416805
      enb:     -1.896330037
      eel:     -3.748063345
      egb:    -18.337101473
    econs:      0.000000000
    esurf:      0.000000000
    Total:    -12.848731525
     frms:      0.000469322
====== rms.dat  ======================================================
#Frame      all_heavy
       1       0.2057
