====== tleap.out =====================================================
-I: Adding /home/case/amber24/dat/leap/prep to search path.
-I: Adding /home/case/amber24/dat/leap/lib to search path.
-I: Adding /home/case/amber24/dat/leap/parm to search path.
-I: Adding /home/case/amber24/dat/leap/cmd to search path.
-f: Source leap.in.

Welcome to LEaP!
(no leaprc in search path)
Sourcing: ./leap.in
Using Bondi radii
----- Source: /home/case/amber24/dat/leap/cmd/leaprc.gaff2
----- Source of /home/case/amber24/dat/leap/cmd/leaprc.gaff2 done
Log file: ./leap.log
Loading parameters: /home/case/amber24/dat/leap/parm/gaff2.dat
Reading title:
AMBER General Force Field for organic molecules (Version 2.2.20, March 2021)
Loading parameters: ./UV7.frcmod
Reading force field modification type file (frcmod)
Reading title:
Remark line goes here
Loading Mol2 file: ./UV7.mol2
Reading MOLECULE named UV7
Checking Unit.
Building topology.
"order_residues" off: keep input residue order.
Building atom parameters.
Building bond parameters.
Building angle parameters.
Building proper torsion parameters.
Building improper torsion parameters.
 total 6 improper torsions applied
Building H-Bond parameters.
Incorporating Non-Bonded adjustments.
Not Marking per-residue atom chain types.
Marking per-residue atom chain types.
  (Residues lacking connect0/connect1 - 
   these don't have chain types marked:

	res	total affected

	UV7	1
  )
 (no restraints)
	Quit

Exiting LEaP: Errors = 0; Warnings = 0; Notes = 0.
====== min.o =========================================================
Reading parm file (UV7.parm7)
title:
UV7                                                                             
no velocities were found
no velocities were found
	mm_options:  ntpr=5
	mm_options:  gb=1
	mm_options:  kappa=0.10395
	mm_options:  rgbmax=99.
	mm_options:  cut=99.0
	mm_options:  wcons=0.
     bond:      1.638123178
    angle:      5.713679395
 dihedral:     24.245075387
    enb14:      0.873278944
    eel14:    -70.631100918
      enb:     -1.262057681
      eel:     23.997243136
      egb:    -21.409160543
    econs:      0.000000000
    esurf:      0.000000000
    Total:    -36.834919104
     frms:     10.501707712
Starting TNCG minimisation
 MIN: Iter =    0  NFunc =     1  E =     -36.83492  RMSG = 1.0501708e+01
 MIN: Iter =    1  NFunc =     7  E =     -40.62784  RMSG = 1.6651288e+00
 MIN: Iter =    2  NFunc =    13  E =     -40.81128  RMSG = 5.2785336e-01
 MIN: Iter =    3  NFunc =    44  E =     -41.00467  RMSG = 1.7988380e+00
 MIN: Iter =    4  NFunc =    50  E =     -41.12607  RMSG = 4.9651290e-01
 MIN: Iter =    5  NFunc =    67  E =     -41.34740  RMSG = 1.9914856e+00
 MIN: Iter =    6  NFunc =    73  E =     -41.48801  RMSG = 4.0152334e-01
 MIN: Iter =    7  NFunc =    97  E =     -41.63825  RMSG = 6.0762370e-01
 MIN: Iter =    8  NFunc =   104  E =     -41.75112  RMSG = 7.6457232e-01
 MIN: Iter =    9  NFunc =   110  E =     -41.85895  RMSG = 1.0441387e+00
 MIN: Iter =   10  NFunc =   116  E =     -41.91211  RMSG = 1.4384495e-01
 MIN: Iter =   11  NFunc =   122  E =     -41.92222  RMSG = 2.0026945e-01
 MIN: Iter =   12  NFunc =   129  E =     -41.92592  RMSG = 6.4037683e-02
 MIN: Iter =   13  NFunc =   154  E =     -41.94137  RMSG = 2.7228541e-01
 MIN: Iter =   14  NFunc =   161  E =     -41.94657  RMSG = 9.8284663e-02
 MIN: Iter =   15  NFunc =   186  E =     -41.96272  RMSG = 1.4543586e-01
 MIN: Iter =   16  NFunc =   196  E =     -41.97376  RMSG = 3.1589072e-01
 MIN: Iter =   17  NFunc =   202  E =     -41.98001  RMSG = 8.9474390e-02
 MIN: Iter =   18  NFunc =   209  E =     -41.98119  RMSG = 3.7054959e-02
 MIN: Iter =   19  NFunc =   215  E =     -41.98139  RMSG = 2.3543904e-02
 MIN: Iter =   20  NFunc =   244  E =     -41.98514  RMSG = 8.7392655e-02
 MIN: Iter =   21  NFunc =   250  E =     -41.98629  RMSG = 4.6286448e-02
 MIN: Iter =   22  NFunc =   263  E =     -41.98791  RMSG = 4.2183921e-02
 MIN: Iter =   23  NFunc =   272  E =     -41.98890  RMSG = 5.9298293e-02
 MIN: Iter =   24  NFunc =   279  E =     -41.98918  RMSG = 2.0931896e-02
 MIN: Iter =   25  NFunc =   292  E =     -41.98983  RMSG = 3.5342377e-02
 MIN: Iter =   26  NFunc =   298  E =     -41.98995  RMSG = 1.4251994e-02
 MIN: Iter =   27  NFunc =   307  E =     -41.99001  RMSG = 6.5507956e-03
 MIN: Iter =   28  NFunc =   332  E =     -41.99009  RMSG = 6.1855311e-03
 MIN: Iter =   29  NFunc =   355  E =     -41.99015  RMSG = 3.9260428e-03
 MIN: Iter =   30  NFunc =   361  E =     -41.99015  RMSG = 1.3808512e-03
 MIN: Iter =   31  NFunc =   390  E =     -41.99016  RMSG = 9.6570530e-04
 MIN: Iter =   32  NFunc =   422  E =     -41.99016  RMSG = 2.3751042e-03
 MIN: Iter =   33  NFunc =   430  E =     -41.99016  RMSG = 7.3187880e-04
 MIN: Iter =   34  NFunc =   445  E =     -41.99016  RMSG = 5.0405979e-04
 MIN: Iter =   35  NFunc =   459  E =     -41.99016  RMSG = 2.8606552e-04
----------------------------------------------------------------
 END:          :-)  E =     -41.99016  RMSG =   0.0002861

     bond:      0.479079512
    angle:      4.683679932
 dihedral:     22.641016447
    enb14:      0.508535053
    eel14:    -69.044485218
      enb:     -1.163572890
      eel:     22.313455582
      egb:    -22.407872834
    econs:      0.000000000
    esurf:      0.000000000
    Total:    -41.990164415
     frms:      0.000286066
====== rms.dat  ======================================================
#Frame      all_heavy
       1       0.2953
