====== tleap.out =====================================================
-I: Adding /home/case/amber24/dat/leap/prep to search path.
-I: Adding /home/case/amber24/dat/leap/lib to search path.
-I: Adding /home/case/amber24/dat/leap/parm to search path.
-I: Adding /home/case/amber24/dat/leap/cmd to search path.
-f: Source leap.in.

Welcome to LEaP!
(no leaprc in search path)
Sourcing: ./leap.in
Using Bondi radii
----- Source: /home/case/amber24/dat/leap/cmd/leaprc.gaff2
----- Source of /home/case/amber24/dat/leap/cmd/leaprc.gaff2 done
Log file: ./leap.log
Loading parameters: /home/case/amber24/dat/leap/parm/gaff2.dat
Reading title:
AMBER General Force Field for organic molecules (Version 2.2.20, March 2021)
Loading parameters: ./H0H.frcmod
Reading force field modification type file (frcmod)
Reading title:
Remark line goes here
Loading Mol2 file: ./H0H.mol2
Reading MOLECULE named H0H
Checking Unit.
Building topology.
"order_residues" off: keep input residue order.
Building atom parameters.
Building bond parameters.
Building angle parameters.
Building proper torsion parameters.
Building improper torsion parameters.
 total 22 improper torsions applied
Building H-Bond parameters.
Incorporating Non-Bonded adjustments.
Not Marking per-residue atom chain types.
Marking per-residue atom chain types.
  (Residues lacking connect0/connect1 - 
   these don't have chain types marked:

	res	total affected

	H0H	1
  )
 (no restraints)
	Quit

Exiting LEaP: Errors = 0; Warnings = 0; Notes = 0.
====== min.o =========================================================
Reading parm file (H0H.parm7)
title:
H0H                                                                             
no velocities were found
no velocities were found
	mm_options:  ntpr=5
	mm_options:  gb=1
	mm_options:  kappa=0.10395
	mm_options:  rgbmax=99.
	mm_options:  cut=99.0
	mm_options:  wcons=0.
     bond:      2.345718704
    angle:      9.808900662
 dihedral:     11.526598849
    enb14:     12.114581689
    eel14:    -51.395535636
      enb:     -1.871937718
      eel:     11.932797887
      egb:    -28.186088408
    econs:      0.000000000
    esurf:      0.000000000
    Total:    -33.724963970
     frms:      9.482498883
Starting TNCG minimisation
 MIN: Iter =    0  NFunc =     1  E =     -33.72496  RMSG = 9.4824989e+00
 MIN: Iter =    1  NFunc =     7  E =     -41.13381  RMSG = 2.3377157e+00
 MIN: Iter =    2  NFunc =    14  E =     -42.59174  RMSG = 1.0495931e+00
 MIN: Iter =    3  NFunc =    24  E =     -43.63870  RMSG = 9.6650839e-01
 MIN: Iter =    4  NFunc =    39  E =     -44.34124  RMSG = 8.5045337e-01
 MIN: Iter =    5  NFunc =    71  E =     -44.77001  RMSG = 7.2034656e-01
 MIN: Iter =    6  NFunc =    87  E =     -45.09044  RMSG = 6.6409010e-01
 MIN: Iter =    7  NFunc =    94  E =     -45.30371  RMSG = 4.1995129e-01
 MIN: Iter =    8  NFunc =   109  E =     -45.47756  RMSG = 4.5036791e-01
 MIN: Iter =    9  NFunc =   119  E =     -45.54890  RMSG = 2.5144022e-01
 MIN: Iter =   10  NFunc =   131  E =     -45.61189  RMSG = 2.6953350e-01
 MIN: Iter =   11  NFunc =   158  E =     -45.69930  RMSG = 2.2290633e-01
 MIN: Iter =   12  NFunc =   165  E =     -45.70885  RMSG = 9.1506299e-02
 MIN: Iter =   13  NFunc =   177  E =     -45.71617  RMSG = 5.8420852e-02
 MIN: Iter =   14  NFunc =   228  E =     -45.73566  RMSG = 3.3581890e-01
 MIN: Iter =   15  NFunc =   234  E =     -45.74981  RMSG = 7.2848860e-02
 MIN: Iter =   16  NFunc =   286  E =     -45.75961  RMSG = 8.9990652e-02
 MIN: Iter =   17  NFunc =   292  E =     -45.76845  RMSG = 2.0311826e-01
 MIN: Iter =   18  NFunc =   298  E =     -45.77681  RMSG = 9.9791113e-02
 MIN: Iter =   19  NFunc =   317  E =     -45.78521  RMSG = 1.0466336e-01
 MIN: Iter =   20  NFunc =   327  E =     -45.79715  RMSG = 1.1108375e-01
 MIN: Iter =   21  NFunc =   333  E =     -45.80894  RMSG = 2.1922746e-01
 MIN: Iter =   22  NFunc =   339  E =     -45.81775  RMSG = 7.4261420e-02
 MIN: Iter =   23  NFunc =   353  E =     -45.82769  RMSG = 1.5108959e-01
 MIN: Iter =   24  NFunc =   360  E =     -45.83690  RMSG = 1.0917221e-01
 MIN: Iter =   25  NFunc =   371  E =     -45.84571  RMSG = 1.5844419e-01
 MIN: Iter =   26  NFunc =   378  E =     -45.85739  RMSG = 1.7460222e-01
 MIN: Iter =   27  NFunc =   384  E =     -45.86891  RMSG = 1.3001155e-01
 MIN: Iter =   28  NFunc =   390  E =     -45.87855  RMSG = 1.9361036e-01
 MIN: Iter =   29  NFunc =   396  E =     -45.89080  RMSG = 1.0568972e-01
 MIN: Iter =   30  NFunc =   404  E =     -45.89826  RMSG = 1.0668847e-01
 MIN: Iter =   31  NFunc =   410  E =     -45.90764  RMSG = 2.8508604e-01
 MIN: Iter =   32  NFunc =   416  E =     -45.92274  RMSG = 6.7226639e-02
 MIN: Iter =   33  NFunc =   436  E =     -45.93273  RMSG = 1.2729168e-01
 MIN: Iter =   34  NFunc =   443  E =     -45.94157  RMSG = 1.0604586e-01
 MIN: Iter =   35  NFunc =   465  E =     -45.95114  RMSG = 1.0554229e-01
 MIN: Iter =   36  NFunc =   476  E =     -45.96176  RMSG = 2.6923592e-01
 MIN: Iter =   37  NFunc =   483  E =     -45.97504  RMSG = 8.5752373e-02
 MIN: Iter =   38  NFunc =   495  E =     -45.98530  RMSG = 1.0690118e-01
 MIN: Iter =   39  NFunc =   501  E =     -45.99113  RMSG = 7.6109621e-02
 MIN: Iter =   40  NFunc =   507  E =     -45.99394  RMSG = 5.6305474e-02
 MIN: Iter =   41  NFunc =   516  E =     -45.99661  RMSG = 5.6338076e-02
 MIN: Iter =   42  NFunc =   526  E =     -45.99821  RMSG = 3.1144250e-02
 MIN: Iter =   43  NFunc =   575  E =     -46.00382  RMSG = 9.5505073e-02
 MIN: Iter =   44  NFunc =   581  E =     -46.00479  RMSG = 3.2350839e-02
 MIN: Iter =   45  NFunc =   606  E =     -46.00705  RMSG = 5.9979550e-02
 MIN: Iter =   46  NFunc =   616  E =     -46.00846  RMSG = 3.6157067e-02
 MIN: Iter =   47  NFunc =   629  E =     -46.00960  RMSG = 3.2870461e-02
 MIN: Iter =   48  NFunc =   664  E =     -46.01106  RMSG = 6.7243946e-02
 MIN: Iter =   49  NFunc =   670  E =     -46.01149  RMSG = 1.1110976e-02
 MIN: Iter =   50  NFunc =   722  E =     -46.01218  RMSG = 3.0324445e-02
 MIN: Iter =   51  NFunc =   728  E =     -46.01271  RMSG = 3.4796512e-02
 MIN: Iter =   52  NFunc =   739  E =     -46.01323  RMSG = 3.2902323e-02
 MIN: Iter =   53  NFunc =   751  E =     -46.01363  RMSG = 2.1657384e-02
 MIN: Iter =   54  NFunc =   758  E =     -46.01386  RMSG = 2.7019735e-02
 MIN: Iter =   55  NFunc =   764  E =     -46.01405  RMSG = 1.5401872e-02
 MIN: Iter =   56  NFunc =   789  E =     -46.01443  RMSG = 2.1418892e-02
 MIN: Iter =   57  NFunc =   801  E =     -46.01478  RMSG = 2.1237446e-02
 MIN: Iter =   58  NFunc =   808  E =     -46.01488  RMSG = 8.1789436e-03
 MIN: Iter =   59  NFunc =   851  E =     -46.01506  RMSG = 1.2840652e-02
 MIN: Iter =   60  NFunc =   872  E =     -46.01520  RMSG = 2.0078260e-02
 MIN: Iter =   61  NFunc =   878  E =     -46.01524  RMSG = 6.4717267e-03
 MIN: Iter =   62  NFunc =   912  E =     -46.01529  RMSG = 6.2370057e-03
 MIN: Iter =   63  NFunc =   930  E =     -46.01532  RMSG = 7.7206610e-03
 MIN: Iter =   64  NFunc =   936  E =     -46.01533  RMSG = 3.3433371e-03
 MIN: Iter =   65  NFunc =   945  E =     -46.01534  RMSG = 2.4445589e-03
 MIN: Iter =   66  NFunc =   958  E =     -46.01534  RMSG = 1.1375868e-03
 MIN: Iter =   67  NFunc =   990  E =     -46.01536  RMSG = 1.4976748e-03
 MIN: Iter =   68  NFunc =  1041  E =     -46.01537  RMSG = 3.2874162e-03
 MIN: Iter =   69  NFunc =  1089  E =     -46.01539  RMSG = 1.7477916e-03
 MIN: Iter =   70  NFunc =  1095  E =     -46.01540  RMSG = 9.9213431e-04
 MIN: Iter =   71  NFunc =  1143  E =     -46.01540  RMSG = 9.8641915e-04
 MIN: Iter =   72  NFunc =  1183  E =     -46.01541  RMSG = 5.1921932e-04
 MIN: Iter =   73  NFunc =  1200  E =     -46.01541  RMSG = 2.6668299e-04
----------------------------------------------------------------
 END:          :-)  E =     -46.01541  RMSG =   0.0002667

     bond:      2.314915741
    angle:      7.898542619
 dihedral:      2.016752521
    enb14:      9.906415714
    eel14:    -50.495255168
      enb:     -1.449337433
      eel:     12.198689579
      egb:    -28.406129526
    econs:      0.000000000
    esurf:      0.000000000
    Total:    -46.015405951
     frms:      0.000266683
====== rms.dat  ======================================================
#Frame      all_heavy
       1       0.7359
