====== tleap.out =====================================================
-I: Adding /home/case/amber24/dat/leap/prep to search path.
-I: Adding /home/case/amber24/dat/leap/lib to search path.
-I: Adding /home/case/amber24/dat/leap/parm to search path.
-I: Adding /home/case/amber24/dat/leap/cmd to search path.
-f: Source leap.in.

Welcome to LEaP!
(no leaprc in search path)
Sourcing: ./leap.in
Using Bondi radii
----- Source: /home/case/amber24/dat/leap/cmd/leaprc.gaff2
----- Source of /home/case/amber24/dat/leap/cmd/leaprc.gaff2 done
Log file: ./leap.log
Loading parameters: /home/case/amber24/dat/leap/parm/gaff2.dat
Reading title:
AMBER General Force Field for organic molecules (Version 2.2.20, March 2021)
Loading parameters: ./H4Q.frcmod
Reading force field modification type file (frcmod)
Reading title:
Remark line goes here
Loading Mol2 file: ./H4Q.mol2
Reading MOLECULE named H4Q
Checking Unit.
Building topology.
"order_residues" off: keep input residue order.
Building atom parameters.
Building bond parameters.
Building angle parameters.
Building proper torsion parameters.
Building improper torsion parameters.
 total 6 improper torsions applied
Building H-Bond parameters.
Incorporating Non-Bonded adjustments.
Not Marking per-residue atom chain types.
Marking per-residue atom chain types.
  (Residues lacking connect0/connect1 - 
   these don't have chain types marked:

	res	total affected

	H4Q	1
  )
 (no restraints)
	Quit

Exiting LEaP: Errors = 0; Warnings = 0; Notes = 0.
====== min.o =========================================================
Reading parm file (H4Q.parm7)
title:
H4Q                                                                             
no velocities were found
no velocities were found
	mm_options:  ntpr=5
	mm_options:  gb=1
	mm_options:  kappa=0.10395
	mm_options:  rgbmax=99.
	mm_options:  cut=99.0
	mm_options:  wcons=0.
     bond:      0.378661419
    angle:      1.404820934
 dihedral:      1.616071776
    enb14:      4.945232376
    eel14:    -23.937291850
      enb:     -0.798962079
      eel:      4.676193652
      egb:     -8.182188627
    econs:      0.000000000
    esurf:      0.000000000
    Total:    -19.897462399
     frms:      5.815044300
Starting TNCG minimisation
 MIN: Iter =    0  NFunc =     1  E =     -19.89746  RMSG = 5.8150443e+00
 MIN: Iter =    1  NFunc =     7  E =     -21.78509  RMSG = 1.1783082e+00
 MIN: Iter =    2  NFunc =    13  E =     -22.00496  RMSG = 4.0082799e-01
 MIN: Iter =    3  NFunc =    19  E =     -22.05224  RMSG = 1.7347085e-01
 MIN: Iter =    4  NFunc =    34  E =     -22.08223  RMSG = 1.9102506e-01
 MIN: Iter =    5  NFunc =    48  E =     -22.08920  RMSG = 6.3235637e-02
 MIN: Iter =    6  NFunc =    62  E =     -22.09605  RMSG = 5.2417034e-02
 MIN: Iter =    7  NFunc =    83  E =     -22.10273  RMSG = 9.6219296e-02
 MIN: Iter =    8  NFunc =    91  E =     -22.10352  RMSG = 3.1641768e-02
 MIN: Iter =    9  NFunc =   111  E =     -22.10490  RMSG = 2.7392246e-02
 MIN: Iter =   10  NFunc =   129  E =     -22.10524  RMSG = 9.1031238e-03
 MIN: Iter =   11  NFunc =   143  E =     -22.10528  RMSG = 3.8218558e-03
 MIN: Iter =   12  NFunc =   151  E =     -22.10529  RMSG = 3.2882098e-03
 MIN: Iter =   13  NFunc =   157  E =     -22.10529  RMSG = 1.3964465e-03
 MIN: Iter =   14  NFunc =   175  E =     -22.10529  RMSG = 1.0283276e-03
 MIN: Iter =   15  NFunc =   183  E =     -22.10529  RMSG = 8.5723632e-04
 MIN: Iter =   16  NFunc =   190  E =     -22.10529  RMSG = 4.6411362e-04
----------------------------------------------------------------
 END:          :-)  E =     -22.10529  RMSG =   0.0004641

     bond:      0.388593145
    angle:      0.724529094
 dihedral:      1.721000493
    enb14:      3.922075509
    eel14:    -24.102554305
      enb:     -1.286622507
      eel:      4.989812464
      egb:     -8.462126771
    econs:      0.000000000
    esurf:      0.000000000
    Total:    -22.105292879
     frms:      0.000464114
====== rms.dat  ======================================================
#Frame      all_heavy
       1       0.0531
