====== tleap.out =====================================================
-I: Adding /home/case/amber24/dat/leap/prep to search path.
-I: Adding /home/case/amber24/dat/leap/lib to search path.
-I: Adding /home/case/amber24/dat/leap/parm to search path.
-I: Adding /home/case/amber24/dat/leap/cmd to search path.
-f: Source leap.in.

Welcome to LEaP!
(no leaprc in search path)
Sourcing: ./leap.in
Using Bondi radii
----- Source: /home/case/amber24/dat/leap/cmd/leaprc.gaff2
----- Source of /home/case/amber24/dat/leap/cmd/leaprc.gaff2 done
Log file: ./leap.log
Loading parameters: /home/case/amber24/dat/leap/parm/gaff2.dat
Reading title:
AMBER General Force Field for organic molecules (Version 2.2.20, March 2021)
Loading parameters: ./H5B.frcmod
Reading force field modification type file (frcmod)
Reading title:
Remark line goes here
Loading Mol2 file: ./H5B.mol2
Reading MOLECULE named H5B
Checking Unit.

/home/case/amber24/bin/teLeap: Warning!
The unperturbed charge of the unit (-1.000000) is not zero.

/home/case/amber24/bin/teLeap: Note.
Ignoring the warning from Unit Checking.

Building topology.
"order_residues" off: keep input residue order.
Building atom parameters.
Building bond parameters.
Building angle parameters.
Building proper torsion parameters.
Building improper torsion parameters.
 total 11 improper torsions applied
Building H-Bond parameters.
Incorporating Non-Bonded adjustments.
Not Marking per-residue atom chain types.
Marking per-residue atom chain types.
  (Residues lacking connect0/connect1 - 
   these don't have chain types marked:

	res	total affected

	H5B	1
  )
 (no restraints)
	Quit

Exiting LEaP: Errors = 0; Warnings = 1; Notes = 1.
====== min.o =========================================================
Reading parm file (H5B.parm7)
title:
H5B                                                                             
no velocities were found
no velocities were found
	mm_options:  ntpr=5
	mm_options:  gb=1
	mm_options:  kappa=0.10395
	mm_options:  rgbmax=99.
	mm_options:  cut=99.0
	mm_options:  wcons=0.
     bond:      8.091967592
    angle:      3.908224436
 dihedral:      0.001167917
    enb14:      8.427582265
    eel14:   -109.619800833
      enb:     10.600890006
      eel:     35.959990021
      egb:    -60.240538951
    econs:      0.000000000
    esurf:      0.000000000
    Total:   -102.870517547
     frms:     19.325574738
Starting TNCG minimisation
 MIN: Iter =    0  NFunc =     1  E =    -102.87052  RMSG = 1.9325575e+01
 MIN: Iter =    1  NFunc =     7  E =    -110.61660  RMSG = 1.9581479e+00
 MIN: Iter =    2  NFunc =    13  E =    -111.06604  RMSG = 7.2619206e-01
 MIN: Iter =    3  NFunc =    19  E =    -111.14208  RMSG = 3.2556397e-01
 MIN: Iter =    4  NFunc =    25  E =    -111.15061  RMSG = 8.7077348e-02
 MIN: Iter =    5  NFunc =    31  E =    -111.15097  RMSG = 1.9450922e-02
 MIN: Iter =    6  NFunc =    46  E =    -111.15106  RMSG = 7.5064947e-03
 MIN: Iter =    7  NFunc =    63  E =    -111.15112  RMSG = 7.3417251e-03
 MIN: Iter =    8  NFunc =    77  E =    -111.15115  RMSG = 4.3994248e-03
 MIN: Iter =    9  NFunc =    92  E =    -111.15115  RMSG = 1.4377698e-03
 MIN: Iter =   10  NFunc =    98  E =    -111.15115  RMSG = 6.5168646e-04
 MIN: Iter =   11  NFunc =   108  E =    -111.15115  RMSG = 2.3376643e-04
----------------------------------------------------------------
 END:          :-)  E =    -111.15115  RMSG =   0.0002338

     bond:      1.235841250
    angle:      3.509746989
 dihedral:      0.000000011
    enb14:      7.242675087
    eel14:   -107.838148811
      enb:      4.444830923
      eel:     41.636826574
      egb:    -61.382922539
    econs:      0.000000000
    esurf:      0.000000000
    Total:   -111.151150515
     frms:      0.000233766
====== rms.dat  ======================================================
#Frame      all_heavy
       1       0.0468
