====== tleap.out =====================================================
-I: Adding /home/case/amber24/dat/leap/prep to search path.
-I: Adding /home/case/amber24/dat/leap/lib to search path.
-I: Adding /home/case/amber24/dat/leap/parm to search path.
-I: Adding /home/case/amber24/dat/leap/cmd to search path.
-f: Source leap.in.

Welcome to LEaP!
(no leaprc in search path)
Sourcing: ./leap.in
Using Bondi radii
----- Source: /home/case/amber24/dat/leap/cmd/leaprc.gaff2
----- Source of /home/case/amber24/dat/leap/cmd/leaprc.gaff2 done
Log file: ./leap.log
Loading parameters: /home/case/amber24/dat/leap/parm/gaff2.dat
Reading title:
AMBER General Force Field for organic molecules (Version 2.2.20, March 2021)
Loading parameters: ./H6Q.frcmod
Reading force field modification type file (frcmod)
Reading title:
Remark line goes here
Loading Mol2 file: ./H6Q.mol2
Reading MOLECULE named H6Q
Checking Unit.

/home/case/amber24/bin/teLeap: Warning!
The unperturbed charge of the unit (-0.998999) is not zero.

/home/case/amber24/bin/teLeap: Note.
Ignoring the warning from Unit Checking.

Building topology.
"order_residues" off: keep input residue order.
Building atom parameters.
Building bond parameters.
Building angle parameters.
Building proper torsion parameters.
Building improper torsion parameters.
 total 0 improper torsions applied
Building H-Bond parameters.
Incorporating Non-Bonded adjustments.
Not Marking per-residue atom chain types.
Marking per-residue atom chain types.
  (Residues lacking connect0/connect1 - 
   these don't have chain types marked:

	res	total affected

	H6Q	1
  )
 (no restraints)
	Quit

Exiting LEaP: Errors = 0; Warnings = 1; Notes = 1.
====== min.o =========================================================
Reading parm file (H6Q.parm7)
title:
H6Q                                                                             
no velocities were found
no velocities were found
	mm_options:  ntpr=5
	mm_options:  gb=1
	mm_options:  kappa=0.10395
	mm_options:  rgbmax=99.
	mm_options:  cut=99.0
	mm_options:  wcons=0.
     bond:      3.288410618
    angle:      9.239384669
 dihedral:     64.401441986
    enb14:      8.036711439
    eel14:    190.578266253
      enb:     -0.865783031
      eel:   -252.605486298
      egb:    -99.937878174
    econs:      0.000000000
    esurf:      0.000000000
    Total:    -77.864932538
     frms:     12.829569838
Starting TNCG minimisation
 MIN: Iter =    0  NFunc =     1  E =     -77.86493  RMSG = 1.2829570e+01
 MIN: Iter =    1  NFunc =     8  E =     -93.41644  RMSG = 4.3895746e+00
 MIN: Iter =    2  NFunc =    18  E =     -96.30470  RMSG = 1.6664126e+00
 MIN: Iter =    3  NFunc =    31  E =     -97.11543  RMSG = 3.0844920e+00
 MIN: Iter =    4  NFunc =    37  E =     -97.61462  RMSG = 7.8092267e-01
 MIN: Iter =    5  NFunc =    54  E =     -97.88034  RMSG = 1.0378359e+00
 MIN: Iter =    6  NFunc =    62  E =     -98.17430  RMSG = 2.9388545e+00
 MIN: Iter =    7  NFunc =    68  E =     -98.51823  RMSG = 4.7045629e-01
 MIN: Iter =    8  NFunc =    76  E =     -98.66241  RMSG = 1.0271955e+00
 MIN: Iter =    9  NFunc =   105  E =     -99.02139  RMSG = 9.2081915e-01
 MIN: Iter =   10  NFunc =   118  E =     -99.30935  RMSG = 7.7812847e-01
 MIN: Iter =   11  NFunc =   124  E =     -99.52792  RMSG = 5.6955367e-01
 MIN: Iter =   12  NFunc =   131  E =     -99.73085  RMSG = 5.9954369e-01
 MIN: Iter =   13  NFunc =   137  E =     -99.90880  RMSG = 6.3757790e-01
 MIN: Iter =   14  NFunc =   181  E =    -100.25777  RMSG = 9.5109585e-01
 MIN: Iter =   15  NFunc =   191  E =    -100.57286  RMSG = 7.5648353e-01
 MIN: Iter =   16  NFunc =   205  E =    -100.95430  RMSG = 9.0542985e-01
 MIN: Iter =   17  NFunc =   213  E =    -101.39655  RMSG = 1.0011090e+00
 MIN: Iter =   18  NFunc =   219  E =    -101.77562  RMSG = 9.5727092e-01
 MIN: Iter =   19  NFunc =   225  E =    -102.11796  RMSG = 9.1565885e-01
 MIN: Iter =   20  NFunc =   231  E =    -102.42302  RMSG = 8.2042662e-01
 MIN: Iter =   21  NFunc =   237  E =    -102.67706  RMSG = 6.7453428e-01
 MIN: Iter =   22  NFunc =   243  E =    -102.90057  RMSG = 6.8093573e-01
 MIN: Iter =   23  NFunc =   249  E =    -103.05058  RMSG = 4.9233289e-01
 MIN: Iter =   24  NFunc =   260  E =    -103.16094  RMSG = 2.6742192e-01
 MIN: Iter =   25  NFunc =   281  E =    -103.23789  RMSG = 6.7090670e-01
 MIN: Iter =   26  NFunc =   289  E =    -103.26632  RMSG = 1.8258276e-01
 MIN: Iter =   27  NFunc =   340  E =    -103.32033  RMSG = 3.3543142e-01
 MIN: Iter =   28  NFunc =   354  E =    -103.35725  RMSG = 2.3309328e-01
 MIN: Iter =   29  NFunc =   368  E =    -103.37594  RMSG = 1.2469371e-01
 MIN: Iter =   30  NFunc =   375  E =    -103.37806  RMSG = 4.2081918e-02
 MIN: Iter =   31  NFunc =   399  E =    -103.38129  RMSG = 5.7458061e-02
 MIN: Iter =   32  NFunc =   411  E =    -103.38191  RMSG = 2.0686626e-02
 MIN: Iter =   33  NFunc =   422  E =    -103.38224  RMSG = 1.2921984e-02
 MIN: Iter =   34  NFunc =   432  E =    -103.38236  RMSG = 7.5147894e-03
 MIN: Iter =   35  NFunc =   452  E =    -103.38242  RMSG = 3.4581530e-03
 MIN: Iter =   36  NFunc =   471  E =    -103.38243  RMSG = 2.0521143e-03
 MIN: Iter =   37  NFunc =   509  E =    -103.38245  RMSG = 1.5758827e-03
 MIN: Iter =   38  NFunc =   530  E =    -103.38245  RMSG = 9.4665247e-04
 MIN: Iter =   39  NFunc =   543  E =    -103.38245  RMSG = 5.6394275e-04
 MIN: Iter =   40  NFunc =   549  E =    -103.38245  RMSG = 3.6362558e-04
----------------------------------------------------------------
 END:          :-)  E =    -103.38245  RMSG =   0.0003636

     bond:      3.073694041
    angle:      9.743944379
 dihedral:     56.045091119
    enb14:      4.816143451
    eel14:    176.951851112
      enb:     -1.262870448
      eel:   -252.091367993
      egb:   -100.658938316
    econs:      0.000000000
    esurf:      0.000000000
    Total:   -103.382452654
     frms:      0.000363626
====== rms.dat  ======================================================
#Frame      all_heavy
       1       0.9218
