====== tleap.out =====================================================
-I: Adding /home/case/amber24/dat/leap/prep to search path.
-I: Adding /home/case/amber24/dat/leap/lib to search path.
-I: Adding /home/case/amber24/dat/leap/parm to search path.
-I: Adding /home/case/amber24/dat/leap/cmd to search path.
-f: Source leap.in.

Welcome to LEaP!
(no leaprc in search path)
Sourcing: ./leap.in
Using Bondi radii
----- Source: /home/case/amber24/dat/leap/cmd/leaprc.gaff2
----- Source of /home/case/amber24/dat/leap/cmd/leaprc.gaff2 done
Log file: ./leap.log
Loading parameters: /home/case/amber24/dat/leap/parm/gaff2.dat
Reading title:
AMBER General Force Field for organic molecules (Version 2.2.20, March 2021)
Loading parameters: ./HDS.frcmod
Reading force field modification type file (frcmod)
Reading title:
Remark line goes here
Loading Mol2 file: ./HDS.mol2
Reading MOLECULE named HDS
Checking Unit.

/home/case/amber24/bin/teLeap: Warning!
The unperturbed charge of the unit (-1.000001) is not zero.

/home/case/amber24/bin/teLeap: Note.
Ignoring the warning from Unit Checking.

Building topology.
"order_residues" off: keep input residue order.
Building atom parameters.
Building bond parameters.
Building angle parameters.
Building proper torsion parameters.
Building improper torsion parameters.
 total 0 improper torsions applied
Building H-Bond parameters.
Incorporating Non-Bonded adjustments.
Not Marking per-residue atom chain types.
Marking per-residue atom chain types.
  (Residues lacking connect0/connect1 - 
   these don't have chain types marked:

	res	total affected

	HDS	1
  )
 (no restraints)
	Quit

Exiting LEaP: Errors = 0; Warnings = 1; Notes = 1.
====== min.o =========================================================
Reading parm file (HDS.parm7)
title:
HDS                                                                             
no velocities were found
no velocities were found
	mm_options:  ntpr=5
	mm_options:  gb=1
	mm_options:  kappa=0.10395
	mm_options:  rgbmax=99.
	mm_options:  cut=99.0
	mm_options:  wcons=0.
     bond:      0.855348475
    angle:      9.497557318
 dihedral:      0.155271895
    enb14:      4.686264880
    eel14:    -14.930269701
      enb:     -3.082343292
      eel:     -7.991742779
      egb:    -65.861817798
    econs:      0.000000000
    esurf:      0.000000000
    Total:    -76.671731002
     frms:      5.721427912
Starting TNCG minimisation
 MIN: Iter =    0  NFunc =     1  E =     -76.67173  RMSG = 5.7214279e+00
 MIN: Iter =    1  NFunc =     7  E =     -79.01666  RMSG = 6.4760251e-01
 MIN: Iter =    2  NFunc =    20  E =     -79.62823  RMSG = 4.0482867e-01
 MIN: Iter =    3  NFunc =    26  E =     -79.75734  RMSG = 2.3532199e-01
 MIN: Iter =    4  NFunc =    32  E =     -79.76977  RMSG = 8.1251598e-02
 MIN: Iter =    5  NFunc =    50  E =     -79.77590  RMSG = 4.0543844e-02
 MIN: Iter =    6  NFunc =    61  E =     -79.78000  RMSG = 3.6764536e-02
 MIN: Iter =    7  NFunc =    85  E =     -79.78541  RMSG = 5.0282704e-02
 MIN: Iter =    8  NFunc =   108  E =     -79.78746  RMSG = 1.9015768e-02
 MIN: Iter =    9  NFunc =   124  E =     -79.78918  RMSG = 2.7407340e-02
 MIN: Iter =   10  NFunc =   138  E =     -79.79028  RMSG = 1.6995344e-02
 MIN: Iter =   11  NFunc =   174  E =     -79.79145  RMSG = 1.5773532e-02
 MIN: Iter =   12  NFunc =   189  E =     -79.79208  RMSG = 1.2662341e-02
 MIN: Iter =   13  NFunc =   233  E =     -79.79285  RMSG = 1.1914809e-02
 MIN: Iter =   14  NFunc =   265  E =     -79.79330  RMSG = 1.0155006e-02
 MIN: Iter =   15  NFunc =   277  E =     -79.79341  RMSG = 4.3791202e-03
 MIN: Iter =   16  NFunc =   301  E =     -79.79356  RMSG = 5.3771087e-03
 MIN: Iter =   17  NFunc =   352  E =     -79.79382  RMSG = 7.4545611e-03
 MIN: Iter =   18  NFunc =   370  E =     -79.79386  RMSG = 3.4955419e-03
 MIN: Iter =   19  NFunc =   389  E =     -79.79388  RMSG = 2.2686456e-03
 MIN: Iter =   20  NFunc =   409  E =     -79.79389  RMSG = 1.1277132e-03
 MIN: Iter =   21  NFunc =   460  E =     -79.79390  RMSG = 1.0899871e-03
 MIN: Iter =   22  NFunc =   495  E =     -79.79391  RMSG = 6.1440204e-04
 MIN: Iter =   23  NFunc =   516  E =     -79.79391  RMSG = 3.5670603e-04
----------------------------------------------------------------
 END:          :-)  E =     -79.79391  RMSG =   0.0003567

     bond:      0.337166006
    angle:      7.786449332
 dihedral:      0.084984726
    enb14:      3.454378860
    eel14:    -15.245990047
      enb:     -3.133382981
      eel:     -8.021609679
      egb:    -65.055905302
    econs:      0.000000000
    esurf:      0.000000000
    Total:    -79.793909086
     frms:      0.000356706
====== rms.dat  ======================================================
#Frame      all_heavy
       1       0.1137
