====== tleap.out =====================================================
-I: Adding /home/case/amber24/dat/leap/prep to search path.
-I: Adding /home/case/amber24/dat/leap/lib to search path.
-I: Adding /home/case/amber24/dat/leap/parm to search path.
-I: Adding /home/case/amber24/dat/leap/cmd to search path.
-f: Source leap.in.

Welcome to LEaP!
(no leaprc in search path)
Sourcing: ./leap.in
Using Bondi radii
----- Source: /home/case/amber24/dat/leap/cmd/leaprc.gaff2
----- Source of /home/case/amber24/dat/leap/cmd/leaprc.gaff2 done
Log file: ./leap.log
Loading parameters: /home/case/amber24/dat/leap/parm/gaff2.dat
Reading title:
AMBER General Force Field for organic molecules (Version 2.2.20, March 2021)
Loading parameters: ./HH5.frcmod
Reading force field modification type file (frcmod)
Reading title:
Remark line goes here
Loading Mol2 file: ./HH5.mol2
Reading MOLECULE named HH5
Checking Unit.
Building topology.
"order_residues" off: keep input residue order.
Building atom parameters.
Building bond parameters.
Building angle parameters.
Building proper torsion parameters.
Building improper torsion parameters.
 total 7 improper torsions applied
Building H-Bond parameters.
Incorporating Non-Bonded adjustments.
Not Marking per-residue atom chain types.
Marking per-residue atom chain types.
  (Residues lacking connect0/connect1 - 
   these don't have chain types marked:

	res	total affected

	HH5	1
  )
 (no restraints)
	Quit

Exiting LEaP: Errors = 0; Warnings = 0; Notes = 0.
====== min.o =========================================================
Reading parm file (HH5.parm7)
title:
HH5                                                                             
no velocities were found
no velocities were found
	mm_options:  ntpr=5
	mm_options:  gb=1
	mm_options:  kappa=0.10395
	mm_options:  rgbmax=99.
	mm_options:  cut=99.0
	mm_options:  wcons=0.
     bond:      2.122483260
    angle:     17.756564668
 dihedral:      1.207807266
    enb14:      4.871715350
    eel14:   -132.710546609
      enb:     -1.034852553
      eel:     59.603567044
      egb:    -23.134960578
    econs:      0.000000000
    esurf:      0.000000000
    Total:    -71.318222153
     frms:     18.892524879
Starting TNCG minimisation
 MIN: Iter =    0  NFunc =     1  E =     -71.31822  RMSG = 1.8892525e+01
 MIN: Iter =    1  NFunc =     7  E =     -77.71212  RMSG = 1.8007026e+00
 MIN: Iter =    2  NFunc =    14  E =     -78.01263  RMSG = 7.7119551e-01
 MIN: Iter =    3  NFunc =    20  E =     -78.03868  RMSG = 1.9144935e-01
 MIN: Iter =    4  NFunc =    26  E =     -78.04108  RMSG = 5.9556695e-02
 MIN: Iter =    5  NFunc =    34  E =     -78.04174  RMSG = 3.1437985e-02
 MIN: Iter =    6  NFunc =    44  E =     -78.04189  RMSG = 1.5784431e-02
 MIN: Iter =    7  NFunc =    50  E =     -78.04192  RMSG = 5.7719671e-03
 MIN: Iter =    8  NFunc =    58  E =     -78.04192  RMSG = 2.0240500e-03
 MIN: Iter =    9  NFunc =    65  E =     -78.04192  RMSG = 7.5378452e-04
 MIN: Iter =   10  NFunc =    73  E =     -78.04192  RMSG = 2.8796782e-04
----------------------------------------------------------------
 END:          :-)  E =     -78.04192  RMSG =   0.0002880

     bond:      1.374163996
    angle:     12.614461037
 dihedral:      0.829872284
    enb14:      4.357960424
    eel14:   -130.579342688
      enb:     -0.989287676
      eel:     58.263697739
      egb:    -23.913443453
    econs:      0.000000000
    esurf:      0.000000000
    Total:    -78.041918337
     frms:      0.000287968
====== rms.dat  ======================================================
#Frame      all_heavy
       1       0.0519
