====== tleap.out =====================================================
-I: Adding /home/case/amber24/dat/leap/prep to search path.
-I: Adding /home/case/amber24/dat/leap/lib to search path.
-I: Adding /home/case/amber24/dat/leap/parm to search path.
-I: Adding /home/case/amber24/dat/leap/cmd to search path.
-f: Source leap.in.

Welcome to LEaP!
(no leaprc in search path)
Sourcing: ./leap.in
Using Bondi radii
----- Source: /home/case/amber24/dat/leap/cmd/leaprc.gaff2
----- Source of /home/case/amber24/dat/leap/cmd/leaprc.gaff2 done
Log file: ./leap.log
Loading parameters: /home/case/amber24/dat/leap/parm/gaff2.dat
Reading title:
AMBER General Force Field for organic molecules (Version 2.2.20, March 2021)
Loading parameters: ./HKN.frcmod
Reading force field modification type file (frcmod)
Reading title:
Remark line goes here
Loading Mol2 file: ./HKN.mol2
Reading MOLECULE named HKN
Checking Unit.
Building topology.
"order_residues" off: keep input residue order.
Building atom parameters.
Building bond parameters.
Building angle parameters.
Building proper torsion parameters.
Building improper torsion parameters.
 total 18 improper torsions applied
Building H-Bond parameters.
Incorporating Non-Bonded adjustments.
Not Marking per-residue atom chain types.
Marking per-residue atom chain types.
  (Residues lacking connect0/connect1 - 
   these don't have chain types marked:

	res	total affected

	HKN	1
  )
 (no restraints)
	Quit

Exiting LEaP: Errors = 0; Warnings = 0; Notes = 0.
====== min.o =========================================================
Reading parm file (HKN.parm7)
title:
HKN                                                                             
no velocities were found
no velocities were found
	mm_options:  ntpr=5
	mm_options:  gb=1
	mm_options:  kappa=0.10395
	mm_options:  rgbmax=99.
	mm_options:  cut=99.0
	mm_options:  wcons=0.
     bond:      4.216228541
    angle:      8.553463247
 dihedral:     19.146129303
    enb14:     16.805528485
    eel14:    191.893613650
      enb:     -8.044775360
      eel:   -212.436024524
      egb:    -29.892096245
    econs:      0.000000000
    esurf:      0.000000000
    Total:     -9.757932902
     frms:      9.483704049
Starting TNCG minimisation
 MIN: Iter =    0  NFunc =     1  E =      -9.75793  RMSG = 9.4837040e+00
 MIN: Iter =    1  NFunc =     7  E =     -24.48355  RMSG = 3.2887953e+00
 MIN: Iter =    2  NFunc =    13  E =     -27.29924  RMSG = 1.4676522e+00
 MIN: Iter =    3  NFunc =    25  E =     -28.51188  RMSG = 7.0641079e-01
 MIN: Iter =    4  NFunc =    48  E =     -29.14221  RMSG = 4.9928404e-01
 MIN: Iter =    5  NFunc =    55  E =     -29.23310  RMSG = 3.7472325e-01
 MIN: Iter =    6  NFunc =    66  E =     -29.33051  RMSG = 2.3246601e-01
 MIN: Iter =    7  NFunc =   108  E =     -29.51510  RMSG = 4.4981122e-01
 MIN: Iter =    8  NFunc =   125  E =     -29.60961  RMSG = 2.1302058e-01
 MIN: Iter =    9  NFunc =   151  E =     -29.67521  RMSG = 3.7553775e-01
 MIN: Iter =   10  NFunc =   157  E =     -29.69506  RMSG = 9.0279394e-02
 MIN: Iter =   11  NFunc =   191  E =     -29.72719  RMSG = 1.3604348e-01
 MIN: Iter =   12  NFunc =   209  E =     -29.74726  RMSG = 1.9364375e-01
 MIN: Iter =   13  NFunc =   222  E =     -29.75953  RMSG = 7.1208030e-02
 MIN: Iter =   14  NFunc =   273  E =     -29.81313  RMSG = 3.3586151e-01
 MIN: Iter =   15  NFunc =   290  E =     -29.88122  RMSG = 2.7147463e-01
 MIN: Iter =   16  NFunc =   302  E =     -29.92959  RMSG = 1.9389013e-01
 MIN: Iter =   17  NFunc =   353  E =     -30.02312  RMSG = 3.5864235e-01
 MIN: Iter =   18  NFunc =   361  E =     -30.09215  RMSG = 2.1984083e-01
 MIN: Iter =   19  NFunc =   384  E =     -30.18243  RMSG = 3.4138501e-01
 MIN: Iter =   20  NFunc =   396  E =     -30.28442  RMSG = 3.8431405e-01
 MIN: Iter =   21  NFunc =   402  E =     -30.39196  RMSG = 3.1248325e-01
 MIN: Iter =   22  NFunc =   410  E =     -30.47179  RMSG = 3.7625357e-01
 MIN: Iter =   23  NFunc =   418  E =     -30.55262  RMSG = 3.2787421e-01
 MIN: Iter =   24  NFunc =   425  E =     -30.62713  RMSG = 3.0198929e-01
 MIN: Iter =   25  NFunc =   431  E =     -30.71008  RMSG = 3.3237449e-01
 MIN: Iter =   26  NFunc =   437  E =     -30.79070  RMSG = 3.0348865e-01
 MIN: Iter =   27  NFunc =   443  E =     -30.86667  RMSG = 2.9405066e-01
 MIN: Iter =   28  NFunc =   449  E =     -30.93487  RMSG = 2.5609599e-01
 MIN: Iter =   29  NFunc =   455  E =     -30.98721  RMSG = 2.2906125e-01
 MIN: Iter =   30  NFunc =   464  E =     -31.03737  RMSG = 2.3021575e-01
 MIN: Iter =   31  NFunc =   484  E =     -31.11804  RMSG = 2.5330970e-01
 MIN: Iter =   32  NFunc =   496  E =     -31.17817  RMSG = 2.2112140e-01
 MIN: Iter =   33  NFunc =   507  E =     -31.22347  RMSG = 1.8935436e-01
 MIN: Iter =   34  NFunc =   514  E =     -31.24934  RMSG = 1.7152110e-01
 MIN: Iter =   35  NFunc =   565  E =     -31.34522  RMSG = 2.5415504e-01
 MIN: Iter =   36  NFunc =   571  E =     -31.35957  RMSG = 1.2083280e-01
 MIN: Iter =   37  NFunc =   597  E =     -31.42749  RMSG = 1.9387675e-01
 MIN: Iter =   38  NFunc =   613  E =     -31.45540  RMSG = 8.6630837e-02
 MIN: Iter =   39  NFunc =   648  E =     -31.48444  RMSG = 1.2881885e-01
 MIN: Iter =   40  NFunc =   699  E =     -31.51314  RMSG = 1.9590256e-01
 MIN: Iter =   41  NFunc =   705  E =     -31.51852  RMSG = 6.7104391e-02
 MIN: Iter =   42  NFunc =   756  E =     -31.53664  RMSG = 1.8370237e-01
 MIN: Iter =   43  NFunc =   762  E =     -31.54154  RMSG = 4.6807800e-02
 MIN: Iter =   44  NFunc =   813  E =     -31.55040  RMSG = 1.3719454e-01
 MIN: Iter =   45  NFunc =   819  E =     -31.55334  RMSG = 3.4656845e-02
 MIN: Iter =   46  NFunc =   835  E =     -31.55493  RMSG = 2.0738801e-02
 MIN: Iter =   47  NFunc =   876  E =     -31.55707  RMSG = 6.7888341e-02
 MIN: Iter =   48  NFunc =   882  E =     -31.55759  RMSG = 1.4290133e-02
 MIN: Iter =   49  NFunc =   933  E =     -31.55915  RMSG = 3.4100276e-02
 MIN: Iter =   50  NFunc =   942  E =     -31.55960  RMSG = 1.5679812e-02
 MIN: Iter =   51  NFunc =   970  E =     -31.56053  RMSG = 1.2552945e-02
 MIN: Iter =   52  NFunc =  1001  E =     -31.56094  RMSG = 7.7452665e-03
 MIN: Iter =   53  NFunc =  1052  E =     -31.56189  RMSG = 2.5683002e-02
 MIN: Iter =   54  NFunc =  1058  E =     -31.56205  RMSG = 1.1595027e-02
 MIN: Iter =   55  NFunc =  1081  E =     -31.56244  RMSG = 9.5606182e-03
 MIN: Iter =   56  NFunc =  1102  E =     -31.56257  RMSG = 4.1500901e-03
 MIN: Iter =   57  NFunc =  1121  E =     -31.56262  RMSG = 3.1644530e-03
 MIN: Iter =   58  NFunc =  1172  E =     -31.56272  RMSG = 4.8068709e-03
 MIN: Iter =   59  NFunc =  1202  E =     -31.56279  RMSG = 3.2758371e-03
 MIN: Iter =   60  NFunc =  1220  E =     -31.56280  RMSG = 1.8294367e-03
 MIN: Iter =   61  NFunc =  1250  E =     -31.56282  RMSG = 1.5446107e-03
 MIN: Iter =   62  NFunc =  1276  E =     -31.56283  RMSG = 1.4407331e-03
 MIN: Iter =   63  NFunc =  1327  E =     -31.56283  RMSG = 8.8402809e-04
 MIN: Iter =   64  NFunc =  1358  E =     -31.56284  RMSG = 3.7019090e-04
----------------------------------------------------------------
 END:          :-)  E =     -31.56284  RMSG =   0.0003702

     bond:      2.215654638
    angle:      6.901897215
 dihedral:     17.110070838
    enb14:     10.977238441
    eel14:    176.946219864
      enb:    -10.316155735
      eel:   -202.851374791
      egb:    -32.546386300
    econs:      0.000000000
    esurf:      0.000000000
    Total:    -31.562835829
     frms:      0.000370191
====== rms.dat  ======================================================
#Frame      all_heavy
       1       1.9056
