====== tleap.out =====================================================
-I: Adding /home/case/amber24/dat/leap/prep to search path.
-I: Adding /home/case/amber24/dat/leap/lib to search path.
-I: Adding /home/case/amber24/dat/leap/parm to search path.
-I: Adding /home/case/amber24/dat/leap/cmd to search path.
-f: Source leap.in.

Welcome to LEaP!
(no leaprc in search path)
Sourcing: ./leap.in
Using Bondi radii
----- Source: /home/case/amber24/dat/leap/cmd/leaprc.gaff2
----- Source of /home/case/amber24/dat/leap/cmd/leaprc.gaff2 done
Log file: ./leap.log
Loading parameters: /home/case/amber24/dat/leap/parm/gaff2.dat
Reading title:
AMBER General Force Field for organic molecules (Version 2.2.20, March 2021)
Loading parameters: ./HPE.frcmod
Reading force field modification type file (frcmod)
Reading title:
Remark line goes here
Loading Mol2 file: ./HPE.mol2
Reading MOLECULE named HPE
Checking Unit.

/home/case/amber24/bin/teLeap: Warning!
The unperturbed charge of the unit (-1.000000) is not zero.

/home/case/amber24/bin/teLeap: Note.
Ignoring the warning from Unit Checking.

Building topology.
"order_residues" off: keep input residue order.
Building atom parameters.
Building bond parameters.
Building angle parameters.
Building proper torsion parameters.
Building improper torsion parameters.
 total 7 improper torsions applied
Building H-Bond parameters.
Incorporating Non-Bonded adjustments.
Not Marking per-residue atom chain types.
Marking per-residue atom chain types.
  (Residues lacking connect0/connect1 - 
   these don't have chain types marked:

	res	total affected

	HPE	1
  )
 (no restraints)
	Quit

Exiting LEaP: Errors = 0; Warnings = 1; Notes = 1.
====== min.o =========================================================
Reading parm file (HPE.parm7)
title:
HPE                                                                             
no velocities were found
no velocities were found
	mm_options:  ntpr=5
	mm_options:  gb=1
	mm_options:  kappa=0.10395
	mm_options:  rgbmax=99.
	mm_options:  cut=99.0
	mm_options:  wcons=0.
     bond:      1.330005868
    angle:      3.113321340
 dihedral:      7.142898826
    enb14:      5.819498186
    eel14:    193.857571690
      enb:     -1.508013589
      eel:   -111.798596267
      egb:    -82.308177722
    econs:      0.000000000
    esurf:      0.000000000
    Total:     15.648508332
     frms:      8.106878912
Starting TNCG minimisation
 MIN: Iter =    0  NFunc =     1  E =      15.64851  RMSG = 8.1068789e+00
 MIN: Iter =    1  NFunc =     7  E =       9.87502  RMSG = 2.8105651e+00
 MIN: Iter =    2  NFunc =    13  E =       8.86058  RMSG = 9.9608882e-01
 MIN: Iter =    3  NFunc =    37  E =       8.55106  RMSG = 1.4154578e+00
 MIN: Iter =    4  NFunc =    43  E =       8.38625  RMSG = 5.7762488e-01
 MIN: Iter =    5  NFunc =    51  E =       8.26877  RMSG = 1.1846041e+00
 MIN: Iter =    6  NFunc =    57  E =       8.21135  RMSG = 2.3154538e-01
 MIN: Iter =    7  NFunc =    82  E =       8.16819  RMSG = 4.6027443e-01
 MIN: Iter =    8  NFunc =    88  E =       8.15090  RMSG = 2.0507558e-01
 MIN: Iter =    9  NFunc =    97  E =       8.13335  RMSG = 2.5869437e-01
 MIN: Iter =   10  NFunc =   103  E =       8.12069  RMSG = 2.4697805e-01
 MIN: Iter =   11  NFunc =   109  E =       8.11645  RMSG = 8.2762705e-02
 MIN: Iter =   12  NFunc =   127  E =       8.11080  RMSG = 1.2895525e-01
 MIN: Iter =   13  NFunc =   157  E =       8.10513  RMSG = 5.2800517e-02
 MIN: Iter =   14  NFunc =   165  E =       8.10483  RMSG = 1.6110748e-02
 MIN: Iter =   15  NFunc =   175  E =       8.10474  RMSG = 9.2035799e-03
 MIN: Iter =   16  NFunc =   226  E =       8.10384  RMSG = 1.0746969e-01
 MIN: Iter =   17  NFunc =   232  E =       8.10311  RMSG = 2.3212925e-02
 MIN: Iter =   18  NFunc =   238  E =       8.10302  RMSG = 1.1331774e-02
 MIN: Iter =   19  NFunc =   246  E =       8.10298  RMSG = 8.1495765e-03
 MIN: Iter =   20  NFunc =   263  E =       8.10285  RMSG = 8.3956452e-03
 MIN: Iter =   21  NFunc =   272  E =       8.10282  RMSG = 4.7623524e-03
 MIN: Iter =   22  NFunc =   296  E =       8.10280  RMSG = 1.5332667e-03
 MIN: Iter =   23  NFunc =   308  E =       8.10280  RMSG = 1.0008436e-03
 MIN: Iter =   24  NFunc =   345  E =       8.10280  RMSG = 3.4349587e-04
----------------------------------------------------------------
 END:          :-)  E =       8.10280  RMSG =   0.0003435

     bond:      2.016323369
    angle:      4.143234419
 dihedral:      6.867818198
    enb14:      3.786985399
    eel14:    179.301505399
      enb:     -1.477337407
      eel:   -101.997479739
      egb:    -84.538250256
    econs:      0.000000000
    esurf:      0.000000000
    Total:      8.102799383
     frms:      0.000343496
====== rms.dat  ======================================================
#Frame      all_heavy
       1       0.2681
