====== tleap.out =====================================================
-I: Adding /home/case/amber24/dat/leap/prep to search path.
-I: Adding /home/case/amber24/dat/leap/lib to search path.
-I: Adding /home/case/amber24/dat/leap/parm to search path.
-I: Adding /home/case/amber24/dat/leap/cmd to search path.
-f: Source leap.in.

Welcome to LEaP!
(no leaprc in search path)
Sourcing: ./leap.in
Using Bondi radii
----- Source: /home/case/amber24/dat/leap/cmd/leaprc.gaff2
----- Source of /home/case/amber24/dat/leap/cmd/leaprc.gaff2 done
Log file: ./leap.log
Loading parameters: /home/case/amber24/dat/leap/parm/gaff2.dat
Reading title:
AMBER General Force Field for organic molecules (Version 2.2.20, March 2021)
Loading parameters: ./HRZ.frcmod
Reading force field modification type file (frcmod)
Reading title:
Remark line goes here
Loading Mol2 file: ./HRZ.mol2
Reading MOLECULE named HRZ
Checking Unit.
Building topology.
"order_residues" off: keep input residue order.
Building atom parameters.
Building bond parameters.
Building angle parameters.
Building proper torsion parameters.
Building improper torsion parameters.
 total 6 improper torsions applied
Building H-Bond parameters.
Incorporating Non-Bonded adjustments.
Not Marking per-residue atom chain types.
Marking per-residue atom chain types.
  (Residues lacking connect0/connect1 - 
   these don't have chain types marked:

	res	total affected

	HRZ	1
  )
 (no restraints)
	Quit

Exiting LEaP: Errors = 0; Warnings = 0; Notes = 0.
====== min.o =========================================================
Reading parm file (HRZ.parm7)
title:
HRZ                                                                             
no velocities were found
no velocities were found
	mm_options:  ntpr=5
	mm_options:  gb=1
	mm_options:  kappa=0.10395
	mm_options:  rgbmax=99.
	mm_options:  cut=99.0
	mm_options:  wcons=0.
     bond:      0.801764851
    angle:      1.429168136
 dihedral:      4.000382476
    enb14:      3.367180893
    eel14:    -43.069066090
      enb:     -0.234879545
      eel:      8.639699992
      egb:    -14.346946970
    econs:      0.000000000
    esurf:      0.000000000
    Total:    -39.412696257
     frms:     10.596039331
Starting TNCG minimisation
 MIN: Iter =    0  NFunc =     1  E =     -39.41270  RMSG = 1.0596039e+01
 MIN: Iter =    1  NFunc =     7  E =     -41.89391  RMSG = 1.0307642e+00
 MIN: Iter =    2  NFunc =    13  E =     -41.93886  RMSG = 1.1805781e-01
 MIN: Iter =    3  NFunc =    19  E =     -41.93931  RMSG = 1.4349049e-02
 MIN: Iter =    4  NFunc =    25  E =     -41.93936  RMSG = 9.7525912e-03
 MIN: Iter =    5  NFunc =    31  E =     -41.93936  RMSG = 1.5848571e-03
 MIN: Iter =    6  NFunc =    37  E =     -41.93936  RMSG = 5.6067651e-04
 MIN: Iter =    7  NFunc =    43  E =     -41.93936  RMSG = 1.5527902e-04
----------------------------------------------------------------
 END:          :-)  E =     -41.93936  RMSG =   0.0001553

     bond:      0.208056372
    angle:      0.850608752
 dihedral:      4.000000002
    enb14:      2.600382973
    eel14:    -43.673606575
      enb:     -0.226010157
      eel:      8.634549689
      egb:    -14.333344123
    econs:      0.000000000
    esurf:      0.000000000
    Total:    -41.939363068
     frms:      0.000155279
====== rms.dat  ======================================================
#Frame      all_heavy
       1       0.0275
