====== tleap.out =====================================================
-I: Adding /home/case/amber24/dat/leap/prep to search path.
-I: Adding /home/case/amber24/dat/leap/lib to search path.
-I: Adding /home/case/amber24/dat/leap/parm to search path.
-I: Adding /home/case/amber24/dat/leap/cmd to search path.
-f: Source leap.in.

Welcome to LEaP!
(no leaprc in search path)
Sourcing: ./leap.in
Using Bondi radii
----- Source: /home/case/amber24/dat/leap/cmd/leaprc.gaff2
----- Source of /home/case/amber24/dat/leap/cmd/leaprc.gaff2 done
Log file: ./leap.log
Loading parameters: /home/case/amber24/dat/leap/parm/gaff2.dat
Reading title:
AMBER General Force Field for organic molecules (Version 2.2.20, March 2021)
Loading parameters: ./HT2.frcmod
Reading force field modification type file (frcmod)
Reading title:
Remark line goes here
Loading Mol2 file: ./HT2.mol2
Reading MOLECULE named HT2
Checking Unit.
Building topology.
"order_residues" off: keep input residue order.
Building atom parameters.
Building bond parameters.
Building angle parameters.
Building proper torsion parameters.
Building improper torsion parameters.
 total 26 improper torsions applied
Building H-Bond parameters.
Incorporating Non-Bonded adjustments.
Not Marking per-residue atom chain types.
Marking per-residue atom chain types.
  (Residues lacking connect0/connect1 - 
   these don't have chain types marked:

	res	total affected

	HT2	1
  )
 (no restraints)
	Quit

Exiting LEaP: Errors = 0; Warnings = 0; Notes = 0.
====== min.o =========================================================
Reading parm file (HT2.parm7)
title:
HT2                                                                             
no velocities were found
no velocities were found
	mm_options:  ntpr=5
	mm_options:  gb=1
	mm_options:  kappa=0.10395
	mm_options:  rgbmax=99.
	mm_options:  cut=99.0
	mm_options:  wcons=0.
     bond:      2.230026128
    angle:     32.850282146
 dihedral:     19.943440704
    enb14:     13.681806660
    eel14:   -209.509180539
      enb:     -0.743559040
      eel:    -14.062304439
      egb:    -50.428248636
    econs:      0.000000000
    esurf:      0.000000000
    Total:   -206.037737016
     frms:     13.395114034
Starting TNCG minimisation
 MIN: Iter =    0  NFunc =     1  E =    -206.03774  RMSG = 1.3395114e+01
 MIN: Iter =    1  NFunc =     7  E =    -216.18269  RMSG = 2.3921671e+00
 MIN: Iter =    2  NFunc =    19  E =    -218.42861  RMSG = 3.6991855e+00
 MIN: Iter =    3  NFunc =    25  E =    -219.22739  RMSG = 7.5339102e-01
 MIN: Iter =    4  NFunc =    32  E =    -219.43499  RMSG = 4.6232439e-01
 MIN: Iter =    5  NFunc =    48  E =    -219.57172  RMSG = 5.1653578e-01
 MIN: Iter =    6  NFunc =    56  E =    -219.59766  RMSG = 1.3995447e-01
 MIN: Iter =    7  NFunc =    87  E =    -219.64027  RMSG = 2.1220577e-01
 MIN: Iter =    8  NFunc =    93  E =    -219.64564  RMSG = 6.4774485e-02
 MIN: Iter =    9  NFunc =   106  E =    -219.64862  RMSG = 3.8267730e-02
 MIN: Iter =   10  NFunc =   157  E =    -219.65721  RMSG = 7.3432909e-02
 MIN: Iter =   11  NFunc =   163  E =    -219.65805  RMSG = 2.6282014e-02
 MIN: Iter =   12  NFunc =   209  E =    -219.66248  RMSG = 9.0459900e-02
 MIN: Iter =   13  NFunc =   215  E =    -219.66353  RMSG = 2.2194611e-02
 MIN: Iter =   14  NFunc =   233  E =    -219.66418  RMSG = 1.3326466e-02
 MIN: Iter =   15  NFunc =   242  E =    -219.66425  RMSG = 6.8023746e-03
 MIN: Iter =   16  NFunc =   286  E =    -219.66435  RMSG = 3.5112532e-03
 MIN: Iter =   17  NFunc =   335  E =    -219.66441  RMSG = 2.1973079e-03
 MIN: Iter =   18  NFunc =   355  E =    -219.66442  RMSG = 1.5890011e-03
 MIN: Iter =   19  NFunc =   386  E =    -219.66443  RMSG = 1.1465665e-03
 MIN: Iter =   20  NFunc =   411  E =    -219.66444  RMSG = 5.4324418e-04
 MIN: Iter =   21  NFunc =   418  E =    -219.66444  RMSG = 2.3067354e-04
----------------------------------------------------------------
 END:          :-)  E =    -219.66444  RMSG =   0.0002307

     bond:      5.783839977
    angle:     28.230230303
 dihedral:     19.035949084
    enb14:     10.416181770
    eel14:   -222.684968061
      enb:     -2.127130469
      eel:     -6.950081468
      egb:    -51.368457221
    econs:      0.000000000
    esurf:      0.000000000
    Total:   -219.664436087
     frms:      0.000230674
====== rms.dat  ======================================================
#Frame      all_heavy
       1       0.1223
