====== tleap.out =====================================================
-I: Adding /home/case/amber24/dat/leap/prep to search path.
-I: Adding /home/case/amber24/dat/leap/lib to search path.
-I: Adding /home/case/amber24/dat/leap/parm to search path.
-I: Adding /home/case/amber24/dat/leap/cmd to search path.
-f: Source leap.in.

Welcome to LEaP!
(no leaprc in search path)
Sourcing: ./leap.in
Using Bondi radii
----- Source: /home/case/amber24/dat/leap/cmd/leaprc.gaff2
----- Source of /home/case/amber24/dat/leap/cmd/leaprc.gaff2 done
Log file: ./leap.log
Loading parameters: /home/case/amber24/dat/leap/parm/gaff2.dat
Reading title:
AMBER General Force Field for organic molecules (Version 2.2.20, March 2021)
Loading parameters: ./HT8.frcmod
Reading force field modification type file (frcmod)
Reading title:
Remark line goes here
Loading Mol2 file: ./HT8.mol2
Reading MOLECULE named HT8
Checking Unit.
Building topology.
"order_residues" off: keep input residue order.
Building atom parameters.
Building bond parameters.
Building angle parameters.
Building proper torsion parameters.
Building improper torsion parameters.
 total 13 improper torsions applied
Building H-Bond parameters.
Incorporating Non-Bonded adjustments.
Not Marking per-residue atom chain types.
Marking per-residue atom chain types.
  (Residues lacking connect0/connect1 - 
   these don't have chain types marked:

	res	total affected

	HT8	1
  )
 (no restraints)
	Quit

Exiting LEaP: Errors = 0; Warnings = 0; Notes = 0.
====== min.o =========================================================
Reading parm file (HT8.parm7)
title:
HT8                                                                             
no velocities were found
no velocities were found
	mm_options:  ntpr=5
	mm_options:  gb=1
	mm_options:  kappa=0.10395
	mm_options:  rgbmax=99.
	mm_options:  cut=99.0
	mm_options:  wcons=0.
     bond:      4.128077167
    angle:     18.405662844
 dihedral:     33.255239301
    enb14:     14.009498331
    eel14:    147.675497562
      enb:     -3.833597432
      eel:   -114.529902933
      egb:    -37.842267345
    econs:      0.000000000
    esurf:      0.000000000
    Total:     61.268207495
     frms:     13.609922843
Starting TNCG minimisation
 MIN: Iter =    0  NFunc =     1  E =      61.26821  RMSG = 1.3609923e+01
 MIN: Iter =    1  NFunc =     8  E =      45.36703  RMSG = 4.1162587e+00
 MIN: Iter =    2  NFunc =    14  E =      43.25834  RMSG = 1.7388302e+00
 MIN: Iter =    3  NFunc =    25  E =      41.56346  RMSG = 2.0922913e+00
 MIN: Iter =    4  NFunc =    31  E =      41.23409  RMSG = 5.9759488e-01
 MIN: Iter =    5  NFunc =    47  E =      40.96867  RMSG = 6.7646579e-01
 MIN: Iter =    6  NFunc =    75  E =      40.75957  RMSG = 4.8277516e-01
 MIN: Iter =    7  NFunc =    81  E =      40.73895  RMSG = 1.1176561e-01
 MIN: Iter =    8  NFunc =    99  E =      40.72254  RMSG = 9.1434747e-02
 MIN: Iter =    9  NFunc =   105  E =      40.72161  RMSG = 2.9322660e-02
 MIN: Iter =   10  NFunc =   127  E =      40.72005  RMSG = 1.8589755e-02
 MIN: Iter =   11  NFunc =   178  E =      40.71401  RMSG = 8.8490185e-02
 MIN: Iter =   12  NFunc =   184  E =      40.71334  RMSG = 3.2189660e-02
 MIN: Iter =   13  NFunc =   195  E =      40.71286  RMSG = 1.5831091e-02
 MIN: Iter =   14  NFunc =   206  E =      40.71268  RMSG = 1.0627790e-02
 MIN: Iter =   15  NFunc =   225  E =      40.71260  RMSG = 4.2158178e-03
 MIN: Iter =   16  NFunc =   235  E =      40.71259  RMSG = 2.7843274e-03
 MIN: Iter =   17  NFunc =   286  E =      40.71253  RMSG = 4.3410835e-03
 MIN: Iter =   18  NFunc =   297  E =      40.71251  RMSG = 3.9544923e-03
 MIN: Iter =   19  NFunc =   334  E =      40.71245  RMSG = 2.3264227e-03
 MIN: Iter =   20  NFunc =   345  E =      40.71245  RMSG = 1.2790680e-03
 MIN: Iter =   21  NFunc =   376  E =      40.71245  RMSG = 6.6438631e-04
 MIN: Iter =   22  NFunc =   427  E =      40.71244  RMSG = 8.3311916e-04
 MIN: Iter =   23  NFunc =   434  E =      40.71244  RMSG = 5.1469664e-04
 MIN: Iter =   24  NFunc =   441  E =      40.71244  RMSG = 2.9450047e-04
----------------------------------------------------------------
 END:          :-)  E =      40.71244  RMSG =   0.0002945

     bond:      4.122804909
    angle:     12.358990347
 dihedral:     32.609182804
    enb14:      9.363497145
    eel14:    148.104569622
      enb:     -4.422996680
      eel:   -121.243795485
      egb:    -40.179808984
    econs:      0.000000000
    esurf:      0.000000000
    Total:     40.712443679
     frms:      0.000294500
====== rms.dat  ======================================================
#Frame      all_heavy
       1       0.1694
