====== tleap.out =====================================================
-I: Adding /home/case/amber24/dat/leap/prep to search path.
-I: Adding /home/case/amber24/dat/leap/lib to search path.
-I: Adding /home/case/amber24/dat/leap/parm to search path.
-I: Adding /home/case/amber24/dat/leap/cmd to search path.
-f: Source leap.in.

Welcome to LEaP!
(no leaprc in search path)
Sourcing: ./leap.in
Using Bondi radii
----- Source: /home/case/amber24/dat/leap/cmd/leaprc.gaff2
----- Source of /home/case/amber24/dat/leap/cmd/leaprc.gaff2 done
Log file: ./leap.log
Loading parameters: /home/case/amber24/dat/leap/parm/gaff2.dat
Reading title:
AMBER General Force Field for organic molecules (Version 2.2.20, March 2021)
Loading parameters: ./HTQ.frcmod
Reading force field modification type file (frcmod)
Reading title:
Remark line goes here
Loading Mol2 file: ./HTQ.mol2
Reading MOLECULE named HTQ
Checking Unit.
Building topology.
"order_residues" off: keep input residue order.
Building atom parameters.
Building bond parameters.
Building angle parameters.
Building proper torsion parameters.
Building improper torsion parameters.
 total 7 improper torsions applied
Building H-Bond parameters.
Incorporating Non-Bonded adjustments.
Not Marking per-residue atom chain types.
Marking per-residue atom chain types.
  (Residues lacking connect0/connect1 - 
   these don't have chain types marked:

	res	total affected

	HTQ	1
  )
 (no restraints)
	Quit

Exiting LEaP: Errors = 0; Warnings = 0; Notes = 0.
====== min.o =========================================================
Reading parm file (HTQ.parm7)
title:
HTQ                                                                             
no velocities were found
no velocities were found
	mm_options:  ntpr=5
	mm_options:  gb=1
	mm_options:  kappa=0.10395
	mm_options:  rgbmax=99.
	mm_options:  cut=99.0
	mm_options:  wcons=0.
     bond:      2.007256242
    angle:      2.539653649
 dihedral:     19.278343341
    enb14:     13.133563295
    eel14:     19.460929721
      enb:     -3.693840503
      eel:    -15.468290205
      egb:    -11.590006408
    econs:      0.000000000
    esurf:      0.000000000
    Total:     25.667609132
     frms:      9.265503893
Starting TNCG minimisation
 MIN: Iter =    0  NFunc =     1  E =      25.66761  RMSG = 9.2655039e+00
 MIN: Iter =    1  NFunc =     7  E =      18.18863  RMSG = 2.1003173e+00
 MIN: Iter =    2  NFunc =    15  E =      16.89541  RMSG = 9.7099194e-01
 MIN: Iter =    3  NFunc =    23  E =      16.64095  RMSG = 4.0625271e-01
 MIN: Iter =    4  NFunc =    33  E =      16.57856  RMSG = 1.6703365e-01
 MIN: Iter =    5  NFunc =    79  E =      16.51540  RMSG = 3.5014279e-01
 MIN: Iter =    6  NFunc =   104  E =      16.42305  RMSG = 1.2478487e+00
 MIN: Iter =    7  NFunc =   110  E =      16.34180  RMSG = 2.1168134e-01
 MIN: Iter =    8  NFunc =   133  E =      16.25492  RMSG = 4.5922263e-01
 MIN: Iter =    9  NFunc =   139  E =      16.19105  RMSG = 5.7802805e-01
 MIN: Iter =   10  NFunc =   145  E =      16.13737  RMSG = 3.3470648e-01
 MIN: Iter =   11  NFunc =   162  E =      16.07237  RMSG = 3.7765239e-01
 MIN: Iter =   12  NFunc =   172  E =      16.02071  RMSG = 3.0819102e-01
 MIN: Iter =   13  NFunc =   179  E =      15.98323  RMSG = 2.1720533e-01
 MIN: Iter =   14  NFunc =   188  E =      15.95561  RMSG = 1.7324133e-01
 MIN: Iter =   15  NFunc =   197  E =      15.93664  RMSG = 1.1044681e-01
 MIN: Iter =   16  NFunc =   219  E =      15.89804  RMSG = 5.3580661e-01
 MIN: Iter =   17  NFunc =   227  E =      15.87942  RMSG = 1.2510840e-01
 MIN: Iter =   18  NFunc =   254  E =      15.85049  RMSG = 1.7948741e-01
 MIN: Iter =   19  NFunc =   260  E =      15.84648  RMSG = 5.0339061e-02
 MIN: Iter =   20  NFunc =   285  E =      15.84207  RMSG = 3.1620723e-02
 MIN: Iter =   21  NFunc =   336  E =      15.83636  RMSG = 1.8724763e-01
 MIN: Iter =   22  NFunc =   342  E =      15.83068  RMSG = 5.9620667e-02
 MIN: Iter =   23  NFunc =   354  E =      15.82785  RMSG = 4.7969291e-02
 MIN: Iter =   24  NFunc =   360  E =      15.82732  RMSG = 2.5522902e-02
 MIN: Iter =   25  NFunc =   382  E =      15.82615  RMSG = 1.8043940e-02
 MIN: Iter =   26  NFunc =   429  E =      15.82296  RMSG = 4.3637199e-02
 MIN: Iter =   27  NFunc =   435  E =      15.82260  RMSG = 2.0473617e-02
 MIN: Iter =   28  NFunc =   447  E =      15.82226  RMSG = 1.2079288e-02
 MIN: Iter =   29  NFunc =   453  E =      15.82223  RMSG = 5.9049958e-03
 MIN: Iter =   30  NFunc =   469  E =      15.82218  RMSG = 3.4644823e-03
 MIN: Iter =   31  NFunc =   514  E =      15.82211  RMSG = 2.7473318e-03
 MIN: Iter =   32  NFunc =   534  E =      15.82210  RMSG = 1.3455187e-03
 MIN: Iter =   33  NFunc =   544  E =      15.82210  RMSG = 8.5762877e-04
 MIN: Iter =   34  NFunc =   595  E =      15.82209  RMSG = 1.1558996e-03
 MIN: Iter =   35  NFunc =   626  E =      15.82209  RMSG = 6.0919615e-04
 MIN: Iter =   36  NFunc =   677  E =      15.82208  RMSG = 1.2191748e-03
 MIN: Iter =   37  NFunc =   684  E =      15.82208  RMSG = 6.9923203e-04
 MIN: Iter =   38  NFunc =   690  E =      15.82208  RMSG = 3.7698626e-04
----------------------------------------------------------------
 END:          :-)  E =      15.82208  RMSG =   0.0003770

     bond:      1.526922445
    angle:      2.138045100
 dihedral:     17.212966310
    enb14:      8.332141811
    eel14:     12.775258327
      enb:     -3.882879215
      eel:     -8.537785883
      egb:    -13.742587477
    econs:      0.000000000
    esurf:      0.000000000
    Total:     15.822081418
     frms:      0.000376986
====== rms.dat  ======================================================
#Frame      all_heavy
       1       0.5309
