====== tleap.out =====================================================
-I: Adding /home/case/amber24/dat/leap/prep to search path.
-I: Adding /home/case/amber24/dat/leap/lib to search path.
-I: Adding /home/case/amber24/dat/leap/parm to search path.
-I: Adding /home/case/amber24/dat/leap/cmd to search path.
-f: Source leap.in.

Welcome to LEaP!
(no leaprc in search path)
Sourcing: ./leap.in
Using Bondi radii
----- Source: /home/case/amber24/dat/leap/cmd/leaprc.gaff2
----- Source of /home/case/amber24/dat/leap/cmd/leaprc.gaff2 done
Log file: ./leap.log
Loading parameters: /home/case/amber24/dat/leap/parm/gaff2.dat
Reading title:
AMBER General Force Field for organic molecules (Version 2.2.20, March 2021)
Loading parameters: ./HU9.frcmod
Reading force field modification type file (frcmod)
Reading title:
Remark line goes here
Loading Mol2 file: ./HU9.mol2
Reading MOLECULE named HU9
Checking Unit.
Building topology.
"order_residues" off: keep input residue order.
Building atom parameters.
Building bond parameters.
Building angle parameters.
Building proper torsion parameters.
Building improper torsion parameters.
 total 9 improper torsions applied
Building H-Bond parameters.
Incorporating Non-Bonded adjustments.
Not Marking per-residue atom chain types.
Marking per-residue atom chain types.
  (Residues lacking connect0/connect1 - 
   these don't have chain types marked:

	res	total affected

	HU9	1
  )
 (no restraints)
	Quit

Exiting LEaP: Errors = 0; Warnings = 0; Notes = 0.
====== min.o =========================================================
Reading parm file (HU9.parm7)
title:
HU9                                                                             
no velocities were found
no velocities were found
	mm_options:  ntpr=5
	mm_options:  gb=1
	mm_options:  kappa=0.10395
	mm_options:  rgbmax=99.
	mm_options:  cut=99.0
	mm_options:  wcons=0.
     bond:      1.810988495
    angle:     23.128190295
 dihedral:      4.876350446
    enb14:      8.175353015
    eel14:   -117.145042559
      enb:     -2.761812375
      eel:     68.072600057
      egb:    -19.292767784
    econs:      0.000000000
    esurf:      0.000000000
    Total:    -33.136140409
     frms:     11.312537952
Starting TNCG minimisation
 MIN: Iter =    0  NFunc =     1  E =     -33.13614  RMSG = 1.1312538e+01
 MIN: Iter =    1  NFunc =     7  E =     -40.09664  RMSG = 1.8854459e+00
 MIN: Iter =    2  NFunc =    19  E =     -40.96188  RMSG = 5.8132718e-01
 MIN: Iter =    3  NFunc =    25  E =     -41.05185  RMSG = 3.0910699e-01
 MIN: Iter =    4  NFunc =    56  E =     -41.15046  RMSG = 4.3753704e-01
 MIN: Iter =    5  NFunc =    72  E =     -41.22668  RMSG = 3.4083344e-01
 MIN: Iter =    6  NFunc =    79  E =     -41.24483  RMSG = 1.2615666e-01
 MIN: Iter =    7  NFunc =   100  E =     -41.29833  RMSG = 3.8029680e-01
 MIN: Iter =    8  NFunc =   107  E =     -41.31527  RMSG = 1.0808520e-01
 MIN: Iter =    9  NFunc =   151  E =     -41.33776  RMSG = 2.8325509e-01
 MIN: Iter =   10  NFunc =   194  E =     -41.37326  RMSG = 4.2594744e-01
 MIN: Iter =   11  NFunc =   202  E =     -41.41958  RMSG = 2.1969936e-01
 MIN: Iter =   12  NFunc =   219  E =     -41.46809  RMSG = 3.4856023e-01
 MIN: Iter =   13  NFunc =   228  E =     -41.53077  RMSG = 3.2092649e-01
 MIN: Iter =   14  NFunc =   234  E =     -41.56318  RMSG = 1.8638492e-01
 MIN: Iter =   15  NFunc =   244  E =     -41.58094  RMSG = 1.2484050e-01
 MIN: Iter =   16  NFunc =   281  E =     -41.59731  RMSG = 1.1200407e-01
 MIN: Iter =   17  NFunc =   309  E =     -41.61347  RMSG = 3.2906150e-01
 MIN: Iter =   18  NFunc =   316  E =     -41.62897  RMSG = 1.0790074e-01
 MIN: Iter =   19  NFunc =   364  E =     -41.65026  RMSG = 3.2224905e-01
 MIN: Iter =   20  NFunc =   372  E =     -41.68296  RMSG = 1.5532956e-01
 MIN: Iter =   21  NFunc =   387  E =     -41.70537  RMSG = 3.5275299e-01
 MIN: Iter =   22  NFunc =   394  E =     -41.72741  RMSG = 1.0759263e-01
 MIN: Iter =   23  NFunc =   424  E =     -41.74882  RMSG = 3.0146152e-01
 MIN: Iter =   24  NFunc =   430  E =     -41.76048  RMSG = 1.2811959e-01
 MIN: Iter =   25  NFunc =   445  E =     -41.77314  RMSG = 1.9263051e-01
 MIN: Iter =   26  NFunc =   452  E =     -41.77864  RMSG = 6.6448086e-02
 MIN: Iter =   27  NFunc =   471  E =     -41.78374  RMSG = 5.5986739e-02
 MIN: Iter =   28  NFunc =   486  E =     -41.78571  RMSG = 2.7709602e-02
 MIN: Iter =   29  NFunc =   529  E =     -41.79015  RMSG = 3.8760016e-02
 MIN: Iter =   30  NFunc =   537  E =     -41.79050  RMSG = 1.6708871e-02
 MIN: Iter =   31  NFunc =   547  E =     -41.79068  RMSG = 9.8208239e-03
 MIN: Iter =   32  NFunc =   561  E =     -41.79074  RMSG = 4.2096285e-03
 MIN: Iter =   33  NFunc =   580  E =     -41.79076  RMSG = 2.3631982e-03
 MIN: Iter =   34  NFunc =   588  E =     -41.79077  RMSG = 1.3304459e-03
 MIN: Iter =   35  NFunc =   602  E =     -41.79077  RMSG = 5.9980413e-04
 MIN: Iter =   36  NFunc =   627  E =     -41.79077  RMSG = 3.5238244e-04
----------------------------------------------------------------
 END:          :-)  E =     -41.79077  RMSG =   0.0003524

     bond:      2.548826051
    angle:     18.042185165
 dihedral:      6.744171866
    enb14:      6.190877987
    eel14:   -117.934894918
      enb:     -4.098261608
      eel:     67.134467754
      egb:    -20.418140462
    econs:      0.000000000
    esurf:      0.000000000
    Total:    -41.790768166
     frms:      0.000352382
====== rms.dat  ======================================================
#Frame      all_heavy
       1       0.7432
