====== tleap.out =====================================================
-I: Adding /home/case/amber24/dat/leap/prep to search path.
-I: Adding /home/case/amber24/dat/leap/lib to search path.
-I: Adding /home/case/amber24/dat/leap/parm to search path.
-I: Adding /home/case/amber24/dat/leap/cmd to search path.
-f: Source leap.in.

Welcome to LEaP!
(no leaprc in search path)
Sourcing: ./leap.in
Using Bondi radii
----- Source: /home/case/amber24/dat/leap/cmd/leaprc.gaff2
----- Source of /home/case/amber24/dat/leap/cmd/leaprc.gaff2 done
Log file: ./leap.log
Loading parameters: /home/case/amber24/dat/leap/parm/gaff2.dat
Reading title:
AMBER General Force Field for organic molecules (Version 2.2.20, March 2021)
Loading parameters: ./HUG.frcmod
Reading force field modification type file (frcmod)
Reading title:
Remark line goes here
Loading Mol2 file: ./HUG.mol2
Reading MOLECULE named HUG
Checking Unit.

/home/case/amber24/bin/teLeap: Warning!
The unperturbed charge of the unit (-1.001000) is not zero.

/home/case/amber24/bin/teLeap: Note.
Ignoring the warning from Unit Checking.

Building topology.
"order_residues" off: keep input residue order.
Building atom parameters.
Building bond parameters.
Building angle parameters.
Building proper torsion parameters.
Building improper torsion parameters.
 total 17 improper torsions applied
Building H-Bond parameters.
Incorporating Non-Bonded adjustments.
Not Marking per-residue atom chain types.
Marking per-residue atom chain types.
  (Residues lacking connect0/connect1 - 
   these don't have chain types marked:

	res	total affected

	HUG	1
  )
 (no restraints)
	Quit

Exiting LEaP: Errors = 0; Warnings = 1; Notes = 1.
====== min.o =========================================================
Reading parm file (HUG.parm7)
title:
HUG                                                                             
no velocities were found
no velocities were found
	mm_options:  ntpr=5
	mm_options:  gb=1
	mm_options:  kappa=0.10395
	mm_options:  rgbmax=99.
	mm_options:  cut=99.0
	mm_options:  wcons=0.
     bond:      4.938739532
    angle:     22.963949096
 dihedral:     67.956426832
    enb14:     20.291415770
    eel14:    135.440205743
      enb:     -4.090432751
      eel:    -91.184893570
      egb:    -94.087833284
    econs:      0.000000000
    esurf:      0.000000000
    Total:     62.227577368
     frms:     12.519839771
Starting TNCG minimisation
 MIN: Iter =    0  NFunc =     1  E =      62.22758  RMSG = 1.2519840e+01
 MIN: Iter =    1  NFunc =     7  E =      44.77835  RMSG = 3.2538902e+00
 MIN: Iter =    2  NFunc =    13  E =      41.81254  RMSG = 1.4903130e+00
 MIN: Iter =    3  NFunc =    34  E =      40.80060  RMSG = 4.2579463e+00
 MIN: Iter =    4  NFunc =    42  E =      38.85817  RMSG = 9.9872958e-01
 MIN: Iter =    5  NFunc =    52  E =      38.08751  RMSG = 2.3041944e+00
 MIN: Iter =    6  NFunc =    60  E =      37.53743  RMSG = 6.1702384e-01
 MIN: Iter =    7  NFunc =    74  E =      37.21347  RMSG = 1.2336924e+00
 MIN: Iter =    8  NFunc =    80  E =      37.02262  RMSG = 4.2080487e-01
 MIN: Iter =    9  NFunc =    90  E =      36.92090  RMSG = 8.2107886e-01
 MIN: Iter =   10  NFunc =    96  E =      36.86909  RMSG = 1.8205239e-01
 MIN: Iter =   11  NFunc =   148  E =      36.82396  RMSG = 3.9254358e-01
 MIN: Iter =   12  NFunc =   155  E =      36.79514  RMSG = 4.1155960e-01
 MIN: Iter =   13  NFunc =   162  E =      36.75552  RMSG = 4.6477930e-01
 MIN: Iter =   14  NFunc =   168  E =      36.70204  RMSG = 9.4522273e-01
 MIN: Iter =   15  NFunc =   174  E =      36.61271  RMSG = 2.8763629e-01
 MIN: Iter =   16  NFunc =   187  E =      36.53453  RMSG = 7.5004644e-01
 MIN: Iter =   17  NFunc =   193  E =      36.41499  RMSG = 1.3306099e+00
 MIN: Iter =   18  NFunc =   199  E =      36.21040  RMSG = 5.0663442e-01
 MIN: Iter =   19  NFunc =   206  E =      36.11929  RMSG = 6.3291864e-01
 MIN: Iter =   20  NFunc =   213  E =      36.00208  RMSG = 7.8161407e-01
 MIN: Iter =   21  NFunc =   219  E =      35.84627  RMSG = 1.1878283e+00
 MIN: Iter =   22  NFunc =   225  E =      35.68044  RMSG = 4.6201658e-01
 MIN: Iter =   23  NFunc =   232  E =      35.58466  RMSG = 5.5019695e-01
 MIN: Iter =   24  NFunc =   241  E =      35.44788  RMSG = 1.1074397e+00
 MIN: Iter =   25  NFunc =   248  E =      35.29978  RMSG = 4.3262763e-01
 MIN: Iter =   26  NFunc =   259  E =      35.19566  RMSG = 8.5823685e-01
 MIN: Iter =   27  NFunc =   265  E =      35.07006  RMSG = 6.7041705e-01
 MIN: Iter =   28  NFunc =   271  E =      34.95801  RMSG = 1.6144577e+00
 MIN: Iter =   29  NFunc =   277  E =      34.67972  RMSG = 7.0666211e-01
 MIN: Iter =   30  NFunc =   283  E =      34.51137  RMSG = 2.4195038e+00
 MIN: Iter =   31  NFunc =   289  E =      33.91725  RMSG = 7.7604710e-01
 MIN: Iter =   32  NFunc =   295  E =      33.55193  RMSG = 2.5624615e+00
 MIN: Iter =   33  NFunc =   301  E =      32.82645  RMSG = 8.2841667e-01
 MIN: Iter =   34  NFunc =   308  E =      32.53190  RMSG = 1.0749106e+00
 MIN: Iter =   35  NFunc =   314  E =      32.22024  RMSG = 1.2803163e+00
 MIN: Iter =   36  NFunc =   320  E =      32.06944  RMSG = 3.9772293e-01
 MIN: Iter =   37  NFunc =   326  E =      32.01527  RMSG = 3.3691775e-01
 MIN: Iter =   38  NFunc =   338  E =      31.98252  RMSG = 1.0523286e-01
 MIN: Iter =   39  NFunc =   389  E =      31.91613  RMSG = 3.3252822e-01
 MIN: Iter =   40  NFunc =   395  E =      31.90442  RMSG = 7.4788511e-02
 MIN: Iter =   41  NFunc =   446  E =      31.85522  RMSG = 2.0070697e-01
 MIN: Iter =   42  NFunc =   452  E =      31.84478  RMSG = 7.7998848e-02
 MIN: Iter =   43  NFunc =   475  E =      31.83323  RMSG = 7.9458052e-02
 MIN: Iter =   44  NFunc =   482  E =      31.83120  RMSG = 3.6227742e-02
 MIN: Iter =   45  NFunc =   534  E =      31.82288  RMSG = 7.6713400e-02
 MIN: Iter =   46  NFunc =   542  E =      31.82089  RMSG = 3.3587108e-02
 MIN: Iter =   47  NFunc =   563  E =      31.81746  RMSG = 4.1974057e-02
 MIN: Iter =   48  NFunc =   570  E =      31.81697  RMSG = 1.6735732e-02
 MIN: Iter =   49  NFunc =   609  E =      31.81540  RMSG = 1.6280099e-02
 MIN: Iter =   50  NFunc =   636  E =      31.81494  RMSG = 5.5441795e-03
 MIN: Iter =   51  NFunc =   682  E =      31.81471  RMSG = 4.9103672e-03
 MIN: Iter =   52  NFunc =   704  E =      31.81468  RMSG = 2.2158039e-03
 MIN: Iter =   53  NFunc =   730  E =      31.81467  RMSG = 1.2313147e-03
 MIN: Iter =   54  NFunc =   744  E =      31.81466  RMSG = 1.1066639e-03
 MIN: Iter =   55  NFunc =   763  E =      31.81466  RMSG = 6.1400385e-04
 MIN: Iter =   56  NFunc =   814  E =      31.81466  RMSG = 9.9016124e-04
 MIN: Iter =   57  NFunc =   832  E =      31.81466  RMSG = 4.6783821e-04
----------------------------------------------------------------
 END:          :-)  E =      31.81466  RMSG =   0.0004678

     bond:      3.585148276
    angle:     20.200789277
 dihedral:     56.550687730
    enb14:     13.345151553
    eel14:    136.814374444
      enb:     -6.229405939
      eel:    -84.636025200
      egb:   -107.816064840
    econs:      0.000000000
    esurf:      0.000000000
    Total:     31.814655300
     frms:      0.000467838
====== rms.dat  ======================================================
#Frame      all_heavy
       1       0.3997
