====== tleap.out =====================================================
-I: Adding /home/case/amber24/dat/leap/prep to search path.
-I: Adding /home/case/amber24/dat/leap/lib to search path.
-I: Adding /home/case/amber24/dat/leap/parm to search path.
-I: Adding /home/case/amber24/dat/leap/cmd to search path.
-f: Source leap.in.

Welcome to LEaP!
(no leaprc in search path)
Sourcing: ./leap.in
Using Bondi radii
----- Source: /home/case/amber24/dat/leap/cmd/leaprc.gaff2
----- Source of /home/case/amber24/dat/leap/cmd/leaprc.gaff2 done
Log file: ./leap.log
Loading parameters: /home/case/amber24/dat/leap/parm/gaff2.dat
Reading title:
AMBER General Force Field for organic molecules (Version 2.2.20, March 2021)
Loading parameters: ./HVY.frcmod
Reading force field modification type file (frcmod)
Reading title:
Remark line goes here
Loading Mol2 file: ./HVY.mol2
Reading MOLECULE named HVY
Checking Unit.
Building topology.
"order_residues" off: keep input residue order.
Building atom parameters.
Building bond parameters.
Building angle parameters.
Building proper torsion parameters.
Building improper torsion parameters.
 total 29 improper torsions applied
Building H-Bond parameters.
Incorporating Non-Bonded adjustments.
Not Marking per-residue atom chain types.
Marking per-residue atom chain types.
  (Residues lacking connect0/connect1 - 
   these don't have chain types marked:

	res	total affected

	HVY	1
  )
 (no restraints)
	Quit

Exiting LEaP: Errors = 0; Warnings = 0; Notes = 0.
====== min.o =========================================================
Reading parm file (HVY.parm7)
title:
HVY                                                                             
no velocities were found
no velocities were found
	mm_options:  ntpr=5
	mm_options:  gb=1
	mm_options:  kappa=0.10395
	mm_options:  rgbmax=99.
	mm_options:  cut=99.0
	mm_options:  wcons=0.
     bond:      4.196737650
    angle:      7.659898887
 dihedral:     43.915641166
    enb14:     29.116107762
    eel14:   -316.016604661
      enb:     -1.574070118
      eel:    137.866561502
      egb:    -30.732166886
    econs:      0.000000000
    esurf:      0.000000000
    Total:   -125.567894697
     frms:      9.825701849
Starting TNCG minimisation
 MIN: Iter =    0  NFunc =     1  E =    -125.56789  RMSG = 9.8257018e+00
 MIN: Iter =    1  NFunc =     7  E =    -140.55524  RMSG = 2.8195206e+00
 MIN: Iter =    2  NFunc =    26  E =    -146.69782  RMSG = 1.2856081e+00
 MIN: Iter =    3  NFunc =    35  E =    -148.09534  RMSG = 8.2611444e-01
 MIN: Iter =    4  NFunc =    86  E =    -148.82229  RMSG = 9.1208909e-01
 MIN: Iter =    5  NFunc =    92  E =    -149.44904  RMSG = 1.0112481e+00
 MIN: Iter =    6  NFunc =    98  E =    -150.16487  RMSG = 9.0733060e-01
 MIN: Iter =    7  NFunc =   104  E =    -150.76307  RMSG = 8.3988194e-01
 MIN: Iter =    8  NFunc =   110  E =    -151.18384  RMSG = 6.0065789e-01
 MIN: Iter =    9  NFunc =   153  E =    -151.84375  RMSG = 1.1300939e+00
 MIN: Iter =   10  NFunc =   161  E =    -152.51473  RMSG = 8.4077816e-01
 MIN: Iter =   11  NFunc =   167  E =    -153.03858  RMSG = 7.0569031e-01
 MIN: Iter =   12  NFunc =   173  E =    -153.39036  RMSG = 6.4752267e-01
 MIN: Iter =   13  NFunc =   182  E =    -153.63830  RMSG = 3.4456238e-01
 MIN: Iter =   14  NFunc =   215  E =    -153.96390  RMSG = 6.1542006e-01
 MIN: Iter =   15  NFunc =   221  E =    -154.07482  RMSG = 2.1412358e-01
 MIN: Iter =   16  NFunc =   235  E =    -154.18813  RMSG = 5.3969692e-01
 MIN: Iter =   17  NFunc =   242  E =    -154.25480  RMSG = 1.8106973e-01
 MIN: Iter =   18  NFunc =   256  E =    -154.30017  RMSG = 1.7054799e-01
 MIN: Iter =   19  NFunc =   307  E =    -154.44962  RMSG = 2.1445896e-01
 MIN: Iter =   20  NFunc =   319  E =    -154.55109  RMSG = 2.5740828e-01
 MIN: Iter =   21  NFunc =   326  E =    -154.58480  RMSG = 1.3754653e-01
 MIN: Iter =   22  NFunc =   365  E =    -154.66956  RMSG = 2.3261392e-01
 MIN: Iter =   23  NFunc =   383  E =    -154.71312  RMSG = 1.4263477e-01
 MIN: Iter =   24  NFunc =   409  E =    -154.74457  RMSG = 1.6687216e-01
 MIN: Iter =   25  NFunc =   431  E =    -154.77614  RMSG = 1.1809742e-01
 MIN: Iter =   26  NFunc =   482  E =    -154.83721  RMSG = 1.7668635e-01
 MIN: Iter =   27  NFunc =   500  E =    -154.88365  RMSG = 1.4229491e-01
 MIN: Iter =   28  NFunc =   518  E =    -154.92065  RMSG = 1.2708153e-01
 MIN: Iter =   29  NFunc =   531  E =    -154.94075  RMSG = 8.4511974e-02
 MIN: Iter =   30  NFunc =   542  E =    -154.94853  RMSG = 4.9204445e-02
 MIN: Iter =   31  NFunc =   593  E =    -154.97329  RMSG = 1.2081999e-01
 MIN: Iter =   32  NFunc =   639  E =    -154.99922  RMSG = 1.1525320e-01
 MIN: Iter =   33  NFunc =   647  E =    -155.00420  RMSG = 4.3249214e-02
 MIN: Iter =   34  NFunc =   685  E =    -155.01165  RMSG = 5.0737017e-02
 MIN: Iter =   35  NFunc =   736  E =    -155.01691  RMSG = 2.9502982e-02
 MIN: Iter =   36  NFunc =   755  E =    -155.01845  RMSG = 1.6563271e-02
 MIN: Iter =   37  NFunc =   806  E =    -155.02007  RMSG = 1.7979682e-02
 MIN: Iter =   38  NFunc =   857  E =    -155.02131  RMSG = 1.4054149e-02
 MIN: Iter =   39  NFunc =   873  E =    -155.02161  RMSG = 8.4779859e-03
 MIN: Iter =   40  NFunc =   905  E =    -155.02187  RMSG = 4.5360188e-03
 MIN: Iter =   41  NFunc =   941  E =    -155.02196  RMSG = 2.4834574e-03
 MIN: Iter =   42  NFunc =   977  E =    -155.02200  RMSG = 1.7510259e-03
 MIN: Iter =   43  NFunc =  1028  E =    -155.02207  RMSG = 3.0241822e-03
 MIN: Iter =   44  NFunc =  1044  E =    -155.02208  RMSG = 1.4945978e-03
 MIN: Iter =   45  NFunc =  1095  E =    -155.02210  RMSG = 1.6137582e-03
 MIN: Iter =   46  NFunc =  1111  E =    -155.02210  RMSG = 7.5969915e-04
 MIN: Iter =   47  NFunc =  1138  E =    -155.02211  RMSG = 8.5434888e-04
 MIN: Iter =   48  NFunc =  1189  E =    -155.02211  RMSG = 7.3434787e-04
 MIN: Iter =   49  NFunc =  1240  E =    -155.02212  RMSG = 5.7920300e-04
 MIN: Iter =   50  NFunc =  1268  E =    -155.02212  RMSG = 2.7521589e-04
----------------------------------------------------------------
 END:          :-)  E =    -155.02212  RMSG =   0.0002752

     bond:      3.070207848
    angle:      6.085575520
 dihedral:     32.830084164
    enb14:     20.004378767
    eel14:   -317.071465656
      enb:     -4.717102887
      eel:    136.188428222
      egb:    -31.412222846
    econs:      0.000000000
    esurf:      0.000000000
    Total:   -155.022116866
     frms:      0.000275216
====== rms.dat  ======================================================
#Frame      all_heavy
       1       0.6723
