====== tleap.out =====================================================
-I: Adding /home/case/amber24/dat/leap/prep to search path.
-I: Adding /home/case/amber24/dat/leap/lib to search path.
-I: Adding /home/case/amber24/dat/leap/parm to search path.
-I: Adding /home/case/amber24/dat/leap/cmd to search path.
-f: Source leap.in.

Welcome to LEaP!
(no leaprc in search path)
Sourcing: ./leap.in
Using Bondi radii
----- Source: /home/case/amber24/dat/leap/cmd/leaprc.gaff2
----- Source of /home/case/amber24/dat/leap/cmd/leaprc.gaff2 done
Log file: ./leap.log
Loading parameters: /home/case/amber24/dat/leap/parm/gaff2.dat
Reading title:
AMBER General Force Field for organic molecules (Version 2.2.20, March 2021)
Loading parameters: ./HXQ.frcmod
Reading force field modification type file (frcmod)
Reading title:
Remark line goes here
Loading Mol2 file: ./HXQ.mol2
Reading MOLECULE named HXQ
Checking Unit.
Building topology.
"order_residues" off: keep input residue order.
Building atom parameters.
Building bond parameters.
Building angle parameters.
Building proper torsion parameters.
Building improper torsion parameters.
 total 15 improper torsions applied
Building H-Bond parameters.
Incorporating Non-Bonded adjustments.
Not Marking per-residue atom chain types.
Marking per-residue atom chain types.
  (Residues lacking connect0/connect1 - 
   these don't have chain types marked:

	res	total affected

	HXQ	1
  )
 (no restraints)
	Quit

Exiting LEaP: Errors = 0; Warnings = 0; Notes = 0.
====== min.o =========================================================
Reading parm file (HXQ.parm7)
title:
HXQ                                                                             
no velocities were found
no velocities were found
	mm_options:  ntpr=5
	mm_options:  gb=1
	mm_options:  kappa=0.10395
	mm_options:  rgbmax=99.
	mm_options:  cut=99.0
	mm_options:  wcons=0.
     bond:      7.263777813
    angle:     12.837646319
 dihedral:     23.566786233
    enb14:     21.482252878
    eel14:   -281.100055934
      enb:     -4.014416975
      eel:     76.341558695
      egb:    -27.222814353
    econs:      0.000000000
    esurf:      0.000000000
    Total:   -170.845265324
     frms:     11.484069588
Starting TNCG minimisation
 MIN: Iter =    0  NFunc =     1  E =    -170.84527  RMSG = 1.1484070e+01
 MIN: Iter =    1  NFunc =     7  E =    -188.55951  RMSG = 3.0246787e+00
 MIN: Iter =    2  NFunc =    13  E =    -191.32216  RMSG = 1.2222144e+00
 MIN: Iter =    3  NFunc =    30  E =    -192.61292  RMSG = 7.2730213e-01
 MIN: Iter =    4  NFunc =    81  E =    -193.49454  RMSG = 6.9919561e-01
 MIN: Iter =    5  NFunc =    99  E =    -194.17289  RMSG = 6.8299322e-01
 MIN: Iter =    6  NFunc =   108  E =    -194.82848  RMSG = 6.4591915e-01
 MIN: Iter =    7  NFunc =   119  E =    -195.32453  RMSG = 5.6104944e-01
 MIN: Iter =    8  NFunc =   126  E =    -195.69850  RMSG = 4.7176563e-01
 MIN: Iter =    9  NFunc =   137  E =    -195.96202  RMSG = 3.4166755e-01
 MIN: Iter =   10  NFunc =   144  E =    -196.06881  RMSG = 2.6192458e-01
 MIN: Iter =   11  NFunc =   156  E =    -196.17293  RMSG = 2.0938154e-01
 MIN: Iter =   12  NFunc =   207  E =    -196.47068  RMSG = 4.5244195e-01
 MIN: Iter =   13  NFunc =   237  E =    -196.73119  RMSG = 4.1260747e-01
 MIN: Iter =   14  NFunc =   253  E =    -196.94372  RMSG = 3.5178112e-01
 MIN: Iter =   15  NFunc =   260  E =    -197.10678  RMSG = 2.8681635e-01
 MIN: Iter =   16  NFunc =   267  E =    -197.22937  RMSG = 2.5271453e-01
 MIN: Iter =   17  NFunc =   273  E =    -197.31584  RMSG = 2.0626919e-01
 MIN: Iter =   18  NFunc =   279  E =    -197.36823  RMSG = 1.9744263e-01
 MIN: Iter =   19  NFunc =   317  E =    -197.50278  RMSG = 2.0341570e-01
 MIN: Iter =   20  NFunc =   337  E =    -197.59501  RMSG = 2.4675042e-01
 MIN: Iter =   21  NFunc =   348  E =    -197.65782  RMSG = 1.6919631e-01
 MIN: Iter =   22  NFunc =   358  E =    -197.70059  RMSG = 1.6568187e-01
 MIN: Iter =   23  NFunc =   409  E =    -197.78645  RMSG = 2.4010264e-01
 MIN: Iter =   24  NFunc =   433  E =    -197.88791  RMSG = 2.9871712e-01
 MIN: Iter =   25  NFunc =   446  E =    -197.99635  RMSG = 2.8989452e-01
 MIN: Iter =   26  NFunc =   454  E =    -198.09124  RMSG = 2.6663924e-01
 MIN: Iter =   27  NFunc =   460  E =    -198.15954  RMSG = 2.4239004e-01
 MIN: Iter =   28  NFunc =   466  E =    -198.20120  RMSG = 2.0842351e-01
 MIN: Iter =   29  NFunc =   517  E =    -198.31677  RMSG = 2.3313110e-01
 MIN: Iter =   30  NFunc =   530  E =    -198.42667  RMSG = 2.6084718e-01
 MIN: Iter =   31  NFunc =   537  E =    -198.51101  RMSG = 2.4947391e-01
 MIN: Iter =   32  NFunc =   543  E =    -198.57869  RMSG = 2.0212838e-01
 MIN: Iter =   33  NFunc =   588  E =    -198.70184  RMSG = 2.3851028e-01
 MIN: Iter =   34  NFunc =   611  E =    -198.80422  RMSG = 2.7270650e-01
 MIN: Iter =   35  NFunc =   623  E =    -198.91252  RMSG = 2.2757862e-01
 MIN: Iter =   36  NFunc =   639  E =    -198.99198  RMSG = 2.5888949e-01
 MIN: Iter =   37  NFunc =   647  E =    -199.07530  RMSG = 2.2164992e-01
 MIN: Iter =   38  NFunc =   658  E =    -199.13358  RMSG = 2.3170860e-01
 MIN: Iter =   39  NFunc =   667  E =    -199.18296  RMSG = 1.6572683e-01
 MIN: Iter =   40  NFunc =   702  E =    -199.25197  RMSG = 1.5117117e-01
 MIN: Iter =   41  NFunc =   720  E =    -199.26938  RMSG = 6.1742955e-02
 MIN: Iter =   42  NFunc =   750  E =    -199.28570  RMSG = 6.8689139e-02
 MIN: Iter =   43  NFunc =   763  E =    -199.28904  RMSG = 2.8767124e-02
 MIN: Iter =   44  NFunc =   814  E =    -199.29550  RMSG = 4.9478648e-02
 MIN: Iter =   45  NFunc =   853  E =    -199.29938  RMSG = 3.0492186e-02
 MIN: Iter =   46  NFunc =   891  E =    -199.30233  RMSG = 4.9401458e-02
 MIN: Iter =   47  NFunc =   900  E =    -199.30297  RMSG = 1.6605239e-02
 MIN: Iter =   48  NFunc =   951  E =    -199.30478  RMSG = 6.7029429e-02
 MIN: Iter =   49  NFunc =   957  E =    -199.30547  RMSG = 1.7583530e-02
 MIN: Iter =   50  NFunc =  1009  E =    -199.30745  RMSG = 4.2378886e-02
 MIN: Iter =   51  NFunc =  1016  E =    -199.30888  RMSG = 5.0252408e-02
 MIN: Iter =   52  NFunc =  1022  E =    -199.31057  RMSG = 1.0557742e-01
 MIN: Iter =   53  NFunc =  1028  E =    -199.31319  RMSG = 2.2850622e-02
 MIN: Iter =   54  NFunc =  1035  E =    -199.31433  RMSG = 3.9197550e-02
 MIN: Iter =   55  NFunc =  1041  E =    -199.31526  RMSG = 8.3968460e-02
 MIN: Iter =   56  NFunc =  1048  E =    -199.31684  RMSG = 2.5538317e-02
 MIN: Iter =   57  NFunc =  1072  E =    -199.31914  RMSG = 3.5641470e-02
 MIN: Iter =   58  NFunc =  1089  E =    -199.32127  RMSG = 8.6305275e-02
 MIN: Iter =   59  NFunc =  1095  E =    -199.32241  RMSG = 3.1832398e-02
 MIN: Iter =   60  NFunc =  1102  E =    -199.32308  RMSG = 4.5324980e-02
 MIN: Iter =   61  NFunc =  1127  E =    -199.32615  RMSG = 4.4381305e-02
 MIN: Iter =   62  NFunc =  1133  E =    -199.32659  RMSG = 1.5234735e-02
 MIN: Iter =   63  NFunc =  1184  E =    -199.32909  RMSG = 3.2957440e-02
 MIN: Iter =   64  NFunc =  1195  E =    -199.32960  RMSG = 1.3506957e-02
 MIN: Iter =   65  NFunc =  1246  E =    -199.33150  RMSG = 2.7305673e-02
 MIN: Iter =   66  NFunc =  1254  E =    -199.33170  RMSG = 8.8919214e-03
 MIN: Iter =   67  NFunc =  1294  E =    -199.33224  RMSG = 8.8805451e-03
 MIN: Iter =   68  NFunc =  1345  E =    -199.33260  RMSG = 6.5021066e-03
 MIN: Iter =   69  NFunc =  1360  E =    -199.33267  RMSG = 3.6950656e-03
 MIN: Iter =   70  NFunc =  1380  E =    -199.33269  RMSG = 1.7903887e-03
 MIN: Iter =   71  NFunc =  1418  E =    -199.33270  RMSG = 1.4191642e-03
 MIN: Iter =   72  NFunc =  1469  E =    -199.33271  RMSG = 6.8004243e-04
 MIN: Iter =   73  NFunc =  1514  E =    -199.33272  RMSG = 5.6298318e-04
 MIN: Iter =   74  NFunc =  1565  E =    -199.33272  RMSG = 8.1437396e-04
 MIN: Iter =   75  NFunc =  1608  E =    -199.33272  RMSG = 4.3888151e-04
----------------------------------------------------------------
 END:          :-)  E =    -199.33272  RMSG =   0.0004389

     bond:      2.336169185
    angle:      9.925362977
 dihedral:     22.843942643
    enb14:     14.929277607
    eel14:   -282.978662506
      enb:    -13.850513748
      eel:     77.593267974
      egb:    -30.131567209
    econs:      0.000000000
    esurf:      0.000000000
    Total:   -199.332723079
     frms:      0.000438882
====== rms.dat  ======================================================
#Frame      all_heavy
       1       1.5733
