====== tleap.out =====================================================
-I: Adding /home/case/amber24/dat/leap/prep to search path.
-I: Adding /home/case/amber24/dat/leap/lib to search path.
-I: Adding /home/case/amber24/dat/leap/parm to search path.
-I: Adding /home/case/amber24/dat/leap/cmd to search path.
-f: Source leap.in.

Welcome to LEaP!
(no leaprc in search path)
Sourcing: ./leap.in
Using Bondi radii
----- Source: /home/case/amber24/dat/leap/cmd/leaprc.gaff2
----- Source of /home/case/amber24/dat/leap/cmd/leaprc.gaff2 done
Log file: ./leap.log
Loading parameters: /home/case/amber24/dat/leap/parm/gaff2.dat
Reading title:
AMBER General Force Field for organic molecules (Version 2.2.20, March 2021)
Loading parameters: ./HZS.frcmod
Reading force field modification type file (frcmod)
Reading title:
Remark line goes here
Loading Mol2 file: ./HZS.mol2
Reading MOLECULE named HZS
Checking Unit.
Building topology.
"order_residues" off: keep input residue order.
Building atom parameters.
Building bond parameters.
Building angle parameters.
Building proper torsion parameters.
Building improper torsion parameters.
 total 10 improper torsions applied
Building H-Bond parameters.
Incorporating Non-Bonded adjustments.
Not Marking per-residue atom chain types.
Marking per-residue atom chain types.
  (Residues lacking connect0/connect1 - 
   these don't have chain types marked:

	res	total affected

	HZS	1
  )
 (no restraints)
	Quit

Exiting LEaP: Errors = 0; Warnings = 0; Notes = 0.
====== min.o =========================================================
Reading parm file (HZS.parm7)
title:
HZS                                                                             
no velocities were found
no velocities were found
	mm_options:  ntpr=5
	mm_options:  gb=1
	mm_options:  kappa=0.10395
	mm_options:  rgbmax=99.
	mm_options:  cut=99.0
	mm_options:  wcons=0.
     bond:      3.005302120
    angle:      3.257679132
 dihedral:      9.533484769
    enb14:     17.168320928
    eel14:    -86.182610212
      enb:     -0.078706251
      eel:     55.829069626
      egb:    -17.713093042
    econs:      0.000000000
    esurf:      0.000000000
    Total:    -15.180552930
     frms:     10.568129716
Starting TNCG minimisation
 MIN: Iter =    0  NFunc =     1  E =     -15.18055  RMSG = 1.0568130e+01
 MIN: Iter =    1  NFunc =     7  E =     -23.03034  RMSG = 2.5184717e+00
 MIN: Iter =    2  NFunc =    22  E =     -25.52789  RMSG = 2.7269407e+00
 MIN: Iter =    3  NFunc =    28  E =     -26.00521  RMSG = 6.3299250e-01
 MIN: Iter =    4  NFunc =    50  E =     -26.39812  RMSG = 1.2583037e+00
 MIN: Iter =    5  NFunc =    56  E =     -26.50784  RMSG = 2.5948964e-01
 MIN: Iter =    6  NFunc =    72  E =     -26.59550  RMSG = 1.0704205e+00
 MIN: Iter =    7  NFunc =    78  E =     -26.64803  RMSG = 1.6317995e-01
 MIN: Iter =    8  NFunc =   129  E =     -26.78696  RMSG = 3.4650208e-01
 MIN: Iter =    9  NFunc =   143  E =     -26.88841  RMSG = 3.6024233e-01
 MIN: Iter =   10  NFunc =   152  E =     -26.96466  RMSG = 2.6769568e-01
 MIN: Iter =   11  NFunc =   159  E =     -27.00757  RMSG = 2.5930882e-01
 MIN: Iter =   12  NFunc =   165  E =     -27.03100  RMSG = 1.6826812e-01
 MIN: Iter =   13  NFunc =   182  E =     -27.07213  RMSG = 2.4621242e-01
 MIN: Iter =   14  NFunc =   189  E =     -27.08436  RMSG = 7.5199683e-02
 MIN: Iter =   15  NFunc =   240  E =     -27.10772  RMSG = 2.2131304e-01
 MIN: Iter =   16  NFunc =   246  E =     -27.11470  RMSG = 6.5983860e-02
 MIN: Iter =   17  NFunc =   257  E =     -27.11701  RMSG = 3.0125792e-02
 MIN: Iter =   18  NFunc =   275  E =     -27.11786  RMSG = 1.3023781e-02
 MIN: Iter =   19  NFunc =   286  E =     -27.11802  RMSG = 7.9218588e-03
 MIN: Iter =   20  NFunc =   337  E =     -27.11861  RMSG = 1.1371899e-02
 MIN: Iter =   21  NFunc =   358  E =     -27.11875  RMSG = 5.1536049e-03
 MIN: Iter =   22  NFunc =   404  E =     -27.11882  RMSG = 2.3036225e-03
 MIN: Iter =   23  NFunc =   445  E =     -27.11886  RMSG = 1.7279578e-03
 MIN: Iter =   24  NFunc =   470  E =     -27.11887  RMSG = 1.4572253e-03
 MIN: Iter =   25  NFunc =   508  E =     -27.11889  RMSG = 1.4054073e-03
 MIN: Iter =   26  NFunc =   526  E =     -27.11890  RMSG = 7.8957624e-04
 MIN: Iter =   27  NFunc =   558  E =     -27.11890  RMSG = 4.3953172e-04
----------------------------------------------------------------
 END:          :-)  E =     -27.11890  RMSG =   0.0004395

     bond:      2.079207325
    angle:      2.593013383
 dihedral:      9.454835114
    enb14:     12.653005443
    eel14:    -82.289750485
      enb:     -0.921596850
      eel:     46.990490953
      egb:    -17.678102902
    econs:      0.000000000
    esurf:      0.000000000
    Total:    -27.118898019
     frms:      0.000439532
====== rms.dat  ======================================================
#Frame      all_heavy
       1       0.4366
