====== tleap.out =====================================================
-I: Adding /home/case/amber24/dat/leap/prep to search path.
-I: Adding /home/case/amber24/dat/leap/lib to search path.
-I: Adding /home/case/amber24/dat/leap/parm to search path.
-I: Adding /home/case/amber24/dat/leap/cmd to search path.
-f: Source leap.in.

Welcome to LEaP!
(no leaprc in search path)
Sourcing: ./leap.in
Using Bondi radii
----- Source: /home/case/amber24/dat/leap/cmd/leaprc.gaff2
----- Source of /home/case/amber24/dat/leap/cmd/leaprc.gaff2 done
Log file: ./leap.log
Loading parameters: /home/case/amber24/dat/leap/parm/gaff2.dat
Reading title:
AMBER General Force Field for organic molecules (Version 2.2.20, March 2021)
Loading parameters: ./O02.frcmod
Reading force field modification type file (frcmod)
Reading title:
Remark line goes here
Loading Mol2 file: ./O02.mol2
Reading MOLECULE named O02
Checking Unit.

/home/case/amber24/bin/teLeap: Warning!
The unperturbed charge of the unit (-3.000001) is not zero.

/home/case/amber24/bin/teLeap: Note.
Ignoring the warning from Unit Checking.

Building topology.
"order_residues" off: keep input residue order.
Building atom parameters.
Building bond parameters.
Building angle parameters.
Building proper torsion parameters.
Building improper torsion parameters.
 total 8 improper torsions applied
Building H-Bond parameters.
Incorporating Non-Bonded adjustments.
Not Marking per-residue atom chain types.
Marking per-residue atom chain types.
  (Residues lacking connect0/connect1 - 
   these don't have chain types marked:

	res	total affected

	O02	1
  )
 (no restraints)
	Quit

Exiting LEaP: Errors = 0; Warnings = 1; Notes = 1.
====== min.o =========================================================
Reading parm file (O02.parm7)
title:
O02                                                                             
no velocities were found
no velocities were found
	mm_options:  ntpr=5
	mm_options:  gb=1
	mm_options:  kappa=0.10395
	mm_options:  rgbmax=99.
	mm_options:  cut=99.0
	mm_options:  wcons=0.
     bond:      9.519572206
    angle:     32.865737918
 dihedral:     78.833236535
    enb14:      9.741508737
    eel14:   -507.306084643
      enb:     -7.648200445
      eel:    412.485128696
      egb:   -490.323203585
    econs:      0.000000000
    esurf:      0.000000000
    Total:   -461.832304581
     frms:     17.878300117
Starting TNCG minimisation
 MIN: Iter =    0  NFunc =     1  E =    -461.83230  RMSG = 1.7878300e+01
 MIN: Iter =    1  NFunc =     7  E =    -489.71104  RMSG = 4.8328487e+00
 MIN: Iter =    2  NFunc =    13  E =    -493.75273  RMSG = 1.9042477e+00
 MIN: Iter =    3  NFunc =    19  E =    -495.12703  RMSG = 1.2621746e+00
 MIN: Iter =    4  NFunc =    35  E =    -496.28877  RMSG = 1.6310479e+00
 MIN: Iter =    5  NFunc =    48  E =    -496.82763  RMSG = 5.7852072e-01
 MIN: Iter =    6  NFunc =    82  E =    -497.32630  RMSG = 1.0552466e+00
 MIN: Iter =    7  NFunc =   133  E =    -497.72749  RMSG = 1.3689217e+00
 MIN: Iter =    8  NFunc =   139  E =    -498.16707  RMSG = 1.4653992e+00
 MIN: Iter =    9  NFunc =   145  E =    -498.65688  RMSG = 1.3023210e+00
 MIN: Iter =   10  NFunc =   151  E =    -499.13009  RMSG = 1.0744916e+00
 MIN: Iter =   11  NFunc =   157  E =    -499.57507  RMSG = 1.0295162e+00
 MIN: Iter =   12  NFunc =   197  E =    -500.27506  RMSG = 1.4768053e+00
 MIN: Iter =   13  NFunc =   208  E =    -501.04753  RMSG = 1.3013906e+00
 MIN: Iter =   14  NFunc =   218  E =    -501.70334  RMSG = 1.4939411e+00
 MIN: Iter =   15  NFunc =   225  E =    -502.33415  RMSG = 1.3797637e+00
 MIN: Iter =   16  NFunc =   231  E =    -502.72214  RMSG = 7.0031227e-01
 MIN: Iter =   17  NFunc =   242  E =    -502.97160  RMSG = 4.0720200e-01
 MIN: Iter =   18  NFunc =   259  E =    -503.12622  RMSG = 7.6953662e-01
 MIN: Iter =   19  NFunc =   267  E =    -503.19463  RMSG = 2.1572018e-01
 MIN: Iter =   20  NFunc =   318  E =    -503.35088  RMSG = 5.0789892e-01
 MIN: Iter =   21  NFunc =   326  E =    -503.46431  RMSG = 5.0648336e-01
 MIN: Iter =   22  NFunc =   347  E =    -503.61568  RMSG = 6.7900639e-01
 MIN: Iter =   23  NFunc =   361  E =    -503.76677  RMSG = 5.6688019e-01
 MIN: Iter =   24  NFunc =   371  E =    -503.89404  RMSG = 6.7518390e-01
 MIN: Iter =   25  NFunc =   377  E =    -504.02272  RMSG = 6.2264149e-01
 MIN: Iter =   26  NFunc =   385  E =    -504.16082  RMSG = 6.6726361e-01
 MIN: Iter =   27  NFunc =   393  E =    -504.33155  RMSG = 7.3261769e-01
 MIN: Iter =   28  NFunc =   400  E =    -504.47761  RMSG = 5.9993660e-01
 MIN: Iter =   29  NFunc =   407  E =    -504.59624  RMSG = 5.2976215e-01
 MIN: Iter =   30  NFunc =   413  E =    -504.70358  RMSG = 6.4049877e-01
 MIN: Iter =   31  NFunc =   422  E =    -504.86020  RMSG = 7.3159049e-01
 MIN: Iter =   32  NFunc =   431  E =    -505.04418  RMSG = 7.1734798e-01
 MIN: Iter =   33  NFunc =   439  E =    -505.24089  RMSG = 8.6505265e-01
 MIN: Iter =   34  NFunc =   446  E =    -505.48680  RMSG = 8.0112157e-01
 MIN: Iter =   35  NFunc =   453  E =    -505.72280  RMSG = 8.6267491e-01
 MIN: Iter =   36  NFunc =   460  E =    -505.97821  RMSG = 6.7931938e-01
 MIN: Iter =   37  NFunc =   476  E =    -506.37751  RMSG = 1.0575516e+00
 MIN: Iter =   38  NFunc =   489  E =    -506.90950  RMSG = 9.6985995e-01
 MIN: Iter =   39  NFunc =   504  E =    -507.44723  RMSG = 1.2834430e+00
 MIN: Iter =   40  NFunc =   511  E =    -507.95652  RMSG = 7.4338447e-01
 MIN: Iter =   41  NFunc =   519  E =    -508.18187  RMSG = 4.0382686e-01
 MIN: Iter =   42  NFunc =   532  E =    -508.35222  RMSG = 3.8525592e-01
 MIN: Iter =   43  NFunc =   583  E =    -508.56991  RMSG = 5.7862558e-01
 MIN: Iter =   44  NFunc =   610  E =    -508.74205  RMSG = 7.0049605e-01
 MIN: Iter =   45  NFunc =   624  E =    -508.93949  RMSG = 8.3880985e-01
 MIN: Iter =   46  NFunc =   631  E =    -509.15272  RMSG = 8.5087142e-01
 MIN: Iter =   47  NFunc =   637  E =    -509.37411  RMSG = 9.4672169e-01
 MIN: Iter =   48  NFunc =   643  E =    -509.63446  RMSG = 9.9824140e-01
 MIN: Iter =   49  NFunc =   649  E =    -509.91255  RMSG = 9.9913620e-01
 MIN: Iter =   50  NFunc =   655  E =    -510.18370  RMSG = 7.9843816e-01
 MIN: Iter =   51  NFunc =   661  E =    -510.33995  RMSG = 4.0375149e-01
 MIN: Iter =   52  NFunc =   677  E =    -510.43903  RMSG = 2.7691344e-01
 MIN: Iter =   53  NFunc =   684  E =    -510.45430  RMSG = 9.9409086e-02
 MIN: Iter =   54  NFunc =   735  E =    -510.52173  RMSG = 5.1098548e-01
 MIN: Iter =   55  NFunc =   749  E =    -510.62009  RMSG = 4.5422014e-01
 MIN: Iter =   56  NFunc =   758  E =    -510.71598  RMSG = 5.8527052e-01
 MIN: Iter =   57  NFunc =   765  E =    -510.82207  RMSG = 4.2928630e-01
 MIN: Iter =   58  NFunc =   778  E =    -510.93145  RMSG = 5.1418175e-01
 MIN: Iter =   59  NFunc =   788  E =    -511.01242  RMSG = 2.7565769e-01
 MIN: Iter =   60  NFunc =   808  E =    -511.10245  RMSG = 4.8366639e-01
 MIN: Iter =   61  NFunc =   814  E =    -511.13033  RMSG = 1.7247036e-01
 MIN: Iter =   62  NFunc =   854  E =    -511.17615  RMSG = 4.9238331e-01
 MIN: Iter =   63  NFunc =   860  E =    -511.19165  RMSG = 1.0074193e-01
 MIN: Iter =   64  NFunc =   912  E =    -511.22394  RMSG = 1.5244255e-01
 MIN: Iter =   65  NFunc =   941  E =    -511.24897  RMSG = 2.9042472e-01
 MIN: Iter =   66  NFunc =   956  E =    -511.26699  RMSG = 1.0451497e-01
 MIN: Iter =   67  NFunc =   968  E =    -511.27412  RMSG = 7.2715114e-02
 MIN: Iter =   68  NFunc =  1019  E =    -511.28478  RMSG = 1.1725887e-01
 MIN: Iter =   69  NFunc =  1027  E =    -511.28670  RMSG = 3.8469599e-02
 MIN: Iter =   70  NFunc =  1038  E =    -511.28776  RMSG = 2.4055078e-02
 MIN: Iter =   71  NFunc =  1061  E =    -511.28847  RMSG = 1.2703828e-02
 MIN: Iter =   72  NFunc =  1077  E =    -511.28860  RMSG = 6.9293398e-03
 MIN: Iter =   73  NFunc =  1089  E =    -511.28865  RMSG = 4.1780453e-03
 MIN: Iter =   74  NFunc =  1114  E =    -511.28871  RMSG = 3.1003936e-03
 MIN: Iter =   75  NFunc =  1135  E =    -511.28873  RMSG = 2.4512240e-03
 MIN: Iter =   76  NFunc =  1156  E =    -511.28874  RMSG = 1.9273772e-03
 MIN: Iter =   77  NFunc =  1207  E =    -511.28877  RMSG = 1.8802501e-03
 MIN: Iter =   78  NFunc =  1225  E =    -511.28877  RMSG = 1.1856290e-03
 MIN: Iter =   79  NFunc =  1266  E =    -511.28879  RMSG = 1.1900027e-03
 MIN: Iter =   80  NFunc =  1284  E =    -511.28879  RMSG = 8.4733501e-04
 MIN: Iter =   81  NFunc =  1298  E =    -511.28879  RMSG = 4.3598515e-04
----------------------------------------------------------------
 END:          :-)  E =    -511.28879  RMSG =   0.0004360

     bond:      5.275028043
    angle:     30.141338962
 dihedral:     63.546934346
    enb14:      7.789877704
    eel14:   -551.001165035
      enb:     -7.858737166
      eel:    410.693315194
      egb:   -469.875382248
    econs:      0.000000000
    esurf:      0.000000000
    Total:   -511.288790199
     frms:      0.000435985
====== rms.dat  ======================================================
#Frame      all_heavy
       1       1.6557
