====== tleap.out =====================================================
-I: Adding /home/case/amber24/dat/leap/prep to search path.
-I: Adding /home/case/amber24/dat/leap/lib to search path.
-I: Adding /home/case/amber24/dat/leap/parm to search path.
-I: Adding /home/case/amber24/dat/leap/cmd to search path.
-f: Source leap.in.

Welcome to LEaP!
(no leaprc in search path)
Sourcing: ./leap.in
Using Bondi radii
----- Source: /home/case/amber24/dat/leap/cmd/leaprc.gaff2
----- Source of /home/case/amber24/dat/leap/cmd/leaprc.gaff2 done
Log file: ./leap.log
Loading parameters: /home/case/amber24/dat/leap/parm/gaff2.dat
Reading title:
AMBER General Force Field for organic molecules (Version 2.2.20, March 2021)
Loading parameters: ./O0Z.frcmod
Reading force field modification type file (frcmod)
Reading title:
Remark line goes here
Loading Mol2 file: ./O0Z.mol2
Reading MOLECULE named O0Z
Checking Unit.
Building topology.
"order_residues" off: keep input residue order.
Building atom parameters.
Building bond parameters.
Building angle parameters.
Building proper torsion parameters.
Building improper torsion parameters.
 total 17 improper torsions applied
Building H-Bond parameters.
Incorporating Non-Bonded adjustments.
Not Marking per-residue atom chain types.
Marking per-residue atom chain types.
  (Residues lacking connect0/connect1 - 
   these don't have chain types marked:

	res	total affected

	O0Z	1
  )
 (no restraints)
	Quit

Exiting LEaP: Errors = 0; Warnings = 0; Notes = 0.
====== min.o =========================================================
Reading parm file (O0Z.parm7)
title:
O0Z                                                                             
no velocities were found
no velocities were found
	mm_options:  ntpr=5
	mm_options:  gb=1
	mm_options:  kappa=0.10395
	mm_options:  rgbmax=99.
	mm_options:  cut=99.0
	mm_options:  wcons=0.
     bond:      2.010114247
    angle:     21.141064223
 dihedral:     11.815708102
    enb14:     15.137597473
    eel14:     88.755646167
      enb:    -17.330396248
      eel:    -82.453045331
      egb:    -19.035495652
    econs:      0.000000000
    esurf:      0.000000000
    Total:     20.041192982
     frms:      8.743117480
Starting TNCG minimisation
 MIN: Iter =    0  NFunc =     1  E =      20.04119  RMSG = 8.7431175e+00
 MIN: Iter =    1  NFunc =     7  E =      10.35494  RMSG = 1.9002359e+00
 MIN: Iter =    2  NFunc =    18  E =       8.37798  RMSG = 7.2485922e-01
 MIN: Iter =    3  NFunc =    28  E =       8.06516  RMSG = 3.0080994e-01
 MIN: Iter =    4  NFunc =    66  E =       7.76038  RMSG = 1.9721357e-01
 MIN: Iter =    5  NFunc =    98  E =       7.64799  RMSG = 1.7234012e-01
 MIN: Iter =    6  NFunc =   145  E =       7.57332  RMSG = 1.6664641e-01
 MIN: Iter =    7  NFunc =   151  E =       7.56653  RMSG = 5.4337619e-02
 MIN: Iter =    8  NFunc =   171  E =       7.56077  RMSG = 3.1365106e-02
 MIN: Iter =    9  NFunc =   198  E =       7.55601  RMSG = 2.1848858e-02
 MIN: Iter =   10  NFunc =   209  E =       7.55531  RMSG = 1.5902504e-02
 MIN: Iter =   11  NFunc =   243  E =       7.55408  RMSG = 9.1437036e-03
 MIN: Iter =   12  NFunc =   262  E =       7.55383  RMSG = 6.9220271e-03
 MIN: Iter =   13  NFunc =   313  E =       7.55335  RMSG = 7.4482226e-03
 MIN: Iter =   14  NFunc =   364  E =       7.55312  RMSG = 4.3781312e-03
 MIN: Iter =   15  NFunc =   380  E =       7.55308  RMSG = 2.4532700e-03
 MIN: Iter =   16  NFunc =   422  E =       7.55305  RMSG = 1.1827777e-03
 MIN: Iter =   17  NFunc =   450  E =       7.55305  RMSG = 7.6434108e-04
 MIN: Iter =   18  NFunc =   473  E =       7.55304  RMSG = 4.8108528e-04
----------------------------------------------------------------
 END:          :-)  E =       7.55304  RMSG =   0.0004811

     bond:      3.229876825
    angle:     15.419954377
 dihedral:     11.853222372
    enb14:     11.101208912
    eel14:     84.001067590
      enb:    -17.503534453
      eel:    -80.430889499
      egb:    -20.117861432
    econs:      0.000000000
    esurf:      0.000000000
    Total:      7.553044692
     frms:      0.000481085
====== rms.dat  ======================================================
#Frame      all_heavy
       1       0.1823
