====== tleap.out =====================================================
-I: Adding /home/case/amber24/dat/leap/prep to search path.
-I: Adding /home/case/amber24/dat/leap/lib to search path.
-I: Adding /home/case/amber24/dat/leap/parm to search path.
-I: Adding /home/case/amber24/dat/leap/cmd to search path.
-f: Source leap.in.

Welcome to LEaP!
(no leaprc in search path)
Sourcing: ./leap.in
Using Bondi radii
----- Source: /home/case/amber24/dat/leap/cmd/leaprc.gaff2
----- Source of /home/case/amber24/dat/leap/cmd/leaprc.gaff2 done
Log file: ./leap.log
Loading parameters: /home/case/amber24/dat/leap/parm/gaff2.dat
Reading title:
AMBER General Force Field for organic molecules (Version 2.2.20, March 2021)
Loading parameters: ./O1I.frcmod
Reading force field modification type file (frcmod)
Reading title:
Remark line goes here
Loading Mol2 file: ./O1I.mol2
Reading MOLECULE named O1I
Checking Unit.
Building topology.
"order_residues" off: keep input residue order.
Building atom parameters.
Building bond parameters.
Building angle parameters.
Building proper torsion parameters.
Building improper torsion parameters.
 total 13 improper torsions applied
Building H-Bond parameters.
Incorporating Non-Bonded adjustments.
Not Marking per-residue atom chain types.
Marking per-residue atom chain types.
  (Residues lacking connect0/connect1 - 
   these don't have chain types marked:

	res	total affected

	O1I	1
  )
 (no restraints)
	Quit

Exiting LEaP: Errors = 0; Warnings = 0; Notes = 0.
====== min.o =========================================================
Reading parm file (O1I.parm7)
title:
O1I                                                                             
no velocities were found
no velocities were found
	mm_options:  ntpr=5
	mm_options:  gb=1
	mm_options:  kappa=0.10395
	mm_options:  rgbmax=99.
	mm_options:  cut=99.0
	mm_options:  wcons=0.
     bond:      0.704976231
    angle:      1.423656479
 dihedral:     13.077228102
    enb14:     10.577471955
    eel14:    -62.309269215
      enb:     -3.075017621
      eel:     38.111482155
      egb:    -21.965249238
    econs:      0.000000000
    esurf:      0.000000000
    Total:    -23.454721152
     frms:      6.664080776
Starting TNCG minimisation
 MIN: Iter =    0  NFunc =     1  E =     -23.45472  RMSG = 6.6640808e+00
 MIN: Iter =    1  NFunc =     7  E =     -27.06949  RMSG = 1.8948135e+00
 MIN: Iter =    2  NFunc =    13  E =     -27.88748  RMSG = 9.1601294e-01
 MIN: Iter =    3  NFunc =    27  E =     -28.34883  RMSG = 1.0684367e+00
 MIN: Iter =    4  NFunc =    78  E =     -28.74042  RMSG = 8.7483743e-01
 MIN: Iter =    5  NFunc =   103  E =     -29.04990  RMSG = 7.6237223e-01
 MIN: Iter =    6  NFunc =   115  E =     -29.23638  RMSG = 3.3284793e-01
 MIN: Iter =    7  NFunc =   123  E =     -29.30245  RMSG = 2.8622417e-01
 MIN: Iter =    8  NFunc =   142  E =     -29.38187  RMSG = 3.3680744e-01
 MIN: Iter =    9  NFunc =   170  E =     -29.43628  RMSG = 2.4016723e-01
 MIN: Iter =   10  NFunc =   191  E =     -29.46624  RMSG = 1.5239068e-01
 MIN: Iter =   11  NFunc =   208  E =     -29.47751  RMSG = 6.3416616e-02
 MIN: Iter =   12  NFunc =   251  E =     -29.48492  RMSG = 4.4886307e-02
 MIN: Iter =   13  NFunc =   278  E =     -29.48656  RMSG = 1.7947331e-02
 MIN: Iter =   14  NFunc =   287  E =     -29.48670  RMSG = 1.2093323e-02
 MIN: Iter =   15  NFunc =   316  E =     -29.48690  RMSG = 6.6584353e-03
 MIN: Iter =   16  NFunc =   354  E =     -29.48711  RMSG = 5.6293987e-03
 MIN: Iter =   17  NFunc =   365  E =     -29.48713  RMSG = 3.0940048e-03
 MIN: Iter =   18  NFunc =   396  E =     -29.48716  RMSG = 2.3173085e-03
 MIN: Iter =   19  NFunc =   425  E =     -29.48717  RMSG = 1.6398175e-03
 MIN: Iter =   20  NFunc =   431  E =     -29.48717  RMSG = 8.5193320e-04
 MIN: Iter =   21  NFunc =   440  E =     -29.48717  RMSG = 4.8792028e-04
----------------------------------------------------------------
 END:          :-)  E =     -29.48717  RMSG =   0.0004879

     bond:      0.932653174
    angle:      1.358139113
 dihedral:     10.699199549
    enb14:      7.913277686
    eel14:    -61.315390905
      enb:     -3.446158988
      eel:     37.453873353
      egb:    -23.082762259
    econs:      0.000000000
    esurf:      0.000000000
    Total:    -29.487169278
     frms:      0.000487920
====== rms.dat  ======================================================
#Frame      all_heavy
       1       0.3807
