====== tleap.out =====================================================
-I: Adding /home/case/amber24/dat/leap/prep to search path.
-I: Adding /home/case/amber24/dat/leap/lib to search path.
-I: Adding /home/case/amber24/dat/leap/parm to search path.
-I: Adding /home/case/amber24/dat/leap/cmd to search path.
-f: Source leap.in.

Welcome to LEaP!
(no leaprc in search path)
Sourcing: ./leap.in
Using Bondi radii
----- Source: /home/case/amber24/dat/leap/cmd/leaprc.gaff2
----- Source of /home/case/amber24/dat/leap/cmd/leaprc.gaff2 done
Log file: ./leap.log
Loading parameters: /home/case/amber24/dat/leap/parm/gaff2.dat
Reading title:
AMBER General Force Field for organic molecules (Version 2.2.20, March 2021)
Loading parameters: ./O21.frcmod
Reading force field modification type file (frcmod)
Reading title:
Remark line goes here
Loading Mol2 file: ./O21.mol2
Reading MOLECULE named O21
Checking Unit.
Building topology.
"order_residues" off: keep input residue order.
Building atom parameters.
Building bond parameters.
Building angle parameters.
Building proper torsion parameters.
Building improper torsion parameters.
 total 24 improper torsions applied
Building H-Bond parameters.
Incorporating Non-Bonded adjustments.
Not Marking per-residue atom chain types.
Marking per-residue atom chain types.
  (Residues lacking connect0/connect1 - 
   these don't have chain types marked:

	res	total affected

	O21	1
  )
 (no restraints)
	Quit

Exiting LEaP: Errors = 0; Warnings = 0; Notes = 0.
====== min.o =========================================================
Reading parm file (O21.parm7)
title:
O21                                                                             
no velocities were found
no velocities were found
	mm_options:  ntpr=5
	mm_options:  gb=1
	mm_options:  kappa=0.10395
	mm_options:  rgbmax=99.
	mm_options:  cut=99.0
	mm_options:  wcons=0.
     bond:      3.123850316
    angle:      8.361867300
 dihedral:     47.710564422
    enb14:     29.978812691
    eel14:   -167.352871922
      enb:      1.154074728
      eel:     55.019300303
      egb:    -31.222681116
    econs:      0.000000000
    esurf:      0.000000000
    Total:    -53.227083277
     frms:      9.336583041
Starting TNCG minimisation
 MIN: Iter =    0  NFunc =     1  E =     -53.22708  RMSG = 9.3365830e+00
 MIN: Iter =    1  NFunc =     8  E =     -72.50109  RMSG = 2.5388658e+00
 MIN: Iter =    2  NFunc =    24  E =     -77.26399  RMSG = 1.8782884e+00
 MIN: Iter =    3  NFunc =    32  E =     -79.86683  RMSG = 1.3219816e+00
 MIN: Iter =    4  NFunc =    38  E =     -80.98298  RMSG = 6.3265668e-01
 MIN: Iter =    5  NFunc =    69  E =     -82.06125  RMSG = 6.9752047e-01
 MIN: Iter =    6  NFunc =   120  E =     -83.00589  RMSG = 7.7865891e-01
 MIN: Iter =    7  NFunc =   126  E =     -83.95309  RMSG = 8.2648832e-01
 MIN: Iter =    8  NFunc =   132  E =     -84.89141  RMSG = 8.3129910e-01
 MIN: Iter =    9  NFunc =   138  E =     -85.77542  RMSG = 7.9180150e-01
 MIN: Iter =   10  NFunc =   144  E =     -86.52798  RMSG = 7.1585182e-01
 MIN: Iter =   11  NFunc =   150  E =     -87.04265  RMSG = 6.7807890e-01
 MIN: Iter =   12  NFunc =   201  E =     -87.75994  RMSG = 5.8978605e-01
 MIN: Iter =   13  NFunc =   226  E =     -88.37838  RMSG = 5.5324024e-01
 MIN: Iter =   14  NFunc =   247  E =     -88.96803  RMSG = 5.0668549e-01
 MIN: Iter =   15  NFunc =   257  E =     -89.47507  RMSG = 4.3999823e-01
 MIN: Iter =   16  NFunc =   266  E =     -89.96612  RMSG = 4.2831798e-01
 MIN: Iter =   17  NFunc =   274  E =     -90.40543  RMSG = 4.2412709e-01
 MIN: Iter =   18  NFunc =   280  E =     -90.81461  RMSG = 4.3157158e-01
 MIN: Iter =   19  NFunc =   286  E =     -91.19359  RMSG = 4.3814043e-01
 MIN: Iter =   20  NFunc =   292  E =     -91.55745  RMSG = 4.1554062e-01
 MIN: Iter =   21  NFunc =   298  E =     -91.89549  RMSG = 3.8340030e-01
 MIN: Iter =   22  NFunc =   304  E =     -92.19830  RMSG = 3.5660101e-01
 MIN: Iter =   23  NFunc =   311  E =     -92.48104  RMSG = 3.4365620e-01
 MIN: Iter =   24  NFunc =   318  E =     -92.75119  RMSG = 3.3027945e-01
 MIN: Iter =   25  NFunc =   324  E =     -92.95929  RMSG = 2.8215937e-01
 MIN: Iter =   26  NFunc =   330  E =     -93.14013  RMSG = 2.5565393e-01
 MIN: Iter =   27  NFunc =   344  E =     -93.44870  RMSG = 2.4967666e-01
 MIN: Iter =   28  NFunc =   363  E =     -93.84483  RMSG = 3.4215473e-01
 MIN: Iter =   29  NFunc =   374  E =     -94.14565  RMSG = 3.5992152e-01
 MIN: Iter =   30  NFunc =   384  E =     -94.42202  RMSG = 3.5453977e-01
 MIN: Iter =   31  NFunc =   393  E =     -94.64903  RMSG = 3.6117467e-01
 MIN: Iter =   32  NFunc =   399  E =     -94.83730  RMSG = 3.1010087e-01
 MIN: Iter =   33  NFunc =   405  E =     -94.97965  RMSG = 2.8908671e-01
 MIN: Iter =   34  NFunc =   412  E =     -95.11525  RMSG = 2.7614233e-01
 MIN: Iter =   35  NFunc =   418  E =     -95.23178  RMSG = 2.6900812e-01
 MIN: Iter =   36  NFunc =   424  E =     -95.33792  RMSG = 2.8847813e-01
 MIN: Iter =   37  NFunc =   430  E =     -95.44884  RMSG = 2.5961392e-01
 MIN: Iter =   38  NFunc =   437  E =     -95.55855  RMSG = 2.3319090e-01
 MIN: Iter =   39  NFunc =   446  E =     -95.68023  RMSG = 2.3734399e-01
 MIN: Iter =   40  NFunc =   454  E =     -95.78558  RMSG = 2.4622457e-01
 MIN: Iter =   41  NFunc =   462  E =     -95.88359  RMSG = 2.3494337e-01
 MIN: Iter =   42  NFunc =   468  E =     -95.97746  RMSG = 2.1489478e-01
 MIN: Iter =   43  NFunc =   475  E =     -96.07186  RMSG = 2.2783240e-01
 MIN: Iter =   44  NFunc =   482  E =     -96.19244  RMSG = 2.4310903e-01
 MIN: Iter =   45  NFunc =   489  E =     -96.30305  RMSG = 2.8349236e-01
 MIN: Iter =   46  NFunc =   496  E =     -96.42117  RMSG = 2.9805946e-01
 MIN: Iter =   47  NFunc =   502  E =     -96.56563  RMSG = 3.2196921e-01
 MIN: Iter =   48  NFunc =   508  E =     -96.71696  RMSG = 3.4962969e-01
 MIN: Iter =   49  NFunc =   514  E =     -96.90597  RMSG = 3.9772921e-01
 MIN: Iter =   50  NFunc =   520  E =     -97.13498  RMSG = 4.2225002e-01
 MIN: Iter =   51  NFunc =   550  E =     -97.78198  RMSG = 5.2260146e-01
 MIN: Iter =   52  NFunc =   556  E =     -98.11826  RMSG = 5.2607736e-01
 MIN: Iter =   53  NFunc =   562  E =     -98.55153  RMSG = 5.8018999e-01
 MIN: Iter =   54  NFunc =   568  E =     -99.09391  RMSG = 5.9114232e-01
 MIN: Iter =   55  NFunc =   574  E =     -99.62912  RMSG = 5.7757986e-01
 MIN: Iter =   56  NFunc =   580  E =    -100.19011  RMSG = 6.0765695e-01
 MIN: Iter =   57  NFunc =   586  E =    -100.82019  RMSG = 5.6601393e-01
 MIN: Iter =   58  NFunc =   592  E =    -101.42953  RMSG = 5.3971800e-01
 MIN: Iter =   59  NFunc =   598  E =    -101.94001  RMSG = 4.1022921e-01
 MIN: Iter =   60  NFunc =   607  E =    -102.51254  RMSG = 4.1180785e-01
 MIN: Iter =   61  NFunc =   617  E =    -102.95035  RMSG = 3.6728693e-01
 MIN: Iter =   62  NFunc =   646  E =    -103.43436  RMSG = 3.8575857e-01
 MIN: Iter =   63  NFunc =   662  E =    -103.84269  RMSG = 4.1671049e-01
 MIN: Iter =   64  NFunc =   671  E =    -104.09833  RMSG = 4.1358105e-01
 MIN: Iter =   65  NFunc =   680  E =    -104.30038  RMSG = 4.1460000e-01
 MIN: Iter =   66  NFunc =   687  E =    -104.44781  RMSG = 3.3478012e-01
 MIN: Iter =   67  NFunc =   717  E =    -104.81536  RMSG = 4.0164775e-01
 MIN: Iter =   68  NFunc =   733  E =    -105.05989  RMSG = 2.7984624e-01
 MIN: Iter =   69  NFunc =   773  E =    -105.29420  RMSG = 4.1775690e-01
 MIN: Iter =   70  NFunc =   788  E =    -105.47730  RMSG = 3.8201161e-01
 MIN: Iter =   71  NFunc =   796  E =    -105.62211  RMSG = 3.1285804e-01
 MIN: Iter =   72  NFunc =   802  E =    -105.68185  RMSG = 2.0816266e-01
 MIN: Iter =   73  NFunc =   810  E =    -105.74287  RMSG = 1.7794638e-01
 MIN: Iter =   74  NFunc =   861  E =    -105.88831  RMSG = 1.7933001e-01
 MIN: Iter =   75  NFunc =   887  E =    -106.00534  RMSG = 1.9123362e-01
 MIN: Iter =   76  NFunc =   900  E =    -106.07631  RMSG = 1.5337841e-01
 MIN: Iter =   77  NFunc =   915  E =    -106.10783  RMSG = 9.3926413e-02
 MIN: Iter =   78  NFunc =   966  E =    -106.16074  RMSG = 1.6228796e-01
 MIN: Iter =   79  NFunc =   972  E =    -106.16853  RMSG = 6.7274304e-02
 MIN: Iter =   80  NFunc =  1023  E =    -106.20423  RMSG = 1.6098509e-01
 MIN: Iter =   81  NFunc =  1030  E =    -106.21214  RMSG = 5.4180156e-02
 MIN: Iter =   82  NFunc =  1081  E =    -106.23666  RMSG = 9.6536231e-02
 MIN: Iter =   83  NFunc =  1091  E =    -106.24130  RMSG = 3.4204569e-02
 MIN: Iter =   84  NFunc =  1142  E =    -106.25486  RMSG = 4.6048313e-02
 MIN: Iter =   85  NFunc =  1153  E =    -106.25612  RMSG = 2.0299053e-02
 MIN: Iter =   86  NFunc =  1198  E =    -106.26144  RMSG = 4.2772052e-02
 MIN: Iter =   87  NFunc =  1205  E =    -106.26212  RMSG = 1.9266680e-02
 MIN: Iter =   88  NFunc =  1247  E =    -106.26458  RMSG = 1.6990402e-02
 MIN: Iter =   89  NFunc =  1289  E =    -106.26580  RMSG = 1.1356890e-02
 MIN: Iter =   90  NFunc =  1329  E =    -106.26652  RMSG = 8.0578617e-03
 MIN: Iter =   91  NFunc =  1350  E =    -106.26669  RMSG = 4.2456912e-03
 MIN: Iter =   92  NFunc =  1401  E =    -106.26701  RMSG = 6.4827286e-03
 MIN: Iter =   93  NFunc =  1444  E =    -106.26710  RMSG = 2.3276218e-03
 MIN: Iter =   94  NFunc =  1495  E =    -106.26715  RMSG = 2.6318812e-03
 MIN: Iter =   95  NFunc =  1507  E =    -106.26716  RMSG = 2.0073799e-03
 MIN: Iter =   96  NFunc =  1558  E =    -106.26720  RMSG = 1.8746461e-03
 MIN: Iter =   97  NFunc =  1573  E =    -106.26721  RMSG = 1.0487088e-03
 MIN: Iter =   98  NFunc =  1624  E =    -106.26721  RMSG = 9.7418666e-04
 MIN: Iter =   99  NFunc =  1669  E =    -106.26722  RMSG = 5.1385127e-04
 MIN: Iter =  100  NFunc =  1720  E =    -106.26722  RMSG = 7.8299625e-04
----------------------------------------------------------------
 END:          :-)  E =    -106.26722  RMSG =   0.0007830

     bond:      3.521937263
    angle:      6.451600129
 dihedral:     18.613754717
    enb14:     20.516611970
    eel14:   -168.355030155
      enb:     -9.990161625
      eel:     59.089956247
      egb:    -36.115889813
    econs:      0.000000000
    esurf:      0.000000000
    Total:   -106.267221267
     frms:      0.000782996
====== rms.dat  ======================================================
#Frame      all_heavy
       1       3.5992
