====== tleap.out =====================================================
-I: Adding /home/case/amber24/dat/leap/prep to search path.
-I: Adding /home/case/amber24/dat/leap/lib to search path.
-I: Adding /home/case/amber24/dat/leap/parm to search path.
-I: Adding /home/case/amber24/dat/leap/cmd to search path.
-f: Source leap.in.

Welcome to LEaP!
(no leaprc in search path)
Sourcing: ./leap.in
Using Bondi radii
----- Source: /home/case/amber24/dat/leap/cmd/leaprc.gaff2
----- Source of /home/case/amber24/dat/leap/cmd/leaprc.gaff2 done
Log file: ./leap.log
Loading parameters: /home/case/amber24/dat/leap/parm/gaff2.dat
Reading title:
AMBER General Force Field for organic molecules (Version 2.2.20, March 2021)
Loading parameters: ./O25.frcmod
Reading force field modification type file (frcmod)
Reading title:
Remark line goes here
Loading Mol2 file: ./O25.mol2
Reading MOLECULE named O25
Checking Unit.
Building topology.
"order_residues" off: keep input residue order.
Building atom parameters.
Building bond parameters.
Building angle parameters.
Building proper torsion parameters.
Building improper torsion parameters.
 total 12 improper torsions applied
Building H-Bond parameters.
Incorporating Non-Bonded adjustments.
Not Marking per-residue atom chain types.
Marking per-residue atom chain types.
  (Residues lacking connect0/connect1 - 
   these don't have chain types marked:

	res	total affected

	O25	1
  )
 (no restraints)
	Quit

Exiting LEaP: Errors = 0; Warnings = 0; Notes = 0.
====== min.o =========================================================
Reading parm file (O25.parm7)
title:
O25                                                                             
no velocities were found
no velocities were found
	mm_options:  ntpr=5
	mm_options:  gb=1
	mm_options:  kappa=0.10395
	mm_options:  rgbmax=99.
	mm_options:  cut=99.0
	mm_options:  wcons=0.
     bond:      2.397944992
    angle:     16.446764791
 dihedral:      7.615090749
    enb14:      6.332069189
    eel14:   -154.317321078
      enb:      1.069934413
      eel:     54.054174514
      egb:    -28.623089781
    econs:      0.000000000
    esurf:      0.000000000
    Total:    -95.024432212
     frms:      8.632665826
Starting TNCG minimisation
 MIN: Iter =    0  NFunc =     1  E =     -95.02443  RMSG = 8.6326658e+00
 MIN: Iter =    1  NFunc =     7  E =    -102.26133  RMSG = 1.9897043e+00
 MIN: Iter =    2  NFunc =    19  E =    -105.19446  RMSG = 8.5320551e-01
 MIN: Iter =    3  NFunc =    45  E =    -106.02804  RMSG = 1.0967506e+00
 MIN: Iter =    4  NFunc =    54  E =    -106.45510  RMSG = 6.7349851e-01
 MIN: Iter =    5  NFunc =    61  E =    -106.64034  RMSG = 3.4479375e-01
 MIN: Iter =    6  NFunc =    93  E =    -106.92930  RMSG = 8.2752936e-01
 MIN: Iter =    7  NFunc =    99  E =    -107.01518  RMSG = 2.5283685e-01
 MIN: Iter =    8  NFunc =   141  E =    -107.18641  RMSG = 3.4376054e-01
 MIN: Iter =    9  NFunc =   151  E =    -107.29274  RMSG = 3.2487043e-01
 MIN: Iter =   10  NFunc =   181  E =    -107.40942  RMSG = 4.2827646e-01
 MIN: Iter =   11  NFunc =   191  E =    -107.48593  RMSG = 2.3095243e-01
 MIN: Iter =   12  NFunc =   200  E =    -107.52972  RMSG = 3.4232424e-01
 MIN: Iter =   13  NFunc =   209  E =    -107.54907  RMSG = 9.2153449e-02
 MIN: Iter =   14  NFunc =   240  E =    -107.58541  RMSG = 3.4024235e-01
 MIN: Iter =   15  NFunc =   246  E =    -107.60164  RMSG = 8.2710396e-02
 MIN: Iter =   16  NFunc =   277  E =    -107.62377  RMSG = 1.0693511e-01
 MIN: Iter =   17  NFunc =   294  E =    -107.63445  RMSG = 8.2699251e-02
 MIN: Iter =   18  NFunc =   322  E =    -107.64040  RMSG = 3.9089325e-02
 MIN: Iter =   19  NFunc =   343  E =    -107.64361  RMSG = 3.1180937e-02
 MIN: Iter =   20  NFunc =   394  E =    -107.64910  RMSG = 7.6067015e-02
 MIN: Iter =   21  NFunc =   425  E =    -107.65767  RMSG = 8.8373325e-02
 MIN: Iter =   22  NFunc =   431  E =    -107.65906  RMSG = 3.7292061e-02
 MIN: Iter =   23  NFunc =   463  E =    -107.66264  RMSG = 4.2472154e-02
 MIN: Iter =   24  NFunc =   495  E =    -107.66405  RMSG = 1.5835984e-02
 MIN: Iter =   25  NFunc =   546  E =    -107.66575  RMSG = 5.3608120e-02
 MIN: Iter =   26  NFunc =   553  E =    -107.66628  RMSG = 1.9528347e-02
 MIN: Iter =   27  NFunc =   574  E =    -107.66676  RMSG = 1.0344996e-02
 MIN: Iter =   28  NFunc =   584  E =    -107.66682  RMSG = 5.3397114e-03
 MIN: Iter =   29  NFunc =   635  E =    -107.66710  RMSG = 7.5040989e-03
 MIN: Iter =   30  NFunc =   687  E =    -107.66823  RMSG = 1.6811449e-02
 MIN: Iter =   31  NFunc =   700  E =    -107.66887  RMSG = 2.4740466e-02
 MIN: Iter =   32  NFunc =   719  E =    -107.66964  RMSG = 1.5144946e-02
 MIN: Iter =   33  NFunc =   731  E =    -107.66983  RMSG = 9.2912161e-03
 MIN: Iter =   34  NFunc =   782  E =    -107.67023  RMSG = 2.4278402e-02
 MIN: Iter =   35  NFunc =   804  E =    -107.67066  RMSG = 9.4981982e-03
 MIN: Iter =   36  NFunc =   832  E =    -107.67081  RMSG = 5.3850655e-03
 MIN: Iter =   37  NFunc =   846  E =    -107.67084  RMSG = 2.4845095e-03
 MIN: Iter =   38  NFunc =   876  E =    -107.67086  RMSG = 2.1449802e-03
 MIN: Iter =   39  NFunc =   893  E =    -107.67087  RMSG = 1.5793894e-03
 MIN: Iter =   40  NFunc =   944  E =    -107.67091  RMSG = 2.8192214e-03
 MIN: Iter =   41  NFunc =   956  E =    -107.67091  RMSG = 1.1957035e-03
 MIN: Iter =   42  NFunc =  1007  E =    -107.67094  RMSG = 1.9815114e-03
 MIN: Iter =   43  NFunc =  1025  E =    -107.67095  RMSG = 1.1651996e-03
 MIN: Iter =   44  NFunc =  1065  E =    -107.67096  RMSG = 8.3438805e-04
 MIN: Iter =   45  NFunc =  1086  E =    -107.67096  RMSG = 5.1486466e-04
 MIN: Iter =   46  NFunc =  1122  E =    -107.67096  RMSG = 4.9010370e-04
----------------------------------------------------------------
 END:          :-)  E =    -107.67096  RMSG =   0.0004901

     bond:      1.841490138
    angle:     11.627871176
 dihedral:      5.755103658
    enb14:      4.069448460
    eel14:   -153.053159769
      enb:     -0.903885718
      eel:     52.071701008
      egb:    -29.079526724
    econs:      0.000000000
    esurf:      0.000000000
    Total:   -107.670957771
     frms:      0.000490104
====== rms.dat  ======================================================
#Frame      all_heavy
       1       0.4356
