====== tleap.out =====================================================
-I: Adding /home/case/amber24/dat/leap/prep to search path.
-I: Adding /home/case/amber24/dat/leap/lib to search path.
-I: Adding /home/case/amber24/dat/leap/parm to search path.
-I: Adding /home/case/amber24/dat/leap/cmd to search path.
-f: Source leap.in.

Welcome to LEaP!
(no leaprc in search path)
Sourcing: ./leap.in
Using Bondi radii
----- Source: /home/case/amber24/dat/leap/cmd/leaprc.gaff2
----- Source of /home/case/amber24/dat/leap/cmd/leaprc.gaff2 done
Log file: ./leap.log
Loading parameters: /home/case/amber24/dat/leap/parm/gaff2.dat
Reading title:
AMBER General Force Field for organic molecules (Version 2.2.20, March 2021)
Loading parameters: ./O2Y.frcmod
Reading force field modification type file (frcmod)
Reading title:
Remark line goes here
Loading Mol2 file: ./O2Y.mol2
Reading MOLECULE named O2Y
Checking Unit.

/home/case/amber24/bin/teLeap: Warning!
The unperturbed charge of the unit (-1.999000) is not zero.

/home/case/amber24/bin/teLeap: Note.
Ignoring the warning from Unit Checking.

Building topology.
"order_residues" off: keep input residue order.
Building atom parameters.
Building bond parameters.
Building angle parameters.
Building proper torsion parameters.
Building improper torsion parameters.
 total 7 improper torsions applied
Building H-Bond parameters.
Incorporating Non-Bonded adjustments.
Not Marking per-residue atom chain types.
Marking per-residue atom chain types.
  (Residues lacking connect0/connect1 - 
   these don't have chain types marked:

	res	total affected

	O2Y	1
  )
 (no restraints)
	Quit

Exiting LEaP: Errors = 0; Warnings = 1; Notes = 1.
====== min.o =========================================================
Reading parm file (O2Y.parm7)
title:
O2Y                                                                             
no velocities were found
no velocities were found
	mm_options:  ntpr=5
	mm_options:  gb=1
	mm_options:  kappa=0.10395
	mm_options:  rgbmax=99.
	mm_options:  cut=99.0
	mm_options:  wcons=0.
     bond:      2.404088185
    angle:      5.687083443
 dihedral:      4.149890783
    enb14:      7.800402296
    eel14:     82.887696999
      enb:      7.557714830
      eel:     37.831256145
      egb:   -200.475555193
    econs:      0.000000000
    esurf:      0.000000000
    Total:    -52.157422511
     frms:     14.806821326
Starting TNCG minimisation
 MIN: Iter =    0  NFunc =     1  E =     -52.15742  RMSG = 1.4806821e+01
 MIN: Iter =    1  NFunc =     7  E =     -63.17937  RMSG = 3.3866457e+00
 MIN: Iter =    2  NFunc =    16  E =     -64.84718  RMSG = 1.0802373e+00
 MIN: Iter =    3  NFunc =    24  E =     -65.02186  RMSG = 7.7084599e-01
 MIN: Iter =    4  NFunc =    50  E =     -65.35154  RMSG = 3.0524112e+00
 MIN: Iter =    5  NFunc =    61  E =     -65.84059  RMSG = 1.1456729e+00
 MIN: Iter =    6  NFunc =    68  E =     -66.04943  RMSG = 1.5005007e+00
 MIN: Iter =    7  NFunc =    74  E =     -66.30410  RMSG = 1.6959948e+00
 MIN: Iter =    8  NFunc =    80  E =     -66.49860  RMSG = 1.0283726e+00
 MIN: Iter =    9  NFunc =    86  E =     -66.62687  RMSG = 1.6867386e+00
 MIN: Iter =   10  NFunc =    96  E =     -66.81795  RMSG = 1.0713617e+00
 MIN: Iter =   11  NFunc =   103  E =     -66.95453  RMSG = 1.5386225e+00
 MIN: Iter =   12  NFunc =   110  E =     -67.09699  RMSG = 7.2678818e-01
 MIN: Iter =   13  NFunc =   116  E =     -67.17988  RMSG = 1.2737153e+00
 MIN: Iter =   14  NFunc =   125  E =     -67.27155  RMSG = 6.9595712e-01
 MIN: Iter =   15  NFunc =   131  E =     -67.31498  RMSG = 4.2877634e-01
 MIN: Iter =   16  NFunc =   137  E =     -67.33290  RMSG = 2.9818423e-01
 MIN: Iter =   17  NFunc =   143  E =     -67.34044  RMSG = 1.4589813e-01
 MIN: Iter =   18  NFunc =   180  E =     -67.35981  RMSG = 3.7422131e-01
 MIN: Iter =   19  NFunc =   188  E =     -67.36837  RMSG = 1.4973348e-01
 MIN: Iter =   20  NFunc =   211  E =     -67.38143  RMSG = 2.6600222e-01
 MIN: Iter =   21  NFunc =   232  E =     -67.39507  RMSG = 3.2530574e-01
 MIN: Iter =   22  NFunc =   239  E =     -67.40164  RMSG = 1.0946505e-01
 MIN: Iter =   23  NFunc =   248  E =     -67.40647  RMSG = 3.7847269e-01
 MIN: Iter =   24  NFunc =   254  E =     -67.41146  RMSG = 7.7964466e-02
 MIN: Iter =   25  NFunc =   260  E =     -67.41311  RMSG = 1.8610184e-01
 MIN: Iter =   26  NFunc =   266  E =     -67.41451  RMSG = 5.8977380e-02
 MIN: Iter =   27  NFunc =   293  E =     -67.41982  RMSG = 1.3228974e-01
 MIN: Iter =   28  NFunc =   303  E =     -67.42076  RMSG = 3.8330726e-02
 MIN: Iter =   29  NFunc =   310  E =     -67.42119  RMSG = 4.9330056e-02
 MIN: Iter =   30  NFunc =   329  E =     -67.42268  RMSG = 9.4857347e-02
 MIN: Iter =   31  NFunc =   335  E =     -67.42316  RMSG = 3.4482822e-02
 MIN: Iter =   32  NFunc =   346  E =     -67.42340  RMSG = 1.7600048e-02
 MIN: Iter =   33  NFunc =   366  E =     -67.42366  RMSG = 1.8245695e-02
 MIN: Iter =   34  NFunc =   374  E =     -67.42369  RMSG = 7.2133696e-03
 MIN: Iter =   35  NFunc =   382  E =     -67.42370  RMSG = 3.6884860e-03
 MIN: Iter =   36  NFunc =   404  E =     -67.42371  RMSG = 2.4246119e-03
 MIN: Iter =   37  NFunc =   412  E =     -67.42371  RMSG = 1.5724378e-03
 MIN: Iter =   38  NFunc =   422  E =     -67.42372  RMSG = 1.1557270e-03
 MIN: Iter =   39  NFunc =   444  E =     -67.42372  RMSG = 7.3062486e-04
 MIN: Iter =   40  NFunc =   462  E =     -67.42372  RMSG = 3.3684693e-04
----------------------------------------------------------------
 END:          :-)  E =     -67.42372  RMSG =   0.0003368

     bond:      1.932578536
    angle:      5.849036525
 dihedral:      8.089578403
    enb14:      3.587684358
    eel14:     78.587834525
      enb:     -0.475534866
      eel:     35.602767916
      egb:   -200.597661552
    econs:      0.000000000
    esurf:      0.000000000
    Total:    -67.423716156
     frms:      0.000336847
====== rms.dat  ======================================================
#Frame      all_heavy
       1       0.5888
