====== tleap.out =====================================================
-I: Adding /home/case/amber24/dat/leap/prep to search path.
-I: Adding /home/case/amber24/dat/leap/lib to search path.
-I: Adding /home/case/amber24/dat/leap/parm to search path.
-I: Adding /home/case/amber24/dat/leap/cmd to search path.
-f: Source leap.in.

Welcome to LEaP!
(no leaprc in search path)
Sourcing: ./leap.in
Using Bondi radii
----- Source: /home/case/amber24/dat/leap/cmd/leaprc.gaff2
----- Source of /home/case/amber24/dat/leap/cmd/leaprc.gaff2 done
Log file: ./leap.log
Loading parameters: /home/case/amber24/dat/leap/parm/gaff2.dat
Reading title:
AMBER General Force Field for organic molecules (Version 2.2.20, March 2021)
Loading parameters: ./O8Z.frcmod
Reading force field modification type file (frcmod)
Reading title:
Remark line goes here
Loading Mol2 file: ./O8Z.mol2
Reading MOLECULE named O8Z
Checking Unit.
Building topology.
"order_residues" off: keep input residue order.
Building atom parameters.
Building bond parameters.
Building angle parameters.
Building proper torsion parameters.
Building improper torsion parameters.
 total 23 improper torsions applied
Building H-Bond parameters.
Incorporating Non-Bonded adjustments.
Not Marking per-residue atom chain types.
Marking per-residue atom chain types.
  (Residues lacking connect0/connect1 - 
   these don't have chain types marked:

	res	total affected

	O8Z	1
  )
 (no restraints)
	Quit

Exiting LEaP: Errors = 0; Warnings = 0; Notes = 0.
====== min.o =========================================================
Reading parm file (O8Z.parm7)
title:
O8Z                                                                             
no velocities were found
no velocities were found
	mm_options:  ntpr=5
	mm_options:  gb=1
	mm_options:  kappa=0.10395
	mm_options:  rgbmax=99.
	mm_options:  cut=99.0
	mm_options:  wcons=0.
     bond:      3.584036250
    angle:     24.690283742
 dihedral:     25.858141318
    enb14:     19.043289107
    eel14:    -98.661535231
      enb:     -6.291807550
      eel:     -8.624786167
      egb:    -40.439260637
    econs:      0.000000000
    esurf:      0.000000000
    Total:    -80.841639167
     frms:      8.855108154
Starting TNCG minimisation
 MIN: Iter =    0  NFunc =     1  E =     -80.84164  RMSG = 8.8551082e+00
 MIN: Iter =    1  NFunc =     7  E =     -93.79060  RMSG = 2.1029660e+00
 MIN: Iter =    2  NFunc =    21  E =     -97.92081  RMSG = 1.2237865e+00
 MIN: Iter =    3  NFunc =    32  E =     -98.95438  RMSG = 5.3616377e-01
 MIN: Iter =    4  NFunc =    72  E =     -99.73252  RMSG = 5.1677037e-01
 MIN: Iter =    5  NFunc =    92  E =    -100.26322  RMSG = 5.3864534e-01
 MIN: Iter =    6  NFunc =   102  E =    -100.69031  RMSG = 4.9210878e-01
 MIN: Iter =    7  NFunc =   109  E =    -100.93567  RMSG = 3.4013597e-01
 MIN: Iter =    8  NFunc =   116  E =    -101.08336  RMSG = 3.6957112e-01
 MIN: Iter =    9  NFunc =   123  E =    -101.21183  RMSG = 2.6248307e-01
 MIN: Iter =   10  NFunc =   149  E =    -101.39792  RMSG = 5.2782752e-01
 MIN: Iter =   11  NFunc =   159  E =    -101.50021  RMSG = 1.7214124e-01
 MIN: Iter =   12  NFunc =   210  E =    -101.68630  RMSG = 5.3554188e-01
 MIN: Iter =   13  NFunc =   216  E =    -101.78636  RMSG = 2.4180039e-01
 MIN: Iter =   14  NFunc =   224  E =    -101.84420  RMSG = 2.0417115e-01
 MIN: Iter =   15  NFunc =   275  E =    -101.96812  RMSG = 3.9111905e-01
 MIN: Iter =   16  NFunc =   286  E =    -102.08900  RMSG = 2.5708386e-01
 MIN: Iter =   17  NFunc =   293  E =    -102.15760  RMSG = 2.5742715e-01
 MIN: Iter =   18  NFunc =   310  E =    -102.27303  RMSG = 2.7926160e-01
 MIN: Iter =   19  NFunc =   338  E =    -102.38256  RMSG = 2.7214787e-01
 MIN: Iter =   20  NFunc =   346  E =    -102.40952  RMSG = 1.0644171e-01
 MIN: Iter =   21  NFunc =   397  E =    -102.48463  RMSG = 2.2673160e-01
 MIN: Iter =   22  NFunc =   407  E =    -102.52747  RMSG = 1.4443704e-01
 MIN: Iter =   23  NFunc =   428  E =    -102.57483  RMSG = 2.3390519e-01
 MIN: Iter =   24  NFunc =   438  E =    -102.61201  RMSG = 1.2754711e-01
 MIN: Iter =   25  NFunc =   444  E =    -102.63042  RMSG = 1.5210851e-01
 MIN: Iter =   26  NFunc =   453  E =    -102.64813  RMSG = 8.8973643e-02
 MIN: Iter =   27  NFunc =   483  E =    -102.66958  RMSG = 1.7614589e-01
 MIN: Iter =   28  NFunc =   489  E =    -102.67642  RMSG = 5.7307585e-02
 MIN: Iter =   29  NFunc =   540  E =    -102.69320  RMSG = 1.0467012e-01
 MIN: Iter =   30  NFunc =   591  E =    -102.72469  RMSG = 2.1485669e-01
 MIN: Iter =   31  NFunc =   597  E =    -102.73674  RMSG = 8.3885195e-02
 MIN: Iter =   32  NFunc =   648  E =    -102.77408  RMSG = 2.1023851e-01
 MIN: Iter =   33  NFunc =   657  E =    -102.80473  RMSG = 1.1499566e-01
 MIN: Iter =   34  NFunc =   708  E =    -102.85840  RMSG = 2.4502609e-01
 MIN: Iter =   35  NFunc =   725  E =    -102.92311  RMSG = 2.6570835e-01
 MIN: Iter =   36  NFunc =   735  E =    -103.00132  RMSG = 2.8819454e-01
 MIN: Iter =   37  NFunc =   741  E =    -103.08029  RMSG = 3.1929376e-01
 MIN: Iter =   38  NFunc =   747  E =    -103.15619  RMSG = 2.9193363e-01
 MIN: Iter =   39  NFunc =   753  E =    -103.24014  RMSG = 3.2145527e-01
 MIN: Iter =   40  NFunc =   760  E =    -103.32132  RMSG = 2.7902491e-01
 MIN: Iter =   41  NFunc =   767  E =    -103.39016  RMSG = 2.5034896e-01
 MIN: Iter =   42  NFunc =   773  E =    -103.42533  RMSG = 1.2517409e-01
 MIN: Iter =   43  NFunc =   783  E =    -103.45013  RMSG = 9.4304507e-02
 MIN: Iter =   44  NFunc =   807  E =    -103.50283  RMSG = 1.8712576e-01
 MIN: Iter =   45  NFunc =   818  E =    -103.52656  RMSG = 8.9957029e-02
 MIN: Iter =   46  NFunc =   869  E =    -103.59782  RMSG = 2.1032457e-01
 MIN: Iter =   47  NFunc =   879  E =    -103.63135  RMSG = 1.0562818e-01
 MIN: Iter =   48  NFunc =   912  E =    -103.67414  RMSG = 2.4569940e-01
 MIN: Iter =   49  NFunc =   919  E =    -103.69341  RMSG = 7.2930463e-02
 MIN: Iter =   50  NFunc =   967  E =    -103.72020  RMSG = 2.4892201e-01
 MIN: Iter =   51  NFunc =   973  E =    -103.73556  RMSG = 8.1600243e-02
 MIN: Iter =   52  NFunc =   998  E =    -103.74729  RMSG = 6.4334079e-02
 MIN: Iter =   53  NFunc =  1012  E =    -103.75646  RMSG = 7.7142679e-02
 MIN: Iter =   54  NFunc =  1020  E =    -103.75959  RMSG = 3.0197171e-02
 MIN: Iter =   55  NFunc =  1034  E =    -103.76237  RMSG = 3.8452782e-02
 MIN: Iter =   56  NFunc =  1086  E =    -103.78591  RMSG = 9.7096363e-02
 MIN: Iter =   57  NFunc =  1094  E =    -103.80575  RMSG = 1.8400892e-01
 MIN: Iter =   58  NFunc =  1100  E =    -103.81966  RMSG = 8.7858096e-02
 MIN: Iter =   59  NFunc =  1106  E =    -103.82639  RMSG = 1.0306899e-01
 MIN: Iter =   60  NFunc =  1120  E =    -103.83377  RMSG = 3.3118110e-02
 MIN: Iter =   61  NFunc =  1171  E =    -103.85479  RMSG = 1.6670931e-01
 MIN: Iter =   62  NFunc =  1178  E =    -103.86405  RMSG = 5.0658029e-02
 MIN: Iter =   63  NFunc =  1229  E =    -103.89212  RMSG = 1.0871507e-01
 MIN: Iter =   64  NFunc =  1257  E =    -103.92278  RMSG = 1.1058362e-01
 MIN: Iter =   65  NFunc =  1277  E =    -103.94469  RMSG = 7.8467001e-02
 MIN: Iter =   66  NFunc =  1328  E =    -103.96952  RMSG = 1.1391134e-01
 MIN: Iter =   67  NFunc =  1356  E =    -103.99585  RMSG = 1.1876927e-01
 MIN: Iter =   68  NFunc =  1364  E =    -104.00243  RMSG = 5.7821254e-02
 MIN: Iter =   69  NFunc =  1408  E =    -104.02259  RMSG = 1.1011619e-01
 MIN: Iter =   70  NFunc =  1433  E =    -104.04321  RMSG = 1.1909847e-01
 MIN: Iter =   71  NFunc =  1440  E =    -104.05084  RMSG = 5.4992145e-02
 MIN: Iter =   72  NFunc =  1470  E =    -104.06486  RMSG = 1.1711706e-01
 MIN: Iter =   73  NFunc =  1477  E =    -104.07141  RMSG = 4.8896369e-02
 MIN: Iter =   74  NFunc =  1500  E =    -104.08188  RMSG = 1.1844132e-01
 MIN: Iter =   75  NFunc =  1508  E =    -104.09025  RMSG = 5.4807550e-02
 MIN: Iter =   76  NFunc =  1526  E =    -104.09809  RMSG = 1.2174995e-01
 MIN: Iter =   77  NFunc =  1533  E =    -104.10399  RMSG = 3.2003427e-02
 MIN: Iter =   78  NFunc =  1556  E =    -104.10942  RMSG = 1.1579534e-01
 MIN: Iter =   79  NFunc =  1562  E =    -104.11362  RMSG = 4.3833797e-02
 MIN: Iter =   80  NFunc =  1579  E =    -104.11691  RMSG = 3.3749371e-02
 MIN: Iter =   81  NFunc =  1589  E =    -104.11964  RMSG = 6.4379602e-02
 MIN: Iter =   82  NFunc =  1597  E =    -104.12140  RMSG = 1.7366137e-02
 MIN: Iter =   83  NFunc =  1644  E =    -104.13010  RMSG = 1.3257446e-01
 MIN: Iter =   84  NFunc =  1650  E =    -104.13518  RMSG = 3.9359002e-02
 MIN: Iter =   85  NFunc =  1683  E =    -104.14202  RMSG = 3.8767096e-02
 MIN: Iter =   86  NFunc =  1701  E =    -104.14741  RMSG = 7.2449565e-02
 MIN: Iter =   87  NFunc =  1711  E =    -104.15039  RMSG = 2.9751335e-02
 MIN: Iter =   88  NFunc =  1730  E =    -104.15232  RMSG = 3.3933018e-02
 MIN: Iter =   89  NFunc =  1780  E =    -104.15787  RMSG = 2.7890006e-02
 MIN: Iter =   90  NFunc =  1831  E =    -104.16026  RMSG = 1.6736683e-02
 MIN: Iter =   91  NFunc =  1882  E =    -104.16309  RMSG = 2.5470909e-02
 MIN: Iter =   92  NFunc =  1933  E =    -104.16658  RMSG = 3.7973925e-02
 MIN: Iter =   93  NFunc =  1939  E =    -104.16719  RMSG = 1.8301085e-02
 MIN: Iter =   94  NFunc =  1975  E =    -104.16889  RMSG = 2.2233076e-02
 MIN: Iter =   95  NFunc =  2003  E =    -104.17000  RMSG = 1.1541955e-02
 MIN: Iter =   96  NFunc =  2050  E =    -104.17110  RMSG = 1.1833272e-02
 MIN: Iter =   97  NFunc =  2077  E =    -104.17136  RMSG = 4.9908020e-03
 MIN: Iter =   98  NFunc =  2106  E =    -104.17145  RMSG = 2.7504772e-03
 MIN: Iter =   99  NFunc =  2157  E =    -104.17169  RMSG = 7.2680730e-03
 MIN: Iter =  100  NFunc =  2185  E =    -104.17177  RMSG = 3.1745153e-03
----------------------------------------------------------------
 END:          :-)  E =    -104.17177  RMSG =   0.0031745

     bond:      2.440533403
    angle:     17.140588136
 dihedral:     17.815003307
    enb14:     13.966197361
    eel14:   -104.536094062
      enb:     -8.620857415
      eel:     -2.217262591
      egb:    -40.159875011
    econs:      0.000000000
    esurf:      0.000000000
    Total:   -104.171766872
     frms:      0.003174515
====== rms.dat  ======================================================
#Frame      all_heavy
       1       1.9882
