====== tleap.out =====================================================
-I: Adding /home/case/amber24/dat/leap/prep to search path.
-I: Adding /home/case/amber24/dat/leap/lib to search path.
-I: Adding /home/case/amber24/dat/leap/parm to search path.
-I: Adding /home/case/amber24/dat/leap/cmd to search path.
-f: Source leap.in.

Welcome to LEaP!
(no leaprc in search path)
Sourcing: ./leap.in
Using Bondi radii
----- Source: /home/case/amber24/dat/leap/cmd/leaprc.gaff2
----- Source of /home/case/amber24/dat/leap/cmd/leaprc.gaff2 done
Log file: ./leap.log
Loading parameters: /home/case/amber24/dat/leap/parm/gaff2.dat
Reading title:
AMBER General Force Field for organic molecules (Version 2.2.20, March 2021)
Loading parameters: ./O9H.frcmod
Reading force field modification type file (frcmod)
Reading title:
Remark line goes here
Loading Mol2 file: ./O9H.mol2
Reading MOLECULE named O9H
Checking Unit.

/home/case/amber24/bin/teLeap: Warning!
The unperturbed charge of the unit (1.002000) is not zero.

/home/case/amber24/bin/teLeap: Note.
Ignoring the warning from Unit Checking.

Building topology.
"order_residues" off: keep input residue order.
Building atom parameters.
Building bond parameters.
Building angle parameters.
Building proper torsion parameters.
Building improper torsion parameters.
 total 11 improper torsions applied
Building H-Bond parameters.
Incorporating Non-Bonded adjustments.
Not Marking per-residue atom chain types.
Marking per-residue atom chain types.
  (Residues lacking connect0/connect1 - 
   these don't have chain types marked:

	res	total affected

	O9H	1
  )
 (no restraints)
	Quit

Exiting LEaP: Errors = 0; Warnings = 1; Notes = 1.
====== min.o =========================================================
Reading parm file (O9H.parm7)
title:
O9H                                                                             
no velocities were found
no velocities were found
	mm_options:  ntpr=5
	mm_options:  gb=1
	mm_options:  kappa=0.10395
	mm_options:  rgbmax=99.
	mm_options:  cut=99.0
	mm_options:  wcons=0.
     bond:      2.657295430
    angle:     10.723810479
 dihedral:     47.174813050
    enb14:      9.781780484
    eel14:     77.305931818
      enb:    -12.336302968
      eel:    -20.838993401
      egb:    -73.430698017
    econs:      0.000000000
    esurf:      0.000000000
    Total:     41.037636874
     frms:      8.922869334
Starting TNCG minimisation
 MIN: Iter =    0  NFunc =     1  E =      41.03764  RMSG = 8.9228693e+00
 MIN: Iter =    1  NFunc =     7  E =      29.55662  RMSG = 2.4611403e+00
 MIN: Iter =    2  NFunc =    14  E =      27.46007  RMSG = 1.2616776e+00
 MIN: Iter =    3  NFunc =    29  E =      26.22690  RMSG = 1.2772163e+00
 MIN: Iter =    4  NFunc =    37  E =      25.46314  RMSG = 9.6846207e-01
 MIN: Iter =    5  NFunc =    45  E =      25.03532  RMSG = 1.1338770e+00
 MIN: Iter =    6  NFunc =    59  E =      24.59598  RMSG = 2.6181651e+00
 MIN: Iter =    7  NFunc =    66  E =      23.60103  RMSG = 2.2569518e+00
 MIN: Iter =    8  NFunc =    72  E =      22.72275  RMSG = 2.8808420e+00
 MIN: Iter =    9  NFunc =    78  E =      22.11450  RMSG = 5.2025440e-01
 MIN: Iter =   10  NFunc =    88  E =      21.85037  RMSG = 5.9538106e-01
 MIN: Iter =   11  NFunc =   106  E =      21.62700  RMSG = 5.1122409e-01
 MIN: Iter =   12  NFunc =   145  E =      21.42213  RMSG = 4.8998157e-01
 MIN: Iter =   13  NFunc =   165  E =      21.27314  RMSG = 2.9388497e-01
 MIN: Iter =   14  NFunc =   179  E =      21.18967  RMSG = 2.1897323e-01
 MIN: Iter =   15  NFunc =   189  E =      21.14689  RMSG = 1.6817512e-01
 MIN: Iter =   16  NFunc =   213  E =      21.08281  RMSG = 2.5819542e-01
 MIN: Iter =   17  NFunc =   227  E =      21.05753  RMSG = 9.4101593e-02
 MIN: Iter =   18  NFunc =   278  E =      21.00555  RMSG = 3.1866099e-01
 MIN: Iter =   19  NFunc =   284  E =      20.98706  RMSG = 1.0284629e-01
 MIN: Iter =   20  NFunc =   311  E =      20.97392  RMSG = 5.3321277e-02
 MIN: Iter =   21  NFunc =   321  E =      20.97218  RMSG = 2.6478653e-02
 MIN: Iter =   22  NFunc =   372  E =      20.96249  RMSG = 8.0994161e-02
 MIN: Iter =   23  NFunc =   383  E =      20.95842  RMSG = 3.8274800e-02
 MIN: Iter =   24  NFunc =   434  E =      20.94629  RMSG = 1.3244452e-01
 MIN: Iter =   25  NFunc =   440  E =      20.93920  RMSG = 5.2009360e-02
 MIN: Iter =   26  NFunc =   487  E =      20.92762  RMSG = 1.3102058e-01
 MIN: Iter =   27  NFunc =   493  E =      20.91947  RMSG = 6.3684918e-02
 MIN: Iter =   28  NFunc =   507  E =      20.91345  RMSG = 1.3354637e-01
 MIN: Iter =   29  NFunc =   513  E =      20.90787  RMSG = 7.6506642e-02
 MIN: Iter =   30  NFunc =   522  E =      20.90451  RMSG = 5.9806036e-02
 MIN: Iter =   31  NFunc =   545  E =      20.89692  RMSG = 4.4894888e-02
 MIN: Iter =   32  NFunc =   596  E =      20.88865  RMSG = 3.6307075e-02
 MIN: Iter =   33  NFunc =   611  E =      20.88778  RMSG = 1.4221271e-02
 MIN: Iter =   34  NFunc =   642  E =      20.88732  RMSG = 7.6212226e-03
 MIN: Iter =   35  NFunc =   658  E =      20.88724  RMSG = 4.2589996e-03
 MIN: Iter =   36  NFunc =   709  E =      20.88716  RMSG = 3.6607150e-03
 MIN: Iter =   37  NFunc =   728  E =      20.88713  RMSG = 2.9933816e-03
 MIN: Iter =   38  NFunc =   753  E =      20.88710  RMSG = 2.0171471e-03
 MIN: Iter =   39  NFunc =   775  E =      20.88709  RMSG = 1.1784224e-03
 MIN: Iter =   40  NFunc =   808  E =      20.88708  RMSG = 9.8821351e-04
 MIN: Iter =   41  NFunc =   859  E =      20.88707  RMSG = 1.2889429e-03
 MIN: Iter =   42  NFunc =   889  E =      20.88707  RMSG = 6.7490814e-04
 MIN: Iter =   43  NFunc =   940  E =      20.88707  RMSG = 6.0314182e-04
 MIN: Iter =   44  NFunc =   967  E =      20.88706  RMSG = 4.2771737e-04
----------------------------------------------------------------
 END:          :-)  E =      20.88706  RMSG =   0.0004277

     bond:      2.261270283
    angle:      8.494174537
 dihedral:     38.640269506
    enb14:      6.837616338
    eel14:     79.595526087
      enb:    -12.812309802
      eel:    -30.074833051
      egb:    -72.054649399
    econs:      0.000000000
    esurf:      0.000000000
    Total:     20.887064499
     frms:      0.000427717
====== rms.dat  ======================================================
#Frame      all_heavy
       1       0.5213
