====== tleap.out =====================================================
-I: Adding /home/case/amber24/dat/leap/prep to search path.
-I: Adding /home/case/amber24/dat/leap/lib to search path.
-I: Adding /home/case/amber24/dat/leap/parm to search path.
-I: Adding /home/case/amber24/dat/leap/cmd to search path.
-f: Source leap.in.

Welcome to LEaP!
(no leaprc in search path)
Sourcing: ./leap.in
Using Bondi radii
----- Source: /home/case/amber24/dat/leap/cmd/leaprc.gaff2
----- Source of /home/case/amber24/dat/leap/cmd/leaprc.gaff2 done
Log file: ./leap.log
Loading parameters: /home/case/amber24/dat/leap/parm/gaff2.dat
Reading title:
AMBER General Force Field for organic molecules (Version 2.2.20, March 2021)
Loading parameters: ./OEE.frcmod
Reading force field modification type file (frcmod)
Reading title:
Remark line goes here
Loading Mol2 file: ./OEE.mol2
Reading MOLECULE named OEE
Checking Unit.
Building topology.
"order_residues" off: keep input residue order.
Building atom parameters.
Building bond parameters.
Building angle parameters.
Building proper torsion parameters.
Building improper torsion parameters.
 total 5 improper torsions applied
Building H-Bond parameters.
Incorporating Non-Bonded adjustments.
Not Marking per-residue atom chain types.
Marking per-residue atom chain types.
  (Residues lacking connect0/connect1 - 
   these don't have chain types marked:

	res	total affected

	OEE	1
  )
 (no restraints)
	Quit

Exiting LEaP: Errors = 0; Warnings = 0; Notes = 0.
====== min.o =========================================================
Reading parm file (OEE.parm7)
title:
OEE                                                                             
no velocities were found
no velocities were found
	mm_options:  ntpr=5
	mm_options:  gb=1
	mm_options:  kappa=0.10395
	mm_options:  rgbmax=99.
	mm_options:  cut=99.0
	mm_options:  wcons=0.
     bond:      1.885912979
    angle:      5.254750152
 dihedral:     10.845210636
    enb14:      6.985935294
    eel14:    -97.505131675
      enb:     -1.374346615
      eel:     17.641009568
      egb:    -18.714729618
    econs:      0.000000000
    esurf:      0.000000000
    Total:    -74.981389278
     frms:      8.111798865
Starting TNCG minimisation
 MIN: Iter =    0  NFunc =     1  E =     -74.98139  RMSG = 8.1117989e+00
 MIN: Iter =    1  NFunc =     9  E =     -81.22029  RMSG = 4.7244731e+00
 MIN: Iter =    2  NFunc =    15  E =     -82.16870  RMSG = 5.8110138e-01
 MIN: Iter =    3  NFunc =    27  E =     -82.44967  RMSG = 8.6438737e-01
 MIN: Iter =    4  NFunc =    40  E =     -82.59818  RMSG = 2.7565472e-01
 MIN: Iter =    5  NFunc =    83  E =     -82.71123  RMSG = 4.5165098e-01
 MIN: Iter =    6  NFunc =    90  E =     -82.74781  RMSG = 2.1244578e-01
 MIN: Iter =    7  NFunc =   107  E =     -82.79980  RMSG = 4.1923234e-01
 MIN: Iter =    8  NFunc =   113  E =     -82.81896  RMSG = 1.3900117e-01
 MIN: Iter =    9  NFunc =   129  E =     -82.83416  RMSG = 1.4529242e-01
 MIN: Iter =   10  NFunc =   136  E =     -82.83786  RMSG = 6.8015945e-02
 MIN: Iter =   11  NFunc =   170  E =     -82.85446  RMSG = 1.3323367e-01
 MIN: Iter =   12  NFunc =   178  E =     -82.85651  RMSG = 3.1829529e-02
 MIN: Iter =   13  NFunc =   193  E =     -82.85748  RMSG = 1.8173469e-02
 MIN: Iter =   14  NFunc =   211  E =     -82.85771  RMSG = 7.1092087e-03
 MIN: Iter =   15  NFunc =   242  E =     -82.85783  RMSG = 4.6315423e-03
 MIN: Iter =   16  NFunc =   264  E =     -82.85788  RMSG = 4.3193677e-03
 MIN: Iter =   17  NFunc =   270  E =     -82.85788  RMSG = 2.4914945e-03
 MIN: Iter =   18  NFunc =   302  E =     -82.85789  RMSG = 1.6018180e-03
 MIN: Iter =   19  NFunc =   321  E =     -82.85790  RMSG = 1.0257831e-03
 MIN: Iter =   20  NFunc =   340  E =     -82.85790  RMSG = 6.2161042e-04
 MIN: Iter =   21  NFunc =   387  E =     -82.85790  RMSG = 2.6286317e-04
----------------------------------------------------------------
 END:          :-)  E =     -82.85790  RMSG =   0.0002629

     bond:      1.222741910
    angle:      4.928741767
 dihedral:      9.316412873
    enb14:      4.596309805
    eel14:   -100.629944008
      enb:     -2.703256324
      eel:     20.456969557
      egb:    -20.045876912
    econs:      0.000000000
    esurf:      0.000000000
    Total:    -82.857901332
     frms:      0.000262863
====== rms.dat  ======================================================
#Frame      all_heavy
       1       0.2141
