====== tleap.out =====================================================
-I: Adding /home/case/amber24/dat/leap/prep to search path.
-I: Adding /home/case/amber24/dat/leap/lib to search path.
-I: Adding /home/case/amber24/dat/leap/parm to search path.
-I: Adding /home/case/amber24/dat/leap/cmd to search path.
-f: Source leap.in.

Welcome to LEaP!
(no leaprc in search path)
Sourcing: ./leap.in
Using Bondi radii
----- Source: /home/case/amber24/dat/leap/cmd/leaprc.gaff2
----- Source of /home/case/amber24/dat/leap/cmd/leaprc.gaff2 done
Log file: ./leap.log
Loading parameters: /home/case/amber24/dat/leap/parm/gaff2.dat
Reading title:
AMBER General Force Field for organic molecules (Version 2.2.20, March 2021)
Loading parameters: ./OF7.frcmod
Reading force field modification type file (frcmod)
Reading title:
Remark line goes here
Loading Mol2 file: ./OF7.mol2
Reading MOLECULE named OF7
Checking Unit.

/home/case/amber24/bin/teLeap: Warning!
The unperturbed charge of the unit (-1.000000) is not zero.

/home/case/amber24/bin/teLeap: Note.
Ignoring the warning from Unit Checking.

Building topology.
"order_residues" off: keep input residue order.
Building atom parameters.
Building bond parameters.
Building angle parameters.
Building proper torsion parameters.
Building improper torsion parameters.
 total 24 improper torsions applied
Building H-Bond parameters.
Incorporating Non-Bonded adjustments.
Not Marking per-residue atom chain types.
Marking per-residue atom chain types.
  (Residues lacking connect0/connect1 - 
   these don't have chain types marked:

	res	total affected

	OF7	1
  )
 (no restraints)
	Quit

Exiting LEaP: Errors = 0; Warnings = 1; Notes = 1.
====== min.o =========================================================
Reading parm file (OF7.parm7)
title:
OF7                                                                             
no velocities were found
no velocities were found
	mm_options:  ntpr=5
	mm_options:  gb=1
	mm_options:  kappa=0.10395
	mm_options:  rgbmax=99.
	mm_options:  cut=99.0
	mm_options:  wcons=0.
     bond:      4.209143261
    angle:     14.272678020
 dihedral:     39.827586455
    enb14:     13.921568624
    eel14:   -428.033545495
      enb:     -1.523185086
      eel:    162.806967254
      egb:    -98.877394560
    econs:      0.000000000
    esurf:      0.000000000
    Total:   -293.396181528
     frms:     12.012947141
Starting TNCG minimisation
 MIN: Iter =    0  NFunc =     1  E =    -293.39618  RMSG = 1.2012947e+01
 MIN: Iter =    1  NFunc =     7  E =    -306.34639  RMSG = 2.9470158e+00
 MIN: Iter =    2  NFunc =    24  E =    -309.56302  RMSG = 2.7128156e+00
 MIN: Iter =    3  NFunc =    32  E =    -311.61337  RMSG = 2.3157712e+00
 MIN: Iter =    4  NFunc =    38  E =    -312.90617  RMSG = 1.4227505e+00
 MIN: Iter =    5  NFunc =    44  E =    -313.33760  RMSG = 5.6756181e-01
 MIN: Iter =    6  NFunc =    55  E =    -313.58381  RMSG = 4.1102050e-01
 MIN: Iter =    7  NFunc =    68  E =    -313.67341  RMSG = 1.8252188e-01
 MIN: Iter =    8  NFunc =   118  E =    -313.83587  RMSG = 2.9811137e-01
 MIN: Iter =    9  NFunc =   124  E =    -313.85734  RMSG = 1.3629626e-01
 MIN: Iter =   10  NFunc =   151  E =    -313.90870  RMSG = 2.9700094e-01
 MIN: Iter =   11  NFunc =   157  E =    -313.92298  RMSG = 8.9419711e-02
 MIN: Iter =   12  NFunc =   208  E =    -313.97441  RMSG = 2.2086672e-01
 MIN: Iter =   13  NFunc =   217  E =    -313.98545  RMSG = 7.6830446e-02
 MIN: Iter =   14  NFunc =   226  E =    -313.98919  RMSG = 4.9374873e-02
 MIN: Iter =   15  NFunc =   255  E =    -313.99498  RMSG = 3.6027812e-02
 MIN: Iter =   16  NFunc =   306  E =    -313.99727  RMSG = 2.5733217e-02
 MIN: Iter =   17  NFunc =   357  E =    -314.00117  RMSG = 4.7001584e-02
 MIN: Iter =   18  NFunc =   379  E =    -314.00351  RMSG = 3.3225816e-02
 MIN: Iter =   19  NFunc =   413  E =    -314.00638  RMSG = 6.4073483e-02
 MIN: Iter =   20  NFunc =   419  E =    -314.00703  RMSG = 1.7646872e-02
 MIN: Iter =   21  NFunc =   467  E =    -314.00904  RMSG = 4.9433900e-02
 MIN: Iter =   22  NFunc =   473  E =    -314.00940  RMSG = 1.5824848e-02
 MIN: Iter =   23  NFunc =   525  E =    -314.01180  RMSG = 4.0673400e-02
 MIN: Iter =   24  NFunc =   538  E =    -314.01361  RMSG = 4.5502363e-02
 MIN: Iter =   25  NFunc =   563  E =    -314.01558  RMSG = 5.1377992e-02
 MIN: Iter =   26  NFunc =   614  E =    -314.01925  RMSG = 6.5290928e-02
 MIN: Iter =   27  NFunc =   620  E =    -314.02031  RMSG = 3.2735805e-02
 MIN: Iter =   28  NFunc =   655  E =    -314.02216  RMSG = 2.4567262e-02
 MIN: Iter =   29  NFunc =   683  E =    -314.02284  RMSG = 1.1315925e-02
 MIN: Iter =   30  NFunc =   726  E =    -314.02322  RMSG = 6.5066588e-03
 MIN: Iter =   31  NFunc =   777  E =    -314.02344  RMSG = 8.2743436e-03
 MIN: Iter =   32  NFunc =   815  E =    -314.02367  RMSG = 5.8450001e-03
 MIN: Iter =   33  NFunc =   840  E =    -314.02374  RMSG = 3.1255783e-03
 MIN: Iter =   34  NFunc =   891  E =    -314.02385  RMSG = 1.3223781e-02
 MIN: Iter =   35  NFunc =   903  E =    -314.02394  RMSG = 6.0062128e-03
 MIN: Iter =   36  NFunc =   948  E =    -314.02413  RMSG = 9.0037325e-03
 MIN: Iter =   37  NFunc =   954  E =    -314.02415  RMSG = 3.1442656e-03
 MIN: Iter =   38  NFunc =   981  E =    -314.02416  RMSG = 1.7143040e-03
 MIN: Iter =   39  NFunc =  1014  E =    -314.02417  RMSG = 1.1853305e-03
 MIN: Iter =   40  NFunc =  1065  E =    -314.02418  RMSG = 2.2646658e-03
 MIN: Iter =   41  NFunc =  1081  E =    -314.02419  RMSG = 1.2128550e-03
 MIN: Iter =   42  NFunc =  1115  E =    -314.02419  RMSG = 7.1300537e-04
 MIN: Iter =   43  NFunc =  1126  E =    -314.02419  RMSG = 4.3459927e-04
----------------------------------------------------------------
 END:          :-)  E =    -314.02419  RMSG =   0.0004346

     bond:      2.817033160
    angle:     11.241296071
 dihedral:     31.733897917
    enb14:     11.540050899
    eel14:   -434.171558860
      enb:     -4.622264992
      eel:    169.537953817
      egb:   -102.100601602
    econs:      0.000000000
    esurf:      0.000000000
    Total:   -314.024193588
     frms:      0.000434599
====== rms.dat  ======================================================
#Frame      all_heavy
       1       0.3895
