====== tleap.out =====================================================
-I: Adding /home/case/amber24/dat/leap/prep to search path.
-I: Adding /home/case/amber24/dat/leap/lib to search path.
-I: Adding /home/case/amber24/dat/leap/parm to search path.
-I: Adding /home/case/amber24/dat/leap/cmd to search path.
-f: Source leap.in.

Welcome to LEaP!
(no leaprc in search path)
Sourcing: ./leap.in
Using Bondi radii
----- Source: /home/case/amber24/dat/leap/cmd/leaprc.gaff2
----- Source of /home/case/amber24/dat/leap/cmd/leaprc.gaff2 done
Log file: ./leap.log
Loading parameters: /home/case/amber24/dat/leap/parm/gaff2.dat
Reading title:
AMBER General Force Field for organic molecules (Version 2.2.20, March 2021)
Loading parameters: ./OJ5.frcmod
Reading force field modification type file (frcmod)
Reading title:
Remark line goes here
Loading Mol2 file: ./OJ5.mol2
Reading MOLECULE named OJ5
Checking Unit.
Building topology.
"order_residues" off: keep input residue order.
Building atom parameters.
Building bond parameters.
Building angle parameters.
Building proper torsion parameters.
Building improper torsion parameters.
 total 14 improper torsions applied
Building H-Bond parameters.
Incorporating Non-Bonded adjustments.
Not Marking per-residue atom chain types.
Marking per-residue atom chain types.
  (Residues lacking connect0/connect1 - 
   these don't have chain types marked:

	res	total affected

	OJ5	1
  )
 (no restraints)
	Quit

Exiting LEaP: Errors = 0; Warnings = 0; Notes = 0.
====== min.o =========================================================
Reading parm file (OJ5.parm7)
title:
OJ5                                                                             
no velocities were found
no velocities were found
	mm_options:  ntpr=5
	mm_options:  gb=1
	mm_options:  kappa=0.10395
	mm_options:  rgbmax=99.
	mm_options:  cut=99.0
	mm_options:  wcons=0.
     bond:      2.288835683
    angle:     20.320714812
 dihedral:     10.776052464
    enb14:     14.884932980
    eel14:    -24.762321238
      enb:     -5.253859757
      eel:     14.765087051
      egb:    -14.070317126
    econs:      0.000000000
    esurf:      0.000000000
    Total:     18.949124868
     frms:     11.077218028
Starting TNCG minimisation
 MIN: Iter =    0  NFunc =     1  E =      18.94912  RMSG = 1.1077218e+01
 MIN: Iter =    1  NFunc =     7  E =       8.07253  RMSG = 2.7105422e+00
 MIN: Iter =    2  NFunc =    16  E =       6.28280  RMSG = 1.0374197e+00
 MIN: Iter =    3  NFunc =    22  E =       6.03425  RMSG = 5.5716841e-01
 MIN: Iter =    4  NFunc =    56  E =       5.35150  RMSG = 5.4419693e-01
 MIN: Iter =    5  NFunc =    71  E =       4.97390  RMSG = 6.2267897e-01
 MIN: Iter =    6  NFunc =    79  E =       4.70672  RMSG = 5.6450429e-01
 MIN: Iter =    7  NFunc =    85  E =       4.62320  RMSG = 2.9815773e-01
 MIN: Iter =    8  NFunc =   101  E =       4.57478  RMSG = 1.4759059e-01
 MIN: Iter =    9  NFunc =   119  E =       4.56132  RMSG = 7.9706563e-02
 MIN: Iter =   10  NFunc =   129  E =       4.55745  RMSG = 5.4736277e-02
 MIN: Iter =   11  NFunc =   147  E =       4.55209  RMSG = 3.7474708e-02
 MIN: Iter =   12  NFunc =   174  E =       4.54900  RMSG = 2.1628250e-02
 MIN: Iter =   13  NFunc =   182  E =       4.54882  RMSG = 1.1795612e-02
 MIN: Iter =   14  NFunc =   203  E =       4.54871  RMSG = 5.7679160e-03
 MIN: Iter =   15  NFunc =   211  E =       4.54869  RMSG = 3.1381799e-03
 MIN: Iter =   16  NFunc =   249  E =       4.54867  RMSG = 1.9954902e-03
 MIN: Iter =   17  NFunc =   267  E =       4.54867  RMSG = 8.6134123e-04
 MIN: Iter =   18  NFunc =   287  E =       4.54867  RMSG = 4.3168928e-04
----------------------------------------------------------------
 END:          :-)  E =       4.54867  RMSG =   0.0004317

     bond:      2.040882119
    angle:     12.993244933
 dihedral:     11.892152595
    enb14:      9.787660455
    eel14:    -24.543729796
      enb:     -7.012695567
      eel:     14.964172164
      egb:    -15.573020186
    econs:      0.000000000
    esurf:      0.000000000
    Total:      4.548666718
     frms:      0.000431689
====== rms.dat  ======================================================
#Frame      all_heavy
       1       0.2474
