====== tleap.out =====================================================
-I: Adding /home/case/amber24/dat/leap/prep to search path.
-I: Adding /home/case/amber24/dat/leap/lib to search path.
-I: Adding /home/case/amber24/dat/leap/parm to search path.
-I: Adding /home/case/amber24/dat/leap/cmd to search path.
-f: Source leap.in.

Welcome to LEaP!
(no leaprc in search path)
Sourcing: ./leap.in
Using Bondi radii
----- Source: /home/case/amber24/dat/leap/cmd/leaprc.gaff2
----- Source of /home/case/amber24/dat/leap/cmd/leaprc.gaff2 done
Log file: ./leap.log
Loading parameters: /home/case/amber24/dat/leap/parm/gaff2.dat
Reading title:
AMBER General Force Field for organic molecules (Version 2.2.20, March 2021)
Loading parameters: ./OJO.frcmod
Reading force field modification type file (frcmod)
Reading title:
Remark line goes here
Loading Mol2 file: ./OJO.mol2
Reading MOLECULE named OJO
Checking Unit.
Building topology.
"order_residues" off: keep input residue order.
Building atom parameters.
Building bond parameters.
Building angle parameters.
Building proper torsion parameters.
Building improper torsion parameters.
 total 8 improper torsions applied
Building H-Bond parameters.
Incorporating Non-Bonded adjustments.
Not Marking per-residue atom chain types.
Marking per-residue atom chain types.
  (Residues lacking connect0/connect1 - 
   these don't have chain types marked:

	res	total affected

	OJO	1
  )
 (no restraints)
	Quit

Exiting LEaP: Errors = 0; Warnings = 0; Notes = 0.
====== min.o =========================================================
Reading parm file (OJO.parm7)
title:
OJO                                                                             
no velocities were found
no velocities were found
	mm_options:  ntpr=5
	mm_options:  gb=1
	mm_options:  kappa=0.10395
	mm_options:  rgbmax=99.
	mm_options:  cut=99.0
	mm_options:  wcons=0.
     bond:      1.339069164
    angle:      2.873528529
 dihedral:     35.462074172
    enb14:     10.248897300
    eel14:     -5.765524700
      enb:     -1.109397162
      eel:    -15.757070471
      egb:    -19.583523856
    econs:      0.000000000
    esurf:      0.000000000
    Total:      7.708052975
     frms:      7.789548681
Starting TNCG minimisation
 MIN: Iter =    0  NFunc =     1  E =       7.70805  RMSG = 7.7895487e+00
 MIN: Iter =    1  NFunc =     7  E =       0.88305  RMSG = 2.4069192e+00
 MIN: Iter =    2  NFunc =    13  E =       0.13309  RMSG = 7.7919765e-01
 MIN: Iter =    3  NFunc =    19  E =      -0.02017  RMSG = 4.2326968e-01
 MIN: Iter =    4  NFunc =    44  E =      -0.22519  RMSG = 4.2032805e-01
 MIN: Iter =    5  NFunc =    89  E =      -0.36348  RMSG = 3.7910939e-01
 MIN: Iter =    6  NFunc =   110  E =      -0.45055  RMSG = 3.3049305e-01
 MIN: Iter =    7  NFunc =   121  E =      -0.48796  RMSG = 1.5937153e-01
 MIN: Iter =    8  NFunc =   128  E =      -0.49709  RMSG = 7.6933369e-02
 MIN: Iter =    9  NFunc =   176  E =      -0.56081  RMSG = 7.2602888e-01
 MIN: Iter =   10  NFunc =   183  E =      -0.60829  RMSG = 2.0960032e-01
 MIN: Iter =   11  NFunc =   196  E =      -0.69172  RMSG = 6.4490480e-01
 MIN: Iter =   12  NFunc =   208  E =      -0.87558  RMSG = 1.3412750e+00
 MIN: Iter =   13  NFunc =   214  E =      -1.07115  RMSG = 4.5238477e-01
 MIN: Iter =   14  NFunc =   221  E =      -1.29116  RMSG = 9.4215474e-01
 MIN: Iter =   15  NFunc =   272  E =      -2.05566  RMSG = 1.5497685e+00
 MIN: Iter =   16  NFunc =   278  E =      -2.73042  RMSG = 1.1918925e+00
 MIN: Iter =   17  NFunc =   284  E =      -3.17008  RMSG = 8.4967500e-01
 MIN: Iter =   18  NFunc =   294  E =      -3.53227  RMSG = 7.0225478e-01
 MIN: Iter =   19  NFunc =   304  E =      -3.68154  RMSG = 3.4500637e-01
 MIN: Iter =   20  NFunc =   317  E =      -3.72816  RMSG = 1.4537120e-01
 MIN: Iter =   21  NFunc =   340  E =      -3.75807  RMSG = 1.7870400e-01
 MIN: Iter =   22  NFunc =   346  E =      -3.76060  RMSG = 4.5819223e-02
 MIN: Iter =   23  NFunc =   395  E =      -3.77632  RMSG = 2.6700421e-01
 MIN: Iter =   24  NFunc =   401  E =      -3.78609  RMSG = 7.3722267e-02
 MIN: Iter =   25  NFunc =   410  E =      -3.78716  RMSG = 2.9464505e-02
 MIN: Iter =   26  NFunc =   455  E =      -3.79054  RMSG = 3.7827722e-02
 MIN: Iter =   27  NFunc =   461  E =      -3.79074  RMSG = 1.3469593e-02
 MIN: Iter =   28  NFunc =   498  E =      -3.79204  RMSG = 1.8595119e-02
 MIN: Iter =   29  NFunc =   507  E =      -3.79211  RMSG = 6.1907965e-03
 MIN: Iter =   30  NFunc =   528  E =      -3.79216  RMSG = 3.0390926e-03
 MIN: Iter =   31  NFunc =   552  E =      -3.79218  RMSG = 2.2914935e-03
 MIN: Iter =   32  NFunc =   572  E =      -3.79220  RMSG = 2.5101037e-03
 MIN: Iter =   33  NFunc =   593  E =      -3.79221  RMSG = 1.6945644e-03
 MIN: Iter =   34  NFunc =   599  E =      -3.79221  RMSG = 8.3851946e-04
 MIN: Iter =   35  NFunc =   650  E =      -3.79222  RMSG = 8.0590596e-04
 MIN: Iter =   36  NFunc =   657  E =      -3.79222  RMSG = 5.2084574e-04
 MIN: Iter =   37  NFunc =   665  E =      -3.79222  RMSG = 2.2130143e-04
----------------------------------------------------------------
 END:          :-)  E =      -3.79222  RMSG =   0.0002213

     bond:      1.430363472
    angle:      2.669135968
 dihedral:     30.626426558
    enb14:      7.182697477
    eel14:     -7.489255833
      enb:     -3.427855214
      eel:    -13.925007732
      egb:    -20.858721978
    econs:      0.000000000
    esurf:      0.000000000
    Total:     -3.792217281
     frms:      0.000221301
====== rms.dat  ======================================================
#Frame      all_heavy
       1       0.7075
