====== tleap.out =====================================================
-I: Adding /home/case/amber24/dat/leap/prep to search path.
-I: Adding /home/case/amber24/dat/leap/lib to search path.
-I: Adding /home/case/amber24/dat/leap/parm to search path.
-I: Adding /home/case/amber24/dat/leap/cmd to search path.
-f: Source leap.in.

Welcome to LEaP!
(no leaprc in search path)
Sourcing: ./leap.in
Using Bondi radii
----- Source: /home/case/amber24/dat/leap/cmd/leaprc.gaff2
----- Source of /home/case/amber24/dat/leap/cmd/leaprc.gaff2 done
Log file: ./leap.log
Loading parameters: /home/case/amber24/dat/leap/parm/gaff2.dat
Reading title:
AMBER General Force Field for organic molecules (Version 2.2.20, March 2021)
Loading parameters: ./OLN.frcmod
Reading force field modification type file (frcmod)
Reading title:
Remark line goes here
Loading Mol2 file: ./OLN.mol2
Reading MOLECULE named OLN
Checking Unit.

/home/case/amber24/bin/teLeap: Warning!
The unperturbed charge of the unit (-0.999001) is not zero.

/home/case/amber24/bin/teLeap: Note.
Ignoring the warning from Unit Checking.

Building topology.
"order_residues" off: keep input residue order.
Building atom parameters.
Building bond parameters.
Building angle parameters.
Building proper torsion parameters.
Building improper torsion parameters.
 total 6 improper torsions applied
Building H-Bond parameters.
Incorporating Non-Bonded adjustments.
Not Marking per-residue atom chain types.
Marking per-residue atom chain types.
  (Residues lacking connect0/connect1 - 
   these don't have chain types marked:

	res	total affected

	OLN	1
  )
 (no restraints)
	Quit

Exiting LEaP: Errors = 0; Warnings = 1; Notes = 1.
====== min.o =========================================================
Reading parm file (OLN.parm7)
title:
OLN                                                                             
no velocities were found
no velocities were found
	mm_options:  ntpr=5
	mm_options:  gb=1
	mm_options:  kappa=0.10395
	mm_options:  rgbmax=99.
	mm_options:  cut=99.0
	mm_options:  wcons=0.
     bond:      2.040816700
    angle:      4.115217303
 dihedral:     44.540991160
    enb14:      4.336024806
    eel14:    -25.906660460
      enb:     -1.841570344
      eel:    -63.749875182
      egb:    -93.233116652
    econs:      0.000000000
    esurf:      0.000000000
    Total:   -129.698172669
     frms:      7.707371890
Starting TNCG minimisation
 MIN: Iter =    0  NFunc =     1  E =    -129.69817  RMSG = 7.7073719e+00
 MIN: Iter =    1  NFunc =     7  E =    -136.18778  RMSG = 3.6980011e+00
 MIN: Iter =    2  NFunc =    14  E =    -137.80575  RMSG = 1.3778712e+00
 MIN: Iter =    3  NFunc =    55  E =    -138.16454  RMSG = 2.8512101e+00
 MIN: Iter =    4  NFunc =    63  E =    -138.74444  RMSG = 7.6127579e-01
 MIN: Iter =    5  NFunc =   106  E =    -139.01493  RMSG = 1.0929589e+00
 MIN: Iter =    6  NFunc =   137  E =    -139.41449  RMSG = 3.3372260e+00
 MIN: Iter =    7  NFunc =   143  E =    -139.90612  RMSG = 6.0483073e-01
 MIN: Iter =    8  NFunc =   160  E =    -140.16422  RMSG = 1.6177146e+00
 MIN: Iter =    9  NFunc =   166  E =    -140.33942  RMSG = 3.7601211e-01
 MIN: Iter =   10  NFunc =   172  E =    -140.41455  RMSG = 7.0448649e-01
 MIN: Iter =   11  NFunc =   183  E =    -140.49890  RMSG = 4.5745475e-01
 MIN: Iter =   12  NFunc =   234  E =    -140.63447  RMSG = 1.0369701e+00
 MIN: Iter =   13  NFunc =   240  E =    -140.78279  RMSG = 6.0619915e-01
 MIN: Iter =   14  NFunc =   246  E =    -140.90395  RMSG = 8.0457003e-01
 MIN: Iter =   15  NFunc =   253  E =    -141.06105  RMSG = 8.8589820e-01
 MIN: Iter =   16  NFunc =   259  E =    -141.22235  RMSG = 8.9245164e-01
 MIN: Iter =   17  NFunc =   265  E =    -141.35799  RMSG = 6.8845631e-01
 MIN: Iter =   18  NFunc =   271  E =    -141.43736  RMSG = 3.7932998e-01
 MIN: Iter =   19  NFunc =   277  E =    -141.46053  RMSG = 2.0477522e-01
 MIN: Iter =   20  NFunc =   298  E =    -141.50141  RMSG = 3.6812874e-01
 MIN: Iter =   21  NFunc =   306  E =    -141.52158  RMSG = 1.4618319e-01
 MIN: Iter =   22  NFunc =   313  E =    -141.52891  RMSG = 1.0407106e-01
 MIN: Iter =   23  NFunc =   339  E =    -141.54019  RMSG = 1.6853184e-01
 MIN: Iter =   24  NFunc =   347  E =    -141.54268  RMSG = 4.3188677e-02
 MIN: Iter =   25  NFunc =   399  E =    -141.54685  RMSG = 1.0388407e-01
 MIN: Iter =   26  NFunc =   405  E =    -141.54809  RMSG = 4.7886369e-02
 MIN: Iter =   27  NFunc =   419  E =    -141.54903  RMSG = 3.1915072e-02
 MIN: Iter =   28  NFunc =   449  E =    -141.55038  RMSG = 6.8926462e-02
 MIN: Iter =   29  NFunc =   470  E =    -141.55125  RMSG = 3.0126159e-02
 MIN: Iter =   30  NFunc =   486  E =    -141.55155  RMSG = 1.4524469e-02
 MIN: Iter =   31  NFunc =   520  E =    -141.55216  RMSG = 1.0173345e-01
 MIN: Iter =   32  NFunc =   526  E =    -141.55263  RMSG = 1.6529292e-02
 MIN: Iter =   33  NFunc =   548  E =    -141.55302  RMSG = 5.7537302e-02
 MIN: Iter =   34  NFunc =   554  E =    -141.55318  RMSG = 1.2911893e-02
 MIN: Iter =   35  NFunc =   576  E =    -141.55337  RMSG = 9.2948912e-03
 MIN: Iter =   36  NFunc =   596  E =    -141.55342  RMSG = 3.9677245e-03
 MIN: Iter =   37  NFunc =   610  E =    -141.55344  RMSG = 3.8715332e-03
 MIN: Iter =   38  NFunc =   617  E =    -141.55344  RMSG = 2.0352233e-03
 MIN: Iter =   39  NFunc =   647  E =    -141.55345  RMSG = 9.9994576e-04
 MIN: Iter =   40  NFunc =   674  E =    -141.55345  RMSG = 7.6377217e-04
 MIN: Iter =   41  NFunc =   688  E =    -141.55345  RMSG = 7.4754510e-04
 MIN: Iter =   42  NFunc =   703  E =    -141.55345  RMSG = 6.1159160e-04
 MIN: Iter =   43  NFunc =   713  E =    -141.55345  RMSG = 4.7179873e-04
----------------------------------------------------------------
 END:          :-)  E =    -141.55345  RMSG =   0.0004718

     bond:      0.998866598
    angle:      4.462806869
 dihedral:     36.471295286
    enb14:      2.024492072
    eel14:    -31.344834036
      enb:     -2.539770090
      eel:    -64.081618230
      egb:    -87.544690348
    econs:      0.000000000
    esurf:      0.000000000
    Total:   -141.553451880
     frms:      0.000471799
====== rms.dat  ======================================================
#Frame      all_heavy
       1       0.6868
