====== tleap.out =====================================================
-I: Adding /home/case/amber24/dat/leap/prep to search path.
-I: Adding /home/case/amber24/dat/leap/lib to search path.
-I: Adding /home/case/amber24/dat/leap/parm to search path.
-I: Adding /home/case/amber24/dat/leap/cmd to search path.
-f: Source leap.in.

Welcome to LEaP!
(no leaprc in search path)
Sourcing: ./leap.in
Using Bondi radii
----- Source: /home/case/amber24/dat/leap/cmd/leaprc.gaff2
----- Source of /home/case/amber24/dat/leap/cmd/leaprc.gaff2 done
Log file: ./leap.log
Loading parameters: /home/case/amber24/dat/leap/parm/gaff2.dat
Reading title:
AMBER General Force Field for organic molecules (Version 2.2.20, March 2021)
Loading parameters: ./OLO.frcmod
Reading force field modification type file (frcmod)
Reading title:
Remark line goes here
Loading Mol2 file: ./OLO.mol2
Reading MOLECULE named OLO
Checking Unit.
Building topology.
"order_residues" off: keep input residue order.
Building atom parameters.
Building bond parameters.
Building angle parameters.
Building proper torsion parameters.
Building improper torsion parameters.
 total 14 improper torsions applied
Building H-Bond parameters.
Incorporating Non-Bonded adjustments.
Not Marking per-residue atom chain types.
Marking per-residue atom chain types.
  (Residues lacking connect0/connect1 - 
   these don't have chain types marked:

	res	total affected

	OLO	1
  )
 (no restraints)
	Quit

Exiting LEaP: Errors = 0; Warnings = 0; Notes = 0.
====== min.o =========================================================
Reading parm file (OLO.parm7)
title:
OLO                                                                             
no velocities were found
no velocities were found
	mm_options:  ntpr=5
	mm_options:  gb=1
	mm_options:  kappa=0.10395
	mm_options:  rgbmax=99.
	mm_options:  cut=99.0
	mm_options:  wcons=0.
     bond:      2.775315628
    angle:     17.309204617
 dihedral:      1.998468225
    enb14:     12.550087982
    eel14:    -42.525641615
      enb:     -4.583139669
      eel:    -34.301852242
      egb:    -25.721089418
    econs:      0.000000000
    esurf:      0.000000000
    Total:    -72.498646493
     frms:     11.738602618
Starting TNCG minimisation
 MIN: Iter =    0  NFunc =     1  E =     -72.49865  RMSG = 1.1738603e+01
 MIN: Iter =    1  NFunc =     7  E =     -81.99802  RMSG = 2.9023697e+00
 MIN: Iter =    2  NFunc =    13  E =     -83.30407  RMSG = 9.6226611e-01
 MIN: Iter =    3  NFunc =    26  E =     -84.22496  RMSG = 8.1896531e-01
 MIN: Iter =    4  NFunc =    37  E =     -84.47990  RMSG = 3.5665851e-01
 MIN: Iter =    5  NFunc =    54  E =     -84.54730  RMSG = 3.1451316e-01
 MIN: Iter =    6  NFunc =    75  E =     -84.58366  RMSG = 1.6361836e-01
 MIN: Iter =    7  NFunc =   112  E =     -84.66413  RMSG = 4.3311255e-01
 MIN: Iter =    8  NFunc =   118  E =     -84.69231  RMSG = 1.2415002e-01
 MIN: Iter =    9  NFunc =   133  E =     -84.71636  RMSG = 2.7475069e-01
 MIN: Iter =   10  NFunc =   139  E =     -84.72356  RMSG = 7.9924203e-02
 MIN: Iter =   11  NFunc =   167  E =     -84.73711  RMSG = 2.2796966e-01
 MIN: Iter =   12  NFunc =   173  E =     -84.73995  RMSG = 4.1911113e-02
 MIN: Iter =   13  NFunc =   224  E =     -84.74742  RMSG = 6.8027853e-02
 MIN: Iter =   14  NFunc =   230  E =     -84.74834  RMSG = 2.9543652e-02
 MIN: Iter =   15  NFunc =   281  E =     -84.75362  RMSG = 9.5117468e-02
 MIN: Iter =   16  NFunc =   287  E =     -84.75469  RMSG = 2.5243810e-02
 MIN: Iter =   17  NFunc =   339  E =     -84.76018  RMSG = 6.1563872e-02
 MIN: Iter =   18  NFunc =   352  E =     -84.76287  RMSG = 3.3845400e-02
 MIN: Iter =   19  NFunc =   387  E =     -84.76561  RMSG = 6.4538647e-02
 MIN: Iter =   20  NFunc =   393  E =     -84.76629  RMSG = 1.8614003e-02
 MIN: Iter =   21  NFunc =   436  E =     -84.76845  RMSG = 4.4952400e-02
 MIN: Iter =   22  NFunc =   442  E =     -84.76881  RMSG = 1.0789787e-02
 MIN: Iter =   23  NFunc =   457  E =     -84.76890  RMSG = 6.0358884e-03
 MIN: Iter =   24  NFunc =   508  E =     -84.76913  RMSG = 6.6271247e-03
 MIN: Iter =   25  NFunc =   523  E =     -84.76917  RMSG = 4.9325894e-03
 MIN: Iter =   26  NFunc =   533  E =     -84.76918  RMSG = 2.6029536e-03
 MIN: Iter =   27  NFunc =   542  E =     -84.76918  RMSG = 1.7250951e-03
 MIN: Iter =   28  NFunc =   551  E =     -84.76918  RMSG = 1.1184291e-03
 MIN: Iter =   29  NFunc =   580  E =     -84.76919  RMSG = 8.9265582e-04
 MIN: Iter =   30  NFunc =   608  E =     -84.76919  RMSG = 3.8869693e-04
----------------------------------------------------------------
 END:          :-)  E =     -84.76919  RMSG =   0.0003887

     bond:      1.894099901
    angle:     12.388905935
 dihedral:      2.154969549
    enb14:      9.138955831
    eel14:    -43.338311627
      enb:     -5.290040189
      eel:    -34.526763928
      egb:    -27.191003258
    econs:      0.000000000
    esurf:      0.000000000
    Total:    -84.769187786
     frms:      0.000388697
====== rms.dat  ======================================================
#Frame      all_heavy
       1       0.2956
