====== tleap.out =====================================================
-I: Adding /home/case/amber24/dat/leap/prep to search path.
-I: Adding /home/case/amber24/dat/leap/lib to search path.
-I: Adding /home/case/amber24/dat/leap/parm to search path.
-I: Adding /home/case/amber24/dat/leap/cmd to search path.
-f: Source leap.in.

Welcome to LEaP!
(no leaprc in search path)
Sourcing: ./leap.in
Using Bondi radii
----- Source: /home/case/amber24/dat/leap/cmd/leaprc.gaff2
----- Source of /home/case/amber24/dat/leap/cmd/leaprc.gaff2 done
Log file: ./leap.log
Loading parameters: /home/case/amber24/dat/leap/parm/gaff2.dat
Reading title:
AMBER General Force Field for organic molecules (Version 2.2.20, March 2021)
Loading parameters: ./OMW.frcmod
Reading force field modification type file (frcmod)
Reading title:
Remark line goes here
Loading Mol2 file: ./OMW.mol2
Reading MOLECULE named OMW
Checking Unit.
Building topology.
"order_residues" off: keep input residue order.
Building atom parameters.
Building bond parameters.
Building angle parameters.
Building proper torsion parameters.
Building improper torsion parameters.
 total 14 improper torsions applied
Building H-Bond parameters.
Incorporating Non-Bonded adjustments.
Not Marking per-residue atom chain types.
Marking per-residue atom chain types.
  (Residues lacking connect0/connect1 - 
   these don't have chain types marked:

	res	total affected

	OMW	1
  )
 (no restraints)
	Quit

Exiting LEaP: Errors = 0; Warnings = 0; Notes = 0.
====== min.o =========================================================
Reading parm file (OMW.parm7)
title:
OMW                                                                             
no velocities were found
no velocities were found
	mm_options:  ntpr=5
	mm_options:  gb=1
	mm_options:  kappa=0.10395
	mm_options:  rgbmax=99.
	mm_options:  cut=99.0
	mm_options:  wcons=0.
     bond:      1.819646926
    angle:      2.915317525
 dihedral:     13.915139638
    enb14:     10.268332428
    eel14:    -89.066038434
      enb:     -1.670384338
      eel:     31.202858606
      egb:    -18.779338687
    econs:      0.000000000
    esurf:      0.000000000
    Total:    -49.394466336
     frms:      9.487803385
Starting TNCG minimisation
 MIN: Iter =    0  NFunc =     1  E =     -49.39447  RMSG = 9.4878034e+00
 MIN: Iter =    1  NFunc =     7  E =     -55.02741  RMSG = 2.1262270e+00
 MIN: Iter =    2  NFunc =    13  E =     -56.02430  RMSG = 1.1098886e+00
 MIN: Iter =    3  NFunc =    23  E =     -56.75599  RMSG = 8.8155599e-01
 MIN: Iter =    4  NFunc =    66  E =     -57.36206  RMSG = 1.3500838e+00
 MIN: Iter =    5  NFunc =    84  E =     -57.99018  RMSG = 1.5880143e+00
 MIN: Iter =    6  NFunc =    93  E =     -58.60615  RMSG = 1.3744500e+00
 MIN: Iter =    7  NFunc =    99  E =     -58.98565  RMSG = 9.1419491e-01
 MIN: Iter =    8  NFunc =   105  E =     -59.18683  RMSG = 6.8510298e-01
 MIN: Iter =    9  NFunc =   115  E =     -59.35769  RMSG = 6.3999139e-01
 MIN: Iter =   10  NFunc =   127  E =     -59.42597  RMSG = 2.4532251e-01
 MIN: Iter =   11  NFunc =   137  E =     -59.46105  RMSG = 3.5872375e-01
 MIN: Iter =   12  NFunc =   148  E =     -59.49123  RMSG = 2.5413433e-01
 MIN: Iter =   13  NFunc =   158  E =     -59.51049  RMSG = 1.6376952e-01
 MIN: Iter =   14  NFunc =   164  E =     -59.51833  RMSG = 1.1162240e-01
 MIN: Iter =   15  NFunc =   196  E =     -59.56239  RMSG = 2.4666093e-01
 MIN: Iter =   16  NFunc =   202  E =     -59.57017  RMSG = 7.0343933e-02
 MIN: Iter =   17  NFunc =   209  E =     -59.57134  RMSG = 3.3725796e-02
 MIN: Iter =   18  NFunc =   239  E =     -59.57482  RMSG = 5.1187491e-02
 MIN: Iter =   19  NFunc =   253  E =     -59.57541  RMSG = 1.7539660e-02
 MIN: Iter =   20  NFunc =   277  E =     -59.57723  RMSG = 6.3364626e-02
 MIN: Iter =   21  NFunc =   283  E =     -59.57784  RMSG = 2.7323946e-02
 MIN: Iter =   22  NFunc =   299  E =     -59.57854  RMSG = 3.3874943e-02
 MIN: Iter =   23  NFunc =   331  E =     -59.58021  RMSG = 7.4056645e-02
 MIN: Iter =   24  NFunc =   341  E =     -59.58126  RMSG = 2.7689967e-02
 MIN: Iter =   25  NFunc =   374  E =     -59.58261  RMSG = 5.0080840e-02
 MIN: Iter =   26  NFunc =   385  E =     -59.58367  RMSG = 5.0296549e-02
 MIN: Iter =   27  NFunc =   392  E =     -59.58427  RMSG = 2.8592991e-02
 MIN: Iter =   28  NFunc =   398  E =     -59.58453  RMSG = 2.0743944e-02
 MIN: Iter =   29  NFunc =   429  E =     -59.58489  RMSG = 1.8773980e-02
 MIN: Iter =   30  NFunc =   435  E =     -59.58494  RMSG = 8.1525485e-03
 MIN: Iter =   31  NFunc =   441  E =     -59.58496  RMSG = 4.4711372e-03
 MIN: Iter =   32  NFunc =   474  E =     -59.58502  RMSG = 3.5868066e-03
 MIN: Iter =   33  NFunc =   484  E =     -59.58503  RMSG = 2.0056848e-03
 MIN: Iter =   34  NFunc =   530  E =     -59.58507  RMSG = 1.7199208e-03
 MIN: Iter =   35  NFunc =   581  E =     -59.58512  RMSG = 5.3102292e-03
 MIN: Iter =   36  NFunc =   614  E =     -59.58519  RMSG = 5.6167943e-03
 MIN: Iter =   37  NFunc =   626  E =     -59.58520  RMSG = 2.8269713e-03
 MIN: Iter =   38  NFunc =   661  E =     -59.58526  RMSG = 3.7621588e-03
 MIN: Iter =   39  NFunc =   685  E =     -59.58526  RMSG = 1.6321860e-03
 MIN: Iter =   40  NFunc =   705  E =     -59.58527  RMSG = 1.0409222e-03
 MIN: Iter =   41  NFunc =   714  E =     -59.58527  RMSG = 8.0904330e-04
 MIN: Iter =   42  NFunc =   724  E =     -59.58527  RMSG = 5.3383683e-04
 MIN: Iter =   43  NFunc =   748  E =     -59.58527  RMSG = 4.7684637e-04
----------------------------------------------------------------
 END:          :-)  E =     -59.58527  RMSG =   0.0004768

     bond:      1.200871931
    angle:      2.660603873
 dihedral:      4.940118467
    enb14:      7.647071651
    eel14:    -89.493742432
      enb:      0.905747934
      eel:     29.907378660
      egb:    -17.353320711
    econs:      0.000000000
    esurf:      0.000000000
    Total:    -59.585270627
     frms:      0.000476846
====== rms.dat  ======================================================
#Frame      all_heavy
       1       0.3349
