====== tleap.out =====================================================
-I: Adding /home/case/amber24/dat/leap/prep to search path.
-I: Adding /home/case/amber24/dat/leap/lib to search path.
-I: Adding /home/case/amber24/dat/leap/parm to search path.
-I: Adding /home/case/amber24/dat/leap/cmd to search path.
-f: Source leap.in.

Welcome to LEaP!
(no leaprc in search path)
Sourcing: ./leap.in
Using Bondi radii
----- Source: /home/case/amber24/dat/leap/cmd/leaprc.gaff2
----- Source of /home/case/amber24/dat/leap/cmd/leaprc.gaff2 done
Log file: ./leap.log
Loading parameters: /home/case/amber24/dat/leap/parm/gaff2.dat
Reading title:
AMBER General Force Field for organic molecules (Version 2.2.20, March 2021)
Loading parameters: ./ONX.frcmod
Reading force field modification type file (frcmod)
Reading title:
Remark line goes here
Loading Mol2 file: ./ONX.mol2
Reading MOLECULE named ONX
Checking Unit.
Building topology.
"order_residues" off: keep input residue order.
Building atom parameters.
Building bond parameters.
Building angle parameters.
Building proper torsion parameters.
Building improper torsion parameters.
 total 4 improper torsions applied
Building H-Bond parameters.
Incorporating Non-Bonded adjustments.
Not Marking per-residue atom chain types.
Marking per-residue atom chain types.
  (Residues lacking connect0/connect1 - 
   these don't have chain types marked:

	res	total affected

	ONX	1
  )
 (no restraints)
	Quit

Exiting LEaP: Errors = 0; Warnings = 0; Notes = 0.
====== min.o =========================================================
Reading parm file (ONX.parm7)
title:
ONX                                                                             
no velocities were found
no velocities were found
	mm_options:  ntpr=5
	mm_options:  gb=1
	mm_options:  kappa=0.10395
	mm_options:  rgbmax=99.
	mm_options:  cut=99.0
	mm_options:  wcons=0.
     bond:      1.790738461
    angle:      3.534749640
 dihedral:     28.500799281
    enb14:     13.543053342
    eel14:     13.826091812
      enb:     -7.649114669
      eel:    -46.167163045
      egb:    -14.493088352
    econs:      0.000000000
    esurf:      0.000000000
    Total:     -7.113933529
     frms:      4.288734960
Starting TNCG minimisation
 MIN: Iter =    0  NFunc =     1  E =      -7.11393  RMSG = 4.2887350e+00
 MIN: Iter =    1  NFunc =     7  E =     -11.87950  RMSG = 8.3397054e-01
 MIN: Iter =    2  NFunc =    36  E =     -13.94173  RMSG = 4.3804770e-01
 MIN: Iter =    3  NFunc =    51  E =     -14.68022  RMSG = 4.0195121e-01
 MIN: Iter =    4  NFunc =    93  E =     -14.97797  RMSG = 6.3685090e-01
 MIN: Iter =    5  NFunc =   100  E =     -15.13271  RMSG = 1.9665871e-01
 MIN: Iter =    6  NFunc =   130  E =     -15.46128  RMSG = 4.1549852e-01
 MIN: Iter =    7  NFunc =   181  E =     -15.90909  RMSG = 6.2503433e-01
 MIN: Iter =    8  NFunc =   189  E =     -16.31329  RMSG = 5.4528822e-01
 MIN: Iter =    9  NFunc =   209  E =     -16.76378  RMSG = 5.5270688e-01
 MIN: Iter =   10  NFunc =   220  E =     -17.13216  RMSG = 4.5378222e-01
 MIN: Iter =   11  NFunc =   226  E =     -17.30787  RMSG = 2.3756792e-01
 MIN: Iter =   12  NFunc =   246  E =     -17.50109  RMSG = 4.1865835e-01
 MIN: Iter =   13  NFunc =   254  E =     -17.57017  RMSG = 1.2015300e-01
 MIN: Iter =   14  NFunc =   267  E =     -17.63051  RMSG = 3.0894205e-01
 MIN: Iter =   15  NFunc =   275  E =     -17.66597  RMSG = 8.6422518e-02
 MIN: Iter =   16  NFunc =   326  E =     -17.80998  RMSG = 5.0696054e-01
 MIN: Iter =   17  NFunc =   332  E =     -17.90207  RMSG = 1.3091990e-01
 MIN: Iter =   18  NFunc =   362  E =     -18.00200  RMSG = 5.2974702e-01
 MIN: Iter =   19  NFunc =   368  E =     -18.09463  RMSG = 1.4866917e-01
 MIN: Iter =   20  NFunc =   398  E =     -18.15764  RMSG = 1.5705336e-01
 MIN: Iter =   21  NFunc =   406  E =     -18.21043  RMSG = 2.8418928e-01
 MIN: Iter =   22  NFunc =   414  E =     -18.27486  RMSG = 1.4133837e-01
 MIN: Iter =   23  NFunc =   431  E =     -18.31557  RMSG = 1.6709724e-01
 MIN: Iter =   24  NFunc =   442  E =     -18.36229  RMSG = 1.5738387e-01
 MIN: Iter =   25  NFunc =   448  E =     -18.38075  RMSG = 5.9169672e-02
 MIN: Iter =   26  NFunc =   467  E =     -18.40959  RMSG = 1.3620486e-01
 MIN: Iter =   27  NFunc =   475  E =     -18.43319  RMSG = 1.0947272e-01
 MIN: Iter =   28  NFunc =   481  E =     -18.44662  RMSG = 8.2527150e-02
 MIN: Iter =   29  NFunc =   498  E =     -18.47237  RMSG = 1.1235518e-01
 MIN: Iter =   30  NFunc =   505  E =     -18.48704  RMSG = 6.4598573e-02
 MIN: Iter =   31  NFunc =   525  E =     -18.51977  RMSG = 1.5135798e-01
 MIN: Iter =   32  NFunc =   533  E =     -18.55594  RMSG = 1.9542795e-01
 MIN: Iter =   33  NFunc =   539  E =     -18.58555  RMSG = 1.0608763e-01
 MIN: Iter =   34  NFunc =   545  E =     -18.60666  RMSG = 2.0619618e-01
 MIN: Iter =   35  NFunc =   553  E =     -18.64137  RMSG = 8.8999811e-02
 MIN: Iter =   36  NFunc =   563  E =     -18.66449  RMSG = 1.3153918e-01
 MIN: Iter =   37  NFunc =   569  E =     -18.68936  RMSG = 1.7370092e-01
 MIN: Iter =   38  NFunc =   575  E =     -18.71116  RMSG = 7.9419114e-02
 MIN: Iter =   39  NFunc =   617  E =     -18.78303  RMSG = 5.1545608e-01
 MIN: Iter =   40  NFunc =   623  E =     -18.85808  RMSG = 1.7666961e-01
 MIN: Iter =   41  NFunc =   645  E =     -18.91388  RMSG = 1.9286320e-01
 MIN: Iter =   42  NFunc =   653  E =     -18.96477  RMSG = 2.9933264e-01
 MIN: Iter =   43  NFunc =   659  E =     -19.00057  RMSG = 1.0198033e-01
 MIN: Iter =   44  NFunc =   665  E =     -19.01389  RMSG = 1.8608106e-01
 MIN: Iter =   45  NFunc =   688  E =     -19.07436  RMSG = 1.5555149e-01
 MIN: Iter =   46  NFunc =   713  E =     -19.14652  RMSG = 2.9250172e-01
 MIN: Iter =   47  NFunc =   720  E =     -19.17886  RMSG = 8.5717928e-02
 MIN: Iter =   48  NFunc =   741  E =     -19.20909  RMSG = 9.1935379e-02
 MIN: Iter =   49  NFunc =   755  E =     -19.23247  RMSG = 2.1372438e-01
 MIN: Iter =   50  NFunc =   761  E =     -19.24661  RMSG = 8.1163714e-02
 MIN: Iter =   51  NFunc =   793  E =     -19.26628  RMSG = 1.1316225e-01
 MIN: Iter =   52  NFunc =   810  E =     -19.28252  RMSG = 5.8616743e-02
 MIN: Iter =   53  NFunc =   843  E =     -19.30094  RMSG = 8.6644304e-02
 MIN: Iter =   54  NFunc =   851  E =     -19.30707  RMSG = 3.9385659e-02
 MIN: Iter =   55  NFunc =   891  E =     -19.32513  RMSG = 1.0215077e-01
 MIN: Iter =   56  NFunc =   898  E =     -19.33241  RMSG = 4.6456614e-02
 MIN: Iter =   57  NFunc =   914  E =     -19.34058  RMSG = 1.2022303e-01
 MIN: Iter =   58  NFunc =   921  E =     -19.34695  RMSG = 3.5038868e-02
 MIN: Iter =   59  NFunc =   944  E =     -19.35374  RMSG = 5.7858918e-02
 MIN: Iter =   60  NFunc =   952  E =     -19.35686  RMSG = 2.2280299e-02
 MIN: Iter =   61  NFunc =   995  E =     -19.36471  RMSG = 6.2799204e-02
 MIN: Iter =   62  NFunc =  1002  E =     -19.36745  RMSG = 2.7830264e-02
 MIN: Iter =   63  NFunc =  1034  E =     -19.37524  RMSG = 1.3651801e-01
 MIN: Iter =   64  NFunc =  1040  E =     -19.38045  RMSG = 2.8478211e-02
 MIN: Iter =   65  NFunc =  1091  E =     -19.38585  RMSG = 7.5383469e-02
 MIN: Iter =   66  NFunc =  1098  E =     -19.38780  RMSG = 1.6887478e-02
 MIN: Iter =   67  NFunc =  1138  E =     -19.39020  RMSG = 1.1564264e-02
 MIN: Iter =   68  NFunc =  1189  E =     -19.39169  RMSG = 1.0515008e-02
 MIN: Iter =   69  NFunc =  1211  E =     -19.39206  RMSG = 6.7256215e-03
 MIN: Iter =   70  NFunc =  1262  E =     -19.39389  RMSG = 1.5708476e-02
 MIN: Iter =   71  NFunc =  1313  E =     -19.39835  RMSG = 2.5880853e-02
 MIN: Iter =   72  NFunc =  1335  E =     -19.40242  RMSG = 2.5065531e-02
 MIN: Iter =   73  NFunc =  1386  E =     -19.40965  RMSG = 3.2007735e-02
 MIN: Iter =   74  NFunc =  1426  E =     -19.41460  RMSG = 2.7456591e-02
 MIN: Iter =   75  NFunc =  1477  E =     -19.42170  RMSG = 3.8148235e-02
 MIN: Iter =   76  NFunc =  1516  E =     -19.42820  RMSG = 4.0866500e-02
 MIN: Iter =   77  NFunc =  1554  E =     -19.43324  RMSG = 3.6974474e-02
 MIN: Iter =   78  NFunc =  1562  E =     -19.43411  RMSG = 1.6626608e-02
 MIN: Iter =   79  NFunc =  1613  E =     -19.43830  RMSG = 4.4942185e-02
 MIN: Iter =   80  NFunc =  1621  E =     -19.43973  RMSG = 1.6748035e-02
 MIN: Iter =   81  NFunc =  1653  E =     -19.44281  RMSG = 6.0860730e-02
 MIN: Iter =   82  NFunc =  1659  E =     -19.44421  RMSG = 1.9059140e-02
 MIN: Iter =   83  NFunc =  1710  E =     -19.44707  RMSG = 7.2806625e-02
 MIN: Iter =   84  NFunc =  1716  E =     -19.44920  RMSG = 2.7492194e-02
 MIN: Iter =   85  NFunc =  1748  E =     -19.45230  RMSG = 2.9247349e-02
 MIN: Iter =   86  NFunc =  1756  E =     -19.45379  RMSG = 2.5976900e-02
 MIN: Iter =   87  NFunc =  1767  E =     -19.45559  RMSG = 5.0284581e-02
 MIN: Iter =   88  NFunc =  1776  E =     -19.45707  RMSG = 1.5576557e-02
 MIN: Iter =   89  NFunc =  1792  E =     -19.45800  RMSG = 1.5799354e-02
 MIN: Iter =   90  NFunc =  1800  E =     -19.45897  RMSG = 1.9716840e-02
 MIN: Iter =   91  NFunc =  1817  E =     -19.46004  RMSG = 2.1798613e-02
 MIN: Iter =   92  NFunc =  1831  E =     -19.46131  RMSG = 1.8392579e-02
 MIN: Iter =   93  NFunc =  1840  E =     -19.46163  RMSG = 7.2762620e-03
 MIN: Iter =   94  NFunc =  1855  E =     -19.46195  RMSG = 6.9953017e-03
 MIN: Iter =   95  NFunc =  1903  E =     -19.46312  RMSG = 2.4344619e-02
 MIN: Iter =   96  NFunc =  1909  E =     -19.46331  RMSG = 8.6686375e-03
 MIN: Iter =   97  NFunc =  1952  E =     -19.46474  RMSG = 2.4755377e-02
 MIN: Iter =   98  NFunc =  1958  E =     -19.46493  RMSG = 8.8554820e-03
 MIN: Iter =   99  NFunc =  2008  E =     -19.46578  RMSG = 6.1485732e-03
 MIN: Iter =  100  NFunc =  2059  E =     -19.46636  RMSG = 6.5384374e-03
----------------------------------------------------------------
 END:          :-)  E =     -19.46636  RMSG =   0.0065384

     bond:      0.957974201
    angle:      1.859864662
 dihedral:     24.119071320
    enb14:      9.843450111
    eel14:     11.076014780
      enb:     -8.877065441
      eel:    -43.228174494
      egb:    -15.217492091
    econs:      0.000000000
    esurf:      0.000000000
    Total:    -19.466356953
     frms:      0.006538437
====== rms.dat  ======================================================
#Frame      all_heavy
       1       1.4630
