====== tleap.out =====================================================
-I: Adding /home/case/amber24/dat/leap/prep to search path.
-I: Adding /home/case/amber24/dat/leap/lib to search path.
-I: Adding /home/case/amber24/dat/leap/parm to search path.
-I: Adding /home/case/amber24/dat/leap/cmd to search path.
-f: Source leap.in.

Welcome to LEaP!
(no leaprc in search path)
Sourcing: ./leap.in
Using Bondi radii
----- Source: /home/case/amber24/dat/leap/cmd/leaprc.gaff2
----- Source of /home/case/amber24/dat/leap/cmd/leaprc.gaff2 done
Log file: ./leap.log
Loading parameters: /home/case/amber24/dat/leap/parm/gaff2.dat
Reading title:
AMBER General Force Field for organic molecules (Version 2.2.20, March 2021)
Loading parameters: ./ORU.frcmod
Reading force field modification type file (frcmod)
Reading title:
Remark line goes here
Loading Mol2 file: ./ORU.mol2
Reading MOLECULE named ORU
Checking Unit.
Building topology.
"order_residues" off: keep input residue order.
Building atom parameters.
Building bond parameters.
Building angle parameters.
Building proper torsion parameters.

/home/case/amber24/bin/teLeap: Note.
1-4: angle 6 13 duplicates bond ('triangular' bond) or angle ('square' bond)


/home/case/amber24/bin/teLeap: Note.
1-4: angle 6 12 duplicates bond ('triangular' bond) or angle ('square' bond)


/home/case/amber24/bin/teLeap: Note.
1-4: angle 12 13 duplicates bond ('triangular' bond) or angle ('square' bond)

Building improper torsion parameters.
 total 21 improper torsions applied
Building H-Bond parameters.
Incorporating Non-Bonded adjustments.
Not Marking per-residue atom chain types.
Marking per-residue atom chain types.
  (Residues lacking connect0/connect1 - 
   these don't have chain types marked:

	res	total affected

	ORU	1
  )
 (no restraints)
	Quit

Exiting LEaP: Errors = 0; Warnings = 0; Notes = 3.
====== min.o =========================================================
Reading parm file (ORU.parm7)
title:
ORU                                                                             
no velocities were found
no velocities were found
	mm_options:  ntpr=5
	mm_options:  gb=1
	mm_options:  kappa=0.10395
	mm_options:  rgbmax=99.
	mm_options:  cut=99.0
	mm_options:  wcons=0.
     bond:      4.945948060
    angle:     30.663768558
 dihedral:     19.101602826
    enb14:     12.164914970
    eel14:    -10.816762444
      enb:     -8.281882829
      eel:      7.631449817
      egb:    -29.906014378
    econs:      0.000000000
    esurf:      0.000000000
    Total:     25.503024581
     frms:     12.505346747
Starting TNCG minimisation
 MIN: Iter =    0  NFunc =     1  E =      25.50302  RMSG = 1.2505347e+01
 MIN: Iter =    1  NFunc =     7  E =      10.07874  RMSG = 2.1455051e+00
 MIN: Iter =    2  NFunc =    20  E =       7.38134  RMSG = 7.8661547e-01
 MIN: Iter =    3  NFunc =    26  E =       7.17238  RMSG = 3.8172567e-01
 MIN: Iter =    4  NFunc =    35  E =       7.06618  RMSG = 2.5128070e-01
 MIN: Iter =    5  NFunc =    58  E =       6.98607  RMSG = 2.2341660e-01
 MIN: Iter =    6  NFunc =    74  E =       6.94850  RMSG = 1.3702839e-01
 MIN: Iter =    7  NFunc =   125  E =       6.90444  RMSG = 2.4497734e-01
 MIN: Iter =    8  NFunc =   138  E =       6.87552  RMSG = 1.1245162e-01
 MIN: Iter =    9  NFunc =   189  E =       6.83536  RMSG = 1.8510758e-01
 MIN: Iter =   10  NFunc =   205  E =       6.80184  RMSG = 1.9272597e-01
 MIN: Iter =   11  NFunc =   216  E =       6.77650  RMSG = 1.2635586e-01
 MIN: Iter =   12  NFunc =   222  E =       6.76424  RMSG = 1.0251360e-01
 MIN: Iter =   13  NFunc =   235  E =       6.74811  RMSG = 1.4469781e-01
 MIN: Iter =   14  NFunc =   251  E =       6.73151  RMSG = 7.2948613e-02
 MIN: Iter =   15  NFunc =   280  E =       6.71762  RMSG = 2.0255775e-01
 MIN: Iter =   16  NFunc =   286  E =       6.71067  RMSG = 4.8776706e-02
 MIN: Iter =   17  NFunc =   327  E =       6.69485  RMSG = 2.3466335e-01
 MIN: Iter =   18  NFunc =   333  E =       6.68503  RMSG = 6.7789220e-02
 MIN: Iter =   19  NFunc =   350  E =       6.67987  RMSG = 5.0490972e-02
 MIN: Iter =   20  NFunc =   386  E =       6.67296  RMSG = 7.5395624e-02
 MIN: Iter =   21  NFunc =   393  E =       6.67160  RMSG = 2.6652431e-02
 MIN: Iter =   22  NFunc =   415  E =       6.67005  RMSG = 1.7606516e-02
 MIN: Iter =   23  NFunc =   466  E =       6.66770  RMSG = 1.9822177e-02
 MIN: Iter =   24  NFunc =   498  E =       6.66673  RMSG = 1.1347548e-02
 MIN: Iter =   25  NFunc =   547  E =       6.66519  RMSG = 3.2581255e-02
 MIN: Iter =   26  NFunc =   554  E =       6.66497  RMSG = 1.3021548e-02
 MIN: Iter =   27  NFunc =   588  E =       6.66435  RMSG = 1.0740628e-02
 MIN: Iter =   28  NFunc =   606  E =       6.66416  RMSG = 6.1060689e-03
 MIN: Iter =   29  NFunc =   637  E =       6.66398  RMSG = 5.4217457e-03
 MIN: Iter =   30  NFunc =   666  E =       6.66389  RMSG = 3.4197867e-03
 MIN: Iter =   31  NFunc =   717  E =       6.66378  RMSG = 4.6645602e-03
 MIN: Iter =   32  NFunc =   726  E =       6.66377  RMSG = 3.5827136e-03
 MIN: Iter =   33  NFunc =   777  E =       6.66365  RMSG = 3.9196972e-03
 MIN: Iter =   34  NFunc =   828  E =       6.66358  RMSG = 4.4403143e-03
 MIN: Iter =   35  NFunc =   855  E =       6.66354  RMSG = 2.4114334e-03
 MIN: Iter =   36  NFunc =   879  E =       6.66352  RMSG = 2.1032342e-03
 MIN: Iter =   37  NFunc =   909  E =       6.66351  RMSG = 1.2931127e-03
 MIN: Iter =   38  NFunc =   919  E =       6.66351  RMSG = 7.1346953e-04
 MIN: Iter =   39  NFunc =   962  E =       6.66350  RMSG = 4.5689913e-04
----------------------------------------------------------------
 END:          :-)  E =       6.66350  RMSG =   0.0004569

     bond:      2.483255825
    angle:     19.447930030
 dihedral:     19.432903656
    enb14:      8.302946721
    eel14:    -10.889414525
      enb:     -9.369434990
      eel:      6.799063304
      egb:    -29.543747546
    econs:      0.000000000
    esurf:      0.000000000
    Total:      6.663502476
     frms:      0.000456899
====== rms.dat  ======================================================
#Frame      all_heavy
       1       0.6268
