====== tleap.out =====================================================
-I: Adding /home/case/amber24/dat/leap/prep to search path.
-I: Adding /home/case/amber24/dat/leap/lib to search path.
-I: Adding /home/case/amber24/dat/leap/parm to search path.
-I: Adding /home/case/amber24/dat/leap/cmd to search path.
-f: Source leap.in.

Welcome to LEaP!
(no leaprc in search path)
Sourcing: ./leap.in
Using Bondi radii
----- Source: /home/case/amber24/dat/leap/cmd/leaprc.gaff2
----- Source of /home/case/amber24/dat/leap/cmd/leaprc.gaff2 done
Log file: ./leap.log
Loading parameters: /home/case/amber24/dat/leap/parm/gaff2.dat
Reading title:
AMBER General Force Field for organic molecules (Version 2.2.20, March 2021)
Loading parameters: ./OS2.frcmod
Reading force field modification type file (frcmod)
Reading title:
Remark line goes here
Loading Mol2 file: ./OS2.mol2
Reading MOLECULE named OS2
Checking Unit.
Building topology.
"order_residues" off: keep input residue order.
Building atom parameters.
Building bond parameters.
Building angle parameters.
Building proper torsion parameters.
Building improper torsion parameters.
 total 8 improper torsions applied
Building H-Bond parameters.
Incorporating Non-Bonded adjustments.
Not Marking per-residue atom chain types.
Marking per-residue atom chain types.
  (Residues lacking connect0/connect1 - 
   these don't have chain types marked:

	res	total affected

	OS2	1
  )
 (no restraints)
	Quit

Exiting LEaP: Errors = 0; Warnings = 0; Notes = 0.
====== min.o =========================================================
Reading parm file (OS2.parm7)
title:
OS2                                                                             
no velocities were found
no velocities were found
	mm_options:  ntpr=5
	mm_options:  gb=1
	mm_options:  kappa=0.10395
	mm_options:  rgbmax=99.
	mm_options:  cut=99.0
	mm_options:  wcons=0.
     bond:      2.297773717
    angle:     18.106068532
 dihedral:     13.020441731
    enb14:      7.574660561
    eel14:    -40.594291195
      enb:     -4.793104949
      eel:      0.653915919
      egb:    -32.541561504
    econs:      0.000000000
    esurf:      0.000000000
    Total:    -36.276097187
     frms:     10.663661334
Starting TNCG minimisation
 MIN: Iter =    0  NFunc =     1  E =     -36.27610  RMSG = 1.0663661e+01
 MIN: Iter =    1  NFunc =     7  E =     -43.62838  RMSG = 2.5385206e+00
 MIN: Iter =    2  NFunc =    19  E =     -45.14605  RMSG = 7.2372341e-01
 MIN: Iter =    3  NFunc =    44  E =     -45.64934  RMSG = 2.3248496e+00
 MIN: Iter =    4  NFunc =    50  E =     -45.86455  RMSG = 3.5224230e-01
 MIN: Iter =    5  NFunc =    92  E =     -45.91650  RMSG = 4.3147288e-01
 MIN: Iter =    6  NFunc =   143  E =     -46.16330  RMSG = 8.2605092e-01
 MIN: Iter =    7  NFunc =   150  E =     -46.33061  RMSG = 7.8844795e-01
 MIN: Iter =    8  NFunc =   156  E =     -46.41685  RMSG = 3.4203008e-01
 MIN: Iter =    9  NFunc =   173  E =     -46.54278  RMSG = 7.3838509e-01
 MIN: Iter =   10  NFunc =   179  E =     -46.59394  RMSG = 2.1037258e-01
 MIN: Iter =   11  NFunc =   190  E =     -46.62789  RMSG = 2.4109605e-01
 MIN: Iter =   12  NFunc =   215  E =     -46.64211  RMSG = 2.2898064e-01
 MIN: Iter =   13  NFunc =   260  E =     -46.82268  RMSG = 4.1257042e-01
 MIN: Iter =   14  NFunc =   269  E =     -46.89892  RMSG = 3.3280864e-01
 MIN: Iter =   15  NFunc =   286  E =     -47.00131  RMSG = 3.2956654e-01
 MIN: Iter =   16  NFunc =   294  E =     -47.03806  RMSG = 1.9950904e-01
 MIN: Iter =   17  NFunc =   315  E =     -47.07875  RMSG = 2.4398958e-01
 MIN: Iter =   18  NFunc =   332  E =     -47.10537  RMSG = 1.1035393e-01
 MIN: Iter =   19  NFunc =   352  E =     -47.12446  RMSG = 2.4369202e-01
 MIN: Iter =   20  NFunc =   358  E =     -47.13175  RMSG = 7.2330867e-02
 MIN: Iter =   21  NFunc =   409  E =     -47.14753  RMSG = 2.0894368e-01
 MIN: Iter =   22  NFunc =   415  E =     -47.15243  RMSG = 7.2564317e-02
 MIN: Iter =   23  NFunc =   452  E =     -47.15965  RMSG = 6.4230675e-02
 MIN: Iter =   24  NFunc =   475  E =     -47.16342  RMSG = 6.7916770e-02
 MIN: Iter =   25  NFunc =   482  E =     -47.16563  RMSG = 4.5417918e-02
 MIN: Iter =   26  NFunc =   488  E =     -47.16700  RMSG = 4.8775499e-02
 MIN: Iter =   27  NFunc =   505  E =     -47.16964  RMSG = 5.1001573e-02
 MIN: Iter =   28  NFunc =   518  E =     -47.17053  RMSG = 2.5071422e-02
 MIN: Iter =   29  NFunc =   569  E =     -47.17209  RMSG = 3.2685744e-02
 MIN: Iter =   30  NFunc =   600  E =     -47.17326  RMSG = 2.9200516e-02
 MIN: Iter =   31  NFunc =   616  E =     -47.17354  RMSG = 1.1341269e-02
 MIN: Iter =   32  NFunc =   630  E =     -47.17361  RMSG = 6.5324487e-03
 MIN: Iter =   33  NFunc =   681  E =     -47.17383  RMSG = 7.6617145e-03
 MIN: Iter =   34  NFunc =   709  E =     -47.17390  RMSG = 6.8189621e-03
 MIN: Iter =   35  NFunc =   716  E =     -47.17392  RMSG = 3.4637135e-03
 MIN: Iter =   36  NFunc =   726  E =     -47.17392  RMSG = 2.0510203e-03
 MIN: Iter =   37  NFunc =   751  E =     -47.17393  RMSG = 1.2232874e-03
 MIN: Iter =   38  NFunc =   802  E =     -47.17393  RMSG = 7.5221220e-04
 MIN: Iter =   39  NFunc =   817  E =     -47.17393  RMSG = 3.6294475e-04
----------------------------------------------------------------
 END:          :-)  E =     -47.17393  RMSG =   0.0003629

     bond:      2.025929283
    angle:     13.895891042
 dihedral:     11.147175411
    enb14:      5.309528622
    eel14:    -44.246783293
      enb:     -4.418587135
      eel:      2.531788893
      egb:    -33.418877604
    econs:      0.000000000
    esurf:      0.000000000
    Total:    -47.173934782
     frms:      0.000362945
====== rms.dat  ======================================================
#Frame      all_heavy
       1       0.6307
