====== tleap.out =====================================================
-I: Adding /home/case/amber24/dat/leap/prep to search path.
-I: Adding /home/case/amber24/dat/leap/lib to search path.
-I: Adding /home/case/amber24/dat/leap/parm to search path.
-I: Adding /home/case/amber24/dat/leap/cmd to search path.
-f: Source leap.in.

Welcome to LEaP!
(no leaprc in search path)
Sourcing: ./leap.in
Using Bondi radii
----- Source: /home/case/amber24/dat/leap/cmd/leaprc.gaff2
----- Source of /home/case/amber24/dat/leap/cmd/leaprc.gaff2 done
Log file: ./leap.log
Loading parameters: /home/case/amber24/dat/leap/parm/gaff2.dat
Reading title:
AMBER General Force Field for organic molecules (Version 2.2.20, March 2021)
Loading parameters: ./OSI.frcmod
Reading force field modification type file (frcmod)
Reading title:
Remark line goes here
Loading Mol2 file: ./OSI.mol2
Reading MOLECULE named OSI
Checking Unit.
Building topology.
"order_residues" off: keep input residue order.
Building atom parameters.
Building bond parameters.
Building angle parameters.
Building proper torsion parameters.
Building improper torsion parameters.
 total 17 improper torsions applied
Building H-Bond parameters.
Incorporating Non-Bonded adjustments.
Not Marking per-residue atom chain types.
Marking per-residue atom chain types.
  (Residues lacking connect0/connect1 - 
   these don't have chain types marked:

	res	total affected

	OSI	1
  )
 (no restraints)
	Quit

Exiting LEaP: Errors = 0; Warnings = 0; Notes = 0.
====== min.o =========================================================
Reading parm file (OSI.parm7)
title:
OSI                                                                             
no velocities were found
no velocities were found
	mm_options:  ntpr=5
	mm_options:  gb=1
	mm_options:  kappa=0.10395
	mm_options:  rgbmax=99.
	mm_options:  cut=99.0
	mm_options:  wcons=0.
     bond:      2.808672345
    angle:      3.898215339
 dihedral:     33.214357280
    enb14:     16.658921917
    eel14:     62.615943287
      enb:     -4.611490499
      eel:    -61.294465751
      egb:    -21.373599138
    econs:      0.000000000
    esurf:      0.000000000
    Total:     31.916554779
     frms:     10.938829027
Starting TNCG minimisation
 MIN: Iter =    0  NFunc =     1  E =      31.91655  RMSG = 1.0938829e+01
 MIN: Iter =    1  NFunc =     7  E =      24.56084  RMSG = 2.5330283e+00
 MIN: Iter =    2  NFunc =    14  E =      23.21330  RMSG = 1.2287266e+00
 MIN: Iter =    3  NFunc =    42  E =      21.87427  RMSG = 1.3865745e+00
 MIN: Iter =    4  NFunc =    56  E =      20.66500  RMSG = 1.7252590e+00
 MIN: Iter =    5  NFunc =    64  E =      19.62174  RMSG = 1.7324004e+00
 MIN: Iter =    6  NFunc =    70  E =      18.67584  RMSG = 1.7048970e+00
 MIN: Iter =    7  NFunc =    76  E =      17.74378  RMSG = 1.8407221e+00
 MIN: Iter =    8  NFunc =    86  E =      16.55416  RMSG = 2.0843554e+00
 MIN: Iter =    9  NFunc =    94  E =      15.14817  RMSG = 1.6009242e+00
 MIN: Iter =   10  NFunc =   102  E =      14.12171  RMSG = 1.6038020e+00
 MIN: Iter =   11  NFunc =   111  E =      13.11115  RMSG = 1.6123825e+00
 MIN: Iter =   12  NFunc =   118  E =      12.06236  RMSG = 1.4966325e+00
 MIN: Iter =   13  NFunc =   124  E =      11.16379  RMSG = 1.3609259e+00
 MIN: Iter =   14  NFunc =   130  E =      10.36719  RMSG = 1.4321665e+00
 MIN: Iter =   15  NFunc =   136  E =       9.34999  RMSG = 1.2396271e+00
 MIN: Iter =   16  NFunc =   158  E =       8.07305  RMSG = 1.0898198e+00
 MIN: Iter =   17  NFunc =   169  E =       7.18415  RMSG = 1.0209928e+00
 MIN: Iter =   18  NFunc =   176  E =       6.65973  RMSG = 1.0047525e+00
 MIN: Iter =   19  NFunc =   185  E =       6.27458  RMSG = 6.6617803e-01
 MIN: Iter =   20  NFunc =   221  E =       5.79244  RMSG = 6.4202554e-01
 MIN: Iter =   21  NFunc =   241  E =       5.36487  RMSG = 5.8007102e-01
 MIN: Iter =   22  NFunc =   255  E =       5.04323  RMSG = 5.1941233e-01
 MIN: Iter =   23  NFunc =   263  E =       4.86672  RMSG = 3.5929476e-01
 MIN: Iter =   24  NFunc =   270  E =       4.80152  RMSG = 2.4661363e-01
 MIN: Iter =   25  NFunc =   283  E =       4.75556  RMSG = 1.1738416e-01
 MIN: Iter =   26  NFunc =   311  E =       4.72772  RMSG = 1.4323341e-01
 MIN: Iter =   27  NFunc =   329  E =       4.72219  RMSG = 3.5764674e-02
 MIN: Iter =   28  NFunc =   342  E =       4.72128  RMSG = 1.7342457e-02
 MIN: Iter =   29  NFunc =   363  E =       4.72083  RMSG = 9.7248409e-03
 MIN: Iter =   30  NFunc =   373  E =       4.72077  RMSG = 5.6492063e-03
 MIN: Iter =   31  NFunc =   425  E =       4.71829  RMSG = 6.8402889e-02
 MIN: Iter =   32  NFunc =   432  E =       4.71604  RMSG = 9.3954636e-02
 MIN: Iter =   33  NFunc =   442  E =       4.71045  RMSG = 1.0441124e-01
 MIN: Iter =   34  NFunc =   451  E =       4.70156  RMSG = 1.2460407e-01
 MIN: Iter =   35  NFunc =   458  E =       4.68792  RMSG = 2.6422239e-01
 MIN: Iter =   36  NFunc =   464  E =       4.66838  RMSG = 8.6121304e-02
 MIN: Iter =   37  NFunc =   470  E =       4.66333  RMSG = 9.8012005e-02
 MIN: Iter =   38  NFunc =   476  E =       4.66112  RMSG = 4.7194452e-02
 MIN: Iter =   39  NFunc =   485  E =       4.66051  RMSG = 2.1630345e-02
 MIN: Iter =   40  NFunc =   512  E =       4.65919  RMSG = 1.6875792e-02
 MIN: Iter =   41  NFunc =   551  E =       4.65839  RMSG = 9.7087663e-03
 MIN: Iter =   42  NFunc =   569  E =       4.65824  RMSG = 6.2984135e-03
 MIN: Iter =   43  NFunc =   579  E =       4.65823  RMSG = 2.9174742e-03
 MIN: Iter =   44  NFunc =   608  E =       4.65822  RMSG = 1.0574375e-03
 MIN: Iter =   45  NFunc =   659  E =       4.65820  RMSG = 1.5859391e-03
 MIN: Iter =   46  NFunc =   683  E =       4.65819  RMSG = 1.4292368e-03
 MIN: Iter =   47  NFunc =   691  E =       4.65819  RMSG = 7.5896553e-04
 MIN: Iter =   48  NFunc =   702  E =       4.65819  RMSG = 5.3089098e-04
 MIN: Iter =   49  NFunc =   727  E =       4.65819  RMSG = 5.6362814e-04
 MIN: Iter =   50  NFunc =   734  E =       4.65819  RMSG = 3.5074631e-04
----------------------------------------------------------------
 END:          :-)  E =       4.65819  RMSG =   0.0003507

     bond:      2.791540673
    angle:      2.952503552
 dihedral:     10.125052894
    enb14:     13.085446667
    eel14:     61.355735612
      enb:     -2.196771482
      eel:    -62.303874906
      egb:    -21.151441598
    econs:      0.000000000
    esurf:      0.000000000
    Total:      4.658191412
     frms:      0.000350746
====== rms.dat  ======================================================
#Frame      all_heavy
       1       1.0335
