====== tleap.out =====================================================
-I: Adding /home/case/amber24/dat/leap/prep to search path.
-I: Adding /home/case/amber24/dat/leap/lib to search path.
-I: Adding /home/case/amber24/dat/leap/parm to search path.
-I: Adding /home/case/amber24/dat/leap/cmd to search path.
-f: Source leap.in.

Welcome to LEaP!
(no leaprc in search path)
Sourcing: ./leap.in
Using Bondi radii
----- Source: /home/case/amber24/dat/leap/cmd/leaprc.gaff2
----- Source of /home/case/amber24/dat/leap/cmd/leaprc.gaff2 done
Log file: ./leap.log
Loading parameters: /home/case/amber24/dat/leap/parm/gaff2.dat
Reading title:
AMBER General Force Field for organic molecules (Version 2.2.20, March 2021)
Loading parameters: ./OSY.frcmod
Reading force field modification type file (frcmod)
Reading title:
Remark line goes here
Loading Mol2 file: ./OSY.mol2
Reading MOLECULE named OSY
Checking Unit.
Building topology.
"order_residues" off: keep input residue order.
Building atom parameters.
Building bond parameters.
Building angle parameters.
Building proper torsion parameters.
Building improper torsion parameters.
 total 16 improper torsions applied
Building H-Bond parameters.
Incorporating Non-Bonded adjustments.
Not Marking per-residue atom chain types.
Marking per-residue atom chain types.
  (Residues lacking connect0/connect1 - 
   these don't have chain types marked:

	res	total affected

	OSY	1
  )
 (no restraints)
	Quit

Exiting LEaP: Errors = 0; Warnings = 0; Notes = 0.
====== min.o =========================================================
Reading parm file (OSY.parm7)
title:
OSY                                                                             
no velocities were found
no velocities were found
	mm_options:  ntpr=5
	mm_options:  gb=1
	mm_options:  kappa=0.10395
	mm_options:  rgbmax=99.
	mm_options:  cut=99.0
	mm_options:  wcons=0.
     bond:      2.908640218
    angle:      2.271275253
 dihedral:      3.525581099
    enb14:     11.970268041
    eel14:   -159.736279379
      enb:     -0.996516789
      eel:     35.801211780
      egb:    -23.723404659
    econs:      0.000000000
    esurf:      0.000000000
    Total:   -127.979224435
     frms:     11.101332762
Starting TNCG minimisation
 MIN: Iter =    0  NFunc =     1  E =    -127.97922  RMSG = 1.1101333e+01
 MIN: Iter =    1  NFunc =     7  E =    -133.91385  RMSG = 1.9261863e+00
 MIN: Iter =    2  NFunc =    16  E =    -135.22615  RMSG = 1.3582509e+00
 MIN: Iter =    3  NFunc =    25  E =    -135.45971  RMSG = 3.3272700e-01
 MIN: Iter =    4  NFunc =    33  E =    -135.53401  RMSG = 2.7613119e-01
 MIN: Iter =    5  NFunc =    80  E =    -135.69218  RMSG = 9.2212267e-01
 MIN: Iter =    6  NFunc =    86  E =    -135.77373  RMSG = 2.5794517e-01
 MIN: Iter =    7  NFunc =   109  E =    -135.86554  RMSG = 8.7584416e-01
 MIN: Iter =    8  NFunc =   115  E =    -135.93758  RMSG = 2.1698022e-01
 MIN: Iter =    9  NFunc =   131  E =    -135.98354  RMSG = 2.7139891e-01
 MIN: Iter =   10  NFunc =   138  E =    -136.02307  RMSG = 4.9963114e-01
 MIN: Iter =   11  NFunc =   145  E =    -136.05776  RMSG = 2.3753701e-01
 MIN: Iter =   12  NFunc =   152  E =    -136.08116  RMSG = 3.3947613e-01
 MIN: Iter =   13  NFunc =   158  E =    -136.09631  RMSG = 1.1212431e-01
 MIN: Iter =   14  NFunc =   165  E =    -136.10518  RMSG = 1.5943087e-01
 MIN: Iter =   15  NFunc =   199  E =    -136.13380  RMSG = 1.8399564e-01
 MIN: Iter =   16  NFunc =   209  E =    -136.14286  RMSG = 8.9938737e-02
 MIN: Iter =   17  NFunc =   215  E =    -136.14540  RMSG = 6.0917817e-02
 MIN: Iter =   18  NFunc =   223  E =    -136.14652  RMSG = 3.2147656e-02
 MIN: Iter =   19  NFunc =   240  E =    -136.14787  RMSG = 2.3517452e-02
 MIN: Iter =   20  NFunc =   265  E =    -136.14874  RMSG = 2.0625812e-02
 MIN: Iter =   21  NFunc =   285  E =    -136.14896  RMSG = 7.3063634e-03
 MIN: Iter =   22  NFunc =   302  E =    -136.14899  RMSG = 3.5402101e-03
 MIN: Iter =   23  NFunc =   323  E =    -136.14902  RMSG = 2.5828753e-03
 MIN: Iter =   24  NFunc =   333  E =    -136.14902  RMSG = 1.4189091e-03
 MIN: Iter =   25  NFunc =   345  E =    -136.14902  RMSG = 1.0230086e-03
 MIN: Iter =   26  NFunc =   376  E =    -136.14902  RMSG = 7.2265057e-04
 MIN: Iter =   27  NFunc =   422  E =    -136.14903  RMSG = 4.0386086e-04
----------------------------------------------------------------
 END:          :-)  E =    -136.14903  RMSG =   0.0004039

     bond:      1.663351929
    angle:      2.408103287
 dihedral:      3.912067291
    enb14:      9.833044546
    eel14:   -165.272719801
      enb:     -1.809238861
      eel:     37.664161147
      egb:    -24.547794577
    econs:      0.000000000
    esurf:      0.000000000
    Total:   -136.149025039
     frms:      0.000403861
====== rms.dat  ======================================================
#Frame      all_heavy
       1       0.2215
