====== tleap.out =====================================================
-I: Adding /home/case/amber26/dat/leap/prep to search path.
-I: Adding /home/case/amber26/dat/leap/lib to search path.
-I: Adding /home/case/amber26/dat/leap/parm to search path.
-I: Adding /home/case/amber26/dat/leap/cmd to search path.
-f: Source leap.in.

Welcome to LEaP!
(no leaprc in search path)
Sourcing: ./leap.in
Using Bondi radii
----- Source: /home/case/amber26/dat/leap/cmd/leaprc.gaff2
----- Source of /home/case/amber26/dat/leap/cmd/leaprc.gaff2 done
Log file: ./leap.log
Loading parameters: /home/case/amber26/dat/leap/parm/gaff2.dat
Reading title:
AMBER General Force Field for organic molecules (Version 2.2.30, Oct 2025)
Loading parameters: ./OU0.frcmod
Reading force field modification type file (frcmod)
Reading title:
Remark line goes here
Loading Mol2 file: ./OU0.mol2
Reading MOLECULE named OU0
Checking Unit.
Building topology.
"order_residues" off: keep input residue order.
Building atom parameters.
Building bond parameters.
Building angle parameters.
Building proper torsion parameters.

/home/case/amber26/bin/teLeap: Note.
1-4: angle 1 3 duplicates bond ('triangular' bond) or angle ('square' bond)


/home/case/amber26/bin/teLeap: Note.
1-4: angle 1 2 duplicates bond ('triangular' bond) or angle ('square' bond)


/home/case/amber26/bin/teLeap: Note.
1-4: angle 2 3 duplicates bond ('triangular' bond) or angle ('square' bond)

Building improper torsion parameters.
 total 5 improper torsions applied
Building H-Bond parameters.
Incorporating Non-Bonded adjustments.
Not Marking per-residue atom chain types.
Marking per-residue atom chain types.
  (Residues lacking connect0/connect1 - 
   these don't have chain types marked:

	res	total affected

	OU0	1
  )
 (no restraints)
	Quit

Exiting LEaP: Errors = 0; Warnings = 0; Notes = 3.
====== min.o =========================================================
Reading parm file (OU0.parm7)
title:
OU0                                                                             
no velocities were found
no velocities were found
	mm_options:  ntpr=5
	mm_options:  gb=1
	mm_options:  kappa=0.10395
	mm_options:  rgbmax=99.
	mm_options:  cut=99.0
	mm_options:  wcons=0.
     bond:      1.786221492
    angle:     19.662886612
 dihedral:     11.197846915
    enb14:      3.438578674
    eel14:     43.161690272
      enb:      1.353826588
      eel:    -49.881240040
      egb:    -10.665500772
    econs:      0.000000000
    esurf:      0.000000000
    Total:     20.054309741
     frms:     13.399178776
Starting TNCG minimisation
 MIN: Iter =    0  NFunc =     1  E =      20.05431  RMSG = 1.3399179e+01
 MIN: Iter =    1  NFunc =     7  E =      11.10562  RMSG = 3.1153474e+00
 MIN: Iter =    2  NFunc =    13  E =       9.93437  RMSG = 1.6513637e+00
 MIN: Iter =    3  NFunc =    19  E =       9.58152  RMSG = 7.8532918e-01
 MIN: Iter =    4  NFunc =    25  E =       9.51011  RMSG = 2.6681805e-01
 MIN: Iter =    5  NFunc =    39  E =       9.46019  RMSG = 1.5676632e-01
 MIN: Iter =    6  NFunc =    51  E =       9.44804  RMSG = 8.0403668e-02
 MIN: Iter =    7  NFunc =   103  E =       9.41947  RMSG = 1.8361108e-01
 MIN: Iter =    8  NFunc =   129  E =       9.38797  RMSG = 7.5298496e-01
 MIN: Iter =    9  NFunc =   135  E =       9.33029  RMSG = 2.2607890e-01
 MIN: Iter =   10  NFunc =   158  E =       9.26846  RMSG = 6.5555488e-01
 MIN: Iter =   11  NFunc =   165  E =       9.19804  RMSG = 2.6280808e-01
 MIN: Iter =   12  NFunc =   201  E =       9.07498  RMSG = 7.4801621e-01
 MIN: Iter =   13  NFunc =   207  E =       8.99761  RMSG = 3.1452450e-01
 MIN: Iter =   14  NFunc =   258  E =       8.80452  RMSG = 8.6196893e-01
 MIN: Iter =   15  NFunc =   264  E =       8.58517  RMSG = 1.2072698e+00
 MIN: Iter =   16  NFunc =   270  E =       8.39324  RMSG = 5.9056931e-01
 MIN: Iter =   17  NFunc =   278  E =       8.22791  RMSG = 9.5163114e-01
 MIN: Iter =   18  NFunc =   285  E =       8.09372  RMSG = 3.7992336e-01
 MIN: Iter =   19  NFunc =   294  E =       8.00397  RMSG = 8.3526347e-01
 MIN: Iter =   20  NFunc =   301  E =       7.92027  RMSG = 2.3582547e-01
 MIN: Iter =   21  NFunc =   312  E =       7.88367  RMSG = 2.5156003e-01
 MIN: Iter =   22  NFunc =   319  E =       7.85501  RMSG = 2.3017179e-01
 MIN: Iter =   23  NFunc =   326  E =       7.84454  RMSG = 9.7316176e-02
 MIN: Iter =   24  NFunc =   344  E =       7.83966  RMSG = 4.6922678e-02
 MIN: Iter =   25  NFunc =   360  E =       7.83760  RMSG = 3.2970911e-02
 MIN: Iter =   26  NFunc =   378  E =       7.83574  RMSG = 3.2120734e-02
 MIN: Iter =   27  NFunc =   397  E =       7.83516  RMSG = 1.5856302e-02
 MIN: Iter =   28  NFunc =   429  E =       7.83467  RMSG = 1.2246194e-02
 MIN: Iter =   29  NFunc =   444  E =       7.83464  RMSG = 3.7613195e-03
 MIN: Iter =   30  NFunc =   457  E =       7.83463  RMSG = 2.5981294e-03
 MIN: Iter =   31  NFunc =   469  E =       7.83463  RMSG = 1.1514210e-03
 MIN: Iter =   32  NFunc =   504  E =       7.83462  RMSG = 7.3371129e-04
 MIN: Iter =   33  NFunc =   511  E =       7.83462  RMSG = 4.9759659e-04
----------------------------------------------------------------
 END:          :-)  E =       7.83462  RMSG =   0.0004976

     bond:      0.856268025
    angle:     14.761290352
 dihedral:     11.102472615
    enb14:      1.413622179
    eel14:     39.552304673
      enb:     -1.643488631
      eel:    -46.634214196
      egb:    -11.573631768
    econs:      0.000000000
    esurf:      0.000000000
    Total:      7.834623248
     frms:      0.000497597
====== rms.dat  ======================================================
#Frame      all_heavy
       1       0.4350
