====== tleap.out =====================================================
-I: Adding /home/case/amber24/dat/leap/prep to search path.
-I: Adding /home/case/amber24/dat/leap/lib to search path.
-I: Adding /home/case/amber24/dat/leap/parm to search path.
-I: Adding /home/case/amber24/dat/leap/cmd to search path.
-f: Source leap.in.

Welcome to LEaP!
(no leaprc in search path)
Sourcing: ./leap.in
Using Bondi radii
----- Source: /home/case/amber24/dat/leap/cmd/leaprc.gaff2
----- Source of /home/case/amber24/dat/leap/cmd/leaprc.gaff2 done
Log file: ./leap.log
Loading parameters: /home/case/amber24/dat/leap/parm/gaff2.dat
Reading title:
AMBER General Force Field for organic molecules (Version 2.2.20, March 2021)
Loading parameters: ./OWY.frcmod
Reading force field modification type file (frcmod)
Reading title:
Remark line goes here
Loading Mol2 file: ./OWY.mol2
Reading MOLECULE named OWY
Checking Unit.
Building topology.
"order_residues" off: keep input residue order.
Building atom parameters.
Building bond parameters.
Building angle parameters.
Building proper torsion parameters.
Building improper torsion parameters.
 total 20 improper torsions applied
Building H-Bond parameters.
Incorporating Non-Bonded adjustments.
Not Marking per-residue atom chain types.
Marking per-residue atom chain types.
  (Residues lacking connect0/connect1 - 
   these don't have chain types marked:

	res	total affected

	OWY	1
  )
 (no restraints)
	Quit

Exiting LEaP: Errors = 0; Warnings = 0; Notes = 0.
====== min.o =========================================================
Reading parm file (OWY.parm7)
title:
OWY                                                                             
no velocities were found
no velocities were found
	mm_options:  ntpr=5
	mm_options:  gb=1
	mm_options:  kappa=0.10395
	mm_options:  rgbmax=99.
	mm_options:  cut=99.0
	mm_options:  wcons=0.
     bond:      2.416920880
    angle:      5.087107770
 dihedral:     25.541747515
    enb14:     23.455906126
    eel14:     87.270543620
      enb:     -8.321750498
      eel:    -65.593385929
      egb:    -20.586169467
    econs:      0.000000000
    esurf:      0.000000000
    Total:     49.270920017
     frms:      6.858592052
Starting TNCG minimisation
 MIN: Iter =    0  NFunc =     1  E =      49.27092  RMSG = 6.8585921e+00
 MIN: Iter =    1  NFunc =     7  E =      38.87614  RMSG = 2.1111511e+00
 MIN: Iter =    2  NFunc =    17  E =      35.52067  RMSG = 9.9933887e-01
 MIN: Iter =    3  NFunc =    47  E =      34.03452  RMSG = 6.7730545e-01
 MIN: Iter =    4  NFunc =    62  E =      33.33476  RMSG = 5.7334162e-01
 MIN: Iter =    5  NFunc =    71  E =      33.16904  RMSG = 2.2947581e-01
 MIN: Iter =    6  NFunc =   122  E =      32.87749  RMSG = 6.0295377e-01
 MIN: Iter =    7  NFunc =   134  E =      32.68573  RMSG = 3.3056997e-01
 MIN: Iter =    8  NFunc =   163  E =      32.47239  RMSG = 5.1353189e-01
 MIN: Iter =    9  NFunc =   169  E =      32.37782  RMSG = 2.2640767e-01
 MIN: Iter =   10  NFunc =   180  E =      32.25916  RMSG = 4.4115232e-01
 MIN: Iter =   11  NFunc =   188  E =      32.17498  RMSG = 2.0358484e-01
 MIN: Iter =   12  NFunc =   197  E =      32.12423  RMSG = 2.4077719e-01
 MIN: Iter =   13  NFunc =   205  E =      32.09616  RMSG = 1.2151313e-01
 MIN: Iter =   14  NFunc =   256  E =      32.01281  RMSG = 3.6531635e-01
 MIN: Iter =   15  NFunc =   262  E =      31.98717  RMSG = 1.0587792e-01
 MIN: Iter =   16  NFunc =   299  E =      31.96177  RMSG = 9.7349944e-02
 MIN: Iter =   17  NFunc =   318  E =      31.95419  RMSG = 3.6817390e-02
 MIN: Iter =   18  NFunc =   328  E =      31.95274  RMSG = 2.0940651e-02
 MIN: Iter =   19  NFunc =   373  E =      31.94881  RMSG = 1.9826869e-02
 MIN: Iter =   20  NFunc =   406  E =      31.94722  RMSG = 1.3405451e-02
 MIN: Iter =   21  NFunc =   457  E =      31.94606  RMSG = 1.2185462e-02
 MIN: Iter =   22  NFunc =   467  E =      31.94592  RMSG = 6.2277654e-03
 MIN: Iter =   23  NFunc =   492  E =      31.94581  RMSG = 3.2796029e-03
 MIN: Iter =   24  NFunc =   543  E =      31.94576  RMSG = 3.6791480e-03
 MIN: Iter =   25  NFunc =   556  E =      31.94573  RMSG = 2.6519494e-03
 MIN: Iter =   26  NFunc =   585  E =      31.94571  RMSG = 1.2591409e-03
 MIN: Iter =   27  NFunc =   632  E =      31.94570  RMSG = 9.1716319e-04
 MIN: Iter =   28  NFunc =   664  E =      31.94570  RMSG = 7.0892067e-04
 MIN: Iter =   29  NFunc =   690  E =      31.94570  RMSG = 3.8362126e-04
----------------------------------------------------------------
 END:          :-)  E =      31.94570  RMSG =   0.0003836

     bond:      3.876059159
    angle:      3.286090998
 dihedral:     21.453672359
    enb14:     15.819210829
    eel14:     83.140488188
      enb:     -9.314696470
      eel:    -63.816307520
      egb:    -22.498820625
    econs:      0.000000000
    esurf:      0.000000000
    Total:     31.945696918
     frms:      0.000383621
====== rms.dat  ======================================================
#Frame      all_heavy
       1       0.3677
