====== tleap.out =====================================================
-I: Adding /home/case/amber24/dat/leap/prep to search path.
-I: Adding /home/case/amber24/dat/leap/lib to search path.
-I: Adding /home/case/amber24/dat/leap/parm to search path.
-I: Adding /home/case/amber24/dat/leap/cmd to search path.
-f: Source leap.in.

Welcome to LEaP!
(no leaprc in search path)
Sourcing: ./leap.in
Using Bondi radii
----- Source: /home/case/amber24/dat/leap/cmd/leaprc.gaff2
----- Source of /home/case/amber24/dat/leap/cmd/leaprc.gaff2 done
Log file: ./leap.log
Loading parameters: /home/case/amber24/dat/leap/parm/gaff2.dat
Reading title:
AMBER General Force Field for organic molecules (Version 2.2.20, March 2021)
Loading parameters: ./OZC.frcmod
Reading force field modification type file (frcmod)
Reading title:
Remark line goes here
Loading Mol2 file: ./OZC.mol2
Reading MOLECULE named OZC
Checking Unit.
Building topology.
"order_residues" off: keep input residue order.
Building atom parameters.
Building bond parameters.
Building angle parameters.
Building proper torsion parameters.
Building improper torsion parameters.
 total 17 improper torsions applied
Building H-Bond parameters.
Incorporating Non-Bonded adjustments.
Not Marking per-residue atom chain types.
Marking per-residue atom chain types.
  (Residues lacking connect0/connect1 - 
   these don't have chain types marked:

	res	total affected

	OZC	1
  )
 (no restraints)
	Quit

Exiting LEaP: Errors = 0; Warnings = 0; Notes = 0.
====== min.o =========================================================
Reading parm file (OZC.parm7)
title:
OZC                                                                             
no velocities were found
no velocities were found
	mm_options:  ntpr=5
	mm_options:  gb=1
	mm_options:  kappa=0.10395
	mm_options:  rgbmax=99.
	mm_options:  cut=99.0
	mm_options:  wcons=0.
     bond:      3.012242181
    angle:      3.512672859
 dihedral:     59.291256981
    enb14:     14.810004824
    eel14:     25.806747901
      enb:     -6.160307177
      eel:    -25.262198993
      egb:    -19.328340604
    econs:      0.000000000
    esurf:      0.000000000
    Total:     55.682077972
     frms:     10.955470894
Starting TNCG minimisation
 MIN: Iter =    0  NFunc =     1  E =      55.68208  RMSG = 1.0955471e+01
 MIN: Iter =    1  NFunc =     7  E =      49.48413  RMSG = 1.3396741e+00
 MIN: Iter =    2  NFunc =    16  E =      48.50450  RMSG = 7.7123099e-01
 MIN: Iter =    3  NFunc =    23  E =      48.39258  RMSG = 2.9889794e-01
 MIN: Iter =    4  NFunc =    39  E =      48.26180  RMSG = 2.0376419e-01
 MIN: Iter =    5  NFunc =    79  E =      48.18495  RMSG = 3.5860690e-01
 MIN: Iter =    6  NFunc =    85  E =      48.16863  RMSG = 1.2880157e-01
 MIN: Iter =    7  NFunc =   106  E =      48.13687  RMSG = 1.9959320e-01
 MIN: Iter =    8  NFunc =   112  E =      48.13102  RMSG = 5.8745091e-02
 MIN: Iter =    9  NFunc =   156  E =      48.08182  RMSG = 4.0489353e-01
 MIN: Iter =   10  NFunc =   163  E =      48.04564  RMSG = 1.3919159e-01
 MIN: Iter =   11  NFunc =   205  E =      47.96126  RMSG = 4.8898742e-01
 MIN: Iter =   12  NFunc =   211  E =      47.93393  RMSG = 1.1713005e-01
 MIN: Iter =   13  NFunc =   262  E =      47.80788  RMSG = 2.6969937e-01
 MIN: Iter =   14  NFunc =   269  E =      47.72639  RMSG = 2.8987392e-01
 MIN: Iter =   15  NFunc =   275  E =      47.68067  RMSG = 2.1854742e-01
 MIN: Iter =   16  NFunc =   288  E =      47.64432  RMSG = 1.7023333e-01
 MIN: Iter =   17  NFunc =   339  E =      47.60445  RMSG = 2.2710426e-01
 MIN: Iter =   18  NFunc =   345  E =      47.59531  RMSG = 6.8129649e-02
 MIN: Iter =   19  NFunc =   358  E =      47.59217  RMSG = 3.4124762e-02
 MIN: Iter =   20  NFunc =   410  E =      47.58117  RMSG = 8.4525302e-02
 MIN: Iter =   21  NFunc =   427  E =      47.57486  RMSG = 8.3733140e-02
 MIN: Iter =   22  NFunc =   439  E =      47.57013  RMSG = 7.1135517e-02
 MIN: Iter =   23  NFunc =   468  E =      47.56575  RMSG = 8.0745829e-02
 MIN: Iter =   24  NFunc =   495  E =      47.55837  RMSG = 1.6448454e-01
 MIN: Iter =   25  NFunc =   510  E =      47.54908  RMSG = 1.7189427e-01
 MIN: Iter =   26  NFunc =   519  E =      47.53903  RMSG = 1.8558758e-01
 MIN: Iter =   27  NFunc =   526  E =      47.52762  RMSG = 1.8983391e-01
 MIN: Iter =   28  NFunc =   532  E =      47.51274  RMSG = 3.3512856e-01
 MIN: Iter =   29  NFunc =   538  E =      47.49602  RMSG = 1.0577185e-01
 MIN: Iter =   30  NFunc =   582  E =      47.47325  RMSG = 8.0337226e-02
 MIN: Iter =   31  NFunc =   608  E =      47.46162  RMSG = 5.5299639e-02
 MIN: Iter =   32  NFunc =   642  E =      47.45670  RMSG = 3.3494763e-02
 MIN: Iter =   33  NFunc =   657  E =      47.45583  RMSG = 1.9406916e-02
 MIN: Iter =   34  NFunc =   663  E =      47.45572  RMSG = 1.1136574e-02
 MIN: Iter =   35  NFunc =   670  E =      47.45568  RMSG = 5.1117026e-03
 MIN: Iter =   36  NFunc =   679  E =      47.45566  RMSG = 3.1824814e-03
 MIN: Iter =   37  NFunc =   699  E =      47.45565  RMSG = 1.8311444e-03
 MIN: Iter =   38  NFunc =   713  E =      47.45565  RMSG = 1.1470845e-03
 MIN: Iter =   39  NFunc =   723  E =      47.45565  RMSG = 5.3112799e-04
 MIN: Iter =   40  NFunc =   748  E =      47.45565  RMSG = 3.4031340e-04
----------------------------------------------------------------
 END:          :-)  E =      47.45565  RMSG =   0.0003403

     bond:      1.730075947
    angle:      2.315941043
 dihedral:     56.146406787
    enb14:     11.687460563
    eel14:     26.431043307
      enb:     -4.653143995
      eel:    -26.203882643
      egb:    -19.998253199
    econs:      0.000000000
    esurf:      0.000000000
    Total:     47.455647809
     frms:      0.000340313
====== rms.dat  ======================================================
#Frame      all_heavy
       1       0.6974
