====== tleap.out =====================================================
-I: Adding /home/case/amber24/dat/leap/prep to search path.
-I: Adding /home/case/amber24/dat/leap/lib to search path.
-I: Adding /home/case/amber24/dat/leap/parm to search path.
-I: Adding /home/case/amber24/dat/leap/cmd to search path.
-f: Source leap.in.

Welcome to LEaP!
(no leaprc in search path)
Sourcing: ./leap.in
Using Bondi radii
----- Source: /home/case/amber24/dat/leap/cmd/leaprc.gaff2
----- Source of /home/case/amber24/dat/leap/cmd/leaprc.gaff2 done
Log file: ./leap.log
Loading parameters: /home/case/amber24/dat/leap/parm/gaff2.dat
Reading title:
AMBER General Force Field for organic molecules (Version 2.2.20, March 2021)
Loading parameters: ./L0R.frcmod
Reading force field modification type file (frcmod)
Reading title:
Remark line goes here
Loading Mol2 file: ./L0R.mol2
Reading MOLECULE named L0R
Checking Unit.
Building topology.
"order_residues" off: keep input residue order.
Building atom parameters.
Building bond parameters.
Building angle parameters.
Building proper torsion parameters.
Building improper torsion parameters.
 total 16 improper torsions applied
Building H-Bond parameters.
Incorporating Non-Bonded adjustments.
Not Marking per-residue atom chain types.
Marking per-residue atom chain types.
  (Residues lacking connect0/connect1 - 
   these don't have chain types marked:

	res	total affected

	L0R	1
  )
 (no restraints)
	Quit

Exiting LEaP: Errors = 0; Warnings = 0; Notes = 0.
====== min.o =========================================================
Reading parm file (L0R.parm7)
title:
L0R                                                                             
no velocities were found
no velocities were found
	mm_options:  ntpr=5
	mm_options:  gb=1
	mm_options:  kappa=0.10395
	mm_options:  rgbmax=99.
	mm_options:  cut=99.0
	mm_options:  wcons=0.
     bond:      2.835533731
    angle:      4.177105113
 dihedral:     52.745989839
    enb14:     20.573634445
    eel14:     82.896799838
      enb:      1.043473205
      eel:    -73.856601149
      egb:    -22.387636061
    econs:      0.000000000
    esurf:      0.000000000
    Total:     68.028298960
     frms:      7.981097378
Starting TNCG minimisation
 MIN: Iter =    0  NFunc =     1  E =      68.02830  RMSG = 7.9810974e+00
 MIN: Iter =    1  NFunc =     9  E =      55.08573  RMSG = 2.9847524e+00
 MIN: Iter =    2  NFunc =    16  E =      51.97459  RMSG = 1.4398500e+00
 MIN: Iter =    3  NFunc =    25  E =      50.90061  RMSG = 7.7252049e-01
 MIN: Iter =    4  NFunc =    39  E =      50.52771  RMSG = 3.4863554e-01
 MIN: Iter =    5  NFunc =    55  E =      50.36264  RMSG = 2.2305494e-01
 MIN: Iter =    6  NFunc =    72  E =      50.30269  RMSG = 1.4217989e-01
 MIN: Iter =    7  NFunc =   107  E =      50.27273  RMSG = 7.4443643e-02
 MIN: Iter =    8  NFunc =   158  E =      50.21943  RMSG = 2.5661213e-01
 MIN: Iter =    9  NFunc =   169  E =      50.18775  RMSG = 1.1364420e-01
 MIN: Iter =   10  NFunc =   181  E =      50.17081  RMSG = 9.0466205e-02
 MIN: Iter =   11  NFunc =   206  E =      50.15513  RMSG = 6.8439153e-02
 MIN: Iter =   12  NFunc =   257  E =      50.13641  RMSG = 2.0545236e-01
 MIN: Iter =   13  NFunc =   263  E =      50.12791  RMSG = 7.5817853e-02
 MIN: Iter =   14  NFunc =   282  E =      50.12117  RMSG = 5.1778131e-02
 MIN: Iter =   15  NFunc =   288  E =      50.12032  RMSG = 2.6097891e-02
 MIN: Iter =   16  NFunc =   313  E =      50.11867  RMSG = 1.3586825e-02
 MIN: Iter =   17  NFunc =   332  E =      50.11843  RMSG = 6.7680178e-03
 MIN: Iter =   18  NFunc =   383  E =      50.11790  RMSG = 6.7223037e-03
 MIN: Iter =   19  NFunc =   416  E =      50.11780  RMSG = 3.5532565e-03
 MIN: Iter =   20  NFunc =   430  E =      50.11778  RMSG = 1.8471978e-03
 MIN: Iter =   21  NFunc =   481  E =      50.11771  RMSG = 4.0033399e-03
 MIN: Iter =   22  NFunc =   509  E =      50.11768  RMSG = 1.6907003e-03
 MIN: Iter =   23  NFunc =   542  E =      50.11765  RMSG = 1.9664679e-03
 MIN: Iter =   24  NFunc =   571  E =      50.11763  RMSG = 1.4276068e-03
 MIN: Iter =   25  NFunc =   584  E =      50.11763  RMSG = 7.8201914e-04
 MIN: Iter =   26  NFunc =   635  E =      50.11763  RMSG = 6.8215812e-04
 MIN: Iter =   27  NFunc =   660  E =      50.11763  RMSG = 4.6362914e-04
----------------------------------------------------------------
 END:          :-)  E =      50.11763  RMSG =   0.0004636

     bond:      2.380528421
    angle:      4.481844111
 dihedral:     51.606579529
    enb14:     12.466881847
    eel14:     77.287715839
      enb:     -4.941232571
      eel:    -69.766629200
      egb:    -23.398061594
    econs:      0.000000000
    esurf:      0.000000000
    Total:     50.117626383
     frms:      0.000463629
====== rms.dat  ======================================================
#Frame      all_heavy
       1       0.3872
