====== tleap.out =====================================================
-I: Adding /home/case/amber24/dat/leap/prep to search path.
-I: Adding /home/case/amber24/dat/leap/lib to search path.
-I: Adding /home/case/amber24/dat/leap/parm to search path.
-I: Adding /home/case/amber24/dat/leap/cmd to search path.
-f: Source leap.in.

Welcome to LEaP!
(no leaprc in search path)
Sourcing: ./leap.in
Using Bondi radii
----- Source: /home/case/amber24/dat/leap/cmd/leaprc.gaff2
----- Source of /home/case/amber24/dat/leap/cmd/leaprc.gaff2 done
Log file: ./leap.log
Loading parameters: /home/case/amber24/dat/leap/parm/gaff2.dat
Reading title:
AMBER General Force Field for organic molecules (Version 2.2.20, March 2021)
Loading parameters: ./L1C.frcmod
Reading force field modification type file (frcmod)
Reading title:
Remark line goes here
Loading Mol2 file: ./L1C.mol2
Reading MOLECULE named L1C
Checking Unit.
Building topology.
"order_residues" off: keep input residue order.
Building atom parameters.
Building bond parameters.
Building angle parameters.
Building proper torsion parameters.
Building improper torsion parameters.
 total 28 improper torsions applied
Building H-Bond parameters.
Incorporating Non-Bonded adjustments.
Not Marking per-residue atom chain types.
Marking per-residue atom chain types.
  (Residues lacking connect0/connect1 - 
   these don't have chain types marked:

	res	total affected

	L1C	1
  )
 (no restraints)
	Quit

Exiting LEaP: Errors = 0; Warnings = 0; Notes = 0.
====== min.o =========================================================
Reading parm file (L1C.parm7)
title:
L1C                                                                             
no velocities were found
no velocities were found
	mm_options:  ntpr=5
	mm_options:  gb=1
	mm_options:  kappa=0.10395
	mm_options:  rgbmax=99.
	mm_options:  cut=99.0
	mm_options:  wcons=0.
     bond:      3.727085018
    angle:     13.885976469
 dihedral:     34.582864001
    enb14:     23.465263873
    eel14:    -54.203781222
      enb:     -1.078114059
      eel:    -45.456101456
      egb:    -42.579045446
    econs:      0.000000000
    esurf:      0.000000000
    Total:    -67.655852822
     frms:      9.469058737
Starting TNCG minimisation
 MIN: Iter =    0  NFunc =     1  E =     -67.65585  RMSG = 9.4690587e+00
 MIN: Iter =    1  NFunc =     7  E =     -81.52839  RMSG = 2.6352954e+00
 MIN: Iter =    2  NFunc =    17  E =     -85.04943  RMSG = 1.2298058e+00
 MIN: Iter =    3  NFunc =    48  E =     -86.34174  RMSG = 1.4252152e+00
 MIN: Iter =    4  NFunc =    85  E =     -87.42000  RMSG = 1.6704559e+00
 MIN: Iter =    5  NFunc =    95  E =     -88.68008  RMSG = 7.5229489e-01
 MIN: Iter =    6  NFunc =   121  E =     -89.56593  RMSG = 6.8939517e-01
 MIN: Iter =    7  NFunc =   134  E =     -89.88540  RMSG = 3.2570202e-01
 MIN: Iter =    8  NFunc =   145  E =     -89.93753  RMSG = 1.2886158e-01
 MIN: Iter =    9  NFunc =   177  E =     -90.09182  RMSG = 3.7878686e-01
 MIN: Iter =   10  NFunc =   184  E =     -90.12285  RMSG = 1.3390799e-01
 MIN: Iter =   11  NFunc =   220  E =     -90.23943  RMSG = 1.9143334e-01
 MIN: Iter =   12  NFunc =   243  E =     -90.29382  RMSG = 1.4351193e-01
 MIN: Iter =   13  NFunc =   255  E =     -90.31480  RMSG = 8.2621487e-02
 MIN: Iter =   14  NFunc =   283  E =     -90.33882  RMSG = 1.0559957e-01
 MIN: Iter =   15  NFunc =   289  E =     -90.34172  RMSG = 4.4636821e-02
 MIN: Iter =   16  NFunc =   321  E =     -90.35166  RMSG = 5.0273701e-02
 MIN: Iter =   17  NFunc =   363  E =     -90.36516  RMSG = 2.3316020e-01
 MIN: Iter =   18  NFunc =   369  E =     -90.37655  RMSG = 5.3744759e-02
 MIN: Iter =   19  NFunc =   420  E =     -90.39056  RMSG = 6.4097017e-02
 MIN: Iter =   20  NFunc =   426  E =     -90.39212  RMSG = 3.5052033e-02
 MIN: Iter =   21  NFunc =   448  E =     -90.39617  RMSG = 3.0202190e-02
 MIN: Iter =   22  NFunc =   492  E =     -90.39822  RMSG = 1.6703886e-02
 MIN: Iter =   23  NFunc =   543  E =     -90.40005  RMSG = 4.5009707e-02
 MIN: Iter =   24  NFunc =   549  E =     -90.40053  RMSG = 1.5412001e-02
 MIN: Iter =   25  NFunc =   573  E =     -90.40104  RMSG = 8.6777894e-03
 MIN: Iter =   26  NFunc =   624  E =     -90.40229  RMSG = 6.3044255e-02
 MIN: Iter =   27  NFunc =   630  E =     -90.40316  RMSG = 1.3067556e-02
 MIN: Iter =   28  NFunc =   648  E =     -90.40345  RMSG = 7.7498055e-03
 MIN: Iter =   29  NFunc =   663  E =     -90.40356  RMSG = 5.0807142e-03
 MIN: Iter =   30  NFunc =   714  E =     -90.40381  RMSG = 8.8148046e-03
 MIN: Iter =   31  NFunc =   765  E =     -90.40405  RMSG = 6.5244201e-03
 MIN: Iter =   32  NFunc =   797  E =     -90.40414  RMSG = 3.8371960e-03
 MIN: Iter =   33  NFunc =   848  E =     -90.40425  RMSG = 6.3069494e-03
 MIN: Iter =   34  NFunc =   866  E =     -90.40432  RMSG = 3.9915344e-03
 MIN: Iter =   35  NFunc =   889  E =     -90.40435  RMSG = 2.0418750e-03
 MIN: Iter =   36  NFunc =   940  E =     -90.40438  RMSG = 2.2302060e-03
 MIN: Iter =   37  NFunc =   968  E =     -90.40439  RMSG = 1.1601502e-03
 MIN: Iter =   38  NFunc =  1019  E =     -90.40440  RMSG = 1.0429042e-03
 MIN: Iter =   39  NFunc =  1070  E =     -90.40441  RMSG = 1.1810738e-03
 MIN: Iter =   40  NFunc =  1094  E =     -90.40441  RMSG = 6.3527229e-04
 MIN: Iter =   41  NFunc =  1110  E =     -90.40441  RMSG = 3.8663475e-04
----------------------------------------------------------------
 END:          :-)  E =     -90.40441  RMSG =   0.0003866

     bond:      3.087148457
    angle:      8.014503271
 dihedral:     28.374876999
    enb14:     16.095803946
    eel14:    -59.769501058
      enb:     -2.274607950
      eel:    -39.687411000
      egb:    -44.245225478
    econs:      0.000000000
    esurf:      0.000000000
    Total:    -90.404412813
     frms:      0.000386635
====== rms.dat  ======================================================
#Frame      all_heavy
       1       0.4181
