====== tleap.out =====================================================
-I: Adding /home/case/amber24/dat/leap/prep to search path.
-I: Adding /home/case/amber24/dat/leap/lib to search path.
-I: Adding /home/case/amber24/dat/leap/parm to search path.
-I: Adding /home/case/amber24/dat/leap/cmd to search path.
-f: Source leap.in.

Welcome to LEaP!
(no leaprc in search path)
Sourcing: ./leap.in
Using Bondi radii
----- Source: /home/case/amber24/dat/leap/cmd/leaprc.gaff2
----- Source of /home/case/amber24/dat/leap/cmd/leaprc.gaff2 done
Log file: ./leap.log
Loading parameters: /home/case/amber24/dat/leap/parm/gaff2.dat
Reading title:
AMBER General Force Field for organic molecules (Version 2.2.20, March 2021)
Loading parameters: ./L7M.frcmod
Reading force field modification type file (frcmod)
Reading title:
Remark line goes here
Loading Mol2 file: ./L7M.mol2
Reading MOLECULE named L7M
Checking Unit.
Building topology.
"order_residues" off: keep input residue order.
Building atom parameters.
Building bond parameters.
Building angle parameters.
Building proper torsion parameters.
Building improper torsion parameters.
 total 29 improper torsions applied
Building H-Bond parameters.
Incorporating Non-Bonded adjustments.
Not Marking per-residue atom chain types.
Marking per-residue atom chain types.
  (Residues lacking connect0/connect1 - 
   these don't have chain types marked:

	res	total affected

	L7M	1
  )
 (no restraints)
	Quit

Exiting LEaP: Errors = 0; Warnings = 0; Notes = 0.
====== min.o =========================================================
Reading parm file (L7M.parm7)
title:
L7M                                                                             
no velocities were found
no velocities were found
	mm_options:  ntpr=5
	mm_options:  gb=1
	mm_options:  kappa=0.10395
	mm_options:  rgbmax=99.
	mm_options:  cut=99.0
	mm_options:  wcons=0.
     bond:      5.852373069
    angle:     25.427336504
 dihedral:     63.182876433
    enb14:     20.891782596
    eel14:   -155.375616497
      enb:     -3.606369660
      eel:     17.984885344
      egb:    -39.080977304
    econs:      0.000000000
    esurf:      0.000000000
    Total:    -64.723709515
     frms:     11.028916135
Starting TNCG minimisation
 MIN: Iter =    0  NFunc =     1  E =     -64.72371  RMSG = 1.1028916e+01
 MIN: Iter =    1  NFunc =     7  E =     -82.24851  RMSG = 3.2339711e+00
 MIN: Iter =    2  NFunc =    13  E =     -85.87175  RMSG = 1.4608520e+00
 MIN: Iter =    3  NFunc =    27  E =     -87.76423  RMSG = 8.0010923e-01
 MIN: Iter =    4  NFunc =    60  E =     -89.07458  RMSG = 7.8330943e-01
 MIN: Iter =    5  NFunc =    78  E =     -89.81465  RMSG = 7.5055851e-01
 MIN: Iter =    6  NFunc =    87  E =     -90.04728  RMSG = 2.5762194e-01
 MIN: Iter =    7  NFunc =   102  E =     -90.16218  RMSG = 2.3741366e-01
 MIN: Iter =    8  NFunc =   119  E =     -90.25908  RMSG = 2.2259448e-01
 MIN: Iter =    9  NFunc =   141  E =     -90.33786  RMSG = 1.4218611e-01
 MIN: Iter =   10  NFunc =   192  E =     -90.45690  RMSG = 2.9418352e-01
 MIN: Iter =   11  NFunc =   198  E =     -90.48133  RMSG = 1.3363312e-01
 MIN: Iter =   12  NFunc =   249  E =     -90.55549  RMSG = 1.4960322e-01
 MIN: Iter =   13  NFunc =   266  E =     -90.59234  RMSG = 1.2574006e-01
 MIN: Iter =   14  NFunc =   305  E =     -90.63169  RMSG = 1.5416923e-01
 MIN: Iter =   15  NFunc =   311  E =     -90.63755  RMSG = 5.1829924e-02
 MIN: Iter =   16  NFunc =   362  E =     -90.66695  RMSG = 1.8108956e-01
 MIN: Iter =   17  NFunc =   368  E =     -90.67351  RMSG = 5.9506733e-02
 MIN: Iter =   18  NFunc =   419  E =     -90.69108  RMSG = 8.4326046e-02
 MIN: Iter =   19  NFunc =   470  E =     -90.71830  RMSG = 1.9313322e-01
 MIN: Iter =   20  NFunc =   479  E =     -90.73410  RMSG = 7.3739106e-02
 MIN: Iter =   21  NFunc =   509  E =     -90.75977  RMSG = 1.6246555e-01
 MIN: Iter =   22  NFunc =   515  E =     -90.76835  RMSG = 7.7637357e-02
 MIN: Iter =   23  NFunc =   556  E =     -90.80017  RMSG = 1.0736128e-01
 MIN: Iter =   24  NFunc =   579  E =     -90.82741  RMSG = 1.0531375e-01
 MIN: Iter =   25  NFunc =   597  E =     -90.84135  RMSG = 5.9889148e-02
 MIN: Iter =   26  NFunc =   608  E =     -90.84677  RMSG = 4.3001699e-02
 MIN: Iter =   27  NFunc =   626  E =     -90.84992  RMSG = 2.4045839e-02
 MIN: Iter =   28  NFunc =   671  E =     -90.85389  RMSG = 2.3818459e-02
 MIN: Iter =   29  NFunc =   697  E =     -90.85476  RMSG = 9.4898412e-03
 MIN: Iter =   30  NFunc =   732  E =     -90.85520  RMSG = 6.2832279e-03
 MIN: Iter =   31  NFunc =   783  E =     -90.85562  RMSG = 8.8440332e-03
 MIN: Iter =   32  NFunc =   834  E =     -90.85606  RMSG = 5.6137618e-03
 MIN: Iter =   33  NFunc =   885  E =     -90.85676  RMSG = 1.4002562e-02
 MIN: Iter =   34  NFunc =   936  E =     -90.85806  RMSG = 2.1326637e-02
 MIN: Iter =   35  NFunc =   957  E =     -90.85860  RMSG = 7.4044715e-03
 MIN: Iter =   36  NFunc =  1008  E =     -90.85926  RMSG = 1.0638670e-02
 MIN: Iter =   37  NFunc =  1015  E =     -90.85930  RMSG = 5.3123133e-03
 MIN: Iter =   38  NFunc =  1066  E =     -90.85960  RMSG = 6.9060849e-03
 MIN: Iter =   39  NFunc =  1117  E =     -90.85988  RMSG = 5.4420540e-03
 MIN: Iter =   40  NFunc =  1133  E =     -90.85995  RMSG = 3.2876927e-03
 MIN: Iter =   41  NFunc =  1172  E =     -90.85999  RMSG = 1.4816980e-03
 MIN: Iter =   42  NFunc =  1223  E =     -90.86001  RMSG = 1.7418799e-03
 MIN: Iter =   43  NFunc =  1274  E =     -90.86003  RMSG = 1.3623266e-03
 MIN: Iter =   44  NFunc =  1300  E =     -90.86004  RMSG = 1.4310326e-03
 MIN: Iter =   45  NFunc =  1351  E =     -90.86007  RMSG = 1.4249826e-03
 MIN: Iter =   46  NFunc =  1398  E =     -90.86009  RMSG = 9.9619475e-04
 MIN: Iter =   47  NFunc =  1449  E =     -90.86009  RMSG = 8.9086191e-04
 MIN: Iter =   48  NFunc =  1500  E =     -90.86010  RMSG = 1.5660518e-03
 MIN: Iter =   49  NFunc =  1517  E =     -90.86011  RMSG = 1.0503731e-03
 MIN: Iter =   50  NFunc =  1545  E =     -90.86011  RMSG = 9.1599004e-04
 MIN: Iter =   51  NFunc =  1596  E =     -90.86012  RMSG = 8.3815102e-04
 MIN: Iter =   52  NFunc =  1634  E =     -90.86012  RMSG = 5.0164465e-04
 MIN: Iter =   53  NFunc =  1676  E =     -90.86013  RMSG = 2.9716649e-04
----------------------------------------------------------------
 END:          :-)  E =     -90.86013  RMSG =   0.0002972

     bond:      3.506080784
    angle:     20.000666467
 dihedral:     58.732745403
    enb14:     15.333843343
    eel14:   -159.356640527
      enb:     -7.313392242
      eel:     18.337518016
      egb:    -40.100946930
    econs:      0.000000000
    esurf:      0.000000000
    Total:    -90.860125686
     frms:      0.000297166
====== rms.dat  ======================================================
#Frame      all_heavy
       1       0.6999
