====== tleap.out =====================================================
-I: Adding /home/case/amber24/dat/leap/prep to search path.
-I: Adding /home/case/amber24/dat/leap/lib to search path.
-I: Adding /home/case/amber24/dat/leap/parm to search path.
-I: Adding /home/case/amber24/dat/leap/cmd to search path.
-f: Source leap.in.

Welcome to LEaP!
(no leaprc in search path)
Sourcing: ./leap.in
Using Bondi radii
----- Source: /home/case/amber24/dat/leap/cmd/leaprc.gaff2
----- Source of /home/case/amber24/dat/leap/cmd/leaprc.gaff2 done
Log file: ./leap.log
Loading parameters: /home/case/amber24/dat/leap/parm/gaff2.dat
Reading title:
AMBER General Force Field for organic molecules (Version 2.2.20, March 2021)
Loading parameters: ./L8C.frcmod
Reading force field modification type file (frcmod)
Reading title:
Remark line goes here
Loading Mol2 file: ./L8C.mol2
Reading MOLECULE named L8C
Checking Unit.
Building topology.
"order_residues" off: keep input residue order.
Building atom parameters.
Building bond parameters.
Building angle parameters.
Building proper torsion parameters.
Building improper torsion parameters.
 total 8 improper torsions applied
Building H-Bond parameters.
Incorporating Non-Bonded adjustments.
Not Marking per-residue atom chain types.
Marking per-residue atom chain types.
  (Residues lacking connect0/connect1 - 
   these don't have chain types marked:

	res	total affected

	L8C	1
  )
 (no restraints)
	Quit

Exiting LEaP: Errors = 0; Warnings = 0; Notes = 0.
====== min.o =========================================================
Reading parm file (L8C.parm7)
title:
L8C                                                                             
no velocities were found
no velocities were found
	mm_options:  ntpr=5
	mm_options:  gb=1
	mm_options:  kappa=0.10395
	mm_options:  rgbmax=99.
	mm_options:  cut=99.0
	mm_options:  wcons=0.
     bond:      1.733434361
    angle:      3.633005339
 dihedral:      8.059181988
    enb14:     11.122038703
    eel14:    140.626234267
      enb:     -2.970385764
      eel:    -60.953372766
      egb:    -21.081651781
    econs:      0.000000000
    esurf:      0.000000000
    Total:     80.168484347
     frms:      8.301211145
Starting TNCG minimisation
 MIN: Iter =    0  NFunc =     1  E =      80.16848  RMSG = 8.3012111e+00
 MIN: Iter =    1  NFunc =     7  E =      72.16584  RMSG = 2.4601700e+00
 MIN: Iter =    2  NFunc =    17  E =      70.00246  RMSG = 1.2069253e+00
 MIN: Iter =    3  NFunc =    35  E =      69.37404  RMSG = 2.8249496e+00
 MIN: Iter =    4  NFunc =    41  E =      68.80103  RMSG = 1.2684819e+00
 MIN: Iter =    5  NFunc =    47  E =      68.48734  RMSG = 3.0677678e+00
 MIN: Iter =    6  NFunc =    53  E =      68.11261  RMSG = 5.5205778e-01
 MIN: Iter =    7  NFunc =    61  E =      67.97707  RMSG = 5.9543996e-01
 MIN: Iter =    8  NFunc =    67  E =      67.84505  RMSG = 1.6338445e+00
 MIN: Iter =    9  NFunc =    75  E =      67.64884  RMSG = 5.0390197e-01
 MIN: Iter =   10  NFunc =    87  E =      67.53018  RMSG = 1.0706957e+00
 MIN: Iter =   11  NFunc =    93  E =      67.47809  RMSG = 1.5569451e-01
 MIN: Iter =   12  NFunc =   131  E =      67.36083  RMSG = 7.5946015e-01
 MIN: Iter =   13  NFunc =   138  E =      67.30669  RMSG = 2.3463976e-01
 MIN: Iter =   14  NFunc =   145  E =      67.26092  RMSG = 3.1207331e-01
 MIN: Iter =   15  NFunc =   159  E =      67.20223  RMSG = 2.6359854e-01
 MIN: Iter =   16  NFunc =   173  E =      67.16749  RMSG = 1.5123163e-01
 MIN: Iter =   17  NFunc =   192  E =      67.14012  RMSG = 4.2873365e-01
 MIN: Iter =   18  NFunc =   198  E =      67.12666  RMSG = 7.3850746e-02
 MIN: Iter =   19  NFunc =   233  E =      67.10540  RMSG = 2.3727721e-01
 MIN: Iter =   20  NFunc =   250  E =      67.08288  RMSG = 1.7237551e-01
 MIN: Iter =   21  NFunc =   266  E =      67.07081  RMSG = 1.0080784e-01
 MIN: Iter =   22  NFunc =   279  E =      67.06600  RMSG = 4.2285875e-02
 MIN: Iter =   23  NFunc =   289  E =      67.06489  RMSG = 2.7187097e-02
 MIN: Iter =   24  NFunc =   326  E =      67.06345  RMSG = 1.9639547e-02
 MIN: Iter =   25  NFunc =   351  E =      67.06257  RMSG = 1.3427416e-02
 MIN: Iter =   26  NFunc =   374  E =      67.06204  RMSG = 2.1700405e-02
 MIN: Iter =   27  NFunc =   390  E =      67.06192  RMSG = 6.9647430e-03
 MIN: Iter =   28  NFunc =   412  E =      67.06179  RMSG = 5.9334670e-03
 MIN: Iter =   29  NFunc =   434  E =      67.06171  RMSG = 3.7254835e-03
 MIN: Iter =   30  NFunc =   454  E =      67.06169  RMSG = 2.5673989e-03
 MIN: Iter =   31  NFunc =   462  E =      67.06169  RMSG = 1.5637537e-03
 MIN: Iter =   32  NFunc =   478  E =      67.06169  RMSG = 8.0999317e-04
 MIN: Iter =   33  NFunc =   529  E =      67.06168  RMSG = 6.9267542e-04
 MIN: Iter =   34  NFunc =   535  E =      67.06168  RMSG = 6.9203793e-04
 MIN: Iter =   35  NFunc =   542  E =      67.06168  RMSG = 4.3230016e-04
----------------------------------------------------------------
 END:          :-)  E =      67.06168  RMSG =   0.0004323

     bond:      2.488058714
    angle:      2.645172388
 dihedral:      3.679429940
    enb14:      7.038260727
    eel14:    134.262960034
      enb:     -2.741862815
      eel:    -54.770168576
      egb:    -25.540166708
    econs:      0.000000000
    esurf:      0.000000000
    Total:     67.061683704
     frms:      0.000432300
====== rms.dat  ======================================================
#Frame      all_heavy
       1       0.4400
