====== tleap.out =====================================================
-I: Adding /home/case/amber24/dat/leap/prep to search path.
-I: Adding /home/case/amber24/dat/leap/lib to search path.
-I: Adding /home/case/amber24/dat/leap/parm to search path.
-I: Adding /home/case/amber24/dat/leap/cmd to search path.
-f: Source leap.in.

Welcome to LEaP!
(no leaprc in search path)
Sourcing: ./leap.in
Using Bondi radii
----- Source: /home/case/amber24/dat/leap/cmd/leaprc.gaff2
----- Source of /home/case/amber24/dat/leap/cmd/leaprc.gaff2 done
Log file: ./leap.log
Loading parameters: /home/case/amber24/dat/leap/parm/gaff2.dat
Reading title:
AMBER General Force Field for organic molecules (Version 2.2.20, March 2021)
Loading parameters: ./L9R.frcmod
Reading force field modification type file (frcmod)
Reading title:
Remark line goes here
Loading Mol2 file: ./L9R.mol2
Reading MOLECULE named L9R
Checking Unit.
Building topology.
"order_residues" off: keep input residue order.
Building atom parameters.
Building bond parameters.
Building angle parameters.
Building proper torsion parameters.
Building improper torsion parameters.
 total 4 improper torsions applied
Building H-Bond parameters.
Incorporating Non-Bonded adjustments.
Not Marking per-residue atom chain types.
Marking per-residue atom chain types.
  (Residues lacking connect0/connect1 - 
   these don't have chain types marked:

	res	total affected

	L9R	1
  )
 (no restraints)
	Quit

Exiting LEaP: Errors = 0; Warnings = 0; Notes = 0.
====== min.o =========================================================
Reading parm file (L9R.parm7)
title:
L9R                                                                             
no velocities were found
no velocities were found
	mm_options:  ntpr=5
	mm_options:  gb=1
	mm_options:  kappa=0.10395
	mm_options:  rgbmax=99.
	mm_options:  cut=99.0
	mm_options:  wcons=0.
     bond:      3.677698021
    angle:     15.064956364
 dihedral:     79.924105137
    enb14:     15.741199099
    eel14:     34.240303426
      enb:    -18.201286461
      eel:   -106.492457707
      egb:    -64.214275915
    econs:      0.000000000
    esurf:      0.000000000
    Total:    -40.259758036
     frms:      7.143863620
Starting TNCG minimisation
 MIN: Iter =    0  NFunc =     1  E =     -40.25976  RMSG = 7.1438636e+00
 MIN: Iter =    1  NFunc =     7  E =     -54.59246  RMSG = 2.0955240e+00
 MIN: Iter =    2  NFunc =    16  E =     -57.59988  RMSG = 8.7452089e-01
 MIN: Iter =    3  NFunc =    25  E =     -58.90104  RMSG = 4.9137095e-01
 MIN: Iter =    4  NFunc =    60  E =     -60.32983  RMSG = 5.4227954e-01
 MIN: Iter =    5  NFunc =    79  E =     -61.10340  RMSG = 5.1110948e-01
 MIN: Iter =    6  NFunc =    89  E =     -61.50680  RMSG = 3.4064703e-01
 MIN: Iter =    7  NFunc =   101  E =     -61.69945  RMSG = 2.3718548e-01
 MIN: Iter =    8  NFunc =   138  E =     -61.90633  RMSG = 4.2669946e-01
 MIN: Iter =    9  NFunc =   144  E =     -61.95420  RMSG = 9.3303364e-02
 MIN: Iter =   10  NFunc =   195  E =     -62.09268  RMSG = 2.6198895e-01
 MIN: Iter =   11  NFunc =   205  E =     -62.20195  RMSG = 3.2849222e-01
 MIN: Iter =   12  NFunc =   212  E =     -62.27291  RMSG = 1.2480565e-01
 MIN: Iter =   13  NFunc =   263  E =     -62.38937  RMSG = 2.0154847e-01
 MIN: Iter =   14  NFunc =   273  E =     -62.42524  RMSG = 9.2780684e-02
 MIN: Iter =   15  NFunc =   297  E =     -62.46432  RMSG = 1.0739384e-01
 MIN: Iter =   16  NFunc =   348  E =     -62.52179  RMSG = 1.5914720e-01
 MIN: Iter =   17  NFunc =   354  E =     -62.53299  RMSG = 6.6135558e-02
 MIN: Iter =   18  NFunc =   405  E =     -62.57315  RMSG = 2.4111138e-01
 MIN: Iter =   19  NFunc =   411  E =     -62.59316  RMSG = 6.1886714e-02
 MIN: Iter =   20  NFunc =   462  E =     -62.62236  RMSG = 1.2189713e-01
 MIN: Iter =   21  NFunc =   513  E =     -62.69296  RMSG = 1.7249741e-01
 MIN: Iter =   22  NFunc =   529  E =     -62.76024  RMSG = 1.5591933e-01
 MIN: Iter =   23  NFunc =   580  E =     -62.88183  RMSG = 2.5637443e-01
 MIN: Iter =   24  NFunc =   589  E =     -63.02541  RMSG = 2.7942788e-01
 MIN: Iter =   25  NFunc =   597  E =     -63.15997  RMSG = 3.1704602e-01
 MIN: Iter =   26  NFunc =   603  E =     -63.26859  RMSG = 2.4475618e-01
 MIN: Iter =   27  NFunc =   629  E =     -63.47141  RMSG = 2.4840401e-01
 MIN: Iter =   28  NFunc =   646  E =     -63.66924  RMSG = 2.5375619e-01
 MIN: Iter =   29  NFunc =   654  E =     -63.78070  RMSG = 1.4033428e-01
 MIN: Iter =   30  NFunc =   705  E =     -64.02432  RMSG = 1.8744421e-01
 MIN: Iter =   31  NFunc =   712  E =     -64.23637  RMSG = 2.4051664e-01
 MIN: Iter =   32  NFunc =   718  E =     -64.40630  RMSG = 2.5684379e-01
 MIN: Iter =   33  NFunc =   724  E =     -64.49805  RMSG = 1.4327918e-01
 MIN: Iter =   34  NFunc =   743  E =     -64.63666  RMSG = 1.5011636e-01
 MIN: Iter =   35  NFunc =   792  E =     -64.80537  RMSG = 1.3106816e-01
 MIN: Iter =   36  NFunc =   820  E =     -64.89888  RMSG = 1.0985913e-01
 MIN: Iter =   37  NFunc =   847  E =     -64.93326  RMSG = 5.9195583e-02
 MIN: Iter =   38  NFunc =   898  E =     -64.98563  RMSG = 9.9281878e-02
 MIN: Iter =   39  NFunc =   938  E =     -65.01304  RMSG = 5.9981587e-02
 MIN: Iter =   40  NFunc =   976  E =     -65.03750  RMSG = 7.6889319e-02
 MIN: Iter =   41  NFunc =   984  E =     -65.04156  RMSG = 3.4097100e-02
 MIN: Iter =   42  NFunc =  1018  E =     -65.05023  RMSG = 3.5777012e-02
 MIN: Iter =   43  NFunc =  1069  E =     -65.05904  RMSG = 5.1172770e-02
 MIN: Iter =   44  NFunc =  1077  E =     -65.06079  RMSG = 2.2858330e-02
 MIN: Iter =   45  NFunc =  1128  E =     -65.06673  RMSG = 4.4191271e-02
 MIN: Iter =   46  NFunc =  1179  E =     -65.07262  RMSG = 2.4342024e-02
 MIN: Iter =   47  NFunc =  1226  E =     -65.07836  RMSG = 2.6150733e-02
 MIN: Iter =   48  NFunc =  1277  E =     -65.08578  RMSG = 4.5017497e-02
 MIN: Iter =   49  NFunc =  1328  E =     -65.09945  RMSG = 5.1602513e-02
 MIN: Iter =   50  NFunc =  1336  E =     -65.10177  RMSG = 2.3693928e-02
 MIN: Iter =   51  NFunc =  1387  E =     -65.11070  RMSG = 4.9690539e-02
 MIN: Iter =   52  NFunc =  1394  E =     -65.11248  RMSG = 2.0983511e-02
 MIN: Iter =   53  NFunc =  1417  E =     -65.11457  RMSG = 1.5847629e-02
 MIN: Iter =   54  NFunc =  1445  E =     -65.11531  RMSG = 7.8918874e-03
 MIN: Iter =   55  NFunc =  1496  E =     -65.11632  RMSG = 1.3491506e-02
 MIN: Iter =   56  NFunc =  1547  E =     -65.11730  RMSG = 8.2328395e-03
 MIN: Iter =   57  NFunc =  1598  E =     -65.11790  RMSG = 6.2164472e-03
 MIN: Iter =   58  NFunc =  1621  E =     -65.11810  RMSG = 3.3534191e-03
 MIN: Iter =   59  NFunc =  1656  E =     -65.11819  RMSG = 2.1753677e-03
 MIN: Iter =   60  NFunc =  1707  E =     -65.11829  RMSG = 3.5842315e-03
 MIN: Iter =   61  NFunc =  1758  E =     -65.11853  RMSG = 4.8117500e-03
 MIN: Iter =   62  NFunc =  1809  E =     -65.11893  RMSG = 6.9564322e-03
 MIN: Iter =   63  NFunc =  1860  E =     -65.11936  RMSG = 8.5674167e-03
 MIN: Iter =   64  NFunc =  1911  E =     -65.11990  RMSG = 1.0175641e-02
 MIN: Iter =   65  NFunc =  1962  E =     -65.12051  RMSG = 1.0897912e-02
 MIN: Iter =   66  NFunc =  2006  E =     -65.12091  RMSG = 4.6367353e-03
 MIN: Iter =   67  NFunc =  2057  E =     -65.12111  RMSG = 4.3947386e-03
 MIN: Iter =   68  NFunc =  2073  E =     -65.12115  RMSG = 2.5083194e-03
 MIN: Iter =   69  NFunc =  2124  E =     -65.12122  RMSG = 1.9164612e-03
 MIN: Iter =   70  NFunc =  2174  E =     -65.12129  RMSG = 1.6728064e-03
 MIN: Iter =   71  NFunc =  2197  E =     -65.12130  RMSG = 8.8369894e-04
 MIN: Iter =   72  NFunc =  2228  E =     -65.12131  RMSG = 5.3409648e-04
 MIN: Iter =   73  NFunc =  2273  E =     -65.12131  RMSG = 3.1422456e-04
----------------------------------------------------------------
 END:          :-)  E =     -65.12131  RMSG =   0.0003142

     bond:      1.972282406
    angle:     10.697832622
 dihedral:     73.354396651
    enb14:     10.331170506
    eel14:     34.169541735
      enb:    -24.426385543
      eel:   -112.014586560
      egb:    -59.205563313
    econs:      0.000000000
    esurf:      0.000000000
    Total:    -65.121311497
     frms:      0.000314225
====== rms.dat  ======================================================
#Frame      all_heavy
       1       1.2635
