====== tleap.out =====================================================
-I: Adding /home/case/amber24/dat/leap/prep to search path.
-I: Adding /home/case/amber24/dat/leap/lib to search path.
-I: Adding /home/case/amber24/dat/leap/parm to search path.
-I: Adding /home/case/amber24/dat/leap/cmd to search path.
-f: Source leap.in.

Welcome to LEaP!
(no leaprc in search path)
Sourcing: ./leap.in
Using Bondi radii
----- Source: /home/case/amber24/dat/leap/cmd/leaprc.gaff2
----- Source of /home/case/amber24/dat/leap/cmd/leaprc.gaff2 done
Log file: ./leap.log
Loading parameters: /home/case/amber24/dat/leap/parm/gaff2.dat
Reading title:
AMBER General Force Field for organic molecules (Version 2.2.20, March 2021)
Loading parameters: ./LBY.frcmod
Reading force field modification type file (frcmod)
Reading title:
Remark line goes here
Loading Mol2 file: ./LBY.mol2
Reading MOLECULE named LBY
Checking Unit.

/home/case/amber24/bin/teLeap: Warning!
The unperturbed charge of the unit (-1.003004) is not zero.

/home/case/amber24/bin/teLeap: Note.
Ignoring the warning from Unit Checking.

Building topology.
"order_residues" off: keep input residue order.
Building atom parameters.
Building bond parameters.
Building angle parameters.
Building proper torsion parameters.
Building improper torsion parameters.
 total 3 improper torsions applied
Building H-Bond parameters.
Incorporating Non-Bonded adjustments.
Not Marking per-residue atom chain types.
Marking per-residue atom chain types.
  (Residues lacking connect0/connect1 - 
   these don't have chain types marked:

	res	total affected

	LBY	1
  )
 (no restraints)
	Quit

Exiting LEaP: Errors = 0; Warnings = 1; Notes = 1.
====== min.o =========================================================
Reading parm file (LBY.parm7)
title:
LBY                                                                             
no velocities were found
no velocities were found
	mm_options:  ntpr=5
	mm_options:  gb=1
	mm_options:  kappa=0.10395
	mm_options:  rgbmax=99.
	mm_options:  cut=99.0
	mm_options:  wcons=0.
     bond:      2.323755973
    angle:      7.363259690
 dihedral:     15.726862901
    enb14:      7.431029276
    eel14:     83.872970119
      enb:     -1.438812546
      eel:    -78.203662096
      egb:    -85.700991944
    econs:      0.000000000
    esurf:      0.000000000
    Total:    -48.625588627
     frms:      7.712683729
Starting TNCG minimisation
 MIN: Iter =    0  NFunc =     1  E =     -48.62559  RMSG = 7.7126837e+00
 MIN: Iter =    1  NFunc =     7  E =     -55.93972  RMSG = 2.6047848e+00
 MIN: Iter =    2  NFunc =    14  E =     -57.02061  RMSG = 7.6187879e-01
 MIN: Iter =    3  NFunc =    31  E =     -57.44223  RMSG = 1.8971590e+00
 MIN: Iter =    4  NFunc =    37  E =     -57.62154  RMSG = 3.1758590e-01
 MIN: Iter =    5  NFunc =    44  E =     -57.68776  RMSG = 6.3761183e-01
 MIN: Iter =    6  NFunc =    50  E =     -57.71944  RMSG = 1.8228180e-01
 MIN: Iter =    7  NFunc =    61  E =     -57.74708  RMSG = 1.6319685e-01
 MIN: Iter =    8  NFunc =   112  E =     -57.76689  RMSG = 2.9373567e-01
 MIN: Iter =    9  NFunc =   119  E =     -57.77705  RMSG = 1.0721060e-01
 MIN: Iter =   10  NFunc =   152  E =     -57.79898  RMSG = 2.4705081e-01
 MIN: Iter =   11  NFunc =   189  E =     -57.82380  RMSG = 4.1544435e-01
 MIN: Iter =   12  NFunc =   195  E =     -57.84767  RMSG = 2.7594395e-01
 MIN: Iter =   13  NFunc =   211  E =     -57.87643  RMSG = 4.5119561e-01
 MIN: Iter =   14  NFunc =   217  E =     -57.91626  RMSG = 5.4039340e-01
 MIN: Iter =   15  NFunc =   223  E =     -57.95153  RMSG = 2.6283106e-01
 MIN: Iter =   16  NFunc =   230  E =     -57.97177  RMSG = 5.2833017e-01
 MIN: Iter =   17  NFunc =   236  E =     -57.99661  RMSG = 1.4287575e-01
 MIN: Iter =   18  NFunc =   248  E =     -58.01255  RMSG = 1.6907098e-01
 MIN: Iter =   19  NFunc =   257  E =     -58.02700  RMSG = 2.0623928e-01
 MIN: Iter =   20  NFunc =   264  E =     -58.03082  RMSG = 6.8185830e-02
 MIN: Iter =   21  NFunc =   279  E =     -58.03447  RMSG = 6.7998238e-02
 MIN: Iter =   22  NFunc =   298  E =     -58.03710  RMSG = 2.6914608e-02
 MIN: Iter =   23  NFunc =   322  E =     -58.03834  RMSG = 2.6778467e-02
 MIN: Iter =   24  NFunc =   341  E =     -58.03962  RMSG = 3.0150441e-02
 MIN: Iter =   25  NFunc =   377  E =     -58.04074  RMSG = 1.8758208e-02
 MIN: Iter =   26  NFunc =   397  E =     -58.04099  RMSG = 7.8931854e-03
 MIN: Iter =   27  NFunc =   417  E =     -58.04104  RMSG = 4.5198957e-03
 MIN: Iter =   28  NFunc =   425  E =     -58.04105  RMSG = 2.9873031e-03
 MIN: Iter =   29  NFunc =   445  E =     -58.04107  RMSG = 2.5270728e-03
 MIN: Iter =   30  NFunc =   494  E =     -58.04110  RMSG = 1.4634206e-03
 MIN: Iter =   31  NFunc =   513  E =     -58.04110  RMSG = 1.5464148e-03
 MIN: Iter =   32  NFunc =   523  E =     -58.04110  RMSG = 6.2382924e-04
 MIN: Iter =   33  NFunc =   561  E =     -58.04110  RMSG = 4.6406458e-04
----------------------------------------------------------------
 END:          :-)  E =     -58.04110  RMSG =   0.0004641

     bond:      2.420762073
    angle:      8.513870261
 dihedral:     14.927504816
    enb14:      4.249098584
    eel14:     69.281767513
      enb:     -2.197415293
      eel:    -64.193106326
      egb:    -91.043586317
    econs:      0.000000000
    esurf:      0.000000000
    Total:    -58.041104689
     frms:      0.000464065
====== rms.dat  ======================================================
#Frame      all_heavy
       1       0.2901
