====== tleap.out =====================================================
-I: Adding /home/case/amber24/dat/leap/prep to search path.
-I: Adding /home/case/amber24/dat/leap/lib to search path.
-I: Adding /home/case/amber24/dat/leap/parm to search path.
-I: Adding /home/case/amber24/dat/leap/cmd to search path.
-f: Source leap.in.

Welcome to LEaP!
(no leaprc in search path)
Sourcing: ./leap.in
Using Bondi radii
----- Source: /home/case/amber24/dat/leap/cmd/leaprc.gaff2
----- Source of /home/case/amber24/dat/leap/cmd/leaprc.gaff2 done
Log file: ./leap.log
Loading parameters: /home/case/amber24/dat/leap/parm/gaff2.dat
Reading title:
AMBER General Force Field for organic molecules (Version 2.2.20, March 2021)
Loading parameters: ./LDY.frcmod
Reading force field modification type file (frcmod)
Reading title:
Remark line goes here
Loading Mol2 file: ./LDY.mol2
Reading MOLECULE named LDY
Checking Unit.
Building topology.
"order_residues" off: keep input residue order.
Building atom parameters.
Building bond parameters.
Building angle parameters.
Building proper torsion parameters.
Building improper torsion parameters.
 total 0 improper torsions applied
Building H-Bond parameters.
Incorporating Non-Bonded adjustments.
Not Marking per-residue atom chain types.
Marking per-residue atom chain types.
  (Residues lacking connect0/connect1 - 
   these don't have chain types marked:

	res	total affected

	LDY	1
  )
 (no restraints)
	Quit

Exiting LEaP: Errors = 0; Warnings = 0; Notes = 0.
====== min.o =========================================================
Reading parm file (LDY.parm7)
title:
LDY                                                                             
no velocities were found
no velocities were found
	mm_options:  ntpr=5
	mm_options:  gb=1
	mm_options:  kappa=0.10395
	mm_options:  rgbmax=99.
	mm_options:  cut=99.0
	mm_options:  wcons=0.
     bond:      1.320340564
    angle:      1.824841692
 dihedral:     15.774491836
    enb14:      5.975567241
    eel14:    156.263379409
      enb:     -0.665258031
      eel:   -127.794741964
      egb:    -23.707279474
    econs:      0.000000000
    esurf:      0.000000000
    Total:     28.991341274
     frms:     12.326662566
Starting TNCG minimisation
 MIN: Iter =    0  NFunc =     1  E =      28.99134  RMSG = 1.2326663e+01
 MIN: Iter =    1  NFunc =     7  E =      20.71048  RMSG = 3.3153684e+00
 MIN: Iter =    2  NFunc =    13  E =      20.14921  RMSG = 9.8571034e-01
 MIN: Iter =    3  NFunc =    28  E =      19.82460  RMSG = 2.2102712e+00
 MIN: Iter =    4  NFunc =    35  E =      19.49882  RMSG = 1.9771712e+00
 MIN: Iter =    5  NFunc =    41  E =      19.29244  RMSG = 1.2253386e+00
 MIN: Iter =    6  NFunc =    47  E =      19.16267  RMSG = 1.3149024e+00
 MIN: Iter =    7  NFunc =    54  E =      19.05067  RMSG = 1.0065232e+00
 MIN: Iter =    8  NFunc =    60  E =      18.97853  RMSG = 9.9692083e-01
 MIN: Iter =    9  NFunc =    66  E =      18.92591  RMSG = 6.1996568e-01
 MIN: Iter =   10  NFunc =    72  E =      18.88783  RMSG = 7.9859028e-01
 MIN: Iter =   11  NFunc =    79  E =      18.86270  RMSG = 3.6858462e-01
 MIN: Iter =   12  NFunc =    87  E =      18.84678  RMSG = 3.6341621e-01
 MIN: Iter =   13  NFunc =    97  E =      18.83802  RMSG = 1.3416953e-01
 MIN: Iter =   14  NFunc =   106  E =      18.83508  RMSG = 8.9845600e-02
 MIN: Iter =   15  NFunc =   119  E =      18.83330  RMSG = 5.8769139e-02
 MIN: Iter =   16  NFunc =   134  E =      18.83278  RMSG = 2.4260097e-02
 MIN: Iter =   17  NFunc =   142  E =      18.83269  RMSG = 9.4394815e-03
 MIN: Iter =   18  NFunc =   156  E =      18.83258  RMSG = 1.1273721e-02
 MIN: Iter =   19  NFunc =   169  E =      18.83256  RMSG = 3.1190291e-03
 MIN: Iter =   20  NFunc =   175  E =      18.83256  RMSG = 1.5918003e-03
 MIN: Iter =   21  NFunc =   195  E =      18.83256  RMSG = 1.0173509e-03
 MIN: Iter =   22  NFunc =   205  E =      18.83256  RMSG = 4.7696604e-04
----------------------------------------------------------------
 END:          :-)  E =      18.83256  RMSG =   0.0004770

     bond:      1.712164392
    angle:      1.652784887
 dihedral:     16.325633769
    enb14:      3.494262367
    eel14:    145.809996174
      enb:     -0.830815402
      eel:   -127.398308945
      egb:    -21.933159801
    econs:      0.000000000
    esurf:      0.000000000
    Total:     18.832557441
     frms:      0.000476966
====== rms.dat  ======================================================
#Frame      all_heavy
       1       0.0728
