====== tleap.out =====================================================
-I: Adding /home/case/amber24/dat/leap/prep to search path.
-I: Adding /home/case/amber24/dat/leap/lib to search path.
-I: Adding /home/case/amber24/dat/leap/parm to search path.
-I: Adding /home/case/amber24/dat/leap/cmd to search path.
-f: Source leap.in.

Welcome to LEaP!
(no leaprc in search path)
Sourcing: ./leap.in
Using Bondi radii
----- Source: /home/case/amber24/dat/leap/cmd/leaprc.gaff2
----- Source of /home/case/amber24/dat/leap/cmd/leaprc.gaff2 done
Log file: ./leap.log
Loading parameters: /home/case/amber24/dat/leap/parm/gaff2.dat
Reading title:
AMBER General Force Field for organic molecules (Version 2.2.20, March 2021)
Loading parameters: ./LHS.frcmod
Reading force field modification type file (frcmod)
Reading title:
Remark line goes here
Loading Mol2 file: ./LHS.mol2
Reading MOLECULE named LHS
Checking Unit.
Building topology.
"order_residues" off: keep input residue order.
Building atom parameters.
Building bond parameters.
Building angle parameters.
Building proper torsion parameters.
Building improper torsion parameters.
 total 10 improper torsions applied
Building H-Bond parameters.
Incorporating Non-Bonded adjustments.
Not Marking per-residue atom chain types.
Marking per-residue atom chain types.
  (Residues lacking connect0/connect1 - 
   these don't have chain types marked:

	res	total affected

	LHS	1
  )
 (no restraints)
	Quit

Exiting LEaP: Errors = 0; Warnings = 0; Notes = 0.
====== min.o =========================================================
Reading parm file (LHS.parm7)
title:
LHS                                                                             
no velocities were found
no velocities were found
	mm_options:  ntpr=5
	mm_options:  gb=1
	mm_options:  kappa=0.10395
	mm_options:  rgbmax=99.
	mm_options:  cut=99.0
	mm_options:  wcons=0.
     bond:      3.092411519
    angle:      7.908577206
 dihedral:      0.077100359
    enb14:      7.086702435
    eel14:    139.478268983
      enb:     -2.871855225
      eel:    -79.225251076
      egb:    -20.633652737
    econs:      0.000000000
    esurf:      0.000000000
    Total:     54.912301462
     frms:     11.487313451
Starting TNCG minimisation
 MIN: Iter =    0  NFunc =     1  E =      54.91230  RMSG = 1.1487313e+01
 MIN: Iter =    1  NFunc =     7  E =      47.67684  RMSG = 2.0300631e+00
 MIN: Iter =    2  NFunc =    16  E =      45.99882  RMSG = 8.0578101e-01
 MIN: Iter =    3  NFunc =    26  E =      45.75720  RMSG = 3.2173926e-01
 MIN: Iter =    4  NFunc =    33  E =      45.73328  RMSG = 1.7713776e-01
 MIN: Iter =    5  NFunc =    48  E =      45.67043  RMSG = 3.0756011e-01
 MIN: Iter =    6  NFunc =    74  E =      45.62214  RMSG = 3.1357245e-01
 MIN: Iter =    7  NFunc =    80  E =      45.61470  RMSG = 7.8115642e-02
 MIN: Iter =    8  NFunc =   132  E =      45.58772  RMSG = 2.6020233e-01
 MIN: Iter =    9  NFunc =   139  E =      45.56455  RMSG = 3.1681089e-01
 MIN: Iter =   10  NFunc =   145  E =      45.53507  RMSG = 4.6201732e-01
 MIN: Iter =   11  NFunc =   151  E =      45.50306  RMSG = 1.9912366e-01
 MIN: Iter =   12  NFunc =   158  E =      45.48821  RMSG = 2.2129546e-01
 MIN: Iter =   13  NFunc =   164  E =      45.47037  RMSG = 5.2389673e-01
 MIN: Iter =   14  NFunc =   170  E =      45.44069  RMSG = 1.6891308e-01
 MIN: Iter =   15  NFunc =   177  E =      45.42699  RMSG = 2.4170783e-01
 MIN: Iter =   16  NFunc =   183  E =      45.40879  RMSG = 3.6659407e-01
 MIN: Iter =   17  NFunc =   190  E =      45.38705  RMSG = 1.9827993e-01
 MIN: Iter =   18  NFunc =   197  E =      45.37215  RMSG = 4.3231902e-01
 MIN: Iter =   19  NFunc =   203  E =      45.35293  RMSG = 1.3652262e-01
 MIN: Iter =   20  NFunc =   210  E =      45.34259  RMSG = 1.7709072e-01
 MIN: Iter =   21  NFunc =   217  E =      45.32873  RMSG = 2.5767424e-01
 MIN: Iter =   22  NFunc =   223  E =      45.31824  RMSG = 1.5910202e-01
 MIN: Iter =   23  NFunc =   245  E =      45.29674  RMSG = 4.5162058e-01
 MIN: Iter =   24  NFunc =   251  E =      45.28150  RMSG = 1.2285761e-01
 MIN: Iter =   25  NFunc =   270  E =      45.27456  RMSG = 1.1414340e-01
 MIN: Iter =   26  NFunc =   278  E =      45.26903  RMSG = 1.9161515e-01
 MIN: Iter =   27  NFunc =   284  E =      45.26453  RMSG = 7.4658489e-02
 MIN: Iter =   28  NFunc =   292  E =      45.26171  RMSG = 1.3331223e-01
 MIN: Iter =   29  NFunc =   311  E =      45.25675  RMSG = 6.8146526e-02
 MIN: Iter =   30  NFunc =   323  E =      45.25497  RMSG = 4.5932238e-02
 MIN: Iter =   31  NFunc =   334  E =      45.25384  RMSG = 3.9102991e-02
 MIN: Iter =   32  NFunc =   352  E =      45.25288  RMSG = 1.7960641e-02
 MIN: Iter =   33  NFunc =   403  E =      45.25216  RMSG = 6.5255903e-02
 MIN: Iter =   34  NFunc =   409  E =      45.25188  RMSG = 1.3875323e-02
 MIN: Iter =   35  NFunc =   418  E =      45.25184  RMSG = 4.6029102e-03
 MIN: Iter =   36  NFunc =   444  E =      45.25176  RMSG = 5.9143071e-03
 MIN: Iter =   37  NFunc =   456  E =      45.25174  RMSG = 3.8224524e-03
 MIN: Iter =   38  NFunc =   466  E =      45.25174  RMSG = 2.0867425e-03
 MIN: Iter =   39  NFunc =   487  E =      45.25173  RMSG = 1.4488289e-03
 MIN: Iter =   40  NFunc =   538  E =      45.25172  RMSG = 1.1204769e-03
 MIN: Iter =   41  NFunc =   544  E =      45.25172  RMSG = 7.0571480e-04
 MIN: Iter =   42  NFunc =   577  E =      45.25172  RMSG = 7.8165095e-04
 MIN: Iter =   43  NFunc =   612  E =      45.25171  RMSG = 3.7560153e-04
----------------------------------------------------------------
 END:          :-)  E =      45.25171  RMSG =   0.0003756

     bond:      1.530380071
    angle:      6.286871381
 dihedral:      0.012434090
    enb14:      4.487900689
    eel14:    136.882021832
      enb:     -2.553528878
      eel:    -79.939274047
      egb:    -21.455090617
    econs:      0.000000000
    esurf:      0.000000000
    Total:     45.251714519
     frms:      0.000375602
====== rms.dat  ======================================================
#Frame      all_heavy
       1       0.3928
