====== tleap.out =====================================================
-I: Adding /home/case/amber24/dat/leap/prep to search path.
-I: Adding /home/case/amber24/dat/leap/lib to search path.
-I: Adding /home/case/amber24/dat/leap/parm to search path.
-I: Adding /home/case/amber24/dat/leap/cmd to search path.
-f: Source leap.in.

Welcome to LEaP!
(no leaprc in search path)
Sourcing: ./leap.in
Using Bondi radii
----- Source: /home/case/amber24/dat/leap/cmd/leaprc.gaff2
----- Source of /home/case/amber24/dat/leap/cmd/leaprc.gaff2 done
Log file: ./leap.log
Loading parameters: /home/case/amber24/dat/leap/parm/gaff2.dat
Reading title:
AMBER General Force Field for organic molecules (Version 2.2.20, March 2021)
Loading parameters: ./LI4.frcmod
Reading force field modification type file (frcmod)
Reading title:
Remark line goes here
Loading Mol2 file: ./LI4.mol2
Reading MOLECULE named LI4
Checking Unit.
Building topology.
"order_residues" off: keep input residue order.
Building atom parameters.
Building bond parameters.
Building angle parameters.
Building proper torsion parameters.
Building improper torsion parameters.
 total 16 improper torsions applied
Building H-Bond parameters.
Incorporating Non-Bonded adjustments.
Not Marking per-residue atom chain types.
Marking per-residue atom chain types.
  (Residues lacking connect0/connect1 - 
   these don't have chain types marked:

	res	total affected

	LI4	1
  )
 (no restraints)
	Quit

Exiting LEaP: Errors = 0; Warnings = 0; Notes = 0.
====== min.o =========================================================
Reading parm file (LI4.parm7)
title:
LI4                                                                             
no velocities were found
no velocities were found
	mm_options:  ntpr=5
	mm_options:  gb=1
	mm_options:  kappa=0.10395
	mm_options:  rgbmax=99.
	mm_options:  cut=99.0
	mm_options:  wcons=0.
     bond:      3.239603508
    angle:      2.685178253
 dihedral:      2.126958796
    enb14:     13.391923733
    eel14:     -9.919488429
      enb:     -0.062407636
      eel:    -42.864771220
      egb:    -17.616872539
    econs:      0.000000000
    esurf:      0.000000000
    Total:    -49.019875535
     frms:     13.825125957
Starting TNCG minimisation
 MIN: Iter =    0  NFunc =     1  E =     -49.01988  RMSG = 1.3825126e+01
 MIN: Iter =    1  NFunc =     7  E =     -56.43575  RMSG = 2.3991437e+00
 MIN: Iter =    2  NFunc =    16  E =     -58.75338  RMSG = 1.6231829e+00
 MIN: Iter =    3  NFunc =    22  E =     -59.09335  RMSG = 6.5143952e-01
 MIN: Iter =    4  NFunc =    30  E =     -59.16704  RMSG = 2.2959994e-01
 MIN: Iter =    5  NFunc =    40  E =     -59.18644  RMSG = 1.2889426e-01
 MIN: Iter =    6  NFunc =    46  E =     -59.18949  RMSG = 5.3327912e-02
 MIN: Iter =    7  NFunc =    56  E =     -59.19153  RMSG = 2.8628952e-02
 MIN: Iter =    8  NFunc =    74  E =     -59.19355  RMSG = 2.0996456e-02
 MIN: Iter =    9  NFunc =    87  E =     -59.19373  RMSG = 1.0465286e-02
 MIN: Iter =   10  NFunc =   115  E =     -59.19410  RMSG = 7.5803192e-03
 MIN: Iter =   11  NFunc =   139  E =     -59.19423  RMSG = 6.6243681e-03
 MIN: Iter =   12  NFunc =   191  E =     -59.19495  RMSG = 2.0688402e-02
 MIN: Iter =   13  NFunc =   199  E =     -59.19521  RMSG = 1.2669446e-02
 MIN: Iter =   14  NFunc =   214  E =     -59.19539  RMSG = 1.1852058e-02
 MIN: Iter =   15  NFunc =   224  E =     -59.19542  RMSG = 4.9797321e-03
 MIN: Iter =   16  NFunc =   235  E =     -59.19544  RMSG = 4.1534779e-03
 MIN: Iter =   17  NFunc =   251  E =     -59.19545  RMSG = 2.0833895e-03
 MIN: Iter =   18  NFunc =   266  E =     -59.19546  RMSG = 1.0732376e-03
 MIN: Iter =   19  NFunc =   272  E =     -59.19546  RMSG = 6.3906784e-04
 MIN: Iter =   20  NFunc =   303  E =     -59.19546  RMSG = 4.4411717e-04
----------------------------------------------------------------
 END:          :-)  E =     -59.19546  RMSG =   0.0004441

     bond:      1.695121978
    angle:      2.994604351
 dihedral:      1.567017806
    enb14:     10.248937109
    eel14:    -18.194477532
      enb:     -0.854595534
      eel:    -38.820853765
      egb:    -17.831210893
    econs:      0.000000000
    esurf:      0.000000000
    Total:    -59.195456479
     frms:      0.000444117
====== rms.dat  ======================================================
#Frame      all_heavy
       1       0.1123
