====== tleap.out =====================================================
-I: Adding /home/case/amber24/dat/leap/prep to search path.
-I: Adding /home/case/amber24/dat/leap/lib to search path.
-I: Adding /home/case/amber24/dat/leap/parm to search path.
-I: Adding /home/case/amber24/dat/leap/cmd to search path.
-f: Source leap.in.

Welcome to LEaP!
(no leaprc in search path)
Sourcing: ./leap.in
Using Bondi radii
----- Source: /home/case/amber24/dat/leap/cmd/leaprc.gaff2
----- Source of /home/case/amber24/dat/leap/cmd/leaprc.gaff2 done
Log file: ./leap.log
Loading parameters: /home/case/amber24/dat/leap/parm/gaff2.dat
Reading title:
AMBER General Force Field for organic molecules (Version 2.2.20, March 2021)
Loading parameters: ./LID.frcmod
Reading force field modification type file (frcmod)
Reading title:
Remark line goes here
Loading Mol2 file: ./LID.mol2
Reading MOLECULE named LID
Checking Unit.
Building topology.
"order_residues" off: keep input residue order.
Building atom parameters.
Building bond parameters.
Building angle parameters.
Building proper torsion parameters.
Building improper torsion parameters.
 total 20 improper torsions applied
Building H-Bond parameters.
Incorporating Non-Bonded adjustments.
Not Marking per-residue atom chain types.
Marking per-residue atom chain types.
  (Residues lacking connect0/connect1 - 
   these don't have chain types marked:

	res	total affected

	LID	1
  )
 (no restraints)
	Quit

Exiting LEaP: Errors = 0; Warnings = 0; Notes = 0.
====== min.o =========================================================
Reading parm file (LID.parm7)
title:
LID                                                                             
no velocities were found
no velocities were found
	mm_options:  ntpr=5
	mm_options:  gb=1
	mm_options:  kappa=0.10395
	mm_options:  rgbmax=99.
	mm_options:  cut=99.0
	mm_options:  wcons=0.
     bond:      2.250049790
    angle:     19.916326736
 dihedral:      5.651047910
    enb14:     16.864305567
    eel14:    -68.168191740
      enb:      0.589314305
      eel:    -26.344497601
      egb:    -19.923471912
    econs:      0.000000000
    esurf:      0.000000000
    Total:    -69.165116944
     frms:     13.778941350
Starting TNCG minimisation
 MIN: Iter =    0  NFunc =     1  E =     -69.16512  RMSG = 1.3778941e+01
 MIN: Iter =    1  NFunc =     7  E =     -81.70834  RMSG = 2.2948188e+00
 MIN: Iter =    2  NFunc =    16  E =     -85.48385  RMSG = 1.5466302e+00
 MIN: Iter =    3  NFunc =    23  E =     -86.20033  RMSG = 7.0198713e-01
 MIN: Iter =    4  NFunc =    48  E =     -87.02238  RMSG = 6.7755409e-01
 MIN: Iter =    5  NFunc =    58  E =     -87.39459  RMSG = 6.3543324e-01
 MIN: Iter =    6  NFunc =    64  E =     -87.47386  RMSG = 2.5192608e-01
 MIN: Iter =    7  NFunc =    95  E =     -87.66610  RMSG = 3.7131623e-01
 MIN: Iter =    8  NFunc =   101  E =     -87.68716  RMSG = 1.5171787e-01
 MIN: Iter =    9  NFunc =   140  E =     -87.74559  RMSG = 3.5857394e-01
 MIN: Iter =   10  NFunc =   146  E =     -87.76525  RMSG = 9.3986839e-02
 MIN: Iter =   11  NFunc =   175  E =     -87.78505  RMSG = 1.1460118e-01
 MIN: Iter =   12  NFunc =   181  E =     -87.78770  RMSG = 6.2032923e-02
 MIN: Iter =   13  NFunc =   227  E =     -87.80978  RMSG = 2.1823301e-01
 MIN: Iter =   14  NFunc =   233  E =     -87.81712  RMSG = 5.9615212e-02
 MIN: Iter =   15  NFunc =   270  E =     -87.83642  RMSG = 2.1157856e-01
 MIN: Iter =   16  NFunc =   276  E =     -87.84444  RMSG = 7.1960716e-02
 MIN: Iter =   17  NFunc =   306  E =     -87.87638  RMSG = 2.9718381e-01
 MIN: Iter =   18  NFunc =   312  E =     -87.89199  RMSG = 1.1246886e-01
 MIN: Iter =   19  NFunc =   343  E =     -87.94474  RMSG = 2.9382737e-01
 MIN: Iter =   20  NFunc =   349  E =     -87.96028  RMSG = 8.5498095e-02
 MIN: Iter =   21  NFunc =   384  E =     -88.02332  RMSG = 3.4157850e-01
 MIN: Iter =   22  NFunc =   390  E =     -88.04337  RMSG = 1.1986259e-01
 MIN: Iter =   23  NFunc =   436  E =     -88.10396  RMSG = 3.1513001e-01
 MIN: Iter =   24  NFunc =   442  E =     -88.14117  RMSG = 1.3682800e-01
 MIN: Iter =   25  NFunc =   453  E =     -88.16813  RMSG = 2.6280418e-01
 MIN: Iter =   26  NFunc =   462  E =     -88.19118  RMSG = 1.1923915e-01
 MIN: Iter =   27  NFunc =   479  E =     -88.20774  RMSG = 1.2438296e-01
 MIN: Iter =   28  NFunc =   496  E =     -88.21404  RMSG = 4.2814976e-02
 MIN: Iter =   29  NFunc =   517  E =     -88.21617  RMSG = 1.7935667e-02
 MIN: Iter =   30  NFunc =   530  E =     -88.21641  RMSG = 9.1851335e-03
 MIN: Iter =   31  NFunc =   550  E =     -88.21673  RMSG = 9.2821848e-03
 MIN: Iter =   32  NFunc =   597  E =     -88.21733  RMSG = 9.1010607e-03
 MIN: Iter =   33  NFunc =   622  E =     -88.21744  RMSG = 4.6071386e-03
 MIN: Iter =   34  NFunc =   659  E =     -88.21750  RMSG = 3.3121887e-03
 MIN: Iter =   35  NFunc =   689  E =     -88.21752  RMSG = 1.9420695e-03
 MIN: Iter =   36  NFunc =   695  E =     -88.21752  RMSG = 7.9428950e-04
 MIN: Iter =   37  NFunc =   744  E =     -88.21752  RMSG = 5.7853596e-04
 MIN: Iter =   38  NFunc =   769  E =     -88.21753  RMSG = 4.7457199e-04
----------------------------------------------------------------
 END:          :-)  E =     -88.21753  RMSG =   0.0004746

     bond:      1.946509169
    angle:     13.746627430
 dihedral:      4.620368440
    enb14:     11.355184806
    eel14:    -68.384798381
      enb:     -4.277836289
      eel:    -24.802345521
      egb:    -22.421235057
    econs:      0.000000000
    esurf:      0.000000000
    Total:    -88.217525403
     frms:      0.000474572
====== rms.dat  ======================================================
#Frame      all_heavy
       1       0.4544
