====== tleap.out =====================================================
-I: Adding /home/case/amber24/dat/leap/prep to search path.
-I: Adding /home/case/amber24/dat/leap/lib to search path.
-I: Adding /home/case/amber24/dat/leap/parm to search path.
-I: Adding /home/case/amber24/dat/leap/cmd to search path.
-f: Source leap.in.

Welcome to LEaP!
(no leaprc in search path)
Sourcing: ./leap.in
Using Bondi radii
----- Source: /home/case/amber24/dat/leap/cmd/leaprc.gaff2
----- Source of /home/case/amber24/dat/leap/cmd/leaprc.gaff2 done
Log file: ./leap.log
Loading parameters: /home/case/amber24/dat/leap/parm/gaff2.dat
Reading title:
AMBER General Force Field for organic molecules (Version 2.2.20, March 2021)
Loading parameters: ./LJJ.frcmod
Reading force field modification type file (frcmod)
Reading title:
Remark line goes here
Loading Mol2 file: ./LJJ.mol2
Reading MOLECULE named LJJ
Checking Unit.
Building topology.
"order_residues" off: keep input residue order.
Building atom parameters.
Building bond parameters.
Building angle parameters.
Building proper torsion parameters.
Building improper torsion parameters.
 total 3 improper torsions applied
Building H-Bond parameters.
Incorporating Non-Bonded adjustments.
Not Marking per-residue atom chain types.
Marking per-residue atom chain types.
  (Residues lacking connect0/connect1 - 
   these don't have chain types marked:

	res	total affected

	LJJ	1
  )
 (no restraints)
	Quit

Exiting LEaP: Errors = 0; Warnings = 0; Notes = 0.
====== min.o =========================================================
Reading parm file (LJJ.parm7)
title:
LJJ                                                                             
no velocities were found
no velocities were found
	mm_options:  ntpr=5
	mm_options:  gb=1
	mm_options:  kappa=0.10395
	mm_options:  rgbmax=99.
	mm_options:  cut=99.0
	mm_options:  wcons=0.
     bond:      1.750224694
    angle:      9.266471359
 dihedral:      5.636820165
    enb14:      4.555517633
    eel14:    -86.017411235
      enb:     -2.011507525
      eel:     16.413032946
      egb:    -12.807508320
    econs:      0.000000000
    esurf:      0.000000000
    Total:    -63.214360283
     frms:     11.919872647
Starting TNCG minimisation
 MIN: Iter =    0  NFunc =     1  E =     -63.21436  RMSG = 1.1919873e+01
 MIN: Iter =    1  NFunc =     7  E =     -69.46931  RMSG = 1.3863884e+00
 MIN: Iter =    2  NFunc =    16  E =     -70.06038  RMSG = 5.9069642e-01
 MIN: Iter =    3  NFunc =    24  E =     -70.20502  RMSG = 4.1417178e-01
 MIN: Iter =    4  NFunc =    44  E =     -70.34311  RMSG = 3.2778191e-01
 MIN: Iter =    5  NFunc =    65  E =     -70.38673  RMSG = 3.8559787e-01
 MIN: Iter =    6  NFunc =    89  E =     -70.42122  RMSG = 2.1277143e-01
 MIN: Iter =    7  NFunc =   102  E =     -70.43004  RMSG = 6.9838522e-02
 MIN: Iter =    8  NFunc =   127  E =     -70.44494  RMSG = 1.7084897e-01
 MIN: Iter =    9  NFunc =   138  E =     -70.45078  RMSG = 5.7005742e-02
 MIN: Iter =   10  NFunc =   145  E =     -70.45161  RMSG = 2.6399535e-02
 MIN: Iter =   11  NFunc =   173  E =     -70.45308  RMSG = 2.5243461e-02
 MIN: Iter =   12  NFunc =   202  E =     -70.45394  RMSG = 2.9569659e-02
 MIN: Iter =   13  NFunc =   219  E =     -70.45437  RMSG = 1.4226223e-02
 MIN: Iter =   14  NFunc =   231  E =     -70.45450  RMSG = 7.9488832e-03
 MIN: Iter =   15  NFunc =   283  E =     -70.45510  RMSG = 4.9705479e-02
 MIN: Iter =   16  NFunc =   289  E =     -70.45571  RMSG = 5.3744753e-02
 MIN: Iter =   17  NFunc =   295  E =     -70.45639  RMSG = 5.4747408e-02
 MIN: Iter =   18  NFunc =   302  E =     -70.45709  RMSG = 5.6234239e-02
 MIN: Iter =   19  NFunc =   308  E =     -70.45782  RMSG = 5.6308564e-02
 MIN: Iter =   20  NFunc =   314  E =     -70.45850  RMSG = 5.4251019e-02
 MIN: Iter =   21  NFunc =   320  E =     -70.45908  RMSG = 3.9916482e-02
 MIN: Iter =   22  NFunc =   327  E =     -70.45960  RMSG = 7.5051804e-02
 MIN: Iter =   23  NFunc =   333  E =     -70.46033  RMSG = 2.6963532e-02
 MIN: Iter =   24  NFunc =   340  E =     -70.46070  RMSG = 4.2883612e-02
 MIN: Iter =   25  NFunc =   346  E =     -70.46122  RMSG = 6.6659603e-02
 MIN: Iter =   26  NFunc =   352  E =     -70.46181  RMSG = 3.0906737e-02
 MIN: Iter =   27  NFunc =   360  E =     -70.46226  RMSG = 4.8806079e-02
 MIN: Iter =   28  NFunc =   366  E =     -70.46289  RMSG = 6.3931367e-02
 MIN: Iter =   29  NFunc =   372  E =     -70.46362  RMSG = 3.2125963e-02
 MIN: Iter =   30  NFunc =   379  E =     -70.46398  RMSG = 3.4073722e-02
 MIN: Iter =   31  NFunc =   385  E =     -70.46444  RMSG = 6.5945629e-02
 MIN: Iter =   32  NFunc =   393  E =     -70.46510  RMSG = 2.7281023e-02
 MIN: Iter =   33  NFunc =   402  E =     -70.46550  RMSG = 4.1561192e-02
 MIN: Iter =   34  NFunc =   408  E =     -70.46590  RMSG = 3.8872034e-02
 MIN: Iter =   35  NFunc =   414  E =     -70.46624  RMSG = 3.4141027e-02
 MIN: Iter =   36  NFunc =   420  E =     -70.46655  RMSG = 2.7597601e-02
 MIN: Iter =   37  NFunc =   426  E =     -70.46678  RMSG = 2.8113364e-02
 MIN: Iter =   38  NFunc =   437  E =     -70.46698  RMSG = 2.0192695e-02
 MIN: Iter =   39  NFunc =   443  E =     -70.46710  RMSG = 1.8587375e-02
 MIN: Iter =   40  NFunc =   449  E =     -70.46719  RMSG = 1.7449635e-02
 MIN: Iter =   41  NFunc =   458  E =     -70.46727  RMSG = 1.1147691e-02
 MIN: Iter =   42  NFunc =   478  E =     -70.46738  RMSG = 9.4086967e-03
 MIN: Iter =   43  NFunc =   500  E =     -70.46746  RMSG = 4.3212183e-03
 MIN: Iter =   44  NFunc =   541  E =     -70.46754  RMSG = 1.2370795e-02
 MIN: Iter =   45  NFunc =   547  E =     -70.46758  RMSG = 7.8742534e-03
 MIN: Iter =   46  NFunc =   565  E =     -70.46764  RMSG = 1.4362964e-02
 MIN: Iter =   47  NFunc =   571  E =     -70.46767  RMSG = 7.8518809e-03
 MIN: Iter =   48  NFunc =   577  E =     -70.46769  RMSG = 1.0187058e-02
 MIN: Iter =   49  NFunc =   583  E =     -70.46770  RMSG = 3.0530287e-03
 MIN: Iter =   50  NFunc =   612  E =     -70.46771  RMSG = 1.1809704e-02
 MIN: Iter =   51  NFunc =   618  E =     -70.46772  RMSG = 2.5127657e-03
 MIN: Iter =   52  NFunc =   649  E =     -70.46774  RMSG = 3.4109247e-03
 MIN: Iter =   53  NFunc =   664  E =     -70.46775  RMSG = 7.6880247e-03
 MIN: Iter =   54  NFunc =   670  E =     -70.46776  RMSG = 2.8446592e-03
 MIN: Iter =   55  NFunc =   695  E =     -70.46777  RMSG = 5.1737160e-03
 MIN: Iter =   56  NFunc =   707  E =     -70.46778  RMSG = 4.2206089e-03
 MIN: Iter =   57  NFunc =   713  E =     -70.46778  RMSG = 1.8480763e-03
 MIN: Iter =   58  NFunc =   719  E =     -70.46778  RMSG = 1.3887344e-03
 MIN: Iter =   59  NFunc =   759  E =     -70.46779  RMSG = 2.8731826e-03
 MIN: Iter =   60  NFunc =   765  E =     -70.46779  RMSG = 8.5606943e-04
 MIN: Iter =   61  NFunc =   796  E =     -70.46780  RMSG = 1.3964229e-03
 MIN: Iter =   62  NFunc =   810  E =     -70.46780  RMSG = 8.8498605e-04
 MIN: Iter =   63  NFunc =   816  E =     -70.46780  RMSG = 3.5633903e-04
----------------------------------------------------------------
 END:          :-)  E =     -70.46780  RMSG =   0.0003563

     bond:      0.587784748
    angle:      6.729751808
 dihedral:      4.470985945
    enb14:      3.078752253
    eel14:    -86.026751939
      enb:     -2.451720349
      eel:     16.547761487
      egb:    -13.404360409
    econs:      0.000000000
    esurf:      0.000000000
    Total:    -70.467796456
     frms:      0.000356339
====== rms.dat  ======================================================
#Frame      all_heavy
       1       0.1782
