====== tleap.out =====================================================
-I: Adding /home/case/amber24/dat/leap/prep to search path.
-I: Adding /home/case/amber24/dat/leap/lib to search path.
-I: Adding /home/case/amber24/dat/leap/parm to search path.
-I: Adding /home/case/amber24/dat/leap/cmd to search path.
-f: Source leap.in.

Welcome to LEaP!
(no leaprc in search path)
Sourcing: ./leap.in
Using Bondi radii
----- Source: /home/case/amber24/dat/leap/cmd/leaprc.gaff2
----- Source of /home/case/amber24/dat/leap/cmd/leaprc.gaff2 done
Log file: ./leap.log
Loading parameters: /home/case/amber24/dat/leap/parm/gaff2.dat
Reading title:
AMBER General Force Field for organic molecules (Version 2.2.20, March 2021)
Loading parameters: ./LL1.frcmod
Reading force field modification type file (frcmod)
Reading title:
Remark line goes here
Loading Mol2 file: ./LL1.mol2
Reading MOLECULE named LL1
Checking Unit.
Building topology.
"order_residues" off: keep input residue order.
Building atom parameters.
Building bond parameters.
Building angle parameters.
Building proper torsion parameters.
Building improper torsion parameters.
 total 13 improper torsions applied
Building H-Bond parameters.
Incorporating Non-Bonded adjustments.
Not Marking per-residue atom chain types.
Marking per-residue atom chain types.
  (Residues lacking connect0/connect1 - 
   these don't have chain types marked:

	res	total affected

	LL1	1
  )
 (no restraints)
	Quit

Exiting LEaP: Errors = 0; Warnings = 0; Notes = 0.
====== min.o =========================================================
Reading parm file (LL1.parm7)
title:
LL1                                                                             
no velocities were found
no velocities were found
	mm_options:  ntpr=5
	mm_options:  gb=1
	mm_options:  kappa=0.10395
	mm_options:  rgbmax=99.
	mm_options:  cut=99.0
	mm_options:  wcons=0.
     bond:      1.676032026
    angle:     22.163952519
 dihedral:      7.591102975
    enb14:      7.504829081
    eel14:     27.938799193
      enb:     -1.042149234
      eel:    -31.612087465
      egb:    -16.764284786
    econs:      0.000000000
    esurf:      0.000000000
    Total:     17.456194309
     frms:     13.970416408
Starting TNCG minimisation
 MIN: Iter =    0  NFunc =     1  E =      17.45619  RMSG = 1.3970416e+01
 MIN: Iter =    1  NFunc =     7  E =      10.59727  RMSG = 2.0209448e+00
 MIN: Iter =    2  NFunc =    14  E =      10.09562  RMSG = 7.5352014e-01
 MIN: Iter =    3  NFunc =    31  E =       9.66502  RMSG = 6.2148903e-01
 MIN: Iter =    4  NFunc =    50  E =       9.47968  RMSG = 3.6613536e-01
 MIN: Iter =    5  NFunc =    59  E =       9.44901  RMSG = 1.1895251e-01
 MIN: Iter =    6  NFunc =    80  E =       9.43655  RMSG = 8.9613717e-02
 MIN: Iter =    7  NFunc =    90  E =       9.43472  RMSG = 3.1860782e-02
 MIN: Iter =    8  NFunc =    96  E =       9.43447  RMSG = 2.1338169e-02
 MIN: Iter =    9  NFunc =   114  E =       9.43414  RMSG = 1.2345448e-02
 MIN: Iter =   10  NFunc =   120  E =       9.43413  RMSG = 6.0894956e-03
 MIN: Iter =   11  NFunc =   132  E =       9.43411  RMSG = 2.4982096e-03
 MIN: Iter =   12  NFunc =   150  E =       9.43410  RMSG = 2.1337041e-03
 MIN: Iter =   13  NFunc =   169  E =       9.43410  RMSG = 9.0778746e-04
 MIN: Iter =   14  NFunc =   175  E =       9.43410  RMSG = 5.2787881e-04
 MIN: Iter =   15  NFunc =   194  E =       9.43410  RMSG = 3.1105192e-04
----------------------------------------------------------------
 END:          :-)  E =       9.43410  RMSG =   0.0003111

     bond:      2.235597547
    angle:     15.806632889
 dihedral:      8.569154590
    enb14:      6.027852020
    eel14:     27.109781545
      enb:     -1.358236509
      eel:    -30.981219418
      egb:    -17.975463885
    econs:      0.000000000
    esurf:      0.000000000
    Total:      9.434098780
     frms:      0.000311052
====== rms.dat  ======================================================
#Frame      all_heavy
       1       0.1234
