====== tleap.out =====================================================
-I: Adding /home/case/amber24/dat/leap/prep to search path.
-I: Adding /home/case/amber24/dat/leap/lib to search path.
-I: Adding /home/case/amber24/dat/leap/parm to search path.
-I: Adding /home/case/amber24/dat/leap/cmd to search path.
-f: Source leap.in.

Welcome to LEaP!
(no leaprc in search path)
Sourcing: ./leap.in
Using Bondi radii
----- Source: /home/case/amber24/dat/leap/cmd/leaprc.gaff2
----- Source of /home/case/amber24/dat/leap/cmd/leaprc.gaff2 done
Log file: ./leap.log
Loading parameters: /home/case/amber24/dat/leap/parm/gaff2.dat
Reading title:
AMBER General Force Field for organic molecules (Version 2.2.20, March 2021)
Loading parameters: ./LM6.frcmod
Reading force field modification type file (frcmod)
Reading title:
Remark line goes here
Loading Mol2 file: ./LM6.mol2
Reading MOLECULE named LM6
Checking Unit.
Building topology.
"order_residues" off: keep input residue order.
Building atom parameters.
Building bond parameters.
Building angle parameters.
Building proper torsion parameters.
Building improper torsion parameters.
 total 4 improper torsions applied
Building H-Bond parameters.
Incorporating Non-Bonded adjustments.
Not Marking per-residue atom chain types.
Marking per-residue atom chain types.
  (Residues lacking connect0/connect1 - 
   these don't have chain types marked:

	res	total affected

	LM6	1
  )
 (no restraints)
	Quit

Exiting LEaP: Errors = 0; Warnings = 0; Notes = 0.
====== min.o =========================================================
Reading parm file (LM6.parm7)
title:
LM6                                                                             
no velocities were found
no velocities were found
	mm_options:  ntpr=5
	mm_options:  gb=1
	mm_options:  kappa=0.10395
	mm_options:  rgbmax=99.
	mm_options:  cut=99.0
	mm_options:  wcons=0.
     bond:      1.072356426
    angle:     12.052871346
 dihedral:      0.327137894
    enb14:      1.038014226
    eel14:      6.041954223
      enb:     -1.902358222
      eel:     -8.891842932
      egb:    -10.724053563
    econs:      0.000000000
    esurf:      0.000000000
    Total:     -0.985920603
     frms:      9.628426132
Starting TNCG minimisation
 MIN: Iter =    0  NFunc =     1  E =      -0.98592  RMSG = 9.6284261e+00
 MIN: Iter =    1  NFunc =     7  E =      -5.90038  RMSG = 2.4429687e+00
 MIN: Iter =    2  NFunc =    13  E =      -6.38394  RMSG = 8.5842095e-01
 MIN: Iter =    3  NFunc =    26  E =      -6.61574  RMSG = 3.8834333e-01
 MIN: Iter =    4  NFunc =    38  E =      -6.65593  RMSG = 1.7467920e-01
 MIN: Iter =    5  NFunc =    59  E =      -6.68969  RMSG = 6.1417633e-01
 MIN: Iter =    6  NFunc =    65  E =      -6.70785  RMSG = 1.0620066e-01
 MIN: Iter =    7  NFunc =    95  E =      -6.72301  RMSG = 4.1313964e-01
 MIN: Iter =    8  NFunc =   101  E =      -6.73201  RMSG = 7.1191702e-02
 MIN: Iter =    9  NFunc =   110  E =      -6.73276  RMSG = 2.9031205e-02
 MIN: Iter =   10  NFunc =   137  E =      -6.73445  RMSG = 2.3277048e-02
 MIN: Iter =   11  NFunc =   150  E =      -6.73515  RMSG = 1.6393540e-02
 MIN: Iter =   12  NFunc =   171  E =      -6.73532  RMSG = 7.8641087e-03
 MIN: Iter =   13  NFunc =   184  E =      -6.73541  RMSG = 7.7517177e-03
 MIN: Iter =   14  NFunc =   194  E =      -6.73547  RMSG = 6.0016595e-03
 MIN: Iter =   15  NFunc =   202  E =      -6.73548  RMSG = 3.5726204e-03
 MIN: Iter =   16  NFunc =   212  E =      -6.73549  RMSG = 1.9954095e-03
 MIN: Iter =   17  NFunc =   225  E =      -6.73549  RMSG = 1.8967044e-03
 MIN: Iter =   18  NFunc =   241  E =      -6.73549  RMSG = 1.2185659e-03
 MIN: Iter =   19  NFunc =   251  E =      -6.73550  RMSG = 7.7082062e-04
 MIN: Iter =   20  NFunc =   264  E =      -6.73550  RMSG = 4.2976900e-04
----------------------------------------------------------------
 END:          :-)  E =      -6.73550  RMSG =   0.0004298

     bond:      1.038709560
    angle:      8.431636867
 dihedral:      0.097792803
    enb14:      0.324516489
    eel14:      6.036915071
      enb:     -1.913685563
      eel:     -9.282892252
      egb:    -11.468488456
    econs:      0.000000000
    esurf:      0.000000000
    Total:     -6.735495481
     frms:      0.000429769
====== rms.dat  ======================================================
#Frame      all_heavy
       1       0.0980
