====== tleap.out =====================================================
-I: Adding /home/case/amber24/dat/leap/prep to search path.
-I: Adding /home/case/amber24/dat/leap/lib to search path.
-I: Adding /home/case/amber24/dat/leap/parm to search path.
-I: Adding /home/case/amber24/dat/leap/cmd to search path.
-f: Source leap.in.

Welcome to LEaP!
(no leaprc in search path)
Sourcing: ./leap.in
Using Bondi radii
----- Source: /home/case/amber24/dat/leap/cmd/leaprc.gaff2
----- Source of /home/case/amber24/dat/leap/cmd/leaprc.gaff2 done
Log file: ./leap.log
Loading parameters: /home/case/amber24/dat/leap/parm/gaff2.dat
Reading title:
AMBER General Force Field for organic molecules (Version 2.2.20, March 2021)
Loading parameters: ./LMZ.frcmod
Reading force field modification type file (frcmod)
Reading title:
Remark line goes here
Loading Mol2 file: ./LMZ.mol2
Reading MOLECULE named LMZ
Checking Unit.
Building topology.
"order_residues" off: keep input residue order.
Building atom parameters.
Building bond parameters.
Building angle parameters.
Building proper torsion parameters.
Building improper torsion parameters.
 total 7 improper torsions applied
Building H-Bond parameters.
Incorporating Non-Bonded adjustments.
Not Marking per-residue atom chain types.
Marking per-residue atom chain types.
  (Residues lacking connect0/connect1 - 
   these don't have chain types marked:

	res	total affected

	LMZ	1
  )
 (no restraints)
	Quit

Exiting LEaP: Errors = 0; Warnings = 0; Notes = 0.
====== min.o =========================================================
Reading parm file (LMZ.parm7)
title:
LMZ                                                                             
no velocities were found
no velocities were found
	mm_options:  ntpr=5
	mm_options:  gb=1
	mm_options:  kappa=0.10395
	mm_options:  rgbmax=99.
	mm_options:  cut=99.0
	mm_options:  wcons=0.
     bond:      3.765900263
    angle:      7.981415689
 dihedral:     19.082661218
    enb14:     11.764783857
    eel14:   -297.722028695
      enb:     -0.898992177
      eel:    108.233177048
      egb:    -51.383445211
    econs:      0.000000000
    esurf:      0.000000000
    Total:   -199.176528010
     frms:     15.989097547
Starting TNCG minimisation
 MIN: Iter =    0  NFunc =     1  E =    -199.17653  RMSG = 1.5989098e+01
 MIN: Iter =    1  NFunc =     7  E =    -209.85088  RMSG = 2.8217881e+00
 MIN: Iter =    2  NFunc =    17  E =    -212.82713  RMSG = 1.9653205e+00
 MIN: Iter =    3  NFunc =    25  E =    -213.58778  RMSG = 2.2033998e+00
 MIN: Iter =    4  NFunc =    47  E =    -214.25264  RMSG = 3.4544015e+00
 MIN: Iter =    5  NFunc =    53  E =    -215.19062  RMSG = 3.6181829e+00
 MIN: Iter =    6  NFunc =    59  E =    -216.34769  RMSG = 3.8932415e+00
 MIN: Iter =    7  NFunc =    65  E =    -217.64963  RMSG = 3.2005860e+00
 MIN: Iter =    8  NFunc =    71  E =    -218.28884  RMSG = 1.0739188e+00
 MIN: Iter =    9  NFunc =    97  E =    -218.64830  RMSG = 2.9692051e+00
 MIN: Iter =   10  NFunc =   103  E =    -219.18257  RMSG = 8.9278973e-01
 MIN: Iter =   11  NFunc =   130  E =    -219.48722  RMSG = 9.2837292e-01
 MIN: Iter =   12  NFunc =   140  E =    -219.70912  RMSG = 1.4050250e+00
 MIN: Iter =   13  NFunc =   146  E =    -219.82383  RMSG = 3.6637928e-01
 MIN: Iter =   14  NFunc =   158  E =    -219.89331  RMSG = 2.7415920e-01
 MIN: Iter =   15  NFunc =   195  E =    -220.06231  RMSG = 8.2157821e-01
 MIN: Iter =   16  NFunc =   202  E =    -220.14871  RMSG = 3.2697945e-01
 MIN: Iter =   17  NFunc =   218  E =    -220.26585  RMSG = 6.9431634e-01
 MIN: Iter =   18  NFunc =   228  E =    -220.37339  RMSG = 5.7234120e-01
 MIN: Iter =   19  NFunc =   234  E =    -220.44201  RMSG = 5.3099725e-01
 MIN: Iter =   20  NFunc =   246  E =    -220.51158  RMSG = 1.3685064e+00
 MIN: Iter =   21  NFunc =   253  E =    -220.64587  RMSG = 5.4592945e-01
 MIN: Iter =   22  NFunc =   259  E =    -220.74885  RMSG = 1.4440425e+00
 MIN: Iter =   23  NFunc =   265  E =    -220.90396  RMSG = 5.7516964e-01
 MIN: Iter =   24  NFunc =   271  E =    -220.99683  RMSG = 1.4327704e+00
 MIN: Iter =   25  NFunc =   277  E =    -221.13347  RMSG = 4.2653441e-01
 MIN: Iter =   26  NFunc =   285  E =    -221.19229  RMSG = 1.2935271e+00
 MIN: Iter =   27  NFunc =   291  E =    -221.28242  RMSG = 2.6493265e-01
 MIN: Iter =   28  NFunc =   342  E =    -221.39054  RMSG = 5.6001032e-01
 MIN: Iter =   29  NFunc =   362  E =    -221.52107  RMSG = 5.6884102e-01
 MIN: Iter =   30  NFunc =   372  E =    -221.64998  RMSG = 5.3910655e-01
 MIN: Iter =   31  NFunc =   378  E =    -221.74947  RMSG = 5.0493631e-01
 MIN: Iter =   32  NFunc =   384  E =    -221.84306  RMSG = 5.4869072e-01
 MIN: Iter =   33  NFunc =   399  E =    -222.01662  RMSG = 6.4678162e-01
 MIN: Iter =   34  NFunc =   410  E =    -222.17271  RMSG = 6.4426562e-01
 MIN: Iter =   35  NFunc =   416  E =    -222.29378  RMSG = 5.8028763e-01
 MIN: Iter =   36  NFunc =   423  E =    -222.42351  RMSG = 5.1555756e-01
 MIN: Iter =   37  NFunc =   429  E =    -222.49995  RMSG = 4.8004637e-01
 MIN: Iter =   38  NFunc =   435  E =    -222.54776  RMSG = 2.2647215e-01
 MIN: Iter =   39  NFunc =   442  E =    -222.56995  RMSG = 1.7376032e-01
 MIN: Iter =   40  NFunc =   463  E =    -222.58588  RMSG = 8.9109135e-02
 MIN: Iter =   41  NFunc =   510  E =    -222.60208  RMSG = 3.9070985e-01
 MIN: Iter =   42  NFunc =   516  E =    -222.61016  RMSG = 5.2467130e-02
 MIN: Iter =   43  NFunc =   532  E =    -222.61236  RMSG = 3.1455729e-02
 MIN: Iter =   44  NFunc =   541  E =    -222.61269  RMSG = 1.8835745e-02
 MIN: Iter =   45  NFunc =   558  E =    -222.61299  RMSG = 9.8155260e-03
 MIN: Iter =   46  NFunc =   571  E =    -222.61303  RMSG = 5.3804346e-03
 MIN: Iter =   47  NFunc =   592  E =    -222.61307  RMSG = 3.5296459e-03
 MIN: Iter =   48  NFunc =   619  E =    -222.61313  RMSG = 3.1878250e-03
 MIN: Iter =   49  NFunc =   638  E =    -222.61314  RMSG = 1.5937434e-03
 MIN: Iter =   50  NFunc =   649  E =    -222.61314  RMSG = 1.0320933e-03
 MIN: Iter =   51  NFunc =   662  E =    -222.61314  RMSG = 5.0575381e-04
 MIN: Iter =   52  NFunc =   710  E =    -222.61314  RMSG = 4.5727101e-04
----------------------------------------------------------------
 END:          :-)  E =    -222.61314  RMSG =   0.0004573

     bond:      3.336831457
    angle:      2.897182776
 dihedral:     20.324160227
    enb14:      8.429876123
    eel14:   -301.749528842
      enb:      0.274436611
      eel:     96.553966231
      egb:    -52.680065327
    econs:      0.000000000
    esurf:      0.000000000
    Total:   -222.613140744
     frms:      0.000457271
====== rms.dat  ======================================================
#Frame      all_heavy
       1       1.3485
