====== tleap.out =====================================================
-I: Adding /home/case/amber24/dat/leap/prep to search path.
-I: Adding /home/case/amber24/dat/leap/lib to search path.
-I: Adding /home/case/amber24/dat/leap/parm to search path.
-I: Adding /home/case/amber24/dat/leap/cmd to search path.
-f: Source leap.in.

Welcome to LEaP!
(no leaprc in search path)
Sourcing: ./leap.in
Using Bondi radii
----- Source: /home/case/amber24/dat/leap/cmd/leaprc.gaff2
----- Source of /home/case/amber24/dat/leap/cmd/leaprc.gaff2 done
Log file: ./leap.log
Loading parameters: /home/case/amber24/dat/leap/parm/gaff2.dat
Reading title:
AMBER General Force Field for organic molecules (Version 2.2.20, March 2021)
Loading parameters: ./LNV.frcmod
Reading force field modification type file (frcmod)
Reading title:
Remark line goes here
Loading Mol2 file: ./LNV.mol2
Reading MOLECULE named LNV
Checking Unit.

/home/case/amber24/bin/teLeap: Warning!
The unperturbed charge of the unit (-1.001999) is not zero.

/home/case/amber24/bin/teLeap: Note.
Ignoring the warning from Unit Checking.

Building topology.
"order_residues" off: keep input residue order.
Building atom parameters.
Building bond parameters.
Building angle parameters.
Building proper torsion parameters.
Building improper torsion parameters.
 total 8 improper torsions applied
Building H-Bond parameters.
Incorporating Non-Bonded adjustments.
Not Marking per-residue atom chain types.
Marking per-residue atom chain types.
  (Residues lacking connect0/connect1 - 
   these don't have chain types marked:

	res	total affected

	LNV	1
  )
 (no restraints)
	Quit

Exiting LEaP: Errors = 0; Warnings = 1; Notes = 1.
====== min.o =========================================================
Reading parm file (LNV.parm7)
title:
LNV                                                                             
no velocities were found
no velocities were found
	mm_options:  ntpr=5
	mm_options:  gb=1
	mm_options:  kappa=0.10395
	mm_options:  rgbmax=99.
	mm_options:  cut=99.0
	mm_options:  wcons=0.
     bond:      2.993711096
    angle:      5.995609526
 dihedral:     47.019223062
    enb14:     12.401777206
    eel14:   -215.697589848
      enb:     -4.638646607
      eel:     17.504917711
      egb:   -111.411256609
    econs:      0.000000000
    esurf:      0.000000000
    Total:   -245.832254462
     frms:      9.552426735
Starting TNCG minimisation
 MIN: Iter =    0  NFunc =     1  E =    -245.83225  RMSG = 9.5524267e+00
 MIN: Iter =    1  NFunc =     8  E =    -259.68342  RMSG = 3.0141958e+00
 MIN: Iter =    2  NFunc =    16  E =    -263.19953  RMSG = 1.5634475e+00
 MIN: Iter =    3  NFunc =    31  E =    -264.21157  RMSG = 2.7195318e+00
 MIN: Iter =    4  NFunc =    39  E =    -265.25431  RMSG = 1.3232565e+00
 MIN: Iter =    5  NFunc =    49  E =    -266.31396  RMSG = 2.1663034e+00
 MIN: Iter =    6  NFunc =    55  E =    -267.02895  RMSG = 1.2757645e+00
 MIN: Iter =    7  NFunc =    88  E =    -267.60928  RMSG = 1.4849121e+00
 MIN: Iter =    8  NFunc =   129  E =    -268.13487  RMSG = 1.9046764e+00
 MIN: Iter =    9  NFunc =   143  E =    -268.97078  RMSG = 2.4344646e+00
 MIN: Iter =   10  NFunc =   149  E =    -269.73548  RMSG = 1.7280590e+00
 MIN: Iter =   11  NFunc =   155  E =    -270.29318  RMSG = 2.3614904e+00
 MIN: Iter =   12  NFunc =   165  E =    -271.13384  RMSG = 1.9761494e+00
 MIN: Iter =   13  NFunc =   171  E =    -271.66419  RMSG = 1.8327081e+00
 MIN: Iter =   14  NFunc =   179  E =    -271.96070  RMSG = 5.1179292e-01
 MIN: Iter =   15  NFunc =   189  E =    -272.14328  RMSG = 6.8043064e-01
 MIN: Iter =   16  NFunc =   210  E =    -272.28267  RMSG = 5.9921619e-01
 MIN: Iter =   17  NFunc =   220  E =    -272.38952  RMSG = 5.6888216e-01
 MIN: Iter =   18  NFunc =   226  E =    -272.45148  RMSG = 2.0015053e-01
 MIN: Iter =   19  NFunc =   233  E =    -272.48203  RMSG = 3.7672682e-01
 MIN: Iter =   20  NFunc =   239  E =    -272.50755  RMSG = 1.5307099e-01
 MIN: Iter =   21  NFunc =   258  E =    -272.53881  RMSG = 2.7820772e-01
 MIN: Iter =   22  NFunc =   264  E =    -272.54455  RMSG = 5.0970025e-02
 MIN: Iter =   23  NFunc =   290  E =    -272.55107  RMSG = 5.3301019e-02
 MIN: Iter =   24  NFunc =   311  E =    -272.55267  RMSG = 2.2299143e-02
 MIN: Iter =   25  NFunc =   337  E =    -272.55356  RMSG = 1.6057776e-02
 MIN: Iter =   26  NFunc =   355  E =    -272.55391  RMSG = 9.1907055e-03
 MIN: Iter =   27  NFunc =   400  E =    -272.55410  RMSG = 6.2470950e-03
 MIN: Iter =   28  NFunc =   412  E =    -272.55413  RMSG = 3.3161511e-03
 MIN: Iter =   29  NFunc =   424  E =    -272.55413  RMSG = 1.5564908e-03
 MIN: Iter =   30  NFunc =   444  E =    -272.55413  RMSG = 9.4349553e-04
 MIN: Iter =   31  NFunc =   474  E =    -272.55414  RMSG = 8.9098635e-04
 MIN: Iter =   32  NFunc =   485  E =    -272.55414  RMSG = 5.4775257e-04
 MIN: Iter =   33  NFunc =   508  E =    -272.55414  RMSG = 2.6505370e-04
----------------------------------------------------------------
 END:          :-)  E =    -272.55414  RMSG =   0.0002651

     bond:      6.913932919
    angle:      8.658592513
 dihedral:     46.898641140
    enb14:      7.703009858
    eel14:   -242.437331423
      enb:     -5.708925336
      eel:     10.228048814
      egb:   -104.810107052
    econs:      0.000000000
    esurf:      0.000000000
    Total:   -272.554138567
     frms:      0.000265054
====== rms.dat  ======================================================
#Frame      all_heavy
       1       0.2543
