====== tleap.out =====================================================
-I: Adding /home/case/amber24/dat/leap/prep to search path.
-I: Adding /home/case/amber24/dat/leap/lib to search path.
-I: Adding /home/case/amber24/dat/leap/parm to search path.
-I: Adding /home/case/amber24/dat/leap/cmd to search path.
-f: Source leap.in.

Welcome to LEaP!
(no leaprc in search path)
Sourcing: ./leap.in
Using Bondi radii
----- Source: /home/case/amber24/dat/leap/cmd/leaprc.gaff2
----- Source of /home/case/amber24/dat/leap/cmd/leaprc.gaff2 done
Log file: ./leap.log
Loading parameters: /home/case/amber24/dat/leap/parm/gaff2.dat
Reading title:
AMBER General Force Field for organic molecules (Version 2.2.20, March 2021)
Loading parameters: ./LPR.frcmod
Reading force field modification type file (frcmod)
Reading title:
Remark line goes here
Loading Mol2 file: ./LPR.mol2
Reading MOLECULE named LPR
Checking Unit.

/home/case/amber24/bin/teLeap: Warning!
The unperturbed charge of the unit (-2.000000) is not zero.

/home/case/amber24/bin/teLeap: Note.
Ignoring the warning from Unit Checking.

Building topology.
"order_residues" off: keep input residue order.
Building atom parameters.
Building bond parameters.
Building angle parameters.
Building proper torsion parameters.
Building improper torsion parameters.
 total 10 improper torsions applied
Building H-Bond parameters.
Incorporating Non-Bonded adjustments.
Not Marking per-residue atom chain types.
Marking per-residue atom chain types.
  (Residues lacking connect0/connect1 - 
   these don't have chain types marked:

	res	total affected

	LPR	1
  )
 (no restraints)
	Quit

Exiting LEaP: Errors = 0; Warnings = 1; Notes = 1.
====== min.o =========================================================
Reading parm file (LPR.parm7)
title:
LPR                                                                             
no velocities were found
no velocities were found
	mm_options:  ntpr=5
	mm_options:  gb=1
	mm_options:  kappa=0.10395
	mm_options:  rgbmax=99.
	mm_options:  cut=99.0
	mm_options:  wcons=0.
     bond:      4.053283055
    angle:     11.550693322
 dihedral:     30.313367935
    enb14:     12.413680576
    eel14:    329.840350072
      enb:     -6.647252622
      eel:   -160.355689102
      egb:   -201.558159847
    econs:      0.000000000
    esurf:      0.000000000
    Total:     19.610273390
     frms:      8.712533986
Starting TNCG minimisation
 MIN: Iter =    0  NFunc =     1  E =      19.61027  RMSG = 8.7125340e+00
 MIN: Iter =    1  NFunc =     7  E =       7.90337  RMSG = 2.7479676e+00
 MIN: Iter =    2  NFunc =    19  E =       4.05014  RMSG = 1.2460072e+00
 MIN: Iter =    3  NFunc =    27  E =       3.34206  RMSG = 7.7355386e-01
 MIN: Iter =    4  NFunc =    78  E =       2.99521  RMSG = 1.7997435e+00
 MIN: Iter =    5  NFunc =    84  E =       2.57233  RMSG = 4.7908008e-01
 MIN: Iter =    6  NFunc =    93  E =       2.35069  RMSG = 1.8010909e+00
 MIN: Iter =    7  NFunc =    99  E =       1.90897  RMSG = 5.7531566e-01
 MIN: Iter =    8  NFunc =   105  E =       1.62797  RMSG = 1.4520916e+00
 MIN: Iter =    9  NFunc =   111  E =       1.24558  RMSG = 8.1702939e-01
 MIN: Iter =   10  NFunc =   117  E =       1.01124  RMSG = 1.2720340e+00
 MIN: Iter =   11  NFunc =   123  E =       0.79411  RMSG = 3.3462043e-01
 MIN: Iter =   12  NFunc =   130  E =       0.70567  RMSG = 6.1374787e-01
 MIN: Iter =   13  NFunc =   136  E =       0.63668  RMSG = 2.3925770e-01
 MIN: Iter =   14  NFunc =   154  E =       0.56696  RMSG = 6.4852617e-01
 MIN: Iter =   15  NFunc =   160  E =       0.53556  RMSG = 1.2490559e-01
 MIN: Iter =   16  NFunc =   178  E =       0.50325  RMSG = 2.1008271e-01
 MIN: Iter =   17  NFunc =   229  E =       0.40777  RMSG = 3.8527731e-01
 MIN: Iter =   18  NFunc =   235  E =       0.37891  RMSG = 1.4027212e-01
 MIN: Iter =   19  NFunc =   261  E =       0.34094  RMSG = 3.0354664e-01
 MIN: Iter =   20  NFunc =   267  E =       0.32519  RMSG = 8.7872805e-02
 MIN: Iter =   21  NFunc =   318  E =       0.28910  RMSG = 1.9346574e-01
 MIN: Iter =   22  NFunc =   324  E =       0.28175  RMSG = 7.1195763e-02
 MIN: Iter =   23  NFunc =   375  E =       0.25917  RMSG = 1.9785712e-01
 MIN: Iter =   24  NFunc =   381  E =       0.25314  RMSG = 4.7618951e-02
 MIN: Iter =   25  NFunc =   426  E =       0.24181  RMSG = 1.1487596e-01
 MIN: Iter =   26  NFunc =   432  E =       0.23985  RMSG = 3.7791791e-02
 MIN: Iter =   27  NFunc =   458  E =       0.23717  RMSG = 3.2427510e-02
 MIN: Iter =   28  NFunc =   484  E =       0.23592  RMSG = 1.9140870e-02
 MIN: Iter =   29  NFunc =   495  E =       0.23572  RMSG = 1.0278762e-02
 MIN: Iter =   30  NFunc =   510  E =       0.23557  RMSG = 5.7760900e-03
 MIN: Iter =   31  NFunc =   531  E =       0.23552  RMSG = 2.4769327e-03
 MIN: Iter =   32  NFunc =   544  E =       0.23551  RMSG = 1.4460474e-03
 MIN: Iter =   33  NFunc =   593  E =       0.23549  RMSG = 1.2507848e-03
 MIN: Iter =   34  NFunc =   617  E =       0.23549  RMSG = 6.2553163e-04
 MIN: Iter =   35  NFunc =   627  E =       0.23549  RMSG = 5.9120863e-04
 MIN: Iter =   36  NFunc =   678  E =       0.23548  RMSG = 4.4862537e-04
----------------------------------------------------------------
 END:          :-)  E =       0.23548  RMSG =   0.0004486

     bond:      3.635161427
    angle:     11.626280474
 dihedral:     27.910616104
    enb14:      6.869980649
    eel14:    313.270598348
      enb:     -7.567306918
      eel:   -149.344523447
      egb:   -206.165322652
    econs:      0.000000000
    esurf:      0.000000000
    Total:      0.235483985
     frms:      0.000448625
====== rms.dat  ======================================================
#Frame      all_heavy
       1       0.5405
