====== tleap.out =====================================================
-I: Adding /home/case/amber24/dat/leap/prep to search path.
-I: Adding /home/case/amber24/dat/leap/lib to search path.
-I: Adding /home/case/amber24/dat/leap/parm to search path.
-I: Adding /home/case/amber24/dat/leap/cmd to search path.
-f: Source leap.in.

Welcome to LEaP!
(no leaprc in search path)
Sourcing: ./leap.in
Using Bondi radii
----- Source: /home/case/amber24/dat/leap/cmd/leaprc.gaff2
----- Source of /home/case/amber24/dat/leap/cmd/leaprc.gaff2 done
Log file: ./leap.log
Loading parameters: /home/case/amber24/dat/leap/parm/gaff2.dat
Reading title:
AMBER General Force Field for organic molecules (Version 2.2.20, March 2021)
Loading parameters: ./LPV.frcmod
Reading force field modification type file (frcmod)
Reading title:
Remark line goes here
Loading Mol2 file: ./LPV.mol2
Reading MOLECULE named LPV
Checking Unit.
Building topology.
"order_residues" off: keep input residue order.
Building atom parameters.
Building bond parameters.
Building angle parameters.
Building proper torsion parameters.
Building improper torsion parameters.
 total 14 improper torsions applied
Building H-Bond parameters.
Incorporating Non-Bonded adjustments.
Not Marking per-residue atom chain types.
Marking per-residue atom chain types.
  (Residues lacking connect0/connect1 - 
   these don't have chain types marked:

	res	total affected

	LPV	1
  )
 (no restraints)
	Quit

Exiting LEaP: Errors = 0; Warnings = 0; Notes = 0.
====== min.o =========================================================
Reading parm file (LPV.parm7)
title:
LPV                                                                             
no velocities were found
no velocities were found
	mm_options:  ntpr=5
	mm_options:  gb=1
	mm_options:  kappa=0.10395
	mm_options:  rgbmax=99.
	mm_options:  cut=99.0
	mm_options:  wcons=0.
     bond:      1.819055049
    angle:      3.215570802
 dihedral:     12.738948880
    enb14:     14.736966452
    eel14:     22.811497653
      enb:     -5.211566075
      eel:    -37.838654531
      egb:    -23.039794828
    econs:      0.000000000
    esurf:      0.000000000
    Total:    -10.767976599
     frms:      6.968705175
Starting TNCG minimisation
 MIN: Iter =    0  NFunc =     1  E =     -10.76798  RMSG = 6.9687052e+00
 MIN: Iter =    1  NFunc =     7  E =     -16.49027  RMSG = 1.6850004e+00
 MIN: Iter =    2  NFunc =    18  E =     -18.39811  RMSG = 1.1642380e+00
 MIN: Iter =    3  NFunc =    28  E =     -18.90150  RMSG = 4.2945189e-01
 MIN: Iter =    4  NFunc =    49  E =     -19.54128  RMSG = 4.1930188e-01
 MIN: Iter =    5  NFunc =    64  E =     -19.87109  RMSG = 4.7640327e-01
 MIN: Iter =    6  NFunc =    91  E =     -20.13378  RMSG = 1.0610793e+00
 MIN: Iter =    7  NFunc =    97  E =     -20.26724  RMSG = 2.6845729e-01
 MIN: Iter =    8  NFunc =   131  E =     -20.42963  RMSG = 6.7208630e-01
 MIN: Iter =    9  NFunc =   137  E =     -20.48736  RMSG = 1.8208308e-01
 MIN: Iter =   10  NFunc =   164  E =     -20.54744  RMSG = 7.2175743e-01
 MIN: Iter =   11  NFunc =   170  E =     -20.59968  RMSG = 1.7791051e-01
 MIN: Iter =   12  NFunc =   219  E =     -20.68289  RMSG = 3.3931139e-01
 MIN: Iter =   13  NFunc =   225  E =     -20.70684  RMSG = 1.1224481e-01
 MIN: Iter =   14  NFunc =   248  E =     -20.74427  RMSG = 2.6062833e-01
 MIN: Iter =   15  NFunc =   254  E =     -20.75724  RMSG = 7.9075526e-02
 MIN: Iter =   16  NFunc =   306  E =     -20.77490  RMSG = 8.8222653e-02
 MIN: Iter =   17  NFunc =   320  E =     -20.79113  RMSG = 1.8702773e-01
 MIN: Iter =   18  NFunc =   328  E =     -20.80061  RMSG = 7.1324778e-02
 MIN: Iter =   19  NFunc =   338  E =     -20.80718  RMSG = 1.1086273e-01
 MIN: Iter =   20  NFunc =   345  E =     -20.81029  RMSG = 4.1148618e-02
 MIN: Iter =   21  NFunc =   385  E =     -20.81929  RMSG = 5.6003301e-02
 MIN: Iter =   22  NFunc =   405  E =     -20.82381  RMSG = 4.6845627e-02
 MIN: Iter =   23  NFunc =   412  E =     -20.82433  RMSG = 1.5401730e-02
 MIN: Iter =   24  NFunc =   463  E =     -20.82757  RMSG = 8.7238990e-02
 MIN: Iter =   25  NFunc =   469  E =     -20.82880  RMSG = 2.3758494e-02
 MIN: Iter =   26  NFunc =   483  E =     -20.82937  RMSG = 1.2541215e-02
 MIN: Iter =   27  NFunc =   534  E =     -20.83155  RMSG = 7.4769547e-02
 MIN: Iter =   28  NFunc =   540  E =     -20.83280  RMSG = 1.7550776e-02
 MIN: Iter =   29  NFunc =   591  E =     -20.83364  RMSG = 1.2220029e-02
 MIN: Iter =   30  NFunc =   611  E =     -20.83395  RMSG = 7.8119162e-03
 MIN: Iter =   31  NFunc =   662  E =     -20.83457  RMSG = 1.2210259e-02
 MIN: Iter =   32  NFunc =   683  E =     -20.83476  RMSG = 5.4989723e-03
 MIN: Iter =   33  NFunc =   734  E =     -20.83507  RMSG = 7.8602407e-03
 MIN: Iter =   34  NFunc =   752  E =     -20.83514  RMSG = 3.2916159e-03
 MIN: Iter =   35  NFunc =   803  E =     -20.83524  RMSG = 5.7115539e-03
 MIN: Iter =   36  NFunc =   815  E =     -20.83526  RMSG = 2.2845733e-03
 MIN: Iter =   37  NFunc =   866  E =     -20.83530  RMSG = 2.1338479e-03
 MIN: Iter =   38  NFunc =   892  E =     -20.83532  RMSG = 1.2660952e-03
 MIN: Iter =   39  NFunc =   943  E =     -20.83533  RMSG = 1.1814242e-03
 MIN: Iter =   40  NFunc =   960  E =     -20.83533  RMSG = 6.8732549e-04
 MIN: Iter =   41  NFunc =   990  E =     -20.83533  RMSG = 4.8623169e-04
----------------------------------------------------------------
 END:          :-)  E =     -20.83533  RMSG =   0.0004862

     bond:      1.571683938
    angle:      2.546348753
 dihedral:     11.905268147
    enb14:     10.367001455
    eel14:     23.142131156
      enb:     -6.108471842
      eel:    -39.398295981
      egb:    -24.860995635
    econs:      0.000000000
    esurf:      0.000000000
    Total:    -20.835330008
     frms:      0.000486232
====== rms.dat  ======================================================
#Frame      all_heavy
       1       0.3654
