====== tleap.out =====================================================
-I: Adding /home/case/amber24/dat/leap/prep to search path.
-I: Adding /home/case/amber24/dat/leap/lib to search path.
-I: Adding /home/case/amber24/dat/leap/parm to search path.
-I: Adding /home/case/amber24/dat/leap/cmd to search path.
-f: Source leap.in.

Welcome to LEaP!
(no leaprc in search path)
Sourcing: ./leap.in
Using Bondi radii
----- Source: /home/case/amber24/dat/leap/cmd/leaprc.gaff2
----- Source of /home/case/amber24/dat/leap/cmd/leaprc.gaff2 done
Log file: ./leap.log
Loading parameters: /home/case/amber24/dat/leap/parm/gaff2.dat
Reading title:
AMBER General Force Field for organic molecules (Version 2.2.20, March 2021)
Loading parameters: ./LQQ.frcmod
Reading force field modification type file (frcmod)
Reading title:
Remark line goes here
Loading Mol2 file: ./LQQ.mol2
Reading MOLECULE named LQQ
Checking Unit.
Building topology.
"order_residues" off: keep input residue order.
Building atom parameters.
Building bond parameters.
Building angle parameters.
Building proper torsion parameters.
Building improper torsion parameters.
 total 16 improper torsions applied
Building H-Bond parameters.
Incorporating Non-Bonded adjustments.
Not Marking per-residue atom chain types.
Marking per-residue atom chain types.
  (Residues lacking connect0/connect1 - 
   these don't have chain types marked:

	res	total affected

	LQQ	1
  )
 (no restraints)
	Quit

Exiting LEaP: Errors = 0; Warnings = 0; Notes = 0.
====== min.o =========================================================
Reading parm file (LQQ.parm7)
title:
LQQ                                                                             
no velocities were found
no velocities were found
	mm_options:  ntpr=5
	mm_options:  gb=1
	mm_options:  kappa=0.10395
	mm_options:  rgbmax=99.
	mm_options:  cut=99.0
	mm_options:  wcons=0.
     bond:      4.410504726
    angle:     15.875819974
 dihedral:     65.891283773
    enb14:     23.112892198
    eel14:   -331.992642237
      enb:      3.919799380
      eel:    169.004926557
      egb:    -25.450328331
    econs:      0.000000000
    esurf:      0.000000000
    Total:    -75.227743959
     frms:     11.687394588
Starting TNCG minimisation
 MIN: Iter =    0  NFunc =     1  E =     -75.22774  RMSG = 1.1687395e+01
 MIN: Iter =    1  NFunc =     7  E =     -92.94814  RMSG = 2.7856384e+00
 MIN: Iter =    2  NFunc =    21  E =     -96.93460  RMSG = 1.5121104e+00
 MIN: Iter =    3  NFunc =    50  E =     -97.99253  RMSG = 2.0537670e+00
 MIN: Iter =    4  NFunc =    82  E =     -99.14501  RMSG = 1.9368063e+00
 MIN: Iter =    5  NFunc =    97  E =    -100.15287  RMSG = 1.6338720e+00
 MIN: Iter =    6  NFunc =   104  E =    -100.94542  RMSG = 7.1923196e-01
 MIN: Iter =    7  NFunc =   133  E =    -101.49215  RMSG = 1.1536399e+00
 MIN: Iter =    8  NFunc =   142  E =    -101.94670  RMSG = 6.1039907e-01
 MIN: Iter =    9  NFunc =   149  E =    -102.26050  RMSG = 1.0313365e+00
 MIN: Iter =   10  NFunc =   155  E =    -102.47750  RMSG = 3.4649604e-01
 MIN: Iter =   11  NFunc =   176  E =    -102.74952  RMSG = 9.8917709e-01
 MIN: Iter =   12  NFunc =   198  E =    -103.13507  RMSG = 1.3145223e+00
 MIN: Iter =   13  NFunc =   204  E =    -103.57899  RMSG = 7.1145366e-01
 MIN: Iter =   14  NFunc =   213  E =    -104.00045  RMSG = 1.4259610e+00
 MIN: Iter =   15  NFunc =   219  E =    -104.64853  RMSG = 1.0503912e+00
 MIN: Iter =   16  NFunc =   226  E =    -105.10740  RMSG = 1.3388901e+00
 MIN: Iter =   17  NFunc =   232  E =    -105.43511  RMSG = 3.5259864e-01
 MIN: Iter =   18  NFunc =   238  E =    -105.53379  RMSG = 3.2482777e-01
 MIN: Iter =   19  NFunc =   262  E =    -105.75916  RMSG = 3.0126944e-01
 MIN: Iter =   20  NFunc =   304  E =    -105.88469  RMSG = 2.2136998e-01
 MIN: Iter =   21  NFunc =   331  E =    -105.92518  RMSG = 9.2676457e-02
 MIN: Iter =   22  NFunc =   382  E =    -105.96984  RMSG = 2.3465704e-01
 MIN: Iter =   23  NFunc =   388  E =    -105.98224  RMSG = 9.9792224e-02
 MIN: Iter =   24  NFunc =   436  E =    -106.00666  RMSG = 9.1631182e-02
 MIN: Iter =   25  NFunc =   445  E =    -106.01232  RMSG = 5.7066798e-02
 MIN: Iter =   26  NFunc =   462  E =    -106.02036  RMSG = 4.9152614e-02
 MIN: Iter =   27  NFunc =   513  E =    -106.03033  RMSG = 7.6376855e-02
 MIN: Iter =   28  NFunc =   536  E =    -106.03468  RMSG = 2.6254114e-02
 MIN: Iter =   29  NFunc =   551  E =    -106.03521  RMSG = 1.1162877e-02
 MIN: Iter =   30  NFunc =   586  E =    -106.03594  RMSG = 9.0942645e-03
 MIN: Iter =   31  NFunc =   605  E =    -106.03603  RMSG = 4.2674839e-03
 MIN: Iter =   32  NFunc =   656  E =    -106.03613  RMSG = 4.0600756e-03
 MIN: Iter =   33  NFunc =   703  E =    -106.03619  RMSG = 2.2886237e-03
 MIN: Iter =   34  NFunc =   731  E =    -106.03621  RMSG = 1.4344587e-03
 MIN: Iter =   35  NFunc =   782  E =    -106.03622  RMSG = 1.2180174e-03
 MIN: Iter =   36  NFunc =   805  E =    -106.03623  RMSG = 7.3725563e-04
 MIN: Iter =   37  NFunc =   846  E =    -106.03623  RMSG = 4.0719661e-04
----------------------------------------------------------------
 END:          :-)  E =    -106.03623  RMSG =   0.0004072

     bond:      4.630921930
    angle:     14.981160830
 dihedral:     47.889041948
    enb14:     16.203648906
    eel14:   -329.549253773
      enb:      1.789943540
      eel:    161.892150738
      egb:    -23.873844719
    econs:      0.000000000
    esurf:      0.000000000
    Total:   -106.036230600
     frms:      0.000407197
====== rms.dat  ======================================================
#Frame      all_heavy
       1       0.4187
