====== tleap.out =====================================================
-I: Adding /home/case/amber24/dat/leap/prep to search path.
-I: Adding /home/case/amber24/dat/leap/lib to search path.
-I: Adding /home/case/amber24/dat/leap/parm to search path.
-I: Adding /home/case/amber24/dat/leap/cmd to search path.
-f: Source leap.in.

Welcome to LEaP!
(no leaprc in search path)
Sourcing: ./leap.in
Using Bondi radii
----- Source: /home/case/amber24/dat/leap/cmd/leaprc.gaff2
----- Source of /home/case/amber24/dat/leap/cmd/leaprc.gaff2 done
Log file: ./leap.log
Loading parameters: /home/case/amber24/dat/leap/parm/gaff2.dat
Reading title:
AMBER General Force Field for organic molecules (Version 2.2.20, March 2021)
Loading parameters: ./LRQ.frcmod
Reading force field modification type file (frcmod)
Reading title:
Remark line goes here
Loading Mol2 file: ./LRQ.mol2
Reading MOLECULE named LRQ
Checking Unit.

/home/case/amber24/bin/teLeap: Warning!
The unperturbed charge of the unit (-1.005000) is not zero.

/home/case/amber24/bin/teLeap: Note.
Ignoring the warning from Unit Checking.

Building topology.
"order_residues" off: keep input residue order.
Building atom parameters.
Building bond parameters.
Building angle parameters.
Building proper torsion parameters.
Building improper torsion parameters.
 total 18 improper torsions applied
Building H-Bond parameters.
Incorporating Non-Bonded adjustments.
Not Marking per-residue atom chain types.
Marking per-residue atom chain types.
  (Residues lacking connect0/connect1 - 
   these don't have chain types marked:

	res	total affected

	LRQ	1
  )
 (no restraints)
	Quit

Exiting LEaP: Errors = 0; Warnings = 1; Notes = 1.
====== min.o =========================================================
Reading parm file (LRQ.parm7)
title:
LRQ                                                                             
no velocities were found
no velocities were found
	mm_options:  ntpr=5
	mm_options:  gb=1
	mm_options:  kappa=0.10395
	mm_options:  rgbmax=99.
	mm_options:  cut=99.0
	mm_options:  wcons=0.
     bond:      4.752325243
    angle:     30.734048524
 dihedral:      6.697593646
    enb14:     19.829079563
    eel14:    -25.780142987
      enb:     -3.804804425
      eel:    -17.731867150
      egb:    -76.503577813
    econs:      0.000000000
    esurf:      0.000000000
    Total:    -61.807345397
     frms:     12.143635634
Starting TNCG minimisation
 MIN: Iter =    0  NFunc =     1  E =     -61.80735  RMSG = 1.2143636e+01
 MIN: Iter =    1  NFunc =     7  E =     -75.73800  RMSG = 2.6221024e+00
 MIN: Iter =    2  NFunc =    16  E =     -79.25612  RMSG = 1.1634592e+00
 MIN: Iter =    3  NFunc =    30  E =     -80.03422  RMSG = 4.8127167e-01
 MIN: Iter =    4  NFunc =    69  E =     -80.58928  RMSG = 5.5547376e-01
 MIN: Iter =    5  NFunc =    90  E =     -80.88364  RMSG = 4.7941798e-01
 MIN: Iter =    6  NFunc =   101  E =     -81.02054  RMSG = 2.5311164e-01
 MIN: Iter =    7  NFunc =   137  E =     -81.18460  RMSG = 4.2495680e-01
 MIN: Iter =    8  NFunc =   154  E =     -81.32642  RMSG = 4.3073626e-01
 MIN: Iter =    9  NFunc =   163  E =     -81.42035  RMSG = 2.3164065e-01
 MIN: Iter =   10  NFunc =   175  E =     -81.49532  RMSG = 3.7283959e-01
 MIN: Iter =   11  NFunc =   185  E =     -81.53830  RMSG = 1.2728105e-01
 MIN: Iter =   12  NFunc =   193  E =     -81.55215  RMSG = 1.1181168e-01
 MIN: Iter =   13  NFunc =   217  E =     -81.57590  RMSG = 7.7517776e-02
 MIN: Iter =   14  NFunc =   247  E =     -81.58547  RMSG = 5.0153200e-02
 MIN: Iter =   15  NFunc =   273  E =     -81.59033  RMSG = 4.3769940e-02
 MIN: Iter =   16  NFunc =   314  E =     -81.59280  RMSG = 1.7570194e-02
 MIN: Iter =   17  NFunc =   341  E =     -81.59334  RMSG = 1.0093383e-02
 MIN: Iter =   18  NFunc =   359  E =     -81.59357  RMSG = 6.6300185e-03
 MIN: Iter =   19  NFunc =   390  E =     -81.59364  RMSG = 3.7632612e-03
 MIN: Iter =   20  NFunc =   417  E =     -81.59368  RMSG = 2.2675789e-03
 MIN: Iter =   21  NFunc =   446  E =     -81.59369  RMSG = 1.0374395e-03
 MIN: Iter =   22  NFunc =   458  E =     -81.59369  RMSG = 5.5103814e-04
 MIN: Iter =   23  NFunc =   474  E =     -81.59369  RMSG = 4.4327006e-04
----------------------------------------------------------------
 END:          :-)  E =     -81.59369  RMSG =   0.0004433

     bond:      4.469375979
    angle:     26.057557281
 dihedral:      3.654981846
    enb14:     13.545505613
    eel14:    -28.909577107
      enb:     -6.687580173
      eel:    -16.007821725
      egb:    -77.716134267
    econs:      0.000000000
    esurf:      0.000000000
    Total:    -81.593692552
     frms:      0.000443270
====== rms.dat  ======================================================
#Frame      all_heavy
       1       0.3108
