====== tleap.out =====================================================
-I: Adding /home/case/amber24/dat/leap/prep to search path.
-I: Adding /home/case/amber24/dat/leap/lib to search path.
-I: Adding /home/case/amber24/dat/leap/parm to search path.
-I: Adding /home/case/amber24/dat/leap/cmd to search path.
-f: Source leap.in.

Welcome to LEaP!
(no leaprc in search path)
Sourcing: ./leap.in
Using Bondi radii
----- Source: /home/case/amber24/dat/leap/cmd/leaprc.gaff2
----- Source of /home/case/amber24/dat/leap/cmd/leaprc.gaff2 done
Log file: ./leap.log
Loading parameters: /home/case/amber24/dat/leap/parm/gaff2.dat
Reading title:
AMBER General Force Field for organic molecules (Version 2.2.20, March 2021)
Loading parameters: ./LT4.frcmod
Reading force field modification type file (frcmod)
Reading title:
Remark line goes here
Loading Mol2 file: ./LT4.mol2
Reading MOLECULE named LT4
Checking Unit.
Building topology.
"order_residues" off: keep input residue order.
Building atom parameters.
Building bond parameters.
Building angle parameters.
Building proper torsion parameters.
Building improper torsion parameters.
 total 6 improper torsions applied
Building H-Bond parameters.
Incorporating Non-Bonded adjustments.
Not Marking per-residue atom chain types.
Marking per-residue atom chain types.
  (Residues lacking connect0/connect1 - 
   these don't have chain types marked:

	res	total affected

	LT4	1
  )
 (no restraints)
	Quit

Exiting LEaP: Errors = 0; Warnings = 0; Notes = 0.
====== min.o =========================================================
Reading parm file (LT4.parm7)
title:
LT4                                                                             
no velocities were found
no velocities were found
	mm_options:  ntpr=5
	mm_options:  gb=1
	mm_options:  kappa=0.10395
	mm_options:  rgbmax=99.
	mm_options:  cut=99.0
	mm_options:  wcons=0.
     bond:      0.665423888
    angle:      2.843875807
 dihedral:      2.842670524
    enb14:      5.813226003
    eel14:    126.301578674
      enb:     -0.874104968
      eel:   -115.850448810
      egb:    -22.453607883
    econs:      0.000000000
    esurf:      0.000000000
    Total:     -0.711386765
     frms:      9.792338700
Starting TNCG minimisation
 MIN: Iter =    0  NFunc =     1  E =      -0.71139  RMSG = 9.7923387e+00
 MIN: Iter =    1  NFunc =     7  E =      -5.93706  RMSG = 2.5516734e+00
 MIN: Iter =    2  NFunc =    14  E =      -6.57281  RMSG = 7.7447813e-01
 MIN: Iter =    3  NFunc =    22  E =      -6.66258  RMSG = 3.7864420e-01
 MIN: Iter =    4  NFunc =    39  E =      -6.75354  RMSG = 4.9055787e-01
 MIN: Iter =    5  NFunc =    48  E =      -6.80220  RMSG = 4.3829248e-01
 MIN: Iter =    6  NFunc =    54  E =      -6.81495  RMSG = 1.4573818e-01
 MIN: Iter =    7  NFunc =    84  E =      -6.94712  RMSG = 1.1006140e+00
 MIN: Iter =    8  NFunc =    90  E =      -7.00033  RMSG = 2.6921688e-01
 MIN: Iter =    9  NFunc =   112  E =      -7.14990  RMSG = 9.0924485e-01
 MIN: Iter =   10  NFunc =   120  E =      -7.21602  RMSG = 3.0235121e-01
 MIN: Iter =   11  NFunc =   139  E =      -7.42030  RMSG = 1.5181742e+00
 MIN: Iter =   12  NFunc =   145  E =      -7.51337  RMSG = 2.6175183e-01
 MIN: Iter =   13  NFunc =   165  E =      -7.69597  RMSG = 1.6807046e+00
 MIN: Iter =   14  NFunc =   171  E =      -7.77853  RMSG = 2.7477846e-01
 MIN: Iter =   15  NFunc =   190  E =      -7.91608  RMSG = 1.8025004e+00
 MIN: Iter =   16  NFunc =   196  E =      -8.04389  RMSG = 3.7440267e-01
 MIN: Iter =   17  NFunc =   202  E =      -8.08887  RMSG = 5.9470810e-01
 MIN: Iter =   18  NFunc =   209  E =      -8.11176  RMSG = 1.9044649e-01
 MIN: Iter =   19  NFunc =   224  E =      -8.14535  RMSG = 4.6534769e-01
 MIN: Iter =   20  NFunc =   235  E =      -8.16425  RMSG = 1.5872994e-01
 MIN: Iter =   21  NFunc =   244  E =      -8.17190  RMSG = 1.0037486e-01
 MIN: Iter =   22  NFunc =   254  E =      -8.17421  RMSG = 4.2245635e-02
 MIN: Iter =   23  NFunc =   262  E =      -8.17524  RMSG = 3.9378970e-02
 MIN: Iter =   24  NFunc =   283  E =      -8.17608  RMSG = 2.5264090e-02
 MIN: Iter =   25  NFunc =   294  E =      -8.17617  RMSG = 1.0325926e-02
 MIN: Iter =   26  NFunc =   329  E =      -8.17630  RMSG = 8.8745276e-03
 MIN: Iter =   27  NFunc =   342  E =      -8.17633  RMSG = 4.4929439e-03
 MIN: Iter =   28  NFunc =   361  E =      -8.17635  RMSG = 2.3534456e-03
 MIN: Iter =   29  NFunc =   367  E =      -8.17635  RMSG = 1.1190167e-03
 MIN: Iter =   30  NFunc =   386  E =      -8.17635  RMSG = 6.6104537e-04
 MIN: Iter =   31  NFunc =   403  E =      -8.17635  RMSG = 4.0553896e-04
----------------------------------------------------------------
 END:          :-)  E =      -8.17635  RMSG =   0.0004055

     bond:      0.910386756
    angle:      0.782930617
 dihedral:      2.535213115
    enb14:      4.109623834
    eel14:    122.247774411
      enb:     -0.939086744
      eel:   -114.946503633
      egb:    -22.876690988
    econs:      0.000000000
    esurf:      0.000000000
    Total:     -8.176352631
     frms:      0.000405539
====== rms.dat  ======================================================
#Frame      all_heavy
       1       0.4708
