====== tleap.out =====================================================
-I: Adding /home/case/amber24/dat/leap/prep to search path.
-I: Adding /home/case/amber24/dat/leap/lib to search path.
-I: Adding /home/case/amber24/dat/leap/parm to search path.
-I: Adding /home/case/amber24/dat/leap/cmd to search path.
-f: Source leap.in.

Welcome to LEaP!
(no leaprc in search path)
Sourcing: ./leap.in
Using Bondi radii
----- Source: /home/case/amber24/dat/leap/cmd/leaprc.gaff2
----- Source of /home/case/amber24/dat/leap/cmd/leaprc.gaff2 done
Log file: ./leap.log
Loading parameters: /home/case/amber24/dat/leap/parm/gaff2.dat
Reading title:
AMBER General Force Field for organic molecules (Version 2.2.20, March 2021)
Loading parameters: ./LTF.frcmod
Reading force field modification type file (frcmod)
Reading title:
Remark line goes here
Loading Mol2 file: ./LTF.mol2
Reading MOLECULE named LTF
Checking Unit.
Building topology.
"order_residues" off: keep input residue order.
Building atom parameters.
Building bond parameters.
Building angle parameters.
Building proper torsion parameters.
Building improper torsion parameters.
 total 9 improper torsions applied
Building H-Bond parameters.
Incorporating Non-Bonded adjustments.
Not Marking per-residue atom chain types.
Marking per-residue atom chain types.
  (Residues lacking connect0/connect1 - 
   these don't have chain types marked:

	res	total affected

	LTF	1
  )
 (no restraints)
	Quit

Exiting LEaP: Errors = 0; Warnings = 0; Notes = 0.
====== min.o =========================================================
Reading parm file (LTF.parm7)
title:
LTF                                                                             
no velocities were found
no velocities were found
	mm_options:  ntpr=5
	mm_options:  gb=1
	mm_options:  kappa=0.10395
	mm_options:  rgbmax=99.
	mm_options:  cut=99.0
	mm_options:  wcons=0.
     bond:      2.459645363
    angle:      7.242857070
 dihedral:     26.134070824
    enb14:      9.479628494
    eel14:    174.473845445
      enb:     -2.057676335
      eel:   -112.772192972
      egb:    -27.001473004
    econs:      0.000000000
    esurf:      0.000000000
    Total:     77.958704885
     frms:     10.167372017
Starting TNCG minimisation
 MIN: Iter =    0  NFunc =     1  E =      77.95870  RMSG = 1.0167372e+01
 MIN: Iter =    1  NFunc =     8  E =      66.69864  RMSG = 3.2931478e+00
 MIN: Iter =    2  NFunc =    26  E =      65.53701  RMSG = 5.3632868e+00
 MIN: Iter =    3  NFunc =    32  E =      63.57398  RMSG = 1.2444654e+00
 MIN: Iter =    4  NFunc =    44  E =      63.09984  RMSG = 1.5094056e+00
 MIN: Iter =    5  NFunc =    50  E =      62.98934  RMSG = 3.7337052e-01
 MIN: Iter =    6  NFunc =    94  E =      62.76477  RMSG = 7.4466898e-01
 MIN: Iter =    7  NFunc =   101  E =      62.62678  RMSG = 3.9255622e-01
 MIN: Iter =    8  NFunc =   112  E =      62.52688  RMSG = 6.7994125e-01
 MIN: Iter =    9  NFunc =   119  E =      62.46403  RMSG = 2.5528576e-01
 MIN: Iter =   10  NFunc =   141  E =      62.40195  RMSG = 2.8648168e-01
 MIN: Iter =   11  NFunc =   152  E =      62.34700  RMSG = 6.4888300e-01
 MIN: Iter =   12  NFunc =   158  E =      62.30720  RMSG = 1.4369653e-01
 MIN: Iter =   13  NFunc =   186  E =      62.27269  RMSG = 1.8477703e-01
 MIN: Iter =   14  NFunc =   201  E =      62.23360  RMSG = 2.9312494e-01
 MIN: Iter =   15  NFunc =   208  E =      62.18445  RMSG = 4.4422346e-01
 MIN: Iter =   16  NFunc =   214  E =      62.12669  RMSG = 3.8432467e-01
 MIN: Iter =   17  NFunc =   224  E =      62.06597  RMSG = 9.1765025e-01
 MIN: Iter =   18  NFunc =   230  E =      61.95566  RMSG = 2.3322595e-01
 MIN: Iter =   19  NFunc =   281  E =      61.84206  RMSG = 8.0128082e-01
 MIN: Iter =   20  NFunc =   287  E =      61.68591  RMSG = 6.1171314e-01
 MIN: Iter =   21  NFunc =   293  E =      61.54394  RMSG = 7.0322846e-01
 MIN: Iter =   22  NFunc =   299  E =      61.44091  RMSG = 2.9951063e-01
 MIN: Iter =   23  NFunc =   306  E =      61.39544  RMSG = 3.0505293e-01
 MIN: Iter =   24  NFunc =   325  E =      61.29437  RMSG = 5.5509281e-01
 MIN: Iter =   25  NFunc =   331  E =      61.26063  RMSG = 1.7597235e-01
 MIN: Iter =   26  NFunc =   359  E =      61.21488  RMSG = 3.6999974e-01
 MIN: Iter =   27  NFunc =   365  E =      61.19998  RMSG = 1.3352201e-01
 MIN: Iter =   28  NFunc =   381  E =      61.18374  RMSG = 1.0418624e-01
 MIN: Iter =   29  NFunc =   392  E =      61.17985  RMSG = 4.6936181e-02
 MIN: Iter =   30  NFunc =   443  E =      61.16433  RMSG = 2.0838706e-01
 MIN: Iter =   31  NFunc =   452  E =      61.15789  RMSG = 5.3037805e-02
 MIN: Iter =   32  NFunc =   463  E =      61.15604  RMSG = 2.8903948e-02
 MIN: Iter =   33  NFunc =   514  E =      61.15372  RMSG = 2.4268255e-02
 MIN: Iter =   34  NFunc =   555  E =      61.15295  RMSG = 1.4689618e-02
 MIN: Iter =   35  NFunc =   563  E =      61.15291  RMSG = 5.5526542e-03
 MIN: Iter =   36  NFunc =   583  E =      61.15284  RMSG = 3.5632821e-03
 MIN: Iter =   37  NFunc =   630  E =      61.15275  RMSG = 2.3996259e-03
 MIN: Iter =   38  NFunc =   675  E =      61.15272  RMSG = 1.4276948e-03
 MIN: Iter =   39  NFunc =   726  E =      61.15271  RMSG = 1.0805516e-03
 MIN: Iter =   40  NFunc =   732  E =      61.15271  RMSG = 8.2337083e-04
 MIN: Iter =   41  NFunc =   751  E =      61.15271  RMSG = 3.3683331e-04
----------------------------------------------------------------
 END:          :-)  E =      61.15271  RMSG =   0.0003368

     bond:      2.493819504
    angle:      7.221579564
 dihedral:     16.687176580
    enb14:      6.107063080
    eel14:    164.694428981
      enb:     -0.329805838
      eel:   -105.599047991
      egb:    -30.122500011
    econs:      0.000000000
    esurf:      0.000000000
    Total:     61.152713870
     frms:      0.000336833
====== rms.dat  ======================================================
#Frame      all_heavy
       1       0.4207
