====== tleap.out =====================================================
-I: Adding /home/case/amber26/dat/leap/prep to search path.
-I: Adding /home/case/amber26/dat/leap/lib to search path.
-I: Adding /home/case/amber26/dat/leap/parm to search path.
-I: Adding /home/case/amber26/dat/leap/cmd to search path.
-f: Source leap.in.

Welcome to LEaP!
(no leaprc in search path)
Sourcing: ./leap.in
Using Bondi radii
----- Source: /home/case/amber26/dat/leap/cmd/leaprc.gaff2
----- Source of /home/case/amber26/dat/leap/cmd/leaprc.gaff2 done
Log file: ./leap.log
Loading parameters: /home/case/amber26/dat/leap/parm/gaff2.dat
Reading title:
AMBER General Force Field for organic molecules (Version 2.2.30, Oct 2025)
Loading parameters: ./LYV.frcmod
Reading force field modification type file (frcmod)
Reading title:
Remark line goes here
Loading Mol2 file: ./LYV.mol2
Reading MOLECULE named LYV
Checking Unit.

/home/case/amber26/bin/teLeap: Warning!
The unperturbed charge of the unit (-2.997999) is not zero.

/home/case/amber26/bin/teLeap: Note.
Ignoring the warning from Unit Checking.

Building topology.
"order_residues" off: keep input residue order.
Building atom parameters.
Building bond parameters.
Building angle parameters.
Building proper torsion parameters.
Building improper torsion parameters.
 total 5 improper torsions applied
Building H-Bond parameters.
Incorporating Non-Bonded adjustments.
Not Marking per-residue atom chain types.
Marking per-residue atom chain types.
  (Residues lacking connect0/connect1 - 
   these don't have chain types marked:

	res	total affected

	LYV	1
  )
 (no restraints)
	Quit

Exiting LEaP: Errors = 0; Warnings = 1; Notes = 1.
====== min.o =========================================================
Reading parm file (LYV.parm7)
title:
LYV                                                                             
no velocities were found
no velocities were found
	mm_options:  ntpr=5
	mm_options:  gb=1
	mm_options:  kappa=0.10395
	mm_options:  rgbmax=99.
	mm_options:  cut=99.0
	mm_options:  wcons=0.
     bond:      9.391215010
    angle:     19.833999820
 dihedral:     25.579426983
    enb14:      6.936495875
    eel14:    328.185548766
      enb:     -2.957517442
      eel:   -229.897503448
      egb:   -397.032036022
    econs:      0.000000000
    esurf:      0.000000000
    Total:   -239.960370460
     frms:     20.131116232
Starting TNCG minimisation
 MIN: Iter =    0  NFunc =     1  E =    -239.96037  RMSG = 2.0131116e+01
 MIN: Iter =    1  NFunc =     7  E =    -262.44385  RMSG = 4.2068485e+00
 MIN: Iter =    2  NFunc =    15  E =    -265.49337  RMSG = 1.5264237e+00
 MIN: Iter =    3  NFunc =    28  E =    -266.48502  RMSG = 1.0395219e+00
 MIN: Iter =    4  NFunc =    48  E =    -267.04525  RMSG = 2.1133676e+00
 MIN: Iter =    5  NFunc =    56  E =    -267.41895  RMSG = 5.5478870e-01
 MIN: Iter =    6  NFunc =    67  E =    -267.61427  RMSG = 1.3675819e+00
 MIN: Iter =    7  NFunc =    75  E =    -267.76145  RMSG = 3.6075979e-01
 MIN: Iter =    8  NFunc =    92  E =    -267.89203  RMSG = 1.1587053e+00
 MIN: Iter =    9  NFunc =    98  E =    -267.97420  RMSG = 2.4197197e-01
 MIN: Iter =   10  NFunc =   150  E =    -268.07199  RMSG = 3.3510517e-01
 MIN: Iter =   11  NFunc =   162  E =    -268.15155  RMSG = 8.8799754e-01
 MIN: Iter =   12  NFunc =   168  E =    -268.23276  RMSG = 2.3351933e-01
 MIN: Iter =   13  NFunc =   194  E =    -268.33214  RMSG = 8.4750938e-01
 MIN: Iter =   14  NFunc =   200  E =    -268.41132  RMSG = 4.0101935e-01
 MIN: Iter =   15  NFunc =   237  E =    -268.52399  RMSG = 8.2596456e-01
 MIN: Iter =   16  NFunc =   246  E =    -268.63782  RMSG = 3.5874499e-01
 MIN: Iter =   17  NFunc =   262  E =    -268.75976  RMSG = 7.6557911e-01
 MIN: Iter =   18  NFunc =   274  E =    -268.95156  RMSG = 7.3265446e-01
 MIN: Iter =   19  NFunc =   282  E =    -269.12814  RMSG = 9.3547763e-01
 MIN: Iter =   20  NFunc =   290  E =    -269.36172  RMSG = 9.8366450e-01
 MIN: Iter =   21  NFunc =   296  E =    -269.64548  RMSG = 1.1280291e+00
 MIN: Iter =   22  NFunc =   302  E =    -269.98381  RMSG = 1.0654098e+00
 MIN: Iter =   23  NFunc =   309  E =    -270.40752  RMSG = 1.1715089e+00
 MIN: Iter =   24  NFunc =   316  E =    -270.76216  RMSG = 8.7868593e-01
 MIN: Iter =   25  NFunc =   329  E =    -270.93641  RMSG = 3.6386991e-01
 MIN: Iter =   26  NFunc =   347  E =    -271.06404  RMSG = 5.3162548e-01
 MIN: Iter =   27  NFunc =   371  E =    -271.17532  RMSG = 7.0012581e-01
 MIN: Iter =   28  NFunc =   377  E =    -271.21351  RMSG = 2.4969640e-01
 MIN: Iter =   29  NFunc =   408  E =    -271.27699  RMSG = 9.7405345e-01
 MIN: Iter =   30  NFunc =   414  E =    -271.33060  RMSG = 1.7933815e-01
 MIN: Iter =   31  NFunc =   431  E =    -271.36669  RMSG = 2.3128736e-01
 MIN: Iter =   32  NFunc =   438  E =    -271.39895  RMSG = 5.0075964e-01
 MIN: Iter =   33  NFunc =   446  E =    -271.42736  RMSG = 1.4780708e-01
 MIN: Iter =   34  NFunc =   463  E =    -271.44477  RMSG = 1.7407189e-01
 MIN: Iter =   35  NFunc =   474  E =    -271.46196  RMSG = 5.7083843e-01
 MIN: Iter =   36  NFunc =   480  E =    -271.48549  RMSG = 1.4099434e-01
 MIN: Iter =   37  NFunc =   525  E =    -271.56246  RMSG = 6.0669521e-01
 MIN: Iter =   38  NFunc =   531  E =    -271.59627  RMSG = 1.6312177e-01
 MIN: Iter =   39  NFunc =   551  E =    -271.63420  RMSG = 4.3539110e-01
 MIN: Iter =   40  NFunc =   557  E =    -271.64667  RMSG = 1.4952913e-01
 MIN: Iter =   41  NFunc =   586  E =    -271.68410  RMSG = 3.7964973e-01
 MIN: Iter =   42  NFunc =   592  E =    -271.69712  RMSG = 1.1364407e-01
 MIN: Iter =   43  NFunc =   612  E =    -271.71510  RMSG = 4.3347688e-01
 MIN: Iter =   44  NFunc =   618  E =    -271.72581  RMSG = 9.6105735e-02
 MIN: Iter =   45  NFunc =   649  E =    -271.74808  RMSG = 1.3096633e-01
 MIN: Iter =   46  NFunc =   667  E =    -271.76048  RMSG = 2.1623971e-01
 MIN: Iter =   47  NFunc =   673  E =    -271.76402  RMSG = 6.0030879e-02
 MIN: Iter =   48  NFunc =   717  E =    -271.77264  RMSG = 1.4068465e-01
 MIN: Iter =   49  NFunc =   737  E =    -271.77777  RMSG = 5.8995149e-02
 MIN: Iter =   50  NFunc =   748  E =    -271.77879  RMSG = 2.6068941e-02
 MIN: Iter =   51  NFunc =   770  E =    -271.77961  RMSG = 1.9615646e-02
 MIN: Iter =   52  NFunc =   804  E =    -271.78066  RMSG = 2.2831604e-02
 MIN: Iter =   53  NFunc =   826  E =    -271.78138  RMSG = 2.4012462e-02
 MIN: Iter =   54  NFunc =   853  E =    -271.78171  RMSG = 9.2407372e-03
 MIN: Iter =   55  NFunc =   883  E =    -271.78197  RMSG = 9.1098096e-03
 MIN: Iter =   56  NFunc =   910  E =    -271.78219  RMSG = 6.8955414e-03
 MIN: Iter =   57  NFunc =   951  E =    -271.78232  RMSG = 4.1762636e-03
 MIN: Iter =   58  NFunc =   977  E =    -271.78234  RMSG = 1.6036325e-03
 MIN: Iter =   59  NFunc =  1000  E =    -271.78234  RMSG = 1.5013115e-03
 MIN: Iter =   60  NFunc =  1028  E =    -271.78235  RMSG = 1.1903739e-03
 MIN: Iter =   61  NFunc =  1050  E =    -271.78235  RMSG = 1.0044198e-03
 MIN: Iter =   62  NFunc =  1066  E =    -271.78236  RMSG = 7.1005741e-04
 MIN: Iter =   63  NFunc =  1074  E =    -271.78236  RMSG = 4.8617649e-04
----------------------------------------------------------------
 END:          :-)  E =    -271.78236  RMSG =   0.0004862

     bond:      3.175344893
    angle:     16.607351611
 dihedral:     19.630626819
    enb14:      3.351312295
    eel14:    304.574624680
      enb:     -3.292053076
      eel:   -207.988662543
      egb:   -407.840900685
    econs:      0.000000000
    esurf:      0.000000000
    Total:   -271.782356006
     frms:      0.000486176
====== rms.dat  ======================================================
#Frame      all_heavy
       1       1.1053
