====== tleap.out =====================================================
-I: Adding /home/case/amber24/dat/leap/prep to search path.
-I: Adding /home/case/amber24/dat/leap/lib to search path.
-I: Adding /home/case/amber24/dat/leap/parm to search path.
-I: Adding /home/case/amber24/dat/leap/cmd to search path.
-f: Source leap.in.

Welcome to LEaP!
(no leaprc in search path)
Sourcing: ./leap.in
Using Bondi radii
----- Source: /home/case/amber24/dat/leap/cmd/leaprc.gaff2
----- Source of /home/case/amber24/dat/leap/cmd/leaprc.gaff2 done
Log file: ./leap.log
Loading parameters: /home/case/amber24/dat/leap/parm/gaff2.dat
Reading title:
AMBER General Force Field for organic molecules (Version 2.2.20, March 2021)
Loading parameters: ./LZD.frcmod
Reading force field modification type file (frcmod)
Reading title:
Remark line goes here
Loading Mol2 file: ./LZD.mol2
Reading MOLECULE named LZD
Checking Unit.
Building topology.
"order_residues" off: keep input residue order.
Building atom parameters.
Building bond parameters.
Building angle parameters.
Building proper torsion parameters.
Building improper torsion parameters.
 total 14 improper torsions applied
Building H-Bond parameters.
Incorporating Non-Bonded adjustments.
Not Marking per-residue atom chain types.
Marking per-residue atom chain types.
  (Residues lacking connect0/connect1 - 
   these don't have chain types marked:

	res	total affected

	LZD	1
  )
 (no restraints)
	Quit

Exiting LEaP: Errors = 0; Warnings = 0; Notes = 0.
====== min.o =========================================================
Reading parm file (LZD.parm7)
title:
LZD                                                                             
no velocities were found
no velocities were found
	mm_options:  ntpr=5
	mm_options:  gb=1
	mm_options:  kappa=0.10395
	mm_options:  rgbmax=99.
	mm_options:  cut=99.0
	mm_options:  wcons=0.
     bond:      3.194129755
    angle:     14.644787547
 dihedral:     12.836946659
    enb14:      9.808112746
    eel14:    -60.506996192
      enb:     -2.691315312
      eel:     14.494486877
      egb:    -28.533680444
    econs:      0.000000000
    esurf:      0.000000000
    Total:    -36.753528363
     frms:     12.366881367
Starting TNCG minimisation
 MIN: Iter =    0  NFunc =     1  E =     -36.75353  RMSG = 1.2366881e+01
 MIN: Iter =    1  NFunc =     7  E =     -48.01339  RMSG = 2.1539045e+00
 MIN: Iter =    2  NFunc =    18  E =     -49.48751  RMSG = 9.1595040e-01
 MIN: Iter =    3  NFunc =    69  E =     -50.17828  RMSG = 9.7303134e-01
 MIN: Iter =    4  NFunc =    75  E =     -50.61260  RMSG = 8.3201767e-01
 MIN: Iter =    5  NFunc =    81  E =     -50.98661  RMSG = 5.9874566e-01
 MIN: Iter =    6  NFunc =    87  E =     -51.17966  RMSG = 3.7531673e-01
 MIN: Iter =    7  NFunc =   101  E =     -51.28536  RMSG = 2.6125158e-01
 MIN: Iter =    8  NFunc =   147  E =     -51.48080  RMSG = 5.4125592e-01
 MIN: Iter =    9  NFunc =   153  E =     -51.54197  RMSG = 2.6837412e-01
 MIN: Iter =   10  NFunc =   182  E =     -51.59273  RMSG = 5.2163493e-01
 MIN: Iter =   11  NFunc =   188  E =     -51.63195  RMSG = 1.2072626e-01
 MIN: Iter =   12  NFunc =   210  E =     -51.64543  RMSG = 7.8317492e-02
 MIN: Iter =   13  NFunc =   231  E =     -51.65225  RMSG = 4.8012646e-02
 MIN: Iter =   14  NFunc =   262  E =     -51.65659  RMSG = 3.0111990e-02
 MIN: Iter =   15  NFunc =   299  E =     -51.65864  RMSG = 1.6429868e-02
 MIN: Iter =   16  NFunc =   342  E =     -51.65925  RMSG = 9.7415051e-03
 MIN: Iter =   17  NFunc =   373  E =     -51.65944  RMSG = 5.5277730e-03
 MIN: Iter =   18  NFunc =   383  E =     -51.65946  RMSG = 3.5630239e-03
 MIN: Iter =   19  NFunc =   410  E =     -51.65949  RMSG = 2.6781243e-03
 MIN: Iter =   20  NFunc =   431  E =     -51.65949  RMSG = 1.1136364e-03
 MIN: Iter =   21  NFunc =   446  E =     -51.65949  RMSG = 1.0571233e-03
 MIN: Iter =   22  NFunc =   476  E =     -51.65950  RMSG = 8.9922093e-04
 MIN: Iter =   23  NFunc =   499  E =     -51.65950  RMSG = 4.7750128e-04
----------------------------------------------------------------
 END:          :-)  E =     -51.65950  RMSG =   0.0004775

     bond:      1.977104242
    angle:     10.386955293
 dihedral:      6.555242799
    enb14:      7.424389295
    eel14:    -62.545565299
      enb:     -1.233247887
      eel:     15.568258114
      egb:    -29.792634923
    econs:      0.000000000
    esurf:      0.000000000
    Total:    -51.659498366
     frms:      0.000477501
====== rms.dat  ======================================================
#Frame      all_heavy
       1       0.4153
