====== tleap.out =====================================================
-I: Adding /home/case/amber24/dat/leap/prep to search path.
-I: Adding /home/case/amber24/dat/leap/lib to search path.
-I: Adding /home/case/amber24/dat/leap/parm to search path.
-I: Adding /home/case/amber24/dat/leap/cmd to search path.
-f: Source leap.in.

Welcome to LEaP!
(no leaprc in search path)
Sourcing: ./leap.in
Using Bondi radii
----- Source: /home/case/amber24/dat/leap/cmd/leaprc.gaff2
----- Source of /home/case/amber24/dat/leap/cmd/leaprc.gaff2 done
Log file: ./leap.log
Loading parameters: /home/case/amber24/dat/leap/parm/gaff2.dat
Reading title:
AMBER General Force Field for organic molecules (Version 2.2.20, March 2021)
Loading parameters: ./LZJ.frcmod
Reading force field modification type file (frcmod)
Reading title:
Remark line goes here
Loading Mol2 file: ./LZJ.mol2
Reading MOLECULE named LZJ
Checking Unit.
Building topology.
"order_residues" off: keep input residue order.
Building atom parameters.
Building bond parameters.
Building angle parameters.
Building proper torsion parameters.
Building improper torsion parameters.
 total 15 improper torsions applied
Building H-Bond parameters.
Incorporating Non-Bonded adjustments.
Not Marking per-residue atom chain types.
Marking per-residue atom chain types.
  (Residues lacking connect0/connect1 - 
   these don't have chain types marked:

	res	total affected

	LZJ	1
  )
 (no restraints)
	Quit

Exiting LEaP: Errors = 0; Warnings = 0; Notes = 0.
====== min.o =========================================================
Reading parm file (LZJ.parm7)
title:
LZJ                                                                             
no velocities were found
no velocities were found
	mm_options:  ntpr=5
	mm_options:  gb=1
	mm_options:  kappa=0.10395
	mm_options:  rgbmax=99.
	mm_options:  cut=99.0
	mm_options:  wcons=0.
     bond:      3.544898610
    angle:      5.350722693
 dihedral:      6.222633953
    enb14:     13.355915053
    eel14:   -208.767916787
      enb:     -5.116222914
      eel:     77.853847177
      egb:    -20.762174710
    econs:      0.000000000
    esurf:      0.000000000
    Total:   -128.318296925
     frms:     13.828363762
Starting TNCG minimisation
 MIN: Iter =    0  NFunc =     1  E =    -128.31830  RMSG = 1.3828364e+01
 MIN: Iter =    1  NFunc =     7  E =    -134.67651  RMSG = 1.5575431e+00
 MIN: Iter =    2  NFunc =    15  E =    -135.08321  RMSG = 5.4613872e-01
 MIN: Iter =    3  NFunc =    30  E =    -135.20321  RMSG = 7.8252565e-01
 MIN: Iter =    4  NFunc =    36  E =    -135.30329  RMSG = 3.9123318e-01
 MIN: Iter =    5  NFunc =    55  E =    -135.38764  RMSG = 5.1135799e-01
 MIN: Iter =    6  NFunc =    65  E =    -135.44597  RMSG = 4.2104080e-01
 MIN: Iter =    7  NFunc =    78  E =    -135.46309  RMSG = 8.9404353e-02
 MIN: Iter =    8  NFunc =    95  E =    -135.47334  RMSG = 7.2881005e-02
 MIN: Iter =    9  NFunc =   108  E =    -135.47554  RMSG = 3.2853220e-02
 MIN: Iter =   10  NFunc =   114  E =    -135.47577  RMSG = 1.7932374e-02
 MIN: Iter =   11  NFunc =   145  E =    -135.47705  RMSG = 1.5240110e-02
 MIN: Iter =   12  NFunc =   180  E =    -135.48155  RMSG = 8.1201377e-02
 MIN: Iter =   13  NFunc =   191  E =    -135.48299  RMSG = 3.5195237e-02
 MIN: Iter =   14  NFunc =   233  E =    -135.49032  RMSG = 1.4622156e-01
 MIN: Iter =   15  NFunc =   239  E =    -135.49212  RMSG = 3.5594208e-02
 MIN: Iter =   16  NFunc =   291  E =    -135.49986  RMSG = 8.1485583e-02
 MIN: Iter =   17  NFunc =   302  E =    -135.50412  RMSG = 1.1140933e-01
 MIN: Iter =   18  NFunc =   308  E =    -135.50566  RMSG = 4.4497516e-02
 MIN: Iter =   19  NFunc =   320  E =    -135.50632  RMSG = 1.6995452e-02
 MIN: Iter =   20  NFunc =   329  E =    -135.50643  RMSG = 9.9515172e-03
 MIN: Iter =   21  NFunc =   343  E =    -135.50652  RMSG = 7.0902327e-03
 MIN: Iter =   22  NFunc =   354  E =    -135.50655  RMSG = 5.3359802e-03
 MIN: Iter =   23  NFunc =   365  E =    -135.50657  RMSG = 3.2481523e-03
 MIN: Iter =   24  NFunc =   385  E =    -135.50657  RMSG = 1.7775704e-03
 MIN: Iter =   25  NFunc =   403  E =    -135.50658  RMSG = 1.1481827e-03
 MIN: Iter =   26  NFunc =   412  E =    -135.50658  RMSG = 6.8750877e-04
 MIN: Iter =   27  NFunc =   458  E =    -135.50658  RMSG = 6.6281192e-04
 MIN: Iter =   28  NFunc =   480  E =    -135.50658  RMSG = 4.4238310e-04
----------------------------------------------------------------
 END:          :-)  E =    -135.50658  RMSG =   0.0004424

     bond:      0.733723638
    angle:      2.355129470
 dihedral:      8.219065469
    enb14:     11.231236771
    eel14:   -208.445951067
      enb:     -4.856276436
      eel:     77.060414055
      egb:    -21.803922465
    econs:      0.000000000
    esurf:      0.000000000
    Total:   -135.506580565
     frms:      0.000442383
====== rms.dat  ======================================================
#Frame      all_heavy
       1       0.1447
