            --------------------------------------------------------
                             AMBER SQM VERSION 19
 
                                     By
              Ross C. Walker, Michael F. Crowley, Scott Brozell,
                         Tim Giese, Andreas W. Goetz,
                        Tai-Sung Lee and David A. Case
 
            --------------------------------------------------------
 

--------------------------------------------------------------------------------
  QM CALCULATION INFO
--------------------------------------------------------------------------------

| QMMM: Citation for AMBER QMMM Run:
| QMMM: R.C. Walker, M.F. Crowley and D.A. Case, J. COMP. CHEM. 29:1019, 2008

QMMM: SINGLET STATE CALCULATION
QMMM: RHF CALCULATION, NO. OF DOUBLY OCCUPIED LEVELS =356

| QMMM: *** Selected Hamiltonian *** 
| QMMM: AM1         

| QMMM: *** Parameter sets in use ***
| QMMM: N : M.J.S.DEWAR et al. JACS, 107, 3902, (1985)
| QMMM: C : M.J.S.DEWAR et al. JACS, 107, 3902, (1985)
| QMMM: O : M.J.S.DEWAR et al. JACS, 107, 3902, (1985)
| QMMM: S : M.J.S.DEWAR et al. INORG. CHEM., 29, 3881, (1990)
| QMMM: H : M.J.S.DEWAR et al. JACS, 107, 3902, (1985)

| QMMM: *** SCF convergence criteria ***
| QMMM: Energy change                :  0.1D-07 kcal/mol
| QMMM: Error matrix |FP-PF|         :  0.1D+00 au
| QMMM: Density matrix change        :  0.5D-05
| QMMM: Maximum number of SCF cycles :     1000

| QMMM: *** Diagonalization Routine Information ***
| QMMM: Pseudo diagonalizations are allowed.
| QMMM: Auto diagonalization routine selection is in use.
| QMMM:
| QMMM: Timing diagonalization routines:
| QMMM:                              norbs =      603
| QMMM:    diag iterations used for timing =        1
| QMMM:
| QMMM:              Internal diag routine = 0.213652 seconds
| QMMM:                 Dspev diag routine = 0.174463 seconds
| QMMM:                Dspevd diag routine = 0.145951 seconds
| QMMM:                Dspevx diag routine = 0.490972 seconds
| QMMM:                 Dsyev diag routine = 0.178954 seconds
| QMMM:                Dsyevd diag routine = 0.144275 seconds
| QMMM:                Dsyevr diag routine = 0.137326 seconds
| QMMM:
| QMMM:                Pseudo diag routine = 0.110520 seconds
| QMMM:
| QMMM: Using dsyevr routine (diag_routine=7).

  QMMM: QM Region Cartesian Coordinates (*=link atom) 
  QMMM: QM_NO.   MM_NO.  ATOM         X         Y         Z
  QMMM:     1        1      N        5.6180  -24.1900   25.3610
  QMMM:     2        2      C        4.8370  -24.8600   24.4310
  QMMM:     3        3      C        3.4620  -25.0320   24.7940
  QMMM:     4        4      C        2.5360  -25.5940   23.8780
  QMMM:     5        5      C        5.2660  -25.3440   23.2190
  QMMM:     6        6      C        7.1390  -29.2590   34.7780
  QMMM:     7        7      C        6.9000  -23.7520   25.2390
  QMMM:     8        8      C        7.3600  -22.8600   26.3630
  QMMM:     9        9      O        7.6090  -23.9910   24.2790
  QMMM:    10       10      C        1.1820  -25.6520   24.3050
  QMMM:    11       11      C        0.8470  -25.2340   25.5590
  QMMM:    12       12      C        1.8590  -24.7530   26.4070
  QMMM:    13       13      N        3.1030  -24.6430   26.0300
  QMMM:    14       14      S       -0.1340  -26.1880   23.1910
  QMMM:    15       15      O       -0.1030  -25.1820   22.1200
  QMMM:    16       16      O        0.2500  -27.5380   22.7550
  QMMM:    17       17      O       -1.3610  -26.1580   23.9980
  QMMM:    18       18      C        1.5060  -24.3240   27.8020
  QMMM:    19       19      O        0.3480  -24.1200   28.1180
  QMMM:    20       20      N        2.5780  -24.1590   28.6070
  QMMM:    21       21      C        2.6190  -23.6290   29.8860
  QMMM:    22       22      C        3.9200  -23.5330   30.4810
  QMMM:    23       23      C        4.0850  -22.9100   31.7450
  QMMM:    24       24      C        2.9370  -22.4560   32.4320
  QMMM:    25       25      C        1.7040  -22.6220   31.8680
  QMMM:    26       26      C        1.5280  -23.1940   30.5960
  QMMM:    27       27      C        5.4150  -22.8070   32.2310
  QMMM:    28       28      C        6.4430  -23.3490   31.5150
  QMMM:    29       29      C        6.1540  -24.0070   30.3070
  QMMM:    30       30      N        4.9490  -24.0750   29.8080
  QMMM:    31       31      S        5.7880  -21.9790   33.7910
  QMMM:    32       32      O        5.0420  -22.7380   34.8040
  QMMM:    33       33      O        5.3080  -20.6020   33.5980
  QMMM:    34       34      O        7.2470  -22.0840   33.9350
  QMMM:    35       35      C        7.2700  -24.6570   29.5410
  QMMM:    36       36      N        6.8370  -25.5320   28.6090
  QMMM:    37       37      O        8.4340  -24.3890   29.7790
  QMMM:    38       38      C        7.5600  -26.1960   27.6310
  QMMM:    39       39      C        6.7740  -26.9690   26.7190
  QMMM:    40       40      C        7.3740  -27.5830   25.5930
  QMMM:    41       41      C        8.7780  -27.5000   25.4480
  QMMM:    42       42      C        9.5140  -26.8310   26.3850
  QMMM:    43       43      C        8.9220  -26.1630   27.4730
  QMMM:    44       44      C        6.4960  -28.2500   24.6990
  QMMM:    45       45      C        5.1640  -28.3350   24.9880
  QMMM:    46       46      C        4.6920  -27.7490   26.1740
  QMMM:    47       47      N        5.4630  -27.0760   26.9840
  QMMM:    48       48      S        7.1100  -28.9830   23.1680
  QMMM:    49       49      O        7.7210  -27.8590   22.4410
  QMMM:    50       50      O        5.9260  -29.5450   22.5030
  QMMM:    51       51      O        8.0780  -30.0000   23.6060
  QMMM:    52       52      C        3.2440  -27.8880   26.5510
  QMMM:    53       53      N        2.9950  -27.5490   27.8360
  QMMM:    54       54      O        2.4240  -28.3130   25.7600
  QMMM:    55       55      C        4.3470  -25.9490   22.3430
  QMMM:    56       56      C        3.0160  -26.0570   22.6320
  QMMM:    57       57      C        1.7850  -27.4690   28.5050
  QMMM:    58       58      C        1.8720  -27.0390   29.8690
  QMMM:    59       59      C        0.6990  -26.7760   30.6210
  QMMM:    60       60      C       -0.5530  -27.0760   30.0370
  QMMM:    61       61      C       -0.6020  -27.5810   28.7680
  QMMM:    62       62      C        0.5500  -27.7620   27.9800
  QMMM:    63       63      C        0.8930  -26.2430   31.9240
  QMMM:    64       64      C        2.1590  -26.1080   32.4200
  QMMM:    65       65      C        3.2430  -26.5030   31.6200
  QMMM:    66       66      N        3.1020  -26.9160   30.3910
  QMMM:    67       67      S       -0.4950  -25.7420   32.9620
  QMMM:    68       68      O       -1.1960  -26.9990   33.2650
  QMMM:    69       69      O        0.1200  -25.1090   34.1370
  QMMM:    70       70      O       -1.2780  -24.8110   32.1360
  QMMM:    71       71      C        4.6320  -26.4570   32.1830
  QMMM:    72       72      O        4.8750  -25.8670   33.2180
  QMMM:    73       73      N        5.5210  -27.1580   31.4480
  QMMM:    74       74      C        6.8880  -27.2760   31.6130
  QMMM:    75       75      C        7.5520  -28.0880   30.6370
  QMMM:    76       76      C        8.9660  -28.1880   30.6310
  QMMM:    77       77      C        9.6930  -27.5540   31.6660
  QMMM:    78       78      C        9.0250  -26.8490   32.6270
  QMMM:    79       79      C        7.6290  -26.6830   32.6060
  QMMM:    80       80      C        9.5390  -28.9400   29.5730
  QMMM:    81       81      C        8.7310  -29.5750   28.6750
  QMMM:    82       82      C        7.3380  -29.4740   28.8240
  QMMM:    83       83      N        6.7790  -28.7450   29.7540
  QMMM:    84       84      S       11.3270  -29.0580   29.3680
  QMMM:    85       85      O       11.8020  -29.7210   30.5920
  QMMM:    86       86      O       11.7760  -27.6620   29.2370
  QMMM:    87       87      O       11.5280  -29.8580   28.1520
  QMMM:    88       88      C        6.4530  -30.2390   27.8750
  QMMM:    89       89      N        5.1620  -30.3140   28.2630
  QMMM:    90       90      C        4.1260  -31.4350   26.3430
  QMMM:    91       91      C        4.0910  -30.8940   27.6040
  QMMM:    92       92      C        2.8600  -30.9080   28.3330
  QMMM:    93       93      C        1.6700  -31.3830   27.7260
  QMMM:    94       94      C        1.7440  -31.9080   26.4150
  QMMM:    95       95      C        2.9480  -31.9420   25.7690
  QMMM:    96       96      C        0.4900  -31.3050   28.5120
  QMMM:    97       97      C        0.5590  -30.8550   29.7990
  QMMM:    98       98      C        1.8080  -30.4760   30.3150
  QMMM:    99       99      N        2.8970  -30.4690   29.6000
  QMMM:   100      100      S       -1.1190  -31.7760   27.8480
  QMMM:   101      101      O       -0.9820  -33.2050   27.5300
  QMMM:   102      102      O       -1.3040  -30.9160   26.6680
  QMMM:   103      103      O       -2.0750  -31.5010   28.9310
  QMMM:   104      104      C        1.9130  -30.0510   31.7500
  QMMM:   105      105      O        0.9210  -29.8310   32.4210
  QMMM:   106      106      N        3.1900  -29.9330   32.1750
  QMMM:   107      107      C        3.6760  -29.4580   33.3800
  QMMM:   108      108      C        5.0790  -29.6530   33.5890
  QMMM:   109      109      C        5.7310  -29.0800   34.7100
  QMMM:   110      110      C        4.9490  -28.3810   35.6580
  QMMM:   111      111      C        3.6000  -28.2660   35.4670
  QMMM:   112      112      C        2.9490  -28.7870   34.3330
  QMMM:   113      113      C        7.7770  -30.0040   33.8270
  QMMM:   114      114      C        7.0170  -30.5790   32.7960
  QMMM:   115      115      N        5.7310  -30.3900   32.6780
  QMMM:   116      116      O        7.8610  -27.0770   35.9860
  QMMM:   117      117      O        9.5090  -28.8960   35.7940
  QMMM:   118      118      O        7.6000  -29.1300   37.3290
  QMMM:   119      119      C        7.6890  -31.4540   31.7750
  QMMM:   120      120      O        8.9030  -31.5320   31.7090
  QMMM:   121      121      N        6.8130  -32.0880   30.9710
  QMMM:   122      122      C        7.0400  -32.8520   29.8380
  QMMM:   123      123      C        5.8660  -33.4640   29.2900
  QMMM:   124      124      C        5.9360  -34.1480   28.0540
  QMMM:   125      125      C        7.1950  -34.2900   27.4260
  QMMM:   126      126      C        8.3090  -33.7510   28.0090
  QMMM:   127      127      C        8.2490  -33.0190   29.2080
  QMMM:   128      128      C        4.6990  -34.6300   27.5460
  QMMM:   129      129      C        3.5680  -34.5060   28.3000
  QMMM:   130      130      C        3.6220  -33.8710   29.5610
  QMMM:   131      131      N        4.7320  -33.3430   30.0050
  QMMM:   132      132      S        4.5970  -35.4000   25.9190
  QMMM:   133      133      O        5.1860  -34.4220   24.9900
  QMMM:   134      134      O        5.3850  -36.6380   26.0480
  QMMM:   135      135      O        3.1640  -35.6370   25.6860
  QMMM:   136      136      C        2.3720  -33.8130   30.4540
  QMMM:   137      137      O        2.4710  -33.1680   31.5100
  QMMM:   138      138      O        1.3890  -34.4520   30.0350
  QMMM:   139      139      O        6.9150  -30.7460   26.8710
  QMMM:   140      140      H        5.1120  -23.9240   26.1950
  QMMM:   141      141      H        6.3000  -25.2780   22.9280
  QMMM:   142      142      H        7.5050  -21.8520   25.9700
  QMMM:   143      143      H        6.6590  -22.7940   27.1920
  QMMM:   144      144      H        8.3220  -23.2040   26.7390
  QMMM:   145      145      H       -0.1740  -25.2770   25.9100
  QMMM:   146      146      H        3.4840  -24.3600   28.1980
  QMMM:   147      147      H        3.0200  -21.9980   33.4040
  QMMM:   148      148      H        0.8250  -22.2950   32.4070
  QMMM:   149      149      H        0.5320  -23.2880   30.1970
  QMMM:   150      150      H        7.4620  -23.2940   31.8670
  QMMM:   151      151      H        5.8340  -25.6620   28.5530
  QMMM:   152      152      H        9.2770  -27.9770   24.6200
  QMMM:   153      153      H       10.5900  -26.7970   26.2900
  QMMM:   154      154      H        9.5510  -25.6320   28.1670
  QMMM:   155      155      H        4.4780  -28.8440   24.3270
  QMMM:   156      156      H        3.8020  -27.2730   28.3880
  QMMM:   157      157      H        4.7170  -26.3310   21.4010
  QMMM:   158      158      H        2.3490  -26.5190   21.9220
  QMMM:   159      159      H       -1.4680  -26.9320   30.5890
  QMMM:   160      160      H       -1.5600  -27.8350   28.3350
  QMMM:   161      161      H        0.4470  -28.1420   26.9760
  QMMM:   162      162      H        2.3360  -25.7080   33.4070
  QMMM:   163      163      H        5.1510  -27.6240   30.6260
  QMMM:   164      164      H       10.7670  -27.6390   31.7150
  QMMM:   165      165      H        9.5810  -26.3880   33.4320
  QMMM:   166      166      H        7.1590  -26.0890   33.3740
  QMMM:   167      167      H        9.1430  -30.1580   27.8660
  QMMM:   168      168      H        4.9320  -29.8870   29.1520
  QMMM:   169      169      H        5.0430  -31.4730   25.7800
  QMMM:   170      170      H        0.8650  -32.2990   25.9260
  QMMM:   171      171      H        3.0070  -32.3730   24.7790
  QMMM:   172      172      H       -0.3210  -30.8050   30.4230
  QMMM:   173      173      H        3.9010  -30.2250   31.5140
  QMMM:   174      174      H        5.4030  -27.9440   36.5330
  QMMM:   175      175      H        3.0040  -27.7390   36.2000
  QMMM:   176      176      H        1.8910  -28.6220   34.2140
  QMMM:   177      177      H        8.8460  -30.1540   33.8580
  QMMM:   178      178      H        5.8290  -31.9770   31.1960
  QMMM:   179      179      H        7.2890  -34.8310   26.4970
  QMMM:   180      180      H        9.2710  -33.8680   27.5270
  QMMM:   181      181      H        9.1500  -32.5770   29.6030
  QMMM:   182      182      H        2.6190  -34.8720   27.9390
  QMMM:   183      183      S        8.1210  -28.5200   36.0970

--------------------------------------------------------------------------------
  RESULTS
--------------------------------------------------------------------------------

 
 Final MO eigenvalues (eV):
 -27.8290  -27.3214  -26.7559  -26.5328  -26.3940  -26.1174  -25.8304  -25.6352
 -25.4432  -25.3181  -25.1376  -24.5891  -24.2271  -24.0794  -23.8769  -23.4561
 -23.3835  -23.0032  -22.3402  -22.1534  -22.1032  -21.8925  -21.8296  -21.6944
 -21.5864  -21.1455  -20.9682  -20.9112  -20.8253  -20.6621  -20.5950  -20.5746
 -20.4937  -20.3982  -20.3057  -20.2427  -20.1402  -20.0059  -19.9438  -19.8590
 -19.8458  -19.8430  -19.7951  -19.7776  -19.7176  -19.6613  -19.5871  -19.4659
 -19.3553  -19.2736  -19.2678  -19.0515  -18.9385  -18.9250  -18.8862  -18.7890
 -18.7788  -18.4965  -18.1218  -18.0069  -17.8225  -17.7539  -17.6617  -17.4854
 -17.3627  -17.2037  -16.8964  -16.8348  -16.6356  -16.1319  -15.9163  -15.7158
 -15.6828  -15.4969  -15.1447  -15.0921  -14.8186  -14.8087  -14.3600  -14.2304
 -13.8675  -13.7120  -13.1545  -11.9301  -11.3844  -10.7853  -10.6582  -10.6254
 -10.3717  -10.2070   -9.9646   -9.6771   -9.5473   -9.4593   -9.2580   -9.1044
  -8.9492   -8.9308   -8.8154   -8.5115   -8.3867   -8.2636   -7.9035   -7.6191
  -7.4949   -7.2977   -7.2741   -6.8783   -6.8665   -6.3911   -5.7721   -5.6049
  -5.5663   -5.4310   -5.3435   -4.9995   -4.8972   -4.8021   -4.7790   -4.5209
  -4.2816   -4.1623   -4.0817   -3.9967   -3.9765   -3.8366   -3.6636   -3.5731
  -3.5243   -3.3730   -3.3616   -3.2979   -3.2287   -3.1550   -3.0543   -3.0061
  -2.8545   -2.7583   -2.7535   -2.6918   -2.6719   -2.6469   -2.6327   -2.5047
  -2.4148   -2.3009   -2.2088   -2.1197   -2.0822   -2.0585   -1.9739   -1.9520
  -1.7633   -1.7186   -1.5946   -1.4846   -1.4192   -1.2526   -1.1633   -1.1584
  -1.0815   -1.0348   -1.0297   -0.9891   -0.9412   -0.9163   -0.8985   -0.8672
  -0.8295   -0.7560   -0.7445   -0.7130   -0.6872   -0.6674   -0.6555   -0.5773
  -0.5516   -0.5118   -0.4651   -0.4016   -0.3438   -0.3336   -0.2985   -0.2672
  -0.2340   -0.2171   -0.1378   -0.1271   -0.0842   -0.0345   -0.0146    0.0312
   0.0625    0.1031    0.1135    0.2010    0.2161    0.2369    0.2710    0.2819
   0.3399    0.4011    0.4684    0.5308    0.5533    0.5747    0.6103    0.6735
   0.7058    0.7263    0.7661    0.8271    0.8532    0.9395    0.9735    1.0004
   1.0649    1.1072    1.1426    1.1904    1.2775    1.3065    1.3349    1.3557
   1.4553    1.5002    1.5130    1.5894    1.7378    1.7709    1.8525    1.8996
   1.9152    1.9559    2.0607    2.0828    2.2055    2.2552    2.2697    2.4066
   2.4336    2.4937    2.5920    2.6002    2.6703    2.7524    2.7846    2.8035
   2.8557    2.8842    2.9023    2.9257    3.0246    3.0335    3.0806    3.0868
   3.1163    3.1892    3.2550    3.3154    3.3329    3.3432    3.3941    3.4016
   3.4899    3.5012    3.5074    3.5260    3.5449    3.6202    3.6289    3.6489
   3.6592    3.6817    3.7056    3.7308    3.7549    3.7648    3.8343    3.8615
   3.8919    3.9250    3.9413    3.9791    4.0017    4.0292    4.0572    4.0723
   4.0868    4.1092    4.1127    4.1305    4.1439    4.1615    4.1893    4.2136
   4.2672    4.2699    4.2773    4.2997    4.3033    4.3272    4.3327    4.3936
   4.4244    4.4275    4.4671    4.4893    4.5042    4.5413    4.5879    4.6559
   4.6612    4.7371    4.7601    4.8066    4.8164    4.9034    4.9295    4.9503
   4.9647    4.9754    5.0314    5.0428    5.1269    5.1315    5.1733    5.2305
   5.2687    5.3260    5.3592    5.3876    5.4152    5.5704    5.5856    5.6452
   5.8234    5.8630    5.9161    5.9997    6.0482    6.0905    6.2641    6.3855
   6.4490    6.6907    6.8023    7.0516    7.1104    7.3151    7.3372    7.3966
   7.4373    7.5278    7.7227    8.2048   13.5322   13.8767   14.2315   14.4603
  14.6890   14.8335   14.8789   15.0260   15.2649   15.3305   15.3702   15.3760
  15.5888   15.6832   15.7113   15.8104   15.8497   15.9085   15.9294   15.9674
  16.0202   16.0824   16.2192   16.4020   16.4235   16.4888   16.5512   16.6238
  16.7014   16.7149   16.7841   16.8048   16.8124   16.9070   16.9393   16.9462
  17.0217   17.0527   17.1893   17.2055   17.2875   17.3185   17.3309   17.3771
  17.4760   17.5022   17.5590   17.5951   17.6705   17.7502   17.8095   17.8283
  17.8332   17.8508   17.9073   17.9312   17.9520   18.0392   18.1225   18.1381
  18.1904   18.2380   18.2494   18.2976   18.3182   18.3412   18.3433   18.3871
  18.4460   18.4605   18.4853   18.5647   18.5780   18.6356   18.6594   18.6642
  18.7425   18.7535   18.7863   18.7930   18.8958   18.9492   18.9572   19.0056
  19.0182   19.0395   19.0632   19.0684   19.0996   19.1744   19.2116   19.2208
  19.2308   19.2314   19.2366   19.2387   19.2648   19.2688   19.3368   19.3650
  19.3768   19.3792   19.4224   19.4600   19.4891   19.5220   19.5248   19.5438
  19.6052   19.6109   19.6323   19.6349   19.6443   19.6746   19.7114   19.7459
  19.7592   19.7634   19.7931   19.7952   19.8130   19.8314   19.8523   19.8754
  19.8915   19.8969   19.9187   19.9303   19.9525   20.0010   20.0077   20.0091
  20.0286   20.0463   20.0612   20.0990   20.1265   20.1359   20.1585   20.1753
  20.2074   20.2306   20.2354   20.2379   20.2441   20.2608   20.2629   20.2647
  20.2764   20.3135   20.3226   20.3397   20.3605   20.4169   20.4209   20.4653
  20.4838   20.4887   20.5325   20.5550   20.5806   20.5829   20.6461   20.6491
  20.6748   20.6823   20.6884   20.6941   20.7295   20.7371   20.7385   20.7548
  20.7858   20.8025   20.8174   20.8255   20.8270   20.8283   20.8470   20.8777
  20.9268   20.9415   20.9510   20.9576   20.9836   21.0279   21.0416   21.0608
  21.0866   21.0974   21.1421   21.1492   21.1701   21.1870   21.1972   21.2036
  21.2103   21.2399   21.2533   21.2873   21.3124   21.3509   21.3660   21.3899
  21.3968   21.4110   21.4706   21.4736   21.5082   21.5110   21.5458   21.5655
  21.6018   21.6238   21.7072   21.7503   21.7671   21.7926   21.8596   21.8713
  21.8847   21.9239   21.9515   22.0450   22.0797   22.1312   22.2224   22.2252
  22.2686   22.3512   22.3921   22.4451   22.4610   22.4664   22.5263   22.6193
  22.7680   22.9223   22.9278   22.9655   23.0645   23.2591   23.5256   23.5862
  23.6461   24.5519   25.8954

 Heat of formation   =        225.21668001 kcal/mol  (        9.76612810 eV)

 Total SCF energy    =    -618057.52578443 kcal/mol  (   -26800.98546396 eV)
 Electronic energy   =  -12829923.66959116 kcal/mol  (  -556347.23861026 eV)
 Core-core repulsion =   12211866.14380673 kcal/mol  (   529546.25314630 eV)
 
    Atomic Charges for Step       1 :
  Atom    Element       Mulliken Charge
     1      N                 -0.298
     2      C                  0.083
     3      C                 -0.050
     4      C                  0.043
     5      C                 -0.162
     6      C                 -0.656
     7      C                  0.320
     8      C                 -0.246
     9      O                 -0.376
    10      C                 -0.613
    11      C                 -0.057
    12      C                 -0.058
    13      N                 -0.168
    14      S                  2.684
    15      O                 -1.084
    16      O                 -0.973
    17      O                 -1.020
    18      C                  0.362
    19      O                 -0.352
    20      N                 -0.287
    21      C                  0.100
    22      C                 -0.052
    23      C                  0.041
    24      C                 -0.135
    25      C                 -0.097
    26      C                 -0.175
    27      C                 -0.625
    28      C                 -0.055
    29      C                 -0.072
    30      N                 -0.150
    31      S                  2.686
    32      O                 -0.977
    33      O                 -1.082
    34      O                 -1.031
    35      C                  0.356
    36      N                 -0.286
    37      O                 -0.371
    38      C                  0.080
    39      C                 -0.047
    40      C                  0.041
    41      C                 -0.111
    42      C                 -0.113
    43      C                 -0.170
    44      C                 -0.623
    45      C                 -0.042
    46      C                 -0.049
    47      N                 -0.160
    48      S                  2.682
    49      O                 -1.073
    50      O                 -1.019
    51      O                 -0.995
    52      C                  0.346
    53      N                 -0.297
    54      O                 -0.305
    55      C                 -0.106
    56      C                 -0.120
    57      C                  0.097
    58      C                 -0.055
    59      C                  0.049
    60      C                 -0.143
    61      C                 -0.076
    62      C                 -0.165
    63      C                 -0.641
    64      C                 -0.055
    65      C                 -0.076
    66      N                 -0.138
    67      S                  2.690
    68      O                 -1.017
    69      O                 -1.046
    70      O                 -1.056
    71      C                  0.344
    72      O                 -0.319
    73      N                 -0.299
    74      C                  0.094
    75      C                 -0.055
    76      C                  0.043
    77      C                 -0.145
    78      C                 -0.089
    79      C                 -0.173
    80      C                 -0.642
    81      C                 -0.048
    82      C                 -0.061
    83      N                 -0.139
    84      S                  2.692
    85      O                 -1.034
    86      O                 -1.054
    87      O                 -1.040
    88      C                  0.343
    89      N                 -0.292
    90      C                 -0.155
    91      C                  0.080
    92      C                 -0.042
    93      C                  0.051
    94      C                 -0.125
    95      C                 -0.084
    96      C                 -0.623
    97      C                 -0.043
    98      C                 -0.039
    99      N                 -0.142
   100      S                  2.687
   101      O                 -1.023
   102      O                 -1.032
   103      O                 -1.061
   104      C                  0.386
   105      O                 -0.355
   106      N                 -0.285
   107      C                  0.146
   108      C                 -0.060
   109      C                  0.047
   110      C                 -0.163
   111      C                 -0.085
   112      C                 -0.217
   113      C                 -0.056
   114      C                 -0.082
   115      N                 -0.105
   116      O                 -0.995
   117      O                 -1.046
   118      O                 -1.076
   119      C                  0.349
   120      O                 -0.364
   121      N                 -0.294
   122      C                  0.093
   123      C                 -0.056
   124      C                  0.013
   125      C                 -0.122
   126      C                 -0.130
   127      C                 -0.200
   128      C                 -0.673
   129      C                 -0.053
   130      C                 -0.071
   131      N                 -0.137
   132      S                  2.685
   133      O                 -1.002
   134      O                 -1.095
   135      O                 -1.033
   136      C                  0.379
   137      O                 -0.546
   138      O                 -0.557
   139      O                 -0.317
   140      H                  0.259
   141      H                  0.171
   142      H                  0.050
   143      H                  0.104
   144      H                  0.123
   145      H                  0.184
   146      H                  0.274
   147      H                  0.147
   148      H                  0.119
   149      H                  0.173
   150      H                  0.180
   151      H                  0.281
   152      H                  0.148
   153      H                  0.113
   154      H                  0.159
   155      H                  0.193
   156      H                  0.273
   157      H                  0.119
   158      H                  0.155
   159      H                  0.139
   160      H                  0.127
   161      H                  0.185
   162      H                  0.180
   163      H                  0.279
   164      H                  0.136
   165      H                  0.118
   166      H                  0.183
   167      H                  0.184
   168      H                  0.270
   169      H                  0.176
   170      H                  0.144
   171      H                  0.127
   172      H                  0.168
   173      H                  0.289
   174      H                  0.135
   175      H                  0.100
   176      H                  0.167
   177      H                  0.174
   178      H                  0.298
   179      H                  0.131
   180      H                  0.091
   181      H                  0.150
   182      H                  0.182
   183      S                  2.690
 Total Mulliken Charge =      -9.000
 
                  X        Y        Z     TOTAL  
  QM DIPOLE  -188.765 1249.759-1264.592 1787.939
 
 Final Structure

  QMMM: QM Region Cartesian Coordinates (*=link atom) 
  QMMM: QM_NO.   MM_NO.  ATOM         X         Y         Z
  QMMM:     1        1      N        5.6180  -24.1900   25.3610
  QMMM:     2        2      C        4.8370  -24.8600   24.4310
  QMMM:     3        3      C        3.4620  -25.0320   24.7940
  QMMM:     4        4      C        2.5360  -25.5940   23.8780
  QMMM:     5        5      C        5.2660  -25.3440   23.2190
  QMMM:     6        6      C        7.1390  -29.2590   34.7780
  QMMM:     7        7      C        6.9000  -23.7520   25.2390
  QMMM:     8        8      C        7.3600  -22.8600   26.3630
  QMMM:     9        9      O        7.6090  -23.9910   24.2790
  QMMM:    10       10      C        1.1820  -25.6520   24.3050
  QMMM:    11       11      C        0.8470  -25.2340   25.5590
  QMMM:    12       12      C        1.8590  -24.7530   26.4070
  QMMM:    13       13      N        3.1030  -24.6430   26.0300
  QMMM:    14       14      S       -0.1340  -26.1880   23.1910
  QMMM:    15       15      O       -0.1030  -25.1820   22.1200
  QMMM:    16       16      O        0.2500  -27.5380   22.7550
  QMMM:    17       17      O       -1.3610  -26.1580   23.9980
  QMMM:    18       18      C        1.5060  -24.3240   27.8020
  QMMM:    19       19      O        0.3480  -24.1200   28.1180
  QMMM:    20       20      N        2.5780  -24.1590   28.6070
  QMMM:    21       21      C        2.6190  -23.6290   29.8860
  QMMM:    22       22      C        3.9200  -23.5330   30.4810
  QMMM:    23       23      C        4.0850  -22.9100   31.7450
  QMMM:    24       24      C        2.9370  -22.4560   32.4320
  QMMM:    25       25      C        1.7040  -22.6220   31.8680
  QMMM:    26       26      C        1.5280  -23.1940   30.5960
  QMMM:    27       27      C        5.4150  -22.8070   32.2310
  QMMM:    28       28      C        6.4430  -23.3490   31.5150
  QMMM:    29       29      C        6.1540  -24.0070   30.3070
  QMMM:    30       30      N        4.9490  -24.0750   29.8080
  QMMM:    31       31      S        5.7880  -21.9790   33.7910
  QMMM:    32       32      O        5.0420  -22.7380   34.8040
  QMMM:    33       33      O        5.3080  -20.6020   33.5980
  QMMM:    34       34      O        7.2470  -22.0840   33.9350
  QMMM:    35       35      C        7.2700  -24.6570   29.5410
  QMMM:    36       36      N        6.8370  -25.5320   28.6090
  QMMM:    37       37      O        8.4340  -24.3890   29.7790
  QMMM:    38       38      C        7.5600  -26.1960   27.6310
  QMMM:    39       39      C        6.7740  -26.9690   26.7190
  QMMM:    40       40      C        7.3740  -27.5830   25.5930
  QMMM:    41       41      C        8.7780  -27.5000   25.4480
  QMMM:    42       42      C        9.5140  -26.8310   26.3850
  QMMM:    43       43      C        8.9220  -26.1630   27.4730
  QMMM:    44       44      C        6.4960  -28.2500   24.6990
  QMMM:    45       45      C        5.1640  -28.3350   24.9880
  QMMM:    46       46      C        4.6920  -27.7490   26.1740
  QMMM:    47       47      N        5.4630  -27.0760   26.9840
  QMMM:    48       48      S        7.1100  -28.9830   23.1680
  QMMM:    49       49      O        7.7210  -27.8590   22.4410
  QMMM:    50       50      O        5.9260  -29.5450   22.5030
  QMMM:    51       51      O        8.0780  -30.0000   23.6060
  QMMM:    52       52      C        3.2440  -27.8880   26.5510
  QMMM:    53       53      N        2.9950  -27.5490   27.8360
  QMMM:    54       54      O        2.4240  -28.3130   25.7600
  QMMM:    55       55      C        4.3470  -25.9490   22.3430
  QMMM:    56       56      C        3.0160  -26.0570   22.6320
  QMMM:    57       57      C        1.7850  -27.4690   28.5050
  QMMM:    58       58      C        1.8720  -27.0390   29.8690
  QMMM:    59       59      C        0.6990  -26.7760   30.6210
  QMMM:    60       60      C       -0.5530  -27.0760   30.0370
  QMMM:    61       61      C       -0.6020  -27.5810   28.7680
  QMMM:    62       62      C        0.5500  -27.7620   27.9800
  QMMM:    63       63      C        0.8930  -26.2430   31.9240
  QMMM:    64       64      C        2.1590  -26.1080   32.4200
  QMMM:    65       65      C        3.2430  -26.5030   31.6200
  QMMM:    66       66      N        3.1020  -26.9160   30.3910
  QMMM:    67       67      S       -0.4950  -25.7420   32.9620
  QMMM:    68       68      O       -1.1960  -26.9990   33.2650
  QMMM:    69       69      O        0.1200  -25.1090   34.1370
  QMMM:    70       70      O       -1.2780  -24.8110   32.1360
  QMMM:    71       71      C        4.6320  -26.4570   32.1830
  QMMM:    72       72      O        4.8750  -25.8670   33.2180
  QMMM:    73       73      N        5.5210  -27.1580   31.4480
  QMMM:    74       74      C        6.8880  -27.2760   31.6130
  QMMM:    75       75      C        7.5520  -28.0880   30.6370
  QMMM:    76       76      C        8.9660  -28.1880   30.6310
  QMMM:    77       77      C        9.6930  -27.5540   31.6660
  QMMM:    78       78      C        9.0250  -26.8490   32.6270
  QMMM:    79       79      C        7.6290  -26.6830   32.6060
  QMMM:    80       80      C        9.5390  -28.9400   29.5730
  QMMM:    81       81      C        8.7310  -29.5750   28.6750
  QMMM:    82       82      C        7.3380  -29.4740   28.8240
  QMMM:    83       83      N        6.7790  -28.7450   29.7540
  QMMM:    84       84      S       11.3270  -29.0580   29.3680
  QMMM:    85       85      O       11.8020  -29.7210   30.5920
  QMMM:    86       86      O       11.7760  -27.6620   29.2370
  QMMM:    87       87      O       11.5280  -29.8580   28.1520
  QMMM:    88       88      C        6.4530  -30.2390   27.8750
  QMMM:    89       89      N        5.1620  -30.3140   28.2630
  QMMM:    90       90      C        4.1260  -31.4350   26.3430
  QMMM:    91       91      C        4.0910  -30.8940   27.6040
  QMMM:    92       92      C        2.8600  -30.9080   28.3330
  QMMM:    93       93      C        1.6700  -31.3830   27.7260
  QMMM:    94       94      C        1.7440  -31.9080   26.4150
  QMMM:    95       95      C        2.9480  -31.9420   25.7690
  QMMM:    96       96      C        0.4900  -31.3050   28.5120
  QMMM:    97       97      C        0.5590  -30.8550   29.7990
  QMMM:    98       98      C        1.8080  -30.4760   30.3150
  QMMM:    99       99      N        2.8970  -30.4690   29.6000
  QMMM:   100      100      S       -1.1190  -31.7760   27.8480
  QMMM:   101      101      O       -0.9820  -33.2050   27.5300
  QMMM:   102      102      O       -1.3040  -30.9160   26.6680
  QMMM:   103      103      O       -2.0750  -31.5010   28.9310
  QMMM:   104      104      C        1.9130  -30.0510   31.7500
  QMMM:   105      105      O        0.9210  -29.8310   32.4210
  QMMM:   106      106      N        3.1900  -29.9330   32.1750
  QMMM:   107      107      C        3.6760  -29.4580   33.3800
  QMMM:   108      108      C        5.0790  -29.6530   33.5890
  QMMM:   109      109      C        5.7310  -29.0800   34.7100
  QMMM:   110      110      C        4.9490  -28.3810   35.6580
  QMMM:   111      111      C        3.6000  -28.2660   35.4670
  QMMM:   112      112      C        2.9490  -28.7870   34.3330
  QMMM:   113      113      C        7.7770  -30.0040   33.8270
  QMMM:   114      114      C        7.0170  -30.5790   32.7960
  QMMM:   115      115      N        5.7310  -30.3900   32.6780
  QMMM:   116      116      O        7.8610  -27.0770   35.9860
  QMMM:   117      117      O        9.5090  -28.8960   35.7940
  QMMM:   118      118      O        7.6000  -29.1300   37.3290
  QMMM:   119      119      C        7.6890  -31.4540   31.7750
  QMMM:   120      120      O        8.9030  -31.5320   31.7090
  QMMM:   121      121      N        6.8130  -32.0880   30.9710
  QMMM:   122      122      C        7.0400  -32.8520   29.8380
  QMMM:   123      123      C        5.8660  -33.4640   29.2900
  QMMM:   124      124      C        5.9360  -34.1480   28.0540
  QMMM:   125      125      C        7.1950  -34.2900   27.4260
  QMMM:   126      126      C        8.3090  -33.7510   28.0090
  QMMM:   127      127      C        8.2490  -33.0190   29.2080
  QMMM:   128      128      C        4.6990  -34.6300   27.5460
  QMMM:   129      129      C        3.5680  -34.5060   28.3000
  QMMM:   130      130      C        3.6220  -33.8710   29.5610
  QMMM:   131      131      N        4.7320  -33.3430   30.0050
  QMMM:   132      132      S        4.5970  -35.4000   25.9190
  QMMM:   133      133      O        5.1860  -34.4220   24.9900
  QMMM:   134      134      O        5.3850  -36.6380   26.0480
  QMMM:   135      135      O        3.1640  -35.6370   25.6860
  QMMM:   136      136      C        2.3720  -33.8130   30.4540
  QMMM:   137      137      O        2.4710  -33.1680   31.5100
  QMMM:   138      138      O        1.3890  -34.4520   30.0350
  QMMM:   139      139      O        6.9150  -30.7460   26.8710
  QMMM:   140      140      H        5.1120  -23.9240   26.1950
  QMMM:   141      141      H        6.3000  -25.2780   22.9280
  QMMM:   142      142      H        7.5050  -21.8520   25.9700
  QMMM:   143      143      H        6.6590  -22.7940   27.1920
  QMMM:   144      144      H        8.3220  -23.2040   26.7390
  QMMM:   145      145      H       -0.1740  -25.2770   25.9100
  QMMM:   146      146      H        3.4840  -24.3600   28.1980
  QMMM:   147      147      H        3.0200  -21.9980   33.4040
  QMMM:   148      148      H        0.8250  -22.2950   32.4070
  QMMM:   149      149      H        0.5320  -23.2880   30.1970
  QMMM:   150      150      H        7.4620  -23.2940   31.8670
  QMMM:   151      151      H        5.8340  -25.6620   28.5530
  QMMM:   152      152      H        9.2770  -27.9770   24.6200
  QMMM:   153      153      H       10.5900  -26.7970   26.2900
  QMMM:   154      154      H        9.5510  -25.6320   28.1670
  QMMM:   155      155      H        4.4780  -28.8440   24.3270
  QMMM:   156      156      H        3.8020  -27.2730   28.3880
  QMMM:   157      157      H        4.7170  -26.3310   21.4010
  QMMM:   158      158      H        2.3490  -26.5190   21.9220
  QMMM:   159      159      H       -1.4680  -26.9320   30.5890
  QMMM:   160      160      H       -1.5600  -27.8350   28.3350
  QMMM:   161      161      H        0.4470  -28.1420   26.9760
  QMMM:   162      162      H        2.3360  -25.7080   33.4070
  QMMM:   163      163      H        5.1510  -27.6240   30.6260
  QMMM:   164      164      H       10.7670  -27.6390   31.7150
  QMMM:   165      165      H        9.5810  -26.3880   33.4320
  QMMM:   166      166      H        7.1590  -26.0890   33.3740
  QMMM:   167      167      H        9.1430  -30.1580   27.8660
  QMMM:   168      168      H        4.9320  -29.8870   29.1520
  QMMM:   169      169      H        5.0430  -31.4730   25.7800
  QMMM:   170      170      H        0.8650  -32.2990   25.9260
  QMMM:   171      171      H        3.0070  -32.3730   24.7790
  QMMM:   172      172      H       -0.3210  -30.8050   30.4230
  QMMM:   173      173      H        3.9010  -30.2250   31.5140
  QMMM:   174      174      H        5.4030  -27.9440   36.5330
  QMMM:   175      175      H        3.0040  -27.7390   36.2000
  QMMM:   176      176      H        1.8910  -28.6220   34.2140
  QMMM:   177      177      H        8.8460  -30.1540   33.8580
  QMMM:   178      178      H        5.8290  -31.9770   31.1960
  QMMM:   179      179      H        7.2890  -34.8310   26.4970
  QMMM:   180      180      H        9.2710  -33.8680   27.5270
  QMMM:   181      181      H        9.1500  -32.5770   29.6030
  QMMM:   182      182      H        2.6190  -34.8720   27.9390
  QMMM:   183      183      S        8.1210  -28.5200   36.0970

           --------- Calculation Completed ----------

