====== tleap.out =====================================================
-I: Adding /home/case/amber24/dat/leap/prep to search path.
-I: Adding /home/case/amber24/dat/leap/lib to search path.
-I: Adding /home/case/amber24/dat/leap/parm to search path.
-I: Adding /home/case/amber24/dat/leap/cmd to search path.
-f: Source leap.in.

Welcome to LEaP!
(no leaprc in search path)
Sourcing: ./leap.in
Using Bondi radii
----- Source: /home/case/amber24/dat/leap/cmd/leaprc.gaff2
----- Source of /home/case/amber24/dat/leap/cmd/leaprc.gaff2 done
Log file: ./leap.log
Loading parameters: /home/case/amber24/dat/leap/parm/gaff2.dat
Reading title:
AMBER General Force Field for organic molecules (Version 2.2.20, March 2021)
Loading parameters: ./K2N.frcmod
Reading force field modification type file (frcmod)
Reading title:
Remark line goes here
Loading Mol2 file: ./K2N.mol2
Reading MOLECULE named K2N
Checking Unit.
Building topology.
"order_residues" off: keep input residue order.
Building atom parameters.
Building bond parameters.
Building angle parameters.
Building proper torsion parameters.
Building improper torsion parameters.
 total 16 improper torsions applied
Building H-Bond parameters.
Incorporating Non-Bonded adjustments.
Not Marking per-residue atom chain types.
Marking per-residue atom chain types.
  (Residues lacking connect0/connect1 - 
   these don't have chain types marked:

	res	total affected

	K2N	1
  )
 (no restraints)
	Quit

Exiting LEaP: Errors = 0; Warnings = 0; Notes = 0.
====== min.o =========================================================
Reading parm file (K2N.parm7)
title:
K2N                                                                             
no velocities were found
no velocities were found
	mm_options:  ntpr=5
	mm_options:  gb=1
	mm_options:  kappa=0.10395
	mm_options:  rgbmax=99.
	mm_options:  cut=99.0
	mm_options:  wcons=0.
     bond:      2.338063357
    angle:      4.629438108
 dihedral:      9.401406745
    enb14:     17.044662787
    eel14:   -349.088244482
      enb:     -1.108357309
      eel:    174.720998750
      egb:    -26.655161926
    econs:      0.000000000
    esurf:      0.000000000
    Total:   -168.717193971
     frms:      9.469515929
Starting TNCG minimisation
 MIN: Iter =    0  NFunc =     1  E =    -168.71719  RMSG = 9.4695159e+00
 MIN: Iter =    1  NFunc =     7  E =    -177.00190  RMSG = 2.7670974e+00
 MIN: Iter =    2  NFunc =    15  E =    -180.36858  RMSG = 1.6202463e+00
 MIN: Iter =    3  NFunc =    23  E =    -181.16986  RMSG = 8.2535752e-01
 MIN: Iter =    4  NFunc =    41  E =    -181.89889  RMSG = 1.0006633e+00
 MIN: Iter =    5  NFunc =    47  E =    -181.98654  RMSG = 3.1724061e-01
 MIN: Iter =    6  NFunc =    69  E =    -182.11955  RMSG = 2.2530056e-01
 MIN: Iter =    7  NFunc =    81  E =    -182.13174  RMSG = 7.2603078e-02
 MIN: Iter =    8  NFunc =    88  E =    -182.13368  RMSG = 3.9972320e-02
 MIN: Iter =    9  NFunc =   137  E =    -182.13976  RMSG = 1.0963741e-01
 MIN: Iter =   10  NFunc =   143  E =    -182.14099  RMSG = 3.0004638e-02
 MIN: Iter =   11  NFunc =   186  E =    -182.14619  RMSG = 1.0273877e-01
 MIN: Iter =   12  NFunc =   238  E =    -182.15325  RMSG = 1.7813783e-01
 MIN: Iter =   13  NFunc =   244  E =    -182.15770  RMSG = 5.2406448e-02
 MIN: Iter =   14  NFunc =   296  E =    -182.16531  RMSG = 1.4338378e-01
 MIN: Iter =   15  NFunc =   302  E =    -182.17307  RMSG = 2.1568499e-01
 MIN: Iter =   16  NFunc =   308  E =    -182.18125  RMSG = 8.6767418e-02
 MIN: Iter =   17  NFunc =   314  E =    -182.18489  RMSG = 2.2685592e-01
 MIN: Iter =   18  NFunc =   320  E =    -182.18989  RMSG = 5.6687849e-02
 MIN: Iter =   19  NFunc =   345  E =    -182.19585  RMSG = 1.0939863e-01
 MIN: Iter =   20  NFunc =   353  E =    -182.19909  RMSG = 4.6195708e-02
 MIN: Iter =   21  NFunc =   359  E =    -182.20020  RMSG = 3.6839656e-02
 MIN: Iter =   22  NFunc =   403  E =    -182.20276  RMSG = 7.0475997e-02
 MIN: Iter =   23  NFunc =   409  E =    -182.20362  RMSG = 3.0668763e-02
 MIN: Iter =   24  NFunc =   428  E =    -182.20498  RMSG = 3.7452541e-02
 MIN: Iter =   25  NFunc =   435  E =    -182.20580  RMSG = 3.6611765e-02
 MIN: Iter =   26  NFunc =   487  E =    -182.21089  RMSG = 8.8044135e-02
 MIN: Iter =   27  NFunc =   495  E =    -182.21678  RMSG = 2.3109388e-01
 MIN: Iter =   28  NFunc =   501  E =    -182.23180  RMSG = 7.9667731e-02
 MIN: Iter =   29  NFunc =   509  E =    -182.23909  RMSG = 1.0034896e-01
 MIN: Iter =   30  NFunc =   515  E =    -182.24994  RMSG = 2.9314631e-01
 MIN: Iter =   31  NFunc =   521  E =    -182.27769  RMSG = 1.2003463e-01
 MIN: Iter =   32  NFunc =   529  E =    -182.29191  RMSG = 2.9814585e-01
 MIN: Iter =   33  NFunc =   535  E =    -182.31685  RMSG = 1.7207581e-01
 MIN: Iter =   34  NFunc =   544  E =    -182.32825  RMSG = 2.4690840e-01
 MIN: Iter =   35  NFunc =   550  E =    -182.33767  RMSG = 1.0105254e-01
 MIN: Iter =   36  NFunc =   580  E =    -182.37106  RMSG = 1.3962671e-01
 MIN: Iter =   37  NFunc =   587  E =    -182.37522  RMSG = 7.6089797e-02
 MIN: Iter =   38  NFunc =   597  E =    -182.37894  RMSG = 4.7416447e-02
 MIN: Iter =   39  NFunc =   618  E =    -182.38264  RMSG = 3.0061470e-02
 MIN: Iter =   40  NFunc =   643  E =    -182.38536  RMSG = 2.5820717e-02
 MIN: Iter =   41  NFunc =   687  E =    -182.38825  RMSG = 2.4649717e-02
 MIN: Iter =   42  NFunc =   711  E =    -182.38896  RMSG = 1.4074704e-02
 MIN: Iter =   43  NFunc =   743  E =    -182.38949  RMSG = 1.0305707e-02
 MIN: Iter =   44  NFunc =   761  E =    -182.38965  RMSG = 6.8894369e-03
 MIN: Iter =   45  NFunc =   779  E =    -182.38969  RMSG = 2.9538696e-03
 MIN: Iter =   46  NFunc =   830  E =    -182.38974  RMSG = 3.4031512e-03
 MIN: Iter =   47  NFunc =   863  E =    -182.38976  RMSG = 1.3158072e-03
 MIN: Iter =   48  NFunc =   878  E =    -182.38976  RMSG = 6.7542577e-04
 MIN: Iter =   49  NFunc =   909  E =    -182.38976  RMSG = 4.7750821e-04
----------------------------------------------------------------
 END:          :-)  E =    -182.38976  RMSG =   0.0004775

     bond:      2.952558857
    angle:      4.846936843
 dihedral:     11.343267544
    enb14:     11.727121047
    eel14:   -362.864426338
      enb:     -3.257818235
      eel:    179.865838857
      egb:    -27.003238589
    econs:      0.000000000
    esurf:      0.000000000
    Total:   -182.389760013
     frms:      0.000477508
====== rms.dat  ======================================================
#Frame      all_heavy
       1       0.3756
