====== tleap.out =====================================================
-I: Adding /home/case/amber24/dat/leap/prep to search path.
-I: Adding /home/case/amber24/dat/leap/lib to search path.
-I: Adding /home/case/amber24/dat/leap/parm to search path.
-I: Adding /home/case/amber24/dat/leap/cmd to search path.
-f: Source leap.in.

Welcome to LEaP!
(no leaprc in search path)
Sourcing: ./leap.in
Using Bondi radii
----- Source: /home/case/amber24/dat/leap/cmd/leaprc.gaff2
----- Source of /home/case/amber24/dat/leap/cmd/leaprc.gaff2 done
Log file: ./leap.log
Loading parameters: /home/case/amber24/dat/leap/parm/gaff2.dat
Reading title:
AMBER General Force Field for organic molecules (Version 2.2.20, March 2021)
Loading parameters: ./K4R.frcmod
Reading force field modification type file (frcmod)
Reading title:
Remark line goes here
Loading Mol2 file: ./K4R.mol2
Reading MOLECULE named K4R
Checking Unit.
Building topology.
"order_residues" off: keep input residue order.
Building atom parameters.
Building bond parameters.
Building angle parameters.
Building proper torsion parameters.
Building improper torsion parameters.
 total 8 improper torsions applied
Building H-Bond parameters.
Incorporating Non-Bonded adjustments.
Not Marking per-residue atom chain types.
Marking per-residue atom chain types.
  (Residues lacking connect0/connect1 - 
   these don't have chain types marked:

	res	total affected

	K4R	1
  )
 (no restraints)
	Quit

Exiting LEaP: Errors = 0; Warnings = 0; Notes = 0.
====== min.o =========================================================
Reading parm file (K4R.parm7)
title:
K4R                                                                             
no velocities were found
no velocities were found
	mm_options:  ntpr=5
	mm_options:  gb=1
	mm_options:  kappa=0.10395
	mm_options:  rgbmax=99.
	mm_options:  cut=99.0
	mm_options:  wcons=0.
     bond:      1.629571413
    angle:     22.379285354
 dihedral:      3.140303598
    enb14:      2.611538875
    eel14:     23.192130987
      enb:     -0.979131300
      eel:      6.588940991
      egb:    -15.411008843
    econs:      0.000000000
    esurf:      0.000000000
    Total:     43.151631075
     frms:     17.107723638
Starting TNCG minimisation
 MIN: Iter =    0  NFunc =     1  E =      43.15163  RMSG = 1.7107724e+01
 MIN: Iter =    1  NFunc =     7  E =      37.17094  RMSG = 2.2288331e+00
 MIN: Iter =    2  NFunc =    13  E =      36.95537  RMSG = 7.5207310e-01
 MIN: Iter =    3  NFunc =    20  E =      36.87787  RMSG = 3.9114154e-01
 MIN: Iter =    4  NFunc =    26  E =      36.87186  RMSG = 5.3943523e-02
 MIN: Iter =    5  NFunc =    32  E =      36.87168  RMSG = 2.0105701e-02
 MIN: Iter =    6  NFunc =    40  E =      36.87148  RMSG = 3.3062360e-02
 MIN: Iter =    7  NFunc =    51  E =      36.87120  RMSG = 6.2140189e-02
 MIN: Iter =    8  NFunc =    62  E =      36.87063  RMSG = 1.3351302e-01
 MIN: Iter =    9  NFunc =    73  E =      36.86847  RMSG = 2.0681653e-01
 MIN: Iter =   10  NFunc =    79  E =      36.86545  RMSG = 7.5672210e-02
 MIN: Iter =   11  NFunc =    86  E =      36.86416  RMSG = 6.4554346e-02
 MIN: Iter =   12  NFunc =    92  E =      36.86300  RMSG = 7.3096459e-02
 MIN: Iter =   13  NFunc =    98  E =      36.86265  RMSG = 2.0297066e-02
 MIN: Iter =   14  NFunc =   113  E =      36.86234  RMSG = 2.6290831e-02
 MIN: Iter =   15  NFunc =   119  E =      36.86230  RMSG = 9.9636051e-03
 MIN: Iter =   16  NFunc =   127  E =      36.86228  RMSG = 5.8842735e-03
 MIN: Iter =   17  NFunc =   133  E =      36.86228  RMSG = 2.0624258e-03
 MIN: Iter =   18  NFunc =   148  E =      36.86228  RMSG = 7.8400953e-04
 MIN: Iter =   19  NFunc =   156  E =      36.86228  RMSG = 4.0241976e-04
----------------------------------------------------------------
 END:          :-)  E =      36.86228  RMSG =   0.0004024

     bond:      2.024893272
    angle:     17.543807166
 dihedral:      3.140000008
    enb14:      2.325586611
    eel14:     22.427577151
      enb:     -0.924700448
      eel:      6.647907110
      egb:    -16.322793015
    econs:      0.000000000
    esurf:      0.000000000
    Total:     36.862277856
     frms:      0.000402420
====== rms.dat  ======================================================
#Frame      all_heavy
       1       0.0555
