====== tleap.out =====================================================
-I: Adding /home/case/amber24/dat/leap/prep to search path.
-I: Adding /home/case/amber24/dat/leap/lib to search path.
-I: Adding /home/case/amber24/dat/leap/parm to search path.
-I: Adding /home/case/amber24/dat/leap/cmd to search path.
-f: Source leap.in.

Welcome to LEaP!
(no leaprc in search path)
Sourcing: ./leap.in
Using Bondi radii
----- Source: /home/case/amber24/dat/leap/cmd/leaprc.gaff2
----- Source of /home/case/amber24/dat/leap/cmd/leaprc.gaff2 done
Log file: ./leap.log
Loading parameters: /home/case/amber24/dat/leap/parm/gaff2.dat
Reading title:
AMBER General Force Field for organic molecules (Version 2.2.20, March 2021)
Loading parameters: ./K4V.frcmod
Reading force field modification type file (frcmod)
Reading title:
Remark line goes here
Loading Mol2 file: ./K4V.mol2
Reading MOLECULE named K4V
Checking Unit.
Building topology.
"order_residues" off: keep input residue order.
Building atom parameters.
Building bond parameters.
Building angle parameters.
Building proper torsion parameters.
Building improper torsion parameters.
 total 8 improper torsions applied
Building H-Bond parameters.
Incorporating Non-Bonded adjustments.
Not Marking per-residue atom chain types.
Marking per-residue atom chain types.
  (Residues lacking connect0/connect1 - 
   these don't have chain types marked:

	res	total affected

	K4V	1
  )
 (no restraints)
	Quit

Exiting LEaP: Errors = 0; Warnings = 0; Notes = 0.
====== min.o =========================================================
Reading parm file (K4V.parm7)
title:
K4V                                                                             
no velocities were found
no velocities were found
	mm_options:  ntpr=5
	mm_options:  gb=1
	mm_options:  kappa=0.10395
	mm_options:  rgbmax=99.
	mm_options:  cut=99.0
	mm_options:  wcons=0.
     bond:      1.462989304
    angle:      1.138137748
 dihedral:     30.400315946
    enb14:      7.428131009
    eel14:    -35.921660896
      enb:     -0.176612668
      eel:      6.603128070
      egb:    -12.260154251
    econs:      0.000000000
    esurf:      0.000000000
    Total:     -1.325725739
     frms:     10.249149450
Starting TNCG minimisation
 MIN: Iter =    0  NFunc =     1  E =      -1.32573  RMSG = 1.0249149e+01
 MIN: Iter =    1  NFunc =     7  E =      -6.52310  RMSG = 2.2104951e+00
 MIN: Iter =    2  NFunc =    14  E =      -7.13614  RMSG = 8.9671954e-01
 MIN: Iter =    3  NFunc =    20  E =      -7.24785  RMSG = 5.3408722e-01
 MIN: Iter =    4  NFunc =    30  E =      -7.28416  RMSG = 2.0613118e-01
 MIN: Iter =    5  NFunc =    52  E =      -7.32449  RMSG = 2.4003934e-01
 MIN: Iter =    6  NFunc =    70  E =      -7.35354  RMSG = 4.7340992e-01
 MIN: Iter =    7  NFunc =    89  E =      -7.42125  RMSG = 1.4884488e+00
 MIN: Iter =    8  NFunc =    95  E =      -7.49744  RMSG = 3.4185871e-01
 MIN: Iter =    9  NFunc =   111  E =      -7.59311  RMSG = 1.2016419e+00
 MIN: Iter =   10  NFunc =   117  E =      -7.65546  RMSG = 2.9361820e-01
 MIN: Iter =   11  NFunc =   137  E =      -7.75023  RMSG = 1.3772430e+00
 MIN: Iter =   12  NFunc =   143  E =      -7.82432  RMSG = 2.3825058e-01
 MIN: Iter =   13  NFunc =   168  E =      -7.87677  RMSG = 5.2012120e-01
 MIN: Iter =   14  NFunc =   174  E =      -7.90058  RMSG = 2.1193139e-01
 MIN: Iter =   15  NFunc =   182  E =      -7.91553  RMSG = 3.7581605e-01
 MIN: Iter =   16  NFunc =   188  E =      -7.92233  RMSG = 9.9795224e-02
 MIN: Iter =   17  NFunc =   195  E =      -7.92376  RMSG = 5.1520986e-02
 MIN: Iter =   18  NFunc =   203  E =      -7.92469  RMSG = 3.5543021e-02
 MIN: Iter =   19  NFunc =   216  E =      -7.92523  RMSG = 1.7512198e-02
 MIN: Iter =   20  NFunc =   237  E =      -7.92544  RMSG = 9.7376087e-03
 MIN: Iter =   21  NFunc =   243  E =      -7.92544  RMSG = 4.1202522e-03
 MIN: Iter =   22  NFunc =   261  E =      -7.92546  RMSG = 3.1895430e-03
 MIN: Iter =   23  NFunc =   275  E =      -7.92547  RMSG = 2.3927315e-03
 MIN: Iter =   24  NFunc =   292  E =      -7.92547  RMSG = 1.2957255e-03
 MIN: Iter =   25  NFunc =   313  E =      -7.92547  RMSG = 8.4426877e-04
 MIN: Iter =   26  NFunc =   328  E =      -7.92548  RMSG = 3.5729407e-04
----------------------------------------------------------------
 END:          :-)  E =      -7.92548  RMSG =   0.0003573

     bond:      0.589488046
    angle:      1.637454573
 dihedral:     27.247406587
    enb14:      4.491532713
    eel14:    -35.124389044
      enb:     -0.212917361
      eel:      6.107327942
      egb:    -12.661378635
    econs:      0.000000000
    esurf:      0.000000000
    Total:     -7.925475179
     frms:      0.000357294
====== rms.dat  ======================================================
#Frame      all_heavy
       1       0.3016
