====== tleap.out =====================================================
-I: Adding /home/case/amber24/dat/leap/prep to search path.
-I: Adding /home/case/amber24/dat/leap/lib to search path.
-I: Adding /home/case/amber24/dat/leap/parm to search path.
-I: Adding /home/case/amber24/dat/leap/cmd to search path.
-f: Source leap.in.

Welcome to LEaP!
(no leaprc in search path)
Sourcing: ./leap.in
Using Bondi radii
----- Source: /home/case/amber24/dat/leap/cmd/leaprc.gaff2
----- Source of /home/case/amber24/dat/leap/cmd/leaprc.gaff2 done
Log file: ./leap.log
Loading parameters: /home/case/amber24/dat/leap/parm/gaff2.dat
Reading title:
AMBER General Force Field for organic molecules (Version 2.2.20, March 2021)
Loading parameters: ./KB1.frcmod
Reading force field modification type file (frcmod)
Reading title:
Remark line goes here
Loading Mol2 file: ./KB1.mol2
Reading MOLECULE named KB1
Checking Unit.

/home/case/amber24/bin/teLeap: Warning!
The unperturbed charge of the unit (-1.000000) is not zero.

/home/case/amber24/bin/teLeap: Note.
Ignoring the warning from Unit Checking.

Building topology.
"order_residues" off: keep input residue order.
Building atom parameters.
Building bond parameters.
Building angle parameters.
Building proper torsion parameters.
Building improper torsion parameters.
 total 14 improper torsions applied
Building H-Bond parameters.
Incorporating Non-Bonded adjustments.
Not Marking per-residue atom chain types.
Marking per-residue atom chain types.
  (Residues lacking connect0/connect1 - 
   these don't have chain types marked:

	res	total affected

	KB1	1
  )
 (no restraints)
	Quit

Exiting LEaP: Errors = 0; Warnings = 1; Notes = 1.
====== min.o =========================================================
Reading parm file (KB1.parm7)
title:
KB1                                                                             
no velocities were found
no velocities were found
	mm_options:  ntpr=5
	mm_options:  gb=1
	mm_options:  kappa=0.10395
	mm_options:  rgbmax=99.
	mm_options:  cut=99.0
	mm_options:  wcons=0.
     bond:      4.271098536
    angle:     18.819122484
 dihedral:     29.695469756
    enb14:     17.238939658
    eel14:    261.609799764
      enb:     -7.701214652
      eel:   -218.618240128
      egb:   -101.539334265
    econs:      0.000000000
    esurf:      0.000000000
    Total:      3.775641154
     frms:     11.567983869
Starting TNCG minimisation
 MIN: Iter =    0  NFunc =     1  E =       3.77564  RMSG = 1.1567984e+01
 MIN: Iter =    1  NFunc =     7  E =     -11.26849  RMSG = 3.2675993e+00
 MIN: Iter =    2  NFunc =    17  E =     -15.87839  RMSG = 1.9610430e+00
 MIN: Iter =    3  NFunc =    31  E =     -16.96274  RMSG = 7.9967989e-01
 MIN: Iter =    4  NFunc =    82  E =     -17.76405  RMSG = 1.0245720e+00
 MIN: Iter =    5  NFunc =   107  E =     -18.44198  RMSG = 9.8417324e-01
 MIN: Iter =    6  NFunc =   122  E =     -18.94614  RMSG = 9.9068773e-01
 MIN: Iter =    7  NFunc =   130  E =     -19.32351  RMSG = 6.8103616e-01
 MIN: Iter =    8  NFunc =   136  E =     -19.50158  RMSG = 5.9886184e-01
 MIN: Iter =    9  NFunc =   151  E =     -19.66935  RMSG = 4.2876014e-01
 MIN: Iter =   10  NFunc =   161  E =     -19.75509  RMSG = 2.9745206e-01
 MIN: Iter =   11  NFunc =   212  E =     -20.02114  RMSG = 7.9650172e-01
 MIN: Iter =   12  NFunc =   219  E =     -20.24513  RMSG = 5.9978168e-01
 MIN: Iter =   13  NFunc =   226  E =     -20.41776  RMSG = 5.8386907e-01
 MIN: Iter =   14  NFunc =   239  E =     -20.63223  RMSG = 6.8284884e-01
 MIN: Iter =   15  NFunc =   247  E =     -20.78752  RMSG = 3.6959182e-01
 MIN: Iter =   16  NFunc =   298  E =     -21.06851  RMSG = 7.5334542e-01
 MIN: Iter =   17  NFunc =   306  E =     -21.36246  RMSG = 6.4175332e-01
 MIN: Iter =   18  NFunc =   312  E =     -21.64838  RMSG = 6.4040001e-01
 MIN: Iter =   19  NFunc =   318  E =     -21.90803  RMSG = 5.6446534e-01
 MIN: Iter =   20  NFunc =   324  E =     -22.14426  RMSG = 4.7680860e-01
 MIN: Iter =   21  NFunc =   331  E =     -22.29735  RMSG = 4.6137702e-01
 MIN: Iter =   22  NFunc =   337  E =     -22.38333  RMSG = 2.5970918e-01
 MIN: Iter =   23  NFunc =   347  E =     -22.44005  RMSG = 2.5178845e-01
 MIN: Iter =   24  NFunc =   399  E =     -22.48200  RMSG = 3.2570907e-01
 MIN: Iter =   25  NFunc =   407  E =     -22.53829  RMSG = 6.6852131e-01
 MIN: Iter =   26  NFunc =   413  E =     -22.63280  RMSG = 1.2235806e+00
 MIN: Iter =   27  NFunc =   419  E =     -22.78784  RMSG = 5.3847883e-01
 MIN: Iter =   28  NFunc =   426  E =     -22.86615  RMSG = 6.3831608e-01
 MIN: Iter =   29  NFunc =   433  E =     -22.96202  RMSG = 7.4302557e-01
 MIN: Iter =   30  NFunc =   439  E =     -23.09691  RMSG = 1.6535236e+00
 MIN: Iter =   31  NFunc =   445  E =     -23.26521  RMSG = 2.3949565e-01
 MIN: Iter =   32  NFunc =   452  E =     -23.32324  RMSG = 5.1198757e-01
 MIN: Iter =   33  NFunc =   460  E =     -23.37911  RMSG = 3.1474360e-01
 MIN: Iter =   34  NFunc =   502  E =     -23.54477  RMSG = 4.4921544e-01
 MIN: Iter =   35  NFunc =   517  E =     -23.64903  RMSG = 3.9208597e-01
 MIN: Iter =   36  NFunc =   524  E =     -23.72582  RMSG = 2.4273329e-01
 MIN: Iter =   37  NFunc =   530  E =     -23.76680  RMSG = 2.0779199e-01
 MIN: Iter =   38  NFunc =   581  E =     -23.87554  RMSG = 2.4960706e-01
 MIN: Iter =   39  NFunc =   587  E =     -23.95429  RMSG = 2.5881967e-01
 MIN: Iter =   40  NFunc =   593  E =     -24.02417  RMSG = 2.9596796e-01
 MIN: Iter =   41  NFunc =   599  E =     -24.09919  RMSG = 3.0950461e-01
 MIN: Iter =   42  NFunc =   606  E =     -24.18560  RMSG = 3.4218610e-01
 MIN: Iter =   43  NFunc =   612  E =     -24.27725  RMSG = 3.5639832e-01
 MIN: Iter =   44  NFunc =   618  E =     -24.37065  RMSG = 3.5481204e-01
 MIN: Iter =   45  NFunc =   624  E =     -24.46786  RMSG = 3.1986821e-01
 MIN: Iter =   46  NFunc =   638  E =     -24.54522  RMSG = 2.5169537e-01
 MIN: Iter =   47  NFunc =   649  E =     -24.60040  RMSG = 1.9988642e-01
 MIN: Iter =   48  NFunc =   655  E =     -24.62685  RMSG = 1.2894168e-01
 MIN: Iter =   49  NFunc =   679  E =     -24.69585  RMSG = 2.8202987e-01
 MIN: Iter =   50  NFunc =   701  E =     -24.74005  RMSG = 1.3209874e-01
 MIN: Iter =   51  NFunc =   711  E =     -24.74685  RMSG = 5.7188224e-02
 MIN: Iter =   52  NFunc =   755  E =     -24.76192  RMSG = 6.6290149e-02
 MIN: Iter =   53  NFunc =   761  E =     -24.76315  RMSG = 3.1331569e-02
 MIN: Iter =   54  NFunc =   812  E =     -24.77485  RMSG = 1.6013250e-01
 MIN: Iter =   55  NFunc =   818  E =     -24.78035  RMSG = 4.2666738e-02
 MIN: Iter =   56  NFunc =   844  E =     -24.78409  RMSG = 3.1519514e-02
 MIN: Iter =   57  NFunc =   869  E =     -24.78605  RMSG = 2.2029685e-02
 MIN: Iter =   58  NFunc =   894  E =     -24.78657  RMSG = 8.5040607e-03
 MIN: Iter =   59  NFunc =   942  E =     -24.78710  RMSG = 1.5542127e-02
 MIN: Iter =   60  NFunc =   991  E =     -24.78742  RMSG = 5.0027787e-03
 MIN: Iter =   61  NFunc =  1017  E =     -24.78747  RMSG = 3.0862473e-03
 MIN: Iter =   62  NFunc =  1044  E =     -24.78751  RMSG = 2.4667274e-03
 MIN: Iter =   63  NFunc =  1069  E =     -24.78752  RMSG = 1.3752761e-03
 MIN: Iter =   64  NFunc =  1079  E =     -24.78752  RMSG = 6.7499102e-04
 MIN: Iter =   65  NFunc =  1125  E =     -24.78753  RMSG = 3.7655723e-04
----------------------------------------------------------------
 END:          :-)  E =     -24.78753  RMSG =   0.0003766

     bond:      5.009715852
    angle:     14.645698036
 dihedral:     25.222357399
    enb14:     12.351383129
    eel14:    260.088619771
      enb:     -9.072567320
      eel:   -227.881482863
      egb:   -105.151249463
    econs:      0.000000000
    esurf:      0.000000000
    Total:    -24.787525459
     frms:      0.000376557
====== rms.dat  ======================================================
#Frame      all_heavy
       1       1.1916
