====== tleap.out =====================================================
-I: Adding /home/case/amber24/dat/leap/prep to search path.
-I: Adding /home/case/amber24/dat/leap/lib to search path.
-I: Adding /home/case/amber24/dat/leap/parm to search path.
-I: Adding /home/case/amber24/dat/leap/cmd to search path.
-f: Source leap.in.

Welcome to LEaP!
(no leaprc in search path)
Sourcing: ./leap.in
Using Bondi radii
----- Source: /home/case/amber24/dat/leap/cmd/leaprc.gaff2
----- Source of /home/case/amber24/dat/leap/cmd/leaprc.gaff2 done
Log file: ./leap.log
Loading parameters: /home/case/amber24/dat/leap/parm/gaff2.dat
Reading title:
AMBER General Force Field for organic molecules (Version 2.2.20, March 2021)
Loading parameters: ./KCQ.frcmod
Reading force field modification type file (frcmod)
Reading title:
Remark line goes here
Loading Mol2 file: ./KCQ.mol2
Reading MOLECULE named KCQ
Checking Unit.
Building topology.
"order_residues" off: keep input residue order.
Building atom parameters.
Building bond parameters.
Building angle parameters.
Building proper torsion parameters.
Building improper torsion parameters.
 total 3 improper torsions applied
Building H-Bond parameters.
Incorporating Non-Bonded adjustments.
Not Marking per-residue atom chain types.
Marking per-residue atom chain types.
  (Residues lacking connect0/connect1 - 
   these don't have chain types marked:

	res	total affected

	KCQ	1
  )
 (no restraints)
	Quit

Exiting LEaP: Errors = 0; Warnings = 0; Notes = 0.
====== min.o =========================================================
Reading parm file (KCQ.parm7)
title:
KCQ                                                                             
no velocities were found
no velocities were found
	mm_options:  ntpr=5
	mm_options:  gb=1
	mm_options:  kappa=0.10395
	mm_options:  rgbmax=99.
	mm_options:  cut=99.0
	mm_options:  wcons=0.
     bond:      1.197639607
    angle:      2.624185091
 dihedral:     50.982882645
    enb14:      3.248422745
    eel14:     95.643511083
      enb:     -1.010666016
      eel:    -78.567382123
      egb:    -21.065385516
    econs:      0.000000000
    esurf:      0.000000000
    Total:     53.053207514
     frms:      8.877110634
Starting TNCG minimisation
 MIN: Iter =    0  NFunc =     1  E =      53.05321  RMSG = 8.8771106e+00
 MIN: Iter =    1  NFunc =     7  E =      46.60468  RMSG = 2.9210167e+00
 MIN: Iter =    2  NFunc =    14  E =      45.16704  RMSG = 1.3296418e+00
 MIN: Iter =    3  NFunc =    27  E =      44.69946  RMSG = 8.3749164e-01
 MIN: Iter =    4  NFunc =    37  E =      44.54203  RMSG = 5.4258193e-01
 MIN: Iter =    5  NFunc =    60  E =      44.41108  RMSG = 6.0318147e-01
 MIN: Iter =    6  NFunc =    66  E =      44.37769  RMSG = 2.7211989e-01
 MIN: Iter =    7  NFunc =    75  E =      44.34619  RMSG = 2.5050704e-01
 MIN: Iter =    8  NFunc =   104  E =      44.31018  RMSG = 2.7083306e-01
 MIN: Iter =    9  NFunc =   118  E =      44.27718  RMSG = 6.0190067e-01
 MIN: Iter =   10  NFunc =   124  E =      44.25829  RMSG = 1.3330778e-01
 MIN: Iter =   11  NFunc =   152  E =      44.23729  RMSG = 3.2539137e-01
 MIN: Iter =   12  NFunc =   158  E =      44.21863  RMSG = 2.8054217e-01
 MIN: Iter =   13  NFunc =   165  E =      44.19909  RMSG = 5.2126418e-01
 MIN: Iter =   14  NFunc =   171  E =      44.17743  RMSG = 1.1984440e-01
 MIN: Iter =   15  NFunc =   178  E =      44.17153  RMSG = 1.4388394e-01
 MIN: Iter =   16  NFunc =   184  E =      44.16722  RMSG = 1.1618406e-01
 MIN: Iter =   17  NFunc =   201  E =      44.16308  RMSG = 6.5047956e-02
 MIN: Iter =   18  NFunc =   210  E =      44.16227  RMSG = 2.7002658e-02
 MIN: Iter =   19  NFunc =   235  E =      44.16158  RMSG = 1.6925743e-02
 MIN: Iter =   20  NFunc =   259  E =      44.16116  RMSG = 1.4900362e-02
 MIN: Iter =   21  NFunc =   267  E =      44.16110  RMSG = 7.7093014e-03
 MIN: Iter =   22  NFunc =   274  E =      44.16109  RMSG = 4.3485963e-03
 MIN: Iter =   23  NFunc =   291  E =      44.16107  RMSG = 2.4766673e-03
 MIN: Iter =   24  NFunc =   311  E =      44.16107  RMSG = 1.3927570e-03
 MIN: Iter =   25  NFunc =   326  E =      44.16107  RMSG = 7.9733641e-04
 MIN: Iter =   26  NFunc =   333  E =      44.16107  RMSG = 5.1744454e-04
 MIN: Iter =   27  NFunc =   341  E =      44.16107  RMSG = 2.7619472e-04
----------------------------------------------------------------
 END:          :-)  E =      44.16107  RMSG =   0.0002762

     bond:      1.234664367
    angle:      4.056230028
 dihedral:     48.468486412
    enb14:      1.284892629
    eel14:     87.299194610
      enb:     -1.538920635
      eel:    -75.392754536
      egb:    -21.250727268
    econs:      0.000000000
    esurf:      0.000000000
    Total:     44.161065607
     frms:      0.000276195
====== rms.dat  ======================================================
#Frame      all_heavy
       1       0.1710
