====== tleap.out =====================================================
-I: Adding /home/case/amber24/dat/leap/prep to search path.
-I: Adding /home/case/amber24/dat/leap/lib to search path.
-I: Adding /home/case/amber24/dat/leap/parm to search path.
-I: Adding /home/case/amber24/dat/leap/cmd to search path.
-f: Source leap.in.

Welcome to LEaP!
(no leaprc in search path)
Sourcing: ./leap.in
Using Bondi radii
----- Source: /home/case/amber24/dat/leap/cmd/leaprc.gaff2
----- Source of /home/case/amber24/dat/leap/cmd/leaprc.gaff2 done
Log file: ./leap.log
Loading parameters: /home/case/amber24/dat/leap/parm/gaff2.dat
Reading title:
AMBER General Force Field for organic molecules (Version 2.2.20, March 2021)
Loading parameters: ./KE2.frcmod
Reading force field modification type file (frcmod)
Reading title:
Remark line goes here
Loading Mol2 file: ./KE2.mol2
Reading MOLECULE named KE2
Checking Unit.
Building topology.
"order_residues" off: keep input residue order.
Building atom parameters.
Building bond parameters.
Building angle parameters.
Building proper torsion parameters.
Building improper torsion parameters.
 total 16 improper torsions applied
Building H-Bond parameters.
Incorporating Non-Bonded adjustments.
Not Marking per-residue atom chain types.
Marking per-residue atom chain types.
  (Residues lacking connect0/connect1 - 
   these don't have chain types marked:

	res	total affected

	KE2	1
  )
 (no restraints)
	Quit

Exiting LEaP: Errors = 0; Warnings = 0; Notes = 0.
====== min.o =========================================================
Reading parm file (KE2.parm7)
title:
KE2                                                                             
no velocities were found
no velocities were found
	mm_options:  ntpr=5
	mm_options:  gb=1
	mm_options:  kappa=0.10395
	mm_options:  rgbmax=99.
	mm_options:  cut=99.0
	mm_options:  wcons=0.
     bond:      2.309781949
    angle:      4.240877211
 dihedral:     29.977190394
    enb14:     12.118886987
    eel14:     44.234043162
      enb:     -8.769347313
      eel:    -81.188712067
      egb:    -27.350923736
    econs:      0.000000000
    esurf:      0.000000000
    Total:    -24.428203414
     frms:      9.349602018
Starting TNCG minimisation
 MIN: Iter =    0  NFunc =     1  E =     -24.42820  RMSG = 9.3496020e+00
 MIN: Iter =    1  NFunc =     7  E =     -32.42860  RMSG = 1.7651148e+00
 MIN: Iter =    2  NFunc =    14  E =     -32.93874  RMSG = 4.8538172e-01
 MIN: Iter =    3  NFunc =    24  E =     -33.12072  RMSG = 3.4231372e-01
 MIN: Iter =    4  NFunc =    41  E =     -33.23310  RMSG = 2.6312707e-01
 MIN: Iter =    5  NFunc =    66  E =     -33.29854  RMSG = 2.1730087e-01
 MIN: Iter =    6  NFunc =   107  E =     -33.34476  RMSG = 2.1659796e-01
 MIN: Iter =    7  NFunc =   113  E =     -33.35203  RMSG = 7.1257330e-02
 MIN: Iter =    8  NFunc =   140  E =     -33.36221  RMSG = 5.5565682e-02
 MIN: Iter =    9  NFunc =   166  E =     -33.36608  RMSG = 2.6703277e-02
 MIN: Iter =   10  NFunc =   217  E =     -33.36789  RMSG = 2.2150889e-02
 MIN: Iter =   11  NFunc =   268  E =     -33.36954  RMSG = 6.1937254e-02
 MIN: Iter =   12  NFunc =   274  E =     -33.36996  RMSG = 1.1477509e-02
 MIN: Iter =   13  NFunc =   298  E =     -33.37021  RMSG = 6.8361307e-03
 MIN: Iter =   14  NFunc =   349  E =     -33.37035  RMSG = 3.4000649e-03
 MIN: Iter =   15  NFunc =   375  E =     -33.37037  RMSG = 1.8942780e-03
 MIN: Iter =   16  NFunc =   385  E =     -33.37037  RMSG = 1.3357128e-03
 MIN: Iter =   17  NFunc =   410  E =     -33.37037  RMSG = 8.8768135e-04
 MIN: Iter =   18  NFunc =   429  E =     -33.37037  RMSG = 5.7148533e-04
 MIN: Iter =   19  NFunc =   465  E =     -33.37038  RMSG = 5.4273773e-04
 MIN: Iter =   20  NFunc =   492  E =     -33.37038  RMSG = 6.1441501e-04
 MIN: Iter =   21  NFunc =   536  E =     -33.37038  RMSG = 3.4552470e-04
----------------------------------------------------------------
 END:          :-)  E =     -33.37038  RMSG =   0.0003455

     bond:      1.298711448
    angle:      2.552307162
 dihedral:     29.749758703
    enb14:      8.818353533
    eel14:     40.010663624
      enb:     -8.854197609
      eel:    -78.666531185
      egb:    -28.279445679
    econs:      0.000000000
    esurf:      0.000000000
    Total:    -33.370380002
     frms:      0.000345525
====== rms.dat  ======================================================
#Frame      all_heavy
       1       0.1325
