====== tleap.out =====================================================
-I: Adding /home/case/amber24/dat/leap/prep to search path.
-I: Adding /home/case/amber24/dat/leap/lib to search path.
-I: Adding /home/case/amber24/dat/leap/parm to search path.
-I: Adding /home/case/amber24/dat/leap/cmd to search path.
-f: Source leap.in.

Welcome to LEaP!
(no leaprc in search path)
Sourcing: ./leap.in
Using Bondi radii
----- Source: /home/case/amber24/dat/leap/cmd/leaprc.gaff2
----- Source of /home/case/amber24/dat/leap/cmd/leaprc.gaff2 done
Log file: ./leap.log
Loading parameters: /home/case/amber24/dat/leap/parm/gaff2.dat
Reading title:
AMBER General Force Field for organic molecules (Version 2.2.20, March 2021)
Loading parameters: ./KFB.frcmod
Reading force field modification type file (frcmod)
Reading title:
Remark line goes here
Loading Mol2 file: ./KFB.mol2
Reading MOLECULE named KFB
Checking Unit.

/home/case/amber24/bin/teLeap: Warning!
The unperturbed charge of the unit (-1.000000) is not zero.

/home/case/amber24/bin/teLeap: Note.
Ignoring the warning from Unit Checking.

Building topology.
"order_residues" off: keep input residue order.
Building atom parameters.
Building bond parameters.
Building angle parameters.
Building proper torsion parameters.
Building improper torsion parameters.
 total 1 improper torsion applied
Building H-Bond parameters.
Incorporating Non-Bonded adjustments.
Not Marking per-residue atom chain types.
Marking per-residue atom chain types.
  (Residues lacking connect0/connect1 - 
   these don't have chain types marked:

	res	total affected

	KFB	1
  )
 (no restraints)
	Quit

Exiting LEaP: Errors = 0; Warnings = 1; Notes = 1.
====== min.o =========================================================
Reading parm file (KFB.parm7)
title:
KFB                                                                             
no velocities were found
no velocities were found
	mm_options:  ntpr=5
	mm_options:  gb=1
	mm_options:  kappa=0.10395
	mm_options:  rgbmax=99.
	mm_options:  cut=99.0
	mm_options:  wcons=0.
     bond:      1.231139784
    angle:      3.385532413
 dihedral:     39.851612154
    enb14:      1.783410625
    eel14:     -2.587768697
      enb:     -0.464730901
      eel:      0.643053382
      egb:    -82.050186613
    econs:      0.000000000
    esurf:      0.000000000
    Total:    -38.207937853
     frms:      8.316336399
Starting TNCG minimisation
 MIN: Iter =    0  NFunc =     1  E =     -38.20794  RMSG = 8.3163364e+00
 MIN: Iter =    1  NFunc =     7  E =     -41.05577  RMSG = 1.8539160e+00
 MIN: Iter =    2  NFunc =    14  E =     -41.42706  RMSG = 6.1597567e-01
 MIN: Iter =    3  NFunc =    20  E =     -41.46833  RMSG = 1.7317708e-01
 MIN: Iter =    4  NFunc =    37  E =     -41.49384  RMSG = 4.7851721e-01
 MIN: Iter =    5  NFunc =    48  E =     -41.58495  RMSG = 1.2422235e+00
 MIN: Iter =    6  NFunc =    58  E =     -41.84458  RMSG = 3.3092571e+00
 MIN: Iter =    7  NFunc =    71  E =     -42.76160  RMSG = 5.2141115e+00
 MIN: Iter =    8  NFunc =    91  E =     -44.18148  RMSG = 6.5297962e+00
 MIN: Iter =    9  NFunc =   103  E =     -46.79083  RMSG = 6.5000222e+00
 MIN: Iter =   10  NFunc =   109  E =     -49.85584  RMSG = 6.3181680e+00
 MIN: Iter =   11  NFunc =   115  E =     -52.59693  RMSG = 4.2614275e+00
 MIN: Iter =   12  NFunc =   121  E =     -53.56165  RMSG = 1.3248227e+00
 MIN: Iter =   13  NFunc =   127  E =     -53.79383  RMSG = 6.6397975e-01
 MIN: Iter =   14  NFunc =   141  E =     -54.23971  RMSG = 1.8167952e+00
 MIN: Iter =   15  NFunc =   147  E =     -54.42045  RMSG = 8.4455964e-01
 MIN: Iter =   16  NFunc =   154  E =     -54.48995  RMSG = 4.8543753e-01
 MIN: Iter =   17  NFunc =   164  E =     -54.53314  RMSG = 3.0870701e-01
 MIN: Iter =   18  NFunc =   179  E =     -54.55195  RMSG = 2.4618289e-01
 MIN: Iter =   19  NFunc =   189  E =     -54.55668  RMSG = 5.1628844e-02
 MIN: Iter =   20  NFunc =   206  E =     -54.56152  RMSG = 6.0391944e-02
 MIN: Iter =   21  NFunc =   216  E =     -54.56216  RMSG = 2.6675387e-02
 MIN: Iter =   22  NFunc =   228  E =     -54.56243  RMSG = 1.2747663e-02
 MIN: Iter =   23  NFunc =   238  E =     -54.56250  RMSG = 5.3923723e-03
 MIN: Iter =   24  NFunc =   250  E =     -54.56251  RMSG = 3.4993530e-03
 MIN: Iter =   25  NFunc =   256  E =     -54.56251  RMSG = 3.1411900e-03
 MIN: Iter =   26  NFunc =   262  E =     -54.56251  RMSG = 1.3353680e-03
 MIN: Iter =   27  NFunc =   278  E =     -54.56251  RMSG = 7.5879159e-04
 MIN: Iter =   28  NFunc =   289  E =     -54.56251  RMSG = 5.5029741e-04
 MIN: Iter =   29  NFunc =   299  E =     -54.56251  RMSG = 3.9535092e-04
----------------------------------------------------------------
 END:          :-)  E =     -54.56251  RMSG =   0.0003954

     bond:      0.208011099
    angle:      3.465203365
 dihedral:     26.157475751
    enb14:      1.126209791
    eel14:     -2.235193430
      enb:     -0.687113715
      eel:      0.527906676
      egb:    -83.125014406
    econs:      0.000000000
    esurf:      0.000000000
    Total:    -54.562514869
     frms:      0.000395351
====== rms.dat  ======================================================
#Frame      all_heavy
       1       0.5232
