====== tleap.out =====================================================
-I: Adding /home/case/amber24/dat/leap/prep to search path.
-I: Adding /home/case/amber24/dat/leap/lib to search path.
-I: Adding /home/case/amber24/dat/leap/parm to search path.
-I: Adding /home/case/amber24/dat/leap/cmd to search path.
-f: Source leap.in.

Welcome to LEaP!
(no leaprc in search path)
Sourcing: ./leap.in
Using Bondi radii
----- Source: /home/case/amber24/dat/leap/cmd/leaprc.gaff2
----- Source of /home/case/amber24/dat/leap/cmd/leaprc.gaff2 done
Log file: ./leap.log
Loading parameters: /home/case/amber24/dat/leap/parm/gaff2.dat
Reading title:
AMBER General Force Field for organic molecules (Version 2.2.20, March 2021)
Loading parameters: ./KGK.frcmod
Reading force field modification type file (frcmod)
Reading title:
Remark line goes here
Loading Mol2 file: ./KGK.mol2
Reading MOLECULE named KGK
Checking Unit.
Building topology.
"order_residues" off: keep input residue order.
Building atom parameters.
Building bond parameters.
Building angle parameters.
Building proper torsion parameters.
Building improper torsion parameters.
 total 6 improper torsions applied
Building H-Bond parameters.
Incorporating Non-Bonded adjustments.
Not Marking per-residue atom chain types.
Marking per-residue atom chain types.
  (Residues lacking connect0/connect1 - 
   these don't have chain types marked:

	res	total affected

	KGK	1
  )
 (no restraints)
	Quit

Exiting LEaP: Errors = 0; Warnings = 0; Notes = 0.
====== min.o =========================================================
Reading parm file (KGK.parm7)
title:
KGK                                                                             
no velocities were found
no velocities were found
	mm_options:  ntpr=5
	mm_options:  gb=1
	mm_options:  kappa=0.10395
	mm_options:  rgbmax=99.
	mm_options:  cut=99.0
	mm_options:  wcons=0.
     bond:      2.511319590
    angle:      3.758451859
 dihedral:     27.638411732
    enb14:      6.526306947
    eel14:   -201.624432734
      enb:      0.937483214
      eel:     41.816601324
      egb:    -16.334296336
    econs:      0.000000000
    esurf:      0.000000000
    Total:   -134.770154404
     frms:     12.019564402
Starting TNCG minimisation
 MIN: Iter =    0  NFunc =     1  E =    -134.77015  RMSG = 1.2019564e+01
 MIN: Iter =    1  NFunc =    11  E =    -143.46300  RMSG = 1.1860685e+01
 MIN: Iter =    2  NFunc =    17  E =    -149.50020  RMSG = 1.9378458e+00
 MIN: Iter =    3  NFunc =    23  E =    -149.84740  RMSG = 7.7576617e-01
 MIN: Iter =    4  NFunc =    30  E =    -149.98252  RMSG = 3.2436572e-01
 MIN: Iter =    5  NFunc =    58  E =    -150.06867  RMSG = 9.3962639e-01
 MIN: Iter =    6  NFunc =    65  E =    -150.12954  RMSG = 5.3807198e-01
 MIN: Iter =    7  NFunc =    75  E =    -150.17301  RMSG = 8.9610448e-01
 MIN: Iter =    8  NFunc =    81  E =    -150.19406  RMSG = 1.6999424e-01
 MIN: Iter =    9  NFunc =    88  E =    -150.20183  RMSG = 1.6294870e-01
 MIN: Iter =   10  NFunc =    98  E =    -150.21237  RMSG = 2.1891376e-01
 MIN: Iter =   11  NFunc =   120  E =    -150.22950  RMSG = 1.8950350e-01
 MIN: Iter =   12  NFunc =   148  E =    -150.24005  RMSG = 2.6570926e-01
 MIN: Iter =   13  NFunc =   154  E =    -150.24250  RMSG = 3.8019446e-02
 MIN: Iter =   14  NFunc =   179  E =    -150.24454  RMSG = 4.3837180e-02
 MIN: Iter =   15  NFunc =   194  E =    -150.24612  RMSG = 6.7231731e-02
 MIN: Iter =   16  NFunc =   201  E =    -150.24739  RMSG = 5.8804908e-02
 MIN: Iter =   17  NFunc =   213  E =    -150.24847  RMSG = 6.6153977e-02
 MIN: Iter =   18  NFunc =   219  E =    -150.24873  RMSG = 2.9369049e-02
 MIN: Iter =   19  NFunc =   231  E =    -150.24917  RMSG = 5.5804280e-02
 MIN: Iter =   20  NFunc =   259  E =    -150.25081  RMSG = 9.9240512e-02
 MIN: Iter =   21  NFunc =   265  E =    -150.25113  RMSG = 2.7521290e-02
 MIN: Iter =   22  NFunc =   271  E =    -150.25133  RMSG = 2.3302484e-02
 MIN: Iter =   23  NFunc =   287  E =    -150.25213  RMSG = 2.2785534e-02
 MIN: Iter =   24  NFunc =   313  E =    -150.25230  RMSG = 7.9501653e-03
 MIN: Iter =   25  NFunc =   341  E =    -150.25244  RMSG = 2.7721214e-02
 MIN: Iter =   26  NFunc =   347  E =    -150.25247  RMSG = 3.6805904e-03
 MIN: Iter =   27  NFunc =   369  E =    -150.25249  RMSG = 2.7668566e-03
 MIN: Iter =   28  NFunc =   379  E =    -150.25249  RMSG = 1.2787883e-03
 MIN: Iter =   29  NFunc =   385  E =    -150.25249  RMSG = 8.0189901e-04
 MIN: Iter =   30  NFunc =   423  E =    -150.25249  RMSG = 3.8510244e-04
----------------------------------------------------------------
 END:          :-)  E =    -150.25249  RMSG =   0.0003851

     bond:      1.706510533
    angle:      6.260919102
 dihedral:     25.735108507
    enb14:      4.512596461
    eel14:   -215.155782701
      enb:      0.550325270
      eel:     41.339045282
      egb:    -15.201212790
    econs:      0.000000000
    esurf:      0.000000000
    Total:   -150.252490335
     frms:      0.000385102
====== rms.dat  ======================================================
#Frame      all_heavy
       1       0.1258
