====== tleap.out =====================================================
-I: Adding /home/case/amber24/dat/leap/prep to search path.
-I: Adding /home/case/amber24/dat/leap/lib to search path.
-I: Adding /home/case/amber24/dat/leap/parm to search path.
-I: Adding /home/case/amber24/dat/leap/cmd to search path.
-f: Source leap.in.

Welcome to LEaP!
(no leaprc in search path)
Sourcing: ./leap.in
Using Bondi radii
----- Source: /home/case/amber24/dat/leap/cmd/leaprc.gaff2
----- Source of /home/case/amber24/dat/leap/cmd/leaprc.gaff2 done
Log file: ./leap.log
Loading parameters: /home/case/amber24/dat/leap/parm/gaff2.dat
Reading title:
AMBER General Force Field for organic molecules (Version 2.2.20, March 2021)
Loading parameters: ./KII.frcmod
Reading force field modification type file (frcmod)
Reading title:
Remark line goes here
Loading Mol2 file: ./KII.mol2
Reading MOLECULE named KII
Checking Unit.
Building topology.
"order_residues" off: keep input residue order.
Building atom parameters.
Building bond parameters.
Building angle parameters.
Building proper torsion parameters.
Building improper torsion parameters.
 total 20 improper torsions applied
Building H-Bond parameters.
Incorporating Non-Bonded adjustments.
Not Marking per-residue atom chain types.
Marking per-residue atom chain types.
  (Residues lacking connect0/connect1 - 
   these don't have chain types marked:

	res	total affected

	KII	1
  )
 (no restraints)
	Quit

Exiting LEaP: Errors = 0; Warnings = 0; Notes = 0.
====== min.o =========================================================
Reading parm file (KII.parm7)
title:
KII                                                                             
no velocities were found
no velocities were found
	mm_options:  ntpr=5
	mm_options:  gb=1
	mm_options:  kappa=0.10395
	mm_options:  rgbmax=99.
	mm_options:  cut=99.0
	mm_options:  wcons=0.
     bond:      2.890913141
    angle:     24.107352571
 dihedral:     10.198453382
    enb14:     12.723622926
    eel14:     24.025579085
      enb:     -3.698424960
      eel:    -38.107858251
      egb:    -32.124971704
    econs:      0.000000000
    esurf:      0.000000000
    Total:      0.014666190
     frms:     10.857995860
Starting TNCG minimisation
 MIN: Iter =    0  NFunc =     1  E =       0.01467  RMSG = 1.0857996e+01
 MIN: Iter =    1  NFunc =     7  E =     -12.76848  RMSG = 3.0661048e+00
 MIN: Iter =    2  NFunc =    14  E =     -14.82544  RMSG = 1.2958719e+00
 MIN: Iter =    3  NFunc =    40  E =     -16.36241  RMSG = 8.3187528e-01
 MIN: Iter =    4  NFunc =    53  E =     -17.07880  RMSG = 5.4150545e-01
 MIN: Iter =    5  NFunc =    59  E =     -17.23363  RMSG = 3.1294601e-01
 MIN: Iter =    6  NFunc =    81  E =     -17.35208  RMSG = 2.4190046e-01
 MIN: Iter =    7  NFunc =    92  E =     -17.38154  RMSG = 1.2991538e-01
 MIN: Iter =    8  NFunc =   133  E =     -17.43982  RMSG = 2.3306109e-01
 MIN: Iter =    9  NFunc =   139  E =     -17.44801  RMSG = 8.0837477e-02
 MIN: Iter =   10  NFunc =   166  E =     -17.45601  RMSG = 3.4613040e-02
 MIN: Iter =   11  NFunc =   188  E =     -17.45837  RMSG = 2.2014070e-02
 MIN: Iter =   12  NFunc =   239  E =     -17.46190  RMSG = 4.4962335e-02
 MIN: Iter =   13  NFunc =   259  E =     -17.46336  RMSG = 1.8461335e-02
 MIN: Iter =   14  NFunc =   269  E =     -17.46349  RMSG = 8.1251327e-03
 MIN: Iter =   15  NFunc =   321  E =     -17.46385  RMSG = 1.2865675e-02
 MIN: Iter =   16  NFunc =   373  E =     -17.46435  RMSG = 4.5622669e-02
 MIN: Iter =   17  NFunc =   379  E =     -17.46499  RMSG = 3.5952055e-02
 MIN: Iter =   18  NFunc =   385  E =     -17.46548  RMSG = 8.7412421e-02
 MIN: Iter =   19  NFunc =   391  E =     -17.46654  RMSG = 2.2856922e-02
 MIN: Iter =   20  NFunc =   396  E =     -17.46718  RMSG = 5.2397998e-02
 MIN: Iter =   21  NFunc =   402  E =     -17.46825  RMSG = 1.0604457e-01
 MIN: Iter =   22  NFunc =   408  E =     -17.47038  RMSG = 2.7926889e-02
 MIN: Iter =   23  NFunc =   427  E =     -17.47165  RMSG = 6.4842225e-02
 MIN: Iter =   24  NFunc =   433  E =     -17.47290  RMSG = 1.3829496e-01
 MIN: Iter =   25  NFunc =   439  E =     -17.47548  RMSG = 2.6570086e-02
 MIN: Iter =   26  NFunc =   446  E =     -17.47672  RMSG = 5.6450182e-02
 MIN: Iter =   27  NFunc =   453  E =     -17.47795  RMSG = 6.5431130e-02
 MIN: Iter =   28  NFunc =   459  E =     -17.47991  RMSG = 1.0502537e-01
 MIN: Iter =   29  NFunc =   465  E =     -17.48203  RMSG = 3.9022561e-02
 MIN: Iter =   30  NFunc =   472  E =     -17.48312  RMSG = 5.8947979e-02
 MIN: Iter =   31  NFunc =   478  E =     -17.48454  RMSG = 7.3280428e-02
 MIN: Iter =   32  NFunc =   484  E =     -17.48589  RMSG = 2.8245961e-02
 MIN: Iter =   33  NFunc =   491  E =     -17.48644  RMSG = 3.2587243e-02
 MIN: Iter =   34  NFunc =   497  E =     -17.48708  RMSG = 9.6885149e-02
 MIN: Iter =   35  NFunc =   503  E =     -17.48829  RMSG = 2.3421798e-02
 MIN: Iter =   36  NFunc =   520  E =     -17.48907  RMSG = 5.0307658e-02
 MIN: Iter =   37  NFunc =   526  E =     -17.49003  RMSG = 5.9849805e-02
 MIN: Iter =   38  NFunc =   532  E =     -17.49088  RMSG = 2.8574957e-02
 MIN: Iter =   39  NFunc =   541  E =     -17.49144  RMSG = 8.2622917e-02
 MIN: Iter =   40  NFunc =   548  E =     -17.49220  RMSG = 1.8857553e-02
 MIN: Iter =   41  NFunc =   555  E =     -17.49251  RMSG = 2.8280698e-02
 MIN: Iter =   42  NFunc =   561  E =     -17.49275  RMSG = 1.8777523e-02
 MIN: Iter =   43  NFunc =   587  E =     -17.49333  RMSG = 7.4187406e-02
 MIN: Iter =   44  NFunc =   593  E =     -17.49381  RMSG = 1.0450913e-02
 MIN: Iter =   45  NFunc =   623  E =     -17.49468  RMSG = 3.5759545e-02
 MIN: Iter =   46  NFunc =   629  E =     -17.49492  RMSG = 1.7439798e-02
 MIN: Iter =   47  NFunc =   643  E =     -17.49523  RMSG = 2.7380323e-02
 MIN: Iter =   48  NFunc =   649  E =     -17.49532  RMSG = 1.0131833e-02
 MIN: Iter =   49  NFunc =   659  E =     -17.49536  RMSG = 4.3863673e-03
 MIN: Iter =   50  NFunc =   686  E =     -17.49542  RMSG = 4.4654422e-03
 MIN: Iter =   51  NFunc =   720  E =     -17.49546  RMSG = 2.6025726e-03
 MIN: Iter =   52  NFunc =   744  E =     -17.49548  RMSG = 1.8622492e-03
 MIN: Iter =   53  NFunc =   766  E =     -17.49548  RMSG = 9.9875296e-04
 MIN: Iter =   54  NFunc =   817  E =     -17.49549  RMSG = 1.0327668e-03
 MIN: Iter =   55  NFunc =   828  E =     -17.49549  RMSG = 5.4026391e-04
 MIN: Iter =   56  NFunc =   852  E =     -17.49549  RMSG = 5.0295067e-04
 MIN: Iter =   57  NFunc =   876  E =     -17.49549  RMSG = 2.5779029e-04
----------------------------------------------------------------
 END:          :-)  E =     -17.49549  RMSG =   0.0002578

     bond:      2.354746753
    angle:     17.172377146
 dihedral:      5.512297276
    enb14:      9.109326254
    eel14:     22.403068672
      enb:     -2.292472654
      eel:    -38.477625725
      egb:    -33.277208233
    econs:      0.000000000
    esurf:      0.000000000
    Total:    -17.495490510
     frms:      0.000257790
====== rms.dat  ======================================================
#Frame      all_heavy
       1       0.1809
