====== tleap.out =====================================================
-I: Adding /home/case/amber24/dat/leap/prep to search path.
-I: Adding /home/case/amber24/dat/leap/lib to search path.
-I: Adding /home/case/amber24/dat/leap/parm to search path.
-I: Adding /home/case/amber24/dat/leap/cmd to search path.
-f: Source leap.in.

Welcome to LEaP!
(no leaprc in search path)
Sourcing: ./leap.in
Using Bondi radii
----- Source: /home/case/amber24/dat/leap/cmd/leaprc.gaff2
----- Source of /home/case/amber24/dat/leap/cmd/leaprc.gaff2 done
Log file: ./leap.log
Loading parameters: /home/case/amber24/dat/leap/parm/gaff2.dat
Reading title:
AMBER General Force Field for organic molecules (Version 2.2.20, March 2021)
Loading parameters: ./KKK.frcmod
Reading force field modification type file (frcmod)
Reading title:
Remark line goes here
Loading Mol2 file: ./KKK.mol2
Reading MOLECULE named KKK
Checking Unit.
Building topology.
"order_residues" off: keep input residue order.
Building atom parameters.
Building bond parameters.
Building angle parameters.
Building proper torsion parameters.
Building improper torsion parameters.
 total 19 improper torsions applied
Building H-Bond parameters.
Incorporating Non-Bonded adjustments.
Not Marking per-residue atom chain types.
Marking per-residue atom chain types.
  (Residues lacking connect0/connect1 - 
   these don't have chain types marked:

	res	total affected

	KKK	1
  )
 (no restraints)
	Quit

Exiting LEaP: Errors = 0; Warnings = 0; Notes = 0.
====== min.o =========================================================
Reading parm file (KKK.parm7)
title:
KKK                                                                             
no velocities were found
no velocities were found
	mm_options:  ntpr=5
	mm_options:  gb=1
	mm_options:  kappa=0.10395
	mm_options:  rgbmax=99.
	mm_options:  cut=99.0
	mm_options:  wcons=0.
     bond:      4.294861278
    angle:      6.252156859
 dihedral:     65.567068033
    enb14:     17.556407328
    eel14:     12.002250792
      enb:     -0.604309545
      eel:    -39.096473505
      egb:    -29.888607641
    econs:      0.000000000
    esurf:      0.000000000
    Total:     36.083353599
     frms:      8.494326647
Starting TNCG minimisation
 MIN: Iter =    0  NFunc =     1  E =      36.08335  RMSG = 8.4943266e+00
 MIN: Iter =    1  NFunc =     7  E =      22.37986  RMSG = 2.7767014e+00
 MIN: Iter =    2  NFunc =    18  E =      17.18953  RMSG = 1.1587992e+00
 MIN: Iter =    3  NFunc =    36  E =      15.72366  RMSG = 8.2747577e-01
 MIN: Iter =    4  NFunc =    66  E =      15.12745  RMSG = 4.3278263e-01
 MIN: Iter =    5  NFunc =    84  E =      14.90551  RMSG = 3.0409539e-01
 MIN: Iter =    6  NFunc =   127  E =      14.70010  RMSG = 4.3881299e-01
 MIN: Iter =    7  NFunc =   133  E =      14.66129  RMSG = 1.0618990e-01
 MIN: Iter =    8  NFunc =   157  E =      14.62094  RMSG = 1.2316538e-01
 MIN: Iter =    9  NFunc =   208  E =      14.56761  RMSG = 3.0507532e-01
 MIN: Iter =   10  NFunc =   214  E =      14.54987  RMSG = 1.1334502e-01
 MIN: Iter =   11  NFunc =   230  E =      14.52929  RMSG = 1.5283934e-01
 MIN: Iter =   12  NFunc =   249  E =      14.51372  RMSG = 5.0195542e-02
 MIN: Iter =   13  NFunc =   300  E =      14.49919  RMSG = 1.3999636e-01
 MIN: Iter =   14  NFunc =   306  E =      14.49454  RMSG = 4.5866028e-02
 MIN: Iter =   15  NFunc =   331  E =      14.48811  RMSG = 5.2640943e-02
 MIN: Iter =   16  NFunc =   380  E =      14.48105  RMSG = 5.1287102e-02
 MIN: Iter =   17  NFunc =   386  E =      14.48031  RMSG = 1.8556223e-02
 MIN: Iter =   18  NFunc =   417  E =      14.47921  RMSG = 1.2695382e-02
 MIN: Iter =   19  NFunc =   448  E =      14.47820  RMSG = 1.2725619e-02
 MIN: Iter =   20  NFunc =   474  E =      14.47787  RMSG = 6.4723299e-03
 MIN: Iter =   21  NFunc =   509  E =      14.47765  RMSG = 4.4507361e-03
 MIN: Iter =   22  NFunc =   524  E =      14.47762  RMSG = 3.0633156e-03
 MIN: Iter =   23  NFunc =   574  E =      14.47757  RMSG = 2.0487745e-03
 MIN: Iter =   24  NFunc =   625  E =      14.47754  RMSG = 9.2317831e-04
 MIN: Iter =   25  NFunc =   676  E =      14.47754  RMSG = 1.3693228e-03
 MIN: Iter =   26  NFunc =   727  E =      14.47753  RMSG = 9.2124020e-04
 MIN: Iter =   27  NFunc =   765  E =      14.47753  RMSG = 4.0386097e-04
----------------------------------------------------------------
 END:          :-)  E =      14.47753  RMSG =   0.0004039

     bond:      3.013262685
    angle:      7.593105389
 dihedral:     59.716570500
    enb14:     10.477830184
    eel14:     10.940289338
      enb:     -6.584011243
      eel:    -37.469077104
      egb:    -33.210444385
    econs:      0.000000000
    esurf:      0.000000000
    Total:     14.477525365
     frms:      0.000403861
====== rms.dat  ======================================================
#Frame      all_heavy
       1       0.3374
