====== tleap.out =====================================================
-I: Adding /home/case/amber24/dat/leap/prep to search path.
-I: Adding /home/case/amber24/dat/leap/lib to search path.
-I: Adding /home/case/amber24/dat/leap/parm to search path.
-I: Adding /home/case/amber24/dat/leap/cmd to search path.
-f: Source leap.in.

Welcome to LEaP!
(no leaprc in search path)
Sourcing: ./leap.in
Using Bondi radii
----- Source: /home/case/amber24/dat/leap/cmd/leaprc.gaff2
----- Source of /home/case/amber24/dat/leap/cmd/leaprc.gaff2 done
Log file: ./leap.log
Loading parameters: /home/case/amber24/dat/leap/parm/gaff2.dat
Reading title:
AMBER General Force Field for organic molecules (Version 2.2.20, March 2021)
Loading parameters: ./KKY.frcmod
Reading force field modification type file (frcmod)
Reading title:
Remark line goes here
Loading Mol2 file: ./KKY.mol2
Reading MOLECULE named KKY
Checking Unit.
Building topology.
"order_residues" off: keep input residue order.
Building atom parameters.
Building bond parameters.
Building angle parameters.
Building proper torsion parameters.
Building improper torsion parameters.
 total 12 improper torsions applied
Building H-Bond parameters.
Incorporating Non-Bonded adjustments.
Not Marking per-residue atom chain types.
Marking per-residue atom chain types.
  (Residues lacking connect0/connect1 - 
   these don't have chain types marked:

	res	total affected

	KKY	1
  )
 (no restraints)
	Quit

Exiting LEaP: Errors = 0; Warnings = 0; Notes = 0.
====== min.o =========================================================
Reading parm file (KKY.parm7)
title:
KKY                                                                             
no velocities were found
no velocities were found
	mm_options:  ntpr=5
	mm_options:  gb=1
	mm_options:  kappa=0.10395
	mm_options:  rgbmax=99.
	mm_options:  cut=99.0
	mm_options:  wcons=0.
     bond:      1.360953295
    angle:      2.175784097
 dihedral:     17.662204866
    enb14:     12.169537534
    eel14:   -226.925970712
      enb:     -5.011503017
      eel:     78.893103901
      egb:    -17.925334295
    econs:      0.000000000
    esurf:      0.000000000
    Total:   -137.601224331
     frms:      6.526905458
Starting TNCG minimisation
 MIN: Iter =    0  NFunc =     1  E =    -137.60122  RMSG = 6.5269055e+00
 MIN: Iter =    1  NFunc =     7  E =    -143.18677  RMSG = 1.8698190e+00
 MIN: Iter =    2  NFunc =    18  E =    -144.77591  RMSG = 8.9218377e-01
 MIN: Iter =    3  NFunc =    31  E =    -145.26887  RMSG = 5.5032100e-01
 MIN: Iter =    4  NFunc =    50  E =    -145.44824  RMSG = 2.2155292e-01
 MIN: Iter =    5  NFunc =    80  E =    -145.53996  RMSG = 2.7085183e-01
 MIN: Iter =    6  NFunc =   113  E =    -145.60152  RMSG = 4.3167747e-01
 MIN: Iter =    7  NFunc =   119  E =    -145.62932  RMSG = 1.2940892e-01
 MIN: Iter =    8  NFunc =   160  E =    -145.65398  RMSG = 1.3372472e-01
 MIN: Iter =    9  NFunc =   180  E =    -145.67536  RMSG = 2.6489454e-01
 MIN: Iter =   10  NFunc =   186  E =    -145.68474  RMSG = 5.6251692e-02
 MIN: Iter =   11  NFunc =   235  E =    -145.71360  RMSG = 3.4719710e-01
 MIN: Iter =   12  NFunc =   241  E =    -145.73286  RMSG = 1.2228333e-01
 MIN: Iter =   13  NFunc =   278  E =    -145.80618  RMSG = 5.3572496e-01
 MIN: Iter =   14  NFunc =   286  E =    -145.86434  RMSG = 1.8076048e-01
 MIN: Iter =   15  NFunc =   296  E =    -145.89831  RMSG = 1.4814437e-01
 MIN: Iter =   16  NFunc =   318  E =    -146.08584  RMSG = 7.2618609e-01
 MIN: Iter =   17  NFunc =   324  E =    -146.15970  RMSG = 2.4395325e-01
 MIN: Iter =   18  NFunc =   340  E =    -146.43298  RMSG = 7.7905843e-01
 MIN: Iter =   19  NFunc =   346  E =    -146.53868  RMSG = 2.9141258e-01
 MIN: Iter =   20  NFunc =   357  E =    -146.83488  RMSG = 9.8025134e-01
 MIN: Iter =   21  NFunc =   370  E =    -147.21789  RMSG = 1.0360190e+00
 MIN: Iter =   22  NFunc =   376  E =    -147.45821  RMSG = 4.2918153e-01
 MIN: Iter =   23  NFunc =   390  E =    -147.65758  RMSG = 8.3804634e-01
 MIN: Iter =   24  NFunc =   398  E =    -147.82489  RMSG = 2.5376777e-01
 MIN: Iter =   25  NFunc =   414  E =    -147.91962  RMSG = 5.7444331e-01
 MIN: Iter =   26  NFunc =   420  E =    -147.96480  RMSG = 1.3135671e-01
 MIN: Iter =   27  NFunc =   437  E =    -148.00033  RMSG = 1.9435367e-01
 MIN: Iter =   28  NFunc =   445  E =    -148.00867  RMSG = 6.1356877e-02
 MIN: Iter =   29  NFunc =   479  E =    -148.03449  RMSG = 2.9908088e-01
 MIN: Iter =   30  NFunc =   485  E =    -148.04632  RMSG = 6.3693386e-02
 MIN: Iter =   31  NFunc =   504  E =    -148.05406  RMSG = 5.7817078e-02
 MIN: Iter =   32  NFunc =   530  E =    -148.06141  RMSG = 5.0888519e-02
 MIN: Iter =   33  NFunc =   542  E =    -148.06316  RMSG = 2.8469452e-02
 MIN: Iter =   34  NFunc =   587  E =    -148.07084  RMSG = 5.7652646e-02
 MIN: Iter =   35  NFunc =   613  E =    -148.07586  RMSG = 1.3027290e-01
 MIN: Iter =   36  NFunc =   619  E =    -148.07789  RMSG = 3.0437273e-02
 MIN: Iter =   37  NFunc =   645  E =    -148.07962  RMSG = 8.9237313e-02
 MIN: Iter =   38  NFunc =   651  E =    -148.08054  RMSG = 1.9409548e-02
 MIN: Iter =   39  NFunc =   685  E =    -148.08338  RMSG = 6.0976250e-02
 MIN: Iter =   40  NFunc =   692  E =    -148.08416  RMSG = 2.3504018e-02
 MIN: Iter =   41  NFunc =   712  E =    -148.08506  RMSG = 8.1166052e-02
 MIN: Iter =   42  NFunc =   718  E =    -148.08576  RMSG = 1.3602439e-02
 MIN: Iter =   43  NFunc =   762  E =    -148.08713  RMSG = 2.4429933e-02
 MIN: Iter =   44  NFunc =   813  E =    -148.08896  RMSG = 5.7052015e-02
 MIN: Iter =   45  NFunc =   839  E =    -148.09158  RMSG = 4.2998771e-02
 MIN: Iter =   46  NFunc =   852  E =    -148.09239  RMSG = 1.8487850e-02
 MIN: Iter =   47  NFunc =   868  E =    -148.09272  RMSG = 9.7818419e-03
 MIN: Iter =   48  NFunc =   901  E =    -148.09301  RMSG = 5.5755816e-03
 MIN: Iter =   49  NFunc =   952  E =    -148.09355  RMSG = 1.6173507e-02
 MIN: Iter =   50  NFunc =   960  E =    -148.09362  RMSG = 6.6946985e-03
 MIN: Iter =   51  NFunc =   993  E =    -148.09392  RMSG = 6.4429232e-03
 MIN: Iter =   52  NFunc =  1037  E =    -148.09424  RMSG = 9.7039832e-03
 MIN: Iter =   53  NFunc =  1044  E =    -148.09426  RMSG = 3.7948208e-03
 MIN: Iter =   54  NFunc =  1067  E =    -148.09432  RMSG = 3.0063022e-03
 MIN: Iter =   55  NFunc =  1117  E =    -148.09437  RMSG = 2.1316428e-03
 MIN: Iter =   56  NFunc =  1168  E =    -148.09443  RMSG = 8.9178946e-03
 MIN: Iter =   57  NFunc =  1174  E =    -148.09444  RMSG = 2.6207960e-03
 MIN: Iter =   58  NFunc =  1225  E =    -148.09449  RMSG = 1.1802729e-02
 MIN: Iter =   59  NFunc =  1231  E =    -148.09451  RMSG = 2.3329619e-03
 MIN: Iter =   60  NFunc =  1255  E =    -148.09454  RMSG = 2.0800367e-03
 MIN: Iter =   61  NFunc =  1262  E =    -148.09454  RMSG = 1.4388327e-03
 MIN: Iter =   62  NFunc =  1308  E =    -148.09455  RMSG = 1.1687769e-03
 MIN: Iter =   63  NFunc =  1359  E =    -148.09458  RMSG = 2.5637731e-03
 MIN: Iter =   64  NFunc =  1381  E =    -148.09460  RMSG = 2.3202170e-03
 MIN: Iter =   65  NFunc =  1432  E =    -148.09462  RMSG = 2.4037377e-03
 MIN: Iter =   66  NFunc =  1445  E =    -148.09462  RMSG = 1.0795295e-03
 MIN: Iter =   67  NFunc =  1476  E =    -148.09463  RMSG = 6.9406933e-04
 MIN: Iter =   68  NFunc =  1527  E =    -148.09463  RMSG = 7.1661634e-04
 MIN: Iter =   69  NFunc =  1567  E =    -148.09464  RMSG = 1.9223562e-03
 MIN: Iter =   70  NFunc =  1573  E =    -148.09464  RMSG = 4.5722900e-04
----------------------------------------------------------------
 END:          :-)  E =    -148.09464  RMSG =   0.0004572

     bond:      1.417750508
    angle:      2.497191235
 dihedral:     12.735794106
    enb14:      9.823016596
    eel14:   -231.548050037
      enb:     -4.841881911
      eel:     80.163308582
      egb:    -18.341767551
    econs:      0.000000000
    esurf:      0.000000000
    Total:   -148.094638473
     frms:      0.000457229
====== rms.dat  ======================================================
#Frame      all_heavy
       1       0.5891
