====== tleap.out =====================================================
-I: Adding /home/case/amber24/dat/leap/prep to search path.
-I: Adding /home/case/amber24/dat/leap/lib to search path.
-I: Adding /home/case/amber24/dat/leap/parm to search path.
-I: Adding /home/case/amber24/dat/leap/cmd to search path.
-f: Source leap.in.

Welcome to LEaP!
(no leaprc in search path)
Sourcing: ./leap.in
Using Bondi radii
----- Source: /home/case/amber24/dat/leap/cmd/leaprc.gaff2
----- Source of /home/case/amber24/dat/leap/cmd/leaprc.gaff2 done
Log file: ./leap.log
Loading parameters: /home/case/amber24/dat/leap/parm/gaff2.dat
Reading title:
AMBER General Force Field for organic molecules (Version 2.2.20, March 2021)
Loading parameters: ./KLG.frcmod
Reading force field modification type file (frcmod)
Reading title:
Remark line goes here
Loading Mol2 file: ./KLG.mol2
Reading MOLECULE named KLG
Checking Unit.
Building topology.
"order_residues" off: keep input residue order.
Building atom parameters.
Building bond parameters.
Building angle parameters.
Building proper torsion parameters.
Building improper torsion parameters.
 total 8 improper torsions applied
Building H-Bond parameters.
Incorporating Non-Bonded adjustments.
Not Marking per-residue atom chain types.
Marking per-residue atom chain types.
  (Residues lacking connect0/connect1 - 
   these don't have chain types marked:

	res	total affected

	KLG	1
  )
 (no restraints)
	Quit

Exiting LEaP: Errors = 0; Warnings = 0; Notes = 0.
====== min.o =========================================================
Reading parm file (KLG.parm7)
title:
KLG                                                                             
no velocities were found
no velocities were found
	mm_options:  ntpr=5
	mm_options:  gb=1
	mm_options:  kappa=0.10395
	mm_options:  rgbmax=99.
	mm_options:  cut=99.0
	mm_options:  wcons=0.
     bond:      2.179101620
    angle:      4.249133139
 dihedral:     28.360860477
    enb14:      6.148036794
    eel14:    121.204379646
      enb:     -2.383141705
      eel:   -161.351355476
      egb:    -28.713138119
    econs:      0.000000000
    esurf:      0.000000000
    Total:    -30.306123623
     frms:      8.869669356
Starting TNCG minimisation
 MIN: Iter =    0  NFunc =     1  E =     -30.30612  RMSG = 8.8696694e+00
 MIN: Iter =    1  NFunc =    11  E =     -37.76960  RMSG = 5.2089385e+00
 MIN: Iter =    2  NFunc =    17  E =     -41.14698  RMSG = 2.5783774e+00
 MIN: Iter =    3  NFunc =    29  E =     -41.89170  RMSG = 3.0160898e+00
 MIN: Iter =    4  NFunc =    35  E =     -42.18445  RMSG = 5.0529030e-01
 MIN: Iter =    5  NFunc =    47  E =     -42.32455  RMSG = 1.1144241e+00
 MIN: Iter =    6  NFunc =    53  E =     -42.35788  RMSG = 1.4260624e-01
 MIN: Iter =    7  NFunc =    65  E =     -42.36763  RMSG = 1.0368219e-01
 MIN: Iter =    8  NFunc =    92  E =     -42.39473  RMSG = 5.8178072e-01
 MIN: Iter =    9  NFunc =    98  E =     -42.41456  RMSG = 1.0101778e-01
 MIN: Iter =   10  NFunc =   109  E =     -42.41814  RMSG = 4.4669372e-02
 MIN: Iter =   11  NFunc =   161  E =     -42.42660  RMSG = 1.4866438e-01
 MIN: Iter =   12  NFunc =   168  E =     -42.43027  RMSG = 9.6214220e-02
 MIN: Iter =   13  NFunc =   182  E =     -42.43357  RMSG = 2.8851309e-01
 MIN: Iter =   14  NFunc =   188  E =     -42.43714  RMSG = 6.5101168e-02
 MIN: Iter =   15  NFunc =   196  E =     -42.43856  RMSG = 4.8315902e-02
 MIN: Iter =   16  NFunc =   204  E =     -42.43928  RMSG = 2.3705816e-02
 MIN: Iter =   17  NFunc =   216  E =     -42.43980  RMSG = 1.4509347e-02
 MIN: Iter =   18  NFunc =   247  E =     -42.44023  RMSG = 1.7232411e-02
 MIN: Iter =   19  NFunc =   292  E =     -42.44046  RMSG = 6.1379667e-03
 MIN: Iter =   20  NFunc =   300  E =     -42.44047  RMSG = 3.0376538e-03
 MIN: Iter =   21  NFunc =   344  E =     -42.44065  RMSG = 1.0249235e-02
 MIN: Iter =   22  NFunc =   350  E =     -42.44066  RMSG = 4.7383033e-03
 MIN: Iter =   23  NFunc =   402  E =     -42.44098  RMSG = 2.0679375e-02
 MIN: Iter =   24  NFunc =   416  E =     -42.44137  RMSG = 3.9283597e-02
 MIN: Iter =   25  NFunc =   424  E =     -42.44165  RMSG = 1.7149381e-02
 MIN: Iter =   26  NFunc =   434  E =     -42.44183  RMSG = 1.3810122e-02
 MIN: Iter =   27  NFunc =   440  E =     -42.44198  RMSG = 1.7114237e-02
 MIN: Iter =   28  NFunc =   449  E =     -42.44209  RMSG = 8.9841645e-03
 MIN: Iter =   29  NFunc =   489  E =     -42.44226  RMSG = 1.9566299e-02
 MIN: Iter =   30  NFunc =   495  E =     -42.44230  RMSG = 5.0943258e-03
 MIN: Iter =   31  NFunc =   521  E =     -42.44234  RMSG = 4.3580312e-03
 MIN: Iter =   32  NFunc =   527  E =     -42.44234  RMSG = 2.6928819e-03
 MIN: Iter =   33  NFunc =   539  E =     -42.44235  RMSG = 1.8187167e-03
 MIN: Iter =   34  NFunc =   554  E =     -42.44235  RMSG = 1.0901183e-03
 MIN: Iter =   35  NFunc =   562  E =     -42.44235  RMSG = 6.9192899e-04
 MIN: Iter =   36  NFunc =   603  E =     -42.44235  RMSG = 4.3215959e-04
----------------------------------------------------------------
 END:          :-)  E =     -42.44235  RMSG =   0.0004322

     bond:      1.801015449
    angle:      3.773130288
 dihedral:     26.198612287
    enb14:      3.981454913
    eel14:    105.773073706
      enb:     -2.270624537
      eel:   -146.997647643
      egb:    -34.701363184
    econs:      0.000000000
    esurf:      0.000000000
    Total:    -42.442348721
     frms:      0.000432160
====== rms.dat  ======================================================
#Frame      all_heavy
       1       0.1729
