====== tleap.out =====================================================
-I: Adding /home/case/amber24/dat/leap/prep to search path.
-I: Adding /home/case/amber24/dat/leap/lib to search path.
-I: Adding /home/case/amber24/dat/leap/parm to search path.
-I: Adding /home/case/amber24/dat/leap/cmd to search path.
-f: Source leap.in.

Welcome to LEaP!
(no leaprc in search path)
Sourcing: ./leap.in
Using Bondi radii
----- Source: /home/case/amber24/dat/leap/cmd/leaprc.gaff2
----- Source of /home/case/amber24/dat/leap/cmd/leaprc.gaff2 done
Log file: ./leap.log
Loading parameters: /home/case/amber24/dat/leap/parm/gaff2.dat
Reading title:
AMBER General Force Field for organic molecules (Version 2.2.20, March 2021)
Loading parameters: ./KNB.frcmod
Reading force field modification type file (frcmod)
Reading title:
Remark line goes here
Loading Mol2 file: ./KNB.mol2
Reading MOLECULE named KNB
Checking Unit.

/home/case/amber24/bin/teLeap: Warning!
The unperturbed charge of the unit (-0.999999) is not zero.

/home/case/amber24/bin/teLeap: Note.
Ignoring the warning from Unit Checking.

Building topology.
"order_residues" off: keep input residue order.
Building atom parameters.
Building bond parameters.
Building angle parameters.
Building proper torsion parameters.
Building improper torsion parameters.
 total 1 improper torsion applied
Building H-Bond parameters.
Incorporating Non-Bonded adjustments.
Not Marking per-residue atom chain types.
Marking per-residue atom chain types.
  (Residues lacking connect0/connect1 - 
   these don't have chain types marked:

	res	total affected

	KNB	1
  )
 (no restraints)
	Quit

Exiting LEaP: Errors = 0; Warnings = 1; Notes = 1.
====== min.o =========================================================
Reading parm file (KNB.parm7)
title:
KNB                                                                             
no velocities were found
no velocities were found
	mm_options:  ntpr=5
	mm_options:  gb=1
	mm_options:  kappa=0.10395
	mm_options:  rgbmax=99.
	mm_options:  cut=99.0
	mm_options:  wcons=0.
     bond:      1.505370409
    angle:      4.208936059
 dihedral:      7.100273585
    enb14:      2.820254435
    eel14:    129.547992732
      enb:      0.497156664
      eel:   -116.447307378
      egb:    -80.111850684
    econs:      0.000000000
    esurf:      0.000000000
    Total:    -50.879174178
     frms:      9.396955242
Starting TNCG minimisation
 MIN: Iter =    0  NFunc =     1  E =     -50.87917  RMSG = 9.3969552e+00
 MIN: Iter =    1  NFunc =     8  E =     -56.10140  RMSG = 2.0074015e+00
 MIN: Iter =    2  NFunc =    17  E =     -56.81161  RMSG = 8.5073301e-01
 MIN: Iter =    3  NFunc =    54  E =     -57.01971  RMSG = 2.1055459e+00
 MIN: Iter =    4  NFunc =    66  E =     -57.36529  RMSG = 8.9128580e-01
 MIN: Iter =    5  NFunc =    77  E =     -57.60900  RMSG = 1.6832936e+00
 MIN: Iter =    6  NFunc =    85  E =     -57.73063  RMSG = 4.4972330e-01
 MIN: Iter =    7  NFunc =   103  E =     -57.86849  RMSG = 1.9847446e+00
 MIN: Iter =    8  NFunc =   109  E =     -57.98829  RMSG = 5.0546388e-01
 MIN: Iter =    9  NFunc =   128  E =     -58.04190  RMSG = 6.0699940e-01
 MIN: Iter =   10  NFunc =   135  E =     -58.11967  RMSG = 1.1606328e+00
 MIN: Iter =   11  NFunc =   141  E =     -58.22122  RMSG = 1.0960909e+00
 MIN: Iter =   12  NFunc =   147  E =     -58.30665  RMSG = 9.0736406e-01
 MIN: Iter =   13  NFunc =   154  E =     -58.38187  RMSG = 1.3186802e+00
 MIN: Iter =   14  NFunc =   160  E =     -58.45961  RMSG = 4.9820708e-01
 MIN: Iter =   15  NFunc =   167  E =     -58.49593  RMSG = 6.1891333e-01
 MIN: Iter =   16  NFunc =   173  E =     -58.54720  RMSG = 1.5183003e+00
 MIN: Iter =   17  NFunc =   179  E =     -58.62921  RMSG = 3.0878236e-01
 MIN: Iter =   18  NFunc =   186  E =     -58.66380  RMSG = 6.4262862e-01
 MIN: Iter =   19  NFunc =   194  E =     -58.70432  RMSG = 4.6463364e-01
 MIN: Iter =   20  NFunc =   226  E =     -58.79405  RMSG = 1.1855141e+00
 MIN: Iter =   21  NFunc =   232  E =     -58.87175  RMSG = 4.7883521e-01
 MIN: Iter =   22  NFunc =   238  E =     -58.90819  RMSG = 5.3051923e-01
 MIN: Iter =   23  NFunc =   247  E =     -58.94521  RMSG = 3.9708054e-01
 MIN: Iter =   24  NFunc =   264  E =     -58.97584  RMSG = 2.9851771e-01
 MIN: Iter =   25  NFunc =   277  E =     -58.98320  RMSG = 6.8713209e-02
 MIN: Iter =   26  NFunc =   295  E =     -58.98878  RMSG = 2.3041439e-01
 MIN: Iter =   27  NFunc =   301  E =     -58.99009  RMSG = 4.7610876e-02
 MIN: Iter =   28  NFunc =   318  E =     -58.99381  RMSG = 1.0143583e-01
 MIN: Iter =   29  NFunc =   332  E =     -58.99714  RMSG = 9.3468133e-02
 MIN: Iter =   30  NFunc =   341  E =     -59.01039  RMSG = 7.4233988e-01
 MIN: Iter =   31  NFunc =   349  E =     -59.05137  RMSG = 1.0311845e+00
 MIN: Iter =   32  NFunc =   355  E =     -59.14136  RMSG = 2.6403915e+00
 MIN: Iter =   33  NFunc =   362  E =     -59.51323  RMSG = 1.9977379e+00
 MIN: Iter =   34  NFunc =   366  E =     -59.95061  RMSG = 3.0831005e+00
 MIN: Iter =   35  NFunc =   372  E =     -60.80156  RMSG = 2.5849500e+00
 MIN: Iter =   36  NFunc =   378  E =     -61.59297  RMSG = 1.7874772e+00
 MIN: Iter =   37  NFunc =   389  E =     -62.40760  RMSG = 2.3446144e+00
 MIN: Iter =   38  NFunc =   395  E =     -63.01127  RMSG = 1.9229995e+00
 MIN: Iter =   39  NFunc =   401  E =     -63.24923  RMSG = 7.1989559e-01
 MIN: Iter =   40  NFunc =   415  E =     -63.39583  RMSG = 1.1178460e+00
 MIN: Iter =   41  NFunc =   421  E =     -63.43920  RMSG = 2.7605324e-01
 MIN: Iter =   42  NFunc =   450  E =     -63.49352  RMSG = 3.0040448e-01
 MIN: Iter =   43  NFunc =   465  E =     -63.54733  RMSG = 4.5774927e-01
 MIN: Iter =   44  NFunc =   471  E =     -63.58299  RMSG = 4.0410535e-01
 MIN: Iter =   45  NFunc =   477  E =     -63.60246  RMSG = 2.6886478e-01
 MIN: Iter =   46  NFunc =   483  E =     -63.61059  RMSG = 1.8283826e-01
 MIN: Iter =   47  NFunc =   495  E =     -63.62583  RMSG = 5.6839345e-01
 MIN: Iter =   48  NFunc =   501  E =     -63.63329  RMSG = 1.1280058e-01
 MIN: Iter =   49  NFunc =   521  E =     -63.64509  RMSG = 1.8305778e-01
 MIN: Iter =   50  NFunc =   527  E =     -63.64625  RMSG = 5.4967545e-02
 MIN: Iter =   51  NFunc =   550  E =     -63.64831  RMSG = 9.4765152e-02
 MIN: Iter =   52  NFunc =   557  E =     -63.64866  RMSG = 2.8017955e-02
 MIN: Iter =   53  NFunc =   571  E =     -63.64903  RMSG = 1.4007180e-02
 MIN: Iter =   54  NFunc =   580  E =     -63.64908  RMSG = 5.2104651e-03
 MIN: Iter =   55  NFunc =   593  E =     -63.64909  RMSG = 2.2442932e-03
 MIN: Iter =   56  NFunc =   607  E =     -63.64909  RMSG = 1.2780175e-03
 MIN: Iter =   57  NFunc =   618  E =     -63.64910  RMSG = 6.9351634e-04
 MIN: Iter =   58  NFunc =   638  E =     -63.64910  RMSG = 5.4012127e-04
 MIN: Iter =   59  NFunc =   661  E =     -63.64910  RMSG = 9.2078675e-04
 MIN: Iter =   60  NFunc =   669  E =     -63.64910  RMSG = 6.5990552e-04
 MIN: Iter =   61  NFunc =   680  E =     -63.64910  RMSG = 3.2260683e-04
----------------------------------------------------------------
 END:          :-)  E =     -63.64910  RMSG =   0.0003226

     bond:      2.109404539
    angle:      4.931168008
 dihedral:      4.969973844
    enb14:      0.342856237
    eel14:    139.731725852
      enb:     -0.914407461
      eel:   -116.525493766
      egb:    -98.294324373
    econs:      0.000000000
    esurf:      0.000000000
    Total:    -63.649097119
     frms:      0.000322607
====== rms.dat  ======================================================
#Frame      all_heavy
       1       1.3367
