====== tleap.out =====================================================
-I: Adding /home/case/amber24/dat/leap/prep to search path.
-I: Adding /home/case/amber24/dat/leap/lib to search path.
-I: Adding /home/case/amber24/dat/leap/parm to search path.
-I: Adding /home/case/amber24/dat/leap/cmd to search path.
-f: Source leap.in.

Welcome to LEaP!
(no leaprc in search path)
Sourcing: ./leap.in
Using Bondi radii
----- Source: /home/case/amber24/dat/leap/cmd/leaprc.gaff2
----- Source of /home/case/amber24/dat/leap/cmd/leaprc.gaff2 done
Log file: ./leap.log
Loading parameters: /home/case/amber24/dat/leap/parm/gaff2.dat
Reading title:
AMBER General Force Field for organic molecules (Version 2.2.20, March 2021)
Loading parameters: ./KNN.frcmod
Reading force field modification type file (frcmod)
Reading title:
Remark line goes here
Loading Mol2 file: ./KNN.mol2
Reading MOLECULE named KNN
Checking Unit.
Building topology.
"order_residues" off: keep input residue order.
Building atom parameters.
Building bond parameters.
Building angle parameters.
Building proper torsion parameters.
Building improper torsion parameters.
 total 6 improper torsions applied
Building H-Bond parameters.
Incorporating Non-Bonded adjustments.
Not Marking per-residue atom chain types.
Marking per-residue atom chain types.
  (Residues lacking connect0/connect1 - 
   these don't have chain types marked:

	res	total affected

	KNN	1
  )
 (no restraints)
	Quit

Exiting LEaP: Errors = 0; Warnings = 0; Notes = 0.
====== min.o =========================================================
Reading parm file (KNN.parm7)
title:
KNN                                                                             
no velocities were found
no velocities were found
	mm_options:  ntpr=5
	mm_options:  gb=1
	mm_options:  kappa=0.10395
	mm_options:  rgbmax=99.
	mm_options:  cut=99.0
	mm_options:  wcons=0.
     bond:      0.328051476
    angle:      0.740525002
 dihedral:      0.117259279
    enb14:      4.363705906
    eel14:      6.568675399
      enb:      0.504563371
      eel:     -7.901886645
      egb:     -8.718212528
    econs:      0.000000000
    esurf:      0.000000000
    Total:     -3.997318740
     frms:      5.076142320
Starting TNCG minimisation
 MIN: Iter =    0  NFunc =     1  E =      -3.99732  RMSG = 5.0761423e+00
 MIN: Iter =    1  NFunc =     7  E =      -6.11245  RMSG = 1.9367072e+00
 MIN: Iter =    2  NFunc =    17  E =      -6.69410  RMSG = 9.7369076e-01
 MIN: Iter =    3  NFunc =    38  E =      -6.92885  RMSG = 7.8028680e-01
 MIN: Iter =    4  NFunc =    47  E =      -6.98828  RMSG = 2.3753179e-01
 MIN: Iter =    5  NFunc =    62  E =      -7.03335  RMSG = 3.8593636e-01
 MIN: Iter =    6  NFunc =    68  E =      -7.04174  RMSG = 9.6699235e-02
 MIN: Iter =    7  NFunc =    86  E =      -7.05212  RMSG = 1.7779712e-01
 MIN: Iter =    8  NFunc =   102  E =      -7.05675  RMSG = 6.9798491e-02
 MIN: Iter =    9  NFunc =   114  E =      -7.05762  RMSG = 2.5339438e-02
 MIN: Iter =   10  NFunc =   128  E =      -7.05791  RMSG = 1.4490852e-02
 MIN: Iter =   11  NFunc =   135  E =      -7.05796  RMSG = 7.8409688e-03
 MIN: Iter =   12  NFunc =   151  E =      -7.05800  RMSG = 4.6387011e-03
 MIN: Iter =   13  NFunc =   174  E =      -7.05801  RMSG = 2.1733601e-03
 MIN: Iter =   14  NFunc =   183  E =      -7.05801  RMSG = 9.5851946e-04
 MIN: Iter =   15  NFunc =   198  E =      -7.05802  RMSG = 6.5434393e-04
 MIN: Iter =   16  NFunc =   223  E =      -7.05802  RMSG = 2.7334165e-04
----------------------------------------------------------------
 END:          :-)  E =      -7.05802  RMSG =   0.0002733

     bond:      0.445346083
    angle:      0.444492207
 dihedral:      0.051074300
    enb14:      3.279935277
    eel14:      6.669876486
      enb:     -0.437353241
      eel:     -7.749287129
      egb:     -9.762099946
    econs:      0.000000000
    esurf:      0.000000000
    Total:     -7.058015963
     frms:      0.000273342
====== rms.dat  ======================================================
#Frame      all_heavy
       1       0.1201
