====== tleap.out =====================================================
-I: Adding /home/case/amber24/dat/leap/prep to search path.
-I: Adding /home/case/amber24/dat/leap/lib to search path.
-I: Adding /home/case/amber24/dat/leap/parm to search path.
-I: Adding /home/case/amber24/dat/leap/cmd to search path.
-f: Source leap.in.

Welcome to LEaP!
(no leaprc in search path)
Sourcing: ./leap.in
Using Bondi radii
----- Source: /home/case/amber24/dat/leap/cmd/leaprc.gaff2
----- Source of /home/case/amber24/dat/leap/cmd/leaprc.gaff2 done
Log file: ./leap.log
Loading parameters: /home/case/amber24/dat/leap/parm/gaff2.dat
Reading title:
AMBER General Force Field for organic molecules (Version 2.2.20, March 2021)
Loading parameters: ./KQ6.frcmod
Reading force field modification type file (frcmod)
Reading title:
Remark line goes here
Loading Mol2 file: ./KQ6.mol2
Reading MOLECULE named KQ6
Checking Unit.

/home/case/amber24/bin/teLeap: Warning!
The unperturbed charge of the unit (-1.998999) is not zero.

/home/case/amber24/bin/teLeap: Note.
Ignoring the warning from Unit Checking.

Building topology.
"order_residues" off: keep input residue order.
Building atom parameters.
Building bond parameters.
Building angle parameters.
Building proper torsion parameters.
Building improper torsion parameters.
 total 22 improper torsions applied
Building H-Bond parameters.
Incorporating Non-Bonded adjustments.
Not Marking per-residue atom chain types.
Marking per-residue atom chain types.
  (Residues lacking connect0/connect1 - 
   these don't have chain types marked:

	res	total affected

	KQ6	1
  )
 (no restraints)
	Quit

Exiting LEaP: Errors = 0; Warnings = 1; Notes = 1.
====== min.o =========================================================
Reading parm file (KQ6.parm7)
title:
KQ6                                                                             
no velocities were found
no velocities were found
	mm_options:  ntpr=5
	mm_options:  gb=1
	mm_options:  kappa=0.10395
	mm_options:  rgbmax=99.
	mm_options:  cut=99.0
	mm_options:  wcons=0.
     bond:      6.987729869
    angle:     39.334425261
 dihedral:     70.011429032
    enb14:      4.920052725
    eel14:    -73.673018853
      enb:     -5.125153773
      eel:     -5.984903355
      egb:   -202.301263690
    econs:      0.000000000
    esurf:      0.000000000
    Total:   -165.830702785
     frms:      9.669691642
Starting TNCG minimisation
 MIN: Iter =    0  NFunc =     1  E =    -165.83070  RMSG = 9.6696916e+00
 MIN: Iter =    1  NFunc =     7  E =    -179.77127  RMSG = 2.7372580e+00
 MIN: Iter =    2  NFunc =    26  E =    -183.54816  RMSG = 2.5936870e+00
 MIN: Iter =    3  NFunc =    35  E =    -186.65220  RMSG = 2.3402026e+00
 MIN: Iter =    4  NFunc =    41  E =    -188.06351  RMSG = 7.7555173e-01
 MIN: Iter =    5  NFunc =    92  E =    -189.00669  RMSG = 9.8310509e-01
 MIN: Iter =    6  NFunc =    98  E =    -189.78605  RMSG = 1.0766051e+00
 MIN: Iter =    7  NFunc =   104  E =    -190.53206  RMSG = 1.0141694e+00
 MIN: Iter =    8  NFunc =   110  E =    -191.24716  RMSG = 1.0270624e+00
 MIN: Iter =    9  NFunc =   137  E =    -192.32297  RMSG = 1.1085094e+00
 MIN: Iter =   10  NFunc =   151  E =    -193.04942  RMSG = 8.5482432e-01
 MIN: Iter =   11  NFunc =   158  E =    -193.54543  RMSG = 6.8924142e-01
 MIN: Iter =   12  NFunc =   164  E =    -193.78829  RMSG = 4.2242145e-01
 MIN: Iter =   13  NFunc =   170  E =    -193.86180  RMSG = 2.2892146e-01
 MIN: Iter =   14  NFunc =   213  E =    -194.12765  RMSG = 2.8735535e-01
 MIN: Iter =   15  NFunc =   236  E =    -194.32096  RMSG = 3.0886272e-01
 MIN: Iter =   16  NFunc =   249  E =    -194.40223  RMSG = 1.6526583e-01
 MIN: Iter =   17  NFunc =   275  E =    -194.49475  RMSG = 2.5107111e-01
 MIN: Iter =   18  NFunc =   317  E =    -194.65552  RMSG = 2.6000653e-01
 MIN: Iter =   19  NFunc =   326  E =    -194.71896  RMSG = 1.9239432e-01
 MIN: Iter =   20  NFunc =   339  E =    -194.75599  RMSG = 1.0171449e-01
 MIN: Iter =   21  NFunc =   390  E =    -194.85810  RMSG = 1.9597727e-01
 MIN: Iter =   22  NFunc =   409  E =    -194.92119  RMSG = 1.8220720e-01
 MIN: Iter =   23  NFunc =   436  E =    -194.97416  RMSG = 1.7240538e-01
 MIN: Iter =   24  NFunc =   457  E =    -195.00194  RMSG = 7.9349369e-02
 MIN: Iter =   25  NFunc =   489  E =    -195.03065  RMSG = 1.3278727e-01
 MIN: Iter =   26  NFunc =   540  E =    -195.07352  RMSG = 1.5616198e-01
 MIN: Iter =   27  NFunc =   546  E =    -195.07988  RMSG = 5.7270973e-02
 MIN: Iter =   28  NFunc =   598  E =    -195.09532  RMSG = 7.1831253e-02
 MIN: Iter =   29  NFunc =   611  E =    -195.10158  RMSG = 5.0065961e-02
 MIN: Iter =   30  NFunc =   627  E =    -195.10631  RMSG = 3.5891431e-02
 MIN: Iter =   31  NFunc =   678  E =    -195.11107  RMSG = 3.6674642e-02
 MIN: Iter =   32  NFunc =   729  E =    -195.11404  RMSG = 2.4305173e-02
 MIN: Iter =   33  NFunc =   780  E =    -195.11715  RMSG = 2.4254271e-02
 MIN: Iter =   34  NFunc =   816  E =    -195.11892  RMSG = 1.4621154e-02
 MIN: Iter =   35  NFunc =   842  E =    -195.11941  RMSG = 7.7623990e-03
 MIN: Iter =   36  NFunc =   881  E =    -195.11970  RMSG = 4.8917990e-03
 MIN: Iter =   37  NFunc =   892  E =    -195.11974  RMSG = 3.4262269e-03
 MIN: Iter =   38  NFunc =   923  E =    -195.11977  RMSG = 1.8269278e-03
 MIN: Iter =   39  NFunc =   974  E =    -195.11980  RMSG = 1.7808199e-03
 MIN: Iter =   40  NFunc =  1002  E =    -195.11981  RMSG = 8.4342094e-04
 MIN: Iter =   41  NFunc =  1047  E =    -195.11982  RMSG = 6.8148655e-04
 MIN: Iter =   42  NFunc =  1075  E =    -195.11982  RMSG = 4.3718018e-04
----------------------------------------------------------------
 END:          :-)  E =    -195.11982  RMSG =   0.0004372

     bond:      1.884391711
    angle:     30.955354388
 dihedral:     62.555986480
    enb14:      2.942381948
    eel14:    -75.953569672
      enb:    -12.622217515
      eel:      2.044536201
      egb:   -206.926682161
    econs:      0.000000000
    esurf:      0.000000000
    Total:   -195.119818620
     frms:      0.000437180
====== rms.dat  ======================================================
#Frame      all_heavy
       1       0.6777
