====== tleap.out =====================================================
-I: Adding /home/case/amber24/dat/leap/prep to search path.
-I: Adding /home/case/amber24/dat/leap/lib to search path.
-I: Adding /home/case/amber24/dat/leap/parm to search path.
-I: Adding /home/case/amber24/dat/leap/cmd to search path.
-f: Source leap.in.

Welcome to LEaP!
(no leaprc in search path)
Sourcing: ./leap.in
Using Bondi radii
----- Source: /home/case/amber24/dat/leap/cmd/leaprc.gaff2
----- Source of /home/case/amber24/dat/leap/cmd/leaprc.gaff2 done
Log file: ./leap.log
Loading parameters: /home/case/amber24/dat/leap/parm/gaff2.dat
Reading title:
AMBER General Force Field for organic molecules (Version 2.2.20, March 2021)
Loading parameters: ./KRU.frcmod
Reading force field modification type file (frcmod)
Reading title:
Remark line goes here
Loading Mol2 file: ./KRU.mol2
Reading MOLECULE named KRU
Checking Unit.

/home/case/amber24/bin/teLeap: Warning!
The unperturbed charge of the unit (0.998000) is not zero.

/home/case/amber24/bin/teLeap: Note.
Ignoring the warning from Unit Checking.

Building topology.
"order_residues" off: keep input residue order.
Building atom parameters.
Building bond parameters.
Building angle parameters.
Building proper torsion parameters.
Building improper torsion parameters.
 total 14 improper torsions applied
Building H-Bond parameters.
Incorporating Non-Bonded adjustments.
Not Marking per-residue atom chain types.
Marking per-residue atom chain types.
  (Residues lacking connect0/connect1 - 
   these don't have chain types marked:

	res	total affected

	KRU	1
  )
 (no restraints)
	Quit

Exiting LEaP: Errors = 0; Warnings = 1; Notes = 1.
====== min.o =========================================================
Reading parm file (KRU.parm7)
title:
KRU                                                                             
no velocities were found
no velocities were found
	mm_options:  ntpr=5
	mm_options:  gb=1
	mm_options:  kappa=0.10395
	mm_options:  rgbmax=99.
	mm_options:  cut=99.0
	mm_options:  wcons=0.
     bond:      2.737741199
    angle:     16.933763010
 dihedral:     18.192326826
    enb14:      9.115608508
    eel14:    161.588229758
      enb:     -4.154793219
      eel:    -95.329915778
      egb:    -57.419813801
    econs:      0.000000000
    esurf:      0.000000000
    Total:     51.663146504
     frms:     10.290880864
Starting TNCG minimisation
 MIN: Iter =    0  NFunc =     1  E =      51.66315  RMSG = 1.0290881e+01
 MIN: Iter =    1  NFunc =     7  E =      41.73086  RMSG = 2.9442927e+00
 MIN: Iter =    2  NFunc =    17  E =      38.44547  RMSG = 1.5294801e+00
 MIN: Iter =    3  NFunc =    23  E =      38.13717  RMSG = 5.3611562e-01
 MIN: Iter =    4  NFunc =    39  E =      37.80440  RMSG = 5.4616240e-01
 MIN: Iter =    5  NFunc =    90  E =      37.53550  RMSG = 8.1358007e-01
 MIN: Iter =    6  NFunc =    96  E =      37.40663  RMSG = 3.7085935e-01
 MIN: Iter =    7  NFunc =   121  E =      37.20227  RMSG = 5.7942800e-01
 MIN: Iter =    8  NFunc =   127  E =      37.13044  RMSG = 2.7959099e-01
 MIN: Iter =    9  NFunc =   138  E =      37.07891  RMSG = 2.5451315e-01
 MIN: Iter =   10  NFunc =   159  E =      37.03205  RMSG = 1.4817031e-01
 MIN: Iter =   11  NFunc =   171  E =      37.02088  RMSG = 7.5495608e-02
 MIN: Iter =   12  NFunc =   222  E =      36.98026  RMSG = 4.6778898e-01
 MIN: Iter =   13  NFunc =   228  E =      36.94587  RMSG = 1.5382340e-01
 MIN: Iter =   14  NFunc =   236  E =      36.92655  RMSG = 2.1522940e-01
 MIN: Iter =   15  NFunc =   245  E =      36.91350  RMSG = 1.0644304e-01
 MIN: Iter =   16  NFunc =   261  E =      36.89426  RMSG = 2.9938425e-01
 MIN: Iter =   17  NFunc =   267  E =      36.88511  RMSG = 9.1527678e-02
 MIN: Iter =   18  NFunc =   273  E =      36.88116  RMSG = 8.1783013e-02
 MIN: Iter =   19  NFunc =   320  E =      36.87167  RMSG = 9.0718341e-02
 MIN: Iter =   20  NFunc =   344  E =      36.86483  RMSG = 1.0069227e-01
 MIN: Iter =   21  NFunc =   350  E =      36.86341  RMSG = 2.9869637e-02
 MIN: Iter =   22  NFunc =   377  E =      36.86155  RMSG = 3.6111161e-02
 MIN: Iter =   23  NFunc =   389  E =      36.86121  RMSG = 1.2315182e-02
 MIN: Iter =   24  NFunc =   425  E =      36.86083  RMSG = 7.5204977e-03
 MIN: Iter =   25  NFunc =   438  E =      36.86079  RMSG = 3.7636636e-03
 MIN: Iter =   26  NFunc =   451  E =      36.86077  RMSG = 1.9384406e-03
 MIN: Iter =   27  NFunc =   460  E =      36.86077  RMSG = 1.0908131e-03
 MIN: Iter =   28  NFunc =   510  E =      36.86077  RMSG = 6.8643441e-04
 MIN: Iter =   29  NFunc =   548  E =      36.86076  RMSG = 4.3046441e-04
----------------------------------------------------------------
 END:          :-)  E =      36.86076  RMSG =   0.0004305

     bond:      2.254234228
    angle:      9.741316284
 dihedral:     17.796670876
    enb14:      6.078983676
    eel14:    146.840028341
      enb:     -4.148668434
      eel:    -79.619845367
      egb:    -62.081956441
    econs:      0.000000000
    esurf:      0.000000000
    Total:     36.860763165
     frms:      0.000430464
====== rms.dat  ======================================================
#Frame      all_heavy
       1       0.3408
