====== tleap.out =====================================================
-I: Adding /home/case/amber24/dat/leap/prep to search path.
-I: Adding /home/case/amber24/dat/leap/lib to search path.
-I: Adding /home/case/amber24/dat/leap/parm to search path.
-I: Adding /home/case/amber24/dat/leap/cmd to search path.
-f: Source leap.in.

Welcome to LEaP!
(no leaprc in search path)
Sourcing: ./leap.in
Using Bondi radii
----- Source: /home/case/amber24/dat/leap/cmd/leaprc.gaff2
----- Source of /home/case/amber24/dat/leap/cmd/leaprc.gaff2 done
Log file: ./leap.log
Loading parameters: /home/case/amber24/dat/leap/parm/gaff2.dat
Reading title:
AMBER General Force Field for organic molecules (Version 2.2.20, March 2021)
Loading parameters: ./KSA.frcmod
Reading force field modification type file (frcmod)
Reading title:
Remark line goes here
Loading Mol2 file: ./KSA.mol2
Reading MOLECULE named KSA
Checking Unit.
Building topology.
"order_residues" off: keep input residue order.
Building atom parameters.
Building bond parameters.
Building angle parameters.
Building proper torsion parameters.
Building improper torsion parameters.
 total 23 improper torsions applied
Building H-Bond parameters.
Incorporating Non-Bonded adjustments.
Not Marking per-residue atom chain types.
Marking per-residue atom chain types.
  (Residues lacking connect0/connect1 - 
   these don't have chain types marked:

	res	total affected

	KSA	1
  )
 (no restraints)
	Quit

Exiting LEaP: Errors = 0; Warnings = 0; Notes = 0.
====== min.o =========================================================
Reading parm file (KSA.parm7)
title:
KSA                                                                             
no velocities were found
no velocities were found
	mm_options:  ntpr=5
	mm_options:  gb=1
	mm_options:  kappa=0.10395
	mm_options:  rgbmax=99.
	mm_options:  cut=99.0
	mm_options:  wcons=0.
     bond:      3.660128765
    angle:     74.151390665
 dihedral:     26.669152574
    enb14:     16.332237689
    eel14:     33.350132112
      enb:     -6.380022539
      eel:    -49.637480391
      egb:    -26.577513647
    econs:      0.000000000
    esurf:      0.000000000
    Total:     71.568025229
     frms:     10.646076512
Starting TNCG minimisation
 MIN: Iter =    0  NFunc =     1  E =      71.56803  RMSG = 1.0646077e+01
 MIN: Iter =    1  NFunc =     7  E =      58.37419  RMSG = 2.8683384e+00
 MIN: Iter =    2  NFunc =    13  E =      56.52986  RMSG = 1.0600995e+00
 MIN: Iter =    3  NFunc =    25  E =      55.92460  RMSG = 4.9992944e-01
 MIN: Iter =    4  NFunc =    50  E =      55.55950  RMSG = 8.9979749e-01
 MIN: Iter =    5  NFunc =    71  E =      55.39890  RMSG = 1.9585861e-01
 MIN: Iter =    6  NFunc =    91  E =      55.34860  RMSG = 1.7021107e-01
 MIN: Iter =    7  NFunc =   118  E =      55.31785  RMSG = 1.6000485e-01
 MIN: Iter =    8  NFunc =   124  E =      55.31416  RMSG = 4.4107888e-02
 MIN: Iter =    9  NFunc =   144  E =      55.30981  RMSG = 2.7427623e-02
 MIN: Iter =   10  NFunc =   161  E =      55.30877  RMSG = 1.7364209e-02
 MIN: Iter =   11  NFunc =   196  E =      55.30812  RMSG = 9.1811531e-03
 MIN: Iter =   12  NFunc =   214  E =      55.30801  RMSG = 5.6156535e-03
 MIN: Iter =   13  NFunc =   239  E =      55.30792  RMSG = 3.1092571e-03
 MIN: Iter =   14  NFunc =   259  E =      55.30791  RMSG = 1.9124088e-03
 MIN: Iter =   15  NFunc =   289  E =      55.30790  RMSG = 1.1550180e-03
 MIN: Iter =   16  NFunc =   303  E =      55.30790  RMSG = 5.7393477e-04
 MIN: Iter =   17  NFunc =   326  E =      55.30789  RMSG = 3.1930623e-04
----------------------------------------------------------------
 END:          :-)  E =      55.30789  RMSG =   0.0003193

     bond:      4.588002355
    angle:     67.985896392
 dihedral:     26.318888558
    enb14:     11.907087388
    eel14:     28.563890629
      enb:     -9.019835725
      eel:    -47.662092933
      egb:    -27.373942083
    econs:      0.000000000
    esurf:      0.000000000
    Total:     55.307894581
     frms:      0.000319306
====== rms.dat  ======================================================
#Frame      all_heavy
       1       0.1364
