====== tleap.out =====================================================
-I: Adding /home/case/amber24/dat/leap/prep to search path.
-I: Adding /home/case/amber24/dat/leap/lib to search path.
-I: Adding /home/case/amber24/dat/leap/parm to search path.
-I: Adding /home/case/amber24/dat/leap/cmd to search path.
-f: Source leap.in.

Welcome to LEaP!
(no leaprc in search path)
Sourcing: ./leap.in
Using Bondi radii
----- Source: /home/case/amber24/dat/leap/cmd/leaprc.gaff2
----- Source of /home/case/amber24/dat/leap/cmd/leaprc.gaff2 done
Log file: ./leap.log
Loading parameters: /home/case/amber24/dat/leap/parm/gaff2.dat
Reading title:
AMBER General Force Field for organic molecules (Version 2.2.20, March 2021)
Loading parameters: ./KSV.frcmod
Reading force field modification type file (frcmod)
Reading title:
Remark line goes here
Loading Mol2 file: ./KSV.mol2
Reading MOLECULE named KSV
Checking Unit.

/home/case/amber24/bin/teLeap: Warning!
The unperturbed charge of the unit (-0.999999) is not zero.

/home/case/amber24/bin/teLeap: Note.
Ignoring the warning from Unit Checking.

Building topology.
"order_residues" off: keep input residue order.
Building atom parameters.
Building bond parameters.
Building angle parameters.
Building proper torsion parameters.
Building improper torsion parameters.
 total 0 improper torsions applied
Building H-Bond parameters.
Incorporating Non-Bonded adjustments.
Not Marking per-residue atom chain types.
Marking per-residue atom chain types.
  (Residues lacking connect0/connect1 - 
   these don't have chain types marked:

	res	total affected

	KSV	1
  )
 (no restraints)
	Quit

Exiting LEaP: Errors = 0; Warnings = 1; Notes = 1.
====== min.o =========================================================
Reading parm file (KSV.parm7)
title:
KSV                                                                             
no velocities were found
no velocities were found
	mm_options:  ntpr=5
	mm_options:  gb=1
	mm_options:  kappa=0.10395
	mm_options:  rgbmax=99.
	mm_options:  cut=99.0
	mm_options:  wcons=0.
     bond:      1.152076096
    angle:      7.150977658
 dihedral:     34.780212224
    enb14:      1.761641213
    eel14:      6.976092831
      enb:     -1.567585549
      eel:    -60.861119827
      egb:    -86.022876464
    econs:      0.000000000
    esurf:      0.000000000
    Total:    -96.630581819
     frms:     12.313060529
Starting TNCG minimisation
 MIN: Iter =    0  NFunc =     1  E =     -96.63058  RMSG = 1.2313061e+01
 MIN: Iter =    1  NFunc =     7  E =    -102.11244  RMSG = 2.0248008e+00
 MIN: Iter =    2  NFunc =    14  E =    -102.72443  RMSG = 8.6435637e-01
 MIN: Iter =    3  NFunc =    21  E =    -102.87255  RMSG = 4.4611643e-01
 MIN: Iter =    4  NFunc =    27  E =    -102.89835  RMSG = 1.9054562e-01
 MIN: Iter =    5  NFunc =    33  E =    -102.91054  RMSG = 1.2908619e-01
 MIN: Iter =    6  NFunc =    40  E =    -102.91784  RMSG = 9.4105613e-02
 MIN: Iter =    7  NFunc =    57  E =    -102.92443  RMSG = 5.2602019e-02
 MIN: Iter =    8  NFunc =    75  E =    -102.92832  RMSG = 2.0030203e-01
 MIN: Iter =    9  NFunc =    98  E =    -102.93194  RMSG = 2.1362927e-01
 MIN: Iter =   10  NFunc =   109  E =    -102.93755  RMSG = 4.3915969e-01
 MIN: Iter =   11  NFunc =   115  E =    -102.94407  RMSG = 1.1677806e-01
 MIN: Iter =   12  NFunc =   134  E =    -102.94984  RMSG = 2.8306739e-01
 MIN: Iter =   13  NFunc =   141  E =    -102.95816  RMSG = 4.4246818e-01
 MIN: Iter =   14  NFunc =   148  E =    -102.96729  RMSG = 4.4411192e-01
 MIN: Iter =   15  NFunc =   155  E =    -102.98342  RMSG = 6.6988503e-01
 MIN: Iter =   16  NFunc =   162  E =    -103.01461  RMSG = 1.0283286e+00
 MIN: Iter =   17  NFunc =   168  E =    -103.07456  RMSG = 2.3165159e+00
 MIN: Iter =   18  NFunc =   174  E =    -103.30033  RMSG = 1.0894102e+00
 MIN: Iter =   19  NFunc =   181  E =    -103.47078  RMSG = 2.2679586e+00
 MIN: Iter =   20  NFunc =   188  E =    -103.73891  RMSG = 2.3617973e+00
 MIN: Iter =   21  NFunc =   195  E =    -104.09697  RMSG = 2.5678163e+00
 MIN: Iter =   22  NFunc =   201  E =    -104.54340  RMSG = 3.8624527e+00
 MIN: Iter =   23  NFunc =   207  E =    -104.94930  RMSG = 6.0137795e-01
 MIN: Iter =   24  NFunc =   213  E =    -105.05594  RMSG = 1.8232092e+00
 MIN: Iter =   25  NFunc =   219  E =    -105.13862  RMSG = 2.1210263e-01
 MIN: Iter =   26  NFunc =   227  E =    -105.15327  RMSG = 1.4335926e-01
 MIN: Iter =   27  NFunc =   257  E =    -105.17572  RMSG = 2.6561114e-01
 MIN: Iter =   28  NFunc =   270  E =    -105.18472  RMSG = 8.6956847e-02
 MIN: Iter =   29  NFunc =   287  E =    -105.21836  RMSG = 9.2406567e-01
 MIN: Iter =   30  NFunc =   293  E =    -105.24930  RMSG = 1.7135339e-01
 MIN: Iter =   31  NFunc =   311  E =    -105.30707  RMSG = 1.0049462e+00
 MIN: Iter =   32  NFunc =   317  E =    -105.34360  RMSG = 1.5841485e-01
 MIN: Iter =   33  NFunc =   344  E =    -105.40835  RMSG = 8.8031366e-01
 MIN: Iter =   34  NFunc =   350  E =    -105.43710  RMSG = 1.6873880e-01
 MIN: Iter =   35  NFunc =   374  E =    -105.50373  RMSG = 7.6143334e-01
 MIN: Iter =   36  NFunc =   390  E =    -105.60478  RMSG = 8.1175563e-01
 MIN: Iter =   37  NFunc =   428  E =    -105.76635  RMSG = 1.4156442e+00
 MIN: Iter =   38  NFunc =   439  E =    -105.97576  RMSG = 1.4588542e+00
 MIN: Iter =   39  NFunc =   445  E =    -106.21885  RMSG = 1.6987608e+00
 MIN: Iter =   40  NFunc =   451  E =    -106.52041  RMSG = 1.6979159e+00
 MIN: Iter =   41  NFunc =   457  E =    -106.87107  RMSG = 1.6943356e+00
 MIN: Iter =   42  NFunc =   463  E =    -107.24014  RMSG = 1.4800330e+00
 MIN: Iter =   43  NFunc =   469  E =    -107.54784  RMSG = 1.0351946e+00
 MIN: Iter =   44  NFunc =   476  E =    -107.68970  RMSG = 4.7219459e-01
 MIN: Iter =   45  NFunc =   491  E =    -107.75214  RMSG = 5.0247653e-01
 MIN: Iter =   46  NFunc =   508  E =    -107.82173  RMSG = 6.5429023e-01
 MIN: Iter =   47  NFunc =   523  E =    -107.94748  RMSG = 1.0237751e+00
 MIN: Iter =   48  NFunc =   537  E =    -108.24833  RMSG = 2.3219142e+00
 MIN: Iter =   49  NFunc =   543  E =    -108.46813  RMSG = 5.0844438e-01
 MIN: Iter =   50  NFunc =   552  E =    -108.85274  RMSG = 2.4205401e+00
 MIN: Iter =   51  NFunc =   576  E =    -109.77680  RMSG = 2.4331443e+00
 MIN: Iter =   52  NFunc =   582  E =    -110.40572  RMSG = 1.5025200e+00
 MIN: Iter =   53  NFunc =   589  E =    -110.83912  RMSG = 7.0331438e-01
 MIN: Iter =   54  NFunc =   636  E =    -111.33235  RMSG = 1.3934809e+00
 MIN: Iter =   55  NFunc =   665  E =    -111.78858  RMSG = 1.4465972e+00
 MIN: Iter =   56  NFunc =   681  E =    -112.24445  RMSG = 1.4863003e+00
 MIN: Iter =   57  NFunc =   689  E =    -112.65983  RMSG = 1.4925138e+00
 MIN: Iter =   58  NFunc =   695  E =    -113.07648  RMSG = 1.3577637e+00
 MIN: Iter =   59  NFunc =   724  E =    -113.63522  RMSG = 1.7696348e+00
 MIN: Iter =   60  NFunc =   735  E =    -114.26929  RMSG = 1.5757046e+00
 MIN: Iter =   61  NFunc =   741  E =    -114.92058  RMSG = 1.5275565e+00
 MIN: Iter =   62  NFunc =   747  E =    -115.56354  RMSG = 1.5521412e+00
 MIN: Iter =   63  NFunc =   753  E =    -116.19242  RMSG = 1.4565876e+00
 MIN: Iter =   64  NFunc =   759  E =    -116.73219  RMSG = 1.1977298e+00
 MIN: Iter =   65  NFunc =   765  E =    -117.05201  RMSG = 8.8940337e-01
 MIN: Iter =   66  NFunc =   773  E =    -117.28245  RMSG = 8.5984652e-01
 MIN: Iter =   67  NFunc =   805  E =    -117.61575  RMSG = 1.4761251e+00
 MIN: Iter =   68  NFunc =   812  E =    -117.73941  RMSG = 3.7307745e-01
 MIN: Iter =   69  NFunc =   822  E =    -117.80832  RMSG = 6.9046119e-01
 MIN: Iter =   70  NFunc =   830  E =    -117.83201  RMSG = 1.6081732e-01
 MIN: Iter =   71  NFunc =   854  E =    -117.86925  RMSG = 7.9123913e-01
 MIN: Iter =   72  NFunc =   860  E =    -117.88341  RMSG = 1.1231413e-01
 MIN: Iter =   73  NFunc =   881  E =    -117.89574  RMSG = 1.0229349e-01
 MIN: Iter =   74  NFunc =   905  E =    -117.90096  RMSG = 5.1418322e-02
 MIN: Iter =   75  NFunc =   914  E =    -117.90163  RMSG = 3.1354336e-02
 MIN: Iter =   76  NFunc =   923  E =    -117.90200  RMSG = 1.5392295e-02
 MIN: Iter =   77  NFunc =   951  E =    -117.90247  RMSG = 7.7164122e-03
 MIN: Iter =   78  NFunc =   963  E =    -117.90252  RMSG = 7.2406067e-03
 MIN: Iter =   79  NFunc =   974  E =    -117.90256  RMSG = 5.3053109e-03
 MIN: Iter =   80  NFunc =   986  E =    -117.90256  RMSG = 2.6893413e-03
 MIN: Iter =   81  NFunc =  1015  E =    -117.90258  RMSG = 2.8029432e-03
 MIN: Iter =   82  NFunc =  1049  E =    -117.90259  RMSG = 7.3224251e-04
 MIN: Iter =   83  NFunc =  1064  E =    -117.90259  RMSG = 2.2385659e-04
----------------------------------------------------------------
 END:          :-)  E =    -117.90259  RMSG =   0.0002239

     bond:      0.559782425
    angle:      5.210491585
 dihedral:     19.369146085
    enb14:      1.800549525
    eel14:      6.014540734
      enb:     -1.691829286
      eel:    -55.889835689
      egb:    -93.275432786
    econs:      0.000000000
    esurf:      0.000000000
    Total:   -117.902587406
     frms:      0.000223857
====== rms.dat  ======================================================
#Frame      all_heavy
       1       1.1338
