====== tleap.out =====================================================
-I: Adding /home/case/amber24/dat/leap/prep to search path.
-I: Adding /home/case/amber24/dat/leap/lib to search path.
-I: Adding /home/case/amber24/dat/leap/parm to search path.
-I: Adding /home/case/amber24/dat/leap/cmd to search path.
-f: Source leap.in.

Welcome to LEaP!
(no leaprc in search path)
Sourcing: ./leap.in
Using Bondi radii
----- Source: /home/case/amber24/dat/leap/cmd/leaprc.gaff2
----- Source of /home/case/amber24/dat/leap/cmd/leaprc.gaff2 done
Log file: ./leap.log
Loading parameters: /home/case/amber24/dat/leap/parm/gaff2.dat
Reading title:
AMBER General Force Field for organic molecules (Version 2.2.20, March 2021)
Loading parameters: ./KTC.frcmod
Reading force field modification type file (frcmod)
Reading title:
Remark line goes here
Loading Mol2 file: ./KTC.mol2
Reading MOLECULE named KTC
Checking Unit.

/home/case/amber24/bin/teLeap: Warning!
The unperturbed charge of the unit (-1.000000) is not zero.

/home/case/amber24/bin/teLeap: Note.
Ignoring the warning from Unit Checking.

Building topology.
"order_residues" off: keep input residue order.
Building atom parameters.
Building bond parameters.
Building angle parameters.
Building proper torsion parameters.
Building improper torsion parameters.
 total 2 improper torsions applied
Building H-Bond parameters.
Incorporating Non-Bonded adjustments.
Not Marking per-residue atom chain types.
Marking per-residue atom chain types.
  (Residues lacking connect0/connect1 - 
   these don't have chain types marked:

	res	total affected

	KTC	1
  )
 (no restraints)
	Quit

Exiting LEaP: Errors = 0; Warnings = 1; Notes = 1.
====== min.o =========================================================
Reading parm file (KTC.parm7)
title:
KTC                                                                             
no velocities were found
no velocities were found
	mm_options:  ntpr=5
	mm_options:  gb=1
	mm_options:  kappa=0.10395
	mm_options:  rgbmax=99.
	mm_options:  cut=99.0
	mm_options:  wcons=0.
     bond:      1.812081577
    angle:      4.321554172
 dihedral:     71.783789968
    enb14:      6.564117296
    eel14:      1.305791308
      enb:     -2.987111140
      eel:     -8.119064366
      egb:    -79.714917155
    econs:      0.000000000
    esurf:      0.000000000
    Total:     -5.033758340
     frms:      5.570311219
Starting TNCG minimisation
 MIN: Iter =    0  NFunc =     1  E =      -5.03376  RMSG = 5.5703112e+00
 MIN: Iter =    1  NFunc =     7  E =      -8.72312  RMSG = 1.1959100e+00
 MIN: Iter =    2  NFunc =    23  E =      -9.98049  RMSG = 1.9427423e+00
 MIN: Iter =    3  NFunc =    37  E =     -11.01042  RMSG = 3.1050505e+00
 MIN: Iter =    4  NFunc =    57  E =     -12.60523  RMSG = 4.0721338e+00
 MIN: Iter =    5  NFunc =    69  E =     -15.23656  RMSG = 3.8164225e+00
 MIN: Iter =    6  NFunc =    75  E =     -18.31966  RMSG = 3.6745483e+00
 MIN: Iter =    7  NFunc =    81  E =     -21.19125  RMSG = 2.5054006e+00
 MIN: Iter =    8  NFunc =    87  E =     -22.24764  RMSG = 8.4869493e-01
 MIN: Iter =    9  NFunc =    93  E =     -22.49935  RMSG = 4.3695716e-01
 MIN: Iter =   10  NFunc =   107  E =     -22.88111  RMSG = 9.6724930e-01
 MIN: Iter =   11  NFunc =   114  E =     -23.02453  RMSG = 3.2074411e-01
 MIN: Iter =   12  NFunc =   121  E =     -23.07568  RMSG = 2.0936129e-01
 MIN: Iter =   13  NFunc =   141  E =     -23.16888  RMSG = 4.7129067e-01
 MIN: Iter =   14  NFunc =   147  E =     -23.19378  RMSG = 1.0064061e-01
 MIN: Iter =   15  NFunc =   167  E =     -23.24755  RMSG = 2.7501146e-01
 MIN: Iter =   16  NFunc =   173  E =     -23.27021  RMSG = 1.4305211e-01
 MIN: Iter =   17  NFunc =   182  E =     -23.28360  RMSG = 1.0660210e-01
 MIN: Iter =   18  NFunc =   189  E =     -23.28571  RMSG = 3.1520164e-02
 MIN: Iter =   19  NFunc =   214  E =     -23.28885  RMSG = 3.3035145e-02
 MIN: Iter =   20  NFunc =   265  E =     -23.29296  RMSG = 7.6931939e-02
 MIN: Iter =   21  NFunc =   302  E =     -23.29857  RMSG = 1.6829194e-01
 MIN: Iter =   22  NFunc =   308  E =     -23.30192  RMSG = 3.6364732e-02
 MIN: Iter =   23  NFunc =   356  E =     -23.30830  RMSG = 8.7159258e-02
 MIN: Iter =   24  NFunc =   408  E =     -23.31577  RMSG = 1.4326021e-01
 MIN: Iter =   25  NFunc =   416  E =     -23.32256  RMSG = 7.3603813e-02
 MIN: Iter =   26  NFunc =   468  E =     -23.33327  RMSG = 1.4871050e-01
 MIN: Iter =   27  NFunc =   478  E =     -23.34284  RMSG = 1.5418139e-01
 MIN: Iter =   28  NFunc =   486  E =     -23.35311  RMSG = 1.5888342e-01
 MIN: Iter =   29  NFunc =   493  E =     -23.36917  RMSG = 2.4557756e-01
 MIN: Iter =   30  NFunc =   499  E =     -23.39731  RMSG = 3.0123852e-01
 MIN: Iter =   31  NFunc =   505  E =     -23.43591  RMSG = 3.2478898e-01
 MIN: Iter =   32  NFunc =   511  E =     -23.48660  RMSG = 4.4452853e-01
 MIN: Iter =   33  NFunc =   517  E =     -23.56859  RMSG = 4.5766611e-01
 MIN: Iter =   34  NFunc =   523  E =     -23.65626  RMSG = 8.1134361e-01
 MIN: Iter =   35  NFunc =   529  E =     -23.83161  RMSG = 4.1988075e-01
 MIN: Iter =   36  NFunc =   536  E =     -23.95396  RMSG = 1.0290151e+00
 MIN: Iter =   37  NFunc =   542  E =     -24.24121  RMSG = 4.5140728e-01
 MIN: Iter =   38  NFunc =   548  E =     -24.43510  RMSG = 9.3406567e-01
 MIN: Iter =   39  NFunc =   554  E =     -24.75029  RMSG = 5.6909867e-01
 MIN: Iter =   40  NFunc =   563  E =     -25.01851  RMSG = 1.0233161e+00
 MIN: Iter =   41  NFunc =   571  E =     -25.30589  RMSG = 3.8497989e-01
 MIN: Iter =   42  NFunc =   580  E =     -25.45300  RMSG = 1.1175238e+00
 MIN: Iter =   43  NFunc =   586  E =     -25.62673  RMSG = 3.0866373e-01
 MIN: Iter =   44  NFunc =   614  E =     -25.81854  RMSG = 1.0002874e+00
 MIN: Iter =   45  NFunc =   620  E =     -25.99278  RMSG = 2.7020247e-01
 MIN: Iter =   46  NFunc =   633  E =     -26.11300  RMSG = 8.5978189e-01
 MIN: Iter =   47  NFunc =   639  E =     -26.21500  RMSG = 2.9164101e-01
 MIN: Iter =   48  NFunc =   665  E =     -26.34451  RMSG = 4.9174813e-01
 MIN: Iter =   49  NFunc =   673  E =     -26.42836  RMSG = 2.5211921e-01
 MIN: Iter =   50  NFunc =   684  E =     -26.48978  RMSG = 4.7399466e-01
 MIN: Iter =   51  NFunc =   701  E =     -26.60333  RMSG = 3.8859943e-01
 MIN: Iter =   52  NFunc =   724  E =     -26.69307  RMSG = 4.5190306e-01
 MIN: Iter =   53  NFunc =   730  E =     -26.73514  RMSG = 1.9843029e-01
 MIN: Iter =   54  NFunc =   743  E =     -26.79643  RMSG = 3.7838915e-01
 MIN: Iter =   55  NFunc =   752  E =     -26.84134  RMSG = 1.3956994e-01
 MIN: Iter =   56  NFunc =   764  E =     -26.87290  RMSG = 3.5214481e-01
 MIN: Iter =   57  NFunc =   770  E =     -26.89063  RMSG = 1.3114956e-01
 MIN: Iter =   58  NFunc =   821  E =     -26.98005  RMSG = 2.0617829e-01
 MIN: Iter =   59  NFunc =   830  E =     -27.03172  RMSG = 3.5978186e-01
 MIN: Iter =   60  NFunc =   837  E =     -27.07625  RMSG = 1.9503217e-01
 MIN: Iter =   61  NFunc =   843  E =     -27.10237  RMSG = 2.5148731e-01
 MIN: Iter =   62  NFunc =   856  E =     -27.14030  RMSG = 1.7782527e-01
 MIN: Iter =   63  NFunc =   884  E =     -27.18340  RMSG = 2.7419593e-01
 MIN: Iter =   64  NFunc =   893  E =     -27.20210  RMSG = 8.7111952e-02
 MIN: Iter =   65  NFunc =   902  E =     -27.21070  RMSG = 7.9256391e-02
 MIN: Iter =   66  NFunc =   910  E =     -27.21320  RMSG = 4.3487805e-02
 MIN: Iter =   67  NFunc =   930  E =     -27.21783  RMSG = 3.0371154e-02
 MIN: Iter =   68  NFunc =   965  E =     -27.22157  RMSG = 2.5305884e-02
 MIN: Iter =   69  NFunc =   986  E =     -27.22248  RMSG = 1.7460023e-02
 MIN: Iter =   70  NFunc =  1025  E =     -27.22430  RMSG = 2.1824832e-02
 MIN: Iter =   71  NFunc =  1044  E =     -27.22453  RMSG = 5.7262634e-03
 MIN: Iter =   72  NFunc =  1081  E =     -27.22489  RMSG = 9.0186251e-03
 MIN: Iter =   73  NFunc =  1108  E =     -27.22508  RMSG = 6.6956708e-03
 MIN: Iter =   74  NFunc =  1141  E =     -27.22520  RMSG = 3.6627045e-03
 MIN: Iter =   75  NFunc =  1192  E =     -27.22528  RMSG = 2.5740179e-03
 MIN: Iter =   76  NFunc =  1223  E =     -27.22538  RMSG = 2.9615328e-03
 MIN: Iter =   77  NFunc =  1274  E =     -27.22541  RMSG = 2.2105337e-03
 MIN: Iter =   78  NFunc =  1321  E =     -27.22544  RMSG = 1.6116725e-03
 MIN: Iter =   79  NFunc =  1341  E =     -27.22545  RMSG = 1.1067789e-03
 MIN: Iter =   80  NFunc =  1383  E =     -27.22545  RMSG = 6.7738127e-04
 MIN: Iter =   81  NFunc =  1394  E =     -27.22545  RMSG = 5.9721967e-04
 MIN: Iter =   82  NFunc =  1426  E =     -27.22545  RMSG = 4.6199625e-04
----------------------------------------------------------------
 END:          :-)  E =     -27.22545  RMSG =   0.0004620

     bond:      0.401965873
    angle:      4.018986209
 dihedral:     55.044177991
    enb14:      4.125944978
    eel14:      0.847651351
      enb:     -3.766413490
      eel:     -7.465469251
      egb:    -80.432297731
    econs:      0.000000000
    esurf:      0.000000000
    Total:    -27.225454069
     frms:      0.000461996
====== rms.dat  ======================================================
#Frame      all_heavy
       1       1.4895
