====== tleap.out =====================================================
-I: Adding /home/case/amber24/dat/leap/prep to search path.
-I: Adding /home/case/amber24/dat/leap/lib to search path.
-I: Adding /home/case/amber24/dat/leap/parm to search path.
-I: Adding /home/case/amber24/dat/leap/cmd to search path.
-f: Source leap.in.

Welcome to LEaP!
(no leaprc in search path)
Sourcing: ./leap.in
Using Bondi radii
----- Source: /home/case/amber24/dat/leap/cmd/leaprc.gaff2
----- Source of /home/case/amber24/dat/leap/cmd/leaprc.gaff2 done
Log file: ./leap.log
Loading parameters: /home/case/amber24/dat/leap/parm/gaff2.dat
Reading title:
AMBER General Force Field for organic molecules (Version 2.2.20, March 2021)
Loading parameters: ./KUS.frcmod
Reading force field modification type file (frcmod)
Reading title:
Remark line goes here
Loading Mol2 file: ./KUS.mol2
Reading MOLECULE named KUS
Checking Unit.
Building topology.
"order_residues" off: keep input residue order.
Building atom parameters.
Building bond parameters.
Building angle parameters.
Building proper torsion parameters.
Building improper torsion parameters.
 total 11 improper torsions applied
Building H-Bond parameters.
Incorporating Non-Bonded adjustments.
Not Marking per-residue atom chain types.
Marking per-residue atom chain types.
  (Residues lacking connect0/connect1 - 
   these don't have chain types marked:

	res	total affected

	KUS	1
  )
 (no restraints)
	Quit

Exiting LEaP: Errors = 0; Warnings = 0; Notes = 0.
====== min.o =========================================================
Reading parm file (KUS.parm7)
title:
KUS                                                                             
no velocities were found
no velocities were found
	mm_options:  ntpr=5
	mm_options:  gb=1
	mm_options:  kappa=0.10395
	mm_options:  rgbmax=99.
	mm_options:  cut=99.0
	mm_options:  wcons=0.
     bond:      1.114671858
    angle:      1.627667697
 dihedral:     17.367558073
    enb14:      4.214194036
    eel14:     30.384238081
      enb:      1.849593282
      eel:    -38.235411339
      egb:    -19.979407583
    econs:      0.000000000
    esurf:      0.000000000
    Total:     -1.656895895
     frms:      8.536709668
Starting TNCG minimisation
 MIN: Iter =    0  NFunc =     1  E =      -1.65690  RMSG = 8.5367097e+00
 MIN: Iter =    1  NFunc =     7  E =      -5.65913  RMSG = 2.6242178e+00
 MIN: Iter =    2  NFunc =    14  E =      -6.78926  RMSG = 1.7196749e+00
 MIN: Iter =    3  NFunc =    27  E =      -7.85762  RMSG = 2.8132319e+00
 MIN: Iter =    4  NFunc =    49  E =      -9.27267  RMSG = 3.8108118e+00
 MIN: Iter =    5  NFunc =    67  E =     -10.90933  RMSG = 3.9342495e+00
 MIN: Iter =    6  NFunc =    76  E =     -12.67050  RMSG = 3.3758744e+00
 MIN: Iter =    7  NFunc =    83  E =     -14.04384  RMSG = 2.3932694e+00
 MIN: Iter =    8  NFunc =    90  E =     -14.76072  RMSG = 1.4854688e+00
 MIN: Iter =    9  NFunc =   103  E =     -15.29498  RMSG = 1.3047341e+00
 MIN: Iter =   10  NFunc =   109  E =     -15.70509  RMSG = 1.1850104e+00
 MIN: Iter =   11  NFunc =   116  E =     -16.00202  RMSG = 1.1637945e+00
 MIN: Iter =   12  NFunc =   123  E =     -16.25980  RMSG = 1.2862925e+00
 MIN: Iter =   13  NFunc =   129  E =     -16.49404  RMSG = 1.1446202e+00
 MIN: Iter =   14  NFunc =   135  E =     -16.69423  RMSG = 8.2998925e-01
 MIN: Iter =   15  NFunc =   141  E =     -16.83998  RMSG = 6.2431515e-01
 MIN: Iter =   16  NFunc =   147  E =     -16.90511  RMSG = 5.3731743e-01
 MIN: Iter =   17  NFunc =   162  E =     -17.16036  RMSG = 8.9092907e-01
 MIN: Iter =   18  NFunc =   168  E =     -17.24880  RMSG = 5.0998781e-01
 MIN: Iter =   19  NFunc =   177  E =     -17.31210  RMSG = 3.6516555e-01
 MIN: Iter =   20  NFunc =   187  E =     -17.33917  RMSG = 1.5979891e-01
 MIN: Iter =   21  NFunc =   205  E =     -17.36073  RMSG = 2.0403543e-01
 MIN: Iter =   22  NFunc =   215  E =     -17.36832  RMSG = 9.7419070e-02
 MIN: Iter =   23  NFunc =   223  E =     -17.37061  RMSG = 5.9785647e-02
 MIN: Iter =   24  NFunc =   245  E =     -17.37413  RMSG = 1.2855092e-01
 MIN: Iter =   25  NFunc =   251  E =     -17.37574  RMSG = 4.1272690e-02
 MIN: Iter =   26  NFunc =   274  E =     -17.37775  RMSG = 1.3463785e-01
 MIN: Iter =   27  NFunc =   280  E =     -17.37863  RMSG = 2.7891630e-02
 MIN: Iter =   28  NFunc =   293  E =     -17.37888  RMSG = 1.2334158e-02
 MIN: Iter =   29  NFunc =   299  E =     -17.37891  RMSG = 8.1345076e-03
 MIN: Iter =   30  NFunc =   322  E =     -17.37895  RMSG = 4.4372759e-03
 MIN: Iter =   31  NFunc =   333  E =     -17.37896  RMSG = 3.1079567e-03
 MIN: Iter =   32  NFunc =   346  E =     -17.37897  RMSG = 2.2037832e-03
 MIN: Iter =   33  NFunc =   364  E =     -17.37897  RMSG = 1.4551297e-03
 MIN: Iter =   34  NFunc =   388  E =     -17.37898  RMSG = 1.5210091e-03
 MIN: Iter =   35  NFunc =   421  E =     -17.37901  RMSG = 9.7890749e-03
 MIN: Iter =   36  NFunc =   427  E =     -17.37902  RMSG = 3.2686597e-03
 MIN: Iter =   37  NFunc =   442  E =     -17.37904  RMSG = 3.6689387e-03
 MIN: Iter =   38  NFunc =   448  E =     -17.37904  RMSG = 1.6278281e-03
 MIN: Iter =   39  NFunc =   461  E =     -17.37904  RMSG = 8.9595651e-04
 MIN: Iter =   40  NFunc =   483  E =     -17.37904  RMSG = 7.1777865e-04
 MIN: Iter =   41  NFunc =   523  E =     -17.37904  RMSG = 1.1936042e-03
 MIN: Iter =   42  NFunc =   529  E =     -17.37904  RMSG = 7.8843622e-04
 MIN: Iter =   43  NFunc =   561  E =     -17.37904  RMSG = 1.0162469e-03
 MIN: Iter =   44  NFunc =   577  E =     -17.37904  RMSG = 4.0838374e-04
----------------------------------------------------------------
 END:          :-)  E =     -17.37904  RMSG =   0.0004084

     bond:      0.845122068
    angle:      8.096692344
 dihedral:      0.003834849
    enb14:      3.027994542
    eel14:     23.216205581
      enb:      1.321729792
      eel:    -37.981312087
      egb:    -15.909310551
    econs:      0.000000000
    esurf:      0.000000000
    Total:    -17.379043461
     frms:      0.000408384
====== rms.dat  ======================================================
#Frame      all_heavy
       1       0.8273
