====== tleap.out =====================================================
-I: Adding /home/case/amber24/dat/leap/prep to search path.
-I: Adding /home/case/amber24/dat/leap/lib to search path.
-I: Adding /home/case/amber24/dat/leap/parm to search path.
-I: Adding /home/case/amber24/dat/leap/cmd to search path.
-f: Source leap.in.

Welcome to LEaP!
(no leaprc in search path)
Sourcing: ./leap.in
Using Bondi radii
----- Source: /home/case/amber24/dat/leap/cmd/leaprc.gaff2
----- Source of /home/case/amber24/dat/leap/cmd/leaprc.gaff2 done
Log file: ./leap.log
Loading parameters: /home/case/amber24/dat/leap/parm/gaff2.dat
Reading title:
AMBER General Force Field for organic molecules (Version 2.2.20, March 2021)
Loading parameters: ./KZZ.frcmod
Reading force field modification type file (frcmod)
Reading title:
Remark line goes here
Loading Mol2 file: ./KZZ.mol2
Reading MOLECULE named KZZ
Checking Unit.
Building topology.
"order_residues" off: keep input residue order.
Building atom parameters.
Building bond parameters.
Building angle parameters.
Building proper torsion parameters.
Building improper torsion parameters.
 total 26 improper torsions applied
Building H-Bond parameters.
Incorporating Non-Bonded adjustments.
Not Marking per-residue atom chain types.
Marking per-residue atom chain types.
  (Residues lacking connect0/connect1 - 
   these don't have chain types marked:

	res	total affected

	KZZ	1
  )
 (no restraints)
	Quit

Exiting LEaP: Errors = 0; Warnings = 0; Notes = 0.
====== min.o =========================================================
Reading parm file (KZZ.parm7)
title:
KZZ                                                                             
no velocities were found
no velocities were found
	mm_options:  ntpr=5
	mm_options:  gb=1
	mm_options:  kappa=0.10395
	mm_options:  rgbmax=99.
	mm_options:  cut=99.0
	mm_options:  wcons=0.
     bond:      7.036194467
    angle:     18.835960638
 dihedral:      1.990901426
    enb14:     21.806069040
    eel14:     30.175097200
      enb:     -5.695722883
      eel:    -21.663042792
      egb:    -27.185636303
    econs:      0.000000000
    esurf:      0.000000000
    Total:     25.299820793
     frms:     12.181226995
Starting TNCG minimisation
 MIN: Iter =    0  NFunc =     1  E =      25.29982  RMSG = 1.2181227e+01
 MIN: Iter =    1  NFunc =     7  E =       9.68005  RMSG = 2.8080739e+00
 MIN: Iter =    2  NFunc =    15  E =       6.40150  RMSG = 1.0677804e+00
 MIN: Iter =    3  NFunc =    28  E =       5.50322  RMSG = 4.7920455e-01
 MIN: Iter =    4  NFunc =    51  E =       5.09911  RMSG = 3.0334319e-01
 MIN: Iter =    5  NFunc =   102  E =       4.81725  RMSG = 2.7201488e-01
 MIN: Iter =    6  NFunc =   134  E =       4.63012  RMSG = 2.4237284e-01
 MIN: Iter =    7  NFunc =   141  E =       4.59344  RMSG = 1.4980536e-01
 MIN: Iter =    8  NFunc =   162  E =       4.52304  RMSG = 1.6364345e-01
 MIN: Iter =    9  NFunc =   183  E =       4.50171  RMSG = 6.2597583e-02
 MIN: Iter =   10  NFunc =   217  E =       4.48350  RMSG = 1.2581207e-01
 MIN: Iter =   11  NFunc =   240  E =       4.47276  RMSG = 4.9713460e-02
 MIN: Iter =   12  NFunc =   291  E =       4.46222  RMSG = 1.0764238e-01
 MIN: Iter =   13  NFunc =   308  E =       4.45603  RMSG = 3.4190480e-02
 MIN: Iter =   14  NFunc =   341  E =       4.44992  RMSG = 3.0587071e-02
 MIN: Iter =   15  NFunc =   393  E =       4.43968  RMSG = 6.0447540e-02
 MIN: Iter =   16  NFunc =   404  E =       4.42859  RMSG = 1.0535603e-01
 MIN: Iter =   17  NFunc =   410  E =       4.42116  RMSG = 5.7110310e-02
 MIN: Iter =   18  NFunc =   423  E =       4.41560  RMSG = 5.0168885e-02
 MIN: Iter =   19  NFunc =   429  E =       4.41064  RMSG = 6.2030631e-02
 MIN: Iter =   20  NFunc =   439  E =       4.40597  RMSG = 3.7504779e-02
 MIN: Iter =   21  NFunc =   468  E =       4.39984  RMSG = 7.5537067e-02
 MIN: Iter =   22  NFunc =   474  E =       4.39761  RMSG = 3.1863612e-02
 MIN: Iter =   23  NFunc =   525  E =       4.39003  RMSG = 1.1445889e-01
 MIN: Iter =   24  NFunc =   531  E =       4.38403  RMSG = 5.1677648e-02
 MIN: Iter =   25  NFunc =   566  E =       4.37578  RMSG = 1.1871207e-01
 MIN: Iter =   26  NFunc =   572  E =       4.37059  RMSG = 5.4843169e-02
 MIN: Iter =   27  NFunc =   594  E =       4.36734  RMSG = 2.8711401e-02
 MIN: Iter =   28  NFunc =   646  E =       4.36130  RMSG = 3.8629466e-02
 MIN: Iter =   29  NFunc =   672  E =       4.35458  RMSG = 6.0720148e-02
 MIN: Iter =   30  NFunc =   678  E =       4.35266  RMSG = 3.5023172e-02
 MIN: Iter =   31  NFunc =   701  E =       4.34971  RMSG = 4.3007913e-02
 MIN: Iter =   32  NFunc =   707  E =       4.34877  RMSG = 2.0797201e-02
 MIN: Iter =   33  NFunc =   729  E =       4.34763  RMSG = 1.5542588e-02
 MIN: Iter =   34  NFunc =   779  E =       4.34626  RMSG = 1.2255244e-02
 MIN: Iter =   35  NFunc =   785  E =       4.34620  RMSG = 7.1721729e-03
 MIN: Iter =   36  NFunc =   836  E =       4.34576  RMSG = 8.4262071e-03
 MIN: Iter =   37  NFunc =   859  E =       4.34566  RMSG = 3.8285472e-03
 MIN: Iter =   38  NFunc =   910  E =       4.34554  RMSG = 3.5919188e-03
 MIN: Iter =   39  NFunc =   938  E =       4.34548  RMSG = 2.5708995e-03
 MIN: Iter =   40  NFunc =   979  E =       4.34542  RMSG = 2.1478368e-03
 MIN: Iter =   41  NFunc =  1000  E =       4.34540  RMSG = 1.4475538e-03
 MIN: Iter =   42  NFunc =  1051  E =       4.34538  RMSG = 1.3984145e-03
 MIN: Iter =   43  NFunc =  1077  E =       4.34538  RMSG = 1.0914105e-03
 MIN: Iter =   44  NFunc =  1111  E =       4.34537  RMSG = 6.4860092e-04
 MIN: Iter =   45  NFunc =  1162  E =       4.34537  RMSG = 5.7866639e-04
 MIN: Iter =   46  NFunc =  1174  E =       4.34537  RMSG = 3.9369983e-04
----------------------------------------------------------------
 END:          :-)  E =       4.34537  RMSG =   0.0003937

     bond:      3.739313978
    angle:     12.133702444
 dihedral:      1.092935636
    enb14:     16.446802502
    eel14:     30.012181782
      enb:     -6.705438452
      eel:    -22.667946758
      egb:    -29.706180758
    econs:      0.000000000
    esurf:      0.000000000
    Total:      4.345370374
     frms:      0.000393700
====== rms.dat  ======================================================
#Frame      all_heavy
       1       0.6057
