====== tleap.out =====================================================
-I: Adding /home/case/amber24/dat/leap/prep to search path.
-I: Adding /home/case/amber24/dat/leap/lib to search path.
-I: Adding /home/case/amber24/dat/leap/parm to search path.
-I: Adding /home/case/amber24/dat/leap/cmd to search path.
-f: Source leap.in.

Welcome to LEaP!
(no leaprc in search path)
Sourcing: ./leap.in
Using Bondi radii
----- Source: /home/case/amber24/dat/leap/cmd/leaprc.gaff2
----- Source of /home/case/amber24/dat/leap/cmd/leaprc.gaff2 done
Log file: ./leap.log
Loading parameters: /home/case/amber24/dat/leap/parm/gaff2.dat
Reading title:
AMBER General Force Field for organic molecules (Version 2.2.20, March 2021)
Loading parameters: ./D6P.frcmod
Reading force field modification type file (frcmod)
Reading title:
Remark line goes here
Loading Mol2 file: ./D6P.mol2
Reading MOLECULE named D6P
Checking Unit.

/home/case/amber24/bin/teLeap: Warning!
The unperturbed charge of the unit (-1.999000) is not zero.

/home/case/amber24/bin/teLeap: Note.
Ignoring the warning from Unit Checking.

Building topology.
"order_residues" off: keep input residue order.
Building atom parameters.
Building bond parameters.
Building angle parameters.
Building proper torsion parameters.
Building improper torsion parameters.
 total 2 improper torsions applied
Building H-Bond parameters.
Incorporating Non-Bonded adjustments.
Not Marking per-residue atom chain types.
Marking per-residue atom chain types.
  (Residues lacking connect0/connect1 - 
   these don't have chain types marked:

	res	total affected

	D6P	1
  )
 (no restraints)
	Quit

Exiting LEaP: Errors = 0; Warnings = 1; Notes = 1.
====== min.o =========================================================
Reading parm file (D6P.parm7)
title:
D6P                                                                             
no velocities were found
no velocities were found
	mm_options:  ntpr=5
	mm_options:  gb=1
	mm_options:  kappa=0.10395
	mm_options:  rgbmax=99.
	mm_options:  cut=99.0
	mm_options:  wcons=0.
     bond:      3.993446370
    angle:      6.194739367
 dihedral:     42.143223739
    enb14:      3.683235096
    eel14:    136.795266155
      enb:      0.193426915
      eel:   -115.333930196
      egb:   -263.653033521
    econs:      0.000000000
    esurf:      0.000000000
    Total:   -185.983626075
     frms:     12.860102835
Starting TNCG minimisation
 MIN: Iter =    0  NFunc =     1  E =    -185.98363  RMSG = 1.2860103e+01
 MIN: Iter =    1  NFunc =     7  E =    -195.52090  RMSG = 2.5316795e+00
 MIN: Iter =    2  NFunc =    16  E =    -197.63720  RMSG = 1.4864213e+00
 MIN: Iter =    3  NFunc =    23  E =    -197.93718  RMSG = 5.9254120e-01
 MIN: Iter =    4  NFunc =    40  E =    -198.10387  RMSG = 2.2262823e+00
 MIN: Iter =    5  NFunc =    46  E =    -198.22347  RMSG = 2.5277157e-01
 MIN: Iter =    6  NFunc =    58  E =    -198.28185  RMSG = 6.6328369e-01
 MIN: Iter =    7  NFunc =    65  E =    -198.34405  RMSG = 9.2380049e-01
 MIN: Iter =    8  NFunc =    84  E =    -198.44326  RMSG = 1.2005769e+00
 MIN: Iter =    9  NFunc =   111  E =    -198.64489  RMSG = 2.4492509e+00
 MIN: Iter =   10  NFunc =   117  E =    -198.91155  RMSG = 6.4898580e-01
 MIN: Iter =   11  NFunc =   132  E =    -199.17657  RMSG = 3.4152743e+00
 MIN: Iter =   12  NFunc =   138  E =    -199.62001  RMSG = 7.6609088e-01
 MIN: Iter =   13  NFunc =   174  E =    -199.85260  RMSG = 1.1301935e+00
 MIN: Iter =   14  NFunc =   194  E =    -200.29936  RMSG = 2.5266909e+00
 MIN: Iter =   15  NFunc =   200  E =    -200.72900  RMSG = 8.8140697e-01
 MIN: Iter =   16  NFunc =   208  E =    -201.10010  RMSG = 1.7559713e+00
 MIN: Iter =   17  NFunc =   214  E =    -201.49072  RMSG = 1.8377834e+00
 MIN: Iter =   18  NFunc =   220  E =    -201.79515  RMSG = 1.1518841e+00
 MIN: Iter =   19  NFunc =   226  E =    -202.00687  RMSG = 1.3118246e+00
 MIN: Iter =   20  NFunc =   248  E =    -202.14608  RMSG = 1.2355050e+00
 MIN: Iter =   21  NFunc =   256  E =    -202.33203  RMSG = 1.7191018e+00
 MIN: Iter =   22  NFunc =   262  E =    -202.55085  RMSG = 1.0516638e+00
 MIN: Iter =   23  NFunc =   276  E =    -202.75175  RMSG = 1.4139863e+00
 MIN: Iter =   24  NFunc =   283  E =    -202.89175  RMSG = 5.0834715e-01
 MIN: Iter =   25  NFunc =   289  E =    -202.96462  RMSG = 9.3507926e-01
 MIN: Iter =   26  NFunc =   300  E =    -203.07490  RMSG = 4.6347720e-01
 MIN: Iter =   27  NFunc =   308  E =    -203.13007  RMSG = 6.1730539e-01
 MIN: Iter =   28  NFunc =   321  E =    -203.18788  RMSG = 5.4097477e-01
 MIN: Iter =   29  NFunc =   339  E =    -203.22008  RMSG = 2.3978437e-01
 MIN: Iter =   30  NFunc =   349  E =    -203.22506  RMSG = 7.7221651e-02
 MIN: Iter =   31  NFunc =   370  E =    -203.23353  RMSG = 9.5197246e-02
 MIN: Iter =   32  NFunc =   407  E =    -203.23893  RMSG = 1.9495198e-01
 MIN: Iter =   33  NFunc =   413  E =    -203.24044  RMSG = 4.2461475e-02
 MIN: Iter =   34  NFunc =   464  E =    -203.24280  RMSG = 9.3904195e-02
 MIN: Iter =   35  NFunc =   470  E =    -203.24442  RMSG = 9.2590250e-02
 MIN: Iter =   36  NFunc =   492  E =    -203.24643  RMSG = 1.1027730e-01
 MIN: Iter =   37  NFunc =   499  E =    -203.24833  RMSG = 1.0195439e-01
 MIN: Iter =   38  NFunc =   505  E =    -203.24993  RMSG = 1.0310520e-01
 MIN: Iter =   39  NFunc =   511  E =    -203.25094  RMSG = 5.7784164e-02
 MIN: Iter =   40  NFunc =   517  E =    -203.25142  RMSG = 4.3006188e-02
 MIN: Iter =   41  NFunc =   525  E =    -203.25174  RMSG = 3.0707712e-02
 MIN: Iter =   42  NFunc =   544  E =    -203.25227  RMSG = 3.2526050e-02
 MIN: Iter =   43  NFunc =   572  E =    -203.25262  RMSG = 1.2005888e-02
 MIN: Iter =   44  NFunc =   612  E =    -203.25295  RMSG = 1.2666995e-02
 MIN: Iter =   45  NFunc =   619  E =    -203.25297  RMSG = 4.1361086e-03
 MIN: Iter =   46  NFunc =   631  E =    -203.25298  RMSG = 3.0254965e-03
 MIN: Iter =   47  NFunc =   652  E =    -203.25299  RMSG = 1.9707855e-03
 MIN: Iter =   48  NFunc =   663  E =    -203.25299  RMSG = 1.7122184e-03
 MIN: Iter =   49  NFunc =   683  E =    -203.25300  RMSG = 7.4038781e-04
 MIN: Iter =   50  NFunc =   706  E =    -203.25300  RMSG = 3.8460587e-04
----------------------------------------------------------------
 END:          :-)  E =    -203.25300  RMSG =   0.0003846

     bond:      1.064562539
    angle:      8.427881216
 dihedral:     40.205266870
    enb14:      2.456505301
    eel14:    129.332855443
      enb:     -1.647210541
      eel:   -130.949164818
      egb:   -252.143694021
    econs:      0.000000000
    esurf:      0.000000000
    Total:   -203.252998010
     frms:      0.000384606
====== rms.dat  ======================================================
#Frame      all_heavy
       1       0.6835
