====== tleap.out =====================================================
-I: Adding /home/case/amber24/dat/leap/prep to search path.
-I: Adding /home/case/amber24/dat/leap/lib to search path.
-I: Adding /home/case/amber24/dat/leap/parm to search path.
-I: Adding /home/case/amber24/dat/leap/cmd to search path.
-f: Source leap.in.

Welcome to LEaP!
(no leaprc in search path)
Sourcing: ./leap.in
Using Bondi radii
----- Source: /home/case/amber24/dat/leap/cmd/leaprc.gaff2
----- Source of /home/case/amber24/dat/leap/cmd/leaprc.gaff2 done
Log file: ./leap.log
Loading parameters: /home/case/amber24/dat/leap/parm/gaff2.dat
Reading title:
AMBER General Force Field for organic molecules (Version 2.2.20, March 2021)
Loading parameters: ./D8W.frcmod
Reading force field modification type file (frcmod)
Reading title:
Remark line goes here
Loading Mol2 file: ./D8W.mol2
Reading MOLECULE named D8W
Checking Unit.
Building topology.
"order_residues" off: keep input residue order.
Building atom parameters.
Building bond parameters.
Building angle parameters.
Building proper torsion parameters.
Building improper torsion parameters.
 total 9 improper torsions applied
Building H-Bond parameters.
Incorporating Non-Bonded adjustments.
Not Marking per-residue atom chain types.
Marking per-residue atom chain types.
  (Residues lacking connect0/connect1 - 
   these don't have chain types marked:

	res	total affected

	D8W	1
  )
 (no restraints)
	Quit

Exiting LEaP: Errors = 0; Warnings = 0; Notes = 0.
====== min.o =========================================================
Reading parm file (D8W.parm7)
title:
D8W                                                                             
no velocities were found
no velocities were found
	mm_options:  ntpr=5
	mm_options:  gb=1
	mm_options:  kappa=0.10395
	mm_options:  rgbmax=99.
	mm_options:  cut=99.0
	mm_options:  wcons=0.
     bond:      4.113495372
    angle:      7.863430078
 dihedral:     34.668965696
    enb14:      4.912872656
    eel14:   -220.338587246
      enb:     -1.999369572
      eel:      2.629028014
      egb:    -31.173954393
    econs:      0.000000000
    esurf:      0.000000000
    Total:   -199.324119396
     frms:     13.849964501
Starting TNCG minimisation
 MIN: Iter =    0  NFunc =     1  E =    -199.32412  RMSG = 1.3849965e+01
 MIN: Iter =    1  NFunc =     9  E =    -210.23784  RMSG = 1.4889992e+01
 MIN: Iter =    2  NFunc =    15  E =    -218.90192  RMSG = 3.9193829e+00
 MIN: Iter =    3  NFunc =    21  E =    -220.24792  RMSG = 2.0429248e+00
 MIN: Iter =    4  NFunc =    29  E =    -220.92690  RMSG = 9.1891676e-01
 MIN: Iter =    5  NFunc =    46  E =    -221.21124  RMSG = 7.1060267e-01
 MIN: Iter =    6  NFunc =    53  E =    -221.26142  RMSG = 2.5514784e-01
 MIN: Iter =    7  NFunc =    81  E =    -221.32839  RMSG = 3.9248759e-01
 MIN: Iter =    8  NFunc =    93  E =    -221.40577  RMSG = 1.4471001e+00
 MIN: Iter =    9  NFunc =    99  E =    -221.49694  RMSG = 3.5645355e-01
 MIN: Iter =   10  NFunc =   143  E =    -221.64733  RMSG = 3.6745589e-01
 MIN: Iter =   11  NFunc =   156  E =    -221.74967  RMSG = 3.5398536e-01
 MIN: Iter =   12  NFunc =   169  E =    -221.84135  RMSG = 3.4957515e-01
 MIN: Iter =   13  NFunc =   180  E =    -221.92617  RMSG = 3.3963342e-01
 MIN: Iter =   14  NFunc =   186  E =    -221.98002  RMSG = 4.1022075e-01
 MIN: Iter =   15  NFunc =   192  E =    -222.00799  RMSG = 2.1988652e-01
 MIN: Iter =   16  NFunc =   199  E =    -222.01411  RMSG = 6.6534354e-02
 MIN: Iter =   17  NFunc =   235  E =    -222.02347  RMSG = 1.0988382e-01
 MIN: Iter =   18  NFunc =   254  E =    -222.02849  RMSG = 1.2572164e-01
 MIN: Iter =   19  NFunc =   264  E =    -222.02970  RMSG = 2.8901256e-02
 MIN: Iter =   20  NFunc =   282  E =    -222.03015  RMSG = 2.1099275e-02
 MIN: Iter =   21  NFunc =   293  E =    -222.03027  RMSG = 1.0662599e-02
 MIN: Iter =   22  NFunc =   334  E =    -222.03130  RMSG = 2.8027874e-02
 MIN: Iter =   23  NFunc =   340  E =    -222.03139  RMSG = 1.2127936e-02
 MIN: Iter =   24  NFunc =   353  E =    -222.03149  RMSG = 6.5411150e-03
 MIN: Iter =   25  NFunc =   377  E =    -222.03156  RMSG = 4.2419986e-03
 MIN: Iter =   26  NFunc =   397  E =    -222.03160  RMSG = 3.6700914e-03
 MIN: Iter =   27  NFunc =   422  E =    -222.03163  RMSG = 3.7482699e-03
 MIN: Iter =   28  NFunc =   460  E =    -222.03166  RMSG = 2.4615541e-03
 MIN: Iter =   29  NFunc =   480  E =    -222.03167  RMSG = 3.0532583e-03
 MIN: Iter =   30  NFunc =   501  E =    -222.03168  RMSG = 1.2080732e-03
 MIN: Iter =   31  NFunc =   513  E =    -222.03168  RMSG = 9.3372097e-04
 MIN: Iter =   32  NFunc =   533  E =    -222.03169  RMSG = 4.7813303e-04
----------------------------------------------------------------
 END:          :-)  E =    -222.03169  RMSG =   0.0004781

     bond:      2.647122485
    angle:      9.012418160
 dihedral:     36.692731723
    enb14:      3.057787908
    eel14:   -243.430070667
      enb:     -3.199468159
      eel:      4.536148602
      egb:    -31.348355521
    econs:      0.000000000
    esurf:      0.000000000
    Total:   -222.031685469
     frms:      0.000478133
====== rms.dat  ======================================================
#Frame      all_heavy
       1       0.6066
