====== tleap.out =====================================================
-I: Adding /home/case/amber24/dat/leap/prep to search path.
-I: Adding /home/case/amber24/dat/leap/lib to search path.
-I: Adding /home/case/amber24/dat/leap/parm to search path.
-I: Adding /home/case/amber24/dat/leap/cmd to search path.
-f: Source leap.in.

Welcome to LEaP!
(no leaprc in search path)
Sourcing: ./leap.in
Using Bondi radii
----- Source: /home/case/amber24/dat/leap/cmd/leaprc.gaff2
----- Source of /home/case/amber24/dat/leap/cmd/leaprc.gaff2 done
Log file: ./leap.log
Loading parameters: /home/case/amber24/dat/leap/parm/gaff2.dat
Reading title:
AMBER General Force Field for organic molecules (Version 2.2.20, March 2021)
Loading parameters: ./DDD.frcmod
Reading force field modification type file (frcmod)
Reading title:
Remark line goes here
Loading Mol2 file: ./DDD.mol2
Reading MOLECULE named DDD
Checking Unit.

/home/case/amber24/bin/teLeap: Warning!
The unperturbed charge of the unit (-1.998000) is not zero.

/home/case/amber24/bin/teLeap: Note.
Ignoring the warning from Unit Checking.

Building topology.
"order_residues" off: keep input residue order.
Building atom parameters.
Building bond parameters.
Building angle parameters.
Building proper torsion parameters.
Building improper torsion parameters.
 total 6 improper torsions applied
Building H-Bond parameters.
Incorporating Non-Bonded adjustments.
Not Marking per-residue atom chain types.
Marking per-residue atom chain types.
  (Residues lacking connect0/connect1 - 
   these don't have chain types marked:

	res	total affected

	DDD	1
  )
 (no restraints)
	Quit

Exiting LEaP: Errors = 0; Warnings = 1; Notes = 1.
====== min.o =========================================================
Reading parm file (DDD.parm7)
title:
DDD                                                                             
no velocities were found
no velocities were found
	mm_options:  ntpr=5
	mm_options:  gb=1
	mm_options:  kappa=0.10395
	mm_options:  rgbmax=99.
	mm_options:  cut=99.0
	mm_options:  wcons=0.
     bond:      4.091679968
    angle:     12.905696776
 dihedral:     50.464399522
    enb14:     15.420902610
    eel14:    253.687305549
      enb:     -2.089935343
      eel:   -201.665320046
      egb:   -184.042248548
    econs:      0.000000000
    esurf:      0.000000000
    Total:    -51.227519513
     frms:     10.776077706
Starting TNCG minimisation
 MIN: Iter =    0  NFunc =     1  E =     -51.22752  RMSG = 1.0776078e+01
 MIN: Iter =    1  NFunc =     7  E =     -65.76227  RMSG = 3.4126097e+00
 MIN: Iter =    2  NFunc =    20  E =     -70.47158  RMSG = 1.9633968e+00
 MIN: Iter =    3  NFunc =    26  E =     -71.59631  RMSG = 1.2695632e+00
 MIN: Iter =    4  NFunc =    51  E =     -71.91862  RMSG = 2.5541844e+00
 MIN: Iter =    5  NFunc =    57  E =     -72.25079  RMSG = 3.8041942e-01
 MIN: Iter =    6  NFunc =    69  E =     -72.39961  RMSG = 8.5886012e-01
 MIN: Iter =    7  NFunc =    75  E =     -72.56682  RMSG = 1.0875249e+00
 MIN: Iter =    8  NFunc =    82  E =     -72.72163  RMSG = 6.5633796e-01
 MIN: Iter =    9  NFunc =    88  E =     -72.83361  RMSG = 6.3232842e-01
 MIN: Iter =   10  NFunc =    94  E =     -72.93223  RMSG = 1.0437710e+00
 MIN: Iter =   11  NFunc =   100  E =     -73.01440  RMSG = 2.7581628e-01
 MIN: Iter =   12  NFunc =   107  E =     -73.05401  RMSG = 4.8978084e-01
 MIN: Iter =   13  NFunc =   113  E =     -73.08828  RMSG = 2.6440847e-01
 MIN: Iter =   14  NFunc =   142  E =     -73.13783  RMSG = 5.3023190e-01
 MIN: Iter =   15  NFunc =   149  E =     -73.15645  RMSG = 1.0338888e-01
 MIN: Iter =   16  NFunc =   175  E =     -73.17851  RMSG = 1.7625658e-01
 MIN: Iter =   17  NFunc =   183  E =     -73.19478  RMSG = 3.3056340e-01
 MIN: Iter =   18  NFunc =   189  E =     -73.20587  RMSG = 1.0500398e-01
 MIN: Iter =   19  NFunc =   198  E =     -73.21058  RMSG = 8.9014229e-02
 MIN: Iter =   20  NFunc =   220  E =     -73.21874  RMSG = 9.4338784e-02
 MIN: Iter =   21  NFunc =   235  E =     -73.22178  RMSG = 4.2489957e-02
 MIN: Iter =   22  NFunc =   253  E =     -73.22377  RMSG = 3.4929101e-02
 MIN: Iter =   23  NFunc =   279  E =     -73.22433  RMSG = 1.3012359e-02
 MIN: Iter =   24  NFunc =   331  E =     -73.22507  RMSG = 4.9198229e-02
 MIN: Iter =   25  NFunc =   338  E =     -73.22533  RMSG = 1.6136281e-02
 MIN: Iter =   26  NFunc =   365  E =     -73.22575  RMSG = 2.8058521e-02
 MIN: Iter =   27  NFunc =   376  E =     -73.22593  RMSG = 1.5767117e-02
 MIN: Iter =   28  NFunc =   382  E =     -73.22597  RMSG = 7.2145001e-03
 MIN: Iter =   29  NFunc =   407  E =     -73.22602  RMSG = 4.1599866e-03
 MIN: Iter =   30  NFunc =   445  E =     -73.22605  RMSG = 2.6875825e-03
 MIN: Iter =   31  NFunc =   471  E =     -73.22606  RMSG = 1.4222542e-03
 MIN: Iter =   32  NFunc =   491  E =     -73.22606  RMSG = 6.2579425e-04
 MIN: Iter =   33  NFunc =   508  E =     -73.22606  RMSG = 3.2797191e-04
----------------------------------------------------------------
 END:          :-)  E =     -73.22606  RMSG =   0.0003280

     bond:      3.562646673
    angle:     10.962970160
 dihedral:     46.569921086
    enb14:      8.455555762
    eel14:    237.249421048
      enb:     -3.913483058
      eel:   -187.531966922
      egb:   -188.581123283
    econs:      0.000000000
    esurf:      0.000000000
    Total:    -73.226058534
     frms:      0.000327972
====== rms.dat  ======================================================
#Frame      all_heavy
       1       0.4301
