====== tleap.out =====================================================
-I: Adding /home/case/amber24/dat/leap/prep to search path.
-I: Adding /home/case/amber24/dat/leap/lib to search path.
-I: Adding /home/case/amber24/dat/leap/parm to search path.
-I: Adding /home/case/amber24/dat/leap/cmd to search path.
-f: Source leap.in.

Welcome to LEaP!
(no leaprc in search path)
Sourcing: ./leap.in
Using Bondi radii
----- Source: /home/case/amber24/dat/leap/cmd/leaprc.gaff2
----- Source of /home/case/amber24/dat/leap/cmd/leaprc.gaff2 done
Log file: ./leap.log
Loading parameters: /home/case/amber24/dat/leap/parm/gaff2.dat
Reading title:
AMBER General Force Field for organic molecules (Version 2.2.20, March 2021)
Loading parameters: ./DGF.frcmod
Reading force field modification type file (frcmod)
Reading title:
Remark line goes here
Loading Mol2 file: ./DGF.mol2
Reading MOLECULE named DGF
Checking Unit.

/home/case/amber24/bin/teLeap: Warning!
The unperturbed charge of the unit (-0.996999) is not zero.

/home/case/amber24/bin/teLeap: Note.
Ignoring the warning from Unit Checking.

Building topology.
"order_residues" off: keep input residue order.
Building atom parameters.
Building bond parameters.
Building angle parameters.
Building proper torsion parameters.
Building improper torsion parameters.
 total 3 improper torsions applied
Building H-Bond parameters.
Incorporating Non-Bonded adjustments.
Not Marking per-residue atom chain types.
Marking per-residue atom chain types.
  (Residues lacking connect0/connect1 - 
   these don't have chain types marked:

	res	total affected

	DGF	1
  )
 (no restraints)
	Quit

Exiting LEaP: Errors = 0; Warnings = 1; Notes = 1.
====== min.o =========================================================
Reading parm file (DGF.parm7)
title:
DGF                                                                             
no velocities were found
no velocities were found
	mm_options:  ntpr=5
	mm_options:  gb=1
	mm_options:  kappa=0.10395
	mm_options:  rgbmax=99.
	mm_options:  cut=99.0
	mm_options:  wcons=0.
     bond:      3.202828540
    angle:     15.489280604
 dihedral:     29.475201843
    enb14:      6.043159726
    eel14:   -122.550952586
      enb:     -3.093888009
      eel:    134.680697035
      egb:    -77.849031974
    econs:      0.000000000
    esurf:      0.000000000
    Total:    -14.602704822
     frms:     11.834416516
Starting TNCG minimisation
 MIN: Iter =    0  NFunc =     1  E =     -14.60270  RMSG = 1.1834417e+01
 MIN: Iter =    1  NFunc =     8  E =     -26.73824  RMSG = 4.8772695e+00
 MIN: Iter =    2  NFunc =    16  E =     -29.88050  RMSG = 1.9559006e+00
 MIN: Iter =    3  NFunc =    45  E =     -30.73627  RMSG = 4.3095176e+00
 MIN: Iter =    4  NFunc =    52  E =     -32.15424  RMSG = 3.2851031e+00
 MIN: Iter =    5  NFunc =    59  E =     -33.38917  RMSG = 4.0214311e+00
 MIN: Iter =    6  NFunc =    65  E =     -34.26238  RMSG = 1.0610287e+00
 MIN: Iter =    7  NFunc =    76  E =     -34.67223  RMSG = 2.0389846e+00
 MIN: Iter =    8  NFunc =    82  E =     -34.84597  RMSG = 4.5833397e-01
 MIN: Iter =    9  NFunc =   122  E =     -35.08715  RMSG = 1.3737042e+00
 MIN: Iter =   10  NFunc =   128  E =     -35.25840  RMSG = 3.2777703e-01
 MIN: Iter =   11  NFunc =   145  E =     -35.38304  RMSG = 1.1497622e+00
 MIN: Iter =   12  NFunc =   151  E =     -35.48937  RMSG = 2.5698271e-01
 MIN: Iter =   13  NFunc =   162  E =     -35.54184  RMSG = 2.9470102e-01
 MIN: Iter =   14  NFunc =   170  E =     -35.55544  RMSG = 1.2697494e-01
 MIN: Iter =   15  NFunc =   193  E =     -35.57260  RMSG = 1.3051212e-01
 MIN: Iter =   16  NFunc =   199  E =     -35.57420  RMSG = 6.0330250e-02
 MIN: Iter =   17  NFunc =   216  E =     -35.57767  RMSG = 2.8475766e-02
 MIN: Iter =   18  NFunc =   234  E =     -35.57828  RMSG = 1.3797521e-02
 MIN: Iter =   19  NFunc =   241  E =     -35.57834  RMSG = 9.6595987e-03
 MIN: Iter =   20  NFunc =   251  E =     -35.57845  RMSG = 7.8941779e-03
 MIN: Iter =   21  NFunc =   264  E =     -35.57850  RMSG = 4.2138188e-03
 MIN: Iter =   22  NFunc =   289  E =     -35.57854  RMSG = 3.3592242e-03
 MIN: Iter =   23  NFunc =   298  E =     -35.57854  RMSG = 1.9181052e-03
 MIN: Iter =   24  NFunc =   312  E =     -35.57855  RMSG = 1.0152839e-03
 MIN: Iter =   25  NFunc =   343  E =     -35.57855  RMSG = 5.1189261e-04
 MIN: Iter =   26  NFunc =   351  E =     -35.57855  RMSG = 4.9778328e-04
----------------------------------------------------------------
 END:          :-)  E =     -35.57855  RMSG =   0.0004978

     bond:      2.250321122
    angle:     10.557924210
 dihedral:     25.387377361
    enb14:      4.061859580
    eel14:   -121.337139660
      enb:     -2.364178936
      eel:    121.503237595
      egb:    -75.637950062
    econs:      0.000000000
    esurf:      0.000000000
    Total:    -35.578548790
     frms:      0.000497783
====== rms.dat  ======================================================
#Frame      all_heavy
       1       0.2705
