====== tleap.out =====================================================
-I: Adding /home/case/amber24/dat/leap/prep to search path.
-I: Adding /home/case/amber24/dat/leap/lib to search path.
-I: Adding /home/case/amber24/dat/leap/parm to search path.
-I: Adding /home/case/amber24/dat/leap/cmd to search path.
-f: Source leap.in.

Welcome to LEaP!
(no leaprc in search path)
Sourcing: ./leap.in
Using Bondi radii
----- Source: /home/case/amber24/dat/leap/cmd/leaprc.gaff2
----- Source of /home/case/amber24/dat/leap/cmd/leaprc.gaff2 done
Log file: ./leap.log
Loading parameters: /home/case/amber24/dat/leap/parm/gaff2.dat
Reading title:
AMBER General Force Field for organic molecules (Version 2.2.20, March 2021)
Loading parameters: ./DIE.frcmod
Reading force field modification type file (frcmod)
Reading title:
Remark line goes here
Loading Mol2 file: ./DIE.mol2
Reading MOLECULE named DIE
Checking Unit.
Building topology.
"order_residues" off: keep input residue order.
Building atom parameters.
Building bond parameters.
Building angle parameters.
Building proper torsion parameters.
Building improper torsion parameters.
 total 6 improper torsions applied
Building H-Bond parameters.
Incorporating Non-Bonded adjustments.
Not Marking per-residue atom chain types.
Marking per-residue atom chain types.
  (Residues lacking connect0/connect1 - 
   these don't have chain types marked:

	res	total affected

	DIE	1
  )
 (no restraints)
	Quit

Exiting LEaP: Errors = 0; Warnings = 0; Notes = 0.
====== min.o =========================================================
Reading parm file (DIE.parm7)
title:
DIE                                                                             
no velocities were found
no velocities were found
	mm_options:  ntpr=5
	mm_options:  gb=1
	mm_options:  kappa=0.10395
	mm_options:  rgbmax=99.
	mm_options:  cut=99.0
	mm_options:  wcons=0.
     bond:      0.373579266
    angle:      1.262685906
 dihedral:      2.017044781
    enb14:      5.433941366
    eel14:     -2.856081743
      enb:     -0.849679746
      eel:    -10.055128378
      egb:     -7.220201184
    econs:      0.000000000
    esurf:      0.000000000
    Total:    -11.893839732
     frms:      5.506858025
Starting TNCG minimisation
 MIN: Iter =    0  NFunc =     1  E =     -11.89384  RMSG = 5.5068580e+00
 MIN: Iter =    1  NFunc =     7  E =     -14.21037  RMSG = 1.4796975e+00
 MIN: Iter =    2  NFunc =    14  E =     -14.49645  RMSG = 4.8720143e-01
 MIN: Iter =    3  NFunc =    23  E =     -14.63084  RMSG = 8.2382315e-01
 MIN: Iter =    4  NFunc =    32  E =     -14.68738  RMSG = 2.1525706e-01
 MIN: Iter =    5  NFunc =    57  E =     -14.73644  RMSG = 2.9496468e-01
 MIN: Iter =    6  NFunc =    63  E =     -14.74257  RMSG = 1.1337394e-01
 MIN: Iter =    7  NFunc =    82  E =     -14.75935  RMSG = 2.2052802e-01
 MIN: Iter =    8  NFunc =    88  E =     -14.76233  RMSG = 5.0379045e-02
 MIN: Iter =    9  NFunc =    96  E =     -14.76281  RMSG = 2.3621658e-02
 MIN: Iter =   10  NFunc =   106  E =     -14.76308  RMSG = 1.6176877e-02
 MIN: Iter =   11  NFunc =   117  E =     -14.76316  RMSG = 1.0224518e-02
 MIN: Iter =   12  NFunc =   130  E =     -14.76323  RMSG = 5.2070420e-03
 MIN: Iter =   13  NFunc =   153  E =     -14.76328  RMSG = 4.1839865e-03
 MIN: Iter =   14  NFunc =   167  E =     -14.76329  RMSG = 2.5148205e-03
 MIN: Iter =   15  NFunc =   177  E =     -14.76329  RMSG = 1.3654745e-03
 MIN: Iter =   16  NFunc =   190  E =     -14.76329  RMSG = 5.9131221e-04
 MIN: Iter =   17  NFunc =   197  E =     -14.76329  RMSG = 3.5284913e-04
----------------------------------------------------------------
 END:          :-)  E =     -14.76329  RMSG =   0.0003528

     bond:      0.453044705
    angle:      0.518825727
 dihedral:      1.921997423
    enb14:      4.083964598
    eel14:     -3.063791636
      enb:     -1.315923866
      eel:     -9.915789989
      egb:     -7.445617610
    econs:      0.000000000
    esurf:      0.000000000
    Total:    -14.763290648
     frms:      0.000352849
====== rms.dat  ======================================================
#Frame      all_heavy
       1       0.0813
