====== tleap.out =====================================================
-I: Adding /home/case/amber24/dat/leap/prep to search path.
-I: Adding /home/case/amber24/dat/leap/lib to search path.
-I: Adding /home/case/amber24/dat/leap/parm to search path.
-I: Adding /home/case/amber24/dat/leap/cmd to search path.
-f: Source leap.in.

Welcome to LEaP!
(no leaprc in search path)
Sourcing: ./leap.in
Using Bondi radii
----- Source: /home/case/amber24/dat/leap/cmd/leaprc.gaff2
----- Source of /home/case/amber24/dat/leap/cmd/leaprc.gaff2 done
Log file: ./leap.log
Loading parameters: /home/case/amber24/dat/leap/parm/gaff2.dat
Reading title:
AMBER General Force Field for organic molecules (Version 2.2.20, March 2021)
Loading parameters: ./DK8.frcmod
Reading force field modification type file (frcmod)
Reading title:
Remark line goes here
Loading Mol2 file: ./DK8.mol2
Reading MOLECULE named DK8
Checking Unit.
Building topology.
"order_residues" off: keep input residue order.
Building atom parameters.
Building bond parameters.
Building angle parameters.
Building proper torsion parameters.
Building improper torsion parameters.
 total 26 improper torsions applied
Building H-Bond parameters.
Incorporating Non-Bonded adjustments.
Not Marking per-residue atom chain types.
Marking per-residue atom chain types.
  (Residues lacking connect0/connect1 - 
   these don't have chain types marked:

	res	total affected

	DK8	1
  )
 (no restraints)
	Quit

Exiting LEaP: Errors = 0; Warnings = 0; Notes = 0.
====== min.o =========================================================
Reading parm file (DK8.parm7)
title:
DK8                                                                             
no velocities were found
no velocities were found
	mm_options:  ntpr=5
	mm_options:  gb=1
	mm_options:  kappa=0.10395
	mm_options:  rgbmax=99.
	mm_options:  cut=99.0
	mm_options:  wcons=0.
     bond:      1.585918000
    angle:     10.468673685
 dihedral:     34.533058172
    enb14:     19.876757641
    eel14:     19.059919544
      enb:     -9.896838555
      eel:    -14.049076725
      egb:    -12.920965731
    econs:      0.000000000
    esurf:      0.000000000
    Total:     48.657446033
     frms:      5.333080813
Starting TNCG minimisation
 MIN: Iter =    0  NFunc =     1  E =      48.65745  RMSG = 5.3330808e+00
 MIN: Iter =    1  NFunc =     7  E =      36.62098  RMSG = 1.5518546e+00
 MIN: Iter =    2  NFunc =    17  E =      33.79757  RMSG = 7.0414231e-01
 MIN: Iter =    3  NFunc =    31  E =      32.74055  RMSG = 3.7371127e-01
 MIN: Iter =    4  NFunc =    59  E =      32.14917  RMSG = 5.7505835e-01
 MIN: Iter =    5  NFunc =    67  E =      31.97993  RMSG = 2.0135256e-01
 MIN: Iter =    6  NFunc =   118  E =      31.58109  RMSG = 3.1815898e-01
 MIN: Iter =    7  NFunc =   144  E =      31.33042  RMSG = 2.8961266e-01
 MIN: Iter =    8  NFunc =   160  E =      31.17322  RMSG = 2.1718759e-01
 MIN: Iter =    9  NFunc =   174  E =      31.05607  RMSG = 2.0911020e-01
 MIN: Iter =   10  NFunc =   183  E =      31.00844  RMSG = 9.3544039e-02
 MIN: Iter =   11  NFunc =   225  E =      30.92453  RMSG = 2.2231739e-01
 MIN: Iter =   12  NFunc =   231  E =      30.90870  RMSG = 6.5341917e-02
 MIN: Iter =   13  NFunc =   276  E =      30.87382  RMSG = 1.8019752e-01
 MIN: Iter =   14  NFunc =   282  E =      30.86432  RMSG = 4.6960752e-02
 MIN: Iter =   15  NFunc =   333  E =      30.82760  RMSG = 1.9210122e-01
 MIN: Iter =   16  NFunc =   339  E =      30.81499  RMSG = 6.5482885e-02
 MIN: Iter =   17  NFunc =   390  E =      30.78123  RMSG = 1.3971244e-01
 MIN: Iter =   18  NFunc =   415  E =      30.74939  RMSG = 1.2013253e-01
 MIN: Iter =   19  NFunc =   433  E =      30.72916  RMSG = 7.3020037e-02
 MIN: Iter =   20  NFunc =   447  E =      30.71719  RMSG = 8.3670901e-02
 MIN: Iter =   21  NFunc =   456  E =      30.71084  RMSG = 3.8811678e-02
 MIN: Iter =   22  NFunc =   507  E =      30.68360  RMSG = 1.8121488e-01
 MIN: Iter =   23  NFunc =   514  E =      30.66799  RMSG = 5.6909515e-02
 MIN: Iter =   24  NFunc =   565  E =      30.63795  RMSG = 1.7791936e-01
 MIN: Iter =   25  NFunc =   573  E =      30.61016  RMSG = 6.0171162e-02
 MIN: Iter =   26  NFunc =   592  E =      30.58156  RMSG = 1.8574390e-01
 MIN: Iter =   27  NFunc =   602  E =      30.53673  RMSG = 9.2521062e-02
 MIN: Iter =   28  NFunc =   608  E =      30.51108  RMSG = 1.9143835e-01
 MIN: Iter =   29  NFunc =   614  E =      30.48051  RMSG = 8.0623392e-02
 MIN: Iter =   30  NFunc =   622  E =      30.45968  RMSG = 1.7802089e-01
 MIN: Iter =   31  NFunc =   629  E =      30.42932  RMSG = 8.5401959e-02
 MIN: Iter =   32  NFunc =   680  E =      30.34567  RMSG = 1.8428721e-01
 MIN: Iter =   33  NFunc =   691  E =      30.25231  RMSG = 2.3733800e-01
 MIN: Iter =   34  NFunc =   697  E =      30.15285  RMSG = 2.0924917e-01
 MIN: Iter =   35  NFunc =   703  E =      30.08772  RMSG = 2.1713886e-01
 MIN: Iter =   36  NFunc =   710  E =      30.04473  RMSG = 8.5313010e-02
 MIN: Iter =   37  NFunc =   761  E =      29.89760  RMSG = 2.8255854e-01
 MIN: Iter =   38  NFunc =   770  E =      29.75148  RMSG = 2.6637332e-01
 MIN: Iter =   39  NFunc =   776  E =      29.63076  RMSG = 2.6960420e-01
 MIN: Iter =   40  NFunc =   782  E =      29.52681  RMSG = 2.3282856e-01
 MIN: Iter =   41  NFunc =   833  E =      29.32891  RMSG = 2.6633678e-01
 MIN: Iter =   42  NFunc =   857  E =      29.12464  RMSG = 3.0778563e-01
 MIN: Iter =   43  NFunc =   869  E =      28.95470  RMSG = 2.5987742e-01
 MIN: Iter =   44  NFunc =   875  E =      28.88154  RMSG = 1.4929786e-01
 MIN: Iter =   45  NFunc =   883  E =      28.85437  RMSG = 9.9304137e-02
 MIN: Iter =   46  NFunc =   911  E =      28.78839  RMSG = 1.9659533e-01
 MIN: Iter =   47  NFunc =   917  E =      28.77570  RMSG = 7.1354208e-02
 MIN: Iter =   48  NFunc =   968  E =      28.69952  RMSG = 3.8761676e-01
 MIN: Iter =   49  NFunc =   974  E =      28.64713  RMSG = 1.2418210e-01
 MIN: Iter =   50  NFunc =  1026  E =      28.59513  RMSG = 1.2331775e-01
 MIN: Iter =   51  NFunc =  1053  E =      28.54043  RMSG = 4.3055765e-01
 MIN: Iter =   52  NFunc =  1059  E =      28.47456  RMSG = 1.2973622e-01
 MIN: Iter =   53  NFunc =  1091  E =      28.43508  RMSG = 1.1947161e-01
 MIN: Iter =   54  NFunc =  1109  E =      28.39805  RMSG = 1.2266083e-01
 MIN: Iter =   55  NFunc =  1117  E =      28.35461  RMSG = 2.0184671e-01
 MIN: Iter =   56  NFunc =  1123  E =      28.33048  RMSG = 6.3479129e-02
 MIN: Iter =   57  NFunc =  1170  E =      28.26642  RMSG = 3.1469938e-01
 MIN: Iter =   58  NFunc =  1176  E =      28.23000  RMSG = 9.1022634e-02
 MIN: Iter =   59  NFunc =  1200  E =      28.17604  RMSG = 2.0727965e-01
 MIN: Iter =   60  NFunc =  1209  E =      28.15356  RMSG = 6.6957142e-02
 MIN: Iter =   61  NFunc =  1216  E =      28.14376  RMSG = 6.5997531e-02
 MIN: Iter =   62  NFunc =  1267  E =      28.10819  RMSG = 1.0110387e-01
 MIN: Iter =   63  NFunc =  1273  E =      28.10466  RMSG = 3.4212864e-02
 MIN: Iter =   64  NFunc =  1324  E =      28.08706  RMSG = 7.1446917e-02
 MIN: Iter =   65  NFunc =  1344  E =      28.07551  RMSG = 3.7802567e-02
 MIN: Iter =   66  NFunc =  1370  E =      28.06878  RMSG = 2.6135340e-02
 MIN: Iter =   67  NFunc =  1421  E =      28.06142  RMSG = 2.8689872e-02
 MIN: Iter =   68  NFunc =  1472  E =      28.05586  RMSG = 2.8190075e-02
 MIN: Iter =   69  NFunc =  1488  E =      28.05432  RMSG = 1.3553694e-02
 MIN: Iter =   70  NFunc =  1539  E =      28.05127  RMSG = 2.1389425e-02
 MIN: Iter =   71  NFunc =  1590  E =      28.04664  RMSG = 3.5549435e-02
 MIN: Iter =   72  NFunc =  1641  E =      28.03708  RMSG = 9.0752668e-02
 MIN: Iter =   73  NFunc =  1652  E =      28.02980  RMSG = 3.6088856e-02
 MIN: Iter =   74  NFunc =  1699  E =      28.01527  RMSG = 9.7433949e-02
 MIN: Iter =   75  NFunc =  1750  E =      27.98640  RMSG = 1.3537467e-01
 MIN: Iter =   76  NFunc =  1761  E =      27.95341  RMSG = 1.0415925e-01
 MIN: Iter =   77  NFunc =  1779  E =      27.91920  RMSG = 1.3309775e-01
 MIN: Iter =   78  NFunc =  1788  E =      27.88883  RMSG = 8.4715735e-02
 MIN: Iter =   79  NFunc =  1809  E =      27.86469  RMSG = 9.2617160e-02
 MIN: Iter =   80  NFunc =  1847  E =      27.81022  RMSG = 1.2121369e-01
 MIN: Iter =   81  NFunc =  1858  E =      27.79608  RMSG = 5.8244716e-02
 MIN: Iter =   82  NFunc =  1909  E =      27.75945  RMSG = 9.6117044e-02
 MIN: Iter =   83  NFunc =  1928  E =      27.73486  RMSG = 8.3527039e-02
 MIN: Iter =   84  NFunc =  1942  E =      27.71979  RMSG = 5.2579090e-02
 MIN: Iter =   85  NFunc =  1961  E =      27.70629  RMSG = 8.7363165e-02
 MIN: Iter =   86  NFunc =  1974  E =      27.69819  RMSG = 3.4980777e-02
 MIN: Iter =   87  NFunc =  1993  E =      27.69189  RMSG = 8.2205262e-02
 MIN: Iter =   88  NFunc =  1999  E =      27.68888  RMSG = 2.4499411e-02
 MIN: Iter =   89  NFunc =  2027  E =      27.68239  RMSG = 7.1542738e-02
 MIN: Iter =   90  NFunc =  2033  E =      27.68027  RMSG = 2.5079437e-02
 MIN: Iter =   91  NFunc =  2053  E =      27.67768  RMSG = 1.7011372e-02
 MIN: Iter =   92  NFunc =  2081  E =      27.67362  RMSG = 2.0692421e-02
 MIN: Iter =   93  NFunc =  2108  E =      27.67145  RMSG = 1.3385251e-02
 MIN: Iter =   94  NFunc =  2150  E =      27.67017  RMSG = 7.4478652e-03
 MIN: Iter =   95  NFunc =  2201  E =      27.66894  RMSG = 1.2151696e-02
 MIN: Iter =   96  NFunc =  2252  E =      27.66829  RMSG = 5.4993097e-03
 MIN: Iter =   97  NFunc =  2296  E =      27.66795  RMSG = 4.1682874e-03
 MIN: Iter =   98  NFunc =  2347  E =      27.66779  RMSG = 2.7307667e-03
 MIN: Iter =   99  NFunc =  2398  E =      27.66769  RMSG = 2.4428212e-03
 MIN: Iter =  100  NFunc =  2423  E =      27.66766  RMSG = 1.6019070e-03
----------------------------------------------------------------
 END:          :-)  E =      27.66766  RMSG =   0.0016019

     bond:      2.487150100
    angle:      7.950942261
 dihedral:     37.982386860
    enb14:     14.926509263
    eel14:     19.147932086
      enb:    -25.724841997
      eel:    -14.910479200
      egb:    -14.191938018
    econs:      0.000000000
    esurf:      0.000000000
    Total:     27.667661355
     frms:      0.001601907
====== rms.dat  ======================================================
#Frame      all_heavy
       1       2.1505
