====== tleap.out =====================================================
-I: Adding /home/case/amber24/dat/leap/prep to search path.
-I: Adding /home/case/amber24/dat/leap/lib to search path.
-I: Adding /home/case/amber24/dat/leap/parm to search path.
-I: Adding /home/case/amber24/dat/leap/cmd to search path.
-f: Source leap.in.

Welcome to LEaP!
(no leaprc in search path)
Sourcing: ./leap.in
Using Bondi radii
----- Source: /home/case/amber24/dat/leap/cmd/leaprc.gaff2
----- Source of /home/case/amber24/dat/leap/cmd/leaprc.gaff2 done
Log file: ./leap.log
Loading parameters: /home/case/amber24/dat/leap/parm/gaff2.dat
Reading title:
AMBER General Force Field for organic molecules (Version 2.2.20, March 2021)
Loading parameters: ./DKD.frcmod
Reading force field modification type file (frcmod)
Reading title:
Remark line goes here
Loading Mol2 file: ./DKD.mol2
Reading MOLECULE named DKD
Checking Unit.

/home/case/amber24/bin/teLeap: Warning!
The unperturbed charge of the unit (-1.001000) is not zero.

/home/case/amber24/bin/teLeap: Note.
Ignoring the warning from Unit Checking.

Building topology.
"order_residues" off: keep input residue order.
Building atom parameters.
Building bond parameters.
Building angle parameters.
Building proper torsion parameters.
Building improper torsion parameters.
 total 19 improper torsions applied
Building H-Bond parameters.
Incorporating Non-Bonded adjustments.
Not Marking per-residue atom chain types.
Marking per-residue atom chain types.
  (Residues lacking connect0/connect1 - 
   these don't have chain types marked:

	res	total affected

	DKD	1
  )
 (no restraints)
	Quit

Exiting LEaP: Errors = 0; Warnings = 1; Notes = 1.
====== min.o =========================================================
Reading parm file (DKD.parm7)
title:
DKD                                                                             
no velocities were found
no velocities were found
	mm_options:  ntpr=5
	mm_options:  gb=1
	mm_options:  kappa=0.10395
	mm_options:  rgbmax=99.
	mm_options:  cut=99.0
	mm_options:  wcons=0.
     bond:      1.729051244
    angle:      4.797084425
 dihedral:      8.914224158
    enb14:     13.535628166
    eel14:     42.671915114
      enb:     -4.112108857
      eel:    -24.114381167
      egb:    -72.280320002
    econs:      0.000000000
    esurf:      0.000000000
    Total:    -28.858906920
     frms:      6.823350595
Starting TNCG minimisation
 MIN: Iter =    0  NFunc =     1  E =     -28.85891  RMSG = 6.8233506e+00
 MIN: Iter =    1  NFunc =     7  E =     -34.42265  RMSG = 1.4442776e+00
 MIN: Iter =    2  NFunc =    13  E =     -35.34770  RMSG = 7.5337686e-01
 MIN: Iter =    3  NFunc =    31  E =     -35.78010  RMSG = 3.0218170e-01
 MIN: Iter =    4  NFunc =    42  E =     -35.81342  RMSG = 1.1605992e-01
 MIN: Iter =    5  NFunc =    75  E =     -35.83991  RMSG = 2.0511537e-01
 MIN: Iter =    6  NFunc =   101  E =     -35.85848  RMSG = 9.2023352e-02
 MIN: Iter =    7  NFunc =   107  E =     -35.85998  RMSG = 3.7086887e-02
 MIN: Iter =    8  NFunc =   158  E =     -35.86835  RMSG = 6.3743726e-02
 MIN: Iter =    9  NFunc =   164  E =     -35.86895  RMSG = 1.9166555e-02
 MIN: Iter =   10  NFunc =   203  E =     -35.87164  RMSG = 2.7589700e-02
 MIN: Iter =   11  NFunc =   225  E =     -35.87266  RMSG = 1.7034274e-02
 MIN: Iter =   12  NFunc =   237  E =     -35.87289  RMSG = 9.3952912e-03
 MIN: Iter =   13  NFunc =   250  E =     -35.87296  RMSG = 5.7995652e-03
 MIN: Iter =   14  NFunc =   265  E =     -35.87301  RMSG = 3.6288151e-03
 MIN: Iter =   15  NFunc =   309  E =     -35.87310  RMSG = 3.4188591e-03
 MIN: Iter =   16  NFunc =   335  E =     -35.87313  RMSG = 2.1079025e-03
 MIN: Iter =   17  NFunc =   363  E =     -35.87317  RMSG = 3.5713203e-03
 MIN: Iter =   18  NFunc =   375  E =     -35.87318  RMSG = 1.9454217e-03
 MIN: Iter =   19  NFunc =   415  E =     -35.87321  RMSG = 1.5553381e-03
 MIN: Iter =   20  NFunc =   466  E =     -35.87323  RMSG = 3.7460807e-03
 MIN: Iter =   21  NFunc =   508  E =     -35.87329  RMSG = 7.2079239e-03
 MIN: Iter =   22  NFunc =   514  E =     -35.87329  RMSG = 2.0728902e-03
 MIN: Iter =   23  NFunc =   522  E =     -35.87330  RMSG = 9.5889940e-04
 MIN: Iter =   24  NFunc =   573  E =     -35.87330  RMSG = 1.0755914e-03
 MIN: Iter =   25  NFunc =   624  E =     -35.87331  RMSG = 1.0804665e-03
 MIN: Iter =   26  NFunc =   641  E =     -35.87331  RMSG = 6.8182881e-04
 MIN: Iter =   27  NFunc =   671  E =     -35.87331  RMSG = 4.9351085e-04
----------------------------------------------------------------
 END:          :-)  E =     -35.87331  RMSG =   0.0004935

     bond:      1.230732551
    angle:      4.473368943
 dihedral:      8.807018633
    enb14:     10.146619277
    eel14:     40.991057012
      enb:     -4.793912133
      eel:    -23.046922560
      egb:    -73.681275010
    econs:      0.000000000
    esurf:      0.000000000
    Total:    -35.873313287
     frms:      0.000493511
====== rms.dat  ======================================================
#Frame      all_heavy
       1       0.1159
