====== tleap.out =====================================================
-I: Adding /home/case/amber24/dat/leap/prep to search path.
-I: Adding /home/case/amber24/dat/leap/lib to search path.
-I: Adding /home/case/amber24/dat/leap/parm to search path.
-I: Adding /home/case/amber24/dat/leap/cmd to search path.
-f: Source leap.in.

Welcome to LEaP!
(no leaprc in search path)
Sourcing: ./leap.in
Using Bondi radii
----- Source: /home/case/amber24/dat/leap/cmd/leaprc.gaff2
----- Source of /home/case/amber24/dat/leap/cmd/leaprc.gaff2 done
Log file: ./leap.log
Loading parameters: /home/case/amber24/dat/leap/parm/gaff2.dat
Reading title:
AMBER General Force Field for organic molecules (Version 2.2.20, March 2021)
Loading parameters: ./DM5.frcmod
Reading force field modification type file (frcmod)
Reading title:
Remark line goes here
Loading Mol2 file: ./DM5.mol2
Reading MOLECULE named DM5
Checking Unit.
Building topology.
"order_residues" off: keep input residue order.
Building atom parameters.
Building bond parameters.
Building angle parameters.
Building proper torsion parameters.
Building improper torsion parameters.
 total 15 improper torsions applied
Building H-Bond parameters.
Incorporating Non-Bonded adjustments.
Not Marking per-residue atom chain types.
Marking per-residue atom chain types.
  (Residues lacking connect0/connect1 - 
   these don't have chain types marked:

	res	total affected

	DM5	1
  )
 (no restraints)
	Quit

Exiting LEaP: Errors = 0; Warnings = 0; Notes = 0.
====== min.o =========================================================
Reading parm file (DM5.parm7)
title:
DM5                                                                             
no velocities were found
no velocities were found
	mm_options:  ntpr=5
	mm_options:  gb=1
	mm_options:  kappa=0.10395
	mm_options:  rgbmax=99.
	mm_options:  cut=99.0
	mm_options:  wcons=0.
     bond:      5.106773939
    angle:      5.646739713
 dihedral:     76.662952076
    enb14:     26.528790991
    eel14:     55.532774739
      enb:      3.420083723
      eel:    -83.431142546
      egb:    -34.893330246
    econs:      0.000000000
    esurf:      0.000000000
    Total:     54.573642390
     frms:     10.597313160
Starting TNCG minimisation
 MIN: Iter =    0  NFunc =     1  E =      54.57364  RMSG = 1.0597313e+01
 MIN: Iter =    1  NFunc =     7  E =      38.82105  RMSG = 3.2103841e+00
 MIN: Iter =    2  NFunc =    15  E =      34.03611  RMSG = 1.4503494e+00
 MIN: Iter =    3  NFunc =    37  E =      32.90500  RMSG = 1.3123066e+00
 MIN: Iter =    4  NFunc =    48  E =      31.90807  RMSG = 1.3350463e+00
 MIN: Iter =    5  NFunc =    54  E =      30.98151  RMSG = 1.1731241e+00
 MIN: Iter =    6  NFunc =    60  E =      30.33659  RMSG = 1.3417159e+00
 MIN: Iter =    7  NFunc =    68  E =      29.60975  RMSG = 1.5092704e+00
 MIN: Iter =    8  NFunc =    75  E =      28.67401  RMSG = 1.7178582e+00
 MIN: Iter =    9  NFunc =    81  E =      27.70238  RMSG = 1.8359662e+00
 MIN: Iter =   10  NFunc =    87  E =      26.63190  RMSG = 1.7324681e+00
 MIN: Iter =   11  NFunc =    93  E =      25.63479  RMSG = 1.4225266e+00
 MIN: Iter =   12  NFunc =    99  E =      24.89320  RMSG = 9.7231171e-01
 MIN: Iter =   13  NFunc =   105  E =      24.48478  RMSG = 6.5967238e-01
 MIN: Iter =   14  NFunc =   156  E =      24.09971  RMSG = 8.1316613e-01
 MIN: Iter =   15  NFunc =   166  E =      23.76311  RMSG = 1.0182577e+00
 MIN: Iter =   16  NFunc =   172  E =      23.35111  RMSG = 1.1133565e+00
 MIN: Iter =   17  NFunc =   178  E =      22.88830  RMSG = 1.1727981e+00
 MIN: Iter =   18  NFunc =   184  E =      22.38093  RMSG = 1.1912641e+00
 MIN: Iter =   19  NFunc =   190  E =      21.84385  RMSG = 1.2283195e+00
 MIN: Iter =   20  NFunc =   196  E =      21.26832  RMSG = 1.2816431e+00
 MIN: Iter =   21  NFunc =   202  E =      20.65869  RMSG = 1.3252106e+00
 MIN: Iter =   22  NFunc =   208  E =      20.02227  RMSG = 1.3657667e+00
 MIN: Iter =   23  NFunc =   214  E =      19.35583  RMSG = 1.4224384e+00
 MIN: Iter =   24  NFunc =   220  E =      18.65582  RMSG = 1.4722625e+00
 MIN: Iter =   25  NFunc =   226  E =      17.91603  RMSG = 1.5247783e+00
 MIN: Iter =   26  NFunc =   232  E =      17.13697  RMSG = 1.5607217e+00
 MIN: Iter =   27  NFunc =   238  E =      16.32465  RMSG = 1.5619898e+00
 MIN: Iter =   28  NFunc =   244  E =      15.51927  RMSG = 1.5142977e+00
 MIN: Iter =   29  NFunc =   250  E =      14.72768  RMSG = 1.5243782e+00
 MIN: Iter =   30  NFunc =   256  E =      13.96149  RMSG = 1.5001037e+00
 MIN: Iter =   31  NFunc =   262  E =      13.31966  RMSG = 1.3000158e+00
 MIN: Iter =   32  NFunc =   275  E =      12.75003  RMSG = 1.5618389e+00
 MIN: Iter =   33  NFunc =   281  E =      12.29723  RMSG = 1.0025397e+00
 MIN: Iter =   34  NFunc =   287  E =      11.93202  RMSG = 1.3703894e+00
 MIN: Iter =   35  NFunc =   299  E =      11.43311  RMSG = 1.2484935e+00
 MIN: Iter =   36  NFunc =   306  E =      11.12956  RMSG = 5.8355470e-01
 MIN: Iter =   37  NFunc =   314  E =      10.94758  RMSG = 9.0759874e-01
 MIN: Iter =   38  NFunc =   321  E =      10.78602  RMSG = 3.9706106e-01
 MIN: Iter =   39  NFunc =   337  E =      10.66105  RMSG = 4.0351458e-01
 MIN: Iter =   40  NFunc =   387  E =      10.55878  RMSG = 4.9925968e-01
 MIN: Iter =   41  NFunc =   409  E =      10.45165  RMSG = 1.0993528e+00
 MIN: Iter =   42  NFunc =   415  E =      10.33001  RMSG = 1.9417176e-01
 MIN: Iter =   43  NFunc =   441  E =      10.27592  RMSG = 2.2051855e-01
 MIN: Iter =   44  NFunc =   454  E =      10.23569  RMSG = 7.1760555e-01
 MIN: Iter =   45  NFunc =   460  E =      10.19612  RMSG = 1.0759145e-01
 MIN: Iter =   46  NFunc =   471  E =      10.18549  RMSG = 1.1045323e-01
 MIN: Iter =   47  NFunc =   522  E =      10.14824  RMSG = 2.8469327e-01
 MIN: Iter =   48  NFunc =   528  E =      10.13334  RMSG = 9.7016738e-02
 MIN: Iter =   49  NFunc =   579  E =      10.10309  RMSG = 1.9951195e-01
 MIN: Iter =   50  NFunc =   587  E =      10.09173  RMSG = 6.7024715e-02
 MIN: Iter =   51  NFunc =   613  E =      10.08023  RMSG = 1.8875891e-01
 MIN: Iter =   52  NFunc =   619  E =      10.07515  RMSG = 5.0620592e-02
 MIN: Iter =   53  NFunc =   634  E =      10.07357  RMSG = 1.4018071e-02
 MIN: Iter =   54  NFunc =   655  E =      10.07316  RMSG = 8.0072943e-03
 MIN: Iter =   55  NFunc =   666  E =      10.07309  RMSG = 4.8367024e-03
 MIN: Iter =   56  NFunc =   709  E =      10.07297  RMSG = 3.5690370e-03
 MIN: Iter =   57  NFunc =   745  E =      10.07293  RMSG = 2.3294252e-03
 MIN: Iter =   58  NFunc =   796  E =      10.07290  RMSG = 2.6731044e-03
 MIN: Iter =   59  NFunc =   816  E =      10.07289  RMSG = 1.2368149e-03
 MIN: Iter =   60  NFunc =   853  E =      10.07288  RMSG = 1.0979954e-03
 MIN: Iter =   61  NFunc =   879  E =      10.07288  RMSG = 6.0169841e-04
 MIN: Iter =   62  NFunc =   929  E =      10.07288  RMSG = 3.2053603e-04
----------------------------------------------------------------
 END:          :-)  E =      10.07288  RMSG =   0.0003205

     bond:      4.672967510
    angle:      5.692917238
 dihedral:     54.305969319
    enb14:     17.457234226
    eel14:     64.882183156
      enb:     -0.184160448
      eel:   -105.521895369
      egb:    -31.232339961
    econs:      0.000000000
    esurf:      0.000000000
    Total:     10.072875670
     frms:      0.000320536
====== rms.dat  ======================================================
#Frame      all_heavy
       1       0.7487
