====== tleap.out =====================================================
-I: Adding /home/case/amber24/dat/leap/prep to search path.
-I: Adding /home/case/amber24/dat/leap/lib to search path.
-I: Adding /home/case/amber24/dat/leap/parm to search path.
-I: Adding /home/case/amber24/dat/leap/cmd to search path.
-f: Source leap.in.

Welcome to LEaP!
(no leaprc in search path)
Sourcing: ./leap.in
Using Bondi radii
----- Source: /home/case/amber24/dat/leap/cmd/leaprc.gaff2
----- Source of /home/case/amber24/dat/leap/cmd/leaprc.gaff2 done
Log file: ./leap.log
Loading parameters: /home/case/amber24/dat/leap/parm/gaff2.dat
Reading title:
AMBER General Force Field for organic molecules (Version 2.2.20, March 2021)
Loading parameters: ./DNS.frcmod
Reading force field modification type file (frcmod)
Reading title:
Remark line goes here
Loading Mol2 file: ./DNS.mol2
Reading MOLECULE named DNS
Checking Unit.

/home/case/amber24/bin/teLeap: Warning!
The unperturbed charge of the unit (-1.001002) is not zero.

/home/case/amber24/bin/teLeap: Note.
Ignoring the warning from Unit Checking.

Building topology.
"order_residues" off: keep input residue order.
Building atom parameters.
Building bond parameters.
Building angle parameters.
Building proper torsion parameters.
Building improper torsion parameters.
 total 12 improper torsions applied
Building H-Bond parameters.
Incorporating Non-Bonded adjustments.
Not Marking per-residue atom chain types.
Marking per-residue atom chain types.
  (Residues lacking connect0/connect1 - 
   these don't have chain types marked:

	res	total affected

	DNS	1
  )
 (no restraints)
	Quit

Exiting LEaP: Errors = 0; Warnings = 1; Notes = 1.
====== min.o =========================================================
Reading parm file (DNS.parm7)
title:
DNS                                                                             
no velocities were found
no velocities were found
	mm_options:  ntpr=5
	mm_options:  gb=1
	mm_options:  kappa=0.10395
	mm_options:  rgbmax=99.
	mm_options:  cut=99.0
	mm_options:  wcons=0.
     bond:      5.210380282
    angle:      8.681119943
 dihedral:     44.158417560
    enb14:     13.644244078
    eel14:     63.573878010
      enb:     -3.061827526
      eel:    -94.019681878
      egb:    -88.948621811
    econs:      0.000000000
    esurf:      0.000000000
    Total:    -50.762091343
     frms:     11.765441652
Starting TNCG minimisation
 MIN: Iter =    0  NFunc =     1  E =     -50.76209  RMSG = 1.1765442e+01
 MIN: Iter =    1  NFunc =     7  E =     -66.82417  RMSG = 5.5309931e+00
 MIN: Iter =    2  NFunc =    13  E =     -70.55353  RMSG = 1.9021171e+00
 MIN: Iter =    3  NFunc =    50  E =     -71.40935  RMSG = 3.0212285e+00
 MIN: Iter =    4  NFunc =    60  E =     -73.35792  RMSG = 1.3130611e+00
 MIN: Iter =    5  NFunc =    95  E =     -74.13364  RMSG = 1.8281956e+00
 MIN: Iter =    6  NFunc =   105  E =     -74.80275  RMSG = 8.5458137e-01
 MIN: Iter =    7  NFunc =   111  E =     -75.11113  RMSG = 1.0936145e+00
 MIN: Iter =    8  NFunc =   121  E =     -75.43590  RMSG = 7.1780455e-01
 MIN: Iter =    9  NFunc =   127  E =     -75.54112  RMSG = 2.6866615e-01
 MIN: Iter =   10  NFunc =   140  E =     -75.58544  RMSG = 1.3191730e-01
 MIN: Iter =   11  NFunc =   185  E =     -75.68633  RMSG = 5.6626047e-01
 MIN: Iter =   12  NFunc =   191  E =     -75.72944  RMSG = 1.5030884e-01
 MIN: Iter =   13  NFunc =   224  E =     -75.81193  RMSG = 3.9309303e-01
 MIN: Iter =   14  NFunc =   243  E =     -75.89285  RMSG = 4.0158294e-01
 MIN: Iter =   15  NFunc =   257  E =     -75.96393  RMSG = 3.1074602e-01
 MIN: Iter =   16  NFunc =   266  E =     -76.01149  RMSG = 2.2893095e-01
 MIN: Iter =   17  NFunc =   278  E =     -76.05486  RMSG = 2.7466478e-01
 MIN: Iter =   18  NFunc =   284  E =     -76.07347  RMSG = 1.3962987e-01
 MIN: Iter =   19  NFunc =   316  E =     -76.15880  RMSG = 1.6723707e-01
 MIN: Iter =   20  NFunc =   340  E =     -76.22815  RMSG = 2.4414319e-01
 MIN: Iter =   21  NFunc =   356  E =     -76.27142  RMSG = 1.8550329e-01
 MIN: Iter =   22  NFunc =   365  E =     -76.28613  RMSG = 9.1125191e-02
 MIN: Iter =   23  NFunc =   375  E =     -76.29259  RMSG = 7.3187181e-02
 MIN: Iter =   24  NFunc =   404  E =     -76.31222  RMSG = 1.0299722e-01
 MIN: Iter =   25  NFunc =   413  E =     -76.31429  RMSG = 3.5418639e-02
 MIN: Iter =   26  NFunc =   436  E =     -76.31794  RMSG = 3.7506498e-02
 MIN: Iter =   27  NFunc =   458  E =     -76.31953  RMSG = 1.5627117e-02
 MIN: Iter =   28  NFunc =   509  E =     -76.32043  RMSG = 2.1367072e-02
 MIN: Iter =   29  NFunc =   560  E =     -76.32202  RMSG = 7.9530157e-02
 MIN: Iter =   30  NFunc =   575  E =     -76.32410  RMSG = 3.4371920e-02
 MIN: Iter =   31  NFunc =   627  E =     -76.32800  RMSG = 8.6038461e-02
 MIN: Iter =   32  NFunc =   637  E =     -76.33271  RMSG = 1.3023405e-01
 MIN: Iter =   33  NFunc =   645  E =     -76.33904  RMSG = 1.0915099e-01
 MIN: Iter =   34  NFunc =   654  E =     -76.34379  RMSG = 1.2089997e-01
 MIN: Iter =   35  NFunc =   661  E =     -76.35066  RMSG = 1.3624985e-01
 MIN: Iter =   36  NFunc =   668  E =     -76.36052  RMSG = 2.1206847e-01
 MIN: Iter =   37  NFunc =   674  E =     -76.37750  RMSG = 2.4803598e-01
 MIN: Iter =   38  NFunc =   680  E =     -76.39754  RMSG = 1.9975701e-01
 MIN: Iter =   39  NFunc =   686  E =     -76.41367  RMSG = 2.3943187e-01
 MIN: Iter =   40  NFunc =   692  E =     -76.42525  RMSG = 9.5557353e-02
 MIN: Iter =   41  NFunc =   698  E =     -76.43131  RMSG = 1.2617779e-01
 MIN: Iter =   42  NFunc =   738  E =     -76.44962  RMSG = 1.5695252e-01
 MIN: Iter =   43  NFunc =   757  E =     -76.46528  RMSG = 2.6179988e-01
 MIN: Iter =   44  NFunc =   768  E =     -76.47639  RMSG = 8.1995490e-02
 MIN: Iter =   45  NFunc =   819  E =     -76.50655  RMSG = 2.4453206e-01
 MIN: Iter =   46  NFunc =   825  E =     -76.53999  RMSG = 2.3748769e-01
 MIN: Iter =   47  NFunc =   838  E =     -76.57815  RMSG = 2.2434871e-01
 MIN: Iter =   48  NFunc =   847  E =     -76.60494  RMSG = 1.5023605e-01
 MIN: Iter =   49  NFunc =   858  E =     -76.62611  RMSG = 1.7996925e-01
 MIN: Iter =   50  NFunc =   890  E =     -76.68659  RMSG = 4.0238392e-01
 MIN: Iter =   51  NFunc =   905  E =     -76.74170  RMSG = 2.4634775e-01
 MIN: Iter =   52  NFunc =   912  E =     -76.75800  RMSG = 1.1587355e-01
 MIN: Iter =   53  NFunc =   951  E =     -76.78917  RMSG = 1.9679710e-01
 MIN: Iter =   54  NFunc =   958  E =     -76.80335  RMSG = 1.3521260e-01
 MIN: Iter =   55  NFunc =   974  E =     -76.81562  RMSG = 1.0779963e-01
 MIN: Iter =   56  NFunc =   983  E =     -76.81889  RMSG = 4.4292659e-02
 MIN: Iter =   57  NFunc =   995  E =     -76.82163  RMSG = 4.5205843e-02
 MIN: Iter =   58  NFunc =  1011  E =     -76.82290  RMSG = 1.8446295e-02
 MIN: Iter =   59  NFunc =  1049  E =     -76.82414  RMSG = 1.4524516e-02
 MIN: Iter =   60  NFunc =  1059  E =     -76.82426  RMSG = 8.4361064e-03
 MIN: Iter =   61  NFunc =  1093  E =     -76.82460  RMSG = 7.1893337e-03
 MIN: Iter =   62  NFunc =  1144  E =     -76.82507  RMSG = 1.3520661e-02
 MIN: Iter =   63  NFunc =  1156  E =     -76.82516  RMSG = 5.1605714e-03
 MIN: Iter =   64  NFunc =  1177  E =     -76.82521  RMSG = 2.9501370e-03
 MIN: Iter =   65  NFunc =  1228  E =     -76.82527  RMSG = 2.6317425e-03
 MIN: Iter =   66  NFunc =  1253  E =     -76.82528  RMSG = 1.7172120e-03
 MIN: Iter =   67  NFunc =  1282  E =     -76.82530  RMSG = 1.6620981e-03
 MIN: Iter =   68  NFunc =  1301  E =     -76.82530  RMSG = 1.1986314e-03
 MIN: Iter =   69  NFunc =  1352  E =     -76.82533  RMSG = 2.3841188e-03
 MIN: Iter =   70  NFunc =  1383  E =     -76.82534  RMSG = 1.0733394e-03
 MIN: Iter =   71  NFunc =  1409  E =     -76.82534  RMSG = 5.7694466e-04
 MIN: Iter =   72  NFunc =  1454  E =     -76.82534  RMSG = 4.9172693e-04
----------------------------------------------------------------
 END:          :-)  E =     -76.82534  RMSG =   0.0004917

     bond:      3.855158865
    angle:      8.590705416
 dihedral:     37.826299747
    enb14:      8.546339012
    eel14:     41.605034240
      enb:     -3.540154960
      eel:    -71.506903202
      egb:   -102.201819933
    econs:      0.000000000
    esurf:      0.000000000
    Total:    -76.825340815
     frms:      0.000491727
====== rms.dat  ======================================================
#Frame      all_heavy
       1       1.8166
