====== tleap.out =====================================================
-I: Adding /home/case/amber24/dat/leap/prep to search path.
-I: Adding /home/case/amber24/dat/leap/lib to search path.
-I: Adding /home/case/amber24/dat/leap/parm to search path.
-I: Adding /home/case/amber24/dat/leap/cmd to search path.
-f: Source leap.in.

Welcome to LEaP!
(no leaprc in search path)
Sourcing: ./leap.in
Using Bondi radii
----- Source: /home/case/amber24/dat/leap/cmd/leaprc.gaff2
----- Source of /home/case/amber24/dat/leap/cmd/leaprc.gaff2 done
Log file: ./leap.log
Loading parameters: /home/case/amber24/dat/leap/parm/gaff2.dat
Reading title:
AMBER General Force Field for organic molecules (Version 2.2.20, March 2021)
Loading parameters: ./DQ5.frcmod
Reading force field modification type file (frcmod)
Reading title:
Remark line goes here
Loading Mol2 file: ./DQ5.mol2
Reading MOLECULE named DQ5
Checking Unit.
Building topology.
"order_residues" off: keep input residue order.
Building atom parameters.
Building bond parameters.
Building angle parameters.
Building proper torsion parameters.
Building improper torsion parameters.
 total 16 improper torsions applied
Building H-Bond parameters.
Incorporating Non-Bonded adjustments.
Not Marking per-residue atom chain types.
Marking per-residue atom chain types.
  (Residues lacking connect0/connect1 - 
   these don't have chain types marked:

	res	total affected

	DQ5	1
  )
 (no restraints)
	Quit

Exiting LEaP: Errors = 0; Warnings = 0; Notes = 0.
====== min.o =========================================================
Reading parm file (DQ5.parm7)
title:
DQ5                                                                             
no velocities were found
no velocities were found
	mm_options:  ntpr=5
	mm_options:  gb=1
	mm_options:  kappa=0.10395
	mm_options:  rgbmax=99.
	mm_options:  cut=99.0
	mm_options:  wcons=0.
     bond:      3.232102510
    angle:      3.560016016
 dihedral:      7.899771076
    enb14:     19.550797142
    eel14:    -58.201260171
      enb:     -3.273918942
      eel:     48.642396131
      egb:    -30.077417793
    econs:      0.000000000
    esurf:      0.000000000
    Total:     -8.667514030
     frms:      9.314807502
Starting TNCG minimisation
 MIN: Iter =    0  NFunc =     1  E =      -8.66751  RMSG = 9.3148075e+00
 MIN: Iter =    1  NFunc =     7  E =     -17.85541  RMSG = 2.6249461e+00
 MIN: Iter =    2  NFunc =    13  E =     -19.41702  RMSG = 9.5715286e-01
 MIN: Iter =    3  NFunc =    26  E =     -20.13808  RMSG = 5.2435513e-01
 MIN: Iter =    4  NFunc =    45  E =     -20.38619  RMSG = 3.1203534e-01
 MIN: Iter =    5  NFunc =    64  E =     -20.46507  RMSG = 1.5431138e-01
 MIN: Iter =    6  NFunc =    84  E =     -20.49476  RMSG = 1.4864446e-01
 MIN: Iter =    7  NFunc =   135  E =     -20.53639  RMSG = 7.4588297e-01
 MIN: Iter =    8  NFunc =   141  E =     -20.56824  RMSG = 1.1674156e-01
 MIN: Iter =    9  NFunc =   186  E =     -20.60861  RMSG = 7.0187681e-01
 MIN: Iter =   10  NFunc =   192  E =     -20.64041  RMSG = 1.0660439e-01
 MIN: Iter =   11  NFunc =   240  E =     -20.68360  RMSG = 5.7201334e-01
 MIN: Iter =   12  NFunc =   246  E =     -20.70444  RMSG = 9.8109412e-02
 MIN: Iter =   13  NFunc =   272  E =     -20.73363  RMSG = 3.6922350e-01
 MIN: Iter =   14  NFunc =   278  E =     -20.74777  RMSG = 9.8258361e-02
 MIN: Iter =   15  NFunc =   323  E =     -20.81162  RMSG = 3.0544430e-01
 MIN: Iter =   16  NFunc =   332  E =     -20.84904  RMSG = 1.5481881e-01
 MIN: Iter =   17  NFunc =   342  E =     -20.87650  RMSG = 2.9449618e-01
 MIN: Iter =   18  NFunc =   351  E =     -20.89814  RMSG = 7.9362838e-02
 MIN: Iter =   19  NFunc =   377  E =     -20.91361  RMSG = 5.4659505e-02
 MIN: Iter =   20  NFunc =   428  E =     -20.93490  RMSG = 3.1793978e-01
 MIN: Iter =   21  NFunc =   434  E =     -20.94319  RMSG = 7.0228990e-02
 MIN: Iter =   22  NFunc =   451  E =     -20.95005  RMSG = 8.4596776e-02
 MIN: Iter =   23  NFunc =   459  E =     -20.95171  RMSG = 3.1329937e-02
 MIN: Iter =   24  NFunc =   510  E =     -20.96081  RMSG = 8.6320444e-02
 MIN: Iter =   25  NFunc =   561  E =     -20.97429  RMSG = 1.6388401e-01
 MIN: Iter =   26  NFunc =   569  E =     -20.97885  RMSG = 3.6074553e-02
 MIN: Iter =   27  NFunc =   620  E =     -20.98889  RMSG = 1.3469288e-01
 MIN: Iter =   28  NFunc =   628  E =     -20.99467  RMSG = 4.9798884e-02
 MIN: Iter =   29  NFunc =   661  E =     -21.00361  RMSG = 1.4060619e-01
 MIN: Iter =   30  NFunc =   669  E =     -21.00862  RMSG = 4.8730859e-02
 MIN: Iter =   31  NFunc =   701  E =     -21.01625  RMSG = 1.2058215e-01
 MIN: Iter =   32  NFunc =   709  E =     -21.02083  RMSG = 3.9835685e-02
 MIN: Iter =   33  NFunc =   719  E =     -21.02320  RMSG = 5.5297854e-02
 MIN: Iter =   34  NFunc =   740  E =     -21.02774  RMSG = 9.4585165e-02
 MIN: Iter =   35  NFunc =   747  E =     -21.02884  RMSG = 2.0663561e-02
 MIN: Iter =   36  NFunc =   798  E =     -21.03124  RMSG = 6.1815543e-02
 MIN: Iter =   37  NFunc =   804  E =     -21.03177  RMSG = 1.8430016e-02
 MIN: Iter =   38  NFunc =   855  E =     -21.03288  RMSG = 2.2051770e-02
 MIN: Iter =   39  NFunc =   874  E =     -21.03329  RMSG = 7.7387490e-03
 MIN: Iter =   40  NFunc =   925  E =     -21.03389  RMSG = 1.2218832e-02
 MIN: Iter =   41  NFunc =   970  E =     -21.03425  RMSG = 6.7855407e-03
 MIN: Iter =   42  NFunc =  1021  E =     -21.03445  RMSG = 7.9291197e-03
 MIN: Iter =   43  NFunc =  1036  E =     -21.03452  RMSG = 4.8242288e-03
 MIN: Iter =   44  NFunc =  1059  E =     -21.03455  RMSG = 2.1536666e-03
 MIN: Iter =   45  NFunc =  1094  E =     -21.03456  RMSG = 9.2527189e-04
 MIN: Iter =   46  NFunc =  1103  E =     -21.03456  RMSG = 4.8571624e-04
----------------------------------------------------------------
 END:          :-)  E =     -21.03456  RMSG =   0.0004857

     bond:      2.124679591
    angle:      2.140738705
 dihedral:      7.992347667
    enb14:     14.597675536
    eel14:    -59.873803375
      enb:     -5.069216232
      eel:     48.997857095
      egb:    -31.944841956
    econs:      0.000000000
    esurf:      0.000000000
    Total:    -21.034562970
     frms:      0.000485716
====== rms.dat  ======================================================
#Frame      all_heavy
       1       0.7489
