====== tleap.out =====================================================
-I: Adding /home/case/amber24/dat/leap/prep to search path.
-I: Adding /home/case/amber24/dat/leap/lib to search path.
-I: Adding /home/case/amber24/dat/leap/parm to search path.
-I: Adding /home/case/amber24/dat/leap/cmd to search path.
-f: Source leap.in.

Welcome to LEaP!
(no leaprc in search path)
Sourcing: ./leap.in
Using Bondi radii
----- Source: /home/case/amber24/dat/leap/cmd/leaprc.gaff2
----- Source of /home/case/amber24/dat/leap/cmd/leaprc.gaff2 done
Log file: ./leap.log
Loading parameters: /home/case/amber24/dat/leap/parm/gaff2.dat
Reading title:
AMBER General Force Field for organic molecules (Version 2.2.20, March 2021)
Loading parameters: ./DTL.frcmod
Reading force field modification type file (frcmod)
Reading title:
Remark line goes here
Loading Mol2 file: ./DTL.mol2
Reading MOLECULE named DTL
Checking Unit.
Building topology.
"order_residues" off: keep input residue order.
Building atom parameters.
Building bond parameters.
Building angle parameters.
Building proper torsion parameters.
Building improper torsion parameters.
 total 0 improper torsions applied
Building H-Bond parameters.
Incorporating Non-Bonded adjustments.
Not Marking per-residue atom chain types.
Marking per-residue atom chain types.
  (Residues lacking connect0/connect1 - 
   these don't have chain types marked:

	res	total affected

	DTL	1
  )
 (no restraints)
	Quit

Exiting LEaP: Errors = 0; Warnings = 0; Notes = 0.
====== min.o =========================================================
Reading parm file (DTL.parm7)
title:
DTL                                                                             
no velocities were found
no velocities were found
	mm_options:  ntpr=5
	mm_options:  gb=1
	mm_options:  kappa=0.10395
	mm_options:  rgbmax=99.
	mm_options:  cut=99.0
	mm_options:  wcons=0.
     bond:      0.575680760
    angle:      1.783074003
 dihedral:      6.287916634
    enb14:      2.564591011
    eel14:    145.733331337
      enb:     -0.262783491
      eel:   -101.902269456
      egb:    -27.835548094
    econs:      0.000000000
    esurf:      0.000000000
    Total:     26.943992705
     frms:     10.388760676
Starting TNCG minimisation
 MIN: Iter =    0  NFunc =     1  E =      26.94399  RMSG = 1.0388761e+01
 MIN: Iter =    1  NFunc =     7  E =      22.09307  RMSG = 3.0527731e+00
 MIN: Iter =    2  NFunc =    13  E =      21.29647  RMSG = 9.9141490e-01
 MIN: Iter =    3  NFunc =    28  E =      20.95325  RMSG = 2.9639005e+00
 MIN: Iter =    4  NFunc =    34  E =      20.71047  RMSG = 9.0281858e-01
 MIN: Iter =    5  NFunc =    41  E =      20.56937  RMSG = 1.4983870e+00
 MIN: Iter =    6  NFunc =    47  E =      20.38702  RMSG = 4.5024280e+00
 MIN: Iter =    7  NFunc =    53  E =      19.82788  RMSG = 1.5369155e+00
 MIN: Iter =    8  NFunc =    62  E =      19.58631  RMSG = 1.9731360e+00
 MIN: Iter =    9  NFunc =    69  E =      19.26986  RMSG = 2.4661230e+00
 MIN: Iter =   10  NFunc =    76  E =      18.87643  RMSG = 2.8376177e+00
 MIN: Iter =   11  NFunc =    96  E =      18.71866  RMSG = 3.2103334e+00
 MIN: Iter =   12  NFunc =   102  E =      18.20069  RMSG = 4.8622726e+00
 MIN: Iter =   13  NFunc =   108  E =      17.55594  RMSG = 1.4213172e+00
 MIN: Iter =   14  NFunc =   116  E =      17.31550  RMSG = 1.6151864e+00
 MIN: Iter =   15  NFunc =   125  E =      17.08555  RMSG = 3.6168186e+00
 MIN: Iter =   16  NFunc =   131  E =      16.87831  RMSG = 3.7553466e-01
 MIN: Iter =   17  NFunc =   143  E =      16.82551  RMSG = 5.7082266e-01
 MIN: Iter =   18  NFunc =   152  E =      16.81120  RMSG = 1.7031821e-01
 MIN: Iter =   19  NFunc =   161  E =      16.80591  RMSG = 1.2334554e-01
 MIN: Iter =   20  NFunc =   167  E =      16.80514  RMSG = 3.7918208e-02
 MIN: Iter =   21  NFunc =   177  E =      16.80489  RMSG = 1.7013833e-02
 MIN: Iter =   22  NFunc =   191  E =      16.80478  RMSG = 7.4000893e-03
 MIN: Iter =   23  NFunc =   199  E =      16.80475  RMSG = 5.1982152e-03
 MIN: Iter =   24  NFunc =   208  E =      16.80474  RMSG = 3.2612739e-03
 MIN: Iter =   25  NFunc =   220  E =      16.80473  RMSG = 1.6425657e-03
 MIN: Iter =   26  NFunc =   230  E =      16.80473  RMSG = 9.8084126e-04
 MIN: Iter =   27  NFunc =   237  E =      16.80473  RMSG = 5.5050234e-04
 MIN: Iter =   28  NFunc =   243  E =      16.80473  RMSG = 3.3840205e-04
----------------------------------------------------------------
 END:          :-)  E =      16.80473  RMSG =   0.0003384

     bond:      1.240604970
    angle:      1.689323332
 dihedral:      7.050477843
    enb14:      2.400979989
    eel14:    150.735915371
      enb:     -0.337239329
      eel:   -121.396593953
      egb:    -24.578734432
    econs:      0.000000000
    esurf:      0.000000000
    Total:     16.804733790
     frms:      0.000338402
====== rms.dat  ======================================================
#Frame      all_heavy
       1       0.1464
