====== tleap.out =====================================================
-I: Adding /home/case/amber24/dat/leap/prep to search path.
-I: Adding /home/case/amber24/dat/leap/lib to search path.
-I: Adding /home/case/amber24/dat/leap/parm to search path.
-I: Adding /home/case/amber24/dat/leap/cmd to search path.
-f: Source leap.in.

Welcome to LEaP!
(no leaprc in search path)
Sourcing: ./leap.in
Using Bondi radii
----- Source: /home/case/amber24/dat/leap/cmd/leaprc.gaff2
----- Source of /home/case/amber24/dat/leap/cmd/leaprc.gaff2 done
Log file: ./leap.log
Loading parameters: /home/case/amber24/dat/leap/parm/gaff2.dat
Reading title:
AMBER General Force Field for organic molecules (Version 2.2.20, March 2021)
Loading parameters: ./DTW.frcmod
Reading force field modification type file (frcmod)
Reading title:
Remark line goes here
Loading Mol2 file: ./DTW.mol2
Reading MOLECULE named DTW
Checking Unit.

/home/case/amber24/bin/teLeap: Warning!
The unperturbed charge of the unit (1.000000) is not zero.

/home/case/amber24/bin/teLeap: Note.
Ignoring the warning from Unit Checking.

Building topology.
"order_residues" off: keep input residue order.
Building atom parameters.
Building bond parameters.
Building angle parameters.
Building proper torsion parameters.
Building improper torsion parameters.
 total 9 improper torsions applied
Building H-Bond parameters.
Incorporating Non-Bonded adjustments.
Not Marking per-residue atom chain types.
Marking per-residue atom chain types.
  (Residues lacking connect0/connect1 - 
   these don't have chain types marked:

	res	total affected

	DTW	1
  )
 (no restraints)
	Quit

Exiting LEaP: Errors = 0; Warnings = 1; Notes = 1.
====== min.o =========================================================
Reading parm file (DTW.parm7)
title:
DTW                                                                             
no velocities were found
no velocities were found
	mm_options:  ntpr=5
	mm_options:  gb=1
	mm_options:  kappa=0.10395
	mm_options:  rgbmax=99.
	mm_options:  cut=99.0
	mm_options:  wcons=0.
     bond:      8.757367309
    angle:    135.790728837
 dihedral:     43.434110032
    enb14:     12.389598339
    eel14:    149.586324991
      enb:     -5.783100897
      eel:   -127.943320700
      egb:   -106.978213176
    econs:      0.000000000
    esurf:      0.000000000
    Total:    109.253494735
     frms:     42.125500325
Starting TNCG minimisation
 MIN: Iter =    0  NFunc =     1  E =     109.25349  RMSG = 4.2125500e+01
 MIN: Iter =    1  NFunc =     5  E =      28.14721  RMSG = 3.0481196e+01
 MIN: Iter =    2  NFunc =    11  E =     -10.51318  RMSG = 1.6751757e+01
 MIN: Iter =    3  NFunc =    17  E =     -25.31637  RMSG = 5.7959618e+00
 MIN: Iter =    4  NFunc =    24  E =     -28.76443  RMSG = 1.7776533e+00
 MIN: Iter =    5  NFunc =    32  E =     -30.17914  RMSG = 9.9187355e-01
 MIN: Iter =    6  NFunc =    62  E =     -31.29786  RMSG = 2.6928178e+00
 MIN: Iter =    7  NFunc =    76  E =     -32.28934  RMSG = 1.1789019e+00
 MIN: Iter =    8  NFunc =    82  E =     -32.58999  RMSG = 6.3772721e-01
 MIN: Iter =    9  NFunc =    89  E =     -32.73120  RMSG = 4.4224360e-01
 MIN: Iter =   10  NFunc =   122  E =     -32.83305  RMSG = 1.0120811e+00
 MIN: Iter =   11  NFunc =   128  E =     -32.98546  RMSG = 1.0941865e+00
 MIN: Iter =   12  NFunc =   136  E =     -33.20157  RMSG = 2.2180672e+00
 MIN: Iter =   13  NFunc =   142  E =     -33.67841  RMSG = 1.4079215e+00
 MIN: Iter =   14  NFunc =   148  E =     -34.03948  RMSG = 2.9556685e+00
 MIN: Iter =   15  NFunc =   154  E =     -34.64659  RMSG = 7.8153728e-01
 MIN: Iter =   16  NFunc =   161  E =     -34.83975  RMSG = 8.9374127e-01
 MIN: Iter =   17  NFunc =   167  E =     -35.00858  RMSG = 7.5153572e-01
 MIN: Iter =   18  NFunc =   177  E =     -35.10058  RMSG = 3.4104776e-01
 MIN: Iter =   19  NFunc =   190  E =     -35.14419  RMSG = 1.8564721e-01
 MIN: Iter =   20  NFunc =   196  E =     -35.15153  RMSG = 8.4633663e-02
 MIN: Iter =   21  NFunc =   240  E =     -35.16169  RMSG = 1.0099497e-01
 MIN: Iter =   22  NFunc =   257  E =     -35.16756  RMSG = 2.6225450e-01
 MIN: Iter =   23  NFunc =   263  E =     -35.17154  RMSG = 5.1063973e-02
 MIN: Iter =   24  NFunc =   270  E =     -35.17287  RMSG = 3.8588657e-02
 MIN: Iter =   25  NFunc =   304  E =     -35.17660  RMSG = 1.0727074e-01
 MIN: Iter =   26  NFunc =   312  E =     -35.17925  RMSG = 8.2639628e-02
 MIN: Iter =   27  NFunc =   324  E =     -35.18201  RMSG = 1.2692823e-01
 MIN: Iter =   28  NFunc =   330  E =     -35.18300  RMSG = 3.1687345e-02
 MIN: Iter =   29  NFunc =   382  E =     -35.18487  RMSG = 6.5475056e-02
 MIN: Iter =   30  NFunc =   428  E =     -35.18678  RMSG = 9.6590931e-02
 MIN: Iter =   31  NFunc =   439  E =     -35.18843  RMSG = 3.8696160e-02
 MIN: Iter =   32  NFunc =   491  E =     -35.19053  RMSG = 8.8962693e-02
 MIN: Iter =   33  NFunc =   497  E =     -35.19218  RMSG = 6.1116639e-02
 MIN: Iter =   34  NFunc =   509  E =     -35.19409  RMSG = 7.4114499e-02
 MIN: Iter =   35  NFunc =   516  E =     -35.19556  RMSG = 5.7137665e-02
 MIN: Iter =   36  NFunc =   526  E =     -35.19626  RMSG = 2.0129333e-02
 MIN: Iter =   37  NFunc =   572  E =     -35.19823  RMSG = 6.0831022e-02
 MIN: Iter =   38  NFunc =   578  E =     -35.19875  RMSG = 2.6888148e-02
 MIN: Iter =   39  NFunc =   604  E =     -35.19983  RMSG = 5.9972946e-02
 MIN: Iter =   40  NFunc =   616  E =     -35.20094  RMSG = 7.7393135e-02
 MIN: Iter =   41  NFunc =   622  E =     -35.20148  RMSG = 2.7454848e-02
 MIN: Iter =   42  NFunc =   655  E =     -35.20245  RMSG = 5.9195623e-02
 MIN: Iter =   43  NFunc =   664  E =     -35.20363  RMSG = 7.4199300e-02
 MIN: Iter =   44  NFunc =   685  E =     -35.20528  RMSG = 1.0852427e-01
 MIN: Iter =   45  NFunc =   691  E =     -35.20613  RMSG = 2.9948722e-02
 MIN: Iter =   46  NFunc =   743  E =     -35.20704  RMSG = 6.2374842e-02
 MIN: Iter =   47  NFunc =   750  E =     -35.20785  RMSG = 6.9902833e-02
 MIN: Iter =   48  NFunc =   756  E =     -35.20888  RMSG = 1.2974507e-01
 MIN: Iter =   49  NFunc =   762  E =     -35.21021  RMSG = 3.1015051e-02
 MIN: Iter =   50  NFunc =   769  E =     -35.21087  RMSG = 6.1064467e-02
 MIN: Iter =   51  NFunc =   775  E =     -35.21169  RMSG = 1.4059254e-01
 MIN: Iter =   52  NFunc =   781  E =     -35.21330  RMSG = 3.3960888e-02
 MIN: Iter =   53  NFunc =   789  E =     -35.21418  RMSG = 7.0251062e-02
 MIN: Iter =   54  NFunc =   795  E =     -35.21524  RMSG = 1.6938788e-01
 MIN: Iter =   55  NFunc =   801  E =     -35.21742  RMSG = 2.9069572e-02
 MIN: Iter =   56  NFunc =   808  E =     -35.21840  RMSG = 6.6102474e-02
 MIN: Iter =   57  NFunc =   814  E =     -35.21942  RMSG = 1.6985623e-01
 MIN: Iter =   58  NFunc =   820  E =     -35.22149  RMSG = 3.3831987e-02
 MIN: Iter =   59  NFunc =   829  E =     -35.22258  RMSG = 5.9937035e-02
 MIN: Iter =   60  NFunc =   835  E =     -35.22381  RMSG = 1.1686594e-01
 MIN: Iter =   61  NFunc =   841  E =     -35.22488  RMSG = 2.5070962e-02
 MIN: Iter =   62  NFunc =   854  E =     -35.22562  RMSG = 5.7533611e-02
 MIN: Iter =   63  NFunc =   860  E =     -35.22642  RMSG = 5.7637660e-02
 MIN: Iter =   64  NFunc =   873  E =     -35.22745  RMSG = 8.9412211e-02
 MIN: Iter =   65  NFunc =   879  E =     -35.22816  RMSG = 3.0833462e-02
 MIN: Iter =   66  NFunc =   885  E =     -35.22858  RMSG = 6.9373891e-02
 MIN: Iter =   67  NFunc =   892  E =     -35.22907  RMSG = 2.3412148e-02
 MIN: Iter =   68  NFunc =   925  E =     -35.22964  RMSG = 5.2204455e-02
 MIN: Iter =   69  NFunc =   931  E =     -35.22989  RMSG = 1.6064043e-02
 MIN: Iter =   70  NFunc =   963  E =     -35.23038  RMSG = 3.7966221e-02
 MIN: Iter =   71  NFunc =   977  E =     -35.23067  RMSG = 2.7518854e-02
 MIN: Iter =   72  NFunc =   984  E =     -35.23075  RMSG = 7.4686086e-03
 MIN: Iter =   73  NFunc =  1023  E =     -35.23089  RMSG = 5.5848045e-03
 MIN: Iter =   74  NFunc =  1052  E =     -35.23099  RMSG = 8.3485964e-03
 MIN: Iter =   75  NFunc =  1058  E =     -35.23100  RMSG = 3.0837119e-03
 MIN: Iter =   76  NFunc =  1102  E =     -35.23105  RMSG = 2.5559537e-03
 MIN: Iter =   77  NFunc =  1112  E =     -35.23105  RMSG = 2.0631298e-03
 MIN: Iter =   78  NFunc =  1155  E =     -35.23108  RMSG = 3.0628517e-03
 MIN: Iter =   79  NFunc =  1185  E =     -35.23109  RMSG = 1.0562225e-03
 MIN: Iter =   80  NFunc =  1229  E =     -35.23109  RMSG = 9.5355364e-04
 MIN: Iter =   81  NFunc =  1269  E =     -35.23110  RMSG = 8.6658549e-04
 MIN: Iter =   82  NFunc =  1300  E =     -35.23110  RMSG = 5.6621064e-04
 MIN: Iter =   83  NFunc =  1309  E =     -35.23110  RMSG = 3.0173158e-04
----------------------------------------------------------------
 END:          :-)  E =     -35.23110  RMSG =   0.0003017

     bond:      3.026383866
    angle:     18.201423583
 dihedral:     39.808672036
    enb14:      8.303867383
    eel14:    145.087004303
      enb:     -6.131091010
      eel:   -135.525964438
      egb:   -108.001395308
    econs:      0.000000000
    esurf:      0.000000000
    Total:    -35.231099586
     frms:      0.000301732
====== rms.dat  ======================================================
#Frame      all_heavy
       1       0.4614
