====== tleap.out =====================================================
-I: Adding /home/case/amber24/dat/leap/prep to search path.
-I: Adding /home/case/amber24/dat/leap/lib to search path.
-I: Adding /home/case/amber24/dat/leap/parm to search path.
-I: Adding /home/case/amber24/dat/leap/cmd to search path.
-f: Source leap.in.

Welcome to LEaP!
(no leaprc in search path)
Sourcing: ./leap.in
Using Bondi radii
----- Source: /home/case/amber24/dat/leap/cmd/leaprc.gaff2
----- Source of /home/case/amber24/dat/leap/cmd/leaprc.gaff2 done
Log file: ./leap.log
Loading parameters: /home/case/amber24/dat/leap/parm/gaff2.dat
Reading title:
AMBER General Force Field for organic molecules (Version 2.2.20, March 2021)
Loading parameters: ./DXK.frcmod
Reading force field modification type file (frcmod)
Reading title:
Remark line goes here
Loading Mol2 file: ./DXK.mol2
Reading MOLECULE named DXK
Checking Unit.
Building topology.
"order_residues" off: keep input residue order.
Building atom parameters.
Building bond parameters.
Building angle parameters.
Building proper torsion parameters.
Building improper torsion parameters.
 total 12 improper torsions applied
Building H-Bond parameters.
Incorporating Non-Bonded adjustments.
Not Marking per-residue atom chain types.
Marking per-residue atom chain types.
  (Residues lacking connect0/connect1 - 
   these don't have chain types marked:

	res	total affected

	DXK	1
  )
 (no restraints)
	Quit

Exiting LEaP: Errors = 0; Warnings = 0; Notes = 0.
====== min.o =========================================================
Reading parm file (DXK.parm7)
title:
DXK                                                                             
no velocities were found
no velocities were found
	mm_options:  ntpr=5
	mm_options:  gb=1
	mm_options:  kappa=0.10395
	mm_options:  rgbmax=99.
	mm_options:  cut=99.0
	mm_options:  wcons=0.
     bond:      2.792993817
    angle:     22.893156006
 dihedral:      3.145748039
    enb14:     11.666187381
    eel14:   -251.372678241
      enb:     -0.334100607
      eel:    119.477991562
      egb:    -21.087338129
    econs:      0.000000000
    esurf:      0.000000000
    Total:   -112.818040172
     frms:     13.795336950
Starting TNCG minimisation
 MIN: Iter =    0  NFunc =     1  E =    -112.81804  RMSG = 1.3795337e+01
 MIN: Iter =    1  NFunc =     7  E =    -122.50478  RMSG = 2.9326336e+00
 MIN: Iter =    2  NFunc =    13  E =    -123.73946  RMSG = 1.1989749e+00
 MIN: Iter =    3  NFunc =    22  E =    -124.24869  RMSG = 7.4677695e-01
 MIN: Iter =    4  NFunc =    38  E =    -124.30833  RMSG = 9.6531673e-01
 MIN: Iter =    5  NFunc =    44  E =    -124.36366  RMSG = 2.9212194e-01
 MIN: Iter =    6  NFunc =    69  E =    -124.42069  RMSG = 4.3749158e-01
 MIN: Iter =    7  NFunc =    80  E =    -124.45638  RMSG = 3.1722557e-01
 MIN: Iter =    8  NFunc =    90  E =    -124.47065  RMSG = 1.1451157e-01
 MIN: Iter =    9  NFunc =    98  E =    -124.47720  RMSG = 9.1674515e-02
 MIN: Iter =   10  NFunc =   109  E =    -124.47900  RMSG = 3.7730825e-02
 MIN: Iter =   11  NFunc =   119  E =    -124.47991  RMSG = 2.3452535e-02
 MIN: Iter =   12  NFunc =   132  E =    -124.48016  RMSG = 1.2191214e-02
 MIN: Iter =   13  NFunc =   174  E =    -124.48115  RMSG = 4.1296651e-02
 MIN: Iter =   14  NFunc =   226  E =    -124.48203  RMSG = 7.9424097e-02
 MIN: Iter =   15  NFunc =   234  E =    -124.48358  RMSG = 1.1591384e-01
 MIN: Iter =   16  NFunc =   240  E =    -124.48603  RMSG = 2.5303861e-01
 MIN: Iter =   17  NFunc =   246  E =    -124.49259  RMSG = 7.2499164e-02
 MIN: Iter =   18  NFunc =   254  E =    -124.49621  RMSG = 1.4076122e-01
 MIN: Iter =   19  NFunc =   261  E =    -124.50175  RMSG = 2.2438564e-01
 MIN: Iter =   20  NFunc =   267  E =    -124.51155  RMSG = 2.3861421e-01
 MIN: Iter =   21  NFunc =   273  E =    -124.52310  RMSG = 2.6156111e-01
 MIN: Iter =   22  NFunc =   279  E =    -124.53591  RMSG = 2.2275448e-01
 MIN: Iter =   23  NFunc =   285  E =    -124.54843  RMSG = 3.1906255e-01
 MIN: Iter =   24  NFunc =   291  E =    -124.56093  RMSG = 1.2960109e-01
 MIN: Iter =   25  NFunc =   298  E =    -124.56612  RMSG = 1.4700610e-01
 MIN: Iter =   26  NFunc =   306  E =    -124.57354  RMSG = 2.9445242e-01
 MIN: Iter =   27  NFunc =   312  E =    -124.58198  RMSG = 8.9508856e-02
 MIN: Iter =   28  NFunc =   319  E =    -124.58535  RMSG = 9.8152654e-02
 MIN: Iter =   29  NFunc =   325  E =    -124.58912  RMSG = 2.2982158e-01
 MIN: Iter =   30  NFunc =   331  E =    -124.59398  RMSG = 8.7280532e-02
 MIN: Iter =   31  NFunc =   339  E =    -124.59651  RMSG = 1.1544409e-01
 MIN: Iter =   32  NFunc =   345  E =    -124.59952  RMSG = 1.3458499e-01
 MIN: Iter =   33  NFunc =   355  E =    -124.60395  RMSG = 8.6977486e-02
 MIN: Iter =   34  NFunc =   362  E =    -124.60643  RMSG = 1.0140666e-01
 MIN: Iter =   35  NFunc =   368  E =    -124.60780  RMSG = 4.2754917e-02
 MIN: Iter =   36  NFunc =   374  E =    -124.60858  RMSG = 7.0268605e-02
 MIN: Iter =   37  NFunc =   380  E =    -124.60907  RMSG = 2.9800967e-02
 MIN: Iter =   38  NFunc =   395  E =    -124.60941  RMSG = 2.3154427e-02
 MIN: Iter =   39  NFunc =   402  E =    -124.60946  RMSG = 8.3744360e-03
 MIN: Iter =   40  NFunc =   449  E =    -124.60968  RMSG = 3.7875863e-02
 MIN: Iter =   41  NFunc =   455  E =    -124.60975  RMSG = 3.3296005e-03
 MIN: Iter =   42  NFunc =   463  E =    -124.60976  RMSG = 2.2488741e-03
 MIN: Iter =   43  NFunc =   487  E =    -124.60977  RMSG = 1.7370425e-03
 MIN: Iter =   44  NFunc =   493  E =    -124.60977  RMSG = 7.7469086e-04
 MIN: Iter =   45  NFunc =   505  E =    -124.60977  RMSG = 5.3036721e-04
 MIN: Iter =   46  NFunc =   540  E =    -124.60977  RMSG = 8.1903812e-04
 MIN: Iter =   47  NFunc =   551  E =    -124.60977  RMSG = 6.1247559e-04
 MIN: Iter =   48  NFunc =   564  E =    -124.60977  RMSG = 3.4023981e-04
----------------------------------------------------------------
 END:          :-)  E =    -124.60977  RMSG =   0.0003402

     bond:      2.602171782
    angle:     14.960261288
 dihedral:      4.378754423
    enb14:      9.346414978
    eel14:   -252.719362153
      enb:     -1.477619178
      eel:    120.905978415
      egb:    -22.606370850
    econs:      0.000000000
    esurf:      0.000000000
    Total:   -124.609771296
     frms:      0.000340240
====== rms.dat  ======================================================
#Frame      all_heavy
       1       0.0834
