====== tleap.out =====================================================
-I: Adding /home/case/amber24/dat/leap/prep to search path.
-I: Adding /home/case/amber24/dat/leap/lib to search path.
-I: Adding /home/case/amber24/dat/leap/parm to search path.
-I: Adding /home/case/amber24/dat/leap/cmd to search path.
-f: Source leap.in.

Welcome to LEaP!
(no leaprc in search path)
Sourcing: ./leap.in
Using Bondi radii
----- Source: /home/case/amber24/dat/leap/cmd/leaprc.gaff2
----- Source of /home/case/amber24/dat/leap/cmd/leaprc.gaff2 done
Log file: ./leap.log
Loading parameters: /home/case/amber24/dat/leap/parm/gaff2.dat
Reading title:
AMBER General Force Field for organic molecules (Version 2.2.20, March 2021)
Loading parameters: ./82H.frcmod
Reading force field modification type file (frcmod)
Reading title:
Remark line goes here
Loading Mol2 file: ./82H.mol2
Reading MOLECULE named 82H
Checking Unit.
Building topology.
"order_residues" off: keep input residue order.
Building atom parameters.
Building bond parameters.
Building angle parameters.
Building proper torsion parameters.
Building improper torsion parameters.
 total 24 improper torsions applied
Building H-Bond parameters.
Incorporating Non-Bonded adjustments.
Not Marking per-residue atom chain types.
Marking per-residue atom chain types.
  (Residues lacking connect0/connect1 - 
   these don't have chain types marked:

	res	total affected

	82H	1
  )
 (no restraints)
	Quit

Exiting LEaP: Errors = 0; Warnings = 0; Notes = 0.
====== min.o =========================================================
Reading parm file (82H.parm7)
title:
82H                                                                             
no velocities were found
no velocities were found
	mm_options:  ntpr=5
	mm_options:  gb=1
	mm_options:  kappa=0.10395
	mm_options:  rgbmax=99.
	mm_options:  cut=99.0
	mm_options:  wcons=0.
     bond:      4.002040377
    angle:     40.598669993
 dihedral:     34.485475386
    enb14:     21.070827064
    eel14:     90.277941866
      enb:     -9.189862732
      eel:   -104.294036714
      egb:    -36.561637604
    econs:      0.000000000
    esurf:      0.000000000
    Total:     40.389417637
     frms:     11.376596273
Starting TNCG minimisation
 MIN: Iter =    0  NFunc =     1  E =      40.38942  RMSG = 1.1376596e+01
 MIN: Iter =    1  NFunc =     7  E =      24.10702  RMSG = 2.5353815e+00
 MIN: Iter =    2  NFunc =    16  E =      21.23329  RMSG = 1.0432782e+00
 MIN: Iter =    3  NFunc =    26  E =      20.52282  RMSG = 5.0314258e-01
 MIN: Iter =    4  NFunc =    56  E =      19.77946  RMSG = 6.3557219e-01
 MIN: Iter =    5  NFunc =    67  E =      19.54798  RMSG = 2.7713029e-01
 MIN: Iter =    6  NFunc =   118  E =      19.28626  RMSG = 5.2163246e-01
 MIN: Iter =    7  NFunc =   125  E =      19.16839  RMSG = 2.4813909e-01
 MIN: Iter =    8  NFunc =   145  E =      18.99320  RMSG = 4.7208398e-01
 MIN: Iter =    9  NFunc =   152  E =      18.86844  RMSG = 2.4994231e-01
 MIN: Iter =   10  NFunc =   159  E =      18.78907  RMSG = 4.3289670e-01
 MIN: Iter =   11  NFunc =   165  E =      18.73585  RMSG = 1.8501070e-01
 MIN: Iter =   12  NFunc =   179  E =      18.67876  RMSG = 3.9152849e-01
 MIN: Iter =   13  NFunc =   186  E =      18.63088  RMSG = 1.1535787e-01
 MIN: Iter =   14  NFunc =   206  E =      18.58494  RMSG = 3.7236333e-01
 MIN: Iter =   15  NFunc =   212  E =      18.55276  RMSG = 1.4024318e-01
 MIN: Iter =   16  NFunc =   237  E =      18.51985  RMSG = 1.5025172e-01
 MIN: Iter =   17  NFunc =   255  E =      18.49058  RMSG = 3.2508669e-01
 MIN: Iter =   18  NFunc =   261  E =      18.46833  RMSG = 1.1877697e-01
 MIN: Iter =   19  NFunc =   308  E =      18.41678  RMSG = 3.2026208e-01
 MIN: Iter =   20  NFunc =   314  E =      18.39185  RMSG = 9.9645904e-02
 MIN: Iter =   21  NFunc =   364  E =      18.32750  RMSG = 2.5363585e-01
 MIN: Iter =   22  NFunc =   370  E =      18.31138  RMSG = 8.7147029e-02
 MIN: Iter =   23  NFunc =   421  E =      18.28290  RMSG = 1.0167997e-01
 MIN: Iter =   24  NFunc =   427  E =      18.27948  RMSG = 4.7768040e-02
 MIN: Iter =   25  NFunc =   473  E =      18.26675  RMSG = 4.3799163e-02
 MIN: Iter =   26  NFunc =   524  E =      18.25942  RMSG = 5.6617623e-02
 MIN: Iter =   27  NFunc =   567  E =      18.25346  RMSG = 6.0623726e-02
 MIN: Iter =   28  NFunc =   574  E =      18.25221  RMSG = 2.2073723e-02
 MIN: Iter =   29  NFunc =   590  E =      18.25089  RMSG = 1.7703363e-02
 MIN: Iter =   30  NFunc =   623  E =      18.25008  RMSG = 1.0424457e-02
 MIN: Iter =   31  NFunc =   657  E =      18.24968  RMSG = 7.7208917e-03
 MIN: Iter =   32  NFunc =   704  E =      18.24942  RMSG = 4.7534817e-03
 MIN: Iter =   33  NFunc =   721  E =      18.24938  RMSG = 2.8923933e-03
 MIN: Iter =   34  NFunc =   772  E =      18.24935  RMSG = 1.9404625e-03
 MIN: Iter =   35  NFunc =   823  E =      18.24933  RMSG = 1.4576674e-03
 MIN: Iter =   36  NFunc =   874  E =      18.24930  RMSG = 2.5866907e-03
 MIN: Iter =   37  NFunc =   925  E =      18.24926  RMSG = 1.9196288e-03
 MIN: Iter =   38  NFunc =   952  E =      18.24926  RMSG = 8.0960677e-04
 MIN: Iter =   39  NFunc =   986  E =      18.24925  RMSG = 4.6046787e-04
----------------------------------------------------------------
 END:          :-)  E =      18.24925  RMSG =   0.0004605

     bond:      3.998992321
    angle:     27.329730783
 dihedral:     32.127007544
    enb14:     16.141496928
    eel14:     87.743343482
      enb:     -9.863526721
      eel:   -100.322019893
      egb:    -38.905770421
    econs:      0.000000000
    esurf:      0.000000000
    Total:     18.249254023
     frms:      0.000460468
====== rms.dat  ======================================================
#Frame      all_heavy
       1       0.5566
