====== tleap.out =====================================================
-I: Adding /home/case/amber24/dat/leap/prep to search path.
-I: Adding /home/case/amber24/dat/leap/lib to search path.
-I: Adding /home/case/amber24/dat/leap/parm to search path.
-I: Adding /home/case/amber24/dat/leap/cmd to search path.
-f: Source leap.in.

Welcome to LEaP!
(no leaprc in search path)
Sourcing: ./leap.in
Using Bondi radii
----- Source: /home/case/amber24/dat/leap/cmd/leaprc.gaff2
----- Source of /home/case/amber24/dat/leap/cmd/leaprc.gaff2 done
Log file: ./leap.log
Loading parameters: /home/case/amber24/dat/leap/parm/gaff2.dat
Reading title:
AMBER General Force Field for organic molecules (Version 2.2.20, March 2021)
Loading parameters: ./85C.frcmod
Reading force field modification type file (frcmod)
Reading title:
Remark line goes here
Loading Mol2 file: ./85C.mol2
Reading MOLECULE named 85C
Checking Unit.
Building topology.
"order_residues" off: keep input residue order.
Building atom parameters.
Building bond parameters.
Building angle parameters.
Building proper torsion parameters.
Building improper torsion parameters.
 total 20 improper torsions applied
Building H-Bond parameters.
Incorporating Non-Bonded adjustments.
Not Marking per-residue atom chain types.
Marking per-residue atom chain types.
  (Residues lacking connect0/connect1 - 
   these don't have chain types marked:

	res	total affected

	85C	1
  )
 (no restraints)
	Quit

Exiting LEaP: Errors = 0; Warnings = 0; Notes = 0.
====== min.o =========================================================
Reading parm file (85C.parm7)
title:
85C                                                                             
no velocities were found
no velocities were found
	mm_options:  ntpr=5
	mm_options:  gb=1
	mm_options:  kappa=0.10395
	mm_options:  rgbmax=99.
	mm_options:  cut=99.0
	mm_options:  wcons=0.
     bond:      2.428214218
    angle:     16.218908175
 dihedral:     61.460938103
    enb14:     12.527115969
    eel14:    -78.806431654
      enb:     -4.105138097
      eel:    -34.033187578
      egb:    -32.324705585
    econs:      0.000000000
    esurf:      0.000000000
    Total:    -56.634286449
     frms:      8.694742817
Starting TNCG minimisation
 MIN: Iter =    0  NFunc =     1  E =     -56.63429  RMSG = 8.6947428e+00
 MIN: Iter =    1  NFunc =     7  E =     -65.71201  RMSG = 2.0915973e+00
 MIN: Iter =    2  NFunc =    18  E =     -67.85016  RMSG = 9.6485627e-01
 MIN: Iter =    3  NFunc =    51  E =     -68.54197  RMSG = 8.4605600e-01
 MIN: Iter =    4  NFunc =    65  E =     -68.96376  RMSG = 7.2859991e-01
 MIN: Iter =    5  NFunc =    72  E =     -69.16670  RMSG = 3.7790260e-01
 MIN: Iter =    6  NFunc =    81  E =     -69.26204  RMSG = 4.3769216e-01
 MIN: Iter =    7  NFunc =   109  E =     -69.41773  RMSG = 3.4706452e-01
 MIN: Iter =    8  NFunc =   115  E =     -69.43693  RMSG = 1.4735915e-01
 MIN: Iter =    9  NFunc =   140  E =     -69.50058  RMSG = 7.4450769e-01
 MIN: Iter =   10  NFunc =   146  E =     -69.54694  RMSG = 1.2739158e-01
 MIN: Iter =   11  NFunc =   188  E =     -69.59736  RMSG = 2.7030377e-01
 MIN: Iter =   12  NFunc =   194  E =     -69.60928  RMSG = 6.3170503e-02
 MIN: Iter =   13  NFunc =   245  E =     -69.63280  RMSG = 2.5448649e-01
 MIN: Iter =   14  NFunc =   251  E =     -69.64797  RMSG = 9.3601847e-02
 MIN: Iter =   15  NFunc =   275  E =     -69.66087  RMSG = 2.3696426e-01
 MIN: Iter =   16  NFunc =   281  E =     -69.67017  RMSG = 5.1870553e-02
 MIN: Iter =   17  NFunc =   333  E =     -69.68158  RMSG = 1.0820531e-01
 MIN: Iter =   18  NFunc =   339  E =     -69.68445  RMSG = 4.6753997e-02
 MIN: Iter =   19  NFunc =   363  E =     -69.69053  RMSG = 5.4075983e-02
 MIN: Iter =   20  NFunc =   415  E =     -69.69886  RMSG = 7.8386391e-02
 MIN: Iter =   21  NFunc =   442  E =     -69.70691  RMSG = 1.9343375e-01
 MIN: Iter =   22  NFunc =   449  E =     -69.71208  RMSG = 4.8780367e-02
 MIN: Iter =   23  NFunc =   468  E =     -69.71697  RMSG = 7.2872288e-02
 MIN: Iter =   24  NFunc =   475  E =     -69.71930  RMSG = 3.7325070e-02
 MIN: Iter =   25  NFunc =   527  E =     -69.72708  RMSG = 9.0835281e-02
 MIN: Iter =   26  NFunc =   533  E =     -69.73077  RMSG = 5.8772717e-02
 MIN: Iter =   27  NFunc =   551  E =     -69.73575  RMSG = 5.8213174e-02
 MIN: Iter =   28  NFunc =   562  E =     -69.73912  RMSG = 5.6852728e-02
 MIN: Iter =   29  NFunc =   568  E =     -69.73983  RMSG = 2.8714858e-02
 MIN: Iter =   30  NFunc =   598  E =     -69.74151  RMSG = 4.0769388e-02
 MIN: Iter =   31  NFunc =   619  E =     -69.74310  RMSG = 4.3962107e-02
 MIN: Iter =   32  NFunc =   630  E =     -69.74379  RMSG = 1.4556250e-02
 MIN: Iter =   33  NFunc =   654  E =     -69.74435  RMSG = 2.1850045e-02
 MIN: Iter =   34  NFunc =   687  E =     -69.74530  RMSG = 1.1629450e-02
 MIN: Iter =   35  NFunc =   726  E =     -69.74594  RMSG = 1.2589172e-02
 MIN: Iter =   36  NFunc =   777  E =     -69.74636  RMSG = 1.3890882e-02
 MIN: Iter =   37  NFunc =   828  E =     -69.74675  RMSG = 8.6461553e-03
 MIN: Iter =   38  NFunc =   838  E =     -69.74678  RMSG = 4.1022742e-03
 MIN: Iter =   39  NFunc =   889  E =     -69.74685  RMSG = 4.6733702e-03
 MIN: Iter =   40  NFunc =   913  E =     -69.74688  RMSG = 2.6312518e-03
 MIN: Iter =   41  NFunc =   964  E =     -69.74693  RMSG = 4.1854325e-03
 MIN: Iter =   42  NFunc =  1005  E =     -69.74696  RMSG = 2.1620793e-03
 MIN: Iter =   43  NFunc =  1034  E =     -69.74697  RMSG = 1.1261849e-03
 MIN: Iter =   44  NFunc =  1056  E =     -69.74697  RMSG = 6.4515493e-04
 MIN: Iter =   45  NFunc =  1093  E =     -69.74697  RMSG = 4.4785854e-04
----------------------------------------------------------------
 END:          :-)  E =     -69.74697  RMSG =   0.0004479

     bond:      1.643918978
    angle:     14.913454478
 dihedral:     57.512983575
    enb14:      8.487086238
    eel14:    -83.134468175
      enb:     -5.406068904
      eel:    -29.484301041
      egb:    -34.279577654
    econs:      0.000000000
    esurf:      0.000000000
    Total:    -69.746972503
     frms:      0.000447859
====== rms.dat  ======================================================
#Frame      all_heavy
       1       0.5864
