====== tleap.out =====================================================
-I: Adding /home/case/amber24/dat/leap/prep to search path.
-I: Adding /home/case/amber24/dat/leap/lib to search path.
-I: Adding /home/case/amber24/dat/leap/parm to search path.
-I: Adding /home/case/amber24/dat/leap/cmd to search path.
-f: Source leap.in.

Welcome to LEaP!
(no leaprc in search path)
Sourcing: ./leap.in
Using Bondi radii
----- Source: /home/case/amber24/dat/leap/cmd/leaprc.gaff2
----- Source of /home/case/amber24/dat/leap/cmd/leaprc.gaff2 done
Log file: ./leap.log
Loading parameters: /home/case/amber24/dat/leap/parm/gaff2.dat
Reading title:
AMBER General Force Field for organic molecules (Version 2.2.20, March 2021)
Loading parameters: ./8AT.frcmod
Reading force field modification type file (frcmod)
Reading title:
Remark line goes here
Loading Mol2 file: ./8AT.mol2
Reading MOLECULE named 8AT
Checking Unit.
Building topology.
"order_residues" off: keep input residue order.
Building atom parameters.
Building bond parameters.
Building angle parameters.
Building proper torsion parameters.
Building improper torsion parameters.
 total 10 improper torsions applied
Building H-Bond parameters.
Incorporating Non-Bonded adjustments.
Not Marking per-residue atom chain types.
Marking per-residue atom chain types.
  (Residues lacking connect0/connect1 - 
   these don't have chain types marked:

	res	total affected

	8AT	1
  )
 (no restraints)
	Quit

Exiting LEaP: Errors = 0; Warnings = 0; Notes = 0.
====== min.o =========================================================
Reading parm file (8AT.parm7)
title:
8AT                                                                             
no velocities were found
no velocities were found
	mm_options:  ntpr=5
	mm_options:  gb=1
	mm_options:  kappa=0.10395
	mm_options:  rgbmax=99.
	mm_options:  cut=99.0
	mm_options:  wcons=0.
     bond:      0.850768611
    angle:     11.756538112
 dihedral:      3.145428407
    enb14:      8.855620786
    eel14:   -162.943992430
      enb:      3.395489162
      eel:     73.538020932
      egb:    -13.284738927
    econs:      0.000000000
    esurf:      0.000000000
    Total:    -74.686865347
     frms:     10.817436606
Starting TNCG minimisation
 MIN: Iter =    0  NFunc =     1  E =     -74.68687  RMSG = 1.0817437e+01
 MIN: Iter =    1  NFunc =     7  E =     -81.76788  RMSG = 2.6785374e+00
 MIN: Iter =    2  NFunc =    14  E =     -82.89053  RMSG = 9.1648488e-01
 MIN: Iter =    3  NFunc =    20  E =     -82.97620  RMSG = 2.6557217e-01
 MIN: Iter =    4  NFunc =    26  E =     -82.98819  RMSG = 1.4186742e-01
 MIN: Iter =    5  NFunc =    32  E =     -82.99070  RMSG = 4.0661884e-02
 MIN: Iter =    6  NFunc =    38  E =     -82.99112  RMSG = 2.6621205e-02
 MIN: Iter =    7  NFunc =    54  E =     -82.99206  RMSG = 2.4241229e-02
 MIN: Iter =    8  NFunc =    81  E =     -82.99495  RMSG = 1.1590058e-01
 MIN: Iter =    9  NFunc =    89  E =     -82.99692  RMSG = 5.6025592e-02
 MIN: Iter =   10  NFunc =   112  E =     -83.01430  RMSG = 2.9056054e-01
 MIN: Iter =   11  NFunc =   144  E =     -83.06353  RMSG = 7.2736986e-01
 MIN: Iter =   12  NFunc =   151  E =     -83.10382  RMSG = 2.1011622e-01
 MIN: Iter =   13  NFunc =   174  E =     -83.19842  RMSG = 1.0067343e+00
 MIN: Iter =   14  NFunc =   180  E =     -83.26447  RMSG = 2.2858382e-01
 MIN: Iter =   15  NFunc =   211  E =     -83.39547  RMSG = 7.4428490e-01
 MIN: Iter =   16  NFunc =   217  E =     -83.42837  RMSG = 1.8945545e-01
 MIN: Iter =   17  NFunc =   244  E =     -83.48577  RMSG = 7.1893877e-01
 MIN: Iter =   18  NFunc =   250  E =     -83.51453  RMSG = 1.2018793e-01
 MIN: Iter =   19  NFunc =   256  E =     -83.51623  RMSG = 5.1412041e-02
 MIN: Iter =   20  NFunc =   269  E =     -83.51719  RMSG = 2.4641969e-02
 MIN: Iter =   21  NFunc =   282  E =     -83.51753  RMSG = 1.7511390e-02
 MIN: Iter =   22  NFunc =   294  E =     -83.51768  RMSG = 9.8023060e-03
 MIN: Iter =   23  NFunc =   300  E =     -83.51769  RMSG = 4.4388919e-03
 MIN: Iter =   24  NFunc =   307  E =     -83.51770  RMSG = 2.1231355e-03
 MIN: Iter =   25  NFunc =   323  E =     -83.51770  RMSG = 1.0598314e-03
 MIN: Iter =   26  NFunc =   339  E =     -83.51770  RMSG = 8.8420653e-04
 MIN: Iter =   27  NFunc =   359  E =     -83.51770  RMSG = 4.1111184e-04
----------------------------------------------------------------
 END:          :-)  E =     -83.51770  RMSG =   0.0004111

     bond:      1.365290995
    angle:      6.317887114
 dihedral:      5.937983001
    enb14:      7.694679515
    eel14:   -165.760559362
      enb:     -0.311207731
      eel:     74.610435712
      egb:    -13.372211929
    econs:      0.000000000
    esurf:      0.000000000
    Total:    -83.517702685
     frms:      0.000411112
====== rms.dat  ======================================================
#Frame      all_heavy
       1       0.2141
