====== tleap.out =====================================================
-I: Adding /home/case/amber24/dat/leap/prep to search path.
-I: Adding /home/case/amber24/dat/leap/lib to search path.
-I: Adding /home/case/amber24/dat/leap/parm to search path.
-I: Adding /home/case/amber24/dat/leap/cmd to search path.
-f: Source leap.in.

Welcome to LEaP!
(no leaprc in search path)
Sourcing: ./leap.in
Using Bondi radii
----- Source: /home/case/amber24/dat/leap/cmd/leaprc.gaff2
----- Source of /home/case/amber24/dat/leap/cmd/leaprc.gaff2 done
Log file: ./leap.log
Loading parameters: /home/case/amber24/dat/leap/parm/gaff2.dat
Reading title:
AMBER General Force Field for organic molecules (Version 2.2.20, March 2021)
Loading parameters: ./8BN.frcmod
Reading force field modification type file (frcmod)
Reading title:
Remark line goes here
Loading Mol2 file: ./8BN.mol2
Reading MOLECULE named 8BN
Checking Unit.
Building topology.
"order_residues" off: keep input residue order.
Building atom parameters.
Building bond parameters.
Building angle parameters.
Building proper torsion parameters.
Building improper torsion parameters.
 total 16 improper torsions applied
Building H-Bond parameters.
Incorporating Non-Bonded adjustments.
Not Marking per-residue atom chain types.
Marking per-residue atom chain types.
  (Residues lacking connect0/connect1 - 
   these don't have chain types marked:

	res	total affected

	8BN	1
  )
 (no restraints)
	Quit

Exiting LEaP: Errors = 0; Warnings = 0; Notes = 0.
====== min.o =========================================================
Reading parm file (8BN.parm7)
title:
8BN                                                                             
no velocities were found
no velocities were found
	mm_options:  ntpr=5
	mm_options:  gb=1
	mm_options:  kappa=0.10395
	mm_options:  rgbmax=99.
	mm_options:  cut=99.0
	mm_options:  wcons=0.
     bond:      3.220626616
    angle:     21.351870207
 dihedral:     21.036288262
    enb14:     14.413370850
    eel14:    -85.319307554
      enb:     -3.830707952
      eel:      1.069548202
      egb:    -26.633220545
    econs:      0.000000000
    esurf:      0.000000000
    Total:    -54.691531914
     frms:     11.920977207
Starting TNCG minimisation
 MIN: Iter =    0  NFunc =     1  E =     -54.69153  RMSG = 1.1920977e+01
 MIN: Iter =    1  NFunc =     7  E =     -65.09864  RMSG = 2.7353498e+00
 MIN: Iter =    2  NFunc =    14  E =     -66.81333  RMSG = 1.1062218e+00
 MIN: Iter =    3  NFunc =    65  E =     -67.50801  RMSG = 1.1111802e+00
 MIN: Iter =    4  NFunc =    74  E =     -68.08248  RMSG = 9.9342452e-01
 MIN: Iter =    5  NFunc =    84  E =     -68.50623  RMSG = 6.0044089e-01
 MIN: Iter =    6  NFunc =    96  E =     -68.76297  RMSG = 5.3628065e-01
 MIN: Iter =    7  NFunc =   107  E =     -68.84182  RMSG = 1.8477606e-01
 MIN: Iter =    8  NFunc =   138  E =     -68.89693  RMSG = 2.4170543e-01
 MIN: Iter =    9  NFunc =   144  E =     -68.90539  RMSG = 8.5884325e-02
 MIN: Iter =   10  NFunc =   182  E =     -68.92654  RMSG = 1.4046243e-01
 MIN: Iter =   11  NFunc =   228  E =     -68.94748  RMSG = 1.4462884e-01
 MIN: Iter =   12  NFunc =   235  E =     -68.95142  RMSG = 5.3808448e-02
 MIN: Iter =   13  NFunc =   256  E =     -68.95557  RMSG = 3.7665700e-02
 MIN: Iter =   14  NFunc =   267  E =     -68.95623  RMSG = 1.9099068e-02
 MIN: Iter =   15  NFunc =   306  E =     -68.95793  RMSG = 1.6196927e-02
 MIN: Iter =   16  NFunc =   328  E =     -68.95814  RMSG = 8.3099557e-03
 MIN: Iter =   17  NFunc =   345  E =     -68.95821  RMSG = 4.8383740e-03
 MIN: Iter =   18  NFunc =   365  E =     -68.95825  RMSG = 2.7546410e-03
 MIN: Iter =   19  NFunc =   378  E =     -68.95825  RMSG = 1.6195572e-03
 MIN: Iter =   20  NFunc =   393  E =     -68.95825  RMSG = 7.2573359e-04
 MIN: Iter =   21  NFunc =   419  E =     -68.95826  RMSG = 4.8303095e-04
----------------------------------------------------------------
 END:          :-)  E =     -68.95826  RMSG =   0.0004830

     bond:      2.613693880
    angle:     15.135476676
 dihedral:     17.630572011
    enb14:     10.606142170
    eel14:    -85.225543730
      enb:     -3.965987219
      eel:      1.495868768
      egb:    -27.248477604
    econs:      0.000000000
    esurf:      0.000000000
    Total:    -68.958255047
     frms:      0.000483031
====== rms.dat  ======================================================
#Frame      all_heavy
       1       0.2293
