====== tleap.out =====================================================
-I: Adding /home/case/amber24/dat/leap/prep to search path.
-I: Adding /home/case/amber24/dat/leap/lib to search path.
-I: Adding /home/case/amber24/dat/leap/parm to search path.
-I: Adding /home/case/amber24/dat/leap/cmd to search path.
-f: Source leap.in.

Welcome to LEaP!
(no leaprc in search path)
Sourcing: ./leap.in
Using Bondi radii
----- Source: /home/case/amber24/dat/leap/cmd/leaprc.gaff2
----- Source of /home/case/amber24/dat/leap/cmd/leaprc.gaff2 done
Log file: ./leap.log
Loading parameters: /home/case/amber24/dat/leap/parm/gaff2.dat
Reading title:
AMBER General Force Field for organic molecules (Version 2.2.20, March 2021)
Loading parameters: ./8C7.frcmod
Reading force field modification type file (frcmod)
Reading title:
Remark line goes here
Loading Mol2 file: ./8C7.mol2
Reading MOLECULE named 8C7
Checking Unit.
Building topology.
"order_residues" off: keep input residue order.
Building atom parameters.
Building bond parameters.
Building angle parameters.
Building proper torsion parameters.
Building improper torsion parameters.
 total 8 improper torsions applied
Building H-Bond parameters.
Incorporating Non-Bonded adjustments.
Not Marking per-residue atom chain types.
Marking per-residue atom chain types.
  (Residues lacking connect0/connect1 - 
   these don't have chain types marked:

	res	total affected

	8C7	1
  )
 (no restraints)
	Quit

Exiting LEaP: Errors = 0; Warnings = 0; Notes = 0.
====== min.o =========================================================
Reading parm file (8C7.parm7)
title:
8C7                                                                             
no velocities were found
no velocities were found
	mm_options:  ntpr=5
	mm_options:  gb=1
	mm_options:  kappa=0.10395
	mm_options:  rgbmax=99.
	mm_options:  cut=99.0
	mm_options:  wcons=0.
     bond:      1.231888749
    angle:      2.279660894
 dihedral:      6.354915537
    enb14:      9.319802300
    eel14:    -59.360269540
      enb:     -0.993674242
      eel:      2.889026920
      egb:    -15.793717322
    econs:      0.000000000
    esurf:      0.000000000
    Total:    -54.072366704
     frms:      6.574574018
Starting TNCG minimisation
 MIN: Iter =    0  NFunc =     1  E =     -54.07237  RMSG = 6.5745740e+00
 MIN: Iter =    1  NFunc =     7  E =     -57.57368  RMSG = 2.0418060e+00
 MIN: Iter =    2  NFunc =    18  E =     -59.09125  RMSG = 6.7459669e-01
 MIN: Iter =    3  NFunc =    29  E =     -59.32103  RMSG = 4.3204392e-01
 MIN: Iter =    4  NFunc =    41  E =     -59.50162  RMSG = 9.9208058e-01
 MIN: Iter =    5  NFunc =    49  E =     -59.60798  RMSG = 2.9835493e-01
 MIN: Iter =    6  NFunc =    60  E =     -59.68650  RMSG = 4.2185223e-01
 MIN: Iter =    7  NFunc =    68  E =     -59.70329  RMSG = 1.0485528e-01
 MIN: Iter =    8  NFunc =   107  E =     -59.76208  RMSG = 2.0230317e-01
 MIN: Iter =    9  NFunc =   115  E =     -59.77006  RMSG = 7.4323590e-02
 MIN: Iter =   10  NFunc =   128  E =     -59.77779  RMSG = 6.6316524e-02
 MIN: Iter =   11  NFunc =   139  E =     -59.78084  RMSG = 3.7589081e-02
 MIN: Iter =   12  NFunc =   158  E =     -59.78246  RMSG = 2.2374157e-02
 MIN: Iter =   13  NFunc =   187  E =     -59.78318  RMSG = 9.7201477e-03
 MIN: Iter =   14  NFunc =   194  E =     -59.78321  RMSG = 5.3831318e-03
 MIN: Iter =   15  NFunc =   239  E =     -59.78334  RMSG = 3.3440018e-03
 MIN: Iter =   16  NFunc =   258  E =     -59.78335  RMSG = 1.7817502e-03
 MIN: Iter =   17  NFunc =   275  E =     -59.78335  RMSG = 9.0027895e-04
 MIN: Iter =   18  NFunc =   285  E =     -59.78335  RMSG = 3.3890839e-04
----------------------------------------------------------------
 END:          :-)  E =     -59.78335  RMSG =   0.0003389

     bond:      0.837785215
    angle:      1.815201597
 dihedral:      4.651759885
    enb14:      6.683124887
    eel14:    -59.913844330
      enb:     -1.408746967
      eel:      3.454868193
      egb:    -15.903500580
    econs:      0.000000000
    esurf:      0.000000000
    Total:    -59.783352100
     frms:      0.000338908
====== rms.dat  ======================================================
#Frame      all_heavy
       1       0.1612
