====== tleap.out =====================================================
-I: Adding /home/case/amber24/dat/leap/prep to search path.
-I: Adding /home/case/amber24/dat/leap/lib to search path.
-I: Adding /home/case/amber24/dat/leap/parm to search path.
-I: Adding /home/case/amber24/dat/leap/cmd to search path.
-f: Source leap.in.

Welcome to LEaP!
(no leaprc in search path)
Sourcing: ./leap.in
Using Bondi radii
----- Source: /home/case/amber24/dat/leap/cmd/leaprc.gaff2
----- Source of /home/case/amber24/dat/leap/cmd/leaprc.gaff2 done
Log file: ./leap.log
Loading parameters: /home/case/amber24/dat/leap/parm/gaff2.dat
Reading title:
AMBER General Force Field for organic molecules (Version 2.2.20, March 2021)
Loading parameters: ./8CT.frcmod
Reading force field modification type file (frcmod)
Reading title:
Remark line goes here
Loading Mol2 file: ./8CT.mol2
Reading MOLECULE named 8CT
Checking Unit.
Building topology.
"order_residues" off: keep input residue order.
Building atom parameters.
Building bond parameters.
Building angle parameters.
Building proper torsion parameters.
Building improper torsion parameters.
 total 22 improper torsions applied
Building H-Bond parameters.
Incorporating Non-Bonded adjustments.
Not Marking per-residue atom chain types.
Marking per-residue atom chain types.
  (Residues lacking connect0/connect1 - 
   these don't have chain types marked:

	res	total affected

	8CT	1
  )
 (no restraints)
	Quit

Exiting LEaP: Errors = 0; Warnings = 0; Notes = 0.
====== min.o =========================================================
Reading parm file (8CT.parm7)
title:
8CT                                                                             
no velocities were found
no velocities were found
	mm_options:  ntpr=5
	mm_options:  gb=1
	mm_options:  kappa=0.10395
	mm_options:  rgbmax=99.
	mm_options:  cut=99.0
	mm_options:  wcons=0.
     bond:      1.740785671
    angle:      7.105114051
 dihedral:     29.359021809
    enb14:     41.846019352
    eel14:    -19.352757181
      enb:      3.302164573
      eel:     -9.831945578
      egb:     -9.058753332
    econs:      0.000000000
    esurf:      0.000000000
    Total:     45.109649366
     frms:      6.902442673
Starting TNCG minimisation
 MIN: Iter =    0  NFunc =     1  E =      45.10965  RMSG = 6.9024427e+00
 MIN: Iter =    1  NFunc =     7  E =      31.32572  RMSG = 2.4631512e+00
 MIN: Iter =    2  NFunc =    13  E =      28.62406  RMSG = 1.0620036e+00
 MIN: Iter =    3  NFunc =    23  E =      27.40324  RMSG = 5.3221535e-01
 MIN: Iter =    4  NFunc =    72  E =      27.06489  RMSG = 1.4227703e+00
 MIN: Iter =    5  NFunc =    78  E =      26.59332  RMSG = 4.2210140e-01
 MIN: Iter =    6  NFunc =   115  E =      26.16987  RMSG = 1.3017615e+00
 MIN: Iter =    7  NFunc =   121  E =      25.76939  RMSG = 3.9603805e-01
 MIN: Iter =    8  NFunc =   172  E =      25.39039  RMSG = 7.0318764e-01
 MIN: Iter =    9  NFunc =   178  E =      25.07819  RMSG = 5.7451552e-01
 MIN: Iter =   10  NFunc =   184  E =      24.81977  RMSG = 5.5397002e-01
 MIN: Iter =   11  NFunc =   190  E =      24.60062  RMSG = 3.8870821e-01
 MIN: Iter =   12  NFunc =   205  E =      24.34868  RMSG = 4.3091065e-01
 MIN: Iter =   13  NFunc =   221  E =      24.22504  RMSG = 1.5484922e-01
 MIN: Iter =   14  NFunc =   272  E =      24.06845  RMSG = 2.1013308e-01
 MIN: Iter =   15  NFunc =   323  E =      23.93367  RMSG = 1.9887746e-01
 MIN: Iter =   16  NFunc =   342  E =      23.85913  RMSG = 1.3624510e-01
 MIN: Iter =   17  NFunc =   354  E =      23.82657  RMSG = 8.4048268e-02
 MIN: Iter =   18  NFunc =   405  E =      23.78850  RMSG = 1.4782378e-01
 MIN: Iter =   19  NFunc =   413  E =      23.77941  RMSG = 4.0696594e-02
 MIN: Iter =   20  NFunc =   464  E =      23.75754  RMSG = 9.4336467e-02
 MIN: Iter =   21  NFunc =   515  E =      23.71301  RMSG = 1.3497093e-01
 MIN: Iter =   22  NFunc =   523  E =      23.68789  RMSG = 1.0245244e-01
 MIN: Iter =   23  NFunc =   539  E =      23.66635  RMSG = 7.5296240e-02
 MIN: Iter =   24  NFunc =   590  E =      23.64080  RMSG = 1.0778043e-01
 MIN: Iter =   25  NFunc =   596  E =      23.63758  RMSG = 4.3102283e-02
 MIN: Iter =   26  NFunc =   647  E =      23.62853  RMSG = 3.6649690e-02
 MIN: Iter =   27  NFunc =   698  E =      23.61744  RMSG = 5.4355627e-02
 MIN: Iter =   28  NFunc =   714  E =      23.61388  RMSG = 2.6631172e-02
 MIN: Iter =   29  NFunc =   765  E =      23.60667  RMSG = 8.2094201e-02
 MIN: Iter =   30  NFunc =   773  E =      23.60413  RMSG = 2.1848405e-02
 MIN: Iter =   31  NFunc =   803  E =      23.60049  RMSG = 2.4890631e-02
 MIN: Iter =   32  NFunc =   850  E =      23.59769  RMSG = 1.6860712e-02
 MIN: Iter =   33  NFunc =   873  E =      23.59710  RMSG = 8.3448603e-03
 MIN: Iter =   34  NFunc =   924  E =      23.59608  RMSG = 1.5606286e-02
 MIN: Iter =   35  NFunc =   975  E =      23.59441  RMSG = 2.6186556e-02
 MIN: Iter =   36  NFunc =   983  E =      23.59399  RMSG = 1.0259107e-02
 MIN: Iter =   37  NFunc =  1034  E =      23.59259  RMSG = 2.7718794e-02
 MIN: Iter =   38  NFunc =  1042  E =      23.59229  RMSG = 8.3552734e-03
 MIN: Iter =   39  NFunc =  1057  E =      23.59212  RMSG = 5.1289317e-03
 MIN: Iter =   40  NFunc =  1108  E =      23.59187  RMSG = 4.0039067e-03
 MIN: Iter =   41  NFunc =  1159  E =      23.59164  RMSG = 5.0669651e-03
 MIN: Iter =   42  NFunc =  1199  E =      23.59134  RMSG = 4.9185427e-03
 MIN: Iter =   43  NFunc =  1231  E =      23.59124  RMSG = 2.8481298e-03
 MIN: Iter =   44  NFunc =  1282  E =      23.59115  RMSG = 1.9231474e-03
 MIN: Iter =   45  NFunc =  1305  E =      23.59114  RMSG = 1.2149897e-03
 MIN: Iter =   46  NFunc =  1356  E =      23.59112  RMSG = 1.0685256e-03
 MIN: Iter =   47  NFunc =  1407  E =      23.59111  RMSG = 1.7179226e-03
 MIN: Iter =   48  NFunc =  1428  E =      23.59109  RMSG = 1.2181287e-03
 MIN: Iter =   49  NFunc =  1459  E =      23.59108  RMSG = 8.3975554e-04
 MIN: Iter =   50  NFunc =  1510  E =      23.59107  RMSG = 7.2371873e-04
 MIN: Iter =   51  NFunc =  1529  E =      23.59107  RMSG = 4.1416718e-04
----------------------------------------------------------------
 END:          :-)  E =      23.59107  RMSG =   0.0004142

     bond:      5.389430705
    angle:      7.382405256
 dihedral:     27.697249367
    enb14:     25.963651209
    eel14:    -19.217375372
      enb:     -4.128634516
      eel:     -9.548264925
      egb:     -9.947390251
    econs:      0.000000000
    esurf:      0.000000000
    Total:     23.591071473
     frms:      0.000414167
====== rms.dat  ======================================================
#Frame      all_heavy
       1       0.6353
