====== tleap.out =====================================================
-I: Adding /home/case/amber24/dat/leap/prep to search path.
-I: Adding /home/case/amber24/dat/leap/lib to search path.
-I: Adding /home/case/amber24/dat/leap/parm to search path.
-I: Adding /home/case/amber24/dat/leap/cmd to search path.
-f: Source leap.in.

Welcome to LEaP!
(no leaprc in search path)
Sourcing: ./leap.in
Using Bondi radii
----- Source: /home/case/amber24/dat/leap/cmd/leaprc.gaff2
----- Source of /home/case/amber24/dat/leap/cmd/leaprc.gaff2 done
Log file: ./leap.log
Loading parameters: /home/case/amber24/dat/leap/parm/gaff2.dat
Reading title:
AMBER General Force Field for organic molecules (Version 2.2.20, March 2021)
Loading parameters: ./8F6.frcmod
Reading force field modification type file (frcmod)
Reading title:
Remark line goes here
Loading Mol2 file: ./8F6.mol2
Reading MOLECULE named 8F6
Checking Unit.
Building topology.
"order_residues" off: keep input residue order.
Building atom parameters.
Building bond parameters.
Building angle parameters.
Building proper torsion parameters.

/home/case/amber24/bin/teLeap: Note.
1-4: angle 2 17 duplicates bond ('triangular' bond) or angle ('square' bond)


/home/case/amber24/bin/teLeap: Note.
1-4: angle 2 15 duplicates bond ('triangular' bond) or angle ('square' bond)


/home/case/amber24/bin/teLeap: Note.
1-4: angle 15 17 duplicates bond ('triangular' bond) or angle ('square' bond)

Building improper torsion parameters.
 total 16 improper torsions applied
Building H-Bond parameters.
Incorporating Non-Bonded adjustments.
Not Marking per-residue atom chain types.
Marking per-residue atom chain types.
  (Residues lacking connect0/connect1 - 
   these don't have chain types marked:

	res	total affected

	8F6	1
  )
 (no restraints)
	Quit

Exiting LEaP: Errors = 0; Warnings = 0; Notes = 3.
====== min.o =========================================================
Reading parm file (8F6.parm7)
title:
8F6                                                                             
no velocities were found
no velocities were found
	mm_options:  ntpr=5
	mm_options:  gb=1
	mm_options:  kappa=0.10395
	mm_options:  rgbmax=99.
	mm_options:  cut=99.0
	mm_options:  wcons=0.
     bond:      1.706957769
    angle:     10.331193887
 dihedral:     45.479789936
    enb14:     15.720848586
    eel14:    -37.591610347
      enb:     -3.649244559
      eel:     11.511032366
      egb:    -14.928962057
    econs:      0.000000000
    esurf:      0.000000000
    Total:     28.580005582
     frms:      7.954282980
Starting TNCG minimisation
 MIN: Iter =    0  NFunc =     1  E =      28.58001  RMSG = 7.9542830e+00
 MIN: Iter =    1  NFunc =     7  E =      18.42446  RMSG = 2.5548778e+00
 MIN: Iter =    2  NFunc =    14  E =      15.58262  RMSG = 1.3869187e+00
 MIN: Iter =    3  NFunc =    29  E =      13.62520  RMSG = 1.3835633e+00
 MIN: Iter =    4  NFunc =    50  E =      12.51948  RMSG = 9.4582244e-01
 MIN: Iter =    5  NFunc =    67  E =      11.95907  RMSG = 7.0434002e-01
 MIN: Iter =    6  NFunc =    79  E =      11.71553  RMSG = 3.4005381e-01
 MIN: Iter =    7  NFunc =    96  E =      11.57370  RMSG = 2.6984209e-01
 MIN: Iter =    8  NFunc =   115  E =      11.52482  RMSG = 1.0124807e-01
 MIN: Iter =    9  NFunc =   166  E =      11.44043  RMSG = 2.7778002e-01
 MIN: Iter =   10  NFunc =   172  E =      11.42394  RMSG = 8.6194540e-02
 MIN: Iter =   11  NFunc =   223  E =      11.39685  RMSG = 2.7790837e-01
 MIN: Iter =   12  NFunc =   229  E =      11.38517  RMSG = 7.5462849e-02
 MIN: Iter =   13  NFunc =   242  E =      11.38119  RMSG = 4.0294568e-02
 MIN: Iter =   14  NFunc =   252  E =      11.37976  RMSG = 2.7434233e-02
 MIN: Iter =   15  NFunc =   278  E =      11.37749  RMSG = 3.5722494e-02
 MIN: Iter =   16  NFunc =   292  E =      11.37700  RMSG = 1.3840746e-02
 MIN: Iter =   17  NFunc =   343  E =      11.37572  RMSG = 2.2707883e-02
 MIN: Iter =   18  NFunc =   350  E =      11.37559  RMSG = 1.1165859e-02
 MIN: Iter =   19  NFunc =   366  E =      11.37542  RMSG = 7.3702822e-03
 MIN: Iter =   20  NFunc =   408  E =      11.37517  RMSG = 5.7304591e-03
 MIN: Iter =   21  NFunc =   458  E =      11.37500  RMSG = 4.1551134e-03
 MIN: Iter =   22  NFunc =   509  E =      11.37495  RMSG = 2.2033063e-03
 MIN: Iter =   23  NFunc =   517  E =      11.37495  RMSG = 1.2221897e-03
 MIN: Iter =   24  NFunc =   558  E =      11.37494  RMSG = 7.0946547e-04
 MIN: Iter =   25  NFunc =   569  E =      11.37494  RMSG = 3.6125003e-04
----------------------------------------------------------------
 END:          :-)  E =      11.37494  RMSG =   0.0003613

     bond:      2.081127295
    angle:      4.164696944
 dihedral:     42.044512314
    enb14:     10.266271708
    eel14:    -38.984358981
      enb:     -4.596332606
      eel:     12.016779324
      egb:    -15.617758689
    econs:      0.000000000
    esurf:      0.000000000
    Total:     11.374937309
     frms:      0.000361250
====== rms.dat  ======================================================
#Frame      all_heavy
       1       0.3005
