====== tleap.out =====================================================
-I: Adding /home/case/amber24/dat/leap/prep to search path.
-I: Adding /home/case/amber24/dat/leap/lib to search path.
-I: Adding /home/case/amber24/dat/leap/parm to search path.
-I: Adding /home/case/amber24/dat/leap/cmd to search path.
-f: Source leap.in.

Welcome to LEaP!
(no leaprc in search path)
Sourcing: ./leap.in
Using Bondi radii
----- Source: /home/case/amber24/dat/leap/cmd/leaprc.gaff2
----- Source of /home/case/amber24/dat/leap/cmd/leaprc.gaff2 done
Log file: ./leap.log
Loading parameters: /home/case/amber24/dat/leap/parm/gaff2.dat
Reading title:
AMBER General Force Field for organic molecules (Version 2.2.20, March 2021)
Loading parameters: ./8G6.frcmod
Reading force field modification type file (frcmod)
Reading title:
Remark line goes here
Loading Mol2 file: ./8G6.mol2
Reading MOLECULE named 8G6
Checking Unit.
Building topology.
"order_residues" off: keep input residue order.
Building atom parameters.
Building bond parameters.
Building angle parameters.
Building proper torsion parameters.
Building improper torsion parameters.
 total 13 improper torsions applied
Building H-Bond parameters.
Incorporating Non-Bonded adjustments.
Not Marking per-residue atom chain types.
Marking per-residue atom chain types.
  (Residues lacking connect0/connect1 - 
   these don't have chain types marked:

	res	total affected

	8G6	1
  )
 (no restraints)
	Quit

Exiting LEaP: Errors = 0; Warnings = 0; Notes = 0.
====== min.o =========================================================
Reading parm file (8G6.parm7)
title:
8G6                                                                             
no velocities were found
no velocities were found
	mm_options:  ntpr=5
	mm_options:  gb=1
	mm_options:  kappa=0.10395
	mm_options:  rgbmax=99.
	mm_options:  cut=99.0
	mm_options:  wcons=0.
     bond:      1.783219432
    angle:     33.859851675
 dihedral:      9.312191525
    enb14:      9.094697606
    eel14:    -45.084250852
      enb:     -1.111031710
      eel:      3.047956865
      egb:    -12.685841688
    econs:      0.000000000
    esurf:      0.000000000
    Total:     -1.783207147
     frms:     20.073617316
Starting TNCG minimisation
 MIN: Iter =    0  NFunc =     1  E =      -1.78321  RMSG = 2.0073617e+01
 MIN: Iter =    1  NFunc =     7  E =     -15.56126  RMSG = 3.1102983e+00
 MIN: Iter =    2  NFunc =    15  E =     -18.40257  RMSG = 1.6997534e+00
 MIN: Iter =    3  NFunc =    28  E =     -19.96837  RMSG = 1.3870578e+00
 MIN: Iter =    4  NFunc =    40  E =     -20.56569  RMSG = 7.6912737e-01
 MIN: Iter =    5  NFunc =    63  E =     -20.96501  RMSG = 6.4954099e-01
 MIN: Iter =    6  NFunc =    72  E =     -21.10892  RMSG = 3.8591719e-01
 MIN: Iter =    7  NFunc =    79  E =     -21.14096  RMSG = 1.7908378e-01
 MIN: Iter =    8  NFunc =    90  E =     -21.15261  RMSG = 7.9185548e-02
 MIN: Iter =    9  NFunc =   101  E =     -21.15560  RMSG = 4.3367519e-02
 MIN: Iter =   10  NFunc =   113  E =     -21.15630  RMSG = 1.7108116e-02
 MIN: Iter =   11  NFunc =   121  E =     -21.15638  RMSG = 7.8119500e-03
 MIN: Iter =   12  NFunc =   163  E =     -21.15716  RMSG = 5.9377538e-02
 MIN: Iter =   13  NFunc =   169  E =     -21.15789  RMSG = 5.1053812e-02
 MIN: Iter =   14  NFunc =   175  E =     -21.15848  RMSG = 5.5974805e-02
 MIN: Iter =   15  NFunc =   181  E =     -21.15906  RMSG = 4.4691520e-02
 MIN: Iter =   16  NFunc =   189  E =     -21.15960  RMSG = 5.6981380e-02
 MIN: Iter =   17  NFunc =   197  E =     -21.16013  RMSG = 3.6190922e-02
 MIN: Iter =   18  NFunc =   203  E =     -21.16053  RMSG = 4.8507033e-02
 MIN: Iter =   19  NFunc =   210  E =     -21.16098  RMSG = 3.8488935e-02
 MIN: Iter =   20  NFunc =   216  E =     -21.16130  RMSG = 3.2510241e-02
 MIN: Iter =   21  NFunc =   222  E =     -21.16160  RMSG = 4.8535814e-02
 MIN: Iter =   22  NFunc =   229  E =     -21.16194  RMSG = 2.4916802e-02
 MIN: Iter =   23  NFunc =   235  E =     -21.16216  RMSG = 5.5900452e-02
 MIN: Iter =   24  NFunc =   241  E =     -21.16246  RMSG = 1.9285654e-02
 MIN: Iter =   25  NFunc =   249  E =     -21.16263  RMSG = 2.8872249e-02
 MIN: Iter =   26  NFunc =   255  E =     -21.16283  RMSG = 2.7119465e-02
 MIN: Iter =   27  NFunc =   261  E =     -21.16296  RMSG = 1.9670206e-02
 MIN: Iter =   28  NFunc =   267  E =     -21.16302  RMSG = 1.1851462e-02
 MIN: Iter =   29  NFunc =   285  E =     -21.16312  RMSG = 1.1709922e-02
 MIN: Iter =   30  NFunc =   291  E =     -21.16314  RMSG = 4.9794849e-03
 MIN: Iter =   31  NFunc =   308  E =     -21.16315  RMSG = 2.1713523e-03
 MIN: Iter =   32  NFunc =   320  E =     -21.16315  RMSG = 1.1214389e-03
 MIN: Iter =   33  NFunc =   371  E =     -21.16315  RMSG = 2.9054670e-03
 MIN: Iter =   34  NFunc =   385  E =     -21.16316  RMSG = 1.1871586e-03
 MIN: Iter =   35  NFunc =   398  E =     -21.16316  RMSG = 7.7224073e-04
 MIN: Iter =   36  NFunc =   426  E =     -21.16316  RMSG = 4.4727969e-04
----------------------------------------------------------------
 END:          :-)  E =     -21.16316  RMSG =   0.0004473

     bond:      2.071739816
    angle:     22.835504876
 dihedral:      3.174545251
    enb14:      7.802963416
    eel14:    -47.808047015
      enb:      0.034156117
      eel:      4.118840652
      egb:    -13.392860925
    econs:      0.000000000
    esurf:      0.000000000
    Total:    -21.163157811
     frms:      0.000447280
====== rms.dat  ======================================================
#Frame      all_heavy
       1       0.2357
