====== tleap.out =====================================================
-I: Adding /home/case/amber24/dat/leap/prep to search path.
-I: Adding /home/case/amber24/dat/leap/lib to search path.
-I: Adding /home/case/amber24/dat/leap/parm to search path.
-I: Adding /home/case/amber24/dat/leap/cmd to search path.
-f: Source leap.in.

Welcome to LEaP!
(no leaprc in search path)
Sourcing: ./leap.in
Using Bondi radii
----- Source: /home/case/amber24/dat/leap/cmd/leaprc.gaff2
----- Source of /home/case/amber24/dat/leap/cmd/leaprc.gaff2 done
Log file: ./leap.log
Loading parameters: /home/case/amber24/dat/leap/parm/gaff2.dat
Reading title:
AMBER General Force Field for organic molecules (Version 2.2.20, March 2021)
Loading parameters: ./8GE.frcmod
Reading force field modification type file (frcmod)
Reading title:
Remark line goes here
Loading Mol2 file: ./8GE.mol2
Reading MOLECULE named 8GE
Checking Unit.
Building topology.
"order_residues" off: keep input residue order.
Building atom parameters.
Building bond parameters.
Building angle parameters.
Building proper torsion parameters.
Building improper torsion parameters.
 total 15 improper torsions applied
Building H-Bond parameters.
Incorporating Non-Bonded adjustments.
Not Marking per-residue atom chain types.
Marking per-residue atom chain types.
  (Residues lacking connect0/connect1 - 
   these don't have chain types marked:

	res	total affected

	8GE	1
  )
 (no restraints)
	Quit

Exiting LEaP: Errors = 0; Warnings = 0; Notes = 0.
====== min.o =========================================================
Reading parm file (8GE.parm7)
title:
8GE                                                                             
no velocities were found
no velocities were found
	mm_options:  ntpr=5
	mm_options:  gb=1
	mm_options:  kappa=0.10395
	mm_options:  rgbmax=99.
	mm_options:  cut=99.0
	mm_options:  wcons=0.
     bond:      1.787640355
    angle:     17.944865407
 dihedral:     31.103138805
    enb14:      6.785121608
    eel14:   -119.827212916
      enb:     -1.680209291
      eel:    -15.936261281
      egb:    -24.241010409
    econs:      0.000000000
    esurf:      0.000000000
    Total:   -104.063927723
     frms:     13.010482929
Starting TNCG minimisation
 MIN: Iter =    0  NFunc =     1  E =    -104.06393  RMSG = 1.3010483e+01
 MIN: Iter =    1  NFunc =     8  E =    -115.71271  RMSG = 6.1788949e+00
 MIN: Iter =    2  NFunc =    14  E =    -117.94484  RMSG = 1.3271149e+00
 MIN: Iter =    3  NFunc =    36  E =    -119.60820  RMSG = 1.2531726e+00
 MIN: Iter =    4  NFunc =    47  E =    -120.62851  RMSG = 1.1164196e+00
 MIN: Iter =    5  NFunc =    53  E =    -121.18392  RMSG = 9.6083672e-01
 MIN: Iter =    6  NFunc =    67  E =    -121.46431  RMSG = 6.2346521e-01
 MIN: Iter =    7  NFunc =    83  E =    -121.65458  RMSG = 7.8497602e-01
 MIN: Iter =    8  NFunc =    89  E =    -121.69556  RMSG = 2.5612092e-01
 MIN: Iter =    9  NFunc =   131  E =    -121.75078  RMSG = 6.3843869e-01
 MIN: Iter =   10  NFunc =   137  E =    -121.77673  RMSG = 1.9544254e-01
 MIN: Iter =   11  NFunc =   163  E =    -121.82564  RMSG = 5.3425483e-01
 MIN: Iter =   12  NFunc =   169  E =    -121.86803  RMSG = 4.6543738e-01
 MIN: Iter =   13  NFunc =   175  E =    -121.89707  RMSG = 3.6617363e-01
 MIN: Iter =   14  NFunc =   181  E =    -121.91141  RMSG = 1.8849582e-01
 MIN: Iter =   15  NFunc =   200  E =    -121.93112  RMSG = 3.7469815e-01
 MIN: Iter =   16  NFunc =   206  E =    -121.93735  RMSG = 6.4075211e-02
 MIN: Iter =   17  NFunc =   212  E =    -121.93861  RMSG = 6.3509171e-02
 MIN: Iter =   18  NFunc =   248  E =    -121.94272  RMSG = 2.3709787e-01
 MIN: Iter =   19  NFunc =   254  E =    -121.94500  RMSG = 3.0034076e-02
 MIN: Iter =   20  NFunc =   261  E =    -121.94515  RMSG = 1.2276269e-02
 MIN: Iter =   21  NFunc =   271  E =    -121.94525  RMSG = 7.1703581e-03
 MIN: Iter =   22  NFunc =   282  E =    -121.94529  RMSG = 4.8456200e-03
 MIN: Iter =   23  NFunc =   301  E =    -121.94531  RMSG = 2.4790653e-03
 MIN: Iter =   24  NFunc =   319  E =    -121.94531  RMSG = 1.6594545e-03
 MIN: Iter =   25  NFunc =   333  E =    -121.94532  RMSG = 1.0332972e-03
 MIN: Iter =   26  NFunc =   345  E =    -121.94532  RMSG = 5.2611932e-04
 MIN: Iter =   27  NFunc =   361  E =    -121.94532  RMSG = 3.6244648e-04
----------------------------------------------------------------
 END:          :-)  E =    -121.94532  RMSG =   0.0003624

     bond:      2.929845763
    angle:     16.161880105
 dihedral:     25.633042664
    enb14:      5.482701808
    eel14:   -133.586909413
      enb:     -1.326311487
      eel:    -14.404108308
      egb:    -22.835457735
    econs:      0.000000000
    esurf:      0.000000000
    Total:   -121.945316604
     frms:      0.000362446
====== rms.dat  ======================================================
#Frame      all_heavy
       1       0.2719
