====== tleap.out =====================================================
-I: Adding /home/case/amber24/dat/leap/prep to search path.
-I: Adding /home/case/amber24/dat/leap/lib to search path.
-I: Adding /home/case/amber24/dat/leap/parm to search path.
-I: Adding /home/case/amber24/dat/leap/cmd to search path.
-f: Source leap.in.

Welcome to LEaP!
(no leaprc in search path)
Sourcing: ./leap.in
Using Bondi radii
----- Source: /home/case/amber24/dat/leap/cmd/leaprc.gaff2
----- Source of /home/case/amber24/dat/leap/cmd/leaprc.gaff2 done
Log file: ./leap.log
Loading parameters: /home/case/amber24/dat/leap/parm/gaff2.dat
Reading title:
AMBER General Force Field for organic molecules (Version 2.2.20, March 2021)
Loading parameters: ./8LU.frcmod
Reading force field modification type file (frcmod)
Reading title:
Remark line goes here
Loading Mol2 file: ./8LU.mol2
Reading MOLECULE named 8LU
Checking Unit.
Building topology.
"order_residues" off: keep input residue order.
Building atom parameters.
Building bond parameters.
Building angle parameters.
Building proper torsion parameters.
Building improper torsion parameters.
 total 19 improper torsions applied
Building H-Bond parameters.
Incorporating Non-Bonded adjustments.
Not Marking per-residue atom chain types.
Marking per-residue atom chain types.
  (Residues lacking connect0/connect1 - 
   these don't have chain types marked:

	res	total affected

	8LU	1
  )
 (no restraints)
	Quit

Exiting LEaP: Errors = 0; Warnings = 0; Notes = 0.
====== min.o =========================================================
Reading parm file (8LU.parm7)
title:
8LU                                                                             
no velocities were found
no velocities were found
	mm_options:  ntpr=5
	mm_options:  gb=1
	mm_options:  kappa=0.10395
	mm_options:  rgbmax=99.
	mm_options:  cut=99.0
	mm_options:  wcons=0.
     bond:      6.913865349
    angle:      9.730370092
 dihedral:     24.277781862
    enb14:     25.816407414
    eel14:    -26.884616710
      enb:      2.766832482
      eel:     -9.622445267
      egb:    -33.481930796
    econs:      0.000000000
    esurf:      0.000000000
    Total:     -0.483735573
     frms:     12.281615472
Starting TNCG minimisation
 MIN: Iter =    0  NFunc =     1  E =      -0.48374  RMSG = 1.2281615e+01
 MIN: Iter =    1  NFunc =     7  E =     -19.45761  RMSG = 2.7809192e+00
 MIN: Iter =    2  NFunc =    18  E =     -24.71859  RMSG = 1.3064179e+00
 MIN: Iter =    3  NFunc =    28  E =     -26.53890  RMSG = 8.4526012e-01
 MIN: Iter =    4  NFunc =    47  E =     -27.23509  RMSG = 3.3149003e-01
 MIN: Iter =    5  NFunc =    66  E =     -27.43048  RMSG = 2.9678240e-01
 MIN: Iter =    6  NFunc =   117  E =     -27.60280  RMSG = 2.6281547e-01
 MIN: Iter =    7  NFunc =   134  E =     -27.67888  RMSG = 1.9843519e-01
 MIN: Iter =    8  NFunc =   185  E =     -27.75725  RMSG = 2.7633860e-01
 MIN: Iter =    9  NFunc =   191  E =     -27.84272  RMSG = 3.0379361e-01
 MIN: Iter =   10  NFunc =   197  E =     -27.93758  RMSG = 2.8070687e-01
 MIN: Iter =   11  NFunc =   203  E =     -28.03611  RMSG = 2.8660459e-01
 MIN: Iter =   12  NFunc =   209  E =     -28.13284  RMSG = 2.6012792e-01
 MIN: Iter =   13  NFunc =   215  E =     -28.22042  RMSG = 2.3081222e-01
 MIN: Iter =   14  NFunc =   221  E =     -28.28572  RMSG = 2.2219271e-01
 MIN: Iter =   15  NFunc =   231  E =     -28.33232  RMSG = 1.5867564e-01
 MIN: Iter =   16  NFunc =   268  E =     -28.42887  RMSG = 2.2162768e-01
 MIN: Iter =   17  NFunc =   274  E =     -28.44681  RMSG = 1.1754861e-01
 MIN: Iter =   18  NFunc =   300  E =     -28.49821  RMSG = 1.7111226e-01
 MIN: Iter =   19  NFunc =   306  E =     -28.50809  RMSG = 6.3508291e-02
 MIN: Iter =   20  NFunc =   341  E =     -28.52084  RMSG = 5.6774104e-02
 MIN: Iter =   21  NFunc =   347  E =     -28.52193  RMSG = 3.1413928e-02
 MIN: Iter =   22  NFunc =   391  E =     -28.53126  RMSG = 6.7711763e-02
 MIN: Iter =   23  NFunc =   408  E =     -28.53372  RMSG = 2.2885137e-02
 MIN: Iter =   24  NFunc =   459  E =     -28.53698  RMSG = 2.4917216e-02
 MIN: Iter =   25  NFunc =   497  E =     -28.53983  RMSG = 2.2406174e-02
 MIN: Iter =   26  NFunc =   528  E =     -28.54149  RMSG = 1.4131873e-02
 MIN: Iter =   27  NFunc =   567  E =     -28.54257  RMSG = 1.1432315e-02
 MIN: Iter =   28  NFunc =   612  E =     -28.54345  RMSG = 1.2275130e-02
 MIN: Iter =   29  NFunc =   659  E =     -28.54402  RMSG = 1.0495920e-02
 MIN: Iter =   30  NFunc =   667  E =     -28.54407  RMSG = 4.4259343e-03
 MIN: Iter =   31  NFunc =   718  E =     -28.54449  RMSG = 1.1555092e-02
 MIN: Iter =   32  NFunc =   769  E =     -28.54488  RMSG = 1.0883514e-02
 MIN: Iter =   33  NFunc =   810  E =     -28.54515  RMSG = 4.1148105e-03
 MIN: Iter =   34  NFunc =   861  E =     -28.54533  RMSG = 7.2362357e-03
 MIN: Iter =   35  NFunc =   876  E =     -28.54539  RMSG = 4.1159934e-03
 MIN: Iter =   36  NFunc =   920  E =     -28.54545  RMSG = 1.9673406e-03
 MIN: Iter =   37  NFunc =   971  E =     -28.54547  RMSG = 1.8513926e-03
 MIN: Iter =   38  NFunc =  1008  E =     -28.54549  RMSG = 1.0181093e-03
 MIN: Iter =   39  NFunc =  1059  E =     -28.54550  RMSG = 1.3932159e-03
 MIN: Iter =   40  NFunc =  1110  E =     -28.54551  RMSG = 1.2110231e-03
 MIN: Iter =   41  NFunc =  1130  E =     -28.54552  RMSG = 7.6940647e-04
 MIN: Iter =   42  NFunc =  1159  E =     -28.54552  RMSG = 4.2865841e-04
----------------------------------------------------------------
 END:          :-)  E =     -28.54552  RMSG =   0.0004287

     bond:      2.753723907
    angle:      6.682325194
 dihedral:     24.572709432
    enb14:     17.146298108
    eel14:    -31.855035412
      enb:     -6.013785133
      eel:     -4.778989310
      egb:    -37.052765796
    econs:      0.000000000
    esurf:      0.000000000
    Total:    -28.545519011
     frms:      0.000428658
====== rms.dat  ======================================================
#Frame      all_heavy
       1       0.4861
