====== tleap.out =====================================================
-I: Adding /home/case/amber24/dat/leap/prep to search path.
-I: Adding /home/case/amber24/dat/leap/lib to search path.
-I: Adding /home/case/amber24/dat/leap/parm to search path.
-I: Adding /home/case/amber24/dat/leap/cmd to search path.
-f: Source leap.in.

Welcome to LEaP!
(no leaprc in search path)
Sourcing: ./leap.in
Using Bondi radii
----- Source: /home/case/amber24/dat/leap/cmd/leaprc.gaff2
----- Source of /home/case/amber24/dat/leap/cmd/leaprc.gaff2 done
Log file: ./leap.log
Loading parameters: /home/case/amber24/dat/leap/parm/gaff2.dat
Reading title:
AMBER General Force Field for organic molecules (Version 2.2.20, March 2021)
Loading parameters: ./8O8.frcmod
Reading force field modification type file (frcmod)
Reading title:
Remark line goes here
Loading Mol2 file: ./8O8.mol2
Reading MOLECULE named 8O8
Checking Unit.
Building topology.
"order_residues" off: keep input residue order.
Building atom parameters.
Building bond parameters.
Building angle parameters.
Building proper torsion parameters.
Building improper torsion parameters.
 total 17 improper torsions applied
Building H-Bond parameters.
Incorporating Non-Bonded adjustments.
Not Marking per-residue atom chain types.
Marking per-residue atom chain types.
  (Residues lacking connect0/connect1 - 
   these don't have chain types marked:

	res	total affected

	8O8	1
  )
 (no restraints)
	Quit

Exiting LEaP: Errors = 0; Warnings = 0; Notes = 0.
====== min.o =========================================================
Reading parm file (8O8.parm7)
title:
8O8                                                                             
no velocities were found
no velocities were found
	mm_options:  ntpr=5
	mm_options:  gb=1
	mm_options:  kappa=0.10395
	mm_options:  rgbmax=99.
	mm_options:  cut=99.0
	mm_options:  wcons=0.
     bond:      3.648116879
    angle:      8.292029583
 dihedral:     29.527055243
    enb14:     14.212924620
    eel14:    -20.487446927
      enb:     -6.712391237
      eel:      2.168956834
      egb:    -18.496417412
    econs:      0.000000000
    esurf:      0.000000000
    Total:     12.152827582
     frms:     11.778788066
Starting TNCG minimisation
 MIN: Iter =    0  NFunc =     1  E =      12.15283  RMSG = 1.1778788e+01
 MIN: Iter =    1  NFunc =     7  E =       2.46839  RMSG = 1.8728404e+00
 MIN: Iter =    2  NFunc =    18  E =       1.10728  RMSG = 6.8939812e-01
 MIN: Iter =    3  NFunc =    44  E =       0.69027  RMSG = 9.0597637e-01
 MIN: Iter =    4  NFunc =    50  E =       0.60306  RMSG = 2.2162004e-01
 MIN: Iter =    5  NFunc =    64  E =       0.56446  RMSG = 1.2703738e-01
 MIN: Iter =    6  NFunc =    95  E =       0.51215  RMSG = 1.2934628e-01
 MIN: Iter =    7  NFunc =   146  E =       0.47079  RMSG = 2.7473602e-01
 MIN: Iter =    8  NFunc =   156  E =       0.44505  RMSG = 1.1858768e-01
 MIN: Iter =    9  NFunc =   181  E =       0.41962  RMSG = 2.2631674e-01
 MIN: Iter =   10  NFunc =   187  E =       0.41404  RMSG = 5.0954855e-02
 MIN: Iter =   11  NFunc =   226  E =       0.40647  RMSG = 5.6498027e-02
 MIN: Iter =   12  NFunc =   234  E =       0.40592  RMSG = 2.0828214e-02
 MIN: Iter =   13  NFunc =   253  E =       0.40542  RMSG = 9.7351210e-03
 MIN: Iter =   14  NFunc =   266  E =       0.40535  RMSG = 5.5324870e-03
 MIN: Iter =   15  NFunc =   280  E =       0.40532  RMSG = 2.8872168e-03
 MIN: Iter =   16  NFunc =   296  E =       0.40531  RMSG = 1.7851289e-03
 MIN: Iter =   17  NFunc =   333  E =       0.40530  RMSG = 9.2969431e-04
 MIN: Iter =   18  NFunc =   355  E =       0.40530  RMSG = 6.1393419e-04
 MIN: Iter =   19  NFunc =   405  E =       0.40530  RMSG = 4.1679854e-04
----------------------------------------------------------------
 END:          :-)  E =       0.40530  RMSG =   0.0004168

     bond:      1.970348769
    angle:      4.957849138
 dihedral:     27.624429375
    enb14:     11.424473475
    eel14:    -20.516107793
      enb:     -8.017876498
      eel:      2.549984418
      egb:    -19.587803416
    econs:      0.000000000
    esurf:      0.000000000
    Total:      0.405297466
     frms:      0.000416799
====== rms.dat  ======================================================
#Frame      all_heavy
       1       0.2002
