====== tleap.out =====================================================
-I: Adding /home/case/amber24/dat/leap/prep to search path.
-I: Adding /home/case/amber24/dat/leap/lib to search path.
-I: Adding /home/case/amber24/dat/leap/parm to search path.
-I: Adding /home/case/amber24/dat/leap/cmd to search path.
-f: Source leap.in.

Welcome to LEaP!
(no leaprc in search path)
Sourcing: ./leap.in
Using Bondi radii
----- Source: /home/case/amber24/dat/leap/cmd/leaprc.gaff2
----- Source of /home/case/amber24/dat/leap/cmd/leaprc.gaff2 done
Log file: ./leap.log
Loading parameters: /home/case/amber24/dat/leap/parm/gaff2.dat
Reading title:
AMBER General Force Field for organic molecules (Version 2.2.20, March 2021)
Loading parameters: ./8PQ.frcmod
Reading force field modification type file (frcmod)
Reading title:
Remark line goes here
Loading Mol2 file: ./8PQ.mol2
Reading MOLECULE named 8PQ
Checking Unit.
Building topology.
"order_residues" off: keep input residue order.
Building atom parameters.
Building bond parameters.
Building angle parameters.
Building proper torsion parameters.
Building improper torsion parameters.
 total 4 improper torsions applied
Building H-Bond parameters.
Incorporating Non-Bonded adjustments.
Not Marking per-residue atom chain types.
Marking per-residue atom chain types.
  (Residues lacking connect0/connect1 - 
   these don't have chain types marked:

	res	total affected

	8PQ	1
  )
 (no restraints)
	Quit

Exiting LEaP: Errors = 0; Warnings = 0; Notes = 0.
====== min.o =========================================================
Reading parm file (8PQ.parm7)
title:
8PQ                                                                             
no velocities were found
no velocities were found
	mm_options:  ntpr=5
	mm_options:  gb=1
	mm_options:  kappa=0.10395
	mm_options:  rgbmax=99.
	mm_options:  cut=99.0
	mm_options:  wcons=0.
     bond:      1.214916470
    angle:     10.902849381
 dihedral:      0.002917698
    enb14:     -0.083209309
    eel14:     -4.963442905
      enb:     -0.768374636
      eel:     -0.067276811
      egb:    -10.977030112
    econs:      0.000000000
    esurf:      0.000000000
    Total:     -4.738650223
     frms:     12.389169607
Starting TNCG minimisation
 MIN: Iter =    0  NFunc =     1  E =      -4.73865  RMSG = 1.2389170e+01
 MIN: Iter =    1  NFunc =     7  E =      -8.58967  RMSG = 1.7018886e+00
 MIN: Iter =    2  NFunc =    13  E =      -9.13763  RMSG = 8.8996981e-01
 MIN: Iter =    3  NFunc =    19  E =      -9.22583  RMSG = 4.4815753e-01
 MIN: Iter =    4  NFunc =    25  E =      -9.24195  RMSG = 1.3770004e-01
 MIN: Iter =    5  NFunc =    32  E =      -9.24270  RMSG = 3.1215502e-02
 MIN: Iter =    6  NFunc =    56  E =      -9.24460  RMSG = 1.8106039e-01
 MIN: Iter =    7  NFunc =    62  E =      -9.24559  RMSG = 2.7288328e-02
 MIN: Iter =    8  NFunc =    71  E =      -9.24580  RMSG = 1.2080615e-02
 MIN: Iter =    9  NFunc =    97  E =      -9.24655  RMSG = 4.7841347e-02
 MIN: Iter =   10  NFunc =   108  E =      -9.24726  RMSG = 9.1310836e-02
 MIN: Iter =   11  NFunc =   114  E =      -9.24761  RMSG = 2.1349484e-02
 MIN: Iter =   12  NFunc =   120  E =      -9.24769  RMSG = 2.0763412e-02
 MIN: Iter =   13  NFunc =   128  E =      -9.24774  RMSG = 9.1644905e-03
 MIN: Iter =   14  NFunc =   149  E =      -9.24798  RMSG = 4.9000116e-02
 MIN: Iter =   15  NFunc =   155  E =      -9.24804  RMSG = 7.4790784e-03
 MIN: Iter =   16  NFunc =   164  E =      -9.24805  RMSG = 3.6227101e-03
 MIN: Iter =   17  NFunc =   172  E =      -9.24806  RMSG = 2.5714573e-03
 MIN: Iter =   18  NFunc =   179  E =      -9.24806  RMSG = 1.6516716e-03
 MIN: Iter =   19  NFunc =   194  E =      -9.24806  RMSG = 1.6907815e-03
 MIN: Iter =   20  NFunc =   200  E =      -9.24806  RMSG = 6.5759104e-04
 MIN: Iter =   21  NFunc =   209  E =      -9.24806  RMSG = 2.1955159e-04
----------------------------------------------------------------
 END:          :-)  E =      -9.24806  RMSG =   0.0002196

     bond:      0.776333367
    angle:      7.601954072
 dihedral:      0.000000006
    enb14:     -0.100799705
    eel14:     -4.953967341
      enb:     -0.740204343
      eel:     -0.099952304
      egb:    -11.731425854
    econs:      0.000000000
    esurf:      0.000000000
    Total:     -9.248062102
     frms:      0.000219552
====== rms.dat  ======================================================
#Frame      all_heavy
       1       0.0553
