====== tleap.out =====================================================
-I: Adding /home/case/amber24/dat/leap/prep to search path.
-I: Adding /home/case/amber24/dat/leap/lib to search path.
-I: Adding /home/case/amber24/dat/leap/parm to search path.
-I: Adding /home/case/amber24/dat/leap/cmd to search path.
-f: Source leap.in.

Welcome to LEaP!
(no leaprc in search path)
Sourcing: ./leap.in
Using Bondi radii
----- Source: /home/case/amber24/dat/leap/cmd/leaprc.gaff2
----- Source of /home/case/amber24/dat/leap/cmd/leaprc.gaff2 done
Log file: ./leap.log
Loading parameters: /home/case/amber24/dat/leap/parm/gaff2.dat
Reading title:
AMBER General Force Field for organic molecules (Version 2.2.20, March 2021)
Loading parameters: ./8PT.frcmod
Reading force field modification type file (frcmod)
Reading title:
Remark line goes here
Loading Mol2 file: ./8PT.mol2
Reading MOLECULE named 8PT
Checking Unit.
Building topology.
"order_residues" off: keep input residue order.
Building atom parameters.
Building bond parameters.
Building angle parameters.
Building proper torsion parameters.
Building improper torsion parameters.
 total 15 improper torsions applied
Building H-Bond parameters.
Incorporating Non-Bonded adjustments.
Not Marking per-residue atom chain types.
Marking per-residue atom chain types.
  (Residues lacking connect0/connect1 - 
   these don't have chain types marked:

	res	total affected

	8PT	1
  )
 (no restraints)
	Quit

Exiting LEaP: Errors = 0; Warnings = 0; Notes = 0.
====== min.o =========================================================
Reading parm file (8PT.parm7)
title:
8PT                                                                             
no velocities were found
no velocities were found
	mm_options:  ntpr=5
	mm_options:  gb=1
	mm_options:  kappa=0.10395
	mm_options:  rgbmax=99.
	mm_options:  cut=99.0
	mm_options:  wcons=0.
     bond:      3.333589208
    angle:     20.706415881
 dihedral:      8.158620258
    enb14:     20.132501326
    eel14:   -206.152588769
      enb:     -1.165166461
      eel:     81.968748191
      egb:    -29.768619830
    econs:      0.000000000
    esurf:      0.000000000
    Total:   -102.786500197
     frms:     10.456356064
Starting TNCG minimisation
 MIN: Iter =    0  NFunc =     1  E =    -102.78650  RMSG = 1.0456356e+01
 MIN: Iter =    1  NFunc =     7  E =    -114.97934  RMSG = 2.5113719e+00
 MIN: Iter =    2  NFunc =    16  E =    -117.83876  RMSG = 1.0642090e+00
 MIN: Iter =    3  NFunc =    28  E =    -119.05279  RMSG = 5.5907941e-01
 MIN: Iter =    4  NFunc =    42  E =    -119.42308  RMSG = 3.2238136e-01
 MIN: Iter =    5  NFunc =    76  E =    -119.75433  RMSG = 4.5467871e-01
 MIN: Iter =    6  NFunc =    90  E =    -119.84224  RMSG = 1.6776262e-01
 MIN: Iter =    7  NFunc =   136  E =    -119.93351  RMSG = 3.0707441e-01
 MIN: Iter =    8  NFunc =   142  E =    -119.94972  RMSG = 9.0694142e-02
 MIN: Iter =    9  NFunc =   162  E =    -119.95771  RMSG = 3.6803008e-02
 MIN: Iter =   10  NFunc =   208  E =    -119.96821  RMSG = 6.0250296e-02
 MIN: Iter =   11  NFunc =   245  E =    -119.97433  RMSG = 4.4134861e-02
 MIN: Iter =   12  NFunc =   253  E =    -119.97489  RMSG = 1.7166640e-02
 MIN: Iter =   13  NFunc =   296  E =    -119.97647  RMSG = 1.9064505e-02
 MIN: Iter =   14  NFunc =   305  E =    -119.97660  RMSG = 8.7760438e-03
 MIN: Iter =   15  NFunc =   351  E =    -119.97692  RMSG = 4.5923670e-03
 MIN: Iter =   16  NFunc =   402  E =    -119.97712  RMSG = 4.5312029e-03
 MIN: Iter =   17  NFunc =   432  E =    -119.97717  RMSG = 2.8448451e-03
 MIN: Iter =   18  NFunc =   483  E =    -119.97721  RMSG = 2.4850993e-03
 MIN: Iter =   19  NFunc =   534  E =    -119.97725  RMSG = 2.4950935e-03
 MIN: Iter =   20  NFunc =   555  E =    -119.97726  RMSG = 1.7784192e-03
 MIN: Iter =   21  NFunc =   572  E =    -119.97727  RMSG = 1.4858882e-03
 MIN: Iter =   22  NFunc =   594  E =    -119.97728  RMSG = 8.4915901e-04
 MIN: Iter =   23  NFunc =   628  E =    -119.97728  RMSG = 4.9494085e-04
----------------------------------------------------------------
 END:          :-)  E =    -119.97728  RMSG =   0.0004949

     bond:      2.750388443
    angle:     15.267941776
 dihedral:      8.577139372
    enb14:     14.099867399
    eel14:   -203.349617223
      enb:     -5.376000085
      eel:     80.440844395
      egb:    -32.387842161
    econs:      0.000000000
    esurf:      0.000000000
    Total:   -119.977278083
     frms:      0.000494941
====== rms.dat  ======================================================
#Frame      all_heavy
       1       0.1993
