====== tleap.out =====================================================
-I: Adding /home/case/amber24/dat/leap/prep to search path.
-I: Adding /home/case/amber24/dat/leap/lib to search path.
-I: Adding /home/case/amber24/dat/leap/parm to search path.
-I: Adding /home/case/amber24/dat/leap/cmd to search path.
-f: Source leap.in.

Welcome to LEaP!
(no leaprc in search path)
Sourcing: ./leap.in
Using Bondi radii
----- Source: /home/case/amber24/dat/leap/cmd/leaprc.gaff2
----- Source of /home/case/amber24/dat/leap/cmd/leaprc.gaff2 done
Log file: ./leap.log
Loading parameters: /home/case/amber24/dat/leap/parm/gaff2.dat
Reading title:
AMBER General Force Field for organic molecules (Version 2.2.20, March 2021)
Loading parameters: ./8RD.frcmod
Reading force field modification type file (frcmod)
Reading title:
Remark line goes here
Loading Mol2 file: ./8RD.mol2
Reading MOLECULE named 8RD
Checking Unit.
Building topology.
"order_residues" off: keep input residue order.
Building atom parameters.
Building bond parameters.
Building angle parameters.
Building proper torsion parameters.
Building improper torsion parameters.
 total 19 improper torsions applied
Building H-Bond parameters.
Incorporating Non-Bonded adjustments.
Not Marking per-residue atom chain types.
Marking per-residue atom chain types.
  (Residues lacking connect0/connect1 - 
   these don't have chain types marked:

	res	total affected

	8RD	1
  )
 (no restraints)
	Quit

Exiting LEaP: Errors = 0; Warnings = 0; Notes = 0.
====== min.o =========================================================
Reading parm file (8RD.parm7)
title:
8RD                                                                             
no velocities were found
no velocities were found
	mm_options:  ntpr=5
	mm_options:  gb=1
	mm_options:  kappa=0.10395
	mm_options:  rgbmax=99.
	mm_options:  cut=99.0
	mm_options:  wcons=0.
     bond:      5.075837344
    angle:     39.734161394
 dihedral:     35.297219311
    enb14:     15.646989005
    eel14:     95.451279733
      enb:     -6.829742222
      eel:    -45.085063467
      egb:    -32.231621598
    econs:      0.000000000
    esurf:      0.000000000
    Total:    107.059059500
     frms:     14.049230220
Starting TNCG minimisation
 MIN: Iter =    0  NFunc =     1  E =     107.05906  RMSG = 1.4049230e+01
 MIN: Iter =    1  NFunc =     7  E =      85.94291  RMSG = 3.0367574e+00
 MIN: Iter =    2  NFunc =    16  E =      81.32738  RMSG = 1.3957151e+00
 MIN: Iter =    3  NFunc =    23  E =      80.30320  RMSG = 1.0331158e+00
 MIN: Iter =    4  NFunc =    40  E =      78.93101  RMSG = 7.2657751e-01
 MIN: Iter =    5  NFunc =    51  E =      78.43703  RMSG = 4.6454850e-01
 MIN: Iter =    6  NFunc =   102  E =      77.82950  RMSG = 4.4404238e-01
 MIN: Iter =    7  NFunc =   128  E =      77.28151  RMSG = 4.4784541e-01
 MIN: Iter =    8  NFunc =   141  E =      76.76234  RMSG = 4.4592986e-01
 MIN: Iter =    9  NFunc =   152  E =      76.26310  RMSG = 4.3043911e-01
 MIN: Iter =   10  NFunc =   159  E =      75.84728  RMSG = 4.1974906e-01
 MIN: Iter =   11  NFunc =   165  E =      75.51124  RMSG = 4.0229714e-01
 MIN: Iter =   12  NFunc =   171  E =      75.25166  RMSG = 3.8141324e-01
 MIN: Iter =   13  NFunc =   177  E =      75.05544  RMSG = 3.4474590e-01
 MIN: Iter =   14  NFunc =   183  E =      74.90590  RMSG = 2.5027091e-01
 MIN: Iter =   15  NFunc =   210  E =      74.67860  RMSG = 4.4780156e-01
 MIN: Iter =   16  NFunc =   223  E =      74.53625  RMSG = 2.5950053e-01
 MIN: Iter =   17  NFunc =   237  E =      74.44727  RMSG = 3.8035588e-01
 MIN: Iter =   18  NFunc =   245  E =      74.35106  RMSG = 3.4232418e-01
 MIN: Iter =   19  NFunc =   251  E =      74.25589  RMSG = 5.0711314e-01
 MIN: Iter =   20  NFunc =   258  E =      74.12510  RMSG = 5.6165213e-01
 MIN: Iter =   21  NFunc =   264  E =      73.95155  RMSG = 6.2959559e-01
 MIN: Iter =   22  NFunc =   270  E =      73.70233  RMSG = 6.3170041e-01
 MIN: Iter =   23  NFunc =   276  E =      73.42715  RMSG = 5.9332685e-01
 MIN: Iter =   24  NFunc =   304  E =      72.85175  RMSG = 6.7310129e-01
 MIN: Iter =   25  NFunc =   314  E =      72.51002  RMSG = 5.3921831e-01
 MIN: Iter =   26  NFunc =   321  E =      72.25631  RMSG = 4.0686209e-01
 MIN: Iter =   27  NFunc =   328  E =      72.15665  RMSG = 2.3081492e-01
 MIN: Iter =   28  NFunc =   379  E =      71.89732  RMSG = 5.2339447e-01
 MIN: Iter =   29  NFunc =   389  E =      71.69098  RMSG = 4.1158126e-01
 MIN: Iter =   30  NFunc =   397  E =      71.53156  RMSG = 3.8364852e-01
 MIN: Iter =   31  NFunc =   403  E =      71.40754  RMSG = 3.7331411e-01
 MIN: Iter =   32  NFunc =   409  E =      71.27808  RMSG = 3.8088015e-01
 MIN: Iter =   33  NFunc =   415  E =      71.19318  RMSG = 2.8888560e-01
 MIN: Iter =   34  NFunc =   429  E =      71.10671  RMSG = 3.1498071e-01
 MIN: Iter =   35  NFunc =   437  E =      71.07181  RMSG = 1.3095500e-01
 MIN: Iter =   36  NFunc =   454  E =      71.04555  RMSG = 3.0686184e-01
 MIN: Iter =   37  NFunc =   460  E =      71.02800  RMSG = 1.0027455e-01
 MIN: Iter =   38  NFunc =   511  E =      70.94500  RMSG = 2.1078347e-01
 MIN: Iter =   39  NFunc =   540  E =      70.85350  RMSG = 4.0510324e-01
 MIN: Iter =   40  NFunc =   546  E =      70.81781  RMSG = 1.5039707e-01
 MIN: Iter =   41  NFunc =   571  E =      70.76830  RMSG = 2.9666186e-01
 MIN: Iter =   42  NFunc =   577  E =      70.75154  RMSG = 1.0187175e-01
 MIN: Iter =   43  NFunc =   603  E =      70.73465  RMSG = 8.0171790e-02
 MIN: Iter =   44  NFunc =   623  E =      70.72862  RMSG = 4.1152357e-02
 MIN: Iter =   45  NFunc =   674  E =      70.72120  RMSG = 1.1074047e-01
 MIN: Iter =   46  NFunc =   680  E =      70.71926  RMSG = 2.2686646e-02
 MIN: Iter =   47  NFunc =   711  E =      70.71734  RMSG = 2.1571496e-02
 MIN: Iter =   48  NFunc =   762  E =      70.71652  RMSG = 1.0997848e-02
 MIN: Iter =   49  NFunc =   805  E =      70.71595  RMSG = 1.7008560e-02
 MIN: Iter =   50  NFunc =   856  E =      70.71525  RMSG = 1.2813021e-02
 MIN: Iter =   51  NFunc =   903  E =      70.71409  RMSG = 2.0071607e-02
 MIN: Iter =   52  NFunc =   954  E =      70.71332  RMSG = 1.1924476e-02
 MIN: Iter =   53  NFunc =   973  E =      70.71316  RMSG = 5.3400873e-03
 MIN: Iter =   54  NFunc =   993  E =      70.71312  RMSG = 2.6775187e-03
 MIN: Iter =   55  NFunc =  1044  E =      70.71309  RMSG = 2.4432097e-03
 MIN: Iter =   56  NFunc =  1068  E =      70.71307  RMSG = 1.7300321e-03
 MIN: Iter =   57  NFunc =  1119  E =      70.71304  RMSG = 2.0131829e-03
 MIN: Iter =   58  NFunc =  1151  E =      70.71302  RMSG = 1.3840298e-03
 MIN: Iter =   59  NFunc =  1198  E =      70.71302  RMSG = 8.3257543e-04
 MIN: Iter =   60  NFunc =  1210  E =      70.71302  RMSG = 4.8525296e-04
----------------------------------------------------------------
 END:          :-)  E =      70.71302  RMSG =   0.0004853

     bond:      5.254065956
    angle:     32.953097783
 dihedral:     10.314699240
    enb14:     10.916318705
    eel14:     91.719925852
      enb:     -1.513218169
      eel:    -46.649454078
      egb:    -32.282419626
    econs:      0.000000000
    esurf:      0.000000000
    Total:     70.713015663
     frms:      0.000485253
====== rms.dat  ======================================================
#Frame      all_heavy
       1       1.2460
