====== tleap.out =====================================================
-I: Adding /home/case/amber24/dat/leap/prep to search path.
-I: Adding /home/case/amber24/dat/leap/lib to search path.
-I: Adding /home/case/amber24/dat/leap/parm to search path.
-I: Adding /home/case/amber24/dat/leap/cmd to search path.
-f: Source leap.in.

Welcome to LEaP!
(no leaprc in search path)
Sourcing: ./leap.in
Using Bondi radii
----- Source: /home/case/amber24/dat/leap/cmd/leaprc.gaff2
----- Source of /home/case/amber24/dat/leap/cmd/leaprc.gaff2 done
Log file: ./leap.log
Loading parameters: /home/case/amber24/dat/leap/parm/gaff2.dat
Reading title:
AMBER General Force Field for organic molecules (Version 2.2.20, March 2021)
Loading parameters: ./8SH.frcmod
Reading force field modification type file (frcmod)
Reading title:
Remark line goes here
Loading Mol2 file: ./8SH.mol2
Reading MOLECULE named 8SH
Checking Unit.
Building topology.
"order_residues" off: keep input residue order.
Building atom parameters.
Building bond parameters.
Building angle parameters.
Building proper torsion parameters.
Building improper torsion parameters.
 total 6 improper torsions applied
Building H-Bond parameters.
Incorporating Non-Bonded adjustments.
Not Marking per-residue atom chain types.
Marking per-residue atom chain types.
  (Residues lacking connect0/connect1 - 
   these don't have chain types marked:

	res	total affected

	8SH	1
  )
 (no restraints)
	Quit

Exiting LEaP: Errors = 0; Warnings = 0; Notes = 0.
====== min.o =========================================================
Reading parm file (8SH.parm7)
title:
8SH                                                                             
no velocities were found
no velocities were found
	mm_options:  ntpr=5
	mm_options:  gb=1
	mm_options:  kappa=0.10395
	mm_options:  rgbmax=99.
	mm_options:  cut=99.0
	mm_options:  wcons=0.
     bond:      1.186493851
    angle:      2.099462259
 dihedral:     30.379806556
    enb14:      5.861538484
    eel14:   -130.136041204
      enb:     -3.776059798
      eel:     53.808315056
      egb:    -13.174547181
    econs:      0.000000000
    esurf:      0.000000000
    Total:    -53.751031977
     frms:      5.906559247
Starting TNCG minimisation
 MIN: Iter =    0  NFunc =     1  E =     -53.75103  RMSG = 5.9065592e+00
 MIN: Iter =    1  NFunc =     7  E =     -57.66387  RMSG = 1.7234050e+00
 MIN: Iter =    2  NFunc =    15  E =     -58.99516  RMSG = 1.1576028e+00
 MIN: Iter =    3  NFunc =    30  E =     -60.03367  RMSG = 1.3721934e+00
 MIN: Iter =    4  NFunc =    38  E =     -60.48779  RMSG = 6.6177730e-01
 MIN: Iter =    5  NFunc =    67  E =     -61.01754  RMSG = 1.8082659e+00
 MIN: Iter =    6  NFunc =    73  E =     -61.47999  RMSG = 6.5411120e-01
 MIN: Iter =    7  NFunc =   124  E =     -62.13081  RMSG = 1.3550110e+00
 MIN: Iter =    8  NFunc =   130  E =     -62.77177  RMSG = 1.6893404e+00
 MIN: Iter =    9  NFunc =   136  E =     -63.55411  RMSG = 1.2213827e+00
 MIN: Iter =   10  NFunc =   142  E =     -63.99824  RMSG = 8.9329635e-01
 MIN: Iter =   11  NFunc =   153  E =     -64.24887  RMSG = 4.8755678e-01
 MIN: Iter =   12  NFunc =   166  E =     -64.39839  RMSG = 3.8420244e-01
 MIN: Iter =   13  NFunc =   178  E =     -64.46793  RMSG = 2.4632427e-01
 MIN: Iter =   14  NFunc =   186  E =     -64.49263  RMSG = 1.4198736e-01
 MIN: Iter =   15  NFunc =   238  E =     -64.54491  RMSG = 2.0853074e-01
 MIN: Iter =   16  NFunc =   262  E =     -64.58721  RMSG = 3.1005736e-01
 MIN: Iter =   17  NFunc =   274  E =     -64.65146  RMSG = 8.1038947e-01
 MIN: Iter =   18  NFunc =   281  E =     -64.79011  RMSG = 3.3158028e-01
 MIN: Iter =   19  NFunc =   297  E =     -64.93550  RMSG = 9.5090995e-01
 MIN: Iter =   20  NFunc =   305  E =     -65.27523  RMSG = 9.1005402e-01
 MIN: Iter =   21  NFunc =   311  E =     -65.65388  RMSG = 1.1930348e+00
 MIN: Iter =   22  NFunc =   317  E =     -66.14905  RMSG = 1.1740480e+00
 MIN: Iter =   23  NFunc =   323  E =     -66.67104  RMSG = 1.0235246e+00
 MIN: Iter =   24  NFunc =   329  E =     -66.92549  RMSG = 4.7186204e-01
 MIN: Iter =   25  NFunc =   338  E =     -67.11133  RMSG = 4.3136614e-01
 MIN: Iter =   26  NFunc =   364  E =     -67.25305  RMSG = 3.7045933e-01
 MIN: Iter =   27  NFunc =   377  E =     -67.34700  RMSG = 4.0883148e-01
 MIN: Iter =   28  NFunc =   385  E =     -67.38085  RMSG = 1.4086274e-01
 MIN: Iter =   29  NFunc =   423  E =     -67.47326  RMSG = 4.4946514e-01
 MIN: Iter =   30  NFunc =   430  E =     -67.51342  RMSG = 1.8387015e-01
 MIN: Iter =   31  NFunc =   447  E =     -67.56715  RMSG = 4.8313842e-01
 MIN: Iter =   32  NFunc =   453  E =     -67.60765  RMSG = 2.1245889e-01
 MIN: Iter =   33  NFunc =   464  E =     -67.64051  RMSG = 4.8987779e-01
 MIN: Iter =   34  NFunc =   470  E =     -67.67448  RMSG = 2.2085236e-01
 MIN: Iter =   35  NFunc =   477  E =     -67.69227  RMSG = 1.7736427e-01
 MIN: Iter =   36  NFunc =   483  E =     -67.70888  RMSG = 3.3799008e-01
 MIN: Iter =   37  NFunc =   489  E =     -67.73539  RMSG = 1.3845366e-01
 MIN: Iter =   38  NFunc =   518  E =     -67.78287  RMSG = 6.1048936e-01
 MIN: Iter =   39  NFunc =   524  E =     -67.87897  RMSG = 2.9814058e-01
 MIN: Iter =   40  NFunc =   530  E =     -67.95226  RMSG = 6.1460539e-01
 MIN: Iter =   41  NFunc =   536  E =     -68.07303  RMSG = 3.9645655e-01
 MIN: Iter =   42  NFunc =   542  E =     -68.16632  RMSG = 6.3464694e-01
 MIN: Iter =   43  NFunc =   548  E =     -68.31079  RMSG = 5.1289239e-01
 MIN: Iter =   44  NFunc =   561  E =     -68.52307  RMSG = 7.6114495e-01
 MIN: Iter =   45  NFunc =   568  E =     -68.85462  RMSG = 1.0015840e+00
 MIN: Iter =   46  NFunc =   574  E =     -69.27172  RMSG = 1.0100010e+00
 MIN: Iter =   47  NFunc =   580  E =     -69.78836  RMSG = 1.0801091e+00
 MIN: Iter =   48  NFunc =   586  E =     -70.30560  RMSG = 9.6711084e-01
 MIN: Iter =   49  NFunc =   593  E =     -70.61282  RMSG = 4.6792194e-01
 MIN: Iter =   50  NFunc =   600  E =     -70.75394  RMSG = 4.2808033e-01
 MIN: Iter =   51  NFunc =   611  E =     -70.90068  RMSG = 4.5510638e-01
 MIN: Iter =   52  NFunc =   620  E =     -70.96240  RMSG = 2.0423481e-01
 MIN: Iter =   53  NFunc =   632  E =     -71.00905  RMSG = 2.3799632e-01
 MIN: Iter =   54  NFunc =   660  E =     -71.05474  RMSG = 1.9329527e-01
 MIN: Iter =   55  NFunc =   712  E =     -71.08198  RMSG = 2.3943920e-01
 MIN: Iter =   56  NFunc =   719  E =     -71.10963  RMSG = 2.8356212e-01
 MIN: Iter =   57  NFunc =   725  E =     -71.12874  RMSG = 1.3912764e-01
 MIN: Iter =   58  NFunc =   752  E =     -71.15320  RMSG = 1.5811883e-01
 MIN: Iter =   59  NFunc =   765  E =     -71.18460  RMSG = 3.6942799e-01
 MIN: Iter =   60  NFunc =   771  E =     -71.20095  RMSG = 9.4019773e-02
 MIN: Iter =   61  NFunc =   777  E =     -71.20373  RMSG = 5.7455995e-02
 MIN: Iter =   62  NFunc =   794  E =     -71.21343  RMSG = 7.4130485e-02
 MIN: Iter =   63  NFunc =   801  E =     -71.21791  RMSG = 6.5092412e-02
 MIN: Iter =   64  NFunc =   827  E =     -71.22307  RMSG = 3.0324002e-02
 MIN: Iter =   65  NFunc =   856  E =     -71.22567  RMSG = 2.5936733e-02
 MIN: Iter =   66  NFunc =   872  E =     -71.22626  RMSG = 1.0987530e-02
 MIN: Iter =   67  NFunc =   894  E =     -71.22662  RMSG = 6.6141991e-03
 MIN: Iter =   68  NFunc =   945  E =     -71.22742  RMSG = 4.0319284e-02
 MIN: Iter =   69  NFunc =   951  E =     -71.22770  RMSG = 9.0522268e-03
 MIN: Iter =   70  NFunc =   984  E =     -71.22822  RMSG = 1.8750389e-02
 MIN: Iter =   71  NFunc =   990  E =     -71.22828  RMSG = 5.6080536e-03
 MIN: Iter =   72  NFunc =  1013  E =     -71.22834  RMSG = 3.1362399e-03
 MIN: Iter =   73  NFunc =  1049  E =     -71.22837  RMSG = 1.9251352e-03
 MIN: Iter =   74  NFunc =  1069  E =     -71.22838  RMSG = 1.1985274e-03
 MIN: Iter =   75  NFunc =  1085  E =     -71.22838  RMSG = 9.2073061e-04
 MIN: Iter =   76  NFunc =  1096  E =     -71.22838  RMSG = 5.1205495e-04
 MIN: Iter =   77  NFunc =  1118  E =     -71.22838  RMSG = 3.2031301e-04
----------------------------------------------------------------
 END:          :-)  E =     -71.22838  RMSG =   0.0003203

     bond:      0.477288345
    angle:      2.381076177
 dihedral:     15.114472929
    enb14:      5.031591553
    eel14:   -132.471836549
      enb:     -5.106018351
      eel:     56.644241282
      egb:    -13.299197532
    econs:      0.000000000
    esurf:      0.000000000
    Total:    -71.228382145
     frms:      0.000320313
====== rms.dat  ======================================================
#Frame      all_heavy
       1       0.7303
