====== tleap.out =====================================================
-I: Adding /home/case/amber24/dat/leap/prep to search path.
-I: Adding /home/case/amber24/dat/leap/lib to search path.
-I: Adding /home/case/amber24/dat/leap/parm to search path.
-I: Adding /home/case/amber24/dat/leap/cmd to search path.
-f: Source leap.in.

Welcome to LEaP!
(no leaprc in search path)
Sourcing: ./leap.in
Using Bondi radii
----- Source: /home/case/amber24/dat/leap/cmd/leaprc.gaff2
----- Source of /home/case/amber24/dat/leap/cmd/leaprc.gaff2 done
Log file: ./leap.log
Loading parameters: /home/case/amber24/dat/leap/parm/gaff2.dat
Reading title:
AMBER General Force Field for organic molecules (Version 2.2.20, March 2021)
Loading parameters: ./8WJ.frcmod
Reading force field modification type file (frcmod)
Reading title:
Remark line goes here
Loading Mol2 file: ./8WJ.mol2
Reading MOLECULE named 8WJ
Checking Unit.
Building topology.
"order_residues" off: keep input residue order.
Building atom parameters.
Building bond parameters.
Building angle parameters.
Building proper torsion parameters.
Building improper torsion parameters.
 total 11 improper torsions applied
Building H-Bond parameters.
Incorporating Non-Bonded adjustments.
Not Marking per-residue atom chain types.
Marking per-residue atom chain types.
  (Residues lacking connect0/connect1 - 
   these don't have chain types marked:

	res	total affected

	8WJ	1
  )
 (no restraints)
	Quit

Exiting LEaP: Errors = 0; Warnings = 0; Notes = 0.
====== min.o =========================================================
Reading parm file (8WJ.parm7)
title:
8WJ                                                                             
no velocities were found
no velocities were found
	mm_options:  ntpr=5
	mm_options:  gb=1
	mm_options:  kappa=0.10395
	mm_options:  rgbmax=99.
	mm_options:  cut=99.0
	mm_options:  wcons=0.
     bond:      3.244361076
    angle:     14.252458125
 dihedral:     27.967883356
    enb14:     13.908160562
    eel14:     57.685426614
      enb:     -3.966765147
      eel:   -106.747471017
      egb:    -29.636746811
    econs:      0.000000000
    esurf:      0.000000000
    Total:    -23.292693243
     frms:     11.295710047
Starting TNCG minimisation
 MIN: Iter =    0  NFunc =     1  E =     -23.29269  RMSG = 1.1295710e+01
 MIN: Iter =    1  NFunc =     7  E =     -38.73047  RMSG = 3.0523040e+00
 MIN: Iter =    2  NFunc =    18  E =     -43.16370  RMSG = 1.4752648e+00
 MIN: Iter =    3  NFunc =    25  E =     -43.79194  RMSG = 5.8040120e-01
 MIN: Iter =    4  NFunc =    70  E =     -44.27707  RMSG = 7.5732038e-01
 MIN: Iter =    5  NFunc =    77  E =     -44.40399  RMSG = 2.8368656e-01
 MIN: Iter =    6  NFunc =    96  E =     -44.56995  RMSG = 8.0066590e-01
 MIN: Iter =    7  NFunc =   102  E =     -44.66280  RMSG = 2.1206409e-01
 MIN: Iter =    8  NFunc =   138  E =     -44.74092  RMSG = 2.6386437e-01
 MIN: Iter =    9  NFunc =   156  E =     -44.80391  RMSG = 7.1820831e-01
 MIN: Iter =   10  NFunc =   162  E =     -44.87910  RMSG = 1.8021938e-01
 MIN: Iter =   11  NFunc =   188  E =     -44.93525  RMSG = 6.1681700e-01
 MIN: Iter =   12  NFunc =   194  E =     -44.99891  RMSG = 2.2433825e-01
 MIN: Iter =   13  NFunc =   211  E =     -45.05937  RMSG = 5.8671067e-01
 MIN: Iter =   14  NFunc =   217  E =     -45.13929  RMSG = 2.6787715e-01
 MIN: Iter =   15  NFunc =   224  E =     -45.18686  RMSG = 5.6514418e-01
 MIN: Iter =   16  NFunc =   230  E =     -45.25686  RMSG = 2.5267437e-01
 MIN: Iter =   17  NFunc =   239  E =     -45.30139  RMSG = 2.7483694e-01
 MIN: Iter =   18  NFunc =   246  E =     -45.35079  RMSG = 6.6022676e-01
 MIN: Iter =   19  NFunc =   252  E =     -45.42707  RMSG = 1.4984574e-01
 MIN: Iter =   20  NFunc =   259  E =     -45.45506  RMSG = 1.4815735e-01
 MIN: Iter =   21  NFunc =   272  E =     -45.49884  RMSG = 2.2959967e-01
 MIN: Iter =   22  NFunc =   278  E =     -45.54623  RMSG = 3.4269481e-01
 MIN: Iter =   23  NFunc =   285  E =     -45.59344  RMSG = 2.0068331e-01
 MIN: Iter =   24  NFunc =   300  E =     -45.63967  RMSG = 4.8741342e-01
 MIN: Iter =   25  NFunc =   306  E =     -45.67212  RMSG = 1.9263741e-01
 MIN: Iter =   26  NFunc =   322  E =     -45.69918  RMSG = 1.5578996e-01
 MIN: Iter =   27  NFunc =   329  E =     -45.71728  RMSG = 1.5920625e-01
 MIN: Iter =   28  NFunc =   335  E =     -45.72415  RMSG = 6.0469969e-02
 MIN: Iter =   29  NFunc =   358  E =     -45.74015  RMSG = 1.9255853e-01
 MIN: Iter =   30  NFunc =   364  E =     -45.74541  RMSG = 5.9900548e-02
 MIN: Iter =   31  NFunc =   389  E =     -45.75734  RMSG = 5.8818640e-02
 MIN: Iter =   32  NFunc =   438  E =     -45.77464  RMSG = 1.0291849e-01
 MIN: Iter =   33  NFunc =   445  E =     -45.77768  RMSG = 4.9922219e-02
 MIN: Iter =   34  NFunc =   497  E =     -45.79079  RMSG = 8.6943725e-02
 MIN: Iter =   35  NFunc =   516  E =     -45.80033  RMSG = 1.4612559e-01
 MIN: Iter =   36  NFunc =   523  E =     -45.80429  RMSG = 5.4718107e-02
 MIN: Iter =   37  NFunc =   543  E =     -45.80757  RMSG = 7.1845342e-02
 MIN: Iter =   38  NFunc =   553  E =     -45.80874  RMSG = 2.1222543e-02
 MIN: Iter =   39  NFunc =   604  E =     -45.81052  RMSG = 2.1825818e-02
 MIN: Iter =   40  NFunc =   612  E =     -45.81077  RMSG = 1.3622194e-02
 MIN: Iter =   41  NFunc =   625  E =     -45.81092  RMSG = 6.0496879e-03
 MIN: Iter =   42  NFunc =   669  E =     -45.81124  RMSG = 7.3904920e-03
 MIN: Iter =   43  NFunc =   698  E =     -45.81130  RMSG = 3.0407158e-03
 MIN: Iter =   44  NFunc =   745  E =     -45.81139  RMSG = 3.0485200e-03
 MIN: Iter =   45  NFunc =   773  E =     -45.81142  RMSG = 1.8136327e-03
 MIN: Iter =   46  NFunc =   824  E =     -45.81145  RMSG = 2.2671712e-03
 MIN: Iter =   47  NFunc =   836  E =     -45.81145  RMSG = 1.5362428e-03
 MIN: Iter =   48  NFunc =   876  E =     -45.81146  RMSG = 7.4203486e-04
 MIN: Iter =   49  NFunc =   918  E =     -45.81147  RMSG = 1.2316285e-03
 MIN: Iter =   50  NFunc =   932  E =     -45.81147  RMSG = 4.7196411e-04
----------------------------------------------------------------
 END:          :-)  E =     -45.81147  RMSG =   0.0004720

     bond:      2.061486514
    angle:      7.348846538
 dihedral:     24.681873233
    enb14:      8.171691738
    eel14:     50.977464034
      enb:     -6.680264860
      eel:   -100.363494529
      egb:    -32.009075454
    econs:      0.000000000
    esurf:      0.000000000
    Total:    -45.811472785
     frms:      0.000471964
====== rms.dat  ======================================================
#Frame      all_heavy
       1       0.4498
