====== tleap.out =====================================================
-I: Adding /home/case/amber24/dat/leap/prep to search path.
-I: Adding /home/case/amber24/dat/leap/lib to search path.
-I: Adding /home/case/amber24/dat/leap/parm to search path.
-I: Adding /home/case/amber24/dat/leap/cmd to search path.
-f: Source leap.in.

Welcome to LEaP!
(no leaprc in search path)
Sourcing: ./leap.in
Using Bondi radii
----- Source: /home/case/amber24/dat/leap/cmd/leaprc.gaff2
----- Source of /home/case/amber24/dat/leap/cmd/leaprc.gaff2 done
Log file: ./leap.log
Loading parameters: /home/case/amber24/dat/leap/parm/gaff2.dat
Reading title:
AMBER General Force Field for organic molecules (Version 2.2.20, March 2021)
Loading parameters: ./8ZH.frcmod
Reading force field modification type file (frcmod)
Reading title:
Remark line goes here
Loading Mol2 file: ./8ZH.mol2
Reading MOLECULE named 8ZH
Checking Unit.
Building topology.
"order_residues" off: keep input residue order.
Building atom parameters.
Building bond parameters.
Building angle parameters.
Building proper torsion parameters.
Building improper torsion parameters.
 total 20 improper torsions applied
Building H-Bond parameters.
Incorporating Non-Bonded adjustments.
Not Marking per-residue atom chain types.
Marking per-residue atom chain types.
  (Residues lacking connect0/connect1 - 
   these don't have chain types marked:

	res	total affected

	8ZH	1
  )
 (no restraints)
	Quit

Exiting LEaP: Errors = 0; Warnings = 0; Notes = 0.
====== min.o =========================================================
Reading parm file (8ZH.parm7)
title:
8ZH                                                                             
no velocities were found
no velocities were found
	mm_options:  ntpr=5
	mm_options:  gb=1
	mm_options:  kappa=0.10395
	mm_options:  rgbmax=99.
	mm_options:  cut=99.0
	mm_options:  wcons=0.
     bond:      2.392422934
    angle:      7.383677582
 dihedral:     22.558895635
    enb14:     15.140973721
    eel14:   -160.522237561
      enb:     -0.410524541
      eel:     20.336972878
      egb:    -31.845932516
    econs:      0.000000000
    esurf:      0.000000000
    Total:   -124.965751870
     frms:     10.166954614
Starting TNCG minimisation
 MIN: Iter =    0  NFunc =     1  E =    -124.96575  RMSG = 1.0166955e+01
 MIN: Iter =    1  NFunc =     7  E =    -135.72299  RMSG = 2.1427321e+00
 MIN: Iter =    2  NFunc =    29  E =    -138.34202  RMSG = 8.1264699e-01
 MIN: Iter =    3  NFunc =    80  E =    -139.04389  RMSG = 7.7864853e-01
 MIN: Iter =    4  NFunc =    86  E =    -139.50046  RMSG = 7.1711501e-01
 MIN: Iter =    5  NFunc =    93  E =    -139.85791  RMSG = 5.8788275e-01
 MIN: Iter =    6  NFunc =   104  E =    -140.24754  RMSG = 4.2862519e-01
 MIN: Iter =    7  NFunc =   111  E =    -140.44255  RMSG = 3.8333616e-01
 MIN: Iter =    8  NFunc =   126  E =    -140.64238  RMSG = 3.1158537e-01
 MIN: Iter =    9  NFunc =   177  E =    -140.87874  RMSG = 3.9713731e-01
 MIN: Iter =   10  NFunc =   183  E =    -141.06017  RMSG = 4.4793183e-01
 MIN: Iter =   11  NFunc =   189  E =    -141.19351  RMSG = 3.9934394e-01
 MIN: Iter =   12  NFunc =   207  E =    -141.35495  RMSG = 3.0066435e-01
 MIN: Iter =   13  NFunc =   224  E =    -141.46861  RMSG = 2.9082378e-01
 MIN: Iter =   14  NFunc =   255  E =    -141.56214  RMSG = 2.9476808e-01
 MIN: Iter =   15  NFunc =   261  E =    -141.57801  RMSG = 8.7651503e-02
 MIN: Iter =   16  NFunc =   312  E =    -141.62499  RMSG = 2.3305670e-01
 MIN: Iter =   17  NFunc =   318  E =    -141.63704  RMSG = 1.0755848e-01
 MIN: Iter =   18  NFunc =   351  E =    -141.66367  RMSG = 1.7028474e-01
 MIN: Iter =   19  NFunc =   358  E =    -141.67004  RMSG = 5.7337071e-02
 MIN: Iter =   20  NFunc =   398  E =    -141.68889  RMSG = 1.1514514e-01
 MIN: Iter =   21  NFunc =   404  E =    -141.69182  RMSG = 5.3765230e-02
 MIN: Iter =   22  NFunc =   438  E =    -141.69974  RMSG = 4.9023693e-02
 MIN: Iter =   23  NFunc =   469  E =    -141.70400  RMSG = 3.0536754e-02
 MIN: Iter =   24  NFunc =   506  E =    -141.70637  RMSG = 1.7702925e-02
 MIN: Iter =   25  NFunc =   557  E =    -141.70966  RMSG = 3.3866739e-02
 MIN: Iter =   26  NFunc =   577  E =    -141.71082  RMSG = 1.5757425e-02
 MIN: Iter =   27  NFunc =   590  E =    -141.71106  RMSG = 9.1822016e-03
 MIN: Iter =   28  NFunc =   637  E =    -141.71153  RMSG = 7.6777106e-03
 MIN: Iter =   29  NFunc =   688  E =    -141.71189  RMSG = 1.1128498e-02
 MIN: Iter =   30  NFunc =   703  E =    -141.71194  RMSG = 3.6132820e-03
 MIN: Iter =   31  NFunc =   719  E =    -141.71196  RMSG = 2.1797942e-03
 MIN: Iter =   32  NFunc =   761  E =    -141.71197  RMSG = 1.1306865e-03
 MIN: Iter =   33  NFunc =   791  E =    -141.71198  RMSG = 9.1217624e-04
 MIN: Iter =   34  NFunc =   842  E =    -141.71199  RMSG = 9.1483360e-04
 MIN: Iter =   35  NFunc =   865  E =    -141.71199  RMSG = 7.4261884e-04
 MIN: Iter =   36  NFunc =   899  E =    -141.71200  RMSG = 7.1756136e-04
 MIN: Iter =   37  NFunc =   934  E =    -141.71200  RMSG = 4.9667064e-04
----------------------------------------------------------------
 END:          :-)  E =    -141.71200  RMSG =   0.0004967

     bond:      1.399646785
    angle:      3.637060046
 dihedral:     20.555331618
    enb14:     11.289793169
    eel14:   -162.376520587
      enb:     -4.474792672
      eel:     22.591854352
      egb:    -34.334374092
    econs:      0.000000000
    esurf:      0.000000000
    Total:   -141.712001381
     frms:      0.000496671
====== rms.dat  ======================================================
#Frame      all_heavy
       1       0.6422
