====== tleap.out =====================================================
-I: Adding /home/case/amber24/dat/leap/prep to search path.
-I: Adding /home/case/amber24/dat/leap/lib to search path.
-I: Adding /home/case/amber24/dat/leap/parm to search path.
-I: Adding /home/case/amber24/dat/leap/cmd to search path.
-f: Source leap.in.

Welcome to LEaP!
(no leaprc in search path)
Sourcing: ./leap.in
Using Bondi radii
----- Source: /home/case/amber24/dat/leap/cmd/leaprc.gaff2
----- Source of /home/case/amber24/dat/leap/cmd/leaprc.gaff2 done
Log file: ./leap.log
Loading parameters: /home/case/amber24/dat/leap/parm/gaff2.dat
Reading title:
AMBER General Force Field for organic molecules (Version 2.2.20, March 2021)
Loading parameters: ./G0F.frcmod
Reading force field modification type file (frcmod)
Reading title:
Remark line goes here
Loading Mol2 file: ./G0F.mol2
Reading MOLECULE named G0F
Checking Unit.

/home/case/amber24/bin/teLeap: Warning!
The unperturbed charge of the unit (-1.998001) is not zero.

/home/case/amber24/bin/teLeap: Note.
Ignoring the warning from Unit Checking.

Building topology.
"order_residues" off: keep input residue order.
Building atom parameters.
Building bond parameters.
Building angle parameters.
Building proper torsion parameters.
Building improper torsion parameters.
 total 5 improper torsions applied
Building H-Bond parameters.
Incorporating Non-Bonded adjustments.
Not Marking per-residue atom chain types.
Marking per-residue atom chain types.
  (Residues lacking connect0/connect1 - 
   these don't have chain types marked:

	res	total affected

	G0F	1
  )
 (no restraints)
	Quit

Exiting LEaP: Errors = 0; Warnings = 1; Notes = 1.
====== min.o =========================================================
Reading parm file (G0F.parm7)
title:
G0F                                                                             
no velocities were found
no velocities were found
	mm_options:  ntpr=5
	mm_options:  gb=1
	mm_options:  kappa=0.10395
	mm_options:  rgbmax=99.
	mm_options:  cut=99.0
	mm_options:  wcons=0.
     bond:      7.675065069
    angle:     17.809908867
 dihedral:      4.336726318
    enb14:      8.358002959
    eel14:    -71.174597420
      enb:     -3.111894796
      eel:     -0.478806100
      egb:   -237.762188637
    econs:      0.000000000
    esurf:      0.000000000
    Total:   -274.347783742
     frms:     18.221211933
Starting TNCG minimisation
 MIN: Iter =    0  NFunc =     1  E =    -274.34778  RMSG = 1.8221212e+01
 MIN: Iter =    1  NFunc =     7  E =    -293.74838  RMSG = 3.0534341e+00
 MIN: Iter =    2  NFunc =    13  E =    -295.14004  RMSG = 1.2687572e+00
 MIN: Iter =    3  NFunc =    20  E =    -296.04113  RMSG = 1.0372238e+00
 MIN: Iter =    4  NFunc =    36  E =    -296.86021  RMSG = 9.6250074e-01
 MIN: Iter =    5  NFunc =    46  E =    -297.29974  RMSG = 8.1223803e-01
 MIN: Iter =    6  NFunc =    65  E =    -297.72085  RMSG = 7.6282378e-01
 MIN: Iter =    7  NFunc =    75  E =    -297.93509  RMSG = 6.0000128e-01
 MIN: Iter =    8  NFunc =    88  E =    -298.13065  RMSG = 5.4906374e-01
 MIN: Iter =    9  NFunc =    99  E =    -298.22010  RMSG = 3.1728393e-01
 MIN: Iter =   10  NFunc =   113  E =    -298.28059  RMSG = 3.3784136e-01
 MIN: Iter =   11  NFunc =   141  E =    -298.41436  RMSG = 6.4782964e-01
 MIN: Iter =   12  NFunc =   149  E =    -298.49123  RMSG = 2.2437414e-01
 MIN: Iter =   13  NFunc =   180  E =    -298.59845  RMSG = 5.7509583e-01
 MIN: Iter =   14  NFunc =   188  E =    -298.64913  RMSG = 1.6477547e-01
 MIN: Iter =   15  NFunc =   200  E =    -298.68085  RMSG = 2.6602516e-01
 MIN: Iter =   16  NFunc =   223  E =    -298.72409  RMSG = 2.4457802e-01
 MIN: Iter =   17  NFunc =   238  E =    -298.74835  RMSG = 1.1841577e-01
 MIN: Iter =   18  NFunc =   272  E =    -298.79135  RMSG = 3.6833120e-01
 MIN: Iter =   19  NFunc =   279  E =    -298.81255  RMSG = 1.2080869e-01
 MIN: Iter =   20  NFunc =   308  E =    -298.83973  RMSG = 2.8965486e-01
 MIN: Iter =   21  NFunc =   314  E =    -298.85149  RMSG = 8.9461085e-02
 MIN: Iter =   22  NFunc =   328  E =    -298.86123  RMSG = 1.3334163e-01
 MIN: Iter =   23  NFunc =   341  E =    -298.86986  RMSG = 6.7156770e-02
 MIN: Iter =   24  NFunc =   370  E =    -298.88602  RMSG = 1.6615324e-01
 MIN: Iter =   25  NFunc =   376  E =    -298.88962  RMSG = 5.8399301e-02
 MIN: Iter =   26  NFunc =   395  E =    -298.89524  RMSG = 4.1089606e-02
 MIN: Iter =   27  NFunc =   424  E =    -298.89895  RMSG = 2.9840001e-02
 MIN: Iter =   28  NFunc =   435  E =    -298.89926  RMSG = 1.4194343e-02
 MIN: Iter =   29  NFunc =   470  E =    -298.90129  RMSG = 5.8751730e-02
 MIN: Iter =   30  NFunc =   476  E =    -298.90175  RMSG = 1.4825751e-02
 MIN: Iter =   31  NFunc =   488  E =    -298.90194  RMSG = 8.5230406e-03
 MIN: Iter =   32  NFunc =   536  E =    -298.90231  RMSG = 1.2334042e-02
 MIN: Iter =   33  NFunc =   542  E =    -298.90232  RMSG = 4.3957687e-03
 MIN: Iter =   34  NFunc =   557  E =    -298.90234  RMSG = 2.1671492e-03
 MIN: Iter =   35  NFunc =   608  E =    -298.90237  RMSG = 2.8574340e-03
 MIN: Iter =   36  NFunc =   623  E =    -298.90238  RMSG = 1.8855554e-03
 MIN: Iter =   37  NFunc =   669  E =    -298.90240  RMSG = 1.6574156e-03
 MIN: Iter =   38  NFunc =   683  E =    -298.90240  RMSG = 9.2632166e-04
 MIN: Iter =   39  NFunc =   695  E =    -298.90240  RMSG = 4.4964336e-04
----------------------------------------------------------------
 END:          :-)  E =    -298.90240  RMSG =   0.0004496

     bond:      1.147006788
    angle:     11.795951684
 dihedral:      2.986190648
    enb14:      5.748366841
    eel14:    -70.709139824
      enb:     -4.047340369
      eel:      6.724608599
      egb:   -252.548048593
    econs:      0.000000000
    esurf:      0.000000000
    Total:   -298.902404227
     frms:      0.000449643
====== rms.dat  ======================================================
#Frame      all_heavy
       1       0.7322
