====== tleap.out =====================================================
-I: Adding /home/case/amber24/dat/leap/prep to search path.
-I: Adding /home/case/amber24/dat/leap/lib to search path.
-I: Adding /home/case/amber24/dat/leap/parm to search path.
-I: Adding /home/case/amber24/dat/leap/cmd to search path.
-f: Source leap.in.

Welcome to LEaP!
(no leaprc in search path)
Sourcing: ./leap.in
Using Bondi radii
----- Source: /home/case/amber24/dat/leap/cmd/leaprc.gaff2
----- Source of /home/case/amber24/dat/leap/cmd/leaprc.gaff2 done
Log file: ./leap.log
Loading parameters: /home/case/amber24/dat/leap/parm/gaff2.dat
Reading title:
AMBER General Force Field for organic molecules (Version 2.2.20, March 2021)
Loading parameters: ./G1Y.frcmod
Reading force field modification type file (frcmod)
Reading title:
Remark line goes here
Loading Mol2 file: ./G1Y.mol2
Reading MOLECULE named G1Y
Checking Unit.
Building topology.
"order_residues" off: keep input residue order.
Building atom parameters.
Building bond parameters.
Building angle parameters.
Building proper torsion parameters.
Building improper torsion parameters.
 total 18 improper torsions applied
Building H-Bond parameters.
Incorporating Non-Bonded adjustments.
Not Marking per-residue atom chain types.
Marking per-residue atom chain types.
  (Residues lacking connect0/connect1 - 
   these don't have chain types marked:

	res	total affected

	G1Y	1
  )
 (no restraints)
	Quit

Exiting LEaP: Errors = 0; Warnings = 0; Notes = 0.
====== min.o =========================================================
Reading parm file (G1Y.parm7)
title:
G1Y                                                                             
no velocities were found
no velocities were found
	mm_options:  ntpr=5
	mm_options:  gb=1
	mm_options:  kappa=0.10395
	mm_options:  rgbmax=99.
	mm_options:  cut=99.0
	mm_options:  wcons=0.
     bond:      1.971901646
    angle:     26.456529285
 dihedral:     15.089942183
    enb14:      8.740430633
    eel14:      4.254872148
      enb:     -2.006464433
      eel:    -39.940068850
      egb:    -22.683191513
    econs:      0.000000000
    esurf:      0.000000000
    Total:     -8.116048900
     frms:      8.982866701
Starting TNCG minimisation
 MIN: Iter =    0  NFunc =     1  E =      -8.11605  RMSG = 8.9828667e+00
 MIN: Iter =    1  NFunc =     7  E =     -14.03968  RMSG = 1.5622906e+00
 MIN: Iter =    2  NFunc =    27  E =     -15.85925  RMSG = 1.1680707e+00
 MIN: Iter =    3  NFunc =    37  E =     -16.46355  RMSG = 9.6017132e-01
 MIN: Iter =    4  NFunc =    46  E =     -16.67805  RMSG = 4.6230992e-01
 MIN: Iter =    5  NFunc =    67  E =     -16.89179  RMSG = 5.3000154e-01
 MIN: Iter =    6  NFunc =    80  E =     -16.98982  RMSG = 2.5437852e-01
 MIN: Iter =    7  NFunc =    95  E =     -17.03762  RMSG = 3.4466156e-01
 MIN: Iter =    8  NFunc =   107  E =     -17.06160  RMSG = 1.1813318e-01
 MIN: Iter =    9  NFunc =   158  E =     -17.15641  RMSG = 2.5156068e-01
 MIN: Iter =   10  NFunc =   164  E =     -17.22641  RMSG = 3.4141367e-01
 MIN: Iter =   11  NFunc =   170  E =     -17.29428  RMSG = 2.8546551e-01
 MIN: Iter =   12  NFunc =   176  E =     -17.35826  RMSG = 2.6914665e-01
 MIN: Iter =   13  NFunc =   188  E =     -17.43430  RMSG = 2.9078046e-01
 MIN: Iter =   14  NFunc =   197  E =     -17.49861  RMSG = 2.8602318e-01
 MIN: Iter =   15  NFunc =   204  E =     -17.54900  RMSG = 2.5571734e-01
 MIN: Iter =   16  NFunc =   210  E =     -17.59014  RMSG = 2.5360374e-01
 MIN: Iter =   17  NFunc =   226  E =     -17.66185  RMSG = 2.8758410e-01
 MIN: Iter =   18  NFunc =   234  E =     -17.70749  RMSG = 2.3226877e-01
 MIN: Iter =   19  NFunc =   244  E =     -17.74178  RMSG = 2.4877014e-01
 MIN: Iter =   20  NFunc =   251  E =     -17.75758  RMSG = 9.1278748e-02
 MIN: Iter =   21  NFunc =   266  E =     -17.78269  RMSG = 2.1026385e-01
 MIN: Iter =   22  NFunc =   272  E =     -17.79092  RMSG = 1.0481643e-01
 MIN: Iter =   23  NFunc =   280  E =     -17.79463  RMSG = 5.9264932e-02
 MIN: Iter =   24  NFunc =   331  E =     -17.81039  RMSG = 1.9269775e-01
 MIN: Iter =   25  NFunc =   337  E =     -17.81681  RMSG = 6.4827055e-02
 MIN: Iter =   26  NFunc =   388  E =     -17.83758  RMSG = 1.9609093e-01
 MIN: Iter =   27  NFunc =   400  E =     -17.85283  RMSG = 8.0449728e-02
 MIN: Iter =   28  NFunc =   409  E =     -17.85771  RMSG = 6.8595060e-02
 MIN: Iter =   29  NFunc =   451  E =     -17.86592  RMSG = 2.0499194e-01
 MIN: Iter =   30  NFunc =   457  E =     -17.86951  RMSG = 4.6363385e-02
 MIN: Iter =   31  NFunc =   508  E =     -17.87641  RMSG = 5.3209582e-02
 MIN: Iter =   32  NFunc =   525  E =     -17.88149  RMSG = 6.8538647e-02
 MIN: Iter =   33  NFunc =   535  E =     -17.88663  RMSG = 9.1464073e-02
 MIN: Iter =   34  NFunc =   541  E =     -17.88990  RMSG = 5.9097238e-02
 MIN: Iter =   35  NFunc =   547  E =     -17.89129  RMSG = 4.2348092e-02
 MIN: Iter =   36  NFunc =   575  E =     -17.89302  RMSG = 3.8659334e-02
 MIN: Iter =   37  NFunc =   593  E =     -17.89381  RMSG = 1.8046891e-02
 MIN: Iter =   38  NFunc =   608  E =     -17.89410  RMSG = 1.1729823e-02
 MIN: Iter =   39  NFunc =   659  E =     -17.89466  RMSG = 2.0723358e-02
 MIN: Iter =   40  NFunc =   710  E =     -17.89578  RMSG = 2.9910390e-02
 MIN: Iter =   41  NFunc =   720  E =     -17.89603  RMSG = 8.3104747e-03
 MIN: Iter =   42  NFunc =   769  E =     -17.89621  RMSG = 5.5271015e-03
 MIN: Iter =   43  NFunc =   818  E =     -17.89632  RMSG = 4.1539792e-03
 MIN: Iter =   44  NFunc =   834  E =     -17.89633  RMSG = 2.1498984e-03
 MIN: Iter =   45  NFunc =   853  E =     -17.89635  RMSG = 2.0569942e-03
 MIN: Iter =   46  NFunc =   861  E =     -17.89635  RMSG = 1.4421761e-03
 MIN: Iter =   47  NFunc =   883  E =     -17.89636  RMSG = 9.3545736e-04
 MIN: Iter =   48  NFunc =   934  E =     -17.89638  RMSG = 1.9323033e-03
 MIN: Iter =   49  NFunc =   944  E =     -17.89638  RMSG = 8.4668886e-04
 MIN: Iter =   50  NFunc =   965  E =     -17.89638  RMSG = 7.4561751e-04
 MIN: Iter =   51  NFunc =   978  E =     -17.89638  RMSG = 3.4130290e-04
----------------------------------------------------------------
 END:          :-)  E =     -17.89638  RMSG =   0.0003413

     bond:      2.934893928
    angle:     19.039423469
 dihedral:     14.362602974
    enb14:      6.680112505
    eel14:      3.219353939
      enb:     -2.162048187
      eel:    -39.099784671
      egb:    -22.870937477
    econs:      0.000000000
    esurf:      0.000000000
    Total:    -17.896383519
     frms:      0.000341303
====== rms.dat  ======================================================
#Frame      all_heavy
       1       1.0451
