====== tleap.out =====================================================
-I: Adding /home/case/amber24/dat/leap/prep to search path.
-I: Adding /home/case/amber24/dat/leap/lib to search path.
-I: Adding /home/case/amber24/dat/leap/parm to search path.
-I: Adding /home/case/amber24/dat/leap/cmd to search path.
-f: Source leap.in.

Welcome to LEaP!
(no leaprc in search path)
Sourcing: ./leap.in
Using Bondi radii
----- Source: /home/case/amber24/dat/leap/cmd/leaprc.gaff2
----- Source of /home/case/amber24/dat/leap/cmd/leaprc.gaff2 done
Log file: ./leap.log
Loading parameters: /home/case/amber24/dat/leap/parm/gaff2.dat
Reading title:
AMBER General Force Field for organic molecules (Version 2.2.20, March 2021)
Loading parameters: ./G3V.frcmod
Reading force field modification type file (frcmod)
Reading title:
Remark line goes here
Loading Mol2 file: ./G3V.mol2
Reading MOLECULE named G3V
Checking Unit.

/home/case/amber24/bin/teLeap: Warning!
The unperturbed charge of the unit (-2.001000) is not zero.

/home/case/amber24/bin/teLeap: Note.
Ignoring the warning from Unit Checking.

Building topology.
"order_residues" off: keep input residue order.
Building atom parameters.
Building bond parameters.
Building angle parameters.
Building proper torsion parameters.
Building improper torsion parameters.
 total 19 improper torsions applied
Building H-Bond parameters.
Incorporating Non-Bonded adjustments.
Not Marking per-residue atom chain types.
Marking per-residue atom chain types.
  (Residues lacking connect0/connect1 - 
   these don't have chain types marked:

	res	total affected

	G3V	1
  )
 (no restraints)
	Quit

Exiting LEaP: Errors = 0; Warnings = 1; Notes = 1.
====== min.o =========================================================
Reading parm file (G3V.parm7)
title:
G3V                                                                             
no velocities were found
no velocities were found
	mm_options:  ntpr=5
	mm_options:  gb=1
	mm_options:  kappa=0.10395
	mm_options:  rgbmax=99.
	mm_options:  cut=99.0
	mm_options:  wcons=0.
     bond:      6.657696413
    angle:     12.090294882
 dihedral:     59.927105189
    enb14:     21.995997547
    eel14:    -34.331350323
      enb:     -3.442057071
      eel:    -41.178622658
      egb:   -238.235771031
    econs:      0.000000000
    esurf:      0.000000000
    Total:   -216.516707052
     frms:     12.921390259
Starting TNCG minimisation
 MIN: Iter =    0  NFunc =     1  E =    -216.51671  RMSG = 1.2921390e+01
 MIN: Iter =    1  NFunc =     7  E =    -230.22139  RMSG = 3.2643109e+00
 MIN: Iter =    2  NFunc =    16  E =    -233.80027  RMSG = 1.7533753e+00
 MIN: Iter =    3  NFunc =    34  E =    -235.55758  RMSG = 3.3327127e+00
 MIN: Iter =    4  NFunc =    67  E =    -237.08412  RMSG = 4.5536967e+00
 MIN: Iter =    5  NFunc =    82  E =    -240.65435  RMSG = 4.2356336e+00
 MIN: Iter =    6  NFunc =    88  E =    -244.19746  RMSG = 3.6282861e+00
 MIN: Iter =    7  NFunc =    94  E =    -247.13668  RMSG = 2.7453201e+00
 MIN: Iter =    8  NFunc =   100  E =    -248.47660  RMSG = 1.0144737e+00
 MIN: Iter =    9  NFunc =   106  E =    -248.86642  RMSG = 6.8917389e-01
 MIN: Iter =   10  NFunc =   138  E =    -249.43294  RMSG = 1.2211265e+00
 MIN: Iter =   11  NFunc =   144  E =    -249.63517  RMSG = 4.4332051e-01
 MIN: Iter =   12  NFunc =   157  E =    -249.80506  RMSG = 1.4062080e+00
 MIN: Iter =   13  NFunc =   163  E =    -249.96925  RMSG = 2.5836118e-01
 MIN: Iter =   14  NFunc =   193  E =    -250.15137  RMSG = 6.1891199e-01
 MIN: Iter =   15  NFunc =   199  E =    -250.22770  RMSG = 2.4959179e-01
 MIN: Iter =   16  NFunc =   212  E =    -250.29993  RMSG = 4.6647898e-01
 MIN: Iter =   17  NFunc =   218  E =    -250.33003  RMSG = 1.3184432e-01
 MIN: Iter =   18  NFunc =   226  E =    -250.34141  RMSG = 9.1086065e-02
 MIN: Iter =   19  NFunc =   277  E =    -250.41046  RMSG = 3.5794826e-01
 MIN: Iter =   20  NFunc =   291  E =    -250.45161  RMSG = 1.6113013e-01
 MIN: Iter =   21  NFunc =   330  E =    -250.50073  RMSG = 3.1364656e-01
 MIN: Iter =   22  NFunc =   336  E =    -250.51501  RMSG = 9.7139110e-02
 MIN: Iter =   23  NFunc =   361  E =    -250.55020  RMSG = 2.8991697e-01
 MIN: Iter =   24  NFunc =   372  E =    -250.58147  RMSG = 1.8294150e-01
 MIN: Iter =   25  NFunc =   381  E =    -250.60615  RMSG = 3.3237773e-01
 MIN: Iter =   26  NFunc =   388  E =    -250.63024  RMSG = 1.1734586e-01
 MIN: Iter =   27  NFunc =   398  E =    -250.65183  RMSG = 3.3640395e-01
 MIN: Iter =   28  NFunc =   405  E =    -250.67703  RMSG = 1.3485580e-01
 MIN: Iter =   29  NFunc =   456  E =    -250.73274  RMSG = 3.1338077e-01
 MIN: Iter =   30  NFunc =   470  E =    -250.80678  RMSG = 4.3640459e-01
 MIN: Iter =   31  NFunc =   478  E =    -250.89023  RMSG = 4.7118369e-01
 MIN: Iter =   32  NFunc =   484  E =    -250.97102  RMSG = 4.2673123e-01
 MIN: Iter =   33  NFunc =   490  E =    -251.05713  RMSG = 3.4910094e-01
 MIN: Iter =   34  NFunc =   496  E =    -251.13327  RMSG = 3.4001329e-01
 MIN: Iter =   35  NFunc =   502  E =    -251.19216  RMSG = 2.6845323e-01
 MIN: Iter =   36  NFunc =   508  E =    -251.23586  RMSG = 2.4561868e-01
 MIN: Iter =   37  NFunc =   536  E =    -251.34153  RMSG = 3.2050383e-01
 MIN: Iter =   38  NFunc =   554  E =    -251.42922  RMSG = 3.5767916e-01
 MIN: Iter =   39  NFunc =   564  E =    -251.50011  RMSG = 3.1098272e-01
 MIN: Iter =   40  NFunc =   570  E =    -251.53918  RMSG = 2.2376881e-01
 MIN: Iter =   41  NFunc =   578  E =    -251.56570  RMSG = 1.4282217e-01
 MIN: Iter =   42  NFunc =   606  E =    -251.62210  RMSG = 2.8842190e-01
 MIN: Iter =   43  NFunc =   626  E =    -251.66436  RMSG = 1.7841119e-01
 MIN: Iter =   44  NFunc =   653  E =    -251.70440  RMSG = 2.5603290e-01
 MIN: Iter =   45  NFunc =   659  E =    -251.71305  RMSG = 9.6071407e-02
 MIN: Iter =   46  NFunc =   670  E =    -251.71974  RMSG = 5.9578389e-02
 MIN: Iter =   47  NFunc =   697  E =    -251.74135  RMSG = 1.6719901e-01
 MIN: Iter =   48  NFunc =   704  E =    -251.74580  RMSG = 4.7103610e-02
 MIN: Iter =   49  NFunc =   741  E =    -251.75403  RMSG = 5.5283779e-02
 MIN: Iter =   50  NFunc =   787  E =    -251.75830  RMSG = 2.4066541e-02
 MIN: Iter =   51  NFunc =   813  E =    -251.75883  RMSG = 8.6838150e-03
 MIN: Iter =   52  NFunc =   828  E =    -251.75890  RMSG = 4.7147271e-03
 MIN: Iter =   53  NFunc =   879  E =    -251.75917  RMSG = 8.7962340e-03
 MIN: Iter =   54  NFunc =   893  E =    -251.75928  RMSG = 7.2434694e-03
 MIN: Iter =   55  NFunc =   933  E =    -251.75952  RMSG = 5.6195024e-03
 MIN: Iter =   56  NFunc =   984  E =    -251.75959  RMSG = 4.1460396e-03
 MIN: Iter =   57  NFunc =  1004  E =    -251.75961  RMSG = 2.4187203e-03
 MIN: Iter =   58  NFunc =  1032  E =    -251.75963  RMSG = 1.5840016e-03
 MIN: Iter =   59  NFunc =  1048  E =    -251.75964  RMSG = 9.3483493e-04
 MIN: Iter =   60  NFunc =  1082  E =    -251.75964  RMSG = 4.4518080e-04
----------------------------------------------------------------
 END:          :-)  E =    -251.75964  RMSG =   0.0004452

     bond:      3.245518980
    angle:     10.473335443
 dihedral:     44.841743878
    enb14:     15.496955322
    eel14:    -44.453348981
      enb:     -6.785409323
      eel:    -36.808258513
      egb:   -237.770176694
    econs:      0.000000000
    esurf:      0.000000000
    Total:   -251.759639889
     frms:      0.000445181
====== rms.dat  ======================================================
#Frame      all_heavy
       1       1.5580
