====== tleap.out =====================================================
-I: Adding /home/case/amber24/dat/leap/prep to search path.
-I: Adding /home/case/amber24/dat/leap/lib to search path.
-I: Adding /home/case/amber24/dat/leap/parm to search path.
-I: Adding /home/case/amber24/dat/leap/cmd to search path.
-f: Source leap.in.

Welcome to LEaP!
(no leaprc in search path)
Sourcing: ./leap.in
Using Bondi radii
----- Source: /home/case/amber24/dat/leap/cmd/leaprc.gaff2
----- Source of /home/case/amber24/dat/leap/cmd/leaprc.gaff2 done
Log file: ./leap.log
Loading parameters: /home/case/amber24/dat/leap/parm/gaff2.dat
Reading title:
AMBER General Force Field for organic molecules (Version 2.2.20, March 2021)
Loading parameters: ./G4X.frcmod
Reading force field modification type file (frcmod)
Reading title:
Remark line goes here
Loading Mol2 file: ./G4X.mol2
Reading MOLECULE named G4X
Checking Unit.
Building topology.
"order_residues" off: keep input residue order.
Building atom parameters.
Building bond parameters.
Building angle parameters.
Building proper torsion parameters.
Building improper torsion parameters.
 total 1 improper torsion applied
Building H-Bond parameters.
Incorporating Non-Bonded adjustments.
Not Marking per-residue atom chain types.
Marking per-residue atom chain types.
  (Residues lacking connect0/connect1 - 
   these don't have chain types marked:

	res	total affected

	G4X	1
  )
 (no restraints)
	Quit

Exiting LEaP: Errors = 0; Warnings = 0; Notes = 0.
====== min.o =========================================================
Reading parm file (G4X.parm7)
title:
G4X                                                                             
no velocities were found
no velocities were found
	mm_options:  ntpr=5
	mm_options:  gb=1
	mm_options:  kappa=0.10395
	mm_options:  rgbmax=99.
	mm_options:  cut=99.0
	mm_options:  wcons=0.
     bond:      1.505419553
    angle:      1.632682719
 dihedral:      3.709393943
    enb14:      4.822500332
    eel14:     -2.224913846
      enb:     -2.511665203
      eel:      2.299509207
      egb:     -3.764017200
    econs:      0.000000000
    esurf:      0.000000000
    Total:      5.468909504
     frms:      5.234498849
Starting TNCG minimisation
 MIN: Iter =    0  NFunc =     1  E =       5.46891  RMSG = 5.2344988e+00
 MIN: Iter =    1  NFunc =     7  E =       2.50592  RMSG = 1.2203507e+00
 MIN: Iter =    2  NFunc =    16  E =       1.87809  RMSG = 5.1877015e-01
 MIN: Iter =    3  NFunc =    26  E =       1.70102  RMSG = 2.6288982e-01
 MIN: Iter =    4  NFunc =    40  E =       1.64349  RMSG = 1.7250416e-01
 MIN: Iter =    5  NFunc =    89  E =       1.58033  RMSG = 6.3541097e-01
 MIN: Iter =    6  NFunc =    95  E =       1.53199  RMSG = 1.1271653e-01
 MIN: Iter =    7  NFunc =   120  E =       1.50774  RMSG = 1.3971136e-01
 MIN: Iter =    8  NFunc =   132  E =       1.48185  RMSG = 1.7348773e-01
 MIN: Iter =    9  NFunc =   140  E =       1.45666  RMSG = 2.7957809e-01
 MIN: Iter =   10  NFunc =   146  E =       1.44166  RMSG = 1.1436691e-01
 MIN: Iter =   11  NFunc =   152  E =       1.43299  RMSG = 1.4517205e-01
 MIN: Iter =   12  NFunc =   203  E =       1.37588  RMSG = 2.1056144e-01
 MIN: Iter =   13  NFunc =   215  E =       1.33205  RMSG = 2.1179180e-01
 MIN: Iter =   14  NFunc =   222  E =       1.29888  RMSG = 2.1367204e-01
 MIN: Iter =   15  NFunc =   228  E =       1.27660  RMSG = 1.5516035e-01
 MIN: Iter =   16  NFunc =   240  E =       1.25162  RMSG = 1.1842096e-01
 MIN: Iter =   17  NFunc =   270  E =       1.22215  RMSG = 1.5592950e-01
 MIN: Iter =   18  NFunc =   278  E =       1.21118  RMSG = 8.5045550e-02
 MIN: Iter =   19  NFunc =   289  E =       1.20150  RMSG = 7.2160597e-02
 MIN: Iter =   20  NFunc =   316  E =       1.19623  RMSG = 3.5090269e-02
 MIN: Iter =   21  NFunc =   352  E =       1.19340  RMSG = 3.4057540e-02
 MIN: Iter =   22  NFunc =   377  E =       1.19187  RMSG = 2.0770741e-02
 MIN: Iter =   23  NFunc =   411  E =       1.19008  RMSG = 4.0982998e-02
 MIN: Iter =   24  NFunc =   418  E =       1.18984  RMSG = 8.9682645e-03
 MIN: Iter =   25  NFunc =   441  E =       1.18957  RMSG = 6.5691626e-03
 MIN: Iter =   26  NFunc =   463  E =       1.18927  RMSG = 8.1496335e-03
 MIN: Iter =   27  NFunc =   482  E =       1.18911  RMSG = 5.8145947e-03
 MIN: Iter =   28  NFunc =   533  E =       1.18880  RMSG = 5.1742834e-03
 MIN: Iter =   29  NFunc =   545  E =       1.18876  RMSG = 3.4098149e-03
 MIN: Iter =   30  NFunc =   596  E =       1.18867  RMSG = 4.2857646e-03
 MIN: Iter =   31  NFunc =   604  E =       1.18865  RMSG = 2.7013189e-03
 MIN: Iter =   32  NFunc =   620  E =       1.18863  RMSG = 1.6997539e-03
 MIN: Iter =   33  NFunc =   663  E =       1.18855  RMSG = 2.9204039e-03
 MIN: Iter =   34  NFunc =   680  E =       1.18854  RMSG = 1.2670180e-03
 MIN: Iter =   35  NFunc =   722  E =       1.18851  RMSG = 1.0266991e-03
 MIN: Iter =   36  NFunc =   764  E =       1.18850  RMSG = 1.1472357e-03
 MIN: Iter =   37  NFunc =   777  E =       1.18849  RMSG = 8.9607989e-04
 MIN: Iter =   38  NFunc =   805  E =       1.18849  RMSG = 6.2288761e-04
 MIN: Iter =   39  NFunc =   819  E =       1.18849  RMSG = 5.1268521e-04
 MIN: Iter =   40  NFunc =   828  E =       1.18849  RMSG = 3.5245419e-04
----------------------------------------------------------------
 END:          :-)  E =       1.18849  RMSG =   0.0003525

     bond:      0.444891383
    angle:      1.552672144
 dihedral:      2.945142693
    enb14:      3.109893925
    eel14:     -1.838255912
      enb:     -2.990651264
      eel:      1.979265247
      egb:     -4.014468948
    econs:      0.000000000
    esurf:      0.000000000
    Total:      1.188489267
     frms:      0.000352454
====== rms.dat  ======================================================
#Frame      all_heavy
       1       0.6003
