====== tleap.out =====================================================
-I: Adding /home/case/amber24/dat/leap/prep to search path.
-I: Adding /home/case/amber24/dat/leap/lib to search path.
-I: Adding /home/case/amber24/dat/leap/parm to search path.
-I: Adding /home/case/amber24/dat/leap/cmd to search path.
-f: Source leap.in.

Welcome to LEaP!
(no leaprc in search path)
Sourcing: ./leap.in
Using Bondi radii
----- Source: /home/case/amber24/dat/leap/cmd/leaprc.gaff2
----- Source of /home/case/amber24/dat/leap/cmd/leaprc.gaff2 done
Log file: ./leap.log
Loading parameters: /home/case/amber24/dat/leap/parm/gaff2.dat
Reading title:
AMBER General Force Field for organic molecules (Version 2.2.20, March 2021)
Loading parameters: ./G5K.frcmod
Reading force field modification type file (frcmod)
Reading title:
Remark line goes here
Loading Mol2 file: ./G5K.mol2
Reading MOLECULE named G5K
Checking Unit.
Building topology.
"order_residues" off: keep input residue order.
Building atom parameters.
Building bond parameters.
Building angle parameters.
Building proper torsion parameters.
Building improper torsion parameters.
 total 16 improper torsions applied
Building H-Bond parameters.
Incorporating Non-Bonded adjustments.
Not Marking per-residue atom chain types.
Marking per-residue atom chain types.
  (Residues lacking connect0/connect1 - 
   these don't have chain types marked:

	res	total affected

	G5K	1
  )
 (no restraints)
	Quit

Exiting LEaP: Errors = 0; Warnings = 0; Notes = 0.
====== min.o =========================================================
Reading parm file (G5K.parm7)
title:
G5K                                                                             
no velocities were found
no velocities were found
	mm_options:  ntpr=5
	mm_options:  gb=1
	mm_options:  kappa=0.10395
	mm_options:  rgbmax=99.
	mm_options:  cut=99.0
	mm_options:  wcons=0.
     bond:      4.990884279
    angle:     21.604006745
 dihedral:     13.924051311
    enb14:     20.507375532
    eel14:   -219.099251763
      enb:      0.972251893
      eel:     79.363291805
      egb:    -32.797323472
    econs:      0.000000000
    esurf:      0.000000000
    Total:   -110.534713671
     frms:     14.388024456
Starting TNCG minimisation
 MIN: Iter =    0  NFunc =     1  E =    -110.53471  RMSG = 1.4388024e+01
 MIN: Iter =    1  NFunc =     7  E =    -130.88779  RMSG = 3.4747130e+00
 MIN: Iter =    2  NFunc =    16  E =    -135.51123  RMSG = 1.4477139e+00
 MIN: Iter =    3  NFunc =    27  E =    -136.95330  RMSG = 7.0982600e-01
 MIN: Iter =    4  NFunc =    57  E =    -137.91151  RMSG = 4.6534007e-01
 MIN: Iter =    5  NFunc =    78  E =    -138.43790  RMSG = 3.3991871e-01
 MIN: Iter =    6  NFunc =    88  E =    -138.59565  RMSG = 2.8493920e-01
 MIN: Iter =    7  NFunc =   107  E =    -138.72995  RMSG = 1.9291579e-01
 MIN: Iter =    8  NFunc =   139  E =    -138.89935  RMSG = 2.3652844e-01
 MIN: Iter =    9  NFunc =   190  E =    -139.06140  RMSG = 3.7662832e-01
 MIN: Iter =   10  NFunc =   200  E =    -139.16819  RMSG = 3.8284573e-01
 MIN: Iter =   11  NFunc =   209  E =    -139.26139  RMSG = 3.2381782e-01
 MIN: Iter =   12  NFunc =   218  E =    -139.34208  RMSG = 3.9806921e-01
 MIN: Iter =   13  NFunc =   242  E =    -139.52349  RMSG = 3.6675294e-01
 MIN: Iter =   14  NFunc =   251  E =    -139.64385  RMSG = 3.5605577e-01
 MIN: Iter =   15  NFunc =   258  E =    -139.73624  RMSG = 3.2053481e-01
 MIN: Iter =   16  NFunc =   265  E =    -139.80297  RMSG = 2.2684953e-01
 MIN: Iter =   17  NFunc =   271  E =    -139.84310  RMSG = 1.7328006e-01
 MIN: Iter =   18  NFunc =   278  E =    -139.86309  RMSG = 1.2613503e-01
 MIN: Iter =   19  NFunc =   289  E =    -139.87235  RMSG = 6.4430371e-02
 MIN: Iter =   20  NFunc =   319  E =    -139.88410  RMSG = 7.4271314e-02
 MIN: Iter =   21  NFunc =   342  E =    -139.88884  RMSG = 2.4439792e-02
 MIN: Iter =   22  NFunc =   371  E =    -139.89141  RMSG = 2.0698498e-02
 MIN: Iter =   23  NFunc =   385  E =    -139.89179  RMSG = 1.0452428e-02
 MIN: Iter =   24  NFunc =   436  E =    -139.89308  RMSG = 1.7125599e-02
 MIN: Iter =   25  NFunc =   487  E =    -139.89419  RMSG = 2.2583015e-02
 MIN: Iter =   26  NFunc =   513  E =    -139.89514  RMSG = 1.3462515e-02
 MIN: Iter =   27  NFunc =   564  E =    -139.89569  RMSG = 7.3693717e-03
 MIN: Iter =   28  NFunc =   608  E =    -139.89597  RMSG = 6.4076991e-03
 MIN: Iter =   29  NFunc =   643  E =    -139.89615  RMSG = 4.1087367e-03
 MIN: Iter =   30  NFunc =   660  E =    -139.89618  RMSG = 3.0081729e-03
 MIN: Iter =   31  NFunc =   711  E =    -139.89624  RMSG = 3.7087031e-03
 MIN: Iter =   32  NFunc =   734  E =    -139.89627  RMSG = 2.5030713e-03
 MIN: Iter =   33  NFunc =   749  E =    -139.89628  RMSG = 1.2807605e-03
 MIN: Iter =   34  NFunc =   782  E =    -139.89629  RMSG = 9.1905387e-04
 MIN: Iter =   35  NFunc =   804  E =    -139.89629  RMSG = 4.5510843e-04
----------------------------------------------------------------
 END:          :-)  E =    -139.89629  RMSG =   0.0004551

     bond:      2.675465528
    angle:     11.779854536
 dihedral:     14.716368678
    enb14:     14.572337262
    eel14:   -223.260412200
      enb:     -6.138601462
      eel:     79.990592484
      egb:    -34.231894643
    econs:      0.000000000
    esurf:      0.000000000
    Total:   -139.896289818
     frms:      0.000455108
====== rms.dat  ======================================================
#Frame      all_heavy
       1       0.7796
