====== tleap.out =====================================================
-I: Adding /home/case/amber24/dat/leap/prep to search path.
-I: Adding /home/case/amber24/dat/leap/lib to search path.
-I: Adding /home/case/amber24/dat/leap/parm to search path.
-I: Adding /home/case/amber24/dat/leap/cmd to search path.
-f: Source leap.in.

Welcome to LEaP!
(no leaprc in search path)
Sourcing: ./leap.in
Using Bondi radii
----- Source: /home/case/amber24/dat/leap/cmd/leaprc.gaff2
----- Source of /home/case/amber24/dat/leap/cmd/leaprc.gaff2 done
Log file: ./leap.log
Loading parameters: /home/case/amber24/dat/leap/parm/gaff2.dat
Reading title:
AMBER General Force Field for organic molecules (Version 2.2.20, March 2021)
Loading parameters: ./GBH.frcmod
Reading force field modification type file (frcmod)
Reading title:
Remark line goes here
Loading Mol2 file: ./GBH.mol2
Reading MOLECULE named GBH
Checking Unit.

/home/case/amber24/bin/teLeap: Warning!
The unperturbed charge of the unit (-0.998000) is not zero.

/home/case/amber24/bin/teLeap: Note.
Ignoring the warning from Unit Checking.

Building topology.
"order_residues" off: keep input residue order.
Building atom parameters.
Building bond parameters.
Building angle parameters.
Building proper torsion parameters.
Building improper torsion parameters.
 total 0 improper torsions applied
Building H-Bond parameters.
Incorporating Non-Bonded adjustments.
Not Marking per-residue atom chain types.
Marking per-residue atom chain types.
  (Residues lacking connect0/connect1 - 
   these don't have chain types marked:

	res	total affected

	GBH	1
  )
 (no restraints)
	Quit

Exiting LEaP: Errors = 0; Warnings = 1; Notes = 1.
====== min.o =========================================================
Reading parm file (GBH.parm7)
title:
GBH                                                                             
no velocities were found
no velocities were found
	mm_options:  ntpr=5
	mm_options:  gb=1
	mm_options:  kappa=0.10395
	mm_options:  rgbmax=99.
	mm_options:  cut=99.0
	mm_options:  wcons=0.
     bond:      3.011333950
    angle:     12.165669238
 dihedral:     31.544614535
    enb14:     12.993269194
    eel14:    152.364255812
      enb:     -5.657088771
      eel:   -103.216535617
      egb:    -86.452713610
    econs:      0.000000000
    esurf:      0.000000000
    Total:     16.752804731
     frms:      9.544996339
Starting TNCG minimisation
 MIN: Iter =    0  NFunc =     1  E =      16.75280  RMSG = 9.5449963e+00
 MIN: Iter =    1  NFunc =     8  E =       2.08693  RMSG = 4.1812475e+00
 MIN: Iter =    2  NFunc =    14  E =       0.10257  RMSG = 1.5243552e+00
 MIN: Iter =    3  NFunc =    27  E =      -0.95504  RMSG = 2.9456074e+00
 MIN: Iter =    4  NFunc =    33  E =      -1.38539  RMSG = 5.0691116e-01
 MIN: Iter =    5  NFunc =    59  E =      -1.75967  RMSG = 1.0975459e+00
 MIN: Iter =    6  NFunc =    65  E =      -1.83941  RMSG = 2.1262833e-01
 MIN: Iter =    7  NFunc =    84  E =      -1.97526  RMSG = 4.2421754e-01
 MIN: Iter =    8  NFunc =   115  E =      -2.18787  RMSG = 5.0462311e-01
 MIN: Iter =    9  NFunc =   122  E =      -2.22796  RMSG = 2.0467751e-01
 MIN: Iter =   10  NFunc =   144  E =      -2.34201  RMSG = 3.7414144e-01
 MIN: Iter =   11  NFunc =   153  E =      -2.37491  RMSG = 1.4852922e-01
 MIN: Iter =   12  NFunc =   160  E =      -2.38636  RMSG = 8.1608629e-02
 MIN: Iter =   13  NFunc =   194  E =      -2.40440  RMSG = 8.5320895e-02
 MIN: Iter =   14  NFunc =   203  E =      -2.40612  RMSG = 2.5678866e-02
 MIN: Iter =   15  NFunc =   230  E =      -2.40827  RMSG = 1.9967888e-02
 MIN: Iter =   16  NFunc =   249  E =      -2.40867  RMSG = 9.4512869e-03
 MIN: Iter =   17  NFunc =   283  E =      -2.40902  RMSG = 7.5739394e-03
 MIN: Iter =   18  NFunc =   293  E =      -2.40905  RMSG = 3.0252951e-03
 MIN: Iter =   19  NFunc =   336  E =      -2.40909  RMSG = 2.2913205e-03
 MIN: Iter =   20  NFunc =   369  E =      -2.40910  RMSG = 1.3722709e-03
 MIN: Iter =   21  NFunc =   379  E =      -2.40911  RMSG = 8.0629892e-04
 MIN: Iter =   22  NFunc =   399  E =      -2.40911  RMSG = 5.2005846e-04
 MIN: Iter =   23  NFunc =   421  E =      -2.40911  RMSG = 4.3506561e-04
----------------------------------------------------------------
 END:          :-)  E =      -2.40911  RMSG =   0.0004351

     bond:      4.202935396
    angle:     10.280720932
 dihedral:     30.047243060
    enb14:      7.617811491
    eel14:    147.454536381
      enb:     -3.281694009
      eel:   -111.874738694
      egb:    -86.855921738
    econs:      0.000000000
    esurf:      0.000000000
    Total:     -2.409107181
     frms:      0.000435066
====== rms.dat  ======================================================
#Frame      all_heavy
       1       0.3511
