====== tleap.out =====================================================
-I: Adding /home/case/amber24/dat/leap/prep to search path.
-I: Adding /home/case/amber24/dat/leap/lib to search path.
-I: Adding /home/case/amber24/dat/leap/parm to search path.
-I: Adding /home/case/amber24/dat/leap/cmd to search path.
-f: Source leap.in.

Welcome to LEaP!
(no leaprc in search path)
Sourcing: ./leap.in
Using Bondi radii
----- Source: /home/case/amber24/dat/leap/cmd/leaprc.gaff2
----- Source of /home/case/amber24/dat/leap/cmd/leaprc.gaff2 done
Log file: ./leap.log
Loading parameters: /home/case/amber24/dat/leap/parm/gaff2.dat
Reading title:
AMBER General Force Field for organic molecules (Version 2.2.20, March 2021)
Loading parameters: ./GC9.frcmod
Reading force field modification type file (frcmod)
Reading title:
Remark line goes here
Loading Mol2 file: ./GC9.mol2
Reading MOLECULE named GC9
Checking Unit.

/home/case/amber24/bin/teLeap: Warning!
The unperturbed charge of the unit (-1.002000) is not zero.

/home/case/amber24/bin/teLeap: Note.
Ignoring the warning from Unit Checking.

Building topology.
"order_residues" off: keep input residue order.
Building atom parameters.
Building bond parameters.
Building angle parameters.
Building proper torsion parameters.
Building improper torsion parameters.
 total 5 improper torsions applied
Building H-Bond parameters.
Incorporating Non-Bonded adjustments.
Not Marking per-residue atom chain types.
Marking per-residue atom chain types.
  (Residues lacking connect0/connect1 - 
   these don't have chain types marked:

	res	total affected

	GC9	1
  )
 (no restraints)
	Quit

Exiting LEaP: Errors = 0; Warnings = 1; Notes = 1.
====== min.o =========================================================
Reading parm file (GC9.parm7)
title:
GC9                                                                             
no velocities were found
no velocities were found
	mm_options:  ntpr=5
	mm_options:  gb=1
	mm_options:  kappa=0.10395
	mm_options:  rgbmax=99.
	mm_options:  cut=99.0
	mm_options:  wcons=0.
     bond:      2.872770399
    angle:      5.611399618
 dihedral:     21.557894304
    enb14:     11.083108817
    eel14:    303.352702069
      enb:     -1.645665780
      eel:   -202.452514447
      egb:   -107.847634403
    econs:      0.000000000
    esurf:      0.000000000
    Total:     32.532060577
     frms:     10.266220087
Starting TNCG minimisation
 MIN: Iter =    0  NFunc =     1  E =      32.53206  RMSG = 1.0266220e+01
 MIN: Iter =    1  NFunc =     8  E =      20.34669  RMSG = 3.2861250e+00
 MIN: Iter =    2  NFunc =    15  E =      17.16693  RMSG = 1.1937456e+00
 MIN: Iter =    3  NFunc =    40  E =      16.84675  RMSG = 1.5042733e+00
 MIN: Iter =    4  NFunc =    71  E =      16.29592  RMSG = 4.8503615e+00
 MIN: Iter =    5  NFunc =    77  E =      15.33164  RMSG = 1.1309420e+00
 MIN: Iter =    6  NFunc =    90  E =      14.82649  RMSG = 4.1950727e+00
 MIN: Iter =    7  NFunc =    96  E =      13.84445  RMSG = 1.2510856e+00
 MIN: Iter =    8  NFunc =   103  E =      13.30191  RMSG = 3.7366890e+00
 MIN: Iter =    9  NFunc =   109  E =      12.68801  RMSG = 7.1324645e-01
 MIN: Iter =   10  NFunc =   116  E =      12.52635  RMSG = 1.8034022e+00
 MIN: Iter =   11  NFunc =   122  E =      12.39065  RMSG = 3.4332496e-01
 MIN: Iter =   12  NFunc =   137  E =      12.31235  RMSG = 3.9894067e-01
 MIN: Iter =   13  NFunc =   162  E =      12.26074  RMSG = 1.6266164e-01
 MIN: Iter =   14  NFunc =   176  E =      12.24775  RMSG = 9.7621058e-02
 MIN: Iter =   15  NFunc =   197  E =      12.24179  RMSG = 6.9842958e-02
 MIN: Iter =   16  NFunc =   219  E =      12.24026  RMSG = 2.0235989e-02
 MIN: Iter =   17  NFunc =   249  E =      12.23877  RMSG = 3.6422931e-02
 MIN: Iter =   18  NFunc =   273  E =      12.23821  RMSG = 1.6137657e-02
 MIN: Iter =   19  NFunc =   302  E =      12.23783  RMSG = 1.9424689e-02
 MIN: Iter =   20  NFunc =   323  E =      12.23763  RMSG = 9.1181489e-03
 MIN: Iter =   21  NFunc =   333  E =      12.23757  RMSG = 5.0571723e-03
 MIN: Iter =   22  NFunc =   351  E =      12.23753  RMSG = 2.7986284e-03
 MIN: Iter =   23  NFunc =   364  E =      12.23752  RMSG = 2.1564129e-03
 MIN: Iter =   24  NFunc =   375  E =      12.23752  RMSG = 1.6677236e-03
 MIN: Iter =   25  NFunc =   388  E =      12.23752  RMSG = 7.3007649e-04
 MIN: Iter =   26  NFunc =   405  E =      12.23752  RMSG = 5.3850341e-04
 MIN: Iter =   27  NFunc =   411  E =      12.23752  RMSG = 4.0269811e-04
----------------------------------------------------------------
 END:          :-)  E =      12.23752  RMSG =   0.0004027

     bond:      3.227366589
    angle:      6.249291567
 dihedral:     21.176461862
    enb14:      6.474384435
    eel14:    297.417654209
      enb:     -3.018098406
      eel:   -216.468924636
      egb:   -102.820619487
    econs:      0.000000000
    esurf:      0.000000000
    Total:     12.237516133
     frms:      0.000402698
====== rms.dat  ======================================================
#Frame      all_heavy
       1       0.1855
