====== tleap.out =====================================================
-I: Adding /home/case/amber24/dat/leap/prep to search path.
-I: Adding /home/case/amber24/dat/leap/lib to search path.
-I: Adding /home/case/amber24/dat/leap/parm to search path.
-I: Adding /home/case/amber24/dat/leap/cmd to search path.
-f: Source leap.in.

Welcome to LEaP!
(no leaprc in search path)
Sourcing: ./leap.in
Using Bondi radii
----- Source: /home/case/amber24/dat/leap/cmd/leaprc.gaff2
----- Source of /home/case/amber24/dat/leap/cmd/leaprc.gaff2 done
Log file: ./leap.log
Loading parameters: /home/case/amber24/dat/leap/parm/gaff2.dat
Reading title:
AMBER General Force Field for organic molecules (Version 2.2.20, March 2021)
Loading parameters: ./GFE.frcmod
Reading force field modification type file (frcmod)
Reading title:
Remark line goes here
Loading Mol2 file: ./GFE.mol2
Reading MOLECULE named GFE
Checking Unit.
Building topology.
"order_residues" off: keep input residue order.
Building atom parameters.
Building bond parameters.
Building angle parameters.
Building proper torsion parameters.
Building improper torsion parameters.
 total 11 improper torsions applied
Building H-Bond parameters.
Incorporating Non-Bonded adjustments.
Not Marking per-residue atom chain types.
Marking per-residue atom chain types.
  (Residues lacking connect0/connect1 - 
   these don't have chain types marked:

	res	total affected

	GFE	1
  )
 (no restraints)
	Quit

Exiting LEaP: Errors = 0; Warnings = 0; Notes = 0.
====== min.o =========================================================
Reading parm file (GFE.parm7)
title:
GFE                                                                             
no velocities were found
no velocities were found
	mm_options:  ntpr=5
	mm_options:  gb=1
	mm_options:  kappa=0.10395
	mm_options:  rgbmax=99.
	mm_options:  cut=99.0
	mm_options:  wcons=0.
     bond:      2.855763082
    angle:      2.825814291
 dihedral:      8.630856876
    enb14:     13.639632077
    eel14:   -942.917318400
      enb:     -4.170520400
      eel:    372.782747278
      egb:    -27.213197325
    econs:      0.000000000
    esurf:      0.000000000
    Total:   -573.566222522
     frms:     10.276985354
Starting TNCG minimisation
 MIN: Iter =    0  NFunc =     1  E =    -573.56622  RMSG = 1.0276985e+01
 MIN: Iter =    1  NFunc =     7  E =    -582.33473  RMSG = 2.8221567e+00
 MIN: Iter =    2  NFunc =    17  E =    -583.73335  RMSG = 2.5198892e+00
 MIN: Iter =    3  NFunc =    24  E =    -585.04793  RMSG = 1.7651235e+00
 MIN: Iter =    4  NFunc =    38  E =    -585.75313  RMSG = 2.1445146e+00
 MIN: Iter =    5  NFunc =    46  E =    -586.15376  RMSG = 7.3933985e-01
 MIN: Iter =    6  NFunc =    52  E =    -586.33615  RMSG = 2.4042034e+00
 MIN: Iter =    7  NFunc =    61  E =    -586.81268  RMSG = 2.5362863e+00
 MIN: Iter =    8  NFunc =    69  E =    -587.37721  RMSG = 1.0042927e+00
 MIN: Iter =    9  NFunc =    75  E =    -587.51025  RMSG = 4.3186159e-01
 MIN: Iter =   10  NFunc =   114  E =    -587.73952  RMSG = 7.7707880e-01
 MIN: Iter =   11  NFunc =   120  E =    -587.82169  RMSG = 4.5947334e-01
 MIN: Iter =   12  NFunc =   136  E =    -587.90864  RMSG = 4.5720653e-01
 MIN: Iter =   13  NFunc =   143  E =    -587.92482  RMSG = 1.1143335e-01
 MIN: Iter =   14  NFunc =   153  E =    -587.93059  RMSG = 6.3048894e-02
 MIN: Iter =   15  NFunc =   163  E =    -587.93321  RMSG = 4.5778162e-02
 MIN: Iter =   16  NFunc =   214  E =    -587.94267  RMSG = 2.9683088e-01
 MIN: Iter =   17  NFunc =   220  E =    -587.95009  RMSG = 1.1815345e-01
 MIN: Iter =   18  NFunc =   258  E =    -587.96857  RMSG = 2.4196866e-01
 MIN: Iter =   19  NFunc =   264  E =    -587.97438  RMSG = 7.6066152e-02
 MIN: Iter =   20  NFunc =   303  E =    -587.99334  RMSG = 1.9266866e-01
 MIN: Iter =   21  NFunc =   311  E =    -588.00265  RMSG = 1.0671162e-01
 MIN: Iter =   22  NFunc =   324  E =    -588.01025  RMSG = 8.2556355e-02
 MIN: Iter =   23  NFunc =   339  E =    -588.01346  RMSG = 3.5175224e-02
 MIN: Iter =   24  NFunc =   348  E =    -588.01399  RMSG = 2.4200129e-02
 MIN: Iter =   25  NFunc =   366  E =    -588.01452  RMSG = 1.2004206e-02
 MIN: Iter =   26  NFunc =   381  E =    -588.01464  RMSG = 6.6625950e-03
 MIN: Iter =   27  NFunc =   407  E =    -588.01470  RMSG = 3.7195202e-03
 MIN: Iter =   28  NFunc =   420  E =    -588.01472  RMSG = 2.9303546e-03
 MIN: Iter =   29  NFunc =   430  E =    -588.01473  RMSG = 2.2456242e-03
 MIN: Iter =   30  NFunc =   445  E =    -588.01473  RMSG = 1.4186690e-03
 MIN: Iter =   31  NFunc =   474  E =    -588.01474  RMSG = 1.3348966e-03
 MIN: Iter =   32  NFunc =   490  E =    -588.01474  RMSG = 1.4936207e-03
 MIN: Iter =   33  NFunc =   496  E =    -588.01474  RMSG = 8.3439300e-04
 MIN: Iter =   34  NFunc =   531  E =    -588.01475  RMSG = 8.7059483e-04
 MIN: Iter =   35  NFunc =   545  E =    -588.01475  RMSG = 5.1401247e-04
 MIN: Iter =   36  NFunc =   553  E =    -588.01475  RMSG = 2.8948754e-04
----------------------------------------------------------------
 END:          :-)  E =    -588.01475  RMSG =   0.0002895

     bond:      7.893761864
    angle:     12.459674422
 dihedral:     17.299496358
    enb14:     14.356337052
    eel14:  -1009.496392406
      enb:     -4.450842090
      eel:    393.856297047
      egb:    -19.933079028
    econs:      0.000000000
    esurf:      0.000000000
    Total:   -588.014746782
     frms:      0.000289488
====== rms.dat  ======================================================
#Frame      all_heavy
       1       0.2638
