====== tleap.out =====================================================
-I: Adding /home/case/amber24/dat/leap/prep to search path.
-I: Adding /home/case/amber24/dat/leap/lib to search path.
-I: Adding /home/case/amber24/dat/leap/parm to search path.
-I: Adding /home/case/amber24/dat/leap/cmd to search path.
-f: Source leap.in.

Welcome to LEaP!
(no leaprc in search path)
Sourcing: ./leap.in
Using Bondi radii
----- Source: /home/case/amber24/dat/leap/cmd/leaprc.gaff2
----- Source of /home/case/amber24/dat/leap/cmd/leaprc.gaff2 done
Log file: ./leap.log
Loading parameters: /home/case/amber24/dat/leap/parm/gaff2.dat
Reading title:
AMBER General Force Field for organic molecules (Version 2.2.20, March 2021)
Loading parameters: ./GG6.frcmod
Reading force field modification type file (frcmod)
Reading title:
Remark line goes here
Loading Mol2 file: ./GG6.mol2
Reading MOLECULE named GG6
Checking Unit.

/home/case/amber24/bin/teLeap: Warning!
The unperturbed charge of the unit (-2.000000) is not zero.

/home/case/amber24/bin/teLeap: Note.
Ignoring the warning from Unit Checking.

Building topology.
"order_residues" off: keep input residue order.
Building atom parameters.
Building bond parameters.
Building angle parameters.
Building proper torsion parameters.
Building improper torsion parameters.
 total 0 improper torsions applied
Building H-Bond parameters.
Incorporating Non-Bonded adjustments.
Not Marking per-residue atom chain types.
Marking per-residue atom chain types.
  (Residues lacking connect0/connect1 - 
   these don't have chain types marked:

	res	total affected

	GG6	1
  )
 (no restraints)
	Quit

Exiting LEaP: Errors = 0; Warnings = 1; Notes = 1.
====== min.o =========================================================
Reading parm file (GG6.parm7)
title:
GG6                                                                             
no velocities were found
no velocities were found
	mm_options:  ntpr=5
	mm_options:  gb=1
	mm_options:  kappa=0.10395
	mm_options:  rgbmax=99.
	mm_options:  cut=99.0
	mm_options:  wcons=0.
     bond:      5.741281886
    angle:     10.172970064
 dihedral:      2.512503508
    enb14:      2.677928446
    eel14:    145.781629556
      enb:      4.012938406
      eel:    -88.476665443
      egb:   -224.815048867
    econs:      0.000000000
    esurf:      0.000000000
    Total:   -142.392462443
     frms:     16.419933595
Starting TNCG minimisation
 MIN: Iter =    0  NFunc =     1  E =    -142.39246  RMSG = 1.6419934e+01
 MIN: Iter =    1  NFunc =     7  E =    -149.67655  RMSG = 2.7309792e+00
 MIN: Iter =    2  NFunc =    16  E =    -150.85754  RMSG = 1.5745215e+00
 MIN: Iter =    3  NFunc =    26  E =    -151.23534  RMSG = 8.1421938e-01
 MIN: Iter =    4  NFunc =    40  E =    -151.47744  RMSG = 1.1762133e+00
 MIN: Iter =    5  NFunc =    48  E =    -151.61719  RMSG = 1.2449519e+00
 MIN: Iter =    6  NFunc =    61  E =    -151.72418  RMSG = 6.2186715e-01
 MIN: Iter =    7  NFunc =    67  E =    -151.74221  RMSG = 1.4626189e-01
 MIN: Iter =    8  NFunc =    74  E =    -151.74554  RMSG = 6.0907757e-02
 MIN: Iter =    9  NFunc =    92  E =    -151.74938  RMSG = 7.3022711e-02
 MIN: Iter =   10  NFunc =    98  E =    -151.74958  RMSG = 1.6637224e-02
 MIN: Iter =   11  NFunc =   106  E =    -151.74960  RMSG = 4.6940914e-03
 MIN: Iter =   12  NFunc =   116  E =    -151.74960  RMSG = 3.3901761e-03
 MIN: Iter =   13  NFunc =   122  E =    -151.74961  RMSG = 1.7987682e-03
 MIN: Iter =   14  NFunc =   135  E =    -151.74961  RMSG = 4.9544421e-04
----------------------------------------------------------------
 END:          :-)  E =    -151.74961  RMSG =   0.0004954

     bond:      2.089811110
    angle:      9.694976306
 dihedral:      2.112173418
    enb14:      1.006928044
    eel14:    121.852487465
      enb:      2.472093640
      eel:    -60.213326435
      egb:   -230.764750256
    econs:      0.000000000
    esurf:      0.000000000
    Total:   -151.749606709
     frms:      0.000495444
====== rms.dat  ======================================================
#Frame      all_heavy
       1       0.2052
