====== tleap.out =====================================================
-I: Adding /home/case/amber24/dat/leap/prep to search path.
-I: Adding /home/case/amber24/dat/leap/lib to search path.
-I: Adding /home/case/amber24/dat/leap/parm to search path.
-I: Adding /home/case/amber24/dat/leap/cmd to search path.
-f: Source leap.in.

Welcome to LEaP!
(no leaprc in search path)
Sourcing: ./leap.in
Using Bondi radii
----- Source: /home/case/amber24/dat/leap/cmd/leaprc.gaff2
----- Source of /home/case/amber24/dat/leap/cmd/leaprc.gaff2 done
Log file: ./leap.log
Loading parameters: /home/case/amber24/dat/leap/parm/gaff2.dat
Reading title:
AMBER General Force Field for organic molecules (Version 2.2.20, March 2021)
Loading parameters: ./GHQ.frcmod
Reading force field modification type file (frcmod)
Reading title:
Remark line goes here
Loading Mol2 file: ./GHQ.mol2
Reading MOLECULE named GHQ
Checking Unit.
Building topology.
"order_residues" off: keep input residue order.
Building atom parameters.
Building bond parameters.
Building angle parameters.
Building proper torsion parameters.
Building improper torsion parameters.
 total 8 improper torsions applied
Building H-Bond parameters.
Incorporating Non-Bonded adjustments.
Not Marking per-residue atom chain types.
Marking per-residue atom chain types.
  (Residues lacking connect0/connect1 - 
   these don't have chain types marked:

	res	total affected

	GHQ	1
  )
 (no restraints)
	Quit

Exiting LEaP: Errors = 0; Warnings = 0; Notes = 0.
====== min.o =========================================================
Reading parm file (GHQ.parm7)
title:
GHQ                                                                             
no velocities were found
no velocities were found
	mm_options:  ntpr=5
	mm_options:  gb=1
	mm_options:  kappa=0.10395
	mm_options:  rgbmax=99.
	mm_options:  cut=99.0
	mm_options:  wcons=0.
     bond:      1.118764642
    angle:      1.156323617
 dihedral:      9.531267182
    enb14:      5.864897752
    eel14:    -37.947781692
      enb:     -1.131780087
      eel:      5.704525036
      egb:    -13.541668743
    econs:      0.000000000
    esurf:      0.000000000
    Total:    -29.245452292
     frms:      6.561310203
Starting TNCG minimisation
 MIN: Iter =    0  NFunc =     1  E =     -29.24545  RMSG = 6.5613102e+00
 MIN: Iter =    1  NFunc =     7  E =     -31.72896  RMSG = 1.4260129e+00
 MIN: Iter =    2  NFunc =    16  E =     -32.43650  RMSG = 7.2464446e-01
 MIN: Iter =    3  NFunc =    33  E =     -32.85884  RMSG = 1.2749334e+00
 MIN: Iter =    4  NFunc =    39  E =     -32.97892  RMSG = 4.6242094e-01
 MIN: Iter =    5  NFunc =    47  E =     -33.06475  RMSG = 4.3755196e-01
 MIN: Iter =    6  NFunc =    87  E =     -33.21332  RMSG = 9.0594438e-01
 MIN: Iter =    7  NFunc =    93  E =     -33.29040  RMSG = 3.7567227e-01
 MIN: Iter =    8  NFunc =   110  E =     -33.33453  RMSG = 6.1268103e-01
 MIN: Iter =    9  NFunc =   116  E =     -33.36297  RMSG = 2.3961641e-01
 MIN: Iter =   10  NFunc =   127  E =     -33.39367  RMSG = 2.7018030e-01
 MIN: Iter =   11  NFunc =   138  E =     -33.40894  RMSG = 1.1170707e-01
 MIN: Iter =   12  NFunc =   146  E =     -33.41200  RMSG = 5.2096035e-02
 MIN: Iter =   13  NFunc =   172  E =     -33.41861  RMSG = 7.8269109e-02
 MIN: Iter =   14  NFunc =   180  E =     -33.41944  RMSG = 3.1093202e-02
 MIN: Iter =   15  NFunc =   191  E =     -33.41978  RMSG = 1.4500983e-02
 MIN: Iter =   16  NFunc =   205  E =     -33.41989  RMSG = 7.4441870e-03
 MIN: Iter =   17  NFunc =   221  E =     -33.41992  RMSG = 3.5443012e-03
 MIN: Iter =   18  NFunc =   244  E =     -33.41993  RMSG = 1.9252495e-03
 MIN: Iter =   19  NFunc =   256  E =     -33.41993  RMSG = 1.0668625e-03
 MIN: Iter =   20  NFunc =   281  E =     -33.41993  RMSG = 8.2039931e-04
 MIN: Iter =   21  NFunc =   320  E =     -33.41994  RMSG = 4.3606956e-04
----------------------------------------------------------------
 END:          :-)  E =     -33.41994  RMSG =   0.0004361

     bond:      0.524179600
    angle:      0.903694660
 dihedral:      6.949259517
    enb14:      4.529041619
    eel14:    -37.833856905
      enb:     -0.953621807
      eel:      6.351411880
      egb:    -13.890043772
    econs:      0.000000000
    esurf:      0.000000000
    Total:    -33.419935207
     frms:      0.000436070
====== rms.dat  ======================================================
#Frame      all_heavy
       1       0.2640
