====== tleap.out =====================================================
-I: Adding /home/case/amber24/dat/leap/prep to search path.
-I: Adding /home/case/amber24/dat/leap/lib to search path.
-I: Adding /home/case/amber24/dat/leap/parm to search path.
-I: Adding /home/case/amber24/dat/leap/cmd to search path.
-f: Source leap.in.

Welcome to LEaP!
(no leaprc in search path)
Sourcing: ./leap.in
Using Bondi radii
----- Source: /home/case/amber24/dat/leap/cmd/leaprc.gaff2
----- Source of /home/case/amber24/dat/leap/cmd/leaprc.gaff2 done
Log file: ./leap.log
Loading parameters: /home/case/amber24/dat/leap/parm/gaff2.dat
Reading title:
AMBER General Force Field for organic molecules (Version 2.2.20, March 2021)
Loading parameters: ./GI8.frcmod
Reading force field modification type file (frcmod)
Reading title:
Remark line goes here
Loading Mol2 file: ./GI8.mol2
Reading MOLECULE named GI8
Checking Unit.
Building topology.
"order_residues" off: keep input residue order.
Building atom parameters.
Building bond parameters.
Building angle parameters.
Building proper torsion parameters.
Building improper torsion parameters.
 total 17 improper torsions applied
Building H-Bond parameters.
Incorporating Non-Bonded adjustments.
Not Marking per-residue atom chain types.
Marking per-residue atom chain types.
  (Residues lacking connect0/connect1 - 
   these don't have chain types marked:

	res	total affected

	GI8	1
  )
 (no restraints)
	Quit

Exiting LEaP: Errors = 0; Warnings = 0; Notes = 0.
====== min.o =========================================================
Reading parm file (GI8.parm7)
title:
GI8                                                                             
no velocities were found
no velocities were found
	mm_options:  ntpr=5
	mm_options:  gb=1
	mm_options:  kappa=0.10395
	mm_options:  rgbmax=99.
	mm_options:  cut=99.0
	mm_options:  wcons=0.
     bond:      4.293925503
    angle:     21.471026376
 dihedral:      7.717986394
    enb14:     13.888510952
    eel14:   -212.155854392
      enb:     -5.520541834
      eel:    113.560310294
      egb:    -35.324452183
    econs:      0.000000000
    esurf:      0.000000000
    Total:    -92.069088890
     frms:     10.536046252
Starting TNCG minimisation
 MIN: Iter =    0  NFunc =     1  E =     -92.06909  RMSG = 1.0536046e+01
 MIN: Iter =    1  NFunc =     7  E =    -103.57587  RMSG = 3.2170356e+00
 MIN: Iter =    2  NFunc =    29  E =    -104.27791  RMSG = 3.3567797e+00
 MIN: Iter =    3  NFunc =    36  E =    -106.27526  RMSG = 1.2434013e+00
 MIN: Iter =    4  NFunc =    49  E =    -107.17435  RMSG = 5.8886018e-01
 MIN: Iter =    5  NFunc =    61  E =    -107.50167  RMSG = 8.8394020e-01
 MIN: Iter =    6  NFunc =    67  E =    -107.59116  RMSG = 2.9739490e-01
 MIN: Iter =    7  NFunc =    93  E =    -107.73719  RMSG = 2.6662726e-01
 MIN: Iter =    8  NFunc =   144  E =    -107.82173  RMSG = 4.6101877e-01
 MIN: Iter =    9  NFunc =   151  E =    -107.85880  RMSG = 1.3822372e-01
 MIN: Iter =   10  NFunc =   203  E =    -107.88641  RMSG = 1.6782776e-01
 MIN: Iter =   11  NFunc =   229  E =    -107.91533  RMSG = 2.1260867e-01
 MIN: Iter =   12  NFunc =   236  E =    -107.94130  RMSG = 2.1689547e-01
 MIN: Iter =   13  NFunc =   244  E =    -107.96841  RMSG = 2.7929290e-01
 MIN: Iter =   14  NFunc =   251  E =    -107.99201  RMSG = 1.1959402e-01
 MIN: Iter =   15  NFunc =   266  E =    -108.00927  RMSG = 1.4948526e-01
 MIN: Iter =   16  NFunc =   273  E =    -108.02680  RMSG = 1.2785602e-01
 MIN: Iter =   17  NFunc =   282  E =    -108.04204  RMSG = 1.7789037e-01
 MIN: Iter =   18  NFunc =   288  E =    -108.04758  RMSG = 6.4572169e-02
 MIN: Iter =   19  NFunc =   307  E =    -108.05837  RMSG = 1.2527722e-01
 MIN: Iter =   20  NFunc =   317  E =    -108.06883  RMSG = 1.2468721e-01
 MIN: Iter =   21  NFunc =   324  E =    -108.07385  RMSG = 6.6907491e-02
 MIN: Iter =   22  NFunc =   330  E =    -108.07656  RMSG = 6.6828926e-02
 MIN: Iter =   23  NFunc =   345  E =    -108.08126  RMSG = 1.1752884e-01
 MIN: Iter =   24  NFunc =   352  E =    -108.08387  RMSG = 3.7327468e-02
 MIN: Iter =   25  NFunc =   374  E =    -108.08605  RMSG = 6.1627654e-02
 MIN: Iter =   26  NFunc =   387  E =    -108.08876  RMSG = 5.4546761e-02
 MIN: Iter =   27  NFunc =   396  E =    -108.09041  RMSG = 3.3430593e-02
 MIN: Iter =   28  NFunc =   417  E =    -108.09251  RMSG = 7.9324939e-02
 MIN: Iter =   29  NFunc =   423  E =    -108.09326  RMSG = 1.9178478e-02
 MIN: Iter =   30  NFunc =   452  E =    -108.09416  RMSG = 3.9625569e-02
 MIN: Iter =   31  NFunc =   458  E =    -108.09436  RMSG = 7.9149073e-03
 MIN: Iter =   32  NFunc =   484  E =    -108.09473  RMSG = 1.3444154e-02
 MIN: Iter =   33  NFunc =   502  E =    -108.09489  RMSG = 5.6409855e-03
 MIN: Iter =   34  NFunc =   546  E =    -108.09518  RMSG = 5.0172525e-03
 MIN: Iter =   35  NFunc =   597  E =    -108.09527  RMSG = 4.5421592e-03
 MIN: Iter =   36  NFunc =   607  E =    -108.09529  RMSG = 3.0379299e-03
 MIN: Iter =   37  NFunc =   638  E =    -108.09534  RMSG = 3.0319246e-03
 MIN: Iter =   38  NFunc =   654  E =    -108.09535  RMSG = 1.7255388e-03
 MIN: Iter =   39  NFunc =   688  E =    -108.09536  RMSG = 1.1926839e-03
 MIN: Iter =   40  NFunc =   717  E =    -108.09537  RMSG = 1.1334318e-03
 MIN: Iter =   41  NFunc =   768  E =    -108.09538  RMSG = 1.7478138e-03
 MIN: Iter =   42  NFunc =   807  E =    -108.09539  RMSG = 1.3359485e-03
 MIN: Iter =   43  NFunc =   858  E =    -108.09539  RMSG = 8.6501045e-04
 MIN: Iter =   44  NFunc =   891  E =    -108.09540  RMSG = 4.7215110e-04
----------------------------------------------------------------
 END:          :-)  E =    -108.09540  RMSG =   0.0004722

     bond:      3.483111094
    angle:     15.136492161
 dihedral:      8.231335777
    enb14:      9.171963283
    eel14:   -209.114334222
      enb:     -8.440283112
      eel:    111.536146007
      egb:    -38.099826120
    econs:      0.000000000
    esurf:      0.000000000
    Total:   -108.095395131
     frms:      0.000472151
====== rms.dat  ======================================================
#Frame      all_heavy
       1       0.3565
