====== tleap.out =====================================================
-I: Adding /home/case/amber24/dat/leap/prep to search path.
-I: Adding /home/case/amber24/dat/leap/lib to search path.
-I: Adding /home/case/amber24/dat/leap/parm to search path.
-I: Adding /home/case/amber24/dat/leap/cmd to search path.
-f: Source leap.in.

Welcome to LEaP!
(no leaprc in search path)
Sourcing: ./leap.in
Using Bondi radii
----- Source: /home/case/amber24/dat/leap/cmd/leaprc.gaff2
----- Source of /home/case/amber24/dat/leap/cmd/leaprc.gaff2 done
Log file: ./leap.log
Loading parameters: /home/case/amber24/dat/leap/parm/gaff2.dat
Reading title:
AMBER General Force Field for organic molecules (Version 2.2.20, March 2021)
Loading parameters: ./GNW.frcmod
Reading force field modification type file (frcmod)
Reading title:
Remark line goes here
Loading Mol2 file: ./GNW.mol2
Reading MOLECULE named GNW
Checking Unit.
Building topology.
"order_residues" off: keep input residue order.
Building atom parameters.
Building bond parameters.
Building angle parameters.
Building proper torsion parameters.
Building improper torsion parameters.
 total 6 improper torsions applied
Building H-Bond parameters.
Incorporating Non-Bonded adjustments.
Not Marking per-residue atom chain types.
Marking per-residue atom chain types.
  (Residues lacking connect0/connect1 - 
   these don't have chain types marked:

	res	total affected

	GNW	1
  )
 (no restraints)
	Quit

Exiting LEaP: Errors = 0; Warnings = 0; Notes = 0.
====== min.o =========================================================
Reading parm file (GNW.parm7)
title:
GNW                                                                             
no velocities were found
no velocities were found
	mm_options:  ntpr=5
	mm_options:  gb=1
	mm_options:  kappa=0.10395
	mm_options:  rgbmax=99.
	mm_options:  cut=99.0
	mm_options:  wcons=0.
     bond:      0.971051483
    angle:      1.290909471
 dihedral:      0.495750781
    enb14:      9.001290223
    eel14:     89.943470613
      enb:     -2.130487766
      eel:    -34.719549544
      egb:     -8.265044978
    econs:      0.000000000
    esurf:      0.000000000
    Total:     56.587390283
     frms:      6.665080711
Starting TNCG minimisation
 MIN: Iter =    0  NFunc =     1  E =      56.58739  RMSG = 6.6650807e+00
 MIN: Iter =    1  NFunc =     7  E =      50.64948  RMSG = 2.1693213e+00
 MIN: Iter =    2  NFunc =    15  E =      49.46528  RMSG = 1.0290212e+00
 MIN: Iter =    3  NFunc =    22  E =      49.31494  RMSG = 4.3635584e-01
 MIN: Iter =    4  NFunc =    50  E =      49.03838  RMSG = 7.7216389e-01
 MIN: Iter =    5  NFunc =    56  E =      48.97905  RMSG = 2.0996067e-01
 MIN: Iter =    6  NFunc =    73  E =      48.91784  RMSG = 2.4757792e-01
 MIN: Iter =    7  NFunc =    93  E =      48.85326  RMSG = 2.5384464e-01
 MIN: Iter =    8  NFunc =   134  E =      48.79077  RMSG = 3.4290484e-01
 MIN: Iter =    9  NFunc =   140  E =      48.77473  RMSG = 1.1968177e-01
 MIN: Iter =   10  NFunc =   171  E =      48.74937  RMSG = 4.3920444e-01
 MIN: Iter =   11  NFunc =   177  E =      48.72695  RMSG = 1.1724997e-01
 MIN: Iter =   12  NFunc =   187  E =      48.72056  RMSG = 2.1461569e-01
 MIN: Iter =   13  NFunc =   193  E =      48.71430  RMSG = 8.5930077e-02
 MIN: Iter =   14  NFunc =   202  E =      48.71297  RMSG = 3.5768704e-02
 MIN: Iter =   15  NFunc =   214  E =      48.71243  RMSG = 1.8642435e-02
 MIN: Iter =   16  NFunc =   220  E =      48.71233  RMSG = 1.1778384e-02
 MIN: Iter =   17  NFunc =   243  E =      48.71214  RMSG = 6.5219245e-03
 MIN: Iter =   18  NFunc =   249  E =      48.71213  RMSG = 3.5785946e-03
 MIN: Iter =   19  NFunc =   255  E =      48.71212  RMSG = 1.4331659e-03
 MIN: Iter =   20  NFunc =   279  E =      48.71212  RMSG = 1.3046631e-03
 MIN: Iter =   21  NFunc =   291  E =      48.71211  RMSG = 8.0437224e-04
 MIN: Iter =   22  NFunc =   303  E =      48.71211  RMSG = 2.4619403e-04
----------------------------------------------------------------
 END:          :-)  E =      48.71211  RMSG =   0.0002462

     bond:      1.540055694
    angle:      0.518404730
 dihedral:      0.466586017
    enb14:      5.454982717
    eel14:     86.235496703
      enb:     -2.525583024
      eel:    -32.736701989
      egb:    -10.241126644
    econs:      0.000000000
    esurf:      0.000000000
    Total:     48.712114206
     frms:      0.000246194
====== rms.dat  ======================================================
#Frame      all_heavy
       1       0.3620
