====== tleap.out =====================================================
-I: Adding /home/case/amber24/dat/leap/prep to search path.
-I: Adding /home/case/amber24/dat/leap/lib to search path.
-I: Adding /home/case/amber24/dat/leap/parm to search path.
-I: Adding /home/case/amber24/dat/leap/cmd to search path.
-f: Source leap.in.

Welcome to LEaP!
(no leaprc in search path)
Sourcing: ./leap.in
Using Bondi radii
----- Source: /home/case/amber24/dat/leap/cmd/leaprc.gaff2
----- Source of /home/case/amber24/dat/leap/cmd/leaprc.gaff2 done
Log file: ./leap.log
Loading parameters: /home/case/amber24/dat/leap/parm/gaff2.dat
Reading title:
AMBER General Force Field for organic molecules (Version 2.2.20, March 2021)
Loading parameters: ./GOI.frcmod
Reading force field modification type file (frcmod)
Reading title:
Remark line goes here
Loading Mol2 file: ./GOI.mol2
Reading MOLECULE named GOI
Checking Unit.
Building topology.
"order_residues" off: keep input residue order.
Building atom parameters.
Building bond parameters.
Building angle parameters.
Building proper torsion parameters.
Building improper torsion parameters.
 total 15 improper torsions applied
Building H-Bond parameters.
Incorporating Non-Bonded adjustments.
Not Marking per-residue atom chain types.
Marking per-residue atom chain types.
  (Residues lacking connect0/connect1 - 
   these don't have chain types marked:

	res	total affected

	GOI	1
  )
 (no restraints)
	Quit

Exiting LEaP: Errors = 0; Warnings = 0; Notes = 0.
====== min.o =========================================================
Reading parm file (GOI.parm7)
title:
GOI                                                                             
no velocities were found
no velocities were found
	mm_options:  ntpr=5
	mm_options:  gb=1
	mm_options:  kappa=0.10395
	mm_options:  rgbmax=99.
	mm_options:  cut=99.0
	mm_options:  wcons=0.
     bond:      3.228730697
    angle:     10.786189947
 dihedral:     37.627628508
    enb14:     22.658440341
    eel14:    261.586006197
      enb:     -7.994761850
      eel:   -143.010030559
      egb:    -35.847541665
    econs:      0.000000000
    esurf:      0.000000000
    Total:    149.034661615
     frms:      9.214029972
Starting TNCG minimisation
 MIN: Iter =    0  NFunc =     1  E =     149.03466  RMSG = 9.2140300e+00
 MIN: Iter =    1  NFunc =     7  E =     132.50043  RMSG = 3.0195645e+00
 MIN: Iter =    2  NFunc =    17  E =     127.49045  RMSG = 1.5387118e+00
 MIN: Iter =    3  NFunc =    33  E =     125.71394  RMSG = 7.5892774e-01
 MIN: Iter =    4  NFunc =    44  E =     125.20049  RMSG = 4.5162078e-01
 MIN: Iter =    5  NFunc =    79  E =     124.57499  RMSG = 7.7424484e-01
 MIN: Iter =    6  NFunc =    99  E =     124.13808  RMSG = 4.7068048e-01
 MIN: Iter =    7  NFunc =   109  E =     123.90059  RMSG = 3.1282480e-01
 MIN: Iter =    8  NFunc =   132  E =     123.62541  RMSG = 4.0783330e-01
 MIN: Iter =    9  NFunc =   149  E =     123.43043  RMSG = 2.2525210e-01
 MIN: Iter =   10  NFunc =   158  E =     123.35135  RMSG = 1.9621078e-01
 MIN: Iter =   11  NFunc =   201  E =     123.21109  RMSG = 3.3758266e-01
 MIN: Iter =   12  NFunc =   207  E =     123.18423  RMSG = 1.0435755e-01
 MIN: Iter =   13  NFunc =   258  E =     123.08481  RMSG = 3.8994579e-01
 MIN: Iter =   14  NFunc =   264  E =     123.04499  RMSG = 1.4135581e-01
 MIN: Iter =   15  NFunc =   293  E =     122.98184  RMSG = 1.9760343e-01
 MIN: Iter =   16  NFunc =   312  E =     122.93123  RMSG = 1.6110406e-01
 MIN: Iter =   17  NFunc =   347  E =     122.87903  RMSG = 1.8939507e-01
 MIN: Iter =   18  NFunc =   367  E =     122.83020  RMSG = 1.5678840e-01
 MIN: Iter =   19  NFunc =   386  E =     122.80297  RMSG = 1.1022244e-01
 MIN: Iter =   20  NFunc =   400  E =     122.78654  RMSG = 9.5432391e-02
 MIN: Iter =   21  NFunc =   441  E =     122.75244  RMSG = 1.3632649e-01
 MIN: Iter =   22  NFunc =   477  E =     122.71462  RMSG = 1.7325749e-01
 MIN: Iter =   23  NFunc =   484  E =     122.70464  RMSG = 6.5258584e-02
 MIN: Iter =   24  NFunc =   509  E =     122.68660  RMSG = 1.3382128e-01
 MIN: Iter =   25  NFunc =   516  E =     122.68128  RMSG = 3.8041684e-02
 MIN: Iter =   26  NFunc =   564  E =     122.66325  RMSG = 1.9397887e-01
 MIN: Iter =   27  NFunc =   570  E =     122.65401  RMSG = 5.3647519e-02
 MIN: Iter =   28  NFunc =   597  E =     122.64280  RMSG = 6.3725667e-02
 MIN: Iter =   29  NFunc =   603  E =     122.64120  RMSG = 3.0880635e-02
 MIN: Iter =   30  NFunc =   654  E =     122.63012  RMSG = 1.2567151e-01
 MIN: Iter =   31  NFunc =   661  E =     122.62402  RMSG = 5.5296456e-02
 MIN: Iter =   32  NFunc =   712  E =     122.60305  RMSG = 2.0035553e-01
 MIN: Iter =   33  NFunc =   718  E =     122.58846  RMSG = 7.6503870e-02
 MIN: Iter =   34  NFunc =   744  E =     122.57477  RMSG = 1.6767437e-01
 MIN: Iter =   35  NFunc =   750  E =     122.56605  RMSG = 5.4737359e-02
 MIN: Iter =   36  NFunc =   790  E =     122.55765  RMSG = 1.6506210e-01
 MIN: Iter =   37  NFunc =   796  E =     122.55110  RMSG = 4.4938748e-02
 MIN: Iter =   38  NFunc =   819  E =     122.54706  RMSG = 1.0117241e-01
 MIN: Iter =   39  NFunc =   825  E =     122.54420  RMSG = 3.4211457e-02
 MIN: Iter =   40  NFunc =   851  E =     122.54091  RMSG = 4.2543992e-02
 MIN: Iter =   41  NFunc =   858  E =     122.54011  RMSG = 1.9607343e-02
 MIN: Iter =   42  NFunc =   875  E =     122.53856  RMSG = 1.8282825e-02
 MIN: Iter =   43  NFunc =   926  E =     122.53642  RMSG = 3.6576841e-02
 MIN: Iter =   44  NFunc =   977  E =     122.53239  RMSG = 3.9082740e-02
 MIN: Iter =   45  NFunc =   983  E =     122.53180  RMSG = 1.6271114e-02
 MIN: Iter =   46  NFunc =  1014  E =     122.52902  RMSG = 2.4204555e-02
 MIN: Iter =   47  NFunc =  1045  E =     122.52764  RMSG = 1.1444156e-02
 MIN: Iter =   48  NFunc =  1078  E =     122.52691  RMSG = 8.5432815e-03
 MIN: Iter =   49  NFunc =  1110  E =     122.52649  RMSG = 6.0656011e-03
 MIN: Iter =   50  NFunc =  1152  E =     122.52626  RMSG = 4.2861142e-03
 MIN: Iter =   51  NFunc =  1203  E =     122.52606  RMSG = 4.8847054e-03
 MIN: Iter =   52  NFunc =  1239  E =     122.52594  RMSG = 3.2085060e-03
 MIN: Iter =   53  NFunc =  1269  E =     122.52590  RMSG = 1.6872886e-03
 MIN: Iter =   54  NFunc =  1318  E =     122.52586  RMSG = 1.6653143e-03
 MIN: Iter =   55  NFunc =  1358  E =     122.52585  RMSG = 9.8357869e-04
 MIN: Iter =   56  NFunc =  1409  E =     122.52582  RMSG = 1.4228610e-03
 MIN: Iter =   57  NFunc =  1460  E =     122.52580  RMSG = 1.6728147e-03
 MIN: Iter =   58  NFunc =  1493  E =     122.52579  RMSG = 9.4773974e-04
 MIN: Iter =   59  NFunc =  1544  E =     122.52578  RMSG = 9.3088413e-04
 MIN: Iter =   60  NFunc =  1595  E =     122.52577  RMSG = 2.2338475e-03
 MIN: Iter =   61  NFunc =  1646  E =     122.52574  RMSG = 1.2434408e-03
 MIN: Iter =   62  NFunc =  1697  E =     122.52573  RMSG = 1.2983076e-03
 MIN: Iter =   63  NFunc =  1748  E =     122.52572  RMSG = 1.5298478e-03
 MIN: Iter =   64  NFunc =  1767  E =     122.52571  RMSG = 7.3536796e-04
 MIN: Iter =   65  NFunc =  1792  E =     122.52571  RMSG = 5.8498514e-04
 MIN: Iter =   66  NFunc =  1823  E =     122.52571  RMSG = 3.6822005e-04
----------------------------------------------------------------
 END:          :-)  E =     122.52571  RMSG =   0.0003682

     bond:      4.278141922
    angle:      6.839027197
 dihedral:     35.156239249
    enb14:     14.824280881
    eel14:    257.160679861
      enb:    -10.413349606
      eel:   -146.611901477
      egb:    -38.707411638
    econs:      0.000000000
    esurf:      0.000000000
    Total:    122.525706387
     frms:      0.000368220
====== rms.dat  ======================================================
#Frame      all_heavy
       1       1.1730
