====== tleap.out =====================================================
-I: Adding /home/case/amber24/dat/leap/prep to search path.
-I: Adding /home/case/amber24/dat/leap/lib to search path.
-I: Adding /home/case/amber24/dat/leap/parm to search path.
-I: Adding /home/case/amber24/dat/leap/cmd to search path.
-f: Source leap.in.

Welcome to LEaP!
(no leaprc in search path)
Sourcing: ./leap.in
Using Bondi radii
----- Source: /home/case/amber24/dat/leap/cmd/leaprc.gaff2
----- Source of /home/case/amber24/dat/leap/cmd/leaprc.gaff2 done
Log file: ./leap.log
Loading parameters: /home/case/amber24/dat/leap/parm/gaff2.dat
Reading title:
AMBER General Force Field for organic molecules (Version 2.2.20, March 2021)
Loading parameters: ./GRC.frcmod
Reading force field modification type file (frcmod)
Reading title:
Remark line goes here
Loading Mol2 file: ./GRC.mol2
Reading MOLECULE named GRC
Checking Unit.

/home/case/amber24/bin/teLeap: Warning!
The unperturbed charge of the unit (-4.002001) is not zero.

/home/case/amber24/bin/teLeap: Note.
Ignoring the warning from Unit Checking.

Building topology.
"order_residues" off: keep input residue order.
Building atom parameters.
Building bond parameters.
Building angle parameters.
Building proper torsion parameters.
Building improper torsion parameters.
 total 8 improper torsions applied
Building H-Bond parameters.
Incorporating Non-Bonded adjustments.
Not Marking per-residue atom chain types.
Marking per-residue atom chain types.
  (Residues lacking connect0/connect1 - 
   these don't have chain types marked:

	res	total affected

	GRC	1
  )
 (no restraints)
	Quit

Exiting LEaP: Errors = 0; Warnings = 1; Notes = 1.
====== min.o =========================================================
Reading parm file (GRC.parm7)
title:
GRC                                                                             
no velocities were found
no velocities were found
	mm_options:  ntpr=5
	mm_options:  gb=1
	mm_options:  kappa=0.10395
	mm_options:  rgbmax=99.
	mm_options:  cut=99.0
	mm_options:  wcons=0.
     bond:      8.871841040
    angle:     40.753413702
 dihedral:     63.598419743
    enb14:      6.030879181
    eel14:  -1192.134596301
      enb:     -5.358765016
      eel:   1041.007429998
      egb:   -682.910844772
    econs:      0.000000000
    esurf:      0.000000000
    Total:   -720.142222425
     frms:     21.066937258
Starting TNCG minimisation
 MIN: Iter =    0  NFunc =     1  E =    -720.14222  RMSG = 2.1066937e+01
 MIN: Iter =    1  NFunc =     7  E =    -759.66173  RMSG = 5.7331417e+00
 MIN: Iter =    2  NFunc =    14  E =    -767.29505  RMSG = 2.8281102e+00
 MIN: Iter =    3  NFunc =    24  E =    -770.60477  RMSG = 1.7428342e+00
 MIN: Iter =    4  NFunc =    41  E =    -772.57017  RMSG = 1.5442397e+00
 MIN: Iter =    5  NFunc =    50  E =    -773.65020  RMSG = 1.4060432e+00
 MIN: Iter =    6  NFunc =    65  E =    -774.42714  RMSG = 1.1516431e+00
 MIN: Iter =    7  NFunc =    82  E =    -774.88283  RMSG = 5.8534656e-01
 MIN: Iter =    8  NFunc =    94  E =    -775.01979  RMSG = 3.0994594e-01
 MIN: Iter =    9  NFunc =   133  E =    -775.19834  RMSG = 4.6753094e-01
 MIN: Iter =   10  NFunc =   154  E =    -775.30322  RMSG = 3.8817469e-01
 MIN: Iter =   11  NFunc =   205  E =    -775.41116  RMSG = 8.2100873e-01
 MIN: Iter =   12  NFunc =   212  E =    -775.53298  RMSG = 4.9261672e-01
 MIN: Iter =   13  NFunc =   235  E =    -775.69015  RMSG = 8.1888266e-01
 MIN: Iter =   14  NFunc =   244  E =    -775.87506  RMSG = 6.5834657e-01
 MIN: Iter =   15  NFunc =   251  E =    -776.01332  RMSG = 7.1806861e-01
 MIN: Iter =   16  NFunc =   265  E =    -776.20316  RMSG = 7.3201689e-01
 MIN: Iter =   17  NFunc =   274  E =    -776.34458  RMSG = 5.3119316e-01
 MIN: Iter =   18  NFunc =   300  E =    -776.54957  RMSG = 8.1842539e-01
 MIN: Iter =   19  NFunc =   313  E =    -776.73530  RMSG = 6.4776018e-01
 MIN: Iter =   20  NFunc =   320  E =    -776.81907  RMSG = 3.0456864e-01
 MIN: Iter =   21  NFunc =   342  E =    -776.90223  RMSG = 4.0407649e-01
 MIN: Iter =   22  NFunc =   348  E =    -776.91844  RMSG = 1.2124652e-01
 MIN: Iter =   23  NFunc =   399  E =    -777.02776  RMSG = 2.6951515e-01
 MIN: Iter =   24  NFunc =   415  E =    -777.11783  RMSG = 3.5633573e-01
 MIN: Iter =   25  NFunc =   426  E =    -777.19518  RMSG = 3.5255635e-01
 MIN: Iter =   26  NFunc =   436  E =    -777.24247  RMSG = 2.1239178e-01
 MIN: Iter =   27  NFunc =   449  E =    -777.28862  RMSG = 2.3651814e-01
 MIN: Iter =   28  NFunc =   456  E =    -777.30663  RMSG = 1.4503714e-01
 MIN: Iter =   29  NFunc =   491  E =    -777.37537  RMSG = 2.0830641e-01
 MIN: Iter =   30  NFunc =   505  E =    -777.40394  RMSG = 1.4047280e-01
 MIN: Iter =   31  NFunc =   516  E =    -777.41416  RMSG = 7.0458793e-02
 MIN: Iter =   32  NFunc =   557  E =    -777.44029  RMSG = 2.2407681e-01
 MIN: Iter =   33  NFunc =   563  E =    -777.44521  RMSG = 6.0651183e-02
 MIN: Iter =   34  NFunc =   602  E =    -777.45479  RMSG = 4.2553612e-02
 MIN: Iter =   35  NFunc =   648  E =    -777.45954  RMSG = 3.9483277e-02
 MIN: Iter =   36  NFunc =   654  E =    -777.45979  RMSG = 1.3525998e-02
 MIN: Iter =   37  NFunc =   705  E =    -777.46202  RMSG = 4.4057177e-02
 MIN: Iter =   38  NFunc =   716  E =    -777.46270  RMSG = 1.8417803e-02
 MIN: Iter =   39  NFunc =   727  E =    -777.46292  RMSG = 1.0934598e-02
 MIN: Iter =   40  NFunc =   773  E =    -777.46351  RMSG = 9.3298243e-03
 MIN: Iter =   41  NFunc =   797  E =    -777.46366  RMSG = 5.3905281e-03
 MIN: Iter =   42  NFunc =   815  E =    -777.46373  RMSG = 4.2915192e-03
 MIN: Iter =   43  NFunc =   846  E =    -777.46377  RMSG = 2.9610092e-03
 MIN: Iter =   44  NFunc =   866  E =    -777.46378  RMSG = 1.7369037e-03
 MIN: Iter =   45  NFunc =   913  E =    -777.46382  RMSG = 1.8282669e-03
 MIN: Iter =   46  NFunc =   921  E =    -777.46383  RMSG = 1.3057130e-03
 MIN: Iter =   47  NFunc =   972  E =    -777.46384  RMSG = 2.0448769e-03
 MIN: Iter =   48  NFunc =   987  E =    -777.46384  RMSG = 1.2170307e-03
 MIN: Iter =   49  NFunc =  1007  E =    -777.46384  RMSG = 1.1820905e-03
 MIN: Iter =   50  NFunc =  1053  E =    -777.46385  RMSG = 1.0057398e-03
 MIN: Iter =   51  NFunc =  1066  E =    -777.46385  RMSG = 6.2564758e-04
 MIN: Iter =   52  NFunc =  1079  E =    -777.46385  RMSG = 3.6282594e-04
----------------------------------------------------------------
 END:          :-)  E =    -777.46385  RMSG =   0.0003628

     bond:      6.556168336
    angle:     37.784263500
 dihedral:     62.315347753
    enb14:      7.374707079
    eel14:  -1331.012719691
      enb:     -3.573519884
      eel:   1133.893554501
      egb:   -690.801654038
    econs:      0.000000000
    esurf:      0.000000000
    Total:   -777.463852444
     frms:      0.000362826
====== rms.dat  ======================================================
#Frame      all_heavy
       1       1.3372
