====== tleap.out =====================================================
-I: Adding /home/case/amber24/dat/leap/prep to search path.
-I: Adding /home/case/amber24/dat/leap/lib to search path.
-I: Adding /home/case/amber24/dat/leap/parm to search path.
-I: Adding /home/case/amber24/dat/leap/cmd to search path.
-f: Source leap.in.

Welcome to LEaP!
(no leaprc in search path)
Sourcing: ./leap.in
Using Bondi radii
----- Source: /home/case/amber24/dat/leap/cmd/leaprc.gaff2
----- Source of /home/case/amber24/dat/leap/cmd/leaprc.gaff2 done
Log file: ./leap.log
Loading parameters: /home/case/amber24/dat/leap/parm/gaff2.dat
Reading title:
AMBER General Force Field for organic molecules (Version 2.2.20, March 2021)
Loading parameters: ./GRM.frcmod
Reading force field modification type file (frcmod)
Reading title:
Remark line goes here
Loading Mol2 file: ./GRM.mol2
Reading MOLECULE named GRM
Checking Unit.
Building topology.
"order_residues" off: keep input residue order.
Building atom parameters.
Building bond parameters.
Building angle parameters.
Building proper torsion parameters.
Building improper torsion parameters.
 total 18 improper torsions applied
Building H-Bond parameters.
Incorporating Non-Bonded adjustments.
Not Marking per-residue atom chain types.
Marking per-residue atom chain types.
  (Residues lacking connect0/connect1 - 
   these don't have chain types marked:

	res	total affected

	GRM	1
  )
 (no restraints)
	Quit

Exiting LEaP: Errors = 0; Warnings = 0; Notes = 0.
====== min.o =========================================================
Reading parm file (GRM.parm7)
title:
GRM                                                                             
no velocities were found
no velocities were found
	mm_options:  ntpr=5
	mm_options:  gb=1
	mm_options:  kappa=0.10395
	mm_options:  rgbmax=99.
	mm_options:  cut=99.0
	mm_options:  wcons=0.
     bond:      4.061533335
    angle:     12.662582196
 dihedral:     49.264823910
    enb14:     18.202499312
    eel14:      8.582723697
      enb:     -3.987300756
      eel:    -49.718540738
      egb:    -18.660431171
    econs:      0.000000000
    esurf:      0.000000000
    Total:     20.407889786
     frms:     11.685683800
Starting TNCG minimisation
 MIN: Iter =    0  NFunc =     1  E =      20.40789  RMSG = 1.1685684e+01
 MIN: Iter =    1  NFunc =     7  E =       8.98183  RMSG = 1.9046149e+00
 MIN: Iter =    2  NFunc =    18  E =       7.01379  RMSG = 7.6086994e-01
 MIN: Iter =    3  NFunc =    69  E =       6.42702  RMSG = 8.6891399e-01
 MIN: Iter =    4  NFunc =    75  E =       5.92265  RMSG = 8.8451069e-01
 MIN: Iter =    5  NFunc =    81  E =       5.45061  RMSG = 7.9770242e-01
 MIN: Iter =    6  NFunc =   132  E =       4.78027  RMSG = 9.3164820e-01
 MIN: Iter =    7  NFunc =   139  E =       4.23429  RMSG = 8.8081220e-01
 MIN: Iter =    8  NFunc =   145  E =       3.72328  RMSG = 8.0855434e-01
 MIN: Iter =    9  NFunc =   151  E =       3.29902  RMSG = 7.0866325e-01
 MIN: Iter =   10  NFunc =   157  E =       2.96887  RMSG = 6.4561690e-01
 MIN: Iter =   11  NFunc =   165  E =       2.71703  RMSG = 4.3162737e-01
 MIN: Iter =   12  NFunc =   176  E =       2.60076  RMSG = 2.7860628e-01
 MIN: Iter =   13  NFunc =   213  E =       2.38927  RMSG = 3.2508683e-01
 MIN: Iter =   14  NFunc =   225  E =       2.32474  RMSG = 1.7139238e-01
 MIN: Iter =   15  NFunc =   276  E =       2.21450  RMSG = 2.5562027e-01
 MIN: Iter =   16  NFunc =   307  E =       2.12908  RMSG = 2.2458210e-01
 MIN: Iter =   17  NFunc =   323  E =       2.05974  RMSG = 1.8167900e-01
 MIN: Iter =   18  NFunc =   337  E =       1.99943  RMSG = 1.6824831e-01
 MIN: Iter =   19  NFunc =   346  E =       1.95729  RMSG = 1.6405081e-01
 MIN: Iter =   20  NFunc =   352  E =       1.93133  RMSG = 1.5756811e-01
 MIN: Iter =   21  NFunc =   359  E =       1.91452  RMSG = 7.6468981e-02
 MIN: Iter =   22  NFunc =   371  E =       1.90375  RMSG = 6.5417154e-02
 MIN: Iter =   23  NFunc =   401  E =       1.88373  RMSG = 1.1759352e-01
 MIN: Iter =   24  NFunc =   407  E =       1.88111  RMSG = 4.2879956e-02
 MIN: Iter =   25  NFunc =   439  E =       1.87406  RMSG = 7.1802555e-02
 MIN: Iter =   26  NFunc =   445  E =       1.87322  RMSG = 2.2420271e-02
 MIN: Iter =   27  NFunc =   497  E =       1.86345  RMSG = 1.1278411e-01
 MIN: Iter =   28  NFunc =   503  E =       1.85762  RMSG = 6.4727558e-02
 MIN: Iter =   29  NFunc =   536  E =       1.84925  RMSG = 8.4735448e-02
 MIN: Iter =   30  NFunc =   553  E =       1.83968  RMSG = 2.4964341e-01
 MIN: Iter =   31  NFunc =   559  E =       1.83015  RMSG = 6.1132656e-02
 MIN: Iter =   32  NFunc =   576  E =       1.82488  RMSG = 1.2862369e-01
 MIN: Iter =   33  NFunc =   582  E =       1.82148  RMSG = 3.7108473e-02
 MIN: Iter =   34  NFunc =   625  E =       1.80108  RMSG = 9.2844113e-02
 MIN: Iter =   35  NFunc =   632  E =       1.78357  RMSG = 1.2946985e-01
 MIN: Iter =   36  NFunc =   638  E =       1.76945  RMSG = 1.0781976e-01
 MIN: Iter =   37  NFunc =   653  E =       1.75662  RMSG = 1.3339690e-01
 MIN: Iter =   38  NFunc =   661  E =       1.74967  RMSG = 6.3316051e-02
 MIN: Iter =   39  NFunc =   671  E =       1.74563  RMSG = 5.5346053e-02
 MIN: Iter =   40  NFunc =   702  E =       1.74194  RMSG = 2.4799637e-02
 MIN: Iter =   41  NFunc =   717  E =       1.74110  RMSG = 1.3737341e-02
 MIN: Iter =   42  NFunc =   737  E =       1.74055  RMSG = 9.9796198e-03
 MIN: Iter =   43  NFunc =   780  E =       1.74011  RMSG = 7.2698862e-03
 MIN: Iter =   44  NFunc =   815  E =       1.73984  RMSG = 5.2818080e-03
 MIN: Iter =   45  NFunc =   866  E =       1.73973  RMSG = 3.3010858e-03
 MIN: Iter =   46  NFunc =   897  E =       1.73967  RMSG = 2.5886338e-03
 MIN: Iter =   47  NFunc =   938  E =       1.73954  RMSG = 3.2459069e-03
 MIN: Iter =   48  NFunc =   947  E =       1.73953  RMSG = 1.8708592e-03
 MIN: Iter =   49  NFunc =   972  E =       1.73951  RMSG = 1.5196142e-03
 MIN: Iter =   50  NFunc =  1023  E =       1.73948  RMSG = 2.8187130e-03
 MIN: Iter =   51  NFunc =  1066  E =       1.73946  RMSG = 1.1557272e-03
 MIN: Iter =   52  NFunc =  1106  E =       1.73945  RMSG = 9.9397943e-04
 MIN: Iter =   53  NFunc =  1157  E =       1.73944  RMSG = 1.4945949e-03
 MIN: Iter =   54  NFunc =  1184  E =       1.73943  RMSG = 6.4936857e-04
 MIN: Iter =   55  NFunc =  1235  E =       1.73943  RMSG = 8.3384498e-04
 MIN: Iter =   56  NFunc =  1271  E =       1.73943  RMSG = 6.6251725e-04
 MIN: Iter =   57  NFunc =  1302  E =       1.73943  RMSG = 2.5765832e-04
----------------------------------------------------------------
 END:          :-)  E =       1.73943  RMSG =   0.0002577

     bond:      3.708398584
    angle:      8.509025252
 dihedral:     42.485510922
    enb14:     13.102739417
    eel14:      7.561499668
      enb:     -5.809305256
      eel:    -46.909542810
      egb:    -20.908899300
    econs:      0.000000000
    esurf:      0.000000000
    Total:      1.739426477
     frms:      0.000257658
====== rms.dat  ======================================================
#Frame      all_heavy
       1       1.1338
