====== tleap.out =====================================================
-I: Adding /home/case/amber24/dat/leap/prep to search path.
-I: Adding /home/case/amber24/dat/leap/lib to search path.
-I: Adding /home/case/amber24/dat/leap/parm to search path.
-I: Adding /home/case/amber24/dat/leap/cmd to search path.
-f: Source leap.in.

Welcome to LEaP!
(no leaprc in search path)
Sourcing: ./leap.in
Using Bondi radii
----- Source: /home/case/amber24/dat/leap/cmd/leaprc.gaff2
----- Source of /home/case/amber24/dat/leap/cmd/leaprc.gaff2 done
Log file: ./leap.log
Loading parameters: /home/case/amber24/dat/leap/parm/gaff2.dat
Reading title:
AMBER General Force Field for organic molecules (Version 2.2.20, March 2021)
Loading parameters: ./GT3.frcmod
Reading force field modification type file (frcmod)
Reading title:
Remark line goes here
Loading Mol2 file: ./GT3.mol2
Reading MOLECULE named GT3
Checking Unit.
Building topology.
"order_residues" off: keep input residue order.
Building atom parameters.
Building bond parameters.
Building angle parameters.
Building proper torsion parameters.
Building improper torsion parameters.
 total 10 improper torsions applied
Building H-Bond parameters.
Incorporating Non-Bonded adjustments.
Not Marking per-residue atom chain types.
Marking per-residue atom chain types.
  (Residues lacking connect0/connect1 - 
   these don't have chain types marked:

	res	total affected

	GT3	1
  )
 (no restraints)
	Quit

Exiting LEaP: Errors = 0; Warnings = 0; Notes = 0.
====== min.o =========================================================
Reading parm file (GT3.parm7)
title:
GT3                                                                             
no velocities were found
no velocities were found
	mm_options:  ntpr=5
	mm_options:  gb=1
	mm_options:  kappa=0.10395
	mm_options:  rgbmax=99.
	mm_options:  cut=99.0
	mm_options:  wcons=0.
     bond:      3.192557447
    angle:     15.422796622
 dihedral:     13.524471658
    enb14:      9.569501994
    eel14:   -179.349078144
      enb:     -3.699802000
      eel:     -1.258265996
      egb:    -47.986613987
    econs:      0.000000000
    esurf:      0.000000000
    Total:   -190.584432406
     frms:     12.803543199
Starting TNCG minimisation
 MIN: Iter =    0  NFunc =     1  E =    -190.58443  RMSG = 1.2803543e+01
 MIN: Iter =    1  NFunc =     7  E =    -200.24256  RMSG = 3.1400600e+00
 MIN: Iter =    2  NFunc =    15  E =    -202.28811  RMSG = 1.8978172e+00
 MIN: Iter =    3  NFunc =    23  E =    -202.97143  RMSG = 8.0127915e-01
 MIN: Iter =    4  NFunc =    36  E =    -203.34116  RMSG = 1.0362043e+00
 MIN: Iter =    5  NFunc =    57  E =    -203.57842  RMSG = 5.4765115e-01
 MIN: Iter =    6  NFunc =    64  E =    -203.61186  RMSG = 1.8794775e-01
 MIN: Iter =    7  NFunc =   115  E =    -203.71947  RMSG = 9.1991428e-01
 MIN: Iter =    8  NFunc =   121  E =    -203.79246  RMSG = 2.3900469e-01
 MIN: Iter =    9  NFunc =   127  E =    -203.82019  RMSG = 3.7863109e-01
 MIN: Iter =   10  NFunc =   140  E =    -203.86010  RMSG = 1.9592032e-01
 MIN: Iter =   11  NFunc =   156  E =    -203.88206  RMSG = 1.3599714e-01
 MIN: Iter =   12  NFunc =   207  E =    -203.95795  RMSG = 3.3416360e-01
 MIN: Iter =   13  NFunc =   220  E =    -204.00007  RMSG = 2.5132439e-01
 MIN: Iter =   14  NFunc =   240  E =    -204.04638  RMSG = 2.7641977e-01
 MIN: Iter =   15  NFunc =   255  E =    -204.08829  RMSG = 2.4370257e-01
 MIN: Iter =   16  NFunc =   264  E =    -204.11710  RMSG = 3.2513166e-01
 MIN: Iter =   17  NFunc =   271  E =    -204.13495  RMSG = 1.3736742e-01
 MIN: Iter =   18  NFunc =   280  E =    -204.15048  RMSG = 2.1549738e-01
 MIN: Iter =   19  NFunc =   287  E =    -204.15675  RMSG = 7.9970999e-02
 MIN: Iter =   20  NFunc =   297  E =    -204.16075  RMSG = 8.7599472e-02
 MIN: Iter =   21  NFunc =   317  E =    -204.16530  RMSG = 4.4564291e-02
 MIN: Iter =   22  NFunc =   325  E =    -204.16632  RMSG = 3.1921317e-02
 MIN: Iter =   23  NFunc =   341  E =    -204.16676  RMSG = 1.3901306e-02
 MIN: Iter =   24  NFunc =   368  E =    -204.16707  RMSG = 9.1501835e-03
 MIN: Iter =   25  NFunc =   380  E =    -204.16710  RMSG = 4.0353330e-03
 MIN: Iter =   26  NFunc =   431  E =    -204.16717  RMSG = 5.9349577e-03
 MIN: Iter =   27  NFunc =   444  E =    -204.16720  RMSG = 5.1449789e-03
 MIN: Iter =   28  NFunc =   490  E =    -204.16757  RMSG = 2.7586714e-02
 MIN: Iter =   29  NFunc =   496  E =    -204.16767  RMSG = 9.5532565e-03
 MIN: Iter =   30  NFunc =   517  E =    -204.16772  RMSG = 3.8470165e-03
 MIN: Iter =   31  NFunc =   523  E =    -204.16773  RMSG = 2.3496106e-03
 MIN: Iter =   32  NFunc =   536  E =    -204.16774  RMSG = 2.1084616e-03
 MIN: Iter =   33  NFunc =   585  E =    -204.16775  RMSG = 1.0403683e-03
 MIN: Iter =   34  NFunc =   636  E =    -204.16777  RMSG = 4.3769148e-03
 MIN: Iter =   35  NFunc =   644  E =    -204.16777  RMSG = 1.7959090e-03
 MIN: Iter =   36  NFunc =   659  E =    -204.16777  RMSG = 1.1476432e-03
 MIN: Iter =   37  NFunc =   670  E =    -204.16777  RMSG = 5.7829391e-04
 MIN: Iter =   38  NFunc =   682  E =    -204.16778  RMSG = 3.2856318e-04
----------------------------------------------------------------
 END:          :-)  E =    -204.16778  RMSG =   0.0003286

     bond:      2.575862297
    angle:     12.080815170
 dihedral:     15.139369074
    enb14:      6.214797965
    eel14:   -187.939195664
      enb:     -3.753177503
      eel:     -0.229366980
      egb:    -48.256879450
    econs:      0.000000000
    esurf:      0.000000000
    Total:   -204.167775090
     frms:      0.000328563
====== rms.dat  ======================================================
#Frame      all_heavy
       1       0.5394
