====== tleap.out =====================================================
-I: Adding /home/case/amber24/dat/leap/prep to search path.
-I: Adding /home/case/amber24/dat/leap/lib to search path.
-I: Adding /home/case/amber24/dat/leap/parm to search path.
-I: Adding /home/case/amber24/dat/leap/cmd to search path.
-f: Source leap.in.

Welcome to LEaP!
(no leaprc in search path)
Sourcing: ./leap.in
Using Bondi radii
----- Source: /home/case/amber24/dat/leap/cmd/leaprc.gaff2
----- Source of /home/case/amber24/dat/leap/cmd/leaprc.gaff2 done
Log file: ./leap.log
Loading parameters: /home/case/amber24/dat/leap/parm/gaff2.dat
Reading title:
AMBER General Force Field for organic molecules (Version 2.2.20, March 2021)
Loading parameters: ./GTM.frcmod
Reading force field modification type file (frcmod)
Reading title:
Remark line goes here
Loading Mol2 file: ./GTM.mol2
Reading MOLECULE named GTM
Checking Unit.
Building topology.
"order_residues" off: keep input residue order.
Building atom parameters.
Building bond parameters.
Building angle parameters.
Building proper torsion parameters.
Building improper torsion parameters.
 total 0 improper torsions applied
Building H-Bond parameters.
Incorporating Non-Bonded adjustments.
Not Marking per-residue atom chain types.
Marking per-residue atom chain types.
  (Residues lacking connect0/connect1 - 
   these don't have chain types marked:

	res	total affected

	GTM	1
  )
 (no restraints)
	Quit

Exiting LEaP: Errors = 0; Warnings = 0; Notes = 0.
====== min.o =========================================================
Reading parm file (GTM.parm7)
title:
GTM                                                                             
no velocities were found
no velocities were found
	mm_options:  ntpr=5
	mm_options:  gb=1
	mm_options:  kappa=0.10395
	mm_options:  rgbmax=99.
	mm_options:  cut=99.0
	mm_options:  wcons=0.
     bond:      2.259935383
    angle:      1.595934277
 dihedral:     20.518587655
    enb14:      6.389569158
    eel14:    161.779609731
      enb:     -1.942396902
      eel:   -115.277155222
      egb:    -21.407397279
    econs:      0.000000000
    esurf:      0.000000000
    Total:     53.916686801
     frms:      9.957531187
Starting TNCG minimisation
 MIN: Iter =    0  NFunc =     1  E =      53.91669  RMSG = 9.9575312e+00
 MIN: Iter =    1  NFunc =     9  E =      44.59911  RMSG = 6.9607236e+00
 MIN: Iter =    2  NFunc =    15  E =      43.08624  RMSG = 1.0679035e+00
 MIN: Iter =    3  NFunc =    30  E =      42.79908  RMSG = 1.0968122e+00
 MIN: Iter =    4  NFunc =    38  E =      42.63130  RMSG = 8.3006556e-01
 MIN: Iter =    5  NFunc =    44  E =      42.58561  RMSG = 2.5779938e-01
 MIN: Iter =    6  NFunc =    56  E =      42.55731  RMSG = 3.4442411e-01
 MIN: Iter =    7  NFunc =    76  E =      42.54038  RMSG = 1.0571261e-01
 MIN: Iter =    8  NFunc =    88  E =      42.53827  RMSG = 3.9457862e-02
 MIN: Iter =    9  NFunc =   103  E =      42.53721  RMSG = 1.9358145e-02
 MIN: Iter =   10  NFunc =   116  E =      42.53702  RMSG = 8.9080987e-03
 MIN: Iter =   11  NFunc =   129  E =      42.53698  RMSG = 4.6650829e-03
 MIN: Iter =   12  NFunc =   136  E =      42.53698  RMSG = 2.9083360e-03
 MIN: Iter =   13  NFunc =   144  E =      42.53697  RMSG = 1.6105377e-03
 MIN: Iter =   14  NFunc =   159  E =      42.53697  RMSG = 9.7418417e-04
 MIN: Iter =   15  NFunc =   175  E =      42.53697  RMSG = 4.8577925e-04
----------------------------------------------------------------
 END:          :-)  E =      42.53697  RMSG =   0.0004858

     bond:      1.499306368
    angle:      1.054637770
 dihedral:     19.744171034
    enb14:      3.567975258
    eel14:    160.591593389
      enb:     -2.069807058
      eel:   -119.158808826
      egb:    -22.692098226
    econs:      0.000000000
    esurf:      0.000000000
    Total:     42.536969708
     frms:      0.000485779
====== rms.dat  ======================================================
#Frame      all_heavy
       1       0.1097
