====== tleap.out =====================================================
-I: Adding /home/case/amber24/dat/leap/prep to search path.
-I: Adding /home/case/amber24/dat/leap/lib to search path.
-I: Adding /home/case/amber24/dat/leap/parm to search path.
-I: Adding /home/case/amber24/dat/leap/cmd to search path.
-f: Source leap.in.

Welcome to LEaP!
(no leaprc in search path)
Sourcing: ./leap.in
Using Bondi radii
----- Source: /home/case/amber24/dat/leap/cmd/leaprc.gaff2
----- Source of /home/case/amber24/dat/leap/cmd/leaprc.gaff2 done
Log file: ./leap.log
Loading parameters: /home/case/amber24/dat/leap/parm/gaff2.dat
Reading title:
AMBER General Force Field for organic molecules (Version 2.2.20, March 2021)
Loading parameters: ./GWG.frcmod
Reading force field modification type file (frcmod)
Reading title:
Remark line goes here
Loading Mol2 file: ./GWG.mol2
Reading MOLECULE named GWG
Checking Unit.
Building topology.
"order_residues" off: keep input residue order.
Building atom parameters.
Building bond parameters.
Building angle parameters.
Building proper torsion parameters.
Building improper torsion parameters.
 total 10 improper torsions applied
Building H-Bond parameters.
Incorporating Non-Bonded adjustments.
Not Marking per-residue atom chain types.
Marking per-residue atom chain types.
  (Residues lacking connect0/connect1 - 
   these don't have chain types marked:

	res	total affected

	GWG	1
  )
 (no restraints)
	Quit

Exiting LEaP: Errors = 0; Warnings = 0; Notes = 0.
====== min.o =========================================================
Reading parm file (GWG.parm7)
title:
GWG                                                                             
no velocities were found
no velocities were found
	mm_options:  ntpr=5
	mm_options:  gb=1
	mm_options:  kappa=0.10395
	mm_options:  rgbmax=99.
	mm_options:  cut=99.0
	mm_options:  wcons=0.
     bond:      2.031793072
    angle:     22.212460295
 dihedral:      7.178922943
    enb14:      4.394809129
    eel14:     47.934381352
      enb:     -1.600481952
      eel:    -47.605693897
      egb:    -16.843894233
    econs:      0.000000000
    esurf:      0.000000000
    Total:     17.702296710
     frms:     14.793340155
Starting TNCG minimisation
 MIN: Iter =    0  NFunc =     1  E =      17.70230  RMSG = 1.4793340e+01
 MIN: Iter =    1  NFunc =     7  E =      10.37891  RMSG = 2.3185660e+00
 MIN: Iter =    2  NFunc =    13  E =       9.62764  RMSG = 1.3447756e+00
 MIN: Iter =    3  NFunc =    22  E =       9.00936  RMSG = 8.7270811e-01
 MIN: Iter =    4  NFunc =    28  E =       8.96349  RMSG = 2.4032493e-01
 MIN: Iter =    5  NFunc =    43  E =       8.95100  RMSG = 8.5671087e-02
 MIN: Iter =    6  NFunc =    62  E =       8.93978  RMSG = 1.1204040e-01
 MIN: Iter =    7  NFunc =    71  E =       8.93225  RMSG = 2.5226643e-01
 MIN: Iter =    8  NFunc =    77  E =       8.92728  RMSG = 1.0296482e-01
 MIN: Iter =    9  NFunc =    96  E =       8.91966  RMSG = 1.6129943e-01
 MIN: Iter =   10  NFunc =   103  E =       8.91421  RMSG = 1.2969318e-01
 MIN: Iter =   11  NFunc =   111  E =       8.91075  RMSG = 7.4360196e-02
 MIN: Iter =   12  NFunc =   121  E =       8.90889  RMSG = 6.4342512e-02
 MIN: Iter =   13  NFunc =   129  E =       8.90836  RMSG = 2.3872399e-02
 MIN: Iter =   14  NFunc =   150  E =       8.90763  RMSG = 4.5365421e-02
 MIN: Iter =   15  NFunc =   156  E =       8.90753  RMSG = 9.8931439e-03
 MIN: Iter =   16  NFunc =   177  E =       8.90747  RMSG = 3.8120071e-03
 MIN: Iter =   17  NFunc =   185  E =       8.90747  RMSG = 1.8313826e-03
 MIN: Iter =   18  NFunc =   194  E =       8.90747  RMSG = 5.9098239e-04
 MIN: Iter =   19  NFunc =   207  E =       8.90747  RMSG = 4.5273951e-04
----------------------------------------------------------------
 END:          :-)  E =       8.90747  RMSG =   0.0004527

     bond:      2.340470886
    angle:     16.815342463
 dihedral:      7.140000029
    enb14:      3.206809672
    eel14:     44.569538215
      enb:     -1.380587921
      eel:    -46.586554398
      egb:    -17.197549751
    econs:      0.000000000
    esurf:      0.000000000
    Total:      8.907469194
     frms:      0.000452740
====== rms.dat  ======================================================
#Frame      all_heavy
       1       0.0774
