====== tleap.out =====================================================
-I: Adding /home/case/amber24/dat/leap/prep to search path.
-I: Adding /home/case/amber24/dat/leap/lib to search path.
-I: Adding /home/case/amber24/dat/leap/parm to search path.
-I: Adding /home/case/amber24/dat/leap/cmd to search path.
-f: Source leap.in.

Welcome to LEaP!
(no leaprc in search path)
Sourcing: ./leap.in
Using Bondi radii
----- Source: /home/case/amber24/dat/leap/cmd/leaprc.gaff2
----- Source of /home/case/amber24/dat/leap/cmd/leaprc.gaff2 done
Log file: ./leap.log
Loading parameters: /home/case/amber24/dat/leap/parm/gaff2.dat
Reading title:
AMBER General Force Field for organic molecules (Version 2.2.20, March 2021)
Loading parameters: ./GX5.frcmod
Reading force field modification type file (frcmod)
Reading title:
Remark line goes here
Loading Mol2 file: ./GX5.mol2
Reading MOLECULE named GX5
Checking Unit.
Building topology.
"order_residues" off: keep input residue order.
Building atom parameters.
Building bond parameters.
Building angle parameters.
Building proper torsion parameters.
Building improper torsion parameters.
 total 14 improper torsions applied
Building H-Bond parameters.
Incorporating Non-Bonded adjustments.
Not Marking per-residue atom chain types.
Marking per-residue atom chain types.
  (Residues lacking connect0/connect1 - 
   these don't have chain types marked:

	res	total affected

	GX5	1
  )
 (no restraints)
	Quit

Exiting LEaP: Errors = 0; Warnings = 0; Notes = 0.
====== min.o =========================================================
Reading parm file (GX5.parm7)
title:
GX5                                                                             
no velocities were found
no velocities were found
	mm_options:  ntpr=5
	mm_options:  gb=1
	mm_options:  kappa=0.10395
	mm_options:  rgbmax=99.
	mm_options:  cut=99.0
	mm_options:  wcons=0.
     bond:      4.913458010
    angle:      3.694673602
 dihedral:      9.469182952
    enb14:     17.694319763
    eel14:     53.008940511
      enb:     -1.132264506
      eel:    -56.642774287
      egb:    -14.635322543
    econs:      0.000000000
    esurf:      0.000000000
    Total:     16.370213502
     frms:     14.555590673
Starting TNCG minimisation
 MIN: Iter =    0  NFunc =     1  E =      16.37021  RMSG = 1.4555591e+01
 MIN: Iter =    1  NFunc =     7  E =       5.95795  RMSG = 2.3547886e+00
 MIN: Iter =    2  NFunc =    14  E =       4.54488  RMSG = 1.1260387e+00
 MIN: Iter =    3  NFunc =    43  E =       4.01662  RMSG = 8.4855458e-01
 MIN: Iter =    4  NFunc =    56  E =       3.73814  RMSG = 5.9349368e-01
 MIN: Iter =    5  NFunc =    68  E =       3.64393  RMSG = 2.5367160e-01
 MIN: Iter =    6  NFunc =   101  E =       3.47409  RMSG = 5.8952458e-01
 MIN: Iter =    7  NFunc =   107  E =       3.41265  RMSG = 2.2208737e-01
 MIN: Iter =    8  NFunc =   133  E =       3.32832  RMSG = 2.7775458e-01
 MIN: Iter =    9  NFunc =   139  E =       3.31250  RMSG = 1.2212470e-01
 MIN: Iter =   10  NFunc =   164  E =       3.29649  RMSG = 9.5595088e-02
 MIN: Iter =   11  NFunc =   207  E =       3.28909  RMSG = 3.3472600e-02
 MIN: Iter =   12  NFunc =   228  E =       3.28849  RMSG = 1.1991907e-02
 MIN: Iter =   13  NFunc =   240  E =       3.28838  RMSG = 7.9613590e-03
 MIN: Iter =   14  NFunc =   264  E =       3.28815  RMSG = 7.3445786e-03
 MIN: Iter =   15  NFunc =   298  E =       3.28802  RMSG = 3.8544198e-03
 MIN: Iter =   16  NFunc =   309  E =       3.28802  RMSG = 2.3503654e-03
 MIN: Iter =   17  NFunc =   339  E =       3.28801  RMSG = 1.2992141e-03
 MIN: Iter =   18  NFunc =   361  E =       3.28800  RMSG = 8.2868823e-04
 MIN: Iter =   19  NFunc =   402  E =       3.28800  RMSG = 5.9468399e-04
 MIN: Iter =   20  NFunc =   412  E =       3.28800  RMSG = 3.3442037e-04
----------------------------------------------------------------
 END:          :-)  E =       3.28800  RMSG =   0.0003344

     bond:      2.288025500
    angle:      2.355812726
 dihedral:      8.607005512
    enb14:     12.408087942
    eel14:     51.229607914
      enb:     -2.875723378
      eel:    -54.715902943
      egb:    -16.008910907
    econs:      0.000000000
    esurf:      0.000000000
    Total:      3.288002366
     frms:      0.000334420
====== rms.dat  ======================================================
#Frame      all_heavy
       1       0.2499
