====== tleap.out =====================================================
-I: Adding /home/case/amber24/dat/leap/prep to search path.
-I: Adding /home/case/amber24/dat/leap/lib to search path.
-I: Adding /home/case/amber24/dat/leap/parm to search path.
-I: Adding /home/case/amber24/dat/leap/cmd to search path.
-f: Source leap.in.

Welcome to LEaP!
(no leaprc in search path)
Sourcing: ./leap.in
Using Bondi radii
----- Source: /home/case/amber24/dat/leap/cmd/leaprc.gaff2
----- Source of /home/case/amber24/dat/leap/cmd/leaprc.gaff2 done
Log file: ./leap.log
Loading parameters: /home/case/amber24/dat/leap/parm/gaff2.dat
Reading title:
AMBER General Force Field for organic molecules (Version 2.2.20, March 2021)
Loading parameters: ./GYU.frcmod
Reading force field modification type file (frcmod)
Reading title:
Remark line goes here
Loading Mol2 file: ./GYU.mol2
Reading MOLECULE named GYU
Checking Unit.
Building topology.
"order_residues" off: keep input residue order.
Building atom parameters.
Building bond parameters.
Building angle parameters.
Building proper torsion parameters.
Building improper torsion parameters.
 total 4 improper torsions applied
Building H-Bond parameters.
Incorporating Non-Bonded adjustments.
Not Marking per-residue atom chain types.
Marking per-residue atom chain types.
  (Residues lacking connect0/connect1 - 
   these don't have chain types marked:

	res	total affected

	GYU	1
  )
 (no restraints)
	Quit

Exiting LEaP: Errors = 0; Warnings = 0; Notes = 0.
====== min.o =========================================================
Reading parm file (GYU.parm7)
title:
GYU                                                                             
no velocities were found
no velocities were found
	mm_options:  ntpr=5
	mm_options:  gb=1
	mm_options:  kappa=0.10395
	mm_options:  rgbmax=99.
	mm_options:  cut=99.0
	mm_options:  wcons=0.
     bond:      2.800319632
    angle:      3.435037680
 dihedral:     47.057886643
    enb14:      9.777791560
    eel14:     31.641345410
      enb:     -4.397131710
      eel:   -106.239261404
      egb:    -31.067535003
    econs:      0.000000000
    esurf:      0.000000000
    Total:    -46.991547191
     frms:      8.959081888
Starting TNCG minimisation
 MIN: Iter =    0  NFunc =     1  E =     -46.99155  RMSG = 8.9590819e+00
 MIN: Iter =    1  NFunc =     8  E =     -56.45869  RMSG = 3.2190789e+00
 MIN: Iter =    2  NFunc =    15  E =     -58.27131  RMSG = 1.5760093e+00
 MIN: Iter =    3  NFunc =    28  E =     -59.08017  RMSG = 2.2066065e+00
 MIN: Iter =    4  NFunc =    67  E =     -59.39161  RMSG = 2.3758655e+00
 MIN: Iter =    5  NFunc =    76  E =     -59.93556  RMSG = 1.0478896e+00
 MIN: Iter =    6  NFunc =   121  E =     -60.32681  RMSG = 1.5985794e+00
 MIN: Iter =    7  NFunc =   134  E =     -60.93373  RMSG = 2.3205228e+00
 MIN: Iter =    8  NFunc =   140  E =     -61.61732  RMSG = 2.1914521e+00
 MIN: Iter =    9  NFunc =   146  E =     -62.05644  RMSG = 6.9068129e-01
 MIN: Iter =   10  NFunc =   155  E =     -62.30319  RMSG = 9.1222584e-01
 MIN: Iter =   11  NFunc =   190  E =     -62.48853  RMSG = 1.2436648e+00
 MIN: Iter =   12  NFunc =   196  E =     -62.60685  RMSG = 3.6269312e-01
 MIN: Iter =   13  NFunc =   226  E =     -62.77889  RMSG = 9.7013955e-01
 MIN: Iter =   14  NFunc =   233  E =     -62.88706  RMSG = 3.0764601e-01
 MIN: Iter =   15  NFunc =   267  E =     -62.99088  RMSG = 1.1394003e+00
 MIN: Iter =   16  NFunc =   273  E =     -63.11645  RMSG = 1.9487498e-01
 MIN: Iter =   17  NFunc =   289  E =     -63.18478  RMSG = 4.0404399e-01
 MIN: Iter =   18  NFunc =   295  E =     -63.23434  RMSG = 2.6291322e-01
 MIN: Iter =   19  NFunc =   306  E =     -63.26262  RMSG = 4.9051376e-01
 MIN: Iter =   20  NFunc =   312  E =     -63.28366  RMSG = 1.2913329e-01
 MIN: Iter =   21  NFunc =   321  E =     -63.29357  RMSG = 1.8991027e-01
 MIN: Iter =   22  NFunc =   328  E =     -63.29817  RMSG = 7.1684429e-02
 MIN: Iter =   23  NFunc =   364  E =     -63.33513  RMSG = 3.1077144e-01
 MIN: Iter =   24  NFunc =   371  E =     -63.35090  RMSG = 1.1846720e-01
 MIN: Iter =   25  NFunc =   393  E =     -63.36403  RMSG = 2.1708158e-01
 MIN: Iter =   26  NFunc =   399  E =     -63.36967  RMSG = 7.4467014e-02
 MIN: Iter =   27  NFunc =   426  E =     -63.37459  RMSG = 7.3659158e-02
 MIN: Iter =   28  NFunc =   443  E =     -63.37662  RMSG = 2.4236705e-02
 MIN: Iter =   29  NFunc =   458  E =     -63.37709  RMSG = 1.1231811e-02
 MIN: Iter =   30  NFunc =   482  E =     -63.37734  RMSG = 9.4879108e-03
 MIN: Iter =   31  NFunc =   498  E =     -63.37741  RMSG = 4.6071804e-03
 MIN: Iter =   32  NFunc =   537  E =     -63.37749  RMSG = 3.1137247e-03
 MIN: Iter =   33  NFunc =   584  E =     -63.37757  RMSG = 3.5080881e-03
 MIN: Iter =   34  NFunc =   594  E =     -63.37757  RMSG = 1.3166194e-03
 MIN: Iter =   35  NFunc =   602  E =     -63.37758  RMSG = 1.1986482e-03
 MIN: Iter =   36  NFunc =   618  E =     -63.37758  RMSG = 6.1879557e-04
 MIN: Iter =   37  NFunc =   643  E =     -63.37758  RMSG = 3.9361976e-04
----------------------------------------------------------------
 END:          :-)  E =     -63.37758  RMSG =   0.0003936

     bond:      1.738869983
    angle:      3.025891216
 dihedral:     44.575180545
    enb14:      6.669759999
    eel14:     32.288252030
      enb:     -3.351586040
      eel:   -118.910777718
      egb:    -29.413167261
    econs:      0.000000000
    esurf:      0.000000000
    Total:    -63.377577245
     frms:      0.000393620
====== rms.dat  ======================================================
#Frame      all_heavy
       1       0.2845
