====== tleap.out =====================================================
-I: Adding /home/case/amber24/dat/leap/prep to search path.
-I: Adding /home/case/amber24/dat/leap/lib to search path.
-I: Adding /home/case/amber24/dat/leap/parm to search path.
-I: Adding /home/case/amber24/dat/leap/cmd to search path.
-f: Source leap.in.

Welcome to LEaP!
(no leaprc in search path)
Sourcing: ./leap.in
Using Bondi radii
----- Source: /home/case/amber24/dat/leap/cmd/leaprc.gaff2
----- Source of /home/case/amber24/dat/leap/cmd/leaprc.gaff2 done
Log file: ./leap.log
Loading parameters: /home/case/amber24/dat/leap/parm/gaff2.dat
Reading title:
AMBER General Force Field for organic molecules (Version 2.2.20, March 2021)
Loading parameters: ./Z2C.frcmod
Reading force field modification type file (frcmod)
Reading title:
Remark line goes here
Loading Mol2 file: ./Z2C.mol2
Reading MOLECULE named Z2C
Checking Unit.

/home/case/amber24/bin/teLeap: Warning!
The unperturbed charge of the unit (-1.002001) is not zero.

/home/case/amber24/bin/teLeap: Note.
Ignoring the warning from Unit Checking.

Building topology.
"order_residues" off: keep input residue order.
Building atom parameters.
Building bond parameters.
Building angle parameters.
Building proper torsion parameters.
Building improper torsion parameters.
 total 7 improper torsions applied
Building H-Bond parameters.
Incorporating Non-Bonded adjustments.
Not Marking per-residue atom chain types.
Marking per-residue atom chain types.
  (Residues lacking connect0/connect1 - 
   these don't have chain types marked:

	res	total affected

	Z2C	1
  )
 (no restraints)
	Quit

Exiting LEaP: Errors = 0; Warnings = 1; Notes = 1.
====== min.o =========================================================
Reading parm file (Z2C.parm7)
title:
Z2C                                                                             
no velocities were found
no velocities were found
	mm_options:  ntpr=5
	mm_options:  gb=1
	mm_options:  kappa=0.10395
	mm_options:  rgbmax=99.
	mm_options:  cut=99.0
	mm_options:  wcons=0.
     bond:      2.672496814
    angle:      8.146423478
 dihedral:     53.530315615
    enb14:     11.716553808
    eel14:    -27.743958763
      enb:     -6.975186584
      eel:      2.536445293
      egb:    -92.330162599
    econs:      0.000000000
    esurf:      0.000000000
    Total:    -48.447072939
     frms:      7.245715418
Starting TNCG minimisation
 MIN: Iter =    0  NFunc =     1  E =     -48.44707  RMSG = 7.2457154e+00
 MIN: Iter =    1  NFunc =     7  E =     -58.87456  RMSG = 2.1738725e+00
 MIN: Iter =    2  NFunc =    27  E =     -60.82431  RMSG = 3.3265320e+00
 MIN: Iter =    3  NFunc =    42  E =     -64.16974  RMSG = 3.3768633e+00
 MIN: Iter =    4  NFunc =    48  E =     -66.83986  RMSG = 2.8972950e+00
 MIN: Iter =    5  NFunc =    54  E =     -69.12201  RMSG = 2.2547663e+00
 MIN: Iter =    6  NFunc =    60  E =     -70.72292  RMSG = 1.6304453e+00
 MIN: Iter =    7  NFunc =    66  E =     -71.79683  RMSG = 1.3768402e+00
 MIN: Iter =    8  NFunc =    72  E =     -72.42262  RMSG = 6.5160799e-01
 MIN: Iter =    9  NFunc =    82  E =     -72.78971  RMSG = 5.9666277e-01
 MIN: Iter =   10  NFunc =   100  E =     -73.05164  RMSG = 4.7456426e-01
 MIN: Iter =   11  NFunc =   106  E =     -73.10318  RMSG = 1.8571512e-01
 MIN: Iter =   12  NFunc =   157  E =     -73.26777  RMSG = 5.1084243e-01
 MIN: Iter =   13  NFunc =   166  E =     -73.38111  RMSG = 3.0596068e-01
 MIN: Iter =   14  NFunc =   217  E =     -73.53145  RMSG = 4.7952863e-01
 MIN: Iter =   15  NFunc =   231  E =     -73.70008  RMSG = 5.6059622e-01
 MIN: Iter =   16  NFunc =   242  E =     -73.88256  RMSG = 5.4369670e-01
 MIN: Iter =   17  NFunc =   251  E =     -74.04515  RMSG = 4.8391870e-01
 MIN: Iter =   18  NFunc =   271  E =     -74.35267  RMSG = 8.4173047e-01
 MIN: Iter =   19  NFunc =   282  E =     -74.76728  RMSG = 1.1436764e+00
 MIN: Iter =   20  NFunc =   288  E =     -75.33166  RMSG = 1.3175083e+00
 MIN: Iter =   21  NFunc =   295  E =     -76.02847  RMSG = 1.2057357e+00
 MIN: Iter =   22  NFunc =   301  E =     -76.65466  RMSG = 9.3707900e-01
 MIN: Iter =   23  NFunc =   307  E =     -77.14148  RMSG = 7.9852073e-01
 MIN: Iter =   24  NFunc =   313  E =     -77.52905  RMSG = 6.0399353e-01
 MIN: Iter =   25  NFunc =   324  E =     -77.82659  RMSG = 3.3962300e-01
 MIN: Iter =   26  NFunc =   351  E =     -78.16003  RMSG = 9.3744142e-01
 MIN: Iter =   27  NFunc =   367  E =     -78.38577  RMSG = 3.9240678e-01
 MIN: Iter =   28  NFunc =   384  E =     -78.48967  RMSG = 2.3923526e-01
 MIN: Iter =   29  NFunc =   403  E =     -78.56696  RMSG = 3.5079105e-01
 MIN: Iter =   30  NFunc =   431  E =     -78.65728  RMSG = 2.7206754e-01
 MIN: Iter =   31  NFunc =   482  E =     -78.74449  RMSG = 3.5651718e-01
 MIN: Iter =   32  NFunc =   488  E =     -78.76410  RMSG = 8.3440760e-02
 MIN: Iter =   33  NFunc =   539  E =     -78.80039  RMSG = 3.2049583e-01
 MIN: Iter =   34  NFunc =   545  E =     -78.81576  RMSG = 7.7489951e-02
 MIN: Iter =   35  NFunc =   568  E =     -78.83283  RMSG = 1.0421671e-01
 MIN: Iter =   36  NFunc =   612  E =     -78.84876  RMSG = 6.5492818e-02
 MIN: Iter =   37  NFunc =   618  E =     -78.84984  RMSG = 2.6623347e-02
 MIN: Iter =   38  NFunc =   669  E =     -78.85616  RMSG = 7.1777646e-02
 MIN: Iter =   39  NFunc =   720  E =     -78.86511  RMSG = 1.1952154e-01
 MIN: Iter =   40  NFunc =   726  E =     -78.86815  RMSG = 3.6094353e-02
 MIN: Iter =   41  NFunc =   759  E =     -78.87057  RMSG = 2.7219107e-02
 MIN: Iter =   42  NFunc =   774  E =     -78.87088  RMSG = 9.2307101e-03
 MIN: Iter =   43  NFunc =   813  E =     -78.87125  RMSG = 5.9609339e-03
 MIN: Iter =   44  NFunc =   844  E =     -78.87145  RMSG = 4.0890750e-03
 MIN: Iter =   45  NFunc =   895  E =     -78.87193  RMSG = 1.1103745e-02
 MIN: Iter =   46  NFunc =   911  E =     -78.87212  RMSG = 5.8229300e-03
 MIN: Iter =   47  NFunc =   962  E =     -78.87246  RMSG = 7.3529137e-03
 MIN: Iter =   48  NFunc =  1013  E =     -78.87276  RMSG = 8.4686436e-03
 MIN: Iter =   49  NFunc =  1058  E =     -78.87290  RMSG = 3.7165698e-03
 MIN: Iter =   50  NFunc =  1090  E =     -78.87295  RMSG = 2.3089374e-03
 MIN: Iter =   51  NFunc =  1111  E =     -78.87297  RMSG = 1.9012828e-03
 MIN: Iter =   52  NFunc =  1162  E =     -78.87302  RMSG = 2.3533479e-03
 MIN: Iter =   53  NFunc =  1174  E =     -78.87303  RMSG = 1.5451981e-03
 MIN: Iter =   54  NFunc =  1225  E =     -78.87305  RMSG = 1.7706335e-03
 MIN: Iter =   55  NFunc =  1236  E =     -78.87305  RMSG = 1.0974335e-03
 MIN: Iter =   56  NFunc =  1268  E =     -78.87306  RMSG = 5.5092181e-04
 MIN: Iter =   57  NFunc =  1305  E =     -78.87306  RMSG = 4.6144184e-04
----------------------------------------------------------------
 END:          :-)  E =     -78.87306  RMSG =   0.0004614

     bond:      1.556047693
    angle:      5.967607918
 dihedral:     37.486840582
    enb14:      7.534985631
    eel14:    -26.498926438
      enb:     -8.903094864
      eel:     -1.959035364
      egb:    -94.057483845
    econs:      0.000000000
    esurf:      0.000000000
    Total:    -78.873058686
     frms:      0.000461442
====== rms.dat  ======================================================
#Frame      all_heavy
       1       0.7426
