====== tleap.out =====================================================
-I: Adding /home/case/amber24/dat/leap/prep to search path.
-I: Adding /home/case/amber24/dat/leap/lib to search path.
-I: Adding /home/case/amber24/dat/leap/parm to search path.
-I: Adding /home/case/amber24/dat/leap/cmd to search path.
-f: Source leap.in.

Welcome to LEaP!
(no leaprc in search path)
Sourcing: ./leap.in
Using Bondi radii
----- Source: /home/case/amber24/dat/leap/cmd/leaprc.gaff2
----- Source of /home/case/amber24/dat/leap/cmd/leaprc.gaff2 done
Log file: ./leap.log
Loading parameters: /home/case/amber24/dat/leap/parm/gaff2.dat
Reading title:
AMBER General Force Field for organic molecules (Version 2.2.20, March 2021)
Loading parameters: ./Z30.frcmod
Reading force field modification type file (frcmod)
Reading title:
Remark line goes here
Loading Mol2 file: ./Z30.mol2
Reading MOLECULE named Z30
Checking Unit.
Building topology.
"order_residues" off: keep input residue order.
Building atom parameters.
Building bond parameters.
Building angle parameters.
Building proper torsion parameters.
Building improper torsion parameters.
 total 6 improper torsions applied
Building H-Bond parameters.
Incorporating Non-Bonded adjustments.
Not Marking per-residue atom chain types.
Marking per-residue atom chain types.
  (Residues lacking connect0/connect1 - 
   these don't have chain types marked:

	res	total affected

	Z30	1
  )
 (no restraints)
	Quit

Exiting LEaP: Errors = 0; Warnings = 0; Notes = 0.
====== min.o =========================================================
Reading parm file (Z30.parm7)
title:
Z30                                                                             
no velocities were found
no velocities were found
	mm_options:  ntpr=5
	mm_options:  gb=1
	mm_options:  kappa=0.10395
	mm_options:  rgbmax=99.
	mm_options:  cut=99.0
	mm_options:  wcons=0.
     bond:      1.837482868
    angle:     10.823679398
 dihedral:      3.745073491
    enb14:      8.982372686
    eel14:    135.694359390
      enb:     -0.220082011
      eel:    -48.182357813
      egb:    -25.718593478
    econs:      0.000000000
    esurf:      0.000000000
    Total:     86.961934530
     frms:      9.374600562
Starting TNCG minimisation
 MIN: Iter =    0  NFunc =     1  E =      86.96193  RMSG = 9.3746006e+00
 MIN: Iter =    1  NFunc =     7  E =      77.07412  RMSG = 2.8829790e+00
 MIN: Iter =    2  NFunc =    15  E =      75.47898  RMSG = 7.9392839e-01
 MIN: Iter =    3  NFunc =    23  E =      75.16980  RMSG = 4.6918810e-01
 MIN: Iter =    4  NFunc =    39  E =      74.99340  RMSG = 2.8647467e-01
 MIN: Iter =    5  NFunc =    48  E =      74.95295  RMSG = 1.5247986e-01
 MIN: Iter =    6  NFunc =    68  E =      74.92485  RMSG = 1.0808863e-01
 MIN: Iter =    7  NFunc =    90  E =      74.90669  RMSG = 1.0700808e-01
 MIN: Iter =    8  NFunc =   109  E =      74.90024  RMSG = 4.6628942e-02
 MIN: Iter =    9  NFunc =   127  E =      74.89741  RMSG = 4.1361393e-02
 MIN: Iter =   10  NFunc =   137  E =      74.89679  RMSG = 1.9506404e-02
 MIN: Iter =   11  NFunc =   157  E =      74.89614  RMSG = 1.0894546e-02
 MIN: Iter =   12  NFunc =   165  E =      74.89609  RMSG = 6.2578292e-03
 MIN: Iter =   13  NFunc =   177  E =      74.89606  RMSG = 4.0132778e-03
 MIN: Iter =   14  NFunc =   193  E =      74.89605  RMSG = 1.6177647e-03
 MIN: Iter =   15  NFunc =   199  E =      74.89605  RMSG = 1.4057804e-03
 MIN: Iter =   16  NFunc =   210  E =      74.89605  RMSG = 6.6124934e-04
 MIN: Iter =   17  NFunc =   225  E =      74.89605  RMSG = 4.9009535e-04
----------------------------------------------------------------
 END:          :-)  E =      74.89605  RMSG =   0.0004901

     bond:      3.557802704
    angle:      9.743753306
 dihedral:      3.282681987
    enb14:      5.387829874
    eel14:    129.192861173
      enb:     -1.873505700
      eel:    -47.053117153
      egb:    -27.342259915
    econs:      0.000000000
    esurf:      0.000000000
    Total:     74.896046275
     frms:      0.000490095
====== rms.dat  ======================================================
#Frame      all_heavy
       1       0.1050
