====== tleap.out =====================================================
-I: Adding /home/case/amber24/dat/leap/prep to search path.
-I: Adding /home/case/amber24/dat/leap/lib to search path.
-I: Adding /home/case/amber24/dat/leap/parm to search path.
-I: Adding /home/case/amber24/dat/leap/cmd to search path.
-f: Source leap.in.

Welcome to LEaP!
(no leaprc in search path)
Sourcing: ./leap.in
Using Bondi radii
----- Source: /home/case/amber24/dat/leap/cmd/leaprc.gaff2
----- Source of /home/case/amber24/dat/leap/cmd/leaprc.gaff2 done
Log file: ./leap.log
Loading parameters: /home/case/amber24/dat/leap/parm/gaff2.dat
Reading title:
AMBER General Force Field for organic molecules (Version 2.2.20, March 2021)
Loading parameters: ./Z69.frcmod
Reading force field modification type file (frcmod)
Reading title:
Remark line goes here
Loading Mol2 file: ./Z69.mol2
Reading MOLECULE named Z69
Checking Unit.

/home/case/amber24/bin/teLeap: Warning!
The unperturbed charge of the unit (-0.999001) is not zero.

/home/case/amber24/bin/teLeap: Note.
Ignoring the warning from Unit Checking.

Building topology.
"order_residues" off: keep input residue order.
Building atom parameters.
Building bond parameters.
Building angle parameters.
Building proper torsion parameters.
Building improper torsion parameters.
 total 0 improper torsions applied
Building H-Bond parameters.
Incorporating Non-Bonded adjustments.
Not Marking per-residue atom chain types.
Marking per-residue atom chain types.
  (Residues lacking connect0/connect1 - 
   these don't have chain types marked:

	res	total affected

	Z69	1
  )
 (no restraints)
	Quit

Exiting LEaP: Errors = 0; Warnings = 1; Notes = 1.
====== min.o =========================================================
Reading parm file (Z69.parm7)
title:
Z69                                                                             
no velocities were found
no velocities were found
	mm_options:  ntpr=5
	mm_options:  gb=1
	mm_options:  kappa=0.10395
	mm_options:  rgbmax=99.
	mm_options:  cut=99.0
	mm_options:  wcons=0.
     bond:      7.154100352
    angle:     39.231859898
 dihedral:    147.341906348
    enb14:     48.455745433
    eel14:    410.473189441
      enb:    -55.465272892
      eel:   -427.968221564
      egb:   -107.161154851
    econs:      0.000000000
    esurf:      0.000000000
    Total:     62.062152164
     frms:      8.424409643
Starting TNCG minimisation
 MIN: Iter =    0  NFunc =     1  E =      62.06215  RMSG = 8.4244096e+00
 MIN: Iter =    1  NFunc =     8  E =      13.95211  RMSG = 2.8673374e+00
 MIN: Iter =    2  NFunc =    20  E =       2.82602  RMSG = 1.9121637e+00
 MIN: Iter =    3  NFunc =    27  E =       0.34736  RMSG = 7.5477983e-01
 MIN: Iter =    4  NFunc =    71  E =      -0.03517  RMSG = 1.2441100e+00
 MIN: Iter =    5  NFunc =    80  E =      -1.65335  RMSG = 9.8592156e-01
 MIN: Iter =    6  NFunc =   100  E =      -2.87071  RMSG = 1.1693909e+00
 MIN: Iter =    7  NFunc =   106  E =      -3.44134  RMSG = 4.8302804e-01
 MIN: Iter =    8  NFunc =   113  E =      -3.87224  RMSG = 1.3381164e+00
 MIN: Iter =    9  NFunc =   119  E =      -4.40327  RMSG = 3.4231593e-01
 MIN: Iter =   10  NFunc =   170  E =      -5.18292  RMSG = 1.4894518e+00
 MIN: Iter =   11  NFunc =   185  E =      -6.10601  RMSG = 1.4979251e+00
 MIN: Iter =   12  NFunc =   193  E =      -7.37944  RMSG = 6.9880859e-01
 MIN: Iter =   13  NFunc =   199  E =      -8.16414  RMSG = 5.6706953e-01
 MIN: Iter =   14  NFunc =   209  E =      -8.89123  RMSG = 1.4214110e+00
 MIN: Iter =   15  NFunc =   216  E =      -9.73644  RMSG = 4.7471719e-01
 MIN: Iter =   16  NFunc =   237  E =     -10.41466  RMSG = 8.9569876e-01
 MIN: Iter =   17  NFunc =   247  E =     -11.06068  RMSG = 7.4795127e-01
 MIN: Iter =   18  NFunc =   253  E =     -11.47677  RMSG = 4.4701934e-01
 MIN: Iter =   19  NFunc =   304  E =     -12.11038  RMSG = 6.0843900e-01
 MIN: Iter =   20  NFunc =   310  E =     -12.58492  RMSG = 4.0250760e-01
 MIN: Iter =   21  NFunc =   337  E =     -13.33986  RMSG = 5.2760337e-01
 MIN: Iter =   22  NFunc =   351  E =     -13.86667  RMSG = 2.8980433e-01
 MIN: Iter =   23  NFunc =   395  E =     -14.37549  RMSG = 4.4278121e-01
 MIN: Iter =   24  NFunc =   417  E =     -14.92712  RMSG = 5.4497313e-01
 MIN: Iter =   25  NFunc =   423  E =     -15.51795  RMSG = 5.5389522e-01
 MIN: Iter =   26  NFunc =   430  E =     -16.03671  RMSG = 5.5055239e-01
 MIN: Iter =   27  NFunc =   436  E =     -16.51902  RMSG = 3.7189093e-01
 MIN: Iter =   28  NFunc =   447  E =     -17.17589  RMSG = 3.8414131e-01
 MIN: Iter =   29  NFunc =   458  E =     -17.47963  RMSG = 2.0976243e-01
 MIN: Iter =   30  NFunc =   495  E =     -17.87727  RMSG = 2.4619355e-01
 MIN: Iter =   31  NFunc =   546  E =     -18.20768  RMSG = 2.7552484e-01
 MIN: Iter =   32  NFunc =   555  E =     -18.29315  RMSG = 1.0014627e-01
 MIN: Iter =   33  NFunc =   606  E =     -18.52312  RMSG = 1.7342770e-01
 MIN: Iter =   34  NFunc =   657  E =     -18.71293  RMSG = 1.5833056e-01
 MIN: Iter =   35  NFunc =   708  E =     -18.88164  RMSG = 1.5540420e-01
 MIN: Iter =   36  NFunc =   759  E =     -19.06116  RMSG = 1.6651573e-01
 MIN: Iter =   37  NFunc =   785  E =     -19.24122  RMSG = 1.7684084e-01
 MIN: Iter =   38  NFunc =   809  E =     -19.42315  RMSG = 1.8455548e-01
 MIN: Iter =   39  NFunc =   832  E =     -19.59381  RMSG = 1.8457735e-01
 MIN: Iter =   40  NFunc =   843  E =     -19.74005  RMSG = 1.6961389e-01
 MIN: Iter =   41  NFunc =   850  E =     -19.84407  RMSG = 1.4810760e-01
 MIN: Iter =   42  NFunc =   901  E =     -19.98452  RMSG = 1.6288804e-01
 MIN: Iter =   43  NFunc =   910  E =     -20.05512  RMSG = 1.2935801e-01
 MIN: Iter =   44  NFunc =   930  E =     -20.15419  RMSG = 1.8522366e-01
 MIN: Iter =   45  NFunc =   937  E =     -20.18852  RMSG = 6.6491748e-02
 MIN: Iter =   46  NFunc =   988  E =     -20.28744  RMSG = 9.3019278e-02
 MIN: Iter =   47  NFunc =  1002  E =     -20.35156  RMSG = 8.4075974e-02
 MIN: Iter =   48  NFunc =  1017  E =     -20.39068  RMSG = 6.2173684e-02
 MIN: Iter =   49  NFunc =  1065  E =     -20.44800  RMSG = 6.5103020e-02
 MIN: Iter =   50  NFunc =  1073  E =     -20.45520  RMSG = 3.4109033e-02
 MIN: Iter =   51  NFunc =  1124  E =     -20.47337  RMSG = 3.1925139e-02
 MIN: Iter =   52  NFunc =  1157  E =     -20.48163  RMSG = 1.9123000e-02
 MIN: Iter =   53  NFunc =  1208  E =     -20.48745  RMSG = 1.3200722e-02
 MIN: Iter =   54  NFunc =  1259  E =     -20.49284  RMSG = 1.4380966e-02
 MIN: Iter =   55  NFunc =  1310  E =     -20.49665  RMSG = 1.1362419e-02
 MIN: Iter =   56  NFunc =  1361  E =     -20.49980  RMSG = 1.1773058e-02
 MIN: Iter =   57  NFunc =  1412  E =     -20.50209  RMSG = 9.2390598e-03
 MIN: Iter =   58  NFunc =  1457  E =     -20.50320  RMSG = 5.4048299e-03
 MIN: Iter =   59  NFunc =  1508  E =     -20.50369  RMSG = 3.4286798e-03
 MIN: Iter =   60  NFunc =  1559  E =     -20.50406  RMSG = 4.0310839e-03
 MIN: Iter =   61  NFunc =  1610  E =     -20.50433  RMSG = 3.2929917e-03
 MIN: Iter =   62  NFunc =  1661  E =     -20.50464  RMSG = 3.3749009e-03
 MIN: Iter =   63  NFunc =  1712  E =     -20.50490  RMSG = 2.2977711e-03
 MIN: Iter =   64  NFunc =  1763  E =     -20.50504  RMSG = 2.0046928e-03
 MIN: Iter =   65  NFunc =  1800  E =     -20.50508  RMSG = 1.0231943e-03
 MIN: Iter =   66  NFunc =  1835  E =     -20.50510  RMSG = 6.8224510e-04
 MIN: Iter =   67  NFunc =  1875  E =     -20.50511  RMSG = 4.6962792e-04
----------------------------------------------------------------
 END:          :-)  E =     -20.50511  RMSG =   0.0004696

     bond:     10.511802530
    angle:     25.456068595
 dihedral:    138.100529413
    enb14:     31.587465993
    eel14:    394.511470303
      enb:    -52.860964443
      eel:   -454.173182094
      egb:   -113.638295438
    econs:      0.000000000
    esurf:      0.000000000
    Total:    -20.505105141
     frms:      0.000469628
====== rms.dat  ======================================================
#Frame      all_heavy
       1       1.3790
