====== tleap.out =====================================================
-I: Adding /home/case/amber24/dat/leap/prep to search path.
-I: Adding /home/case/amber24/dat/leap/lib to search path.
-I: Adding /home/case/amber24/dat/leap/parm to search path.
-I: Adding /home/case/amber24/dat/leap/cmd to search path.
-f: Source leap.in.

Welcome to LEaP!
(no leaprc in search path)
Sourcing: ./leap.in
Using Bondi radii
----- Source: /home/case/amber24/dat/leap/cmd/leaprc.gaff2
----- Source of /home/case/amber24/dat/leap/cmd/leaprc.gaff2 done
Log file: ./leap.log
Loading parameters: /home/case/amber24/dat/leap/parm/gaff2.dat
Reading title:
AMBER General Force Field for organic molecules (Version 2.2.20, March 2021)
Loading parameters: ./ZFP.frcmod
Reading force field modification type file (frcmod)
Reading title:
Remark line goes here
Loading Mol2 file: ./ZFP.mol2
Reading MOLECULE named ZFP
Checking Unit.
Building topology.
"order_residues" off: keep input residue order.
Building atom parameters.
Building bond parameters.
Building angle parameters.
Building proper torsion parameters.

/home/case/amber24/bin/teLeap: Note.
1-4: angle 1 17 duplicates bond ('triangular' bond) or angle ('square' bond)


/home/case/amber24/bin/teLeap: Note.
1-4: angle 12 13 duplicates bond ('triangular' bond) or angle ('square' bond)

Building improper torsion parameters.
 total 13 improper torsions applied
Building H-Bond parameters.
Incorporating Non-Bonded adjustments.
Not Marking per-residue atom chain types.
Marking per-residue atom chain types.
  (Residues lacking connect0/connect1 - 
   these don't have chain types marked:

	res	total affected

	ZFP	1
  )
 (no restraints)
	Quit

Exiting LEaP: Errors = 0; Warnings = 0; Notes = 2.
====== min.o =========================================================
Reading parm file (ZFP.parm7)
title:
ZFP                                                                             
no velocities were found
no velocities were found
	mm_options:  ntpr=5
	mm_options:  gb=1
	mm_options:  kappa=0.10395
	mm_options:  rgbmax=99.
	mm_options:  cut=99.0
	mm_options:  wcons=0.
     bond:      1.238033604
    angle:      5.646208845
 dihedral:     16.214014147
    enb14:      5.558906309
    eel14:    -24.738173222
      enb:      1.730688402
      eel:      2.296419143
      egb:     -8.953652588
    econs:      0.000000000
    esurf:      0.000000000
    Total:     -1.007555361
     frms:      7.370510607
Starting TNCG minimisation
 MIN: Iter =    0  NFunc =     1  E =      -1.00756  RMSG = 7.3705106e+00
 MIN: Iter =    1  NFunc =     7  E =      -5.83381  RMSG = 1.8091094e+00
 MIN: Iter =    2  NFunc =    14  E =      -6.69920  RMSG = 9.1421441e-01
 MIN: Iter =    3  NFunc =    26  E =      -7.45372  RMSG = 6.5318997e-01
 MIN: Iter =    4  NFunc =    64  E =      -7.84139  RMSG = 1.2895882e+00
 MIN: Iter =    5  NFunc =    72  E =      -8.13215  RMSG = 5.2516417e-01
 MIN: Iter =    6  NFunc =    95  E =      -8.50567  RMSG = 1.1400858e+00
 MIN: Iter =    7  NFunc =   104  E =      -8.78633  RMSG = 3.9384660e-01
 MIN: Iter =    8  NFunc =   121  E =      -9.08270  RMSG = 1.1365421e+00
 MIN: Iter =    9  NFunc =   128  E =      -9.23009  RMSG = 3.2234792e-01
 MIN: Iter =   10  NFunc =   150  E =      -9.49630  RMSG = 1.2942455e+00
 MIN: Iter =   11  NFunc =   156  E =      -9.72925  RMSG = 4.2623557e-01
 MIN: Iter =   12  NFunc =   163  E =      -9.85401  RMSG = 5.0925501e-01
 MIN: Iter =   13  NFunc =   169  E =      -9.96689  RMSG = 6.9047737e-01
 MIN: Iter =   14  NFunc =   175  E =     -10.02874  RMSG = 1.7781079e-01
 MIN: Iter =   15  NFunc =   186  E =     -10.06286  RMSG = 2.7927738e-01
 MIN: Iter =   16  NFunc =   209  E =     -10.10277  RMSG = 3.4395948e-01
 MIN: Iter =   17  NFunc =   215  E =     -10.11240  RMSG = 7.4015769e-02
 MIN: Iter =   18  NFunc =   246  E =     -10.12691  RMSG = 1.4288166e-01
 MIN: Iter =   19  NFunc =   254  E =     -10.12974  RMSG = 4.6826420e-02
 MIN: Iter =   20  NFunc =   275  E =     -10.13437  RMSG = 3.7309398e-02
 MIN: Iter =   21  NFunc =   302  E =     -10.13805  RMSG = 2.4601954e-02
 MIN: Iter =   22  NFunc =   342  E =     -10.13976  RMSG = 2.1262368e-02
 MIN: Iter =   23  NFunc =   349  E =     -10.13985  RMSG = 8.4467274e-03
 MIN: Iter =   24  NFunc =   381  E =     -10.14011  RMSG = 7.0970179e-03
 MIN: Iter =   25  NFunc =   430  E =     -10.14028  RMSG = 4.4917825e-03
 MIN: Iter =   26  NFunc =   445  E =     -10.14032  RMSG = 4.3474783e-03
 MIN: Iter =   27  NFunc =   471  E =     -10.14034  RMSG = 2.2650579e-03
 MIN: Iter =   28  NFunc =   492  E =     -10.14035  RMSG = 1.5632599e-03
 MIN: Iter =   29  NFunc =   511  E =     -10.14035  RMSG = 9.1529056e-04
 MIN: Iter =   30  NFunc =   551  E =     -10.14036  RMSG = 6.7302220e-04
 MIN: Iter =   31  NFunc =   566  E =     -10.14036  RMSG = 3.5775785e-04
----------------------------------------------------------------
 END:          :-)  E =     -10.14036  RMSG =   0.0003578

     bond:      0.603286859
    angle:      3.636576680
 dihedral:     14.539968986
    enb14:      4.357161304
    eel14:    -24.751152922
      enb:     -1.268962121
      eel:      2.031575901
      egb:     -9.288811487
    econs:      0.000000000
    esurf:      0.000000000
    Total:    -10.140356799
     frms:      0.000357758
====== rms.dat  ======================================================
#Frame      all_heavy
       1       0.2023
