====== tleap.out =====================================================
-I: Adding /home/case/amber24/dat/leap/prep to search path.
-I: Adding /home/case/amber24/dat/leap/lib to search path.
-I: Adding /home/case/amber24/dat/leap/parm to search path.
-I: Adding /home/case/amber24/dat/leap/cmd to search path.
-f: Source leap.in.

Welcome to LEaP!
(no leaprc in search path)
Sourcing: ./leap.in
Using Bondi radii
----- Source: /home/case/amber24/dat/leap/cmd/leaprc.gaff2
----- Source of /home/case/amber24/dat/leap/cmd/leaprc.gaff2 done
Log file: ./leap.log
Loading parameters: /home/case/amber24/dat/leap/parm/gaff2.dat
Reading title:
AMBER General Force Field for organic molecules (Version 2.2.20, March 2021)
Loading parameters: ./ZMB.frcmod
Reading force field modification type file (frcmod)
Reading title:
Remark line goes here
Loading Mol2 file: ./ZMB.mol2
Reading MOLECULE named ZMB
Checking Unit.
Building topology.
"order_residues" off: keep input residue order.
Building atom parameters.
Building bond parameters.
Building angle parameters.
Building proper torsion parameters.
Building improper torsion parameters.
 total 3 improper torsions applied
Building H-Bond parameters.
Incorporating Non-Bonded adjustments.
Not Marking per-residue atom chain types.
Marking per-residue atom chain types.
  (Residues lacking connect0/connect1 - 
   these don't have chain types marked:

	res	total affected

	ZMB	1
  )
 (no restraints)
	Quit

Exiting LEaP: Errors = 0; Warnings = 0; Notes = 0.
====== min.o =========================================================
Reading parm file (ZMB.parm7)
title:
ZMB                                                                             
no velocities were found
no velocities were found
	mm_options:  ntpr=5
	mm_options:  gb=1
	mm_options:  kappa=0.10395
	mm_options:  rgbmax=99.
	mm_options:  cut=99.0
	mm_options:  wcons=0.
     bond:      2.076449988
    angle:      2.484130862
 dihedral:     69.140031837
    enb14:     11.049811646
    eel14:    100.733717398
      enb:     -6.602739774
      eel:   -114.137499257
      egb:    -39.633803265
    econs:      0.000000000
    esurf:      0.000000000
    Total:     25.110099435
     frms:      7.508835304
Starting TNCG minimisation
 MIN: Iter =    0  NFunc =     1  E =      25.11010  RMSG = 7.5088353e+00
 MIN: Iter =    1  NFunc =     9  E =      15.94498  RMSG = 2.8390963e+00
 MIN: Iter =    2  NFunc =    19  E =      13.65442  RMSG = 1.2115574e+00
 MIN: Iter =    3  NFunc =    48  E =      12.97445  RMSG = 2.3764340e+00
 MIN: Iter =    4  NFunc =    63  E =      11.52698  RMSG = 2.0979862e+00
 MIN: Iter =    5  NFunc =    73  E =      10.59492  RMSG = 1.7856165e+00
 MIN: Iter =    6  NFunc =    79  E =       9.85137  RMSG = 1.7497477e+00
 MIN: Iter =    7  NFunc =    85  E =       9.14656  RMSG = 1.6523637e+00
 MIN: Iter =    8  NFunc =    92  E =       8.41798  RMSG = 3.2613924e+00
 MIN: Iter =    9  NFunc =    98  E =       7.62027  RMSG = 1.0992661e+00
 MIN: Iter =   10  NFunc =   107  E =       7.00541  RMSG = 1.9178212e+00
 MIN: Iter =   11  NFunc =   113  E =       6.53077  RMSG = 9.9261807e-01
 MIN: Iter =   12  NFunc =   119  E =       6.30400  RMSG = 1.0098150e+00
 MIN: Iter =   13  NFunc =   127  E =       6.17674  RMSG = 3.4054553e-01
 MIN: Iter =   14  NFunc =   145  E =       6.04467  RMSG = 4.0898486e-01
 MIN: Iter =   15  NFunc =   160  E =       5.94671  RMSG = 1.1915283e+00
 MIN: Iter =   16  NFunc =   166  E =       5.86363  RMSG = 2.7441743e-01
 MIN: Iter =   17  NFunc =   205  E =       5.74724  RMSG = 3.3703323e-01
 MIN: Iter =   18  NFunc =   217  E =       5.67552  RMSG = 3.3895275e-01
 MIN: Iter =   19  NFunc =   236  E =       5.60184  RMSG = 2.9727228e-01
 MIN: Iter =   20  NFunc =   254  E =       5.55430  RMSG = 1.8361928e-01
 MIN: Iter =   21  NFunc =   287  E =       5.52513  RMSG = 2.0561569e-01
 MIN: Iter =   22  NFunc =   293  E =       5.52041  RMSG = 5.5226410e-02
 MIN: Iter =   23  NFunc =   344  E =       5.49935  RMSG = 3.6274086e-01
 MIN: Iter =   24  NFunc =   364  E =       5.44649  RMSG = 5.4521139e-01
 MIN: Iter =   25  NFunc =   390  E =       5.34774  RMSG = 7.0736743e-01
 MIN: Iter =   26  NFunc =   399  E =       5.26258  RMSG = 3.0661679e-01
 MIN: Iter =   27  NFunc =   425  E =       5.11586  RMSG = 4.4884027e-01
 MIN: Iter =   28  NFunc =   461  E =       4.87295  RMSG = 6.1308231e-01
 MIN: Iter =   29  NFunc =   470  E =       4.70656  RMSG = 7.6013542e-01
 MIN: Iter =   30  NFunc =   476  E =       4.62447  RMSG = 3.2909934e-01
 MIN: Iter =   31  NFunc =   486  E =       4.56282  RMSG = 2.6570885e-01
 MIN: Iter =   32  NFunc =   509  E =       4.46416  RMSG = 2.9604186e-01
 MIN: Iter =   33  NFunc =   528  E =       4.42005  RMSG = 1.2154326e-01
 MIN: Iter =   34  NFunc =   564  E =       4.38891  RMSG = 1.9196229e-01
 MIN: Iter =   35  NFunc =   600  E =       4.36703  RMSG = 1.1675002e-01
 MIN: Iter =   36  NFunc =   609  E =       4.36447  RMSG = 4.0677000e-02
 MIN: Iter =   37  NFunc =   627  E =       4.36264  RMSG = 1.9261609e-02
 MIN: Iter =   38  NFunc =   668  E =       4.36171  RMSG = 1.4036914e-02
 MIN: Iter =   39  NFunc =   688  E =       4.36154  RMSG = 6.0679172e-03
 MIN: Iter =   40  NFunc =   710  E =       4.36145  RMSG = 5.2216922e-03
 MIN: Iter =   41  NFunc =   737  E =       4.36136  RMSG = 3.8251665e-03
 MIN: Iter =   42  NFunc =   766  E =       4.36133  RMSG = 2.4515526e-03
 MIN: Iter =   43  NFunc =   789  E =       4.36132  RMSG = 1.2480358e-03
 MIN: Iter =   44  NFunc =   812  E =       4.36132  RMSG = 7.5510520e-04
 MIN: Iter =   45  NFunc =   833  E =       4.36132  RMSG = 3.3418886e-04
----------------------------------------------------------------
 END:          :-)  E =       4.36132  RMSG =   0.0003342

     bond:      1.671972226
    angle:      3.433873240
 dihedral:     58.717309702
    enb14:      6.571638465
    eel14:    101.048613905
      enb:     -6.343333840
      eel:   -121.429565794
      egb:    -39.309190193
    econs:      0.000000000
    esurf:      0.000000000
    Total:      4.361317711
     frms:      0.000334189
====== rms.dat  ======================================================
#Frame      all_heavy
       1       0.6095
