====== tleap.out =====================================================
-I: Adding /home/case/amber24/dat/leap/prep to search path.
-I: Adding /home/case/amber24/dat/leap/lib to search path.
-I: Adding /home/case/amber24/dat/leap/parm to search path.
-I: Adding /home/case/amber24/dat/leap/cmd to search path.
-f: Source leap.in.

Welcome to LEaP!
(no leaprc in search path)
Sourcing: ./leap.in
Using Bondi radii
----- Source: /home/case/amber24/dat/leap/cmd/leaprc.gaff2
----- Source of /home/case/amber24/dat/leap/cmd/leaprc.gaff2 done
Log file: ./leap.log
Loading parameters: /home/case/amber24/dat/leap/parm/gaff2.dat
Reading title:
AMBER General Force Field for organic molecules (Version 2.2.20, March 2021)
Loading parameters: ./ZNX.frcmod
Reading force field modification type file (frcmod)
Reading title:
Remark line goes here
Loading Mol2 file: ./ZNX.mol2
Reading MOLECULE named ZNX
Checking Unit.
Building topology.
"order_residues" off: keep input residue order.
Building atom parameters.
Building bond parameters.
Building angle parameters.
Building proper torsion parameters.
Building improper torsion parameters.
 total 15 improper torsions applied
Building H-Bond parameters.
Incorporating Non-Bonded adjustments.
Not Marking per-residue atom chain types.
Marking per-residue atom chain types.
  (Residues lacking connect0/connect1 - 
   these don't have chain types marked:

	res	total affected

	ZNX	1
  )
 (no restraints)
	Quit

Exiting LEaP: Errors = 0; Warnings = 0; Notes = 0.
====== min.o =========================================================
Reading parm file (ZNX.parm7)
title:
ZNX                                                                             
no velocities were found
no velocities were found
	mm_options:  ntpr=5
	mm_options:  gb=1
	mm_options:  kappa=0.10395
	mm_options:  rgbmax=99.
	mm_options:  cut=99.0
	mm_options:  wcons=0.
     bond:      2.001876858
    angle:     19.144014361
 dihedral:     17.540418069
    enb14:     11.560749610
    eel14:     30.183637711
      enb:      2.524735056
      eel:    -49.489051938
      egb:    -24.362889844
    econs:      0.000000000
    esurf:      0.000000000
    Total:      9.103489883
     frms:     10.019127710
Starting TNCG minimisation
 MIN: Iter =    0  NFunc =     1  E =       9.10349  RMSG = 1.0019128e+01
 MIN: Iter =    1  NFunc =     7  E =      -1.01593  RMSG = 2.8323469e+00
 MIN: Iter =    2  NFunc =    17  E =      -4.38771  RMSG = 1.4024212e+00
 MIN: Iter =    3  NFunc =    68  E =      -5.30136  RMSG = 1.7012194e+00
 MIN: Iter =    4  NFunc =    75  E =      -6.21581  RMSG = 1.4194812e+00
 MIN: Iter =    5  NFunc =    81  E =      -6.92320  RMSG = 9.0509565e-01
 MIN: Iter =    6  NFunc =    90  E =      -7.46487  RMSG = 5.7968041e-01
 MIN: Iter =    7  NFunc =   112  E =      -7.91407  RMSG = 8.0046057e-01
 MIN: Iter =    8  NFunc =   134  E =      -8.25341  RMSG = 6.9743389e-01
 MIN: Iter =    9  NFunc =   140  E =      -8.33530  RMSG = 2.2493227e-01
 MIN: Iter =   10  NFunc =   152  E =      -8.38857  RMSG = 1.8637231e-01
 MIN: Iter =   11  NFunc =   203  E =      -8.47204  RMSG = 6.6162242e-01
 MIN: Iter =   12  NFunc =   209  E =      -8.53076  RMSG = 1.4570303e-01
 MIN: Iter =   13  NFunc =   222  E =      -8.54758  RMSG = 7.6248148e-02
 MIN: Iter =   14  NFunc =   274  E =      -8.57279  RMSG = 1.8550914e-01
 MIN: Iter =   15  NFunc =   280  E =      -8.58072  RMSG = 8.3926602e-02
 MIN: Iter =   16  NFunc =   304  E =      -8.59697  RMSG = 1.3036714e-01
 MIN: Iter =   17  NFunc =   310  E =      -8.60272  RMSG = 8.3891294e-02
 MIN: Iter =   18  NFunc =   319  E =      -8.60971  RMSG = 1.2163230e-01
 MIN: Iter =   19  NFunc =   327  E =      -8.61298  RMSG = 4.6563492e-02
 MIN: Iter =   20  NFunc =   353  E =      -8.61650  RMSG = 4.5716377e-02
 MIN: Iter =   21  NFunc =   368  E =      -8.61942  RMSG = 6.2980278e-02
 MIN: Iter =   22  NFunc =   377  E =      -8.62049  RMSG = 2.4290985e-02
 MIN: Iter =   23  NFunc =   393  E =      -8.62148  RMSG = 6.7168988e-02
 MIN: Iter =   24  NFunc =   399  E =      -8.62215  RMSG = 1.7293730e-02
 MIN: Iter =   25  NFunc =   409  E =      -8.62233  RMSG = 1.1105231e-02
 MIN: Iter =   26  NFunc =   460  E =      -8.62408  RMSG = 4.8121196e-02
 MIN: Iter =   27  NFunc =   466  E =      -8.62444  RMSG = 1.5815011e-02
 MIN: Iter =   28  NFunc =   513  E =      -8.62580  RMSG = 2.0370853e-02
 MIN: Iter =   29  NFunc =   537  E =      -8.62667  RMSG = 3.0852260e-02
 MIN: Iter =   30  NFunc =   543  E =      -8.62682  RMSG = 7.3865573e-03
 MIN: Iter =   31  NFunc =   582  E =      -8.62694  RMSG = 5.3892500e-03
 MIN: Iter =   32  NFunc =   603  E =      -8.62697  RMSG = 2.5988879e-03
 MIN: Iter =   33  NFunc =   654  E =      -8.62707  RMSG = 8.3517831e-03
 MIN: Iter =   34  NFunc =   693  E =      -8.62722  RMSG = 1.7182949e-02
 MIN: Iter =   35  NFunc =   699  E =      -8.62726  RMSG = 5.8906351e-03
 MIN: Iter =   36  NFunc =   707  E =      -8.62728  RMSG = 4.0234121e-03
 MIN: Iter =   37  NFunc =   724  E =      -8.62731  RMSG = 3.2866780e-03
 MIN: Iter =   38  NFunc =   747  E =      -8.62733  RMSG = 2.0390363e-03
 MIN: Iter =   39  NFunc =   781  E =      -8.62734  RMSG = 1.1769960e-03
 MIN: Iter =   40  NFunc =   832  E =      -8.62735  RMSG = 1.5849157e-03
 MIN: Iter =   41  NFunc =   869  E =      -8.62736  RMSG = 9.5102560e-04
 MIN: Iter =   42  NFunc =   891  E =      -8.62736  RMSG = 4.8419740e-04
----------------------------------------------------------------
 END:          :-)  E =      -8.62736  RMSG =   0.0004842

     bond:      2.123916614
    angle:     16.916274533
 dihedral:     10.494264805
    enb14:      7.754259195
    eel14:     28.873622062
      enb:     -0.812557243
      eel:    -48.957724844
      egb:    -25.019413572
    econs:      0.000000000
    esurf:      0.000000000
    Total:     -8.627358451
     frms:      0.000484197
====== rms.dat  ======================================================
#Frame      all_heavy
       1       0.4777
