====== tleap.out =====================================================
-I: Adding /home/case/amber24/dat/leap/prep to search path.
-I: Adding /home/case/amber24/dat/leap/lib to search path.
-I: Adding /home/case/amber24/dat/leap/parm to search path.
-I: Adding /home/case/amber24/dat/leap/cmd to search path.
-f: Source leap.in.

Welcome to LEaP!
(no leaprc in search path)
Sourcing: ./leap.in
Using Bondi radii
----- Source: /home/case/amber24/dat/leap/cmd/leaprc.gaff2
----- Source of /home/case/amber24/dat/leap/cmd/leaprc.gaff2 done
Log file: ./leap.log
Loading parameters: /home/case/amber24/dat/leap/parm/gaff2.dat
Reading title:
AMBER General Force Field for organic molecules (Version 2.2.20, March 2021)
Loading parameters: ./ZOI.frcmod
Reading force field modification type file (frcmod)
Reading title:
Remark line goes here
Loading Mol2 file: ./ZOI.mol2
Reading MOLECULE named ZOI
Checking Unit.
Building topology.
"order_residues" off: keep input residue order.
Building atom parameters.
Building bond parameters.
Building angle parameters.
Building proper torsion parameters.
Building improper torsion parameters.
 total 16 improper torsions applied
Building H-Bond parameters.
Incorporating Non-Bonded adjustments.
Not Marking per-residue atom chain types.
Marking per-residue atom chain types.
  (Residues lacking connect0/connect1 - 
   these don't have chain types marked:

	res	total affected

	ZOI	1
  )
 (no restraints)
	Quit

Exiting LEaP: Errors = 0; Warnings = 0; Notes = 0.
====== min.o =========================================================
Reading parm file (ZOI.parm7)
title:
ZOI                                                                             
no velocities were found
no velocities were found
	mm_options:  ntpr=5
	mm_options:  gb=1
	mm_options:  kappa=0.10395
	mm_options:  rgbmax=99.
	mm_options:  cut=99.0
	mm_options:  wcons=0.
     bond:      1.452095372
    angle:     30.994813626
 dihedral:     24.312405152
    enb14:     11.729072500
    eel14:   -216.458909129
      enb:     -2.374368864
      eel:     88.515116918
      egb:    -30.317059529
    econs:      0.000000000
    esurf:      0.000000000
    Total:    -92.146833953
     frms:     10.339144541
Starting TNCG minimisation
 MIN: Iter =    0  NFunc =     1  E =     -92.14683  RMSG = 1.0339145e+01
 MIN: Iter =    1  NFunc =     7  E =    -103.35876  RMSG = 2.2512413e+00
 MIN: Iter =    2  NFunc =    13  E =    -104.70987  RMSG = 1.1568255e+00
 MIN: Iter =    3  NFunc =    29  E =    -105.72584  RMSG = 6.7739114e-01
 MIN: Iter =    4  NFunc =    66  E =    -106.00295  RMSG = 1.7489441e+00
 MIN: Iter =    5  NFunc =    72  E =    -106.31806  RMSG = 4.9100198e-01
 MIN: Iter =    6  NFunc =   104  E =    -106.56472  RMSG = 6.3556648e-01
 MIN: Iter =    7  NFunc =   116  E =    -106.87997  RMSG = 7.6359498e-01
 MIN: Iter =    8  NFunc =   131  E =    -107.14862  RMSG = 6.4521818e-01
 MIN: Iter =    9  NFunc =   146  E =    -107.33429  RMSG = 4.0650651e-01
 MIN: Iter =   10  NFunc =   153  E =    -107.37915  RMSG = 2.2176625e-01
 MIN: Iter =   11  NFunc =   173  E =    -107.43175  RMSG = 3.4441864e-01
 MIN: Iter =   12  NFunc =   179  E =    -107.44612  RMSG = 1.3958665e-01
 MIN: Iter =   13  NFunc =   230  E =    -107.50644  RMSG = 2.5133858e-01
 MIN: Iter =   14  NFunc =   238  E =    -107.51787  RMSG = 9.2932146e-02
 MIN: Iter =   15  NFunc =   273  E =    -107.53814  RMSG = 9.1829249e-02
 MIN: Iter =   16  NFunc =   282  E =    -107.54041  RMSG = 3.2958993e-02
 MIN: Iter =   17  NFunc =   311  E =    -107.54445  RMSG = 3.5752061e-02
 MIN: Iter =   18  NFunc =   345  E =    -107.54711  RMSG = 4.1764828e-02
 MIN: Iter =   19  NFunc =   367  E =    -107.54830  RMSG = 1.9849085e-02
 MIN: Iter =   20  NFunc =   385  E =    -107.54863  RMSG = 1.2937561e-02
 MIN: Iter =   21  NFunc =   401  E =    -107.54877  RMSG = 6.4067477e-03
 MIN: Iter =   22  NFunc =   427  E =    -107.54889  RMSG = 4.5408452e-03
 MIN: Iter =   23  NFunc =   478  E =    -107.54899  RMSG = 4.9225668e-03
 MIN: Iter =   24  NFunc =   505  E =    -107.54903  RMSG = 2.2523554e-03
 MIN: Iter =   25  NFunc =   519  E =    -107.54903  RMSG = 1.2695390e-03
 MIN: Iter =   26  NFunc =   542  E =    -107.54904  RMSG = 8.4695963e-04
 MIN: Iter =   27  NFunc =   574  E =    -107.54904  RMSG = 6.3865202e-04
 MIN: Iter =   28  NFunc =   600  E =    -107.54904  RMSG = 3.3459537e-04
----------------------------------------------------------------
 END:          :-)  E =    -107.54904  RMSG =   0.0003346

     bond:      3.037777381
    angle:     24.998404174
 dihedral:     18.819016787
    enb14:      9.253966257
    eel14:   -220.830817104
      enb:     -3.411814885
      eel:     90.763706127
      egb:    -30.179280551
    econs:      0.000000000
    esurf:      0.000000000
    Total:   -107.549041815
     frms:      0.000334595
====== rms.dat  ======================================================
#Frame      all_heavy
       1       0.1937
