====== tleap.out =====================================================
-I: Adding /home/case/amber24/dat/leap/prep to search path.
-I: Adding /home/case/amber24/dat/leap/lib to search path.
-I: Adding /home/case/amber24/dat/leap/parm to search path.
-I: Adding /home/case/amber24/dat/leap/cmd to search path.
-f: Source leap.in.

Welcome to LEaP!
(no leaprc in search path)
Sourcing: ./leap.in
Using Bondi radii
----- Source: /home/case/amber24/dat/leap/cmd/leaprc.gaff2
----- Source of /home/case/amber24/dat/leap/cmd/leaprc.gaff2 done
Log file: ./leap.log
Loading parameters: /home/case/amber24/dat/leap/parm/gaff2.dat
Reading title:
AMBER General Force Field for organic molecules (Version 2.2.20, March 2021)
Loading parameters: ./ZQF.frcmod
Reading force field modification type file (frcmod)
Reading title:
Remark line goes here
Loading Mol2 file: ./ZQF.mol2
Reading MOLECULE named ZQF
Checking Unit.

/home/case/amber24/bin/teLeap: Warning!
The unperturbed charge of the unit (-1.999001) is not zero.

/home/case/amber24/bin/teLeap: Note.
Ignoring the warning from Unit Checking.

Building topology.
"order_residues" off: keep input residue order.
Building atom parameters.
Building bond parameters.
Building angle parameters.
Building proper torsion parameters.
Building improper torsion parameters.
 total 32 improper torsions applied
Building H-Bond parameters.
Incorporating Non-Bonded adjustments.
Not Marking per-residue atom chain types.
Marking per-residue atom chain types.
  (Residues lacking connect0/connect1 - 
   these don't have chain types marked:

	res	total affected

	ZQF	1
  )
 (no restraints)
	Quit

Exiting LEaP: Errors = 0; Warnings = 1; Notes = 1.
====== min.o =========================================================
Reading parm file (ZQF.parm7)
title:
ZQF                                                                             
no velocities were found
no velocities were found
	mm_options:  ntpr=5
	mm_options:  gb=1
	mm_options:  kappa=0.10395
	mm_options:  rgbmax=99.
	mm_options:  cut=99.0
	mm_options:  wcons=0.
     bond:     10.913862937
    angle:     13.470530067
 dihedral:     57.158978263
    enb14:     23.580257328
    eel14:   -589.653641171
      enb:     13.211538671
      eel:    236.456258787
      egb:   -161.186003581
    econs:      0.000000000
    esurf:      0.000000000
    Total:   -396.048218699
     frms:     12.471238037
Starting TNCG minimisation
 MIN: Iter =    0  NFunc =     1  E =    -396.04822  RMSG = 1.2471238e+01
 MIN: Iter =    1  NFunc =     7  E =    -421.26731  RMSG = 3.2779177e+00
 MIN: Iter =    2  NFunc =    13  E =    -425.44924  RMSG = 1.2064276e+00
 MIN: Iter =    3  NFunc =    47  E =    -426.46713  RMSG = 1.2543850e+00
 MIN: Iter =    4  NFunc =    60  E =    -428.58975  RMSG = 7.7913253e-01
 MIN: Iter =    5  NFunc =   111  E =    -429.30802  RMSG = 8.8162033e-01
 MIN: Iter =    6  NFunc =   124  E =    -429.87720  RMSG = 6.6272845e-01
 MIN: Iter =    7  NFunc =   132  E =    -430.26368  RMSG = 5.6217856e-01
 MIN: Iter =    8  NFunc =   138  E =    -430.40359  RMSG = 2.8967061e-01
 MIN: Iter =    9  NFunc =   163  E =    -430.56310  RMSG = 2.0151374e-01
 MIN: Iter =   10  NFunc =   214  E =    -430.71641  RMSG = 2.8418108e-01
 MIN: Iter =   11  NFunc =   220  E =    -430.76965  RMSG = 1.4901137e-01
 MIN: Iter =   12  NFunc =   271  E =    -430.89652  RMSG = 3.8049720e-01
 MIN: Iter =   13  NFunc =   278  E =    -430.99752  RMSG = 2.1191101e-01
 MIN: Iter =   14  NFunc =   306  E =    -431.12741  RMSG = 4.5926069e-01
 MIN: Iter =   15  NFunc =   313  E =    -431.23032  RMSG = 2.1371155e-01
 MIN: Iter =   16  NFunc =   324  E =    -431.30471  RMSG = 4.8496133e-01
 MIN: Iter =   17  NFunc =   331  E =    -431.36434  RMSG = 1.7054616e-01
 MIN: Iter =   18  NFunc =   363  E =    -431.45968  RMSG = 4.1208357e-01
 MIN: Iter =   19  NFunc =   370  E =    -431.52572  RMSG = 1.8296125e-01
 MIN: Iter =   20  NFunc =   381  E =    -431.57989  RMSG = 3.3120719e-01
 MIN: Iter =   21  NFunc =   387  E =    -431.60116  RMSG = 9.6838908e-02
 MIN: Iter =   22  NFunc =   420  E =    -431.64908  RMSG = 3.0859249e-01
 MIN: Iter =   23  NFunc =   426  E =    -431.66471  RMSG = 8.9902950e-02
 MIN: Iter =   24  NFunc =   477  E =    -431.70505  RMSG = 3.1999619e-01
 MIN: Iter =   25  NFunc =   483  E =    -431.72505  RMSG = 9.3029813e-02
 MIN: Iter =   26  NFunc =   534  E =    -431.75996  RMSG = 3.4885698e-01
 MIN: Iter =   27  NFunc =   540  E =    -431.78700  RMSG = 9.1733981e-02
 MIN: Iter =   28  NFunc =   583  E =    -431.82742  RMSG = 2.7140854e-01
 MIN: Iter =   29  NFunc =   590  E =    -431.85032  RMSG = 9.4687249e-02
 MIN: Iter =   30  NFunc =   628  E =    -431.87675  RMSG = 2.1379401e-01
 MIN: Iter =   31  NFunc =   635  E =    -431.88997  RMSG = 6.4417282e-02
 MIN: Iter =   32  NFunc =   668  E =    -431.90566  RMSG = 1.7633664e-01
 MIN: Iter =   33  NFunc =   674  E =    -431.91378  RMSG = 6.7987340e-02
 MIN: Iter =   34  NFunc =   715  E =    -431.92865  RMSG = 1.5805303e-01
 MIN: Iter =   35  NFunc =   723  E =    -431.93670  RMSG = 5.1947143e-02
 MIN: Iter =   36  NFunc =   761  E =    -431.94986  RMSG = 1.4897716e-01
 MIN: Iter =   37  NFunc =   767  E =    -431.95528  RMSG = 4.3562867e-02
 MIN: Iter =   38  NFunc =   818  E =    -431.97576  RMSG = 1.1379248e-01
 MIN: Iter =   39  NFunc =   824  E =    -431.98023  RMSG = 5.5058295e-02
 MIN: Iter =   40  NFunc =   848  E =    -432.00312  RMSG = 1.3524731e-01
 MIN: Iter =   41  NFunc =   854  E =    -432.00733  RMSG = 4.8205161e-02
 MIN: Iter =   42  NFunc =   867  E =    -432.01147  RMSG = 3.5483117e-02
 MIN: Iter =   43  NFunc =   918  E =    -432.03966  RMSG = 1.5613728e-01
 MIN: Iter =   44  NFunc =   925  E =    -432.05027  RMSG = 6.4457082e-02
 MIN: Iter =   45  NFunc =   946  E =    -432.05969  RMSG = 7.6333649e-02
 MIN: Iter =   46  NFunc =   952  E =    -432.06138  RMSG = 2.7935651e-02
 MIN: Iter =   47  NFunc =  1003  E =    -432.07622  RMSG = 1.6116961e-01
 MIN: Iter =   48  NFunc =  1009  E =    -432.08228  RMSG = 4.2243365e-02
 MIN: Iter =   49  NFunc =  1060  E =    -432.09680  RMSG = 1.8857638e-01
 MIN: Iter =   50  NFunc =  1066  E =    -432.10499  RMSG = 4.5988144e-02
 MIN: Iter =   51  NFunc =  1117  E =    -432.11340  RMSG = 1.2966947e-01
 MIN: Iter =   52  NFunc =  1123  E =    -432.11716  RMSG = 4.4151271e-02
 MIN: Iter =   53  NFunc =  1170  E =    -432.12878  RMSG = 9.2290786e-02
 MIN: Iter =   54  NFunc =  1176  E =    -432.13061  RMSG = 2.9235485e-02
 MIN: Iter =   55  NFunc =  1223  E =    -432.13934  RMSG = 9.3440340e-02
 MIN: Iter =   56  NFunc =  1229  E =    -432.14061  RMSG = 2.5393152e-02
 MIN: Iter =   57  NFunc =  1280  E =    -432.14820  RMSG = 5.2862092e-02
 MIN: Iter =   58  NFunc =  1331  E =    -432.15780  RMSG = 7.9572168e-02
 MIN: Iter =   59  NFunc =  1382  E =    -432.17123  RMSG = 1.1166338e-01
 MIN: Iter =   60  NFunc =  1389  E =    -432.17573  RMSG = 4.2986527e-02
 MIN: Iter =   61  NFunc =  1440  E =    -432.18514  RMSG = 1.0090896e-01
 MIN: Iter =   62  NFunc =  1447  E =    -432.18857  RMSG = 4.1537643e-02
 MIN: Iter =   63  NFunc =  1486  E =    -432.19564  RMSG = 9.2062947e-02
 MIN: Iter =   64  NFunc =  1499  E =    -432.20020  RMSG = 3.1273356e-02
 MIN: Iter =   65  NFunc =  1549  E =    -432.20669  RMSG = 7.6014589e-02
 MIN: Iter =   66  NFunc =  1555  E =    -432.20862  RMSG = 3.1303415e-02
 MIN: Iter =   67  NFunc =  1585  E =    -432.21400  RMSG = 6.3959822e-02
 MIN: Iter =   68  NFunc =  1603  E =    -432.21957  RMSG = 3.6065890e-02
 MIN: Iter =   69  NFunc =  1616  E =    -432.22223  RMSG = 3.1584922e-02
 MIN: Iter =   70  NFunc =  1633  E =    -432.22415  RMSG = 6.0623769e-02
 MIN: Iter =   71  NFunc =  1639  E =    -432.22544  RMSG = 3.3551578e-02
 MIN: Iter =   72  NFunc =  1652  E =    -432.22669  RMSG = 4.9222962e-02
 MIN: Iter =   73  NFunc =  1660  E =    -432.22762  RMSG = 2.0034512e-02
 MIN: Iter =   74  NFunc =  1708  E =    -432.23083  RMSG = 8.3525651e-02
 MIN: Iter =   75  NFunc =  1714  E =    -432.23247  RMSG = 1.7480819e-02
 MIN: Iter =   76  NFunc =  1722  E =    -432.23267  RMSG = 8.6987403e-03
 MIN: Iter =   77  NFunc =  1773  E =    -432.23416  RMSG = 3.3694114e-02
 MIN: Iter =   78  NFunc =  1824  E =    -432.23674  RMSG = 5.3079476e-02
 MIN: Iter =   79  NFunc =  1863  E =    -432.23993  RMSG = 4.0963413e-02
 MIN: Iter =   80  NFunc =  1870  E =    -432.24030  RMSG = 1.4818134e-02
 MIN: Iter =   81  NFunc =  1921  E =    -432.24146  RMSG = 1.6822010e-02
 MIN: Iter =   82  NFunc =  1972  E =    -432.24229  RMSG = 1.5200767e-02
 MIN: Iter =   83  NFunc =  2021  E =    -432.24345  RMSG = 3.5865968e-02
 MIN: Iter =   84  NFunc =  2027  E =    -432.24369  RMSG = 8.1009432e-03
 MIN: Iter =   85  NFunc =  2078  E =    -432.24435  RMSG = 3.2610168e-02
 MIN: Iter =   86  NFunc =  2085  E =    -432.24457  RMSG = 1.1252631e-02
 MIN: Iter =   87  NFunc =  2137  E =    -432.24544  RMSG = 2.7885792e-02
 MIN: Iter =   88  NFunc =  2183  E =    -432.24637  RMSG = 3.3426240e-02
 MIN: Iter =   89  NFunc =  2212  E =    -432.24743  RMSG = 9.7432757e-02
 MIN: Iter =   90  NFunc =  2218  E =    -432.24899  RMSG = 2.0135235e-02
 MIN: Iter =   91  NFunc =  2270  E =    -432.25015  RMSG = 3.5755360e-02
 MIN: Iter =   92  NFunc =  2277  E =    -432.25108  RMSG = 4.0494817e-02
 MIN: Iter =   93  NFunc =  2283  E =    -432.25239  RMSG = 9.7382470e-02
 MIN: Iter =   94  NFunc =  2289  E =    -432.25402  RMSG = 1.9484547e-02
 MIN: Iter =   95  NFunc =  2298  E =    -432.25471  RMSG = 2.9899751e-02
 MIN: Iter =   96  NFunc =  2304  E =    -432.25533  RMSG = 2.4422275e-02
 MIN: Iter =   97  NFunc =  2330  E =    -432.25681  RMSG = 1.5058953e-02
 MIN: Iter =   98  NFunc =  2361  E =    -432.25881  RMSG = 3.5478671e-02
 MIN: Iter =   99  NFunc =  2412  E =    -432.26222  RMSG = 9.8622410e-02
 MIN: Iter =  100  NFunc =  2419  E =    -432.26412  RMSG = 2.9489666e-02
----------------------------------------------------------------
 END:          :-)  E =    -432.26412  RMSG =   0.0294897

     bond:      3.721609375
    angle:     14.613533652
 dihedral:     52.402557745
    enb14:     17.571527714
    eel14:   -599.308232977
      enb:     -5.122914762
      eel:    250.002934373
      egb:   -166.145136232
    econs:      0.000000000
    esurf:      0.000000000
    Total:   -432.264121113
     frms:      0.029489666
====== rms.dat  ======================================================
#Frame      all_heavy
       1       1.4965
