====== tleap.out =====================================================
-I: Adding /home/case/amber24/dat/leap/prep to search path.
-I: Adding /home/case/amber24/dat/leap/lib to search path.
-I: Adding /home/case/amber24/dat/leap/parm to search path.
-I: Adding /home/case/amber24/dat/leap/cmd to search path.
-f: Source leap.in.

Welcome to LEaP!
(no leaprc in search path)
Sourcing: ./leap.in
Using Bondi radii
----- Source: /home/case/amber24/dat/leap/cmd/leaprc.gaff2
----- Source of /home/case/amber24/dat/leap/cmd/leaprc.gaff2 done
Log file: ./leap.log
Loading parameters: /home/case/amber24/dat/leap/parm/gaff2.dat
Reading title:
AMBER General Force Field for organic molecules (Version 2.2.20, March 2021)
Loading parameters: ./ZSP.frcmod
Reading force field modification type file (frcmod)
Reading title:
Remark line goes here
Loading Mol2 file: ./ZSP.mol2
Reading MOLECULE named ZSP
Checking Unit.
Building topology.
"order_residues" off: keep input residue order.
Building atom parameters.
Building bond parameters.
Building angle parameters.
Building proper torsion parameters.
Building improper torsion parameters.
 total 10 improper torsions applied
Building H-Bond parameters.
Incorporating Non-Bonded adjustments.
Not Marking per-residue atom chain types.
Marking per-residue atom chain types.
  (Residues lacking connect0/connect1 - 
   these don't have chain types marked:

	res	total affected

	ZSP	1
  )
 (no restraints)
	Quit

Exiting LEaP: Errors = 0; Warnings = 0; Notes = 0.
====== min.o =========================================================
Reading parm file (ZSP.parm7)
title:
ZSP                                                                             
no velocities were found
no velocities were found
	mm_options:  ntpr=5
	mm_options:  gb=1
	mm_options:  kappa=0.10395
	mm_options:  rgbmax=99.
	mm_options:  cut=99.0
	mm_options:  wcons=0.
     bond:      3.182391357
    angle:     12.534846287
 dihedral:     11.282182440
    enb14:     12.043129316
    eel14:   -381.740023215
      enb:     -0.009955240
      eel:    155.755146810
      egb:    -40.406423658
    econs:      0.000000000
    esurf:      0.000000000
    Total:   -227.358705903
     frms:     15.266629299
Starting TNCG minimisation
 MIN: Iter =    0  NFunc =     1  E =    -227.35871  RMSG = 1.5266629e+01
 MIN: Iter =    1  NFunc =     7  E =    -239.53730  RMSG = 4.5073213e+00
 MIN: Iter =    2  NFunc =    22  E =    -240.13465  RMSG = 4.5650991e+00
 MIN: Iter =    3  NFunc =    29  E =    -243.13891  RMSG = 2.3998070e+00
 MIN: Iter =    4  NFunc =    35  E =    -243.74892  RMSG = 1.0878601e+00
 MIN: Iter =    5  NFunc =    77  E =    -244.00425  RMSG = 1.9268660e+00
 MIN: Iter =    6  NFunc =    85  E =    -244.39614  RMSG = 6.6728016e-01
 MIN: Iter =    7  NFunc =   127  E =    -244.66221  RMSG = 1.8580700e+00
 MIN: Iter =    8  NFunc =   133  E =    -244.89900  RMSG = 4.1540900e-01
 MIN: Iter =    9  NFunc =   141  E =    -244.99871  RMSG = 1.4720266e+00
 MIN: Iter =   10  NFunc =   149  E =    -245.16600  RMSG = 3.9650967e-01
 MIN: Iter =   11  NFunc =   158  E =    -245.27441  RMSG = 7.9400174e-01
 MIN: Iter =   12  NFunc =   164  E =    -245.32246  RMSG = 3.3355214e-01
 MIN: Iter =   13  NFunc =   196  E =    -245.45558  RMSG = 4.9023721e-01
 MIN: Iter =   14  NFunc =   210  E =    -245.52937  RMSG = 3.8888295e-01
 MIN: Iter =   15  NFunc =   218  E =    -245.55913  RMSG = 2.2387846e-01
 MIN: Iter =   16  NFunc =   232  E =    -245.57618  RMSG = 1.5426091e-01
 MIN: Iter =   17  NFunc =   250  E =    -245.58828  RMSG = 9.9275731e-02
 MIN: Iter =   18  NFunc =   268  E =    -245.59323  RMSG = 5.9560646e-02
 MIN: Iter =   19  NFunc =   279  E =    -245.59454  RMSG = 3.2065981e-02
 MIN: Iter =   20  NFunc =   286  E =    -245.59477  RMSG = 1.9218852e-02
 MIN: Iter =   21  NFunc =   299  E =    -245.59490  RMSG = 9.2811002e-03
 MIN: Iter =   22  NFunc =   343  E =    -245.59513  RMSG = 5.3369154e-03
 MIN: Iter =   23  NFunc =   366  E =    -245.59514  RMSG = 2.5093663e-03
 MIN: Iter =   24  NFunc =   375  E =    -245.59515  RMSG = 1.1586992e-03
 MIN: Iter =   25  NFunc =   385  E =    -245.59515  RMSG = 9.1090054e-04
 MIN: Iter =   26  NFunc =   410  E =    -245.59515  RMSG = 7.2824707e-04
 MIN: Iter =   27  NFunc =   429  E =    -245.59515  RMSG = 7.4343486e-04
 MIN: Iter =   28  NFunc =   456  E =    -245.59515  RMSG = 4.2073690e-04
----------------------------------------------------------------
 END:          :-)  E =    -245.59515  RMSG =   0.0004207

     bond:      4.689063123
    angle:     10.706340609
 dihedral:     10.137232347
    enb14:     10.649103180
    eel14:   -396.999307096
      enb:     -1.400531135
      eel:    154.502435634
      egb:    -37.879485576
    econs:      0.000000000
    esurf:      0.000000000
    Total:   -245.595148913
     frms:      0.000420737
====== rms.dat  ======================================================
#Frame      all_heavy
       1       0.3923
