====== tleap.out =====================================================
-I: Adding /home/case/amber24/dat/leap/prep to search path.
-I: Adding /home/case/amber24/dat/leap/lib to search path.
-I: Adding /home/case/amber24/dat/leap/parm to search path.
-I: Adding /home/case/amber24/dat/leap/cmd to search path.
-f: Source leap.in.

Welcome to LEaP!
(no leaprc in search path)
Sourcing: ./leap.in
Using Bondi radii
----- Source: /home/case/amber24/dat/leap/cmd/leaprc.gaff2
----- Source of /home/case/amber24/dat/leap/cmd/leaprc.gaff2 done
Log file: ./leap.log
Loading parameters: /home/case/amber24/dat/leap/parm/gaff2.dat
Reading title:
AMBER General Force Field for organic molecules (Version 2.2.20, March 2021)
Loading parameters: ./ZU6.frcmod
Reading force field modification type file (frcmod)
Reading title:
Remark line goes here
Loading Mol2 file: ./ZU6.mol2
Reading MOLECULE named ZU6
Checking Unit.

/home/case/amber24/bin/teLeap: Warning!
The unperturbed charge of the unit (-1.000999) is not zero.

/home/case/amber24/bin/teLeap: Note.
Ignoring the warning from Unit Checking.

Building topology.
"order_residues" off: keep input residue order.
Building atom parameters.
Building bond parameters.
Building angle parameters.
Building proper torsion parameters.
Building improper torsion parameters.
 total 12 improper torsions applied
Building H-Bond parameters.
Incorporating Non-Bonded adjustments.
Not Marking per-residue atom chain types.
Marking per-residue atom chain types.
  (Residues lacking connect0/connect1 - 
   these don't have chain types marked:

	res	total affected

	ZU6	1
  )
 (no restraints)
	Quit

Exiting LEaP: Errors = 0; Warnings = 1; Notes = 1.
====== min.o =========================================================
Reading parm file (ZU6.parm7)
title:
ZU6                                                                             
no velocities were found
no velocities were found
	mm_options:  ntpr=5
	mm_options:  gb=1
	mm_options:  kappa=0.10395
	mm_options:  rgbmax=99.
	mm_options:  cut=99.0
	mm_options:  wcons=0.
     bond:      3.709925113
    angle:     10.711758957
 dihedral:     41.232263886
    enb14:     13.554065947
    eel14:     28.941434081
      enb:     -0.589035247
      eel:   -109.083373804
      egb:    -97.681850750
    econs:      0.000000000
    esurf:      0.000000000
    Total:   -109.204811817
     frms:     13.196128445
Starting TNCG minimisation
 MIN: Iter =    0  NFunc =     1  E =    -109.20481  RMSG = 1.3196128e+01
 MIN: Iter =    1  NFunc =     7  E =    -119.18755  RMSG = 3.2408626e+00
 MIN: Iter =    2  NFunc =    22  E =    -122.00388  RMSG = 4.7247597e+00
 MIN: Iter =    3  NFunc =    29  E =    -125.01888  RMSG = 2.4465188e+00
 MIN: Iter =    4  NFunc =    43  E =    -126.90224  RMSG = 3.2820186e+00
 MIN: Iter =    5  NFunc =    49  E =    -128.28335  RMSG = 2.0296767e+00
 MIN: Iter =    6  NFunc =    55  E =    -129.04684  RMSG = 1.5911188e+00
 MIN: Iter =    7  NFunc =    63  E =    -129.41019  RMSG = 8.4239794e-01
 MIN: Iter =    8  NFunc =    83  E =    -129.98892  RMSG = 1.9896546e+00
 MIN: Iter =    9  NFunc =    90  E =    -130.30322  RMSG = 5.3151006e-01
 MIN: Iter =   10  NFunc =   104  E =    -130.67083  RMSG = 1.2754961e+00
 MIN: Iter =   11  NFunc =   111  E =    -130.87573  RMSG = 4.4286745e-01
 MIN: Iter =   12  NFunc =   131  E =    -131.07656  RMSG = 8.4765069e-01
 MIN: Iter =   13  NFunc =   138  E =    -131.14635  RMSG = 2.8258714e-01
 MIN: Iter =   14  NFunc =   170  E =    -131.32578  RMSG = 7.2825255e-01
 MIN: Iter =   15  NFunc =   176  E =    -131.39534  RMSG = 2.6861945e-01
 MIN: Iter =   16  NFunc =   206  E =    -131.46989  RMSG = 5.8596312e-01
 MIN: Iter =   17  NFunc =   212  E =    -131.49911  RMSG = 1.4601726e-01
 MIN: Iter =   18  NFunc =   230  E =    -131.51737  RMSG = 3.4241698e-01
 MIN: Iter =   19  NFunc =   236  E =    -131.52864  RMSG = 1.3985085e-01
 MIN: Iter =   20  NFunc =   252  E =    -131.54584  RMSG = 2.1692692e-01
 MIN: Iter =   21  NFunc =   286  E =    -131.57648  RMSG = 1.1039158e-01
 MIN: Iter =   22  NFunc =   298  E =    -131.58246  RMSG = 6.4775781e-02
 MIN: Iter =   23  NFunc =   326  E =    -131.58879  RMSG = 5.8796133e-02
 MIN: Iter =   24  NFunc =   346  E =    -131.59027  RMSG = 2.3053482e-02
 MIN: Iter =   25  NFunc =   373  E =    -131.59107  RMSG = 1.4464763e-02
 MIN: Iter =   26  NFunc =   384  E =    -131.59123  RMSG = 9.3284998e-03
 MIN: Iter =   27  NFunc =   411  E =    -131.59150  RMSG = 1.2251657e-02
 MIN: Iter =   28  NFunc =   428  E =    -131.59154  RMSG = 4.0470280e-03
 MIN: Iter =   29  NFunc =   459  E =    -131.59158  RMSG = 1.8841063e-03
 MIN: Iter =   30  NFunc =   475  E =    -131.59158  RMSG = 1.3483190e-03
 MIN: Iter =   31  NFunc =   497  E =    -131.59158  RMSG = 8.7767276e-04
 MIN: Iter =   32  NFunc =   511  E =    -131.59158  RMSG = 5.8371579e-04
 MIN: Iter =   33  NFunc =   517  E =    -131.59158  RMSG = 3.9273890e-04
----------------------------------------------------------------
 END:          :-)  E =    -131.59158  RMSG =   0.0003927

     bond:      1.482200113
    angle:      9.865075530
 dihedral:     29.251186395
    enb14:      9.328560227
    eel14:     25.556731540
      enb:     -3.716497208
      eel:   -102.117804616
      egb:   -101.241035664
    econs:      0.000000000
    esurf:      0.000000000
    Total:   -131.591583683
     frms:      0.000392739
====== rms.dat  ======================================================
#Frame      all_heavy
       1       0.5910
