====== tleap.out =====================================================
-I: Adding /home/case/amber24/dat/leap/prep to search path.
-I: Adding /home/case/amber24/dat/leap/lib to search path.
-I: Adding /home/case/amber24/dat/leap/parm to search path.
-I: Adding /home/case/amber24/dat/leap/cmd to search path.
-f: Source leap.in.

Welcome to LEaP!
(no leaprc in search path)
Sourcing: ./leap.in
Using Bondi radii
----- Source: /home/case/amber24/dat/leap/cmd/leaprc.gaff2
----- Source of /home/case/amber24/dat/leap/cmd/leaprc.gaff2 done
Log file: ./leap.log
Loading parameters: /home/case/amber24/dat/leap/parm/gaff2.dat
Reading title:
AMBER General Force Field for organic molecules (Version 2.2.20, March 2021)
Loading parameters: ./ZV7.frcmod
Reading force field modification type file (frcmod)
Reading title:
Remark line goes here
Loading Mol2 file: ./ZV7.mol2
Reading MOLECULE named ZV7
Checking Unit.
Building topology.
"order_residues" off: keep input residue order.
Building atom parameters.
Building bond parameters.
Building angle parameters.
Building proper torsion parameters.
Building improper torsion parameters.
 total 3 improper torsions applied
Building H-Bond parameters.
Incorporating Non-Bonded adjustments.
Not Marking per-residue atom chain types.
Marking per-residue atom chain types.
  (Residues lacking connect0/connect1 - 
   these don't have chain types marked:

	res	total affected

	ZV7	1
  )
 (no restraints)
	Quit

Exiting LEaP: Errors = 0; Warnings = 0; Notes = 0.
====== min.o =========================================================
Reading parm file (ZV7.parm7)
title:
ZV7                                                                             
no velocities were found
no velocities were found
	mm_options:  ntpr=5
	mm_options:  gb=1
	mm_options:  kappa=0.10395
	mm_options:  rgbmax=99.
	mm_options:  cut=99.0
	mm_options:  wcons=0.
     bond:      1.459386669
    angle:      1.664255370
 dihedral:     21.700222491
    enb14:      4.286410409
    eel14:     65.267878715
      enb:      0.413754882
      eel:    -31.426841855
      egb:    -21.603815373
    econs:      0.000000000
    esurf:      0.000000000
    Total:     41.761251308
     frms:     10.134928734
Starting TNCG minimisation
 MIN: Iter =    0  NFunc =     1  E =      41.76125  RMSG = 1.0134929e+01
 MIN: Iter =    1  NFunc =     7  E =      33.97383  RMSG = 3.2465649e+00
 MIN: Iter =    2  NFunc =    15  E =      32.78685  RMSG = 9.9296163e-01
 MIN: Iter =    3  NFunc =    21  E =      32.66752  RMSG = 5.8037412e-01
 MIN: Iter =    4  NFunc =    36  E =      32.43198  RMSG = 1.1459217e+00
 MIN: Iter =    5  NFunc =    42  E =      32.35684  RMSG = 3.9713924e-01
 MIN: Iter =    6  NFunc =    54  E =      32.30267  RMSG = 4.6680049e-01
 MIN: Iter =    7  NFunc =    60  E =      32.28905  RMSG = 1.5628641e-01
 MIN: Iter =    8  NFunc =    72  E =      32.25993  RMSG = 4.0630354e-01
 MIN: Iter =    9  NFunc =   104  E =      32.23616  RMSG = 5.2029793e-01
 MIN: Iter =   10  NFunc =   112  E =      32.21814  RMSG = 2.3225179e-01
 MIN: Iter =   11  NFunc =   125  E =      32.18734  RMSG = 5.6955228e-01
 MIN: Iter =   12  NFunc =   141  E =      32.13149  RMSG = 1.0627473e+00
 MIN: Iter =   13  NFunc =   148  E =      32.05382  RMSG = 5.1818108e-01
 MIN: Iter =   14  NFunc =   155  E =      31.95670  RMSG = 1.5975866e+00
 MIN: Iter =   15  NFunc =   169  E =      31.66595  RMSG = 3.2029084e+00
 MIN: Iter =   16  NFunc =   175  E =      31.07940  RMSG = 1.2313124e+00
 MIN: Iter =   17  NFunc =   181  E =      30.84076  RMSG = 2.4376661e+00
 MIN: Iter =   18  NFunc =   187  E =      30.59401  RMSG = 4.7470187e-01
 MIN: Iter =   19  NFunc =   193  E =      30.53966  RMSG = 5.9270104e-01
 MIN: Iter =   20  NFunc =   229  E =      30.37819  RMSG = 1.9788780e+00
 MIN: Iter =   21  NFunc =   235  E =      30.21651  RMSG = 4.3271565e-01
 MIN: Iter =   22  NFunc =   249  E =      30.11858  RMSG = 7.6590945e-01
 MIN: Iter =   23  NFunc =   255  E =      30.07614  RMSG = 3.3661038e-01
 MIN: Iter =   24  NFunc =   264  E =      30.05994  RMSG = 2.3095345e-01
 MIN: Iter =   25  NFunc =   283  E =      30.04102  RMSG = 3.8851712e-01
 MIN: Iter =   26  NFunc =   289  E =      30.03428  RMSG = 1.1273551e-01
 MIN: Iter =   27  NFunc =   306  E =      30.02427  RMSG = 2.0630000e-01
 MIN: Iter =   28  NFunc =   312  E =      30.02198  RMSG = 5.8126776e-02
 MIN: Iter =   29  NFunc =   326  E =      30.01913  RMSG = 5.1854028e-02
 MIN: Iter =   30  NFunc =   332  E =      30.01889  RMSG = 2.0081125e-02
 MIN: Iter =   31  NFunc =   340  E =      30.01882  RMSG = 7.2470549e-03
 MIN: Iter =   32  NFunc =   353  E =      30.01878  RMSG = 4.2597457e-03
 MIN: Iter =   33  NFunc =   373  E =      30.01877  RMSG = 3.0846726e-03
 MIN: Iter =   34  NFunc =   381  E =      30.01876  RMSG = 1.4405019e-03
 MIN: Iter =   35  NFunc =   397  E =      30.01876  RMSG = 5.4612199e-04
 MIN: Iter =   36  NFunc =   419  E =      30.01876  RMSG = 5.6148586e-04
 MIN: Iter =   37  NFunc =   426  E =      30.01876  RMSG = 2.5497903e-04
----------------------------------------------------------------
 END:          :-)  E =      30.01876  RMSG =   0.0002550

     bond:      1.382732558
    angle:      1.270035837
 dihedral:     19.032885103
    enb14:      1.533034456
    eel14:     61.692659117
      enb:     -0.349560485
      eel:    -31.399724048
      egb:    -23.143300612
    econs:      0.000000000
    esurf:      0.000000000
    Total:     30.018761926
     frms:      0.000254979
====== rms.dat  ======================================================
#Frame      all_heavy
       1       0.3166
