====== tleap.out =====================================================
-I: Adding /home/case/AmberClassic/dat/leap/prep to search path.
-I: Adding /home/case/AmberClassic/dat/leap/lib to search path.
-I: Adding /home/case/AmberClassic/dat/leap/parm to search path.
-I: Adding /home/case/AmberClassic/dat/leap/cmd to search path.
-f: Source leap.in.

Welcome to LEaP!
(no leaprc in search path)
Sourcing: ./leap.in
Using Bondi radii
----- Source: /home/case/AmberClassic/dat/leap/cmd/leaprc.gaff2
----- Source of /home/case/AmberClassic/dat/leap/cmd/leaprc.gaff2 done
Log file: ./leap.log
Loading parameters: /home/case/AmberClassic/dat/leap/parm/gaff2.dat
Reading title:
AMBER General Force Field for organic molecules (Version 2.2.20, March 2021)
Loading parameters: ./ZY2.frcmod
Reading force field modification type file (frcmod)
Reading title:
Remark line goes here
Loading Mol2 file: ./ZY2.mol2
Reading MOLECULE named ZY2
Checking Unit.
Building topology.
"order_residues" off: keep input residue order.
Building atom parameters.
Building bond parameters.
Building angle parameters.
Building proper torsion parameters.
Building improper torsion parameters.
 total 23 improper torsions applied
Building H-Bond parameters.
Incorporating Non-Bonded adjustments.
Not Marking per-residue atom chain types.
Marking per-residue atom chain types.
  (Residues lacking connect0/connect1 - 
   these don't have chain types marked:

	res	total affected

	ZY2	1
  )
 (no restraints)
	Quit

Exiting LEaP: Errors = 0; Warnings = 0; Notes = 0.
====== min.o =========================================================
Reading parm file (ZY2.parm7)
title:
ZY2                                                                             
no velocities were found
no velocities were found
	mm_options:  ntpr=5
	mm_options:  gb=1
	mm_options:  kappa=0.10395
	mm_options:  rgbmax=99.
	mm_options:  cut=99.0
	mm_options:  wcons=0.
     bond:      5.586441033
    angle:      6.568873640
 dihedral:     31.003364398
    enb14:     26.120417280
    eel14:     81.583420355
      enb:    -10.321368578
      eel:   -106.432423547
      egb:    -36.831696152
    econs:      0.000000000
    esurf:      0.000000000
    Total:     -2.722971570
     frms:     10.109359477
Starting TNCG minimisation
 MIN: Iter =    0  NFunc =     1  E =      -2.72297  RMSG = 1.0109359e+01
 MIN: Iter =    1  NFunc =     7  E =     -18.41715  RMSG = 2.8599373e+00
 MIN: Iter =    2  NFunc =    14  E =     -21.98972  RMSG = 1.3809245e+00
 MIN: Iter =    3  NFunc =    27  E =     -23.87768  RMSG = 6.8802570e-01
 MIN: Iter =    4  NFunc =    49  E =     -24.78634  RMSG = 7.5860671e-01
 MIN: Iter =    5  NFunc =   100  E =     -25.01507  RMSG = 1.0452550e+00
 MIN: Iter =    6  NFunc =   106  E =     -25.32229  RMSG = 4.6978864e-01
 MIN: Iter =    7  NFunc =   112  E =     -25.53177  RMSG = 8.4322183e-01
 MIN: Iter =    8  NFunc =   118  E =     -25.82140  RMSG = 3.3782075e-01
 MIN: Iter =    9  NFunc =   125  E =     -26.00906  RMSG = 8.9023735e-01
 MIN: Iter =   10  NFunc =   131  E =     -26.27619  RMSG = 3.5522148e-01
 MIN: Iter =   11  NFunc =   139  E =     -26.37915  RMSG = 3.7153937e-01
 MIN: Iter =   12  NFunc =   147  E =     -26.50061  RMSG = 4.0764762e-01
 MIN: Iter =   13  NFunc =   153  E =     -26.61861  RMSG = 4.4329080e-01
 MIN: Iter =   14  NFunc =   176  E =     -26.83425  RMSG = 4.5070648e-01
 MIN: Iter =   15  NFunc =   227  E =     -27.06895  RMSG = 4.1046703e-01
 MIN: Iter =   16  NFunc =   234  E =     -27.13181  RMSG = 1.6155251e-01
 MIN: Iter =   17  NFunc =   258  E =     -27.22056  RMSG = 2.8594456e-01
 MIN: Iter =   18  NFunc =   269  E =     -27.25726  RMSG = 1.1033110e-01
 MIN: Iter =   19  NFunc =   298  E =     -27.30662  RMSG = 1.5465501e-01
 MIN: Iter =   20  NFunc =   305  E =     -27.31461  RMSG = 7.5091021e-02
 MIN: Iter =   21  NFunc =   356  E =     -27.35178  RMSG = 2.3692873e-01
 MIN: Iter =   22  NFunc =   362  E =     -27.36605  RMSG = 7.7163204e-02
 MIN: Iter =   23  NFunc =   405  E =     -27.39844  RMSG = 1.3877712e-01
 MIN: Iter =   24  NFunc =   411  E =     -27.40549  RMSG = 4.5168811e-02
 MIN: Iter =   25  NFunc =   449  E =     -27.41672  RMSG = 6.0591698e-02
 MIN: Iter =   26  NFunc =   455  E =     -27.41796  RMSG = 3.0454459e-02
 MIN: Iter =   27  NFunc =   485  E =     -27.42358  RMSG = 3.8614671e-02
 MIN: Iter =   28  NFunc =   536  E =     -27.42800  RMSG = 2.0540251e-02
 MIN: Iter =   29  NFunc =   587  E =     -27.43028  RMSG = 1.8792198e-02
 MIN: Iter =   30  NFunc =   638  E =     -27.43246  RMSG = 1.9263328e-02
 MIN: Iter =   31  NFunc =   682  E =     -27.43425  RMSG = 1.5760556e-02
 MIN: Iter =   32  NFunc =   723  E =     -27.43499  RMSG = 7.5686504e-03
 MIN: Iter =   33  NFunc =   758  E =     -27.43521  RMSG = 4.0470688e-03
 MIN: Iter =   34  NFunc =   804  E =     -27.43549  RMSG = 5.2123470e-03
 MIN: Iter =   35  NFunc =   831  E =     -27.43560  RMSG = 3.2396947e-03
 MIN: Iter =   36  NFunc =   862  E =     -27.43566  RMSG = 1.7902568e-03
 MIN: Iter =   37  NFunc =   913  E =     -27.43571  RMSG = 2.0728813e-03
 MIN: Iter =   38  NFunc =   961  E =     -27.43575  RMSG = 1.6333683e-03
 MIN: Iter =   39  NFunc =  1012  E =     -27.43577  RMSG = 1.6327144e-03
 MIN: Iter =   40  NFunc =  1039  E =     -27.43579  RMSG = 1.6532429e-03
 MIN: Iter =   41  NFunc =  1053  E =     -27.43579  RMSG = 9.3361103e-04
 MIN: Iter =   42  NFunc =  1088  E =     -27.43580  RMSG = 6.4774039e-04
 MIN: Iter =   43  NFunc =  1139  E =     -27.43580  RMSG = 6.5865210e-04
 MIN: Iter =   44  NFunc =  1146  E =     -27.43580  RMSG = 4.7068288e-04
----------------------------------------------------------------
 END:          :-)  E =     -27.43580  RMSG =   0.0004707

     bond:      5.180270285
    angle:      5.343678534
 dihedral:     27.180015695
    enb14:     18.232454008
    eel14:     77.181008469
      enb:    -13.509501929
      eel:   -108.815984230
      egb:    -38.227741688
    econs:      0.000000000
    esurf:      0.000000000
    Total:    -27.435800856
     frms:      0.000470683
====== rms.dat  ======================================================
#Frame      all_heavy
       1       0.4574
