====== tleap.out =====================================================
-I: Adding /home/case/amber24/dat/leap/prep to search path.
-I: Adding /home/case/amber24/dat/leap/lib to search path.
-I: Adding /home/case/amber24/dat/leap/parm to search path.
-I: Adding /home/case/amber24/dat/leap/cmd to search path.
-f: Source leap.in.

Welcome to LEaP!
(no leaprc in search path)
Sourcing: ./leap.in
Using Bondi radii
----- Source: /home/case/amber24/dat/leap/cmd/leaprc.gaff2
----- Source of /home/case/amber24/dat/leap/cmd/leaprc.gaff2 done
Log file: ./leap.log
Loading parameters: /home/case/amber24/dat/leap/parm/gaff2.dat
Reading title:
AMBER General Force Field for organic molecules (Version 2.2.20, March 2021)
Loading parameters: ./ZYV.frcmod
Reading force field modification type file (frcmod)
Reading title:
Remark line goes here
Loading Mol2 file: ./ZYV.mol2
Reading MOLECULE named ZYV
Checking Unit.
Building topology.
"order_residues" off: keep input residue order.
Building atom parameters.
Building bond parameters.
Building angle parameters.
Building proper torsion parameters.
Building improper torsion parameters.
 total 7 improper torsions applied
Building H-Bond parameters.
Incorporating Non-Bonded adjustments.
Not Marking per-residue atom chain types.
Marking per-residue atom chain types.
  (Residues lacking connect0/connect1 - 
   these don't have chain types marked:

	res	total affected

	ZYV	1
  )
 (no restraints)
	Quit

Exiting LEaP: Errors = 0; Warnings = 0; Notes = 0.
====== min.o =========================================================
Reading parm file (ZYV.parm7)
title:
ZYV                                                                             
no velocities were found
no velocities were found
	mm_options:  ntpr=5
	mm_options:  gb=1
	mm_options:  kappa=0.10395
	mm_options:  rgbmax=99.
	mm_options:  cut=99.0
	mm_options:  wcons=0.
     bond:      2.500106241
    angle:     21.911201952
 dihedral:      6.973200979
    enb14:     12.005905056
    eel14:     34.496215326
      enb:     -0.885246487
      eel:    -26.289561760
      egb:    -25.105557212
    econs:      0.000000000
    esurf:      0.000000000
    Total:     25.606264094
     frms:     11.938256643
Starting TNCG minimisation
 MIN: Iter =    0  NFunc =     1  E =      25.60626  RMSG = 1.1938257e+01
 MIN: Iter =    1  NFunc =     7  E =      13.68849  RMSG = 3.4035733e+00
 MIN: Iter =    2  NFunc =    13  E =      12.14939  RMSG = 1.7839412e+00
 MIN: Iter =    3  NFunc =    19  E =      11.70801  RMSG = 7.0324798e-01
 MIN: Iter =    4  NFunc =    57  E =      11.23034  RMSG = 8.0595501e-01
 MIN: Iter =    5  NFunc =   104  E =      10.77494  RMSG = 8.8662441e-01
 MIN: Iter =    6  NFunc =   122  E =      10.35618  RMSG = 8.8057313e-01
 MIN: Iter =    7  NFunc =   132  E =       9.94786  RMSG = 9.5619715e-01
 MIN: Iter =    8  NFunc =   138  E =       9.62421  RMSG = 9.3236983e-01
 MIN: Iter =    9  NFunc =   144  E =       9.39180  RMSG = 6.3328870e-01
 MIN: Iter =   10  NFunc =   150  E =       9.26570  RMSG = 4.4497720e-01
 MIN: Iter =   11  NFunc =   160  E =       9.18545  RMSG = 2.8402406e-01
 MIN: Iter =   12  NFunc =   170  E =       9.16147  RMSG = 1.4546392e-01
 MIN: Iter =   13  NFunc =   176  E =       9.15504  RMSG = 9.1322001e-02
 MIN: Iter =   14  NFunc =   188  E =       9.14946  RMSG = 5.3474191e-02
 MIN: Iter =   15  NFunc =   201  E =       9.14801  RMSG = 2.6986732e-02
 MIN: Iter =   16  NFunc =   238  E =       9.14566  RMSG = 1.8203450e-02
 MIN: Iter =   17  NFunc =   244  E =       9.14560  RMSG = 8.7593985e-03
 MIN: Iter =   18  NFunc =   262  E =       9.14554  RMSG = 4.5441396e-03
 MIN: Iter =   19  NFunc =   269  E =       9.14554  RMSG = 2.3785436e-03
 MIN: Iter =   20  NFunc =   293  E =       9.14552  RMSG = 1.9371305e-03
 MIN: Iter =   21  NFunc =   305  E =       9.14551  RMSG = 2.0616740e-03
 MIN: Iter =   22  NFunc =   318  E =       9.14551  RMSG = 1.2182948e-03
 MIN: Iter =   23  NFunc =   328  E =       9.14551  RMSG = 7.2033692e-04
 MIN: Iter =   24  NFunc =   338  E =       9.14551  RMSG = 5.1944499e-04
 MIN: Iter =   25  NFunc =   345  E =       9.14551  RMSG = 3.3218353e-04
----------------------------------------------------------------
 END:          :-)  E =       9.14551  RMSG =   0.0003322

     bond:      2.861546914
    angle:     13.438059202
 dihedral:      9.230705216
    enb14:      7.867620329
    eel14:     35.034837751
      enb:     -3.052921910
      eel:    -29.221817034
      egb:    -27.012521392
    econs:      0.000000000
    esurf:      0.000000000
    Total:      9.145509076
     frms:      0.000332184
====== rms.dat  ======================================================
#Frame      all_heavy
       1       0.3997
