====== tleap.out =====================================================
-I: Adding /home/case/amber24/dat/leap/prep to search path.
-I: Adding /home/case/amber24/dat/leap/lib to search path.
-I: Adding /home/case/amber24/dat/leap/parm to search path.
-I: Adding /home/case/amber24/dat/leap/cmd to search path.
-f: Source leap.in.

Welcome to LEaP!
(no leaprc in search path)
Sourcing: ./leap.in
Using Bondi radii
----- Source: /home/case/amber24/dat/leap/cmd/leaprc.gaff2
----- Source of /home/case/amber24/dat/leap/cmd/leaprc.gaff2 done
Log file: ./leap.log
Loading parameters: /home/case/amber24/dat/leap/parm/gaff2.dat
Reading title:
AMBER General Force Field for organic molecules (Version 2.2.20, March 2021)
Loading parameters: ./ZYY.frcmod
Reading force field modification type file (frcmod)
Reading title:
Remark line goes here
Loading Mol2 file: ./ZYY.mol2
Reading MOLECULE named ZYY
Checking Unit.
Building topology.
"order_residues" off: keep input residue order.
Building atom parameters.
Building bond parameters.
Building angle parameters.
Building proper torsion parameters.
Building improper torsion parameters.
 total 17 improper torsions applied
Building H-Bond parameters.
Incorporating Non-Bonded adjustments.
Not Marking per-residue atom chain types.
Marking per-residue atom chain types.
  (Residues lacking connect0/connect1 - 
   these don't have chain types marked:

	res	total affected

	ZYY	1
  )
 (no restraints)
	Quit

Exiting LEaP: Errors = 0; Warnings = 0; Notes = 0.
====== min.o =========================================================
Reading parm file (ZYY.parm7)
title:
ZYY                                                                             
no velocities were found
no velocities were found
	mm_options:  ntpr=5
	mm_options:  gb=1
	mm_options:  kappa=0.10395
	mm_options:  rgbmax=99.
	mm_options:  cut=99.0
	mm_options:  wcons=0.
     bond:      6.125556608
    angle:     22.965183451
 dihedral:     19.894081000
    enb14:     17.116242442
    eel14:   -274.809463341
      enb:     -9.995063773
      eel:     91.191070450
      egb:    -29.938799257
    econs:      0.000000000
    esurf:      0.000000000
    Total:   -157.451192420
     frms:     13.314951790
Starting TNCG minimisation
 MIN: Iter =    0  NFunc =     1  E =    -157.45119  RMSG = 1.3314952e+01
 MIN: Iter =    1  NFunc =     7  E =    -171.97155  RMSG = 2.2287515e+00
 MIN: Iter =    2  NFunc =    20  E =    -174.28927  RMSG = 7.4485589e-01
 MIN: Iter =    3  NFunc =    30  E =    -174.70258  RMSG = 4.9341845e-01
 MIN: Iter =    4  NFunc =    47  E =    -174.95776  RMSG = 2.3178168e-01
 MIN: Iter =    5  NFunc =    82  E =    -175.07778  RMSG = 7.5293778e-01
 MIN: Iter =    6  NFunc =    88  E =    -175.13962  RMSG = 1.3165528e-01
 MIN: Iter =    7  NFunc =   104  E =    -175.18234  RMSG = 2.6028627e-01
 MIN: Iter =    8  NFunc =   110  E =    -175.19382  RMSG = 1.0775752e-01
 MIN: Iter =    9  NFunc =   161  E =    -175.26909  RMSG = 2.2222166e-01
 MIN: Iter =   10  NFunc =   167  E =    -175.28238  RMSG = 9.2212288e-02
 MIN: Iter =   11  NFunc =   196  E =    -175.30586  RMSG = 1.4669409e-01
 MIN: Iter =   12  NFunc =   238  E =    -175.32990  RMSG = 1.2838828e-01
 MIN: Iter =   13  NFunc =   246  E =    -175.33394  RMSG = 3.9738763e-02
 MIN: Iter =   14  NFunc =   297  E =    -175.34062  RMSG = 1.6989876e-01
 MIN: Iter =   15  NFunc =   303  E =    -175.34501  RMSG = 4.2232676e-02
 MIN: Iter =   16  NFunc =   316  E =    -175.34597  RMSG = 1.5176178e-02
 MIN: Iter =   17  NFunc =   332  E =    -175.34645  RMSG = 1.1391865e-02
 MIN: Iter =   18  NFunc =   383  E =    -175.34711  RMSG = 9.5575122e-03
 MIN: Iter =   19  NFunc =   397  E =    -175.34722  RMSG = 5.9259150e-03
 MIN: Iter =   20  NFunc =   417  E =    -175.34730  RMSG = 3.6993194e-03
 MIN: Iter =   21  NFunc =   437  E =    -175.34731  RMSG = 1.7951440e-03
 MIN: Iter =   22  NFunc =   478  E =    -175.34734  RMSG = 1.2729980e-03
 MIN: Iter =   23  NFunc =   507  E =    -175.34735  RMSG = 1.3153679e-03
 MIN: Iter =   24  NFunc =   558  E =    -175.34736  RMSG = 2.0094751e-03
 MIN: Iter =   25  NFunc =   587  E =    -175.34738  RMSG = 1.1561170e-03
 MIN: Iter =   26  NFunc =   625  E =    -175.34738  RMSG = 7.3283819e-04
 MIN: Iter =   27  NFunc =   649  E =    -175.34738  RMSG = 5.7768848e-04
 MIN: Iter =   28  NFunc =   677  E =    -175.34738  RMSG = 3.0086244e-04
----------------------------------------------------------------
 END:          :-)  E =    -175.34738  RMSG =   0.0003009

     bond:      2.703350619
    angle:     15.664664552
 dihedral:     19.495202866
    enb14:     11.091378116
    eel14:   -274.682652601
      enb:    -10.813631615
      eel:     92.476307618
      egb:    -31.282001892
    econs:      0.000000000
    esurf:      0.000000000
    Total:   -175.347382337
     frms:      0.000300862
====== rms.dat  ======================================================
#Frame      all_heavy
       1       0.2183
