====== tleap.out =====================================================
-I: Adding /home/case/amber24/dat/leap/prep to search path.
-I: Adding /home/case/amber24/dat/leap/lib to search path.
-I: Adding /home/case/amber24/dat/leap/parm to search path.
-I: Adding /home/case/amber24/dat/leap/cmd to search path.
-f: Source leap.in.

Welcome to LEaP!
(no leaprc in search path)
Sourcing: ./leap.in
Using Bondi radii
----- Source: /home/case/amber24/dat/leap/cmd/leaprc.gaff2
----- Source of /home/case/amber24/dat/leap/cmd/leaprc.gaff2 done
Log file: ./leap.log
Loading parameters: /home/case/amber24/dat/leap/parm/gaff2.dat
Reading title:
AMBER General Force Field for organic molecules (Version 2.2.20, March 2021)
Loading parameters: ./ZZA.frcmod
Reading force field modification type file (frcmod)
Reading title:
Remark line goes here
Loading Mol2 file: ./ZZA.mol2
Reading MOLECULE named ZZA
Checking Unit.

/home/case/amber24/bin/teLeap: Warning!
The unperturbed charge of the unit (-0.999000) is not zero.

/home/case/amber24/bin/teLeap: Note.
Ignoring the warning from Unit Checking.

Building topology.
"order_residues" off: keep input residue order.
Building atom parameters.
Building bond parameters.
Building angle parameters.
Building proper torsion parameters.
Building improper torsion parameters.
 total 11 improper torsions applied
Building H-Bond parameters.
Incorporating Non-Bonded adjustments.
Not Marking per-residue atom chain types.
Marking per-residue atom chain types.
  (Residues lacking connect0/connect1 - 
   these don't have chain types marked:

	res	total affected

	ZZA	1
  )
 (no restraints)
	Quit

Exiting LEaP: Errors = 0; Warnings = 1; Notes = 1.
====== min.o =========================================================
Reading parm file (ZZA.parm7)
title:
ZZA                                                                             
no velocities were found
no velocities were found
	mm_options:  ntpr=5
	mm_options:  gb=1
	mm_options:  kappa=0.10395
	mm_options:  rgbmax=99.
	mm_options:  cut=99.0
	mm_options:  wcons=0.
     bond:      2.102890249
    angle:     23.136847395
 dihedral:      0.482215610
    enb14:      4.702061572
    eel14:     -8.046832841
      enb:     -0.430181963
      eel:      2.849643080
      egb:    -75.612916584
    econs:      0.000000000
    esurf:      0.000000000
    Total:    -50.816273482
     frms:     15.602554456
Starting TNCG minimisation
 MIN: Iter =    0  NFunc =     1  E =     -50.81627  RMSG = 1.5602554e+01
 MIN: Iter =    1  NFunc =     7  E =     -60.15906  RMSG = 2.7887488e+00
 MIN: Iter =    2  NFunc =    13  E =     -60.83791  RMSG = 9.7023386e-01
 MIN: Iter =    3  NFunc =    59  E =     -61.32681  RMSG = 1.1050104e+00
 MIN: Iter =    4  NFunc =    65  E =     -61.68130  RMSG = 1.1633753e+00
 MIN: Iter =    5  NFunc =    72  E =     -62.03101  RMSG = 9.7827478e-01
 MIN: Iter =    6  NFunc =    78  E =     -62.21142  RMSG = 7.2456718e-01
 MIN: Iter =    7  NFunc =    84  E =     -62.28338  RMSG = 3.5835302e-01
 MIN: Iter =    8  NFunc =    92  E =     -62.31509  RMSG = 2.5641163e-01
 MIN: Iter =    9  NFunc =    98  E =     -62.32060  RMSG = 9.5602212e-02
 MIN: Iter =   10  NFunc =   119  E =     -62.33655  RMSG = 1.3165041e-01
 MIN: Iter =   11  NFunc =   125  E =     -62.33732  RMSG = 2.8696543e-02
 MIN: Iter =   12  NFunc =   131  E =     -62.33742  RMSG = 1.5366286e-02
 MIN: Iter =   13  NFunc =   137  E =     -62.33746  RMSG = 7.6961605e-03
 MIN: Iter =   14  NFunc =   146  E =     -62.33747  RMSG = 2.6772253e-03
 MIN: Iter =   15  NFunc =   162  E =     -62.33747  RMSG = 1.5790689e-03
 MIN: Iter =   16  NFunc =   172  E =     -62.33747  RMSG = 8.3998717e-04
 MIN: Iter =   17  NFunc =   195  E =     -62.33748  RMSG = 8.1166885e-04
 MIN: Iter =   18  NFunc =   201  E =     -62.33748  RMSG = 5.3283306e-04
 MIN: Iter =   19  NFunc =   219  E =     -62.33748  RMSG = 5.1638376e-04
 MIN: Iter =   20  NFunc =   232  E =     -62.33748  RMSG = 2.5781391e-04
----------------------------------------------------------------
 END:          :-)  E =     -62.33748  RMSG =   0.0002578

     bond:      0.678560841
    angle:     15.408477940
 dihedral:      1.725444222
    enb14:      3.389998342
    eel14:     -8.956733173
      enb:     -1.625882234
      eel:      3.784260181
      egb:    -76.741603124
    econs:      0.000000000
    esurf:      0.000000000
    Total:    -62.337477006
     frms:      0.000257814
====== rms.dat  ======================================================
#Frame      all_heavy
       1       0.3082
