====== tleap.out =====================================================
-I: Adding /home/case/amber24/dat/leap/prep to search path.
-I: Adding /home/case/amber24/dat/leap/lib to search path.
-I: Adding /home/case/amber24/dat/leap/parm to search path.
-I: Adding /home/case/amber24/dat/leap/cmd to search path.
-f: Source leap.in.

Welcome to LEaP!
(no leaprc in search path)
Sourcing: ./leap.in
Using Bondi radii
----- Source: /home/case/amber24/dat/leap/cmd/leaprc.gaff2
----- Source of /home/case/amber24/dat/leap/cmd/leaprc.gaff2 done
Log file: ./leap.log
Loading parameters: /home/case/amber24/dat/leap/parm/gaff2.dat
Reading title:
AMBER General Force Field for organic molecules (Version 2.2.20, March 2021)
Loading parameters: ./R87.frcmod
Reading force field modification type file (frcmod)
Reading title:
Remark line goes here
Loading Mol2 file: ./R87.mol2
Reading MOLECULE named R87
Checking Unit.
Building topology.
"order_residues" off: keep input residue order.
Building atom parameters.
Building bond parameters.
Building angle parameters.
Building proper torsion parameters.
Building improper torsion parameters.
 total 17 improper torsions applied
Building H-Bond parameters.
Incorporating Non-Bonded adjustments.
Not Marking per-residue atom chain types.
Marking per-residue atom chain types.
  (Residues lacking connect0/connect1 - 
   these don't have chain types marked:

	res	total affected

	R87	1
  )
 (no restraints)
	Quit

Exiting LEaP: Errors = 0; Warnings = 0; Notes = 0.
====== min.o =========================================================
Reading parm file (R87.parm7)
title:
R87                                                                             
no velocities were found
no velocities were found
	mm_options:  ntpr=5
	mm_options:  gb=1
	mm_options:  kappa=0.10395
	mm_options:  rgbmax=99.
	mm_options:  cut=99.0
	mm_options:  wcons=0.
     bond:      3.081591489
    angle:      4.218497447
 dihedral:     42.116543806
    enb14:     17.819699598
    eel14:     87.929439442
      enb:     -4.484101763
      eel:    -85.596847287
      egb:    -19.689731213
    econs:      0.000000000
    esurf:      0.000000000
    Total:     45.395091520
     frms:     11.795076148
Starting TNCG minimisation
 MIN: Iter =    0  NFunc =     1  E =      45.39509  RMSG = 1.1795076e+01
 MIN: Iter =    1  NFunc =     7  E =      35.36711  RMSG = 3.8777427e+00
 MIN: Iter =    2  NFunc =    17  E =      32.89736  RMSG = 1.7748708e+00
 MIN: Iter =    3  NFunc =    43  E =      31.37505  RMSG = 1.9700735e+00
 MIN: Iter =    4  NFunc =    57  E =      29.91486  RMSG = 2.0162242e+00
 MIN: Iter =    5  NFunc =    67  E =      28.54305  RMSG = 2.1345773e+00
 MIN: Iter =    6  NFunc =    73  E =      27.16558  RMSG = 2.0020187e+00
 MIN: Iter =    7  NFunc =    79  E =      25.84239  RMSG = 2.0321473e+00
 MIN: Iter =    8  NFunc =    85  E =      24.51772  RMSG = 1.9655015e+00
 MIN: Iter =    9  NFunc =    91  E =      23.23205  RMSG = 1.8470476e+00
 MIN: Iter =   10  NFunc =    97  E =      22.01765  RMSG = 1.7014283e+00
 MIN: Iter =   11  NFunc =   103  E =      20.82945  RMSG = 1.6181499e+00
 MIN: Iter =   12  NFunc =   109  E =      19.57359  RMSG = 1.6161198e+00
 MIN: Iter =   13  NFunc =   115  E =      18.35489  RMSG = 1.7023201e+00
 MIN: Iter =   14  NFunc =   121  E =      17.29402  RMSG = 1.6631940e+00
 MIN: Iter =   15  NFunc =   127  E =      16.38221  RMSG = 9.4242097e-01
 MIN: Iter =   16  NFunc =   161  E =      15.41965  RMSG = 9.5043250e-01
 MIN: Iter =   17  NFunc =   178  E =      14.62284  RMSG = 1.0499999e+00
 MIN: Iter =   18  NFunc =   186  E =      14.03375  RMSG = 8.8320081e-01
 MIN: Iter =   19  NFunc =   193  E =      13.80913  RMSG = 5.0438287e-01
 MIN: Iter =   20  NFunc =   225  E =      13.38353  RMSG = 7.8262200e-01
 MIN: Iter =   21  NFunc =   244  E =      13.08199  RMSG = 6.7202105e-01
 MIN: Iter =   22  NFunc =   256  E =      12.85833  RMSG = 6.1139183e-01
 MIN: Iter =   23  NFunc =   263  E =      12.68091  RMSG = 7.2873909e-01
 MIN: Iter =   24  NFunc =   269  E =      12.52690  RMSG = 6.2522502e-01
 MIN: Iter =   25  NFunc =   277  E =      12.36632  RMSG = 5.5235923e-01
 MIN: Iter =   26  NFunc =   284  E =      12.29194  RMSG = 2.5996478e-01
 MIN: Iter =   27  NFunc =   321  E =      12.17963  RMSG = 5.1582476e-01
 MIN: Iter =   28  NFunc =   327  E =      12.14654  RMSG = 1.6689467e-01
 MIN: Iter =   29  NFunc =   370  E =      12.06456  RMSG = 4.0936836e-01
 MIN: Iter =   30  NFunc =   380  E =      12.03074  RMSG = 1.2373920e-01
 MIN: Iter =   31  NFunc =   397  E =      12.00014  RMSG = 1.6030920e-01
 MIN: Iter =   32  NFunc =   420  E =      11.96005  RMSG = 1.1033058e-01
 MIN: Iter =   33  NFunc =   440  E =      11.94377  RMSG = 1.1956407e-01
 MIN: Iter =   34  NFunc =   456  E =      11.93326  RMSG = 5.7998298e-02
 MIN: Iter =   35  NFunc =   490  E =      11.91426  RMSG = 1.0580810e-01
 MIN: Iter =   36  NFunc =   506  E =      11.90981  RMSG = 3.8268141e-02
 MIN: Iter =   37  NFunc =   520  E =      11.90763  RMSG = 2.7193781e-02
 MIN: Iter =   38  NFunc =   557  E =      11.90612  RMSG = 1.6562516e-02
 MIN: Iter =   39  NFunc =   569  E =      11.90595  RMSG = 8.4032756e-03
 MIN: Iter =   40  NFunc =   618  E =      11.90546  RMSG = 8.3126075e-03
 MIN: Iter =   41  NFunc =   630  E =      11.90542  RMSG = 4.4930547e-03
 MIN: Iter =   42  NFunc =   681  E =      11.90532  RMSG = 4.5381567e-03
 MIN: Iter =   43  NFunc =   696  E =      11.90531  RMSG = 2.3852073e-03
 MIN: Iter =   44  NFunc =   725  E =      11.90529  RMSG = 1.5313129e-03
 MIN: Iter =   45  NFunc =   736  E =      11.90529  RMSG = 6.7407640e-04
 MIN: Iter =   46  NFunc =   759  E =      11.90529  RMSG = 4.1591128e-04
----------------------------------------------------------------
 END:          :-)  E =      11.90529  RMSG =   0.0004159

     bond:      3.085603260
    angle:      3.275154359
 dihedral:     12.389315822
    enb14:     12.932752047
    eel14:     88.250424435
      enb:     -3.908636324
      eel:    -76.250635339
      egb:    -27.868689241
    econs:      0.000000000
    esurf:      0.000000000
    Total:     11.905289020
     frms:      0.000415911
====== rms.dat  ======================================================
#Frame      all_heavy
       1       0.8622
