====== tleap.out =====================================================
-I: Adding /home/case/amber24/dat/leap/prep to search path.
-I: Adding /home/case/amber24/dat/leap/lib to search path.
-I: Adding /home/case/amber24/dat/leap/parm to search path.
-I: Adding /home/case/amber24/dat/leap/cmd to search path.
-f: Source leap.in.

Welcome to LEaP!
(no leaprc in search path)
Sourcing: ./leap.in
Using Bondi radii
----- Source: /home/case/amber24/dat/leap/cmd/leaprc.gaff2
----- Source of /home/case/amber24/dat/leap/cmd/leaprc.gaff2 done
Log file: ./leap.log
Loading parameters: /home/case/amber24/dat/leap/parm/gaff2.dat
Reading title:
AMBER General Force Field for organic molecules (Version 2.2.20, March 2021)
Loading parameters: ./RA2.frcmod
Reading force field modification type file (frcmod)
Reading title:
Remark line goes here
Loading Mol2 file: ./RA2.mol2
Reading MOLECULE named RA2
Checking Unit.

/home/case/amber24/bin/teLeap: Warning!
The unperturbed charge of the unit (-1.000002) is not zero.

/home/case/amber24/bin/teLeap: Note.
Ignoring the warning from Unit Checking.

Building topology.
"order_residues" off: keep input residue order.
Building atom parameters.
Building bond parameters.
Building angle parameters.
Building proper torsion parameters.
Building improper torsion parameters.
 total 10 improper torsions applied
Building H-Bond parameters.
Incorporating Non-Bonded adjustments.
Not Marking per-residue atom chain types.
Marking per-residue atom chain types.
  (Residues lacking connect0/connect1 - 
   these don't have chain types marked:

	res	total affected

	RA2	1
  )
 (no restraints)
	Quit

Exiting LEaP: Errors = 0; Warnings = 1; Notes = 1.
====== min.o =========================================================
Reading parm file (RA2.parm7)
title:
RA2                                                                             
no velocities were found
no velocities were found
	mm_options:  ntpr=5
	mm_options:  gb=1
	mm_options:  kappa=0.10395
	mm_options:  rgbmax=99.
	mm_options:  cut=99.0
	mm_options:  wcons=0.
     bond:      3.321698588
    angle:      6.251888683
 dihedral:     80.031604084
    enb14:     11.778547035
    eel14:    134.344906686
      enb:     -5.266522322
      eel:   -125.382059456
      egb:    -91.495103746
    econs:      0.000000000
    esurf:      0.000000000
    Total:     13.584959553
     frms:      8.618695156
Starting TNCG minimisation
 MIN: Iter =    0  NFunc =     1  E =      13.58496  RMSG = 8.6186952e+00
 MIN: Iter =    1  NFunc =     7  E =       3.33811  RMSG = 2.9310394e+00
 MIN: Iter =    2  NFunc =    14  E =       1.24625  RMSG = 1.1234810e+00
 MIN: Iter =    3  NFunc =    32  E =      -0.08549  RMSG = 1.2247512e+00
 MIN: Iter =    4  NFunc =    40  E =      -0.67933  RMSG = 1.1686086e+00
 MIN: Iter =    5  NFunc =    50  E =      -0.89745  RMSG = 3.0308250e-01
 MIN: Iter =    6  NFunc =   101  E =      -1.27034  RMSG = 5.7021193e-01
 MIN: Iter =    7  NFunc =   108  E =      -1.49714  RMSG = 5.9278501e-01
 MIN: Iter =    8  NFunc =   118  E =      -1.70800  RMSG = 4.5764059e-01
 MIN: Iter =    9  NFunc =   125  E =      -1.77996  RMSG = 2.5865707e-01
 MIN: Iter =   10  NFunc =   132  E =      -1.81313  RMSG = 1.6415423e-01
 MIN: Iter =   11  NFunc =   167  E =      -1.85748  RMSG = 6.6188468e-01
 MIN: Iter =   12  NFunc =   173  E =      -1.89596  RMSG = 7.8323634e-02
 MIN: Iter =   13  NFunc =   225  E =      -1.93527  RMSG = 1.5241355e-01
 MIN: Iter =   14  NFunc =   251  E =      -1.95226  RMSG = 8.2288920e-02
 MIN: Iter =   15  NFunc =   283  E =      -1.95918  RMSG = 5.2938286e-02
 MIN: Iter =   16  NFunc =   297  E =      -1.96018  RMSG = 1.9268499e-02
 MIN: Iter =   17  NFunc =   313  E =      -1.96059  RMSG = 9.9024255e-03
 MIN: Iter =   18  NFunc =   364  E =      -1.96145  RMSG = 1.6418445e-02
 MIN: Iter =   19  NFunc =   413  E =      -1.96255  RMSG = 1.5461690e-02
 MIN: Iter =   20  NFunc =   425  E =      -1.96265  RMSG = 6.3179560e-03
 MIN: Iter =   21  NFunc =   456  E =      -1.96274  RMSG = 2.9569883e-03
 MIN: Iter =   22  NFunc =   479  E =      -1.96276  RMSG = 2.0695828e-03
 MIN: Iter =   23  NFunc =   505  E =      -1.96277  RMSG = 1.4920960e-03
 MIN: Iter =   24  NFunc =   548  E =      -1.96278  RMSG = 9.6531713e-04
 MIN: Iter =   25  NFunc =   573  E =      -1.96278  RMSG = 5.9089002e-04
 MIN: Iter =   26  NFunc =   606  E =      -1.96278  RMSG = 3.9725094e-04
----------------------------------------------------------------
 END:          :-)  E =      -1.96278  RMSG =   0.0003973

     bond:      2.337438923
    angle:      7.093019471
 dihedral:     77.020204864
    enb14:      7.004484041
    eel14:    129.500701156
      enb:     -7.745023580
      eel:   -121.928580214
      egb:    -95.245028364
    econs:      0.000000000
    esurf:      0.000000000
    Total:     -1.962783705
     frms:      0.000397251
====== rms.dat  ======================================================
#Frame      all_heavy
       1       0.2544
