====== tleap.out =====================================================
-I: Adding /home/case/amber24/dat/leap/prep to search path.
-I: Adding /home/case/amber24/dat/leap/lib to search path.
-I: Adding /home/case/amber24/dat/leap/parm to search path.
-I: Adding /home/case/amber24/dat/leap/cmd to search path.
-f: Source leap.in.

Welcome to LEaP!
(no leaprc in search path)
Sourcing: ./leap.in
Using Bondi radii
----- Source: /home/case/amber24/dat/leap/cmd/leaprc.gaff2
----- Source of /home/case/amber24/dat/leap/cmd/leaprc.gaff2 done
Log file: ./leap.log
Loading parameters: /home/case/amber24/dat/leap/parm/gaff2.dat
Reading title:
AMBER General Force Field for organic molecules (Version 2.2.20, March 2021)
Loading parameters: ./RAG.frcmod
Reading force field modification type file (frcmod)
Reading title:
Remark line goes here
Loading Mol2 file: ./RAG.mol2
Reading MOLECULE named RAG
Checking Unit.

/home/case/amber24/bin/teLeap: Warning!
The unperturbed charge of the unit (-1.997999) is not zero.

/home/case/amber24/bin/teLeap: Note.
Ignoring the warning from Unit Checking.

Building topology.
"order_residues" off: keep input residue order.
Building atom parameters.
Building bond parameters.
Building angle parameters.
Building proper torsion parameters.
Building improper torsion parameters.
 total 23 improper torsions applied
Building H-Bond parameters.
Incorporating Non-Bonded adjustments.
Not Marking per-residue atom chain types.
Marking per-residue atom chain types.
  (Residues lacking connect0/connect1 - 
   these don't have chain types marked:

	res	total affected

	RAG	1
  )
 (no restraints)
	Quit

Exiting LEaP: Errors = 0; Warnings = 1; Notes = 1.
====== min.o =========================================================
Reading parm file (RAG.parm7)
title:
RAG                                                                             
no velocities were found
no velocities were found
	mm_options:  ntpr=5
	mm_options:  gb=1
	mm_options:  kappa=0.10395
	mm_options:  rgbmax=99.
	mm_options:  cut=99.0
	mm_options:  wcons=0.
     bond:      6.696839695
    angle:     14.248276846
 dihedral:     96.057375393
    enb14:     23.120711759
    eel14:     -9.744584804
      enb:    -16.691922929
      eel:   -168.928489878
      egb:   -246.290667849
    econs:      0.000000000
    esurf:      0.000000000
    Total:   -301.532461767
     frms:      9.083640385
Starting TNCG minimisation
 MIN: Iter =    0  NFunc =     1  E =    -301.53246  RMSG = 9.0836404e+00
 MIN: Iter =    1  NFunc =     7  E =    -319.29277  RMSG = 3.4665932e+00
 MIN: Iter =    2  NFunc =    16  E =    -326.16257  RMSG = 1.6686189e+00
 MIN: Iter =    3  NFunc =    27  E =    -327.89074  RMSG = 7.3934229e-01
 MIN: Iter =    4  NFunc =    78  E =    -328.33675  RMSG = 1.1874870e+00
 MIN: Iter =    5  NFunc =    84  E =    -328.82885  RMSG = 1.1961739e+00
 MIN: Iter =    6  NFunc =    90  E =    -329.44014  RMSG = 1.1157367e+00
 MIN: Iter =    7  NFunc =    96  E =    -330.03812  RMSG = 1.0346505e+00
 MIN: Iter =    8  NFunc =   103  E =    -330.55879  RMSG = 8.8864838e-01
 MIN: Iter =    9  NFunc =   114  E =    -330.98651  RMSG = 8.3154517e-01
 MIN: Iter =   10  NFunc =   126  E =    -331.27392  RMSG = 4.6802220e-01
 MIN: Iter =   11  NFunc =   133  E =    -331.40373  RMSG = 3.6839414e-01
 MIN: Iter =   12  NFunc =   184  E =    -331.70110  RMSG = 4.1908372e-01
 MIN: Iter =   13  NFunc =   190  E =    -331.84564  RMSG = 3.8963390e-01
 MIN: Iter =   14  NFunc =   211  E =    -332.07265  RMSG = 4.1865923e-01
 MIN: Iter =   15  NFunc =   223  E =    -332.20274  RMSG = 2.3771186e-01
 MIN: Iter =   16  NFunc =   274  E =    -332.37161  RMSG = 5.3179549e-01
 MIN: Iter =   17  NFunc =   280  E =    -332.42485  RMSG = 1.3917281e-01
 MIN: Iter =   18  NFunc =   306  E =    -332.52521  RMSG = 1.8784685e-01
 MIN: Iter =   19  NFunc =   321  E =    -332.57572  RMSG = 1.2095249e-01
 MIN: Iter =   20  NFunc =   372  E =    -332.64132  RMSG = 1.8281792e-01
 MIN: Iter =   21  NFunc =   378  E =    -332.65153  RMSG = 8.6010003e-02
 MIN: Iter =   22  NFunc =   429  E =    -332.68404  RMSG = 2.5947082e-01
 MIN: Iter =   23  NFunc =   435  E =    -332.69558  RMSG = 7.8353047e-02
 MIN: Iter =   24  NFunc =   455  E =    -332.70823  RMSG = 6.1199044e-02
 MIN: Iter =   25  NFunc =   475  E =    -332.71428  RMSG = 3.2143518e-02
 MIN: Iter =   26  NFunc =   521  E =    -332.72332  RMSG = 7.0400195e-02
 MIN: Iter =   27  NFunc =   527  E =    -332.72411  RMSG = 2.0786264e-02
 MIN: Iter =   28  NFunc =   578  E =    -332.72872  RMSG = 3.3356107e-02
 MIN: Iter =   29  NFunc =   629  E =    -332.73664  RMSG = 5.9589269e-02
 MIN: Iter =   30  NFunc =   656  E =    -332.74525  RMSG = 8.8974023e-02
 MIN: Iter =   31  NFunc =   674  E =    -332.75117  RMSG = 3.7271687e-02
 MIN: Iter =   32  NFunc =   725  E =    -332.75954  RMSG = 9.9677215e-02
 MIN: Iter =   33  NFunc =   733  E =    -332.76331  RMSG = 3.4671657e-02
 MIN: Iter =   34  NFunc =   784  E =    -332.77339  RMSG = 1.3535371e-01
 MIN: Iter =   35  NFunc =   800  E =    -332.78389  RMSG = 6.2112671e-02
 MIN: Iter =   36  NFunc =   811  E =    -332.79195  RMSG = 1.1740292e-01
 MIN: Iter =   37  NFunc =   818  E =    -332.79871  RMSG = 7.6812213e-02
 MIN: Iter =   38  NFunc =   828  E =    -332.80818  RMSG = 1.2606722e-01
 MIN: Iter =   39  NFunc =   835  E =    -332.81821  RMSG = 7.5377219e-02
 MIN: Iter =   40  NFunc =   845  E =    -332.82726  RMSG = 1.2995866e-01
 MIN: Iter =   41  NFunc =   858  E =    -332.84523  RMSG = 1.0036492e-01
 MIN: Iter =   42  NFunc =   867  E =    -332.85826  RMSG = 8.8994058e-02
 MIN: Iter =   43  NFunc =   878  E =    -332.87347  RMSG = 9.6925977e-02
 MIN: Iter =   44  NFunc =   885  E =    -332.88273  RMSG = 6.8779362e-02
 MIN: Iter =   45  NFunc =   902  E =    -332.89349  RMSG = 1.0796491e-01
 MIN: Iter =   46  NFunc =   914  E =    -332.90546  RMSG = 7.0513897e-02
 MIN: Iter =   47  NFunc =   922  E =    -332.91450  RMSG = 9.1498023e-02
 MIN: Iter =   48  NFunc =   930  E =    -332.92087  RMSG = 5.0809725e-02
 MIN: Iter =   49  NFunc =   942  E =    -332.92522  RMSG = 5.1763640e-02
 MIN: Iter =   50  NFunc =   957  E =    -332.92915  RMSG = 4.4136408e-02
 MIN: Iter =   51  NFunc =   979  E =    -332.93338  RMSG = 2.4314384e-02
 MIN: Iter =   52  NFunc =  1020  E =    -332.93731  RMSG = 3.9642517e-02
 MIN: Iter =   53  NFunc =  1071  E =    -332.94145  RMSG = 6.8523670e-02
 MIN: Iter =   54  NFunc =  1077  E =    -332.94242  RMSG = 2.5842550e-02
 MIN: Iter =   55  NFunc =  1129  E =    -332.94593  RMSG = 4.7443068e-02
 MIN: Iter =   56  NFunc =  1151  E =    -332.94813  RMSG = 1.0367098e-01
 MIN: Iter =   57  NFunc =  1157  E =    -332.94984  RMSG = 2.1478811e-02
 MIN: Iter =   58  NFunc =  1208  E =    -332.95168  RMSG = 2.2098208e-02
 MIN: Iter =   59  NFunc =  1248  E =    -332.95295  RMSG = 1.3867610e-02
 MIN: Iter =   60  NFunc =  1299  E =    -332.95428  RMSG = 1.4821154e-02
 MIN: Iter =   61  NFunc =  1350  E =    -332.95539  RMSG = 1.0164226e-02
 MIN: Iter =   62  NFunc =  1378  E =    -332.95566  RMSG = 5.2523905e-03
 MIN: Iter =   63  NFunc =  1429  E =    -332.95583  RMSG = 5.5806361e-03
 MIN: Iter =   64  NFunc =  1475  E =    -332.95617  RMSG = 7.2437992e-03
 MIN: Iter =   65  NFunc =  1526  E =    -332.95650  RMSG = 6.5503628e-03
 MIN: Iter =   66  NFunc =  1577  E =    -332.95673  RMSG = 6.2774859e-03
 MIN: Iter =   67  NFunc =  1628  E =    -332.95700  RMSG = 5.9750031e-03
 MIN: Iter =   68  NFunc =  1670  E =    -332.95714  RMSG = 3.3505935e-03
 MIN: Iter =   69  NFunc =  1704  E =    -332.95721  RMSG = 2.4181170e-03
 MIN: Iter =   70  NFunc =  1755  E =    -332.95726  RMSG = 3.2431004e-03
 MIN: Iter =   71  NFunc =  1806  E =    -332.95735  RMSG = 3.1951070e-03
 MIN: Iter =   72  NFunc =  1820  E =    -332.95737  RMSG = 2.2553808e-03
 MIN: Iter =   73  NFunc =  1856  E =    -332.95739  RMSG = 1.2952555e-03
 MIN: Iter =   74  NFunc =  1901  E =    -332.95741  RMSG = 9.9710081e-04
 MIN: Iter =   75  NFunc =  1929  E =    -332.95741  RMSG = 8.1123579e-04
 MIN: Iter =   76  NFunc =  1979  E =    -332.95742  RMSG = 5.1506988e-04
 MIN: Iter =   77  NFunc =  2020  E =    -332.95742  RMSG = 3.6339484e-04
----------------------------------------------------------------
 END:          :-)  E =    -332.95742  RMSG =   0.0003634

     bond:      4.930840731
    angle:     12.092231096
 dihedral:     94.472589052
    enb14:     12.775593689
    eel14:    -32.901881065
      enb:    -19.384708022
      eel:   -157.203444085
      egb:   -247.738641755
    econs:      0.000000000
    esurf:      0.000000000
    Total:   -332.957420359
     frms:      0.000363395
====== rms.dat  ======================================================
#Frame      all_heavy
       1       0.9574
