====== tleap.out =====================================================
-I: Adding /home/case/amber24/dat/leap/prep to search path.
-I: Adding /home/case/amber24/dat/leap/lib to search path.
-I: Adding /home/case/amber24/dat/leap/parm to search path.
-I: Adding /home/case/amber24/dat/leap/cmd to search path.
-f: Source leap.in.

Welcome to LEaP!
(no leaprc in search path)
Sourcing: ./leap.in
Using Bondi radii
----- Source: /home/case/amber24/dat/leap/cmd/leaprc.gaff2
----- Source of /home/case/amber24/dat/leap/cmd/leaprc.gaff2 done
Log file: ./leap.log
Loading parameters: /home/case/amber24/dat/leap/parm/gaff2.dat
Reading title:
AMBER General Force Field for organic molecules (Version 2.2.20, March 2021)
Loading parameters: ./RDJ.frcmod
Reading force field modification type file (frcmod)
Reading title:
Remark line goes here
Loading Mol2 file: ./RDJ.mol2
Reading MOLECULE named RDJ
Checking Unit.
Building topology.
"order_residues" off: keep input residue order.
Building atom parameters.
Building bond parameters.
Building angle parameters.
Building proper torsion parameters.
Building improper torsion parameters.
 total 4 improper torsions applied
Building H-Bond parameters.
Incorporating Non-Bonded adjustments.
Not Marking per-residue atom chain types.
Marking per-residue atom chain types.
  (Residues lacking connect0/connect1 - 
   these don't have chain types marked:

	res	total affected

	RDJ	1
  )
 (no restraints)
	Quit

Exiting LEaP: Errors = 0; Warnings = 0; Notes = 0.
====== min.o =========================================================
Reading parm file (RDJ.parm7)
title:
RDJ                                                                             
no velocities were found
no velocities were found
	mm_options:  ntpr=5
	mm_options:  gb=1
	mm_options:  kappa=0.10395
	mm_options:  rgbmax=99.
	mm_options:  cut=99.0
	mm_options:  wcons=0.
     bond:      2.508395739
    angle:      6.365409028
 dihedral:      5.322813861
    enb14:      3.561014346
    eel14:     22.828287084
      enb:     -3.207820398
      eel:    -48.435213151
      egb:    -19.178259661
    econs:      0.000000000
    esurf:      0.000000000
    Total:    -30.235373152
     frms:      9.929117299
Starting TNCG minimisation
 MIN: Iter =    0  NFunc =     1  E =     -30.23537  RMSG = 9.9291173e+00
 MIN: Iter =    1  NFunc =     7  E =     -35.95995  RMSG = 2.3680354e+00
 MIN: Iter =    2  NFunc =    15  E =     -36.92757  RMSG = 7.1191638e-01
 MIN: Iter =    3  NFunc =    37  E =     -37.15846  RMSG = 2.1512999e+00
 MIN: Iter =    4  NFunc =    43  E =     -37.36018  RMSG = 3.9347201e-01
 MIN: Iter =    5  NFunc =    53  E =     -37.42775  RMSG = 5.8121557e-01
 MIN: Iter =    6  NFunc =    59  E =     -37.44756  RMSG = 1.0995691e-01
 MIN: Iter =    7  NFunc =    81  E =     -37.48151  RMSG = 2.8553920e-01
 MIN: Iter =    8  NFunc =    87  E =     -37.48715  RMSG = 7.9103479e-02
 MIN: Iter =    9  NFunc =   128  E =     -37.52207  RMSG = 3.1853593e-01
 MIN: Iter =   10  NFunc =   134  E =     -37.53053  RMSG = 8.4598869e-02
 MIN: Iter =   11  NFunc =   186  E =     -37.54547  RMSG = 1.6902447e-01
 MIN: Iter =   12  NFunc =   192  E =     -37.55777  RMSG = 2.7957213e-01
 MIN: Iter =   13  NFunc =   198  E =     -37.57571  RMSG = 2.1104695e-01
 MIN: Iter =   14  NFunc =   206  E =     -37.59331  RMSG = 3.1734454e-01
 MIN: Iter =   15  NFunc =   212  E =     -37.62343  RMSG = 4.2459532e-01
 MIN: Iter =   16  NFunc =   218  E =     -37.65994  RMSG = 2.4966667e-01
 MIN: Iter =   17  NFunc =   225  E =     -37.67998  RMSG = 2.6173627e-01
 MIN: Iter =   18  NFunc =   232  E =     -37.70436  RMSG = 2.8994782e-01
 MIN: Iter =   19  NFunc =   238  E =     -37.73368  RMSG = 6.7637249e-01
 MIN: Iter =   20  NFunc =   244  E =     -37.78664  RMSG = 1.1072454e-01
 MIN: Iter =   21  NFunc =   251  E =     -37.80390  RMSG = 1.3231003e-01
 MIN: Iter =   22  NFunc =   258  E =     -37.81946  RMSG = 1.5457074e-01
 MIN: Iter =   23  NFunc =   266  E =     -37.83884  RMSG = 1.9306854e-01
 MIN: Iter =   24  NFunc =   272  E =     -37.86067  RMSG = 5.1818543e-01
 MIN: Iter =   25  NFunc =   278  E =     -37.88725  RMSG = 1.6591573e-01
 MIN: Iter =   26  NFunc =   285  E =     -37.90064  RMSG = 1.3643817e-01
 MIN: Iter =   27  NFunc =   291  E =     -37.91654  RMSG = 3.9174958e-01
 MIN: Iter =   28  NFunc =   299  E =     -37.94346  RMSG = 2.0242957e-01
 MIN: Iter =   29  NFunc =   307  E =     -37.95478  RMSG = 1.5137499e-01
 MIN: Iter =   30  NFunc =   322  E =     -37.96904  RMSG = 1.5208311e-01
 MIN: Iter =   31  NFunc =   330  E =     -37.98219  RMSG = 1.4492414e-01
 MIN: Iter =   32  NFunc =   336  E =     -37.98947  RMSG = 1.0904614e-01
 MIN: Iter =   33  NFunc =   343  E =     -37.99428  RMSG = 8.2128899e-02
 MIN: Iter =   34  NFunc =   386  E =     -38.02169  RMSG = 1.0253277e-01
 MIN: Iter =   35  NFunc =   393  E =     -38.03150  RMSG = 1.3185465e-01
 MIN: Iter =   36  NFunc =   408  E =     -38.03837  RMSG = 6.0401199e-02
 MIN: Iter =   37  NFunc =   416  E =     -38.03928  RMSG = 2.9165689e-02
 MIN: Iter =   38  NFunc =   423  E =     -38.03948  RMSG = 1.3765931e-02
 MIN: Iter =   39  NFunc =   465  E =     -38.04029  RMSG = 1.9216233e-02
 MIN: Iter =   40  NFunc =   499  E =     -38.04121  RMSG = 3.9340149e-02
 MIN: Iter =   41  NFunc =   513  E =     -38.04178  RMSG = 1.7071076e-02
 MIN: Iter =   42  NFunc =   535  E =     -38.04197  RMSG = 8.3688492e-03
 MIN: Iter =   43  NFunc =   577  E =     -38.04225  RMSG = 2.7667758e-02
 MIN: Iter =   44  NFunc =   584  E =     -38.04233  RMSG = 8.7034856e-03
 MIN: Iter =   45  NFunc =   593  E =     -38.04237  RMSG = 5.2587374e-03
 MIN: Iter =   46  NFunc =   611  E =     -38.04245  RMSG = 5.3322464e-03
 MIN: Iter =   47  NFunc =   638  E =     -38.04249  RMSG = 2.2600239e-03
 MIN: Iter =   48  NFunc =   681  E =     -38.04251  RMSG = 1.9586503e-03
 MIN: Iter =   49  NFunc =   691  E =     -38.04251  RMSG = 1.4817307e-03
 MIN: Iter =   50  NFunc =   713  E =     -38.04252  RMSG = 7.8792211e-04
 MIN: Iter =   51  NFunc =   744  E =     -38.04252  RMSG = 5.3136565e-04
 MIN: Iter =   52  NFunc =   754  E =     -38.04252  RMSG = 4.0062613e-04
----------------------------------------------------------------
 END:          :-)  E =     -38.04252  RMSG =   0.0004006

     bond:      0.342179086
    angle:      4.187606864
 dihedral:      4.990551584
    enb14:      1.480528293
    eel14:     20.138278113
      enb:     -3.752615873
      eel:    -45.867354918
      egb:    -19.561690590
    econs:      0.000000000
    esurf:      0.000000000
    Total:    -38.042517440
     frms:      0.000400626
====== rms.dat  ======================================================
#Frame      all_heavy
       1       0.5824
