====== tleap.out =====================================================
-I: Adding /home/case/amber24/dat/leap/prep to search path.
-I: Adding /home/case/amber24/dat/leap/lib to search path.
-I: Adding /home/case/amber24/dat/leap/parm to search path.
-I: Adding /home/case/amber24/dat/leap/cmd to search path.
-f: Source leap.in.

Welcome to LEaP!
(no leaprc in search path)
Sourcing: ./leap.in
Using Bondi radii
----- Source: /home/case/amber24/dat/leap/cmd/leaprc.gaff2
----- Source of /home/case/amber24/dat/leap/cmd/leaprc.gaff2 done
Log file: ./leap.log
Loading parameters: /home/case/amber24/dat/leap/parm/gaff2.dat
Reading title:
AMBER General Force Field for organic molecules (Version 2.2.20, March 2021)
Loading parameters: ./RDX.frcmod
Reading force field modification type file (frcmod)
Reading title:
Remark line goes here
Loading Mol2 file: ./RDX.mol2
Reading MOLECULE named RDX
Checking Unit.
Building topology.
"order_residues" off: keep input residue order.
Building atom parameters.
Building bond parameters.
Building angle parameters.
Building proper torsion parameters.
Building improper torsion parameters.
 total 17 improper torsions applied
Building H-Bond parameters.
Incorporating Non-Bonded adjustments.
Not Marking per-residue atom chain types.
Marking per-residue atom chain types.
  (Residues lacking connect0/connect1 - 
   these don't have chain types marked:

	res	total affected

	RDX	1
  )
 (no restraints)
	Quit

Exiting LEaP: Errors = 0; Warnings = 0; Notes = 0.
====== min.o =========================================================
Reading parm file (RDX.parm7)
title:
RDX                                                                             
no velocities were found
no velocities were found
	mm_options:  ntpr=5
	mm_options:  gb=1
	mm_options:  kappa=0.10395
	mm_options:  rgbmax=99.
	mm_options:  cut=99.0
	mm_options:  wcons=0.
     bond:      8.039402202
    angle:      7.889881266
 dihedral:     67.854962521
    enb14:     18.129533628
    eel14:    -62.623901643
      enb:     -8.585968060
      eel:    -62.143625721
      egb:    -31.888712139
    econs:      0.000000000
    esurf:      0.000000000
    Total:    -63.328427946
     frms:     12.594956036
Starting TNCG minimisation
 MIN: Iter =    0  NFunc =     1  E =     -63.32843  RMSG = 1.2594956e+01
 MIN: Iter =    1  NFunc =     7  E =     -79.95541  RMSG = 3.1789787e+00
 MIN: Iter =    2  NFunc =    17  E =     -82.81594  RMSG = 1.2809335e+00
 MIN: Iter =    3  NFunc =    68  E =     -83.96219  RMSG = 1.1782612e+00
 MIN: Iter =    4  NFunc =    85  E =     -84.85863  RMSG = 1.0388234e+00
 MIN: Iter =    5  NFunc =    94  E =     -85.64451  RMSG = 8.9245144e-01
 MIN: Iter =    6  NFunc =   100  E =     -86.26663  RMSG = 7.8895581e-01
 MIN: Iter =    7  NFunc =   106  E =     -86.68537  RMSG = 5.9482028e-01
 MIN: Iter =    8  NFunc =   112  E =     -86.93974  RMSG = 4.3474539e-01
 MIN: Iter =    9  NFunc =   119  E =     -87.01559  RMSG = 2.1163488e-01
 MIN: Iter =   10  NFunc =   170  E =     -87.22755  RMSG = 4.0232670e-01
 MIN: Iter =   11  NFunc =   178  E =     -87.32326  RMSG = 3.3587078e-01
 MIN: Iter =   12  NFunc =   192  E =     -87.44222  RMSG = 3.2559869e-01
 MIN: Iter =   13  NFunc =   200  E =     -87.49627  RMSG = 1.5837720e-01
 MIN: Iter =   14  NFunc =   228  E =     -87.54286  RMSG = 2.4642783e-01
 MIN: Iter =   15  NFunc =   235  E =     -87.55844  RMSG = 1.0649038e-01
 MIN: Iter =   16  NFunc =   267  E =     -87.58409  RMSG = 2.4262281e-01
 MIN: Iter =   17  NFunc =   273  E =     -87.59857  RMSG = 1.0963639e-01
 MIN: Iter =   18  NFunc =   305  E =     -87.61927  RMSG = 8.4408243e-02
 MIN: Iter =   19  NFunc =   329  E =     -87.63343  RMSG = 6.1153322e-02
 MIN: Iter =   20  NFunc =   359  E =     -87.63958  RMSG = 7.3730749e-02
 MIN: Iter =   21  NFunc =   378  E =     -87.64163  RMSG = 2.0721236e-02
 MIN: Iter =   22  NFunc =   413  E =     -87.64327  RMSG = 1.7252056e-02
 MIN: Iter =   23  NFunc =   433  E =     -87.64363  RMSG = 7.3683051e-03
 MIN: Iter =   24  NFunc =   482  E =     -87.64384  RMSG = 4.2147419e-03
 MIN: Iter =   25  NFunc =   528  E =     -87.64393  RMSG = 2.5455704e-03
 MIN: Iter =   26  NFunc =   574  E =     -87.64399  RMSG = 2.5253872e-03
 MIN: Iter =   27  NFunc =   608  E =     -87.64401  RMSG = 1.7490845e-03
 MIN: Iter =   28  NFunc =   630  E =     -87.64402  RMSG = 1.0172097e-03
 MIN: Iter =   29  NFunc =   667  E =     -87.64402  RMSG = 6.6315208e-04
 MIN: Iter =   30  NFunc =   691  E =     -87.64402  RMSG = 4.4083501e-04
----------------------------------------------------------------
 END:          :-)  E =     -87.64402  RMSG =   0.0004408

     bond:      1.804061512
    angle:      2.955010685
 dihedral:     60.362287376
    enb14:     14.443818894
    eel14:    -62.902409020
      enb:     -8.873842913
      eel:    -60.509912730
      egb:    -34.923033006
    econs:      0.000000000
    esurf:      0.000000000
    Total:    -87.644019203
     frms:      0.000440835
====== rms.dat  ======================================================
#Frame      all_heavy
       1       0.5293
