====== tleap.out =====================================================
-I: Adding /home/case/amber24/dat/leap/prep to search path.
-I: Adding /home/case/amber24/dat/leap/lib to search path.
-I: Adding /home/case/amber24/dat/leap/parm to search path.
-I: Adding /home/case/amber24/dat/leap/cmd to search path.
-f: Source leap.in.

Welcome to LEaP!
(no leaprc in search path)
Sourcing: ./leap.in
Using Bondi radii
----- Source: /home/case/amber24/dat/leap/cmd/leaprc.gaff2
----- Source of /home/case/amber24/dat/leap/cmd/leaprc.gaff2 done
Log file: ./leap.log
Loading parameters: /home/case/amber24/dat/leap/parm/gaff2.dat
Reading title:
AMBER General Force Field for organic molecules (Version 2.2.20, March 2021)
Loading parameters: ./RHY.frcmod
Reading force field modification type file (frcmod)
Reading title:
Remark line goes here
Loading Mol2 file: ./RHY.mol2
Reading MOLECULE named RHY
Checking Unit.
Building topology.
"order_residues" off: keep input residue order.
Building atom parameters.
Building bond parameters.
Building angle parameters.
Building proper torsion parameters.
Building improper torsion parameters.
 total 6 improper torsions applied
Building H-Bond parameters.
Incorporating Non-Bonded adjustments.
Not Marking per-residue atom chain types.
Marking per-residue atom chain types.
  (Residues lacking connect0/connect1 - 
   these don't have chain types marked:

	res	total affected

	RHY	1
  )
 (no restraints)
	Quit

Exiting LEaP: Errors = 0; Warnings = 0; Notes = 0.
====== min.o =========================================================
Reading parm file (RHY.parm7)
title:
RHY                                                                             
no velocities were found
no velocities were found
	mm_options:  ntpr=5
	mm_options:  gb=1
	mm_options:  kappa=0.10395
	mm_options:  rgbmax=99.
	mm_options:  cut=99.0
	mm_options:  wcons=0.
     bond:      2.207335743
    angle:     10.882964965
 dihedral:     50.117379206
    enb14:      7.294356098
    eel14:      7.206640305
      enb:     -2.919948317
      eel:    -25.414239761
      egb:    -24.513784623
    econs:      0.000000000
    esurf:      0.000000000
    Total:     24.860703615
     frms:      9.667609474
Starting TNCG minimisation
 MIN: Iter =    0  NFunc =     1  E =      24.86070  RMSG = 9.6676095e+00
 MIN: Iter =    1  NFunc =     7  E =      17.41608  RMSG = 2.8917635e+00
 MIN: Iter =    2  NFunc =    17  E =      15.11507  RMSG = 1.4920916e+00
 MIN: Iter =    3  NFunc =    37  E =      14.32528  RMSG = 1.3088270e+00
 MIN: Iter =    4  NFunc =    48  E =      13.81890  RMSG = 1.1904482e+00
 MIN: Iter =    5  NFunc =    54  E =      13.56445  RMSG = 6.5382137e-01
 MIN: Iter =    6  NFunc =    96  E =      13.15563  RMSG = 1.0802088e+00
 MIN: Iter =    7  NFunc =   106  E =      12.70576  RMSG = 1.3235655e+00
 MIN: Iter =    8  NFunc =   114  E =      12.20053  RMSG = 1.4158535e+00
 MIN: Iter =    9  NFunc =   122  E =      11.63366  RMSG = 1.3364094e+00
 MIN: Iter =   10  NFunc =   128  E =      11.08665  RMSG = 1.1393747e+00
 MIN: Iter =   11  NFunc =   134  E =      10.88434  RMSG = 5.6626208e-01
 MIN: Iter =   12  NFunc =   145  E =      10.76042  RMSG = 3.0416136e-01
 MIN: Iter =   13  NFunc =   152  E =      10.73917  RMSG = 1.2796906e-01
 MIN: Iter =   14  NFunc =   164  E =      10.72112  RMSG = 9.6083625e-02
 MIN: Iter =   15  NFunc =   193  E =      10.68678  RMSG = 1.5141484e-01
 MIN: Iter =   16  NFunc =   202  E =      10.68131  RMSG = 6.0722708e-02
 MIN: Iter =   17  NFunc =   213  E =      10.67954  RMSG = 3.0945626e-02
 MIN: Iter =   18  NFunc =   229  E =      10.67841  RMSG = 2.2014954e-02
 MIN: Iter =   19  NFunc =   236  E =      10.67829  RMSG = 1.3590385e-02
 MIN: Iter =   20  NFunc =   249  E =      10.67819  RMSG = 7.1857455e-03
 MIN: Iter =   21  NFunc =   262  E =      10.67816  RMSG = 3.6998723e-03
 MIN: Iter =   22  NFunc =   271  E =      10.67816  RMSG = 1.4241290e-03
 MIN: Iter =   23  NFunc =   282  E =      10.67816  RMSG = 8.3588239e-04
 MIN: Iter =   24  NFunc =   296  E =      10.67816  RMSG = 4.5286393e-04
----------------------------------------------------------------
 END:          :-)  E =      10.67816  RMSG =   0.0004529

     bond:      1.056030893
    angle:      8.181326131
 dihedral:     43.736158315
    enb14:      4.821702950
    eel14:      5.827898113
      enb:     -3.085383003
      eel:    -25.318671464
      egb:    -24.540903855
    econs:      0.000000000
    esurf:      0.000000000
    Total:     10.678158080
     frms:      0.000452864
====== rms.dat  ======================================================
#Frame      all_heavy
       1       0.3249
