====== tleap.out =====================================================
-I: Adding /home/case/amber24/dat/leap/prep to search path.
-I: Adding /home/case/amber24/dat/leap/lib to search path.
-I: Adding /home/case/amber24/dat/leap/parm to search path.
-I: Adding /home/case/amber24/dat/leap/cmd to search path.
-f: Source leap.in.

Welcome to LEaP!
(no leaprc in search path)
Sourcing: ./leap.in
Using Bondi radii
----- Source: /home/case/amber24/dat/leap/cmd/leaprc.gaff2
----- Source of /home/case/amber24/dat/leap/cmd/leaprc.gaff2 done
Log file: ./leap.log
Loading parameters: /home/case/amber24/dat/leap/parm/gaff2.dat
Reading title:
AMBER General Force Field for organic molecules (Version 2.2.20, March 2021)
Loading parameters: ./RKR.frcmod
Reading force field modification type file (frcmod)
Reading title:
Remark line goes here
Loading Mol2 file: ./RKR.mol2
Reading MOLECULE named RKR
Checking Unit.
Building topology.
"order_residues" off: keep input residue order.
Building atom parameters.
Building bond parameters.
Building angle parameters.
Building proper torsion parameters.
Building improper torsion parameters.
 total 18 improper torsions applied
Building H-Bond parameters.
Incorporating Non-Bonded adjustments.
Not Marking per-residue atom chain types.
Marking per-residue atom chain types.
  (Residues lacking connect0/connect1 - 
   these don't have chain types marked:

	res	total affected

	RKR	1
  )
 (no restraints)
	Quit

Exiting LEaP: Errors = 0; Warnings = 0; Notes = 0.
====== min.o =========================================================
Reading parm file (RKR.parm7)
title:
RKR                                                                             
no velocities were found
no velocities were found
	mm_options:  ntpr=5
	mm_options:  gb=1
	mm_options:  kappa=0.10395
	mm_options:  rgbmax=99.
	mm_options:  cut=99.0
	mm_options:  wcons=0.
     bond:      3.102372637
    angle:      2.079445775
 dihedral:     19.076498447
    enb14:     13.665524424
    eel14:    -39.876198517
      enb:     -0.240870053
      eel:      5.451190147
      egb:    -22.462965439
    econs:      0.000000000
    esurf:      0.000000000
    Total:    -19.205002577
     frms:     11.214535683
Starting TNCG minimisation
 MIN: Iter =    0  NFunc =     1  E =     -19.20500  RMSG = 1.1214536e+01
 MIN: Iter =    1  NFunc =     7  E =     -26.05427  RMSG = 2.3052363e+00
 MIN: Iter =    2  NFunc =    13  E =     -27.03986  RMSG = 8.7941218e-01
 MIN: Iter =    3  NFunc =    21  E =     -27.25589  RMSG = 3.8179172e-01
 MIN: Iter =    4  NFunc =    43  E =     -27.52052  RMSG = 7.0320840e-01
 MIN: Iter =    5  NFunc =    51  E =     -27.59557  RMSG = 2.1389315e-01
 MIN: Iter =    6  NFunc =    58  E =     -27.62011  RMSG = 1.4638081e-01
 MIN: Iter =    7  NFunc =    97  E =     -27.77946  RMSG = 2.3664447e-01
 MIN: Iter =    8  NFunc =   118  E =     -27.86466  RMSG = 2.7912237e-01
 MIN: Iter =    9  NFunc =   133  E =     -27.90663  RMSG = 1.2951314e-01
 MIN: Iter =   10  NFunc =   163  E =     -27.94644  RMSG = 3.3349937e-01
 MIN: Iter =   11  NFunc =   170  E =     -27.95964  RMSG = 8.6488164e-02
 MIN: Iter =   12  NFunc =   193  E =     -28.01446  RMSG = 2.8766989e-01
 MIN: Iter =   13  NFunc =   244  E =     -28.13268  RMSG = 6.4497319e-01
 MIN: Iter =   14  NFunc =   252  E =     -28.28599  RMSG = 4.2251484e-01
 MIN: Iter =   15  NFunc =   258  E =     -28.36108  RMSG = 2.7586852e-01
 MIN: Iter =   16  NFunc =   281  E =     -28.43965  RMSG = 4.0241058e-01
 MIN: Iter =   17  NFunc =   289  E =     -28.46904  RMSG = 1.3763554e-01
 MIN: Iter =   18  NFunc =   311  E =     -28.48971  RMSG = 1.0860233e-01
 MIN: Iter =   19  NFunc =   362  E =     -28.51561  RMSG = 2.3133874e-01
 MIN: Iter =   20  NFunc =   368  E =     -28.52349  RMSG = 9.1243660e-02
 MIN: Iter =   21  NFunc =   384  E =     -28.52812  RMSG = 3.9479838e-02
 MIN: Iter =   22  NFunc =   407  E =     -28.53273  RMSG = 3.9846157e-02
 MIN: Iter =   23  NFunc =   438  E =     -28.53545  RMSG = 2.7814566e-02
 MIN: Iter =   24  NFunc =   489  E =     -28.54170  RMSG = 1.5308696e-01
 MIN: Iter =   25  NFunc =   495  E =     -28.54646  RMSG = 5.6796179e-02
 MIN: Iter =   26  NFunc =   534  E =     -28.55092  RMSG = 1.4347559e-01
 MIN: Iter =   27  NFunc =   540  E =     -28.55484  RMSG = 5.7494692e-02
 MIN: Iter =   28  NFunc =   562  E =     -28.55763  RMSG = 4.6031700e-02
 MIN: Iter =   29  NFunc =   574  E =     -28.56009  RMSG = 7.2540111e-02
 MIN: Iter =   30  NFunc =   581  E =     -28.56203  RMSG = 3.3279599e-02
 MIN: Iter =   31  NFunc =   632  E =     -28.56888  RMSG = 1.2815611e-01
 MIN: Iter =   32  NFunc =   638  E =     -28.57929  RMSG = 1.1335677e-01
 MIN: Iter =   33  NFunc =   647  E =     -28.59189  RMSG = 1.6280356e-01
 MIN: Iter =   34  NFunc =   653  E =     -28.61148  RMSG = 1.7096453e-01
 MIN: Iter =   35  NFunc =   659  E =     -28.62944  RMSG = 2.1484208e-01
 MIN: Iter =   36  NFunc =   666  E =     -28.65334  RMSG = 1.8975434e-01
 MIN: Iter =   37  NFunc =   672  E =     -28.68075  RMSG = 2.1704210e-01
 MIN: Iter =   38  NFunc =   678  E =     -28.70825  RMSG = 2.1521302e-01
 MIN: Iter =   39  NFunc =   684  E =     -28.73691  RMSG = 2.0628329e-01
 MIN: Iter =   40  NFunc =   690  E =     -28.76425  RMSG = 1.9128055e-01
 MIN: Iter =   41  NFunc =   696  E =     -28.78739  RMSG = 2.0123505e-01
 MIN: Iter =   42  NFunc =   723  E =     -28.83225  RMSG = 1.9932690e-01
 MIN: Iter =   43  NFunc =   737  E =     -28.86059  RMSG = 1.5366493e-01
 MIN: Iter =   44  NFunc =   746  E =     -28.88118  RMSG = 1.9439295e-01
 MIN: Iter =   45  NFunc =   753  E =     -28.89465  RMSG = 1.1078824e-01
 MIN: Iter =   46  NFunc =   792  E =     -28.92829  RMSG = 1.3775497e-01
 MIN: Iter =   47  NFunc =   798  E =     -28.93289  RMSG = 8.8087850e-02
 MIN: Iter =   48  NFunc =   813  E =     -28.94455  RMSG = 8.1078849e-02
 MIN: Iter =   49  NFunc =   824  E =     -28.94902  RMSG = 4.9507043e-02
 MIN: Iter =   50  NFunc =   845  E =     -28.95108  RMSG = 2.2291956e-02
 MIN: Iter =   51  NFunc =   873  E =     -28.95238  RMSG = 1.8242127e-02
 MIN: Iter =   52  NFunc =   908  E =     -28.95297  RMSG = 9.6308826e-03
 MIN: Iter =   53  NFunc =   934  E =     -28.95330  RMSG = 8.7099778e-03
 MIN: Iter =   54  NFunc =   942  E =     -28.95333  RMSG = 4.1960284e-03
 MIN: Iter =   55  NFunc =   987  E =     -28.95345  RMSG = 3.5896055e-03
 MIN: Iter =   56  NFunc =   997  E =     -28.95346  RMSG = 2.4842739e-03
 MIN: Iter =   57  NFunc =  1012  E =     -28.95348  RMSG = 2.2206217e-03
 MIN: Iter =   58  NFunc =  1038  E =     -28.95348  RMSG = 9.7519362e-04
 MIN: Iter =   59  NFunc =  1081  E =     -28.95349  RMSG = 6.4214882e-04
 MIN: Iter =   60  NFunc =  1111  E =     -28.95349  RMSG = 5.9631867e-04
 MIN: Iter =   61  NFunc =  1156  E =     -28.95349  RMSG = 5.2900745e-04
 MIN: Iter =   62  NFunc =  1177  E =     -28.95349  RMSG = 3.0382803e-04
----------------------------------------------------------------
 END:          :-)  E =     -28.95349  RMSG =   0.0003038

     bond:      1.174342096
    angle:      1.520274379
 dihedral:     19.189651140
    enb14:     10.833196845
    eel14:    -40.167618392
      enb:     -4.104671378
      eel:      4.563281880
      egb:    -21.961946146
    econs:      0.000000000
    esurf:      0.000000000
    Total:    -28.953489576
     frms:      0.000303828
====== rms.dat  ======================================================
#Frame      all_heavy
       1       1.3741
