====== tleap.out =====================================================
-I: Adding /home/case/amber24/dat/leap/prep to search path.
-I: Adding /home/case/amber24/dat/leap/lib to search path.
-I: Adding /home/case/amber24/dat/leap/parm to search path.
-I: Adding /home/case/amber24/dat/leap/cmd to search path.
-f: Source leap.in.

Welcome to LEaP!
(no leaprc in search path)
Sourcing: ./leap.in
Using Bondi radii
----- Source: /home/case/amber24/dat/leap/cmd/leaprc.gaff2
----- Source of /home/case/amber24/dat/leap/cmd/leaprc.gaff2 done
Log file: ./leap.log
Loading parameters: /home/case/amber24/dat/leap/parm/gaff2.dat
Reading title:
AMBER General Force Field for organic molecules (Version 2.2.20, March 2021)
Loading parameters: ./RKX.frcmod
Reading force field modification type file (frcmod)
Reading title:
Remark line goes here
Loading Mol2 file: ./RKX.mol2
Reading MOLECULE named RKX
Checking Unit.
Building topology.
"order_residues" off: keep input residue order.
Building atom parameters.
Building bond parameters.
Building angle parameters.
Building proper torsion parameters.
Building improper torsion parameters.
 total 8 improper torsions applied
Building H-Bond parameters.
Incorporating Non-Bonded adjustments.
Not Marking per-residue atom chain types.
Marking per-residue atom chain types.
  (Residues lacking connect0/connect1 - 
   these don't have chain types marked:

	res	total affected

	RKX	1
  )
 (no restraints)
	Quit

Exiting LEaP: Errors = 0; Warnings = 0; Notes = 0.
====== min.o =========================================================
Reading parm file (RKX.parm7)
title:
RKX                                                                             
no velocities were found
no velocities were found
	mm_options:  ntpr=5
	mm_options:  gb=1
	mm_options:  kappa=0.10395
	mm_options:  rgbmax=99.
	mm_options:  cut=99.0
	mm_options:  wcons=0.
     bond:      0.443889009
    angle:      2.722025176
 dihedral:      6.585738288
    enb14:      5.220229548
    eel14:   -143.961739865
      enb:      0.622059678
      eel:     24.508309956
      egb:    -18.493069238
    econs:      0.000000000
    esurf:      0.000000000
    Total:   -122.352557448
     frms:      7.448339852
Starting TNCG minimisation
 MIN: Iter =    0  NFunc =     1  E =    -122.35256  RMSG = 7.4483399e+00
 MIN: Iter =    1  NFunc =     7  E =    -125.24646  RMSG = 1.9728415e+00
 MIN: Iter =    2  NFunc =    13  E =    -125.72135  RMSG = 1.0862837e+00
 MIN: Iter =    3  NFunc =    21  E =    -125.88305  RMSG = 4.4032590e-01
 MIN: Iter =    4  NFunc =    36  E =    -125.92431  RMSG = 2.9575918e-01
 MIN: Iter =    5  NFunc =    57  E =    -125.93661  RMSG = 6.4019360e-02
 MIN: Iter =    6  NFunc =    78  E =    -125.93888  RMSG = 3.0160596e-02
 MIN: Iter =    7  NFunc =    97  E =    -125.93937  RMSG = 1.8548614e-02
 MIN: Iter =    8  NFunc =   104  E =    -125.93943  RMSG = 1.0612905e-02
 MIN: Iter =    9  NFunc =   127  E =    -125.93952  RMSG = 8.3379833e-03
 MIN: Iter =   10  NFunc =   139  E =    -125.93954  RMSG = 4.4333703e-03
 MIN: Iter =   11  NFunc =   145  E =    -125.93954  RMSG = 2.0185689e-03
 MIN: Iter =   12  NFunc =   151  E =    -125.93954  RMSG = 7.7555596e-04
 MIN: Iter =   13  NFunc =   168  E =    -125.93954  RMSG = 3.7285033e-04
----------------------------------------------------------------
 END:          :-)  E =    -125.93954  RMSG =   0.0003729

     bond:      1.299828056
    angle:      2.724781555
 dihedral:      6.911626191
    enb14:      4.124576128
    eel14:   -148.262301499
      enb:      0.043082316
      eel:     25.605121331
      egb:    -18.386258625
    econs:      0.000000000
    esurf:      0.000000000
    Total:   -125.939544547
     frms:      0.000372850
====== rms.dat  ======================================================
#Frame      all_heavy
       1       0.0520
