====== tleap.out =====================================================
-I: Adding /home/case/amber24/dat/leap/prep to search path.
-I: Adding /home/case/amber24/dat/leap/lib to search path.
-I: Adding /home/case/amber24/dat/leap/parm to search path.
-I: Adding /home/case/amber24/dat/leap/cmd to search path.
-f: Source leap.in.

Welcome to LEaP!
(no leaprc in search path)
Sourcing: ./leap.in
Using Bondi radii
----- Source: /home/case/amber24/dat/leap/cmd/leaprc.gaff2
----- Source of /home/case/amber24/dat/leap/cmd/leaprc.gaff2 done
Log file: ./leap.log
Loading parameters: /home/case/amber24/dat/leap/parm/gaff2.dat
Reading title:
AMBER General Force Field for organic molecules (Version 2.2.20, March 2021)
Loading parameters: ./RNC.frcmod
Reading force field modification type file (frcmod)
Reading title:
Remark line goes here
Loading Mol2 file: ./RNC.mol2
Reading MOLECULE named RNC
Checking Unit.
Building topology.
"order_residues" off: keep input residue order.
Building atom parameters.
Building bond parameters.
Building angle parameters.
Building proper torsion parameters.

/home/case/amber24/bin/teLeap: Note.
1-4: angle 3 5 duplicates bond ('triangular' bond) or angle ('square' bond)


/home/case/amber24/bin/teLeap: Note.
1-4: angle 4 13 duplicates bond ('triangular' bond) or angle ('square' bond)

Building improper torsion parameters.
 total 9 improper torsions applied
Building H-Bond parameters.
Incorporating Non-Bonded adjustments.
Not Marking per-residue atom chain types.
Marking per-residue atom chain types.
  (Residues lacking connect0/connect1 - 
   these don't have chain types marked:

	res	total affected

	RNC	1
  )
 (no restraints)
	Quit

Exiting LEaP: Errors = 0; Warnings = 0; Notes = 2.
====== min.o =========================================================
Reading parm file (RNC.parm7)
title:
RNC                                                                             
no velocities were found
no velocities were found
	mm_options:  ntpr=5
	mm_options:  gb=1
	mm_options:  kappa=0.10395
	mm_options:  rgbmax=99.
	mm_options:  cut=99.0
	mm_options:  wcons=0.
     bond:      4.367350008
    angle:     87.317913758
 dihedral:      6.819065139
    enb14:      8.863064531
    eel14:    -51.135980778
      enb:     -1.086385436
      eel:     16.086375688
      egb:    -35.682558067
    econs:      0.000000000
    esurf:      0.000000000
    Total:     35.548844843
     frms:     23.321820569
Starting TNCG minimisation
 MIN: Iter =    0  NFunc =     1  E =      35.54884  RMSG = 2.3321821e+01
 MIN: Iter =    1  NFunc =     6  E =      10.79325  RMSG = 1.8029353e+01
 MIN: Iter =    2  NFunc =    12  E =      -3.81128  RMSG = 1.7270021e+01
 MIN: Iter =    3  NFunc =    19  E =     -21.40556  RMSG = 9.8833699e+00
 MIN: Iter =    4  NFunc =    25  E =     -28.67771  RMSG = 3.2745832e+00
 MIN: Iter =    5  NFunc =    32  E =     -30.34390  RMSG = 1.6283679e+00
 MIN: Iter =    6  NFunc =    75  E =     -31.68486  RMSG = 1.4829700e+00
 MIN: Iter =    7  NFunc =    91  E =     -32.71324  RMSG = 1.2989012e+00
 MIN: Iter =    8  NFunc =    99  E =     -33.56533  RMSG = 9.0765061e-01
 MIN: Iter =    9  NFunc =   107  E =     -34.01908  RMSG = 6.4746070e-01
 MIN: Iter =   10  NFunc =   124  E =     -34.36384  RMSG = 9.7631231e-01
 MIN: Iter =   11  NFunc =   148  E =     -34.62462  RMSG = 1.2212124e+00
 MIN: Iter =   12  NFunc =   154  E =     -34.73394  RMSG = 2.6878896e-01
 MIN: Iter =   13  NFunc =   179  E =     -34.85509  RMSG = 8.1666635e-01
 MIN: Iter =   14  NFunc =   185  E =     -34.90419  RMSG = 1.8321148e-01
 MIN: Iter =   15  NFunc =   209  E =     -34.94451  RMSG = 7.7994495e-01
 MIN: Iter =   16  NFunc =   215  E =     -34.97925  RMSG = 1.1220228e-01
 MIN: Iter =   17  NFunc =   266  E =     -35.02004  RMSG = 9.0963288e-01
 MIN: Iter =   18  NFunc =   272  E =     -35.06588  RMSG = 1.4833530e-01
 MIN: Iter =   19  NFunc =   295  E =     -35.09028  RMSG = 1.9238432e-01
 MIN: Iter =   20  NFunc =   308  E =     -35.12474  RMSG = 4.4254842e-01
 MIN: Iter =   21  NFunc =   314  E =     -35.15761  RMSG = 2.7031130e-01
 MIN: Iter =   22  NFunc =   320  E =     -35.18100  RMSG = 4.7947712e-01
 MIN: Iter =   23  NFunc =   326  E =     -35.20339  RMSG = 1.4951067e-01
 MIN: Iter =   24  NFunc =   333  E =     -35.21534  RMSG = 2.4866898e-01
 MIN: Iter =   25  NFunc =   342  E =     -35.23552  RMSG = 2.1596948e-01
 MIN: Iter =   26  NFunc =   349  E =     -35.25057  RMSG = 3.8735366e-01
 MIN: Iter =   27  NFunc =   355  E =     -35.26583  RMSG = 1.1812851e-01
 MIN: Iter =   28  NFunc =   364  E =     -35.27512  RMSG = 2.1829588e-01
 MIN: Iter =   29  NFunc =   372  E =     -35.28877  RMSG = 3.5153426e-01
 MIN: Iter =   30  NFunc =   379  E =     -35.30433  RMSG = 1.8614267e-01
 MIN: Iter =   31  NFunc =   385  E =     -35.31449  RMSG = 4.1115162e-01
 MIN: Iter =   32  NFunc =   392  E =     -35.33092  RMSG = 2.1452244e-01
 MIN: Iter =   33  NFunc =   405  E =     -35.35221  RMSG = 3.8535245e-01
 MIN: Iter =   34  NFunc =   428  E =     -35.39412  RMSG = 2.6674624e-01
 MIN: Iter =   35  NFunc =   437  E =     -35.40658  RMSG = 1.0207198e-01
 MIN: Iter =   36  NFunc =   457  E =     -35.41757  RMSG = 4.3137209e-01
 MIN: Iter =   37  NFunc =   463  E =     -35.42496  RMSG = 8.3131095e-02
 MIN: Iter =   38  NFunc =   475  E =     -35.42851  RMSG = 5.3408614e-02
 MIN: Iter =   39  NFunc =   502  E =     -35.43022  RMSG = 4.0345593e-02
 MIN: Iter =   40  NFunc =   554  E =     -35.43418  RMSG = 7.8964390e-02
 MIN: Iter =   41  NFunc =   600  E =     -35.44457  RMSG = 4.5888292e-01
 MIN: Iter =   42  NFunc =   607  E =     -35.45769  RMSG = 1.1891294e-01
 MIN: Iter =   43  NFunc =   651  E =     -35.46583  RMSG = 1.4499293e-01
 MIN: Iter =   44  NFunc =   666  E =     -35.47376  RMSG = 1.4324337e-01
 MIN: Iter =   45  NFunc =   676  E =     -35.48117  RMSG = 3.9058784e-01
 MIN: Iter =   46  NFunc =   682  E =     -35.49270  RMSG = 1.2026720e-01
 MIN: Iter =   47  NFunc =   733  E =     -35.52773  RMSG = 3.0471537e-01
 MIN: Iter =   48  NFunc =   743  E =     -35.54208  RMSG = 8.5490104e-02
 MIN: Iter =   49  NFunc =   794  E =     -35.58390  RMSG = 2.6888590e-01
 MIN: Iter =   50  NFunc =   801  E =     -35.62068  RMSG = 3.4772128e-01
 MIN: Iter =   51  NFunc =   807  E =     -35.66501  RMSG = 2.6622740e-01
 MIN: Iter =   52  NFunc =   813  E =     -35.69022  RMSG = 3.2323859e-01
 MIN: Iter =   53  NFunc =   820  E =     -35.71223  RMSG = 1.1447633e-01
 MIN: Iter =   54  NFunc =   835  E =     -35.72832  RMSG = 2.2237870e-01
 MIN: Iter =   55  NFunc =   842  E =     -35.73428  RMSG = 7.1454085e-02
 MIN: Iter =   56  NFunc =   894  E =     -35.74484  RMSG = 1.0372697e-01
 MIN: Iter =   57  NFunc =   900  E =     -35.74693  RMSG = 5.8615214e-02
 MIN: Iter =   58  NFunc =   915  E =     -35.74974  RMSG = 5.3424798e-02
 MIN: Iter =   59  NFunc =   928  E =     -35.75073  RMSG = 2.7291264e-02
 MIN: Iter =   60  NFunc =   973  E =     -35.75273  RMSG = 5.6788637e-02
 MIN: Iter =   61  NFunc =   979  E =     -35.75300  RMSG = 1.8015456e-02
 MIN: Iter =   62  NFunc =  1009  E =     -35.75352  RMSG = 1.1525947e-02
 MIN: Iter =   63  NFunc =  1018  E =     -35.75356  RMSG = 5.1843841e-03
 MIN: Iter =   64  NFunc =  1061  E =     -35.75384  RMSG = 1.8013319e-02
 MIN: Iter =   65  NFunc =  1067  E =     -35.75386  RMSG = 4.6812350e-03
 MIN: Iter =   66  NFunc =  1083  E =     -35.75390  RMSG = 3.8210561e-03
 MIN: Iter =   67  NFunc =  1129  E =     -35.75403  RMSG = 7.5999187e-03
 MIN: Iter =   68  NFunc =  1150  E =     -35.75406  RMSG = 3.5969025e-03
 MIN: Iter =   69  NFunc =  1159  E =     -35.75407  RMSG = 3.1453793e-03
 MIN: Iter =   70  NFunc =  1189  E =     -35.75408  RMSG = 1.2925489e-03
 MIN: Iter =   71  NFunc =  1218  E =     -35.75409  RMSG = 1.1959746e-03
 MIN: Iter =   72  NFunc =  1226  E =     -35.75409  RMSG = 6.6857673e-04
 MIN: Iter =   73  NFunc =  1238  E =     -35.75409  RMSG = 4.2537679e-04
----------------------------------------------------------------
 END:          :-)  E =     -35.75409  RMSG =   0.0004254

     bond:      3.463469107
    angle:     12.083917724
 dihedral:     15.628011700
    enb14:     10.172661881
    eel14:    -54.888152296
      enb:     -1.129136061
      eel:     14.392317323
      egb:    -35.477178379
    econs:      0.000000000
    esurf:      0.000000000
    Total:    -35.754089001
     frms:      0.000425377
====== rms.dat  ======================================================
#Frame      all_heavy
       1       1.4744
