====== tleap.out =====================================================
-I: Adding /home/case/amber24/dat/leap/prep to search path.
-I: Adding /home/case/amber24/dat/leap/lib to search path.
-I: Adding /home/case/amber24/dat/leap/parm to search path.
-I: Adding /home/case/amber24/dat/leap/cmd to search path.
-f: Source leap.in.

Welcome to LEaP!
(no leaprc in search path)
Sourcing: ./leap.in
Using Bondi radii
----- Source: /home/case/amber24/dat/leap/cmd/leaprc.gaff2
----- Source of /home/case/amber24/dat/leap/cmd/leaprc.gaff2 done
Log file: ./leap.log
Loading parameters: /home/case/amber24/dat/leap/parm/gaff2.dat
Reading title:
AMBER General Force Field for organic molecules (Version 2.2.20, March 2021)
Loading parameters: ./RPV.frcmod
Reading force field modification type file (frcmod)
Reading title:
Remark line goes here
Loading Mol2 file: ./RPV.mol2
Reading MOLECULE named RPV
Checking Unit.

/home/case/amber24/bin/teLeap: Warning!
The unperturbed charge of the unit (-0.999000) is not zero.

/home/case/amber24/bin/teLeap: Note.
Ignoring the warning from Unit Checking.

Building topology.
"order_residues" off: keep input residue order.
Building atom parameters.
Building bond parameters.
Building angle parameters.
Building proper torsion parameters.
Building improper torsion parameters.
 total 22 improper torsions applied
Building H-Bond parameters.
Incorporating Non-Bonded adjustments.
Not Marking per-residue atom chain types.
Marking per-residue atom chain types.
  (Residues lacking connect0/connect1 - 
   these don't have chain types marked:

	res	total affected

	RPV	1
  )
 (no restraints)
	Quit

Exiting LEaP: Errors = 0; Warnings = 1; Notes = 1.
====== min.o =========================================================
Reading parm file (RPV.parm7)
title:
RPV                                                                             
no velocities were found
no velocities were found
	mm_options:  ntpr=5
	mm_options:  gb=1
	mm_options:  kappa=0.10395
	mm_options:  rgbmax=99.
	mm_options:  cut=99.0
	mm_options:  wcons=0.
     bond:      3.141484919
    angle:     42.275292539
 dihedral:     24.224725006
    enb14:      8.665912752
    eel14:   -102.586892206
      enb:     -4.685084530
      eel:     40.558357024
      egb:    -85.639039784
    econs:      0.000000000
    esurf:      0.000000000
    Total:    -74.045244281
     frms:     15.582104145
Starting TNCG minimisation
 MIN: Iter =    0  NFunc =     1  E =     -74.04524  RMSG = 1.5582104e+01
 MIN: Iter =    1  NFunc =     7  E =     -91.91408  RMSG = 2.5041848e+00
 MIN: Iter =    2  NFunc =    27  E =     -94.78012  RMSG = 1.7048574e+00
 MIN: Iter =    3  NFunc =    36  E =     -95.84578  RMSG = 1.0330917e+00
 MIN: Iter =    4  NFunc =    66  E =     -96.28293  RMSG = 5.6618436e-01
 MIN: Iter =    5  NFunc =    81  E =     -96.45097  RMSG = 3.2137720e-01
 MIN: Iter =    6  NFunc =    91  E =     -96.49813  RMSG = 1.5998876e-01
 MIN: Iter =    7  NFunc =   101  E =     -96.51578  RMSG = 9.5604351e-02
 MIN: Iter =    8  NFunc =   126  E =     -96.53407  RMSG = 7.1329394e-02
 MIN: Iter =    9  NFunc =   153  E =     -96.54077  RMSG = 4.4927684e-02
 MIN: Iter =   10  NFunc =   181  E =     -96.54648  RMSG = 3.7898100e-02
 MIN: Iter =   11  NFunc =   231  E =     -96.55696  RMSG = 7.1634740e-02
 MIN: Iter =   12  NFunc =   237  E =     -96.55779  RMSG = 2.4695858e-02
 MIN: Iter =   13  NFunc =   253  E =     -96.55826  RMSG = 1.3207740e-02
 MIN: Iter =   14  NFunc =   281  E =     -96.55873  RMSG = 1.0981979e-02
 MIN: Iter =   15  NFunc =   332  E =     -96.55902  RMSG = 6.8042328e-03
 MIN: Iter =   16  NFunc =   357  E =     -96.55911  RMSG = 4.6710036e-03
 MIN: Iter =   17  NFunc =   408  E =     -96.55931  RMSG = 5.8690476e-03
 MIN: Iter =   18  NFunc =   416  E =     -96.55931  RMSG = 3.0073772e-03
 MIN: Iter =   19  NFunc =   467  E =     -96.55938  RMSG = 3.8313428e-03
 MIN: Iter =   20  NFunc =   481  E =     -96.55939  RMSG = 1.9033163e-03
 MIN: Iter =   21  NFunc =   505  E =     -96.55940  RMSG = 7.4403598e-04
 MIN: Iter =   22  NFunc =   534  E =     -96.55940  RMSG = 5.2837570e-04
 MIN: Iter =   23  NFunc =   574  E =     -96.55940  RMSG = 5.7455802e-04
 MIN: Iter =   24  NFunc =   596  E =     -96.55940  RMSG = 2.7566959e-04
----------------------------------------------------------------
 END:          :-)  E =     -96.55940  RMSG =   0.0002757

     bond:      2.381093430
    angle:     28.895255431
 dihedral:     19.638688208
    enb14:      6.855722447
    eel14:   -105.945720814
      enb:     -5.025371348
      eel:     43.366628450
      egb:    -86.725698481
    econs:      0.000000000
    esurf:      0.000000000
    Total:    -96.559402677
     frms:      0.000275670
====== rms.dat  ======================================================
#Frame      all_heavy
       1       0.2267
