====== tleap.out =====================================================
-I: Adding /home/case/amber24/dat/leap/prep to search path.
-I: Adding /home/case/amber24/dat/leap/lib to search path.
-I: Adding /home/case/amber24/dat/leap/parm to search path.
-I: Adding /home/case/amber24/dat/leap/cmd to search path.
-f: Source leap.in.

Welcome to LEaP!
(no leaprc in search path)
Sourcing: ./leap.in
Using Bondi radii
----- Source: /home/case/amber24/dat/leap/cmd/leaprc.gaff2
----- Source of /home/case/amber24/dat/leap/cmd/leaprc.gaff2 done
Log file: ./leap.log
Loading parameters: /home/case/amber24/dat/leap/parm/gaff2.dat
Reading title:
AMBER General Force Field for organic molecules (Version 2.2.20, March 2021)
Loading parameters: ./RW6.frcmod
Reading force field modification type file (frcmod)
Reading title:
Remark line goes here
Loading Mol2 file: ./RW6.mol2
Reading MOLECULE named RW6
Checking Unit.
Building topology.
"order_residues" off: keep input residue order.
Building atom parameters.
Building bond parameters.
Building angle parameters.
Building proper torsion parameters.
Building improper torsion parameters.
 total 13 improper torsions applied
Building H-Bond parameters.
Incorporating Non-Bonded adjustments.
Not Marking per-residue atom chain types.
Marking per-residue atom chain types.
  (Residues lacking connect0/connect1 - 
   these don't have chain types marked:

	res	total affected

	RW6	1
  )
 (no restraints)
	Quit

Exiting LEaP: Errors = 0; Warnings = 0; Notes = 0.
====== min.o =========================================================
Reading parm file (RW6.parm7)
title:
RW6                                                                             
no velocities were found
no velocities were found
	mm_options:  ntpr=5
	mm_options:  gb=1
	mm_options:  kappa=0.10395
	mm_options:  rgbmax=99.
	mm_options:  cut=99.0
	mm_options:  wcons=0.
     bond:      2.372255923
    angle:     10.127743089
 dihedral:      5.281144093
    enb14:     14.191573649
    eel14:    -11.109884796
      enb:     -2.849519032
      eel:    -43.371139780
      egb:    -22.131752529
    econs:      0.000000000
    esurf:      0.000000000
    Total:    -47.489579384
     frms:     12.304775092
Starting TNCG minimisation
 MIN: Iter =    0  NFunc =     1  E =     -47.48958  RMSG = 1.2304775e+01
 MIN: Iter =    1  NFunc =     7  E =     -56.49651  RMSG = 2.8533352e+00
 MIN: Iter =    2  NFunc =    13  E =     -58.40442  RMSG = 1.3081587e+00
 MIN: Iter =    3  NFunc =    25  E =     -58.96663  RMSG = 4.4326172e-01
 MIN: Iter =    4  NFunc =    36  E =     -59.08816  RMSG = 2.2069683e-01
 MIN: Iter =    5  NFunc =    46  E =     -59.11278  RMSG = 1.1970467e-01
 MIN: Iter =    6  NFunc =    82  E =     -59.17570  RMSG = 2.3816154e-01
 MIN: Iter =    7  NFunc =    88  E =     -59.18460  RMSG = 9.4841992e-02
 MIN: Iter =    8  NFunc =   119  E =     -59.20494  RMSG = 8.6645778e-02
 MIN: Iter =    9  NFunc =   126  E =     -59.20648  RMSG = 3.5797616e-02
 MIN: Iter =   10  NFunc =   174  E =     -59.21160  RMSG = 2.5663227e-02
 MIN: Iter =   11  NFunc =   198  E =     -59.21254  RMSG = 1.4527011e-02
 MIN: Iter =   12  NFunc =   221  E =     -59.21276  RMSG = 5.8356044e-03
 MIN: Iter =   13  NFunc =   232  E =     -59.21279  RMSG = 3.7502114e-03
 MIN: Iter =   14  NFunc =   283  E =     -59.21290  RMSG = 4.7695368e-03
 MIN: Iter =   15  NFunc =   303  E =     -59.21296  RMSG = 3.9133593e-03
 MIN: Iter =   16  NFunc =   324  E =     -59.21298  RMSG = 2.0561066e-03
 MIN: Iter =   17  NFunc =   373  E =     -59.21300  RMSG = 9.5514955e-04
 MIN: Iter =   18  NFunc =   401  E =     -59.21300  RMSG = 6.4482064e-04
 MIN: Iter =   19  NFunc =   408  E =     -59.21300  RMSG = 4.4129466e-04
----------------------------------------------------------------
 END:          :-)  E =     -59.21300  RMSG =   0.0004413

     bond:      2.385976449
    angle:      6.156376227
 dihedral:      4.921613827
    enb14:     10.226889172
    eel14:    -14.171604834
      enb:     -3.766129988
      eel:    -41.573434936
      egb:    -23.392686250
    econs:      0.000000000
    esurf:      0.000000000
    Total:    -59.213000333
     frms:      0.000441295
====== rms.dat  ======================================================
#Frame      all_heavy
       1       0.1360
