====== tleap.out =====================================================
-I: Adding /home/case/amber24/dat/leap/prep to search path.
-I: Adding /home/case/amber24/dat/leap/lib to search path.
-I: Adding /home/case/amber24/dat/leap/parm to search path.
-I: Adding /home/case/amber24/dat/leap/cmd to search path.
-f: Source leap.in.

Welcome to LEaP!
(no leaprc in search path)
Sourcing: ./leap.in
Using Bondi radii
----- Source: /home/case/amber24/dat/leap/cmd/leaprc.gaff2
----- Source of /home/case/amber24/dat/leap/cmd/leaprc.gaff2 done
Log file: ./leap.log
Loading parameters: /home/case/amber24/dat/leap/parm/gaff2.dat
Reading title:
AMBER General Force Field for organic molecules (Version 2.2.20, March 2021)
Loading parameters: ./N1D.frcmod
Reading force field modification type file (frcmod)
Reading title:
Remark line goes here
Loading Mol2 file: ./N1D.mol2
Reading MOLECULE named N1D
Checking Unit.
Building topology.
"order_residues" off: keep input residue order.
Building atom parameters.
Building bond parameters.
Building angle parameters.
Building proper torsion parameters.
Building improper torsion parameters.
 total 16 improper torsions applied
Building H-Bond parameters.
Incorporating Non-Bonded adjustments.
Not Marking per-residue atom chain types.
Marking per-residue atom chain types.
  (Residues lacking connect0/connect1 - 
   these don't have chain types marked:

	res	total affected

	N1D	1
  )
 (no restraints)
	Quit

Exiting LEaP: Errors = 0; Warnings = 0; Notes = 0.
====== min.o =========================================================
Reading parm file (N1D.parm7)
title:
N1D                                                                             
no velocities were found
no velocities were found
	mm_options:  ntpr=5
	mm_options:  gb=1
	mm_options:  kappa=0.10395
	mm_options:  rgbmax=99.
	mm_options:  cut=99.0
	mm_options:  wcons=0.
     bond:      5.041924971
    angle:     10.767831986
 dihedral:     52.833488475
    enb14:     18.102090457
    eel14:     10.223870553
      enb:     -2.533614810
      eel:   -102.346443779
      egb:    -34.892879500
    econs:      0.000000000
    esurf:      0.000000000
    Total:    -42.803731647
     frms:     11.480477182
Starting TNCG minimisation
 MIN: Iter =    0  NFunc =     1  E =     -42.80373  RMSG = 1.1480477e+01
 MIN: Iter =    1  NFunc =     7  E =     -57.98141  RMSG = 3.0214413e+00
 MIN: Iter =    2  NFunc =    16  E =     -61.70270  RMSG = 1.5747783e+00
 MIN: Iter =    3  NFunc =    35  E =     -63.63068  RMSG = 9.8256922e-01
 MIN: Iter =    4  NFunc =    45  E =     -64.30543  RMSG = 5.6313728e-01
 MIN: Iter =    5  NFunc =    74  E =     -64.87435  RMSG = 5.3492505e-01
 MIN: Iter =    6  NFunc =    91  E =     -65.25635  RMSG = 4.5079240e-01
 MIN: Iter =    7  NFunc =   111  E =     -65.52751  RMSG = 3.6307991e-01
 MIN: Iter =    8  NFunc =   124  E =     -65.69290  RMSG = 3.4275570e-01
 MIN: Iter =    9  NFunc =   130  E =     -65.74801  RMSG = 1.7949758e-01
 MIN: Iter =   10  NFunc =   144  E =     -65.77608  RMSG = 1.2475867e-01
 MIN: Iter =   11  NFunc =   193  E =     -65.87758  RMSG = 1.5860301e-01
 MIN: Iter =   12  NFunc =   224  E =     -65.91346  RMSG = 1.2071872e-01
 MIN: Iter =   13  NFunc =   246  E =     -65.92667  RMSG = 5.3491370e-02
 MIN: Iter =   14  NFunc =   297  E =     -65.93749  RMSG = 1.3219186e-01
 MIN: Iter =   15  NFunc =   307  E =     -65.94092  RMSG = 3.3782841e-02
 MIN: Iter =   16  NFunc =   336  E =     -65.94397  RMSG = 4.7561460e-02
 MIN: Iter =   17  NFunc =   345  E =     -65.94447  RMSG = 1.5399849e-02
 MIN: Iter =   18  NFunc =   365  E =     -65.94490  RMSG = 1.0745580e-02
 MIN: Iter =   19  NFunc =   405  E =     -65.94530  RMSG = 6.9653940e-03
 MIN: Iter =   20  NFunc =   443  E =     -65.94539  RMSG = 3.4581375e-03
 MIN: Iter =   21  NFunc =   494  E =     -65.94547  RMSG = 4.1474056e-03
 MIN: Iter =   22  NFunc =   503  E =     -65.94548  RMSG = 1.9256067e-03
 MIN: Iter =   23  NFunc =   512  E =     -65.94548  RMSG = 1.3198579e-03
 MIN: Iter =   24  NFunc =   535  E =     -65.94549  RMSG = 6.3731631e-04
 MIN: Iter =   25  NFunc =   571  E =     -65.94549  RMSG = 4.2927955e-04
----------------------------------------------------------------
 END:          :-)  E =     -65.94549  RMSG =   0.0004293

     bond:      2.341160486
    angle:      6.094716752
 dihedral:     43.949387244
    enb14:     11.640075460
    eel14:      7.860475080
      enb:     -2.212056524
      eel:    -98.520816648
      egb:    -37.098429457
    econs:      0.000000000
    esurf:      0.000000000
    Total:    -65.945487606
     frms:      0.000429280
====== rms.dat  ======================================================
#Frame      all_heavy
       1       0.4222
