====== tleap.out =====================================================
-I: Adding /home/case/amber24/dat/leap/prep to search path.
-I: Adding /home/case/amber24/dat/leap/lib to search path.
-I: Adding /home/case/amber24/dat/leap/parm to search path.
-I: Adding /home/case/amber24/dat/leap/cmd to search path.
-f: Source leap.in.

Welcome to LEaP!
(no leaprc in search path)
Sourcing: ./leap.in
Using Bondi radii
----- Source: /home/case/amber24/dat/leap/cmd/leaprc.gaff2
----- Source of /home/case/amber24/dat/leap/cmd/leaprc.gaff2 done
Log file: ./leap.log
Loading parameters: /home/case/amber24/dat/leap/parm/gaff2.dat
Reading title:
AMBER General Force Field for organic molecules (Version 2.2.20, March 2021)
Loading parameters: ./N1R.frcmod
Reading force field modification type file (frcmod)
Reading title:
Remark line goes here
Loading Mol2 file: ./N1R.mol2
Reading MOLECULE named N1R
Checking Unit.
Building topology.
"order_residues" off: keep input residue order.
Building atom parameters.
Building bond parameters.
Building angle parameters.
Building proper torsion parameters.
Building improper torsion parameters.
 total 10 improper torsions applied
Building H-Bond parameters.
Incorporating Non-Bonded adjustments.
Not Marking per-residue atom chain types.
Marking per-residue atom chain types.
  (Residues lacking connect0/connect1 - 
   these don't have chain types marked:

	res	total affected

	N1R	1
  )
 (no restraints)
	Quit

Exiting LEaP: Errors = 0; Warnings = 0; Notes = 0.
====== min.o =========================================================
Reading parm file (N1R.parm7)
title:
N1R                                                                             
no velocities were found
no velocities were found
	mm_options:  ntpr=5
	mm_options:  gb=1
	mm_options:  kappa=0.10395
	mm_options:  rgbmax=99.
	mm_options:  cut=99.0
	mm_options:  wcons=0.
     bond:      2.760264630
    angle:      7.286997870
 dihedral:     26.820446481
    enb14:     15.611759373
    eel14:     35.325714614
      enb:     -1.226723260
      eel:    -54.775090305
      egb:    -25.762011845
    econs:      0.000000000
    esurf:      0.000000000
    Total:      6.041357558
     frms:      8.760582967
Starting TNCG minimisation
 MIN: Iter =    0  NFunc =     1  E =       6.04136  RMSG = 8.7605830e+00
 MIN: Iter =    1  NFunc =     7  E =      -3.91506  RMSG = 2.6404865e+00
 MIN: Iter =    2  NFunc =    13  E =      -5.81254  RMSG = 1.0966345e+00
 MIN: Iter =    3  NFunc =    25  E =      -6.46335  RMSG = 3.8773280e-01
 MIN: Iter =    4  NFunc =    50  E =      -6.90698  RMSG = 8.3404138e-01
 MIN: Iter =    5  NFunc =    64  E =      -7.16767  RMSG = 4.5919241e-01
 MIN: Iter =    6  NFunc =    96  E =      -7.43897  RMSG = 6.0976427e-01
 MIN: Iter =    7  NFunc =   109  E =      -7.61772  RMSG = 3.6226369e-01
 MIN: Iter =    8  NFunc =   117  E =      -7.70550  RMSG = 3.3268997e-01
 MIN: Iter =    9  NFunc =   123  E =      -7.74112  RMSG = 2.0830818e-01
 MIN: Iter =   10  NFunc =   146  E =      -7.83853  RMSG = 7.2630607e-01
 MIN: Iter =   11  NFunc =   152  E =      -7.90271  RMSG = 1.3692193e-01
 MIN: Iter =   12  NFunc =   175  E =      -7.94279  RMSG = 5.1935700e-01
 MIN: Iter =   13  NFunc =   181  E =      -7.97779  RMSG = 1.0726702e-01
 MIN: Iter =   14  NFunc =   219  E =      -8.00970  RMSG = 4.0671099e-01
 MIN: Iter =   15  NFunc =   225  E =      -8.02879  RMSG = 6.0622081e-02
 MIN: Iter =   16  NFunc =   255  E =      -8.03930  RMSG = 2.5429254e-01
 MIN: Iter =   17  NFunc =   261  E =      -8.04732  RMSG = 3.6289035e-02
 MIN: Iter =   18  NFunc =   293  E =      -8.05480  RMSG = 4.6404405e-02
 MIN: Iter =   19  NFunc =   330  E =      -8.05986  RMSG = 4.0417259e-02
 MIN: Iter =   20  NFunc =   371  E =      -8.06219  RMSG = 2.0871884e-02
 MIN: Iter =   21  NFunc =   389  E =      -8.06248  RMSG = 7.5794087e-03
 MIN: Iter =   22  NFunc =   415  E =      -8.06261  RMSG = 3.5126828e-03
 MIN: Iter =   23  NFunc =   453  E =      -8.06267  RMSG = 2.7651856e-03
 MIN: Iter =   24  NFunc =   477  E =      -8.06270  RMSG = 1.6239048e-03
 MIN: Iter =   25  NFunc =   510  E =      -8.06271  RMSG = 9.9659119e-04
 MIN: Iter =   26  NFunc =   529  E =      -8.06271  RMSG = 7.4183959e-04
 MIN: Iter =   27  NFunc =   580  E =      -8.06271  RMSG = 6.9397424e-04
 MIN: Iter =   28  NFunc =   590  E =      -8.06271  RMSG = 4.9216678e-04
----------------------------------------------------------------
 END:          :-)  E =      -8.06271  RMSG =   0.0004922

     bond:      2.488403562
    angle:      6.418065518
 dihedral:     27.451106261
    enb14:      9.761365262
    eel14:     33.771718534
      enb:     -7.348598626
      eel:    -55.473868344
      egb:    -25.130904654
    econs:      0.000000000
    esurf:      0.000000000
    Total:     -8.062712486
     frms:      0.000492167
====== rms.dat  ======================================================
#Frame      all_heavy
       1       0.3787
