====== tleap.out =====================================================
-I: Adding /home/case/amber24/dat/leap/prep to search path.
-I: Adding /home/case/amber24/dat/leap/lib to search path.
-I: Adding /home/case/amber24/dat/leap/parm to search path.
-I: Adding /home/case/amber24/dat/leap/cmd to search path.
-f: Source leap.in.

Welcome to LEaP!
(no leaprc in search path)
Sourcing: ./leap.in
Using Bondi radii
----- Source: /home/case/amber24/dat/leap/cmd/leaprc.gaff2
----- Source of /home/case/amber24/dat/leap/cmd/leaprc.gaff2 done
Log file: ./leap.log
Loading parameters: /home/case/amber24/dat/leap/parm/gaff2.dat
Reading title:
AMBER General Force Field for organic molecules (Version 2.2.20, March 2021)
Loading parameters: ./N4D.frcmod
Reading force field modification type file (frcmod)
Reading title:
Remark line goes here
Loading Mol2 file: ./N4D.mol2
Reading MOLECULE named N4D
Checking Unit.
Building topology.
"order_residues" off: keep input residue order.
Building atom parameters.
Building bond parameters.
Building angle parameters.
Building proper torsion parameters.
Building improper torsion parameters.
 total 21 improper torsions applied
Building H-Bond parameters.
Incorporating Non-Bonded adjustments.
Not Marking per-residue atom chain types.
Marking per-residue atom chain types.
  (Residues lacking connect0/connect1 - 
   these don't have chain types marked:

	res	total affected

	N4D	1
  )
 (no restraints)
	Quit

Exiting LEaP: Errors = 0; Warnings = 0; Notes = 0.
====== min.o =========================================================
Reading parm file (N4D.parm7)
title:
N4D                                                                             
no velocities were found
no velocities were found
	mm_options:  ntpr=5
	mm_options:  gb=1
	mm_options:  kappa=0.10395
	mm_options:  rgbmax=99.
	mm_options:  cut=99.0
	mm_options:  wcons=0.
     bond:      3.339637916
    angle:     26.340471972
 dihedral:     15.904754276
    enb14:     16.715740133
    eel14:   -120.929471105
      enb:     -1.804516946
      eel:     13.739116486
      egb:    -23.106155259
    econs:      0.000000000
    esurf:      0.000000000
    Total:    -69.800422526
     frms:     12.938002904
Starting TNCG minimisation
 MIN: Iter =    0  NFunc =     1  E =     -69.80042  RMSG = 1.2938003e+01
 MIN: Iter =    1  NFunc =     7  E =     -82.13741  RMSG = 2.5366761e+00
 MIN: Iter =    2  NFunc =    15  E =     -84.08769  RMSG = 1.4465063e+00
 MIN: Iter =    3  NFunc =    28  E =     -84.93123  RMSG = 9.2829581e-01
 MIN: Iter =    4  NFunc =    56  E =     -85.82394  RMSG = 1.3425656e+00
 MIN: Iter =    5  NFunc =    68  E =     -86.45337  RMSG = 9.0316691e-01
 MIN: Iter =    6  NFunc =    77  E =     -86.83319  RMSG = 6.9155667e-01
 MIN: Iter =    7  NFunc =    85  E =     -87.03369  RMSG = 4.0171544e-01
 MIN: Iter =    8  NFunc =   102  E =     -87.16854  RMSG = 3.0705256e-01
 MIN: Iter =    9  NFunc =   117  E =     -87.24329  RMSG = 2.2269829e-01
 MIN: Iter =   10  NFunc =   137  E =     -87.29338  RMSG = 3.2121900e-01
 MIN: Iter =   11  NFunc =   143  E =     -87.30560  RMSG = 1.0589633e-01
 MIN: Iter =   12  NFunc =   166  E =     -87.33068  RMSG = 2.1719944e-01
 MIN: Iter =   13  NFunc =   177  E =     -87.35115  RMSG = 2.0810556e-01
 MIN: Iter =   14  NFunc =   186  E =     -87.36290  RMSG = 8.7787252e-02
 MIN: Iter =   15  NFunc =   204  E =     -87.37472  RMSG = 3.4563564e-01
 MIN: Iter =   16  NFunc =   210  E =     -87.38486  RMSG = 4.9491925e-02
 MIN: Iter =   17  NFunc =   229  E =     -87.39320  RMSG = 2.6421164e-01
 MIN: Iter =   18  NFunc =   235  E =     -87.39941  RMSG = 5.7376435e-02
 MIN: Iter =   19  NFunc =   260  E =     -87.40772  RMSG = 1.4387562e-01
 MIN: Iter =   20  NFunc =   266  E =     -87.41017  RMSG = 5.0731044e-02
 MIN: Iter =   21  NFunc =   301  E =     -87.42065  RMSG = 5.7950018e-02
 MIN: Iter =   22  NFunc =   331  E =     -87.42588  RMSG = 1.6516707e-01
 MIN: Iter =   23  NFunc =   337  E =     -87.42827  RMSG = 2.3149783e-02
 MIN: Iter =   24  NFunc =   365  E =     -87.42891  RMSG = 1.2140425e-02
 MIN: Iter =   25  NFunc =   416  E =     -87.42998  RMSG = 2.3721401e-02
 MIN: Iter =   26  NFunc =   422  E =     -87.43006  RMSG = 6.3171234e-03
 MIN: Iter =   27  NFunc =   445  E =     -87.43017  RMSG = 4.5710215e-03
 MIN: Iter =   28  NFunc =   484  E =     -87.43023  RMSG = 2.1542541e-03
 MIN: Iter =   29  NFunc =   517  E =     -87.43025  RMSG = 1.5060788e-03
 MIN: Iter =   30  NFunc =   562  E =     -87.43026  RMSG = 9.3864421e-04
 MIN: Iter =   31  NFunc =   600  E =     -87.43027  RMSG = 6.3114440e-04
 MIN: Iter =   32  NFunc =   638  E =     -87.43027  RMSG = 4.3553402e-04
----------------------------------------------------------------
 END:          :-)  E =     -87.43027  RMSG =   0.0004355

     bond:      2.308855540
    angle:     18.388903778
 dihedral:     12.791420104
    enb14:     12.790058594
    eel14:   -122.770567964
      enb:     -3.602683991
      eel:     17.610659844
      egb:    -24.946914491
    econs:      0.000000000
    esurf:      0.000000000
    Total:    -87.430268586
     frms:      0.000435534
====== rms.dat  ======================================================
#Frame      all_heavy
       1       0.3717
