====== tleap.out =====================================================
-I: Adding /home/case/amber24/dat/leap/prep to search path.
-I: Adding /home/case/amber24/dat/leap/lib to search path.
-I: Adding /home/case/amber24/dat/leap/parm to search path.
-I: Adding /home/case/amber24/dat/leap/cmd to search path.
-f: Source leap.in.

Welcome to LEaP!
(no leaprc in search path)
Sourcing: ./leap.in
Using Bondi radii
----- Source: /home/case/amber24/dat/leap/cmd/leaprc.gaff2
----- Source of /home/case/amber24/dat/leap/cmd/leaprc.gaff2 done
Log file: ./leap.log
Loading parameters: /home/case/amber24/dat/leap/parm/gaff2.dat
Reading title:
AMBER General Force Field for organic molecules (Version 2.2.20, March 2021)
Loading parameters: ./N5H.frcmod
Reading force field modification type file (frcmod)
Reading title:
Remark line goes here
Loading Mol2 file: ./N5H.mol2
Reading MOLECULE named N5H
Checking Unit.

/home/case/amber24/bin/teLeap: Warning!
The unperturbed charge of the unit (-1.003999) is not zero.

/home/case/amber24/bin/teLeap: Note.
Ignoring the warning from Unit Checking.

Building topology.
"order_residues" off: keep input residue order.
Building atom parameters.
Building bond parameters.
Building angle parameters.
Building proper torsion parameters.
Building improper torsion parameters.
 total 14 improper torsions applied
Building H-Bond parameters.
Incorporating Non-Bonded adjustments.
Not Marking per-residue atom chain types.
Marking per-residue atom chain types.
  (Residues lacking connect0/connect1 - 
   these don't have chain types marked:

	res	total affected

	N5H	1
  )
 (no restraints)
	Quit

Exiting LEaP: Errors = 0; Warnings = 1; Notes = 1.
====== min.o =========================================================
Reading parm file (N5H.parm7)
title:
N5H                                                                             
no velocities were found
no velocities were found
	mm_options:  ntpr=5
	mm_options:  gb=1
	mm_options:  kappa=0.10395
	mm_options:  rgbmax=99.
	mm_options:  cut=99.0
	mm_options:  wcons=0.
     bond:      3.451537367
    angle:     11.084197701
 dihedral:     52.415711107
    enb14:     14.079873687
    eel14:   -186.606487057
      enb:     -3.761654194
      eel:     51.732842717
      egb:   -108.076313171
    econs:      0.000000000
    esurf:      0.000000000
    Total:   -165.680291842
     frms:      6.288595373
Starting TNCG minimisation
 MIN: Iter =    0  NFunc =     1  E =    -165.68029  RMSG = 6.2885954e+00
 MIN: Iter =    1  NFunc =     7  E =    -174.68355  RMSG = 1.6454066e+00
 MIN: Iter =    2  NFunc =    34  E =    -178.10365  RMSG = 1.2432802e+00
 MIN: Iter =    3  NFunc =    43  E =    -178.93940  RMSG = 5.2305555e-01
 MIN: Iter =    4  NFunc =    70  E =    -179.45994  RMSG = 7.4813255e-01
 MIN: Iter =    5  NFunc =    79  E =    -179.71253  RMSG = 2.9687825e-01
 MIN: Iter =    6  NFunc =    89  E =    -179.86560  RMSG = 4.8514406e-01
 MIN: Iter =    7  NFunc =   101  E =    -180.03113  RMSG = 2.8566769e-01
 MIN: Iter =    8  NFunc =   113  E =    -180.13298  RMSG = 3.7708186e-01
 MIN: Iter =    9  NFunc =   164  E =    -180.38655  RMSG = 6.4290119e-01
 MIN: Iter =   10  NFunc =   173  E =    -180.65915  RMSG = 4.5952130e-01
 MIN: Iter =   11  NFunc =   179  E =    -180.86250  RMSG = 5.3066629e-01
 MIN: Iter =   12  NFunc =   186  E =    -181.08027  RMSG = 5.8834342e-01
 MIN: Iter =   13  NFunc =   192  E =    -181.32046  RMSG = 5.6160963e-01
 MIN: Iter =   14  NFunc =   201  E =    -181.63989  RMSG = 5.6620341e-01
 MIN: Iter =   15  NFunc =   207  E =    -181.95207  RMSG = 4.0527342e-01
 MIN: Iter =   16  NFunc =   216  E =    -182.16908  RMSG = 4.8043293e-01
 MIN: Iter =   17  NFunc =   226  E =    -182.34788  RMSG = 3.6714436e-01
 MIN: Iter =   18  NFunc =   234  E =    -182.48922  RMSG = 3.2846229e-01
 MIN: Iter =   19  NFunc =   242  E =    -182.60930  RMSG = 2.8328818e-01
 MIN: Iter =   20  NFunc =   251  E =    -182.67557  RMSG = 2.0822257e-01
 MIN: Iter =   21  NFunc =   302  E =    -182.92690  RMSG = 3.5280666e-01
 MIN: Iter =   22  NFunc =   332  E =    -183.11942  RMSG = 3.4175977e-01
 MIN: Iter =   23  NFunc =   361  E =    -183.29453  RMSG = 3.2990922e-01
 MIN: Iter =   24  NFunc =   377  E =    -183.42057  RMSG = 3.1003858e-01
 MIN: Iter =   25  NFunc =   386  E =    -183.50741  RMSG = 2.7068424e-01
 MIN: Iter =   26  NFunc =   393  E =    -183.57145  RMSG = 2.6063380e-01
 MIN: Iter =   27  NFunc =   411  E =    -183.66896  RMSG = 2.4520379e-01
 MIN: Iter =   28  NFunc =   442  E =    -183.79468  RMSG = 4.1756007e-01
 MIN: Iter =   29  NFunc =   457  E =    -183.87032  RMSG = 1.4371838e-01
 MIN: Iter =   30  NFunc =   487  E =    -183.92730  RMSG = 2.7324056e-01
 MIN: Iter =   31  NFunc =   502  E =    -183.98055  RMSG = 2.2064107e-01
 MIN: Iter =   32  NFunc =   553  E =    -184.08613  RMSG = 2.9393261e-01
 MIN: Iter =   33  NFunc =   565  E =    -184.18223  RMSG = 2.9208324e-01
 MIN: Iter =   34  NFunc =   572  E =    -184.26595  RMSG = 2.4763387e-01
 MIN: Iter =   35  NFunc =   578  E =    -184.32725  RMSG = 2.1702153e-01
 MIN: Iter =   36  NFunc =   584  E =    -184.38183  RMSG = 2.3343503e-01
 MIN: Iter =   37  NFunc =   599  E =    -184.44581  RMSG = 1.6825775e-01
 MIN: Iter =   38  NFunc =   631  E =    -184.51681  RMSG = 7.6694645e-01
 MIN: Iter =   39  NFunc =   637  E =    -184.58172  RMSG = 1.5340180e-01
 MIN: Iter =   40  NFunc =   657  E =    -184.62363  RMSG = 3.9475773e-01
 MIN: Iter =   41  NFunc =   708  E =    -184.71081  RMSG = 1.1526949e+00
 MIN: Iter =   42  NFunc =   714  E =    -184.86219  RMSG = 3.1237587e-01
 MIN: Iter =   43  NFunc =   738  E =    -184.99715  RMSG = 7.7301278e-01
 MIN: Iter =   44  NFunc =   745  E =    -185.18763  RMSG = 1.1021477e+00
 MIN: Iter =   45  NFunc =   751  E =    -185.36436  RMSG = 3.9182294e-01
 MIN: Iter =   46  NFunc =   757  E =    -185.44762  RMSG = 6.2785392e-01
 MIN: Iter =   47  NFunc =   764  E =    -185.52327  RMSG = 2.0861849e-01
 MIN: Iter =   48  NFunc =   770  E =    -185.55431  RMSG = 3.1195550e-01
 MIN: Iter =   49  NFunc =   777  E =    -185.57049  RMSG = 9.6888047e-02
 MIN: Iter =   50  NFunc =   792  E =    -185.58366  RMSG = 4.3340609e-02
 MIN: Iter =   51  NFunc =   842  E =    -185.59579  RMSG = 3.9183379e-02
 MIN: Iter =   52  NFunc =   889  E =    -185.60131  RMSG = 2.4745491e-02
 MIN: Iter =   53  NFunc =   940  E =    -185.60482  RMSG = 2.9129124e-02
 MIN: Iter =   54  NFunc =   948  E =    -185.60528  RMSG = 1.4407033e-02
 MIN: Iter =   55  NFunc =   987  E =    -185.60874  RMSG = 2.9203638e-02
 MIN: Iter =   56  NFunc =  1003  E =    -185.60937  RMSG = 1.0636990e-02
 MIN: Iter =   57  NFunc =  1033  E =    -185.61012  RMSG = 9.4765757e-03
 MIN: Iter =   58  NFunc =  1084  E =    -185.61101  RMSG = 1.2636563e-02
 MIN: Iter =   59  NFunc =  1135  E =    -185.61285  RMSG = 2.5303194e-02
 MIN: Iter =   60  NFunc =  1186  E =    -185.61521  RMSG = 2.1764876e-02
 MIN: Iter =   61  NFunc =  1235  E =    -185.61674  RMSG = 1.6519170e-02
 MIN: Iter =   62  NFunc =  1286  E =    -185.61793  RMSG = 2.2736864e-02
 MIN: Iter =   63  NFunc =  1337  E =    -185.61942  RMSG = 2.4443900e-02
 MIN: Iter =   64  NFunc =  1345  E =    -185.61967  RMSG = 1.0753151e-02
 MIN: Iter =   65  NFunc =  1396  E =    -185.62042  RMSG = 1.2227554e-02
 MIN: Iter =   66  NFunc =  1447  E =    -185.62124  RMSG = 1.4984198e-02
 MIN: Iter =   67  NFunc =  1493  E =    -185.62194  RMSG = 1.0491490e-02
 MIN: Iter =   68  NFunc =  1538  E =    -185.62243  RMSG = 6.8633580e-03
 MIN: Iter =   69  NFunc =  1589  E =    -185.62293  RMSG = 1.0754158e-02
 MIN: Iter =   70  NFunc =  1612  E =    -185.62316  RMSG = 5.5598913e-03
 MIN: Iter =   71  NFunc =  1663  E =    -185.62348  RMSG = 9.5324934e-03
 MIN: Iter =   72  NFunc =  1711  E =    -185.62373  RMSG = 4.7169019e-03
 MIN: Iter =   73  NFunc =  1741  E =    -185.62377  RMSG = 2.3209960e-03
 MIN: Iter =   74  NFunc =  1792  E =    -185.62382  RMSG = 2.4801737e-03
 MIN: Iter =   75  NFunc =  1823  E =    -185.62385  RMSG = 2.1027029e-03
 MIN: Iter =   76  NFunc =  1861  E =    -185.62390  RMSG = 1.8546256e-03
 MIN: Iter =   77  NFunc =  1911  E =    -185.62393  RMSG = 1.2457275e-03
 MIN: Iter =   78  NFunc =  1962  E =    -185.62394  RMSG = 9.8326628e-04
 MIN: Iter =   79  NFunc =  2013  E =    -185.62395  RMSG = 8.6994980e-04
 MIN: Iter =   80  NFunc =  2045  E =    -185.62395  RMSG = 8.0864848e-04
 MIN: Iter =   81  NFunc =  2096  E =    -185.62396  RMSG = 8.2934312e-04
 MIN: Iter =   82  NFunc =  2115  E =    -185.62396  RMSG = 5.7211769e-04
 MIN: Iter =   83  NFunc =  2147  E =    -185.62396  RMSG = 3.9626283e-04
----------------------------------------------------------------
 END:          :-)  E =    -185.62396  RMSG =   0.0003963

     bond:      1.814186434
    angle:      8.709374741
 dihedral:     49.260341235
    enb14:      9.605560016
    eel14:   -183.881644651
      enb:     -8.718729804
      eel:     44.705992898
      egb:   -107.119045123
    econs:      0.000000000
    esurf:      0.000000000
    Total:   -185.623964255
     frms:      0.000396263
====== rms.dat  ======================================================
#Frame      all_heavy
       1       1.6030
