====== tleap.out =====================================================
-I: Adding /home/case/amber24/dat/leap/prep to search path.
-I: Adding /home/case/amber24/dat/leap/lib to search path.
-I: Adding /home/case/amber24/dat/leap/parm to search path.
-I: Adding /home/case/amber24/dat/leap/cmd to search path.
-f: Source leap.in.

Welcome to LEaP!
(no leaprc in search path)
Sourcing: ./leap.in
Using Bondi radii
----- Source: /home/case/amber24/dat/leap/cmd/leaprc.gaff2
----- Source of /home/case/amber24/dat/leap/cmd/leaprc.gaff2 done
Log file: ./leap.log
Loading parameters: /home/case/amber24/dat/leap/parm/gaff2.dat
Reading title:
AMBER General Force Field for organic molecules (Version 2.2.20, March 2021)
Loading parameters: ./N8R.frcmod
Reading force field modification type file (frcmod)
Reading title:
Remark line goes here
Loading Mol2 file: ./N8R.mol2
Reading MOLECULE named N8R
Checking Unit.
Building topology.
"order_residues" off: keep input residue order.
Building atom parameters.
Building bond parameters.
Building angle parameters.
Building proper torsion parameters.
Building improper torsion parameters.
 total 7 improper torsions applied
Building H-Bond parameters.
Incorporating Non-Bonded adjustments.
Not Marking per-residue atom chain types.
Marking per-residue atom chain types.
  (Residues lacking connect0/connect1 - 
   these don't have chain types marked:

	res	total affected

	N8R	1
  )
 (no restraints)
	Quit

Exiting LEaP: Errors = 0; Warnings = 0; Notes = 0.
====== min.o =========================================================
Reading parm file (N8R.parm7)
title:
N8R                                                                             
no velocities were found
no velocities were found
	mm_options:  ntpr=5
	mm_options:  gb=1
	mm_options:  kappa=0.10395
	mm_options:  rgbmax=99.
	mm_options:  cut=99.0
	mm_options:  wcons=0.
     bond:      0.995609173
    angle:      2.398673886
 dihedral:     17.559013305
    enb14:     11.212735130
    eel14:    -85.280222473
      enb:     -0.018376761
      eel:     54.881890199
      egb:    -12.557639854
    econs:      0.000000000
    esurf:      0.000000000
    Total:    -10.808317396
     frms:      5.757795796
Starting TNCG minimisation
 MIN: Iter =    0  NFunc =     1  E =     -10.80832  RMSG = 5.7577958e+00
 MIN: Iter =    1  NFunc =     7  E =     -14.50078  RMSG = 1.7059887e+00
 MIN: Iter =    2  NFunc =    20  E =     -16.26279  RMSG = 8.7899848e-01
 MIN: Iter =    3  NFunc =    28  E =     -16.51553  RMSG = 3.8181933e-01
 MIN: Iter =    4  NFunc =    59  E =     -16.97770  RMSG = 6.4733731e-01
 MIN: Iter =    5  NFunc =    76  E =     -17.23913  RMSG = 4.4657574e-01
 MIN: Iter =    6  NFunc =   115  E =     -17.50727  RMSG = 6.2179861e-01
 MIN: Iter =    7  NFunc =   122  E =     -17.66907  RMSG = 4.3117219e-01
 MIN: Iter =    8  NFunc =   137  E =     -17.87249  RMSG = 6.2820141e-01
 MIN: Iter =    9  NFunc =   147  E =     -18.04459  RMSG = 4.1438137e-01
 MIN: Iter =   10  NFunc =   154  E =     -18.15612  RMSG = 5.9798053e-01
 MIN: Iter =   11  NFunc =   162  E =     -18.26988  RMSG = 2.9691186e-01
 MIN: Iter =   12  NFunc =   190  E =     -18.48934  RMSG = 6.2530450e-01
 MIN: Iter =   13  NFunc =   204  E =     -18.73328  RMSG = 3.9230375e-01
 MIN: Iter =   14  NFunc =   255  E =     -18.94653  RMSG = 4.4419020e-01
 MIN: Iter =   15  NFunc =   276  E =     -19.16558  RMSG = 4.7403669e-01
 MIN: Iter =   16  NFunc =   290  E =     -19.38430  RMSG = 4.9340312e-01
 MIN: Iter =   17  NFunc =   297  E =     -19.59218  RMSG = 4.6518179e-01
 MIN: Iter =   18  NFunc =   303  E =     -19.77407  RMSG = 4.5413064e-01
 MIN: Iter =   19  NFunc =   309  E =     -19.92771  RMSG = 4.4641877e-01
 MIN: Iter =   20  NFunc =   315  E =     -20.08147  RMSG = 3.8602953e-01
 MIN: Iter =   21  NFunc =   321  E =     -20.20753  RMSG = 3.0696505e-01
 MIN: Iter =   22  NFunc =   327  E =     -20.30098  RMSG = 2.3557647e-01
 MIN: Iter =   23  NFunc =   334  E =     -20.36282  RMSG = 2.1176395e-01
 MIN: Iter =   24  NFunc =   359  E =     -20.49180  RMSG = 2.5343673e-01
 MIN: Iter =   25  NFunc =   375  E =     -20.57412  RMSG = 2.6818867e-01
 MIN: Iter =   26  NFunc =   395  E =     -20.63705  RMSG = 1.9675438e-01
 MIN: Iter =   27  NFunc =   409  E =     -20.67502  RMSG = 1.7647444e-01
 MIN: Iter =   28  NFunc =   418  E =     -20.68541  RMSG = 8.4528308e-02
 MIN: Iter =   29  NFunc =   447  E =     -20.71104  RMSG = 2.7154326e-01
 MIN: Iter =   30  NFunc =   453  E =     -20.71994  RMSG = 7.0035085e-02
 MIN: Iter =   31  NFunc =   488  E =     -20.73098  RMSG = 7.0487289e-02
 MIN: Iter =   32  NFunc =   509  E =     -20.73864  RMSG = 1.6220905e-01
 MIN: Iter =   33  NFunc =   515  E =     -20.74172  RMSG = 4.1709382e-02
 MIN: Iter =   34  NFunc =   527  E =     -20.74388  RMSG = 2.9420597e-02
 MIN: Iter =   35  NFunc =   542  E =     -20.74508  RMSG = 2.2097571e-02
 MIN: Iter =   36  NFunc =   580  E =     -20.74699  RMSG = 4.6248345e-02
 MIN: Iter =   37  NFunc =   586  E =     -20.74726  RMSG = 1.5260767e-02
 MIN: Iter =   38  NFunc =   622  E =     -20.74819  RMSG = 1.2076014e-02
 MIN: Iter =   39  NFunc =   635  E =     -20.74840  RMSG = 8.3435266e-03
 MIN: Iter =   40  NFunc =   665  E =     -20.74859  RMSG = 5.5055280e-03
 MIN: Iter =   41  NFunc =   716  E =     -20.74871  RMSG = 4.7480384e-03
 MIN: Iter =   42  NFunc =   740  E =     -20.74876  RMSG = 2.6582326e-03
 MIN: Iter =   43  NFunc =   791  E =     -20.74882  RMSG = 3.7235410e-03
 MIN: Iter =   44  NFunc =   804  E =     -20.74884  RMSG = 2.4923372e-03
 MIN: Iter =   45  NFunc =   848  E =     -20.74886  RMSG = 1.2478766e-03
 MIN: Iter =   46  NFunc =   866  E =     -20.74886  RMSG = 9.7075015e-04
 MIN: Iter =   47  NFunc =   892  E =     -20.74886  RMSG = 6.7484815e-04
 MIN: Iter =   48  NFunc =   921  E =     -20.74887  RMSG = 3.9169119e-04
----------------------------------------------------------------
 END:          :-)  E =     -20.74887  RMSG =   0.0003917

     bond:      0.979330740
    angle:      2.012426802
 dihedral:     17.102682196
    enb14:      7.576461222
    eel14:    -86.382141365
      enb:     -4.817093794
      eel:     55.317599881
      egb:    -12.538131159
    econs:      0.000000000
    esurf:      0.000000000
    Total:    -20.748865477
     frms:      0.000391691
====== rms.dat  ======================================================
#Frame      all_heavy
       1       1.4383
