====== tleap.out =====================================================
-I: Adding /home/case/amber24/dat/leap/prep to search path.
-I: Adding /home/case/amber24/dat/leap/lib to search path.
-I: Adding /home/case/amber24/dat/leap/parm to search path.
-I: Adding /home/case/amber24/dat/leap/cmd to search path.
-f: Source leap.in.

Welcome to LEaP!
(no leaprc in search path)
Sourcing: ./leap.in
Using Bondi radii
----- Source: /home/case/amber24/dat/leap/cmd/leaprc.gaff2
----- Source of /home/case/amber24/dat/leap/cmd/leaprc.gaff2 done
Log file: ./leap.log
Loading parameters: /home/case/amber24/dat/leap/parm/gaff2.dat
Reading title:
AMBER General Force Field for organic molecules (Version 2.2.20, March 2021)
Loading parameters: ./N9G.frcmod
Reading force field modification type file (frcmod)
Reading title:
Remark line goes here
Loading Mol2 file: ./N9G.mol2
Reading MOLECULE named N9G
Checking Unit.
Building topology.
"order_residues" off: keep input residue order.
Building atom parameters.
Building bond parameters.
Building angle parameters.
Building proper torsion parameters.

/home/case/amber24/bin/teLeap: Note.
1-4: angle 9 25 duplicates bond ('triangular' bond) or angle ('square' bond)


/home/case/amber24/bin/teLeap: Note.
1-4: angle 9 24 duplicates bond ('triangular' bond) or angle ('square' bond)


/home/case/amber24/bin/teLeap: Note.
1-4: angle 24 25 duplicates bond ('triangular' bond) or angle ('square' bond)

Building improper torsion parameters.
 total 15 improper torsions applied
Building H-Bond parameters.
Incorporating Non-Bonded adjustments.
Not Marking per-residue atom chain types.
Marking per-residue atom chain types.
  (Residues lacking connect0/connect1 - 
   these don't have chain types marked:

	res	total affected

	N9G	1
  )
 (no restraints)
	Quit

Exiting LEaP: Errors = 0; Warnings = 0; Notes = 3.
====== min.o =========================================================
Reading parm file (N9G.parm7)
title:
N9G                                                                             
no velocities were found
no velocities were found
	mm_options:  ntpr=5
	mm_options:  gb=1
	mm_options:  kappa=0.10395
	mm_options:  rgbmax=99.
	mm_options:  cut=99.0
	mm_options:  wcons=0.
     bond:      3.367791059
    angle:     13.064762336
 dihedral:     65.874022674
    enb14:     16.114521997
    eel14:   -485.089802077
      enb:      0.984636447
      eel:    251.565548188
      egb:    -40.483992910
    econs:      0.000000000
    esurf:      0.000000000
    Total:   -174.602512286
     frms:     12.641159011
Starting TNCG minimisation
 MIN: Iter =    0  NFunc =     1  E =    -174.60251  RMSG = 1.2641159e+01
 MIN: Iter =    1  NFunc =     7  E =    -187.48738  RMSG = 3.5081058e+00
 MIN: Iter =    2  NFunc =    18  E =    -191.28133  RMSG = 1.2585121e+00
 MIN: Iter =    3  NFunc =    29  E =    -192.08550  RMSG = 9.4707434e-01
 MIN: Iter =    4  NFunc =    60  E =    -192.81685  RMSG = 1.1116033e+00
 MIN: Iter =    5  NFunc =    66  E =    -193.15644  RMSG = 7.4182007e-01
 MIN: Iter =    6  NFunc =    77  E =    -193.52514  RMSG = 8.1117100e-01
 MIN: Iter =    7  NFunc =    83  E =    -193.63062  RMSG = 3.5447242e-01
 MIN: Iter =    8  NFunc =   120  E =    -193.82218  RMSG = 3.1119728e-01
 MIN: Iter =    9  NFunc =   126  E =    -193.83901  RMSG = 1.1110531e-01
 MIN: Iter =   10  NFunc =   177  E =    -193.89684  RMSG = 1.7738917e-01
 MIN: Iter =   11  NFunc =   184  E =    -193.90266  RMSG = 6.1496522e-02
 MIN: Iter =   12  NFunc =   205  E =    -193.91869  RMSG = 7.1807520e-02
 MIN: Iter =   13  NFunc =   256  E =    -193.95462  RMSG = 1.3656304e-01
 MIN: Iter =   14  NFunc =   273  E =    -193.96783  RMSG = 6.5078520e-02
 MIN: Iter =   15  NFunc =   307  E =    -193.98063  RMSG = 1.0922770e-01
 MIN: Iter =   16  NFunc =   321  E =    -193.98539  RMSG = 4.1853070e-02
 MIN: Iter =   17  NFunc =   338  E =    -193.98829  RMSG = 3.5470247e-02
 MIN: Iter =   18  NFunc =   370  E =    -193.99124  RMSG = 2.4456399e-02
 MIN: Iter =   19  NFunc =   409  E =    -193.99237  RMSG = 1.1766440e-02
 MIN: Iter =   20  NFunc =   440  E =    -193.99297  RMSG = 1.2247258e-02
 MIN: Iter =   21  NFunc =   468  E =    -193.99322  RMSG = 5.7906611e-03
 MIN: Iter =   22  NFunc =   479  E =    -193.99324  RMSG = 3.2264977e-03
 MIN: Iter =   23  NFunc =   503  E =    -193.99325  RMSG = 1.9671291e-03
 MIN: Iter =   24  NFunc =   522  E =    -193.99326  RMSG = 1.1416512e-03
 MIN: Iter =   25  NFunc =   552  E =    -193.99327  RMSG = 9.0161511e-04
 MIN: Iter =   26  NFunc =   600  E =    -193.99327  RMSG = 6.6073592e-04
 MIN: Iter =   27  NFunc =   640  E =    -193.99327  RMSG = 4.3252392e-04
----------------------------------------------------------------
 END:          :-)  E =    -193.99327  RMSG =   0.0004325

     bond:      1.486926367
    angle:      5.575230983
 dihedral:     66.909125493
    enb14:     12.173100544
    eel14:   -482.581839757
      enb:     -3.426510835
      eel:    247.403684486
      egb:    -41.532988803
    econs:      0.000000000
    esurf:      0.000000000
    Total:   -193.993271522
     frms:      0.000432524
====== rms.dat  ======================================================
#Frame      all_heavy
       1       0.3431
