====== tleap.out =====================================================
-I: Adding /home/case/amber24/dat/leap/prep to search path.
-I: Adding /home/case/amber24/dat/leap/lib to search path.
-I: Adding /home/case/amber24/dat/leap/parm to search path.
-I: Adding /home/case/amber24/dat/leap/cmd to search path.
-f: Source leap.in.

Welcome to LEaP!
(no leaprc in search path)
Sourcing: ./leap.in
Using Bondi radii
----- Source: /home/case/amber24/dat/leap/cmd/leaprc.gaff2
----- Source of /home/case/amber24/dat/leap/cmd/leaprc.gaff2 done
Log file: ./leap.log
Loading parameters: /home/case/amber24/dat/leap/parm/gaff2.dat
Reading title:
AMBER General Force Field for organic molecules (Version 2.2.20, March 2021)
Loading parameters: ./NAJ.frcmod
Reading force field modification type file (frcmod)
Reading title:
Remark line goes here
Loading Mol2 file: ./NAJ.mol2
Reading MOLECULE named NAJ
Checking Unit.
Building topology.
"order_residues" off: keep input residue order.
Building atom parameters.
Building bond parameters.
Building angle parameters.
Building proper torsion parameters.
Building improper torsion parameters.
 total 16 improper torsions applied
Building H-Bond parameters.
Incorporating Non-Bonded adjustments.
Not Marking per-residue atom chain types.
Marking per-residue atom chain types.
  (Residues lacking connect0/connect1 - 
   these don't have chain types marked:

	res	total affected

	NAJ	1
  )
 (no restraints)
	Quit

Exiting LEaP: Errors = 0; Warnings = 0; Notes = 0.
====== min.o =========================================================
Reading parm file (NAJ.parm7)
title:
NAJ                                                                             
no velocities were found
no velocities were found
	mm_options:  ntpr=5
	mm_options:  gb=1
	mm_options:  kappa=0.10395
	mm_options:  rgbmax=99.
	mm_options:  cut=99.0
	mm_options:  wcons=0.
     bond:     10.765427942
    angle:     58.605785160
 dihedral:     85.901111415
    enb14:     18.475681351
    eel14:   -548.227091347
      enb:     -8.146032438
      eel:    124.966543158
      egb:   -142.316808625
    econs:      0.000000000
    esurf:      0.000000000
    Total:   -399.975383384
     frms:     20.024460732
Starting TNCG minimisation
 MIN: Iter =    0  NFunc =     1  E =    -399.97538  RMSG = 2.0024461e+01
 MIN: Iter =    1  NFunc =     7  E =    -441.02514  RMSG = 3.9442962e+00
 MIN: Iter =    2  NFunc =    16  E =    -449.20844  RMSG = 2.1556682e+00
 MIN: Iter =    3  NFunc =    37  E =    -450.13377  RMSG = 2.5114848e+00
 MIN: Iter =    4  NFunc =    46  E =    -452.36992  RMSG = 1.2289644e+00
 MIN: Iter =    5  NFunc =    69  E =    -453.95768  RMSG = 1.1036321e+00
 MIN: Iter =    6  NFunc =    81  E =    -454.59985  RMSG = 6.5413572e-01
 MIN: Iter =    7  NFunc =    94  E =    -454.94771  RMSG = 4.6559259e-01
 MIN: Iter =    8  NFunc =   143  E =    -455.25843  RMSG = 1.2935435e+00
 MIN: Iter =    9  NFunc =   149  E =    -455.41169  RMSG = 2.1687636e-01
 MIN: Iter =   10  NFunc =   192  E =    -455.56408  RMSG = 4.5789656e-01
 MIN: Iter =   11  NFunc =   202  E =    -455.66711  RMSG = 2.5720341e-01
 MIN: Iter =   12  NFunc =   234  E =    -455.80731  RMSG = 4.2488786e-01
 MIN: Iter =   13  NFunc =   245  E =    -455.90900  RMSG = 2.4581462e-01
 MIN: Iter =   14  NFunc =   270  E =    -456.02940  RMSG = 4.3914572e-01
 MIN: Iter =   15  NFunc =   281  E =    -456.15567  RMSG = 3.9155847e-01
 MIN: Iter =   16  NFunc =   287  E =    -456.24331  RMSG = 3.4981276e-01
 MIN: Iter =   17  NFunc =   303  E =    -456.35956  RMSG = 4.1299202e-01
 MIN: Iter =   18  NFunc =   313  E =    -456.48334  RMSG = 3.8407014e-01
 MIN: Iter =   19  NFunc =   319  E =    -456.58876  RMSG = 3.9356499e-01
 MIN: Iter =   20  NFunc =   325  E =    -456.70952  RMSG = 4.5283965e-01
 MIN: Iter =   21  NFunc =   331  E =    -456.84813  RMSG = 4.4304143e-01
 MIN: Iter =   22  NFunc =   382  E =    -457.19753  RMSG = 8.4365045e-01
 MIN: Iter =   23  NFunc =   392  E =    -457.50843  RMSG = 3.5778847e-01
 MIN: Iter =   24  NFunc =   416  E =    -457.82863  RMSG = 6.0318877e-01
 MIN: Iter =   25  NFunc =   454  E =    -458.12486  RMSG = 6.2897361e-01
 MIN: Iter =   26  NFunc =   474  E =    -458.33383  RMSG = 5.6677997e-01
 MIN: Iter =   27  NFunc =   525  E =    -458.57258  RMSG = 1.0715582e+00
 MIN: Iter =   28  NFunc =   532  E =    -458.90783  RMSG = 6.1005706e-01
 MIN: Iter =   29  NFunc =   541  E =    -459.20491  RMSG = 8.3977022e-01
 MIN: Iter =   30  NFunc =   548  E =    -459.41504  RMSG = 3.1991787e-01
 MIN: Iter =   31  NFunc =   599  E =    -459.71335  RMSG = 4.2657526e-01
 MIN: Iter =   32  NFunc =   608  E =    -459.95774  RMSG = 5.3371393e-01
 MIN: Iter =   33  NFunc =   623  E =    -460.20331  RMSG = 5.7454890e-01
 MIN: Iter =   34  NFunc =   630  E =    -460.43361  RMSG = 4.2721488e-01
 MIN: Iter =   35  NFunc =   646  E =    -460.67321  RMSG = 4.9191337e-01
 MIN: Iter =   36  NFunc =   655  E =    -460.88669  RMSG = 5.1228714e-01
 MIN: Iter =   37  NFunc =   687  E =    -461.20840  RMSG = 7.2334816e-01
 MIN: Iter =   38  NFunc =   704  E =    -461.63833  RMSG = 8.6689382e-01
 MIN: Iter =   39  NFunc =   713  E =    -462.04647  RMSG = 7.2764016e-01
 MIN: Iter =   40  NFunc =   719  E =    -462.30349  RMSG = 4.1545330e-01
 MIN: Iter =   41  NFunc =   770  E =    -462.63950  RMSG = 5.3726381e-01
 MIN: Iter =   42  NFunc =   785  E =    -462.89456  RMSG = 5.2722471e-01
 MIN: Iter =   43  NFunc =   797  E =    -463.15623  RMSG = 5.3735623e-01
 MIN: Iter =   44  NFunc =   804  E =    -463.32788  RMSG = 4.4223171e-01
 MIN: Iter =   45  NFunc =   810  E =    -463.42182  RMSG = 2.5618571e-01
 MIN: Iter =   46  NFunc =   822  E =    -463.49534  RMSG = 1.5173126e-01
 MIN: Iter =   47  NFunc =   873  E =    -463.63344  RMSG = 3.1506326e-01
 MIN: Iter =   48  NFunc =   880  E =    -463.66901  RMSG = 1.4387928e-01
 MIN: Iter =   49  NFunc =   931  E =    -463.78496  RMSG = 2.9526857e-01
 MIN: Iter =   50  NFunc =   959  E =    -463.91931  RMSG = 3.8290589e-01
 MIN: Iter =   51  NFunc =   973  E =    -464.04519  RMSG = 2.6041802e-01
 MIN: Iter =   52  NFunc =  1011  E =    -464.18187  RMSG = 3.7666231e-01
 MIN: Iter =   53  NFunc =  1022  E =    -464.28403  RMSG = 5.1719831e-01
 MIN: Iter =   54  NFunc =  1034  E =    -464.39250  RMSG = 4.2940902e-01
 MIN: Iter =   55  NFunc =  1043  E =    -464.45877  RMSG = 1.7767197e-01
 MIN: Iter =   56  NFunc =  1068  E =    -464.53137  RMSG = 2.4948801e-01
 MIN: Iter =   57  NFunc =  1086  E =    -464.59502  RMSG = 1.9327825e-01
 MIN: Iter =   58  NFunc =  1098  E =    -464.63848  RMSG = 1.8721513e-01
 MIN: Iter =   59  NFunc =  1108  E =    -464.66137  RMSG = 1.0907302e-01
 MIN: Iter =   60  NFunc =  1152  E =    -464.70734  RMSG = 2.5980561e-01
 MIN: Iter =   61  NFunc =  1159  E =    -464.71960  RMSG = 8.2013390e-02
 MIN: Iter =   62  NFunc =  1199  E =    -464.75477  RMSG = 3.0306949e-01
 MIN: Iter =   63  NFunc =  1205  E =    -464.77473  RMSG = 9.8257951e-02
 MIN: Iter =   64  NFunc =  1225  E =    -464.78755  RMSG = 1.3876376e-01
 MIN: Iter =   65  NFunc =  1232  E =    -464.79171  RMSG = 4.5603623e-02
 MIN: Iter =   66  NFunc =  1256  E =    -464.79959  RMSG = 8.1507036e-02
 MIN: Iter =   67  NFunc =  1263  E =    -464.80144  RMSG = 3.1183385e-02
 MIN: Iter =   68  NFunc =  1299  E =    -464.80881  RMSG = 1.1830773e-01
 MIN: Iter =   69  NFunc =  1305  E =    -464.81145  RMSG = 2.9294298e-02
 MIN: Iter =   70  NFunc =  1356  E =    -464.82043  RMSG = 7.2008757e-02
 MIN: Iter =   71  NFunc =  1401  E =    -464.82770  RMSG = 4.2679757e-02
 MIN: Iter =   72  NFunc =  1445  E =    -464.83201  RMSG = 4.8193325e-02
 MIN: Iter =   73  NFunc =  1496  E =    -464.83748  RMSG = 4.6952013e-02
 MIN: Iter =   74  NFunc =  1547  E =    -464.84908  RMSG = 7.5719578e-02
 MIN: Iter =   75  NFunc =  1598  E =    -464.86173  RMSG = 9.4059531e-02
 MIN: Iter =   76  NFunc =  1626  E =    -464.87699  RMSG = 1.1748414e-01
 MIN: Iter =   77  NFunc =  1641  E =    -464.88848  RMSG = 7.3692761e-02
 MIN: Iter =   78  NFunc =  1655  E =    -464.89865  RMSG = 9.6028080e-02
 MIN: Iter =   79  NFunc =  1668  E =    -464.90545  RMSG = 4.4233763e-02
 MIN: Iter =   80  NFunc =  1719  E =    -464.91916  RMSG = 7.9619213e-02
 MIN: Iter =   81  NFunc =  1728  E =    -464.92301  RMSG = 4.4515046e-02
 MIN: Iter =   82  NFunc =  1751  E =    -464.93194  RMSG = 6.7009915e-02
 MIN: Iter =   83  NFunc =  1765  E =    -464.93711  RMSG = 4.2056883e-02
 MIN: Iter =   84  NFunc =  1816  E =    -464.94974  RMSG = 1.3737458e-01
 MIN: Iter =   85  NFunc =  1822  E =    -464.95345  RMSG = 4.4631424e-02
 MIN: Iter =   86  NFunc =  1873  E =    -464.96421  RMSG = 2.6283019e-01
 MIN: Iter =   87  NFunc =  1879  E =    -464.97153  RMSG = 7.4713375e-02
 MIN: Iter =   88  NFunc =  1892  E =    -464.98074  RMSG = 8.7101459e-02
 MIN: Iter =   89  NFunc =  1903  E =    -464.98466  RMSG = 3.4624179e-02
 MIN: Iter =   90  NFunc =  1954  E =    -464.99386  RMSG = 2.1544547e-01
 MIN: Iter =   91  NFunc =  1960  E =    -465.00247  RMSG = 7.0593831e-02
 MIN: Iter =   92  NFunc =  1989  E =    -465.00949  RMSG = 6.2416665e-02
 MIN: Iter =   93  NFunc =  2003  E =    -465.01611  RMSG = 9.0842724e-02
 MIN: Iter =   94  NFunc =  2012  E =    -465.02142  RMSG = 6.2887675e-02
 MIN: Iter =   95  NFunc =  2024  E =    -465.02579  RMSG = 7.8278946e-02
 MIN: Iter =   96  NFunc =  2041  E =    -465.03271  RMSG = 2.4790243e-01
 MIN: Iter =   97  NFunc =  2048  E =    -465.05321  RMSG = 1.2612910e-01
 MIN: Iter =   98  NFunc =  2060  E =    -465.07438  RMSG = 3.0539912e-01
 MIN: Iter =   99  NFunc =  2068  E =    -465.11956  RMSG = 1.4780120e-01
 MIN: Iter =  100  NFunc =  2081  E =    -465.16237  RMSG = 3.4035854e-01
----------------------------------------------------------------
 END:          :-)  E =    -465.16237  RMSG =   0.3403585

     bond:      8.086171784
    angle:     45.347318260
 dihedral:     68.858742525
    enb14:     13.983494927
    eel14:   -587.184271257
      enb:    -14.069035137
      eel:    165.304046317
      egb:   -165.488837950
    econs:      0.000000000
    esurf:      0.000000000
    Total:   -465.162370532
     frms:      0.340358541
====== rms.dat  ======================================================
#Frame      all_heavy
       1       1.7770
