====== tleap.out =====================================================
-I: Adding /home/case/amber24/dat/leap/prep to search path.
-I: Adding /home/case/amber24/dat/leap/lib to search path.
-I: Adding /home/case/amber24/dat/leap/parm to search path.
-I: Adding /home/case/amber24/dat/leap/cmd to search path.
-f: Source leap.in.

Welcome to LEaP!
(no leaprc in search path)
Sourcing: ./leap.in
Using Bondi radii
----- Source: /home/case/amber24/dat/leap/cmd/leaprc.gaff2
----- Source of /home/case/amber24/dat/leap/cmd/leaprc.gaff2 done
Log file: ./leap.log
Loading parameters: /home/case/amber24/dat/leap/parm/gaff2.dat
Reading title:
AMBER General Force Field for organic molecules (Version 2.2.20, March 2021)
Loading parameters: ./NH1.frcmod
Reading force field modification type file (frcmod)
Reading title:
Remark line goes here
Loading Mol2 file: ./NH1.mol2
Reading MOLECULE named NH1
Checking Unit.
Building topology.
"order_residues" off: keep input residue order.
Building atom parameters.
Building bond parameters.
Building angle parameters.
Building proper torsion parameters.
Building improper torsion parameters.
 total 16 improper torsions applied
Building H-Bond parameters.
Incorporating Non-Bonded adjustments.
Not Marking per-residue atom chain types.
Marking per-residue atom chain types.
  (Residues lacking connect0/connect1 - 
   these don't have chain types marked:

	res	total affected

	NH1	1
  )
 (no restraints)
	Quit

Exiting LEaP: Errors = 0; Warnings = 0; Notes = 0.
====== min.o =========================================================
Reading parm file (NH1.parm7)
title:
NH1                                                                             
no velocities were found
no velocities were found
	mm_options:  ntpr=5
	mm_options:  gb=1
	mm_options:  kappa=0.10395
	mm_options:  rgbmax=99.
	mm_options:  cut=99.0
	mm_options:  wcons=0.
     bond:      2.378567507
    angle:     10.768819889
 dihedral:     31.513244965
    enb14:     19.567185214
    eel14:   -186.540743709
      enb:      1.247851764
      eel:     70.171500733
      egb:    -27.455889887
    econs:      0.000000000
    esurf:      0.000000000
    Total:    -78.349463522
     frms:      8.785194528
Starting TNCG minimisation
 MIN: Iter =    0  NFunc =     1  E =     -78.34946  RMSG = 8.7851945e+00
 MIN: Iter =    1  NFunc =     7  E =     -89.37376  RMSG = 2.0920013e+00
 MIN: Iter =    2  NFunc =    16  E =     -92.25290  RMSG = 1.1908847e+00
 MIN: Iter =    3  NFunc =    26  E =     -93.28281  RMSG = 6.9202043e-01
 MIN: Iter =    4  NFunc =    40  E =     -93.60797  RMSG = 2.6731763e-01
 MIN: Iter =    5  NFunc =    91  E =     -93.93021  RMSG = 4.9313754e-01
 MIN: Iter =    6  NFunc =    99  E =     -93.99604  RMSG = 1.6219467e-01
 MIN: Iter =    7  NFunc =   131  E =     -94.11931  RMSG = 4.9475219e-01
 MIN: Iter =    8  NFunc =   137  E =     -94.16454  RMSG = 1.4904123e-01
 MIN: Iter =    9  NFunc =   159  E =     -94.22951  RMSG = 5.1926082e-01
 MIN: Iter =   10  NFunc =   165  E =     -94.27907  RMSG = 1.3616342e-01
 MIN: Iter =   11  NFunc =   202  E =     -94.32966  RMSG = 5.6714384e-01
 MIN: Iter =   12  NFunc =   209  E =     -94.39354  RMSG = 1.4283991e-01
 MIN: Iter =   13  NFunc =   230  E =     -94.44872  RMSG = 5.4913349e-01
 MIN: Iter =   14  NFunc =   236  E =     -94.52115  RMSG = 1.8507226e-01
 MIN: Iter =   15  NFunc =   246  E =     -94.56421  RMSG = 2.1555847e-01
 MIN: Iter =   16  NFunc =   253  E =     -94.60625  RMSG = 3.1727868e-01
 MIN: Iter =   17  NFunc =   259  E =     -94.63638  RMSG = 1.2292899e-01
 MIN: Iter =   18  NFunc =   270  E =     -94.65431  RMSG = 2.0196771e-01
 MIN: Iter =   19  NFunc =   290  E =     -94.68927  RMSG = 9.9454882e-02
 MIN: Iter =   20  NFunc =   325  E =     -94.71897  RMSG = 2.8142586e-01
 MIN: Iter =   21  NFunc =   331  E =     -94.73128  RMSG = 5.4041222e-02
 MIN: Iter =   22  NFunc =   364  E =     -94.74357  RMSG = 5.3292539e-02
 MIN: Iter =   23  NFunc =   408  E =     -94.74975  RMSG = 3.1084024e-02
 MIN: Iter =   24  NFunc =   459  E =     -94.75338  RMSG = 3.3312914e-02
 MIN: Iter =   25  NFunc =   510  E =     -94.75770  RMSG = 1.2139838e-01
 MIN: Iter =   26  NFunc =   516  E =     -94.76051  RMSG = 3.1357766e-02
 MIN: Iter =   27  NFunc =   553  E =     -94.76441  RMSG = 5.5525657e-02
 MIN: Iter =   28  NFunc =   559  E =     -94.76495  RMSG = 1.7598093e-02
 MIN: Iter =   29  NFunc =   577  E =     -94.76551  RMSG = 9.7707927e-03
 MIN: Iter =   30  NFunc =   621  E =     -94.76620  RMSG = 7.4411291e-03
 MIN: Iter =   31  NFunc =   672  E =     -94.76677  RMSG = 6.2642092e-03
 MIN: Iter =   32  NFunc =   702  E =     -94.76693  RMSG = 4.0047844e-03
 MIN: Iter =   33  NFunc =   724  E =     -94.76696  RMSG = 2.3837163e-03
 MIN: Iter =   34  NFunc =   769  E =     -94.76700  RMSG = 1.6690296e-03
 MIN: Iter =   35  NFunc =   803  E =     -94.76702  RMSG = 1.3342510e-03
 MIN: Iter =   36  NFunc =   848  E =     -94.76704  RMSG = 1.0930664e-03
 MIN: Iter =   37  NFunc =   866  E =     -94.76704  RMSG = 7.0253716e-04
 MIN: Iter =   38  NFunc =   905  E =     -94.76704  RMSG = 6.9255674e-04
 MIN: Iter =   39  NFunc =   936  E =     -94.76705  RMSG = 5.0285254e-04
 MIN: Iter =   40  NFunc =   976  E =     -94.76705  RMSG = 4.0325012e-04
----------------------------------------------------------------
 END:          :-)  E =     -94.76705  RMSG =   0.0004033

     bond:      3.567309426
    angle:      8.276528362
 dihedral:     26.173500283
    enb14:     14.639477743
    eel14:   -185.988491238
      enb:     -4.263092068
      eel:     70.206275897
      egb:    -27.378557640
    econs:      0.000000000
    esurf:      0.000000000
    Total:    -94.767049236
     frms:      0.000403250
====== rms.dat  ======================================================
#Frame      all_heavy
       1       0.3119
