====== tleap.out =====================================================
-I: Adding /home/case/amber24/dat/leap/prep to search path.
-I: Adding /home/case/amber24/dat/leap/lib to search path.
-I: Adding /home/case/amber24/dat/leap/parm to search path.
-I: Adding /home/case/amber24/dat/leap/cmd to search path.
-f: Source leap.in.

Welcome to LEaP!
(no leaprc in search path)
Sourcing: ./leap.in
Using Bondi radii
----- Source: /home/case/amber24/dat/leap/cmd/leaprc.gaff2
----- Source of /home/case/amber24/dat/leap/cmd/leaprc.gaff2 done
Log file: ./leap.log
Loading parameters: /home/case/amber24/dat/leap/parm/gaff2.dat
Reading title:
AMBER General Force Field for organic molecules (Version 2.2.20, March 2021)
Loading parameters: ./NIE.frcmod
Reading force field modification type file (frcmod)
Reading title:
Remark line goes here
Loading Mol2 file: ./NIE.mol2
Reading MOLECULE named NIE
Checking Unit.
Building topology.
"order_residues" off: keep input residue order.
Building atom parameters.
Building bond parameters.
Building angle parameters.
Building proper torsion parameters.
Building improper torsion parameters.
 total 1 improper torsion applied
Building H-Bond parameters.
Incorporating Non-Bonded adjustments.
Not Marking per-residue atom chain types.
Marking per-residue atom chain types.
  (Residues lacking connect0/connect1 - 
   these don't have chain types marked:

	res	total affected

	NIE	1
  )
 (no restraints)
	Quit

Exiting LEaP: Errors = 0; Warnings = 0; Notes = 0.
====== min.o =========================================================
Reading parm file (NIE.parm7)
title:
NIE                                                                             
no velocities were found
no velocities were found
	mm_options:  ntpr=5
	mm_options:  gb=1
	mm_options:  kappa=0.10395
	mm_options:  rgbmax=99.
	mm_options:  cut=99.0
	mm_options:  wcons=0.
     bond:      0.896328793
    angle:      0.996355618
 dihedral:      0.005604255
    enb14:      1.415479259
    eel14:      5.723372388
      enb:      0.019448906
      eel:    -14.018472718
      egb:     -8.701246007
    econs:      0.000000000
    esurf:      0.000000000
    Total:    -13.663129506
     frms:      8.069025141
Starting TNCG minimisation
 MIN: Iter =    0  NFunc =     1  E =     -13.66313  RMSG = 8.0690251e+00
 MIN: Iter =    1  NFunc =     7  E =     -15.66393  RMSG = 1.0707020e+00
 MIN: Iter =    2  NFunc =    13  E =     -15.69776  RMSG = 1.5058480e-01
 MIN: Iter =    3  NFunc =    19  E =     -15.70023  RMSG = 9.6040805e-02
 MIN: Iter =    4  NFunc =    29  E =     -15.70963  RMSG = 4.6673781e-01
 MIN: Iter =    5  NFunc =    42  E =     -15.73732  RMSG = 7.1884745e-01
 MIN: Iter =    6  NFunc =    63  E =     -15.76594  RMSG = 8.0906841e-01
 MIN: Iter =    7  NFunc =    70  E =     -15.81268  RMSG = 9.5698145e-01
 MIN: Iter =    8  NFunc =    76  E =     -15.88549  RMSG = 2.3211259e+00
 MIN: Iter =    9  NFunc =    82  E =     -16.07139  RMSG = 5.6425162e-01
 MIN: Iter =   10  NFunc =    88  E =     -16.14890  RMSG = 2.1787012e+00
 MIN: Iter =   11  NFunc =    94  E =     -16.32191  RMSG = 5.1929922e-01
 MIN: Iter =   12  NFunc =   101  E =     -16.38798  RMSG = 8.1297623e-01
 MIN: Iter =   13  NFunc =   107  E =     -16.46008  RMSG = 2.1099771e+00
 MIN: Iter =   14  NFunc =   113  E =     -16.58733  RMSG = 3.2059935e-01
 MIN: Iter =   15  NFunc =   120  E =     -16.63300  RMSG = 8.0730654e-01
 MIN: Iter =   16  NFunc =   126  E =     -16.67434  RMSG = 6.5514779e-01
 MIN: Iter =   17  NFunc =   132  E =     -16.69499  RMSG = 2.7900821e-01
 MIN: Iter =   18  NFunc =   138  E =     -16.70288  RMSG = 1.7897037e-01
 MIN: Iter =   19  NFunc =   144  E =     -16.70527  RMSG = 7.5438650e-02
 MIN: Iter =   20  NFunc =   150  E =     -16.70560  RMSG = 2.4732424e-02
 MIN: Iter =   21  NFunc =   160  E =     -16.70584  RMSG = 1.1355353e-02
 MIN: Iter =   22  NFunc =   166  E =     -16.70585  RMSG = 2.9748981e-03
 MIN: Iter =   23  NFunc =   176  E =     -16.70585  RMSG = 1.3779232e-03
 MIN: Iter =   24  NFunc =   182  E =     -16.70585  RMSG = 3.7324995e-04
----------------------------------------------------------------
 END:          :-)  E =     -16.70585  RMSG =   0.0003732

     bond:      0.057842273
    angle:      0.298005950
 dihedral:      0.002936517
    enb14:      0.297519877
    eel14:      5.568595887
      enb:     -0.218328733
      eel:    -13.577174071
      egb:     -9.135247777
    econs:      0.000000000
    esurf:      0.000000000
    Total:    -16.705850077
     frms:      0.000373250
====== rms.dat  ======================================================
#Frame      all_heavy
       1       0.4962
