====== tleap.out =====================================================
-I: Adding /home/case/amber24/dat/leap/prep to search path.
-I: Adding /home/case/amber24/dat/leap/lib to search path.
-I: Adding /home/case/amber24/dat/leap/parm to search path.
-I: Adding /home/case/amber24/dat/leap/cmd to search path.
-f: Source leap.in.

Welcome to LEaP!
(no leaprc in search path)
Sourcing: ./leap.in
Using Bondi radii
----- Source: /home/case/amber24/dat/leap/cmd/leaprc.gaff2
----- Source of /home/case/amber24/dat/leap/cmd/leaprc.gaff2 done
Log file: ./leap.log
Loading parameters: /home/case/amber24/dat/leap/parm/gaff2.dat
Reading title:
AMBER General Force Field for organic molecules (Version 2.2.20, March 2021)
Loading parameters: ./NIO.frcmod
Reading force field modification type file (frcmod)
Reading title:
Remark line goes here
Loading Mol2 file: ./NIO.mol2
Reading MOLECULE named NIO
Checking Unit.

/home/case/amber24/bin/teLeap: Warning!
The unperturbed charge of the unit (-1.001000) is not zero.

/home/case/amber24/bin/teLeap: Note.
Ignoring the warning from Unit Checking.

Building topology.
"order_residues" off: keep input residue order.
Building atom parameters.
Building bond parameters.
Building angle parameters.
Building proper torsion parameters.
Building improper torsion parameters.
 total 6 improper torsions applied
Building H-Bond parameters.
Incorporating Non-Bonded adjustments.
Not Marking per-residue atom chain types.
Marking per-residue atom chain types.
  (Residues lacking connect0/connect1 - 
   these don't have chain types marked:

	res	total affected

	NIO	1
  )
 (no restraints)
	Quit

Exiting LEaP: Errors = 0; Warnings = 1; Notes = 1.
====== min.o =========================================================
Reading parm file (NIO.parm7)
title:
NIO                                                                             
no velocities were found
no velocities were found
	mm_options:  ntpr=5
	mm_options:  gb=1
	mm_options:  kappa=0.10395
	mm_options:  rgbmax=99.
	mm_options:  cut=99.0
	mm_options:  wcons=0.
     bond:      1.314884077
    angle:      2.483796577
 dihedral:      0.000177060
    enb14:      5.210974557
    eel14:    -78.463908417
      enb:      0.281397276
      eel:     53.458991174
      egb:    -73.763147720
    econs:      0.000000000
    esurf:      0.000000000
    Total:    -89.476835418
     frms:     10.603669302
Starting TNCG minimisation
 MIN: Iter =    0  NFunc =     1  E =     -89.47684  RMSG = 1.0603669e+01
 MIN: Iter =    1  NFunc =     7  E =     -92.29415  RMSG = 9.5484111e-01
 MIN: Iter =    2  NFunc =    13  E =     -92.33371  RMSG = 2.1540386e-01
 MIN: Iter =    3  NFunc =    19  E =     -92.33750  RMSG = 6.4369882e-02
 MIN: Iter =    4  NFunc =    25  E =     -92.33774  RMSG = 1.0282819e-02
 MIN: Iter =    5  NFunc =    31  E =     -92.33774  RMSG = 1.6563935e-03
 MIN: Iter =    6  NFunc =    48  E =     -92.33774  RMSG = 7.0173011e-04
 MIN: Iter =    7  NFunc =    57  E =     -92.33774  RMSG = 7.2211572e-04
 MIN: Iter =    8  NFunc =    65  E =     -92.33774  RMSG = 9.5209907e-05
----------------------------------------------------------------
 END:          :-)  E =     -92.33774  RMSG =   0.0000952

     bond:      0.357565697
    angle:      2.694029569
 dihedral:      0.000000001
    enb14:      4.254828727
    eel14:    -78.682133474
      enb:      0.018915150
      eel:     53.691563646
      egb:    -74.672512528
    econs:      0.000000000
    esurf:      0.000000000
    Total:    -92.337743213
     frms:      0.000095210
====== rms.dat  ======================================================
#Frame      all_heavy
       1       0.0297
