====== tleap.out =====================================================
-I: Adding /home/case/amber24/dat/leap/prep to search path.
-I: Adding /home/case/amber24/dat/leap/lib to search path.
-I: Adding /home/case/amber24/dat/leap/parm to search path.
-I: Adding /home/case/amber24/dat/leap/cmd to search path.
-f: Source leap.in.

Welcome to LEaP!
(no leaprc in search path)
Sourcing: ./leap.in
Using Bondi radii
----- Source: /home/case/amber24/dat/leap/cmd/leaprc.gaff2
----- Source of /home/case/amber24/dat/leap/cmd/leaprc.gaff2 done
Log file: ./leap.log
Loading parameters: /home/case/amber24/dat/leap/parm/gaff2.dat
Reading title:
AMBER General Force Field for organic molecules (Version 2.2.20, March 2021)
Loading parameters: ./NJ8.frcmod
Reading force field modification type file (frcmod)
Reading title:
Remark line goes here
Loading Mol2 file: ./NJ8.mol2
Reading MOLECULE named NJ8
Checking Unit.
Building topology.
"order_residues" off: keep input residue order.
Building atom parameters.
Building bond parameters.
Building angle parameters.
Building proper torsion parameters.
Building improper torsion parameters.
 total 12 improper torsions applied
Building H-Bond parameters.
Incorporating Non-Bonded adjustments.
Not Marking per-residue atom chain types.
Marking per-residue atom chain types.
  (Residues lacking connect0/connect1 - 
   these don't have chain types marked:

	res	total affected

	NJ8	1
  )
 (no restraints)
	Quit

Exiting LEaP: Errors = 0; Warnings = 0; Notes = 0.
====== min.o =========================================================
Reading parm file (NJ8.parm7)
title:
NJ8                                                                             
no velocities were found
no velocities were found
	mm_options:  ntpr=5
	mm_options:  gb=1
	mm_options:  kappa=0.10395
	mm_options:  rgbmax=99.
	mm_options:  cut=99.0
	mm_options:  wcons=0.
     bond:      1.501014688
    angle:      1.834337921
 dihedral:      4.615156942
    enb14:     10.342899696
    eel14:     16.622966955
      enb:     -3.019303613
      eel:    -20.766245367
      egb:    -17.137969213
    econs:      0.000000000
    esurf:      0.000000000
    Total:     -6.007141992
     frms:      8.556129009
Starting TNCG minimisation
 MIN: Iter =    0  NFunc =     1  E =      -6.00714  RMSG = 8.5561290e+00
 MIN: Iter =    1  NFunc =     7  E =     -10.71984  RMSG = 2.4723362e+00
 MIN: Iter =    2  NFunc =    15  E =     -11.86728  RMSG = 9.1757199e-01
 MIN: Iter =    3  NFunc =    21  E =     -12.03132  RMSG = 5.9901538e-01
 MIN: Iter =    4  NFunc =    28  E =     -12.10344  RMSG = 2.5643253e-01
 MIN: Iter =    5  NFunc =    46  E =     -12.16677  RMSG = 3.0276360e-01
 MIN: Iter =    6  NFunc =    52  E =     -12.17151  RMSG = 9.0372283e-02
 MIN: Iter =    7  NFunc =   104  E =     -12.18903  RMSG = 2.4049401e-01
 MIN: Iter =    8  NFunc =   124  E =     -12.23920  RMSG = 3.3578872e-01
 MIN: Iter =    9  NFunc =   132  E =     -12.27516  RMSG = 2.3569046e-01
 MIN: Iter =   10  NFunc =   140  E =     -12.29208  RMSG = 9.4711458e-02
 MIN: Iter =   11  NFunc =   150  E =     -12.29765  RMSG = 8.3204615e-02
 MIN: Iter =   12  NFunc =   185  E =     -12.32326  RMSG = 2.1965601e-01
 MIN: Iter =   13  NFunc =   191  E =     -12.32884  RMSG = 5.2721345e-02
 MIN: Iter =   14  NFunc =   203  E =     -12.33078  RMSG = 3.1700044e-02
 MIN: Iter =   15  NFunc =   243  E =     -12.33538  RMSG = 2.0369194e-01
 MIN: Iter =   16  NFunc =   249  E =     -12.33847  RMSG = 3.0993228e-02
 MIN: Iter =   17  NFunc =   300  E =     -12.34239  RMSG = 6.9204585e-02
 MIN: Iter =   18  NFunc =   320  E =     -12.34619  RMSG = 9.2576420e-02
 MIN: Iter =   19  NFunc =   331  E =     -12.34811  RMSG = 3.9800949e-02
 MIN: Iter =   20  NFunc =   343  E =     -12.34954  RMSG = 7.5883584e-02
 MIN: Iter =   21  NFunc =   349  E =     -12.35005  RMSG = 2.0764058e-02
 MIN: Iter =   22  NFunc =   388  E =     -12.35068  RMSG = 2.0009039e-02
 MIN: Iter =   23  NFunc =   408  E =     -12.35112  RMSG = 1.6640890e-02
 MIN: Iter =   24  NFunc =   415  E =     -12.35117  RMSG = 7.0118601e-03
 MIN: Iter =   25  NFunc =   423  E =     -12.35119  RMSG = 4.1495485e-03
 MIN: Iter =   26  NFunc =   446  E =     -12.35123  RMSG = 7.8316670e-03
 MIN: Iter =   27  NFunc =   471  E =     -12.35128  RMSG = 3.6076833e-03
 MIN: Iter =   28  NFunc =   492  E =     -12.35130  RMSG = 2.1148062e-03
 MIN: Iter =   29  NFunc =   529  E =     -12.35131  RMSG = 1.8266339e-03
 MIN: Iter =   30  NFunc =   539  E =     -12.35131  RMSG = 8.3829386e-04
 MIN: Iter =   31  NFunc =   550  E =     -12.35131  RMSG = 4.9401198e-04
----------------------------------------------------------------
 END:          :-)  E =     -12.35131  RMSG =   0.0004940

     bond:      0.606942216
    angle:      0.688396967
 dihedral:      4.492173685
    enb14:      7.239393720
    eel14:     15.117266445
      enb:     -3.248962382
      eel:    -19.848799963
      egb:    -17.397722598
    econs:      0.000000000
    esurf:      0.000000000
    Total:    -12.351311910
     frms:      0.000494012
====== rms.dat  ======================================================
#Frame      all_heavy
       1       0.2884
