====== tleap.out =====================================================
-I: Adding /home/case/amber24/dat/leap/prep to search path.
-I: Adding /home/case/amber24/dat/leap/lib to search path.
-I: Adding /home/case/amber24/dat/leap/parm to search path.
-I: Adding /home/case/amber24/dat/leap/cmd to search path.
-f: Source leap.in.

Welcome to LEaP!
(no leaprc in search path)
Sourcing: ./leap.in
Using Bondi radii
----- Source: /home/case/amber24/dat/leap/cmd/leaprc.gaff2
----- Source of /home/case/amber24/dat/leap/cmd/leaprc.gaff2 done
Log file: ./leap.log
Loading parameters: /home/case/amber24/dat/leap/parm/gaff2.dat
Reading title:
AMBER General Force Field for organic molecules (Version 2.2.20, March 2021)
Loading parameters: ./NJE.frcmod
Reading force field modification type file (frcmod)
Reading title:
Remark line goes here
Loading Mol2 file: ./NJE.mol2
Reading MOLECULE named NJE
Checking Unit.
Building topology.
"order_residues" off: keep input residue order.
Building atom parameters.
Building bond parameters.
Building angle parameters.
Building proper torsion parameters.
Building improper torsion parameters.
 total 7 improper torsions applied
Building H-Bond parameters.
Incorporating Non-Bonded adjustments.
Not Marking per-residue atom chain types.
Marking per-residue atom chain types.
  (Residues lacking connect0/connect1 - 
   these don't have chain types marked:

	res	total affected

	NJE	1
  )
 (no restraints)
	Quit

Exiting LEaP: Errors = 0; Warnings = 0; Notes = 0.
====== min.o =========================================================
Reading parm file (NJE.parm7)
title:
NJE                                                                             
no velocities were found
no velocities were found
	mm_options:  ntpr=5
	mm_options:  gb=1
	mm_options:  kappa=0.10395
	mm_options:  rgbmax=99.
	mm_options:  cut=99.0
	mm_options:  wcons=0.
     bond:      0.641522095
    angle:      1.038300514
 dihedral:      6.286474282
    enb14:     10.099661105
    eel14:     65.175235368
      enb:     -1.501377029
      eel:    -36.600887710
      egb:    -17.945858638
    econs:      0.000000000
    esurf:      0.000000000
    Total:     27.193069986
     frms:      5.316004596
Starting TNCG minimisation
 MIN: Iter =    0  NFunc =     1  E =      27.19307  RMSG = 5.3160046e+00
 MIN: Iter =    1  NFunc =     9  E =      22.74263  RMSG = 1.6791951e+00
 MIN: Iter =    2  NFunc =    18  E =      21.47043  RMSG = 8.2453374e-01
 MIN: Iter =    3  NFunc =    46  E =      20.86753  RMSG = 6.5138676e-01
 MIN: Iter =    4  NFunc =    58  E =      20.70173  RMSG = 3.3697410e-01
 MIN: Iter =    5  NFunc =    85  E =      20.53799  RMSG = 7.1719533e-01
 MIN: Iter =    6  NFunc =    91  E =      20.49411  RMSG = 1.9432491e-01
 MIN: Iter =    7  NFunc =   109  E =      20.46992  RMSG = 8.9744248e-02
 MIN: Iter =    8  NFunc =   122  E =      20.46544  RMSG = 4.4445562e-02
 MIN: Iter =    9  NFunc =   170  E =      20.45599  RMSG = 2.4103494e-01
 MIN: Iter =   10  NFunc =   177  E =      20.45062  RMSG = 5.7042853e-02
 MIN: Iter =   11  NFunc =   190  E =      20.44880  RMSG = 3.2778814e-02
 MIN: Iter =   12  NFunc =   222  E =      20.44548  RMSG = 5.2692465e-02
 MIN: Iter =   13  NFunc =   229  E =      20.44512  RMSG = 1.4660462e-02
 MIN: Iter =   14  NFunc =   256  E =      20.44485  RMSG = 7.3988292e-03
 MIN: Iter =   15  NFunc =   307  E =      20.44420  RMSG = 6.1486042e-02
 MIN: Iter =   16  NFunc =   314  E =      20.44354  RMSG = 2.5797440e-02
 MIN: Iter =   17  NFunc =   332  E =      20.44284  RMSG = 3.3238002e-02
 MIN: Iter =   18  NFunc =   343  E =      20.44225  RMSG = 3.3482251e-02
 MIN: Iter =   19  NFunc =   349  E =      20.44201  RMSG = 2.2888000e-02
 MIN: Iter =   20  NFunc =   378  E =      20.44164  RMSG = 2.8708782e-02
 MIN: Iter =   21  NFunc =   384  E =      20.44146  RMSG = 1.4711115e-02
 MIN: Iter =   22  NFunc =   396  E =      20.44121  RMSG = 4.7714783e-02
 MIN: Iter =   23  NFunc =   402  E =      20.44093  RMSG = 1.9653200e-02
 MIN: Iter =   24  NFunc =   443  E =      20.44064  RMSG = 2.7065768e-02
 MIN: Iter =   25  NFunc =   455  E =      20.44025  RMSG = 5.3914660e-02
 MIN: Iter =   26  NFunc =   463  E =      20.43955  RMSG = 2.0215887e-02
 MIN: Iter =   27  NFunc =   486  E =      20.43895  RMSG = 4.2619562e-02
 MIN: Iter =   28  NFunc =   538  E =      20.43734  RMSG = 8.0581811e-02
 MIN: Iter =   29  NFunc =   549  E =      20.43416  RMSG = 1.2665994e-01
 MIN: Iter =   30  NFunc =   557  E =      20.42897  RMSG = 1.3857399e-01
 MIN: Iter =   31  NFunc =   564  E =      20.42300  RMSG = 1.4169720e-01
 MIN: Iter =   32  NFunc =   571  E =      20.41481  RMSG = 1.6851968e-01
 MIN: Iter =   33  NFunc =   578  E =      20.39908  RMSG = 4.7278596e-01
 MIN: Iter =   34  NFunc =   584  E =      20.34457  RMSG = 2.4555616e-01
 MIN: Iter =   35  NFunc =   590  E =      20.30334  RMSG = 5.6009955e-01
 MIN: Iter =   36  NFunc =   596  E =      20.20897  RMSG = 4.3531423e-01
 MIN: Iter =   37  NFunc =   602  E =      20.14399  RMSG = 5.1198517e-01
 MIN: Iter =   38  NFunc =   608  E =      20.08210  RMSG = 2.8563414e-01
 MIN: Iter =   39  NFunc =   614  E =      20.05273  RMSG = 2.2070389e-01
 MIN: Iter =   40  NFunc =   622  E =      20.03903  RMSG = 1.2043671e-01
 MIN: Iter =   41  NFunc =   659  E =      20.01653  RMSG = 1.9166143e-01
 MIN: Iter =   42  NFunc =   665  E =      20.01250  RMSG = 5.5167661e-02
 MIN: Iter =   43  NFunc =   690  E =      20.00501  RMSG = 6.8274830e-02
 MIN: Iter =   44  NFunc =   717  E =      19.99881  RMSG = 5.4317083e-02
 MIN: Iter =   45  NFunc =   769  E =      19.99235  RMSG = 1.1205285e-01
 MIN: Iter =   46  NFunc =   778  E =      19.98856  RMSG = 5.2039231e-02
 MIN: Iter =   47  NFunc =   798  E =      19.98404  RMSG = 5.6963192e-02
 MIN: Iter =   48  NFunc =   815  E =      19.97965  RMSG = 7.3571345e-02
 MIN: Iter =   49  NFunc =   823  E =      19.97633  RMSG = 7.0180377e-02
 MIN: Iter =   50  NFunc =   833  E =      19.97361  RMSG = 4.9186291e-02
 MIN: Iter =   51  NFunc =   840  E =      19.97267  RMSG = 2.8652120e-02
 MIN: Iter =   52  NFunc =   875  E =      19.97055  RMSG = 2.0555295e-02
 MIN: Iter =   53  NFunc =   899  E =      19.96986  RMSG = 1.7476011e-02
 MIN: Iter =   54  NFunc =   913  E =      19.96967  RMSG = 8.1101130e-03
 MIN: Iter =   55  NFunc =   933  E =      19.96957  RMSG = 5.4283913e-03
 MIN: Iter =   56  NFunc =   941  E =      19.96956  RMSG = 3.0716173e-03
 MIN: Iter =   57  NFunc =   972  E =      19.96953  RMSG = 2.1325738e-03
 MIN: Iter =   58  NFunc =   979  E =      19.96953  RMSG = 1.3430555e-03
 MIN: Iter =   59  NFunc =   988  E =      19.96953  RMSG = 7.4803544e-04
 MIN: Iter =   60  NFunc =  1012  E =      19.96953  RMSG = 1.2492646e-03
 MIN: Iter =   61  NFunc =  1030  E =      19.96953  RMSG = 6.2429136e-04
 MIN: Iter =   62  NFunc =  1081  E =      19.96952  RMSG = 1.0056278e-03
 MIN: Iter =   63  NFunc =  1102  E =      19.96952  RMSG = 7.5559970e-04
 MIN: Iter =   64  NFunc =  1113  E =      19.96952  RMSG = 3.8790177e-04
----------------------------------------------------------------
 END:          :-)  E =      19.96952  RMSG =   0.0003879

     bond:      1.600204024
    angle:      2.016376326
 dihedral:      5.164210480
    enb14:      6.823604123
    eel14:     58.926026779
      enb:     -2.501558035
      eel:    -34.334290688
      egb:    -17.725055589
    econs:      0.000000000
    esurf:      0.000000000
    Total:     19.969517419
     frms:      0.000387902
====== rms.dat  ======================================================
#Frame      all_heavy
       1       0.9349
