====== tleap.out =====================================================
-I: Adding /home/case/amber24/dat/leap/prep to search path.
-I: Adding /home/case/amber24/dat/leap/lib to search path.
-I: Adding /home/case/amber24/dat/leap/parm to search path.
-I: Adding /home/case/amber24/dat/leap/cmd to search path.
-f: Source leap.in.

Welcome to LEaP!
(no leaprc in search path)
Sourcing: ./leap.in
Using Bondi radii
----- Source: /home/case/amber24/dat/leap/cmd/leaprc.gaff2
----- Source of /home/case/amber24/dat/leap/cmd/leaprc.gaff2 done
Log file: ./leap.log
Loading parameters: /home/case/amber24/dat/leap/parm/gaff2.dat
Reading title:
AMBER General Force Field for organic molecules (Version 2.2.20, March 2021)
Loading parameters: ./NJN.frcmod
Reading force field modification type file (frcmod)
Reading title:
Remark line goes here
Loading Mol2 file: ./NJN.mol2
Reading MOLECULE named NJN
Checking Unit.
Building topology.
"order_residues" off: keep input residue order.
Building atom parameters.
Building bond parameters.
Building angle parameters.
Building proper torsion parameters.

/home/case/amber24/bin/teLeap: Note.
1-4: angle 21 24 duplicates bond ('triangular' bond) or angle ('square' bond)


/home/case/amber24/bin/teLeap: Note.
1-4: angle 22 23 duplicates bond ('triangular' bond) or angle ('square' bond)

Building improper torsion parameters.
 total 24 improper torsions applied
Building H-Bond parameters.
Incorporating Non-Bonded adjustments.
Not Marking per-residue atom chain types.
Marking per-residue atom chain types.
  (Residues lacking connect0/connect1 - 
   these don't have chain types marked:

	res	total affected

	NJN	1
  )
 (no restraints)
	Quit

Exiting LEaP: Errors = 0; Warnings = 0; Notes = 2.
====== min.o =========================================================
Reading parm file (NJN.parm7)
title:
NJN                                                                             
no velocities were found
no velocities were found
	mm_options:  ntpr=5
	mm_options:  gb=1
	mm_options:  kappa=0.10395
	mm_options:  rgbmax=99.
	mm_options:  cut=99.0
	mm_options:  wcons=0.
     bond:      5.549387177
    angle:     15.585597913
 dihedral:     15.860415762
    enb14:     21.613849106
    eel14:     69.870441346
      enb:     -3.689936828
      eel:    -77.528505668
      egb:    -32.698409990
    econs:      0.000000000
    esurf:      0.000000000
    Total:     14.562838816
     frms:     12.537249108
Starting TNCG minimisation
 MIN: Iter =    0  NFunc =     1  E =      14.56284  RMSG = 1.2537249e+01
 MIN: Iter =    1  NFunc =     7  E =       1.46475  RMSG = 2.5611308e+00
 MIN: Iter =    2  NFunc =    19  E =      -3.88966  RMSG = 1.6274853e+00
 MIN: Iter =    3  NFunc =    25  E =      -5.40569  RMSG = 1.1729525e+00
 MIN: Iter =    4  NFunc =    37  E =      -6.04883  RMSG = 5.1705894e-01
 MIN: Iter =    5  NFunc =    55  E =      -6.26111  RMSG = 2.7840497e-01
 MIN: Iter =    6  NFunc =    81  E =      -6.43949  RMSG = 3.8342895e-01
 MIN: Iter =    7  NFunc =   111  E =      -6.55996  RMSG = 4.4614152e-01
 MIN: Iter =    8  NFunc =   117  E =      -6.59678  RMSG = 1.7647452e-01
 MIN: Iter =    9  NFunc =   146  E =      -6.67957  RMSG = 3.8317347e-01
 MIN: Iter =   10  NFunc =   152  E =      -6.70870  RMSG = 1.3805434e-01
 MIN: Iter =   11  NFunc =   181  E =      -6.75379  RMSG = 4.6185510e-01
 MIN: Iter =   12  NFunc =   187  E =      -6.78956  RMSG = 1.1546378e-01
 MIN: Iter =   13  NFunc =   212  E =      -6.82130  RMSG = 3.5203490e-01
 MIN: Iter =   14  NFunc =   218  E =      -6.84524  RMSG = 9.6195385e-02
 MIN: Iter =   15  NFunc =   250  E =      -6.87804  RMSG = 2.7775025e-01
 MIN: Iter =   16  NFunc =   256  E =      -6.89869  RMSG = 7.8236419e-02
 MIN: Iter =   17  NFunc =   280  E =      -6.92674  RMSG = 2.1785263e-01
 MIN: Iter =   18  NFunc =   286  E =      -6.93949  RMSG = 9.7170790e-02
 MIN: Iter =   19  NFunc =   299  E =      -6.94541  RMSG = 4.0536795e-02
 MIN: Iter =   20  NFunc =   344  E =      -6.95367  RMSG = 4.6807141e-02
 MIN: Iter =   21  NFunc =   350  E =      -6.95423  RMSG = 1.7699410e-02
 MIN: Iter =   22  NFunc =   401  E =      -6.95829  RMSG = 5.6186238e-02
 MIN: Iter =   23  NFunc =   407  E =      -6.95887  RMSG = 2.0844278e-02
 MIN: Iter =   24  NFunc =   441  E =      -6.96249  RMSG = 8.1024984e-02
 MIN: Iter =   25  NFunc =   447  E =      -6.96371  RMSG = 2.3388568e-02
 MIN: Iter =   26  NFunc =   498  E =      -6.96772  RMSG = 9.7309358e-02
 MIN: Iter =   27  NFunc =   504  E =      -6.96968  RMSG = 3.3596814e-02
 MIN: Iter =   28  NFunc =   556  E =      -6.97552  RMSG = 3.6288429e-02
 MIN: Iter =   29  NFunc =   584  E =      -6.98038  RMSG = 1.4232215e-01
 MIN: Iter =   30  NFunc =   590  E =      -6.98528  RMSG = 4.0126526e-02
 MIN: Iter =   31  NFunc =   642  E =      -6.99092  RMSG = 5.6495113e-02
 MIN: Iter =   32  NFunc =   649  E =      -6.99635  RMSG = 1.4853895e-01
 MIN: Iter =   33  NFunc =   655  E =      -7.00825  RMSG = 5.9538585e-02
 MIN: Iter =   34  NFunc =   662  E =      -7.01351  RMSG = 6.0852214e-02
 MIN: Iter =   35  NFunc =   670  E =      -7.01956  RMSG = 1.5631422e-01
 MIN: Iter =   36  NFunc =   676  E =      -7.02939  RMSG = 7.7204900e-02
 MIN: Iter =   37  NFunc =   683  E =      -7.03422  RMSG = 5.6133445e-02
 MIN: Iter =   38  NFunc =   689  E =      -7.03790  RMSG = 6.0790811e-02
 MIN: Iter =   39  NFunc =   695  E =      -7.03986  RMSG = 3.5491868e-02
 MIN: Iter =   40  NFunc =   746  E =      -7.05098  RMSG = 1.5701371e-01
 MIN: Iter =   41  NFunc =   752  E =      -7.05549  RMSG = 5.5204197e-02
 MIN: Iter =   42  NFunc =   782  E =      -7.06246  RMSG = 4.8677453e-02
 MIN: Iter =   43  NFunc =   798  E =      -7.06788  RMSG = 9.0555667e-02
 MIN: Iter =   44  NFunc =   804  E =      -7.06951  RMSG = 3.8051030e-02
 MIN: Iter =   45  NFunc =   818  E =      -7.07160  RMSG = 3.2702827e-02
 MIN: Iter =   46  NFunc =   848  E =      -7.07314  RMSG = 1.4829133e-02
 MIN: Iter =   47  NFunc =   885  E =      -7.07398  RMSG = 9.7474167e-03
 MIN: Iter =   48  NFunc =   924  E =      -7.07450  RMSG = 6.8750487e-03
 MIN: Iter =   49  NFunc =   975  E =      -7.07486  RMSG = 8.5045032e-03
 MIN: Iter =   50  NFunc =  1013  E =      -7.07515  RMSG = 6.2240733e-03
 MIN: Iter =   51  NFunc =  1057  E =      -7.07524  RMSG = 2.6218917e-03
 MIN: Iter =   52  NFunc =  1071  E =      -7.07525  RMSG = 1.6467007e-03
 MIN: Iter =   53  NFunc =  1122  E =      -7.07528  RMSG = 1.7108492e-03
 MIN: Iter =   54  NFunc =  1170  E =      -7.07529  RMSG = 9.2748218e-04
 MIN: Iter =   55  NFunc =  1213  E =      -7.07530  RMSG = 5.5556114e-04
 MIN: Iter =   56  NFunc =  1264  E =      -7.07530  RMSG = 6.5855402e-04
 MIN: Iter =   57  NFunc =  1285  E =      -7.07530  RMSG = 5.8176362e-04
 MIN: Iter =   58  NFunc =  1320  E =      -7.07530  RMSG = 5.1672740e-04
 MIN: Iter =   59  NFunc =  1336  E =      -7.07530  RMSG = 2.6930744e-04
----------------------------------------------------------------
 END:          :-)  E =      -7.07530  RMSG =   0.0002693

     bond:      3.577718851
    angle:     10.501594788
 dihedral:     10.833015506
    enb14:     16.567127961
    eel14:     66.785326599
      enb:     -4.816990924
      eel:    -76.109886833
      egb:    -34.413207853
    econs:      0.000000000
    esurf:      0.000000000
    Total:     -7.075301905
     frms:      0.000269307
====== rms.dat  ======================================================
#Frame      all_heavy
       1       0.6596
