====== tleap.out =====================================================
-I: Adding /home/case/amber24/dat/leap/prep to search path.
-I: Adding /home/case/amber24/dat/leap/lib to search path.
-I: Adding /home/case/amber24/dat/leap/parm to search path.
-I: Adding /home/case/amber24/dat/leap/cmd to search path.
-f: Source leap.in.

Welcome to LEaP!
(no leaprc in search path)
Sourcing: ./leap.in
Using Bondi radii
----- Source: /home/case/amber24/dat/leap/cmd/leaprc.gaff2
----- Source of /home/case/amber24/dat/leap/cmd/leaprc.gaff2 done
Log file: ./leap.log
Loading parameters: /home/case/amber24/dat/leap/parm/gaff2.dat
Reading title:
AMBER General Force Field for organic molecules (Version 2.2.20, March 2021)
Loading parameters: ./NQ7.frcmod
Reading force field modification type file (frcmod)
Reading title:
Remark line goes here
Loading Mol2 file: ./NQ7.mol2
Reading MOLECULE named NQ7
Checking Unit.
Building topology.
"order_residues" off: keep input residue order.
Building atom parameters.
Building bond parameters.
Building angle parameters.
Building proper torsion parameters.
Building improper torsion parameters.
 total 12 improper torsions applied
Building H-Bond parameters.
Incorporating Non-Bonded adjustments.
Not Marking per-residue atom chain types.
Marking per-residue atom chain types.
  (Residues lacking connect0/connect1 - 
   these don't have chain types marked:

	res	total affected

	NQ7	1
  )
 (no restraints)
	Quit

Exiting LEaP: Errors = 0; Warnings = 0; Notes = 0.
====== min.o =========================================================
Reading parm file (NQ7.parm7)
title:
NQ7                                                                             
no velocities were found
no velocities were found
	mm_options:  ntpr=5
	mm_options:  gb=1
	mm_options:  kappa=0.10395
	mm_options:  rgbmax=99.
	mm_options:  cut=99.0
	mm_options:  wcons=0.
     bond:      3.633503031
    angle:     24.968608453
 dihedral:      6.887163655
    enb14:      3.838425001
    eel14:   -212.571725526
      enb:     -3.501404490
      eel:     63.529746758
      egb:    -29.451598209
    econs:      0.000000000
    esurf:      0.000000000
    Total:   -142.667281326
     frms:     17.481196816
Starting TNCG minimisation
 MIN: Iter =    0  NFunc =     1  E =    -142.66728  RMSG = 1.7481197e+01
 MIN: Iter =    1  NFunc =     7  E =    -152.51737  RMSG = 2.0044484e+00
 MIN: Iter =    2  NFunc =    16  E =    -153.38472  RMSG = 2.3930946e+00
 MIN: Iter =    3  NFunc =    23  E =    -154.18481  RMSG = 3.5585238e+00
 MIN: Iter =    4  NFunc =    29  E =    -154.88683  RMSG = 1.6555802e+00
 MIN: Iter =    5  NFunc =    37  E =    -155.14812  RMSG = 5.4446874e-01
 MIN: Iter =    6  NFunc =    45  E =    -155.31581  RMSG = 1.2644528e+00
 MIN: Iter =    7  NFunc =    51  E =    -155.39633  RMSG = 2.8753177e-01
 MIN: Iter =    8  NFunc =    90  E =    -155.53282  RMSG = 8.2042349e-01
 MIN: Iter =    9  NFunc =    96  E =    -155.56976  RMSG = 1.4337996e-01
 MIN: Iter =   10  NFunc =   105  E =    -155.58258  RMSG = 1.2228113e-01
 MIN: Iter =   11  NFunc =   124  E =    -155.59225  RMSG = 6.7075071e-02
 MIN: Iter =   12  NFunc =   139  E =    -155.59680  RMSG = 5.8358673e-02
 MIN: Iter =   13  NFunc =   150  E =    -155.59773  RMSG = 2.3491520e-02
 MIN: Iter =   14  NFunc =   158  E =    -155.59796  RMSG = 1.6960375e-02
 MIN: Iter =   15  NFunc =   179  E =    -155.59842  RMSG = 1.2815855e-02
 MIN: Iter =   16  NFunc =   212  E =    -155.59870  RMSG = 7.6095893e-03
 MIN: Iter =   17  NFunc =   227  E =    -155.59878  RMSG = 6.0763728e-03
 MIN: Iter =   18  NFunc =   237  E =    -155.59879  RMSG = 3.9320310e-03
 MIN: Iter =   19  NFunc =   251  E =    -155.59880  RMSG = 1.8275634e-03
 MIN: Iter =   20  NFunc =   265  E =    -155.59880  RMSG = 9.0851488e-04
 MIN: Iter =   21  NFunc =   284  E =    -155.59880  RMSG = 4.1782982e-04
----------------------------------------------------------------
 END:          :-)  E =    -155.59880  RMSG =   0.0004178

     bond:      3.586399014
    angle:     18.038243154
 dihedral:      9.710427108
    enb14:      3.036445597
    eel14:   -222.901748775
      enb:     -3.591778341
      eel:     65.627449060
      egb:    -29.104240739
    econs:      0.000000000
    esurf:      0.000000000
    Total:   -155.598803923
     frms:      0.000417830
====== rms.dat  ======================================================
#Frame      all_heavy
       1       0.1284
