====== tleap.out =====================================================
-I: Adding /home/case/amber24/dat/leap/prep to search path.
-I: Adding /home/case/amber24/dat/leap/lib to search path.
-I: Adding /home/case/amber24/dat/leap/parm to search path.
-I: Adding /home/case/amber24/dat/leap/cmd to search path.
-f: Source leap.in.

Welcome to LEaP!
(no leaprc in search path)
Sourcing: ./leap.in
Using Bondi radii
----- Source: /home/case/amber24/dat/leap/cmd/leaprc.gaff2
----- Source of /home/case/amber24/dat/leap/cmd/leaprc.gaff2 done
Log file: ./leap.log
Loading parameters: /home/case/amber24/dat/leap/parm/gaff2.dat
Reading title:
AMBER General Force Field for organic molecules (Version 2.2.20, March 2021)
Loading parameters: ./NV6.frcmod
Reading force field modification type file (frcmod)
Reading title:
Remark line goes here
Loading Mol2 file: ./NV6.mol2
Reading MOLECULE named NV6
Checking Unit.

/home/case/amber24/bin/teLeap: Warning!
The unperturbed charge of the unit (-0.999000) is not zero.

/home/case/amber24/bin/teLeap: Note.
Ignoring the warning from Unit Checking.

Building topology.
"order_residues" off: keep input residue order.
Building atom parameters.
Building bond parameters.
Building angle parameters.
Building proper torsion parameters.
Building improper torsion parameters.
 total 10 improper torsions applied
Building H-Bond parameters.
Incorporating Non-Bonded adjustments.
Not Marking per-residue atom chain types.
Marking per-residue atom chain types.
  (Residues lacking connect0/connect1 - 
   these don't have chain types marked:

	res	total affected

	NV6	1
  )
 (no restraints)
	Quit

Exiting LEaP: Errors = 0; Warnings = 1; Notes = 1.
====== min.o =========================================================
Reading parm file (NV6.parm7)
title:
NV6                                                                             
no velocities were found
no velocities were found
	mm_options:  ntpr=5
	mm_options:  gb=1
	mm_options:  kappa=0.10395
	mm_options:  rgbmax=99.
	mm_options:  cut=99.0
	mm_options:  wcons=0.
     bond:      1.716836860
    angle:      4.108017121
 dihedral:     16.684094502
    enb14:      6.145676797
    eel14:     -5.650197493
      enb:     -2.912106222
      eel:    -72.454879490
      egb:    -86.806948911
    econs:      0.000000000
    esurf:      0.000000000
    Total:   -139.169506838
     frms:      9.346376506
Starting TNCG minimisation
 MIN: Iter =    0  NFunc =     1  E =    -139.16951  RMSG = 9.3463765e+00
 MIN: Iter =    1  NFunc =     7  E =    -146.08110  RMSG = 3.5350915e+00
 MIN: Iter =    2  NFunc =    13  E =    -147.09379  RMSG = 1.0595448e+00
 MIN: Iter =    3  NFunc =    36  E =    -147.43614  RMSG = 1.4356679e+00
 MIN: Iter =    4  NFunc =    42  E =    -147.54663  RMSG = 3.7995920e-01
 MIN: Iter =    5  NFunc =    54  E =    -147.62756  RMSG = 1.4774795e+00
 MIN: Iter =    6  NFunc =    60  E =    -147.69502  RMSG = 1.5199915e-01
 MIN: Iter =    7  NFunc =    81  E =    -147.71422  RMSG = 5.4608987e-01
 MIN: Iter =    8  NFunc =    87  E =    -147.72471  RMSG = 9.8514505e-02
 MIN: Iter =    9  NFunc =   123  E =    -147.74798  RMSG = 2.6556947e-01
 MIN: Iter =   10  NFunc =   130  E =    -147.75334  RMSG = 7.2558498e-02
 MIN: Iter =   11  NFunc =   155  E =    -147.75795  RMSG = 7.3044381e-02
 MIN: Iter =   12  NFunc =   170  E =    -147.75885  RMSG = 2.4913152e-02
 MIN: Iter =   13  NFunc =   180  E =    -147.75921  RMSG = 2.0288820e-02
 MIN: Iter =   14  NFunc =   219  E =    -147.76089  RMSG = 3.6652481e-02
 MIN: Iter =   15  NFunc =   229  E =    -147.76125  RMSG = 2.0740589e-02
 MIN: Iter =   16  NFunc =   248  E =    -147.76169  RMSG = 1.1396815e-02
 MIN: Iter =   17  NFunc =   261  E =    -147.76175  RMSG = 6.1293541e-03
 MIN: Iter =   18  NFunc =   279  E =    -147.76179  RMSG = 4.5406410e-03
 MIN: Iter =   19  NFunc =   288  E =    -147.76180  RMSG = 2.9617029e-03
 MIN: Iter =   20  NFunc =   324  E =    -147.76181  RMSG = 2.2835664e-03
 MIN: Iter =   21  NFunc =   347  E =    -147.76181  RMSG = 8.1753857e-04
 MIN: Iter =   22  NFunc =   355  E =    -147.76181  RMSG = 4.4022993e-04
----------------------------------------------------------------
 END:          :-)  E =    -147.76181  RMSG =   0.0004402

     bond:      1.089339868
    angle:      3.437891959
 dihedral:     13.406679918
    enb14:      4.028339142
    eel14:    -11.785235693
      enb:     -3.046860764
      eel:    -65.912490758
      egb:    -88.979476299
    econs:      0.000000000
    esurf:      0.000000000
    Total:   -147.761812626
     frms:      0.000440230
====== rms.dat  ======================================================
#Frame      all_heavy
       1       0.1908
