====== tleap.out =====================================================
-I: Adding /home/case/amber24/dat/leap/prep to search path.
-I: Adding /home/case/amber24/dat/leap/lib to search path.
-I: Adding /home/case/amber24/dat/leap/parm to search path.
-I: Adding /home/case/amber24/dat/leap/cmd to search path.
-f: Source leap.in.

Welcome to LEaP!
(no leaprc in search path)
Sourcing: ./leap.in
Using Bondi radii
----- Source: /home/case/amber24/dat/leap/cmd/leaprc.gaff2
----- Source of /home/case/amber24/dat/leap/cmd/leaprc.gaff2 done
Log file: ./leap.log
Loading parameters: /home/case/amber24/dat/leap/parm/gaff2.dat
Reading title:
AMBER General Force Field for organic molecules (Version 2.2.20, March 2021)
Loading parameters: ./NVW.frcmod
Reading force field modification type file (frcmod)
Reading title:
Remark line goes here
Loading Mol2 file: ./NVW.mol2
Reading MOLECULE named NVW
Checking Unit.
Building topology.
"order_residues" off: keep input residue order.
Building atom parameters.
Building bond parameters.
Building angle parameters.
Building proper torsion parameters.
Building improper torsion parameters.
 total 19 improper torsions applied
Building H-Bond parameters.
Incorporating Non-Bonded adjustments.
Not Marking per-residue atom chain types.
Marking per-residue atom chain types.
  (Residues lacking connect0/connect1 - 
   these don't have chain types marked:

	res	total affected

	NVW	1
  )
 (no restraints)
	Quit

Exiting LEaP: Errors = 0; Warnings = 0; Notes = 0.
====== min.o =========================================================
Reading parm file (NVW.parm7)
title:
NVW                                                                             
no velocities were found
no velocities were found
	mm_options:  ntpr=5
	mm_options:  gb=1
	mm_options:  kappa=0.10395
	mm_options:  rgbmax=99.
	mm_options:  cut=99.0
	mm_options:  wcons=0.
     bond:      3.398008386
    angle:      6.344834672
 dihedral:     31.330773640
    enb14:     21.765093738
    eel14:   -507.553619696
      enb:     -3.480137422
      eel:    278.801695129
      egb:    -25.016950398
    econs:      0.000000000
    esurf:      0.000000000
    Total:   -194.410301951
     frms:      9.471442403
Starting TNCG minimisation
 MIN: Iter =    0  NFunc =     1  E =    -194.41030  RMSG = 9.4714424e+00
 MIN: Iter =    1  NFunc =     7  E =    -202.76440  RMSG = 1.8951891e+00
 MIN: Iter =    2  NFunc =    15  E =    -204.84031  RMSG = 1.0937098e+00
 MIN: Iter =    3  NFunc =    23  E =    -205.42501  RMSG = 5.2993486e-01
 MIN: Iter =    4  NFunc =    34  E =    -205.62727  RMSG = 2.5524636e-01
 MIN: Iter =    5  NFunc =    85  E =    -205.93821  RMSG = 5.3816781e-01
 MIN: Iter =    6  NFunc =   112  E =    -206.18903  RMSG = 5.1485262e-01
 MIN: Iter =    7  NFunc =   129  E =    -206.35365  RMSG = 3.3248080e-01
 MIN: Iter =    8  NFunc =   145  E =    -206.44207  RMSG = 2.1081942e-01
 MIN: Iter =    9  NFunc =   167  E =    -206.50509  RMSG = 1.1878838e-01
 MIN: Iter =   10  NFunc =   218  E =    -206.59681  RMSG = 6.0320860e-01
 MIN: Iter =   11  NFunc =   224  E =    -206.64157  RMSG = 1.5700218e-01
 MIN: Iter =   12  NFunc =   245  E =    -206.67057  RMSG = 1.7682429e-01
 MIN: Iter =   13  NFunc =   258  E =    -206.69306  RMSG = 1.9199293e-01
 MIN: Iter =   14  NFunc =   265  E =    -206.70087  RMSG = 7.5777908e-02
 MIN: Iter =   15  NFunc =   308  E =    -206.76448  RMSG = 4.2637176e-01
 MIN: Iter =   16  NFunc =   314  E =    -206.79294  RMSG = 1.3305579e-01
 MIN: Iter =   17  NFunc =   350  E =    -206.86578  RMSG = 6.5112904e-01
 MIN: Iter =   18  NFunc =   356  E =    -206.92562  RMSG = 1.3881406e-01
 MIN: Iter =   19  NFunc =   391  E =    -207.03502  RMSG = 5.2200530e-01
 MIN: Iter =   20  NFunc =   397  E =    -207.07925  RMSG = 1.3420858e-01
 MIN: Iter =   21  NFunc =   424  E =    -207.19766  RMSG = 7.1470184e-01
 MIN: Iter =   22  NFunc =   430  E =    -207.26282  RMSG = 1.3036105e-01
 MIN: Iter =   23  NFunc =   456  E =    -207.44813  RMSG = 5.1642043e-01
 MIN: Iter =   24  NFunc =   462  E =    -207.50010  RMSG = 1.7366371e-01
 MIN: Iter =   25  NFunc =   485  E =    -207.65527  RMSG = 5.9190499e-01
 MIN: Iter =   26  NFunc =   492  E =    -207.72571  RMSG = 1.6268393e-01
 MIN: Iter =   27  NFunc =   512  E =    -207.87363  RMSG = 6.2233272e-01
 MIN: Iter =   28  NFunc =   537  E =    -208.13854  RMSG = 6.3150294e-01
 MIN: Iter =   29  NFunc =   551  E =    -208.44411  RMSG = 5.2359518e-01
 MIN: Iter =   30  NFunc =   559  E =    -208.66548  RMSG = 5.5979403e-01
 MIN: Iter =   31  NFunc =   565  E =    -208.82677  RMSG = 4.6396044e-01
 MIN: Iter =   32  NFunc =   571  E =    -208.94165  RMSG = 3.4006525e-01
 MIN: Iter =   33  NFunc =   584  E =    -209.05335  RMSG = 3.7531611e-01
 MIN: Iter =   34  NFunc =   591  E =    -209.09920  RMSG = 1.7454907e-01
 MIN: Iter =   35  NFunc =   642  E =    -209.23591  RMSG = 2.4331437e-01
 MIN: Iter =   36  NFunc =   664  E =    -209.41125  RMSG = 3.9401636e-01
 MIN: Iter =   37  NFunc =   684  E =    -209.55499  RMSG = 3.7592751e-01
 MIN: Iter =   38  NFunc =   696  E =    -209.62119  RMSG = 1.7422710e-01
 MIN: Iter =   39  NFunc =   705  E =    -209.64926  RMSG = 1.8165455e-01
 MIN: Iter =   40  NFunc =   756  E =    -209.71162  RMSG = 1.4052053e-01
 MIN: Iter =   41  NFunc =   764  E =    -209.72455  RMSG = 9.5711109e-02
 MIN: Iter =   42  NFunc =   788  E =    -209.74777  RMSG = 1.5757461e-01
 MIN: Iter =   43  NFunc =   795  E =    -209.75267  RMSG = 4.7069732e-02
 MIN: Iter =   44  NFunc =   806  E =    -209.75524  RMSG = 2.8468848e-02
 MIN: Iter =   45  NFunc =   857  E =    -209.76955  RMSG = 1.4127750e-01
 MIN: Iter =   46  NFunc =   863  E =    -209.77310  RMSG = 4.4479806e-02
 MIN: Iter =   47  NFunc =   882  E =    -209.77488  RMSG = 2.0140635e-02
 MIN: Iter =   48  NFunc =   920  E =    -209.77688  RMSG = 1.3852555e-02
 MIN: Iter =   49  NFunc =   971  E =    -209.77764  RMSG = 1.0393291e-02
 MIN: Iter =   50  NFunc =   991  E =    -209.77778  RMSG = 4.9452850e-03
 MIN: Iter =   51  NFunc =  1030  E =    -209.77795  RMSG = 3.5653618e-03
 MIN: Iter =   52  NFunc =  1081  E =    -209.77809  RMSG = 4.4220481e-03
 MIN: Iter =   53  NFunc =  1109  E =    -209.77813  RMSG = 2.1169082e-03
 MIN: Iter =   54  NFunc =  1160  E =    -209.77820  RMSG = 3.5748279e-03
 MIN: Iter =   55  NFunc =  1174  E =    -209.77822  RMSG = 2.2975601e-03
 MIN: Iter =   56  NFunc =  1201  E =    -209.77824  RMSG = 1.8591014e-03
 MIN: Iter =   57  NFunc =  1252  E =    -209.77826  RMSG = 2.3572862e-03
 MIN: Iter =   58  NFunc =  1263  E =    -209.77827  RMSG = 1.5689106e-03
 MIN: Iter =   59  NFunc =  1281  E =    -209.77827  RMSG = 8.1078978e-04
 MIN: Iter =   60  NFunc =  1332  E =    -209.77828  RMSG = 1.1376577e-03
 MIN: Iter =   61  NFunc =  1383  E =    -209.77829  RMSG = 1.2693129e-03
 MIN: Iter =   62  NFunc =  1434  E =    -209.77831  RMSG = 1.6729493e-03
 MIN: Iter =   63  NFunc =  1449  E =    -209.77831  RMSG = 1.2115000e-03
 MIN: Iter =   64  NFunc =  1470  E =    -209.77832  RMSG = 7.9395981e-04
 MIN: Iter =   65  NFunc =  1513  E =    -209.77832  RMSG = 6.1556624e-04
 MIN: Iter =   66  NFunc =  1561  E =    -209.77832  RMSG = 3.1844765e-04
----------------------------------------------------------------
 END:          :-)  E =    -209.77832  RMSG =   0.0003184

     bond:      1.071892866
    angle:      4.571017831
 dihedral:     28.090425520
    enb14:     16.115642414
    eel14:   -505.133677749
      enb:     -5.886094332
      eel:    277.166193799
      egb:    -25.773720231
    econs:      0.000000000
    esurf:      0.000000000
    Total:   -209.778319881
     frms:      0.000318448
====== rms.dat  ======================================================
#Frame      all_heavy
       1       0.8836
