====== tleap.out =====================================================
-I: Adding /home/case/amber24/dat/leap/prep to search path.
-I: Adding /home/case/amber24/dat/leap/lib to search path.
-I: Adding /home/case/amber24/dat/leap/parm to search path.
-I: Adding /home/case/amber24/dat/leap/cmd to search path.
-f: Source leap.in.

Welcome to LEaP!
(no leaprc in search path)
Sourcing: ./leap.in
Using Bondi radii
----- Source: /home/case/amber24/dat/leap/cmd/leaprc.gaff2
----- Source of /home/case/amber24/dat/leap/cmd/leaprc.gaff2 done
Log file: ./leap.log
Loading parameters: /home/case/amber24/dat/leap/parm/gaff2.dat
Reading title:
AMBER General Force Field for organic molecules (Version 2.2.20, March 2021)
Loading parameters: ./NWY.frcmod
Reading force field modification type file (frcmod)
Reading title:
Remark line goes here
Loading Mol2 file: ./NWY.mol2
Reading MOLECULE named NWY
Checking Unit.
Building topology.
"order_residues" off: keep input residue order.
Building atom parameters.
Building bond parameters.
Building angle parameters.
Building proper torsion parameters.

/home/case/amber24/bin/teLeap: Note.
1-4: angle 5 15 duplicates bond ('triangular' bond) or angle ('square' bond)


/home/case/amber24/bin/teLeap: Note.
1-4: angle 6 7 duplicates bond ('triangular' bond) or angle ('square' bond)

Building improper torsion parameters.
 total 7 improper torsions applied
Building H-Bond parameters.
Incorporating Non-Bonded adjustments.
Not Marking per-residue atom chain types.
Marking per-residue atom chain types.
  (Residues lacking connect0/connect1 - 
   these don't have chain types marked:

	res	total affected

	NWY	1
  )
 (no restraints)
	Quit

Exiting LEaP: Errors = 0; Warnings = 0; Notes = 2.
====== min.o =========================================================
Reading parm file (NWY.parm7)
title:
NWY                                                                             
no velocities were found
no velocities were found
	mm_options:  ntpr=5
	mm_options:  gb=1
	mm_options:  kappa=0.10395
	mm_options:  rgbmax=99.
	mm_options:  cut=99.0
	mm_options:  wcons=0.
     bond:      1.580280658
    angle:     49.039320359
 dihedral:      7.222504644
    enb14:      6.867297134
    eel14:    -58.953380938
      enb:     -1.890237443
      eel:      3.414892095
      egb:    -16.259322112
    econs:      0.000000000
    esurf:      0.000000000
    Total:     -8.978645603
     frms:     25.154116185
Starting TNCG minimisation
 MIN: Iter =    0  NFunc =     1  E =      -8.97865  RMSG = 2.5154116e+01
 MIN: Iter =    1  NFunc =     7  E =     -36.75497  RMSG = 9.9260459e+00
 MIN: Iter =    2  NFunc =    13  E =     -43.43023  RMSG = 1.9638757e+00
 MIN: Iter =    3  NFunc =    20  E =     -43.95308  RMSG = 8.9815605e-01
 MIN: Iter =    4  NFunc =    26  E =     -44.04365  RMSG = 3.1569223e-01
 MIN: Iter =    5  NFunc =    33  E =     -44.06970  RMSG = 1.6279441e-01
 MIN: Iter =    6  NFunc =    48  E =     -44.08213  RMSG = 7.7223339e-02
 MIN: Iter =    7  NFunc =    86  E =     -44.10170  RMSG = 1.1366587e-01
 MIN: Iter =    8  NFunc =   105  E =     -44.11086  RMSG = 1.3091960e-01
 MIN: Iter =    9  NFunc =   146  E =     -44.12439  RMSG = 1.7862643e-01
 MIN: Iter =   10  NFunc =   152  E =     -44.12941  RMSG = 6.5114119e-02
 MIN: Iter =   11  NFunc =   174  E =     -44.13602  RMSG = 6.0087392e-02
 MIN: Iter =   12  NFunc =   188  E =     -44.14016  RMSG = 9.1713386e-02
 MIN: Iter =   13  NFunc =   196  E =     -44.14168  RMSG = 4.2885015e-02
 MIN: Iter =   14  NFunc =   234  E =     -44.14905  RMSG = 1.0311588e-01
 MIN: Iter =   15  NFunc =   242  E =     -44.15213  RMSG = 6.5905274e-02
 MIN: Iter =   16  NFunc =   276  E =     -44.15551  RMSG = 8.6515383e-02
 MIN: Iter =   17  NFunc =   282  E =     -44.15663  RMSG = 4.8816619e-02
 MIN: Iter =   18  NFunc =   298  E =     -44.15799  RMSG = 4.5538752e-02
 MIN: Iter =   19  NFunc =   305  E =     -44.15905  RMSG = 7.1569528e-02
 MIN: Iter =   20  NFunc =   311  E =     -44.15952  RMSG = 1.7039841e-02
 MIN: Iter =   21  NFunc =   362  E =     -44.16372  RMSG = 8.1272941e-02
 MIN: Iter =   22  NFunc =   370  E =     -44.16466  RMSG = 2.5299199e-02
 MIN: Iter =   23  NFunc =   406  E =     -44.16900  RMSG = 9.5774219e-02
 MIN: Iter =   24  NFunc =   413  E =     -44.16985  RMSG = 3.1215067e-02
 MIN: Iter =   25  NFunc =   447  E =     -44.17532  RMSG = 1.1729741e-01
 MIN: Iter =   26  NFunc =   456  E =     -44.17682  RMSG = 3.2147576e-02
 MIN: Iter =   27  NFunc =   486  E =     -44.19267  RMSG = 1.9704168e-01
 MIN: Iter =   28  NFunc =   493  E =     -44.19719  RMSG = 6.2253154e-02
 MIN: Iter =   29  NFunc =   529  E =     -44.22206  RMSG = 2.0670590e-01
 MIN: Iter =   30  NFunc =   535  E =     -44.22797  RMSG = 7.6180719e-02
 MIN: Iter =   31  NFunc =   543  E =     -44.23092  RMSG = 6.2074803e-02
 MIN: Iter =   32  NFunc =   596  E =     -44.25731  RMSG = 2.7950877e-01
 MIN: Iter =   33  NFunc =   602  E =     -44.28155  RMSG = 3.1350889e-01
 MIN: Iter =   34  NFunc =   608  E =     -44.31468  RMSG = 1.6937103e-01
 MIN: Iter =   35  NFunc =   615  E =     -44.32986  RMSG = 1.6546679e-01
 MIN: Iter =   36  NFunc =   621  E =     -44.34733  RMSG = 2.5729012e-01
 MIN: Iter =   37  NFunc =   627  E =     -44.36114  RMSG = 7.9319168e-02
 MIN: Iter =   38  NFunc =   633  E =     -44.36596  RMSG = 1.9284585e-01
 MIN: Iter =   39  NFunc =   639  E =     -44.37090  RMSG = 4.7785676e-02
 MIN: Iter =   40  NFunc =   660  E =     -44.37428  RMSG = 4.9783950e-02
 MIN: Iter =   41  NFunc =   676  E =     -44.37545  RMSG = 1.7589754e-02
 MIN: Iter =   42  NFunc =   722  E =     -44.37599  RMSG = 1.2334313e-02
 MIN: Iter =   43  NFunc =   730  E =     -44.37602  RMSG = 4.2545677e-03
 MIN: Iter =   44  NFunc =   739  E =     -44.37603  RMSG = 3.0392580e-03
 MIN: Iter =   45  NFunc =   791  E =     -44.37620  RMSG = 4.6449889e-02
 MIN: Iter =   46  NFunc =   797  E =     -44.37641  RMSG = 1.1293867e-02
 MIN: Iter =   47  NFunc =   807  E =     -44.37654  RMSG = 2.0787412e-02
 MIN: Iter =   48  NFunc =   815  E =     -44.37669  RMSG = 3.4974636e-02
 MIN: Iter =   49  NFunc =   821  E =     -44.37683  RMSG = 1.0018785e-02
 MIN: Iter =   50  NFunc =   828  E =     -44.37688  RMSG = 1.0677890e-02
 MIN: Iter =   51  NFunc =   834  E =     -44.37693  RMSG = 2.1859947e-02
 MIN: Iter =   52  NFunc =   840  E =     -44.37697  RMSG = 4.6279202e-03
 MIN: Iter =   53  NFunc =   868  E =     -44.37705  RMSG = 2.4347096e-02
 MIN: Iter =   54  NFunc =   874  E =     -44.37709  RMSG = 6.7959073e-03
 MIN: Iter =   55  NFunc =   906  E =     -44.37720  RMSG = 9.7338266e-03
 MIN: Iter =   56  NFunc =   912  E =     -44.37721  RMSG = 2.7101196e-03
 MIN: Iter =   57  NFunc =   927  E =     -44.37722  RMSG = 1.9894729e-03
 MIN: Iter =   58  NFunc =   933  E =     -44.37722  RMSG = 1.0793218e-03
 MIN: Iter =   59  NFunc =   971  E =     -44.37723  RMSG = 1.6533704e-03
 MIN: Iter =   60  NFunc =   996  E =     -44.37724  RMSG = 1.6756328e-03
 MIN: Iter =   61  NFunc =  1037  E =     -44.37725  RMSG = 1.7742151e-03
 MIN: Iter =   62  NFunc =  1043  E =     -44.37725  RMSG = 6.5339014e-04
 MIN: Iter =   63  NFunc =  1058  E =     -44.37725  RMSG = 2.8494935e-04
----------------------------------------------------------------
 END:          :-)  E =     -44.37725  RMSG =   0.0002849

     bond:      0.844466389
    angle:     14.049885358
 dihedral:      5.911170780
    enb14:      7.982910774
    eel14:    -58.118831556
      enb:     -1.600073421
      eel:      2.998172431
      egb:    -16.444952962
    econs:      0.000000000
    esurf:      0.000000000
    Total:    -44.377252206
     frms:      0.000284949
====== rms.dat  ======================================================
#Frame      all_heavy
       1       0.3752
