====== tleap.out =====================================================
-I: Adding /home/case/amber24/dat/leap/prep to search path.
-I: Adding /home/case/amber24/dat/leap/lib to search path.
-I: Adding /home/case/amber24/dat/leap/parm to search path.
-I: Adding /home/case/amber24/dat/leap/cmd to search path.
-f: Source leap.in.

Welcome to LEaP!
(no leaprc in search path)
Sourcing: ./leap.in
Using Bondi radii
----- Source: /home/case/amber24/dat/leap/cmd/leaprc.gaff2
----- Source of /home/case/amber24/dat/leap/cmd/leaprc.gaff2 done
Log file: ./leap.log
Loading parameters: /home/case/amber24/dat/leap/parm/gaff2.dat
Reading title:
AMBER General Force Field for organic molecules (Version 2.2.20, March 2021)
Loading parameters: ./51V.frcmod
Reading force field modification type file (frcmod)
Reading title:
Remark line goes here
Loading Mol2 file: ./51V.mol2
Reading MOLECULE named 51V
Checking Unit.
Building topology.
"order_residues" off: keep input residue order.
Building atom parameters.
Building bond parameters.
Building angle parameters.
Building proper torsion parameters.
Building improper torsion parameters.
 total 7 improper torsions applied
Building H-Bond parameters.
Incorporating Non-Bonded adjustments.
Not Marking per-residue atom chain types.
Marking per-residue atom chain types.
  (Residues lacking connect0/connect1 - 
   these don't have chain types marked:

	res	total affected

	51V	1
  )
 (no restraints)
	Quit

Exiting LEaP: Errors = 0; Warnings = 0; Notes = 0.
====== min.o =========================================================
Reading parm file (51V.parm7)
title:
51V                                                                             
no velocities were found
no velocities were found
	mm_options:  ntpr=5
	mm_options:  gb=1
	mm_options:  kappa=0.10395
	mm_options:  rgbmax=99.
	mm_options:  cut=99.0
	mm_options:  wcons=0.
     bond:      0.306563050
    angle:      0.659725763
 dihedral:      2.740941273
    enb14:      4.357625121
    eel14:    -19.540006000
      enb:     -0.312919879
      eel:     -6.848220076
      egb:     -9.260910894
    econs:      0.000000000
    esurf:      0.000000000
    Total:    -27.897201645
     frms:      7.041871654
Starting TNCG minimisation
 MIN: Iter =    0  NFunc =     1  E =     -27.89720  RMSG = 7.0418717e+00
 MIN: Iter =    1  NFunc =     7  E =     -30.02552  RMSG = 1.8481347e+00
 MIN: Iter =    2  NFunc =    13  E =     -30.28174  RMSG = 8.0205410e-01
 MIN: Iter =    3  NFunc =    23  E =     -30.38056  RMSG = 7.0915264e-01
 MIN: Iter =    4  NFunc =    32  E =     -30.41640  RMSG = 3.6396772e-01
 MIN: Iter =    5  NFunc =    39  E =     -30.42502  RMSG = 1.3888952e-01
 MIN: Iter =    6  NFunc =    50  E =     -30.42807  RMSG = 5.2813518e-02
 MIN: Iter =    7  NFunc =    61  E =     -30.42872  RMSG = 1.7872745e-02
 MIN: Iter =    8  NFunc =    71  E =     -30.42883  RMSG = 9.9551693e-03
 MIN: Iter =    9  NFunc =    77  E =     -30.42885  RMSG = 6.3105916e-03
 MIN: Iter =   10  NFunc =   101  E =     -30.42891  RMSG = 6.2378654e-03
 MIN: Iter =   11  NFunc =   107  E =     -30.42891  RMSG = 2.3954409e-03
 MIN: Iter =   12  NFunc =   118  E =     -30.42892  RMSG = 1.2181356e-03
 MIN: Iter =   13  NFunc =   127  E =     -30.42892  RMSG = 8.5656602e-04
 MIN: Iter =   14  NFunc =   138  E =     -30.42892  RMSG = 3.4457202e-04
----------------------------------------------------------------
 END:          :-)  E =     -30.42892  RMSG =   0.0003446

     bond:      0.278459300
    angle:      0.658219920
 dihedral:      0.407829737
    enb14:      3.522142076
    eel14:    -19.504819277
      enb:     -0.430744418
      eel:     -6.627769486
      egb:     -8.732234547
    econs:      0.000000000
    esurf:      0.000000000
    Total:    -30.428916694
     frms:      0.000344572
====== rms.dat  ======================================================
#Frame      all_heavy
       1       0.0277
