====== tleap.out =====================================================
-I: Adding /home/case/amber24/dat/leap/prep to search path.
-I: Adding /home/case/amber24/dat/leap/lib to search path.
-I: Adding /home/case/amber24/dat/leap/parm to search path.
-I: Adding /home/case/amber24/dat/leap/cmd to search path.
-f: Source leap.in.

Welcome to LEaP!
(no leaprc in search path)
Sourcing: ./leap.in
Using Bondi radii
----- Source: /home/case/amber24/dat/leap/cmd/leaprc.gaff2
----- Source of /home/case/amber24/dat/leap/cmd/leaprc.gaff2 done
Log file: ./leap.log
Loading parameters: /home/case/amber24/dat/leap/parm/gaff2.dat
Reading title:
AMBER General Force Field for organic molecules (Version 2.2.20, March 2021)
Loading parameters: ./52K.frcmod
Reading force field modification type file (frcmod)
Reading title:
Remark line goes here
Loading Mol2 file: ./52K.mol2
Reading MOLECULE named 52K
Checking Unit.
Building topology.
"order_residues" off: keep input residue order.
Building atom parameters.
Building bond parameters.
Building angle parameters.
Building proper torsion parameters.
Building improper torsion parameters.
 total 15 improper torsions applied
Building H-Bond parameters.
Incorporating Non-Bonded adjustments.
Not Marking per-residue atom chain types.
Marking per-residue atom chain types.
  (Residues lacking connect0/connect1 - 
   these don't have chain types marked:

	res	total affected

	52K	1
  )
 (no restraints)
	Quit

Exiting LEaP: Errors = 0; Warnings = 0; Notes = 0.
====== min.o =========================================================
Reading parm file (52K.parm7)
title:
52K                                                                             
no velocities were found
no velocities were found
	mm_options:  ntpr=5
	mm_options:  gb=1
	mm_options:  kappa=0.10395
	mm_options:  rgbmax=99.
	mm_options:  cut=99.0
	mm_options:  wcons=0.
     bond:      2.212458591
    angle:      4.508057454
 dihedral:      6.920915107
    enb14:     18.252205903
    eel14:     34.443663381
      enb:      1.127799085
      eel:    -43.205137216
      egb:    -25.835042054
    econs:      0.000000000
    esurf:      0.000000000
    Total:     -1.575079750
     frms:      8.839836500
Starting TNCG minimisation
 MIN: Iter =    0  NFunc =     1  E =      -1.57508  RMSG = 8.8398365e+00
 MIN: Iter =    1  NFunc =     7  E =     -10.78933  RMSG = 3.1616353e+00
 MIN: Iter =    2  NFunc =    14  E =     -13.35383  RMSG = 1.2939010e+00
 MIN: Iter =    3  NFunc =    21  E =     -13.81519  RMSG = 6.8895580e-01
 MIN: Iter =    4  NFunc =    27  E =     -13.94638  RMSG = 4.2028084e-01
 MIN: Iter =    5  NFunc =    38  E =     -14.05153  RMSG = 3.0025448e-01
 MIN: Iter =    6  NFunc =    53  E =     -14.12300  RMSG = 2.7339086e-01
 MIN: Iter =    7  NFunc =    75  E =     -14.15764  RMSG = 9.7008757e-02
 MIN: Iter =    8  NFunc =    84  E =     -14.16157  RMSG = 5.3040280e-02
 MIN: Iter =    9  NFunc =   115  E =     -14.16837  RMSG = 3.7064585e-02
 MIN: Iter =   10  NFunc =   141  E =     -14.17091  RMSG = 2.7294051e-02
 MIN: Iter =   11  NFunc =   191  E =     -14.17704  RMSG = 5.0138144e-02
 MIN: Iter =   12  NFunc =   201  E =     -14.17838  RMSG = 2.9524819e-02
 MIN: Iter =   13  NFunc =   218  E =     -14.17977  RMSG = 2.7084141e-02
 MIN: Iter =   14  NFunc =   236  E =     -14.18049  RMSG = 1.5341959e-02
 MIN: Iter =   15  NFunc =   244  E =     -14.18057  RMSG = 6.4099449e-03
 MIN: Iter =   16  NFunc =   263  E =     -14.18062  RMSG = 3.6288865e-03
 MIN: Iter =   17  NFunc =   272  E =     -14.18063  RMSG = 2.3740225e-03
 MIN: Iter =   18  NFunc =   300  E =     -14.18064  RMSG = 1.0640105e-03
 MIN: Iter =   19  NFunc =   351  E =     -14.18065  RMSG = 2.8569531e-03
 MIN: Iter =   20  NFunc =   398  E =     -14.18070  RMSG = 7.4303483e-03
 MIN: Iter =   21  NFunc =   404  E =     -14.18071  RMSG = 1.4184270e-03
 MIN: Iter =   22  NFunc =   416  E =     -14.18071  RMSG = 9.5967279e-04
 MIN: Iter =   23  NFunc =   435  E =     -14.18071  RMSG = 5.6260510e-04
 MIN: Iter =   24  NFunc =   463  E =     -14.18071  RMSG = 4.6318368e-04
----------------------------------------------------------------
 END:          :-)  E =     -14.18071  RMSG =   0.0004632

     bond:      3.212570060
    angle:      4.873008903
 dihedral:      7.785945494
    enb14:     11.546523930
    eel14:     28.840904731
      enb:     -1.911385263
      eel:    -40.616264055
      egb:    -27.912014182
    econs:      0.000000000
    esurf:      0.000000000
    Total:    -14.180710382
     frms:      0.000463184
====== rms.dat  ======================================================
#Frame      all_heavy
       1       0.1539
