====== tleap.out =====================================================
-I: Adding /home/case/amber24/dat/leap/prep to search path.
-I: Adding /home/case/amber24/dat/leap/lib to search path.
-I: Adding /home/case/amber24/dat/leap/parm to search path.
-I: Adding /home/case/amber24/dat/leap/cmd to search path.
-f: Source leap.in.

Welcome to LEaP!
(no leaprc in search path)
Sourcing: ./leap.in
Using Bondi radii
----- Source: /home/case/amber24/dat/leap/cmd/leaprc.gaff2
----- Source of /home/case/amber24/dat/leap/cmd/leaprc.gaff2 done
Log file: ./leap.log
Loading parameters: /home/case/amber24/dat/leap/parm/gaff2.dat
Reading title:
AMBER General Force Field for organic molecules (Version 2.2.20, March 2021)
Loading parameters: ./54F.frcmod
Reading force field modification type file (frcmod)
Reading title:
Remark line goes here
Loading Mol2 file: ./54F.mol2
Reading MOLECULE named 54F
Checking Unit.
Building topology.
"order_residues" off: keep input residue order.
Building atom parameters.
Building bond parameters.
Building angle parameters.
Building proper torsion parameters.
Building improper torsion parameters.
 total 12 improper torsions applied
Building H-Bond parameters.
Incorporating Non-Bonded adjustments.
Not Marking per-residue atom chain types.
Marking per-residue atom chain types.
  (Residues lacking connect0/connect1 - 
   these don't have chain types marked:

	res	total affected

	54F	1
  )
 (no restraints)
	Quit

Exiting LEaP: Errors = 0; Warnings = 0; Notes = 0.
====== min.o =========================================================
Reading parm file (54F.parm7)
title:
54F                                                                             
no velocities were found
no velocities were found
	mm_options:  ntpr=5
	mm_options:  gb=1
	mm_options:  kappa=0.10395
	mm_options:  rgbmax=99.
	mm_options:  cut=99.0
	mm_options:  wcons=0.
     bond:      1.031618938
    angle:      1.096543571
 dihedral:      6.075956687
    enb14:     10.052542553
    eel14:   -158.135281176
      enb:     -1.781200419
      eel:     74.013866592
      egb:    -17.461157324
    econs:      0.000000000
    esurf:      0.000000000
    Total:    -85.107110576
     frms:      9.484284911
Starting TNCG minimisation
 MIN: Iter =    0  NFunc =     1  E =     -85.10711  RMSG = 9.4842849e+00
 MIN: Iter =    1  NFunc =     7  E =     -88.85737  RMSG = 1.6045017e+00
 MIN: Iter =    2  NFunc =    14  E =     -89.54243  RMSG = 9.8943079e-01
 MIN: Iter =    3  NFunc =    21  E =     -89.64130  RMSG = 4.0190695e-01
 MIN: Iter =    4  NFunc =    32  E =     -89.68515  RMSG = 2.2851032e-01
 MIN: Iter =    5  NFunc =    42  E =     -89.70307  RMSG = 1.3617423e-01
 MIN: Iter =    6  NFunc =    67  E =     -89.71389  RMSG = 9.7603816e-02
 MIN: Iter =    7  NFunc =   102  E =     -89.73462  RMSG = 2.6180659e-01
 MIN: Iter =    8  NFunc =   111  E =     -89.74085  RMSG = 8.3440415e-02
 MIN: Iter =    9  NFunc =   133  E =     -89.76419  RMSG = 1.8720506e-01
 MIN: Iter =   10  NFunc =   163  E =     -89.81716  RMSG = 6.9333938e-01
 MIN: Iter =   11  NFunc =   169  E =     -89.85126  RMSG = 2.1368696e-01
 MIN: Iter =   12  NFunc =   201  E =     -89.93333  RMSG = 5.9858324e-01
 MIN: Iter =   13  NFunc =   207  E =     -89.96814  RMSG = 1.7987504e-01
 MIN: Iter =   14  NFunc =   215  E =     -89.97846  RMSG = 1.4281353e-01
 MIN: Iter =   15  NFunc =   266  E =     -90.06120  RMSG = 5.5167038e-01
 MIN: Iter =   16  NFunc =   273  E =     -90.10666  RMSG = 2.9627723e-01
 MIN: Iter =   17  NFunc =   283  E =     -90.14376  RMSG = 2.3702751e-01
 MIN: Iter =   18  NFunc =   291  E =     -90.15590  RMSG = 1.0661322e-01
 MIN: Iter =   19  NFunc =   314  E =     -90.16196  RMSG = 3.9117241e-01
 MIN: Iter =   20  NFunc =   320  E =     -90.16580  RMSG = 5.0994833e-02
 MIN: Iter =   21  NFunc =   340  E =     -90.16744  RMSG = 3.0002061e-02
 MIN: Iter =   22  NFunc =   349  E =     -90.16766  RMSG = 1.5742201e-02
 MIN: Iter =   23  NFunc =   382  E =     -90.16848  RMSG = 2.2327416e-02
 MIN: Iter =   24  NFunc =   390  E =     -90.16856  RMSG = 8.1254914e-03
 MIN: Iter =   25  NFunc =   425  E =     -90.16874  RMSG = 5.6041490e-03
 MIN: Iter =   26  NFunc =   433  E =     -90.16875  RMSG = 4.1826235e-03
 MIN: Iter =   27  NFunc =   457  E =     -90.16878  RMSG = 1.9814232e-03
 MIN: Iter =   28  NFunc =   474  E =     -90.16878  RMSG = 2.0413621e-03
 MIN: Iter =   29  NFunc =   483  E =     -90.16878  RMSG = 6.4560541e-04
 MIN: Iter =   30  NFunc =   489  E =     -90.16878  RMSG = 2.5907972e-04
----------------------------------------------------------------
 END:          :-)  E =     -90.16878  RMSG =   0.0002591

     bond:      0.347047442
    angle:      1.100647724
 dihedral:      3.295329027
    enb14:      7.294683918
    eel14:   -156.176566668
      enb:     -1.347495643
      eel:     72.767477233
      egb:    -17.449904705
    econs:      0.000000000
    esurf:      0.000000000
    Total:    -90.168781671
     frms:      0.000259080
====== rms.dat  ======================================================
#Frame      all_heavy
       1       0.4814
