====== tleap.out =====================================================
-I: Adding /home/case/amber24/dat/leap/prep to search path.
-I: Adding /home/case/amber24/dat/leap/lib to search path.
-I: Adding /home/case/amber24/dat/leap/parm to search path.
-I: Adding /home/case/amber24/dat/leap/cmd to search path.
-f: Source leap.in.

Welcome to LEaP!
(no leaprc in search path)
Sourcing: ./leap.in
Using Bondi radii
----- Source: /home/case/amber24/dat/leap/cmd/leaprc.gaff2
----- Source of /home/case/amber24/dat/leap/cmd/leaprc.gaff2 done
Log file: ./leap.log
Loading parameters: /home/case/amber24/dat/leap/parm/gaff2.dat
Reading title:
AMBER General Force Field for organic molecules (Version 2.2.20, March 2021)
Loading parameters: ./54S.frcmod
Reading force field modification type file (frcmod)
Reading title:
Remark line goes here
Loading Mol2 file: ./54S.mol2
Reading MOLECULE named 54S
Checking Unit.

/home/case/amber24/bin/teLeap: Warning!
The unperturbed charge of the unit (-1.000000) is not zero.

/home/case/amber24/bin/teLeap: Note.
Ignoring the warning from Unit Checking.

Building topology.
"order_residues" off: keep input residue order.
Building atom parameters.
Building bond parameters.
Building angle parameters.
Building proper torsion parameters.
Building improper torsion parameters.
 total 23 improper torsions applied
Building H-Bond parameters.
Incorporating Non-Bonded adjustments.
Not Marking per-residue atom chain types.
Marking per-residue atom chain types.
  (Residues lacking connect0/connect1 - 
   these don't have chain types marked:

	res	total affected

	54S	1
  )
 (no restraints)
	Quit

Exiting LEaP: Errors = 0; Warnings = 1; Notes = 1.
====== min.o =========================================================
Reading parm file (54S.parm7)
title:
54S                                                                             
no velocities were found
no velocities were found
	mm_options:  ntpr=5
	mm_options:  gb=1
	mm_options:  kappa=0.10395
	mm_options:  rgbmax=99.
	mm_options:  cut=99.0
	mm_options:  wcons=0.
     bond:      3.074043403
    angle:      4.590867002
 dihedral:     45.287992988
    enb14:     15.984551924
    eel14:   -112.148597466
      enb:     -1.465484888
      eel:     60.675684084
      egb:    -95.984215536
    econs:      0.000000000
    esurf:      0.000000000
    Total:    -79.985158489
     frms:      6.553248794
Starting TNCG minimisation
 MIN: Iter =    0  NFunc =     1  E =     -79.98516  RMSG = 6.5532488e+00
 MIN: Iter =    1  NFunc =     7  E =     -86.89178  RMSG = 1.4343362e+00
 MIN: Iter =    2  NFunc =    25  E =     -89.36293  RMSG = 1.1055993e+00
 MIN: Iter =    3  NFunc =    34  E =     -90.32787  RMSG = 9.3993724e-01
 MIN: Iter =    4  NFunc =    42  E =     -90.51567  RMSG = 3.4248938e-01
 MIN: Iter =    5  NFunc =    85  E =     -90.84523  RMSG = 5.6234262e-01
 MIN: Iter =    6  NFunc =   136  E =     -91.24215  RMSG = 7.5742902e-01
 MIN: Iter =    7  NFunc =   144  E =     -91.60360  RMSG = 7.7428412e-01
 MIN: Iter =    8  NFunc =   150  E =     -91.95384  RMSG = 7.9185496e-01
 MIN: Iter =    9  NFunc =   156  E =     -92.27109  RMSG = 6.3994924e-01
 MIN: Iter =   10  NFunc =   167  E =     -92.67490  RMSG = 5.9261147e-01
 MIN: Iter =   11  NFunc =   174  E =     -92.85332  RMSG = 3.0016353e-01
 MIN: Iter =   12  NFunc =   209  E =     -93.13787  RMSG = 3.7856798e-01
 MIN: Iter =   13  NFunc =   227  E =     -93.38451  RMSG = 4.8128463e-01
 MIN: Iter =   14  NFunc =   236  E =     -93.59567  RMSG = 4.6011187e-01
 MIN: Iter =   15  NFunc =   243  E =     -93.76018  RMSG = 3.8621295e-01
 MIN: Iter =   16  NFunc =   249  E =     -93.87140  RMSG = 3.9692137e-01
 MIN: Iter =   17  NFunc =   259  E =     -93.99990  RMSG = 2.7735930e-01
 MIN: Iter =   18  NFunc =   299  E =     -94.18902  RMSG = 5.4703122e-01
 MIN: Iter =   19  NFunc =   306  E =     -94.26353  RMSG = 2.0888526e-01
 MIN: Iter =   20  NFunc =   323  E =     -94.39501  RMSG = 3.9029611e-01
 MIN: Iter =   21  NFunc =   330  E =     -94.51079  RMSG = 3.2446643e-01
 MIN: Iter =   22  NFunc =   337  E =     -94.57959  RMSG = 3.4121615e-01
 MIN: Iter =   23  NFunc =   351  E =     -94.66166  RMSG = 3.2751832e-01
 MIN: Iter =   24  NFunc =   357  E =     -94.68079  RMSG = 1.2765315e-01
 MIN: Iter =   25  NFunc =   376  E =     -94.73436  RMSG = 3.2986148e-01
 MIN: Iter =   26  NFunc =   382  E =     -94.77134  RMSG = 1.4834482e-01
 MIN: Iter =   27  NFunc =   388  E =     -94.79395  RMSG = 2.6877238e-01
 MIN: Iter =   28  NFunc =   394  E =     -94.81635  RMSG = 1.5057169e-01
 MIN: Iter =   29  NFunc =   445  E =     -94.90048  RMSG = 4.9383817e-01
 MIN: Iter =   30  NFunc =   451  E =     -94.96217  RMSG = 1.7025037e-01
 MIN: Iter =   31  NFunc =   478  E =     -95.02269  RMSG = 3.7590097e-01
 MIN: Iter =   32  NFunc =   484  E =     -95.06452  RMSG = 1.9658950e-01
 MIN: Iter =   33  NFunc =   497  E =     -95.09482  RMSG = 1.5672393e-01
 MIN: Iter =   34  NFunc =   503  E =     -95.11742  RMSG = 1.7835326e-01
 MIN: Iter =   35  NFunc =   516  E =     -95.13868  RMSG = 2.2939802e-01
 MIN: Iter =   36  NFunc =   522  E =     -95.15183  RMSG = 8.7297552e-02
 MIN: Iter =   37  NFunc =   535  E =     -95.16273  RMSG = 9.8037018e-02
 MIN: Iter =   38  NFunc =   541  E =     -95.16963  RMSG = 7.9562409e-02
 MIN: Iter =   39  NFunc =   547  E =     -95.17400  RMSG = 6.3703785e-02
 MIN: Iter =   40  NFunc =   586  E =     -95.19679  RMSG = 3.0829192e-01
 MIN: Iter =   41  NFunc =   592  E =     -95.20720  RMSG = 6.0159900e-02
 MIN: Iter =   42  NFunc =   598  E =     -95.20843  RMSG = 3.3493897e-02
 MIN: Iter =   43  NFunc =   650  E =     -95.21438  RMSG = 4.5691289e-02
 MIN: Iter =   44  NFunc =   676  E =     -95.22003  RMSG = 1.0305802e-01
 MIN: Iter =   45  NFunc =   682  E =     -95.22137  RMSG = 2.4370273e-02
 MIN: Iter =   46  NFunc =   700  E =     -95.22181  RMSG = 8.7258043e-03
 MIN: Iter =   47  NFunc =   751  E =     -95.22289  RMSG = 3.0010219e-02
 MIN: Iter =   48  NFunc =   799  E =     -95.22489  RMSG = 5.1729030e-02
 MIN: Iter =   49  NFunc =   830  E =     -95.22618  RMSG = 1.6068350e-02
 MIN: Iter =   50  NFunc =   853  E =     -95.22650  RMSG = 8.0055207e-03
 MIN: Iter =   51  NFunc =   903  E =     -95.22674  RMSG = 6.2872729e-03
 MIN: Iter =   52  NFunc =   926  E =     -95.22683  RMSG = 4.0869091e-03
 MIN: Iter =   53  NFunc =   954  E =     -95.22687  RMSG = 3.1938549e-03
 MIN: Iter =   54  NFunc =   963  E =     -95.22688  RMSG = 1.5992192e-03
 MIN: Iter =   55  NFunc =  1014  E =     -95.22690  RMSG = 1.8314289e-03
 MIN: Iter =   56  NFunc =  1065  E =     -95.22692  RMSG = 1.6695007e-03
 MIN: Iter =   57  NFunc =  1090  E =     -95.22693  RMSG = 1.0191464e-03
 MIN: Iter =   58  NFunc =  1141  E =     -95.22694  RMSG = 1.2147971e-03
 MIN: Iter =   59  NFunc =  1187  E =     -95.22695  RMSG = 1.1668508e-03
 MIN: Iter =   60  NFunc =  1238  E =     -95.22696  RMSG = 8.8196020e-04
 MIN: Iter =   61  NFunc =  1285  E =     -95.22696  RMSG = 5.5700922e-04
 MIN: Iter =   62  NFunc =  1317  E =     -95.22696  RMSG = 3.0618609e-04
----------------------------------------------------------------
 END:          :-)  E =     -95.22696  RMSG =   0.0003062

     bond:      1.342996032
    angle:      5.044537441
 dihedral:     38.906967242
    enb14:     11.172772890
    eel14:   -111.134159953
      enb:     -3.660001452
      eel:     62.785898111
      egb:    -99.685970259
    econs:      0.000000000
    esurf:      0.000000000
    Total:    -95.226959947
     frms:      0.000306186
====== rms.dat  ======================================================
#Frame      all_heavy
       1       1.2407
