====== tleap.out =====================================================
-I: Adding /home/case/amber24/dat/leap/prep to search path.
-I: Adding /home/case/amber24/dat/leap/lib to search path.
-I: Adding /home/case/amber24/dat/leap/parm to search path.
-I: Adding /home/case/amber24/dat/leap/cmd to search path.
-f: Source leap.in.

Welcome to LEaP!
(no leaprc in search path)
Sourcing: ./leap.in
Using Bondi radii
----- Source: /home/case/amber24/dat/leap/cmd/leaprc.gaff2
----- Source of /home/case/amber24/dat/leap/cmd/leaprc.gaff2 done
Log file: ./leap.log
Loading parameters: /home/case/amber24/dat/leap/parm/gaff2.dat
Reading title:
AMBER General Force Field for organic molecules (Version 2.2.20, March 2021)
Loading parameters: ./54V.frcmod
Reading force field modification type file (frcmod)
Reading title:
Remark line goes here
Loading Mol2 file: ./54V.mol2
Reading MOLECULE named 54V
Checking Unit.
Building topology.
"order_residues" off: keep input residue order.
Building atom parameters.
Building bond parameters.
Building angle parameters.
Building proper torsion parameters.
Building improper torsion parameters.
 total 7 improper torsions applied
Building H-Bond parameters.
Incorporating Non-Bonded adjustments.
Not Marking per-residue atom chain types.
Marking per-residue atom chain types.
  (Residues lacking connect0/connect1 - 
   these don't have chain types marked:

	res	total affected

	54V	1
  )
 (no restraints)
	Quit

Exiting LEaP: Errors = 0; Warnings = 0; Notes = 0.
====== min.o =========================================================
Reading parm file (54V.parm7)
title:
54V                                                                             
no velocities were found
no velocities were found
	mm_options:  ntpr=5
	mm_options:  gb=1
	mm_options:  kappa=0.10395
	mm_options:  rgbmax=99.
	mm_options:  cut=99.0
	mm_options:  wcons=0.
     bond:      1.691174807
    angle:      1.533261977
 dihedral:      3.742197692
    enb14:     12.522481918
    eel14:     89.015687804
      enb:     -2.090592351
      eel:    -39.426560585
      egb:    -10.683944074
    econs:      0.000000000
    esurf:      0.000000000
    Total:     56.303707188
     frms:      6.852181517
Starting TNCG minimisation
 MIN: Iter =    0  NFunc =     1  E =      56.30371  RMSG = 6.8521815e+00
 MIN: Iter =    1  NFunc =     7  E =      49.80651  RMSG = 2.4788731e+00
 MIN: Iter =    2  NFunc =    16  E =      47.74288  RMSG = 9.6057027e-01
 MIN: Iter =    3  NFunc =    26  E =      47.44566  RMSG = 3.5543027e-01
 MIN: Iter =    4  NFunc =    40  E =      47.33606  RMSG = 2.3414313e-01
 MIN: Iter =    5  NFunc =    68  E =      47.14645  RMSG = 5.3611216e-01
 MIN: Iter =    6  NFunc =    74  E =      47.10288  RMSG = 2.0689167e-01
 MIN: Iter =    7  NFunc =    89  E =      47.03669  RMSG = 3.1461850e-01
 MIN: Iter =    8  NFunc =    95  E =      47.02299  RMSG = 1.3302984e-01
 MIN: Iter =    9  NFunc =   146  E =      46.96366  RMSG = 4.9307182e-01
 MIN: Iter =   10  NFunc =   152  E =      46.91948  RMSG = 2.0738171e-01
 MIN: Iter =   11  NFunc =   161  E =      46.88065  RMSG = 3.7250533e-01
 MIN: Iter =   12  NFunc =   170  E =      46.85206  RMSG = 1.5133961e-01
 MIN: Iter =   13  NFunc =   176  E =      46.83927  RMSG = 3.2323517e-01
 MIN: Iter =   14  NFunc =   182  E =      46.82628  RMSG = 1.0948010e-01
 MIN: Iter =   15  NFunc =   200  E =      46.80926  RMSG = 2.6584161e-01
 MIN: Iter =   16  NFunc =   206  E =      46.80311  RMSG = 7.5672927e-02
 MIN: Iter =   17  NFunc =   224  E =      46.79868  RMSG = 5.0008933e-02
 MIN: Iter =   18  NFunc =   254  E =      46.79327  RMSG = 2.0504682e-01
 MIN: Iter =   19  NFunc =   260  E =      46.78895  RMSG = 2.5541027e-02
 MIN: Iter =   20  NFunc =   280  E =      46.78815  RMSG = 1.4119502e-02
 MIN: Iter =   21  NFunc =   298  E =      46.78798  RMSG = 7.2354081e-03
 MIN: Iter =   22  NFunc =   349  E =      46.78767  RMSG = 1.1996746e-02
 MIN: Iter =   23  NFunc =   356  E =      46.78764  RMSG = 5.6353326e-03
 MIN: Iter =   24  NFunc =   367  E =      46.78763  RMSG = 1.9785998e-03
 MIN: Iter =   25  NFunc =   396  E =      46.78760  RMSG = 1.9633617e-03
 MIN: Iter =   26  NFunc =   413  E =      46.78760  RMSG = 1.3313165e-03
 MIN: Iter =   27  NFunc =   427  E =      46.78759  RMSG = 1.1440160e-03
 MIN: Iter =   28  NFunc =   452  E =      46.78759  RMSG = 8.8350360e-04
 MIN: Iter =   29  NFunc =   468  E =      46.78759  RMSG = 4.7742993e-04
----------------------------------------------------------------
 END:          :-)  E =      46.78759  RMSG =   0.0004774

     bond:      1.894044088
    angle:      0.852099484
 dihedral:      3.592098640
    enb14:      7.733192114
    eel14:     85.746590387
      enb:     -2.792743289
      eel:    -37.491122393
      egb:    -12.746567574
    econs:      0.000000000
    esurf:      0.000000000
    Total:     46.787591456
     frms:      0.000477430
====== rms.dat  ======================================================
#Frame      all_heavy
       1       0.3785
