====== tleap.out =====================================================
-I: Adding /home/case/amber24/dat/leap/prep to search path.
-I: Adding /home/case/amber24/dat/leap/lib to search path.
-I: Adding /home/case/amber24/dat/leap/parm to search path.
-I: Adding /home/case/amber24/dat/leap/cmd to search path.
-f: Source leap.in.

Welcome to LEaP!
(no leaprc in search path)
Sourcing: ./leap.in
Using Bondi radii
----- Source: /home/case/amber24/dat/leap/cmd/leaprc.gaff2
----- Source of /home/case/amber24/dat/leap/cmd/leaprc.gaff2 done
Log file: ./leap.log
Loading parameters: /home/case/amber24/dat/leap/parm/gaff2.dat
Reading title:
AMBER General Force Field for organic molecules (Version 2.2.20, March 2021)
Loading parameters: ./57W.frcmod
Reading force field modification type file (frcmod)
Reading title:
Remark line goes here
Loading Mol2 file: ./57W.mol2
Reading MOLECULE named 57W
Checking Unit.
Building topology.
"order_residues" off: keep input residue order.
Building atom parameters.
Building bond parameters.
Building angle parameters.
Building proper torsion parameters.
Building improper torsion parameters.
 total 21 improper torsions applied
Building H-Bond parameters.
Incorporating Non-Bonded adjustments.
Not Marking per-residue atom chain types.
Marking per-residue atom chain types.
  (Residues lacking connect0/connect1 - 
   these don't have chain types marked:

	res	total affected

	57W	1
  )
 (no restraints)
	Quit

Exiting LEaP: Errors = 0; Warnings = 0; Notes = 0.
====== min.o =========================================================
Reading parm file (57W.parm7)
title:
57W                                                                             
no velocities were found
no velocities were found
	mm_options:  ntpr=5
	mm_options:  gb=1
	mm_options:  kappa=0.10395
	mm_options:  rgbmax=99.
	mm_options:  cut=99.0
	mm_options:  wcons=0.
     bond:      2.171482023
    angle:     30.856377684
 dihedral:      8.617823793
    enb14:     15.721888174
    eel14:     -1.044798564
      enb:      1.571329222
      eel:    -81.194589190
      egb:    -29.435618569
    econs:      0.000000000
    esurf:      0.000000000
    Total:    -52.736105426
     frms:     11.773645995
Starting TNCG minimisation
 MIN: Iter =    0  NFunc =     1  E =     -52.73611  RMSG = 1.1773646e+01
 MIN: Iter =    1  NFunc =     7  E =     -64.35818  RMSG = 2.8905577e+00
 MIN: Iter =    2  NFunc =    14  E =     -66.65514  RMSG = 1.3940827e+00
 MIN: Iter =    3  NFunc =    23  E =     -67.48830  RMSG = 6.2025368e-01
 MIN: Iter =    4  NFunc =    29  E =     -67.56393  RMSG = 2.8830370e-01
 MIN: Iter =    5  NFunc =    61  E =     -67.91460  RMSG = 6.1832563e-01
 MIN: Iter =    6  NFunc =    84  E =     -68.28770  RMSG = 8.4034051e-01
 MIN: Iter =    7  NFunc =   116  E =     -68.71866  RMSG = 1.0220493e+00
 MIN: Iter =    8  NFunc =   122  E =     -69.21310  RMSG = 9.7381258e-01
 MIN: Iter =    9  NFunc =   128  E =     -69.71363  RMSG = 8.9313949e-01
 MIN: Iter =   10  NFunc =   134  E =     -70.19303  RMSG = 7.8511356e-01
 MIN: Iter =   11  NFunc =   140  E =     -70.60638  RMSG = 7.3061406e-01
 MIN: Iter =   12  NFunc =   146  E =     -70.92701  RMSG = 5.8442272e-01
 MIN: Iter =   13  NFunc =   152  E =     -71.18703  RMSG = 5.7490105e-01
 MIN: Iter =   14  NFunc =   162  E =     -71.39260  RMSG = 4.7696068e-01
 MIN: Iter =   15  NFunc =   175  E =     -71.59416  RMSG = 4.4245094e-01
 MIN: Iter =   16  NFunc =   184  E =     -71.68663  RMSG = 2.6218162e-01
 MIN: Iter =   17  NFunc =   194  E =     -71.72830  RMSG = 1.8179725e-01
 MIN: Iter =   18  NFunc =   214  E =     -71.75149  RMSG = 8.6819027e-02
 MIN: Iter =   19  NFunc =   252  E =     -71.75954  RMSG = 3.7856341e-02
 MIN: Iter =   20  NFunc =   296  E =     -71.76398  RMSG = 5.0267338e-02
 MIN: Iter =   21  NFunc =   333  E =     -71.76696  RMSG = 3.9550183e-02
 MIN: Iter =   22  NFunc =   369  E =     -71.76909  RMSG = 5.4894106e-02
 MIN: Iter =   23  NFunc =   387  E =     -71.77146  RMSG = 8.2624915e-02
 MIN: Iter =   24  NFunc =   396  E =     -71.77292  RMSG = 2.6444121e-02
 MIN: Iter =   25  NFunc =   403  E =     -71.77358  RMSG = 5.4678626e-02
 MIN: Iter =   26  NFunc =   409  E =     -71.77403  RMSG = 2.6255397e-02
 MIN: Iter =   27  NFunc =   447  E =     -71.77561  RMSG = 4.6052649e-02
 MIN: Iter =   28  NFunc =   453  E =     -71.77600  RMSG = 2.1374947e-02
 MIN: Iter =   29  NFunc =   469  E =     -71.77650  RMSG = 3.2797116e-02
 MIN: Iter =   30  NFunc =   475  E =     -71.77664  RMSG = 1.0585744e-02
 MIN: Iter =   31  NFunc =   488  E =     -71.77670  RMSG = 4.5351330e-03
 MIN: Iter =   32  NFunc =   511  E =     -71.77680  RMSG = 4.8010953e-03
 MIN: Iter =   33  NFunc =   544  E =     -71.77685  RMSG = 2.7410219e-03
 MIN: Iter =   34  NFunc =   574  E =     -71.77686  RMSG = 2.1430024e-03
 MIN: Iter =   35  NFunc =   583  E =     -71.77687  RMSG = 1.5163646e-03
 MIN: Iter =   36  NFunc =   596  E =     -71.77687  RMSG = 9.0858033e-04
 MIN: Iter =   37  NFunc =   633  E =     -71.77687  RMSG = 3.9336002e-04
----------------------------------------------------------------
 END:          :-)  E =     -71.77687  RMSG =   0.0003934

     bond:      2.374361385
    angle:     22.118079924
 dihedral:      8.867349869
    enb14:     11.326099772
    eel14:     -4.918253918
      enb:     -3.589207899
      eel:    -75.261271002
      egb:    -32.694030160
    econs:      0.000000000
    esurf:      0.000000000
    Total:    -71.776872028
     frms:      0.000393360
====== rms.dat  ======================================================
#Frame      all_heavy
       1       0.4343
