====== tleap.out =====================================================
-I: Adding /home/case/amber24/dat/leap/prep to search path.
-I: Adding /home/case/amber24/dat/leap/lib to search path.
-I: Adding /home/case/amber24/dat/leap/parm to search path.
-I: Adding /home/case/amber24/dat/leap/cmd to search path.
-f: Source leap.in.

Welcome to LEaP!
(no leaprc in search path)
Sourcing: ./leap.in
Using Bondi radii
----- Source: /home/case/amber24/dat/leap/cmd/leaprc.gaff2
----- Source of /home/case/amber24/dat/leap/cmd/leaprc.gaff2 done
Log file: ./leap.log
Loading parameters: /home/case/amber24/dat/leap/parm/gaff2.dat
Reading title:
AMBER General Force Field for organic molecules (Version 2.2.20, March 2021)
Loading parameters: ./58N.frcmod
Reading force field modification type file (frcmod)
Reading title:
Remark line goes here
Loading Mol2 file: ./58N.mol2
Reading MOLECULE named 58N
Checking Unit.
Building topology.
"order_residues" off: keep input residue order.
Building atom parameters.
Building bond parameters.
Building angle parameters.
Building proper torsion parameters.
Building improper torsion parameters.
 total 13 improper torsions applied
Building H-Bond parameters.
Incorporating Non-Bonded adjustments.
Not Marking per-residue atom chain types.
Marking per-residue atom chain types.
  (Residues lacking connect0/connect1 - 
   these don't have chain types marked:

	res	total affected

	58N	1
  )
 (no restraints)
	Quit

Exiting LEaP: Errors = 0; Warnings = 0; Notes = 0.
====== min.o =========================================================
Reading parm file (58N.parm7)
title:
58N                                                                             
no velocities were found
no velocities were found
	mm_options:  ntpr=5
	mm_options:  gb=1
	mm_options:  kappa=0.10395
	mm_options:  rgbmax=99.
	mm_options:  cut=99.0
	mm_options:  wcons=0.
     bond:      1.788021217
    angle:     12.027704357
 dihedral:     35.617442711
    enb14:     12.501350496
    eel14:    -52.735605570
      enb:     -1.961192995
      eel:     11.286565455
      egb:    -16.017531712
    econs:      0.000000000
    esurf:      0.000000000
    Total:      2.506753959
     frms:      9.381729306
Starting TNCG minimisation
 MIN: Iter =    0  NFunc =     1  E =       2.50675  RMSG = 9.3817293e+00
 MIN: Iter =    1  NFunc =     7  E =      -6.90898  RMSG = 3.1783147e+00
 MIN: Iter =    2  NFunc =    17  E =      -9.67748  RMSG = 1.6705223e+00
 MIN: Iter =    3  NFunc =    28  E =     -10.86810  RMSG = 1.2199244e+00
 MIN: Iter =    4  NFunc =    39  E =     -11.44495  RMSG = 1.1874350e+00
 MIN: Iter =    5  NFunc =    54  E =     -11.81823  RMSG = 1.5821566e+00
 MIN: Iter =    6  NFunc =    61  E =     -12.23072  RMSG = 1.7874709e+00
 MIN: Iter =    7  NFunc =    67  E =     -12.70558  RMSG = 2.3232773e+00
 MIN: Iter =    8  NFunc =    73  E =     -13.39848  RMSG = 2.2453084e+00
 MIN: Iter =    9  NFunc =    79  E =     -13.84888  RMSG = 8.5726781e-01
 MIN: Iter =   10  NFunc =    85  E =     -13.98537  RMSG = 5.5654872e-01
 MIN: Iter =   11  NFunc =   102  E =     -14.08778  RMSG = 2.2642978e-01
 MIN: Iter =   12  NFunc =   140  E =     -14.16177  RMSG = 2.4917545e-01
 MIN: Iter =   13  NFunc =   146  E =     -14.17056  RMSG = 7.3237026e-02
 MIN: Iter =   14  NFunc =   166  E =     -14.18223  RMSG = 6.2705778e-02
 MIN: Iter =   15  NFunc =   194  E =     -14.18919  RMSG = 3.5814768e-02
 MIN: Iter =   16  NFunc =   220  E =     -14.19265  RMSG = 2.4521923e-02
 MIN: Iter =   17  NFunc =   239  E =     -14.19349  RMSG = 1.3862281e-02
 MIN: Iter =   18  NFunc =   286  E =     -14.19937  RMSG = 8.9324038e-02
 MIN: Iter =   19  NFunc =   293  E =     -14.20066  RMSG = 3.2127832e-02
 MIN: Iter =   20  NFunc =   345  E =     -14.20816  RMSG = 5.6510229e-02
 MIN: Iter =   21  NFunc =   394  E =     -14.21614  RMSG = 8.7734457e-02
 MIN: Iter =   22  NFunc =   401  E =     -14.21753  RMSG = 3.8598345e-02
 MIN: Iter =   23  NFunc =   437  E =     -14.22892  RMSG = 6.2628257e-02
 MIN: Iter =   24  NFunc =   489  E =     -14.24103  RMSG = 1.0496569e-01
 MIN: Iter =   25  NFunc =   498  E =     -14.25381  RMSG = 1.4220146e-01
 MIN: Iter =   26  NFunc =   505  E =     -14.26934  RMSG = 1.6849599e-01
 MIN: Iter =   27  NFunc =   511  E =     -14.28823  RMSG = 2.1104392e-01
 MIN: Iter =   28  NFunc =   517  E =     -14.30246  RMSG = 8.7094610e-02
 MIN: Iter =   29  NFunc =   523  E =     -14.31010  RMSG = 1.8454211e-01
 MIN: Iter =   30  NFunc =   529  E =     -14.31747  RMSG = 7.4060719e-02
 MIN: Iter =   31  NFunc =   548  E =     -14.32239  RMSG = 1.5372155e-01
 MIN: Iter =   32  NFunc =   554  E =     -14.32543  RMSG = 3.6410244e-02
 MIN: Iter =   33  NFunc =   576  E =     -14.32863  RMSG = 4.1815423e-02
 MIN: Iter =   34  NFunc =   592  E =     -14.32941  RMSG = 1.8159197e-02
 MIN: Iter =   35  NFunc =   609  E =     -14.32967  RMSG = 9.2725290e-03
 MIN: Iter =   36  NFunc =   630  E =     -14.32978  RMSG = 5.6204464e-03
 MIN: Iter =   37  NFunc =   664  E =     -14.32989  RMSG = 3.6159791e-03
 MIN: Iter =   38  NFunc =   674  E =     -14.32990  RMSG = 2.3941915e-03
 MIN: Iter =   39  NFunc =   681  E =     -14.32990  RMSG = 1.5191584e-03
 MIN: Iter =   40  NFunc =   702  E =     -14.32990  RMSG = 9.3525431e-04
 MIN: Iter =   41  NFunc =   753  E =     -14.32991  RMSG = 2.0288843e-03
 MIN: Iter =   42  NFunc =   769  E =     -14.32992  RMSG = 1.3386646e-03
 MIN: Iter =   43  NFunc =   794  E =     -14.32993  RMSG = 1.0967794e-03
 MIN: Iter =   44  NFunc =   811  E =     -14.32993  RMSG = 7.6014750e-04
 MIN: Iter =   45  NFunc =   821  E =     -14.32993  RMSG = 5.1553789e-04
 MIN: Iter =   46  NFunc =   834  E =     -14.32993  RMSG = 2.6818292e-04
----------------------------------------------------------------
 END:          :-)  E =     -14.32993  RMSG =   0.0002682

     bond:      2.156229026
    angle:      7.291040119
 dihedral:     28.391779582
    enb14:      8.458523221
    eel14:    -52.024250830
      enb:     -2.700697041
      eel:     10.781366304
      egb:    -16.683918317
    econs:      0.000000000
    esurf:      0.000000000
    Total:    -14.329927936
     frms:      0.000268183
====== rms.dat  ======================================================
#Frame      all_heavy
       1       0.3094
