====== tleap.out =====================================================
-I: Adding /home/case/amber24/dat/leap/prep to search path.
-I: Adding /home/case/amber24/dat/leap/lib to search path.
-I: Adding /home/case/amber24/dat/leap/parm to search path.
-I: Adding /home/case/amber24/dat/leap/cmd to search path.
-f: Source leap.in.

Welcome to LEaP!
(no leaprc in search path)
Sourcing: ./leap.in
Using Bondi radii
----- Source: /home/case/amber24/dat/leap/cmd/leaprc.gaff2
----- Source of /home/case/amber24/dat/leap/cmd/leaprc.gaff2 done
Log file: ./leap.log
Loading parameters: /home/case/amber24/dat/leap/parm/gaff2.dat
Reading title:
AMBER General Force Field for organic molecules (Version 2.2.20, March 2021)
Loading parameters: ./591.frcmod
Reading force field modification type file (frcmod)
Reading title:
Remark line goes here
Loading Mol2 file: ./591.mol2
Reading MOLECULE named 591
Checking Unit.
Building topology.
"order_residues" off: keep input residue order.
Building atom parameters.
Building bond parameters.
Building angle parameters.
Building proper torsion parameters.
Building improper torsion parameters.
 total 18 improper torsions applied
Building H-Bond parameters.
Incorporating Non-Bonded adjustments.
Not Marking per-residue atom chain types.
Marking per-residue atom chain types.
  (Residues lacking connect0/connect1 - 
   these don't have chain types marked:

	res	total affected

	591	1
  )
 (no restraints)
	Quit

Exiting LEaP: Errors = 0; Warnings = 0; Notes = 0.
====== min.o =========================================================
Reading parm file (591.parm7)
title:
591                                                                             
no velocities were found
no velocities were found
	mm_options:  ntpr=5
	mm_options:  gb=1
	mm_options:  kappa=0.10395
	mm_options:  rgbmax=99.
	mm_options:  cut=99.0
	mm_options:  wcons=0.
     bond:      3.451745310
    angle:     20.762220557
 dihedral:      3.797775375
    enb14:     12.848854433
    eel14:   -159.937716182
      enb:     -4.055950589
      eel:     44.640006346
      egb:    -25.112924751
    econs:      0.000000000
    esurf:      0.000000000
    Total:   -103.605989502
     frms:     12.016151680
Starting TNCG minimisation
 MIN: Iter =    0  NFunc =     1  E =    -103.60599  RMSG = 1.2016152e+01
 MIN: Iter =    1  NFunc =     7  E =    -116.37027  RMSG = 2.6479605e+00
 MIN: Iter =    2  NFunc =    16  E =    -118.21885  RMSG = 1.1950791e+00
 MIN: Iter =    3  NFunc =    42  E =    -119.35593  RMSG = 9.5966095e-01
 MIN: Iter =    4  NFunc =    55  E =    -119.93584  RMSG = 6.5062530e-01
 MIN: Iter =    5  NFunc =    67  E =    -120.25745  RMSG = 4.7794604e-01
 MIN: Iter =    6  NFunc =    94  E =    -120.69332  RMSG = 5.7768714e-01
 MIN: Iter =    7  NFunc =   108  E =    -121.03746  RMSG = 6.0155112e-01
 MIN: Iter =    8  NFunc =   116  E =    -121.31057  RMSG = 5.0742397e-01
 MIN: Iter =    9  NFunc =   124  E =    -121.49384  RMSG = 4.8332616e-01
 MIN: Iter =   10  NFunc =   130  E =    -121.61619  RMSG = 4.0063625e-01
 MIN: Iter =   11  NFunc =   139  E =    -121.72050  RMSG = 3.1338381e-01
 MIN: Iter =   12  NFunc =   157  E =    -121.85611  RMSG = 3.8911403e-01
 MIN: Iter =   13  NFunc =   171  E =    -121.94370  RMSG = 1.9137191e-01
 MIN: Iter =   14  NFunc =   194  E =    -121.98777  RMSG = 4.2754112e-01
 MIN: Iter =   15  NFunc =   200  E =    -122.00933  RMSG = 1.2435791e-01
 MIN: Iter =   16  NFunc =   252  E =    -122.02997  RMSG = 1.3398017e-01
 MIN: Iter =   17  NFunc =   270  E =    -122.05488  RMSG = 1.5301942e-01
 MIN: Iter =   18  NFunc =   286  E =    -122.08024  RMSG = 2.0181606e-01
 MIN: Iter =   19  NFunc =   293  E =    -122.09950  RMSG = 1.4998869e-01
 MIN: Iter =   20  NFunc =   302  E =    -122.11234  RMSG = 2.5860171e-01
 MIN: Iter =   21  NFunc =   309  E =    -122.12339  RMSG = 8.5514504e-02
 MIN: Iter =   22  NFunc =   319  E =    -122.12841  RMSG = 1.0795031e-01
 MIN: Iter =   23  NFunc =   332  E =    -122.13167  RMSG = 3.9308208e-02
 MIN: Iter =   24  NFunc =   377  E =    -122.14044  RMSG = 1.8407299e-01
 MIN: Iter =   25  NFunc =   383  E =    -122.14444  RMSG = 4.0457193e-02
 MIN: Iter =   26  NFunc =   401  E =    -122.14616  RMSG = 2.2131467e-02
 MIN: Iter =   27  NFunc =   434  E =    -122.14804  RMSG = 2.3842254e-02
 MIN: Iter =   28  NFunc =   442  E =    -122.14817  RMSG = 1.0435724e-02
 MIN: Iter =   29  NFunc =   490  E =    -122.14868  RMSG = 1.1258252e-02
 MIN: Iter =   30  NFunc =   517  E =    -122.14883  RMSG = 4.7994909e-03
 MIN: Iter =   31  NFunc =   555  E =    -122.14891  RMSG = 3.3174716e-03
 MIN: Iter =   32  NFunc =   570  E =    -122.14893  RMSG = 2.9435246e-03
 MIN: Iter =   33  NFunc =   585  E =    -122.14894  RMSG = 1.4980078e-03
 MIN: Iter =   34  NFunc =   627  E =    -122.14896  RMSG = 1.3229232e-03
 MIN: Iter =   35  NFunc =   661  E =    -122.14896  RMSG = 1.0512403e-03
 MIN: Iter =   36  NFunc =   712  E =    -122.14897  RMSG = 5.9934245e-04
 MIN: Iter =   37  NFunc =   722  E =    -122.14897  RMSG = 5.3502816e-04
 MIN: Iter =   38  NFunc =   743  E =    -122.14897  RMSG = 3.6737241e-04
----------------------------------------------------------------
 END:          :-)  E =    -122.14897  RMSG =   0.0003674

     bond:      2.887341125
    angle:     12.197868082
 dihedral:      3.839456613
    enb14:      9.584637049
    eel14:   -166.539916868
      enb:     -5.850008454
      eel:     47.634849728
      egb:    -25.903193751
    econs:      0.000000000
    esurf:      0.000000000
    Total:   -122.148966476
     frms:      0.000367372
====== rms.dat  ======================================================
#Frame      all_heavy
       1       0.5242
