====== tleap.out =====================================================
-I: Adding /home/case/amber24/dat/leap/prep to search path.
-I: Adding /home/case/amber24/dat/leap/lib to search path.
-I: Adding /home/case/amber24/dat/leap/parm to search path.
-I: Adding /home/case/amber24/dat/leap/cmd to search path.
-f: Source leap.in.

Welcome to LEaP!
(no leaprc in search path)
Sourcing: ./leap.in
Using Bondi radii
----- Source: /home/case/amber24/dat/leap/cmd/leaprc.gaff2
----- Source of /home/case/amber24/dat/leap/cmd/leaprc.gaff2 done
Log file: ./leap.log
Loading parameters: /home/case/amber24/dat/leap/parm/gaff2.dat
Reading title:
AMBER General Force Field for organic molecules (Version 2.2.20, March 2021)
Loading parameters: ./59G.frcmod
Reading force field modification type file (frcmod)
Reading title:
Remark line goes here
Loading Mol2 file: ./59G.mol2
Reading MOLECULE named 59G
Checking Unit.

/home/case/amber24/bin/teLeap: Warning!
The unperturbed charge of the unit (-1.005000) is not zero.

/home/case/amber24/bin/teLeap: Note.
Ignoring the warning from Unit Checking.

Building topology.
"order_residues" off: keep input residue order.
Building atom parameters.
Building bond parameters.
Building angle parameters.
Building proper torsion parameters.
Building improper torsion parameters.
 total 24 improper torsions applied
Building H-Bond parameters.
Incorporating Non-Bonded adjustments.
Not Marking per-residue atom chain types.
Marking per-residue atom chain types.
  (Residues lacking connect0/connect1 - 
   these don't have chain types marked:

	res	total affected

	59G	1
  )
 (no restraints)
	Quit

Exiting LEaP: Errors = 0; Warnings = 1; Notes = 1.
====== min.o =========================================================
Reading parm file (59G.parm7)
title:
59G                                                                             
no velocities were found
no velocities were found
	mm_options:  ntpr=5
	mm_options:  gb=1
	mm_options:  kappa=0.10395
	mm_options:  rgbmax=99.
	mm_options:  cut=99.0
	mm_options:  wcons=0.
     bond:      5.006341898
    angle:     18.386394256
 dihedral:     14.965099318
    enb14:     13.619315019
    eel14:    -47.053898816
      enb:     -6.985105130
      eel:     17.178668935
      egb:    -76.738185743
    econs:      0.000000000
    esurf:      0.000000000
    Total:    -61.621370263
     frms:     10.716339147
Starting TNCG minimisation
 MIN: Iter =    0  NFunc =     1  E =     -61.62137  RMSG = 1.0716339e+01
 MIN: Iter =    1  NFunc =     7  E =     -72.83661  RMSG = 1.1371066e+00
 MIN: Iter =    2  NFunc =    15  E =     -73.83768  RMSG = 8.1412791e-01
 MIN: Iter =    3  NFunc =    23  E =     -74.14295  RMSG = 4.0240672e-01
 MIN: Iter =    4  NFunc =    40  E =     -74.33614  RMSG = 2.4499386e-01
 MIN: Iter =    5  NFunc =    63  E =     -74.40611  RMSG = 1.5022201e-01
 MIN: Iter =    6  NFunc =   114  E =     -74.47123  RMSG = 1.7377173e-01
 MIN: Iter =    7  NFunc =   120  E =     -74.48013  RMSG = 6.7539536e-02
 MIN: Iter =    8  NFunc =   164  E =     -74.52180  RMSG = 1.1967465e-01
 MIN: Iter =    9  NFunc =   189  E =     -74.55306  RMSG = 1.5414854e-01
 MIN: Iter =   10  NFunc =   239  E =     -74.58995  RMSG = 1.5324890e-01
 MIN: Iter =   11  NFunc =   245  E =     -74.59454  RMSG = 4.3494423e-02
 MIN: Iter =   12  NFunc =   268  E =     -74.60064  RMSG = 3.4893409e-02
 MIN: Iter =   13  NFunc =   308  E =     -74.60427  RMSG = 1.9423763e-02
 MIN: Iter =   14  NFunc =   359  E =     -74.60668  RMSG = 4.0515731e-02
 MIN: Iter =   15  NFunc =   380  E =     -74.60914  RMSG = 3.9219191e-02
 MIN: Iter =   16  NFunc =   399  E =     -74.60990  RMSG = 1.2169933e-02
 MIN: Iter =   17  NFunc =   422  E =     -74.61020  RMSG = 6.8147661e-03
 MIN: Iter =   18  NFunc =   451  E =     -74.61033  RMSG = 4.8084746e-03
 MIN: Iter =   19  NFunc =   502  E =     -74.61062  RMSG = 8.8760126e-03
 MIN: Iter =   20  NFunc =   553  E =     -74.61114  RMSG = 2.2177381e-02
 MIN: Iter =   21  NFunc =   568  E =     -74.61138  RMSG = 7.6916152e-03
 MIN: Iter =   22  NFunc =   593  E =     -74.61157  RMSG = 7.6932296e-03
 MIN: Iter =   23  NFunc =   644  E =     -74.61168  RMSG = 5.0624325e-03
 MIN: Iter =   24  NFunc =   695  E =     -74.61180  RMSG = 5.7698288e-03
 MIN: Iter =   25  NFunc =   709  E =     -74.61183  RMSG = 3.3446045e-03
 MIN: Iter =   26  NFunc =   730  E =     -74.61185  RMSG = 1.9746528e-03
 MIN: Iter =   27  NFunc =   756  E =     -74.61186  RMSG = 1.3160836e-03
 MIN: Iter =   28  NFunc =   790  E =     -74.61187  RMSG = 9.4196911e-04
 MIN: Iter =   29  NFunc =   804  E =     -74.61187  RMSG = 7.9724765e-04
 MIN: Iter =   30  NFunc =   849  E =     -74.61188  RMSG = 5.8783316e-04
 MIN: Iter =   31  NFunc =   900  E =     -74.61188  RMSG = 6.9665205e-04
 MIN: Iter =   32  NFunc =   921  E =     -74.61188  RMSG = 4.4625250e-04
----------------------------------------------------------------
 END:          :-)  E =     -74.61188  RMSG =   0.0004463

     bond:      1.843434677
    angle:     14.180765614
 dihedral:     13.800576896
    enb14:     10.261497960
    eel14:    -46.730053936
      enb:     -7.138413967
      eel:     17.415809535
      egb:    -78.245497386
    econs:      0.000000000
    esurf:      0.000000000
    Total:    -74.611880608
     frms:      0.000446252
====== rms.dat  ======================================================
#Frame      all_heavy
       1       0.3246
