====== tleap.out =====================================================
-I: Adding /home/case/amber26/dat/leap/prep to search path.
-I: Adding /home/case/amber26/dat/leap/lib to search path.
-I: Adding /home/case/amber26/dat/leap/parm to search path.
-I: Adding /home/case/amber26/dat/leap/cmd to search path.
-f: Source leap.in.

Welcome to LEaP!
(no leaprc in search path)
Sourcing: ./leap.in
Using Bondi radii
----- Source: /home/case/amber26/dat/leap/cmd/leaprc.gaff2
----- Source of /home/case/amber26/dat/leap/cmd/leaprc.gaff2 done
Log file: ./leap.log
Loading parameters: /home/case/amber26/dat/leap/parm/gaff2.dat
Reading title:
AMBER General Force Field for organic molecules (Version 2.2.30, Oct 2025)
Loading parameters: ./59I.frcmod
Reading force field modification type file (frcmod)
Reading title:
Remark line goes here
Loading Mol2 file: ./59I.mol2
Reading MOLECULE named 59I
Checking Unit.

/home/case/amber26/bin/teLeap: Warning!
The unperturbed charge of the unit (-1.000998) is not zero.

/home/case/amber26/bin/teLeap: Note.
Ignoring the warning from Unit Checking.

Building topology.
"order_residues" off: keep input residue order.
Building atom parameters.
Building bond parameters.
Building angle parameters.
Building proper torsion parameters.
Building improper torsion parameters.
 total 6 improper torsions applied
Building H-Bond parameters.
Incorporating Non-Bonded adjustments.
Not Marking per-residue atom chain types.
Marking per-residue atom chain types.
  (Residues lacking connect0/connect1 - 
   these don't have chain types marked:

	res	total affected

	59I	1
  )
 (no restraints)
	Quit

Exiting LEaP: Errors = 0; Warnings = 1; Notes = 1.
====== min.o =========================================================
Reading parm file (59I.parm7)
title:
59I                                                                             
no velocities were found
no velocities were found
	mm_options:  ntpr=5
	mm_options:  gb=1
	mm_options:  kappa=0.10395
	mm_options:  rgbmax=99.
	mm_options:  cut=99.0
	mm_options:  wcons=0.
     bond:      3.631901461
    angle:     13.414129644
 dihedral:     39.107778707
    enb14:      7.217022669
    eel14:    -30.132809987
      enb:     -5.211062085
      eel:     41.317109242
      egb:    -82.171376181
    econs:      0.000000000
    esurf:      0.000000000
    Total:    -12.827306530
     frms:      9.156561321
Starting TNCG minimisation
 MIN: Iter =    0  NFunc =     1  E =     -12.82731  RMSG = 9.1565613e+00
 MIN: Iter =    1  NFunc =     7  E =     -21.95341  RMSG = 3.0448533e+00
 MIN: Iter =    2  NFunc =    15  E =     -25.52698  RMSG = 2.3217657e+00
 MIN: Iter =    3  NFunc =    24  E =     -27.15855  RMSG = 2.4810364e+00
 MIN: Iter =    4  NFunc =    30  E =     -27.75859  RMSG = 7.5398423e-01
 MIN: Iter =    5  NFunc =    39  E =     -28.09041  RMSG = 9.4903369e-01
 MIN: Iter =    6  NFunc =    67  E =     -28.62748  RMSG = 1.0551568e+00
 MIN: Iter =    7  NFunc =    83  E =     -28.91195  RMSG = 6.1977633e-01
 MIN: Iter =    8  NFunc =    91  E =     -28.97860  RMSG = 2.2544535e-01
 MIN: Iter =    9  NFunc =   102  E =     -29.01863  RMSG = 1.8426507e-01
 MIN: Iter =   10  NFunc =   132  E =     -29.06976  RMSG = 1.8296210e-01
 MIN: Iter =   11  NFunc =   183  E =     -29.12143  RMSG = 4.1252078e-01
 MIN: Iter =   12  NFunc =   191  E =     -29.14530  RMSG = 1.4913761e-01
 MIN: Iter =   13  NFunc =   239  E =     -29.20253  RMSG = 2.3806590e-01
 MIN: Iter =   14  NFunc =   266  E =     -29.26011  RMSG = 3.2321410e-01
 MIN: Iter =   15  NFunc =   281  E =     -29.32584  RMSG = 3.7218219e-01
 MIN: Iter =   16  NFunc =   289  E =     -29.40308  RMSG = 4.2992092e-01
 MIN: Iter =   17  NFunc =   297  E =     -29.48965  RMSG = 4.6681876e-01
 MIN: Iter =   18  NFunc =   305  E =     -29.59749  RMSG = 5.1351421e-01
 MIN: Iter =   19  NFunc =   311  E =     -29.72385  RMSG = 5.5097091e-01
 MIN: Iter =   20  NFunc =   318  E =     -29.90901  RMSG = 5.7344439e-01
 MIN: Iter =   21  NFunc =   324  E =     -30.11657  RMSG = 4.9935071e-01
 MIN: Iter =   22  NFunc =   330  E =     -30.28579  RMSG = 5.0910119e-01
 MIN: Iter =   23  NFunc =   336  E =     -30.43693  RMSG = 4.2074358e-01
 MIN: Iter =   24  NFunc =   345  E =     -30.61223  RMSG = 3.4095844e-01
 MIN: Iter =   25  NFunc =   357  E =     -30.70855  RMSG = 2.6853049e-01
 MIN: Iter =   26  NFunc =   379  E =     -30.75811  RMSG = 3.6383737e-01
 MIN: Iter =   27  NFunc =   388  E =     -30.77102  RMSG = 1.0122763e-01
 MIN: Iter =   28  NFunc =   395  E =     -30.77595  RMSG = 7.1828629e-02
 MIN: Iter =   29  NFunc =   422  E =     -30.79141  RMSG = 1.1813029e-01
 MIN: Iter =   30  NFunc =   443  E =     -30.79488  RMSG = 2.7723808e-02
 MIN: Iter =   31  NFunc =   466  E =     -30.79576  RMSG = 1.2933353e-02
 MIN: Iter =   32  NFunc =   517  E =     -30.79762  RMSG = 3.4252433e-02
 MIN: Iter =   33  NFunc =   525  E =     -30.79798  RMSG = 1.8968209e-02
 MIN: Iter =   34  NFunc =   539  E =     -30.79824  RMSG = 9.6240281e-03
 MIN: Iter =   35  NFunc =   590  E =     -30.79878  RMSG = 1.5667825e-02
 MIN: Iter =   36  NFunc =   641  E =     -30.79938  RMSG = 1.8509191e-02
 MIN: Iter =   37  NFunc =   667  E =     -30.79959  RMSG = 7.2329950e-03
 MIN: Iter =   38  NFunc =   695  E =     -30.79984  RMSG = 8.9400211e-03
 MIN: Iter =   39  NFunc =   742  E =     -30.80009  RMSG = 8.1371821e-03
 MIN: Iter =   40  NFunc =   765  E =     -30.80021  RMSG = 5.8930439e-03
 MIN: Iter =   41  NFunc =   790  E =     -30.80025  RMSG = 2.9354945e-03
 MIN: Iter =   42  NFunc =   798  E =     -30.80025  RMSG = 1.2055869e-03
 MIN: Iter =   43  NFunc =   817  E =     -30.80026  RMSG = 6.1730907e-04
 MIN: Iter =   44  NFunc =   868  E =     -30.80026  RMSG = 8.3356950e-04
 MIN: Iter =   45  NFunc =   903  E =     -30.80026  RMSG = 3.3762620e-04
----------------------------------------------------------------
 END:          :-)  E =     -30.80026  RMSG =   0.0003376

     bond:      2.310547168
    angle:     10.933475376
 dihedral:     31.709297007
    enb14:      4.273023369
    eel14:    -32.929710351
      enb:     -4.348816885
      eel:     41.950666709
      egb:    -84.698742341
    econs:      0.000000000
    esurf:      0.000000000
    Total:    -30.800259946
     frms:      0.000337626
====== rms.dat  ======================================================
#Frame      all_heavy
       1       1.1643
