====== tleap.out =====================================================
-I: Adding /home/case/amber24/dat/leap/prep to search path.
-I: Adding /home/case/amber24/dat/leap/lib to search path.
-I: Adding /home/case/amber24/dat/leap/parm to search path.
-I: Adding /home/case/amber24/dat/leap/cmd to search path.
-f: Source leap.in.

Welcome to LEaP!
(no leaprc in search path)
Sourcing: ./leap.in
Using Bondi radii
----- Source: /home/case/amber24/dat/leap/cmd/leaprc.gaff2
----- Source of /home/case/amber24/dat/leap/cmd/leaprc.gaff2 done
Log file: ./leap.log
Loading parameters: /home/case/amber24/dat/leap/parm/gaff2.dat
Reading title:
AMBER General Force Field for organic molecules (Version 2.2.20, March 2021)
Loading parameters: ./59T.frcmod
Reading force field modification type file (frcmod)
Reading title:
Remark line goes here
Loading Mol2 file: ./59T.mol2
Reading MOLECULE named 59T
Checking Unit.
Building topology.
"order_residues" off: keep input residue order.
Building atom parameters.
Building bond parameters.
Building angle parameters.
Building proper torsion parameters.
Building improper torsion parameters.
 total 20 improper torsions applied
Building H-Bond parameters.
Incorporating Non-Bonded adjustments.
Not Marking per-residue atom chain types.
Marking per-residue atom chain types.
  (Residues lacking connect0/connect1 - 
   these don't have chain types marked:

	res	total affected

	59T	1
  )
 (no restraints)
	Quit

Exiting LEaP: Errors = 0; Warnings = 0; Notes = 0.
====== min.o =========================================================
Reading parm file (59T.parm7)
title:
59T                                                                             
no velocities were found
no velocities were found
	mm_options:  ntpr=5
	mm_options:  gb=1
	mm_options:  kappa=0.10395
	mm_options:  rgbmax=99.
	mm_options:  cut=99.0
	mm_options:  wcons=0.
     bond:      5.528472592
    angle:      5.823503561
 dihedral:     27.974273713
    enb14:     27.466914992
    eel14:    -32.736987307
      enb:     -3.773384817
      eel:    -64.503794033
      egb:    -31.831353587
    econs:      0.000000000
    esurf:      0.000000000
    Total:    -66.052354886
     frms:     11.305722132
Starting TNCG minimisation
 MIN: Iter =    0  NFunc =     1  E =     -66.05235  RMSG = 1.1305722e+01
 MIN: Iter =    1  NFunc =     7  E =     -80.78339  RMSG = 2.8808070e+00
 MIN: Iter =    2  NFunc =    17  E =     -83.80363  RMSG = 9.9663557e-01
 MIN: Iter =    3  NFunc =    68  E =     -84.77764  RMSG = 9.2523685e-01
 MIN: Iter =    4  NFunc =    85  E =     -85.55792  RMSG = 7.1663485e-01
 MIN: Iter =    5  NFunc =    93  E =     -86.10764  RMSG = 5.0369672e-01
 MIN: Iter =    6  NFunc =   102  E =     -86.19397  RMSG = 2.0006106e-01
 MIN: Iter =    7  NFunc =   153  E =     -86.38765  RMSG = 2.1136361e-01
 MIN: Iter =    8  NFunc =   177  E =     -86.49124  RMSG = 2.2737438e-01
 MIN: Iter =    9  NFunc =   186  E =     -86.51691  RMSG = 1.2479615e-01
 MIN: Iter =   10  NFunc =   237  E =     -86.57028  RMSG = 1.5716371e-01
 MIN: Iter =   11  NFunc =   252  E =     -86.59509  RMSG = 1.2306935e-01
 MIN: Iter =   12  NFunc =   271  E =     -86.61182  RMSG = 9.2033201e-02
 MIN: Iter =   13  NFunc =   290  E =     -86.61799  RMSG = 3.6243195e-02
 MIN: Iter =   14  NFunc =   310  E =     -86.62108  RMSG = 3.2576178e-02
 MIN: Iter =   15  NFunc =   346  E =     -86.62540  RMSG = 8.4085936e-02
 MIN: Iter =   16  NFunc =   352  E =     -86.62609  RMSG = 1.8541532e-02
 MIN: Iter =   17  NFunc =   396  E =     -86.62780  RMSG = 1.3231744e-02
 MIN: Iter =   18  NFunc =   434  E =     -86.62867  RMSG = 1.0943696e-02
 MIN: Iter =   19  NFunc =   451  E =     -86.62876  RMSG = 4.3291237e-03
 MIN: Iter =   20  NFunc =   494  E =     -86.62893  RMSG = 4.4963590e-03
 MIN: Iter =   21  NFunc =   533  E =     -86.62910  RMSG = 4.4082444e-03
 MIN: Iter =   22  NFunc =   548  E =     -86.62913  RMSG = 2.7369227e-03
 MIN: Iter =   23  NFunc =   580  E =     -86.62916  RMSG = 1.8093324e-03
 MIN: Iter =   24  NFunc =   603  E =     -86.62917  RMSG = 1.2338051e-03
 MIN: Iter =   25  NFunc =   615  E =     -86.62917  RMSG = 8.2216764e-04
 MIN: Iter =   26  NFunc =   666  E =     -86.62918  RMSG = 9.6080868e-04
 MIN: Iter =   27  NFunc =   717  E =     -86.62918  RMSG = 4.8570277e-04
----------------------------------------------------------------
 END:          :-)  E =     -86.62918  RMSG =   0.0004857

     bond:      2.816384806
    angle:      5.095482238
 dihedral:     21.949655244
    enb14:     19.080681447
    eel14:    -35.580644637
      enb:     -4.121180721
      eel:    -61.990741768
      egb:    -33.878818260
    econs:      0.000000000
    esurf:      0.000000000
    Total:    -86.629181652
     frms:      0.000485703
====== rms.dat  ======================================================
#Frame      all_heavy
       1       0.3388
