====== tleap.out =====================================================
-I: Adding /home/case/amber24/dat/leap/prep to search path.
-I: Adding /home/case/amber24/dat/leap/lib to search path.
-I: Adding /home/case/amber24/dat/leap/parm to search path.
-I: Adding /home/case/amber24/dat/leap/cmd to search path.
-f: Source leap.in.

Welcome to LEaP!
(no leaprc in search path)
Sourcing: ./leap.in
Using Bondi radii
----- Source: /home/case/amber24/dat/leap/cmd/leaprc.gaff2
----- Source of /home/case/amber24/dat/leap/cmd/leaprc.gaff2 done
Log file: ./leap.log
Loading parameters: /home/case/amber24/dat/leap/parm/gaff2.dat
Reading title:
AMBER General Force Field for organic molecules (Version 2.2.20, March 2021)
Loading parameters: ./5A0.frcmod
Reading force field modification type file (frcmod)
Reading title:
Remark line goes here
Loading Mol2 file: ./5A0.mol2
Reading MOLECULE named 5A0
Checking Unit.
Building topology.
"order_residues" off: keep input residue order.
Building atom parameters.
Building bond parameters.
Building angle parameters.
Building proper torsion parameters.
Building improper torsion parameters.
 total 9 improper torsions applied
Building H-Bond parameters.
Incorporating Non-Bonded adjustments.
Not Marking per-residue atom chain types.
Marking per-residue atom chain types.
  (Residues lacking connect0/connect1 - 
   these don't have chain types marked:

	res	total affected

	5A0	1
  )
 (no restraints)
	Quit

Exiting LEaP: Errors = 0; Warnings = 0; Notes = 0.
====== min.o =========================================================
Reading parm file (5A0.parm7)
title:
5A0                                                                             
no velocities were found
no velocities were found
	mm_options:  ntpr=5
	mm_options:  gb=1
	mm_options:  kappa=0.10395
	mm_options:  rgbmax=99.
	mm_options:  cut=99.0
	mm_options:  wcons=0.
     bond:      3.908670864
    angle:     16.768348341
 dihedral:     11.759735369
    enb14:     14.503795946
    eel14:      9.770724363
      enb:      0.092641830
      eel:    -44.127434419
      egb:    -13.986368881
    econs:      0.000000000
    esurf:      0.000000000
    Total:     -1.309886586
     frms:     11.359159982
Starting TNCG minimisation
 MIN: Iter =    0  NFunc =     1  E =      -1.30989  RMSG = 1.1359160e+01
 MIN: Iter =    1  NFunc =     7  E =     -14.71398  RMSG = 3.0431881e+00
 MIN: Iter =    2  NFunc =    15  E =     -18.31825  RMSG = 1.2038500e+00
 MIN: Iter =    3  NFunc =    40  E =     -19.71131  RMSG = 1.0246502e+00
 MIN: Iter =    4  NFunc =    52  E =     -20.59313  RMSG = 8.4320789e-01
 MIN: Iter =    5  NFunc =    58  E =     -20.94717  RMSG = 6.0329816e-01
 MIN: Iter =    6  NFunc =    91  E =     -21.41474  RMSG = 6.2314807e-01
 MIN: Iter =    7  NFunc =   108  E =     -21.71562  RMSG = 5.9035600e-01
 MIN: Iter =    8  NFunc =   116  E =     -21.82491  RMSG = 2.1100936e-01
 MIN: Iter =    9  NFunc =   127  E =     -21.88288  RMSG = 2.6766450e-01
 MIN: Iter =   10  NFunc =   134  E =     -21.90430  RMSG = 1.2307134e-01
 MIN: Iter =   11  NFunc =   167  E =     -21.94972  RMSG = 2.2693848e-01
 MIN: Iter =   12  NFunc =   173  E =     -21.95735  RMSG = 7.7524993e-02
 MIN: Iter =   13  NFunc =   213  E =     -21.98898  RMSG = 3.6307359e-01
 MIN: Iter =   14  NFunc =   219  E =     -22.00726  RMSG = 1.0891233e-01
 MIN: Iter =   15  NFunc =   267  E =     -22.02770  RMSG = 9.8286415e-02
 MIN: Iter =   16  NFunc =   285  E =     -22.03907  RMSG = 1.6660451e-01
 MIN: Iter =   17  NFunc =   292  E =     -22.04388  RMSG = 5.3439053e-02
 MIN: Iter =   18  NFunc =   300  E =     -22.04581  RMSG = 3.1862588e-02
 MIN: Iter =   19  NFunc =   307  E =     -22.04641  RMSG = 2.3613789e-02
 MIN: Iter =   20  NFunc =   320  E =     -22.04701  RMSG = 1.4892468e-02
 MIN: Iter =   21  NFunc =   338  E =     -22.04748  RMSG = 1.0695885e-02
 MIN: Iter =   22  NFunc =   389  E =     -22.04896  RMSG = 1.6781699e-02
 MIN: Iter =   23  NFunc =   412  E =     -22.04926  RMSG = 6.0885926e-03
 MIN: Iter =   24  NFunc =   442  E =     -22.04949  RMSG = 4.2586558e-03
 MIN: Iter =   25  NFunc =   457  E =     -22.04951  RMSG = 2.4943471e-03
 MIN: Iter =   26  NFunc =   469  E =     -22.04951  RMSG = 1.0302958e-03
 MIN: Iter =   27  NFunc =   480  E =     -22.04951  RMSG = 6.2165313e-04
 MIN: Iter =   28  NFunc =   531  E =     -22.04952  RMSG = 5.1597157e-04
 MIN: Iter =   29  NFunc =   537  E =     -22.04952  RMSG = 3.2921968e-04
----------------------------------------------------------------
 END:          :-)  E =     -22.04952  RMSG =   0.0003292

     bond:      2.526769956
    angle:      9.864617233
 dihedral:     14.247483052
    enb14:      9.045041964
    eel14:      6.808131132
      enb:     -5.336048585
      eel:    -43.338372153
      egb:    -15.867139493
    econs:      0.000000000
    esurf:      0.000000000
    Total:    -22.049516893
     frms:      0.000329220
====== rms.dat  ======================================================
#Frame      all_heavy
       1       0.3163
