====== tleap.out =====================================================
-I: Adding /home/case/amber24/dat/leap/prep to search path.
-I: Adding /home/case/amber24/dat/leap/lib to search path.
-I: Adding /home/case/amber24/dat/leap/parm to search path.
-I: Adding /home/case/amber24/dat/leap/cmd to search path.
-f: Source leap.in.

Welcome to LEaP!
(no leaprc in search path)
Sourcing: ./leap.in
Using Bondi radii
----- Source: /home/case/amber24/dat/leap/cmd/leaprc.gaff2
----- Source of /home/case/amber24/dat/leap/cmd/leaprc.gaff2 done
Log file: ./leap.log
Loading parameters: /home/case/amber24/dat/leap/parm/gaff2.dat
Reading title:
AMBER General Force Field for organic molecules (Version 2.2.20, March 2021)
Loading parameters: ./5A3.frcmod
Reading force field modification type file (frcmod)
Reading title:
Remark line goes here
Loading Mol2 file: ./5A3.mol2
Reading MOLECULE named 5A3
Checking Unit.

/home/case/amber24/bin/teLeap: Warning!
The unperturbed charge of the unit (-13.003997) is not zero.

/home/case/amber24/bin/teLeap: Note.
Ignoring the warning from Unit Checking.

Building topology.
"order_residues" off: keep input residue order.
Building atom parameters.
Building bond parameters.
Building angle parameters.
Building proper torsion parameters.
Building improper torsion parameters.
 total 0 improper torsions applied
Building H-Bond parameters.
Incorporating Non-Bonded adjustments.
Not Marking per-residue atom chain types.
Marking per-residue atom chain types.
  (Residues lacking connect0/connect1 - 
   these don't have chain types marked:

	res	total affected

	5A3	1
  )
 (no restraints)
	Quit

Exiting LEaP: Errors = 0; Warnings = 1; Notes = 1.
====== min.o =========================================================
Reading parm file (5A3.parm7)
title:
5A3                                                                             
no velocities were found
no velocities were found
	mm_options:  ntpr=5
	mm_options:  gb=1
	mm_options:  kappa=0.10395
	mm_options:  rgbmax=99.
	mm_options:  cut=99.0
	mm_options:  wcons=0.
     bond:     29.271620647
    angle:     78.687984661
 dihedral:    142.447797942
    enb14:      6.533655262
    eel14:   -614.417033080
      enb:    -17.354822075
      eel:   3500.173791824
      egb:  -5056.155655040
    econs:      0.000000000
    esurf:      0.000000000
    Total:  -1930.812659860
     frms:     28.166987494
Starting TNCG minimisation
 MIN: Iter =    0  NFunc =     1  E =   -1930.81266  RMSG = 2.8166987e+01
 MIN: Iter =    1  NFunc =     7  E =   -1997.20770  RMSG = 4.5364822e+00
 MIN: Iter =    2  NFunc =    13  E =   -2004.65193  RMSG = 1.8594530e+00
 MIN: Iter =    3  NFunc =    34  E =   -2007.59374  RMSG = 1.9534978e+00
 MIN: Iter =    4  NFunc =    43  E =   -2009.20128  RMSG = 1.9563972e+00
 MIN: Iter =    5  NFunc =    49  E =   -2010.21198  RMSG = 1.2325565e+00
 MIN: Iter =    6  NFunc =    59  E =   -2010.80527  RMSG = 1.1510197e+00
 MIN: Iter =    7  NFunc =    65  E =   -2011.06415  RMSG = 4.9968196e-01
 MIN: Iter =    8  NFunc =    83  E =   -2011.54689  RMSG = 1.8147438e+00
 MIN: Iter =    9  NFunc =    89  E =   -2011.80802  RMSG = 3.9395196e-01
 MIN: Iter =   10  NFunc =   121  E =   -2012.10159  RMSG = 1.2885359e+00
 MIN: Iter =   11  NFunc =   127  E =   -2012.26099  RMSG = 3.5223946e-01
 MIN: Iter =   12  NFunc =   145  E =   -2012.41040  RMSG = 1.3286749e+00
 MIN: Iter =   13  NFunc =   151  E =   -2012.53657  RMSG = 2.4950366e-01
 MIN: Iter =   14  NFunc =   160  E =   -2012.58622  RMSG = 7.1358715e-01
 MIN: Iter =   15  NFunc =   166  E =   -2012.62977  RMSG = 1.7374260e-01
 MIN: Iter =   16  NFunc =   217  E =   -2012.74261  RMSG = 7.8717777e-01
 MIN: Iter =   17  NFunc =   223  E =   -2012.84665  RMSG = 8.1941402e-01
 MIN: Iter =   18  NFunc =   230  E =   -2013.00148  RMSG = 5.3217046e-01
 MIN: Iter =   19  NFunc =   236  E =   -2013.10068  RMSG = 9.4149594e-01
 MIN: Iter =   20  NFunc =   242  E =   -2013.24188  RMSG = 4.6217740e-01
 MIN: Iter =   21  NFunc =   248  E =   -2013.33184  RMSG = 7.8821912e-01
 MIN: Iter =   22  NFunc =   255  E =   -2013.44326  RMSG = 4.8017908e-01
 MIN: Iter =   23  NFunc =   301  E =   -2013.60856  RMSG = 8.3538484e-01
 MIN: Iter =   24  NFunc =   311  E =   -2013.78309  RMSG = 4.9662224e-01
 MIN: Iter =   25  NFunc =   317  E =   -2013.91276  RMSG = 7.5391262e-01
 MIN: Iter =   26  NFunc =   368  E =   -2014.21030  RMSG = 1.0554533e+00
 MIN: Iter =   27  NFunc =   374  E =   -2014.53217  RMSG = 1.1403719e+00
 MIN: Iter =   28  NFunc =   380  E =   -2014.85296  RMSG = 6.3054181e-01
 MIN: Iter =   29  NFunc =   386  E =   -2014.92251  RMSG = 1.6465118e-01
 MIN: Iter =   30  NFunc =   397  E =   -2014.95559  RMSG = 1.4733978e-01
 MIN: Iter =   31  NFunc =   404  E =   -2014.96188  RMSG = 7.0116762e-02
 MIN: Iter =   32  NFunc =   441  E =   -2014.98781  RMSG = 2.5435240e-01
 MIN: Iter =   33  NFunc =   450  E =   -2014.99357  RMSG = 5.7978425e-02
 MIN: Iter =   34  NFunc =   461  E =   -2014.99693  RMSG = 4.5107365e-02
 MIN: Iter =   35  NFunc =   473  E =   -2014.99815  RMSG = 2.1485479e-02
 MIN: Iter =   36  NFunc =   492  E =   -2014.99891  RMSG = 1.2031770e-02
 MIN: Iter =   37  NFunc =   529  E =   -2014.99936  RMSG = 1.0747812e-02
 MIN: Iter =   38  NFunc =   545  E =   -2014.99942  RMSG = 5.0295325e-03
 MIN: Iter =   39  NFunc =   566  E =   -2014.99944  RMSG = 1.7268355e-03
 MIN: Iter =   40  NFunc =   596  E =   -2014.99945  RMSG = 1.1705687e-03
 MIN: Iter =   41  NFunc =   618  E =   -2014.99945  RMSG = 6.8878239e-04
 MIN: Iter =   42  NFunc =   626  E =   -2014.99945  RMSG = 3.6435624e-04
----------------------------------------------------------------
 END:          :-)  E =   -2014.99945  RMSG =   0.0003644

     bond:      6.445831839
    angle:     79.413370676
 dihedral:    130.303312169
    enb14:      4.902394963
    eel14:   -653.556746851
      enb:    -18.138969317
      eel:   3500.069932819
      egb:  -5064.438580014
    econs:      0.000000000
    esurf:      0.000000000
    Total:  -2014.999453717
     frms:      0.000364356
====== rms.dat  ======================================================
#Frame      all_heavy
       1       1.0548
