====== tleap.out =====================================================
-I: Adding /home/case/amber24/dat/leap/prep to search path.
-I: Adding /home/case/amber24/dat/leap/lib to search path.
-I: Adding /home/case/amber24/dat/leap/parm to search path.
-I: Adding /home/case/amber24/dat/leap/cmd to search path.
-f: Source leap.in.

Welcome to LEaP!
(no leaprc in search path)
Sourcing: ./leap.in
Using Bondi radii
----- Source: /home/case/amber24/dat/leap/cmd/leaprc.gaff2
----- Source of /home/case/amber24/dat/leap/cmd/leaprc.gaff2 done
Log file: ./leap.log
Loading parameters: /home/case/amber24/dat/leap/parm/gaff2.dat
Reading title:
AMBER General Force Field for organic molecules (Version 2.2.20, March 2021)
Loading parameters: ./5HF.frcmod
Reading force field modification type file (frcmod)
Reading title:
Remark line goes here
Loading Mol2 file: ./5HF.mol2
Reading MOLECULE named 5HF
Checking Unit.
Building topology.
"order_residues" off: keep input residue order.
Building atom parameters.
Building bond parameters.
Building angle parameters.
Building proper torsion parameters.
Building improper torsion parameters.
 total 16 improper torsions applied
Building H-Bond parameters.
Incorporating Non-Bonded adjustments.
Not Marking per-residue atom chain types.
Marking per-residue atom chain types.
  (Residues lacking connect0/connect1 - 
   these don't have chain types marked:

	res	total affected

	5HF	1
  )
 (no restraints)
	Quit

Exiting LEaP: Errors = 0; Warnings = 0; Notes = 0.
====== min.o =========================================================
Reading parm file (5HF.parm7)
title:
5HF                                                                             
no velocities were found
no velocities were found
	mm_options:  ntpr=5
	mm_options:  gb=1
	mm_options:  kappa=0.10395
	mm_options:  rgbmax=99.
	mm_options:  cut=99.0
	mm_options:  wcons=0.
     bond:      4.954489321
    angle:      6.363615332
 dihedral:     34.230401742
    enb14:     18.414808741
    eel14:     22.064577995
      enb:     -7.770917702
      eel:    -64.263072009
      egb:    -17.550538083
    econs:      0.000000000
    esurf:      0.000000000
    Total:     -3.556634664
     frms:      9.971605535
Starting TNCG minimisation
 MIN: Iter =    0  NFunc =     1  E =      -3.55663  RMSG = 9.9716055e+00
 MIN: Iter =    1  NFunc =     7  E =     -13.90096  RMSG = 2.2252623e+00
 MIN: Iter =    2  NFunc =    18  E =     -16.36547  RMSG = 9.2297479e-01
 MIN: Iter =    3  NFunc =    26  E =     -16.92254  RMSG = 4.8302043e-01
 MIN: Iter =    4  NFunc =    77  E =     -17.56903  RMSG = 4.8958423e-01
 MIN: Iter =    5  NFunc =   108  E =     -18.07415  RMSG = 5.8885922e-01
 MIN: Iter =    6  NFunc =   124  E =     -18.47737  RMSG = 5.5108324e-01
 MIN: Iter =    7  NFunc =   131  E =     -18.74127  RMSG = 3.6723414e-01
 MIN: Iter =    8  NFunc =   182  E =     -19.06578  RMSG = 3.6381725e-01
 MIN: Iter =    9  NFunc =   188  E =     -19.31664  RMSG = 3.7756090e-01
 MIN: Iter =   10  NFunc =   205  E =     -19.60277  RMSG = 3.7104488e-01
 MIN: Iter =   11  NFunc =   214  E =     -19.90229  RMSG = 3.1968032e-01
 MIN: Iter =   12  NFunc =   221  E =     -20.10301  RMSG = 2.5107055e-01
 MIN: Iter =   13  NFunc =   237  E =     -20.27033  RMSG = 2.5588268e-01
 MIN: Iter =   14  NFunc =   247  E =     -20.38000  RMSG = 2.6018230e-01
 MIN: Iter =   15  NFunc =   298  E =     -20.59842  RMSG = 3.9849325e-01
 MIN: Iter =   16  NFunc =   308  E =     -20.74940  RMSG = 3.3494020e-01
 MIN: Iter =   17  NFunc =   325  E =     -20.87320  RMSG = 6.7334967e-01
 MIN: Iter =   18  NFunc =   331  E =     -20.95511  RMSG = 2.3717452e-01
 MIN: Iter =   19  NFunc =   361  E =     -21.03940  RMSG = 5.5109708e-01
 MIN: Iter =   20  NFunc =   367  E =     -21.09224  RMSG = 1.8364531e-01
 MIN: Iter =   21  NFunc =   382  E =     -21.14135  RMSG = 4.9017791e-01
 MIN: Iter =   22  NFunc =   388  E =     -21.17943  RMSG = 1.6245340e-01
 MIN: Iter =   23  NFunc =   394  E =     -21.19042  RMSG = 1.0808437e-01
 MIN: Iter =   24  NFunc =   421  E =     -21.22743  RMSG = 1.5984959e-01
 MIN: Iter =   25  NFunc =   472  E =     -21.27162  RMSG = 1.8198152e-01
 MIN: Iter =   26  NFunc =   479  E =     -21.27867  RMSG = 6.5197111e-02
 MIN: Iter =   27  NFunc =   530  E =     -21.30671  RMSG = 1.5759158e-01
 MIN: Iter =   28  NFunc =   536  E =     -21.31281  RMSG = 5.3704002e-02
 MIN: Iter =   29  NFunc =   588  E =     -21.32642  RMSG = 6.6265822e-02
 MIN: Iter =   30  NFunc =   621  E =     -21.34116  RMSG = 1.0964293e-01
 MIN: Iter =   31  NFunc =   636  E =     -21.36005  RMSG = 3.5010134e-01
 MIN: Iter =   32  NFunc =   643  E =     -21.38495  RMSG = 1.1903462e-01
 MIN: Iter =   33  NFunc =   693  E =     -21.40806  RMSG = 4.0719363e-01
 MIN: Iter =   34  NFunc =   699  E =     -21.43999  RMSG = 9.4587904e-02
 MIN: Iter =   35  NFunc =   713  E =     -21.46336  RMSG = 3.1395281e-01
 MIN: Iter =   36  NFunc =   720  E =     -21.48877  RMSG = 1.0692425e-01
 MIN: Iter =   37  NFunc =   726  E =     -21.50384  RMSG = 2.7748695e-01
 MIN: Iter =   38  NFunc =   734  E =     -21.52601  RMSG = 9.4621690e-02
 MIN: Iter =   39  NFunc =   740  E =     -21.53170  RMSG = 1.3499264e-01
 MIN: Iter =   40  NFunc =   748  E =     -21.53717  RMSG = 6.1851797e-02
 MIN: Iter =   41  NFunc =   786  E =     -21.58258  RMSG = 5.2958716e-01
 MIN: Iter =   42  NFunc =   792  E =     -21.62214  RMSG = 1.3128620e-01
 MIN: Iter =   43  NFunc =   843  E =     -21.69219  RMSG = 3.4016914e-01
 MIN: Iter =   44  NFunc =   849  E =     -21.73224  RMSG = 1.6012414e-01
 MIN: Iter =   45  NFunc =   872  E =     -21.78957  RMSG = 1.4045667e-01
 MIN: Iter =   46  NFunc =   911  E =     -21.82520  RMSG = 1.4413878e-01
 MIN: Iter =   47  NFunc =   918  E =     -21.83510  RMSG = 8.7166282e-02
 MIN: Iter =   48  NFunc =   932  E =     -21.84324  RMSG = 7.0918049e-02
 MIN: Iter =   49  NFunc =   983  E =     -21.86609  RMSG = 1.5247270e-01
 MIN: Iter =   50  NFunc =   989  E =     -21.87081  RMSG = 5.2899080e-02
 MIN: Iter =   51  NFunc =  1041  E =     -21.88679  RMSG = 7.2393528e-02
 MIN: Iter =   52  NFunc =  1060  E =     -21.89366  RMSG = 7.5451827e-02
 MIN: Iter =   53  NFunc =  1066  E =     -21.89499  RMSG = 2.9847935e-02
 MIN: Iter =   54  NFunc =  1090  E =     -21.89778  RMSG = 4.8492910e-02
 MIN: Iter =   55  NFunc =  1131  E =     -21.90059  RMSG = 1.7519618e-02
 MIN: Iter =   56  NFunc =  1146  E =     -21.90082  RMSG = 6.9062118e-03
 MIN: Iter =   57  NFunc =  1154  E =     -21.90085  RMSG = 4.8677707e-03
 MIN: Iter =   58  NFunc =  1189  E =     -21.90096  RMSG = 3.2164008e-03
 MIN: Iter =   59  NFunc =  1204  E =     -21.90097  RMSG = 1.9079174e-03
 MIN: Iter =   60  NFunc =  1255  E =     -21.90102  RMSG = 3.3728415e-03
 MIN: Iter =   61  NFunc =  1282  E =     -21.90107  RMSG = 3.1235922e-03
 MIN: Iter =   62  NFunc =  1302  E =     -21.90110  RMSG = 2.0853534e-03
 MIN: Iter =   63  NFunc =  1353  E =     -21.90115  RMSG = 2.7001444e-03
 MIN: Iter =   64  NFunc =  1404  E =     -21.90125  RMSG = 5.4152169e-03
 MIN: Iter =   65  NFunc =  1445  E =     -21.90146  RMSG = 1.2543946e-02
 MIN: Iter =   66  NFunc =  1451  E =     -21.90149  RMSG = 4.4813891e-03
 MIN: Iter =   67  NFunc =  1503  E =     -21.90169  RMSG = 6.9081872e-03
 MIN: Iter =   68  NFunc =  1526  E =     -21.90191  RMSG = 1.2040674e-02
 MIN: Iter =   69  NFunc =  1547  E =     -21.90224  RMSG = 2.6053564e-02
 MIN: Iter =   70  NFunc =  1568  E =     -21.90275  RMSG = 3.8118347e-02
 MIN: Iter =   71  NFunc =  1581  E =     -21.90373  RMSG = 5.7079389e-02
 MIN: Iter =   72  NFunc =  1588  E =     -21.90581  RMSG = 8.2990356e-02
 MIN: Iter =   73  NFunc =  1595  E =     -21.90903  RMSG = 8.4808321e-02
 MIN: Iter =   74  NFunc =  1602  E =     -21.91342  RMSG = 9.4753194e-02
 MIN: Iter =   75  NFunc =  1609  E =     -21.92056  RMSG = 1.1996901e-01
 MIN: Iter =   76  NFunc =  1616  E =     -21.93452  RMSG = 2.8867668e-01
 MIN: Iter =   77  NFunc =  1622  E =     -21.96757  RMSG = 1.0238632e-01
 MIN: Iter =   78  NFunc =  1629  E =     -21.98513  RMSG = 2.8784582e-01
 MIN: Iter =   79  NFunc =  1640  E =     -22.03758  RMSG = 1.3422312e-01
 MIN: Iter =   80  NFunc =  1667  E =     -22.12677  RMSG = 3.5440730e-01
 MIN: Iter =   81  NFunc =  1673  E =     -22.19550  RMSG = 1.9950592e-01
 MIN: Iter =   82  NFunc =  1683  E =     -22.25248  RMSG = 2.6635802e-01
 MIN: Iter =   83  NFunc =  1695  E =     -22.28587  RMSG = 1.0844990e-01
 MIN: Iter =   84  NFunc =  1746  E =     -22.38139  RMSG = 2.4390048e-01
 MIN: Iter =   85  NFunc =  1767  E =     -22.47741  RMSG = 2.8004560e-01
 MIN: Iter =   86  NFunc =  1779  E =     -22.57057  RMSG = 3.0062914e-01
 MIN: Iter =   87  NFunc =  1785  E =     -22.64901  RMSG = 3.2247361e-01
 MIN: Iter =   88  NFunc =  1791  E =     -22.71217  RMSG = 2.2084534e-01
 MIN: Iter =   89  NFunc =  1822  E =     -22.84091  RMSG = 2.6961565e-01
 MIN: Iter =   90  NFunc =  1838  E =     -22.96922  RMSG = 2.5859049e-01
 MIN: Iter =   91  NFunc =  1848  E =     -23.05534  RMSG = 2.4881234e-01
 MIN: Iter =   92  NFunc =  1854  E =     -23.11709  RMSG = 1.6200773e-01
 MIN: Iter =   93  NFunc =  1860  E =     -23.15636  RMSG = 2.1489550e-01
 MIN: Iter =   94  NFunc =  1872  E =     -23.20654  RMSG = 1.1100469e-01
 MIN: Iter =   95  NFunc =  1896  E =     -23.29159  RMSG = 1.7416787e-01
 MIN: Iter =   96  NFunc =  1905  E =     -23.33319  RMSG = 1.4447387e-01
 MIN: Iter =   97  NFunc =  1939  E =     -23.38399  RMSG = 1.6427096e-01
 MIN: Iter =   98  NFunc =  1957  E =     -23.43016  RMSG = 1.9481775e-01
 MIN: Iter =   99  NFunc =  1963  E =     -23.44196  RMSG = 9.2604286e-02
 MIN: Iter =  100  NFunc =  1986  E =     -23.46964  RMSG = 2.6313340e-01
----------------------------------------------------------------
 END:          :-)  E =     -23.46964  RMSG =   0.2631334

     bond:      1.887310179
    angle:      2.200937316
 dihedral:     28.617144218
    enb14:     14.292602278
    eel14:     14.119005108
      enb:     -8.041832059
      eel:    -56.198767173
      egb:    -20.346037823
    econs:      0.000000000
    esurf:      0.000000000
    Total:    -23.469637956
     frms:      0.263133403
====== rms.dat  ======================================================
#Frame      all_heavy
       1       1.8875
