====== tleap.out =====================================================
-I: Adding /home/case/amber24/dat/leap/prep to search path.
-I: Adding /home/case/amber24/dat/leap/lib to search path.
-I: Adding /home/case/amber24/dat/leap/parm to search path.
-I: Adding /home/case/amber24/dat/leap/cmd to search path.
-f: Source leap.in.

Welcome to LEaP!
(no leaprc in search path)
Sourcing: ./leap.in
Using Bondi radii
----- Source: /home/case/amber24/dat/leap/cmd/leaprc.gaff2
----- Source of /home/case/amber24/dat/leap/cmd/leaprc.gaff2 done
Log file: ./leap.log
Loading parameters: /home/case/amber24/dat/leap/parm/gaff2.dat
Reading title:
AMBER General Force Field for organic molecules (Version 2.2.20, March 2021)
Loading parameters: ./5JF.frcmod
Reading force field modification type file (frcmod)
Reading title:
Remark line goes here
Loading Mol2 file: ./5JF.mol2
Reading MOLECULE named 5JF
Checking Unit.
Building topology.
"order_residues" off: keep input residue order.
Building atom parameters.
Building bond parameters.
Building angle parameters.
Building proper torsion parameters.
Building improper torsion parameters.
 total 6 improper torsions applied
Building H-Bond parameters.
Incorporating Non-Bonded adjustments.
Not Marking per-residue atom chain types.
Marking per-residue atom chain types.
  (Residues lacking connect0/connect1 - 
   these don't have chain types marked:

	res	total affected

	5JF	1
  )
 (no restraints)
	Quit

Exiting LEaP: Errors = 0; Warnings = 0; Notes = 0.
====== min.o =========================================================
Reading parm file (5JF.parm7)
title:
5JF                                                                             
no velocities were found
no velocities were found
	mm_options:  ntpr=5
	mm_options:  gb=1
	mm_options:  kappa=0.10395
	mm_options:  rgbmax=99.
	mm_options:  cut=99.0
	mm_options:  wcons=0.
     bond:      0.842247465
    angle:      0.312918249
 dihedral:      2.681536053
    enb14:      4.795706226
    eel14:     -1.331200831
      enb:     -0.479405097
      eel:      4.445510944
      egb:    -10.312232464
    econs:      0.000000000
    esurf:      0.000000000
    Total:      0.955080544
     frms:      8.038985445
Starting TNCG minimisation
 MIN: Iter =    0  NFunc =     1  E =       0.95508  RMSG = 8.0389854e+00
 MIN: Iter =    1  NFunc =     7  E =      -1.66968  RMSG = 1.2411231e+00
 MIN: Iter =    2  NFunc =    17  E =      -1.99403  RMSG = 1.6284879e+00
 MIN: Iter =    3  NFunc =    37  E =      -2.37302  RMSG = 3.6545993e+00
 MIN: Iter =    4  NFunc =    43  E =      -2.89966  RMSG = 5.8264199e+00
 MIN: Iter =    5  NFunc =    49  E =      -3.46615  RMSG = 1.3312914e+00
 MIN: Iter =    6  NFunc =    56  E =      -3.63489  RMSG = 1.5695486e+00
 MIN: Iter =    7  NFunc =    62  E =      -3.80954  RMSG = 3.1041007e+00
 MIN: Iter =    8  NFunc =    68  E =      -3.94031  RMSG = 4.1919677e-01
 MIN: Iter =    9  NFunc =    74  E =      -3.97565  RMSG = 8.9531084e-01
 MIN: Iter =   10  NFunc =    80  E =      -3.98517  RMSG = 1.0083388e-01
 MIN: Iter =   11  NFunc =    86  E =      -3.98610  RMSG = 3.9584634e-02
 MIN: Iter =   12  NFunc =    92  E =      -3.98616  RMSG = 1.2642595e-02
 MIN: Iter =   13  NFunc =    99  E =      -3.98618  RMSG = 5.2264151e-03
 MIN: Iter =   14  NFunc =   105  E =      -3.98618  RMSG = 1.5158943e-03
 MIN: Iter =   15  NFunc =   113  E =      -3.98618  RMSG = 9.0042837e-04
 MIN: Iter =   16  NFunc =   122  E =      -3.98618  RMSG = 5.1943144e-04
 MIN: Iter =   17  NFunc =   129  E =      -3.98618  RMSG = 2.3699944e-04
----------------------------------------------------------------
 END:          :-)  E =      -3.98618  RMSG =   0.0002370

     bond:      0.324872202
    angle:      0.129554574
 dihedral:      0.000000004
    enb14:      3.331949613
    eel14:     -2.736103562
      enb:     -0.442632585
      eel:      6.803917475
      egb:    -11.397735843
    econs:      0.000000000
    esurf:      0.000000000
    Total:     -3.986178123
     frms:      0.000236999
====== rms.dat  ======================================================
#Frame      all_heavy
       1       0.0458
