====== tleap.out =====================================================
-I: Adding /home/case/amber24/dat/leap/prep to search path.
-I: Adding /home/case/amber24/dat/leap/lib to search path.
-I: Adding /home/case/amber24/dat/leap/parm to search path.
-I: Adding /home/case/amber24/dat/leap/cmd to search path.
-f: Source leap.in.

Welcome to LEaP!
(no leaprc in search path)
Sourcing: ./leap.in
Using Bondi radii
----- Source: /home/case/amber24/dat/leap/cmd/leaprc.gaff2
----- Source of /home/case/amber24/dat/leap/cmd/leaprc.gaff2 done
Log file: ./leap.log
Loading parameters: /home/case/amber24/dat/leap/parm/gaff2.dat
Reading title:
AMBER General Force Field for organic molecules (Version 2.2.20, March 2021)
Loading parameters: ./5LX.frcmod
Reading force field modification type file (frcmod)
Reading title:
Remark line goes here
Loading Mol2 file: ./5LX.mol2
Reading MOLECULE named 5LX
Checking Unit.
Building topology.
"order_residues" off: keep input residue order.
Building atom parameters.
Building bond parameters.
Building angle parameters.
Building proper torsion parameters.
Building improper torsion parameters.
 total 15 improper torsions applied
Building H-Bond parameters.
Incorporating Non-Bonded adjustments.
Not Marking per-residue atom chain types.
Marking per-residue atom chain types.
  (Residues lacking connect0/connect1 - 
   these don't have chain types marked:

	res	total affected

	5LX	1
  )
 (no restraints)
	Quit

Exiting LEaP: Errors = 0; Warnings = 0; Notes = 0.
====== min.o =========================================================
Reading parm file (5LX.parm7)
title:
5LX                                                                             
no velocities were found
no velocities were found
	mm_options:  ntpr=5
	mm_options:  gb=1
	mm_options:  kappa=0.10395
	mm_options:  rgbmax=99.
	mm_options:  cut=99.0
	mm_options:  wcons=0.
     bond:      3.358264261
    angle:      4.751735282
 dihedral:     26.252220943
    enb14:     10.935553885
    eel14:    -71.565876703
      enb:     -5.665087855
      eel:     34.491454472
      egb:    -18.745980277
    econs:      0.000000000
    esurf:      0.000000000
    Total:    -16.187715993
     frms:      8.463136995
Starting TNCG minimisation
 MIN: Iter =    0  NFunc =     1  E =     -16.18772  RMSG = 8.4631370e+00
 MIN: Iter =    1  NFunc =     7  E =     -23.62510  RMSG = 2.0887901e+00
 MIN: Iter =    2  NFunc =    13  E =     -25.19997  RMSG = 1.0994628e+00
 MIN: Iter =    3  NFunc =    56  E =     -26.07638  RMSG = 1.1302927e+00
 MIN: Iter =    4  NFunc =    67  E =     -26.78991  RMSG = 1.0793300e+00
 MIN: Iter =    5  NFunc =    73  E =     -27.25594  RMSG = 7.3474780e-01
 MIN: Iter =    6  NFunc =    86  E =     -27.59037  RMSG = 4.4030572e-01
 MIN: Iter =    7  NFunc =   114  E =     -27.78849  RMSG = 4.3493947e-01
 MIN: Iter =    8  NFunc =   120  E =     -27.83627  RMSG = 2.4640837e-01
 MIN: Iter =    9  NFunc =   139  E =     -27.93894  RMSG = 3.8908676e-01
 MIN: Iter =   10  NFunc =   153  E =     -28.01209  RMSG = 2.7090696e-01
 MIN: Iter =   11  NFunc =   190  E =     -28.15376  RMSG = 8.6714962e-01
 MIN: Iter =   12  NFunc =   196  E =     -28.27892  RMSG = 2.4159522e-01
 MIN: Iter =   13  NFunc =   217  E =     -28.37553  RMSG = 7.4194402e-01
 MIN: Iter =   14  NFunc =   223  E =     -28.46396  RMSG = 2.6638222e-01
 MIN: Iter =   15  NFunc =   236  E =     -28.50938  RMSG = 1.8441988e-01
 MIN: Iter =   16  NFunc =   244  E =     -28.54148  RMSG = 1.9532399e-01
 MIN: Iter =   17  NFunc =   261  E =     -28.59916  RMSG = 2.2943212e-01
 MIN: Iter =   18  NFunc =   275  E =     -28.64037  RMSG = 1.7584695e-01
 MIN: Iter =   19  NFunc =   309  E =     -28.69696  RMSG = 3.3122948e-01
 MIN: Iter =   20  NFunc =   315  E =     -28.71221  RMSG = 7.8879003e-02
 MIN: Iter =   21  NFunc =   366  E =     -28.74850  RMSG = 1.2843376e-01
 MIN: Iter =   22  NFunc =   382  E =     -28.76413  RMSG = 8.1637689e-02
 MIN: Iter =   23  NFunc =   397  E =     -28.77275  RMSG = 6.7217267e-02
 MIN: Iter =   24  NFunc =   437  E =     -28.77941  RMSG = 3.5788280e-02
 MIN: Iter =   25  NFunc =   477  E =     -28.78120  RMSG = 1.8728106e-02
 MIN: Iter =   26  NFunc =   504  E =     -28.78268  RMSG = 3.0025583e-02
 MIN: Iter =   27  NFunc =   510  E =     -28.78285  RMSG = 1.5478077e-02
 MIN: Iter =   28  NFunc =   537  E =     -28.78316  RMSG = 7.9540821e-03
 MIN: Iter =   29  NFunc =   563  E =     -28.78325  RMSG = 3.9337000e-03
 MIN: Iter =   30  NFunc =   579  E =     -28.78326  RMSG = 1.8465328e-03
 MIN: Iter =   31  NFunc =   601  E =     -28.78327  RMSG = 9.7924807e-04
 MIN: Iter =   32  NFunc =   627  E =     -28.78327  RMSG = 6.8262983e-04
 MIN: Iter =   33  NFunc =   673  E =     -28.78327  RMSG = 5.1154364e-04
 MIN: Iter =   34  NFunc =   702  E =     -28.78327  RMSG = 2.9845964e-04
----------------------------------------------------------------
 END:          :-)  E =     -28.78327  RMSG =   0.0002985

     bond:      1.138281781
    angle:      4.744880906
 dihedral:     21.881687771
    enb14:      7.750510048
    eel14:    -68.967983726
      enb:     -5.892405637
      eel:     30.693853296
      egb:    -20.132097765
    econs:      0.000000000
    esurf:      0.000000000
    Total:    -28.783273325
     frms:      0.000298460
====== rms.dat  ======================================================
#Frame      all_heavy
       1       0.5758
