====== tleap.out =====================================================
-I: Adding /home/case/amber24/dat/leap/prep to search path.
-I: Adding /home/case/amber24/dat/leap/lib to search path.
-I: Adding /home/case/amber24/dat/leap/parm to search path.
-I: Adding /home/case/amber24/dat/leap/cmd to search path.
-f: Source leap.in.

Welcome to LEaP!
(no leaprc in search path)
Sourcing: ./leap.in
Using Bondi radii
----- Source: /home/case/amber24/dat/leap/cmd/leaprc.gaff2
----- Source of /home/case/amber24/dat/leap/cmd/leaprc.gaff2 done
Log file: ./leap.log
Loading parameters: /home/case/amber24/dat/leap/parm/gaff2.dat
Reading title:
AMBER General Force Field for organic molecules (Version 2.2.20, March 2021)
Loading parameters: ./5P8.frcmod
Reading force field modification type file (frcmod)
Reading title:
Remark line goes here
Loading Mol2 file: ./5P8.mol2
Reading MOLECULE named 5P8
Checking Unit.
Building topology.
"order_residues" off: keep input residue order.
Building atom parameters.
Building bond parameters.
Building angle parameters.
Building proper torsion parameters.
Building improper torsion parameters.
 total 18 improper torsions applied
Building H-Bond parameters.
Incorporating Non-Bonded adjustments.
Not Marking per-residue atom chain types.
Marking per-residue atom chain types.
  (Residues lacking connect0/connect1 - 
   these don't have chain types marked:

	res	total affected

	5P8	1
  )
 (no restraints)
	Quit

Exiting LEaP: Errors = 0; Warnings = 0; Notes = 0.
====== min.o =========================================================
Reading parm file (5P8.parm7)
title:
5P8                                                                             
no velocities were found
no velocities were found
	mm_options:  ntpr=5
	mm_options:  gb=1
	mm_options:  kappa=0.10395
	mm_options:  rgbmax=99.
	mm_options:  cut=99.0
	mm_options:  wcons=0.
     bond:      3.023242505
    angle:     11.371026556
 dihedral:     30.287414465
    enb14:     14.252829896
    eel14:     21.009829926
      enb:     -4.049955940
      eel:    -97.339583640
      egb:    -30.005929509
    econs:      0.000000000
    esurf:      0.000000000
    Total:    -51.451125741
     frms:     12.400790637
Starting TNCG minimisation
 MIN: Iter =    0  NFunc =     1  E =     -51.45113  RMSG = 1.2400791e+01
 MIN: Iter =    1  NFunc =     8  E =     -55.61576  RMSG = 1.2630435e+01
 MIN: Iter =    2  NFunc =    14  E =     -64.47532  RMSG = 2.7357412e+00
 MIN: Iter =    3  NFunc =    22  E =     -66.40561  RMSG = 1.2494961e+00
 MIN: Iter =    4  NFunc =    33  E =     -67.10736  RMSG = 5.3619483e-01
 MIN: Iter =    5  NFunc =    57  E =     -67.41432  RMSG = 7.5572542e-01
 MIN: Iter =    6  NFunc =    63  E =     -67.47187  RMSG = 1.7565495e-01
 MIN: Iter =    7  NFunc =    81  E =     -67.49909  RMSG = 4.4884769e-01
 MIN: Iter =    8  NFunc =    87  E =     -67.52436  RMSG = 9.6821240e-02
 MIN: Iter =    9  NFunc =   107  E =     -67.53841  RMSG = 8.0766859e-02
 MIN: Iter =   10  NFunc =   124  E =     -67.54262  RMSG = 3.7995935e-02
 MIN: Iter =   11  NFunc =   149  E =     -67.54393  RMSG = 3.7524877e-02
 MIN: Iter =   12  NFunc =   175  E =     -67.54479  RMSG = 1.1657860e-02
 MIN: Iter =   13  NFunc =   192  E =     -67.54497  RMSG = 7.6230445e-03
 MIN: Iter =   14  NFunc =   206  E =     -67.54503  RMSG = 4.7738803e-03
 MIN: Iter =   15  NFunc =   221  E =     -67.54505  RMSG = 2.2703689e-03
 MIN: Iter =   16  NFunc =   238  E =     -67.54506  RMSG = 1.2849978e-03
 MIN: Iter =   17  NFunc =   263  E =     -67.54506  RMSG = 9.7820712e-04
 MIN: Iter =   18  NFunc =   275  E =     -67.54506  RMSG = 6.2270800e-04
 MIN: Iter =   19  NFunc =   294  E =     -67.54506  RMSG = 3.0215661e-04
----------------------------------------------------------------
 END:          :-)  E =     -67.54506  RMSG =   0.0003022

     bond:      2.807985358
    angle:      9.062128060
 dihedral:     27.772635429
    enb14:      9.847703585
    eel14:     11.239943734
      enb:     -5.591898369
      eel:    -91.894020542
      egb:    -30.789539521
    econs:      0.000000000
    esurf:      0.000000000
    Total:    -67.545062267
     frms:      0.000302157
====== rms.dat  ======================================================
#Frame      all_heavy
       1       0.1099
