====== tleap.out =====================================================
-I: Adding /home/case/amber24/dat/leap/prep to search path.
-I: Adding /home/case/amber24/dat/leap/lib to search path.
-I: Adding /home/case/amber24/dat/leap/parm to search path.
-I: Adding /home/case/amber24/dat/leap/cmd to search path.
-f: Source leap.in.

Welcome to LEaP!
(no leaprc in search path)
Sourcing: ./leap.in
Using Bondi radii
----- Source: /home/case/amber24/dat/leap/cmd/leaprc.gaff2
----- Source of /home/case/amber24/dat/leap/cmd/leaprc.gaff2 done
Log file: ./leap.log
Loading parameters: /home/case/amber24/dat/leap/parm/gaff2.dat
Reading title:
AMBER General Force Field for organic molecules (Version 2.2.20, March 2021)
Loading parameters: ./5QG.frcmod
Reading force field modification type file (frcmod)
Reading title:
Remark line goes here
Loading Mol2 file: ./5QG.mol2
Reading MOLECULE named 5QG
Checking Unit.
Building topology.
"order_residues" off: keep input residue order.
Building atom parameters.
Building bond parameters.
Building angle parameters.
Building proper torsion parameters.
Building improper torsion parameters.
 total 12 improper torsions applied
Building H-Bond parameters.
Incorporating Non-Bonded adjustments.
Not Marking per-residue atom chain types.
Marking per-residue atom chain types.
  (Residues lacking connect0/connect1 - 
   these don't have chain types marked:

	res	total affected

	5QG	1
  )
 (no restraints)
	Quit

Exiting LEaP: Errors = 0; Warnings = 0; Notes = 0.
====== min.o =========================================================
Reading parm file (5QG.parm7)
title:
5QG                                                                             
no velocities were found
no velocities were found
	mm_options:  ntpr=5
	mm_options:  gb=1
	mm_options:  kappa=0.10395
	mm_options:  rgbmax=99.
	mm_options:  cut=99.0
	mm_options:  wcons=0.
     bond:      2.768157830
    angle:      3.423647436
 dihedral:     14.346891905
    enb14:     24.013787003
    eel14:   -207.607918401
      enb:     -3.816824625
      eel:    115.668483334
      egb:    -18.882319907
    econs:      0.000000000
    esurf:      0.000000000
    Total:    -70.086095426
     frms:      7.969263930
Starting TNCG minimisation
 MIN: Iter =    0  NFunc =     1  E =     -70.08610  RMSG = 7.9692639e+00
 MIN: Iter =    1  NFunc =     6  E =     -74.28012  RMSG = 8.2258669e+00
 MIN: Iter =    2  NFunc =    13  E =     -80.96288  RMSG = 1.9456717e+00
 MIN: Iter =    3  NFunc =    20  E =     -82.70394  RMSG = 9.1776311e-01
 MIN: Iter =    4  NFunc =    43  E =     -82.81896  RMSG = 1.0052962e+00
 MIN: Iter =    5  NFunc =    65  E =     -83.95803  RMSG = 6.6466381e-01
 MIN: Iter =    6  NFunc =    86  E =     -84.47609  RMSG = 6.8423542e-01
 MIN: Iter =    7  NFunc =    99  E =     -84.77234  RMSG = 4.7409649e-01
 MIN: Iter =    8  NFunc =   106  E =     -84.89800  RMSG = 3.2071357e-01
 MIN: Iter =    9  NFunc =   122  E =     -85.02178  RMSG = 2.8092687e-01
 MIN: Iter =   10  NFunc =   139  E =     -85.08080  RMSG = 1.1177717e-01
 MIN: Iter =   11  NFunc =   157  E =     -85.10530  RMSG = 1.0305355e-01
 MIN: Iter =   12  NFunc =   178  E =     -85.12271  RMSG = 9.1018578e-02
 MIN: Iter =   13  NFunc =   192  E =     -85.12708  RMSG = 3.6131002e-02
 MIN: Iter =   14  NFunc =   223  E =     -85.13170  RMSG = 2.2694824e-02
 MIN: Iter =   15  NFunc =   252  E =     -85.13227  RMSG = 9.8625413e-03
 MIN: Iter =   16  NFunc =   303  E =     -85.13263  RMSG = 1.0001561e-02
 MIN: Iter =   17  NFunc =   354  E =     -85.13337  RMSG = 1.9557720e-02
 MIN: Iter =   18  NFunc =   360  E =     -85.13346  RMSG = 9.6283909e-03
 MIN: Iter =   19  NFunc =   411  E =     -85.13411  RMSG = 1.5419606e-02
 MIN: Iter =   20  NFunc =   430  E =     -85.13427  RMSG = 5.6678449e-03
 MIN: Iter =   21  NFunc =   449  E =     -85.13436  RMSG = 4.6196967e-03
 MIN: Iter =   22  NFunc =   460  E =     -85.13438  RMSG = 2.3787702e-03
 MIN: Iter =   23  NFunc =   467  E =     -85.13438  RMSG = 1.3968711e-03
 MIN: Iter =   24  NFunc =   499  E =     -85.13439  RMSG = 8.8626658e-04
 MIN: Iter =   25  NFunc =   528  E =     -85.13439  RMSG = 5.2336281e-04
 MIN: Iter =   26  NFunc =   579  E =     -85.13440  RMSG = 1.3352692e-03
 MIN: Iter =   27  NFunc =   630  E =     -85.13442  RMSG = 3.0205083e-03
 MIN: Iter =   28  NFunc =   654  E =     -85.13443  RMSG = 1.9293502e-03
 MIN: Iter =   29  NFunc =   660  E =     -85.13443  RMSG = 1.1132079e-03
 MIN: Iter =   30  NFunc =   694  E =     -85.13444  RMSG = 6.7896132e-04
 MIN: Iter =   31  NFunc =   709  E =     -85.13444  RMSG = 3.6358350e-04
----------------------------------------------------------------
 END:          :-)  E =     -85.13444  RMSG =   0.0003636

     bond:      1.585391411
    angle:      2.093671683
 dihedral:     16.074201445
    enb14:     15.610607526
    eel14:   -205.929927379
      enb:     -7.607795338
      eel:    113.720259563
      egb:    -20.680845818
    econs:      0.000000000
    esurf:      0.000000000
    Total:    -85.134436908
     frms:      0.000363583
====== rms.dat  ======================================================
#Frame      all_heavy
       1       0.2251
