====== tleap.out =====================================================
-I: Adding /home/case/amber24/dat/leap/prep to search path.
-I: Adding /home/case/amber24/dat/leap/lib to search path.
-I: Adding /home/case/amber24/dat/leap/parm to search path.
-I: Adding /home/case/amber24/dat/leap/cmd to search path.
-f: Source leap.in.

Welcome to LEaP!
(no leaprc in search path)
Sourcing: ./leap.in
Using Bondi radii
----- Source: /home/case/amber24/dat/leap/cmd/leaprc.gaff2
----- Source of /home/case/amber24/dat/leap/cmd/leaprc.gaff2 done
Log file: ./leap.log
Loading parameters: /home/case/amber24/dat/leap/parm/gaff2.dat
Reading title:
AMBER General Force Field for organic molecules (Version 2.2.20, March 2021)
Loading parameters: ./5T2.frcmod
Reading force field modification type file (frcmod)
Reading title:
Remark line goes here
Loading Mol2 file: ./5T2.mol2
Reading MOLECULE named 5T2
Checking Unit.
Building topology.
"order_residues" off: keep input residue order.
Building atom parameters.
Building bond parameters.
Building angle parameters.
Building proper torsion parameters.
Building improper torsion parameters.
 total 20 improper torsions applied
Building H-Bond parameters.
Incorporating Non-Bonded adjustments.
Not Marking per-residue atom chain types.
Marking per-residue atom chain types.
  (Residues lacking connect0/connect1 - 
   these don't have chain types marked:

	res	total affected

	5T2	1
  )
 (no restraints)
	Quit

Exiting LEaP: Errors = 0; Warnings = 0; Notes = 0.
====== min.o =========================================================
Reading parm file (5T2.parm7)
title:
5T2                                                                             
no velocities were found
no velocities were found
	mm_options:  ntpr=5
	mm_options:  gb=1
	mm_options:  kappa=0.10395
	mm_options:  rgbmax=99.
	mm_options:  cut=99.0
	mm_options:  wcons=0.
     bond:      2.052816708
    angle:      1.900339904
 dihedral:      6.626814662
    enb14:     14.866285401
    eel14:   -135.589705287
      enb:      1.677320980
      eel:     62.859009005
      egb:    -17.840078713
    econs:      0.000000000
    esurf:      0.000000000
    Total:    -63.447197339
     frms:      8.154721378
Starting TNCG minimisation
 MIN: Iter =    0  NFunc =     1  E =     -63.44720  RMSG = 8.1547214e+00
 MIN: Iter =    1  NFunc =     7  E =     -69.55188  RMSG = 2.7411005e+00
 MIN: Iter =    2  NFunc =    13  E =     -71.45309  RMSG = 1.2684811e+00
 MIN: Iter =    3  NFunc =    20  E =     -71.99205  RMSG = 5.1220466e-01
 MIN: Iter =    4  NFunc =    48  E =     -72.28346  RMSG = 6.5314564e-01
 MIN: Iter =    5  NFunc =    70  E =     -72.48627  RMSG = 4.0719896e-01
 MIN: Iter =    6  NFunc =    82  E =     -72.58784  RMSG = 2.5517043e-01
 MIN: Iter =    7  NFunc =    90  E =     -72.61898  RMSG = 1.6660927e-01
 MIN: Iter =    8  NFunc =   141  E =     -72.72629  RMSG = 6.8252831e-01
 MIN: Iter =    9  NFunc =   147  E =     -72.78980  RMSG = 2.7779574e-01
 MIN: Iter =   10  NFunc =   155  E =     -72.83910  RMSG = 4.6541410e-01
 MIN: Iter =   11  NFunc =   163  E =     -72.88160  RMSG = 1.9335393e-01
 MIN: Iter =   12  NFunc =   179  E =     -72.91430  RMSG = 3.7884207e-01
 MIN: Iter =   13  NFunc =   185  E =     -72.93380  RMSG = 1.3340699e-01
 MIN: Iter =   14  NFunc =   227  E =     -72.97923  RMSG = 3.2558332e-01
 MIN: Iter =   15  NFunc =   233  E =     -72.99022  RMSG = 1.0081700e-01
 MIN: Iter =   16  NFunc =   255  E =     -73.00314  RMSG = 2.5213796e-01
 MIN: Iter =   17  NFunc =   262  E =     -73.01366  RMSG = 7.6697544e-02
 MIN: Iter =   18  NFunc =   313  E =     -73.02798  RMSG = 2.5105251e-01
 MIN: Iter =   19  NFunc =   320  E =     -73.04086  RMSG = 7.3092822e-02
 MIN: Iter =   20  NFunc =   355  E =     -73.05448  RMSG = 6.9682453e-02
 MIN: Iter =   21  NFunc =   372  E =     -73.06493  RMSG = 1.8394162e-01
 MIN: Iter =   22  NFunc =   378  E =     -73.07044  RMSG = 7.2963116e-02
 MIN: Iter =   23  NFunc =   405  E =     -73.07671  RMSG = 7.1165154e-02
 MIN: Iter =   24  NFunc =   420  E =     -73.08381  RMSG = 1.4465076e-01
 MIN: Iter =   25  NFunc =   426  E =     -73.08706  RMSG = 6.0563752e-02
 MIN: Iter =   26  NFunc =   467  E =     -73.09169  RMSG = 8.9920508e-02
 MIN: Iter =   27  NFunc =   482  E =     -73.09642  RMSG = 7.7995455e-02
 MIN: Iter =   28  NFunc =   492  E =     -73.10028  RMSG = 6.7874065e-02
 MIN: Iter =   29  NFunc =   499  E =     -73.10313  RMSG = 6.7353314e-02
 MIN: Iter =   30  NFunc =   513  E =     -73.10629  RMSG = 1.5246032e-01
 MIN: Iter =   31  NFunc =   520  E =     -73.11038  RMSG = 4.0841886e-02
 MIN: Iter =   32  NFunc =   532  E =     -73.11255  RMSG = 5.7026294e-02
 MIN: Iter =   33  NFunc =   540  E =     -73.11506  RMSG = 8.7408087e-02
 MIN: Iter =   34  NFunc =   546  E =     -73.11738  RMSG = 3.9837867e-02
 MIN: Iter =   35  NFunc =   553  E =     -73.11846  RMSG = 3.8923011e-02
 MIN: Iter =   36  NFunc =   560  E =     -73.11987  RMSG = 6.8261186e-02
 MIN: Iter =   37  NFunc =   566  E =     -73.12157  RMSG = 5.2332450e-02
 MIN: Iter =   38  NFunc =   584  E =     -73.12601  RMSG = 8.6278363e-02
 MIN: Iter =   39  NFunc =   596  E =     -73.13159  RMSG = 6.6674963e-02
 MIN: Iter =   40  NFunc =   603  E =     -73.13364  RMSG = 5.3459235e-02
 MIN: Iter =   41  NFunc =   654  E =     -73.13842  RMSG = 1.9960158e-01
 MIN: Iter =   42  NFunc =   660  E =     -73.14335  RMSG = 5.7173810e-02
 MIN: Iter =   43  NFunc =   671  E =     -73.14583  RMSG = 4.7667147e-02
 MIN: Iter =   44  NFunc =   681  E =     -73.14668  RMSG = 2.2718895e-02
 MIN: Iter =   45  NFunc =   719  E =     -73.14861  RMSG = 5.7189837e-02
 MIN: Iter =   46  NFunc =   725  E =     -73.14895  RMSG = 1.1608920e-02
 MIN: Iter =   47  NFunc =   759  E =     -73.14935  RMSG = 9.6939111e-03
 MIN: Iter =   48  NFunc =   811  E =     -73.14971  RMSG = 1.9066499e-02
 MIN: Iter =   49  NFunc =   818  E =     -73.14982  RMSG = 8.6655849e-03
 MIN: Iter =   50  NFunc =   849  E =     -73.15001  RMSG = 1.1847020e-02
 MIN: Iter =   51  NFunc =   856  E =     -73.15003  RMSG = 3.6446441e-03
 MIN: Iter =   52  NFunc =   885  E =     -73.15009  RMSG = 3.6686944e-03
 MIN: Iter =   53  NFunc =   894  E =     -73.15009  RMSG = 1.7940050e-03
 MIN: Iter =   54  NFunc =   945  E =     -73.15011  RMSG = 2.8269553e-03
 MIN: Iter =   55  NFunc =   985  E =     -73.15017  RMSG = 5.2358207e-03
 MIN: Iter =   56  NFunc =   991  E =     -73.15017  RMSG = 1.9075826e-03
 MIN: Iter =   57  NFunc =  1025  E =     -73.15020  RMSG = 2.3141300e-03
 MIN: Iter =   58  NFunc =  1076  E =     -73.15025  RMSG = 5.5468443e-03
 MIN: Iter =   59  NFunc =  1082  E =     -73.15026  RMSG = 1.7474723e-03
 MIN: Iter =   60  NFunc =  1112  E =     -73.15027  RMSG = 1.4345906e-03
 MIN: Iter =   61  NFunc =  1163  E =     -73.15031  RMSG = 5.6434258e-03
 MIN: Iter =   62  NFunc =  1188  E =     -73.15035  RMSG = 3.0967411e-03
 MIN: Iter =   63  NFunc =  1239  E =     -73.15042  RMSG = 8.7574297e-03
 MIN: Iter =   64  NFunc =  1250  E =     -73.15046  RMSG = 3.6941763e-03
 MIN: Iter =   65  NFunc =  1256  E =     -73.15046  RMSG = 2.6702749e-03
 MIN: Iter =   66  NFunc =  1264  E =     -73.15046  RMSG = 1.6125364e-03
 MIN: Iter =   67  NFunc =  1290  E =     -73.15047  RMSG = 8.5999289e-04
 MIN: Iter =   68  NFunc =  1298  E =     -73.15047  RMSG = 4.4873753e-04
----------------------------------------------------------------
 END:          :-)  E =     -73.15047  RMSG =   0.0004487

     bond:      1.559071480
    angle:      2.751296398
 dihedral:      3.474927874
    enb14:     10.906007133
    eel14:   -134.883746564
      enb:      0.724523407
      eel:     60.808143481
      egb:    -18.490691792
    econs:      0.000000000
    esurf:      0.000000000
    Total:    -73.150468583
     frms:      0.000448738
====== rms.dat  ======================================================
#Frame      all_heavy
       1       0.9147
