====== tleap.out =====================================================
-I: Adding /home/case/amber24/dat/leap/prep to search path.
-I: Adding /home/case/amber24/dat/leap/lib to search path.
-I: Adding /home/case/amber24/dat/leap/parm to search path.
-I: Adding /home/case/amber24/dat/leap/cmd to search path.
-f: Source leap.in.

Welcome to LEaP!
(no leaprc in search path)
Sourcing: ./leap.in
Using Bondi radii
----- Source: /home/case/amber24/dat/leap/cmd/leaprc.gaff2
----- Source of /home/case/amber24/dat/leap/cmd/leaprc.gaff2 done
Log file: ./leap.log
Loading parameters: /home/case/amber24/dat/leap/parm/gaff2.dat
Reading title:
AMBER General Force Field for organic molecules (Version 2.2.20, March 2021)
Loading parameters: ./5UF.frcmod
Reading force field modification type file (frcmod)
Reading title:
Remark line goes here
Loading Mol2 file: ./5UF.mol2
Reading MOLECULE named 5UF
Checking Unit.

/home/case/amber24/bin/teLeap: Warning!
The unperturbed charge of the unit (-0.999001) is not zero.

/home/case/amber24/bin/teLeap: Note.
Ignoring the warning from Unit Checking.

Building topology.
"order_residues" off: keep input residue order.
Building atom parameters.
Building bond parameters.
Building angle parameters.
Building proper torsion parameters.
Building improper torsion parameters.
 total 1 improper torsion applied
Building H-Bond parameters.
Incorporating Non-Bonded adjustments.
Not Marking per-residue atom chain types.
Marking per-residue atom chain types.
  (Residues lacking connect0/connect1 - 
   these don't have chain types marked:

	res	total affected

	5UF	1
  )
 (no restraints)
	Quit

Exiting LEaP: Errors = 0; Warnings = 1; Notes = 1.
====== min.o =========================================================
Reading parm file (5UF.parm7)
title:
5UF                                                                             
no velocities were found
no velocities were found
	mm_options:  ntpr=5
	mm_options:  gb=1
	mm_options:  kappa=0.10395
	mm_options:  rgbmax=99.
	mm_options:  cut=99.0
	mm_options:  wcons=0.
     bond:      1.388260181
    angle:      3.490217535
 dihedral:     33.348044586
    enb14:      3.529781656
    eel14:    -86.685777432
      enb:     -1.491574623
      eel:     66.947997555
      egb:    -79.322362026
    econs:      0.000000000
    esurf:      0.000000000
    Total:    -58.795412568
     frms:      6.904160376
Starting TNCG minimisation
 MIN: Iter =    0  NFunc =     1  E =     -58.79541  RMSG = 6.9041604e+00
 MIN: Iter =    1  NFunc =     7  E =     -62.68558  RMSG = 2.8264988e+00
 MIN: Iter =    2  NFunc =    16  E =     -65.21664  RMSG = 3.5550307e+00
 MIN: Iter =    3  NFunc =    22  E =     -67.05252  RMSG = 2.5190465e+00
 MIN: Iter =    4  NFunc =    28  E =     -67.71888  RMSG = 7.9361129e-01
 MIN: Iter =    5  NFunc =    34  E =     -67.85036  RMSG = 4.4546272e-01
 MIN: Iter =    6  NFunc =    50  E =     -67.99082  RMSG = 5.4134408e-01
 MIN: Iter =    7  NFunc =    58  E =     -68.07636  RMSG = 7.0025100e-01
 MIN: Iter =    8  NFunc =    64  E =     -68.10639  RMSG = 1.5853892e-01
 MIN: Iter =    9  NFunc =    70  E =     -68.11543  RMSG = 1.0332863e-01
 MIN: Iter =   10  NFunc =    83  E =     -68.14314  RMSG = 1.7503658e-01
 MIN: Iter =   11  NFunc =   101  E =     -68.15621  RMSG = 8.3248587e-02
 MIN: Iter =   12  NFunc =   121  E =     -68.16194  RMSG = 5.7276919e-02
 MIN: Iter =   13  NFunc =   150  E =     -68.16924  RMSG = 1.6182751e-01
 MIN: Iter =   14  NFunc =   156  E =     -68.17036  RMSG = 3.9177235e-02
 MIN: Iter =   15  NFunc =   180  E =     -68.17128  RMSG = 1.9612718e-02
 MIN: Iter =   16  NFunc =   187  E =     -68.17136  RMSG = 8.3009596e-03
 MIN: Iter =   17  NFunc =   202  E =     -68.17142  RMSG = 4.0677517e-03
 MIN: Iter =   18  NFunc =   228  E =     -68.17145  RMSG = 2.0820196e-03
 MIN: Iter =   19  NFunc =   246  E =     -68.17145  RMSG = 1.1301019e-03
 MIN: Iter =   20  NFunc =   261  E =     -68.17145  RMSG = 1.0466206e-03
 MIN: Iter =   21  NFunc =   275  E =     -68.17145  RMSG = 5.7843535e-04
 MIN: Iter =   22  NFunc =   297  E =     -68.17146  RMSG = 4.3294500e-04
----------------------------------------------------------------
 END:          :-)  E =     -68.17146  RMSG =   0.0004329

     bond:      0.271072568
    angle:      3.573415357
 dihedral:     26.803676247
    enb14:      2.769341322
    eel14:    -86.245847918
      enb:     -1.647064377
      eel:     64.665754236
      egb:    -78.361802570
    econs:      0.000000000
    esurf:      0.000000000
    Total:    -68.171455135
     frms:      0.000432945
====== rms.dat  ======================================================
#Frame      all_heavy
       1       0.2751
