====== tleap.out =====================================================
-I: Adding /home/case/amber24/dat/leap/prep to search path.
-I: Adding /home/case/amber24/dat/leap/lib to search path.
-I: Adding /home/case/amber24/dat/leap/parm to search path.
-I: Adding /home/case/amber24/dat/leap/cmd to search path.
-f: Source leap.in.

Welcome to LEaP!
(no leaprc in search path)
Sourcing: ./leap.in
Using Bondi radii
----- Source: /home/case/amber24/dat/leap/cmd/leaprc.gaff2
----- Source of /home/case/amber24/dat/leap/cmd/leaprc.gaff2 done
Log file: ./leap.log
Loading parameters: /home/case/amber24/dat/leap/parm/gaff2.dat
Reading title:
AMBER General Force Field for organic molecules (Version 2.2.20, March 2021)
Loading parameters: ./5VU.frcmod
Reading force field modification type file (frcmod)
Reading title:
Remark line goes here
Loading Mol2 file: ./5VU.mol2
Reading MOLECULE named 5VU
Checking Unit.
Building topology.
"order_residues" off: keep input residue order.
Building atom parameters.
Building bond parameters.
Building angle parameters.
Building proper torsion parameters.
Building improper torsion parameters.
 total 9 improper torsions applied
Building H-Bond parameters.
Incorporating Non-Bonded adjustments.
Not Marking per-residue atom chain types.
Marking per-residue atom chain types.
  (Residues lacking connect0/connect1 - 
   these don't have chain types marked:

	res	total affected

	5VU	1
  )
 (no restraints)
	Quit

Exiting LEaP: Errors = 0; Warnings = 0; Notes = 0.
====== min.o =========================================================
Reading parm file (5VU.parm7)
title:
5VU                                                                             
no velocities were found
no velocities were found
	mm_options:  ntpr=5
	mm_options:  gb=1
	mm_options:  kappa=0.10395
	mm_options:  rgbmax=99.
	mm_options:  cut=99.0
	mm_options:  wcons=0.
     bond:      1.874381462
    angle:      3.390653092
 dihedral:      8.188558085
    enb14:      6.762509934
    eel14:    -26.454103240
      enb:     -1.576154355
      eel:     -8.358492511
      egb:    -12.314828714
    econs:      0.000000000
    esurf:      0.000000000
    Total:    -28.487476249
     frms:      9.332578777
Starting TNCG minimisation
 MIN: Iter =    0  NFunc =     1  E =     -28.48748  RMSG = 9.3325788e+00
 MIN: Iter =    1  NFunc =     7  E =     -33.80751  RMSG = 2.4845516e+00
 MIN: Iter =    2  NFunc =    18  E =     -35.54139  RMSG = 8.6358266e-01
 MIN: Iter =    3  NFunc =    39  E =     -36.25052  RMSG = 8.7750755e-01
 MIN: Iter =    4  NFunc =    52  E =     -36.69290  RMSG = 7.0120350e-01
 MIN: Iter =    5  NFunc =    61  E =     -36.90434  RMSG = 5.6556396e-01
 MIN: Iter =    6  NFunc =    86  E =     -37.17398  RMSG = 7.1489057e-01
 MIN: Iter =    7  NFunc =    92  E =     -37.24183  RMSG = 3.8743082e-01
 MIN: Iter =    8  NFunc =   103  E =     -37.30219  RMSG = 4.2559770e-01
 MIN: Iter =    9  NFunc =   111  E =     -37.32650  RMSG = 1.4581225e-01
 MIN: Iter =   10  NFunc =   131  E =     -37.37109  RMSG = 5.7873458e-01
 MIN: Iter =   11  NFunc =   137  E =     -37.40219  RMSG = 1.3577229e-01
 MIN: Iter =   12  NFunc =   163  E =     -37.43400  RMSG = 4.7040287e-01
 MIN: Iter =   13  NFunc =   169  E =     -37.45295  RMSG = 1.3743290e-01
 MIN: Iter =   14  NFunc =   181  E =     -37.45911  RMSG = 7.6657009e-02
 MIN: Iter =   15  NFunc =   190  E =     -37.46064  RMSG = 3.5086615e-02
 MIN: Iter =   16  NFunc =   205  E =     -37.46208  RMSG = 2.3525165e-02
 MIN: Iter =   17  NFunc =   254  E =     -37.46359  RMSG = 5.2856726e-02
 MIN: Iter =   18  NFunc =   260  E =     -37.46386  RMSG = 1.2073691e-02
 MIN: Iter =   19  NFunc =   272  E =     -37.46392  RMSG = 5.3929928e-03
 MIN: Iter =   20  NFunc =   279  E =     -37.46393  RMSG = 2.6656805e-03
 MIN: Iter =   21  NFunc =   309  E =     -37.46394  RMSG = 1.7986266e-03
 MIN: Iter =   22  NFunc =   326  E =     -37.46394  RMSG = 1.2798287e-03
 MIN: Iter =   23  NFunc =   339  E =     -37.46394  RMSG = 1.2448629e-03
 MIN: Iter =   24  NFunc =   355  E =     -37.46394  RMSG = 6.2800426e-04
 MIN: Iter =   25  NFunc =   389  E =     -37.46395  RMSG = 5.6218224e-04
 MIN: Iter =   26  NFunc =   426  E =     -37.46395  RMSG = 4.2999726e-04
----------------------------------------------------------------
 END:          :-)  E =     -37.46395  RMSG =   0.0004300

     bond:      0.470921489
    angle:      3.438643181
 dihedral:      2.827101636
    enb14:      4.597132005
    eel14:    -27.125673835
      enb:     -1.059305796
      eel:     -9.003970077
      egb:    -11.608795190
    econs:      0.000000000
    esurf:      0.000000000
    Total:    -37.463946588
     frms:      0.000429997
====== rms.dat  ======================================================
#Frame      all_heavy
       1       0.4336
