====== tleap.out =====================================================
-I: Adding /home/case/amber24/dat/leap/prep to search path.
-I: Adding /home/case/amber24/dat/leap/lib to search path.
-I: Adding /home/case/amber24/dat/leap/parm to search path.
-I: Adding /home/case/amber24/dat/leap/cmd to search path.
-f: Source leap.in.

Welcome to LEaP!
(no leaprc in search path)
Sourcing: ./leap.in
Using Bondi radii
----- Source: /home/case/amber24/dat/leap/cmd/leaprc.gaff2
----- Source of /home/case/amber24/dat/leap/cmd/leaprc.gaff2 done
Log file: ./leap.log
Loading parameters: /home/case/amber24/dat/leap/parm/gaff2.dat
Reading title:
AMBER General Force Field for organic molecules (Version 2.2.20, March 2021)
Loading parameters: ./21W.frcmod
Reading force field modification type file (frcmod)
Reading title:
Remark line goes here
Loading Mol2 file: ./21W.mol2
Reading MOLECULE named 21W
Checking Unit.
Building topology.
"order_residues" off: keep input residue order.
Building atom parameters.
Building bond parameters.
Building angle parameters.
Building proper torsion parameters.
Building improper torsion parameters.
 total 19 improper torsions applied
Building H-Bond parameters.
Incorporating Non-Bonded adjustments.
Not Marking per-residue atom chain types.
Marking per-residue atom chain types.
  (Residues lacking connect0/connect1 - 
   these don't have chain types marked:

	res	total affected

	21W	1
  )
 (no restraints)
	Quit

Exiting LEaP: Errors = 0; Warnings = 0; Notes = 0.
====== min.o =========================================================
Reading parm file (21W.parm7)
title:
21W                                                                             
no velocities were found
no velocities were found
	mm_options:  ntpr=5
	mm_options:  gb=1
	mm_options:  kappa=0.10395
	mm_options:  rgbmax=99.
	mm_options:  cut=99.0
	mm_options:  wcons=0.
     bond:      2.946082983
    angle:      6.654880143
 dihedral:     21.044709044
    enb14:     10.707613119
    eel14:    106.918501008
      enb:     -4.286446721
      eel:   -165.290276816
      egb:    -39.495280151
    econs:      0.000000000
    esurf:      0.000000000
    Total:    -60.800217390
     frms:      8.866339841
Starting TNCG minimisation
 MIN: Iter =    0  NFunc =     1  E =     -60.80022  RMSG = 8.8663398e+00
 MIN: Iter =    1  NFunc =     7  E =     -70.00654  RMSG = 2.7028157e+00
 MIN: Iter =    2  NFunc =    50  E =     -72.83633  RMSG = 2.7798260e+00
 MIN: Iter =    3  NFunc =    58  E =     -75.22391  RMSG = 2.1851416e+00
 MIN: Iter =    4  NFunc =    64  E =     -77.41313  RMSG = 1.9663751e+00
 MIN: Iter =    5  NFunc =    70  E =     -78.85183  RMSG = 1.4524198e+00
 MIN: Iter =    6  NFunc =    76  E =     -79.79944  RMSG = 1.3913906e+00
 MIN: Iter =    7  NFunc =    85  E =     -80.62296  RMSG = 1.0573657e+00
 MIN: Iter =    8  NFunc =    94  E =     -81.12417  RMSG = 8.6368934e-01
 MIN: Iter =    9  NFunc =   101  E =     -81.36026  RMSG = 6.2371575e-01
 MIN: Iter =   10  NFunc =   111  E =     -81.49807  RMSG = 3.4966197e-01
 MIN: Iter =   11  NFunc =   156  E =     -81.75690  RMSG = 6.7057444e-01
 MIN: Iter =   12  NFunc =   162  E =     -81.84749  RMSG = 2.1566320e-01
 MIN: Iter =   13  NFunc =   188  E =     -81.95953  RMSG = 5.8198364e-01
 MIN: Iter =   14  NFunc =   194  E =     -82.03705  RMSG = 2.3906395e-01
 MIN: Iter =   15  NFunc =   208  E =     -82.08791  RMSG = 2.1086564e-01
 MIN: Iter =   16  NFunc =   214  E =     -82.13395  RMSG = 3.1370095e-01
 MIN: Iter =   17  NFunc =   220  E =     -82.16579  RMSG = 1.3265550e-01
 MIN: Iter =   18  NFunc =   226  E =     -82.18138  RMSG = 3.3224208e-01
 MIN: Iter =   19  NFunc =   232  E =     -82.20589  RMSG = 1.3877598e-01
 MIN: Iter =   20  NFunc =   257  E =     -82.25287  RMSG = 4.4019688e-01
 MIN: Iter =   21  NFunc =   263  E =     -82.28141  RMSG = 9.7901512e-02
 MIN: Iter =   22  NFunc =   276  E =     -82.29691  RMSG = 8.2924604e-02
 MIN: Iter =   23  NFunc =   327  E =     -82.32871  RMSG = 3.1851706e-01
 MIN: Iter =   24  NFunc =   334  E =     -82.34602  RMSG = 1.0185281e-01
 MIN: Iter =   25  NFunc =   364  E =     -82.37368  RMSG = 4.5310908e-01
 MIN: Iter =   26  NFunc =   370  E =     -82.39734  RMSG = 1.1659999e-01
 MIN: Iter =   27  NFunc =   397  E =     -82.41257  RMSG = 1.1519866e-01
 MIN: Iter =   28  NFunc =   405  E =     -82.42127  RMSG = 1.1331300e-01
 MIN: Iter =   29  NFunc =   412  E =     -82.42789  RMSG = 9.5784408e-02
 MIN: Iter =   30  NFunc =   418  E =     -82.42993  RMSG = 4.5694551e-02
 MIN: Iter =   31  NFunc =   462  E =     -82.44518  RMSG = 2.0843909e-01
 MIN: Iter =   32  NFunc =   468  E =     -82.45218  RMSG = 6.3574268e-02
 MIN: Iter =   33  NFunc =   490  E =     -82.45914  RMSG = 5.6404778e-02
 MIN: Iter =   34  NFunc =   498  E =     -82.46315  RMSG = 7.1890456e-02
 MIN: Iter =   35  NFunc =   508  E =     -82.46575  RMSG = 4.6950805e-02
 MIN: Iter =   36  NFunc =   514  E =     -82.46634  RMSG = 2.1190923e-02
 MIN: Iter =   37  NFunc =   542  E =     -82.46742  RMSG = 2.0902109e-02
 MIN: Iter =   38  NFunc =   593  E =     -82.46855  RMSG = 2.2088050e-02
 MIN: Iter =   39  NFunc =   604  E =     -82.46870  RMSG = 9.9022236e-03
 MIN: Iter =   40  NFunc =   629  E =     -82.46892  RMSG = 7.6441828e-03
 MIN: Iter =   41  NFunc =   641  E =     -82.46897  RMSG = 4.7683417e-03
 MIN: Iter =   42  NFunc =   692  E =     -82.46909  RMSG = 5.7988320e-03
 MIN: Iter =   43  NFunc =   724  E =     -82.46940  RMSG = 1.1541647e-02
 MIN: Iter =   44  NFunc =   743  E =     -82.46950  RMSG = 4.9481597e-03
 MIN: Iter =   45  NFunc =   764  E =     -82.46957  RMSG = 3.9375098e-03
 MIN: Iter =   46  NFunc =   809  E =     -82.47014  RMSG = 2.1724792e-02
 MIN: Iter =   47  NFunc =   816  E =     -82.47021  RMSG = 7.4972423e-03
 MIN: Iter =   48  NFunc =   822  E =     -82.47023  RMSG = 4.8055172e-03
 MIN: Iter =   49  NFunc =   855  E =     -82.47030  RMSG = 3.9113903e-03
 MIN: Iter =   50  NFunc =   866  E =     -82.47031  RMSG = 1.9215397e-03
 MIN: Iter =   51  NFunc =   904  E =     -82.47035  RMSG = 2.6712040e-03
 MIN: Iter =   52  NFunc =   920  E =     -82.47037  RMSG = 2.4663332e-03
 MIN: Iter =   53  NFunc =   943  E =     -82.47039  RMSG = 1.5029486e-03
 MIN: Iter =   54  NFunc =   978  E =     -82.47040  RMSG = 1.2867296e-03
 MIN: Iter =   55  NFunc =   987  E =     -82.47040  RMSG = 6.0439788e-04
 MIN: Iter =   56  NFunc =  1038  E =     -82.47041  RMSG = 2.3276273e-03
 MIN: Iter =   57  NFunc =  1047  E =     -82.47041  RMSG = 1.1784414e-03
 MIN: Iter =   58  NFunc =  1065  E =     -82.47041  RMSG = 5.3936133e-04
 MIN: Iter =   59  NFunc =  1112  E =     -82.47041  RMSG = 3.3816364e-04
----------------------------------------------------------------
 END:          :-)  E =     -82.47041  RMSG =   0.0003382

     bond:      2.360059227
    angle:      5.997586079
 dihedral:      4.026736578
    enb14:      7.964596776
    eel14:     99.754119215
      enb:     -2.897176156
      eel:   -156.730370072
      egb:    -42.945964107
    econs:      0.000000000
    esurf:      0.000000000
    Total:    -82.470412460
     frms:      0.000338164
====== rms.dat  ======================================================
#Frame      all_heavy
       1       0.6302
