====== tleap.out =====================================================
-I: Adding /home/case/amber24/dat/leap/prep to search path.
-I: Adding /home/case/amber24/dat/leap/lib to search path.
-I: Adding /home/case/amber24/dat/leap/parm to search path.
-I: Adding /home/case/amber24/dat/leap/cmd to search path.
-f: Source leap.in.

Welcome to LEaP!
(no leaprc in search path)
Sourcing: ./leap.in
Using Bondi radii
----- Source: /home/case/amber24/dat/leap/cmd/leaprc.gaff2
----- Source of /home/case/amber24/dat/leap/cmd/leaprc.gaff2 done
Log file: ./leap.log
Loading parameters: /home/case/amber24/dat/leap/parm/gaff2.dat
Reading title:
AMBER General Force Field for organic molecules (Version 2.2.20, March 2021)
Loading parameters: ./22Z.frcmod
Reading force field modification type file (frcmod)
Reading title:
Remark line goes here
Loading Mol2 file: ./22Z.mol2
Reading MOLECULE named 22Z
Checking Unit.
Building topology.
"order_residues" off: keep input residue order.
Building atom parameters.
Building bond parameters.
Building angle parameters.
Building proper torsion parameters.
Building improper torsion parameters.
 total 16 improper torsions applied
Building H-Bond parameters.
Incorporating Non-Bonded adjustments.
Not Marking per-residue atom chain types.
Marking per-residue atom chain types.
  (Residues lacking connect0/connect1 - 
   these don't have chain types marked:

	res	total affected

	22Z	1
  )
 (no restraints)
	Quit

Exiting LEaP: Errors = 0; Warnings = 0; Notes = 0.
====== min.o =========================================================
Reading parm file (22Z.parm7)
title:
22Z                                                                             
no velocities were found
no velocities were found
	mm_options:  ntpr=5
	mm_options:  gb=1
	mm_options:  kappa=0.10395
	mm_options:  rgbmax=99.
	mm_options:  cut=99.0
	mm_options:  wcons=0.
     bond:      5.301466877
    angle:      4.136510185
 dihedral:      6.218648744
    enb14:     14.672065011
    eel14:   -621.803437080
      enb:      5.983616130
      eel:    353.487700759
      egb:    -25.332081100
    econs:      0.000000000
    esurf:      0.000000000
    Total:   -257.335510473
     frms:     12.678624080
Starting TNCG minimisation
 MIN: Iter =    0  NFunc =     1  E =    -257.33551  RMSG = 1.2678624e+01
 MIN: Iter =    1  NFunc =     7  E =    -267.38592  RMSG = 1.8941189e+00
 MIN: Iter =    2  NFunc =    14  E =    -268.63776  RMSG = 1.0190229e+00
 MIN: Iter =    3  NFunc =    24  E =    -269.39540  RMSG = 8.1171219e-01
 MIN: Iter =    4  NFunc =    37  E =    -269.81277  RMSG = 4.0646385e-01
 MIN: Iter =    5  NFunc =    72  E =    -270.02171  RMSG = 6.3003568e-01
 MIN: Iter =    6  NFunc =   109  E =    -270.26891  RMSG = 8.5344884e-01
 MIN: Iter =    7  NFunc =   115  E =    -270.47157  RMSG = 3.7126690e-01
 MIN: Iter =    8  NFunc =   129  E =    -270.66143  RMSG = 6.0851975e-01
 MIN: Iter =    9  NFunc =   136  E =    -270.76978  RMSG = 2.1631809e-01
 MIN: Iter =   10  NFunc =   178  E =    -270.90615  RMSG = 9.1333004e-01
 MIN: Iter =   11  NFunc =   184  E =    -270.99832  RMSG = 1.8331123e-01
 MIN: Iter =   12  NFunc =   226  E =    -271.06143  RMSG = 1.8859299e-01
 MIN: Iter =   13  NFunc =   235  E =    -271.08867  RMSG = 1.5258258e-01
 MIN: Iter =   14  NFunc =   249  E =    -271.10580  RMSG = 7.4229657e-02
 MIN: Iter =   15  NFunc =   279  E =    -271.11582  RMSG = 7.8606350e-02
 MIN: Iter =   16  NFunc =   331  E =    -271.13224  RMSG = 1.3571256e-01
 MIN: Iter =   17  NFunc =   344  E =    -271.14233  RMSG = 7.8309384e-02
 MIN: Iter =   18  NFunc =   362  E =    -271.15096  RMSG = 1.2227847e-01
 MIN: Iter =   19  NFunc =   378  E =    -271.15722  RMSG = 4.5436640e-02
 MIN: Iter =   20  NFunc =   415  E =    -271.16404  RMSG = 8.9951394e-02
 MIN: Iter =   21  NFunc =   421  E =    -271.16657  RMSG = 4.5674090e-02
 MIN: Iter =   22  NFunc =   442  E =    -271.17063  RMSG = 5.1441885e-02
 MIN: Iter =   23  NFunc =   454  E =    -271.17295  RMSG = 3.9062831e-02
 MIN: Iter =   24  NFunc =   463  E =    -271.17365  RMSG = 1.7524056e-02
 MIN: Iter =   25  NFunc =   515  E =    -271.17592  RMSG = 3.0807332e-02
 MIN: Iter =   26  NFunc =   537  E =    -271.17726  RMSG = 2.7953514e-02
 MIN: Iter =   27  NFunc =   557  E =    -271.17806  RMSG = 1.5721802e-02
 MIN: Iter =   28  NFunc =   608  E =    -271.17896  RMSG = 2.4020608e-02
 MIN: Iter =   29  NFunc =   631  E =    -271.17928  RMSG = 8.0464887e-03
 MIN: Iter =   30  NFunc =   666  E =    -271.17957  RMSG = 5.8477853e-03
 MIN: Iter =   31  NFunc =   717  E =    -271.17973  RMSG = 6.2186791e-03
 MIN: Iter =   32  NFunc =   768  E =    -271.17990  RMSG = 6.5414435e-03
 MIN: Iter =   33  NFunc =   775  E =    -271.17991  RMSG = 2.1836841e-03
 MIN: Iter =   34  NFunc =   811  E =    -271.17992  RMSG = 1.2072761e-03
 MIN: Iter =   35  NFunc =   834  E =    -271.17992  RMSG = 7.5157881e-04
 MIN: Iter =   36  NFunc =   870  E =    -271.17992  RMSG = 6.7594572e-04
 MIN: Iter =   37  NFunc =   915  E =    -271.17992  RMSG = 3.2742051e-04
----------------------------------------------------------------
 END:          :-)  E =    -271.17992  RMSG =   0.0003274

     bond:      1.083637237
    angle:      3.139577051
 dihedral:      7.391374901
    enb14:     10.918915697
    eel14:   -619.510641727
      enb:      1.085021966
      eel:    351.171589237
      egb:    -26.459399211
    econs:      0.000000000
    esurf:      0.000000000
    Total:   -271.179924848
     frms:      0.000327421
====== rms.dat  ======================================================
#Frame      all_heavy
       1       0.3426
