====== tleap.out =====================================================
-I: Adding /home/case/amber24/dat/leap/prep to search path.
-I: Adding /home/case/amber24/dat/leap/lib to search path.
-I: Adding /home/case/amber24/dat/leap/parm to search path.
-I: Adding /home/case/amber24/dat/leap/cmd to search path.
-f: Source leap.in.

Welcome to LEaP!
(no leaprc in search path)
Sourcing: ./leap.in
Using Bondi radii
----- Source: /home/case/amber24/dat/leap/cmd/leaprc.gaff2
----- Source of /home/case/amber24/dat/leap/cmd/leaprc.gaff2 done
Log file: ./leap.log
Loading parameters: /home/case/amber24/dat/leap/parm/gaff2.dat
Reading title:
AMBER General Force Field for organic molecules (Version 2.2.20, March 2021)
Loading parameters: ./27S.frcmod
Reading force field modification type file (frcmod)
Reading title:
Remark line goes here
Loading Mol2 file: ./27S.mol2
Reading MOLECULE named 27S
Checking Unit.

/home/case/amber24/bin/teLeap: Warning!
The unperturbed charge of the unit (-1.002998) is not zero.

/home/case/amber24/bin/teLeap: Note.
Ignoring the warning from Unit Checking.

Building topology.
"order_residues" off: keep input residue order.
Building atom parameters.
Building bond parameters.
Building angle parameters.
Building proper torsion parameters.
Building improper torsion parameters.
 total 8 improper torsions applied
Building H-Bond parameters.
Incorporating Non-Bonded adjustments.
Not Marking per-residue atom chain types.
Marking per-residue atom chain types.
  (Residues lacking connect0/connect1 - 
   these don't have chain types marked:

	res	total affected

	27S	1
  )
 (no restraints)
	Quit

Exiting LEaP: Errors = 0; Warnings = 1; Notes = 1.
====== min.o =========================================================
Reading parm file (27S.parm7)
title:
27S                                                                             
no velocities were found
no velocities were found
	mm_options:  ntpr=5
	mm_options:  gb=1
	mm_options:  kappa=0.10395
	mm_options:  rgbmax=99.
	mm_options:  cut=99.0
	mm_options:  wcons=0.
     bond:      5.162841736
    angle:     14.671440415
 dihedral:     48.131724549
    enb14:      9.847420448
    eel14:   -103.478268222
      enb:     -6.986619961
      eel:    -34.497558954
      egb:    -91.711350009
    econs:      0.000000000
    esurf:      0.000000000
    Total:   -158.860369999
     frms:     11.769608192
Starting TNCG minimisation
 MIN: Iter =    0  NFunc =     1  E =    -158.86037  RMSG = 1.1769608e+01
 MIN: Iter =    1  NFunc =     7  E =    -170.95546  RMSG = 3.1139876e+00
 MIN: Iter =    2  NFunc =    13  E =    -173.07783  RMSG = 1.4126342e+00
 MIN: Iter =    3  NFunc =    21  E =    -173.68526  RMSG = 1.7169167e+00
 MIN: Iter =    4  NFunc =    26  E =    -174.08907  RMSG = 3.4660212e+00
 MIN: Iter =    5  NFunc =    33  E =    -174.87719  RMSG = 8.6660267e-01
 MIN: Iter =    6  NFunc =    47  E =    -175.18743  RMSG = 4.4944966e-01
 MIN: Iter =    7  NFunc =    81  E =    -175.37401  RMSG = 1.3473653e+00
 MIN: Iter =    8  NFunc =    87  E =    -175.55204  RMSG = 4.5898847e-01
 MIN: Iter =    9  NFunc =   111  E =    -175.75278  RMSG = 5.9839478e-01
 MIN: Iter =   10  NFunc =   156  E =    -175.96709  RMSG = 1.1528343e+00
 MIN: Iter =   11  NFunc =   162  E =    -176.11064  RMSG = 4.4860623e-01
 MIN: Iter =   12  NFunc =   213  E =    -176.27011  RMSG = 7.1809049e-01
 MIN: Iter =   13  NFunc =   219  E =    -176.35780  RMSG = 4.6237236e-01
 MIN: Iter =   14  NFunc =   225  E =    -176.41525  RMSG = 2.5024972e-01
 MIN: Iter =   15  NFunc =   241  E =    -176.47352  RMSG = 1.2111596e-01
 MIN: Iter =   16  NFunc =   262  E =    -176.49254  RMSG = 9.3473294e-02
 MIN: Iter =   17  NFunc =   288  E =    -176.50211  RMSG = 1.0181366e-01
 MIN: Iter =   18  NFunc =   309  E =    -176.50625  RMSG = 4.2159708e-02
 MIN: Iter =   19  NFunc =   325  E =    -176.50745  RMSG = 2.0430459e-02
 MIN: Iter =   20  NFunc =   334  E =    -176.50764  RMSG = 1.1918878e-02
 MIN: Iter =   21  NFunc =   385  E =    -176.50833  RMSG = 7.0724269e-03
 MIN: Iter =   22  NFunc =   401  E =    -176.50840  RMSG = 4.6296675e-03
 MIN: Iter =   23  NFunc =   424  E =    -176.50844  RMSG = 2.0568023e-03
 MIN: Iter =   24  NFunc =   463  E =    -176.50845  RMSG = 1.4840130e-03
 MIN: Iter =   25  NFunc =   495  E =    -176.50846  RMSG = 7.8817843e-04
 MIN: Iter =   26  NFunc =   503  E =    -176.50846  RMSG = 6.7488989e-04
 MIN: Iter =   27  NFunc =   510  E =    -176.50846  RMSG = 3.0759823e-04
----------------------------------------------------------------
 END:          :-)  E =    -176.50846  RMSG =   0.0003076

     bond:      3.571337868
    angle:     10.186020697
 dihedral:     49.292067460
    enb14:      6.001446851
    eel14:   -113.156012927
      enb:     -8.340725741
      eel:    -32.327139872
      egb:    -91.735452717
    econs:      0.000000000
    esurf:      0.000000000
    Total:   -176.508458382
     frms:      0.000307598
====== rms.dat  ======================================================
#Frame      all_heavy
       1       0.2201
