====== tleap.out =====================================================
-I: Adding /home/case/amber24/dat/leap/prep to search path.
-I: Adding /home/case/amber24/dat/leap/lib to search path.
-I: Adding /home/case/amber24/dat/leap/parm to search path.
-I: Adding /home/case/amber24/dat/leap/cmd to search path.
-f: Source leap.in.

Welcome to LEaP!
(no leaprc in search path)
Sourcing: ./leap.in
Using Bondi radii
----- Source: /home/case/amber24/dat/leap/cmd/leaprc.gaff2
----- Source of /home/case/amber24/dat/leap/cmd/leaprc.gaff2 done
Log file: ./leap.log
Loading parameters: /home/case/amber24/dat/leap/parm/gaff2.dat
Reading title:
AMBER General Force Field for organic molecules (Version 2.2.20, March 2021)
Loading parameters: ./28K.frcmod
Reading force field modification type file (frcmod)
Reading title:
Remark line goes here
Loading Mol2 file: ./28K.mol2
Reading MOLECULE named 28K
Checking Unit.

/home/case/amber24/bin/teLeap: Warning!
The unperturbed charge of the unit (-1.000001) is not zero.

/home/case/amber24/bin/teLeap: Note.
Ignoring the warning from Unit Checking.

Building topology.
"order_residues" off: keep input residue order.
Building atom parameters.
Building bond parameters.
Building angle parameters.
Building proper torsion parameters.

/home/case/amber24/bin/teLeap: Note.
1-4: angle 3 5 duplicates bond ('triangular' bond) or angle ('square' bond)


/home/case/amber24/bin/teLeap: Note.
1-4: angle 3 4 duplicates bond ('triangular' bond) or angle ('square' bond)


/home/case/amber24/bin/teLeap: Note.
1-4: angle 4 5 duplicates bond ('triangular' bond) or angle ('square' bond)

Building improper torsion parameters.
 total 3 improper torsions applied
Building H-Bond parameters.
Incorporating Non-Bonded adjustments.
Not Marking per-residue atom chain types.
Marking per-residue atom chain types.
  (Residues lacking connect0/connect1 - 
   these don't have chain types marked:

	res	total affected

	28K	1
  )
 (no restraints)
	Quit

Exiting LEaP: Errors = 0; Warnings = 1; Notes = 4.
====== min.o =========================================================
Reading parm file (28K.parm7)
title:
28K                                                                             
no velocities were found
no velocities were found
	mm_options:  ntpr=5
	mm_options:  gb=1
	mm_options:  kappa=0.10395
	mm_options:  rgbmax=99.
	mm_options:  cut=99.0
	mm_options:  wcons=0.
     bond:      2.211011579
    angle:      3.912044480
 dihedral:     10.611187653
    enb14:      2.292668688
    eel14:     83.162860216
      enb:     -0.291976543
      eel:    -76.648717415
      egb:    -85.451550973
    econs:      0.000000000
    esurf:      0.000000000
    Total:    -60.202472316
     frms:     10.787847676
Starting TNCG minimisation
 MIN: Iter =    0  NFunc =     1  E =     -60.20247  RMSG = 1.0787848e+01
 MIN: Iter =    1  NFunc =     7  E =     -64.95286  RMSG = 2.6877863e+00
 MIN: Iter =    2  NFunc =    14  E =     -65.69295  RMSG = 9.2729422e-01
 MIN: Iter =    3  NFunc =    45  E =     -65.98273  RMSG = 1.7181843e+00
 MIN: Iter =    4  NFunc =    51  E =     -66.08578  RMSG = 4.9046557e-01
 MIN: Iter =    5  NFunc =    62  E =     -66.21083  RMSG = 1.3780065e+00
 MIN: Iter =    6  NFunc =    68  E =     -66.27964  RMSG = 2.6339378e-01
 MIN: Iter =    7  NFunc =    82  E =     -66.31843  RMSG = 5.4490984e-01
 MIN: Iter =    8  NFunc =    88  E =     -66.33050  RMSG = 1.6770836e-01
 MIN: Iter =    9  NFunc =    97  E =     -66.33984  RMSG = 1.7200409e-01
 MIN: Iter =   10  NFunc =   132  E =     -66.35902  RMSG = 2.5707827e-01
 MIN: Iter =   11  NFunc =   138  E =     -66.36225  RMSG = 8.9412624e-02
 MIN: Iter =   12  NFunc =   153  E =     -66.36504  RMSG = 5.2928796e-02
 MIN: Iter =   13  NFunc =   174  E =     -66.36609  RMSG = 2.3830279e-02
 MIN: Iter =   14  NFunc =   183  E =     -66.36620  RMSG = 1.1732379e-02
 MIN: Iter =   15  NFunc =   194  E =     -66.36625  RMSG = 6.8378057e-03
 MIN: Iter =   16  NFunc =   205  E =     -66.36627  RMSG = 4.1345578e-03
 MIN: Iter =   17  NFunc =   214  E =     -66.36627  RMSG = 1.1856168e-03
 MIN: Iter =   18  NFunc =   228  E =     -66.36627  RMSG = 5.8801688e-04
 MIN: Iter =   19  NFunc =   249  E =     -66.36627  RMSG = 7.0967261e-04
 MIN: Iter =   20  NFunc =   260  E =     -66.36627  RMSG = 5.8951500e-04
 MIN: Iter =   21  NFunc =   267  E =     -66.36627  RMSG = 3.3281136e-04
----------------------------------------------------------------
 END:          :-)  E =     -66.36627  RMSG =   0.0003328

     bond:      0.588462358
    angle:      3.680495261
 dihedral:      9.793512601
    enb14:      1.497307272
    eel14:     79.192090776
      enb:     -0.760474833
      eel:    -73.584469320
      egb:    -86.773198413
    econs:      0.000000000
    esurf:      0.000000000
    Total:    -66.366274297
     frms:      0.000332811
====== rms.dat  ======================================================
#Frame      all_heavy
       1       0.1858
