====== tleap.out =====================================================
-I: Adding /home/case/amber24/dat/leap/prep to search path.
-I: Adding /home/case/amber24/dat/leap/lib to search path.
-I: Adding /home/case/amber24/dat/leap/parm to search path.
-I: Adding /home/case/amber24/dat/leap/cmd to search path.
-f: Source leap.in.

Welcome to LEaP!
(no leaprc in search path)
Sourcing: ./leap.in
Using Bondi radii
----- Source: /home/case/amber24/dat/leap/cmd/leaprc.gaff2
----- Source of /home/case/amber24/dat/leap/cmd/leaprc.gaff2 done
Log file: ./leap.log
Loading parameters: /home/case/amber24/dat/leap/parm/gaff2.dat
Reading title:
AMBER General Force Field for organic molecules (Version 2.2.20, March 2021)
Loading parameters: ./2HA.frcmod
Reading force field modification type file (frcmod)
Reading title:
Remark line goes here
Loading Mol2 file: ./2HA.mol2
Reading MOLECULE named 2HA
Checking Unit.
Building topology.
"order_residues" off: keep input residue order.
Building atom parameters.
Building bond parameters.
Building angle parameters.
Building proper torsion parameters.
Building improper torsion parameters.
 total 1 improper torsion applied
Building H-Bond parameters.
Incorporating Non-Bonded adjustments.
Not Marking per-residue atom chain types.
Marking per-residue atom chain types.
  (Residues lacking connect0/connect1 - 
   these don't have chain types marked:

	res	total affected

	2HA	1
  )
 (no restraints)
	Quit

Exiting LEaP: Errors = 0; Warnings = 0; Notes = 0.
====== min.o =========================================================
Reading parm file (2HA.parm7)
title:
2HA                                                                             
no velocities were found
no velocities were found
	mm_options:  ntpr=5
	mm_options:  gb=1
	mm_options:  kappa=0.10395
	mm_options:  rgbmax=99.
	mm_options:  cut=99.0
	mm_options:  wcons=0.
     bond:      0.897500500
    angle:      0.744400951
 dihedral:      1.453895174
    enb14:      2.391159088
    eel14:     98.268313286
      enb:     -0.165150593
      eel:    -30.509218158
      egb:    -21.102774897
    econs:      0.000000000
    esurf:      0.000000000
    Total:     51.978125352
     frms:     12.775028336
Starting TNCG minimisation
 MIN: Iter =    0  NFunc =     1  E =      51.97813  RMSG = 1.2775028e+01
 MIN: Iter =    1  NFunc =     7  E =      46.04420  RMSG = 2.5239522e+00
 MIN: Iter =    2  NFunc =    13  E =      45.74557  RMSG = 3.3087170e-01
 MIN: Iter =    3  NFunc =    21  E =      45.72732  RMSG = 9.1583619e-02
 MIN: Iter =    4  NFunc =    27  E =      45.72717  RMSG = 1.1956457e-02
 MIN: Iter =    5  NFunc =    35  E =      45.72710  RMSG = 1.0451770e-02
 MIN: Iter =    6  NFunc =    43  E =      45.72709  RMSG = 8.2027324e-03
 MIN: Iter =    7  NFunc =    63  E =      45.72683  RMSG = 7.5833274e-02
 MIN: Iter =    8  NFunc =    69  E =      45.72670  RMSG = 5.8123702e-03
 MIN: Iter =    9  NFunc =    79  E =      45.72669  RMSG = 2.1905403e-03
 MIN: Iter =   10  NFunc =    85  E =      45.72669  RMSG = 1.7877840e-03
 MIN: Iter =   11  NFunc =    91  E =      45.72669  RMSG = 4.2324243e-04
----------------------------------------------------------------
 END:          :-)  E =      45.72669  RMSG =   0.0004232

     bond:      1.059617866
    angle:      1.260807241
 dihedral:      1.482182033
    enb14:      0.656856811
    eel14:     92.846419325
      enb:     -0.153300313
      eel:    -29.037251645
      egb:    -22.388640260
    econs:      0.000000000
    esurf:      0.000000000
    Total:     45.726691059
     frms:      0.000423242
====== rms.dat  ======================================================
#Frame      all_heavy
       1       0.0997
