====== tleap.out =====================================================
-I: Adding /home/case/amber24/dat/leap/prep to search path.
-I: Adding /home/case/amber24/dat/leap/lib to search path.
-I: Adding /home/case/amber24/dat/leap/parm to search path.
-I: Adding /home/case/amber24/dat/leap/cmd to search path.
-f: Source leap.in.

Welcome to LEaP!
(no leaprc in search path)
Sourcing: ./leap.in
Using Bondi radii
----- Source: /home/case/amber24/dat/leap/cmd/leaprc.gaff2
----- Source of /home/case/amber24/dat/leap/cmd/leaprc.gaff2 done
Log file: ./leap.log
Loading parameters: /home/case/amber24/dat/leap/parm/gaff2.dat
Reading title:
AMBER General Force Field for organic molecules (Version 2.2.20, March 2021)
Loading parameters: ./2HT.frcmod
Reading force field modification type file (frcmod)
Reading title:
Remark line goes here
Loading Mol2 file: ./2HT.mol2
Reading MOLECULE named 2HT
Checking Unit.
Building topology.
"order_residues" off: keep input residue order.
Building atom parameters.
Building bond parameters.
Building angle parameters.
Building proper torsion parameters.
Building improper torsion parameters.
 total 6 improper torsions applied
Building H-Bond parameters.
Incorporating Non-Bonded adjustments.
Not Marking per-residue atom chain types.
Marking per-residue atom chain types.
  (Residues lacking connect0/connect1 - 
   these don't have chain types marked:

	res	total affected

	2HT	1
  )
 (no restraints)
	Quit

Exiting LEaP: Errors = 0; Warnings = 0; Notes = 0.
====== min.o =========================================================
Reading parm file (2HT.parm7)
title:
2HT                                                                             
no velocities were found
no velocities were found
	mm_options:  ntpr=5
	mm_options:  gb=1
	mm_options:  kappa=0.10395
	mm_options:  rgbmax=99.
	mm_options:  cut=99.0
	mm_options:  wcons=0.
     bond:      0.378961764
    angle:      0.227768148
 dihedral:      0.017793328
    enb14:      3.825127189
    eel14:      5.543154869
      enb:     -0.722209995
      eel:     -1.218656101
      egb:     -8.180076876
    econs:      0.000000000
    esurf:      0.000000000
    Total:     -0.128137674
     frms:      5.992869914
Starting TNCG minimisation
 MIN: Iter =    0  NFunc =     1  E =      -0.12814  RMSG = 5.9928699e+00
 MIN: Iter =    1  NFunc =     7  E =      -1.37356  RMSG = 1.1672034e+00
 MIN: Iter =    2  NFunc =    13  E =      -1.43749  RMSG = 2.9215388e-01
 MIN: Iter =    3  NFunc =    26  E =      -1.44676  RMSG = 1.4237098e-01
 MIN: Iter =    4  NFunc =    32  E =      -1.44772  RMSG = 2.8834158e-02
 MIN: Iter =    5  NFunc =    39  E =      -1.44783  RMSG = 1.2419441e-02
 MIN: Iter =    6  NFunc =    46  E =      -1.44785  RMSG = 4.4733884e-03
 MIN: Iter =    7  NFunc =    77  E =      -1.44798  RMSG = 1.2644157e-02
 MIN: Iter =    8  NFunc =    87  E =      -1.44807  RMSG = 1.7863832e-02
 MIN: Iter =    9  NFunc =    98  E =      -1.44819  RMSG = 3.1578203e-02
 MIN: Iter =   10  NFunc =   105  E =      -1.44826  RMSG = 1.2172628e-02
 MIN: Iter =   11  NFunc =   111  E =      -1.44828  RMSG = 1.0053030e-02
 MIN: Iter =   12  NFunc =   118  E =      -1.44829  RMSG = 4.2806106e-03
 MIN: Iter =   13  NFunc =   125  E =      -1.44829  RMSG = 1.7353638e-03
 MIN: Iter =   14  NFunc =   132  E =      -1.44829  RMSG = 1.0193002e-03
 MIN: Iter =   15  NFunc =   140  E =      -1.44829  RMSG = 4.7518598e-04
----------------------------------------------------------------
 END:          :-)  E =      -1.44829  RMSG =   0.0004752

     bond:      0.211480421
    angle:      0.048876310
 dihedral:      0.000860411
    enb14:      3.050107078
    eel14:      5.459193691
      enb:     -0.700790893
      eel:     -1.160503822
      egb:     -8.357512721
    econs:      0.000000000
    esurf:      0.000000000
    Total:     -1.448289526
     frms:      0.000475186
====== rms.dat  ======================================================
#Frame      all_heavy
       1       0.0285
