====== tleap.out =====================================================
-I: Adding /home/case/amber24/dat/leap/prep to search path.
-I: Adding /home/case/amber24/dat/leap/lib to search path.
-I: Adding /home/case/amber24/dat/leap/parm to search path.
-I: Adding /home/case/amber24/dat/leap/cmd to search path.
-f: Source leap.in.

Welcome to LEaP!
(no leaprc in search path)
Sourcing: ./leap.in
Using Bondi radii
----- Source: /home/case/amber24/dat/leap/cmd/leaprc.gaff2
----- Source of /home/case/amber24/dat/leap/cmd/leaprc.gaff2 done
Log file: ./leap.log
Loading parameters: /home/case/amber24/dat/leap/parm/gaff2.dat
Reading title:
AMBER General Force Field for organic molecules (Version 2.2.20, March 2021)
Loading parameters: ./2IR.frcmod
Reading force field modification type file (frcmod)
Reading title:
Remark line goes here
Loading Mol2 file: ./2IR.mol2
Reading MOLECULE named 2IR
Checking Unit.
Building topology.
"order_residues" off: keep input residue order.
Building atom parameters.
Building bond parameters.
Building angle parameters.
Building proper torsion parameters.
Building improper torsion parameters.
 total 20 improper torsions applied
Building H-Bond parameters.
Incorporating Non-Bonded adjustments.
Not Marking per-residue atom chain types.
Marking per-residue atom chain types.
  (Residues lacking connect0/connect1 - 
   these don't have chain types marked:

	res	total affected

	2IR	1
  )
 (no restraints)
	Quit

Exiting LEaP: Errors = 0; Warnings = 0; Notes = 0.
====== min.o =========================================================
Reading parm file (2IR.parm7)
title:
2IR                                                                             
no velocities were found
no velocities were found
	mm_options:  ntpr=5
	mm_options:  gb=1
	mm_options:  kappa=0.10395
	mm_options:  rgbmax=99.
	mm_options:  cut=99.0
	mm_options:  wcons=0.
     bond:      3.390313399
    angle:     10.770558257
 dihedral:     30.431597696
    enb14:     22.674941631
    eel14:     22.439332504
      enb:    -13.001310745
      eel:    -33.039559767
      egb:    -16.917462997
    econs:      0.000000000
    esurf:      0.000000000
    Total:     26.748409978
     frms:      7.670953870
Starting TNCG minimisation
 MIN: Iter =    0  NFunc =     1  E =      26.74841  RMSG = 7.6709539e+00
 MIN: Iter =    1  NFunc =     7  E =      13.71497  RMSG = 2.5152754e+00
 MIN: Iter =    2  NFunc =    18  E =       9.93383  RMSG = 9.0563292e-01
 MIN: Iter =    3  NFunc =    46  E =       8.62217  RMSG = 6.1155169e-01
 MIN: Iter =    4  NFunc =    56  E =       8.18063  RMSG = 4.5005744e-01
 MIN: Iter =    5  NFunc =    91  E =       7.79256  RMSG = 3.3553495e-01
 MIN: Iter =    6  NFunc =   111  E =       7.58313  RMSG = 2.5721494e-01
 MIN: Iter =    7  NFunc =   126  E =       7.48428  RMSG = 1.6747085e-01
 MIN: Iter =    8  NFunc =   140  E =       7.44930  RMSG = 9.4391482e-02
 MIN: Iter =    9  NFunc =   185  E =       7.39149  RMSG = 1.9284406e-01
 MIN: Iter =   10  NFunc =   191  E =       7.38379  RMSG = 5.0629718e-02
 MIN: Iter =   11  NFunc =   243  E =       7.35956  RMSG = 9.6870326e-02
 MIN: Iter =   12  NFunc =   265  E =       7.34306  RMSG = 1.8148166e-01
 MIN: Iter =   13  NFunc =   271  E =       7.33534  RMSG = 6.4335027e-02
 MIN: Iter =   14  NFunc =   304  E =       7.32744  RMSG = 5.9578379e-02
 MIN: Iter =   15  NFunc =   323  E =       7.32013  RMSG = 9.9793988e-02
 MIN: Iter =   16  NFunc =   329  E =       7.31827  RMSG = 2.0820522e-02
 MIN: Iter =   17  NFunc =   354  E =       7.31591  RMSG = 2.9129730e-02
 MIN: Iter =   18  NFunc =   388  E =       7.31288  RMSG = 1.8774627e-02
 MIN: Iter =   19  NFunc =   439  E =       7.31061  RMSG = 5.5534267e-02
 MIN: Iter =   20  NFunc =   446  E =       7.30984  RMSG = 1.5671489e-02
 MIN: Iter =   21  NFunc =   489  E =       7.30854  RMSG = 2.2635341e-02
 MIN: Iter =   22  NFunc =   537  E =       7.30767  RMSG = 7.3736605e-03
 MIN: Iter =   23  NFunc =   572  E =       7.30739  RMSG = 4.8676696e-03
 MIN: Iter =   24  NFunc =   623  E =       7.30722  RMSG = 5.6482608e-03
 MIN: Iter =   25  NFunc =   665  E =       7.30712  RMSG = 2.9490432e-03
 MIN: Iter =   26  NFunc =   716  E =       7.30706  RMSG = 2.0533547e-03
 MIN: Iter =   27  NFunc =   767  E =       7.30703  RMSG = 1.4070223e-03
 MIN: Iter =   28  NFunc =   780  E =       7.30703  RMSG = 9.0826784e-04
 MIN: Iter =   29  NFunc =   821  E =       7.30702  RMSG = 7.4637820e-04
 MIN: Iter =   30  NFunc =   866  E =       7.30702  RMSG = 4.9916550e-04
----------------------------------------------------------------
 END:          :-)  E =       7.30702  RMSG =   0.0004992

     bond:      2.240722367
    angle:      7.903724656
 dihedral:     26.082275951
    enb14:     15.436548012
    eel14:     17.984422410
      enb:    -13.944702893
      eel:    -29.406074885
      egb:    -18.989900414
    econs:      0.000000000
    esurf:      0.000000000
    Total:      7.307015203
     frms:      0.000499165
====== rms.dat  ======================================================
#Frame      all_heavy
       1       0.3029
