====== tleap.out =====================================================
-I: Adding /home/case/amber24/dat/leap/prep to search path.
-I: Adding /home/case/amber24/dat/leap/lib to search path.
-I: Adding /home/case/amber24/dat/leap/parm to search path.
-I: Adding /home/case/amber24/dat/leap/cmd to search path.
-f: Source leap.in.

Welcome to LEaP!
(no leaprc in search path)
Sourcing: ./leap.in
Using Bondi radii
----- Source: /home/case/amber24/dat/leap/cmd/leaprc.gaff2
----- Source of /home/case/amber24/dat/leap/cmd/leaprc.gaff2 done
Log file: ./leap.log
Loading parameters: /home/case/amber24/dat/leap/parm/gaff2.dat
Reading title:
AMBER General Force Field for organic molecules (Version 2.2.20, March 2021)
Loading parameters: ./2JQ.frcmod
Reading force field modification type file (frcmod)
Reading title:
Remark line goes here
Loading Mol2 file: ./2JQ.mol2
Reading MOLECULE named 2JQ
Checking Unit.

/home/case/amber24/bin/teLeap: Warning!
The unperturbed charge of the unit (-1.003000) is not zero.

/home/case/amber24/bin/teLeap: Note.
Ignoring the warning from Unit Checking.

Building topology.
"order_residues" off: keep input residue order.
Building atom parameters.
Building bond parameters.
Building angle parameters.
Building proper torsion parameters.
Building improper torsion parameters.
 total 14 improper torsions applied
Building H-Bond parameters.
Incorporating Non-Bonded adjustments.
Not Marking per-residue atom chain types.
Marking per-residue atom chain types.
  (Residues lacking connect0/connect1 - 
   these don't have chain types marked:

	res	total affected

	2JQ	1
  )
 (no restraints)
	Quit

Exiting LEaP: Errors = 0; Warnings = 1; Notes = 1.
====== min.o =========================================================
Reading parm file (2JQ.parm7)
title:
2JQ                                                                             
no velocities were found
no velocities were found
	mm_options:  ntpr=5
	mm_options:  gb=1
	mm_options:  kappa=0.10395
	mm_options:  rgbmax=99.
	mm_options:  cut=99.0
	mm_options:  wcons=0.
     bond:      2.236915554
    angle:      5.057342225
 dihedral:     13.537647338
    enb14:     11.040873637
    eel14:    -83.589180916
      enb:      2.992746734
      eel:     20.339123836
      egb:    -76.806164589
    econs:      0.000000000
    esurf:      0.000000000
    Total:   -105.190696181
     frms:     10.516587371
Starting TNCG minimisation
 MIN: Iter =    0  NFunc =     1  E =    -105.19070  RMSG = 1.0516587e+01
 MIN: Iter =    1  NFunc =     7  E =    -112.51119  RMSG = 2.0701132e+00
 MIN: Iter =    2  NFunc =    13  E =    -113.31230  RMSG = 9.1233445e-01
 MIN: Iter =    3  NFunc =    38  E =    -113.74277  RMSG = 3.1969866e+00
 MIN: Iter =    4  NFunc =    45  E =    -114.32226  RMSG = 7.0903956e-01
 MIN: Iter =    5  NFunc =    63  E =    -114.82054  RMSG = 2.2341641e+00
 MIN: Iter =    6  NFunc =    69  E =    -115.10071  RMSG = 7.0080520e-01
 MIN: Iter =    7  NFunc =   102  E =    -115.64631  RMSG = 1.3019085e+00
 MIN: Iter =    8  NFunc =   117  E =    -116.12372  RMSG = 1.7822611e+00
 MIN: Iter =    9  NFunc =   123  E =    -116.51978  RMSG = 8.9074503e-01
 MIN: Iter =   10  NFunc =   129  E =    -116.72189  RMSG = 1.3457700e+00
 MIN: Iter =   11  NFunc =   135  E =    -116.85593  RMSG = 3.7703953e-01
 MIN: Iter =   12  NFunc =   171  E =    -117.20355  RMSG = 4.4486932e-01
 MIN: Iter =   13  NFunc =   188  E =    -117.40278  RMSG = 5.0073441e-01
 MIN: Iter =   14  NFunc =   197  E =    -117.46096  RMSG = 2.5622775e-01
 MIN: Iter =   15  NFunc =   207  E =    -117.48554  RMSG = 1.3900297e-01
 MIN: Iter =   16  NFunc =   226  E =    -117.51309  RMSG = 1.4819291e-01
 MIN: Iter =   17  NFunc =   244  E =    -117.52648  RMSG = 7.6313483e-02
 MIN: Iter =   18  NFunc =   260  E =    -117.53343  RMSG = 5.0582151e-02
 MIN: Iter =   19  NFunc =   312  E =    -117.53723  RMSG = 9.0908127e-02
 MIN: Iter =   20  NFunc =   318  E =    -117.54048  RMSG = 1.3590499e-01
 MIN: Iter =   21  NFunc =   324  E =    -117.54326  RMSG = 5.6271626e-02
 MIN: Iter =   22  NFunc =   331  E =    -117.54489  RMSG = 1.4491858e-01
 MIN: Iter =   23  NFunc =   342  E =    -117.54830  RMSG = 3.9663636e-02
 MIN: Iter =   24  NFunc =   358  E =    -117.54950  RMSG = 4.4351910e-02
 MIN: Iter =   25  NFunc =   366  E =    -117.55029  RMSG = 4.3719778e-02
 MIN: Iter =   26  NFunc =   372  E =    -117.55054  RMSG = 1.4806605e-02
 MIN: Iter =   27  NFunc =   396  E =    -117.55093  RMSG = 1.3587254e-02
 MIN: Iter =   28  NFunc =   447  E =    -117.55127  RMSG = 1.8433034e-02
 MIN: Iter =   29  NFunc =   461  E =    -117.55147  RMSG = 1.1949246e-02
 MIN: Iter =   30  NFunc =   486  E =    -117.55166  RMSG = 1.4056388e-02
 MIN: Iter =   31  NFunc =   495  E =    -117.55170  RMSG = 6.3406307e-03
 MIN: Iter =   32  NFunc =   517  E =    -117.55176  RMSG = 4.5421397e-03
 MIN: Iter =   33  NFunc =   568  E =    -117.55183  RMSG = 1.8234412e-02
 MIN: Iter =   34  NFunc =   574  E =    -117.55186  RMSG = 4.1289172e-03
 MIN: Iter =   35  NFunc =   580  E =    -117.55186  RMSG = 2.5591967e-03
 MIN: Iter =   36  NFunc =   611  E =    -117.55189  RMSG = 4.6710150e-03
 MIN: Iter =   37  NFunc =   644  E =    -117.55194  RMSG = 1.4710936e-02
 MIN: Iter =   38  NFunc =   650  E =    -117.55195  RMSG = 2.7628918e-03
 MIN: Iter =   39  NFunc =   674  E =    -117.55196  RMSG = 1.5610894e-03
 MIN: Iter =   40  NFunc =   693  E =    -117.55197  RMSG = 1.0697018e-03
 MIN: Iter =   41  NFunc =   709  E =    -117.55197  RMSG = 4.9771240e-04
----------------------------------------------------------------
 END:          :-)  E =    -117.55197  RMSG =   0.0004977

     bond:      1.144086837
    angle:      4.097194686
 dihedral:     10.218958144
    enb14:      8.225903281
    eel14:    -84.131355536
      enb:     -1.622509418
      eel:     18.852337279
      egb:    -74.336582805
    econs:      0.000000000
    esurf:      0.000000000
    Total:   -117.551967533
     frms:      0.000497712
====== rms.dat  ======================================================
#Frame      all_heavy
       1       0.5915
