====== tleap.out =====================================================
-I: Adding /home/case/amber24/dat/leap/prep to search path.
-I: Adding /home/case/amber24/dat/leap/lib to search path.
-I: Adding /home/case/amber24/dat/leap/parm to search path.
-I: Adding /home/case/amber24/dat/leap/cmd to search path.
-f: Source leap.in.

Welcome to LEaP!
(no leaprc in search path)
Sourcing: ./leap.in
Using Bondi radii
----- Source: /home/case/amber24/dat/leap/cmd/leaprc.gaff2
----- Source of /home/case/amber24/dat/leap/cmd/leaprc.gaff2 done
Log file: ./leap.log
Loading parameters: /home/case/amber24/dat/leap/parm/gaff2.dat
Reading title:
AMBER General Force Field for organic molecules (Version 2.2.20, March 2021)
Loading parameters: ./2LR.frcmod
Reading force field modification type file (frcmod)
Reading title:
Remark line goes here
Loading Mol2 file: ./2LR.mol2
Reading MOLECULE named 2LR
Checking Unit.
Building topology.
"order_residues" off: keep input residue order.
Building atom parameters.
Building bond parameters.
Building angle parameters.
Building proper torsion parameters.

/home/case/amber24/bin/teLeap: Note.
1-4: angle 30 33 duplicates bond ('triangular' bond) or angle ('square' bond)


/home/case/amber24/bin/teLeap: Note.
1-4: angle 30 32 duplicates bond ('triangular' bond) or angle ('square' bond)


/home/case/amber24/bin/teLeap: Note.
1-4: angle 32 33 duplicates bond ('triangular' bond) or angle ('square' bond)

Building improper torsion parameters.
 total 12 improper torsions applied
Building H-Bond parameters.
Incorporating Non-Bonded adjustments.
Not Marking per-residue atom chain types.
Marking per-residue atom chain types.
  (Residues lacking connect0/connect1 - 
   these don't have chain types marked:

	res	total affected

	2LR	1
  )
 (no restraints)
	Quit

Exiting LEaP: Errors = 0; Warnings = 0; Notes = 3.
====== min.o =========================================================
Reading parm file (2LR.parm7)
title:
2LR                                                                             
no velocities were found
no velocities were found
	mm_options:  ntpr=5
	mm_options:  gb=1
	mm_options:  kappa=0.10395
	mm_options:  rgbmax=99.
	mm_options:  cut=99.0
	mm_options:  wcons=0.
     bond:      3.786057977
    angle:      5.914791757
 dihedral:     39.257712319
    enb14:     19.460757159
    eel14:    174.799599804
      enb:     -8.745997443
      eel:   -232.364496849
      egb:    -31.867760864
    econs:      0.000000000
    esurf:      0.000000000
    Total:    -29.759336140
     frms:      6.706814142
Starting TNCG minimisation
 MIN: Iter =    0  NFunc =     1  E =     -29.75934  RMSG = 6.7068141e+00
 MIN: Iter =    1  NFunc =     7  E =     -37.93926  RMSG = 2.1876451e+00
 MIN: Iter =    2  NFunc =    14  E =     -40.94749  RMSG = 1.2068929e+00
 MIN: Iter =    3  NFunc =    27  E =     -42.83194  RMSG = 6.5313395e-01
 MIN: Iter =    4  NFunc =    68  E =     -43.95922  RMSG = 8.2008927e-01
 MIN: Iter =    5  NFunc =   119  E =     -44.46700  RMSG = 8.7102259e-01
 MIN: Iter =    6  NFunc =   132  E =     -44.82631  RMSG = 6.4401705e-01
 MIN: Iter =    7  NFunc =   148  E =     -45.11021  RMSG = 5.7753853e-01
 MIN: Iter =    8  NFunc =   154  E =     -45.18541  RMSG = 2.1561093e-01
 MIN: Iter =    9  NFunc =   188  E =     -45.30586  RMSG = 7.3303010e-01
 MIN: Iter =   10  NFunc =   194  E =     -45.38500  RMSG = 1.0879445e-01
 MIN: Iter =   11  NFunc =   245  E =     -45.49727  RMSG = 4.6782886e-01
 MIN: Iter =   12  NFunc =   251  E =     -45.58813  RMSG = 2.3553874e-01
 MIN: Iter =   13  NFunc =   292  E =     -45.71399  RMSG = 5.0252049e-01
 MIN: Iter =   14  NFunc =   298  E =     -45.80547  RMSG = 1.9703123e-01
 MIN: Iter =   15  NFunc =   316  E =     -45.88647  RMSG = 4.4930872e-01
 MIN: Iter =   16  NFunc =   322  E =     -45.92893  RMSG = 1.2849367e-01
 MIN: Iter =   17  NFunc =   373  E =     -46.06357  RMSG = 2.9263384e-01
 MIN: Iter =   18  NFunc =   379  E =     -46.14375  RMSG = 2.6366978e-01
 MIN: Iter =   19  NFunc =   400  E =     -46.27293  RMSG = 5.2261008e-01
 MIN: Iter =   20  NFunc =   406  E =     -46.35252  RMSG = 2.1882274e-01
 MIN: Iter =   21  NFunc =   415  E =     -46.42929  RMSG = 4.6220088e-01
 MIN: Iter =   22  NFunc =   421  E =     -46.49002  RMSG = 1.2533522e-01
 MIN: Iter =   23  NFunc =   472  E =     -46.61753  RMSG = 8.1363504e-01
 MIN: Iter =   24  NFunc =   478  E =     -46.76676  RMSG = 2.9598610e-01
 MIN: Iter =   25  NFunc =   517  E =     -46.93389  RMSG = 1.3194335e+00
 MIN: Iter =   26  NFunc =   524  E =     -47.26787  RMSG = 6.8337940e-01
 MIN: Iter =   27  NFunc =   531  E =     -47.52890  RMSG = 8.1591911e-01
 MIN: Iter =   28  NFunc =   538  E =     -47.69844  RMSG = 3.1537888e-01
 MIN: Iter =   29  NFunc =   572  E =     -47.87395  RMSG = 3.1382935e-01
 MIN: Iter =   30  NFunc =   589  E =     -47.97500  RMSG = 2.2251585e-01
 MIN: Iter =   31  NFunc =   601  E =     -48.00814  RMSG = 1.1133178e-01
 MIN: Iter =   32  NFunc =   652  E =     -48.12016  RMSG = 2.5135981e-01
 MIN: Iter =   33  NFunc =   671  E =     -48.21501  RMSG = 1.8330250e-01
 MIN: Iter =   34  NFunc =   685  E =     -48.28219  RMSG = 1.8097287e-01
 MIN: Iter =   35  NFunc =   694  E =     -48.31955  RMSG = 1.4669338e-01
 MIN: Iter =   36  NFunc =   701  E =     -48.34049  RMSG = 1.0606372e-01
 MIN: Iter =   37  NFunc =   735  E =     -48.38876  RMSG = 9.7804221e-02
 MIN: Iter =   38  NFunc =   759  E =     -48.41286  RMSG = 7.0494505e-02
 MIN: Iter =   39  NFunc =   801  E =     -48.43154  RMSG = 1.0155185e-01
 MIN: Iter =   40  NFunc =   810  E =     -48.43563  RMSG = 3.9007148e-02
 MIN: Iter =   41  NFunc =   819  E =     -48.43725  RMSG = 2.1799747e-02
 MIN: Iter =   42  NFunc =   870  E =     -48.44246  RMSG = 3.6943933e-02
 MIN: Iter =   43  NFunc =   879  E =     -48.44303  RMSG = 1.5272449e-02
 MIN: Iter =   44  NFunc =   930  E =     -48.44438  RMSG = 1.7520253e-02
 MIN: Iter =   45  NFunc =   957  E =     -48.44557  RMSG = 1.7438055e-02
 MIN: Iter =   46  NFunc =  1008  E =     -48.44698  RMSG = 2.7207914e-02
 MIN: Iter =   47  NFunc =  1020  E =     -48.44786  RMSG = 1.5707404e-02
 MIN: Iter =   48  NFunc =  1044  E =     -48.44872  RMSG = 1.1962449e-02
 MIN: Iter =   49  NFunc =  1080  E =     -48.44947  RMSG = 1.2188789e-02
 MIN: Iter =   50  NFunc =  1109  E =     -48.44978  RMSG = 5.3713479e-03
 MIN: Iter =   51  NFunc =  1149  E =     -48.45017  RMSG = 9.0488861e-03
 MIN: Iter =   52  NFunc =  1155  E =     -48.45021  RMSG = 5.7482024e-03
 MIN: Iter =   53  NFunc =  1184  E =     -48.45030  RMSG = 2.8356226e-03
 MIN: Iter =   54  NFunc =  1235  E =     -48.45037  RMSG = 2.4996781e-03
 MIN: Iter =   55  NFunc =  1286  E =     -48.45043  RMSG = 2.5801033e-03
 MIN: Iter =   56  NFunc =  1316  E =     -48.45046  RMSG = 2.0478597e-03
 MIN: Iter =   57  NFunc =  1359  E =     -48.45050  RMSG = 1.2960436e-03
 MIN: Iter =   58  NFunc =  1410  E =     -48.45052  RMSG = 9.9274109e-04
 MIN: Iter =   59  NFunc =  1430  E =     -48.45052  RMSG = 6.4811201e-04
 MIN: Iter =   60  NFunc =  1481  E =     -48.45053  RMSG = 1.2957715e-03
 MIN: Iter =   61  NFunc =  1532  E =     -48.45054  RMSG = 9.3999075e-04
 MIN: Iter =   62  NFunc =  1555  E =     -48.45055  RMSG = 4.7913080e-04
----------------------------------------------------------------
 END:          :-)  E =     -48.45055  RMSG =   0.0004791

     bond:      3.255953155
    angle:      6.342902794
 dihedral:     34.031336824
    enb14:     12.362495583
    eel14:    164.028332608
      enb:     -7.846096535
      eel:   -228.747693431
      egb:    -31.877777083
    econs:      0.000000000
    esurf:      0.000000000
    Total:    -48.450546085
     frms:      0.000479131
====== rms.dat  ======================================================
#Frame      all_heavy
       1       1.1440
