====== tleap.out =====================================================
-I: Adding /home/case/amber24/dat/leap/prep to search path.
-I: Adding /home/case/amber24/dat/leap/lib to search path.
-I: Adding /home/case/amber24/dat/leap/parm to search path.
-I: Adding /home/case/amber24/dat/leap/cmd to search path.
-f: Source leap.in.

Welcome to LEaP!
(no leaprc in search path)
Sourcing: ./leap.in
Using Bondi radii
----- Source: /home/case/amber24/dat/leap/cmd/leaprc.gaff2
----- Source of /home/case/amber24/dat/leap/cmd/leaprc.gaff2 done
Log file: ./leap.log
Loading parameters: /home/case/amber24/dat/leap/parm/gaff2.dat
Reading title:
AMBER General Force Field for organic molecules (Version 2.2.20, March 2021)
Loading parameters: ./2P0.frcmod
Reading force field modification type file (frcmod)
Reading title:
Remark line goes here
Loading Mol2 file: ./2P0.mol2
Reading MOLECULE named 2P0
Checking Unit.

/home/case/amber24/bin/teLeap: Warning!
The unperturbed charge of the unit (-3.998000) is not zero.

/home/case/amber24/bin/teLeap: Note.
Ignoring the warning from Unit Checking.

Building topology.
"order_residues" off: keep input residue order.
Building atom parameters.
Building bond parameters.
Building angle parameters.
Building proper torsion parameters.
Building improper torsion parameters.
 total 3 improper torsions applied
Building H-Bond parameters.
Incorporating Non-Bonded adjustments.
Not Marking per-residue atom chain types.
Marking per-residue atom chain types.
  (Residues lacking connect0/connect1 - 
   these don't have chain types marked:

	res	total affected

	2P0	1
  )
 (no restraints)
	Quit

Exiting LEaP: Errors = 0; Warnings = 1; Notes = 1.
====== min.o =========================================================
Reading parm file (2P0.parm7)
title:
2P0                                                                             
no velocities were found
no velocities were found
	mm_options:  ntpr=5
	mm_options:  gb=1
	mm_options:  kappa=0.10395
	mm_options:  rgbmax=99.
	mm_options:  cut=99.0
	mm_options:  wcons=0.
     bond:     11.773799848
    angle:     29.972494199
 dihedral:     27.609190322
    enb14:      4.181227879
    eel14:   -397.227334861
      enb:     -3.020991876
      eel:    496.166829164
      egb:   -680.753702338
    econs:      0.000000000
    esurf:      0.000000000
    Total:   -511.298487661
     frms:     28.679242920
Starting TNCG minimisation
 MIN: Iter =    0  NFunc =     1  E =    -511.29849  RMSG = 2.8679243e+01
 MIN: Iter =    1  NFunc =     7  E =    -543.59104  RMSG = 6.0365244e+00
 MIN: Iter =    2  NFunc =    13  E =    -547.72042  RMSG = 1.8419666e+00
 MIN: Iter =    3  NFunc =    21  E =    -548.38714  RMSG = 8.4273113e-01
 MIN: Iter =    4  NFunc =    33  E =    -548.78147  RMSG = 9.9322987e-01
 MIN: Iter =    5  NFunc =    48  E =    -549.02426  RMSG = 1.1761555e+00
 MIN: Iter =    6  NFunc =    55  E =    -549.08930  RMSG = 2.6129885e-01
 MIN: Iter =    7  NFunc =    64  E =    -549.11940  RMSG = 1.8588134e-01
 MIN: Iter =    8  NFunc =    83  E =    -549.19728  RMSG = 8.1695711e-01
 MIN: Iter =    9  NFunc =    89  E =    -549.22282  RMSG = 1.9291981e-01
 MIN: Iter =   10  NFunc =   134  E =    -549.28256  RMSG = 4.8520019e-01
 MIN: Iter =   11  NFunc =   140  E =    -549.29385  RMSG = 9.6127986e-02
 MIN: Iter =   12  NFunc =   151  E =    -549.29991  RMSG = 7.1598708e-02
 MIN: Iter =   13  NFunc =   165  E =    -549.30350  RMSG = 4.7612053e-02
 MIN: Iter =   14  NFunc =   217  E =    -549.30867  RMSG = 7.6887521e-02
 MIN: Iter =   15  NFunc =   223  E =    -549.31014  RMSG = 5.4082912e-02
 MIN: Iter =   16  NFunc =   242  E =    -549.31394  RMSG = 1.8821917e-01
 MIN: Iter =   17  NFunc =   248  E =    -549.31556  RMSG = 4.1778082e-02
 MIN: Iter =   18  NFunc =   262  E =    -549.31657  RMSG = 2.9828979e-02
 MIN: Iter =   19  NFunc =   280  E =    -549.31699  RMSG = 1.4586576e-02
 MIN: Iter =   20  NFunc =   300  E =    -549.31713  RMSG = 6.9427984e-03
 MIN: Iter =   21  NFunc =   325  E =    -549.31716  RMSG = 2.0653615e-03
 MIN: Iter =   22  NFunc =   340  E =    -549.31716  RMSG = 1.2677494e-03
 MIN: Iter =   23  NFunc =   346  E =    -549.31716  RMSG = 7.5946233e-04
 MIN: Iter =   24  NFunc =   367  E =    -549.31717  RMSG = 3.7654952e-04
----------------------------------------------------------------
 END:          :-)  E =    -549.31717  RMSG =   0.0003765

     bond:      2.569849750
    angle:     24.783009812
 dihedral:     25.830441252
    enb14:      2.435283019
    eel14:   -438.776279101
      enb:     -3.874620760
      eel:    526.351343783
      egb:   -688.636192874
    econs:      0.000000000
    esurf:      0.000000000
    Total:   -549.317165120
     frms:      0.000376550
====== rms.dat  ======================================================
#Frame      all_heavy
       1       0.2693
