====== tleap.out =====================================================
-I: Adding /home/case/amber24/dat/leap/prep to search path.
-I: Adding /home/case/amber24/dat/leap/lib to search path.
-I: Adding /home/case/amber24/dat/leap/parm to search path.
-I: Adding /home/case/amber24/dat/leap/cmd to search path.
-f: Source leap.in.

Welcome to LEaP!
(no leaprc in search path)
Sourcing: ./leap.in
Using Bondi radii
----- Source: /home/case/amber24/dat/leap/cmd/leaprc.gaff2
----- Source of /home/case/amber24/dat/leap/cmd/leaprc.gaff2 done
Log file: ./leap.log
Loading parameters: /home/case/amber24/dat/leap/parm/gaff2.dat
Reading title:
AMBER General Force Field for organic molecules (Version 2.2.20, March 2021)
Loading parameters: ./2V5.frcmod
Reading force field modification type file (frcmod)
Reading title:
Remark line goes here
Loading Mol2 file: ./2V5.mol2
Reading MOLECULE named 2V5
Checking Unit.
Building topology.
"order_residues" off: keep input residue order.
Building atom parameters.
Building bond parameters.
Building angle parameters.
Building proper torsion parameters.
Building improper torsion parameters.
 total 22 improper torsions applied
Building H-Bond parameters.
Incorporating Non-Bonded adjustments.
Not Marking per-residue atom chain types.
Marking per-residue atom chain types.
  (Residues lacking connect0/connect1 - 
   these don't have chain types marked:

	res	total affected

	2V5	1
  )
 (no restraints)
	Quit

Exiting LEaP: Errors = 0; Warnings = 0; Notes = 0.
====== min.o =========================================================
Reading parm file (2V5.parm7)
title:
2V5                                                                             
no velocities were found
no velocities were found
	mm_options:  ntpr=5
	mm_options:  gb=1
	mm_options:  kappa=0.10395
	mm_options:  rgbmax=99.
	mm_options:  cut=99.0
	mm_options:  wcons=0.
     bond:      3.044084315
    angle:      4.804220891
 dihedral:     43.333952089
    enb14:     22.480787210
    eel14:   -132.246571402
      enb:    -10.882608284
      eel:    -86.262917582
      egb:    -56.826906938
    econs:      0.000000000
    esurf:      0.000000000
    Total:   -212.555959701
     frms:      6.934944274
Starting TNCG minimisation
 MIN: Iter =    0  NFunc =     1  E =    -212.55596  RMSG = 6.9349443e+00
 MIN: Iter =    1  NFunc =     7  E =    -225.78094  RMSG = 2.7592155e+00
 MIN: Iter =    2  NFunc =    17  E =    -230.02879  RMSG = 1.1682198e+00
 MIN: Iter =    3  NFunc =    26  E =    -231.12103  RMSG = 5.9841927e-01
 MIN: Iter =    4  NFunc =    77  E =    -231.84920  RMSG = 1.1942946e+00
 MIN: Iter =    5  NFunc =    93  E =    -232.64533  RMSG = 1.1109788e+00
 MIN: Iter =    6  NFunc =   103  E =    -233.09024  RMSG = 4.8178676e-01
 MIN: Iter =    7  NFunc =   111  E =    -233.30927  RMSG = 2.9978350e-01
 MIN: Iter =    8  NFunc =   152  E =    -233.62090  RMSG = 5.4545685e-01
 MIN: Iter =    9  NFunc =   158  E =    -233.70870  RMSG = 2.1123499e-01
 MIN: Iter =   10  NFunc =   175  E =    -233.94800  RMSG = 5.4411088e-01
 MIN: Iter =   11  NFunc =   182  E =    -234.09924  RMSG = 3.3211580e-01
 MIN: Iter =   12  NFunc =   196  E =    -234.28404  RMSG = 5.9121483e-01
 MIN: Iter =   13  NFunc =   206  E =    -234.48538  RMSG = 5.0695218e-01
 MIN: Iter =   14  NFunc =   214  E =    -234.66668  RMSG = 7.0512284e-01
 MIN: Iter =   15  NFunc =   221  E =    -234.88739  RMSG = 5.8442180e-01
 MIN: Iter =   16  NFunc =   229  E =    -235.14064  RMSG = 7.5840787e-01
 MIN: Iter =   17  NFunc =   235  E =    -235.45258  RMSG = 7.9917650e-01
 MIN: Iter =   18  NFunc =   243  E =    -235.77522  RMSG = 1.0177871e+00
 MIN: Iter =   19  NFunc =   253  E =    -236.15772  RMSG = 6.7496493e-01
 MIN: Iter =   20  NFunc =   260  E =    -236.43576  RMSG = 5.5424925e-01
 MIN: Iter =   21  NFunc =   267  E =    -236.64111  RMSG = 3.9679276e-01
 MIN: Iter =   22  NFunc =   278  E =    -236.83511  RMSG = 4.5882159e-01
 MIN: Iter =   23  NFunc =   302  E =    -237.14938  RMSG = 6.6609338e-01
 MIN: Iter =   24  NFunc =   319  E =    -237.35965  RMSG = 2.5482857e-01
 MIN: Iter =   25  NFunc =   370  E =    -237.63218  RMSG = 6.4143688e-01
 MIN: Iter =   26  NFunc =   377  E =    -237.89439  RMSG = 7.0430533e-01
 MIN: Iter =   27  NFunc =   388  E =    -238.28550  RMSG = 5.9477552e-01
 MIN: Iter =   28  NFunc =   402  E =    -238.61458  RMSG = 4.3899210e-01
 MIN: Iter =   29  NFunc =   415  E =    -238.80955  RMSG = 2.9212896e-01
 MIN: Iter =   30  NFunc =   466  E =    -239.09521  RMSG = 5.3034240e-01
 MIN: Iter =   31  NFunc =   494  E =    -239.41140  RMSG = 5.5653249e-01
 MIN: Iter =   32  NFunc =   509  E =    -239.67921  RMSG = 4.7174033e-01
 MIN: Iter =   33  NFunc =   518  E =    -239.89054  RMSG = 3.9698100e-01
 MIN: Iter =   34  NFunc =   526  E =    -240.04499  RMSG = 3.9513175e-01
 MIN: Iter =   35  NFunc =   532  E =    -240.16971  RMSG = 3.2841676e-01
 MIN: Iter =   36  NFunc =   543  E =    -240.31749  RMSG = 2.9152403e-01
 MIN: Iter =   37  NFunc =   582  E =    -240.52965  RMSG = 3.6721366e-01
 MIN: Iter =   38  NFunc =   594  E =    -240.65556  RMSG = 3.0086656e-01
 MIN: Iter =   39  NFunc =   601  E =    -240.74593  RMSG = 3.2367328e-01
 MIN: Iter =   40  NFunc =   610  E =    -240.81943  RMSG = 2.1194989e-01
 MIN: Iter =   41  NFunc =   626  E =    -240.89130  RMSG = 2.7648102e-01
 MIN: Iter =   42  NFunc =   662  E =    -240.99453  RMSG = 3.0129476e-01
 MIN: Iter =   43  NFunc =   668  E =    -241.01111  RMSG = 8.3928947e-02
 MIN: Iter =   44  NFunc =   719  E =    -241.06360  RMSG = 4.1748685e-01
 MIN: Iter =   45  NFunc =   725  E =    -241.09137  RMSG = 7.4042493e-02
 MIN: Iter =   46  NFunc =   776  E =    -241.11925  RMSG = 3.3206760e-01
 MIN: Iter =   47  NFunc =   782  E =    -241.13793  RMSG = 7.4787302e-02
 MIN: Iter =   48  NFunc =   833  E =    -241.15834  RMSG = 3.3037392e-01
 MIN: Iter =   49  NFunc =   839  E =    -241.17394  RMSG = 7.0687082e-02
 MIN: Iter =   50  NFunc =   882  E =    -241.18623  RMSG = 2.3037041e-01
 MIN: Iter =   51  NFunc =   888  E =    -241.19435  RMSG = 5.4745371e-02
 MIN: Iter =   52  NFunc =   894  E =    -241.19550  RMSG = 2.7217110e-02
 MIN: Iter =   53  NFunc =   945  E =    -241.20378  RMSG = 1.8524241e-01
 MIN: Iter =   54  NFunc =   951  E =    -241.20891  RMSG = 2.9916245e-02
 MIN: Iter =   55  NFunc =  1002  E =    -241.21266  RMSG = 2.8237539e-02
 MIN: Iter =   56  NFunc =  1053  E =    -241.21981  RMSG = 6.2454481e-02
 MIN: Iter =   57  NFunc =  1059  E =    -241.22071  RMSG = 1.8448542e-02
 MIN: Iter =   58  NFunc =  1110  E =    -241.22494  RMSG = 4.9960722e-02
 MIN: Iter =   59  NFunc =  1116  E =    -241.22556  RMSG = 1.3713373e-02
 MIN: Iter =   60  NFunc =  1167  E =    -241.22742  RMSG = 1.8898589e-02
 MIN: Iter =   61  NFunc =  1218  E =    -241.23031  RMSG = 3.3178311e-02
 MIN: Iter =   62  NFunc =  1236  E =    -241.23186  RMSG = 1.8988294e-02
 MIN: Iter =   63  NFunc =  1267  E =    -241.23316  RMSG = 1.6559389e-02
 MIN: Iter =   64  NFunc =  1318  E =    -241.23450  RMSG = 1.5809457e-02
 MIN: Iter =   65  NFunc =  1324  E =    -241.23460  RMSG = 9.3270386e-03
 MIN: Iter =   66  NFunc =  1371  E =    -241.23556  RMSG = 1.6523247e-02
 MIN: Iter =   67  NFunc =  1377  E =    -241.23563  RMSG = 6.4725855e-03
 MIN: Iter =   68  NFunc =  1428  E =    -241.23663  RMSG = 1.3384465e-02
 MIN: Iter =   69  NFunc =  1440  E =    -241.23675  RMSG = 5.1398971e-03
 MIN: Iter =   70  NFunc =  1491  E =    -241.23689  RMSG = 3.8603122e-03
 MIN: Iter =   71  NFunc =  1542  E =    -241.23703  RMSG = 4.1680858e-03
 MIN: Iter =   72  NFunc =  1593  E =    -241.23715  RMSG = 4.1352338e-03
 MIN: Iter =   73  NFunc =  1635  E =    -241.23729  RMSG = 2.8995104e-03
 MIN: Iter =   74  NFunc =  1686  E =    -241.23737  RMSG = 2.4093802e-03
 MIN: Iter =   75  NFunc =  1737  E =    -241.23740  RMSG = 1.6050188e-03
 MIN: Iter =   76  NFunc =  1788  E =    -241.23742  RMSG = 1.4194042e-03
 MIN: Iter =   77  NFunc =  1837  E =    -241.23744  RMSG = 8.1985113e-04
 MIN: Iter =   78  NFunc =  1888  E =    -241.23745  RMSG = 1.6547021e-03
 MIN: Iter =   79  NFunc =  1900  E =    -241.23745  RMSG = 7.7594901e-04
 MIN: Iter =   80  NFunc =  1951  E =    -241.23745  RMSG = 8.2215998e-04
 MIN: Iter =   81  NFunc =  2002  E =    -241.23746  RMSG = 7.5683420e-04
 MIN: Iter =   82  NFunc =  2053  E =    -241.23746  RMSG = 5.1530615e-04
 MIN: Iter =   83  NFunc =  2094  E =    -241.23746  RMSG = 3.5499305e-04
----------------------------------------------------------------
 END:          :-)  E =    -241.23746  RMSG =   0.0003550

     bond:      5.109308033
    angle:      6.665949441
 dihedral:     37.107797823
    enb14:     14.218428467
    eel14:   -155.651614241
      enb:    -11.871881381
      eel:    -82.189494060
      egb:    -54.625956701
    econs:      0.000000000
    esurf:      0.000000000
    Total:   -241.237462619
     frms:      0.000354993
====== rms.dat  ======================================================
#Frame      all_heavy
       1       1.5300
