====== tleap.out =====================================================
-I: Adding /home/case/amber24/dat/leap/prep to search path.
-I: Adding /home/case/amber24/dat/leap/lib to search path.
-I: Adding /home/case/amber24/dat/leap/parm to search path.
-I: Adding /home/case/amber24/dat/leap/cmd to search path.
-f: Source leap.in.

Welcome to LEaP!
(no leaprc in search path)
Sourcing: ./leap.in
Using Bondi radii
----- Source: /home/case/amber24/dat/leap/cmd/leaprc.gaff2
----- Source of /home/case/amber24/dat/leap/cmd/leaprc.gaff2 done
Log file: ./leap.log
Loading parameters: /home/case/amber24/dat/leap/parm/gaff2.dat
Reading title:
AMBER General Force Field for organic molecules (Version 2.2.20, March 2021)
Loading parameters: ./2W4.frcmod
Reading force field modification type file (frcmod)
Reading title:
Remark line goes here
Loading Mol2 file: ./2W4.mol2
Reading MOLECULE named 2W4
Checking Unit.
Building topology.
"order_residues" off: keep input residue order.
Building atom parameters.
Building bond parameters.
Building angle parameters.
Building proper torsion parameters.

/home/case/amber24/bin/teLeap: Note.
1-4: angle 11 13 duplicates bond ('triangular' bond) or angle ('square' bond)


/home/case/amber24/bin/teLeap: Note.
1-4: angle 11 12 duplicates bond ('triangular' bond) or angle ('square' bond)


/home/case/amber24/bin/teLeap: Note.
1-4: angle 12 13 duplicates bond ('triangular' bond) or angle ('square' bond)

Building improper torsion parameters.
 total 20 improper torsions applied
Building H-Bond parameters.
Incorporating Non-Bonded adjustments.
Not Marking per-residue atom chain types.
Marking per-residue atom chain types.
  (Residues lacking connect0/connect1 - 
   these don't have chain types marked:

	res	total affected

	2W4	1
  )
 (no restraints)
	Quit

Exiting LEaP: Errors = 0; Warnings = 0; Notes = 3.
====== min.o =========================================================
Reading parm file (2W4.parm7)
title:
2W4                                                                             
no velocities were found
no velocities were found
	mm_options:  ntpr=5
	mm_options:  gb=1
	mm_options:  kappa=0.10395
	mm_options:  rgbmax=99.
	mm_options:  cut=99.0
	mm_options:  wcons=0.
     bond:      3.311354565
    angle:     40.690082406
 dihedral:     34.839563848
    enb14:     11.328752425
    eel14:    -16.426616470
      enb:     -4.165462973
      eel:    -24.097299342
      egb:    -32.034479668
    econs:      0.000000000
    esurf:      0.000000000
    Total:     13.445894792
     frms:     10.363257825
Starting TNCG minimisation
 MIN: Iter =    0  NFunc =     1  E =      13.44589  RMSG = 1.0363258e+01
 MIN: Iter =    1  NFunc =     7  E =       3.47879  RMSG = 2.2560797e+00
 MIN: Iter =    2  NFunc =    19  E =       0.06313  RMSG = 8.6465444e-01
 MIN: Iter =    3  NFunc =    53  E =      -0.78974  RMSG = 1.0950064e+00
 MIN: Iter =    4  NFunc =    70  E =      -1.60014  RMSG = 5.6885596e-01
 MIN: Iter =    5  NFunc =    90  E =      -2.29918  RMSG = 7.1506449e-01
 MIN: Iter =    6  NFunc =    98  E =      -2.61084  RMSG = 4.5812884e-01
 MIN: Iter =    7  NFunc =   149  E =      -2.96877  RMSG = 7.2640103e-01
 MIN: Iter =    8  NFunc =   159  E =      -3.32330  RMSG = 7.9340435e-01
 MIN: Iter =    9  NFunc =   165  E =      -3.72212  RMSG = 7.4625448e-01
 MIN: Iter =   10  NFunc =   171  E =      -4.05582  RMSG = 6.9113108e-01
 MIN: Iter =   11  NFunc =   177  E =      -4.35490  RMSG = 6.0645591e-01
 MIN: Iter =   12  NFunc =   183  E =      -4.59331  RMSG = 5.2288280e-01
 MIN: Iter =   13  NFunc =   189  E =      -4.73575  RMSG = 3.5548347e-01
 MIN: Iter =   14  NFunc =   210  E =      -4.99206  RMSG = 6.1105361e-01
 MIN: Iter =   15  NFunc =   226  E =      -5.22988  RMSG = 4.4273454e-01
 MIN: Iter =   16  NFunc =   235  E =      -5.39882  RMSG = 4.9187320e-01
 MIN: Iter =   17  NFunc =   242  E =      -5.50351  RMSG = 2.6662118e-01
 MIN: Iter =   18  NFunc =   249  E =      -5.56619  RMSG = 3.3698845e-01
 MIN: Iter =   19  NFunc =   267  E =      -5.68022  RMSG = 2.4918203e-01
 MIN: Iter =   20  NFunc =   290  E =      -5.74438  RMSG = 2.1327432e-01
 MIN: Iter =   21  NFunc =   306  E =      -5.77052  RMSG = 8.9471900e-02
 MIN: Iter =   22  NFunc =   351  E =      -5.79693  RMSG = 3.8681873e-01
 MIN: Iter =   23  NFunc =   357  E =      -5.81949  RMSG = 8.2610752e-02
 MIN: Iter =   24  NFunc =   386  E =      -5.83635  RMSG = 9.4275732e-02
 MIN: Iter =   25  NFunc =   393  E =      -5.83837  RMSG = 3.8976199e-02
 MIN: Iter =   26  NFunc =   444  E =      -5.84842  RMSG = 7.7827979e-02
 MIN: Iter =   27  NFunc =   450  E =      -5.84970  RMSG = 3.4903685e-02
 MIN: Iter =   28  NFunc =   467  E =      -5.85143  RMSG = 1.9936332e-02
 MIN: Iter =   29  NFunc =   487  E =      -5.85217  RMSG = 1.3164903e-02
 MIN: Iter =   30  NFunc =   498  E =      -5.85234  RMSG = 8.6048314e-03
 MIN: Iter =   31  NFunc =   543  E =      -5.85256  RMSG = 4.2545582e-03
 MIN: Iter =   32  NFunc =   571  E =      -5.85264  RMSG = 3.1494145e-03
 MIN: Iter =   33  NFunc =   605  E =      -5.85268  RMSG = 2.1831283e-03
 MIN: Iter =   34  NFunc =   628  E =      -5.85269  RMSG = 1.7618070e-03
 MIN: Iter =   35  NFunc =   674  E =      -5.85271  RMSG = 1.2130124e-03
 MIN: Iter =   36  NFunc =   687  E =      -5.85271  RMSG = 6.3166348e-04
 MIN: Iter =   37  NFunc =   738  E =      -5.85272  RMSG = 5.6880383e-04
 MIN: Iter =   38  NFunc =   761  E =      -5.85272  RMSG = 3.4507397e-04
----------------------------------------------------------------
 END:          :-)  E =      -5.85272  RMSG =   0.0003451

     bond:      2.955072320
    angle:     35.784925095
 dihedral:     26.566345495
    enb14:      7.542328725
    eel14:    -18.813783419
      enb:     -3.959351105
      eel:    -22.548490164
      egb:    -33.379763111
    econs:      0.000000000
    esurf:      0.000000000
    Total:     -5.852716163
     frms:      0.000345074
====== rms.dat  ======================================================
#Frame      all_heavy
       1       0.4351
