====== tleap.out =====================================================
-I: Adding /home/case/amber24/dat/leap/prep to search path.
-I: Adding /home/case/amber24/dat/leap/lib to search path.
-I: Adding /home/case/amber24/dat/leap/parm to search path.
-I: Adding /home/case/amber24/dat/leap/cmd to search path.
-f: Source leap.in.

Welcome to LEaP!
(no leaprc in search path)
Sourcing: ./leap.in
Using Bondi radii
----- Source: /home/case/amber24/dat/leap/cmd/leaprc.gaff2
----- Source of /home/case/amber24/dat/leap/cmd/leaprc.gaff2 done
Log file: ./leap.log
Loading parameters: /home/case/amber24/dat/leap/parm/gaff2.dat
Reading title:
AMBER General Force Field for organic molecules (Version 2.2.20, March 2021)
Loading parameters: ./2YB.frcmod
Reading force field modification type file (frcmod)
Reading title:
Remark line goes here
Loading Mol2 file: ./2YB.mol2
Reading MOLECULE named 2YB
Checking Unit.

/home/case/amber24/bin/teLeap: Warning!
The unperturbed charge of the unit (-1.001000) is not zero.

/home/case/amber24/bin/teLeap: Note.
Ignoring the warning from Unit Checking.

Building topology.
"order_residues" off: keep input residue order.
Building atom parameters.
Building bond parameters.
Building angle parameters.
Building proper torsion parameters.
Building improper torsion parameters.
 total 19 improper torsions applied
Building H-Bond parameters.
Incorporating Non-Bonded adjustments.
Not Marking per-residue atom chain types.
Marking per-residue atom chain types.
  (Residues lacking connect0/connect1 - 
   these don't have chain types marked:

	res	total affected

	2YB	1
  )
 (no restraints)
	Quit

Exiting LEaP: Errors = 0; Warnings = 1; Notes = 1.
====== min.o =========================================================
Reading parm file (2YB.parm7)
title:
2YB                                                                             
no velocities were found
no velocities were found
	mm_options:  ntpr=5
	mm_options:  gb=1
	mm_options:  kappa=0.10395
	mm_options:  rgbmax=99.
	mm_options:  cut=99.0
	mm_options:  wcons=0.
     bond:      3.214817040
    angle:     13.698583711
 dihedral:     50.998567812
    enb14:     15.687216027
    eel14:    -80.346333319
      enb:     -4.747227893
      eel:    -23.020712904
      egb:    -87.511450801
    econs:      0.000000000
    esurf:      0.000000000
    Total:   -112.026540328
     frms:      8.044063494
Starting TNCG minimisation
 MIN: Iter =    0  NFunc =     1  E =    -112.02654  RMSG = 8.0440635e+00
 MIN: Iter =    1  NFunc =     7  E =    -120.57575  RMSG = 2.1060136e+00
 MIN: Iter =    2  NFunc =    20  E =    -123.61226  RMSG = 1.0439293e+00
 MIN: Iter =    3  NFunc =    39  E =    -124.33137  RMSG = 3.1350475e+00
 MIN: Iter =    4  NFunc =    48  E =    -125.91879  RMSG = 9.8717440e-01
 MIN: Iter =    5  NFunc =    56  E =    -127.19593  RMSG = 2.6731785e+00
 MIN: Iter =    6  NFunc =    65  E =    -129.22187  RMSG = 3.0219804e+00
 MIN: Iter =    7  NFunc =    71  E =    -131.54229  RMSG = 2.6755831e+00
 MIN: Iter =    8  NFunc =    77  E =    -133.52646  RMSG = 2.1213863e+00
 MIN: Iter =    9  NFunc =    83  E =    -134.99669  RMSG = 1.6017208e+00
 MIN: Iter =   10  NFunc =    89  E =    -135.89088  RMSG = 1.0883133e+00
 MIN: Iter =   11  NFunc =    98  E =    -136.36176  RMSG = 5.5059970e-01
 MIN: Iter =   12  NFunc =   105  E =    -136.55057  RMSG = 3.3544540e-01
 MIN: Iter =   13  NFunc =   132  E =    -136.83317  RMSG = 9.1350552e-01
 MIN: Iter =   14  NFunc =   138  E =    -136.95388  RMSG = 2.5087355e-01
 MIN: Iter =   15  NFunc =   152  E =    -137.02865  RMSG = 7.8847967e-01
 MIN: Iter =   16  NFunc =   158  E =    -137.09346  RMSG = 1.2185668e-01
 MIN: Iter =   17  NFunc =   201  E =    -137.16171  RMSG = 3.0475467e-01
 MIN: Iter =   18  NFunc =   207  E =    -137.17549  RMSG = 7.7313692e-02
 MIN: Iter =   19  NFunc =   259  E =    -137.21690  RMSG = 1.0953396e-01
 MIN: Iter =   20  NFunc =   269  E =    -137.24312  RMSG = 2.5309481e-01
 MIN: Iter =   21  NFunc =   275  E =    -137.25550  RMSG = 1.1720600e-01
 MIN: Iter =   22  NFunc =   307  E =    -137.28284  RMSG = 1.1234598e-01
 MIN: Iter =   23  NFunc =   324  E =    -137.30043  RMSG = 9.5298379e-02
 MIN: Iter =   24  NFunc =   335  E =    -137.30411  RMSG = 2.9783694e-02
 MIN: Iter =   25  NFunc =   368  E =    -137.31127  RMSG = 9.9701282e-02
 MIN: Iter =   26  NFunc =   374  E =    -137.31277  RMSG = 2.6911449e-02
 MIN: Iter =   27  NFunc =   396  E =    -137.31444  RMSG = 1.7182839e-02
 MIN: Iter =   28  NFunc =   447  E =    -137.31663  RMSG = 2.4640291e-02
 MIN: Iter =   29  NFunc =   475  E =    -137.31758  RMSG = 1.1738552e-02
 MIN: Iter =   30  NFunc =   526  E =    -137.31863  RMSG = 2.2576602e-02
 MIN: Iter =   31  NFunc =   577  E =    -137.32024  RMSG = 9.7920951e-02
 MIN: Iter =   32  NFunc =   583  E =    -137.32142  RMSG = 1.8012112e-02
 MIN: Iter =   33  NFunc =   619  E =    -137.32243  RMSG = 7.5619171e-02
 MIN: Iter =   34  NFunc =   625  E =    -137.32318  RMSG = 1.4923971e-02
 MIN: Iter =   35  NFunc =   651  E =    -137.32397  RMSG = 3.4391140e-02
 MIN: Iter =   36  NFunc =   702  E =    -137.32603  RMSG = 3.1439489e-02
 MIN: Iter =   37  NFunc =   728  E =    -137.32696  RMSG = 1.6923841e-02
 MIN: Iter =   38  NFunc =   779  E =    -137.32802  RMSG = 3.3321446e-02
 MIN: Iter =   39  NFunc =   804  E =    -137.32903  RMSG = 1.1444495e-02
 MIN: Iter =   40  NFunc =   839  E =    -137.33020  RMSG = 3.6706356e-02
 MIN: Iter =   41  NFunc =   845  E =    -137.33045  RMSG = 1.1951622e-02
 MIN: Iter =   42  NFunc =   877  E =    -137.33113  RMSG = 1.8101118e-02
 MIN: Iter =   43  NFunc =   910  E =    -137.33141  RMSG = 6.4188899e-03
 MIN: Iter =   44  NFunc =   961  E =    -137.33162  RMSG = 6.5557109e-03
 MIN: Iter =   45  NFunc =   973  E =    -137.33166  RMSG = 3.8286467e-03
 MIN: Iter =   46  NFunc =  1003  E =    -137.33172  RMSG = 3.2207670e-03
 MIN: Iter =   47  NFunc =  1023  E =    -137.33174  RMSG = 1.8880192e-03
 MIN: Iter =   48  NFunc =  1074  E =    -137.33176  RMSG = 1.6550787e-03
 MIN: Iter =   49  NFunc =  1113  E =    -137.33178  RMSG = 1.2017868e-03
 MIN: Iter =   50  NFunc =  1151  E =    -137.33178  RMSG = 6.2048105e-04
 MIN: Iter =   51  NFunc =  1202  E =    -137.33179  RMSG = 9.0725626e-04
 MIN: Iter =   52  NFunc =  1253  E =    -137.33179  RMSG = 5.8661453e-04
 MIN: Iter =   53  NFunc =  1285  E =    -137.33179  RMSG = 5.2346215e-04
 MIN: Iter =   54  NFunc =  1336  E =    -137.33180  RMSG = 1.5114748e-03
 MIN: Iter =   55  NFunc =  1377  E =    -137.33181  RMSG = 8.2363212e-04
 MIN: Iter =   56  NFunc =  1421  E =    -137.33181  RMSG = 3.8101574e-04
----------------------------------------------------------------
 END:          :-)  E =    -137.33181  RMSG =   0.0003810

     bond:      1.951893916
    angle:     11.633077928
 dihedral:     35.880833364
    enb14:     11.058934706
    eel14:    -80.845237225
      enb:     -6.279009052
      eel:    -21.745140309
      egb:    -88.987167784
    econs:      0.000000000
    esurf:      0.000000000
    Total:   -137.331814455
     frms:      0.000381016
====== rms.dat  ======================================================
#Frame      all_heavy
       1       0.4760
